 ********* BEGIN READER ****************************
 
 Nucleus            :  No 102 202
 Imin, Imax         :     0  10
 imu, remu          :     1 12.0000
 nlevel             :     4
 observables        :     2
 wave fun           :     1
 nbet, ngam, npar   :    10   7  10
 Finish reading parameters: V, B_k ...
 
 ********* END READER ******************************
 
 ********* BEGIN LEVELS ********************
 
 E_0 = -2104.760788
 
  I=   0   ntot= 127
   0   1    0.000000
   0   2    0.893072
   0   3    1.522867
   0   4    1.842609
 
  I=   2   ntot= 234
   2   1    0.069908
   2   2    0.956039
   2   3    0.999177
   2   4    1.532246
 
  I=   3   ntot= 108
   3   1    1.065814
   3   2    1.602529
   3   3    2.305265
   3   4    2.416979
 
  I=   4   ntot= 324
   4   1    0.231322
   4   2    1.092724
   4   3    1.163424
   4   4    1.639302
 
  I=   5   ntot= 198
   5   1    1.261814
   5   2    1.749736
   5   3    1.810256
   5   4    2.529612
 
  I=   6   ntot= 432
   6   1    0.480127
   6   2    1.294680
   6   3    1.416839
   6   4    1.874179
 
  I=   7   ntot= 306
   7   1    1.532274
   7   2    2.018048
   7   3    2.103007
   7   4    2.478010
 
  I=   8   ntot= 522
   8   1    0.812226
   8   2    1.557515
   8   3    1.751023
   8   4    2.171461
 
  I=   9   ntot= 397
   9   1    1.868756
   9   2    2.352282
   9   3    2.470800
   9   4    2.847931
 
  I=  10   ntot= 630
  10   1    1.222671
  10   2    1.877668
  10   3    2.157637
  10   4    2.532236
 
 ********* END LEVELS **********************
 
 ********* BEGIN Transition ************************
 
  Monopole moment 
 
   I   n    <In|E0|In>   ave \beta      del<b>   ave \gamma    del<g>  
     K=0       K=2       K=4   
   0   1     40.131746    0.263925    0.042653   11.608568    7.205824  100.0000    0.0000    0.0000
   0   2     40.875253    0.347224    0.065623   16.483651    6.911427   99.9999    0.0000    0.0000
   0   3     40.713520    0.329113    0.083249   18.424550    6.287660   99.9999    0.0000    0.0000
   0   4     41.010118    0.361293    0.087087   16.896125   11.680852   99.9999    0.0000    0.0000
   2   1     40.136864    0.264683    0.042732   11.567832    7.144206   99.9932    0.0068    0.0000
   2   2     40.884782    0.348254    0.065364   16.462705    6.885498   97.5300    2.4699    0.0000
   2   3     40.751706    0.332889    0.057859   17.748259    6.658676    2.4790   97.5209    0.0000
   2   4     40.800029    0.338219    0.084423   18.689102    6.396322    0.1976   99.8023    0.0000
   3   1     40.767260    0.334583    0.057449   17.709896    6.566132    0.0000   99.9999    0.0000
   3   2     40.804327    0.338906    0.084658   18.545021    6.326855    0.0000   99.9999    0.0000
   3   3     41.131274    0.365898    0.060442   21.424827   11.668150    0.0000   99.9999    0.0000
   3   4     41.133896    0.374065    0.104659   17.917723    7.173105    0.0000   99.9999    0.0000
   4   1     40.148543    0.266386    0.042986   11.501966    7.019526   99.9189    0.0806    0.0005
   4   2     40.904784    0.350072    0.064111   16.671004    6.874520   84.5249   15.4558    0.0192
   4   3     40.791980    0.337872    0.059397   17.167588    6.682742   15.5659   84.3216    0.1124
   4   4     41.149255    0.368422    0.050788   20.582291    6.713100    0.0369    2.2011   97.7619
   5   1     40.816432    0.339998    0.057189   17.507007    6.453406    0.0000   99.5503    0.4496
   5   2     41.151041    0.369173    0.052598   20.267972    6.559970    0.0000    6.1606   93.8393
   5   3     40.842689    0.343255    0.083845   18.267641    6.303279    0.0000   94.2809    5.7190
   5   4     41.179768    0.373246    0.074938   19.947628   10.560525    0.0000   65.6945   34.3054
   6   1     40.166462    0.268945    0.043509   11.447423    6.833704   99.6648    0.3340    0.0008
   6   2     40.945626    0.353922    0.062775   16.925503    6.826298   72.7307   27.0265    0.2418
   6   3     40.837327    0.343427    0.060747   16.556052    6.725310   27.5781   71.6184    0.8012
   6   4     41.131594    0.367910    0.056234   20.029285    6.462375    0.7072   13.4488   85.2611
   7   1     40.885458    0.347329    0.056703   17.353821    6.369375    0.0000   98.0573    1.9309
   7   2     41.145243    0.369583    0.056501   19.820434    6.354613    0.0000   14.4819   83.9365
   7   3     40.900747    0.349639    0.082823   17.935981    6.376313    0.0000   87.2561   12.4327
   7   4     41.316955    0.381851    0.047160   22.011769    6.577195    0.0000    0.0264    2.5225
   8   1     40.191524    0.272426    0.044497   11.454770    6.572938   99.0910    0.9040    0.0044
   8   2     41.000842    0.359213    0.061916   17.144939    6.756899   64.8692   34.2440    0.8764
   8   3     40.889720    0.349558    0.061676   16.051930    6.816722   35.8766   61.6517    2.4397
   8   4     41.104074    0.366258    0.061574   19.644398    6.268967    2.5549   24.0390   70.7905
   9   1     40.972169    0.356216    0.055902   17.281543    6.320612    0.0000   94.9669    4.9395
   9   2     41.154273    0.371193    0.058503   19.476745    6.191428    0.0000   19.5464   75.7487
   9   3     40.951982    0.355493    0.083511   17.534133    6.541254    0.0000   84.6460   14.0770
   9   4     41.366560    0.387559    0.047459   21.321624    6.581626    0.0000    0.1272    7.5988
  10   1     40.226544    0.277123    0.046256   11.583874    6.185933   97.9962    1.9827    0.0204
  10   2     41.059709    0.364859    0.061819   17.332104    6.684918   59.4062   38.5459    1.9976
  10   3     40.957454    0.357020    0.062375   15.692173    7.010691   42.1166   52.0411    5.6489
  10   4     41.086327    0.365429    0.065827   19.310150    6.131735    5.2633   32.2071   57.1960
 
  rho^2(E0) 
 
   I  n_1 n_2  <In_1|E0|In_2>  rho^2(E0) 
   0   1   1       40.131746 3953.240699
   0   2   1        0.267987    0.176280
   0   2   2       40.875253 4101.078216
   0   3   1        0.128223    0.040356
   0   3   2       -0.444137    0.484184
   0   3   3       40.713520 4068.688492
   0   4   1        0.017196    0.000726
   0   4   2        0.348547    0.298195
   0   4   3       -0.157045    0.060538
   0   4   4       41.010118 4128.185172
   2   1   1       40.136864 3954.248904
   2   2   1        0.266281    0.174044
   2   2   2       40.884782 4102.990421
   2   3   1        0.041631    0.004254
   2   3   2        0.015761    0.000610
   2   3   3       40.751706 4076.324386
   2   4   1        0.005690    0.000079
   2   4   2       -0.099712    0.024405
   2   4   3        0.513182    0.646428
   2   4   4       40.800029 4085.997344
   3   1   1       40.767260 4079.436575
   3   2   1        0.524365    0.674908
   3   2   2       40.804327 4086.858198
   3   3   1        0.099357    0.024231
   3   3   2        0.050227    0.006192
   3   3   3       41.131274 4152.612953
   3   4   1       -0.064839    0.010319
   3   4   2       -0.610736    0.915556
   3   4   3       -0.147146    0.053147
   3   4   4       41.133896 4153.142539
   4   1   1       40.148543 3956.550578
   4   2   1        0.253037    0.157161
   4   2   2       40.904784 4107.006053
   4   3   1        0.104292    0.026698
   4   3   2        0.031254    0.002398
   4   3   3       40.791980 4084.385338
   4   4   1        0.002412    0.000014
   4   4   2       -0.037689    0.003487
   4   4   3        0.072737    0.012986
   4   4   4       41.149255 4156.244501
   5   1   1       40.816432 4089.283464
   5   2   1       -0.138470    0.047064
   5   2   2       41.151041 4156.605384
   5   3   1        0.508881    0.635638
   5   3   2        0.101545    0.025310
   5   3   3       40.842689 4094.546315
   5   4   1       -0.095556    0.022413
   5   4   2        0.293228    0.211052
   5   4   3       -0.047921    0.005637
   5   4   4       41.179768 4162.410631
   6   1   1       40.166462 3960.083027
   6   2   1       -0.245171    0.147542
   6   2   2       40.945626 4115.211537
   6   3   1        0.138367    0.046994
   6   3   2       -0.030038    0.002215
   6   3   3       40.837327 4093.471432
   6   4   1       -0.009894    0.000240
   6   4   2       -0.131375    0.042365
   6   4   3       -0.160155    0.062959
   6   4   4       41.131594 4152.677721
   7   1   1       40.885458 4103.126100
   7   2   1       -0.213692    0.112087
   7   2   2       41.145243 4155.434157
   7   3   1        0.484239    0.575569
   7   3   2        0.162073    0.064476
   7   3   3       40.900747 4106.195407
   7   4   1        0.000102    0.000000
   7   4   2        0.003814    0.000036
   7   4   3       -0.003215    0.000025
   7   4   4       41.316955 4190.190444
   8   1   1       40.191524 3965.026455
   8   2   1        0.249914    0.153305
   8   2   2       41.000842 4126.318039
   8   3   1       -0.157151    0.060620
   8   3   2       -0.021793    0.001166
   8   3   3       40.889720 4103.981734
   8   4   1        0.016491    0.000668
   8   4   2       -0.207247    0.105428
   8   4   3       -0.190218    0.088813
   8   4   4       41.104074 4147.122709
   9   1   1       40.972169 4120.548640
   9   2   1        0.241890    0.143620
   9   2   2       41.154273 4157.258313
   9   3   1        0.469519    0.541107
   9   3   2       -0.197969    0.096199
   9   3   3       40.951982 4116.489344
   9   4   1       -0.002509    0.000015
   9   4   2        0.002701    0.000018
   9   4   3        0.010239    0.000257
   9   4   4       41.366560 4200.257805
  10   1   1       40.226544 3971.939031
  10   2   1        0.269701    0.178543
  10   2   2       41.059709 4138.175096
  10   3   1        0.169584    0.070590
  10   3   2        0.009624    0.000227
  10   3   3       40.957454 4117.589516
  10   4   1       -0.017437    0.000746
  10   4   2        0.261853    0.168303
  10   4   3       -0.193110    0.091535
  10   4   4       41.086327 4143.542192
 
  E2 transition 
 
  I1  n1        I2  n2       <f||E2||i>   B(E2,I1->I2)  B(E2,I2->I1)
 ( 0   1) <--> ( 2   1)        4.116917     16.949005      3.389801   WU  1395.916893    279.183379
 ( 0   1) <--> ( 2   2)        0.535972      0.287266      0.057453   WU    23.659174      4.731835
 ( 0   1) <--> ( 2   3)       -0.384378      0.147746      0.029549   WU    12.168370      2.433674
 ( 0   1) <--> ( 2   4)        0.291801      0.085148      0.017030   WU     7.012775      1.402555
 ( 0   2) <--> ( 2   1)        0.531730      0.282737      0.056547   WU    23.286166      4.657233
 ( 0   2) <--> ( 2   2)        5.312120     28.218622      5.643724   WU  2324.080432    464.816086
 ( 0   2) <--> ( 2   3)       -0.002045      0.000004      0.000001   WU     0.000344      0.000069
 ( 0   2) <--> ( 2   4)       -0.641542      0.411576      0.082315   WU    33.897362      6.779472
 ( 0   3) <--> ( 2   1)        0.413611      0.171074      0.034215   WU    14.089624      2.817925
 ( 0   3) <--> ( 2   2)       -0.703539      0.494968      0.098994   WU    40.765445      8.153089
 ( 0   3) <--> ( 2   3)        0.430993      0.185755      0.037151   WU    15.298775      3.059755
 ( 0   3) <--> ( 2   4)        0.796453      0.634337      0.126867   WU    52.243866     10.448773
 ( 0   4) <--> ( 2   1)        0.119570      0.014297      0.002859   WU     1.177491      0.235498
 ( 0   4) <--> ( 2   2)        0.708752      0.502329      0.100466   WU    41.371711      8.274342
 ( 0   4) <--> ( 2   3)        0.494176      0.244210      0.048842   WU    20.113071      4.022614
 ( 0   4) <--> ( 2   4)       -0.419523      0.176000      0.035200   WU    14.495310      2.899062
 ( 2   1) <--> ( 2   1)       -4.912337     -3.723223   (eb)
 ( 2   2) <--> ( 2   1)       -0.488156      0.047659      0.047659   WU     3.925208      3.925208
 ( 2   2) <--> ( 2   2)       -5.640843     -4.275382   (eb)
 ( 2   3) <--> ( 2   1)       -0.751947      0.113085      0.113085   WU     9.313640      9.313640
 ( 2   3) <--> ( 2   2)       -2.849998      1.624497      1.624497   WU   133.793295    133.793295
 ( 2   3) <--> ( 2   3)        5.358166      4.061131   (eb)
 ( 2   4) <--> ( 2   1)        0.350883      0.024624      0.024624   WU     2.028014      2.028014
 ( 2   4) <--> ( 2   2)       -1.054893      0.222560      0.222560   WU    18.329993     18.329993
 ( 2   4) <--> ( 2   3)        0.799676      0.127896      0.127896   WU    10.533522     10.533522
 ( 2   4) <--> ( 2   4)        5.981829      4.533827   (eb)
 ( 2   1) <--> ( 3   1)       -0.732253      0.107239      0.076599   WU     8.832181      6.308700
 ( 2   1) <--> ( 3   2)        0.443056      0.039260      0.028043   WU     3.233421      2.309587
 ( 2   1) <--> ( 3   3)        0.032784      0.000215      0.000154   WU     0.017704      0.012646
 ( 2   1) <--> ( 3   4)        0.158216      0.005006      0.003576   WU     0.412333      0.294523
 ( 2   2) <--> ( 3   1)       -0.063556      0.000808      0.000577   WU     0.066536      0.047526
 ( 2   2) <--> ( 3   2)       -0.782184      0.122362      0.087402   WU    10.077743      7.198388
 ( 2   2) <--> ( 3   3)        0.291501      0.016995      0.012139   WU     1.399674      0.999767
 ( 2   2) <--> ( 3   4)       -0.178247      0.006354      0.004539   WU     0.523345      0.373818
 ( 2   3) <--> ( 3   1)       -8.011755     12.837644      9.169746   WU  1057.305947    755.218534
 ( 2   3) <--> ( 3   2)       -1.271929      0.323561      0.231115   WU    26.648387     19.034562
 ( 2   3) <--> ( 3   3)       -0.578835      0.067010      0.047864   WU     5.518931      3.942094
 ( 2   3) <--> ( 3   4)       -0.021980      0.000097      0.000069   WU     0.007958      0.005684
 ( 2   4) <--> ( 3   1)       -1.342182      0.360291      0.257350   WU    29.673467     21.195334
 ( 2   4) <--> ( 3   2)       -7.817744     12.223424      8.731017   WU  1006.718882    719.084916
 ( 2   4) <--> ( 3   3)       -0.318096      0.020237      0.014455   WU     1.666720      1.190514
 ( 2   4) <--> ( 3   4)        1.341744      0.360055      0.257182   WU    29.654089     21.181492
 ( 2   1) <--> ( 4   1)        6.642778      8.825301      4.902945   WU   726.850120    403.805622
 ( 2   1) <--> ( 4   2)        0.773640      0.119704      0.066502   WU     9.858774      5.477097
 ( 2   1) <--> ( 4   3)       -0.052881      0.000559      0.000311   WU     0.046063      0.025590
 ( 2   1) <--> ( 4   4)        0.050104      0.000502      0.000279   WU     0.041351      0.022973
 ( 2   2) <--> ( 4   1)        0.941535      0.177298      0.098499   WU    14.602211      8.112339
 ( 2   2) <--> ( 4   2)        8.399631     14.110761      7.839311   WU  1162.159587    645.644215
 ( 2   2) <--> ( 4   3)        1.746255      0.609881      0.338823   WU    50.229716     27.905398
 ( 2   2) <--> ( 4   4)       -0.317452      0.020155      0.011197   WU     1.659973      0.922207
 ( 2   3) <--> ( 4   1)       -0.048508      0.000471      0.000261   WU     0.038759      0.021533
 ( 2   3) <--> ( 4   2)       -0.977472      0.191090      0.106161   WU    15.738172      8.743429
 ( 2   3) <--> ( 4   3)        5.086204      5.173894      2.874385   WU   426.120903    236.733835
 ( 2   3) <--> ( 4   4)        1.612035      0.519731      0.288740   WU    42.804963     23.780535
 ( 2   4) <--> ( 4   1)        0.121996      0.002977      0.001654   WU     0.245152      0.136196
 ( 2   4) <--> ( 4   2)       -0.709144      0.100577      0.055876   WU     8.283509      4.601950
 ( 2   4) <--> ( 4   3)        0.814167      0.132574      0.073652   WU    10.918748      6.065971
 ( 2   4) <--> ( 4   4)        1.884842      0.710526      0.394737   WU    58.518790     32.510439
 ( 3   1) <--> ( 3   1)        0.000000      0.000000   (eb)
 ( 3   2) <--> ( 3   1)        0.000000      0.000000      0.000000   WU     0.000000      0.000000
 ( 3   2) <--> ( 3   2)        0.000000      0.000000   (eb)
 ( 3   3) <--> ( 3   1)        0.000000      0.000000      0.000000   WU     0.000000      0.000000
 ( 3   3) <--> ( 3   2)        0.000000      0.000000      0.000000   WU     0.000000      0.000000
 ( 3   3) <--> ( 3   3)        0.000000      0.000000   (eb)
 ( 3   4) <--> ( 3   1)        0.000000      0.000000      0.000000   WU     0.000000      0.000000
 ( 3   4) <--> ( 3   2)        0.000000      0.000000      0.000000   WU     0.000000      0.000000
 ( 3   4) <--> ( 3   3)        0.000000      0.000000      0.000000   WU     0.000000      0.000000
 ( 3   4) <--> ( 3   4)        0.000000      0.000000   (eb)
 ( 3   1) <--> ( 4   1)        0.664524      0.063085      0.049066   WU     5.195639      4.041052
 ( 3   1) <--> ( 4   2)        3.840566      2.107136      1.638883   WU   173.543294    134.978118
 ( 3   1) <--> ( 4   3)       -6.797091      6.600064      5.133383   WU   543.580052    422.784485
 ( 3   1) <--> ( 4   4)        1.433090      0.293392      0.228194   WU    24.163748     18.794026
 ( 3   2) <--> ( 4   1)       -0.344337      0.016938      0.013174   WU     1.395032      1.085025
 ( 3   2) <--> ( 4   2)        1.421009      0.288467      0.224363   WU    23.758060     18.478491
 ( 3   2) <--> ( 4   3)       -0.858436      0.105273      0.081879   WU     8.670282      6.743553
 ( 3   2) <--> ( 4   4)       -0.189218      0.005115      0.003978   WU     0.421253      0.327641
 ( 3   3) <--> ( 4   1)       -0.021806      0.000068      0.000053   WU     0.005594      0.004351
 ( 3   3) <--> ( 4   2)        0.109547      0.001714      0.001333   WU     0.141194      0.109818
 ( 3   3) <--> ( 4   3)       -0.767909      0.084241      0.065520   WU     6.938033      5.396248
 ( 3   3) <--> ( 4   4)       -0.508208      0.036896      0.028697   WU     3.038785      2.363499
 ( 3   4) <--> ( 4   1)       -0.115296      0.001899      0.001477   WU     0.156402      0.121646
 ( 3   4) <--> ( 4   2)        0.082941      0.000983      0.000764   WU     0.080938      0.062952
 ( 3   4) <--> ( 4   3)        0.077918      0.000867      0.000675   WU     0.071432      0.055558
 ( 3   4) <--> ( 4   4)        0.033546      0.000161      0.000125   WU     0.013240      0.010298
 ( 3   1) <--> ( 5   1)        7.427942      7.882047      5.015848   WU   649.163899    413.104299
 ( 3   1) <--> ( 5   2)       -1.275169      0.232294      0.147823   WU    19.131681     12.174706
 ( 3   1) <--> ( 5   3)        0.555864      0.044141      0.028089   WU     3.635413      2.313444
 ( 3   1) <--> ( 5   4)       -0.207914      0.006175      0.003930   WU     0.508608      0.323660
 ( 3   2) <--> ( 5   1)        1.493615      0.318698      0.202808   WU    26.247909     16.703215
 ( 3   2) <--> ( 5   2)       -2.677311      1.023999      0.651636   WU    84.336385     53.668609
 ( 3   2) <--> ( 5   3)        6.844925      6.693286      4.259364   WU   551.257740    350.800380
 ( 3   2) <--> ( 5   4)       -0.814928      0.094873      0.060373   WU     7.813688      4.972347
 ( 3   3) <--> ( 5   1)        0.784507      0.087922      0.055950   WU     7.241213      4.608044
 ( 3   3) <--> ( 5   2)        1.029078      0.151286      0.096273   WU    12.459874      7.929011
 ( 3   3) <--> ( 5   3)        0.695364      0.069076      0.043957   WU     5.689071      3.620318
 ( 3   3) <--> ( 5   4)       -6.723316      6.457569      4.109362   WU   531.844173    338.446292
 ( 3   4) <--> ( 5   1)       -0.069556      0.000691      0.000440   WU     0.056922      0.036223
 ( 3   4) <--> ( 5   2)        0.672085      0.064528      0.041063   WU     5.314534      3.381976
 ( 3   4) <--> ( 5   3)       -1.593364      0.362687      0.230801   WU    29.870844     19.008719
 ( 3   4) <--> ( 5   4)        1.797589      0.461618      0.293757   WU    38.018788     24.193774
 ( 4   1) <--> ( 4   1)       -6.281112     -4.736558   (eb)
 ( 4   2) <--> ( 4   1)       -0.328482      0.011989      0.011989   WU     0.987409      0.987409
 ( 4   2) <--> ( 4   2)       -6.139184     -4.629531   (eb)
 ( 4   3) <--> ( 4   1)       -1.208021      0.162146      0.162146   WU    13.354316     13.354316
 ( 4   3) <--> ( 4   2)       -2.842763      0.897922      0.897922   WU    73.952708     73.952708
 ( 4   3) <--> ( 4   3)       -4.823828     -3.637627   (eb)
 ( 4   4) <--> ( 4   1)        0.083657      0.000778      0.000778   WU     0.064045      0.064045
 ( 4   4) <--> ( 4   2)       -0.616932      0.042289      0.042289   WU     3.482953      3.482953
 ( 4   4) <--> ( 4   3)        1.062767      0.125497      0.125497   WU    10.335920     10.335920
 ( 4   4) <--> ( 4   4)       11.472542      8.651392   (eb)
 ( 4   1) <--> ( 5   1)       -0.748865      0.062311      0.050982   WU     5.131925      4.198848
 ( 4   1) <--> ( 5   2)       -0.138598      0.002134      0.001746   WU     0.175786      0.143825
 ( 4   1) <--> ( 5   3)        0.478067      0.025394      0.020777   WU     2.091463      1.711197
 ( 4   1) <--> ( 5   4)       -0.007108      0.000006      0.000005   WU     0.000462      0.000378
 ( 4   2) <--> ( 5   1)        1.401666      0.218296      0.178606   WU    17.978853     14.709971
 ( 4   2) <--> ( 5   2)        0.749631      0.062439      0.051086   WU     5.142429      4.207442
 ( 4   2) <--> ( 5   3)       -0.308415      0.010569      0.008647   WU     0.870450      0.712187
 ( 4   2) <--> ( 5   4)       -0.404680      0.018196      0.014888   WU     1.498636      1.226157
 ( 4   3) <--> ( 5   1)       -7.266388      5.866711      4.800036   WU   483.181225    395.330094
 ( 4   3) <--> ( 5   2)       -1.294899      0.186307      0.152433   WU    15.344220     12.554362
 ( 4   3) <--> ( 5   3)       -1.604697      0.286117      0.234096   WU    23.564543     19.280081
 ( 4   3) <--> ( 5   4)        0.492883      0.026993      0.022085   WU     2.223112      1.818910
 ( 4   4) <--> ( 5   1)       -0.900151      0.090030      0.073661   WU     7.414874      6.066715
 ( 4   4) <--> ( 5   2)       10.132551     11.407621      9.333508   WU   939.529480    768.705939
 ( 4   4) <--> ( 5   3)        1.222767      0.166129      0.135924   WU    13.682332     11.194635
 ( 4   4) <--> ( 5   4)        0.739890      0.060826      0.049767   WU     5.009645      4.098801
 ( 4   1) <--> ( 6   1)        8.466975      7.965519      5.514590   WU   656.038654    454.180607
 ( 4   1) <--> ( 6   2)       -0.824561      0.075544      0.052300   WU     6.221827      4.307419
 ( 4   1) <--> ( 6   3)        0.196663      0.004297      0.002975   WU     0.353932      0.245030
 ( 4   1) <--> ( 6   4)       -0.137002      0.002085      0.001444   WU     0.171761      0.118911
 ( 4   2) <--> ( 6   1)        1.321892      0.194155      0.134415   WU    15.990599     11.070414
 ( 4   2) <--> ( 6   2)      -10.987485     13.413870      9.286525   WU  1104.763812    764.836485
 ( 4   2) <--> ( 6   3)        1.469097      0.239805      0.166019   WU    19.750317     13.673296
 ( 4   2) <--> ( 6   4)        0.554237      0.034131      0.023629   WU     2.811024      1.946094
 ( 4   3) <--> ( 6   1)        0.101054      0.001135      0.000786   WU     0.093449      0.064696
 ( 4   3) <--> ( 6   2)        0.883090      0.086650      0.059988   WU     7.136467      4.940631
 ( 4   3) <--> ( 6   3)        8.776044      8.557661      5.924534   WU   704.807308    487.943521
 ( 4   3) <--> ( 6   4)       -0.914713      0.092967      0.064362   WU     7.656718      5.300805
 ( 4   4) <--> ( 6   1)        0.049207      0.000269      0.000186   WU     0.022158      0.015340
 ( 4   4) <--> ( 6   2)        0.346613      0.013349      0.009242   WU     1.099420      0.761137
 ( 4   4) <--> ( 6   3)        0.420362      0.019634      0.013593   WU     1.617037      1.119487
 ( 4   4) <--> ( 6   4)       -5.364827      3.197930      2.213952   WU   263.380927    182.340642
 ( 5   1) <--> ( 5   1)       -4.954067     -3.597282   (eb)
 ( 5   2) <--> ( 5   1)       -1.589744      0.229753      0.229753   WU    18.922446     18.922446
 ( 5   2) <--> ( 5   2)        5.167414      3.752199   (eb)
 ( 5   3) <--> ( 5   1)       -1.182749      0.127172      0.127172   WU    10.473886     10.473886
 ( 5   3) <--> ( 5   2)        1.682933      0.257479      0.257479   WU    21.205884     21.205884
 ( 5   3) <--> ( 5   3)       -4.747931     -3.447600   (eb)
 ( 5   4) <--> ( 5   1)        0.471516      0.020212      0.020212   WU     1.664620      1.664620
 ( 5   4) <--> ( 5   2)        0.470683      0.020140      0.020140   WU     1.658743      1.658743
 ( 5   4) <--> ( 5   3)       -0.296251      0.007979      0.007979   WU     0.657114      0.657114
 ( 5   4) <--> ( 5   4)       -1.099128     -0.798106   (eb)
 ( 5   1) <--> ( 6   1)        1.001544      0.091190      0.077161   WU     7.510388      6.354944
 ( 5   1) <--> ( 6   2)       -4.618983      1.939546      1.641154   WU   159.740619    135.165139
 ( 5   1) <--> ( 6   3)       -5.172140      2.431912      2.057772   WU   200.291820    169.477694
 ( 5   1) <--> ( 6   4)       -1.320030      0.158407      0.134037   WU    13.046385     11.039249
 ( 5   2) <--> ( 6   1)        0.147717      0.001984      0.001678   WU     0.163375      0.138240
 ( 5   2) <--> ( 6   2)        0.980874      0.087465      0.074009   WU     7.203590      6.095345
 ( 5   2) <--> ( 6   3)        1.130921      0.116271      0.098383   WU     9.576061      8.102821
 ( 5   2) <--> ( 6   4)      -10.956814     10.913797      9.234751   WU   898.858284    760.572394
 ( 5   3) <--> ( 6   1)       -0.495712      0.022339      0.018902   WU     1.839849      1.556795
 ( 5   3) <--> ( 6   2)       -1.634988      0.243017      0.205630   WU    20.014820     16.935617
 ( 5   3) <--> ( 6   3)        0.015347      0.000021      0.000018   WU     0.001764      0.001492
 ( 5   3) <--> ( 6   4)       -1.343956      0.164202      0.138940   WU    13.523616     11.443060
 ( 5   4) <--> ( 6   1)        0.002047      0.000000      0.000000   WU     0.000031      0.000027
 ( 5   4) <--> ( 6   2)        0.043196      0.000170      0.000144   WU     0.013971      0.011821
 ( 5   4) <--> ( 6   3)        0.586376      0.031258      0.026449   WU     2.574391      2.178331
 ( 5   4) <--> ( 6   4)       -1.975237      0.354687      0.300120   WU    29.211991     24.717839
 ( 5   1) <--> ( 7   1)       10.436538      9.901938      7.261421   WU   815.521740    598.049276
 ( 5   1) <--> ( 7   2)       -0.827879      0.062308      0.045692   WU     5.131643      3.763205
 ( 5   1) <--> ( 7   3)        0.744480      0.050386      0.036950   WU     4.149813      3.043196
 ( 5   1) <--> ( 7   4)        0.009598      0.000008      0.000006   WU     0.000690      0.000506
 ( 5   2) <--> ( 7   1)       -1.007251      0.092232      0.067637   WU     7.596227      5.570566
 ( 5   2) <--> ( 7   2)        8.038970      5.875004      4.308336   WU   483.864197    354.833744
 ( 5   2) <--> ( 7   3)        0.429667      0.016783      0.012308   WU     1.382250      1.013650
 ( 5   2) <--> ( 7   4)       -1.766790      0.283777      0.208103   WU    23.371821     17.139336
 ( 5   3) <--> ( 7   1)        2.058536      0.385234      0.282505   WU    31.727780     23.267039
 ( 5   3) <--> ( 7   2)       -2.380248      0.515053      0.377706   WU    42.419665     31.107754
 ( 5   3) <--> ( 7   3)        9.554201      8.298433      6.085517   WU   683.457367    501.202069
 ( 5   3) <--> ( 7   4)       -0.438137      0.017451      0.012798   WU     1.437285      1.054009
 ( 5   4) <--> ( 7   1)       -0.934210      0.079341      0.058183   WU     6.534484      4.791955
 ( 5   4) <--> ( 7   2)        0.145306      0.001919      0.001408   WU     0.158085      0.115929
 ( 5   4) <--> ( 7   3)       -0.961342      0.084016      0.061612   WU     6.919556      5.074341
 ( 5   4) <--> ( 7   4)        0.104821      0.000999      0.000733   WU     0.082266      0.060329
 ( 6   1) <--> ( 6   1)       -7.469154     -5.207472   (eb)
 ( 6   2) <--> ( 6   1)        0.183020      0.002577      0.002577   WU     0.212211      0.212211
 ( 6   2) <--> ( 6   2)       -7.000045     -4.880411   (eb)
 ( 6   3) <--> ( 6   1)       -1.502053      0.173551      0.173551   WU    14.293627     14.293627
 ( 6   3) <--> ( 6   2)        2.285974      0.401975      0.401975   WU    33.106605     33.106605
 ( 6   3) <--> ( 6   3)       -8.735379     -6.090281   (eb)
 ( 6   4) <--> ( 6   1)       -0.243731      0.004570      0.004570   WU     0.376350      0.376350
 ( 6   4) <--> ( 6   2)       -1.232959      0.116937      0.116937   WU     9.630949      9.630949
 ( 6   4) <--> ( 6   3)       -1.318249      0.133675      0.133675   WU    11.009474     11.009474
 ( 6   4) <--> ( 6   4)        1.058750      0.738157   (eb)
 ( 6   1) <--> ( 7   1)       -0.720395      0.039921      0.034598   WU     3.287857      2.849476
 ( 6   1) <--> ( 7   2)       -0.229665      0.004057      0.003516   WU     0.334167      0.289611
 ( 6   1) <--> ( 7   3)        0.486557      0.018211      0.015782   WU     1.499819      1.299844
 ( 6   1) <--> ( 7   4)        0.002015      0.000000      0.000000   WU     0.000026      0.000022
 ( 6   2) <--> ( 7   1)       -1.786139      0.245407      0.212686   WU    20.211684     17.516792
 ( 6   2) <--> ( 7   2)       -0.874141      0.058779      0.050941   WU     4.840994      4.195528
 ( 6   2) <--> ( 7   3)        0.005161      0.000002      0.000002   WU     0.000169      0.000146
 ( 6   2) <--> ( 7   4)        0.016059      0.000020      0.000017   WU     0.001634      0.001416
 ( 6   3) <--> ( 7   1)       -6.358869      3.110402      2.695681   WU   256.172085    222.015807
 ( 6   3) <--> ( 7   2)       -0.994636      0.076100      0.065953   WU     6.267589      5.431911
 ( 6   3) <--> ( 7   3)       -1.547822      0.184289      0.159717   WU    15.177972     13.154243
 ( 6   3) <--> ( 7   4)        0.028207      0.000061      0.000053   WU     0.005041      0.004369
 ( 6   4) <--> ( 7   1)        1.871106      0.269310      0.233402   WU    22.180361     19.222980
 ( 6   4) <--> ( 7   2)      -10.718806      8.837908      7.659520   WU   727.888446    630.836653
 ( 6   4) <--> ( 7   3)       -1.359710      0.142216      0.123254   WU    11.712903     10.151183
 ( 6   4) <--> ( 7   4)       -2.857727      0.628200      0.544440   WU    51.738440     44.839981
 ( 6   1) <--> ( 8   1)       10.048217      7.766666      5.939215   WU   639.661141    489.152637
 ( 6   1) <--> ( 8   2)        0.803682      0.049685      0.037994   WU     4.092044      3.129210
 ( 6   1) <--> ( 8   3)       -0.379803      0.011096      0.008485   WU     0.913879      0.698849
 ( 6   1) <--> ( 8   4)        0.194653      0.002915      0.002229   WU     0.240046      0.183565
 ( 6   2) <--> ( 8   1)       -1.711179      0.225241      0.172243   WU    18.550803     14.185908
 ( 6   2) <--> ( 8   2)      -13.285969     13.578229     10.383351   WU  1118.300363    855.170866
 ( 6   2) <--> ( 8   3)        1.019971      0.080026      0.061197   WU     6.590948      5.040136
 ( 6   2) <--> ( 8   4)        0.584092      0.026243      0.020068   WU     2.161396      1.652832
 ( 6   3) <--> ( 8   1)        0.279890      0.006026      0.004608   WU     0.496303      0.379526
 ( 6   3) <--> ( 8   2)       -0.596839      0.027401      0.020954   WU     2.256765      1.725762
 ( 6   3) <--> ( 8   3)      -11.211996      9.669912      7.394639   WU   796.412166    609.021068
 ( 6   3) <--> ( 8   4)        0.472079      0.017143      0.013109   WU     1.411892      1.079682
 ( 6   4) <--> ( 8   1)       -0.191102      0.002809      0.002148   WU     0.231367      0.176928
 ( 6   4) <--> ( 8   2)        1.170174      0.105331      0.080547   WU     8.675064      6.633873
 ( 6   4) <--> ( 8   3)        1.152587      0.102189      0.078145   WU     8.416270      6.435971
 ( 6   4) <--> ( 8   4)      -10.111431      7.864695      6.014179   WU   647.734830    495.326635
 ( 7   1) <--> ( 7   1)       -7.438079     -4.980998   (eb)
 ( 7   2) <--> ( 7   1)       -1.949043      0.253251      0.253251   WU    20.857734     20.857734
 ( 7   2) <--> ( 7   2)       -1.510392     -1.011452   (eb)
 ( 7   3) <--> ( 7   1)       -1.947160      0.252762      0.252762   WU    20.817436     20.817436
 ( 7   3) <--> ( 7   2)        1.179505      0.092749      0.092749   WU     7.638776      7.638776
 ( 7   3) <--> ( 7   3)       -7.448195     -4.987772   (eb)
 ( 7   4) <--> ( 7   1)        0.027056      0.000049      0.000049   WU     0.004019      0.004019
 ( 7   4) <--> ( 7   2)       -2.616311      0.456339      0.456339   WU    37.583972     37.583972
 ( 7   4) <--> ( 7   3)       -1.214036      0.098259      0.098259   WU     8.092578      8.092578
 ( 7   4) <--> ( 7   4)        9.530092      6.381939   (eb)
 ( 7   1) <--> ( 8   1)        1.302531      0.113106      0.099799   WU     9.315375      8.219449
 ( 7   1) <--> ( 8   2)        4.895571      1.597775      1.409801   WU   131.592410    116.110950
 ( 7   1) <--> ( 8   3)        4.016850      1.075672      0.949122   WU    88.592147     78.169542
 ( 7   1) <--> ( 8   4)        1.027915      0.070441      0.062153   WU     5.801472      5.118946
 ( 7   2) <--> ( 8   1)        0.299382      0.005975      0.005272   WU     0.492124      0.434227
 ( 7   2) <--> ( 8   2)       -1.636773      0.178602      0.157590   WU    14.709609     12.979066
 ( 7   2) <--> ( 8   3)       -1.670548      0.186049      0.164161   WU    15.322932     13.520235
 ( 7   2) <--> ( 8   4)       10.267402      7.027970      6.201150   WU   578.822254    510.725518
 ( 7   3) <--> ( 8   1)       -0.602750      0.024220      0.021371   WU     1.994793      1.760112
 ( 7   3) <--> ( 8   2)        1.512206      0.152451      0.134516   WU    12.555841     11.078684
 ( 7   3) <--> ( 8   3)       -0.906930      0.054835      0.048384   WU     4.516183      3.984868
 ( 7   3) <--> ( 8   4)        1.998527      0.266274      0.234948   WU    21.930279     19.350246
 ( 7   4) <--> ( 8   1)       -0.002191      0.000000      0.000000   WU     0.000026      0.000023
 ( 7   4) <--> ( 8   2)        0.000265      0.000000      0.000000   WU     0.000000      0.000000
 ( 7   4) <--> ( 8   3)       -0.017394      0.000020      0.000018   WU     0.001661      0.001466
 ( 7   4) <--> ( 8   4)       -1.146179      0.087582      0.077278   WU     7.213217      6.364603
 ( 7   1) <--> ( 9   1)       12.856433     11.019191      8.699362   WU   907.538533    716.477789
 ( 7   1) <--> ( 9   2)        0.435986      0.012672      0.010004   WU     1.043685      0.823962
 ( 7   1) <--> ( 9   3)        0.899300      0.053916      0.042565   WU     4.440516      3.505671
 ( 7   1) <--> ( 9   4)       -0.027714      0.000051      0.000040   WU     0.004217      0.003329
 ( 7   2) <--> ( 9   1)       -1.912275      0.243786      0.192463   WU    20.078191     15.851203
 ( 7   2) <--> ( 9   2)      -11.590210      8.955531      7.070156   WU   737.575816    582.296697
 ( 7   2) <--> ( 9   3)        0.097011      0.000627      0.000495   WU     0.051674      0.040795
 ( 7   2) <--> ( 9   4)        0.737415      0.036252      0.028620   WU     2.985716      2.357144
 ( 7   3) <--> ( 9   1)        2.339455      0.364870      0.288055   WU    30.050635     23.724186
 ( 7   3) <--> ( 9   2)        1.012767      0.068380      0.053984   WU     5.631748      4.446117
 ( 7   3) <--> ( 9   3)       11.891325      9.426908      7.442296   WU   776.398347    612.946064
 ( 7   3) <--> ( 9   4)        0.193304      0.002491      0.001967   WU     0.205167      0.161974
 ( 7   4) <--> ( 9   1)       -0.039356      0.000103      0.000082   WU     0.008504      0.006714
 ( 7   4) <--> ( 9   2)        0.281308      0.005276      0.004165   WU     0.434498      0.343025
 ( 7   4) <--> ( 9   3)       -0.222049      0.003287      0.002595   WU     0.270722      0.213728
 ( 7   4) <--> ( 9   4)       -7.487723      3.737733      2.950842   WU   307.838955    243.030754
 ( 8   1) <--> ( 8   1)       -8.505561     -5.479248   (eb)
 ( 8   2) <--> ( 8   1)       -0.084352      0.000419      0.000419   WU     0.034471      0.034471
 ( 8   2) <--> ( 8   2)       -7.918833     -5.101281   (eb)
 ( 8   3) <--> ( 8   1)        1.728865      0.175822      0.175822   WU    14.480672     14.480672
 ( 8   3) <--> ( 8   2)        1.927674      0.218584      0.218584   WU    18.002534     18.002534
 ( 8   3) <--> ( 8   3)      -11.026749     -7.103388   (eb)
 ( 8   4) <--> ( 8   1)        0.373422      0.008203      0.008203   WU     0.675562      0.675562
 ( 8   4) <--> ( 8   2)       -1.452140      0.124042      0.124042   WU    10.216058     10.216058
 ( 8   4) <--> ( 8   3)       -1.379159      0.111887      0.111887   WU     9.215000      9.215000
 ( 8   4) <--> ( 8   4)       -3.609662     -2.325330   (eb)
 ( 8   1) <--> ( 9   1)       -0.659786      0.025607      0.022911   WU     2.108979      1.886981
 ( 8   1) <--> ( 9   2)        0.273658      0.004405      0.003941   WU     0.362812      0.324621
 ( 8   1) <--> ( 9   3)        0.495775      0.014458      0.012936   WU     1.190791      1.065444
 ( 8   1) <--> ( 9   4)       -0.006436      0.000002      0.000002   WU     0.000201      0.000180
 ( 8   2) <--> ( 9   1)        1.794102      0.189341      0.169411   WU    15.594121     13.952634
 ( 8   2) <--> ( 9   2)       -0.830207      0.040544      0.036276   WU     3.339177      2.987685
 ( 8   2) <--> ( 9   3)        0.104422      0.000641      0.000574   WU     0.052826      0.047265
 ( 8   2) <--> ( 9   4)        0.031954      0.000060      0.000054   WU     0.004947      0.004426
 ( 8   3) <--> ( 9   1)        5.850064      2.013132      1.801224   WU   165.801213    148.348454
 ( 8   3) <--> ( 9   2)       -0.768814      0.034769      0.031109   WU     2.863580      2.562151
 ( 8   3) <--> ( 9   3)        1.334222      0.104715      0.093692   WU     8.624279      7.716460
 ( 8   3) <--> ( 9   4)        0.074242      0.000324      0.000290   WU     0.026703      0.023892
 ( 8   4) <--> ( 9   1)       -2.426623      0.346382      0.309921   WU    28.527992     25.525045
 ( 8   4) <--> ( 9   2)       -9.566538      5.383450      4.816771   WU   443.379962    396.708387
 ( 8   4) <--> ( 9   3)        0.874702      0.045006      0.040269   WU     3.706690      3.316513
 ( 8   4) <--> ( 9   4)       -2.564044      0.386725      0.346017   WU    31.850575     28.497883
 ( 8   1) <--> (10   1)       11.523946      7.811843      6.323873   WU   643.381936    520.832996
 ( 8   1) <--> (10   2)        0.731638      0.031488      0.025490   WU     2.593339      2.099370
 ( 8   1) <--> (10   3)        0.526235      0.016290      0.013187   WU     1.341611      1.086066
 ( 8   1) <--> (10   4)       -0.213950      0.002693      0.002180   WU     0.221765      0.179524
 ( 8   2) <--> (10   1)        2.200273      0.284777      0.230533   WU    23.454152     18.986694
 ( 8   2) <--> (10   2)       15.374998     13.905327     11.256694   WU  1145.240139    927.099160
 ( 8   2) <--> (10   3)        0.762327      0.034185      0.027673   WU     2.815455      2.279178
 ( 8   2) <--> (10   4)        0.567220      0.018926      0.015321   WU     1.558724      1.261824
 ( 8   3) <--> (10   1)       -0.441562      0.011469      0.009285   WU     0.944606      0.764681
 ( 8   3) <--> (10   2)        0.480518      0.013582      0.010995   WU     1.118628      0.905556
 ( 8   3) <--> (10   3)      -13.269531     10.357674      8.384783   WU   853.056051    690.569184
 ( 8   3) <--> (10   4)        0.015300      0.000014      0.000011   WU     0.001134      0.000918
 ( 8   4) <--> (10   1)        0.335374      0.006616      0.005356   WU     0.544912      0.441119
 ( 8   4) <--> (10   2)       -1.943389      0.222162      0.179846   WU    18.297259     14.812067
 ( 8   4) <--> (10   3)        1.829589      0.196906      0.159400   WU    16.217104     13.128132
 ( 8   4) <--> (10   4)      -13.036890      9.997677      8.093357   WU   823.406767    666.567383
 ( 9   1) <--> ( 9   1)       -9.063944     -5.627641   (eb)
 ( 9   2) <--> ( 9   1)        2.249553      0.266342      0.266342   WU    21.935844     21.935844
 ( 9   2) <--> ( 9   2)       -5.029343     -3.122629   (eb)
 ( 9   3) <--> ( 9   1)       -2.383435      0.298987      0.298987   WU    24.624544     24.624544
 ( 9   3) <--> ( 9   2)       -0.512114      0.013803      0.013803   WU     1.136827      1.136827
 ( 9   3) <--> ( 9   3)       -9.471391     -5.880617   (eb)
 ( 9   4) <--> ( 9   1)       -0.081530      0.000350      0.000350   WU     0.028814      0.028814
 ( 9   4) <--> ( 9   2)       -3.535459      0.657867      0.657867   WU    54.181786     54.181786
 ( 9   4) <--> ( 9   3)        1.896089      0.189219      0.189219   WU    15.584012     15.584012
 ( 9   4) <--> ( 9   4)        2.118414      1.315286   (eb)
 ( 9   1) <--> (10   1)        1.613477      0.137016      0.123967   WU    11.284622     10.209896
 ( 9   1) <--> (10   2)        5.070834      1.353335      1.224446   WU   111.460399    100.845123
 ( 9   1) <--> (10   3)       -3.210356      0.542441      0.490780   WU    44.675355     40.420559
 ( 9   1) <--> (10   4)       -0.750926      0.029678      0.026852   WU     2.444309      2.211518
 ( 9   2) <--> (10   1)       -0.424922      0.009503      0.008598   WU     0.782673      0.708133
 ( 9   2) <--> (10   2)        1.999788      0.210482      0.190436   WU    17.335234     15.684259
 ( 9   2) <--> (10   3)       -2.268681      0.270890      0.245091   WU    22.310469     20.185663
 ( 9   2) <--> (10   4)        9.293665      4.545906      4.112963   WU   374.399956    338.742817
 ( 9   3) <--> (10   1)       -0.702168      0.025949      0.023478   WU     2.137191      1.933649
 ( 9   3) <--> (10   2)        1.394513      0.102351      0.092603   WU     8.429600      7.626781
 ( 9   3) <--> (10   3)        1.673852      0.147462      0.133418   WU    12.144949     10.988287
 ( 9   3) <--> (10   4)       -1.725133      0.156636      0.141718   WU    12.900513     11.671893
 ( 9   4) <--> (10   1)        0.007529      0.000003      0.000003   WU     0.000246      0.000222
 ( 9   4) <--> (10   2)       -0.012577      0.000008      0.000008   WU     0.000686      0.000620
 ( 9   4) <--> (10   3)        0.002993      0.000000      0.000000   WU     0.000039      0.000035
 ( 9   4) <--> (10   4)       -1.805682      0.171605      0.155261   WU    14.133325     12.787294
 (10   1) <--> (10   1)       -9.433086     -5.656016   (eb)
 (10   2) <--> (10   1)       -0.012563      0.000008      0.000008   WU     0.000619      0.000619
 (10   2) <--> (10   2)       -8.777771     -5.263094   (eb)
 (10   3) <--> (10   1)       -1.921015      0.175728      0.175728   WU    14.472962     14.472962
 (10   3) <--> (10   2)       -1.758801      0.147304      0.147304   WU    12.131912     12.131912
 (10   3) <--> (10   3)      -12.617102     -7.565131   (eb)
 (10   4) <--> (10   1)       -0.495376      0.011686      0.011686   WU     0.962422      0.962422
 (10   4) <--> (10   2)        1.472956      0.103314      0.103314   WU     8.508942      8.508942
 (10   4) <--> (10   3)       -1.590504      0.120462      0.120462   WU     9.921225      9.921225
 (10   4) <--> (10   4)       -6.312209     -3.784759   (eb)
 
  quadrupole shape invariant: 01+, 02+, 03+, 04+
quadr2    17.64761074    29.72169320    26.47050083    31.64169173
quadr3    70.59960973   141.26975426   116.95132018   159.79047237
  effective deformation parameters:  01+, 02+, 03+, 04+
beteff     0.26498412     0.34388534     0.32453233     0.35481889
cos3ga     0.95229922     0.87184417     0.85874039     0.89776225
 
 ********* END Transition **************************
