 ********* BEGIN READER ****************************
 
 Nucleus            :  Th  90 166
 Imin, Imax         :     0  10
 imu, remu          :     1 12.0000
 nlevel             :     4
 observables        :     2
 wave fun           :     1
 nbet, ngam, npar   :    10   7  10
 Finish reading parameters: V, B_k ...
 
 ********* END READER ******************************
 
 ********* BEGIN LEVELS ********************
 
 E_0 = -1873.622728
 
  I=   0   ntot= 127
   0   1    0.000000
   0   2    1.099622
   0   3    1.449291
   0   4    2.221267
 
  I=   2   ntot= 234
   2   1    0.350103
   2   2    0.836400
   2   3    1.600194
   2   4    1.913731
 
  I=   3   ntot= 108
   3   1    1.323603
   3   2    2.599721
   3   3    2.956806
   3   4    3.189870
 
  I=   4   ntot= 324
   4   1    0.874818
   4   2    1.375746
   4   3    1.884447
   4   4    2.229878
 
  I=   5   ntot= 198
   5   1    1.960803
   5   2    2.507956
   5   3    3.226690
   5   4    3.340261
 
  I=   6   ntot= 432
   6   1    1.520993
   6   2    2.019622
   6   3    2.537770
   6   4    2.580881
 
  I=   7   ntot= 306
   7   1    2.682124
   7   2    3.257603
   7   3    3.507071
   7   4    3.875772
 
  I=   8   ntot= 522
   8   1    2.251274
   8   2    2.748126
   8   3    2.776924
   8   4    3.368612
 
  I=   9   ntot= 397
   9   1    3.473296
   9   2    3.774698
   9   3    4.080615
   9   4    4.374134
 
  I=  10   ntot= 630
  10   1    3.019985
  10   2    3.050262
  10   3    3.592192
  10   4    3.785540
 
 ********* END LEVELS **********************
 
 ********* BEGIN Transition ************************
 
  Monopole moment 
 
   I   n    <In|E0|In>   ave \beta      del<b>   ave \gamma    del<g>  
     K=0       K=2       K=4   
   0   1     35.152549    0.181292    0.043978   24.937387   10.711357  100.0000    0.0000    0.0000
   0   2     35.388923    0.217728    0.046529   35.608668    9.994471  100.0000    0.0000    0.0000
   0   3     35.290149    0.206957    0.068693   18.640019   10.762460  100.0000    0.0000    0.0000
   0   4     37.620817    0.508053    0.078425    7.491888    9.595322   99.9997    0.0000    0.0000
   2   1     35.198671    0.190995    0.042800   23.585696   10.498373   92.5296    7.4704    0.0000
   2   2     35.322783    0.209580    0.041226   31.596776   10.001592   13.6804   86.3196    0.0000
   2   3     35.440896    0.226945    0.050175   32.673619    8.935584   84.4232   15.5768    0.0000
   2   4     35.415973    0.230555    0.071245   18.725574   12.608878   83.5044   16.4956    0.0000
   3   1     35.372775    0.218797    0.041162   28.742823    8.346802    0.0000  100.0000    0.0000
   3   2     35.588454    0.248922    0.061584   32.142494    8.468183    0.0000  100.0000    0.0000
   3   3     35.911158    0.306869    0.100149   17.894909   12.685312    0.0000  100.0000    0.0000
   3   4     37.387234    0.482169    0.104715   10.949559    9.099794    0.0000   99.9997    0.0000
   4   1     35.264089    0.202746    0.042308   24.052578   10.591551   81.8676   15.1328    2.9996
   4   2     35.386057    0.219457    0.040855   31.706065   11.069718   27.9754   37.6721   34.3525
   4   3     35.454627    0.230359    0.040766   30.569484    8.963785    6.4644   36.7941   56.7415
   4   4     35.550536    0.247391    0.079370   26.631763   14.416739   70.8708   25.6660    3.4632
   5   1     35.449997    0.230409    0.041131   29.121317    8.361994    0.0000   71.5329   28.4671
   5   2     35.515613    0.240155    0.041986   28.842177    8.597490    0.0000   32.6509   67.3491
   5   3     36.475615    0.379298    0.124468   16.363604   13.375332    0.0000   89.9716   10.0283
   5   4     36.831949    0.422875    0.138712   13.680753   13.190628    0.0000   87.8207   12.1791
   6   1     35.347980    0.216153    0.042154   25.704044   10.617397   67.3916   24.8920    5.6291
   6   2     35.440531    0.228343    0.041720   30.203318   12.204691   42.1445   20.4778   21.2026
   6   3     37.801748    0.525030    0.070720    7.095904    8.974499   99.4418    0.2991    0.0458
   6   4     35.538689    0.242304    0.048810   30.927337   12.208343   13.5588   30.5388    4.2247
   7   1     35.535511    0.242618    0.041876   29.618652    8.430344    0.0000   52.0839   36.1593
   7   2     35.612155    0.254990    0.053126   27.364128   11.512759    0.0000   46.6840   14.1304
   7   3     37.683675    0.509631    0.077961   10.581626    8.477061    0.0000   98.6759    0.6806
   7   4     35.747013    0.273823    0.065682   27.469568   10.902812    0.0000   19.7148   41.0265
   8   1     35.445286    0.230450    0.042702   27.595523   10.545103   52.7402   32.6610    9.8398
   8   2     37.151438    0.462424    0.129270    8.971090   13.520945   85.1659    4.1562    4.9466
   8   3     36.264535    0.360218    0.163613   13.218265   16.428853   68.0248    8.3193   10.5989
   8   4     35.627738    0.254891    0.051289   30.652466   11.804263   18.7675   26.2681    1.9021
   9   1     35.637428    0.257063    0.048073   29.471306    9.718729    0.0000   39.4847   37.3317
   9   2     37.835199    0.524049    0.072318   10.125949    7.938198    0.0000   98.1811    0.9906
   9   3     35.818093    0.287942    0.103752   22.789581   15.509377    0.0000   54.5650    4.0431
   9   4     37.190549    0.459111    0.124779   13.424174   12.685063    0.0000   77.5476   18.0193
  10   1     37.576936    0.504344    0.105234    7.808602   11.686070   90.7434    6.1369    2.0132
  10   2     35.965172    0.316129    0.152838   17.248894   17.111615   50.3115   31.0039   11.8488
  10   3     35.740840    0.280237    0.109138   20.281304   16.975778   62.4842    9.9256   10.5083
  10   4     37.311556    0.477715    0.122177    9.111073   13.052917   86.8366   10.3988    1.0440
 
  rho^2(E0) 
 
   I  n_1 n_2  <In_1|E0|In_2>  rho^2(E0) 
   0   1   1       35.152549 2969.524845
   0   2   1       -0.126415    0.038403
   0   2   2       35.388923 3009.594592
   0   3   1        0.176923    0.075222
   0   3   2        0.000269    0.000000
   0   3   3       35.290149 2992.817914
   0   4   1       -0.000394    0.000000
   0   4   2       -0.017293    0.000719
   0   4   3        0.111839    0.030058
   0   4   4       37.620817 3401.181150
   2   1   1       35.198671 2977.322194
   2   2   1       -0.033202    0.002649
   2   2   2       35.322783 2998.355582
   2   3   1       -0.147271    0.052121
   2   3   2        0.023692    0.001349
   2   3   3       35.440896 3018.441011
   2   4   1        0.168523    0.068248
   2   4   2       -0.035440    0.003018
   2   4   3        0.003608    0.000031
   2   4   4       35.415973 3014.197258
   3   1   1       35.372775 3006.848642
   3   2   1       -0.223491    0.120031
   3   2   2       35.588454 3043.627873
   3   3   1        0.114063    0.031265
   3   3   2       -0.090952    0.019879
   3   3   3       35.911158 3099.075311
   3   4   1        0.057737    0.008011
   3   4   2        0.093935    0.021204
   3   4   3       -0.638077    0.978406
   3   4   4       37.387234 3359.077215
   4   1   1       35.264089 2988.399439
   4   2   1       -0.057302    0.007891
   4   2   2       35.386057 3009.107194
   4   3   1       -0.018116    0.000789
   4   3   2       -0.034768    0.002905
   4   3   3       35.454627 3020.780387
   4   4   1       -0.184744    0.082019
   4   4   2        0.029295    0.002062
   4   4   3        0.024595    0.001454
   4   4   4       35.550536 3037.145608
   5   1   1       35.449997 3019.991411
   5   2   1       -0.042727    0.004387
   5   2   2       35.515613 3031.181528
   5   3   1       -0.205767    0.101747
   5   3   2       -0.043551    0.004558
   5   3   3       36.475615 3197.264470
   5   4   1       -0.139007    0.046435
   5   4   2        0.032380    0.002520
   5   4   3       -0.894602    1.923240
   5   4   4       36.831949 3260.038294
   6   1   1       35.347980 3002.634825
   6   2   1       -0.074007    0.013162
   6   2   2       35.440531 3018.378912
   6   3   1        0.039506    0.003751
   6   3   2        0.035480    0.003025
   6   3   3       37.801748 3433.974525
   6   4   1        0.030233    0.002197
   6   4   2        0.043235    0.004492
   6   4   3        0.122421    0.036015
   6   4   4       35.538689 3035.121643
   7   1   1       35.535511 3034.578953
   7   2   1       -0.043265    0.004498
   7   2   2       35.612155 3047.683206
   7   3   1        0.078687    0.014879
   7   3   2        0.194307    0.090730
   7   3   3       37.683675 3412.556161
   7   4   1       -0.096553    0.022403
   7   4   2       -0.033350    0.002673
   7   4   3        0.076198    0.013953
   7   4   4       35.747013 3070.809184
   8   1   1       35.445286 3019.188753
   8   2   1       -0.002895    0.000020
   8   2   2       37.151438 3316.840264
   8   3   1       -0.092818    0.020703
   8   3   2       -1.123198    3.031697
   8   3   3       36.264535 3160.367027
   8   4   1        0.046612    0.005221
   8   4   2        0.034040    0.002784
   8   4   3        0.026981    0.001749
   8   4   4       35.627738 3050.350931
   9   1   1       35.637428 3052.010448
   9   2   1       -0.137469    0.045413
   9   2   2       37.835199 3440.054806
   9   3   1       -0.044551    0.004770
   9   3   2        0.354560    0.302101
   9   3   3       35.818093 3083.033294
   9   4   1        0.170528    0.069882
   9   4   2        0.574754    0.793849
   9   4   3        0.402162    0.388665
   9   4   4       37.190549 3323.827650
  10   1   1       37.576936 3393.251471
  10   2   1       -0.918840    2.028866
  10   2   2       35.965172 3108.404974
  10   3   1        0.242176    0.140941
  10   3   2       -0.067174    0.010844
  10   3   3       35.740840 3069.748652
  10   4   1       -0.469291    0.529246
  10   4   2        0.379520    0.346133
  10   4   3       -0.535956    0.690290
  10   4   4       37.311556 3345.492187
 
  E2 transition 
 
  I1  n1        I2  n2       <f||E2||i>   B(E2,I1->I2)  B(E2,I2->I1)
 ( 0   1) <--> ( 2   1)        2.039277      4.158649      0.831730   WU   430.704209     86.140842
 ( 0   1) <--> ( 2   2)       -0.134803      0.018172      0.003634   WU     1.882040      0.376408
 ( 0   1) <--> ( 2   3)       -0.178091      0.031717      0.006343   WU     3.284826      0.656965
 ( 0   1) <--> ( 2   4)        0.240989      0.058076      0.011615   WU     6.014781      1.202956
 ( 0   2) <--> ( 2   1)       -0.209790      0.044012      0.008802   WU     4.558245      0.911649
 ( 0   2) <--> ( 2   2)        1.195871      1.430107      0.286021   WU   148.113779     29.622756
 ( 0   2) <--> ( 2   3)        2.046869      4.189674      0.837935   WU   433.917399     86.783480
 ( 0   2) <--> ( 2   4)        0.250442      0.062721      0.012544   WU     6.495904      1.299181
 ( 0   3) <--> ( 2   1)        0.798633      0.637814      0.127563   WU    66.057345     13.211469
 ( 0   3) <--> ( 2   2)        0.403992      0.163210      0.032642   WU    16.903332      3.380666
 ( 0   3) <--> ( 2   3)       -0.404207      0.163383      0.032677   WU    16.921342      3.384268
 ( 0   3) <--> ( 2   4)        2.208423      4.877131      0.975426   WU   505.116163    101.023233
 ( 0   4) <--> ( 2   1)       -0.020047      0.000402      0.000080   WU     0.041621      0.008324
 ( 0   4) <--> ( 2   2)       -0.001791      0.000003      0.000001   WU     0.000332      0.000066
 ( 0   4) <--> ( 2   3)       -0.157022      0.024656      0.004931   WU     2.553560      0.510712
 ( 0   4) <--> ( 2   4)        0.706280      0.498832      0.099766   WU    51.663178     10.332636
 ( 2   1) <--> ( 2   1)       -1.716566     -1.301043   (eb)
 ( 2   2) <--> ( 2   1)       -1.911410      0.730698      0.730698   WU    75.677124     75.677124
 ( 2   2) <--> ( 2   2)        1.881119      1.425763   (eb)
 ( 2   3) <--> ( 2   1)        0.399466      0.031915      0.031915   WU     3.305342      3.305342
 ( 2   3) <--> ( 2   2)        0.093467      0.001747      0.001747   WU     0.180955      0.180955
 ( 2   3) <--> ( 2   3)       -1.744503     -1.322217   (eb)
 ( 2   4) <--> ( 2   1)       -0.376522      0.028354      0.028354   WU     2.936557      2.936557
 ( 2   4) <--> ( 2   2)       -0.787220      0.123943      0.123943   WU    12.836580     12.836580
 ( 2   4) <--> ( 2   3)       -0.058769      0.000691      0.000691   WU     0.071540      0.071540
 ( 2   4) <--> ( 2   4)       -1.639778     -1.242842   (eb)
 ( 2   1) <--> ( 3   1)       -0.144913      0.004200      0.003000   WU     0.434982      0.310702
 ( 2   1) <--> ( 3   2)       -0.118934      0.002829      0.002021   WU     0.293001      0.209286
 ( 2   1) <--> ( 3   3)       -0.032681      0.000214      0.000153   WU     0.022123      0.015802
 ( 2   1) <--> ( 3   4)       -0.005800      0.000007      0.000005   WU     0.000697      0.000498
 ( 2   2) <--> ( 3   1)       -3.138848      1.970473      1.407481   WU   204.078548    145.770392
 ( 2   2) <--> ( 3   2)        0.290338      0.016859      0.012042   WU     1.746076      1.247197
 ( 2   2) <--> ( 3   3)       -0.117549      0.002764      0.001974   WU     0.286218      0.204441
 ( 2   2) <--> ( 3   4)       -0.079099      0.001251      0.000894   WU     0.129599      0.092570
 ( 2   3) <--> ( 3   1)        1.842678      0.679092      0.485066   WU    70.332442     50.237459
 ( 2   3) <--> ( 3   2)       -0.372249      0.027714      0.019796   WU     2.870280      2.050200
 ( 2   3) <--> ( 3   3)        0.241112      0.011627      0.008305   WU     1.204190      0.860136
 ( 2   3) <--> ( 3   4)        0.117506      0.002762      0.001973   WU     0.286006      0.204290
 ( 2   4) <--> ( 3   1)        1.086938      0.236287      0.168776   WU    24.471845     17.479889
 ( 2   4) <--> ( 3   2)       -0.620181      0.076925      0.054946   WU     7.966969      5.690692
 ( 2   4) <--> ( 3   3)        0.140830      0.003967      0.002833   WU     0.410814      0.293438
 ( 2   4) <--> ( 3   4)        0.101215      0.002049      0.001464   WU     0.212201      0.151572
 ( 2   1) <--> ( 4   1)        3.494688      2.442569      1.356983   WU   252.972738    140.540410
 ( 2   1) <--> ( 4   2)        0.255581      0.013064      0.007258   WU     1.353054      0.751697
 ( 2   1) <--> ( 4   3)       -0.027341      0.000150      0.000083   WU     0.015484      0.008602
 ( 2   1) <--> ( 4   4)       -0.323466      0.020926      0.011626   WU     2.167269      1.204038
 ( 2   2) <--> ( 4   1)       -0.314132      0.019736      0.010964   WU     2.044008      1.135560
 ( 2   2) <--> ( 4   2)        2.861059      1.637131      0.909517   WU   169.554909     94.197171
 ( 2   2) <--> ( 4   3)        0.299555      0.017947      0.009970   WU     1.858703      1.032613
 ( 2   2) <--> ( 4   4)       -0.059831      0.000716      0.000398   WU     0.074149      0.041194
 ( 2   3) <--> ( 4   1)       -0.652080      0.085042      0.047245   WU     8.807618      4.893121
 ( 2   3) <--> ( 4   2)        1.188229      0.282377      0.156876   WU    29.245348     16.247416
 ( 2   3) <--> ( 4   3)        0.587636      0.069063      0.038368   WU     7.152754      3.973752
 ( 2   3) <--> ( 4   4)        3.433755      2.358135      1.310075   WU   244.228064    135.682258
 ( 2   4) <--> ( 4   1)        1.185611      0.281135      0.156186   WU    29.116663     16.175924
 ( 2   4) <--> ( 4   2)        0.626528      0.078508      0.043615   WU     8.130889      4.517161
 ( 2   4) <--> ( 4   3)        0.184720      0.006824      0.003791   WU     0.706783      0.392657
 ( 2   4) <--> ( 4   4)       -1.353763      0.366535      0.203630   WU    37.961395     21.089664
 ( 3   1) <--> ( 3   1)        0.000000      0.000000   (eb)
 ( 3   2) <--> ( 3   1)        0.000000      0.000000      0.000000   WU     0.000000      0.000000
 ( 3   2) <--> ( 3   2)        0.000000      0.000000   (eb)
 ( 3   3) <--> ( 3   1)        0.000000      0.000000      0.000000   WU     0.000000      0.000000
 ( 3   3) <--> ( 3   2)        0.000000      0.000000      0.000000   WU     0.000000      0.000000
 ( 3   3) <--> ( 3   3)        0.000000      0.000000   (eb)
 ( 3   4) <--> ( 3   1)        0.000000      0.000000      0.000000   WU     0.000000      0.000000
 ( 3   4) <--> ( 3   2)        0.000000      0.000000      0.000000   WU     0.000000      0.000000
 ( 3   4) <--> ( 3   3)        0.000000      0.000000      0.000000   WU     0.000000      0.000000
 ( 3   4) <--> ( 3   4)        0.000000      0.000000   (eb)
 ( 3   1) <--> ( 4   1)        1.696539      0.411178      0.319805   WU    42.584971     33.121644
 ( 3   1) <--> ( 4   2)       -1.435086      0.294210      0.228830   WU    30.470868     23.699564
 ( 3   1) <--> ( 4   3)       -3.064932      1.341973      1.043756   WU   138.985809    108.100074
 ( 3   1) <--> ( 4   4)        0.181991      0.004732      0.003680   WU     0.490039      0.381141
 ( 3   2) <--> ( 4   1)       -0.078021      0.000870      0.000676   WU     0.090064      0.070050
 ( 3   2) <--> ( 4   2)        0.485464      0.033668      0.026186   WU     3.486926      2.712054
 ( 3   2) <--> ( 4   3)        0.863807      0.106595      0.082907   WU    11.039818      8.586525
 ( 3   2) <--> ( 4   4)        2.016908      0.581131      0.451991   WU    60.186784     46.811943
 ( 3   3) <--> ( 4   1)        0.068675      0.000674      0.000524   WU     0.069780      0.054273
 ( 3   3) <--> ( 4   2)       -0.098746      0.001393      0.001083   WU     0.144266      0.112207
 ( 3   3) <--> ( 4   3)       -0.544685      0.042383      0.032965   WU     4.389541      3.414087
 ( 3   3) <--> ( 4   4)        0.427864      0.026152      0.020341   WU     2.708568      2.106664
 ( 3   4) <--> ( 4   1)        0.038630      0.000213      0.000166   WU     0.022079      0.017172
 ( 3   4) <--> ( 4   2)       -0.071190      0.000724      0.000563   WU     0.074984      0.058321
 ( 3   4) <--> ( 4   3)       -0.246759      0.008699      0.006766   WU     0.900896      0.700697
 ( 3   4) <--> ( 4   4)        0.209499      0.006270      0.004877   WU     0.649372      0.505067
 ( 3   1) <--> ( 5   1)        3.583985      1.834993      1.167723   WU   190.047053    120.939034
 ( 3   1) <--> ( 5   2)        0.653812      0.061067      0.038861   WU     6.324618      4.024757
 ( 3   1) <--> ( 5   3)       -0.204127      0.005953      0.003788   WU     0.616493      0.392314
 ( 3   1) <--> ( 5   4)       -0.196208      0.005500      0.003500   WU     0.569590      0.362466
 ( 3   2) <--> ( 5   1)       -0.992551      0.140737      0.089560   WU    14.575870      9.275554
 ( 3   2) <--> ( 5   2)        1.025435      0.150217      0.095592   WU    15.557684      9.900344
 ( 3   2) <--> ( 5   3)        3.057703      1.335650      0.849959   WU   138.331003     88.028820
 ( 3   2) <--> ( 5   4)        2.225579      0.707600      0.450291   WU    73.284979     46.635896
 ( 3   3) <--> ( 5   1)        0.668621      0.063865      0.040641   WU     6.614376      4.209149
 ( 3   3) <--> ( 5   2)        1.391093      0.276449      0.175922   WU    28.631309     18.219924
 ( 3   3) <--> ( 5   3)       -3.516328      1.766366      1.124051   WU   182.939511    116.416052
 ( 3   3) <--> ( 5   4)        2.179211      0.678423      0.431724   WU    70.263133     44.712903
 ( 3   4) <--> ( 5   1)        0.294556      0.012395      0.007888   WU     1.283702      0.816901
 ( 3   4) <--> ( 5   2)        0.382694      0.020922      0.013314   WU     2.166868      1.378916
 ( 3   4) <--> ( 5   3)        4.673845      3.120689      1.985893   WU   323.204469    205.675571
 ( 3   4) <--> ( 5   4)       -6.308455      5.685230      3.617874   WU   588.809591    374.697013
 ( 4   1) <--> ( 4   1)       -1.937894     -1.461357   (eb)
 ( 4   2) <--> ( 4   1)       -2.172918      0.524619      0.524619   WU    54.333924     54.333924
 ( 4   2) <--> ( 4   2)        0.814006      0.613838   (eb)
 ( 4   3) <--> ( 4   1)        0.021951      0.000054      0.000054   WU     0.005545      0.005545
 ( 4   3) <--> ( 4   2)       -3.062839      1.042331      1.042331   WU   107.952470    107.952470
 ( 4   3) <--> ( 4   3)        1.671964      1.260820   (eb)
 ( 4   4) <--> ( 4   1)        0.634031      0.044666      0.044666   WU     4.625999      4.625999
 ( 4   4) <--> ( 4   2)        0.530926      0.031320      0.031320   WU     3.243783      3.243783
 ( 4   4) <--> ( 4   3)        0.642011      0.045798      0.045798   WU     4.743171      4.743171
 ( 4   4) <--> ( 4   4)       -2.519485     -1.899932   (eb)
 ( 4   1) <--> ( 5   1)        0.173155      0.003331      0.002726   WU     0.345027      0.282295
 ( 4   1) <--> ( 5   2)       -0.015871      0.000028      0.000023   WU     0.002899      0.002372
 ( 4   1) <--> ( 5   3)       -0.075829      0.000639      0.000523   WU     0.066170      0.054139
 ( 4   1) <--> ( 5   4)       -0.086114      0.000824      0.000674   WU     0.085335      0.069820
 ( 4   2) <--> ( 5   1)       -2.577937      0.738418      0.604160   WU    76.476663     62.571815
 ( 4   2) <--> ( 5   2)        0.094245      0.000987      0.000807   WU     0.102212      0.083628
 ( 4   2) <--> ( 5   3)        0.147576      0.002420      0.001980   WU     0.250618      0.205051
 ( 4   2) <--> ( 5   4)        0.123606      0.001698      0.001389   WU     0.175818      0.143851
 ( 4   3) <--> ( 5   1)        0.668408      0.049641      0.040615   WU     5.141243      4.206472
 ( 4   3) <--> ( 5   2)       -4.487143      2.237162      1.830405   WU   231.699014    189.571921
 ( 4   3) <--> ( 5   3)        0.115974      0.001494      0.001223   WU     0.154778      0.126636
 ( 4   3) <--> ( 5   4)        0.141038      0.002210      0.001808   WU     0.228907      0.187288
 ( 4   4) <--> ( 5   1)        1.812899      0.365178      0.298782   WU    37.820867     30.944345
 ( 4   4) <--> ( 5   2)        0.711214      0.056203      0.045984   WU     5.820830      4.762498
 ( 4   4) <--> ( 5   3)       -0.200419      0.004463      0.003652   WU     0.462233      0.378191
 ( 4   4) <--> ( 5   4)        0.049826      0.000276      0.000226   WU     0.028569      0.023374
 ( 4   1) <--> ( 6   1)        4.805488      2.565857      1.776363   WU   265.741455    183.974854
 ( 4   1) <--> ( 6   2)        0.574177      0.036631      0.025360   WU     3.793813      2.626486
 ( 4   1) <--> ( 6   3)        0.032248      0.000116      0.000080   WU     0.011967      0.008285
 ( 4   1) <--> ( 6   4)        0.060104      0.000401      0.000278   WU     0.041571      0.028780
 ( 4   2) <--> ( 6   1)       -0.705105      0.055241      0.038244   WU     5.721256      3.960870
 ( 4   2) <--> ( 6   2)        4.379512      2.131125      1.475394   WU   220.716971    152.804057
 ( 4   2) <--> ( 6   3)        0.021136      0.000050      0.000034   WU     0.005141      0.003559
 ( 4   2) <--> ( 6   4)       -0.491191      0.026808      0.018559   WU     2.776424      1.922140
 ( 4   3) <--> ( 6   1)       -0.561847      0.035075      0.024282   WU     3.632625      2.514894
 ( 4   3) <--> ( 6   2)        0.377692      0.015850      0.010973   WU     1.641569      1.136471
 ( 4   3) <--> ( 6   3)        0.211919      0.004990      0.003455   WU     0.516804      0.357787
 ( 4   3) <--> ( 6   4)       -3.516954      1.374329      0.951459   WU   142.336942     98.540960
 ( 4   4) <--> ( 6   1)       -1.235636      0.169644      0.117446   WU    17.569734     12.163662
 ( 4   4) <--> ( 6   2)        0.773618      0.066498      0.046037   WU     6.887120      4.768006
 ( 4   4) <--> ( 6   3)       -2.269699      0.572393      0.396272   WU    59.281748     41.041210
 ( 4   4) <--> ( 6   4)       -0.655110      0.047686      0.033013   WU     4.938708      3.419105
 ( 5   1) <--> ( 5   1)       -0.246268     -0.178822   (eb)
 ( 5   2) <--> ( 5   1)       -2.648215      0.637549      0.637549   WU    66.029879     66.029879
 ( 5   2) <--> ( 5   2)        0.303493      0.220374   (eb)
 ( 5   3) <--> ( 5   1)        0.233350      0.004950      0.004950   WU     0.512684      0.512684
 ( 5   3) <--> ( 5   2)        0.537634      0.026277      0.026277   WU     2.721491      2.721491
 ( 5   3) <--> ( 5   3)       -3.221520     -2.339232   (eb)
 ( 5   4) <--> ( 5   1)        0.213291      0.004136      0.004136   WU     0.428330      0.428330
 ( 5   4) <--> ( 5   2)        0.219106      0.004364      0.004364   WU     0.452003      0.452003
 ( 5   4) <--> ( 5   3)        2.469128      0.554236      0.554236   WU    57.401236     57.401236
 ( 5   4) <--> ( 5   4)       -3.794591     -2.755355   (eb)
 ( 5   1) <--> ( 6   1)        2.332980      0.494800      0.418677   WU    51.245544     43.361614
 ( 5   1) <--> ( 6   2)       -1.475468      0.197910      0.167462   WU    20.497163     17.343753
 ( 5   1) <--> ( 6   3)       -0.063080      0.000362      0.000306   WU     0.037464      0.031700
 ( 5   1) <--> ( 6   4)        2.107086      0.403619      0.341524   WU    41.802173     35.371069
 ( 5   2) <--> ( 6   1)        0.091310      0.000758      0.000641   WU     0.078500      0.066423
 ( 5   2) <--> ( 6   2)        1.478448      0.198710      0.168139   WU    20.580039     17.413879
 ( 5   2) <--> ( 6   3)       -0.047825      0.000208      0.000176   WU     0.021535      0.018222
 ( 5   2) <--> ( 6   4)        0.846154      0.065089      0.055075   WU     6.741133      5.704036
 ( 5   3) <--> ( 6   1)       -0.110912      0.001118      0.000946   WU     0.115822      0.098003
 ( 5   3) <--> ( 6   2)        0.351254      0.011216      0.009491   WU     1.161655      0.982939
 ( 5   3) <--> ( 6   3)       -0.738080      0.049524      0.041905   WU     5.129098      4.340006
 ( 5   3) <--> ( 6   4)       -0.817289      0.060724      0.051382   WU     6.289059      5.321512
 ( 5   4) <--> ( 6   1)       -0.084888      0.000655      0.000554   WU     0.067846      0.057408
 ( 5   4) <--> ( 6   2)        0.297802      0.008062      0.006822   WU     0.835006      0.706544
 ( 5   4) <--> ( 6   3)        0.610763      0.033912      0.028695   WU     3.512207      2.971867
 ( 5   4) <--> ( 6   4)       -0.461990      0.019403      0.016418   WU     2.009548      1.700387
 ( 5   1) <--> ( 7   1)        5.174948      2.434554      1.785339   WU   252.142566    184.904548
 ( 5   1) <--> ( 7   2)        0.831240      0.062815      0.046064   WU     6.505602      4.770775
 ( 5   1) <--> ( 7   3)       -0.056054      0.000286      0.000209   WU     0.029583      0.021694
 ( 5   1) <--> ( 7   4)       -0.156796      0.002235      0.001639   WU     0.231475      0.169748
 ( 5   2) <--> ( 7   1)       -0.193487      0.003403      0.002496   WU     0.352484      0.258489
 ( 5   2) <--> ( 7   2)        4.056413      1.495862      1.096966   WU   154.923918    113.610873
 ( 5   2) <--> ( 7   3)       -0.163124      0.002419      0.001774   WU     0.250535      0.183725
 ( 5   2) <--> ( 7   4)        1.025172      0.095543      0.070065   WU     9.895269      7.256530
 ( 5   3) <--> ( 7   1)       -1.402689      0.178867      0.131169   WU    18.524935     13.584953
 ( 5   3) <--> ( 7   2)       -0.779198      0.055195      0.040477   WU     5.716489      4.192092
 ( 5   3) <--> ( 7   3)       -8.297486      6.258934      4.589885   WU   648.227180    475.366598
 ( 5   3) <--> ( 7   4)        1.668566      0.253101      0.185608   WU    26.213266     19.223062
 ( 5   4) <--> ( 7   1)       -0.796707      0.057704      0.042316   WU     5.976291      4.382614
 ( 5   4) <--> ( 7   2)        1.320993      0.158638      0.116335   WU    16.429904     12.048596
 ( 5   4) <--> ( 7   3)        8.738442      6.941852      5.090692   WU   718.955834    527.234278
 ( 5   4) <--> ( 7   4)        1.786641      0.290189      0.212806   WU    30.054431     22.039916
 ( 6   1) <--> ( 6   1)       -1.888368     -1.316565   (eb)
 ( 6   2) <--> ( 6   1)       -2.531810      0.493082      0.493082   WU    51.067630     51.067630
 ( 6   2) <--> ( 6   2)       -0.174185     -0.121441   (eb)
 ( 6   3) <--> ( 6   1)       -0.082774      0.000527      0.000527   WU     0.054584      0.054584
 ( 6   3) <--> ( 6   2)       -0.447840      0.015428      0.015428   WU     1.597825      1.597825
 ( 6   3) <--> ( 6   3)      -11.696544     -8.154796   (eb)
 ( 6   4) <--> ( 6   1)       -0.346441      0.009232      0.009232   WU     0.956186      0.956186
 ( 6   4) <--> ( 6   2)        3.538990      0.963419      0.963419   WU    99.779718     99.779718
 ( 6   4) <--> ( 6   3)       -0.746197      0.042832      0.042832   WU     4.435992      4.435992
 ( 6   4) <--> ( 6   4)        2.125896      1.482168   (eb)
 ( 6   1) <--> ( 7   1)        0.502115      0.019394      0.016808   WU     2.008582      1.740771
 ( 6   1) <--> ( 7   2)        0.001319      0.000000      0.000000   WU     0.000014      0.000012
 ( 6   1) <--> ( 7   3)       -0.000970      0.000000      0.000000   WU     0.000007      0.000006
 ( 6   1) <--> ( 7   4)       -0.070108      0.000378      0.000328   WU     0.039158      0.033937
 ( 6   2) <--> ( 7   1)       -2.348598      0.424301      0.367727   WU    43.944117     38.084901
 ( 6   2) <--> ( 7   2)        0.175256      0.002363      0.002048   WU     0.244699      0.212072
 ( 6   2) <--> ( 7   3)       -0.022806      0.000040      0.000035   WU     0.004144      0.003591
 ( 6   2) <--> ( 7   4)        0.072040      0.000399      0.000346   WU     0.041345      0.035833
 ( 6   3) <--> ( 7   1)        0.041914      0.000135      0.000117   WU     0.013996      0.012130
 ( 6   3) <--> ( 7   2)       -0.334580      0.008611      0.007463   WU     0.891832      0.772921
 ( 6   3) <--> ( 7   3)       -0.792952      0.048367      0.041918   WU     5.009307      4.341399
 ( 6   3) <--> ( 7   4)       -0.000521      0.000000      0.000000   WU     0.000002      0.000002
 ( 6   4) <--> ( 7   1)       -1.140781      0.100106      0.086759   WU    10.367832      8.985455
 ( 6   4) <--> ( 7   2)        3.826797      1.126490      0.976292   WU   116.668700    101.112873
 ( 6   4) <--> ( 7   3)       -0.277605      0.005928      0.005138   WU     0.613956      0.532095
 ( 6   4) <--> ( 7   4)       -0.434656      0.014533      0.012595   WU     1.505135      1.304450
 ( 6   1) <--> ( 8   1)        6.119866      2.880981      2.203103   WU   298.378307    228.171647
 ( 6   1) <--> ( 8   2)        0.458662      0.016182      0.012375   WU     1.675984      1.281635
 ( 6   1) <--> ( 8   3)        0.698640      0.037546      0.028712   WU     3.888580      2.973620
 ( 6   1) <--> ( 8   4)        0.120915      0.001125      0.000860   WU     0.116479      0.089072
 ( 6   2) <--> ( 8   1)       -0.964959      0.071627      0.054773   WU     7.418250      5.672779
 ( 6   2) <--> ( 8   2)        3.382470      0.880085      0.673006   WU    91.148878     69.702083
 ( 6   2) <--> ( 8   3)        4.635469      1.652890      1.263975   WU   171.187021    130.907722
 ( 6   2) <--> ( 8   4)       -0.604110      0.028073      0.021468   WU     2.907471      2.223360
 ( 6   3) <--> ( 8   1)        0.439453      0.014855      0.011360   WU     1.538537      1.176528
 ( 6   3) <--> ( 8   2)       12.902812     12.806351      9.793092   WU  1326.331933   1014.253831
 ( 6   3) <--> ( 8   3)       -8.614415      5.708319      4.365185   WU   591.200843    452.094762
 ( 6   3) <--> ( 8   4)       -0.117070      0.001054      0.000806   WU     0.109188      0.083497
 ( 6   4) <--> ( 8   1)        0.870319      0.058266      0.044556   WU     6.034494      4.614613
 ( 6   4) <--> ( 8   2)        0.446366      0.015326      0.011720   WU     1.587325      1.213837
 ( 6   4) <--> ( 8   3)       -0.768433      0.045422      0.034735   WU     4.704310      3.597414
 ( 6   4) <--> ( 8   4)        5.043745      1.956874      1.496433   WU   202.670125    154.983037
 ( 7   1) <--> ( 7   1)       -0.217321     -0.145532   (eb)
 ( 7   2) <--> ( 7   1)       -3.176932      0.672860      0.672860   WU    69.686930     69.686930
 ( 7   2) <--> ( 7   2)       -0.105380     -0.070569   (eb)
 ( 7   3) <--> ( 7   1)        0.107795      0.000775      0.000775   WU     0.080229      0.080229
 ( 7   3) <--> ( 7   2)       -1.059238      0.074799      0.074799   WU     7.746810      7.746810
 ( 7   3) <--> ( 7   3)       -9.235307     -6.184533   (eb)
 ( 7   4) <--> ( 7   1)        0.417294      0.011609      0.011609   WU     1.202319      1.202319
 ( 7   4) <--> ( 7   2)       -2.923940      0.569962      0.569962   WU    59.029980     59.029980
 ( 7   4) <--> ( 7   3)       -0.108924      0.000791      0.000791   WU     0.081919      0.081919
 ( 7   4) <--> ( 7   4)        0.182232      0.122034   (eb)
 ( 7   1) <--> ( 8   1)        2.870056      0.549148      0.484542   WU    56.874319     50.183222
 ( 7   1) <--> ( 8   2)       -0.783601      0.040935      0.036119   WU     4.239611      3.740833
 ( 7   1) <--> ( 8   3)       -1.138299      0.086382      0.076219   WU     8.946407      7.893889
 ( 7   1) <--> ( 8   4)        1.539235      0.157950      0.139367   WU    16.358580     14.434042
 ( 7   2) <--> ( 8   1)        0.075406      0.000379      0.000334   WU     0.039260      0.034641
 ( 7   2) <--> ( 8   2)        1.215915      0.098563      0.086968   WU    10.208037      9.007091
 ( 7   2) <--> ( 8   3)        1.624263      0.175882      0.155190   WU    18.215810     16.072773
 ( 7   2) <--> ( 8   4)        1.547634      0.159678      0.140892   WU    16.537577     14.591980
 ( 7   3) <--> ( 8   1)        0.025459      0.000043      0.000038   WU     0.004475      0.003949
 ( 7   3) <--> ( 8   2)        0.862034      0.049540      0.043712   WU     5.130792      4.527169
 ( 7   3) <--> ( 8   3)       -0.831895      0.046137      0.040709   WU     4.778288      4.216137
 ( 7   3) <--> ( 8   4)        0.532772      0.018923      0.016697   WU     1.959828      1.729260
 ( 7   4) <--> ( 8   1)       -0.071210      0.000338      0.000298   WU     0.035012      0.030893
 ( 7   4) <--> ( 8   2)        0.169262      0.001910      0.001685   WU     0.197812      0.174540
 ( 7   4) <--> ( 8   3)        0.233785      0.003644      0.003215   WU     0.377370      0.332973
 ( 7   4) <--> ( 8   4)       -1.639923      0.179290      0.158197   WU    18.568736     16.384179
 ( 7   1) <--> ( 9   1)        6.608018      2.911060      2.298205   WU   301.493510    238.021192
 ( 7   1) <--> ( 9   2)        0.085855      0.000491      0.000388   WU     0.050894      0.040180
 ( 7   1) <--> ( 9   3)        0.870540      0.050523      0.039886   WU     5.232547      4.130958
 ( 7   1) <--> ( 9   4)       -0.150142      0.001503      0.001186   WU     0.155647      0.122879
 ( 7   2) <--> ( 9   1)       -0.018808      0.000024      0.000019   WU     0.002442      0.001928
 ( 7   2) <--> ( 9   2)       -1.964493      0.257282      0.203118   WU    26.646279     21.036536
 ( 7   2) <--> ( 9   3)        5.689294      2.157871      1.703582   WU   223.487023    176.437123
 ( 7   2) <--> ( 9   4)       -0.581273      0.022525      0.017783   WU     2.332902      1.841765
 ( 7   3) <--> ( 9   1)        1.198050      0.095688      0.075543   WU     9.910263      7.823892
 ( 7   3) <--> ( 9   2)      -14.838908     14.679546     11.589115   WU  1520.335597   1200.264945
 ( 7   3) <--> ( 9   3)       -2.022828      0.272789      0.215360   WU    28.252292     22.304441
 ( 7   3) <--> ( 9   4)        0.023267      0.000036      0.000028   WU     0.003738      0.002951
 ( 7   4) <--> ( 9   1)       -1.014500      0.068614      0.054169   WU     7.106240      5.610190
 ( 7   4) <--> ( 9   2)       -0.479393      0.015321      0.012096   WU     1.586787      1.252727
 ( 7   4) <--> ( 9   3)       -0.047198      0.000149      0.000117   WU     0.015381      0.012143
 ( 7   4) <--> ( 9   4)       -2.262660      0.341309      0.269454   WU    35.348748     27.906906
 ( 8   1) <--> ( 8   1)       -1.673402     -1.077999   (eb)
 ( 8   2) <--> ( 8   1)       -1.743064      0.178722      0.178722   WU    18.509919     18.509919
 ( 8   2) <--> ( 8   2)       -9.796600     -6.310930   (eb)
 ( 8   3) <--> ( 8   1)       -2.199049      0.284460      0.284460   WU    29.461022     29.461022
 ( 8   3) <--> ( 8   2)        5.718834      1.923828      1.923828   WU   199.247541    199.247541
 ( 8   3) <--> ( 8   3)       -5.137976     -3.309864   (eb)
 ( 8   4) <--> ( 8   1)       -0.736013      0.031866      0.031866   WU     3.300265      3.300265
 ( 8   4) <--> ( 8   2)        2.117821      0.263833      0.263833   WU    27.324769     27.324769
 ( 8   4) <--> ( 8   3)        3.064928      0.552575      0.552575   WU    57.229291     57.229291
 ( 8   4) <--> ( 8   4)        1.943138      1.251762   (eb)
 ( 8   1) <--> ( 9   1)        0.817744      0.039336      0.035195   WU     4.073923      3.645089
 ( 8   1) <--> ( 9   2)        0.044286      0.000115      0.000103   WU     0.011948      0.010691
 ( 8   1) <--> ( 9   3)        0.014199      0.000012      0.000011   WU     0.001228      0.001099
 ( 8   1) <--> ( 9   4)       -0.022732      0.000030      0.000027   WU     0.003148      0.002817
 ( 8   2) <--> ( 9   1)       -1.278957      0.096220      0.086091   WU     9.965293      8.916315
 ( 8   2) <--> ( 9   2)        0.600282      0.021196      0.018965   WU     2.195276      1.964194
 ( 8   2) <--> ( 9   3)        0.177226      0.001848      0.001653   WU     0.191352      0.171210
 ( 8   2) <--> ( 9   4)       -0.012789      0.000010      0.000009   WU     0.000996      0.000891
 ( 8   3) <--> ( 9   1)       -1.794371      0.189398      0.169461   WU    19.615626     17.550823
 ( 8   3) <--> ( 9   2)       -0.577269      0.019602      0.017539   WU     2.030180      1.816477
 ( 8   3) <--> ( 9   3)        0.183179      0.001974      0.001766   WU     0.204422      0.182904
 ( 8   3) <--> ( 9   4)       -0.050380      0.000149      0.000134   WU     0.015463      0.013836
 ( 8   4) <--> ( 9   1)       -1.410471      0.117025      0.104707   WU    12.120098     10.844299
 ( 8   4) <--> ( 9   2)       -0.974985      0.055917      0.050031   WU     5.791270      5.181663
 ( 8   4) <--> ( 9   3)        3.412439      0.684985      0.612881   WU    70.942696     63.475044
 ( 8   4) <--> ( 9   4)       -0.450887      0.011959      0.010700   WU     1.238549      1.108175
 ( 8   1) <--> (10   1)        3.329671      0.652159      0.527939   WU    67.543044     54.677702
 ( 8   1) <--> (10   2)        6.699755      2.640395      2.137463   WU   273.461263    221.373403
 ( 8   1) <--> (10   3)       -0.883620      0.045928      0.037180   WU     4.756734      3.850689
 ( 8   1) <--> (10   4)       -0.270263      0.004297      0.003478   WU     0.444990      0.360230
 ( 8   2) <--> (10   1)       13.385161     10.538973      8.531549   WU  1091.503446    883.598027
 ( 8   2) <--> (10   2)       -6.567431      2.537127      2.053865   WU   262.765900    212.715252
 ( 8   2) <--> (10   3)       -3.262286      0.626030      0.506786   WU    64.836843     52.486968
 ( 8   2) <--> (10   4)       -1.434117      0.120982      0.097938   WU    12.529880     10.143236
 ( 8   3) <--> (10   1)       -9.301305      5.089075      4.119728   WU   527.066883    426.673191
 ( 8   3) <--> (10   2)        3.296016      0.639042      0.517320   WU    66.184532     53.577954
 ( 8   3) <--> (10   3)       -6.251379      2.298808      1.860940   WU   238.083633    192.734369
 ( 8   3) <--> (10   4)       -0.609050      0.021820      0.017664   WU     2.259871      1.829420
 ( 8   4) <--> (10   1)        0.581485      0.019890      0.016101   WU     2.059942      1.667572
 ( 8   4) <--> (10   2)        1.036358      0.063179      0.051145   WU     6.543309      5.296964
 ( 8   4) <--> (10   3)        0.241708      0.003437      0.002782   WU     0.355926      0.288131
 ( 8   4) <--> (10   4)        0.402637      0.009536      0.007720   WU     0.987653      0.799529
 ( 9   1) <--> ( 9   1)       -0.283084     -0.175762   (eb)
 ( 9   2) <--> ( 9   1)        1.076249      0.060964      0.060964   WU     6.313910      6.313910
 ( 9   2) <--> ( 9   2)      -11.824308     -7.341502   (eb)
 ( 9   3) <--> ( 9   1)       -3.356906      0.593096      0.593096   WU    61.425905     61.425905
 ( 9   3) <--> ( 9   2)       -1.603826      0.135382      0.135382   WU    14.021285     14.021285
 ( 9   3) <--> ( 9   3)       -1.326256     -0.823449   (eb)
 ( 9   4) <--> ( 9   1)        0.279023      0.004098      0.004098   WU     0.424380      0.424380
 ( 9   4) <--> ( 9   2)       -1.901614      0.190323      0.190323   WU    19.711419     19.711419
 ( 9   4) <--> ( 9   3)       -2.513807      0.332591      0.332591   WU    34.445857     34.445857
 ( 9   4) <--> ( 9   4)       -7.823635     -4.857555   (eb)
 ( 9   1) <--> (10   1)        1.403568      0.103684      0.093810   WU    10.738421      9.715714
 ( 9   1) <--> (10   2)        3.014665      0.478327      0.432772   WU    49.539467     44.821422
 ( 9   1) <--> (10   3)        1.161266      0.070976      0.064216   WU     7.350832      6.650752
 ( 9   1) <--> (10   4)        0.536262      0.015136      0.013694   WU     1.567573      1.418280
 ( 9   2) <--> (10   1)       -1.219988      0.078335      0.070875   WU     8.113053      7.340382
 ( 9   2) <--> (10   2)        0.656925      0.022713      0.020550   WU     2.352366      2.128331
 ( 9   2) <--> (10   3)        0.582656      0.017868      0.016166   WU     1.850536      1.674294
 ( 9   2) <--> (10   4)       -1.958731      0.201928      0.182697   WU    20.913312     18.921568
 ( 9   3) <--> (10   1)       -0.057573      0.000174      0.000158   WU     0.018068      0.016347
 ( 9   3) <--> (10   2)        0.066339      0.000232      0.000210   WU     0.023989      0.021705
 ( 9   3) <--> (10   3)       -2.380615      0.298280      0.269873   WU    30.892387     27.950255
 ( 9   3) <--> (10   4)       -0.562334      0.016643      0.015058   WU     1.723702      1.559540
 ( 9   4) <--> (10   1)       -0.000805      0.000000      0.000000   WU     0.000004      0.000003
 ( 9   4) <--> (10   2)        0.091602      0.000442      0.000400   WU     0.045738      0.041382
 ( 9   4) <--> (10   3)        0.099711      0.000523      0.000473   WU     0.054195      0.049033
 ( 9   4) <--> (10   4)        1.645875      0.142574      0.128996   WU    14.766146     13.359847
 (10   1) <--> (10   1)      -13.059199     -7.830209   (eb)
 (10   2) <--> (10   1)        5.105272      1.241133      1.241133   WU   128.542062    128.542062
 (10   2) <--> (10   2)       -3.760722     -2.254904   (eb)
 (10   3) <--> (10   1)        0.374743      0.006687      0.006687   WU     0.692589      0.692589
 (10   3) <--> (10   2)        3.076186      0.450615      0.450615   WU    46.669457     46.669457
 (10   3) <--> (10   3)       -3.345255     -2.005793   (eb)
 (10   4) <--> (10   1)        1.930874      0.177537      0.177537   WU    18.387184     18.387184
 (10   4) <--> (10   2)       -0.614571      0.017986      0.017986   WU     1.862735      1.862735
 (10   4) <--> (10   3)        3.128741      0.466144      0.466144   WU    48.277735     48.277735
 (10   4) <--> (10   4)      -11.935295     -7.156324   (eb)
 
  quadrupole shape invariant: 01+, 02+, 03+, 04+
quadr2     4.28606665     5.88876581     6.03596290    40.47545807
quadr3     5.85865630     2.48095572    13.92737877   259.95716011
  effective deformation parameters:  01+, 02+, 03+, 04+
beteff     0.16596624     0.19453710     0.19695344     0.51001880
cos3ga     0.66025187     0.17361314     0.93918153     1.00951814
 
 ********* END Transition **************************
