 ********* BEGIN READER ****************************
 
 Nucleus            :  Ca  20  36
 Imin, Imax         :     0  10
 imu, remu          :     1 12.0000
 nlevel             :     4
 observables        :     2
 wave fun           :     1
 nbet, ngam, npar   :    10   7  10
 Finish reading parameters: V, B_k ...
 
 ********* END READER ******************************
 
 ********* BEGIN LEVELS ********************
 
 E_0 =  -452.586079
 
  I=   0   ntot= 127
   0   1    0.000000
   0   2    2.903348
   0   3    5.566479
   0   4    6.441058
 
  I=   2   ntot= 234
   2   1    2.595974
   2   2    4.055544
   2   3    4.833840
   2   4    6.792301
 
  I=   3   ntot= 108
   3   1    5.232614
   3   2    9.085219
   3   3    9.909792
   3   4   12.765801
 
  I=   4   ntot= 324
   4   1    4.619106
   4   2    5.865707
   4   3    6.769207
   4   4    7.802549
 
  I=   5   ntot= 198
   5   1    7.082625
   5   2    8.351213
   5   3   11.301840
   5   4   11.959603
 
  I=   6   ntot= 432
   6   1    6.673326
   6   2    8.076669
   6   3    9.111893
   6   4   10.243075
 
  I=   7   ntot= 306
   7   1    9.328507
   7   2   10.817697
   7   3   12.331546
   7   4   13.763758
 
  I=   8   ntot= 522
   8   1    9.034556
   8   2   10.684297
   8   3   11.886513
   8   4   12.978653
 
  I=   9   ntot= 397
   9   1   11.986372
   9   2   13.699373
   9   3   15.411014
   9   4   16.550889
 
  I=  10   ntot= 630
  10   1   11.781235
  10   2   13.695278
  10   3   15.059575
  10   4   15.977532
 
 ********* END LEVELS **********************
 
 ********* BEGIN Transition ************************
 
  Monopole moment 
 
   I   n    <In|E0|In>   ave \beta      del<b>   ave \gamma    del<g>  
     K=0       K=2       K=4   
   0   1     12.623020    0.222690    0.088695   28.131819   11.054804  100.0000    0.0000    0.0000
   0   2     13.129148    0.391961    0.109148   27.506917   10.510634   99.9999    0.0000    0.0000
   0   3     13.273921    0.448603    0.111566   19.163846   12.854379   99.9996    0.0000    0.0000
   0   4     13.195064    0.402790    0.137831   29.003770    8.890366   99.9998    0.0000    0.0000
   2   1     12.946972    0.333933    0.102393   28.650364   10.552673   53.7713   46.2287    0.0000
   2   2     13.216445    0.422929    0.092367   23.767827   10.085185   51.3804   48.6194    0.0000
   2   3     13.077035    0.377906    0.139929   27.323930    9.979052   54.1788   45.8211    0.0000
   2   4     13.281937    0.439611    0.112762   23.451049   10.625762   56.2926   43.7071    0.0000
   3   1     13.321078    0.445783    0.082065   25.310394    8.752594    0.0000   99.9998    0.0000
   3   2     13.427550    0.477197    0.134405   22.286831    8.358850    0.0000   99.9993    0.0000
   3   3     13.461682    0.479473    0.082954   24.250021   12.204896    0.0000   99.9997    0.0000
   3   4     13.355072    0.453137    0.158844   24.290003    7.092439    0.0000   99.9990    0.0000
   4   1     13.206892    0.411128    0.090178   26.899186   10.414029   52.5917   34.0421   13.3661
   4   2     13.318942    0.450891    0.088825   23.049925   10.687312   51.8402   20.0028   28.1567
   4   3     13.372547    0.457878    0.083810   25.258550    9.055653    2.1050   50.5176   47.3772
   4   4     13.182410    0.404748    0.145173   26.064192    9.586849   43.8428   31.3315   24.8254
   5   1     13.396374    0.466907    0.079398   24.371038    8.611437    0.0000   86.2976   13.7021
   5   2     13.429609    0.470491    0.077561   25.606125    8.394173    0.0000   15.3924   84.6073
   5   3     13.562369    0.511351    0.120225   21.565872    8.282091    0.0000   80.4775   19.5213
   5   4     13.523111    0.492365    0.077108   24.458758   10.725983    0.0000   90.6941    9.3056
   6   1     13.329674    0.447641    0.084052   25.107604   10.112198   54.6997   34.3598    7.7753
   6   2     13.395261    0.472174    0.086579   22.187167   10.995036   50.3142   20.2752   19.6666
   6   3     13.427742    0.472201    0.085915   24.607787    9.807167    3.0921   50.7530   18.1906
   6   4     13.464800    0.477848    0.083747   25.546417    8.623704    4.1523    2.1302   63.0017
   7   1     13.457616    0.484167    0.077766   23.469644    8.438548    0.0000   79.9240   18.2819
   7   2     13.486344    0.487034    0.078029   24.433537    8.656008    0.0000   22.5304   61.3942
   7   3     13.502667    0.483846    0.076285   26.383132    8.019562    0.0000    0.4155   21.8825
   7   4     13.622886    0.526936    0.112400   21.143586    8.221709    0.0000   73.7786   21.8604
   8   1     13.409058    0.470625    0.081149   23.931631    9.743816   53.6705   36.4881    7.2628
   8   2     13.458881    0.490539    0.084609   21.204077   11.047123   51.5554   18.3660   20.4588
   8   3     13.489514    0.490262    0.086911   23.353458   10.136484    4.8126   53.1450   14.8315
   8   4     13.536929    0.502955    0.089037   22.742452    9.702083   20.0874    9.1434   60.0587
   9   1     13.512609    0.499112    0.076659   22.749492    8.250362    0.0000   74.4144   22.4936
   9   2     13.539499    0.502666    0.077977   23.297448    8.760270    0.0000   28.4719   48.9794
   9   3     13.554676    0.499139    0.079050   25.108188    8.464082    0.0000    1.1201   32.3726
   9   4     13.660724    0.535199    0.107894   21.220004    8.061719    0.0000   66.9797   23.4411
  10   1     13.471637    0.488033    0.079256   23.101173    9.385571   51.3712   38.7533    7.6556
  10   2     13.513426    0.505560    0.083308   20.497001   11.074192   52.9431   14.8716   22.1547
  10   3     13.550820    0.508981    0.087151   21.924919   10.151706    7.7340   56.9254   10.9543
  10   4     13.594711    0.521263    0.087446   21.257313    9.781762   30.0214   14.7018   48.8058
 
  rho^2(E0) 
 
   I  n_1 n_2  <In_1|E0|In_2>  rho^2(E0) 
   0   1   1       12.623020  143.464377
   0   2   1       -0.196703    0.034837
   0   2   2       13.129148  155.199610
   0   3   1       -0.012003    0.000130
   0   3   2       -0.121776    0.013352
   0   3   3       13.273921  158.641203
   0   4   1        0.057476    0.002974
   0   4   2        0.321046    0.092801
   0   4   3        0.008477    0.000065
   0   4   4       13.195064  156.761919
   2   1   1       12.946972  150.922504
   2   2   1       -0.020403    0.000375
   2   2   2       13.216445  157.270346
   2   3   1       -0.310880    0.087017
   2   3   2        0.015614    0.000220
   2   3   3       13.077035  153.970011
   2   4   1        0.001241    0.000001
   2   4   2        0.176280    0.027978
   2   4   3       -0.077155    0.005360
   2   4   4       13.281937  158.832870
   3   1   1       13.321078  159.770389
   3   2   1        0.301960    0.082095
   3   2   2       13.427550  162.334611
   3   3   1        0.070659    0.004495
   3   3   2       -0.064928    0.003796
   3   3   3       13.461682  163.160953
   3   4   1        0.038723    0.001350
   3   4   2        0.428486    0.165307
   3   4   3        0.118860    0.012720
   3   4   4       13.355072  160.586860
   4   1   1       13.206892  157.043071
   4   2   1       -0.045806    0.001889
   4   2   2       13.318942  159.719151
   4   3   1        0.050787    0.002322
   4   3   2        0.038129    0.001309
   4   3   3       13.372547  161.007400
   4   4   1        0.294728    0.078209
   4   4   2        0.013666    0.000168
   4   4   3       -0.026632    0.000639
   4   4   4       13.182410  156.461386
   5   1   1       13.396374  161.581679
   5   2   1        0.025977    0.000608
   5   2   2       13.429609  162.384394
   5   3   1       -0.290838    0.076159
   5   3   2        0.011293    0.000115
   5   3   3       13.562369  165.610796
   5   4   1        0.109029    0.010703
   5   4   2        0.025808    0.000600
   5   4   3        0.014884    0.000199
   5   4   4       13.523111  164.653424
   6   1   1       13.329674  159.976664
   6   2   1       -0.041376    0.001541
   6   2   2       13.395261  161.554824
   6   3   1       -0.054723    0.002696
   6   3   2       -0.048984    0.002160
   6   3   3       13.427742  162.339239
   6   4   1        0.070663    0.004496
   6   4   2        0.031238    0.000879
   6   4   3        0.037950    0.001297
   6   4   4       13.464800  163.236541
   7   1   1       13.457616  163.062404
   7   2   1       -0.030999    0.000865
   7   2   2       13.486344  163.759314
   7   3   1       -0.020994    0.000397
   7   3   2       -0.035842    0.001157
   7   3   3       13.502667  164.155960
   7   4   1        0.285055    0.073160
   7   4   2        0.005111    0.000024
   7   4   3       -0.009640    0.000084
   7   4   4       13.622886  167.092063
   8   1   1       13.409058  161.887793
   8   2   1       -0.037985    0.001299
   8   2   2       13.458881  163.093056
   8   3   1        0.062269    0.003491
   8   3   2        0.049065    0.002168
   8   3   3       13.489514  163.836318
   8   4   1        0.101626    0.009299
   8   4   2        0.037522    0.001268
   8   4   3       -0.023748    0.000508
   8   4   4       13.536929  164.990090
   9   1   1       13.512609  164.397782
   9   2   1        0.033311    0.000999
   9   2   2       13.539499  165.052742
   9   3   1        0.037909    0.001294
   9   3   2       -0.046127    0.001916
   9   3   3       13.554676  165.422974
   9   4   1       -0.285552    0.073416
   9   4   2        0.005895    0.000031
   9   4   3       -0.013423    0.000162
   9   4   4       13.660724  168.021544
  10   1   1       13.471637  163.402362
  10   2   1        0.038753    0.001352
  10   2   2       13.513426  164.417664
  10   3   1        0.076413    0.005257
  10   3   2       -0.046978    0.001987
  10   3   3       13.550820  165.328866
  10   4   1       -0.114655    0.011836
  10   4   2        0.032060    0.000925
  10   4   3        0.004679    0.000020
  10   4   4       13.594711  166.401595
 
  E2 transition 
 
  I1  n1        I2  n2       <f||E2||i>   B(E2,I1->I2)  B(E2,I2->I1)
 ( 0   1) <--> ( 2   1)        0.156389      0.024457      0.004891   WU    19.217972      3.843594
 ( 0   1) <--> ( 2   2)       -0.047704      0.002276      0.000455   WU     1.788147      0.357629
 ( 0   1) <--> ( 2   3)        0.034171      0.001168      0.000234   WU     0.917536      0.183507
 ( 0   1) <--> ( 2   4)        0.018606      0.000346      0.000069   WU     0.272022      0.054404
 ( 0   2) <--> ( 2   1)       -0.210917      0.044486      0.008897   WU    34.955832      6.991166
 ( 0   2) <--> ( 2   2)        0.123622      0.015282      0.003056   WU    12.008407      2.401681
 ( 0   2) <--> ( 2   3)        0.225319      0.050769      0.010154   WU    39.892571      7.978514
 ( 0   2) <--> ( 2   4)        0.031641      0.001001      0.000200   WU     0.786678      0.157336
 ( 0   3) <--> ( 2   1)        0.023551      0.000555      0.000111   WU     0.435814      0.087163
 ( 0   3) <--> ( 2   2)       -0.179613      0.032261      0.006452   WU    25.349682      5.069936
 ( 0   3) <--> ( 2   3)       -0.080673      0.006508      0.001302   WU     5.113933      1.022787
 ( 0   3) <--> ( 2   4)        0.223032      0.049743      0.009949   WU    39.086835      7.817367
 ( 0   4) <--> ( 2   1)       -0.002664      0.000007      0.000001   WU     0.005575      0.001115
 ( 0   4) <--> ( 2   2)        0.001623      0.000003      0.000001   WU     0.002070      0.000414
 ( 0   4) <--> ( 2   3)        0.168823      0.028501      0.005700   WU    22.395369      4.479074
 ( 0   4) <--> ( 2   4)        0.105530      0.011137      0.002227   WU     8.750797      1.750159
 ( 2   1) <--> ( 2   1)        0.073172      0.055460   (eb)
 ( 2   2) <--> ( 2   1)        0.322736      0.020832      0.020832   WU    16.368965     16.368965
 ( 2   2) <--> ( 2   2)       -0.152429     -0.115531   (eb)
 ( 2   3) <--> ( 2   1)       -0.032959      0.000217      0.000217   WU     0.170720      0.170720
 ( 2   3) <--> ( 2   2)       -0.238199      0.011348      0.011348   WU     8.916753      8.916753
 ( 2   3) <--> ( 2   3)        0.083320      0.063151   (eb)
 ( 2   4) <--> ( 2   1)       -0.016693      0.000056      0.000056   WU     0.043795      0.043795
 ( 2   4) <--> ( 2   2)        0.057372      0.000658      0.000658   WU     0.517284      0.517284
 ( 2   4) <--> ( 2   3)       -0.181767      0.006608      0.006608   WU     5.192267      5.192267
 ( 2   4) <--> ( 2   4)       -0.006776     -0.005136   (eb)
 ( 2   1) <--> ( 3   1)        0.139650      0.003900      0.002786   WU     3.064858      2.189184
 ( 2   1) <--> ( 3   2)       -0.033992      0.000231      0.000165   WU     0.181587      0.129705
 ( 2   1) <--> ( 3   3)       -0.005337      0.000006      0.000004   WU     0.004476      0.003197
 ( 2   1) <--> ( 3   4)        0.022903      0.000105      0.000075   WU     0.082438      0.058884
 ( 2   2) <--> ( 3   1)        0.465058      0.043256      0.030897   WU    33.989172     24.277980
 ( 2   2) <--> ( 3   2)        0.020305      0.000082      0.000059   WU     0.064793      0.046281
 ( 2   2) <--> ( 3   3)        0.000340      0.000000      0.000000   WU     0.000018      0.000013
 ( 2   2) <--> ( 3   4)        0.006837      0.000009      0.000007   WU     0.007345      0.005247
 ( 2   3) <--> ( 3   1)       -0.168207      0.005659      0.004042   WU     4.446447      3.176034
 ( 2   3) <--> ( 3   2)       -0.094258      0.001777      0.001269   WU     1.396241      0.997315
 ( 2   3) <--> ( 3   3)       -0.015144      0.000046      0.000033   WU     0.036044      0.025746
 ( 2   3) <--> ( 3   4)        0.034619      0.000240      0.000171   WU     0.188343      0.134531
 ( 2   4) <--> ( 3   1)        0.327088      0.021397      0.015284   WU    16.813417     12.009584
 ( 2   4) <--> ( 3   2)        0.317606      0.020175      0.014411   WU    15.852719     11.323371
 ( 2   4) <--> ( 3   3)       -0.019590      0.000077      0.000055   WU     0.060312      0.043080
 ( 2   4) <--> ( 3   4)       -0.000509      0.000000      0.000000   WU     0.000041      0.000029
 ( 2   1) <--> ( 4   1)       -0.429283      0.036857      0.020476   WU    28.961056     16.089475
 ( 2   1) <--> ( 4   2)        0.034654      0.000240      0.000133   WU     0.188726      0.104848
 ( 2   1) <--> ( 4   3)       -0.008337      0.000014      0.000008   WU     0.010924      0.006069
 ( 2   1) <--> ( 4   4)        0.039456      0.000311      0.000173   WU     0.244651      0.135917
 ( 2   2) <--> ( 4   1)        0.130054      0.003383      0.001879   WU     2.658097      1.476721
 ( 2   2) <--> ( 4   2)       -0.446947      0.039952      0.022196   WU    31.393437     17.440798
 ( 2   2) <--> ( 4   3)       -0.061289      0.000751      0.000417   WU     0.590325      0.327958
 ( 2   2) <--> ( 4   4)        0.025611      0.000131      0.000073   WU     0.103083      0.057268
 ( 2   3) <--> ( 4   1)        0.316313      0.020011      0.011117   WU    15.723903      8.735501
 ( 2   3) <--> ( 4   2)       -0.059124      0.000699      0.000388   WU     0.549358      0.305199
 ( 2   3) <--> ( 4   3)        0.081074      0.001315      0.000730   WU     1.032979      0.573877
 ( 2   3) <--> ( 4   4)        0.356748      0.025454      0.014141   WU    20.000920     11.111622
 ( 2   4) <--> ( 4   1)       -0.026831      0.000144      0.000080   WU     0.113137      0.062854
 ( 2   4) <--> ( 4   2)        0.043493      0.000378      0.000210   WU     0.297277      0.165154
 ( 2   4) <--> ( 4   3)       -0.091011      0.001657      0.000920   WU     1.301695      0.723164
 ( 2   4) <--> ( 4   4)       -0.050910      0.000518      0.000288   WU     0.407317      0.226287
 ( 3   1) <--> ( 3   1)        0.000000      0.000000   (eb)
 ( 3   2) <--> ( 3   1)        0.000000      0.000000      0.000000   WU     0.000000      0.000000
 ( 3   2) <--> ( 3   2)        0.000000      0.000000   (eb)
 ( 3   3) <--> ( 3   1)        0.000000      0.000000      0.000000   WU     0.000000      0.000000
 ( 3   3) <--> ( 3   2)        0.000000      0.000000      0.000000   WU     0.000000      0.000000
 ( 3   3) <--> ( 3   3)        0.000000      0.000000   (eb)
 ( 3   4) <--> ( 3   1)        0.000000      0.000000      0.000000   WU     0.000000      0.000000
 ( 3   4) <--> ( 3   2)        0.000000      0.000000      0.000000   WU     0.000000      0.000000
 ( 3   4) <--> ( 3   3)        0.000000      0.000000      0.000000   WU     0.000000      0.000000
 ( 3   4) <--> ( 3   4)        0.000000      0.000000   (eb)
 ( 3   1) <--> ( 4   1)       -0.320957      0.014716      0.011446   WU    11.563563      8.993883
 ( 3   1) <--> ( 4   2)       -0.099128      0.001404      0.001092   WU     1.103035      0.857916
 ( 3   1) <--> ( 4   3)       -0.491131      0.034459      0.026801   WU    27.076522     21.059517
 ( 3   1) <--> ( 4   4)       -0.076965      0.000846      0.000658   WU     0.664944      0.517179
 ( 3   2) <--> ( 4   1)       -0.016461      0.000039      0.000030   WU     0.030415      0.023656
 ( 3   2) <--> ( 4   2)       -0.023631      0.000080      0.000062   WU     0.062683      0.048753
 ( 3   2) <--> ( 4   3)       -0.194952      0.005429      0.004223   WU     4.266336      3.318262
 ( 3   2) <--> ( 4   4)       -0.260554      0.009698      0.007543   WU     7.620699      5.927211
 ( 3   3) <--> ( 4   1)       -0.005794      0.000005      0.000004   WU     0.003768      0.002931
 ( 3   3) <--> ( 4   2)        0.024142      0.000083      0.000065   WU     0.065424      0.050886
 ( 3   3) <--> ( 4   3)        0.037500      0.000201      0.000156   WU     0.157858      0.122778
 ( 3   3) <--> ( 4   4)       -0.028646      0.000117      0.000091   WU     0.092112      0.071643
 ( 3   4) <--> ( 4   1)       -0.004042      0.000002      0.000002   WU     0.001834      0.001426
 ( 3   4) <--> ( 4   2)        0.000266      0.000000      0.000000   WU     0.000008      0.000006
 ( 3   4) <--> ( 4   3)        0.005057      0.000004      0.000003   WU     0.002871      0.002233
 ( 3   4) <--> ( 4   4)        0.001472      0.000000      0.000000   WU     0.000243      0.000189
 ( 3   1) <--> ( 5   1)        0.562867      0.045260      0.028802   WU    35.563959     22.631610
 ( 3   1) <--> ( 5   2)        0.033093      0.000156      0.000100   WU     0.122932      0.078230
 ( 3   1) <--> ( 5   3)       -0.038286      0.000209      0.000133   WU     0.164543      0.104709
 ( 3   1) <--> ( 5   4)       -0.003192      0.000001      0.000001   WU     0.001144      0.000728
 ( 3   2) <--> ( 5   1)        0.190301      0.005173      0.003292   WU     4.065171      2.586927
 ( 3   2) <--> ( 5   2)        0.095283      0.001297      0.000825   WU     1.019123      0.648533
 ( 3   2) <--> ( 5   3)       -0.573195      0.046936      0.029868   WU    36.880987     23.469719
 ( 3   2) <--> ( 5   4)        0.057596      0.000474      0.000302   WU     0.372381      0.236970
 ( 3   3) <--> ( 5   1)       -0.038921      0.000216      0.000138   WU     0.170048      0.108212
 ( 3   3) <--> ( 5   2)       -0.156702      0.003508      0.002232   WU     2.756432      1.754093
 ( 3   3) <--> ( 5   3)        0.118021      0.001990      0.001266   WU     1.563562      0.994994
 ( 3   3) <--> ( 5   4)        0.567203      0.045960      0.029247   WU    36.113940     22.981598
 ( 3   4) <--> ( 5   1)       -0.004270      0.000003      0.000002   WU     0.002047      0.001303
 ( 3   4) <--> ( 5   2)        0.002820      0.000001      0.000001   WU     0.000892      0.000568
 ( 3   4) <--> ( 5   3)       -0.264209      0.009972      0.006346   WU     7.835976      4.986530
 ( 3   4) <--> ( 5   4)        0.143387      0.002937      0.001869   WU     2.307909      1.468669
 ( 4   1) <--> ( 4   1)       -0.057716     -0.043523   (eb)
 ( 4   2) <--> ( 4   1)        0.385440      0.016507      0.016507   WU    12.970838     12.970838
 ( 4   2) <--> ( 4   2)       -0.233552     -0.176121   (eb)
 ( 4   3) <--> ( 4   1)       -0.113355      0.001428      0.001428   WU     1.121843      1.121843
 ( 4   3) <--> ( 4   2)       -0.462305      0.023747      0.023747   WU    18.659926     18.659926
 ( 4   3) <--> ( 4   3)        0.102669      0.077422   (eb)
 ( 4   4) <--> ( 4   1)        0.009966      0.000011      0.000011   WU     0.008671      0.008671
 ( 4   4) <--> ( 4   2)        0.205215      0.004679      0.004679   WU     3.676801      3.676801
 ( 4   4) <--> ( 4   3)       -0.134946      0.002023      0.002023   WU     1.589925      1.589925
 ( 4   4) <--> ( 4   4)        0.066222      0.049938   (eb)
 ( 4   1) <--> ( 5   1)       -0.145156      0.002341      0.001915   WU     1.839589      1.505118
 ( 4   1) <--> ( 5   2)        0.020700      0.000048      0.000039   WU     0.037412      0.030609
 ( 4   1) <--> ( 5   3)       -0.012707      0.000018      0.000015   WU     0.014097      0.011534
 ( 4   1) <--> ( 5   4)        0.003584      0.000001      0.000001   WU     0.001122      0.000918
 ( 4   2) <--> ( 5   1)       -0.424198      0.019994      0.016359   WU    15.710495     12.854041
 ( 4   2) <--> ( 5   2)        0.076439      0.000649      0.000531   WU     0.510128      0.417378
 ( 4   2) <--> ( 5   3)        0.024217      0.000065      0.000053   WU     0.051204      0.041894
 ( 4   2) <--> ( 5   4)       -0.005024      0.000003      0.000002   WU     0.002204      0.001803
 ( 4   3) <--> ( 5   1)       -0.166366      0.003075      0.002516   WU     2.416480      1.977120
 ( 4   3) <--> ( 5   2)       -0.680164      0.051403      0.042057   WU    40.390712     33.046946
 ( 4   3) <--> ( 5   3)        0.042181      0.000198      0.000162   WU     0.155344      0.127100
 ( 4   3) <--> ( 5   4)        0.003470      0.000001      0.000001   WU     0.001051      0.000860
 ( 4   4) <--> ( 5   1)       -0.149018      0.002467      0.002019   WU     1.938792      1.586285
 ( 4   4) <--> ( 5   2)        0.157851      0.002769      0.002265   WU     2.175447      1.779911
 ( 4   4) <--> ( 5   3)        0.151915      0.002564      0.002098   WU     2.014912      1.648565
 ( 4   4) <--> ( 5   4)       -0.014156      0.000022      0.000018   WU     0.017495      0.014314
 ( 4   1) <--> ( 6   1)       -0.727458      0.058799      0.040707   WU    46.202907     31.986628
 ( 4   1) <--> ( 6   2)        0.026765      0.000080      0.000055   WU     0.062546      0.043301
 ( 4   1) <--> ( 6   3)        0.008389      0.000008      0.000005   WU     0.006144      0.004253
 ( 4   1) <--> ( 6   4)       -0.013717      0.000021      0.000014   WU     0.016427      0.011373
 ( 4   2) <--> ( 6   1)        0.173026      0.003326      0.002303   WU     2.613817      1.809565
 ( 4   2) <--> ( 6   2)       -0.667652      0.049529      0.034289   WU    38.918322     26.943454
 ( 4   2) <--> ( 6   3)        0.019996      0.000044      0.000031   WU     0.034909      0.024168
 ( 4   2) <--> ( 6   4)        0.016832      0.000031      0.000022   WU     0.024737      0.017126
 ( 4   3) <--> ( 6   1)       -0.139503      0.002162      0.001497   WU     1.699097      1.176298
 ( 4   3) <--> ( 6   2)       -0.134961      0.002024      0.001401   WU     1.590274      1.100959
 ( 4   3) <--> ( 6   3)        0.517876      0.029799      0.020630   WU    23.415589     16.210792
 ( 4   3) <--> ( 6   4)       -0.027398      0.000083      0.000058   WU     0.065538      0.045373
 ( 4   4) <--> ( 6   1)       -0.268929      0.008036      0.005563   WU     6.314369      4.371486
 ( 4   4) <--> ( 6   2)        0.023336      0.000061      0.000042   WU     0.047544      0.032915
 ( 4   4) <--> ( 6   3)        0.053950      0.000323      0.000224   WU     0.254118      0.175928
 ( 4   4) <--> ( 6   4)       -0.175384      0.003418      0.002366   WU     2.685550      1.859227
 ( 5   1) <--> ( 5   1)       -0.207700     -0.150816   (eb)
 ( 5   2) <--> ( 5   1)       -0.355239      0.011472      0.011472   WU     9.014546      9.014546
 ( 5   2) <--> ( 5   2)        0.179053      0.130015   (eb)
 ( 5   3) <--> ( 5   1)        0.037940      0.000131      0.000131   WU     0.102823      0.102823
 ( 5   3) <--> ( 5   2)        0.114471      0.001191      0.001191   WU     0.936038      0.936038
 ( 5   3) <--> ( 5   3)       -0.177347     -0.128777   (eb)
 ( 5   4) <--> ( 5   1)        0.010480      0.000010      0.000010   WU     0.007846      0.007846
 ( 5   4) <--> ( 5   2)        0.016503      0.000025      0.000025   WU     0.019455      0.019455
 ( 5   4) <--> ( 5   3)        0.021574      0.000042      0.000042   WU     0.033249      0.033249
 ( 5   4) <--> ( 5   4)       -0.280555     -0.203719   (eb)
 ( 5   1) <--> ( 6   1)        0.398802      0.014458      0.012234   WU    11.361022      9.613173
 ( 5   1) <--> ( 6   2)        0.162430      0.002399      0.002030   WU     1.884683      1.594732
 ( 5   1) <--> ( 6   3)       -0.331309      0.009979      0.008444   WU     7.840981      6.634676
 ( 5   1) <--> ( 6   4)        0.079089      0.000569      0.000481   WU     0.446821      0.378080
 ( 5   2) <--> ( 6   1)       -0.051287      0.000239      0.000202   WU     0.187897      0.158990
 ( 5   2) <--> ( 6   2)       -0.261925      0.006237      0.005277   WU     4.900673      4.146723
 ( 5   2) <--> ( 6   3)       -0.360068      0.011786      0.009973   WU     9.261296      7.836481
 ( 5   2) <--> ( 6   4)       -0.716130      0.046622      0.039449   WU    36.634264     30.998223
 ( 5   3) <--> ( 6   1)       -0.029529      0.000079      0.000067   WU     0.062286      0.052704
 ( 5   3) <--> ( 6   2)       -0.048617      0.000215      0.000182   WU     0.168844      0.142868
 ( 5   3) <--> ( 6   3)        0.126742      0.001460      0.001236   WU     1.147476      0.970942
 ( 5   3) <--> ( 6   4)       -0.232967      0.004934      0.004175   WU     3.876958      3.280503
 ( 5   4) <--> ( 6   1)        0.013805      0.000017      0.000015   WU     0.013614      0.011520
 ( 5   4) <--> ( 6   2)       -0.028689      0.000075      0.000063   WU     0.058795      0.049749
 ( 5   4) <--> ( 6   3)       -0.002007      0.000000      0.000000   WU     0.000288      0.000244
 ( 5   4) <--> ( 6   4)       -0.165820      0.002500      0.002115   WU     1.964160      1.661982
 ( 5   1) <--> ( 7   1)       -0.814779      0.060351      0.044258   WU    47.422409     34.776434
 ( 5   1) <--> ( 7   2)        0.029161      0.000077      0.000057   WU     0.060743      0.044545
 ( 5   1) <--> ( 7   3)        0.000307      0.000000      0.000000   WU     0.000007      0.000005
 ( 5   1) <--> ( 7   4)       -0.063205      0.000363      0.000266   WU     0.285365      0.209268
 ( 5   2) <--> ( 7   1)       -0.063031      0.000361      0.000265   WU     0.283799      0.208119
 ( 5   2) <--> ( 7   2)        0.580961      0.030683      0.022501   WU    24.110043     17.680698
 ( 5   2) <--> ( 7   3)        0.022746      0.000047      0.000034   WU     0.036959      0.027103
 ( 5   2) <--> ( 7   4)       -0.011951      0.000013      0.000010   WU     0.010203      0.007482
 ( 5   3) <--> ( 7   1)        0.242416      0.005342      0.003918   WU     4.197836      3.078413
 ( 5   3) <--> ( 7   2)       -0.084892      0.000655      0.000480   WU     0.514796      0.377517
 ( 5   3) <--> ( 7   3)       -0.079472      0.000574      0.000421   WU     0.451158      0.330849
 ( 5   3) <--> ( 7   4)        0.861867      0.067529      0.049521   WU    53.062099     38.912206
 ( 5   4) <--> ( 7   1)        0.023267      0.000049      0.000036   WU     0.038671      0.028359
 ( 5   4) <--> ( 7   2)       -0.126510      0.001455      0.001067   WU     1.143276      0.838402
 ( 5   4) <--> ( 7   3)       -0.028057      0.000072      0.000052   WU     0.056233      0.041237
 ( 5   4) <--> ( 7   4)        0.062673      0.000357      0.000262   WU     0.280586      0.205763
 ( 6   1) <--> ( 6   1)       -0.226551     -0.157951   (eb)
 ( 6   2) <--> ( 6   1)        0.376300      0.010892      0.010892   WU     8.558969      8.558969
 ( 6   2) <--> ( 6   2)       -0.403296     -0.281177   (eb)
 ( 6   3) <--> ( 6   1)        0.129655      0.001293      0.001293   WU     1.016087      1.016087
 ( 6   3) <--> ( 6   2)        0.523699      0.021097      0.021097   WU    16.577386     16.577386
 ( 6   3) <--> ( 6   3)       -0.103274     -0.072002   (eb)
 ( 6   4) <--> ( 6   1)       -0.041275      0.000131      0.000131   WU     0.102973      0.102973
 ( 6   4) <--> ( 6   2)       -0.009046      0.000006      0.000006   WU     0.004946      0.004946
 ( 6   4) <--> ( 6   3)       -0.344175      0.009112      0.009112   WU     7.159974      7.159974
 ( 6   4) <--> ( 6   4)        0.268510      0.187204   (eb)
 ( 6   1) <--> ( 7   1)       -0.125252      0.001207      0.001046   WU     0.948251      0.821817
 ( 6   1) <--> ( 7   2)       -0.008274      0.000005      0.000005   WU     0.004138      0.003586
 ( 6   1) <--> ( 7   3)       -0.007737      0.000005      0.000004   WU     0.003618      0.003136
 ( 6   1) <--> ( 7   4)        0.001925      0.000000      0.000000   WU     0.000224      0.000194
 ( 6   2) <--> ( 7   1)       -0.440709      0.014940      0.012948   WU    11.739713     10.174418
 ( 6   2) <--> ( 7   2)       -0.060565      0.000282      0.000245   WU     0.221716      0.192153
 ( 6   2) <--> ( 7   3)        0.004074      0.000001      0.000001   WU     0.001003      0.000869
 ( 6   2) <--> ( 7   4)       -0.031628      0.000077      0.000067   WU     0.060466      0.052404
 ( 6   3) <--> ( 7   1)        0.101428      0.000791      0.000686   WU     0.621831      0.538920
 ( 6   3) <--> ( 7   2)       -0.649732      0.032473      0.028143   WU    25.516546     22.114340
 ( 6   3) <--> ( 7   3)        0.000656      0.000000      0.000000   WU     0.000026      0.000023
 ( 6   3) <--> ( 7   4)        0.033510      0.000086      0.000075   WU     0.067874      0.058824
 ( 6   4) <--> ( 7   1)       -0.249756      0.004798      0.004159   WU     3.770376      3.267659
 ( 6   4) <--> ( 7   2)       -0.307000      0.007250      0.006283   WU     5.696789      4.937217
 ( 6   4) <--> ( 7   3)        0.799605      0.049182      0.042625   WU    38.645930     33.493139
 ( 6   4) <--> ( 7   4)       -0.094436      0.000686      0.000595   WU     0.539053      0.467180
 ( 6   1) <--> ( 8   1)       -0.965757      0.071745      0.054864   WU    56.375236     43.110474
 ( 6   1) <--> ( 8   2)        0.043475      0.000145      0.000111   WU     0.114241      0.087361
 ( 6   1) <--> ( 8   3)       -0.014712      0.000017      0.000013   WU     0.013083      0.010005
 ( 6   1) <--> ( 8   4)       -0.038360      0.000113      0.000087   WU     0.088940      0.068013
 ( 6   2) <--> ( 8   1)        0.134528      0.001392      0.001065   WU     1.093900      0.836512
 ( 6   2) <--> ( 8   2)       -0.883900      0.060098      0.045958   WU    47.223556     36.112131
 ( 6   2) <--> ( 8   3)       -0.039246      0.000118      0.000091   WU     0.093097      0.071192
 ( 6   2) <--> ( 8   4)        0.024071      0.000045      0.000034   WU     0.035022      0.026782
 ( 6   3) <--> ( 8   1)        0.159260      0.001951      0.001492   WU     1.533078      1.172354
 ( 6   3) <--> ( 8   2)        0.119962      0.001107      0.000847   WU     0.869848      0.665178
 ( 6   3) <--> ( 8   3)        0.750540      0.043332      0.033136   WU    34.048674     26.037221
 ( 6   3) <--> ( 8   4)        0.041967      0.000135      0.000104   WU     0.106456      0.081408
 ( 6   4) <--> ( 8   1)       -0.108342      0.000903      0.000690   WU     0.709491      0.542552
 ( 6   4) <--> ( 8   2)       -0.046675      0.000168      0.000128   WU     0.131682      0.100698
 ( 6   4) <--> ( 8   3)        0.087632      0.000591      0.000452   WU     0.464169      0.354952
 ( 6   4) <--> ( 8   4)       -0.621295      0.029693      0.022706   WU    23.331840     17.841995
 ( 7   1) <--> ( 7   1)       -0.368614     -0.246847   (eb)
 ( 7   2) <--> ( 7   1)        0.387084      0.009989      0.009989   WU     7.849004      7.849004
 ( 7   2) <--> ( 7   2)       -0.143134     -0.095851   (eb)
 ( 7   3) <--> ( 7   1)        0.039723      0.000105      0.000105   WU     0.082657      0.082657
 ( 7   3) <--> ( 7   2)        0.395413      0.010423      0.010423   WU     8.190428      8.190428
 ( 7   3) <--> ( 7   3)        0.414334      0.277463   (eb)
 ( 7   4) <--> ( 7   1)       -0.065357      0.000285      0.000285   WU     0.223766      0.223766
 ( 7   4) <--> ( 7   2)        0.124198      0.001028      0.001028   WU     0.808048      0.808048
 ( 7   4) <--> ( 7   3)        0.091585      0.000559      0.000559   WU     0.439394      0.439394
 ( 7   4) <--> ( 7   4)       -0.349729     -0.234200   (eb)
 ( 7   1) <--> ( 8   1)        0.437270      0.012747      0.011247   WU    10.016232      8.837852
 ( 7   1) <--> ( 8   2)        0.170183      0.001931      0.001704   WU     1.517185      1.338693
 ( 7   1) <--> ( 8   3)        0.251089      0.004203      0.003709   WU     3.302640      2.914094
 ( 7   1) <--> ( 8   4)        0.101320      0.000684      0.000604   WU     0.537765      0.474499
 ( 7   2) <--> ( 8   1)        0.059002      0.000232      0.000205   WU     0.182367      0.160912
 ( 7   2) <--> ( 8   2)        0.353429      0.008327      0.007348   WU     6.543493      5.773671
 ( 7   2) <--> ( 8   3)       -0.434422      0.012582      0.011101   WU     9.886201      8.723118
 ( 7   2) <--> ( 8   4)        0.553573      0.020430      0.018026   WU    16.052948     14.164366
 ( 7   3) <--> ( 8   1)        0.008874      0.000005      0.000005   WU     0.004125      0.003640
 ( 7   3) <--> ( 8   2)        0.025298      0.000043      0.000038   WU     0.033526      0.029582
 ( 7   3) <--> ( 8   3)       -0.195058      0.002537      0.002238   WU     1.993116      1.758632
 ( 7   3) <--> ( 8   4)       -0.291555      0.005667      0.005000   WU     4.452930      3.929055
 ( 7   4) <--> ( 8   1)        0.036062      0.000087      0.000076   WU     0.068126      0.060111
 ( 7   4) <--> ( 8   2)        0.057698      0.000222      0.000196   WU     0.174394      0.153877
 ( 7   4) <--> ( 8   3)        0.094841      0.000600      0.000529   WU     0.471190      0.415756
 ( 7   4) <--> ( 8   4)        0.359484      0.008615      0.007602   WU     6.769603      5.973179
 ( 7   1) <--> ( 9   1)        1.026588      0.070259      0.055468   WU    55.207421     43.584806
 ( 7   1) <--> ( 9   2)        0.041646      0.000116      0.000091   WU     0.090856      0.071728
 ( 7   1) <--> ( 9   3)        0.004676      0.000001      0.000001   WU     0.001146      0.000904
 ( 7   1) <--> ( 9   4)       -0.080114      0.000428      0.000338   WU     0.336218      0.265435
 ( 7   2) <--> ( 9   1)       -0.059840      0.000239      0.000188   WU     0.187581      0.148090
 ( 7   2) <--> ( 9   2)       -0.845768      0.047688      0.037649   WU    37.472051     29.583198
 ( 7   2) <--> ( 9   3)       -0.002593      0.000000      0.000000   WU     0.000352      0.000278
 ( 7   2) <--> ( 9   4)        0.010288      0.000007      0.000006   WU     0.005544      0.004377
 ( 7   3) <--> ( 9   1)       -0.052924      0.000187      0.000147   WU     0.146727      0.115837
 ( 7   3) <--> ( 9   2)        0.073098      0.000356      0.000281   WU     0.279909      0.220981
 ( 7   3) <--> ( 9   3)       -0.589520      0.023169      0.018291   WU    18.205452     14.372726
 ( 7   3) <--> ( 9   4)        0.016178      0.000017      0.000014   WU     0.013710      0.010824
 ( 7   4) <--> ( 9   1)        0.280806      0.005257      0.004150   WU     4.130643      3.261034
 ( 7   4) <--> ( 9   2)        0.090709      0.000549      0.000433   WU     0.431026      0.340284
 ( 7   4) <--> ( 9   3)        0.122114      0.000994      0.000785   WU     0.781153      0.616700
 ( 7   4) <--> ( 9   4)       -1.077876      0.077454      0.061148   WU    60.861485     48.048541
 ( 8   1) <--> ( 8   1)       -0.354652     -0.228465   (eb)
 ( 8   2) <--> ( 8   1)        0.363621      0.007778      0.007778   WU     6.111477      6.111477
 ( 8   2) <--> ( 8   2)       -0.565739     -0.364447   (eb)
 ( 8   3) <--> ( 8   1)       -0.130338      0.000999      0.000999   WU     0.785216      0.785216
 ( 8   3) <--> ( 8   2)       -0.529097      0.016467      0.016467   WU    12.939505     12.939505
 ( 8   3) <--> ( 8   3)       -0.359608     -0.231658   (eb)
 ( 8   4) <--> ( 8   1)       -0.073871      0.000321      0.000321   WU     0.252231      0.252231
 ( 8   4) <--> ( 8   2)        0.020142      0.000024      0.000024   WU     0.018751      0.018751
 ( 8   4) <--> ( 8   3)        0.225223      0.002984      0.002984   WU     2.344625      2.344625
 ( 8   4) <--> ( 8   4)       -0.217442     -0.140075   (eb)
 ( 8   1) <--> ( 9   1)        0.112280      0.000742      0.000664   WU     0.582705      0.521367
 ( 8   1) <--> ( 9   2)        0.001969      0.000000      0.000000   WU     0.000179      0.000160
 ( 8   1) <--> ( 9   3)       -0.006916      0.000003      0.000003   WU     0.002211      0.001978
 ( 8   1) <--> ( 9   4)       -0.003039      0.000001      0.000000   WU     0.000427      0.000382
 ( 8   2) <--> ( 9   1)        0.448177      0.011815      0.010572   WU     9.284219      8.306933
 ( 8   2) <--> ( 9   2)       -0.056089      0.000185      0.000166   WU     0.145411      0.130105
 ( 8   2) <--> ( 9   3)        0.016394      0.000016      0.000014   WU     0.012422      0.011115
 ( 8   2) <--> ( 9   4)       -0.032983      0.000064      0.000057   WU     0.050283      0.044990
 ( 8   3) <--> ( 9   1)        0.047156      0.000131      0.000117   WU     0.102785      0.091965
 ( 8   3) <--> ( 9   2)        0.646857      0.024613      0.022022   WU    19.340320     17.304497
 ( 8   3) <--> ( 9   3)       -0.020314      0.000024      0.000022   WU     0.019073      0.017066
 ( 8   3) <--> ( 9   4)       -0.024973      0.000037      0.000033   WU     0.028826      0.025792
 ( 8   4) <--> ( 9   1)        0.392725      0.009073      0.008118   WU     7.128917      6.378504
 ( 8   4) <--> ( 9   2)       -0.291928      0.005013      0.004485   WU     3.939110      3.524467
 ( 8   4) <--> ( 9   3)        0.582400      0.019952      0.017852   WU    15.677975     14.027662
 ( 8   4) <--> ( 9   4)       -0.135806      0.001085      0.000971   WU     0.852481      0.762746
 ( 8   1) <--> (10   1)        1.168260      0.080284      0.064992   WU    63.084983     51.068796
 ( 8   1) <--> (10   2)        0.058477      0.000201      0.000163   WU     0.158059      0.127952
 ( 8   1) <--> (10   3)        0.024178      0.000034      0.000028   WU     0.027021      0.021874
 ( 8   1) <--> (10   4)       -0.056734      0.000189      0.000153   WU     0.148775      0.120437
 ( 8   2) <--> (10   1)       -0.110619      0.000720      0.000583   WU     0.565592      0.457860
 ( 8   2) <--> (10   2)       -1.085378      0.069297      0.056097   WU    54.451389     44.079696
 ( 8   2) <--> (10   3)        0.075170      0.000332      0.000269   WU     0.261174      0.211427
 ( 8   2) <--> (10   4)        0.021035      0.000026      0.000021   WU     0.020451      0.016556
 ( 8   3) <--> (10   1)        0.167531      0.001651      0.001337   WU     1.297298      1.050194
 ( 8   3) <--> (10   2)       -0.066179      0.000258      0.000209   WU     0.202434      0.163875
 ( 8   3) <--> (10   3)        0.976240      0.056061      0.045383   WU    44.051430     35.660682
 ( 8   3) <--> (10   4)       -0.010688      0.000007      0.000005   WU     0.005280      0.004274
 ( 8   4) <--> (10   1)        0.178837      0.001881      0.001523   WU     1.478300      1.196719
 ( 8   4) <--> (10   2)        0.016159      0.000015      0.000012   WU     0.012070      0.009771
 ( 8   4) <--> (10   3)        0.021399      0.000027      0.000022   WU     0.021166      0.017135
 ( 8   4) <--> (10   4)       -1.034173      0.062913      0.050929   WU    49.434877     40.018710
 ( 9   1) <--> ( 9   1)       -0.493904     -0.306656   (eb)
 ( 9   2) <--> ( 9   1)       -0.397543      0.008318      0.008318   WU     6.535983      6.535983
 ( 9   2) <--> ( 9   2)       -0.387786     -0.240769   (eb)
 ( 9   3) <--> ( 9   1)       -0.058395      0.000179      0.000179   WU     0.141023      0.141023
 ( 9   3) <--> ( 9   2)        0.463835      0.011323      0.011323   WU     8.897524      8.897524
 ( 9   3) <--> ( 9   3)        0.039777      0.024697   (eb)
 ( 9   4) <--> ( 9   1)        0.081557      0.000350      0.000350   WU     0.275081      0.275081
 ( 9   4) <--> ( 9   2)        0.133792      0.000942      0.000942   WU     0.740287      0.740287
 ( 9   4) <--> ( 9   3)        0.076887      0.000311      0.000311   WU     0.244481      0.244481
 ( 9   4) <--> ( 9   4)       -0.465816     -0.289217   (eb)
 ( 9   1) <--> (10   1)        0.463493      0.011307      0.010230   WU     8.884432      8.038296
 ( 9   1) <--> (10   2)       -0.158287      0.001319      0.001193   WU     1.036171      0.937488
 ( 9   1) <--> (10   3)        0.210493      0.002332      0.002110   WU     1.832396      1.657882
 ( 9   1) <--> (10   4)       -0.098686      0.000513      0.000464   WU     0.402765      0.364406
 ( 9   2) <--> (10   1)       -0.058940      0.000183      0.000165   WU     0.143669      0.129986
 ( 9   2) <--> (10   2)        0.417859      0.009190      0.008315   WU     7.221069      6.533348
 ( 9   2) <--> (10   3)        0.423418      0.009436      0.008537   WU     7.414485      6.708343
 ( 9   2) <--> (10   4)        0.467597      0.011508      0.010412   WU     9.042428      8.181245
 ( 9   3) <--> (10   1)       -0.008558      0.000004      0.000003   WU     0.003029      0.002741
 ( 9   3) <--> (10   2)        0.035874      0.000068      0.000061   WU     0.053223      0.048154
 ( 9   3) <--> (10   3)        0.275789      0.004003      0.003622   WU     3.145539      2.845964
 ( 9   3) <--> (10   4)       -0.205348      0.002219      0.002008   WU     1.743902      1.577816
 ( 9   4) <--> (10   1)       -0.039525      0.000082      0.000074   WU     0.064607      0.058454
 ( 9   4) <--> (10   2)        0.058625      0.000181      0.000164   WU     0.142135      0.128599
 ( 9   4) <--> (10   3)       -0.088825      0.000415      0.000376   WU     0.326294      0.295218
 ( 9   4) <--> (10   4)        0.422922      0.009414      0.008517   WU     7.397120      6.692633
 (10   1) <--> (10   1)       -0.458583     -0.274963   (eb)
 (10   2) <--> (10   1)       -0.360391      0.006185      0.006185   WU     4.859871      4.859871
 (10   2) <--> (10   2)       -0.683180     -0.409630   (eb)
 (10   3) <--> (10   1)       -0.128033      0.000781      0.000781   WU     0.613371      0.613371
 (10   3) <--> (10   2)        0.525495      0.013150      0.013150   WU    10.332691     10.332691
 (10   3) <--> (10   3)       -0.605971     -0.363336   (eb)
 (10   4) <--> (10   1)        0.086916      0.000360      0.000360   WU     0.282666      0.282666
 (10   4) <--> (10   2)        0.055899      0.000149      0.000149   WU     0.116921      0.116921
 (10   4) <--> (10   3)       -0.116714      0.000649      0.000649   WU     0.509712      0.509712
 (10   4) <--> (10   4)       -0.485707     -0.291227   (eb)
 
  quadrupole shape invariant: 01+, 02+, 03+, 04+
quadr2     0.02926291     0.11292317     0.16005631     0.11748646
quadr3     0.00318105     0.02310830     0.05604271     0.02430406
  effective deformation parameters:  01+, 02+, 03+, 04+
beteff     0.16997935     0.33390964     0.39753359     0.34058957
cos3ga     0.63546877     0.60896641     0.87520525     0.60352752
 
 ********* END Transition **************************
