 ********* BEGIN READER ****************************
 
 Nucleus            :  Zn  30  74
 Imin, Imax         :     0  10
 imu, remu          :     1 12.0000
 nlevel             :     4
 observables        :     2
 wave fun           :     1
 nbet, ngam, npar   :    10   7  10
 Finish reading parameters: V, B_k ...
 
 ********* END READER ******************************
 
 ********* BEGIN LEVELS ********************
 
 E_0 =  -723.032397
 
  I=   0   ntot= 127
   0   1    0.000000
   0   2    2.414427
   0   3    4.609820
   0   4    4.945417
 
  I=   2   ntot= 234
   2   1    1.232543
   2   2    2.992926
   2   3    3.584329
   2   4    5.264558
 
  I=   3   ntot= 108
   3   1    4.106617
   3   2    6.525916
   3   3    8.240345
   3   4    9.250323
 
  I=   4   ntot= 324
   4   1    2.611159
   4   2    4.443575
   4   3    4.915324
   4   4    5.747519
 
  I=   5   ntot= 198
   5   1    5.544143
   5   2    7.062912
   5   3    8.055537
   5   4    9.766538
 
  I=   6   ntot= 432
   6   1    4.163950
   6   2    5.985831
   6   3    6.464053
   6   4    7.403322
 
  I=   7   ntot= 306
   7   1    7.153195
   7   2    8.748205
   7   3    9.772135
   7   4   10.190386
 
  I=   8   ntot= 522
   8   1    5.869342
   8   2    7.668347
   8   3    8.235757
   8   4    9.127412
 
  I=   9   ntot= 397
   9   1    8.929195
   9   2   10.577750
   9   3   11.668867
   9   4   12.071751
 
  I=  10   ntot= 630
  10   1    7.710472
  10   2    9.497596
  10   3   10.200419
  10   4   10.963466
 
 ********* END LEVELS **********************
 
 ********* BEGIN Transition ************************
 
  Monopole moment 
 
   I   n    <In|E0|In>   ave \beta      del<b>   ave \gamma    del<g>  
     K=0       K=2       K=4   
   0   1     18.212108    0.223614    0.077102   23.392250   11.707388  100.0000    0.0000    0.0000
   0   2     18.489210    0.328063    0.110841   18.085486   11.013309   99.9999    0.0000    0.0000
   0   3     18.648792    0.369265    0.105365   22.227403   15.457698   99.9999    0.0000    0.0000
   0   4     18.670136    0.375304    0.127129   21.594308   11.946531   99.9999    0.0000    0.0000
   2   1     18.305195    0.268742    0.081350   20.537273   11.397570   93.8001    6.1998    0.0000
   2   2     18.440501    0.312525    0.088769   23.675545   11.818753   20.3181   79.6819    0.0000
   2   3     18.581233    0.352797    0.115936   18.655436   11.444651   80.6414   19.3585    0.0000
   2   4     18.671801    0.373116    0.128570   19.837927   11.030039   23.1391   76.8608    0.0000
   3   1     18.546333    0.347094    0.080107   22.991092    9.476112    0.0000   99.9999    0.0000
   3   2     18.770710    0.397543    0.125964   19.688182    9.474778    0.0000   99.9999    0.0000
   3   3     18.866897    0.421722    0.080363   26.182887   12.805952    0.0000   99.9998    0.0000
   3   4     18.945914    0.434202    0.148465   19.262429    9.212656    0.0000   99.9996    0.0000
   4   1     18.410733    0.308604    0.083972   18.783713   11.170042   90.5284    8.4750    0.9965
   4   2     18.572808    0.352340    0.092924   21.450003   12.625890   30.1640   55.2677   14.5682
   4   3     18.665802    0.374995    0.119964   18.416005   11.294579   74.0328   23.7315    2.2356
   4   4     18.646963    0.371521    0.080721   26.110781   10.763894    1.9913   26.1637   71.8449
   5   1     18.661426    0.378137    0.080496   21.458968    9.387432    0.0000   91.5321    8.4678
   5   2     18.752705    0.398301    0.078222   24.312321    9.405163    0.0000   12.7842   87.2157
   5   3     18.860045    0.418614    0.127609   19.060624    9.470824    0.0000   90.2935    9.7063
   5   4     18.960950    0.441090    0.079692   24.812804   11.359274    0.0000   70.7860   29.2138
   6   1     18.532734    0.346106    0.085587   17.702259   10.993297   85.7385   12.7798    1.1944
   6   2     18.697361    0.384942    0.093356   20.298718   13.087819   35.8728   46.1963   13.5189
   6   3     18.748055    0.395533    0.125132   17.758807   11.014427   72.4234   24.4348    2.6482
   6   4     18.765113    0.399482    0.082912   25.850034   12.296154    4.0284   36.7664   26.0772
   7   1     18.779697    0.406361    0.080693   20.285591    9.300658    0.0000   85.0354   13.6691
   7   2     18.864524    0.422940    0.080347   23.313322   10.230049    0.0000   21.6571   57.4619
   7   3     18.948008    0.438495    0.127815   18.646170    9.371923    0.0000   82.9999   15.4023
   7   4     18.938104    0.437125    0.076183   24.926303    9.164034    0.0000    1.2586   29.5888
   8   1     18.667946    0.381491    0.086108   16.971931   10.828398   80.1716   17.5910    1.8292
   8   2     18.816028    0.412841    0.093412   19.707424   13.468102   40.6401   37.9180   15.3132
   8   3     18.835033    0.416407    0.128789   17.143286   10.698413   70.4688   25.5694    3.2803
   8   4     18.884467    0.425462    0.084549   25.145067   13.314398    6.6495   44.0654   14.7743
   9   1     18.900032    0.432466    0.080708   19.344237    9.194439    0.0000   79.3014   17.9810
   9   2     18.973356    0.445287    0.082209   22.483474   10.805571    0.0000   28.1214   41.3213
   9   3     19.037003    0.457522    0.126351   18.416772    9.183406    0.0000   76.4159   20.0854
   9   4     19.045083    0.457431    0.078076   24.561869   10.382511    0.0000    3.1735   40.1711
  10   1     18.808348    0.414006    0.085899   16.390781   10.653751   74.7784   22.0280    2.6349
  10   2     18.930017    0.437642    0.093995   19.325639   13.778524   44.5390   31.0147   16.6083
  10   3     18.931607    0.438435    0.129197   16.714531   10.318905   67.3575   27.6484    4.0851
  10   4     18.997840    0.448392    0.085897   24.508393   14.003710    9.8912   46.4518   10.4356
 
  rho^2(E0) 
 
   I  n_1 n_2  <In_1|E0|In_2>  rho^2(E0) 
   0   1   1       18.212108  294.347326
   0   2   1       -0.148411    0.019547
   0   2   2       18.489210  303.372600
   0   3   1        0.010519    0.000098
   0   3   2        0.173379    0.026677
   0   3   3       18.648792  308.632063
   0   4   1        0.022823    0.000462
   0   4   2       -0.272566    0.065930
   0   4   3       -0.088011    0.006874
   0   4   4       18.670136  309.338940
   2   1   1       18.305195  297.363993
   2   2   1       -0.063895    0.003623
   2   2   2       18.440501  301.776251
   2   3   1       -0.192279    0.032810
   2   3   2        0.040848    0.001481
   2   3   3       18.581233  306.399949
   2   4   1       -0.023896    0.000507
   2   4   2        0.255530    0.057946
   2   4   3        0.058671    0.003055
   2   4   4       18.671801  309.394123
   3   1   1       18.546333  305.250051
   3   2   1        0.285392    0.072281
   3   2   2       18.770710  312.680666
   3   3   1        0.000046    0.000000
   3   3   2       -0.119962    0.012771
   3   3   3       18.866897  315.893422
   3   4   1       -0.051221    0.002328
   3   4   2       -0.425163    0.160417
   3   4   3        0.025561    0.000580
   3   4   4       18.945914  318.544980
   4   1   1       18.410733  300.802746
   4   2   1       -0.097302    0.008402
   4   2   2       18.572808  306.122178
   4   3   1       -0.236554    0.049659
   4   3   2        0.051682    0.002370
   4   3   3       18.665802  309.195344
   4   4   1       -0.016829    0.000251
   4   4   2        0.059977    0.003192
   4   4   3       -0.010152    0.000091
   4   4   4       18.646963  308.571527
   5   1   1       18.661426  309.050401
   5   2   1       -0.048797    0.002113
   5   2   2       18.752705  312.081121
   5   3   1        0.320515    0.091167
   5   3   2       -0.033993    0.001025
   5   3   3       18.860045  315.664019
   5   4   1       -0.000172    0.000000
   5   4   2       -0.074315    0.004901
   5   4   3       -0.087446    0.006786
   5   4   4       18.960950  319.050810
   6   1   1       18.532734  304.802577
   6   2   1       -0.118006    0.012358
   6   2   2       18.697361  310.241768
   6   3   1       -0.282890    0.071019
   6   3   2        0.054079    0.002595
   6   3   3       18.748055  311.926380
   6   4   1        0.018682    0.000310
   6   4   2       -0.085888    0.006546
   6   4   3        0.022688    0.000457
   6   4   4       18.765113  312.494227
   7   1   1       18.779697  312.980156
   7   2   1       -0.078665    0.005492
   7   2   2       18.864524  315.813973
   7   3   1       -0.349144    0.108181
   7   3   2        0.043168    0.001654
   7   3   3       18.948008  318.615396
   7   4   1        0.006151    0.000034
   7   4   2       -0.061229    0.003327
   7   4   3        0.007230    0.000046
   7   4   4       18.938104  318.282408
   8   1   1       18.667946  309.266379
   8   2   1       -0.136863    0.016623
   8   2   2       18.816028  314.192303
   8   3   1       -0.322384    0.092233
   8   3   2        0.053927    0.002581
   8   3   3       18.835033  314.827319
   8   4   1       -0.020739    0.000382
   8   4   2        0.108415    0.010431
   8   4   3       -0.030716    0.000837
   8   4   4       18.884467  316.482066
   9   1   1       18.900032  317.003993
   9   2   1       -0.105292    0.009839
   9   2   2       18.973356  319.468452
   9   3   1       -0.371461    0.122452
   9   3   2        0.040404    0.001449
   9   3   3       19.037003  321.615391
   9   4   1        0.008592    0.000066
   9   4   2       -0.090770    0.007312
   9   4   3        0.014306    0.000182
   9   4   4       19.045083  321.888449
  10   1   1       18.808348  313.935879
  10   2   1        0.158448    0.022280
  10   2   2       18.930017  318.010637
  10   3   1        0.350754    0.109180
  10   3   2        0.049549    0.002179
  10   3   3       18.931607  318.064073
  10   4   1        0.024228    0.000521
  10   4   2        0.131079    0.015248
  10   4   3       -0.034963    0.001085
  10   4   4       18.997840  320.293473
 
  E2 transition 
 
  I1  n1        I2  n2       <f||E2||i>   B(E2,I1->I2)  B(E2,I2->I1)
 ( 0   1) <--> ( 2   1)        0.460461      0.212025      0.042405   WU    72.983049     14.596610
 ( 0   1) <--> ( 2   2)        0.033887      0.001148      0.000230   WU     0.395288      0.079058
 ( 0   1) <--> ( 2   3)       -0.001795      0.000003      0.000001   WU     0.001109      0.000222
 ( 0   1) <--> ( 2   4)       -0.015999      0.000256      0.000051   WU     0.088106      0.017621
 ( 0   2) <--> ( 2   1)       -0.287615      0.082722      0.016544   WU    28.474649      5.694930
 ( 0   2) <--> ( 2   2)        0.199153      0.039662      0.007932   WU    13.652383      2.730477
 ( 0   2) <--> ( 2   3)        0.550913      0.303505      0.060701   WU   104.472256     20.894451
 ( 0   2) <--> ( 2   4)        0.010886      0.000118      0.000024   WU     0.040789      0.008158
 ( 0   3) <--> ( 2   1)       -0.035165      0.001237      0.000247   WU     0.425653      0.085131
 ( 0   3) <--> ( 2   2)        0.257501      0.066307      0.013261   WU    22.824073      4.564815
 ( 0   3) <--> ( 2   3)        0.165030      0.027235      0.005447   WU     9.374793      1.874959
 ( 0   3) <--> ( 2   4)        0.198532      0.039415      0.007883   WU    13.567402      2.713480
 ( 0   4) <--> ( 2   1)       -0.033358      0.001113      0.000223   WU     0.383031      0.076606
 ( 0   4) <--> ( 2   2)        0.014405      0.000208      0.000042   WU     0.071429      0.014286
 ( 0   4) <--> ( 2   3)       -0.343886      0.118257      0.023651   WU    40.706490      8.141298
 ( 0   4) <--> ( 2   4)       -0.203325      0.041341      0.008268   WU    14.230449      2.846090
 ( 2   1) <--> ( 2   1)       -0.468177     -0.354847   (eb)
 ( 2   2) <--> ( 2   1)        0.449460      0.040403      0.040403   WU    13.907479     13.907479
 ( 2   2) <--> ( 2   2)        0.278333      0.210958   (eb)
 ( 2   3) <--> ( 2   1)        0.025588      0.000131      0.000131   WU     0.045074      0.045074
 ( 2   3) <--> ( 2   2)       -0.493358      0.048680      0.048680   WU    16.756764     16.756764
 ( 2   3) <--> ( 2   3)       -0.372567     -0.282381   (eb)
 ( 2   4) <--> ( 2   1)       -0.063052      0.000795      0.000795   WU     0.273689      0.273689
 ( 2   4) <--> ( 2   2)       -0.008232      0.000014      0.000014   WU     0.004665      0.004665
 ( 2   4) <--> ( 2   3)       -0.553651      0.061306      0.061306   WU    21.102708     21.102708
 ( 2   4) <--> ( 2   4)        0.279025      0.211482   (eb)
 ( 2   1) <--> ( 3   1)        0.053100      0.000564      0.000403   WU     0.194112      0.138651
 ( 2   1) <--> ( 3   2)       -0.026384      0.000139      0.000099   WU     0.047924      0.034231
 ( 2   1) <--> ( 3   3)       -0.002979      0.000002      0.000001   WU     0.000611      0.000437
 ( 2   1) <--> ( 3   4)       -0.009123      0.000017      0.000012   WU     0.005730      0.004093
 ( 2   2) <--> ( 3   1)       -0.808415      0.130707      0.093362   WU    44.991854     32.137038
 ( 2   2) <--> ( 3   2)       -0.006815      0.000009      0.000007   WU     0.003198      0.002284
 ( 2   2) <--> ( 3   3)        0.010267      0.000021      0.000015   WU     0.007257      0.005184
 ( 2   2) <--> ( 3   4)        0.010736      0.000023      0.000016   WU     0.007935      0.005668
 ( 2   3) <--> ( 3   1)        0.304097      0.018495      0.013211   WU     6.366324      4.547374
 ( 2   3) <--> ( 3   2)        0.001876      0.000001      0.000001   WU     0.000242      0.000173
 ( 2   3) <--> ( 3   3)       -0.017766      0.000063      0.000045   WU     0.021730      0.015522
 ( 2   3) <--> ( 3   4)       -0.023813      0.000113      0.000081   WU     0.039039      0.027885
 ( 2   4) <--> ( 3   1)       -0.431897      0.037307      0.026648   WU    12.841785      9.172704
 ( 2   4) <--> ( 3   2)       -0.887181      0.157418      0.112441   WU    54.186386     38.704561
 ( 2   4) <--> ( 3   3)        0.032858      0.000216      0.000154   WU     0.074329      0.053092
 ( 2   4) <--> ( 3   4)        0.020182      0.000081      0.000058   WU     0.028040      0.020029
 ( 2   1) <--> ( 4   1)        0.875249      0.153212      0.085118   WU    52.738660     29.299255
 ( 2   1) <--> ( 4   2)       -0.015161      0.000046      0.000026   WU     0.015825      0.008792
 ( 2   1) <--> ( 4   3)        0.002620      0.000001      0.000001   WU     0.000472      0.000262
 ( 2   1) <--> ( 4   4)       -0.000781      0.000000      0.000000   WU     0.000042      0.000023
 ( 2   2) <--> ( 4   1)       -0.160300      0.005139      0.002855   WU     1.769015      0.982786
 ( 2   2) <--> ( 4   2)        0.726229      0.105482      0.058601   WU    36.308869     20.171594
 ( 2   2) <--> ( 4   3)        0.056067      0.000629      0.000349   WU     0.216409      0.120227
 ( 2   2) <--> ( 4   4)       -0.033468      0.000224      0.000124   WU     0.077114      0.042841
 ( 2   3) <--> ( 4   1)       -0.438955      0.038536      0.021409   WU    13.264966      7.369426
 ( 2   3) <--> ( 4   2)        0.202130      0.008171      0.004540   WU     2.812732      1.562629
 ( 2   3) <--> ( 4   3)        0.978974      0.191678      0.106488   WU    65.979379     36.655211
 ( 2   3) <--> ( 4   4)        0.065581      0.000860      0.000478   WU     0.296092      0.164496
 ( 2   4) <--> ( 4   1)       -0.009646      0.000019      0.000010   WU     0.006406      0.003559
 ( 2   4) <--> ( 4   2)        0.364454      0.026565      0.014759   WU     9.144330      5.080183
 ( 2   4) <--> ( 4   3)        0.125390      0.003145      0.001747   WU     1.082414      0.601341
 ( 2   4) <--> ( 4   4)        0.184858      0.006835      0.003797   WU     2.352579      1.306989
 ( 3   1) <--> ( 3   1)        0.000000      0.000000   (eb)
 ( 3   2) <--> ( 3   1)        0.000000      0.000000      0.000000   WU     0.000000      0.000000
 ( 3   2) <--> ( 3   2)        0.000000      0.000000   (eb)
 ( 3   3) <--> ( 3   1)        0.000000      0.000000      0.000000   WU     0.000000      0.000000
 ( 3   3) <--> ( 3   2)        0.000000      0.000000      0.000000   WU     0.000000      0.000000
 ( 3   3) <--> ( 3   3)        0.000000      0.000000   (eb)
 ( 3   4) <--> ( 3   1)        0.000000      0.000000      0.000000   WU     0.000000      0.000000
 ( 3   4) <--> ( 3   2)        0.000000      0.000000      0.000000   WU     0.000000      0.000000
 ( 3   4) <--> ( 3   3)        0.000000      0.000000      0.000000   WU     0.000000      0.000000
 ( 3   4) <--> ( 3   4)        0.000000      0.000000   (eb)
 ( 3   1) <--> ( 4   1)       -0.346119      0.017114      0.013311   WU     5.891000      4.581889
 ( 3   1) <--> ( 4   2)       -0.580562      0.048150      0.037450   WU    16.574300     12.891122
 ( 3   1) <--> ( 4   3)        0.442140      0.027927      0.021721   WU     9.612954      7.476742
 ( 3   1) <--> ( 4   4)       -0.642826      0.059032      0.045914   WU    20.320028     15.804466
 ( 3   2) <--> ( 4   1)        0.041763      0.000249      0.000194   WU     0.085765      0.066706
 ( 3   2) <--> ( 4   2)       -0.062271      0.000554      0.000431   WU     0.190682      0.148308
 ( 3   2) <--> ( 4   3)        0.430624      0.026491      0.020604   WU     9.118734      7.092348
 ( 3   2) <--> ( 4   4)       -0.326334      0.015213      0.011833   WU     5.236752      4.073029
 ( 3   3) <--> ( 4   1)        0.003927      0.000002      0.000002   WU     0.000758      0.000590
 ( 3   3) <--> ( 4   2)        0.037617      0.000202      0.000157   WU     0.069582      0.054120
 ( 3   3) <--> ( 4   3)       -0.012009      0.000021      0.000016   WU     0.007091      0.005516
 ( 3   3) <--> ( 4   4)        0.094761      0.001283      0.000998   WU     0.441572      0.343445
 ( 3   4) <--> ( 4   1)        0.018355      0.000048      0.000037   WU     0.016567      0.012885
 ( 3   4) <--> ( 4   2)        0.016464      0.000039      0.000030   WU     0.013329      0.010367
 ( 3   4) <--> ( 4   3)        0.030013      0.000129      0.000100   WU     0.044294      0.034451
 ( 3   4) <--> ( 4   4)        0.023955      0.000082      0.000064   WU     0.028219      0.021948
 ( 3   1) <--> ( 5   1)        0.970126      0.134449      0.085559   WU    46.280064     29.450950
 ( 3   1) <--> ( 5   2)       -0.011729      0.000020      0.000013   WU     0.006765      0.004305
 ( 3   1) <--> ( 5   3)        0.014154      0.000029      0.000018   WU     0.009851      0.006269
 ( 3   1) <--> ( 5   4)       -0.008324      0.000010      0.000006   WU     0.003407      0.002168
 ( 3   2) <--> ( 5   1)        0.409334      0.023936      0.015232   WU     8.239351      5.243223
 ( 3   2) <--> ( 5   2)       -0.193655      0.005357      0.003409   WU     1.844141      1.173544
 ( 3   2) <--> ( 5   3)        1.033289      0.152527      0.097062   WU    52.502698     33.410808
 ( 3   2) <--> ( 5   4)       -0.023413      0.000078      0.000050   WU     0.026957      0.017154
 ( 3   3) <--> ( 5   1)       -0.103777      0.001539      0.000979   WU     0.529593      0.337014
 ( 3   3) <--> ( 5   2)        0.384772      0.021150      0.013459   WU     7.280219      4.632867
 ( 3   3) <--> ( 5   3)       -0.127765      0.002332      0.001484   WU     0.802720      0.510822
 ( 3   3) <--> ( 5   4)        0.962767      0.132417      0.084265   WU    45.580583     29.005825
 ( 3   4) <--> ( 5   1)       -0.019512      0.000054      0.000035   WU     0.018722      0.011914
 ( 3   4) <--> ( 5   2)        0.025589      0.000094      0.000060   WU     0.032200      0.020491
 ( 3   4) <--> ( 5   3)       -0.544608      0.042371      0.026963   WU    14.584954      9.281334
 ( 3   4) <--> ( 5   4)       -0.098121      0.001375      0.000875   WU     0.473437      0.301278
 ( 4   1) <--> ( 4   1)       -0.694421     -0.523660   (eb)
 ( 4   2) <--> ( 4   1)        0.496185      0.027355      0.027355   WU     9.416300      9.416300
 ( 4   2) <--> ( 4   2)       -0.350300     -0.264160   (eb)
 ( 4   3) <--> ( 4   1)        0.044178      0.000217      0.000217   WU     0.074645      0.074645
 ( 4   3) <--> ( 4   2)       -0.347518      0.013419      0.013419   WU     4.618999      4.618999
 ( 4   3) <--> ( 4   3)       -0.660694     -0.498226   (eb)
 ( 4   4) <--> ( 4   1)       -0.019978      0.000044      0.000044   WU     0.015265      0.015265
 ( 4   4) <--> ( 4   2)       -0.681265      0.051569      0.051569   WU    17.751081     17.751081
 ( 4   4) <--> ( 4   3)        0.132774      0.001959      0.001959   WU     0.674251      0.674251
 ( 4   4) <--> ( 4   4)        0.692256      0.522027   (eb)
 ( 4   1) <--> ( 5   1)        0.019930      0.000044      0.000036   WU     0.015192      0.012430
 ( 4   1) <--> ( 5   2)        0.006951      0.000005      0.000004   WU     0.001848      0.001512
 ( 4   1) <--> ( 5   3)       -0.025585      0.000073      0.000060   WU     0.025036      0.020484
 ( 4   1) <--> ( 5   4)       -0.002255      0.000001      0.000000   WU     0.000194      0.000159
 ( 4   2) <--> ( 5   1)       -0.739335      0.060735      0.049692   WU    20.906210     17.105081
 ( 4   2) <--> ( 5   2)        0.068853      0.000527      0.000431   WU     0.181317      0.148350
 ( 4   2) <--> ( 5   3)       -0.020661      0.000047      0.000039   WU     0.016326      0.013358
 ( 4   2) <--> ( 5   4)        0.006811      0.000005      0.000004   WU     0.001774      0.001452
 ( 4   3) <--> ( 5   1)        0.359615      0.014369      0.011757   WU     4.946174      4.046870
 ( 4   3) <--> ( 5   2)       -0.094371      0.000990      0.000810   WU     0.340621      0.278690
 ( 4   3) <--> ( 5   3)        0.024360      0.000066      0.000054   WU     0.022696      0.018569
 ( 4   3) <--> ( 5   4)       -0.015775      0.000028      0.000023   WU     0.009518      0.007787
 ( 4   4) <--> ( 5   1)       -0.154049      0.002637      0.002157   WU     0.907637      0.742612
 ( 4   4) <--> ( 5   2)        1.192144      0.157912      0.129201   WU    54.356399     44.473417
 ( 4   4) <--> ( 5   3)       -0.036237      0.000146      0.000119   WU     0.050222      0.041090
 ( 4   4) <--> ( 5   4)       -0.003012      0.000001      0.000001   WU     0.000347      0.000284
 ( 4   1) <--> ( 6   1)        1.272038      0.179787      0.124468   WU    61.886174     42.844274
 ( 4   1) <--> ( 6   2)       -0.061316      0.000418      0.000289   WU     0.143795      0.099551
 ( 4   1) <--> ( 6   3)        0.014310      0.000023      0.000016   WU     0.007832      0.005422
 ( 4   1) <--> ( 6   4)       -0.000060      0.000000      0.000000   WU     0.000000      0.000000
 ( 4   2) <--> ( 6   1)       -0.196249      0.004279      0.002963   WU     1.473012      1.019778
 ( 4   2) <--> ( 6   2)        1.222584      0.166079      0.114978   WU    57.167706     39.577643
 ( 4   2) <--> ( 6   3)        0.088511      0.000870      0.000603   WU     0.299631      0.207437
 ( 4   2) <--> ( 6   4)       -0.075694      0.000637      0.000441   WU     0.219138      0.151711
 ( 4   3) <--> ( 6   1)       -0.591013      0.038811      0.026869   WU    13.359410      9.248823
 ( 4   3) <--> ( 6   2)        0.129809      0.001872      0.001296   WU     0.644466      0.446169
 ( 4   3) <--> ( 6   3)        1.378181      0.211042      0.146106   WU    72.644954     50.292661
 ( 4   3) <--> ( 6   4)       -0.004668      0.000002      0.000002   WU     0.000833      0.000577
 ( 4   4) <--> ( 6   1)        0.048531      0.000262      0.000181   WU     0.090079      0.062363
 ( 4   4) <--> ( 6   2)        0.176716      0.003470      0.002402   WU     1.194380      0.826879
 ( 4   4) <--> ( 6   3)       -0.050489      0.000283      0.000196   WU     0.097496      0.067497
 ( 4   4) <--> ( 6   4)       -0.899749      0.089950      0.062273   WU    30.962479     21.435563
 ( 5   1) <--> ( 5   1)       -0.486360     -0.353159   (eb)
 ( 5   2) <--> ( 5   1)        0.546942      0.027195      0.027195   WU     9.361065      9.361065
 ( 5   2) <--> ( 5   2)        0.422103      0.306500   (eb)
 ( 5   3) <--> ( 5   1)       -0.073311      0.000489      0.000489   WU     0.168183      0.168183
 ( 5   3) <--> ( 5   2)        0.286377      0.007456      0.007456   WU     2.566368      2.566368
 ( 5   3) <--> ( 5   3)       -0.522550     -0.379438   (eb)
 ( 5   4) <--> ( 5   1)        0.018234      0.000030      0.000030   WU     0.010404      0.010404
 ( 5   4) <--> ( 5   2)       -0.098428      0.000881      0.000881   WU     0.303168      0.303168
 ( 5   4) <--> ( 5   3)       -0.114645      0.001195      0.001195   WU     0.411292      0.411292
 ( 5   4) <--> ( 5   4)       -0.180128     -0.130796   (eb)
 ( 5   1) <--> ( 6   1)       -0.464948      0.019652      0.016629   WU     6.764758      5.724026
 ( 5   1) <--> ( 6   2)       -0.575754      0.030136      0.025499   WU    10.373314      8.777419
 ( 5   1) <--> ( 6   3)        0.441652      0.017732      0.015004   WU     6.103853      5.164798
 ( 5   1) <--> ( 6   4)        0.470278      0.020106      0.017012   WU     6.920732      5.856004
 ( 5   2) <--> ( 6   1)       -0.009714      0.000009      0.000007   WU     0.002953      0.002499
 ( 5   2) <--> ( 6   2)       -0.319812      0.009298      0.007868   WU     3.200616      2.708214
 ( 5   2) <--> ( 6   3)        0.035091      0.000112      0.000095   WU     0.038533      0.032605
 ( 5   2) <--> ( 6   4)       -0.704130      0.045073      0.038138   WU    15.514873     13.127969
 ( 5   3) <--> ( 6   1)        0.039388      0.000141      0.000119   WU     0.048547      0.041078
 ( 5   3) <--> ( 6   2)       -0.058823      0.000315      0.000266   WU     0.108276      0.091618
 ( 5   3) <--> ( 6   3)        0.523382      0.024903      0.021071   WU     8.571967      7.253203
 ( 5   3) <--> ( 6   4)        0.190934      0.003314      0.002804   WU     1.140795      0.965288
 ( 5   4) <--> ( 6   1)        0.001342      0.000000      0.000000   WU     0.000056      0.000048
 ( 5   4) <--> ( 6   2)        0.030290      0.000083      0.000071   WU     0.028711      0.024294
 ( 5   4) <--> ( 6   3)       -0.009120      0.000008      0.000006   WU     0.002603      0.002202
 ( 5   4) <--> ( 6   4)       -0.040787      0.000151      0.000128   WU     0.052058      0.044049
 ( 5   1) <--> ( 7   1)       -1.450318      0.191220      0.140228   WU    65.821734     48.269272
 ( 5   1) <--> ( 7   2)        0.077700      0.000549      0.000402   WU     0.188924      0.138545
 ( 5   1) <--> ( 7   3)        0.023794      0.000051      0.000038   WU     0.017717      0.012992
 ( 5   1) <--> ( 7   4)       -0.005630      0.000003      0.000002   WU     0.000992      0.000727
 ( 5   2) <--> ( 7   1)        0.105164      0.001005      0.000737   WU     0.346080      0.253792
 ( 5   2) <--> ( 7   2)       -1.091565      0.108319      0.079434   WU    37.285669     27.342824
 ( 5   2) <--> ( 7   3)       -0.017060      0.000026      0.000019   WU     0.009108      0.006679
 ( 5   2) <--> ( 7   4)        0.077021      0.000539      0.000395   WU     0.185636      0.136133
 ( 5   3) <--> ( 7   1)       -0.559114      0.028419      0.020841   WU     9.782375      7.173742
 ( 5   3) <--> ( 7   2)        0.231209      0.004860      0.003564   WU     1.672826      1.226739
 ( 5   3) <--> ( 7   3)        1.510004      0.207283      0.152007   WU    71.350867     52.323969
 ( 5   3) <--> ( 7   4)       -0.022272      0.000045      0.000033   WU     0.015523      0.011384
 ( 5   4) <--> ( 7   1)        0.126806      0.001462      0.001072   WU     0.503178      0.368997
 ( 5   4) <--> ( 7   2)       -0.255075      0.005915      0.004338   WU     2.036006      1.493071
 ( 5   4) <--> ( 7   3)       -0.096622      0.000849      0.000622   WU     0.292142      0.214238
 ( 5   4) <--> ( 7   4)       -0.238750      0.005182      0.003800   WU     1.783726      1.308066
 ( 6   1) <--> ( 6   1)       -0.914401     -0.637518   (eb)
 ( 6   2) <--> ( 6   1)        0.564026      0.024471      0.024471   WU     8.423463      8.423463
 ( 6   2) <--> ( 6   2)       -0.698520     -0.487006   (eb)
 ( 6   3) <--> ( 6   1)        0.086934      0.000581      0.000581   WU     0.200109      0.200109
 ( 6   3) <--> ( 6   2)       -0.289338      0.006440      0.006440   WU     2.216686      2.216686
 ( 6   3) <--> ( 6   3)       -0.924314     -0.644429   (eb)
 ( 6   4) <--> ( 6   1)        0.035066      0.000095      0.000095   WU     0.032558      0.032558
 ( 6   4) <--> ( 6   2)        0.813421      0.050896      0.050896   WU    17.519577     17.519577
 ( 6   4) <--> ( 6   3)       -0.163632      0.002060      0.002060   WU     0.708969      0.708969
 ( 6   4) <--> ( 6   4)        0.202654      0.141290   (eb)
 ( 6   1) <--> ( 7   1)        0.022518      0.000039      0.000034   WU     0.013426      0.011636
 ( 6   1) <--> ( 7   2)       -0.011462      0.000010      0.000009   WU     0.003479      0.003015
 ( 6   1) <--> ( 7   3)       -0.021967      0.000037      0.000032   WU     0.012777      0.011074
 ( 6   1) <--> ( 7   4)        0.002662      0.000001      0.000000   WU     0.000188      0.000163
 ( 6   2) <--> ( 7   1)        0.699624      0.037652      0.032632   WU    12.960492     11.232427
 ( 6   2) <--> ( 7   2)       -0.025703      0.000051      0.000044   WU     0.017492      0.015160
 ( 6   2) <--> ( 7   3)       -0.021773      0.000036      0.000032   WU     0.012553      0.010879
 ( 6   2) <--> ( 7   4)       -0.007376      0.000004      0.000004   WU     0.001441      0.001249
 ( 6   3) <--> ( 7   1)       -0.353954      0.009637      0.008352   WU     3.317309      2.875001
 ( 6   3) <--> ( 7   2)        0.078821      0.000478      0.000414   WU     0.164504      0.142570
 ( 6   3) <--> ( 7   3)        0.047956      0.000177      0.000153   WU     0.060895      0.052776
 ( 6   3) <--> ( 7   4)       -0.000663      0.000000      0.000000   WU     0.000012      0.000010
 ( 6   4) <--> ( 7   1)       -0.139108      0.001489      0.001290   WU     0.512384      0.444067
 ( 6   4) <--> ( 7   2)        1.120173      0.096522      0.083652   WU    33.224801     28.794827
 ( 6   4) <--> ( 7   3)        0.013169      0.000013      0.000012   WU     0.004592      0.003980
 ( 6   4) <--> ( 7   4)       -0.035650      0.000098      0.000085   WU     0.033651      0.029164
 ( 6   1) <--> ( 8   1)        1.673697      0.215482      0.164780   WU    74.173050     56.720568
 ( 6   1) <--> ( 8   2)       -0.105225      0.000852      0.000651   WU     0.293180      0.224196
 ( 6   1) <--> ( 8   3)        0.022284      0.000038      0.000029   WU     0.013149      0.010055
 ( 6   1) <--> ( 8   4)       -0.001159      0.000000      0.000000   WU     0.000036      0.000027
 ( 6   2) <--> ( 8   1)       -0.218571      0.003675      0.002810   WU     1.264963      0.967325
 ( 6   2) <--> ( 8   2)        1.660402      0.212072      0.162173   WU    72.999320     55.823010
 ( 6   2) <--> ( 8   3)        0.081009      0.000505      0.000386   WU     0.173762      0.132877
 ( 6   2) <--> ( 8   4)        0.170725      0.002242      0.001715   WU     0.771772      0.590178
 ( 6   3) <--> ( 8   1)       -0.727865      0.040753      0.031164   WU    14.027929     10.727240
 ( 6   3) <--> ( 8   2)        0.123176      0.001167      0.000892   WU     0.401736      0.307210
 ( 6   3) <--> ( 8   3)        1.745429      0.234348      0.179207   WU    80.667127     61.686627
 ( 6   3) <--> ( 8   4)       -0.017935      0.000025      0.000019   WU     0.008517      0.006513
 ( 6   4) <--> ( 8   1)       -0.071218      0.000390      0.000298   WU     0.134297      0.102698
 ( 6   4) <--> ( 8   2)       -0.172529      0.002290      0.001751   WU     0.788166      0.602715
 ( 6   4) <--> ( 8   3)        0.071547      0.000394      0.000301   WU     0.135541      0.103649
 ( 6   4) <--> ( 8   4)       -1.410637      0.153069      0.117053   WU    52.689370     40.291871
 ( 7   1) <--> ( 7   1)       -0.811608     -0.543503   (eb)
 ( 7   2) <--> ( 7   1)        0.663354      0.029336      0.029336   WU    10.097981     10.097981
 ( 7   2) <--> ( 7   2)       -0.095439     -0.063912   (eb)
 ( 7   3) <--> ( 7   1)        0.114483      0.000874      0.000874   WU     0.300765      0.300765
 ( 7   3) <--> ( 7   2)       -0.307723      0.006313      0.006313   WU     2.173022      2.173022
 ( 7   3) <--> ( 7   3)       -0.853424     -0.571505   (eb)
 ( 7   4) <--> ( 7   1)        0.000932      0.000000      0.000000   WU     0.000020      0.000020
 ( 7   4) <--> ( 7   2)        0.770847      0.039614      0.039614   WU    13.635800     13.635800
 ( 7   4) <--> ( 7   3)       -0.044106      0.000130      0.000130   WU     0.044642      0.044642
 ( 7   4) <--> ( 7   4)        0.667406      0.446936   (eb)
 ( 7   1) <--> ( 8   1)        0.560980      0.020980      0.018512   WU     7.221688      6.372078
 ( 7   1) <--> ( 8   2)        0.551203      0.020255      0.017872   WU     6.972169      6.151913
 ( 7   1) <--> ( 8   3)       -0.420767      0.011803      0.010414   WU     4.062818      3.584839
 ( 7   1) <--> ( 8   4)        0.399379      0.010634      0.009383   WU     3.660289      3.229667
 ( 7   2) <--> ( 8   1)        0.016311      0.000018      0.000016   WU     0.006105      0.005387
 ( 7   2) <--> ( 8   2)        0.456323      0.013882      0.012249   WU     4.778466      4.216294
 ( 7   2) <--> ( 8   3)       -0.031102      0.000064      0.000057   WU     0.022199      0.019587
 ( 7   2) <--> ( 8   4)       -0.758039      0.038308      0.033801   WU    13.186434     11.635088
 ( 7   3) <--> ( 8   1)        0.027765      0.000051      0.000045   WU     0.017690      0.015609
 ( 7   3) <--> ( 8   2)       -0.060974      0.000248      0.000219   WU     0.085317      0.075280
 ( 7   3) <--> ( 8   3)        0.601369      0.024110      0.021273   WU     8.299026      7.322670
 ( 7   3) <--> ( 8   4)       -0.123105      0.001010      0.000891   WU     0.347773      0.306858
 ( 7   4) <--> ( 8   1)       -0.000453      0.000000      0.000000   WU     0.000005      0.000004
 ( 7   4) <--> ( 8   2)       -0.000387      0.000000      0.000000   WU     0.000003      0.000003
 ( 7   4) <--> ( 8   3)        0.010559      0.000007      0.000007   WU     0.002558      0.002257
 ( 7   4) <--> ( 8   4)       -0.306735      0.006272      0.005534   WU     2.159095      1.905084
 ( 7   1) <--> ( 9   1)       -1.880467      0.235744      0.186113   WU    81.147611     64.063904
 ( 7   1) <--> ( 9   2)        0.123908      0.001024      0.000808   WU     0.352325      0.278151
 ( 7   1) <--> ( 9   3)        0.032789      0.000072      0.000057   WU     0.024672      0.019478
 ( 7   1) <--> ( 9   4)       -0.007522      0.000004      0.000003   WU     0.001299      0.001025
 ( 7   2) <--> ( 9   1)        0.163102      0.001773      0.001400   WU     0.610469      0.481949
 ( 7   2) <--> ( 9   2)       -1.621136      0.175206      0.138320   WU    60.309187     47.612516
 ( 7   2) <--> ( 9   3)       -0.019875      0.000026      0.000021   WU     0.009065      0.007157
 ( 7   2) <--> ( 9   4)        0.163576      0.001784      0.001408   WU     0.614024      0.484756
 ( 7   3) <--> ( 9   1)        0.674574      0.030337      0.023950   WU    10.442483      8.244066
 ( 7   3) <--> ( 9   2)       -0.245697      0.004024      0.003177   WU     1.385297      1.093656
 ( 7   3) <--> ( 9   3)       -1.923135      0.246563      0.194655   WU    84.871901     67.004133
 ( 7   3) <--> ( 9   4)        0.009253      0.000006      0.000005   WU     0.001965      0.001551
 ( 7   4) <--> ( 9   1)        0.041367      0.000114      0.000090   WU     0.039270      0.031003
 ( 7   4) <--> ( 9   2)        0.142706      0.001358      0.001072   WU     0.467336      0.368950
 ( 7   4) <--> ( 9   3)       -0.027719      0.000051      0.000040   WU     0.017631      0.013920
 ( 7   4) <--> ( 9   4)       -1.219879      0.099207      0.078321   WU    34.149000     26.959737
 ( 8   1) <--> ( 8   1)       -1.137009     -0.732457   (eb)
 ( 8   2) <--> ( 8   1)        0.634600      0.023689      0.023689   WU     8.154310      8.154310
 ( 8   2) <--> ( 8   2)       -0.946510     -0.609738   (eb)
 ( 8   3) <--> ( 8   1)        0.131954      0.001024      0.001024   WU     0.352561      0.352561
 ( 8   3) <--> ( 8   2)       -0.257515      0.003901      0.003901   WU     1.342743      1.342743
 ( 8   3) <--> ( 8   3)       -1.164209     -0.749979   (eb)
 ( 8   4) <--> ( 8   1)       -0.039428      0.000091      0.000091   WU     0.031478      0.031478
 ( 8   4) <--> ( 8   2)       -0.920818      0.049877      0.049877   WU    17.168561     17.168561
 ( 8   4) <--> ( 8   3)        0.175322      0.001808      0.001808   WU     0.622386      0.622386
 ( 8   4) <--> ( 8   4)       -0.191369     -0.123279   (eb)
 ( 8   1) <--> ( 9   1)       -0.067929      0.000271      0.000243   WU     0.093433      0.083598
 ( 8   1) <--> ( 9   2)        0.014955      0.000013      0.000012   WU     0.004529      0.004052
 ( 8   1) <--> ( 9   3)        0.017574      0.000018      0.000016   WU     0.006253      0.005595
 ( 8   1) <--> ( 9   4)       -0.005029      0.000001      0.000001   WU     0.000512      0.000458
 ( 8   2) <--> ( 9   1)       -0.665979      0.026090      0.023344   WU     8.980656      8.035324
 ( 8   2) <--> ( 9   2)       -0.033477      0.000066      0.000059   WU     0.022693      0.020304
 ( 8   2) <--> ( 9   3)        0.022090      0.000029      0.000026   WU     0.009880      0.008840
 ( 8   2) <--> ( 9   4)        0.007178      0.000003      0.000003   WU     0.001043      0.000933
 ( 8   3) <--> ( 9   1)        0.351361      0.007262      0.006498   WU     2.499739      2.236609
 ( 8   3) <--> ( 9   2)       -0.067226      0.000266      0.000238   WU     0.091508      0.081875
 ( 8   3) <--> ( 9   3)       -0.077238      0.000351      0.000314   WU     0.120793      0.108078
 ( 8   3) <--> ( 9   4)        0.004176      0.000001      0.000001   WU     0.000353      0.000316
 ( 8   4) <--> ( 9   1)       -0.162794      0.001559      0.001395   WU     0.536616      0.480130
 ( 8   4) <--> ( 9   2)        1.042335      0.063910      0.057182   WU    21.998913     19.683238
 ( 8   4) <--> ( 9   3)       -0.002043      0.000000      0.000000   WU     0.000084      0.000076
 ( 8   4) <--> ( 9   4)        0.021614      0.000027      0.000025   WU     0.009459      0.008464
 ( 8   1) <--> (10   1)        2.084733      0.255654      0.206958   WU    88.000989     71.238896
 ( 8   1) <--> (10   2)        0.142432      0.001193      0.000966   WU     0.410774      0.332531
 ( 8   1) <--> (10   3)       -0.019670      0.000023      0.000018   WU     0.007834      0.006342
 ( 8   1) <--> (10   4)        0.004664      0.000001      0.000001   WU     0.000441      0.000357
 ( 8   2) <--> (10   1)       -0.255107      0.003828      0.003099   WU     1.317745      1.066746
 ( 8   2) <--> (10   2)       -2.069325      0.251889      0.203910   WU    86.704984     70.189749
 ( 8   2) <--> (10   3)       -0.048246      0.000137      0.000111   WU     0.047132      0.038154
 ( 8   2) <--> (10   4)       -0.246125      0.003563      0.002885   WU     1.226585      0.992950
 ( 8   3) <--> (10   1)       -0.834771      0.040991      0.033183   WU    14.109833     11.422246
 ( 8   3) <--> (10   2)       -0.153953      0.001394      0.001129   WU     0.479911      0.388500
 ( 8   3) <--> (10   3)       -2.110920      0.262117      0.212190   WU    90.225718     73.039867
 ( 8   3) <--> (10   4)        0.026339      0.000041      0.000033   WU     0.014047      0.011371
 ( 8   4) <--> (10   1)        0.083674      0.000412      0.000333   WU     0.141764      0.114761
 ( 8   4) <--> (10   2)       -0.186112      0.002038      0.001649   WU     0.701349      0.567759
 ( 8   4) <--> (10   3)        0.088319      0.000459      0.000371   WU     0.157942      0.127858
 ( 8   4) <--> (10   4)       -1.867073      0.205057      0.165998   WU    70.584484     57.139820
 ( 9   1) <--> ( 9   1)       -1.091175     -0.677491   (eb)
 ( 9   2) <--> ( 9   1)        0.741479      0.028936      0.028936   WU     9.960468      9.960468
 ( 9   2) <--> ( 9   2)       -0.465272     -0.288879   (eb)
 ( 9   3) <--> ( 9   1)        0.145815      0.001119      0.001119   WU     0.385200      0.385200
 ( 9   3) <--> ( 9   2)       -0.307860      0.004988      0.004988   WU     1.717069      1.717069
 ( 9   3) <--> ( 9   3)       -1.115559     -0.692630   (eb)
 ( 9   4) <--> ( 9   1)        0.001331      0.000000      0.000000   WU     0.000032      0.000032
 ( 9   4) <--> ( 9   2)        0.972591      0.049786      0.049786   WU    17.137306     17.137306
 ( 9   4) <--> ( 9   3)       -0.082458      0.000358      0.000358   WU     0.123182      0.123182
 ( 9   4) <--> ( 9   4)        0.212189      0.131744   (eb)
 ( 9   1) <--> (10   1)       -0.640574      0.021597      0.019540   WU     7.433965      6.725969
 ( 9   1) <--> (10   2)        0.524503      0.014479      0.013100   WU     4.984002      4.509335
 ( 9   1) <--> (10   3)       -0.405774      0.008666      0.007841   WU     2.982981      2.698888
 ( 9   1) <--> (10   4)        0.366640      0.007075      0.006401   WU     2.435354      2.203416
 ( 9   2) <--> (10   1)       -0.021318      0.000024      0.000022   WU     0.008233      0.007449
 ( 9   2) <--> (10   2)        0.559251      0.016461      0.014893   WU     5.666251      5.126608
 ( 9   2) <--> (10   3)       -0.024849      0.000032      0.000029   WU     0.011187      0.010121
 ( 9   2) <--> (10   4)       -0.725493      0.027702      0.025064   WU     9.535602      8.627449
 ( 9   3) <--> (10   1)       -0.013526      0.000010      0.000009   WU     0.003315      0.002999
 ( 9   3) <--> (10   2)       -0.060439      0.000192      0.000174   WU     0.066179      0.059876
 ( 9   3) <--> (10   3)        0.673879      0.023901      0.021624   WU     8.227094      7.443561
 ( 9   3) <--> (10   4)       -0.082501      0.000358      0.000324   WU     0.123310      0.111567
 ( 9   4) <--> (10   1)        0.000833      0.000000      0.000000   WU     0.000013      0.000011
 ( 9   4) <--> (10   2)        0.009231      0.000004      0.000004   WU     0.001544      0.001397
 ( 9   4) <--> (10   3)        0.014246      0.000011      0.000010   WU     0.003677      0.003327
 ( 9   4) <--> (10   4)       -0.454228      0.010859      0.009825   WU     3.737920      3.381928
 (10   1) <--> (10   1)       -1.369780     -0.821311   (eb)
 (10   2) <--> (10   1)       -0.704296      0.023621      0.023621   WU     8.130684      8.130684
 (10   2) <--> (10   2)       -1.153633     -0.691711   (eb)
 (10   3) <--> (10   1)       -0.167606      0.001338      0.001338   WU     0.460465      0.460465
 (10   3) <--> (10   2)       -0.236457      0.002662      0.002662   WU     0.916474      0.916474
 (10   3) <--> (10   3)       -1.394724     -0.836267   (eb)
 (10   4) <--> (10   1)        0.034280      0.000056      0.000056   WU     0.019262      0.019262
 (10   4) <--> (10   2)       -1.023835      0.049916      0.049916   WU    17.182113     17.182113
 (10   4) <--> (10   3)        0.189159      0.001704      0.001704   WU     0.586505      0.586505
 (10   4) <--> (10   4)       -0.484417     -0.290453   (eb)
 
  quadrupole shape invariant: 01+, 02+, 03+, 04+
quadr2     0.21355848     0.42766717     0.50807449     0.53073646
quadr3     0.07025075     0.26821349     0.30910396     0.34890811
  effective deformation parameters:  01+, 02+, 03+, 04+
beteff     0.20261630     0.28672722     0.31252133     0.31941509
cos3ga     0.71182912     0.95900695     0.85351958     0.90238669
 
 ********* END Transition **************************
