 ********* BEGIN READER ****************************
 
 Nucleus            :  Th  90 248
 Imin, Imax         :     0  10
 imu, remu          :     1 12.0000
 nlevel             :     4
 observables        :     2
 wave fun           :     1
 nbet, ngam, npar   :    10   7  10
 Finish reading parameters: V, B_k ...
 
 ********* END READER ******************************
 
 ********* BEGIN LEVELS ********************
 
 E_0 = -1974.948055
 
  I=   0   ntot= 127
   0   1    0.000000
   0   2    2.538352
   0   3    4.353965
   0   4    4.649299
 
  I=   2   ntot= 234
   2   1    1.202161
   2   2    2.537481
   2   3    3.651358
   2   4    4.698567
 
  I=   3   ntot= 108
   3   1    3.767861
   3   2    5.599411
   3   3    6.403363
   3   4    6.916917
 
  I=   4   ntot= 324
   4   1    2.484422
   4   2    3.922010
   4   3    4.752567
   4   4    5.126948
 
  I=   5   ntot= 198
   5   1    5.093376
   5   2    6.306611
   5   3    6.437190
   5   4    6.849178
 
  I=   6   ntot= 432
   6   1    3.823343
   6   2    5.288592
   6   3    5.805292
   6   4    6.427923
 
  I=   7   ntot= 306
   7   1    6.359910
   7   2    6.943032
   7   3    7.177567
   7   4    7.406438
 
  I=   8   ntot= 522
   8   1    5.186727
   8   2    6.487095
   8   3    6.630541
   8   4    6.769948
 
  I=   9   ntot= 397
   9   1    7.246538
   9   2    7.463026
   9   3    7.694167
   9   4    7.876096
 
  I=  10   ntot= 630
  10   1    6.505880
  10   2    6.863389
  10   3    7.153163
  10   4    7.523845
 
 ********* END LEVELS **********************
 
 ********* BEGIN Transition ************************
 
  Monopole moment 
 
   I   n    <In|E0|In>   ave \beta      del<b>   ave \gamma    del<g>  
     K=0       K=2       K=4   
   0   1     41.352178    0.097917    0.029888   28.532045   10.968251  100.0000    0.0000    0.0000
   0   2     41.523102    0.136785    0.046123   32.168829   10.470405  100.0000    0.0000    0.0000
   0   3     41.627098    0.157926    0.047601   32.774432   12.383031  100.0000    0.0000    0.0000
   0   4     41.737128    0.185601    0.062033   27.955088   10.338478  100.0000    0.0000    0.0000
   2   1     41.408925    0.112442    0.030846   28.879598   10.910145   75.1642   24.8359    0.0000
   2   2     41.485595    0.129064    0.033348   30.580692   10.585051   27.5486   72.4514    0.0000
   2   3     41.606445    0.155561    0.049581   31.024178   10.416772   74.1202   25.8798    0.0000
   2   4     41.742375    0.180458    0.055701   32.019448    9.765630   27.1077   72.8924    0.0000
   3   1     41.550485    0.144276    0.035710   29.453495    8.801836    0.0000  100.0000    0.0000
   3   2     41.934114    0.215892    0.066813   29.514323    8.533977    0.0000  100.0000    0.0000
   3   3     43.149619    0.360764    0.093216   23.767561   10.093913    0.0000   99.9999    0.0000
   3   4     44.096790    0.453700    0.123296   14.679075   10.955465    0.0000   99.9998    0.0000
   4   1     41.471489    0.126581    0.032488   29.686455   10.728777   61.0763   28.9914    9.9323
   4   2     41.571309    0.145806    0.037753   32.220366   11.192877   38.3796   20.6981   40.9223
   4   3     41.712804    0.177769    0.054772   29.933150   10.084777   59.9844   28.8478   11.1678
   4   4     41.661664    0.165643    0.043183   30.804174    9.570287    8.1077   44.5957   47.2966
   5   1     41.649838    0.163969    0.041296   29.908365    8.515960    0.0000   68.3055   31.6945
   5   2     41.941030    0.215013    0.073538   30.279158    8.256232    0.0000   29.5851   70.4149
   5   3     42.464319    0.290251    0.095000   25.217048    9.836591    0.0000   76.9795   23.0204
   5   4     43.634530    0.410571    0.117361   17.712718   10.702472    0.0000   84.4250   15.5749
   6   1     41.545967    0.141872    0.035211   30.673989   10.424561   49.2361   34.4555   10.9436
   6   2     41.700331    0.168915    0.047548   34.492214   10.669384   40.3559   13.6191   21.5233
   6   3     41.893784    0.211391    0.068408   28.107808    9.863372   51.4916   30.5266    9.6742
   6   4     43.615166    0.415264    0.162717   12.939025   14.728792   60.3648   15.8977    3.3786
   7   1     41.848751    0.199810    0.060217   29.848609    8.694284    0.0000   47.9868   38.8534
   7   2     43.525251    0.397311    0.095629   21.089082   10.999755    0.0000   70.9424   24.5818
   7   3     43.650685    0.409227    0.112998   19.963721   12.876089    0.0000   43.8243   29.5591
   7   4     43.644868    0.416546    0.145980   15.908721   13.260987    0.0000   69.0212    3.1490
   8   1     41.645553    0.160908    0.040405   31.582491    9.953104   39.5673   37.6277   13.9610
   8   2     42.260631    0.258336    0.105845   28.506277   13.830471   36.1343   31.6184   16.4057
   8   3     44.935891    0.525501    0.109068    8.841206   11.192148   91.0933    3.0823    1.7117
   8   4     42.817109    0.335823    0.171773   16.625076   16.206479   52.5388   19.2299    7.7849
   9   1     43.536035    0.399106    0.101951   20.474706   11.589596    0.0000   60.0179   29.0502
   9   2     43.863243    0.433935    0.137438   15.230662   12.181547    0.0000   64.6447   18.1706
   9   3     43.273161    0.370178    0.131029   23.292600   12.259126    0.0000   27.0665   46.3849
   9   4     44.087087    0.446107    0.114383   19.589368   14.236250    0.0000   50.7188    3.8752
  10   1     41.834132    0.194646    0.058872   31.454268   10.130729   32.2545   38.6915   16.9058
  10   2     45.452529    0.562844    0.071640    7.995735    9.700326   96.6753    2.9605    0.2655
  10   3     43.508883    0.395430    0.115229   21.483361   14.465779   37.8486   43.0955   13.5736
  10   4     43.890474    0.430173    0.127403   18.701627   14.758575   27.1500   40.1165   11.0084
 
  rho^2(E0) 
 
   I  n_1 n_2  <In_1|E0|In_2>  rho^2(E0) 
   0   1   1       41.352178 2837.055119
   0   2   1       -0.108596    0.019566
   0   2   2       41.523102 2860.556741
   0   3   1        0.003053    0.000015
   0   3   2        0.137021    0.031149
   0   3   3       41.627098 2874.903480
   0   4   1        0.011004    0.000201
   0   4   2        0.141142    0.033051
   0   4   3        0.103141    0.017650
   0   4   4       41.737128 2890.121530
   2   1   1       41.408925 2844.846903
   2   2   1       -0.035546    0.002096
   2   2   2       41.485595 2855.391381
   2   3   1       -0.119955    0.023873
   2   3   2        0.033780    0.001893
   2   3   3       41.606445 2872.051441
   2   4   1       -0.001279    0.000003
   2   4   2       -0.144264    0.034529
   2   4   3       -0.055730    0.005153
   2   4   4       41.742375 2890.848218
   3   1   1       41.550485 2864.330858
   3   2   1       -0.158712    0.041792
   3   2   2       41.934114 2917.466872
   3   3   1       -0.039434    0.002580
   3   3   2       -0.361535    0.216856
   3   3   3       43.149619 3089.049901
   3   4   1       -0.021575    0.000772
   3   4   2       -0.118869    0.023443
   3   4   3       -0.779886    1.009097
   3   4   4       44.096790 3226.152811
   4   1   1       41.471489 2853.449928
   4   2   1       -0.068643    0.007817
   4   2   2       41.571309 2867.202691
   4   3   1        0.125959    0.026322
   4   3   2       -0.055607    0.005130
   4   3   3       41.712804 2886.753882
   4   4   1        0.010660    0.000189
   4   4   2       -0.069769    0.008076
   4   4   3        0.004012    0.000027
   4   4   4       41.661664 2879.679904
   5   1   1       41.649838 2878.045273
   5   2   1       -0.120065    0.023917
   5   2   2       41.941030 2918.429215
   5   3   1       -0.137716    0.031466
   5   3   2        0.227202    0.085644
   5   3   3       42.464319 2991.708740
   5   4   1       -0.064856    0.006979
   5   4   2       -0.002260    0.000008
   5   4   3       -0.685135    0.778796
   5   4   4       43.634530 3158.868780
   6   1   1       41.545967 2863.708033
   6   2   1       -0.116085    0.022358
   6   2   2       41.700331 2885.027683
   6   3   1       -0.118521    0.023306
   6   3   2        0.098680    0.016156
   6   3   3       41.893784 2911.857822
   6   4   1        0.012001    0.000239
   6   4   2        0.115712    0.022214
   6   4   3        0.181778    0.054822
   6   4   4       43.615166 3156.065831
   7   1   1       41.848751 2905.601103
   7   2   1       -0.302741    0.152059
   7   2   2       43.525251 3143.066406
   7   3   1       -0.128908    0.027570
   7   3   2       -0.507866    0.427927
   7   3   3       43.650685 3161.208280
   7   4   1        0.024338    0.000983
   7   4   2        0.631659    0.661966
   7   4   3       -0.743615    0.917419
   7   4   4       43.644868 3160.365805
   8   1   1       41.645553 2877.453052
   8   2   1       -0.193979    0.062428
   8   2   2       42.260631 2963.077070
   8   3   1       -0.029295    0.001424
   8   3   2       -0.572032    0.542891
   8   3   3       44.935891 3350.099414
   8   4   1        0.014875    0.000367
   8   4   2       -0.165668    0.045535
   8   4   3       -1.115832    2.065706
   8   4   4       42.817109 3041.625049
   9   1   1       43.536035 3144.624147
   9   2   1       -0.932137    1.441552
   9   2   2       43.863243 3192.070416
   9   3   1       -0.359704    0.214665
   9   3   2       -0.880966    1.287623
   9   3   3       43.273161 3106.763711
   9   4   1        0.326378    0.176730
   9   4   2       -0.649146    0.699126
   9   4   3        0.186228    0.057539
   9   4   4       44.087087 3224.733309
  10   1   1       41.834132 2903.571443
  10   2   1        0.121141    0.024348
  10   2   2       45.452529 3427.575954
  10   3   1       -0.272104    0.122841
  10   3   2        0.597538    0.592383
  10   3   3       43.508883 3140.702931
  10   4   1       -0.118082    0.023133
  10   4   2       -0.269511    0.120510
  10   4   3       -0.657488    0.717211
  10   4   4       43.890474 3196.034976
 
  E2 transition 
 
  I1  n1        I2  n2       <f||E2||i>   B(E2,I1->I2)  B(E2,I2->I1)
 ( 0   1) <--> ( 2   1)        1.302035      1.695296      0.339059   WU   121.218799     24.243760
 ( 0   1) <--> ( 2   2)        0.241820      0.058477      0.011695   WU     4.181271      0.836254
 ( 0   1) <--> ( 2   3)       -0.078211      0.006117      0.001223   WU     0.437379      0.087476
 ( 0   1) <--> ( 2   4)        0.028733      0.000826      0.000165   WU     0.059034      0.011807
 ( 0   2) <--> ( 2   1)       -0.691380      0.478006      0.095601   WU    34.178906      6.835781
 ( 0   2) <--> ( 2   2)        0.190156      0.036159      0.007232   WU     2.585500      0.517100
 ( 0   2) <--> ( 2   3)        1.638190      2.683665      0.536733   WU   191.890206     38.378041
 ( 0   2) <--> ( 2   4)        0.257527      0.066320      0.013264   WU     4.742082      0.948416
 ( 0   3) <--> ( 2   1)        0.205541      0.042247      0.008449   WU     3.020802      0.604160
 ( 0   3) <--> ( 2   2)        0.742530      0.551350      0.110270   WU    39.423224      7.884645
 ( 0   3) <--> ( 2   3)        0.400861      0.160689      0.032138   WU    11.489771      2.297954
 ( 0   3) <--> ( 2   4)       -0.472267      0.223036      0.044607   WU    15.947755      3.189551
 ( 0   4) <--> ( 2   1)       -0.067451      0.004550      0.000910   WU     0.325316      0.065063
 ( 0   4) <--> ( 2   2)       -0.287604      0.082716      0.016543   WU     5.914436      1.182887
 ( 0   4) <--> ( 2   3)        1.134480      1.287046      0.257409   WU    92.027692     18.405538
 ( 0   4) <--> ( 2   4)       -0.058814      0.003459      0.000692   WU     0.247338      0.049468
 ( 2   1) <--> ( 2   1)       -0.421994     -0.319843   (eb)
 ( 2   2) <--> ( 2   1)       -1.740620      0.605952      0.605952   WU    43.327383     43.327383
 ( 2   2) <--> ( 2   2)        0.585430      0.443717   (eb)
 ( 2   3) <--> ( 2   1)        0.272112      0.014809      0.014809   WU     1.058885      1.058885
 ( 2   3) <--> ( 2   2)        0.785977      0.123552      0.123552   WU     8.834332      8.834332
 ( 2   3) <--> ( 2   3)       -0.539752     -0.409096   (eb)
 ( 2   4) <--> ( 2   1)        0.020531      0.000084      0.000084   WU     0.006028      0.006028
 ( 2   4) <--> ( 2   2)       -0.272189      0.014817      0.014817   WU     1.059490      1.059490
 ( 2   4) <--> ( 2   3)       -2.215176      0.981401      0.981401   WU    70.173182     70.173182
 ( 2   4) <--> ( 2   4)        0.849685      0.644004   (eb)
 ( 2   1) <--> ( 3   1)        0.422919      0.035772      0.025551   WU     2.557808      1.827006
 ( 2   1) <--> ( 3   2)        0.062898      0.000791      0.000565   WU     0.056576      0.040412
 ( 2   1) <--> ( 3   3)        0.020154      0.000081      0.000058   WU     0.005809      0.004149
 ( 2   1) <--> ( 3   4)        0.012908      0.000033      0.000024   WU     0.002383      0.001702
 ( 2   2) <--> ( 3   1)       -2.362059      1.115864      0.797046   WU    79.787698     56.991213
 ( 2   2) <--> ( 3   2)        0.048127      0.000463      0.000331   WU     0.033124      0.023660
 ( 2   2) <--> ( 3   3)        0.036761      0.000270      0.000193   WU     0.019326      0.013804
 ( 2   2) <--> ( 3   4)        0.029237      0.000171      0.000122   WU     0.012224      0.008731
 ( 2   3) <--> ( 3   1)        0.208420      0.008688      0.006206   WU     0.621205      0.443718
 ( 2   3) <--> ( 3   2)        0.441388      0.038965      0.027832   WU     2.786087      1.990062
 ( 2   3) <--> ( 3   3)        0.126762      0.003214      0.002296   WU     0.229790      0.164135
 ( 2   3) <--> ( 3   4)        0.078067      0.001219      0.000871   WU     0.087155      0.062254
 ( 2   4) <--> ( 3   1)        1.221527      0.298426      0.213161   WU    21.338345     15.241675
 ( 2   4) <--> ( 3   2)       -3.140576      1.972644      1.409031   WU   141.050030    100.750022
 ( 2   4) <--> ( 3   3)       -0.277375      0.015387      0.010991   WU     1.100243      0.785888
 ( 2   4) <--> ( 3   4)       -0.069954      0.000979      0.000699   WU     0.069982      0.049987
 ( 2   1) <--> ( 4   1)        2.377944      1.130923      0.628291   WU    80.864453     44.924696
 ( 2   1) <--> ( 4   2)        0.359282      0.025817      0.014343   WU     1.845971      1.025540
 ( 2   1) <--> ( 4   3)        0.145389      0.004228      0.002349   WU     0.302286      0.167937
 ( 2   1) <--> ( 4   4)        0.040660      0.000331      0.000184   WU     0.023643      0.013135
 ( 2   2) <--> ( 4   1)       -0.096791      0.001874      0.001041   WU     0.133977      0.074431
 ( 2   2) <--> ( 4   2)        1.991279      0.793039      0.440577   WU    56.704671     31.502595
 ( 2   2) <--> ( 4   3)        0.098143      0.001926      0.001070   WU     0.137743      0.076524
 ( 2   2) <--> ( 4   4)        0.550727      0.060660      0.033700   WU     4.337379      2.409655
 ( 2   3) <--> ( 4   1)       -1.178363      0.277708      0.154282   WU    19.856970     11.031650
 ( 2   3) <--> ( 4   2)        0.434746      0.037801      0.021000   WU     2.702872      1.501596
 ( 2   3) <--> ( 4   3)       -3.003175      1.803812      1.002118   WU   128.978072     71.654484
 ( 2   3) <--> ( 4   4)       -0.246258      0.012129      0.006738   WU     0.867235      0.481797
 ( 2   4) <--> ( 4   1)       -0.034515      0.000238      0.000132   WU     0.017036      0.009464
 ( 2   4) <--> ( 4   2)       -0.936840      0.175534      0.097519   WU    12.551203      6.972890
 ( 2   4) <--> ( 4   3)        0.112031      0.002510      0.001395   WU     0.179487      0.099715
 ( 2   4) <--> ( 4   4)        0.317529      0.020165      0.011203   WU     1.441857      0.801032
 ( 3   1) <--> ( 3   1)        0.000000      0.000000   (eb)
 ( 3   2) <--> ( 3   1)        0.000000      0.000000      0.000000   WU     0.000000      0.000000
 ( 3   2) <--> ( 3   2)        0.000000      0.000000   (eb)
 ( 3   3) <--> ( 3   1)        0.000000      0.000000      0.000000   WU     0.000000      0.000000
 ( 3   3) <--> ( 3   2)        0.000000      0.000000      0.000000   WU     0.000000      0.000000
 ( 3   3) <--> ( 3   3)        0.000000      0.000000   (eb)
 ( 3   4) <--> ( 3   1)        0.000000      0.000000      0.000000   WU     0.000000      0.000000
 ( 3   4) <--> ( 3   2)        0.000000      0.000000      0.000000   WU     0.000000      0.000000
 ( 3   4) <--> ( 3   3)        0.000000      0.000000      0.000000   WU     0.000000      0.000000
 ( 3   4) <--> ( 3   4)        0.000000      0.000000   (eb)
 ( 3   1) <--> ( 4   1)        1.453706      0.301894      0.234807   WU    21.586363     16.789394
 ( 3   1) <--> ( 4   2)       -0.535522      0.040969      0.031865   WU     2.929412      2.278431
 ( 3   1) <--> ( 4   3)        0.854221      0.104242      0.081077   WU     7.453611      5.797253
 ( 3   1) <--> ( 4   4)       -2.327178      0.773679      0.601751   WU    55.320430     43.027001
 ( 3   2) <--> ( 4   1)        0.021149      0.000064      0.000050   WU     0.004569      0.003554
 ( 3   2) <--> ( 4   2)        0.387985      0.021505      0.016726   WU     1.537648      1.195949
 ( 3   2) <--> ( 4   3)       -2.013936      0.579420      0.450660   WU    41.430273     32.223545
 ( 3   2) <--> ( 4   4)        1.002663      0.143619      0.111704   WU    10.269200      7.987155
 ( 3   3) <--> ( 4   1)       -0.003151      0.000001      0.000001   WU     0.000101      0.000079
 ( 3   3) <--> ( 4   2)        0.101793      0.001480      0.001151   WU     0.105842      0.082322
 ( 3   3) <--> ( 4   3)       -0.201975      0.005828      0.004533   WU     0.416699      0.324099
 ( 3   3) <--> ( 4   4)        0.127775      0.002332      0.001814   WU     0.166770      0.129710
 ( 3   4) <--> ( 4   1)       -0.004192      0.000003      0.000002   WU     0.000180      0.000140
 ( 3   4) <--> ( 4   2)        0.062061      0.000550      0.000428   WU     0.039342      0.030600
 ( 3   4) <--> ( 4   3)       -0.062220      0.000553      0.000430   WU     0.039544      0.030756
 ( 3   4) <--> ( 4   4)        0.080763      0.000932      0.000725   WU     0.066628      0.051822
 ( 3   1) <--> ( 5   1)        2.726706      1.062132      0.675902   WU    75.945696     48.329079
 ( 3   1) <--> ( 5   2)        0.611850      0.053480      0.034033   WU     3.823990      2.433448
 ( 3   1) <--> ( 5   3)       -0.204932      0.006000      0.003818   WU     0.428990      0.272994
 ( 3   1) <--> ( 5   4)       -0.122210      0.002134      0.001358   WU     0.152559      0.097083
 ( 3   2) <--> ( 5   1)       -1.452796      0.301517      0.191874   WU    21.559350     13.719586
 ( 3   2) <--> ( 5   2)        1.445190      0.298368      0.189870   WU    21.334210     13.576315
 ( 3   2) <--> ( 5   3)        3.428266      1.679002      1.068456   WU   120.053722     76.397823
 ( 3   2) <--> ( 5   4)        0.742847      0.078832      0.050166   WU     5.636696      3.586989
 ( 3   3) <--> ( 5   1)       -0.147485      0.003107      0.001977   WU     0.222188      0.141392
 ( 3   3) <--> ( 5   2)       -1.291740      0.238370      0.151690   WU    17.044199     10.846308
 ( 3   3) <--> ( 5   3)       -4.497294      2.889378      1.838695   WU   206.599346    131.472311
 ( 3   3) <--> ( 5   4)        5.228923      3.905948      2.485604   WU   279.287198    177.728217
 ( 3   4) <--> ( 5   1)       -0.076596      0.000838      0.000533   WU     0.059929      0.038136
 ( 3   4) <--> ( 5   2)       -0.386793      0.021373      0.013601   WU     1.528212      0.972499
 ( 3   4) <--> ( 5   3)        0.488545      0.034097      0.021698   WU     2.438006      1.551459
 ( 3   4) <--> ( 5   4)       -6.286227      5.645235      3.592422   WU   403.651497    256.869134
 ( 4   1) <--> ( 4   1)       -0.554642     -0.418253   (eb)
 ( 4   2) <--> ( 4   1)       -1.857236      0.383259      0.383259   WU    27.404153     27.404153
 ( 4   2) <--> ( 4   2)        0.550940      0.415461   (eb)
 ( 4   3) <--> ( 4   1)       -0.530114      0.031224      0.031224   WU     2.232646      2.232646
 ( 4   3) <--> ( 4   2)       -0.488790      0.026546      0.026546   WU     1.898134      1.898134
 ( 4   3) <--> ( 4   3)       -0.803441     -0.605871   (eb)
 ( 4   4) <--> ( 4   1)        0.180400      0.003616      0.003616   WU     0.258556      0.258556
 ( 4   4) <--> ( 4   2)       -2.626978      0.766779      0.766779   WU    54.827063     54.827063
 ( 4   4) <--> ( 4   3)       -0.179024      0.003561      0.003561   WU     0.254628      0.254628
 ( 4   4) <--> ( 4   4)        0.854387      0.644289   (eb)
 ( 4   1) <--> ( 5   1)        0.609148      0.041229      0.033733   WU     2.948000      2.412000
 ( 4   1) <--> ( 5   2)        0.087784      0.000856      0.000701   WU     0.061223      0.050091
 ( 4   1) <--> ( 5   3)        0.076985      0.000659      0.000539   WU     0.047086      0.038525
 ( 4   1) <--> ( 5   4)        0.048118      0.000257      0.000210   WU     0.018395      0.015051
 ( 4   2) <--> ( 5   1)       -2.130197      0.504193      0.412522   WU    36.051340     29.496551
 ( 4   2) <--> ( 5   2)        0.392358      0.017105      0.013995   WU     1.223060      1.000685
 ( 4   2) <--> ( 5   3)       -0.171531      0.003269      0.002675   WU     0.233758      0.191257
 ( 4   2) <--> ( 5   4)       -0.060091      0.000401      0.000328   WU     0.028688      0.023472
 ( 4   3) <--> ( 5   1)       -0.306433      0.010433      0.008536   WU     0.746025      0.610384
 ( 4   3) <--> ( 5   2)        0.116649      0.001512      0.001237   WU     0.108105      0.088449
 ( 4   3) <--> ( 5   3)       -0.664277      0.049029      0.040115   WU     3.505745      2.868337
 ( 4   3) <--> ( 5   4)       -0.325165      0.011748      0.009612   WU     0.840018      0.687288
 ( 4   4) <--> ( 5   1)        0.285418      0.009052      0.007406   WU     0.647210      0.529535
 ( 4   4) <--> ( 5   2)       -3.541614      1.393670      1.140275   WU    99.651639     81.533159
 ( 4   4) <--> ( 5   3)        1.296934      0.186893      0.152913   WU    13.363426     10.933712
 ( 4   4) <--> ( 5   4)        0.390591      0.016951      0.013869   WU     1.212063      0.991688
 ( 4   1) <--> ( 6   1)        3.457888      1.328555      0.919769   WU    94.995698     65.766252
 ( 4   1) <--> ( 6   2)        0.426280      0.020191      0.013978   WU     1.443683      0.999473
 ( 4   1) <--> ( 6   3)       -0.211819      0.004985      0.003451   WU     0.356460      0.246780
 ( 4   1) <--> ( 6   4)       -0.014223      0.000022      0.000016   WU     0.001607      0.001113
 ( 4   2) <--> ( 6   1)       -0.389333      0.016842      0.011660   WU     1.204273      0.833727
 ( 4   2) <--> ( 6   2)        3.196366      1.135195      0.785904   WU    81.169895     56.194543
 ( 4   2) <--> ( 6   3)       -0.388548      0.016774      0.011613   WU     1.199419      0.830367
 ( 4   2) <--> ( 6   4)       -0.442834      0.021789      0.015085   WU     1.557986      1.078606
 ( 4   3) <--> ( 6   1)        1.694019      0.318856      0.220746   WU    22.799158     15.784033
 ( 4   3) <--> ( 6   2)       -1.114233      0.137946      0.095501   WU     9.863562      6.828620
 ( 4   3) <--> ( 6   3)       -4.422741      2.173404      1.504664   WU   155.404991    107.588071
 ( 4   3) <--> ( 6   4)        0.201613      0.004516      0.003127   WU     0.322939      0.223573
 ( 4   4) <--> ( 6   1)       -0.230310      0.005894      0.004080   WU     0.421411      0.291746
 ( 4   4) <--> ( 6   2)       -0.216983      0.005231      0.003622   WU     0.374054      0.258961
 ( 4   4) <--> ( 6   3)        0.078344      0.000682      0.000472   WU     0.048764      0.033760
 ( 4   4) <--> ( 6   4)       -1.714127      0.326470      0.226018   WU    23.343599     16.160953
 ( 5   1) <--> ( 5   1)       -0.085721     -0.062245   (eb)
 ( 5   2) <--> ( 5   1)       -1.936243      0.340821      0.340821   WU    24.369768     24.369768
 ( 5   2) <--> ( 5   2)        1.323225      0.960829   (eb)
 ( 5   3) <--> ( 5   1)        0.983303      0.087899      0.087899   WU     6.285017      6.285017
 ( 5   3) <--> ( 5   2)        0.659808      0.039577      0.039577   WU     2.829877      2.829877
 ( 5   3) <--> ( 5   3)       -1.918046     -1.392745   (eb)
 ( 5   4) <--> ( 5   1)        0.354816      0.011445      0.011445   WU     0.818350      0.818350
 ( 5   4) <--> ( 5   2)        0.963107      0.084325      0.084325   WU     6.029494      6.029494
 ( 5   4) <--> ( 5   3)        2.203443      0.441378      0.441378   WU    31.559886     31.559886
 ( 5   4) <--> ( 5   4)       -4.802054     -3.486901   (eb)
 ( 5   1) <--> ( 6   1)        1.963471      0.350474      0.296555   WU    25.059983     21.204601
 ( 5   1) <--> ( 6   2)       -0.817101      0.060696      0.051358   WU     4.339938      3.672255
 ( 5   1) <--> ( 6   3)       -1.006365      0.092070      0.077905   WU     6.583291      5.570477
 ( 5   1) <--> ( 6   4)        1.036309      0.097631      0.082610   WU     6.980881      5.906900
 ( 5   2) <--> ( 6   1)        0.002884      0.000001      0.000001   WU     0.000054      0.000046
 ( 5   2) <--> ( 6   2)        1.578107      0.226402      0.191571   WU    16.188429     13.697901
 ( 5   2) <--> ( 6   3)        0.801606      0.058416      0.049429   WU     4.176898      3.534299
 ( 5   2) <--> ( 6   4)        0.542722      0.026777      0.022657   WU     1.914640      1.620080
 ( 5   3) <--> ( 6   1)        0.111452      0.001129      0.000956   WU     0.080744      0.068322
 ( 5   3) <--> ( 6   2)        0.165938      0.002503      0.002118   WU     0.178989      0.151452
 ( 5   3) <--> ( 6   3)        2.599590      0.614352      0.519836   WU    43.928025     37.169867
 ( 5   3) <--> ( 6   4)        0.900487      0.073716      0.062375   WU     5.270923      4.460011
 ( 5   4) <--> ( 6   1)        0.050226      0.000229      0.000194   WU     0.016398      0.013875
 ( 5   4) <--> ( 6   2)        0.148819      0.002013      0.001704   WU     0.143961      0.121813
 ( 5   4) <--> ( 6   3)        0.706074      0.045322      0.038349   WU     3.240649      2.742088
 ( 5   4) <--> ( 6   4)       -1.685117      0.258147      0.218432   WU    18.458318     15.618576
 ( 5   1) <--> ( 7   1)        4.186055      1.593005      1.168204   WU   113.904727     83.530133
 ( 5   1) <--> ( 7   2)        0.507197      0.023386      0.017150   WU     1.672186      1.226270
 ( 5   1) <--> ( 7   3)        0.488970      0.021736      0.015939   WU     1.554160      1.139717
 ( 5   1) <--> ( 7   4)        0.279098      0.007081      0.005193   WU     0.506342      0.371317
 ( 5   2) <--> ( 7   1)       -1.486253      0.200814      0.147263   WU    14.358777     10.529770
 ( 5   2) <--> ( 7   2)        2.308763      0.484581      0.355359   WU    34.648988     25.409258
 ( 5   2) <--> ( 7   3)        2.434199      0.538666      0.395022   WU    38.516243     28.245245
 ( 5   2) <--> ( 7   4)        1.095187      0.109039      0.079962   WU     7.796649      5.717543
 ( 5   3) <--> ( 7   1)       -2.645430      0.636209      0.466553   WU    45.490875     33.359975
 ( 5   3) <--> ( 7   2)        6.958482      4.401862      3.228032   WU   314.746498    230.814098
 ( 5   3) <--> ( 7   3)       -0.581969      0.030790      0.022579   WU     2.201568      1.614483
 ( 5   3) <--> ( 7   4)       -2.214327      0.445750      0.326883   WU    31.872456     23.373135
 ( 5   4) <--> ( 7   1)       -0.376516      0.012888      0.009451   WU     0.921509      0.675774
 ( 5   4) <--> ( 7   2)       -7.729193      5.430948      3.982695   WU   388.329293    284.774815
 ( 5   4) <--> ( 7   3)        7.023438      4.484426      3.288579   WU   320.650113    235.143416
 ( 5   4) <--> ( 7   4)       -4.335924      1.709112      1.253349   WU   122.206713     89.618256
 ( 6   1) <--> ( 6   1)       -0.620715     -0.432761   (eb)
 ( 6   2) <--> ( 6   1)       -1.938148      0.288955      0.288955   WU    20.661182     20.661182
 ( 6   2) <--> ( 6   2)        0.810326      0.564957   (eb)
 ( 6   3) <--> ( 6   1)        0.967133      0.071950      0.071950   WU     5.144623      5.144623
 ( 6   3) <--> ( 6   2)        0.163642      0.002060      0.002060   WU     0.147289      0.147289
 ( 6   3) <--> ( 6   3)       -1.284301     -0.895411   (eb)
 ( 6   4) <--> ( 6   1)       -0.189993      0.002777      0.002777   WU     0.198543      0.198543
 ( 6   4) <--> ( 6   2)        1.994453      0.305988      0.305988   WU    21.879074     21.879074
 ( 6   4) <--> ( 6   3)       -0.539103      0.022356      0.022356   WU     1.598543      1.598543
 ( 6   4) <--> ( 6   4)       -5.908455     -4.119357   (eb)
 ( 6   1) <--> ( 7   1)        0.756774      0.044054      0.038180   WU     3.150019      2.730017
 ( 6   1) <--> ( 7   2)        0.189743      0.002769      0.002400   WU     0.198021      0.171618
 ( 6   1) <--> ( 7   3)        0.123232      0.001168      0.001012   WU     0.083527      0.072390
 ( 6   1) <--> ( 7   4)       -0.040639      0.000127      0.000110   WU     0.009084      0.007872
 ( 6   2) <--> ( 7   1)       -2.161101      0.359258      0.311357   WU    25.688059     22.262985
 ( 6   2) <--> ( 7   2)       -0.121063      0.001127      0.000977   WU     0.080613      0.069864
 ( 6   2) <--> ( 7   3)        0.190877      0.002803      0.002429   WU     0.200395      0.173676
 ( 6   2) <--> ( 7   4)        0.302146      0.007022      0.006086   WU     0.502127      0.435177
 ( 6   3) <--> ( 7   1)        0.463998      0.016561      0.014353   WU     1.184166      1.026277
 ( 6   3) <--> ( 7   2)        0.657512      0.033256      0.028821   WU     2.377874      2.060824
 ( 6   3) <--> ( 7   3)       -0.013488      0.000014      0.000012   WU     0.001001      0.000867
 ( 6   3) <--> ( 7   4)       -0.625714      0.030117      0.026101   WU     2.153442      1.866316
 ( 6   4) <--> ( 7   1)       -0.663911      0.033906      0.029385   WU     2.424378      2.101128
 ( 6   4) <--> ( 7   2)        0.498641      0.019126      0.016576   WU     1.367592      1.185247
 ( 6   4) <--> ( 7   3)        1.771142      0.241303      0.209130   WU    17.253932     14.953408
 ( 6   4) <--> ( 7   4)        1.018088      0.079731      0.069100   WU     5.701013      4.940878
 ( 6   1) <--> ( 8   1)        4.610749      1.635308      1.250530   WU   116.929506     89.416681
 ( 6   1) <--> ( 8   2)        0.395113      0.012009      0.009183   WU     0.858666      0.656627
 ( 6   1) <--> ( 8   3)        0.168445      0.002183      0.001669   WU     0.156062      0.119341
 ( 6   1) <--> ( 8   4)        0.334081      0.008585      0.006565   WU     0.613881      0.469439
 ( 6   2) <--> ( 8   1)       -1.057346      0.085999      0.065764   WU     6.149155      4.702295
 ( 6   2) <--> ( 8   2)        3.882581      1.159572      0.886731   WU    82.912917     63.403995
 ( 6   2) <--> ( 8   3)        1.367426      0.143835      0.109991   WU    10.284632      7.864719
 ( 6   2) <--> ( 8   4)        2.031902      0.317587      0.242860   WU    22.708417     17.365260
 ( 6   3) <--> ( 8   1)       -2.246530      0.388223      0.296876   WU    27.759109     21.227554
 ( 6   3) <--> ( 8   2)        4.368693      1.468114      1.122675   WU   104.974599     80.274693
 ( 6   3) <--> ( 8   3)       -1.202353      0.111204      0.085038   WU     7.951423      6.080500
 ( 6   3) <--> ( 8   4)       -4.230246      1.376537      1.052646   WU    98.426584     75.267388
 ( 6   4) <--> ( 8   1)        0.329332      0.008343      0.006380   WU     0.596554      0.456189
 ( 6   4) <--> ( 8   2)        4.289440      1.415330      1.082311   WU   101.200419     77.388556
 ( 6   4) <--> ( 8   3)      -12.882074     12.765218      9.761637   WU   912.751920    697.986762
 ( 6   4) <--> ( 8   4)        2.944391      0.666880      0.509967   WU    47.683931     36.464182
 ( 7   1) <--> ( 7   1)       -0.018312     -0.012263   (eb)
 ( 7   2) <--> ( 7   1)        0.352907      0.008303      0.008303   WU     0.593683      0.593683
 ( 7   2) <--> ( 7   2)       -4.121169     -2.759789   (eb)
 ( 7   3) <--> ( 7   1)       -1.628927      0.176894      0.176894   WU    12.648433     12.648433
 ( 7   3) <--> ( 7   2)        5.551105      2.054318      2.054318   WU   146.889953    146.889953
 ( 7   3) <--> ( 7   3)       -2.234652     -1.496461   (eb)
 ( 7   4) <--> ( 7   1)       -1.876427      0.234732      0.234732   WU    16.784042     16.784042
 ( 7   4) <--> ( 7   2)       -0.755882      0.038090      0.038090   WU     2.723586      2.723586
 ( 7   4) <--> ( 7   3)        5.124473      1.750682      1.750682   WU   125.179081    125.179081
 ( 7   4) <--> ( 7   4)       -4.625823     -3.097737   (eb)
 ( 7   1) <--> ( 8   1)        2.423231      0.391470      0.345415   WU    27.991285     24.698193
 ( 7   1) <--> ( 8   2)       -1.877669      0.235043      0.207391   WU    16.806262     14.829055
 ( 7   1) <--> ( 8   3)       -0.056369      0.000212      0.000187   WU     0.015146      0.013364
 ( 7   1) <--> ( 8   4)        0.733253      0.035844      0.031627   WU     2.562955      2.261431
 ( 7   2) <--> ( 8   1)        0.338797      0.007652      0.006752   WU     0.547158      0.482786
 ( 7   2) <--> ( 8   2)        2.927129      0.571205      0.504005   WU    40.842927     36.037877
 ( 7   2) <--> ( 8   3)       -1.804015      0.216965      0.191439   WU    15.513632     13.688499
 ( 7   2) <--> ( 8   4)       -3.014077      0.605644      0.534392   WU    43.305398     38.210646
 ( 7   3) <--> ( 8   1)        0.132156      0.001164      0.001027   WU     0.083255      0.073460
 ( 7   3) <--> ( 8   2)        1.490913      0.148188      0.130754   WU    10.595904      9.349327
 ( 7   3) <--> ( 8   3)        1.528975      0.155851      0.137516   WU    11.143815      9.832778
 ( 7   3) <--> ( 8   4)       -0.038015      0.000096      0.000085   WU     0.006889      0.006078
 ( 7   4) <--> ( 8   1)       -0.120640      0.000970      0.000856   WU     0.069377      0.061215
 ( 7   4) <--> ( 8   2)        0.191691      0.002450      0.002162   WU     0.175161      0.154554
 ( 7   4) <--> ( 8   3)       -0.388339      0.010054      0.008871   WU     0.718879      0.634305
 ( 7   4) <--> ( 8   4)        1.721140      0.197488      0.174254   WU    14.121009     12.459714
 ( 7   1) <--> ( 9   1)        4.256123      1.207639      0.953399   WU    86.349849     68.170934
 ( 7   1) <--> ( 9   2)        3.359898      0.752594      0.594153   WU    53.812779     42.483773
 ( 7   1) <--> ( 9   3)        3.028325      0.611383      0.482671   WU    43.715772     34.512451
 ( 7   1) <--> ( 9   4)       -0.072655      0.000352      0.000278   WU     0.025163      0.019866
 ( 7   2) <--> ( 9   1)      -12.272136     10.040355      7.926596   WU   717.915918    566.775724
 ( 7   2) <--> ( 9   2)        5.028397      1.685652      1.330778   WU   120.529224     95.154651
 ( 7   2) <--> ( 9   3)        3.222545      0.692320      0.546568   WU    49.502975     39.081296
 ( 7   2) <--> ( 9   4)        0.723675      0.034914      0.027563   WU     2.496438      1.970872
 ( 7   3) <--> ( 9   1)        2.586610      0.446037      0.352134   WU    31.892996     25.178681
 ( 7   3) <--> ( 9   2)      -10.632686      7.536934      5.950211   WU   538.913723    425.458203
 ( 7   3) <--> ( 9   3)        6.513399      2.828291      2.232861   WU   202.231398    159.656367
 ( 7   3) <--> ( 9   4)       -0.560341      0.020932      0.016525   WU     1.496711      1.181614
 ( 7   4) <--> ( 9   1)       -2.952814      0.581274      0.458901   WU    41.562860     32.812784
 ( 7   4) <--> ( 9   2)        7.875197      4.134582      3.264143   WU   295.635163    233.396181
 ( 7   4) <--> ( 9   3)       -1.916993      0.244991      0.193414   WU    17.517592     13.829678
 ( 7   4) <--> ( 9   4)      -10.001384      6.668512      5.264615   WU   476.818903    376.435976
 ( 8   1) <--> ( 8   1)       -0.627596     -0.404295   (eb)
 ( 8   2) <--> ( 8   1)       -1.133916      0.075633      0.075633   WU     5.408012      5.408012
 ( 8   2) <--> ( 8   2)       -0.202622     -0.130528   (eb)
 ( 8   3) <--> ( 8   1)       -0.798856      0.037539      0.037539   WU     2.684185      2.684185
 ( 8   3) <--> ( 8   2)        3.004642      0.531051      0.531051   WU    37.971792     37.971792
 ( 8   3) <--> ( 8   3)      -14.490813     -9.334924   (eb)
 ( 8   4) <--> ( 8   1)       -1.818052      0.194430      0.194430   WU    13.902342     13.902342
 ( 8   4) <--> ( 8   2)        0.760875      0.034055      0.034055   WU     2.435017      2.435017
 ( 8   4) <--> ( 8   3)        5.460727      1.754091      1.754091   WU   125.422810    125.422810
 ( 8   4) <--> ( 8   4)       -4.084393     -2.631150   (eb)
 ( 8   1) <--> ( 9   1)        0.415120      0.010137      0.009070   WU     0.724807      0.648511
 ( 8   1) <--> ( 9   2)        0.518358      0.015806      0.014142   WU     1.130147      1.011184
 ( 8   1) <--> ( 9   3)        0.614158      0.022188      0.019852   WU     1.586482      1.419484
 ( 8   1) <--> ( 9   4)        0.059711      0.000210      0.000188   WU     0.014996      0.013418
 ( 8   2) <--> ( 9   1)       -1.775067      0.185345      0.165835   WU    13.252726     11.857702
 ( 8   2) <--> ( 9   2)       -1.039533      0.063566      0.056875   WU     4.545195      4.066754
 ( 8   2) <--> ( 9   3)       -0.423533      0.010552      0.009441   WU     0.754485      0.675066
 ( 8   2) <--> ( 9   4)       -0.015165      0.000014      0.000012   WU     0.000967      0.000865
 ( 8   3) <--> ( 9   1)       -0.918920      0.049671      0.044443   WU     3.551654      3.177795
 ( 8   3) <--> ( 9   2)       -0.110807      0.000722      0.000646   WU     0.051643      0.046207
 ( 8   3) <--> ( 9   3)       -0.459675      0.012429      0.011121   WU     0.888746      0.795194
 ( 8   3) <--> ( 9   4)       -0.487935      0.014005      0.012531   WU     1.001380      0.895971
 ( 8   4) <--> ( 9   1)        0.434589      0.011110      0.009940   WU     0.794387      0.710767
 ( 8   4) <--> ( 9   2)       -1.940587      0.221522      0.198204   WU    15.839515     14.172198
 ( 8   4) <--> ( 9   3)       -0.815557      0.039125      0.035007   WU     2.797588      2.503105
 ( 8   4) <--> ( 9   4)       -0.633516      0.023608      0.021123   WU     1.688069      1.510378
 ( 8   1) <--> (10   1)        5.918928      2.060806      1.668272   WU   147.353927    119.286513
 ( 8   1) <--> (10   2)       -0.234000      0.003221      0.002607   WU     0.230307      0.186439
 ( 8   1) <--> (10   3)        0.686073      0.027688      0.022414   WU     1.979779      1.602678
 ( 8   1) <--> (10   4)        0.430365      0.010895      0.008820   WU     0.779022      0.630637
 ( 8   2) <--> (10   1)       -3.722521      0.815127      0.659865   WU    58.284083     47.182353
 ( 8   2) <--> (10   2)       -4.455311      1.167635      0.945228   WU    83.489455     67.586702
 ( 8   2) <--> (10   3)        6.650826      2.601970      2.106357   WU   186.048762    150.610903
 ( 8   2) <--> (10   4)        2.691092      0.425999      0.344856   WU    30.460201     24.658258
 ( 8   3) <--> (10   1)        0.542583      0.017317      0.014019   WU     1.238247      1.002391
 ( 8   3) <--> (10   2)       20.983359     25.900080     20.966731   WU  1851.934492   1499.185065
 ( 8   3) <--> (10   3)        1.596728      0.149973      0.121407   WU    10.723530      8.680952
 ( 8   3) <--> (10   4)        1.162366      0.079476      0.064338   WU     5.682787      4.600352
 ( 8   4) <--> (10   1)        1.850318      0.201393      0.163032   WU    14.400201     11.657306
 ( 8   4) <--> (10   2)       -6.672404      2.618881      2.120046   WU   187.257937    151.589758
 ( 8   4) <--> (10   3)       -9.519099      5.330191      4.314916   WU   381.124842    308.529634
 ( 8   4) <--> (10   4)        3.364451      0.665855      0.539025   WU    47.610639     38.541946
 ( 9   1) <--> ( 9   1)       -4.989013     -3.097589   (eb)
 ( 9   2) <--> ( 9   1)        6.100684      1.958860      1.958860   WU   140.064476    140.064476
 ( 9   2) <--> ( 9   2)       -7.474866     -4.641011   (eb)
 ( 9   3) <--> ( 9   1)       -2.328943      0.285472      0.285472   WU    20.412147     20.412147
 ( 9   3) <--> ( 9   2)        2.526398      0.335931      0.335931   WU    24.020076     24.020076
 ( 9   3) <--> ( 9   3)       -1.155613     -0.717500   (eb)
 ( 9   4) <--> ( 9   1)        1.743873      0.160058      0.160058   WU    11.444601     11.444601
 ( 9   4) <--> ( 9   2)        5.574691      1.635641      1.635641   WU   116.953308    116.953308
 ( 9   4) <--> ( 9   3)       -4.263714      0.956803      0.956803   WU    68.414338     68.414338
 ( 9   4) <--> ( 9   4)       -2.786583     -1.730140   (eb)
 ( 9   1) <--> (10   1)        2.039480      0.218920      0.198070   WU    15.653438     14.162634
 ( 9   1) <--> (10   2)        1.966121      0.203454      0.184078   WU    14.547598     13.162113
 ( 9   1) <--> (10   3)       -5.389426      1.528732      1.383139   WU   109.309014     98.898632
 ( 9   1) <--> (10   4)        1.604570      0.135508      0.122602   WU     9.689206      8.766424
 ( 9   2) <--> (10   1)        1.802140      0.170932      0.154653   WU    12.222162     11.058147
 ( 9   2) <--> (10   2)       -1.688387      0.150034      0.135745   WU    10.727900      9.706195
 ( 9   2) <--> (10   3)        0.145714      0.001118      0.001011   WU     0.079905      0.072295
 ( 9   2) <--> (10   4)       -5.513289      1.599808      1.447445   WU   114.391142    103.496748
 ( 9   3) <--> (10   1)        1.520187      0.121630      0.110046   WU     8.696910      7.868633
 ( 9   3) <--> (10   2)        0.000109      0.000000      0.000000   WU     0.000000      0.000000
 ( 9   3) <--> (10   3)        2.854538      0.428862      0.388018   WU    30.664963     27.744491
 ( 9   3) <--> (10   4)        2.212383      0.257613      0.233078   WU    18.420078     16.665785
 ( 9   4) <--> (10   1)        0.201540      0.002138      0.001934   WU     0.152860      0.138302
 ( 9   4) <--> (10   2)        0.424652      0.009491      0.008587   WU     0.678636      0.614004
 ( 9   4) <--> (10   3)        0.343058      0.006194      0.005604   WU     0.442900      0.400719
 ( 9   4) <--> (10   4)       -1.630455      0.139915      0.126590   WU    10.004349      9.051554
 (10   1) <--> (10   1)       -0.668498     -0.400827   (eb)
 (10   2) <--> (10   1)       -0.491089      0.011484      0.011484   WU     0.821155      0.821155
 (10   2) <--> (10   2)      -18.533098    -11.112323   (eb)
 (10   3) <--> (10   1)        0.229406      0.002506      0.002506   WU     0.179190      0.179190
 (10   3) <--> (10   2)       -3.748894      0.669248      0.669248   WU    47.853262     47.853262
 (10   3) <--> (10   3)       -5.081333     -3.046734   (eb)
 (10   4) <--> (10   1)       -1.228452      0.071862      0.071862   WU     5.138328      5.138328
 (10   4) <--> (10   2)        1.716030      0.140227      0.140227   WU    10.026633     10.026633
 (10   4) <--> (10   3)        5.730716      1.563862      1.563862   WU   111.820904    111.820904
 (10   4) <--> (10   4)       -5.307909     -3.182587   (eb)
 
  quadrupole shape invariant: 01+, 02+, 03+, 04+
quadr2     1.76217168     3.27722184     4.37344809     6.26639997
quadr3     1.55895407     2.72840406     3.22826338     9.29177784
  effective deformation parameters:  01+, 02+, 03+, 04+
beteff     0.08842259     0.12058466     0.13930000     0.16674322
cos3ga     0.66643990     0.45988572     0.35296610     0.59234080
 
 ********* END Transition **************************
