 ********* BEGIN READER ****************************
 
 Nucleus            :  Ra  88 194
 Imin, Imax         :     0  10
 imu, remu          :     1 12.0000
 nlevel             :     4
 observables        :     2
 wave fun           :     1
 nbet, ngam, npar   :    10   7  10
 Finish reading parameters: V, B_k ...
 
 ********* END READER ******************************
 
 ********* BEGIN LEVELS ********************
 
 E_0 = -1916.787142
 
  I=   0   ntot= 127
   0   1    0.000000
   0   2    1.865756
   0   3    3.507175
   0   4    3.911924
 
  I=   2   ntot= 234
   2   1    0.692447
   2   2    2.252511
   2   3    2.794572
   2   4    3.878500
 
  I=   3   ntot= 108
   3   1    2.987092
   3   2    4.492904
   3   3    5.109746
   3   4    5.368846
 
  I=   4   ntot= 324
   4   1    1.465194
   4   2    3.190984
   4   3    3.595513
   4   4    4.278515
 
  I=   5   ntot= 198
   5   1    3.823297
   5   2    4.924867
   5   3    5.120000
   5   4    5.363731
 
  I=   6   ntot= 432
   6   1    2.339693
   6   2    4.081745
   6   3    4.412108
   6   4    4.603262
 
  I=   7   ntot= 306
   7   1    4.707645
   7   2    5.480474
   7   3    5.613121
   7   4    5.871944
 
  I=   8   ntot= 522
   8   1    3.304994
   8   2    4.792766
   8   3    4.915518
   8   4    5.275448
 
  I=   9   ntot= 397
   9   1    5.611409
   9   2    5.786019
   9   3    6.146990
   9   4    6.380603
 
  I=  10   ntot= 630
  10   1    4.346987
  10   2    5.031716
  10   3    5.632667
  10   4    5.867623
 
 ********* END LEVELS **********************
 
 ********* BEGIN Transition ************************
 
  Monopole moment 
 
   I   n    <In|E0|In>   ave \beta      del<b>   ave \gamma    del<g>  
     K=0       K=2       K=4   
   0   1     36.749868    0.120055    0.034915   22.816738   11.181556  100.0000    0.0000    0.0000
   0   2     36.875795    0.150413    0.052207   18.844143    9.973284  100.0000    0.0000    0.0000
   0   3     37.197152    0.195886    0.054065   30.145150    9.669303  100.0000    0.0000    0.0000
   0   4     37.071214    0.181849    0.069684   20.233152   12.230063  100.0000    0.0000    0.0000
   2   1     36.800678    0.137384    0.033903   20.166031   10.402419   97.1417    2.8583    0.0000
   2   2     36.882667    0.147817    0.039667   25.862078   10.778744   17.2232   82.7768    0.0000
   2   3     36.986027    0.169581    0.052976   21.115603   10.074926   80.9458   19.0542    0.0000
   2   4     37.213681    0.201068    0.062154   25.735455    9.254254   21.0668   78.9333    0.0000
   3   1     36.979198    0.167849    0.037670   24.784453    8.631099    0.0000  100.0000    0.0000
   3   2     37.502889    0.241025    0.071079   26.347127    9.251727    0.0000  100.0000    0.0000
   3   3     39.115115    0.430755    0.105612   15.223841   11.674795    0.0000   99.9998    0.0000
   3   4     38.957239    0.418764    0.142318   15.574016   14.656408    0.0000   99.9998    0.0000
   4   1     36.846892    0.149907    0.033401   18.743204    9.873851   95.8096    3.8784    0.3120
   4   2     36.970291    0.165736    0.039798   24.668060   10.368853   16.2322   75.3420    8.4257
   4   3     37.104053    0.188943    0.056637   21.485131    9.601266   82.5626   16.6246    0.8128
   4   4     37.200347    0.196561    0.049091   29.931781    9.450726    2.6362   15.7709   81.5929
   5   1     37.064437    0.182790    0.039894   23.680005    8.320738    0.0000   95.0930    4.9070
   5   2     37.474649    0.235839    0.063092   28.270909    8.915625    0.0000   13.1209   86.8791
   5   3     38.047505    0.314862    0.110690   20.238694   12.478194    0.0000   86.1049   13.8950
   5   4     39.464342    0.469889    0.115620   11.639486   10.382294    0.0000   96.0744    3.9254
   6   1     36.894530    0.160533    0.033472   17.972865    9.500190   93.3773    6.2162    0.3397
   6   2     37.096668    0.186346    0.042708   25.409175    9.358556   14.5222   74.0501    9.7739
   6   3     37.243485    0.211168    0.071512   20.934335   12.117372   84.6349   13.6466    1.3910
   6   4     40.564236    0.566387    0.059752    6.211264    8.497291   99.8411    0.1417    0.0108
   7   1     37.172848    0.199395    0.045533   23.288562    8.321605    0.0000   88.5732   10.7015
   7   2     39.328336    0.452252    0.103424   13.779780   11.732815    0.0000   89.0233    9.3226
   7   3     38.416279    0.359443    0.142254   18.004930   14.981780    0.0000   38.8955   45.3473
   7   4     38.595869    0.383498    0.153869   14.933216   14.681424    0.0000   70.6187   18.8207
   8   1     36.947285    0.170518    0.034228   17.681529    9.184901   89.7064    9.6338    0.5745
   8   2     40.601810    0.569500    0.057893    6.130251    8.392566   99.6265    0.3350    0.0275
   8   3     37.364795    0.224523    0.072964   25.804659   14.104784   26.3097   57.8650   13.1162
   8   4     37.531892    0.255860    0.115575   19.145549   14.647509   67.1386   27.5867    4.3567
   9   1     37.475038    0.243707    0.093790   21.700246   13.132126    0.0000   77.4653   19.4412
   9   2     39.893715    0.507073    0.088126   10.769597    9.286292    0.0000   97.5875    2.2556
   9   3     38.729197    0.388471    0.123561   19.535187   14.323479    0.0000   44.7062   39.7281
   9   4     39.184915    0.437630    0.128778   15.264151   14.421709    0.0000   65.6667   11.2806
  10   1     37.010846    0.180967    0.036244   17.884310    8.871469   84.4969   14.2563    1.1021
  10   2     40.657919    0.574185    0.054567    5.980235    7.985771   99.6659    0.3221    0.0041
  10   3     38.009168    0.307770    0.109210   22.338375   14.400442   38.7670   43.8902   13.1580
  10   4     39.356752    0.460022    0.125224   11.637714   12.374157   43.9142   49.4717    4.9678
 
  rho^2(E0) 
 
   I  n_1 n_2  <In_1|E0|In_2>  rho^2(E0) 
   0   1   1       36.749868 2727.426151
   0   2   1       -0.102060    0.021035
   0   2   2       36.875795 2746.149790
   0   3   1       -0.046168    0.004305
   0   3   2        0.141372    0.040361
   0   3   3       37.197152 2794.221476
   0   4   1       -0.008863    0.000159
   0   4   2       -0.148743    0.044680
   0   4   3       -0.092294    0.017203
   0   4   4       37.071214 2775.332762
   2   1   1       36.800678 2734.973226
   2   2   1        0.035352    0.002524
   2   2   2       36.882667 2747.173433
   2   3   1       -0.124605    0.031355
   2   3   2        0.011542    0.000269
   2   3   3       36.986027 2762.592386
   2   4   1       -0.029824    0.001796
   2   4   2       -0.172574    0.060144
   2   4   3       -0.001959    0.000008
   2   4   4       37.213681 2796.705266
   3   1   1       36.979198 2761.572253
   3   2   1       -0.211879    0.090660
   3   2   2       37.502889 2840.343733
   3   3   1       -0.046640    0.004393
   3   3   2       -0.401973    0.326314
   3   3   3       39.115115 3089.802018
   3   4   1       -0.042032    0.003568
   3   4   2       -0.251231    0.127465
   3   4   3       -0.901872    1.642600
   3   4   4       38.957239 3064.910335
   4   1   1       36.846892 2741.846662
   4   2   1        0.023960    0.001159
   4   2   2       36.970291 2760.242102
   4   3   1       -0.150082    0.045488
   4   3   2        0.037765    0.002880
   4   3   3       37.104053 2780.251867
   4   4   1        0.012781    0.000330
   4   4   2       -0.002006    0.000008
   4   4   3       -0.038943    0.003063
   4   4   4       37.200347 2794.701449
   5   1   1       37.064437 2774.318128
   5   2   1       -0.099616    0.020040
   5   2   2       37.474649 2836.067602
   5   3   1       -0.190929    0.073618
   5   3   2        0.201501    0.081997
   5   3   3       38.047505 2923.437476
   5   4   1       -0.096599    0.018845
   5   4   2       -0.049347    0.004918
   5   4   3       -0.816770    1.347229
   5   4   4       39.464342 3145.221085
   6   1   1       36.894530 2748.940972
   6   2   1        0.025089    0.001271
   6   2   2       37.096668 2779.145262
   6   3   1       -0.168232    0.057155
   6   3   2       -0.101565    0.020832
   6   3   3       37.243485 2801.186763
   6   4   1       -0.010697    0.000231
   6   4   2        0.001150    0.000003
   6   4   3       -0.190722    0.073459
   6   4   4       40.564236 3322.982387
   7   1   1       37.172848 2790.571226
   7   2   1       -0.180007    0.065437
   7   2   2       39.328336 3123.579680
   7   3   1       -0.136718    0.037748
   7   3   2       -0.818911    1.354301
   7   3   3       38.416279 2980.382672
   7   4   1        0.134691    0.036637
   7   4   2        0.527027    0.560928
   7   4   3       -0.661947    0.884888
   7   4   4       38.595869 3008.313392
   8   1   1       36.947285 2756.807845
   8   2   1        0.011060    0.000247
   8   2   2       40.601810 3329.141285
   8   3   1        0.098322    0.019523
   8   3   2       -0.195928    0.077524
   8   3   3       37.364795 2819.464593
   8   4   1       -0.139480    0.039289
   8   4   2        0.205019    0.084885
   8   4   3       -0.256479    0.132845
   8   4   4       37.531892 2844.738530
   9   1   1       37.475038 2836.126598
   9   2   1       -0.539511    0.587817
   9   2   2       39.893715 3214.033489
   9   3   1       -0.267380    0.144377
   9   3   2       -0.576219    0.670526
   9   3   3       38.729197 3029.133647
   9   4   1       -0.003101    0.000019
   9   4   2        0.541841    0.592905
   9   4   3       -0.516658    0.539073
   9   4   4       39.184915 3100.839256
  10   1   1       37.010846 2766.301175
  10   2   1        0.012056    0.000294
  10   2   2       40.657919 3338.348940
  10   3   1       -0.146231    0.043184
  10   3   2        0.190573    0.073344
  10   3   3       38.009168 2917.549119
  10   4   1        0.031152    0.001960
  10   4   2        0.341863    0.236019
  10   4   3        0.753889    1.147775
  10   4   4       39.356752 3128.095101
 
  E2 transition 
 
  I1  n1        I2  n2       <f||E2||i>   B(E2,I1->I2)  B(E2,I2->I1)
 ( 0   1) <--> ( 2   1)        1.337131      1.787919      0.357584   WU   162.765533     32.553107
 ( 0   1) <--> ( 2   2)       -0.211039      0.044538      0.008908   WU     4.054534      0.810907
 ( 0   1) <--> ( 2   3)       -0.146337      0.021415      0.004283   WU     1.949498      0.389900
 ( 0   1) <--> ( 2   4)       -0.040848      0.001669      0.000334   WU     0.151896      0.030379
 ( 0   2) <--> ( 2   1)       -0.799230      0.638768      0.127754   WU    58.151078     11.630216
 ( 0   2) <--> ( 2   2)       -0.483711      0.233976      0.046795   WU    21.300341      4.260068
 ( 0   2) <--> ( 2   3)        1.486180      2.208732      0.441746   WU   201.074808     40.214962
 ( 0   2) <--> ( 2   4)       -0.070138      0.004919      0.000984   WU     0.447837      0.089567
 ( 0   3) <--> ( 2   1)        0.049436      0.002444      0.000489   WU     0.222486      0.044497
 ( 0   3) <--> ( 2   2)        0.365269      0.133421      0.026684   WU    12.146182      2.429236
 ( 0   3) <--> ( 2   3)        0.930233      0.865333      0.173067   WU    78.776762     15.755352
 ( 0   3) <--> ( 2   4)        0.317599      0.100869      0.020174   WU     9.182749      1.836550
 ( 0   4) <--> ( 2   1)        0.052637      0.002771      0.000554   WU     0.252233      0.050447
 ( 0   4) <--> ( 2   2)        0.571094      0.326148      0.065230   WU    29.691356      5.938271
 ( 0   4) <--> ( 2   3)       -0.768547      0.590664      0.118133   WU    53.771883     10.754377
 ( 0   4) <--> ( 2   4)       -0.282976      0.080076      0.016015   WU     7.289787      1.457957
 ( 2   1) <--> ( 2   1)       -1.515758     -1.148843   (eb)
 ( 2   2) <--> ( 2   1)       -1.123153      0.252295      0.252295   WU    22.967973     22.967973
 ( 2   2) <--> ( 2   2)        0.993713      0.753168   (eb)
 ( 2   3) <--> ( 2   1)        0.128796      0.003318      0.003318   WU     0.302030      0.302030
 ( 2   3) <--> ( 2   2)        1.349563      0.364264      0.364264   WU    33.161240     33.161240
 ( 2   3) <--> ( 2   3)       -0.907871     -0.688105   (eb)
 ( 2   4) <--> ( 2   1)       -0.046660      0.000435      0.000435   WU     0.039640      0.039640
 ( 2   4) <--> ( 2   2)        0.028359      0.000161      0.000161   WU     0.014643      0.014643
 ( 2   4) <--> ( 2   3)       -1.635308      0.534846      0.534846   WU    48.690418     48.690418
 ( 2   4) <--> ( 2   4)        0.853092      0.646586   (eb)
 ( 2   1) <--> ( 3   1)       -0.418349      0.035003      0.025002   WU     3.186554      2.276110
 ( 2   1) <--> ( 3   2)       -0.087949      0.001547      0.001105   WU     0.140832      0.100595
 ( 2   1) <--> ( 3   3)       -0.026221      0.000138      0.000098   WU     0.012518      0.008941
 ( 2   1) <--> ( 3   4)       -0.024388      0.000119      0.000085   WU     0.010829      0.007735
 ( 2   2) <--> ( 3   1)       -2.294455      1.052905      0.752075   WU    95.852547     68.466105
 ( 2   2) <--> ( 3   2)        0.095371      0.001819      0.001299   WU     0.165605      0.118289
 ( 2   2) <--> ( 3   3)        0.044999      0.000405      0.000289   WU     0.036868      0.026334
 ( 2   2) <--> ( 3   4)        0.058572      0.000686      0.000490   WU     0.062463      0.044616
 ( 2   3) <--> ( 3   1)       -0.792928      0.125747      0.089819   WU    11.447528      8.176806
 ( 2   3) <--> ( 3   2)       -0.065532      0.000859      0.000613   WU     0.078189      0.055850
 ( 2   3) <--> ( 3   3)       -0.050253      0.000505      0.000361   WU     0.045979      0.032842
 ( 2   3) <--> ( 3   4)       -0.051811      0.000537      0.000383   WU     0.048875      0.034911
 ( 2   4) <--> ( 3   1)        1.575755      0.496601      0.354715   WU    45.208708     32.291934
 ( 2   4) <--> ( 3   2)       -3.138919      1.970563      1.407545   WU   179.392792    128.137708
 ( 2   4) <--> ( 3   3)       -0.247776      0.012279      0.008770   WU     1.117799      0.798428
 ( 2   4) <--> ( 3   4)       -0.226952      0.010301      0.007358   WU     0.937807      0.669862
 ( 2   1) <--> ( 4   1)        2.502562      1.252563      0.695869   WU   114.028747     63.349304
 ( 2   1) <--> ( 4   2)       -0.116589      0.002719      0.001510   WU     0.247491      0.137495
 ( 2   1) <--> ( 4   3)       -0.207723      0.008630      0.004794   WU     0.785622      0.436456
 ( 2   1) <--> ( 4   4)       -0.008778      0.000015      0.000009   WU     0.001403      0.000779
 ( 2   2) <--> ( 4   1)        0.369944      0.027372      0.015207   WU     2.491821      1.384345
 ( 2   2) <--> ( 4   2)        1.899119      0.721331      0.400739   WU    65.667274     36.481819
 ( 2   2) <--> ( 4   3)       -0.420208      0.035315      0.019619   WU     3.214946      1.786081
 ( 2   2) <--> ( 4   4)       -0.456027      0.041592      0.023107   WU     3.786398      2.103555
 ( 2   3) <--> ( 4   1)       -1.108159      0.245603      0.136446   WU    22.358807     12.421560
 ( 2   3) <--> ( 4   2)        0.133619      0.003571      0.001984   WU     0.325074      0.180597
 ( 2   3) <--> ( 4   3)        2.907789      1.691048      0.939471   WU   153.946756     85.525975
 ( 2   3) <--> ( 4   4)       -0.297014      0.017643      0.009802   WU     1.606197      0.892332
 ( 2   4) <--> ( 4   1)       -0.025641      0.000131      0.000073   WU     0.011970      0.006650
 ( 2   4) <--> ( 4   2)       -0.757517      0.114766      0.063759   WU    10.447901      5.804389
 ( 2   4) <--> ( 4   3)        0.345714      0.023904      0.013280   WU     2.176103      1.208946
 ( 2   4) <--> ( 4   4)        0.118149      0.002792      0.001551   WU     0.254156      0.141198
 ( 3   1) <--> ( 3   1)        0.000000      0.000000   (eb)
 ( 3   2) <--> ( 3   1)        0.000000      0.000000      0.000000   WU     0.000000      0.000000
 ( 3   2) <--> ( 3   2)        0.000000      0.000000   (eb)
 ( 3   3) <--> ( 3   1)        0.000000      0.000000      0.000000   WU     0.000000      0.000000
 ( 3   3) <--> ( 3   2)        0.000000      0.000000      0.000000   WU     0.000000      0.000000
 ( 3   3) <--> ( 3   3)        0.000000      0.000000   (eb)
 ( 3   4) <--> ( 3   1)        0.000000      0.000000      0.000000   WU     0.000000      0.000000
 ( 3   4) <--> ( 3   2)        0.000000      0.000000      0.000000   WU     0.000000      0.000000
 ( 3   4) <--> ( 3   3)        0.000000      0.000000      0.000000   WU     0.000000      0.000000
 ( 3   4) <--> ( 3   4)        0.000000      0.000000   (eb)
 ( 3   1) <--> ( 4   1)        0.843520      0.101647      0.079059   WU     9.253538      7.197196
 ( 3   1) <--> ( 4   2)       -2.082713      0.619670      0.481966   WU    56.412502     43.876390
 ( 3   1) <--> ( 4   3)       -1.133744      0.183625      0.142820   WU    16.716558     13.001768
 ( 3   1) <--> ( 4   4)       -1.575470      0.354587      0.275790   WU    32.280265     25.106872
 ( 3   2) <--> ( 4   1)        0.092730      0.001228      0.000955   WU     0.111829      0.086978
 ( 3   2) <--> ( 4   2)        0.375177      0.020108      0.015640   WU     1.830581      1.423785
 ( 3   2) <--> ( 4   3)        1.406213      0.282491      0.219715   WU    25.716921     20.002050
 ( 3   2) <--> ( 4   4)        0.788170      0.088744      0.069023   WU     8.078969      6.283643
 ( 3   3) <--> ( 4   1)        0.024512      0.000086      0.000067   WU     0.007814      0.006078
 ( 3   3) <--> ( 4   2)        0.085896      0.001054      0.000820   WU     0.095954      0.074631
 ( 3   3) <--> ( 4   3)        0.268784      0.010321      0.008027   WU     0.939559      0.730768
 ( 3   3) <--> ( 4   4)        0.187614      0.005028      0.003911   WU     0.457768      0.356042
 ( 3   4) <--> ( 4   1)        0.022355      0.000071      0.000056   WU     0.006500      0.005055
 ( 3   4) <--> ( 4   2)        0.108414      0.001679      0.001306   WU     0.152858      0.118890
 ( 3   4) <--> ( 4   3)        0.262537      0.009846      0.007658   WU     0.896388      0.697191
 ( 3   4) <--> ( 4   4)        0.232062      0.007693      0.005984   WU     0.700364      0.544728
 ( 3   1) <--> ( 5   1)        2.790742      1.112606      0.708022   WU   101.287546     64.455711
 ( 3   1) <--> ( 5   2)       -0.309849      0.013715      0.008728   WU     1.248582      0.794552
 ( 3   1) <--> ( 5   3)        0.067611      0.000653      0.000416   WU     0.059449      0.037831
 ( 3   1) <--> ( 5   4)        0.013718      0.000027      0.000017   WU     0.002447      0.001557
 ( 3   2) <--> ( 5   1)       -1.169852      0.195508      0.124414   WU    17.798311     11.326198
 ( 3   2) <--> ( 5   2)        1.920508      0.526907      0.335305   WU    47.967677     30.524885
 ( 3   2) <--> ( 5   3)        3.364428      1.617054      1.029034   WU   147.210614     93.679482
 ( 3   2) <--> ( 5   4)        0.876878      0.109845      0.069901   WU     9.999880      6.363560
 ( 3   3) <--> ( 5   1)       -0.228867      0.007483      0.004762   WU     0.681211      0.433498
 ( 3   3) <--> ( 5   2)       -0.949246      0.128724      0.081915   WU    11.718567      7.457270
 ( 3   3) <--> ( 5   3)       -4.126736      2.432850      1.548177   WU   221.477664    140.940332
 ( 3   3) <--> ( 5   4)        6.493566      6.023771      3.833309   WU   548.381910    348.970306
 ( 3   4) <--> ( 5   1)       -0.294459      0.012387      0.007882   WU     1.127626      0.717580
 ( 3   4) <--> ( 5   2)       -0.799439      0.091300      0.058100   WU     8.311641      5.289226
 ( 3   4) <--> ( 5   3)        0.301856      0.013017      0.008283   WU     1.184993      0.754086
 ( 3   4) <--> ( 5   4)       -5.375415      4.127870      2.626826   WU   375.786022    239.136560
 ( 4   1) <--> ( 4   1)       -2.129987     -1.606213   (eb)
 ( 4   2) <--> ( 4   1)       -1.261947      0.176946      0.176946   WU    16.108485     16.108485
 ( 4   2) <--> ( 4   2)       -0.852043     -0.642522   (eb)
 ( 4   3) <--> ( 4   1)        0.308987      0.010608      0.010608   WU     0.965726      0.965726
 ( 4   3) <--> ( 4   2)        0.732170      0.059564      0.059564   WU     5.422453      5.422453
 ( 4   3) <--> ( 4   3)       -1.934686     -1.458938   (eb)
 ( 4   4) <--> ( 4   1)       -0.038125      0.000161      0.000161   WU     0.014702      0.014702
 ( 4   4) <--> ( 4   2)       -1.695908      0.319567      0.319567   WU    29.092206     29.092206
 ( 4   4) <--> ( 4   3)       -0.123161      0.001685      0.001685   WU     0.153432      0.153432
 ( 4   4) <--> ( 4   4)        3.002693      2.264318   (eb)
 ( 4   1) <--> ( 5   1)       -0.416611      0.019285      0.015779   WU     1.755630      1.436425
 ( 4   1) <--> ( 5   2)       -0.053196      0.000314      0.000257   WU     0.028624      0.023420
 ( 4   1) <--> ( 5   3)       -0.086641      0.000834      0.000682   WU     0.075931      0.062125
 ( 4   1) <--> ( 5   4)       -0.053719      0.000321      0.000262   WU     0.029190      0.023883
 ( 4   2) <--> ( 5   1)       -2.327579      0.601958      0.492511   WU    54.800055     44.836409
 ( 4   2) <--> ( 5   2)       -0.481054      0.025713      0.021038   WU     2.340778      1.915182
 ( 4   2) <--> ( 5   3)        0.326162      0.011820      0.009671   WU     1.076069      0.880420
 ( 4   2) <--> ( 5   4)        0.155184      0.002676      0.002189   WU     0.243595      0.199305
 ( 4   3) <--> ( 5   1)       -0.409650      0.018646      0.015256   WU     1.697454      1.388826
 ( 4   3) <--> ( 5   2)       -0.321668      0.011497      0.009406   WU     1.046615      0.856321
 ( 4   3) <--> ( 5   3)        0.130996      0.001907      0.001560   WU     0.173574      0.142015
 ( 4   3) <--> ( 5   4)        0.009932      0.000011      0.000009   WU     0.000998      0.000816
 ( 4   4) <--> ( 5   1)       -0.192543      0.004119      0.003370   WU     0.374997      0.306816
 ( 4   4) <--> ( 5   2)       -3.593604      1.434888      1.173999   WU   130.626899    106.876553
 ( 4   4) <--> ( 5   3)        1.336919      0.198595      0.162486   WU    18.079318     14.792170
 ( 4   4) <--> ( 5   4)        0.389687      0.016873      0.013805   WU     1.536044      1.256763
 ( 4   1) <--> ( 6   1)        3.525878      1.381313      0.956294   WU   125.749642     87.057444
 ( 4   1) <--> ( 6   2)        0.101774      0.001151      0.000797   WU     0.104772      0.072534
 ( 4   1) <--> ( 6   3)       -0.224512      0.005601      0.003877   WU     0.509861      0.352981
 ( 4   1) <--> ( 6   4)       -0.016745      0.000031      0.000022   WU     0.002836      0.001964
 ( 4   2) <--> ( 6   1)        0.141002      0.002209      0.001529   WU     0.201105      0.139226
 ( 4   2) <--> ( 6   2)       -3.241737      1.167651      0.808374   WU   106.298638     73.591365
 ( 4   2) <--> ( 6   3)       -0.865241      0.083182      0.057588   WU     7.572625      5.242586
 ( 4   2) <--> ( 6   4)       -0.039102      0.000170      0.000118   WU     0.015465      0.010707
 ( 4   3) <--> ( 6   1)       -1.435130      0.228844      0.158431   WU    20.833124     14.422932
 ( 4   3) <--> ( 6   2)       -1.393726      0.215830      0.149421   WU    19.648398     13.602737
 ( 4   3) <--> ( 6   3)        4.173907      1.935722      1.340115   WU   176.220998    121.999152
 ( 4   3) <--> ( 6   4)        0.171621      0.003273      0.002266   WU     0.297930      0.206259
 ( 4   4) <--> ( 6   1)       -0.114436      0.001455      0.001007   WU     0.132464      0.091706
 ( 4   4) <--> ( 6   2)       -0.058308      0.000378      0.000262   WU     0.034390      0.023808
 ( 4   4) <--> ( 6   3)       -0.433991      0.020928      0.014488   WU     1.905166      1.318961
 ( 4   4) <--> ( 6   4)        0.146466      0.002384      0.001650   WU     0.216994      0.150226
 ( 5   1) <--> ( 5   1)       -1.501042     -1.089947   (eb)
 ( 5   2) <--> ( 5   1)       -1.240901      0.139985      0.139985   WU    12.743713     12.743713
 ( 5   2) <--> ( 5   2)        2.115780      1.536325   (eb)
 ( 5   3) <--> ( 5   1)        0.790489      0.056807      0.056807   WU     5.171470      5.171470
 ( 5   3) <--> ( 5   2)       -0.520828      0.024660      0.024660   WU     2.244971      2.244971
 ( 5   3) <--> ( 5   3)       -2.833900     -2.057771   (eb)
 ( 5   4) <--> ( 5   1)        0.311488      0.008820      0.008820   WU     0.802980      0.802980
 ( 5   4) <--> ( 5   2)        0.339480      0.010477      0.010477   WU     0.953785      0.953785
 ( 5   4) <--> ( 5   3)        1.631497      0.241980      0.241980   WU    22.028980     22.028980
 ( 5   4) <--> ( 5   4)       -5.470355     -3.972172   (eb)
 ( 5   1) <--> ( 6   1)        1.151046      0.120446      0.101916   WU    10.964965      9.278047
 ( 5   1) <--> ( 6   2)        2.253101      0.461497      0.390497   WU    42.012951     35.549420
 ( 5   1) <--> ( 6   3)       -0.615647      0.034456      0.029155   WU     3.136788      2.654205
 ( 5   1) <--> ( 6   4)       -0.044838      0.000183      0.000155   WU     0.016638      0.014078
 ( 5   2) <--> ( 6   1)        0.081110      0.000598      0.000506   WU     0.054447      0.046070
 ( 5   2) <--> ( 6   2)       -1.161520      0.122648      0.103779   WU    11.165423      9.447666
 ( 5   2) <--> ( 6   3)        0.693765      0.043755      0.037024   WU     3.983334      3.370514
 ( 5   2) <--> ( 6   4)       -0.017163      0.000027      0.000023   WU     0.002438      0.002063
 ( 5   3) <--> ( 6   1)        0.113758      0.001176      0.000995   WU     0.107099      0.090622
 ( 5   3) <--> ( 6   2)       -0.258211      0.006061      0.005129   WU     0.551787      0.466897
 ( 5   3) <--> ( 6   3)        1.504062      0.205655      0.174016   WU    18.722061     15.841744
 ( 5   3) <--> ( 6   4)       -0.295727      0.007950      0.006727   WU     0.723773      0.612423
 ( 5   4) <--> ( 6   1)        0.065698      0.000392      0.000332   WU     0.035721      0.030226
 ( 5   4) <--> ( 6   2)       -0.160659      0.002346      0.001985   WU     0.213615      0.180751
 ( 5   4) <--> ( 6   3)        0.606364      0.033425      0.028283   WU     3.042909      2.574769
 ( 5   4) <--> ( 6   4)        0.791695      0.056980      0.048214   WU     5.187263      4.389223
 ( 5   1) <--> ( 7   1)        4.235144      1.630586      1.195763   WU   148.442509    108.857840
 ( 5   1) <--> ( 7   2)        0.015314      0.000021      0.000016   WU     0.001941      0.001423
 ( 5   1) <--> ( 7   3)       -0.024736      0.000056      0.000041   WU     0.005064      0.003714
 ( 5   1) <--> ( 7   4)        0.002779      0.000001      0.000001   WU     0.000064      0.000047
 ( 5   2) <--> ( 7   1)       -0.816970      0.060676      0.044496   WU     5.523748      4.050749
 ( 5   2) <--> ( 7   2)        2.482440      0.560228      0.410834   WU    51.001081     37.400792
 ( 5   2) <--> ( 7   3)        3.467952      1.093335      0.801779   WU    99.533229     72.991034
 ( 5   2) <--> ( 7   4)        0.889182      0.071877      0.052710   WU     6.543393      4.798488
 ( 5   3) <--> ( 7   1)       -1.494726      0.203110      0.148947   WU    18.490355     13.559594
 ( 5   3) <--> ( 7   2)        6.686381      4.064336      2.980513   WU   370.002131    271.334896
 ( 5   3) <--> ( 7   3)       -0.374870      0.012775      0.009369   WU     1.163011      0.852875
 ( 5   3) <--> ( 7   4)       -3.047226      0.844144      0.619039   WU    76.847795     56.355049
 ( 5   4) <--> ( 7   1)       -0.547644      0.027265      0.019994   WU     2.482096      1.820204
 ( 5   4) <--> ( 7   2)       -8.812077      7.059337      5.176847   WU   642.655997    471.281064
 ( 5   4) <--> ( 7   3)        6.415756      3.741994      2.744129   WU   340.657292    249.815347
 ( 5   4) <--> ( 7   4)       -4.673952      1.985985      1.456389   WU   180.796706    132.584251
 ( 6   1) <--> ( 6   1)       -2.664310     -1.857549   (eb)
 ( 6   2) <--> ( 6   1)        1.277125      0.125465      0.125465   WU    11.421894     11.421894
 ( 6   2) <--> ( 6   2)       -1.562286     -1.089221   (eb)
 ( 6   3) <--> ( 6   1)        0.743642      0.042539      0.042539   WU     3.872567      3.872567
 ( 6   3) <--> ( 6   2)       -0.580664      0.025936      0.025936   WU     2.361140      2.361140
 ( 6   3) <--> ( 6   3)       -2.948968     -2.056012   (eb)
 ( 6   4) <--> ( 6   1)        0.044542      0.000153      0.000153   WU     0.013894      0.013894
 ( 6   4) <--> ( 6   2)       -0.052356      0.000211      0.000211   WU     0.019196      0.019196
 ( 6   4) <--> ( 6   3)        0.589169      0.026702      0.026702   WU     2.430813      2.430813
 ( 6   4) <--> ( 6   4)      -13.198755     -9.202133   (eb)
 ( 6   1) <--> ( 7   1)       -0.383313      0.011302      0.009795   WU     1.028911      0.891723
 ( 6   1) <--> ( 7   2)       -0.072477      0.000404      0.000350   WU     0.036785      0.031881
 ( 6   1) <--> ( 7   3)       -0.079559      0.000487      0.000422   WU     0.044325      0.038415
 ( 6   1) <--> ( 7   4)        0.059462      0.000272      0.000236   WU     0.024760      0.021459
 ( 6   2) <--> ( 7   1)        2.219215      0.378840      0.328328   WU    34.488175     29.889751
 ( 6   2) <--> ( 7   2)        0.061199      0.000288      0.000250   WU     0.026228      0.022731
 ( 6   2) <--> ( 7   3)        0.332692      0.008514      0.007379   WU     0.775097      0.671751
 ( 6   2) <--> ( 7   4)        0.407082      0.012747      0.011048   WU     1.160472      1.005742
 ( 6   3) <--> ( 7   1)        0.425547      0.013930      0.012073   WU     1.268139      1.099054
 ( 6   3) <--> ( 7   2)        0.068743      0.000364      0.000315   WU     0.033093      0.028680
 ( 6   3) <--> ( 7   3)        0.005739      0.000003      0.000002   WU     0.000231      0.000200
 ( 6   3) <--> ( 7   4)       -0.069809      0.000375      0.000325   WU     0.034127      0.029576
 ( 6   4) <--> ( 7   1)       -0.010146      0.000008      0.000007   WU     0.000721      0.000625
 ( 6   4) <--> ( 7   2)        0.622223      0.029782      0.025811   WU     2.711208      2.349714
 ( 6   4) <--> ( 7   3)       -0.341192      0.008955      0.007761   WU     0.815210      0.706516
 ( 6   4) <--> ( 7   4)        0.233292      0.004187      0.003628   WU     0.381127      0.330310
 ( 6   1) <--> ( 8   1)        4.507132      1.562634      1.194955   WU   142.256442    108.784338
 ( 6   1) <--> ( 8   2)        0.011047      0.000009      0.000007   WU     0.000855      0.000654
 ( 6   1) <--> ( 8   3)        0.108476      0.000905      0.000692   WU     0.082402      0.063013
 ( 6   1) <--> ( 8   4)       -0.191231      0.002813      0.002151   WU     0.256088      0.195832
 ( 6   2) <--> ( 8   1)        0.436532      0.014658      0.011209   WU     1.334453      1.020464
 ( 6   2) <--> ( 8   2)        0.249411      0.004785      0.003659   WU     0.435614      0.333116
 ( 6   2) <--> ( 8   3)        4.671912      1.678982      1.283927   WU   152.848293    116.883988
 ( 6   2) <--> ( 8   4)        1.406630      0.152201      0.116389   WU    13.855778     10.595595
 ( 6   3) <--> ( 8   1)       -1.615800      0.200831      0.153577   WU    18.282954     13.981083
 ( 6   3) <--> ( 8   2)       -1.281381      0.126303      0.096585   WU    11.498152      8.792704
 ( 6   3) <--> ( 8   3)       -2.762139      0.586878      0.448789   WU    53.427198     40.856092
 ( 6   3) <--> ( 8   4)        4.952160      1.886453      1.442582   WU   171.735713    131.327310
 ( 6   4) <--> ( 8   1)       -0.102785      0.000813      0.000621   WU     0.073983      0.056575
 ( 6   4) <--> ( 8   2)       17.285239     22.983038     17.575265   WU  2092.291018   1599.987249
 ( 6   4) <--> ( 8   3)       -1.113447      0.095366      0.072927   WU     8.681812      6.639032
 ( 6   4) <--> ( 8   4)        0.925297      0.065860      0.050363   WU     5.995609      4.584877
 ( 7   1) <--> ( 7   1)       -2.309395     -1.546514   (eb)
 ( 7   2) <--> ( 7   1)       -0.069929      0.000326      0.000326   WU     0.029678      0.029678
 ( 7   2) <--> ( 7   2)       -7.026238     -4.705203   (eb)
 ( 7   3) <--> ( 7   1)       -1.171467      0.091489      0.091489   WU     8.328821      8.328821
 ( 7   3) <--> ( 7   2)        4.203539      1.177983      1.177983   WU   107.239205    107.239205
 ( 7   3) <--> ( 7   3)       -1.609366     -1.077731   (eb)
 ( 7   4) <--> ( 7   1)       -1.373218      0.125715      0.125715   WU    11.444648     11.444648
 ( 7   4) <--> ( 7   2)       -0.923377      0.056842      0.056842   WU     5.174653      5.174653
 ( 7   4) <--> ( 7   3)        2.905783      0.562905      0.562905   WU    51.244778     51.244778
 ( 7   4) <--> ( 7   4)       -5.030904     -3.369005   (eb)
 ( 7   1) <--> ( 8   1)        1.413595      0.133217      0.117544   WU    12.127558     10.700786
 ( 7   1) <--> ( 8   2)        0.144802      0.001398      0.001233   WU     0.127254      0.112283
 ( 7   1) <--> ( 8   3)        2.344605      0.366478      0.323363   WU    33.362827     29.437789
 ( 7   1) <--> ( 8   4)        0.096792      0.000625      0.000551   WU     0.056859      0.050170
 ( 7   2) <--> ( 8   1)        0.144772      0.001397      0.001233   WU     0.127201      0.112236
 ( 7   2) <--> ( 8   2)       -0.978376      0.063815      0.056307   WU     5.809451      5.125986
 ( 7   2) <--> ( 8   3)       -1.208859      0.097423      0.085961   WU     8.868995      7.825584
 ( 7   2) <--> ( 8   4)        1.810086      0.218427      0.192730   WU    19.884820     17.545429
 ( 7   3) <--> ( 8   1)        0.154038      0.001582      0.001396   WU     0.144005      0.127063
 ( 7   3) <--> ( 8   2)        0.397641      0.010541      0.009301   WU     0.959636      0.846738
 ( 7   3) <--> ( 8   3)       -1.687156      0.189766      0.167441   WU    17.275622     15.243196
 ( 7   3) <--> ( 8   4)        0.460918      0.014163      0.012497   WU     1.289349      1.137661
 ( 7   4) <--> ( 8   1)       -0.086658      0.000501      0.000442   WU     0.045577      0.040215
 ( 7   4) <--> ( 8   2)       -0.293345      0.005737      0.005062   WU     0.522254      0.460812
 ( 7   4) <--> ( 8   3)        0.026076      0.000045      0.000040   WU     0.004127      0.003641
 ( 7   4) <--> ( 8   4)       -1.455569      0.141245      0.124628   WU    12.858455     11.345695
 ( 7   1) <--> ( 9   1)        5.546187      2.050679      1.618957   WU   186.686293    147.383915
 ( 7   1) <--> ( 9   2)        0.885496      0.052274      0.041269   WU     4.758793      3.756942
 ( 7   1) <--> ( 9   3)        0.486561      0.015783      0.012460   WU     1.436806      1.134320
 ( 7   1) <--> ( 9   4)        0.120306      0.000965      0.000762   WU     0.087841      0.069348
 ( 7   2) <--> ( 9   1)       -4.104412      1.123080      0.886642   WU   102.241058     80.716625
 ( 7   2) <--> ( 9   2)       12.960081     11.197580      8.840195   WU  1019.386392    804.778730
 ( 7   2) <--> ( 9   3)        2.189003      0.319449      0.252197   WU    29.081460     22.959048
 ( 7   2) <--> ( 9   4)        0.406824      0.011034      0.008711   WU     1.004468      0.793001
 ( 7   3) <--> ( 9   1)       -0.628140      0.026304      0.020766   WU     2.394619      1.890489
 ( 7   3) <--> ( 9   2)       -6.988732      3.256158      2.570651   WU   296.428605    234.022583
 ( 7   3) <--> ( 9   3)        7.119220      3.378886      2.667541   WU   307.601302    242.843133
 ( 7   3) <--> ( 9   4)        0.970154      0.062747      0.049537   WU     5.712213      4.509641
 ( 7   4) <--> ( 9   1)        0.834709      0.046449      0.036670   WU     4.228570      3.338344
 ( 7   4) <--> ( 9   2)        4.558523      1.385342      1.093691   WU   126.116425     99.565599
 ( 7   4) <--> ( 9   3)       -5.522819      2.033436      1.605344   WU   185.116479    146.144588
 ( 7   4) <--> ( 9   4)        8.276112      4.566268      3.604949   WU   415.696225    328.181230
 ( 8   1) <--> ( 8   1)       -3.123258     -2.011990   (eb)
 ( 8   2) <--> ( 8   1)        0.013201      0.000010      0.000010   WU     0.000933      0.000933
 ( 8   2) <--> ( 8   2)      -15.087661     -9.719411   (eb)
 ( 8   3) <--> ( 8   1)        1.003962      0.059291      0.059291   WU     5.397600      5.397600
 ( 8   3) <--> ( 8   2)        0.837088      0.041219      0.041219   WU     3.752391      3.752391
 ( 8   3) <--> ( 8   3)       -1.797031     -1.157640   (eb)
 ( 8   4) <--> ( 8   1)        1.252332      0.092255      0.092255   WU     8.398559      8.398559
 ( 8   4) <--> ( 8   2)       -0.776901      0.035504      0.035504   WU     3.232193      3.232193
 ( 8   4) <--> ( 8   3)       -0.001312      0.000000      0.000000   WU     0.000009      0.000009
 ( 8   4) <--> ( 8   4)       -4.291079     -2.764296   (eb)
 ( 8   1) <--> ( 9   1)       -0.297319      0.005200      0.004653   WU     0.473381      0.423551
 ( 8   1) <--> ( 9   2)       -0.090703      0.000484      0.000433   WU     0.044057      0.039419
 ( 8   1) <--> ( 9   3)       -0.135051      0.001073      0.000960   WU     0.097670      0.087389
 ( 8   1) <--> ( 9   4)        0.006791      0.000003      0.000002   WU     0.000247      0.000221
 ( 8   2) <--> ( 9   1)       -0.078616      0.000364      0.000325   WU     0.033097      0.029613
 ( 8   2) <--> ( 9   2)        0.692849      0.028238      0.025265   WU     2.570653      2.300058
 ( 8   2) <--> ( 9   3)       -0.157889      0.001466      0.001312   WU     0.133496      0.119444
 ( 8   2) <--> ( 9   4)        0.156113      0.001434      0.001283   WU     0.130510      0.116772
 ( 8   3) <--> ( 9   1)        1.847095      0.200692      0.179566   WU    18.270235     16.347052
 ( 8   3) <--> ( 9   2)        0.100762      0.000597      0.000534   WU     0.054370      0.048647
 ( 8   3) <--> ( 9   3)        0.103319      0.000628      0.000562   WU     0.057165      0.051148
 ( 8   3) <--> ( 9   4)        0.204652      0.002464      0.002204   WU     0.224284      0.200675
 ( 8   4) <--> ( 9   1)        1.111960      0.072733      0.065077   WU     6.621312      5.924332
 ( 8   4) <--> ( 9   2)        0.776596      0.035477      0.031742   WU     3.229656      2.889692
 ( 8   4) <--> ( 9   3)        0.330902      0.006441      0.005763   WU     0.586359      0.524637
 ( 8   4) <--> ( 9   4)        0.087288      0.000448      0.000401   WU     0.040802      0.036507
 ( 8   1) <--> (10   1)        5.492095      1.774301      1.436339   WU   161.525785    130.758969
 ( 8   1) <--> (10   2)       -0.002806      0.000000      0.000000   WU     0.000042      0.000034
 ( 8   1) <--> (10   3)       -0.047307      0.000132      0.000107   WU     0.011985      0.009702
 ( 8   1) <--> (10   4)       -0.004684      0.000001      0.000001   WU     0.000117      0.000095
 ( 8   2) <--> (10   1)        0.158223      0.001473      0.001192   WU     0.134062      0.108526
 ( 8   2) <--> (10   2)       19.662706     22.742470     18.410571   WU  2070.390576   1676.030466
 ( 8   2) <--> (10   3)        0.055228      0.000179      0.000145   WU     0.016334      0.013223
 ( 8   2) <--> (10   4)        0.580993      0.019856      0.016074   WU     1.807619      1.463311
 ( 8   3) <--> (10   1)        1.285697      0.097236      0.078715   WU     8.852030      7.165929
 ( 8   3) <--> (10   2)       -1.069298      0.067259      0.054447   WU     6.122981      4.956699
 ( 8   3) <--> (10   3)       -6.742017      2.673812      2.164514   WU   243.413935    197.049376
 ( 8   3) <--> (10   4)        1.890208      0.210170      0.170137   WU    19.133086     15.488689
 ( 8   4) <--> (10   1)       -1.325532      0.103355      0.083668   WU     9.409063      7.616861
 ( 8   4) <--> (10   2)        0.959370      0.054141      0.043828   WU     4.928763      3.989951
 ( 8   4) <--> (10   3)        4.937458      1.434029      1.160881   WU   130.548721    105.682298
 ( 8   4) <--> (10   4)        4.038142      0.959211      0.776504   WU    87.323029     70.690071
 ( 9   1) <--> ( 9   1)       -3.075045     -1.909240   (eb)
 ( 9   2) <--> ( 9   1)        1.696318      0.151447      0.151447   WU    13.787185     13.787185
 ( 9   2) <--> ( 9   2)      -11.569502     -7.183297   (eb)
 ( 9   3) <--> ( 9   1)       -1.036327      0.056525      0.056525   WU     5.145821      5.145821
 ( 9   3) <--> ( 9   2)        2.574926      0.348960      0.348960   WU    31.768060     31.768060
 ( 9   3) <--> ( 9   3)       -3.029630     -1.881043   (eb)
 ( 9   4) <--> ( 9   1)       -1.651950      0.143628      0.143628   WU    13.075397     13.075397
 ( 9   4) <--> ( 9   2)       -1.264660      0.084177      0.084177   WU     7.663178      7.663178
 ( 9   4) <--> ( 9   3)        4.575313      1.101763      1.101763   WU   100.300397    100.300397
 ( 9   4) <--> ( 9   4)       -6.613433     -4.106163   (eb)
 ( 9   1) <--> (10   1)        1.606275      0.135796      0.122863   WU    12.362342     11.184976
 ( 9   1) <--> (10   2)        0.264372      0.003679      0.003328   WU     0.334883      0.302989
 ( 9   1) <--> (10   3)       -2.828143      0.420968      0.380876   WU    38.323387     34.673541
 ( 9   1) <--> (10   4)       -0.054908      0.000159      0.000144   WU     0.014446      0.013070
 ( 9   2) <--> (10   1)        0.384311      0.007773      0.007033   WU     0.707663      0.640267
 ( 9   2) <--> (10   2)       -1.192052      0.074789      0.067666   WU     6.808502      6.160074
 ( 9   2) <--> (10   3)        1.626029      0.139156      0.125903   WU    12.668280     11.461778
 ( 9   2) <--> (10   4)        5.104665      1.371453      1.240838   WU   124.851999    112.961332
 ( 9   3) <--> (10   1)        0.399521      0.008401      0.007601   WU     0.764785      0.691949
 ( 9   3) <--> (10   2)        0.220944      0.002569      0.002325   WU     0.233897      0.211622
 ( 9   3) <--> (10   3)        2.598173      0.355290      0.321453   WU    32.344267     29.263860
 ( 9   3) <--> (10   4)       -0.392901      0.008125      0.007351   WU     0.739651      0.669208
 ( 9   4) <--> (10   1)       -0.002452      0.000000      0.000000   WU     0.000029      0.000026
 ( 9   4) <--> (10   2)       -0.212993      0.002388      0.002160   WU     0.217365      0.196664
 ( 9   4) <--> (10   3)        0.356272      0.006681      0.006044   WU     0.608170      0.550249
 ( 9   4) <--> (10   4)       -0.722541      0.027477      0.024860   WU     2.501415      2.263185
 (10   1) <--> (10   1)       -3.511541     -2.105497   (eb)
 (10   2) <--> (10   1)       -0.035420      0.000060      0.000060   WU     0.005439      0.005439
 (10   2) <--> (10   2)      -16.883422    -10.123188   (eb)
 (10   3) <--> (10   1)       -0.558552      0.014856      0.014856   WU     1.352456      1.352456
 (10   3) <--> (10   2)       -0.925119      0.040754      0.040754   WU     3.710139      3.710139
 (10   3) <--> (10   3)       -3.116174     -1.868438   (eb)
 (10   4) <--> (10   1)        0.663152      0.020941      0.020941   WU     1.906435      1.906435
 (10   4) <--> (10   2)       -1.750068      0.145845      0.145845   WU    13.277160     13.277160
 (10   4) <--> (10   3)       -3.226698      0.495789      0.495789   WU    45.134836     45.134836
 (10   4) <--> (10   4)       -9.861563     -5.912928   (eb)
 
  quadrupole shape invariant: 01+, 02+, 03+, 04+
quadr2     1.85749419     3.12031459     5.09788682     4.70945395
quadr3     1.69838217     4.82936558     4.24137703     9.16983647
  effective deformation parameters:  01+, 02+, 03+, 04+
beteff     0.10476296     0.13578232     0.17355580     0.16681278
cos3ga     0.67087904     0.87617833     0.36848651     0.89723407
 
 ********* END Transition **************************
