 ********* BEGIN READER ****************************
 
 Nucleus            :  No 102 198
 Imin, Imax         :     0  10
 imu, remu          :     1 12.0000
 nlevel             :     4
 observables        :     2
 wave fun           :     1
 nbet, ngam, npar   :    10   7  10
 Finish reading parameters: V, B_k ...
 
 ********* END READER ******************************
 
 ********* BEGIN LEVELS ********************
 
 E_0 = -2093.350203
 
  I=   0   ntot= 127
   0   1    0.000000
   0   2    0.542127
   0   3    1.191306
   0   4    1.281154
 
  I=   2   ntot= 234
   2   1    0.080819
   2   2    0.606477
   2   3    0.687476
   2   4    1.129936
 
  I=   3   ntot= 108
   3   1    0.755478
   3   2    1.211957
   3   3    1.735712
   3   4    2.007388
 
  I=   4   ntot= 324
   4   1    0.262892
   4   2    0.743125
   4   3    0.853239
   4   4    1.161958
 
  I=   5   ntot= 198
   5   1    0.948283
   5   2    1.278592
   5   3    1.445328
   5   4    1.953900
 
  I=   6   ntot= 432
   6   1    0.536407
   6   2    0.941167
   6   3    1.102414
   6   4    1.409663
 
  I=   7   ntot= 306
   7   1    1.205484
   7   2    1.557142
   7   3    1.765603
   7   4    1.920276
 
  I=   8   ntot= 522
   8   1    0.888703
   8   2    1.200376
   8   3    1.423023
   8   4    1.720744
 
  I=   9   ntot= 397
   9   1    1.518352
   9   2    1.897955
   9   3    2.161589
   9   4    2.291447
 
  I=  10   ntot= 630
  10   1    1.296678
  10   2    1.534574
  10   3    1.803353
  10   4    2.095473
 
 ********* END LEVELS **********************
 
 ********* BEGIN Transition ************************
 
  Monopole moment 
 
   I   n    <In|E0|In>   ave \beta      del<b>   ave \gamma    del<g>  
     K=0       K=2       K=4   
   0   1     39.675952    0.242750    0.051528   14.320523    7.483816  100.0000    0.0000    0.0000
   0   2     40.699023    0.361971    0.067360   18.283779    7.665112   99.9999    0.0000    0.0000
   0   3     40.271703    0.318066    0.092440   18.368387    6.053141   99.9999    0.0000    0.0000
   0   4     40.838851    0.376878    0.086259   17.010952   13.396071   99.9999    0.0000    0.0000
   2   1     39.688836    0.244743    0.052252   14.254553    7.345698   99.9746    0.0254    0.0000
   2   2     40.713081    0.363583    0.067375   18.154121    7.608797   98.5685    1.4315    0.0000
   2   3     40.655540    0.354914    0.060365   20.032059    7.296810    1.4648   98.5351    0.0000
   2   4     40.163036    0.304442    0.096386   19.213115    7.210078    0.1004   99.8995    0.0000
   3   1     40.687024    0.358300    0.059396   19.863524    7.176483    0.0000   99.9999    0.0000
   3   2     40.161709    0.304483    0.096131   19.039672    7.181172    0.0000  100.0000    0.0000
   3   3     40.879548    0.376293    0.081763   20.165245   11.948452    0.0000   99.9999    0.0000
   3   4     40.660410    0.357537    0.093199   19.927757    7.493372    0.0000   99.9999    0.0000
   4   1     39.719199    0.249312    0.054344   14.218407    7.086481   99.6916    0.3078    0.0007
   4   2     40.735129    0.365693    0.067269   18.219251    7.559323   88.8264   11.1356    0.0379
   4   3     40.721052    0.362674    0.059966   19.218359    7.275399   11.5194   88.0451    0.4354
   4   4     40.886267    0.374239    0.050048   21.905101    7.042897    0.0046    0.5759   99.4194
   5   1     40.763923    0.366492    0.057259   19.463490    7.029462    0.0000   98.5589    1.4410
   5   2     40.916389    0.377858    0.049704   21.433334    6.889339    0.0000    1.6688   98.3311
   5   3     40.170038    0.305862    0.095948   18.655187    7.275765    0.0000   99.5395    0.4605
   5   4     40.920756    0.381411    0.085242   19.518810   11.634624    0.0000   84.7016   15.2983
   6   1     39.775738    0.257475    0.058749   14.396439    6.724093   98.6939    1.2981    0.0079
   6   2     40.753063    0.367229    0.068251   18.408109    7.461923   76.3083   23.2287    0.4599
   6   3     40.794250    0.371294    0.059845   18.305337    7.391695   25.0067   72.2024    2.7742
   6   4     40.940677    0.380749    0.049602   21.078638    6.855458    0.0646    3.7269   94.9161
   7   1     40.848249    0.375163    0.054722   19.150549    6.921627    0.0000   94.7118    5.2240
   7   2     40.967677    0.383865    0.049324   20.733912    6.806258    0.0000    5.9188   90.8924
   7   3     40.204046    0.310217    0.096450   18.267511    7.554605    0.0000   98.1094    1.8294
   7   4     40.989730    0.382464    0.047401   22.794717    6.774987    0.0000    0.1013    4.0924
   8   1     39.893755    0.273478    0.067031   15.074968    6.429562   95.8691    4.0552    0.0743
   8   2     40.725239    0.364442    0.073297   18.543747    7.271177   67.3982   31.0412    1.5300
   8   3     40.867532    0.379610    0.060111   17.534620    7.672996   36.3342   55.9667    7.4963
   8   4     40.989093    0.386501    0.049553   20.369503    6.878505    0.5053   10.0357   83.6879
   9   1     40.928861    0.383207    0.052345   18.936194    6.845066    0.0000   88.5569   11.0619
   9   2     41.019098    0.389724    0.049039   20.112993    6.853503    0.0000   12.5122   78.6316
   9   3     40.289811    0.320419    0.098776   17.915368    8.106212    0.0000   94.8547    4.7532
   9   4     41.049402    0.389519    0.047908   21.890842    6.843133    0.0000    0.7269   10.9550
  10   1     40.189810    0.309543    0.075981   16.475163    6.700951   87.1674   12.2449    0.5689
  10   2     40.532707    0.345393    0.085886   18.464382    6.795943   66.1115   30.8790    2.8923
  10   3     40.940779    0.387521    0.061658   16.956271    8.232237   44.7985   39.7286   14.5103
  10   4     41.039257    0.392511    0.050331   19.580019    7.190328    2.2628   18.7689   66.9343
 
  rho^2(E0) 
 
   I  n_1 n_2  <In_1|E0|In_2>  rho^2(E0) 
   0   1   1       39.675952 3932.797841
   0   2   1       -0.303921    0.230765
   0   2   2       40.699023 4138.232419
   0   3   1       -0.143575    0.051499
   0   3   2       -0.466335    0.543305
   0   3   3       40.271703 4051.789647
   0   4   1       -0.006937    0.000120
   0   4   2        0.329027    0.270464
   0   4   3        0.009971    0.000248
   0   4   4       40.838851 4166.716401
   2   1   1       39.688836 3935.352487
   2   2   1        0.311059    0.241731
   2   2   2       40.713081 4141.091786
   2   3   1       -0.032106    0.002575
   2   3   2       -0.006451    0.000104
   2   3   3       40.655540 4129.394513
   2   4   1       -0.000989    0.000002
   2   4   2       -0.063602    0.010106
   2   4   3       -0.532999    0.709742
   2   4   4       40.163036 4029.953048
   3   1   1       40.687024 4135.792649
   3   2   1       -0.529855    0.701393
   3   2   2       40.161709 4029.686674
   3   3   1       -0.143172    0.051211
   3   3   2        0.369779    0.341611
   3   3   3       40.879548 4175.025004
   3   4   1        0.150761    0.056784
   3   4   2       -0.475605    0.565118
   3   4   3        0.047709    0.005687
   3   4   4       40.660410 4130.383895
   4   1   1       39.719199 3941.376031
   4   2   1       -0.324324    0.262788
   4   2   2       40.735129 4145.578205
   4   3   1        0.091087    0.020728
   4   3   2       -0.007693    0.000148
   4   3   3       40.721052 4142.713444
   4   4   1        0.000519    0.000001
   4   4   2       -0.000370    0.000000
   4   4   3       -0.007755    0.000150
   4   4   4       40.886267 4176.397568
   5   1   1       40.763923 4151.440760
   5   2   1       -0.013283    0.000441
   5   2   2       40.916389 4182.553595
   5   3   1       -0.509247    0.647893
   5   3   2       -0.052884    0.006987
   5   3   3       40.170038 4031.358300
   5   4   1       -0.149382    0.055750
   5   4   2        0.150897    0.056886
   5   4   3        0.363130    0.329437
   5   4   4       40.920756 4183.446352
   6   1   1       39.775738 3952.604868
   6   2   1        0.361883    0.327177
   6   2   2       40.753063 4149.229091
   6   3   1       -0.137063    0.046934
   6   3   2        0.005437    0.000074
   6   3   3       40.794250 4157.620293
   6   4   1        0.003945    0.000039
   6   4   2        0.000542    0.000001
   6   4   3        0.018426    0.000848
   6   4   4       40.940677 4187.520505
   7   1   1       40.848249 4168.634298
   7   2   1       -0.015388    0.000592
   7   2   2       40.967677 4193.045619
   7   3   1       -0.484206    0.585744
   7   3   2       -0.083498    0.017418
   7   3   3       40.204046 4038.186981
   7   4   1       -0.003566    0.000032
   7   4   2       -0.032292    0.002605
   7   4   3       -0.018603    0.000865
   7   4   4       40.989730 4197.561161
   8   1   1       39.893755 3976.094990
   8   2   1       -0.453392    0.513564
   8   2   2       40.725239 4143.565418
   8   3   1       -0.171153    0.073184
   8   3   2       -0.032203    0.002591
   8   3   3       40.867532 4172.570960
   8   4   1       -0.011234    0.000315
   8   4   2       -0.005923    0.000088
   8   4   3       -0.022445    0.001259
   8   4   4       40.989093 4197.430662
   9   1   1       40.928861 4185.103689
   9   2   1       -0.008375    0.000175
   9   2   2       41.019098 4203.578198
   9   3   1       -0.464366    0.538725
   9   3   2       -0.094937    0.022518
   9   3   3       40.289811 4055.434288
   9   4   1        0.015448    0.000596
   9   4   2        0.050268    0.006313
   9   4   3        0.050082    0.006266
   9   4   4       41.049402 4209.791435
  10   1   1       40.189810 4035.327752
  10   2   1       -0.595069    0.884671
  10   2   2       40.532707 4104.479758
  10   3   1       -0.194628    0.094637
  10   3   2       -0.088914    0.019751
  10   3   3       40.940779 4187.541451
  10   4   1       -0.020508    0.001051
  10   4   2       -0.020535    0.001054
  10   4   3       -0.018363    0.000842
  10   4   4       41.039257 4207.710850
 
  E2 transition 
 
  I1  n1        I2  n2       <f||E2||i>   B(E2,I1->I2)  B(E2,I2->I1)
 ( 0   1) <--> ( 2   1)       -3.712611     13.783478      2.756696   WU  1155.430820    231.086164
 ( 0   1) <--> ( 2   2)       -0.539288      0.290832      0.058166   WU    24.379634      4.875927
 ( 0   1) <--> ( 2   3)       -0.379860      0.144293      0.028859   WU    12.095712      2.419142
 ( 0   1) <--> ( 2   4)       -0.384005      0.147460      0.029492   WU    12.361135      2.472227
 ( 0   2) <--> ( 2   1)        0.628999      0.395640      0.079128   WU    33.165385      6.633077
 ( 0   2) <--> ( 2   2)        5.442067     29.616092      5.923218   WU  2482.634950    496.526990
 ( 0   2) <--> ( 2   3)        0.452626      0.204870      0.040974   WU    17.173725      3.434745
 ( 0   2) <--> ( 2   4)       -0.528624      0.279443      0.055889   WU    23.424954      4.684991
 ( 0   3) <--> ( 2   1)        0.463770      0.215083      0.043017   WU    18.029801      3.605960
 ( 0   3) <--> ( 2   2)       -0.750305      0.562957      0.112591   WU    47.191124      9.438225
 ( 0   3) <--> ( 2   3)       -0.419617      0.176079      0.035216   WU    14.760200      2.952040
 ( 0   3) <--> ( 2   4)        0.473652      0.224346      0.044869   WU    18.806298      3.761260
 ( 0   4) <--> ( 2   1)        0.115698      0.013386      0.002677   WU     1.122110      0.224422
 ( 0   4) <--> ( 2   2)        0.825763      0.681884      0.136377   WU    57.160437     11.432087
 ( 0   4) <--> ( 2   3)       -0.604129      0.364972      0.072994   WU    30.594628      6.118926
 ( 0   4) <--> ( 2   4)       -0.418348      0.175015      0.035003   WU    14.671014      2.934203
 ( 2   1) <--> ( 2   1)       -4.419452     -3.349649   (eb)
 ( 2   2) <--> ( 2   1)       -0.583525      0.068100      0.068100   WU     5.708667      5.708667
 ( 2   2) <--> ( 2   2)       -5.894791     -4.467858   (eb)
 ( 2   3) <--> ( 2   1)        0.791815      0.125394      0.125394   WU    10.511441     10.511441
 ( 2   3) <--> ( 2   2)        2.779054      1.544628      1.544628   WU   129.481929    129.481929
 ( 2   3) <--> ( 2   3)        5.707474      4.325884   (eb)
 ( 2   4) <--> ( 2   1)        0.564122      0.063647      0.063647   WU     5.335330      5.335330
 ( 2   4) <--> ( 2   2)       -0.917571      0.168387      0.168387   WU    14.115457     14.115457
 ( 2   4) <--> ( 2   3)       -0.923128      0.170433      0.170433   WU    14.286944     14.286944
 ( 2   4) <--> ( 2   4)        5.216395      3.953679   (eb)
 ( 2   1) <--> ( 3   1)        0.690402      0.095331      0.068094   WU     7.991341      5.708101
 ( 2   1) <--> ( 3   2)        0.619592      0.076779      0.054842   WU     6.436156      4.597254
 ( 2   1) <--> ( 3   3)       -0.082681      0.001367      0.000977   WU     0.114611      0.081865
 ( 2   1) <--> ( 3   4)        0.165586      0.005484      0.003917   WU     0.459689      0.328349
 ( 2   2) <--> ( 3   1)        0.753268      0.113483      0.081059   WU     9.512937      6.794955
 ( 2   2) <--> ( 3   2)       -0.667477      0.089105      0.063646   WU     7.469430      5.335307
 ( 2   2) <--> ( 3   3)        0.369208      0.027263      0.019474   WU     2.285380      1.632415
 ( 2   2) <--> ( 3   4)        0.073213      0.001072      0.000766   WU     0.089866      0.064190
 ( 2   3) <--> ( 3   1)       -8.375801     14.030809     10.022007   WU  1176.163866    840.117047
 ( 2   3) <--> ( 3   2)        1.240496      0.307766      0.219833   WU    25.799166     18.427976
 ( 2   3) <--> ( 3   3)        0.618967      0.076624      0.054731   WU     6.423171      4.587979
 ( 2   3) <--> ( 3   4)       -0.024531      0.000120      0.000086   WU     0.010089      0.007207
 ( 2   4) <--> ( 3   1)        1.594488      0.508478      0.363199   WU    42.624311     30.445937
 ( 2   4) <--> ( 3   2)       -6.876899      9.458348      6.755963   WU   792.867100    566.333643
 ( 2   4) <--> ( 3   3)       -0.912098      0.166384      0.118846   WU    13.947549      9.962535
 ( 2   4) <--> ( 3   4)        1.059354      0.224446      0.160319   WU    18.814707     13.439076
 ( 2   1) <--> ( 4   1)       -6.045789      7.310314      4.061285   WU   612.803360    340.446311
 ( 2   1) <--> ( 4   2)        0.729538      0.106445      0.059136   WU     8.923002      4.957223
 ( 2   1) <--> ( 4   3)        0.026881      0.000145      0.000080   WU     0.012115      0.006730
 ( 2   1) <--> ( 4   4)        0.007406      0.000011      0.000006   WU     0.000920      0.000511
 ( 2   2) <--> ( 4   1)       -1.230853      0.303000      0.168333   WU    25.399644     14.110913
 ( 2   2) <--> ( 4   2)        8.714906     15.189917      8.438843   WU  1273.328700    707.404833
 ( 2   2) <--> ( 4   3)       -1.219400      0.297387      0.165215   WU    24.929147     13.849526
 ( 2   2) <--> ( 4   4)       -0.184242      0.006789      0.003772   WU     0.569102      0.316168
 ( 2   3) <--> ( 4   1)       -0.123345      0.003043      0.001690   WU     0.255070      0.141706
 ( 2   3) <--> ( 4   2)        1.075334      0.231269      0.128483   WU    19.386615     10.770342
 ( 2   3) <--> ( 4   3)        5.334690      5.691783      3.162102   WU   477.126382    265.070212
 ( 2   3) <--> ( 4   4)       -1.760175      0.619643      0.344246   WU    51.942957     28.857198
 ( 2   4) <--> ( 4   1)       -0.138127      0.003816      0.002120   WU     0.319871      0.177706
 ( 2   4) <--> ( 4   2)       -0.618372      0.076477      0.042487   WU     6.410847      3.561582
 ( 2   4) <--> ( 4   3)       -1.024261      0.209822      0.116568   WU    17.588806      9.771559
 ( 2   4) <--> ( 4   4)        0.720890      0.103936      0.057742   WU     8.712702      4.840390
 ( 3   1) <--> ( 3   1)        0.000000      0.000000   (eb)
 ( 3   2) <--> ( 3   1)        0.000000      0.000000      0.000000   WU     0.000000      0.000000
 ( 3   2) <--> ( 3   2)        0.000000      0.000000   (eb)
 ( 3   3) <--> ( 3   1)        0.000000      0.000000      0.000000   WU     0.000000      0.000000
 ( 3   3) <--> ( 3   2)        0.000000      0.000000      0.000000   WU     0.000000      0.000000
 ( 3   3) <--> ( 3   3)        0.000000      0.000000   (eb)
 ( 3   4) <--> ( 3   1)        0.000000      0.000000      0.000000   WU     0.000000      0.000000
 ( 3   4) <--> ( 3   2)        0.000000      0.000000      0.000000   WU     0.000000      0.000000
 ( 3   4) <--> ( 3   3)        0.000000      0.000000      0.000000   WU     0.000000      0.000000
 ( 3   4) <--> ( 3   4)        0.000000      0.000000   (eb)
 ( 3   1) <--> ( 4   1)        0.818206      0.095637      0.074385   WU     8.017014      6.235455
 ( 3   1) <--> ( 4   2)       -3.720917      1.977889      1.538358   WU   165.800943    128.956289
 ( 3   1) <--> ( 4   3)       -7.208467      7.423143      5.773556   WU   622.261503    483.981169
 ( 3   1) <--> ( 4   4)       -2.159877      0.666439      0.518341   WU    55.865695     43.451096
 ( 3   2) <--> ( 4   1)        0.540694      0.041764      0.032483   WU     3.500983      2.722987
 ( 3   2) <--> ( 4   2)        1.255605      0.225221      0.175172   WU    18.879621     14.684149
 ( 3   2) <--> ( 4   3)        1.149024      0.188608      0.146695   WU    15.810479     12.297039
 ( 3   2) <--> ( 4   4)        0.613468      0.053763      0.041816   WU     4.506826      3.505309
 ( 3   3) <--> ( 4   1)       -0.070836      0.000717      0.000558   WU     0.060088      0.046735
 ( 3   3) <--> ( 4   2)       -0.008222      0.000010      0.000008   WU     0.000810      0.000630
 ( 3   3) <--> ( 4   3)        0.927052      0.122775      0.095492   WU    10.291898      8.004810
 ( 3   3) <--> ( 4   4)       -0.295874      0.012506      0.009727   WU     1.048335      0.815372
 ( 3   4) <--> ( 4   1)        0.126813      0.002297      0.001787   WU     0.192581      0.149786
 ( 3   4) <--> ( 4   2)       -0.092598      0.001225      0.000953   WU     0.102681      0.079863
 ( 3   4) <--> ( 4   3)        0.021974      0.000069      0.000054   WU     0.005782      0.004497
 ( 3   4) <--> ( 4   4)       -0.419792      0.025175      0.019581   WU     2.110359      1.641391
 ( 3   1) <--> ( 5   1)        7.870083      8.848314      5.630746   WU   741.729690    472.009803
 ( 3   1) <--> ( 5   2)       -1.025331      0.150186      0.095573   WU    12.589707      8.011632
 ( 3   1) <--> ( 5   3)       -0.722451      0.074562      0.047449   WU     6.250347      3.977494
 ( 3   1) <--> ( 5   4)       -0.373742      0.019955      0.012698   WU     1.672748      1.064476
 ( 3   2) <--> ( 5   1)       -1.726341      0.425750      0.270932   WU    35.689464     22.711477
 ( 3   2) <--> ( 5   2)        0.559591      0.044735      0.028467   WU     3.749970      2.386345
 ( 3   2) <--> ( 5   3)        6.397751      5.847317      3.721020   WU   490.164359    311.922774
 ( 3   2) <--> ( 5   4)        0.909377      0.118138      0.075179   WU     9.903193      6.302032
 ( 3   3) <--> ( 5   1)       -0.927597      0.122919      0.078221   WU    10.303990      6.557084
 ( 3   3) <--> ( 5   2)       -1.082374      0.167362      0.106503   WU    14.029489      8.927857
 ( 3   3) <--> ( 5   3)        1.287579      0.236837      0.150714   WU    19.853394     12.633978
 ( 3   3) <--> ( 5   4)        7.800545      8.692643      5.531682   WU   728.680155    463.705553
 ( 3   4) <--> ( 5   1)        0.085845      0.001053      0.000670   WU     0.088250      0.056159
 ( 3   4) <--> ( 5   2)       -0.744467      0.079176      0.050385   WU     6.637093      4.223605
 ( 3   4) <--> ( 5   3)       -1.398944      0.279578      0.177913   WU    23.436225     14.913961
 ( 3   4) <--> ( 5   4)       -0.108837      0.001692      0.001077   WU     0.141855      0.090271
 ( 4   1) <--> ( 4   1)       -5.651777     -4.261979   (eb)
 ( 4   2) <--> ( 4   1)        0.503606      0.028180      0.028180   WU     2.362244      2.362244
 ( 4   2) <--> ( 4   2)       -6.370079     -4.803648   (eb)
 ( 4   3) <--> ( 4   1)       -1.283470      0.183033      0.183033   WU    15.343143     15.343143
 ( 4   3) <--> ( 4   2)        3.172018      1.117966      1.117966   WU    93.716005     93.716005
 ( 4   3) <--> ( 4   3)       -4.839403     -3.649372   (eb)
 ( 4   4) <--> ( 4   1)       -0.026125      0.000076      0.000076   WU     0.006357      0.006357
 ( 4   4) <--> ( 4   2)       -0.487162      0.026370      0.026370   WU     2.210498      2.210498
 ( 4   4) <--> ( 4   3)       -1.877251      0.391564      0.391564   WU    32.823693     32.823693
 ( 4   4) <--> ( 4   4)       11.416312      8.608990   (eb)
 ( 4   1) <--> ( 5   1)       -0.631473      0.044306      0.036251   WU     3.714084      3.038796
 ( 4   1) <--> ( 5   2)       -0.027532      0.000084      0.000069   WU     0.007060      0.005776
 ( 4   1) <--> ( 5   3)       -0.645216      0.046256      0.037846   WU     3.877507      3.172506
 ( 4   1) <--> ( 5   4)        0.088206      0.000864      0.000707   WU     0.072467      0.059291
 ( 4   2) <--> ( 5   1)       -0.566730      0.035687      0.029198   WU     2.991544      2.447627
 ( 4   2) <--> ( 5   2)       -0.601867      0.040249      0.032931   WU     3.373984      2.760533
 ( 4   2) <--> ( 5   3)       -0.394603      0.017301      0.014156   WU     1.450321      1.186627
 ( 4   2) <--> ( 5   4)        0.432839      0.020817      0.017032   WU     1.745002      1.427729
 ( 4   3) <--> ( 5   1)       -7.753254      6.679217      5.464814   WU   559.900237    458.100194
 ( 4   3) <--> ( 5   2)       -2.128776      0.503521      0.411971   WU    42.208745     34.534428
 ( 4   3) <--> ( 5   3)        1.157016      0.148743      0.121699   WU    12.468712     10.201673
 ( 4   3) <--> ( 5   4)        0.467003      0.024232      0.019827   WU     2.031339      1.662005
 ( 4   4) <--> ( 5   1)        1.088465      0.131639      0.107705   WU    11.034972      9.028614
 ( 4   4) <--> ( 5   2)      -10.368278     11.944576      9.772835   WU  1001.280696    819.229660
 ( 4   4) <--> ( 5   3)       -0.017701      0.000035      0.000028   WU     0.002918      0.002388
 ( 4   4) <--> ( 5   4)       -0.556153      0.034367      0.028119   WU     2.880921      2.357117
 ( 4   1) <--> ( 6   1)        7.835355      6.821421      4.722523   WU   571.820862    395.875982
 ( 4   1) <--> ( 6   2)        0.681172      0.051555      0.035692   WU     4.321709      2.991953
 ( 4   1) <--> ( 6   3)       -0.251092      0.007005      0.004850   WU     0.587230      0.406544
 ( 4   1) <--> ( 6   4)        0.002027      0.000000      0.000000   WU     0.000038      0.000026
 ( 4   2) <--> ( 6   1)       -2.048486      0.466255      0.322792   WU    39.084882     27.058765
 ( 4   2) <--> ( 6   2)      -11.280429     14.138674      9.788313   WU  1185.205901    820.527162
 ( 4   2) <--> ( 6   3)        1.440718      0.230630      0.159667   WU    19.333046     13.384416
 ( 4   2) <--> ( 6   4)       -0.204506      0.004647      0.003217   WU     0.389543      0.269684
 ( 4   3) <--> ( 6   1)       -0.043256      0.000208      0.000144   WU     0.017427      0.012065
 ( 4   3) <--> ( 6   2)       -1.420600      0.224234      0.155239   WU    18.796907     13.013244
 ( 4   3) <--> ( 6   3)       -9.168963      9.341098      6.466914   WU   783.038384    542.103497
 ( 4   3) <--> ( 6   4)       -0.439781      0.021490      0.014878   WU     1.801425      1.247140
 ( 4   4) <--> ( 6   1)       -0.014913      0.000025      0.000017   WU     0.002071      0.001434
 ( 4   4) <--> ( 6   2)        0.091469      0.000930      0.000644   WU     0.077927      0.053949
 ( 4   4) <--> ( 6   3)        0.383163      0.016313      0.011293   WU     1.367444      0.946692
 ( 4   4) <--> ( 6   4)        5.209445      3.015369      2.087563   WU   252.769993    174.994610
 ( 5   1) <--> ( 5   1)       -4.957610     -3.599855   (eb)
 ( 5   2) <--> ( 5   1)       -2.617319      0.622760      0.622760   WU    52.204245     52.204245
 ( 5   2) <--> ( 5   2)        5.104923      3.706822   (eb)
 ( 5   3) <--> ( 5   1)        0.826511      0.062102      0.062102   WU     5.205821      5.205821
 ( 5   3) <--> ( 5   2)        0.439697      0.017576      0.017576   WU     1.473327      1.473327
 ( 5   3) <--> ( 5   3)       -4.280466     -3.108162   (eb)
 ( 5   4) <--> ( 5   1)        0.457603      0.019036      0.019036   WU     1.595773      1.595773
 ( 5   4) <--> ( 5   2)        0.356443      0.011550      0.011550   WU     0.968218      0.968218
 ( 5   4) <--> ( 5   3)       -0.118008      0.001266      0.001266   WU     0.106124      0.106124
 ( 5   4) <--> ( 5   4)       -3.029516     -2.199813   (eb)
 ( 5   1) <--> ( 6   1)        1.356336      0.167241      0.141511   WU    14.019324     11.862505
 ( 5   1) <--> ( 6   2)        4.803601      2.097689      1.774968   WU   175.843496    148.790651
 ( 5   1) <--> ( 6   3)        5.386541      2.637711      2.231910   WU   221.112046    187.094808
 ( 5   1) <--> ( 6   4)       -2.105766      0.403114      0.341096   WU    33.791910     28.593155
 ( 5   2) <--> ( 6   1)        0.046145      0.000194      0.000164   WU     0.016227      0.013731
 ( 5   2) <--> ( 6   2)       -0.562217      0.028735      0.024314   WU     2.408794      2.038210
 ( 5   2) <--> ( 6   3)       -1.804627      0.296062      0.250514   WU    24.818037     20.999878
 ( 5   2) <--> ( 6   4)      -11.484861     11.991094     10.146310   WU  1005.180170    850.537067
 ( 5   3) <--> ( 6   1)        0.785616      0.056108      0.047476   WU     4.703415      3.979812
 ( 5   3) <--> ( 6   2)       -1.587195      0.229017      0.193784   WU    19.197871     16.244353
 ( 5   3) <--> ( 6   3)       -0.495305      0.022302      0.018871   WU     1.869553      1.581929
 ( 5   3) <--> ( 6   4)        0.855516      0.066537      0.056301   WU     5.577620      4.719525
 ( 5   4) <--> ( 6   1)       -0.107494      0.001050      0.000889   WU     0.088056      0.074509
 ( 5   4) <--> ( 6   2)        0.017433      0.000028      0.000023   WU     0.002316      0.001960
 ( 5   4) <--> ( 6   3)       -0.912368      0.075674      0.064032   WU     6.343558      5.367626
 ( 5   4) <--> ( 6   4)       -1.430044      0.185912      0.157310   WU    15.584451     13.186843
 ( 5   1) <--> ( 7   1)       11.129728     11.260986      8.258056   WU   943.977251    692.249984
 ( 5   1) <--> ( 7   2)       -0.128871      0.001510      0.001107   WU     0.126563      0.092813
 ( 5   1) <--> ( 7   3)       -0.835084      0.063397      0.046491   WU     5.314384      3.897215
 ( 5   1) <--> ( 7   4)       -0.091836      0.000767      0.000562   WU     0.064271      0.047132
 ( 5   2) <--> ( 7   1)       -0.626874      0.035725      0.026198   WU     2.994696      2.196111
 ( 5   2) <--> ( 7   2)        7.747622      5.456877      4.001710   WU   457.434883    335.452248
 ( 5   2) <--> ( 7   3)       -0.035467      0.000114      0.000084   WU     0.009586      0.007030
 ( 5   2) <--> ( 7   4)        1.655682      0.249208      0.182752   WU    20.890389     15.319618
 ( 5   3) <--> ( 7   1)       -2.371090      0.511097      0.374804   WU    42.843836     31.418813
 ( 5   3) <--> ( 7   2)        0.099958      0.000908      0.000666   WU     0.076143      0.055838
 ( 5   3) <--> ( 7   3)        8.908595      7.214825      5.290872   WU   604.798783    443.519108
 ( 5   3) <--> ( 7   4)        0.072850      0.000482      0.000354   WU     0.040444      0.029659
 ( 5   4) <--> ( 7   1)       -1.255423      0.143281      0.105073   WU    12.010823      8.807937
 ( 5   4) <--> ( 7   2)       -0.649991      0.038408      0.028166   WU     3.219638      2.361068
 ( 5   4) <--> ( 7   3)        2.009087      0.366948      0.269095   WU    30.760247     22.557515
 ( 5   4) <--> ( 7   4)       -0.427296      0.016598      0.012172   WU     1.391397      1.020358
 ( 6   1) <--> ( 6   1)       -6.736518     -4.696681   (eb)
 ( 6   2) <--> ( 6   1)       -0.386692      0.011502      0.011502   WU     0.964212      0.964212
 ( 6   2) <--> ( 6   2)       -6.873359     -4.792086   (eb)
 ( 6   3) <--> ( 6   1)        1.678288      0.216666      0.216666   WU    18.162469     18.162469
 ( 6   3) <--> ( 6   2)        2.769269      0.589912      0.589912   WU    49.450673     49.450673
 ( 6   3) <--> ( 6   3)       -9.038311     -6.301484   (eb)
 ( 6   4) <--> ( 6   1)       -0.072174      0.000401      0.000401   WU     0.033589      0.033589
 ( 6   4) <--> ( 6   2)        1.067123      0.087596      0.087596   WU     7.342951      7.342951
 ( 6   4) <--> ( 6   3)        3.041869      0.711767      0.711767   WU    59.665423     59.665423
 ( 6   4) <--> ( 6   4)        1.014932      0.707608   (eb)
 ( 6   1) <--> ( 7   1)       -0.527173      0.021378      0.018527   WU     1.792040      1.553102
 ( 6   1) <--> ( 7   2)       -0.021198      0.000035      0.000030   WU     0.002898      0.002511
 ( 6   1) <--> ( 7   3)       -0.629914      0.030522      0.026453   WU     2.558608      2.217460
 ( 6   1) <--> ( 7   4)       -0.011364      0.000010      0.000009   WU     0.000833      0.000722
 ( 6   2) <--> ( 7   1)        1.236076      0.117529      0.101859   WU     9.852172      8.538549
 ( 6   2) <--> ( 7   2)        0.761799      0.044641      0.038689   WU     3.742160      3.243205
 ( 6   2) <--> ( 7   3)        0.243583      0.004564      0.003956   WU     0.382592      0.331580
 ( 6   2) <--> ( 7   4)        0.053333      0.000219      0.000190   WU     0.018342      0.015896
 ( 6   3) <--> ( 7   1)        6.939604      3.704469      3.210540   WU   310.535401    269.130680
 ( 6   3) <--> ( 7   2)        1.696752      0.221459      0.191931   WU    18.564302     16.089061
 ( 6   3) <--> ( 7   3)       -0.989446      0.075308      0.065267   WU     6.312862      5.471147
 ( 6   3) <--> ( 7   4)        0.174342      0.002338      0.002026   WU     0.195995      0.169862
 ( 6   4) <--> ( 7   1)        2.266740      0.395239      0.342541   WU    33.131806     28.714232
 ( 6   4) <--> ( 7   2)      -11.599291     10.349503      8.969570   WU   867.570195    751.894169
 ( 6   4) <--> ( 7   3)       -0.208253      0.003336      0.002891   WU     0.279655      0.242368
 ( 6   4) <--> ( 7   4)        3.483301      0.933337      0.808892   WU    78.239066     67.807190
 ( 6   1) <--> ( 8   1)        9.563503      7.035430      5.380035   WU   589.760628    450.993421
 ( 6   1) <--> ( 8   2)       -0.334124      0.008588      0.006567   WU     0.719874      0.550492
 ( 6   1) <--> ( 8   3)       -0.458986      0.016205      0.012392   WU     1.358439      1.038806
 ( 6   1) <--> ( 8   4)       -0.040849      0.000128      0.000098   WU     0.010760      0.008228
 ( 6   2) <--> ( 8   1)        3.481956      0.932617      0.713177   WU    78.178662     59.783683
 ( 6   2) <--> ( 8   2)      -13.340997     13.690939     10.469542   WU  1147.673497    877.632674
 ( 6   2) <--> ( 8   3)       -1.175163      0.106231      0.081236   WU     8.905086      6.809772
 ( 6   2) <--> ( 8   4)       -0.080353      0.000497      0.000380   WU     0.041634      0.031838
 ( 6   3) <--> ( 8   1)       -0.158554      0.001934      0.001479   WU     0.162106      0.123963
 ( 6   3) <--> ( 8   2)       -1.275195      0.125086      0.095654   WU    10.485641      8.018432
 ( 6   3) <--> ( 8   3)       11.830887     10.766915      8.233523   WU   902.560623    690.193418
 ( 6   3) <--> ( 8   4)        0.411350      0.013016      0.009953   WU     1.091103      0.834373
 ( 6   4) <--> ( 8   1)       -0.025827      0.000051      0.000039   WU     0.004301      0.003289
 ( 6   4) <--> ( 8   2)       -0.231823      0.004134      0.003161   WU     0.346542      0.265002
 ( 6   4) <--> ( 8   3)        1.050280      0.084853      0.064888   WU     7.112992      5.439347
 ( 6   4) <--> ( 8   4)       -9.679329      7.206877      5.511141   WU   604.132559    461.983722
 ( 7   1) <--> ( 7   1)       -7.256068     -4.859112   (eb)
 ( 7   2) <--> ( 7   1)       -3.426497      0.782726      0.782726   WU    65.613716     65.613716
 ( 7   2) <--> ( 7   2)       -1.842475     -1.233836   (eb)
 ( 7   3) <--> ( 7   1)        1.156000      0.089089      0.089089   WU     7.468086      7.468086
 ( 7   3) <--> ( 7   2)        0.634337      0.026826      0.026826   WU     2.248715      2.248715
 ( 7   3) <--> ( 7   3)       -6.386263     -4.276636   (eb)
 ( 7   4) <--> ( 7   1)       -0.140111      0.001309      0.001309   WU     0.109707      0.109707
 ( 7   4) <--> ( 7   2)        3.410252      0.775321      0.775321   WU    64.993039     64.993039
 ( 7   4) <--> ( 7   3)       -0.502142      0.016810      0.016810   WU     1.409119      1.409119
 ( 7   4) <--> ( 7   4)        9.010296      6.033852   (eb)
 ( 7   1) <--> ( 8   1)        2.119907      0.299600      0.264353   WU    25.114672     22.160005
 ( 7   1) <--> ( 8   2)       -5.154446      1.771221      1.562842   WU   148.476555    131.008725
 ( 7   1) <--> ( 8   3)        4.051089      1.094088      0.965372   WU    91.714375     80.924449
 ( 7   1) <--> ( 8   4)        1.736709      0.201077      0.177421   WU    16.855747     14.872718
 ( 7   2) <--> ( 8   1)        0.059300      0.000234      0.000207   WU     0.019652      0.017340
 ( 7   2) <--> ( 8   2)        0.940504      0.058970      0.052032   WU     4.943283      4.361720
 ( 7   2) <--> ( 8   3)       -3.077299      0.631318      0.557045   WU    52.921651     46.695574
 ( 7   2) <--> ( 8   4)       11.225963      8.401483      7.413073   WU   704.273046    621.417394
 ( 7   3) <--> ( 8   1)        0.904646      0.054559      0.048140   WU     4.573528      4.035466
 ( 7   3) <--> ( 8   2)        1.747686      0.203627      0.179671   WU    17.069502     15.061325
 ( 7   3) <--> ( 8   3)        0.042055      0.000118      0.000104   WU     0.009884      0.008721
 ( 7   3) <--> ( 8   4)       -0.828651      0.045777      0.040392   WU     3.837396      3.385938
 ( 7   4) <--> ( 8   1)        0.017339      0.000020      0.000018   WU     0.001680      0.001482
 ( 7   4) <--> ( 8   2)        0.029786      0.000059      0.000052   WU     0.004958      0.004375
 ( 7   4) <--> ( 8   3)       -0.029483      0.000058      0.000051   WU     0.004858      0.004286
 ( 7   4) <--> ( 8   4)        1.516234      0.153264      0.135233   WU    12.847726     11.336229
 ( 7   1) <--> ( 9   1)       13.749026     12.602381      9.949248   WU  1056.422678    834.017904
 ( 7   1) <--> ( 9   2)        0.429417      0.012293      0.009705   WU     1.030508      0.813559
 ( 7   1) <--> ( 9   3)       -0.899425      0.053931      0.042577   WU     4.520884      3.569119
 ( 7   1) <--> ( 9   4)        0.139425      0.001296      0.001023   WU     0.108636      0.085765
 ( 7   2) <--> ( 9   1)       -1.018444      0.069149      0.054591   WU     5.796530      4.576208
 ( 7   2) <--> ( 9   2)       11.347854      8.584919      6.777568   WU   719.649992    568.144731
 ( 7   2) <--> ( 9   3)        0.039620      0.000105      0.000083   WU     0.008772      0.006926
 ( 7   2) <--> ( 9   4)       -0.449251      0.013455      0.010622   WU     1.127902      0.890449
 ( 7   3) <--> ( 9   1)       -2.732746      0.497860      0.393047   WU    41.734223     32.948071
 ( 7   3) <--> ( 9   2)       -0.393075      0.010301      0.008132   WU     0.863463      0.681681
 ( 7   3) <--> ( 9   3)       10.945580      7.987048      6.305564   WU   669.532109    528.577981
 ( 7   3) <--> ( 9   4)       -0.405130      0.010942      0.008638   WU     0.917241      0.724138
 ( 7   4) <--> ( 9   1)        0.038011      0.000096      0.000076   WU     0.008074      0.006374
 ( 7   4) <--> ( 9   2)        0.208577      0.002900      0.002290   WU     0.243122      0.191939
 ( 7   4) <--> ( 9   3)       -0.298680      0.005947      0.004695   WU     0.498546      0.393589
 ( 7   4) <--> ( 9   4)       -7.447303      3.697489      2.919070   WU   309.950228    244.697549
 ( 8   1) <--> ( 8   1)       -7.724636     -4.976180   (eb)
 ( 8   2) <--> ( 8   1)        0.284121      0.004749      0.004749   WU     0.398055      0.398055
 ( 8   2) <--> ( 8   2)       -7.487188     -4.823216   (eb)
 ( 8   3) <--> ( 8   1)        2.122020      0.264881      0.264881   WU    22.204202     22.204202
 ( 8   3) <--> ( 8   2)       -2.264048      0.301524      0.301524   WU    25.275956     25.275956
 ( 8   3) <--> ( 8   3)      -11.304738     -7.282467   (eb)
 ( 8   4) <--> ( 8   1)        0.080909      0.000385      0.000385   WU     0.032280      0.032280
 ( 8   4) <--> ( 8   2)        1.407785      0.116580      0.116580   WU     9.772573      9.772573
 ( 8   4) <--> ( 8   3)       -3.792752      0.846175      0.846175   WU    70.932487     70.932487
 ( 8   4) <--> ( 8   4)       -4.271629     -2.751766   (eb)
 ( 8   1) <--> ( 9   1)       -0.353313      0.007343      0.006570   WU     0.615540      0.550746
 ( 8   1) <--> ( 9   2)        0.037878      0.000084      0.000076   WU     0.007075      0.006330
 ( 8   1) <--> ( 9   3)       -0.572832      0.019302      0.017270   WU     1.618047      1.447726
 ( 8   1) <--> ( 9   4)        0.028557      0.000048      0.000043   WU     0.004021      0.003598
 ( 8   2) <--> ( 9   1)       -1.557548      0.142703      0.127682   WU    11.962419     10.703217
 ( 8   2) <--> ( 9   2)       -0.751649      0.033234      0.029736   WU     2.785909      2.492655
 ( 8   2) <--> ( 9   3)       -0.197232      0.002288      0.002047   WU     0.191818      0.171627
 ( 8   2) <--> ( 9   4)        0.097003      0.000554      0.000495   WU     0.046399      0.041515
 ( 8   3) <--> ( 9   1)        6.532680      2.510347      2.246100   WU   210.435453    188.284353
 ( 8   3) <--> ( 9   2)        1.098293      0.070956      0.063487   WU     5.948025      5.321918
 ( 8   3) <--> ( 9   3)       -0.868197      0.044339      0.039672   WU     3.716834      3.325588
 ( 8   3) <--> ( 9   4)       -0.324350      0.006188      0.005537   WU     0.518757      0.464151
 ( 8   4) <--> ( 9   1)       -2.989776      0.525810      0.470461   WU    44.077158     39.437457
 ( 8   4) <--> ( 9   2)       11.003166      7.121745      6.372087   WU   596.996120    534.154423
 ( 8   4) <--> ( 9   3)        0.473472      0.013187      0.011799   WU     1.105412      0.989053
 ( 8   4) <--> ( 9   4)        3.202724      0.603379      0.539865   WU    50.579575     45.255410
 ( 8   1) <--> (10   1)       11.526724      7.815610      6.326922   WU   655.160922    530.368366
 ( 8   1) <--> (10   2)        0.843297      0.041832      0.033864   WU     3.506687      2.838746
 ( 8   1) <--> (10   3)       -0.628468      0.023234      0.018808   WU     1.947613      1.576639
 ( 8   1) <--> (10   4)       -0.105669      0.000657      0.000532   WU     0.055059      0.044572
 ( 8   2) <--> (10   1)       -6.392583      2.403830      1.945958   WU   201.506439    163.124260
 ( 8   2) <--> (10   2)       14.259234     11.960338      9.682178   WU  1002.601986    811.630179
 ( 8   2) <--> (10   3)        0.957203      0.053896      0.043630   WU     4.517981      3.657413
 ( 8   2) <--> (10   4)       -0.051224      0.000154      0.000125   WU     0.012938      0.010474
 ( 8   3) <--> (10   1)       -0.318494      0.005967      0.004830   WU     0.500195      0.404920
 ( 8   3) <--> (10   2)       -1.325979      0.103425      0.083725   WU     8.669809      7.018417
 ( 8   3) <--> (10   3)       14.112129     11.714834      9.483437   WU   982.022064    794.970242
 ( 8   3) <--> (10   4)        1.151221      0.077959      0.063110   WU     6.535118      5.290334
 ( 8   4) <--> (10   1)       -0.008732      0.000004      0.000004   WU     0.000376      0.000304
 ( 8   4) <--> (10   2)        0.284522      0.004762      0.003855   WU     0.399178      0.323144
 ( 8   4) <--> (10   3)       -1.709997      0.172005      0.139242   WU    14.418726     11.672302
 ( 8   4) <--> (10   4)       12.684509      9.464516      7.661751   WU   793.384122    642.263337
 ( 9   1) <--> ( 9   1)       -8.646515     -5.368467   (eb)
 ( 9   2) <--> ( 9   1)       -3.873761      0.789791      0.789791   WU    66.205987     66.205987
 ( 9   2) <--> ( 9   2)       -5.812136     -3.608651   (eb)
 ( 9   3) <--> ( 9   1)        1.304961      0.089628      0.089628   WU     7.513227      7.513227
 ( 9   3) <--> ( 9   2)        0.580795      0.017754      0.017754   WU     1.488254      1.488254
 ( 9   3) <--> ( 9   3)       -7.777955     -4.829194   (eb)
 ( 9   4) <--> ( 9   1)        0.265765      0.003717      0.003717   WU     0.311622      0.311622
 ( 9   4) <--> ( 9   2)       -4.630322      1.128415      1.128415   WU    94.591885     94.591885
 ( 9   4) <--> ( 9   3)        0.828699      0.036144      0.036144   WU     3.029879      3.029879
 ( 9   4) <--> ( 9   4)        1.610385      0.999859   (eb)
 ( 9   1) <--> (10   1)        3.505055      0.646600      0.585019   WU    54.202722     49.040558
 ( 9   1) <--> (10   2)       -4.804419      1.214866      1.099164   WU   101.838817     92.139882
 ( 9   1) <--> (10   3)        3.150576      0.522428      0.472673   WU    43.793693     39.622865
 ( 9   1) <--> (10   4)        1.385997      0.101105      0.091476   WU     8.475324      7.668151
 ( 9   2) <--> (10   1)       -0.061454      0.000199      0.000180   WU     0.016662      0.015075
 ( 9   2) <--> (10   2)        1.207529      0.076744      0.069435   WU     6.433197      5.820511
 ( 9   2) <--> (10   3)       -4.330434      0.986982      0.892984   WU    82.735989     74.856371
 ( 9   2) <--> (10   4)       10.245644      5.524907      4.998725   WU   463.137619    419.029275
 ( 9   3) <--> (10   1)        0.733937      0.028351      0.025651   WU     2.376564      2.150225
 ( 9   3) <--> (10   2)        1.997303      0.209959      0.189963   WU    17.600266     15.924050
 ( 9   3) <--> (10   3)        0.414187      0.009029      0.008169   WU     0.756875      0.684792
 ( 9   3) <--> (10   4)       -0.679610      0.024309      0.021994   WU     2.037750      1.843679
 ( 9   4) <--> (10   1)       -0.040219      0.000085      0.000077   WU     0.007137      0.006457
 ( 9   4) <--> (10   2)       -0.113861      0.000682      0.000617   WU     0.057198      0.051751
 ( 9   4) <--> (10   3)        0.138961      0.001016      0.000920   WU     0.085195      0.077081
 ( 9   4) <--> (10   4)       -2.557429      0.344234      0.311450   WU    28.856171     26.107965
 (10   1) <--> (10   1)       -8.677215     -5.202801   (eb)
 (10   2) <--> (10   1)        0.113188      0.000610      0.000610   WU     0.051141      0.051141
 (10   2) <--> (10   2)       -8.106623     -4.860678   (eb)
 (10   3) <--> (10   1)        2.739813      0.357456      0.357456   WU    29.964545     29.964545
 (10   3) <--> (10   2)       -1.515238      0.109331      0.109331   WU     9.164892      9.164892
 (10   3) <--> (10   3)      -12.537933     -7.517662   (eb)
 (10   4) <--> (10   1)       -0.049216      0.000115      0.000115   WU     0.009669      0.009669
 (10   4) <--> (10   2)        1.612036      0.123746      0.123746   WU    10.373266     10.373266
 (10   4) <--> (10   3)       -4.413629      0.927625      0.927625   WU    77.760235     77.760235
 (10   4) <--> (10   4)       -7.892901     -4.732531   (eb)
 
  quadrupole shape invariant: 01+, 02+, 03+, 04+
quadr2    14.59450341    31.33795017    24.35876432    33.67799676
quadr3    51.71600889   145.27348370   106.21360996   174.45787736
  effective deformation parameters:  01+, 02+, 03+, 04+
beteff     0.24311202     0.35624360     0.31407936     0.36930476
cos3ga     0.92755788     0.82809559     0.88348115     0.89262944
 
 ********* END Transition **************************
