 ********* BEGIN READER ****************************
 
 Nucleus            :  Po  84 212
 Imin, Imax         :     0  10
 imu, remu          :     1 12.0000
 nlevel             :     4
 observables        :     2
 wave fun           :     1
 nbet, ngam, npar   :    10   7  10
 Finish reading parameters: V, B_k ...
 
 ********* END READER ******************************
 
 ********* BEGIN LEVELS ********************
 
 E_0 = -1863.102395
 
  I=   0   ntot= 127
   0   1    0.000000
   0   2    0.777927
   0   3    1.146498
   0   4    1.676635
 
  I=   2   ntot= 234
   2   1    0.181335
   2   2    0.604220
   2   3    1.171924
   2   4    1.309142
 
  I=   3   ntot= 108
   3   1    0.949146
   3   2    1.966369
   3   3    2.089206
   3   4    2.699863
 
  I=   4   ntot= 324
   4   1    0.483309
   4   2    0.962476
   4   3    1.356310
   4   4    1.535493
 
  I=   5   ntot= 198
   5   1    1.385938
   5   2    1.867185
   5   3    2.317629
   5   4    2.604180
 
  I=   6   ntot= 432
   6   1    0.882095
   6   2    1.383455
   6   3    1.775233
   6   4    1.883277
 
  I=   7   ntot= 306
   7   1    1.885386
   7   2    2.372879
   7   3    2.708612
   7   4    2.870612
 
  I=   8   ntot= 522
   8   1    1.358557
   8   2    1.862415
   8   3    2.211441
   8   4    2.306475
 
  I=   9   ntot= 397
   9   1    2.430731
   9   2    2.903382
   9   3    3.158086
   9   4    3.378071
 
  I=  10   ntot= 630
  10   1    1.895689
  10   2    2.388352
  10   3    2.666754
  10   4    2.801478
 
 ********* END LEVELS **********************
 
 ********* BEGIN Transition ************************
 
  Monopole moment 
 
   I   n    <In|E0|In>   ave \beta      del<b>   ave \gamma    del<g>  
     K=0       K=2       K=4   
   0   1     38.630711    0.276773    0.056622   19.286433   11.522641  100.0000    0.0000    0.0000
   0   2     38.839180    0.298705    0.066110   26.662937   15.541945  100.0000    0.0000    0.0000
   0   3     39.177979    0.339387    0.092531   21.856146   14.001934   99.9999    0.0000    0.0000
   0   4     39.514464    0.377732    0.110832   19.955571   15.808667   99.9999    0.0000    0.0000
   2   1     38.710555    0.286497    0.056801   17.471228   10.997582   96.7760    3.2240    0.0000
   2   2     38.699377    0.280944    0.055228   28.286215   11.698372   11.4455   88.5545    0.0000
   2   3     39.039144    0.323835    0.077629   20.673080   14.783905   67.5457   32.4543    0.0000
   2   4     39.275478    0.348444    0.088830   22.131015   14.594438   72.4050   27.5949    0.0000
   3   1     38.820932    0.295767    0.056072   23.069821    9.326805    0.0000  100.0000    0.0000
   3   2     39.572794    0.384190    0.092949   17.413099    9.514529    0.0000   99.9999    0.0000
   3   3     39.244697    0.334219    0.056469   31.568548    9.886112    0.0000   99.9999    0.0000
   3   4     40.062242    0.437876    0.120665   14.699679   10.269702    0.0000   99.9998    0.0000
   4   1     38.802759    0.297355    0.057747   16.545137   10.871449   93.1207    6.1027    0.7766
   4   2     38.819683    0.293885    0.057723   28.828270   12.888010   19.5929   52.3951   28.0120
   4   3     38.968646    0.309859    0.058152   27.002831   12.208575    3.1319   49.7678   47.1002
   4   4     39.521163    0.382459    0.095389   13.069110   11.191513   88.9876    9.7424    1.2700
   5   1     38.957063    0.311253    0.058886   21.839449    9.380299    0.0000   89.3813   10.6187
   5   2     39.081907    0.322268    0.060774   25.594700    9.955588    0.0000   16.7704   83.2296
   5   3     39.798100    0.406463    0.095414   17.370851    9.732926    0.0000   92.2283    7.7716
   5   4     39.427857    0.354632    0.064112   28.480323   12.030734    0.0000   63.5892   36.4107
   6   1     38.911801    0.309922    0.059626   15.969829   10.877174   88.7699    9.8696    1.0191
   6   2     38.964142    0.309191    0.061147   28.686217   13.749670   25.4315   39.4124   20.4057
   6   3     39.206550    0.336171    0.072337   25.758312   14.818668   17.8701   42.8022    9.7963
   6   4     39.681715    0.398088    0.095914   13.510502   10.872280   76.1003   21.8814    0.5751
   7   1     39.123871    0.329944    0.063142   20.771347    9.527353    0.0000   82.3161   15.5270
   7   2     39.291852    0.344736    0.068332   24.955066   11.438353    0.0000   26.1908   45.8655
   7   3     39.963587    0.422950    0.099387   16.871949   10.072097    0.0000   86.8682    9.0836
   7   4     39.498619    0.365384    0.068334   24.600365    9.987451    0.0000    1.8952   48.3113
   8   1     39.045275    0.325068    0.062697   15.508731   10.924798   84.4226   13.5480    1.5062
   8   2     39.133806    0.326927    0.066116   28.146852   14.444293   29.5464   31.5085   18.9740
   8   3     39.629356    0.386554    0.096398   19.278499   15.485792   55.4346   18.6935    5.2539
   8   4     39.624539    0.386723    0.091435   18.022728   12.810601   39.9937   43.9651    3.2095
   9   1     39.341467    0.353933    0.068956   19.643700    9.714617    0.0000   77.1854   18.8094
   9   2     39.570414    0.374803    0.079900   23.150785   12.595516    0.0000   34.1662   29.5297
   9   3     40.045504    0.430312    0.105177   17.079833   10.693480    0.0000   79.2651   12.0103
   9   4     39.794444    0.396004    0.075416   23.146324   11.083304    0.0000    4.5864   57.2834
  10   1     39.216827    0.344261    0.067209   15.005946   10.966560   80.6270   16.6640    2.0336
  10   2     39.335154    0.348188    0.073975   26.821573   15.077598   33.0364   26.6800   17.8126
  10   3     39.931786    0.420168    0.104058   16.099457   14.582676   71.8198   11.7895    3.6959
  10   4     39.666477    0.385851    0.081045   21.576155   13.160313   22.8866   49.4071    6.5011
 
  rho^2(E0) 
 
   I  n_1 n_2  <In_1|E0|In_2>  rho^2(E0) 
   0   1   1       38.630711 2574.205867
   0   2   1        0.182650    0.057547
   0   2   2       38.839180 2602.063991
   0   3   1        0.421732    0.306797
   0   3   2        0.047572    0.003904
   0   3   3       39.177979 2647.658205
   0   4   1       -0.028101    0.001362
   0   4   2        0.510564    0.449654
   0   4   3        0.364782    0.229533
   0   4   4       39.514464 2693.333037
   2   1   1       38.710555 2584.857886
   2   2   1        0.066278    0.007577
   2   2   2       38.699377 2583.365287
   2   3   1        0.242432    0.101381
   2   3   2        0.033154    0.001896
   2   3   3       39.039144 2628.926436
   2   4   1        0.373035    0.240036
   2   4   2       -0.004619    0.000037
   2   4   3        0.143053    0.035300
   2   4   4       39.275478 2660.852672
   3   1   1       38.820932 2599.619391
   3   2   1        0.450819    0.350576
   3   2   2       39.572794 2701.290439
   3   3   1        0.140447    0.034025
   3   3   2        0.040993    0.002899
   3   3   3       39.244697 2656.683551
   3   4   1        0.126275    0.027505
   3   4   2       -0.777136    1.041770
   3   4   3        0.089684    0.013874
   3   4   4       40.062242 2768.524507
   4   1   1       38.802759 2597.186195
   4   2   1        0.090637    0.014171
   4   2   2       38.819683 2599.452249
   4   3   1        0.048218    0.004010
   4   3   2        0.024379    0.001025
   4   3   3       38.968646 2619.440269
   4   4   1        0.443783    0.339718
   4   4   2        0.064675    0.007215
   4   4   3        0.043994    0.003339
   4   4   4       39.521163 2694.246259
   5   1   1       38.957063 2617.883221
   5   2   1       -0.061196    0.006460
   5   2   2       39.081907 2634.689044
   5   3   1        0.489335    0.413038
   5   3   2       -0.097092    0.016261
   5   3   3       39.798100 2732.137402
   5   4   1        0.059068    0.006018
   5   4   2        0.099782    0.017175
   5   4   3       -0.102018    0.017953
   5   4   4       39.427857 2681.539550
   6   1   1       38.911801 2611.803679
   6   2   1        0.111121    0.021299
   6   2   2       38.964142 2618.834822
   6   3   1       -0.180105    0.055954
   6   3   2       -0.043110    0.003206
   6   3   3       39.206550 2651.521301
   6   4   1        0.434693    0.325944
   6   4   2        0.099161    0.016961
   6   4   3       -0.187669    0.060752
   6   4   4       39.681715 2716.181191
   7   1   1       39.123871 2640.349953
   7   2   1        0.112656    0.021892
   7   2   2       39.291852 2663.071697
   7   3   1       -0.523158    0.472111
   7   3   2       -0.190747    0.062761
   7   3   3       39.963587 2754.906007
   7   4   1        0.053700    0.004974
   7   4   2       -0.052294    0.004717
   7   4   3       -0.051748    0.004619
   7   4   4       39.498619 2691.173451
   8   1   1       39.045275 2629.752309
   8   2   1        0.138770    0.033218
   8   2   2       39.133806 2641.691148
   8   3   1       -0.385843    0.256803
   8   3   2       -0.123407    0.026270
   8   3   3       39.629356 2709.018031
   8   4   1       -0.315776    0.172003
   8   4   2       -0.104864    0.018969
   8   4   3        0.297681    0.152855
   8   4   4       39.624539 2708.359466
   9   1   1       39.341467 2669.801391
   9   2   1        0.211849    0.077416
   9   2   2       39.570414 2700.965593
   9   3   1       -0.566233    0.553055
   9   3   2       -0.286365    0.141455
   9   3   3       40.045504 2766.211608
   9   4   1       -0.074176    0.009491
   9   4   2        0.120213    0.024927
   9   4   3        0.049656    0.004253
   9   4   4       39.794444 2731.635507
  10   1   1       39.216827 2652.911520
  10   2   1       -0.189152    0.061717
  10   2   2       39.335154 2668.944669
  10   3   1       -0.501187    0.433288
  10   3   2        0.215567    0.080157
  10   3   3       39.931786 2750.523355
  10   4   1       -0.202344    0.070625
  10   4   2        0.062362    0.006708
  10   4   3        0.223446    0.086123
  10   4   4       39.666477 2714.095546
 
  E2 transition 
 
  I1  n1        I2  n2       <f||E2||i>   B(E2,I1->I2)  B(E2,I2->I1)
 ( 0   1) <--> ( 2   1)        3.264693     10.658223      2.131645   WU   909.583662    181.916732
 ( 0   1) <--> ( 2   2)       -0.256523      0.065804      0.013161   WU     5.615799      1.123160
 ( 0   1) <--> ( 2   3)        0.354584      0.125729      0.025146   WU    10.729884      2.145977
 ( 0   1) <--> ( 2   4)        0.346704      0.120204      0.024041   WU    10.258329      2.051666
 ( 0   2) <--> ( 2   1)        0.793438      0.629544      0.125909   WU    53.725966     10.745193
 ( 0   2) <--> ( 2   2)        1.741329      3.032225      0.606445   WU   258.773187     51.754637
 ( 0   2) <--> ( 2   3)        2.838436      8.056718      1.611344   WU   687.568594    137.513719
 ( 0   2) <--> ( 2   4)       -0.053286      0.002839      0.000568   WU     0.242319      0.048464
 ( 0   3) <--> ( 2   1)        0.790048      0.624176      0.124835   WU    53.267828     10.653566
 ( 0   3) <--> ( 2   2)       -0.245957      0.060495      0.012099   WU     5.162684      1.032537
 ( 0   3) <--> ( 2   3)        1.098671      1.207078      0.241416   WU   103.013310     20.602662
 ( 0   3) <--> ( 2   4)        3.641708     13.262040      2.652408   WU  1131.796024    226.359205
 ( 0   4) <--> ( 2   1)       -0.054623      0.002984      0.000597   WU     0.254625      0.050925
 ( 0   4) <--> ( 2   2)        0.178361      0.031813      0.006363   WU     2.714921      0.542984
 ( 0   4) <--> ( 2   3)        1.423717      2.026970      0.405394   WU   172.983677     34.596735
 ( 0   4) <--> ( 2   4)        0.995432      0.990884      0.198177   WU    84.563054     16.912611
 ( 2   1) <--> ( 2   1)       -3.427517     -2.597829   (eb)
 ( 2   2) <--> ( 2   1)       -2.221428      0.986948      0.986948   WU    84.227163     84.227163
 ( 2   2) <--> ( 2   2)        2.900423      2.198326   (eb)
 ( 2   3) <--> ( 2   1)       -0.223212      0.009965      0.009965   WU     0.850399      0.850399
 ( 2   3) <--> ( 2   2)       -1.010007      0.204023      0.204023   WU    17.411515     17.411515
 ( 2   3) <--> ( 2   3)       -1.168418     -0.885583   (eb)
 ( 2   4) <--> ( 2   1)       -0.652573      0.085170      0.085170   WU     7.268521      7.268521
 ( 2   4) <--> ( 2   2)       -0.626311      0.078453      0.078453   WU     6.695267      6.695267
 ( 2   4) <--> ( 2   3)       -2.763175      1.527027      1.527027   WU   130.318058    130.318058
 ( 2   4) <--> ( 2   4)       -1.795385     -1.360782   (eb)
 ( 2   1) <--> ( 3   1)       -0.522078      0.054513      0.038938   WU     4.652202      3.323001
 ( 2   1) <--> ( 3   2)       -0.038987      0.000304      0.000217   WU     0.025943      0.018531
 ( 2   1) <--> ( 3   3)        0.152789      0.004669      0.003335   WU     0.398448      0.284605
 ( 2   1) <--> ( 3   4)       -0.044522      0.000396      0.000283   WU     0.033833      0.024166
 ( 2   2) <--> ( 3   1)       -4.271560      3.649245      2.606603   WU   311.430270    222.450193
 ( 2   2) <--> ( 3   2)       -0.318065      0.020233      0.014452   WU     1.726716      1.233368
 ( 2   2) <--> ( 3   3)       -0.373040      0.027832      0.019880   WU     2.375196      1.696569
 ( 2   2) <--> ( 3   4)       -0.152304      0.004639      0.003314   WU     0.395921      0.282801
 ( 2   3) <--> ( 3   1)        2.906670      1.689746      1.206962   WU   144.204660    103.003329
 ( 2   3) <--> ( 3   2)        0.668815      0.089463      0.063902   WU     7.634849      5.453464
 ( 2   3) <--> ( 3   3)       -0.498983      0.049797      0.035569   WU     4.249713      3.035509
 ( 2   3) <--> ( 3   4)        0.193384      0.007479      0.005342   WU     0.638307      0.455934
 ( 2   4) <--> ( 3   1)       -1.210494      0.293059      0.209328   WU    25.009979     17.864271
 ( 2   4) <--> ( 3   2)       -1.203341      0.289606      0.206862   WU    24.715282     17.653773
 ( 2   4) <--> ( 3   3)        1.239548      0.307296      0.219497   WU    26.224936     18.732097
 ( 2   4) <--> ( 3   4)       -0.049577      0.000492      0.000351   WU     0.041951      0.029965
 ( 2   1) <--> ( 4   1)        5.507481      6.066470      3.370261   WU   517.718775    287.621542
 ( 2   1) <--> ( 4   2)        0.208856      0.008724      0.004847   WU     0.744527      0.413626
 ( 2   1) <--> ( 4   3)        0.000022      0.000000      0.000000   WU     0.000000      0.000000
 ( 2   1) <--> ( 4   4)        0.609033      0.074184      0.041214   WU     6.330969      3.517205
 ( 2   2) <--> ( 4   1)        0.171723      0.005898      0.003277   WU     0.503318      0.279621
 ( 2   2) <--> ( 4   2)        3.994696      3.191520      1.773066   WU   272.367548    151.315304
 ( 2   2) <--> ( 4   3)        0.227204      0.010324      0.005736   WU     0.881090      0.489494
 ( 2   2) <--> ( 4   4)        0.051461      0.000530      0.000294   WU     0.045201      0.025112
 ( 2   3) <--> ( 4   1)        1.359410      0.369599      0.205333   WU    31.541963     17.523313
 ( 2   3) <--> ( 4   2)        1.706265      0.582268      0.323482   WU    49.691342     27.606301
 ( 2   3) <--> ( 4   3)       -1.126661      0.253873      0.141041   WU    21.665791     12.036551
 ( 2   3) <--> ( 4   4)        4.384413      3.844615      2.135897   WU   328.103413    182.279674
 ( 2   4) <--> ( 4   1)        1.195612      0.285898      0.158832   WU    24.398807     13.554893
 ( 2   4) <--> ( 4   2)       -0.166023      0.005513      0.003063   WU     0.470460      0.261367
 ( 2   4) <--> ( 4   3)        2.078339      0.863899      0.479944   WU    73.725993     40.958885
 ( 2   4) <--> ( 4   4)        5.088853      5.179285      2.877381   WU   442.005494    245.558608
 ( 3   1) <--> ( 3   1)        0.000000      0.000000   (eb)
 ( 3   2) <--> ( 3   1)        0.000000      0.000000      0.000000   WU     0.000000      0.000000
 ( 3   2) <--> ( 3   2)        0.000000      0.000000   (eb)
 ( 3   3) <--> ( 3   1)        0.000000      0.000000      0.000000   WU     0.000000      0.000000
 ( 3   3) <--> ( 3   2)        0.000000      0.000000      0.000000   WU     0.000000      0.000000
 ( 3   3) <--> ( 3   3)        0.000000      0.000000   (eb)
 ( 3   4) <--> ( 3   1)        0.000000      0.000000      0.000000   WU     0.000000      0.000000
 ( 3   4) <--> ( 3   2)        0.000000      0.000000      0.000000   WU     0.000000      0.000000
 ( 3   4) <--> ( 3   3)        0.000000      0.000000      0.000000   WU     0.000000      0.000000
 ( 3   4) <--> ( 3   4)        0.000000      0.000000   (eb)
 ( 3   1) <--> ( 4   1)        1.784373      0.454855      0.353776   WU    38.817806     30.191627
 ( 3   1) <--> ( 4   2)       -2.849341      1.159821      0.902083   WU    98.980284     76.984665
 ( 3   1) <--> ( 4   3)       -4.088546      2.388030      1.857356   WU   203.796889    158.508691
 ( 3   1) <--> ( 4   4)        1.085963      0.168474      0.131035   WU    14.377723     11.182673
 ( 3   2) <--> ( 4   1)        0.109714      0.001720      0.001337   WU     0.146751      0.114140
 ( 3   2) <--> ( 4   2)       -0.368713      0.019421      0.015105   WU     1.657435      1.289116
 ( 3   2) <--> ( 4   3)       -1.520967      0.330477      0.257038   WU    28.203256     21.935866
 ( 3   2) <--> ( 4   4)        2.237789      0.715386      0.556411   WU    61.051742     47.484688
 ( 3   3) <--> ( 4   1)       -0.007494      0.000008      0.000006   WU     0.000685      0.000533
 ( 3   3) <--> ( 4   2)       -0.479764      0.032882      0.025575   WU     2.806173      2.182579
 ( 3   3) <--> ( 4   3)        0.571240      0.046616      0.036257   WU     3.978290      3.094226
 ( 3   3) <--> ( 4   4)       -0.093033      0.001236      0.000962   WU     0.105520      0.082071
 ( 3   4) <--> ( 4   1)        0.070043      0.000701      0.000545   WU     0.059812      0.046521
 ( 3   4) <--> ( 4   2)       -0.131809      0.002482      0.001930   WU     0.211810      0.164741
 ( 3   4) <--> ( 4   3)       -0.291576      0.012145      0.009446   WU     1.036489      0.806158
 ( 3   4) <--> ( 4   4)        0.017937      0.000046      0.000036   WU     0.003922      0.003051
 ( 3   1) <--> ( 5   1)        5.112411      3.733822      2.376068   WU   318.648146    202.776093
 ( 3   1) <--> ( 5   2)       -0.120849      0.002086      0.001328   WU     0.178051      0.113305
 ( 3   1) <--> ( 5   3)        0.286892      0.011758      0.007482   WU     1.003453      0.638561
 ( 3   1) <--> ( 5   4)        0.055423      0.000439      0.000279   WU     0.037448      0.023831
 ( 3   2) <--> ( 5   1)        1.824473      0.475529      0.302609   WU    40.582136     25.824996
 ( 3   2) <--> ( 5   2)       -1.493736      0.318750      0.202841   WU    27.202430     17.310637
 ( 3   2) <--> ( 5   3)        6.350575      5.761401      3.666346   WU   491.683840    312.889716
 ( 3   2) <--> ( 5   4)       -1.061386      0.160934      0.102413   WU    13.734289      8.740002
 ( 3   3) <--> ( 5   1)        0.029092      0.000121      0.000077   WU     0.010318      0.006566
 ( 3   3) <--> ( 5   2)        2.145879      0.657828      0.418618   WU    56.139697     35.725262
 ( 3   3) <--> ( 5   3)        1.282203      0.234863      0.149458   WU    20.043478     12.754941
 ( 3   3) <--> ( 5   4)        4.866777      3.383646      2.153229   WU   288.763779    183.758768
 ( 3   4) <--> ( 5   1)        0.365374      0.019071      0.012136   WU     1.627555      1.035717
 ( 3   4) <--> ( 5   2)        0.138269      0.002731      0.001738   WU     0.233084      0.148326
 ( 3   4) <--> ( 5   3)       -3.121023      1.391541      0.885526   WU   118.755507     75.571686
 ( 3   4) <--> ( 5   4)        1.387330      0.274955      0.174971   WU    23.464930     14.932228
 ( 4   1) <--> ( 4   1)       -4.399177     -3.317399   (eb)
 ( 4   2) <--> ( 4   1)       -2.485884      0.686624      0.686624   WU    58.597210     58.597210
 ( 4   2) <--> ( 4   2)        0.782146      0.589813   (eb)
 ( 4   3) <--> ( 4   1)       -0.558883      0.034706      0.034706   WU     2.961814      2.961814
 ( 4   3) <--> ( 4   2)       -3.828443      1.628553      1.628553   WU   138.982349    138.982349
 ( 4   3) <--> ( 4   3)        1.542344      1.163075   (eb)
 ( 4   4) <--> ( 4   1)       -0.696199      0.053855      0.053855   WU     4.596018      4.596018
 ( 4   4) <--> ( 4   2)       -1.049850      0.122465      0.122465   WU    10.451296     10.451296
 ( 4   4) <--> ( 4   3)        0.174308      0.003376      0.003376   WU     0.288106      0.288106
 ( 4   4) <--> ( 4   4)       -5.861044     -4.419787   (eb)
 ( 4   1) <--> ( 5   1)       -0.289549      0.009315      0.007622   WU     0.794987      0.650444
 ( 4   1) <--> ( 5   2)        0.092277      0.000946      0.000774   WU     0.080743      0.066063
 ( 4   1) <--> ( 5   3)        0.024365      0.000066      0.000054   WU     0.005629      0.004606
 ( 4   1) <--> ( 5   4)        0.142115      0.002244      0.001836   WU     0.191511      0.156691
 ( 4   2) <--> ( 5   1)       -3.503388      1.363747      1.115793   WU   116.383593     95.222940
 ( 4   2) <--> ( 5   2)       -0.221703      0.005461      0.004468   WU     0.466080      0.381338
 ( 4   2) <--> ( 5   3)       -0.256142      0.007290      0.005964   WU     0.622124      0.509011
 ( 4   2) <--> ( 5   4)       -0.392239      0.017095      0.013987   WU     1.458874      1.193624
 ( 4   3) <--> ( 5   1)       -1.750593      0.340508      0.278598   WU    29.059334     23.775819
 ( 4   3) <--> ( 5   2)        5.509680      3.372953      2.759689   WU   287.851232    235.514644
 ( 4   3) <--> ( 5   3)       -0.159007      0.002809      0.002298   WU     0.239743      0.196154
 ( 4   3) <--> ( 5   4)        0.222555      0.005503      0.004503   WU     0.469668      0.384274
 ( 4   4) <--> ( 5   1)        1.489004      0.246348      0.201558   WU    21.023607     17.201133
 ( 4   4) <--> ( 5   2)       -0.202597      0.004561      0.003731   WU     0.389207      0.318442
 ( 4   4) <--> ( 5   3)       -0.027686      0.000085      0.000070   WU     0.007268      0.005947
 ( 4   4) <--> ( 5   4)        0.192101      0.004100      0.003355   WU     0.349924      0.286302
 ( 4   1) <--> ( 6   1)        7.372956      6.040054      4.181576   WU   515.464370    356.859949
 ( 4   1) <--> ( 6   2)        0.399898      0.017769      0.012301   WU     1.516403      1.049818
 ( 4   1) <--> ( 6   3)       -0.207971      0.004806      0.003327   WU     0.410129      0.283935
 ( 4   1) <--> ( 6   4)        0.560152      0.034863      0.024136   WU     2.975279      2.059808
 ( 4   2) <--> ( 6   1)        0.248313      0.006851      0.004743   WU     0.584673      0.404774
 ( 4   2) <--> ( 6   2)        6.190085      4.257461      2.947473   WU   363.336110    251.540384
 ( 4   2) <--> ( 6   3)       -0.714394      0.056707      0.039258   WU     4.839398      3.350352
 ( 4   2) <--> ( 6   4)       -0.160640      0.002867      0.001985   WU     0.244694      0.169403
 ( 4   3) <--> ( 6   1)       -0.305336      0.010359      0.007172   WU     0.884037      0.612025
 ( 4   3) <--> ( 6   2)        0.381967      0.016211      0.011223   WU     1.383463      0.957782
 ( 4   3) <--> ( 6   3)       -5.287806      3.106766      2.150838   WU   265.134614    183.554733
 ( 4   3) <--> ( 6   4)       -1.338938      0.199195      0.137904   WU    16.999515     11.768895
 ( 4   4) <--> ( 6   1)        2.459474      0.672112      0.465309   WU    57.358763     39.709913
 ( 4   4) <--> ( 6   2)        1.257875      0.175806      0.121712   WU    15.003423     10.386985
 ( 4   4) <--> ( 6   3)       -2.767391      0.850939      0.589112   WU    72.620016     50.275396
 ( 4   4) <--> ( 6   4)        8.803722      8.611724      5.961963   WU   734.933368    508.800024
 ( 5   1) <--> ( 5   1)       -2.249887     -1.633703   (eb)
 ( 5   2) <--> ( 5   1)        3.014093      0.825887      0.825887   WU    70.482048     70.482048
 ( 5   2) <--> ( 5   2)        1.908675      1.385941   (eb)
 ( 5   3) <--> ( 5   1)       -0.321613      0.009403      0.009403   WU     0.802478      0.802478
 ( 5   3) <--> ( 5   2)        1.314326      0.157041      0.157041   WU    13.402051     13.402051
 ( 5   3) <--> ( 5   3)       -3.560839     -2.585621   (eb)
 ( 5   4) <--> ( 5   1)       -0.251120      0.005733      0.005733   WU     0.489246      0.489246
 ( 5   4) <--> ( 5   2)       -0.369750      0.012429      0.012429   WU     1.060672      1.060672
 ( 5   4) <--> ( 5   3)        0.447003      0.018165      0.018165   WU     1.550196      1.550196
 ( 5   4) <--> ( 5   4)       -0.212927     -0.154612   (eb)
 ( 5   1) <--> ( 6   1)        2.341310      0.498339      0.421672   WU    42.528777     35.985888
 ( 5   1) <--> ( 6   2)       -2.693984      0.659777      0.558273   WU    56.306085     47.643610
 ( 5   1) <--> ( 6   3)        2.802816      0.714162      0.604291   WU    60.947284     51.570779
 ( 5   1) <--> ( 6   4)        2.058876      0.385361      0.326075   WU    32.887102     27.827548
 ( 5   2) <--> ( 6   1)       -0.098026      0.000874      0.000739   WU     0.074550      0.063081
 ( 5   2) <--> ( 6   2)       -1.892375      0.325553      0.275468   WU    27.783036     23.508723
 ( 5   2) <--> ( 6   3)       -1.490521      0.201968      0.170896   WU    17.236187     14.584466
 ( 5   2) <--> ( 6   4)       -0.534391      0.025961      0.021967   WU     2.215558      1.874703
 ( 5   3) <--> ( 6   1)        0.069573      0.000440      0.000372   WU     0.037553      0.031776
 ( 5   3) <--> ( 6   2)       -0.413566      0.015549      0.013157   WU     1.326953      1.122807
 ( 5   3) <--> ( 6   3)        0.226057      0.004646      0.003931   WU     0.396462      0.335468
 ( 5   3) <--> ( 6   4)        2.887159      0.757790      0.641207   WU    64.670554     54.721238
 ( 5   4) <--> ( 6   1)       -0.014715      0.000020      0.000017   WU     0.001680      0.001422
 ( 5   4) <--> ( 6   2)       -0.444270      0.017943      0.015183   WU     1.531296      1.295712
 ( 5   4) <--> ( 6   3)       -0.848360      0.065429      0.055363   WU     5.583743      4.724705
 ( 5   4) <--> ( 6   4)       -0.361736      0.011896      0.010066   WU     1.015191      0.859008
 ( 5   1) <--> ( 7   1)        7.455484      5.053113      3.705616   WU   431.237821    316.241069
 ( 5   1) <--> ( 7   2)        0.347145      0.010955      0.008034   WU     0.934945      0.685626
 ( 5   1) <--> ( 7   3)       -0.180342      0.002957      0.002168   WU     0.252325      0.185039
 ( 5   1) <--> ( 7   4)        0.093290      0.000791      0.000580   WU     0.067520      0.049515
 ( 5   2) <--> ( 7   1)       -0.509727      0.023620      0.017321   WU     2.015765      1.478228
 ( 5   2) <--> ( 7   2)       -5.742916      2.998280      2.198739   WU   255.876309    187.642627
 ( 5   2) <--> ( 7   3)       -0.009290      0.000008      0.000006   WU     0.000670      0.000491
 ( 5   2) <--> ( 7   4)        0.634510      0.036600      0.026840   WU     3.123503      2.290569
 ( 5   3) <--> ( 7   1)        2.702647      0.664027      0.486953   WU    56.668783     41.557108
 ( 5   3) <--> ( 7   2)        1.711743      0.266370      0.195338   WU    22.732253     16.670319
 ( 5   3) <--> ( 7   3)       -9.348446      7.944859      5.826230   WU   678.022352    497.216391
 ( 5   3) <--> ( 7   4)        0.944870      0.081162      0.059519   WU     6.926435      5.079385
 ( 5   4) <--> ( 7   1)       -0.318888      0.009244      0.006779   WU     0.788933      0.578551
 ( 5   4) <--> ( 7   2)       -2.349516      0.501839      0.368015   WU    42.827441     31.406790
 ( 5   4) <--> ( 7   3)        0.058983      0.000316      0.000232   WU     0.026991      0.019794
 ( 5   4) <--> ( 7   4)       -1.630610      0.241717      0.177259   WU    20.628383     15.127481
 ( 6   1) <--> ( 6   1)       -5.321455     -3.710103   (eb)
 ( 6   2) <--> ( 6   1)       -2.792463      0.599835      0.599835   WU    51.190515     51.190515
 ( 6   2) <--> ( 6   2)       -0.082037     -0.057196   (eb)
 ( 6   3) <--> ( 6   1)        0.936038      0.067397      0.067397   WU     5.751767      5.751767
 ( 6   3) <--> ( 6   2)        4.877473      1.829980      1.829980   WU   156.172371    156.172371
 ( 6   3) <--> ( 6   3)       -0.301335     -0.210090   (eb)
 ( 6   4) <--> ( 6   1)       -0.594426      0.027180      0.027180   WU     2.319584      2.319584
 ( 6   4) <--> ( 6   2)        0.098800      0.000751      0.000751   WU     0.064081      0.064081
 ( 6   4) <--> ( 6   3)        1.888698      0.274398      0.274398   WU    23.417446     23.417446
 ( 6   4) <--> ( 6   4)       -6.979952     -4.866402   (eb)
 ( 6   1) <--> ( 7   1)       -0.116188      0.001038      0.000900   WU     0.088621      0.076805
 ( 6   1) <--> ( 7   2)       -0.119796      0.001104      0.000957   WU     0.094210      0.081649
 ( 6   1) <--> ( 7   3)       -0.051212      0.000202      0.000175   WU     0.017217      0.014921
 ( 6   1) <--> ( 7   4)       -0.034502      0.000092      0.000079   WU     0.007814      0.006772
 ( 6   2) <--> ( 7   1)       -3.084379      0.731799      0.634226   WU    62.452503     54.125503
 ( 6   2) <--> ( 7   2)        0.608433      0.028476      0.024679   WU     2.430188      2.106163
 ( 6   2) <--> ( 7   3)        0.236039      0.004286      0.003714   WU     0.365749      0.316983
 ( 6   2) <--> ( 7   4)        0.303927      0.007105      0.006158   WU     0.606390      0.525538
 ( 6   3) <--> ( 7   1)        1.504258      0.174061      0.150853   WU    14.854545     12.873939
 ( 6   3) <--> ( 7   2)        4.282806      1.410956      1.222829   WU   120.412428    104.357438
 ( 6   3) <--> ( 7   3)        0.174172      0.002334      0.002022   WU     0.199146      0.172593
 ( 6   3) <--> ( 7   4)        0.508281      0.019873      0.017223   WU     1.695984      1.469853
 ( 6   4) <--> ( 7   1)        1.582440      0.192624      0.166941   WU    16.438762     14.246927
 ( 6   4) <--> ( 7   2)        1.540017      0.182435      0.158110   WU    15.569164     13.493275
 ( 6   4) <--> ( 7   3)        0.102573      0.000809      0.000701   WU     0.069068      0.059859
 ( 6   4) <--> ( 7   4)        0.038065      0.000111      0.000097   WU     0.009512      0.008244
 ( 6   1) <--> ( 8   1)        9.161501      6.456392      4.937241   WU   550.995104    421.349197
 ( 6   1) <--> ( 8   2)        0.499465      0.019190      0.014674   WU     1.637666      1.252333
 ( 6   1) <--> ( 8   3)       -0.382497      0.011254      0.008606   WU     0.960440      0.734454
 ( 6   1) <--> ( 8   4)       -0.294041      0.006651      0.005086   WU     0.567583      0.434034
 ( 6   2) <--> ( 8   1)        0.453861      0.015845      0.012117   WU     1.352260      1.034081
 ( 6   2) <--> ( 8   2)        8.111402      5.061141      3.870284   WU   431.922959    330.294028
 ( 6   2) <--> ( 8   3)       -0.735876      0.041655      0.031854   WU     3.554872      2.718431
 ( 6   2) <--> ( 8   4)        0.702798      0.037994      0.029054   WU     3.242465      2.479532
 ( 6   3) <--> ( 8   1)       -0.504251      0.019559      0.014957   WU     1.669197      1.276445
 ( 6   3) <--> ( 8   2)       -0.888629      0.060743      0.046451   WU     5.183881      3.964144
 ( 6   3) <--> ( 8   3)        7.674381      4.530471      3.464478   WU   386.635009    295.662065
 ( 6   3) <--> ( 8   4)       -2.956962      0.672586      0.514331   WU    57.399201     43.893507
 ( 6   4) <--> ( 8   1)        3.102963      0.740644      0.566375   WU    63.207347     48.335030
 ( 6   4) <--> ( 8   2)        1.288006      0.127612      0.097586   WU    10.890554      8.328071
 ( 6   4) <--> ( 8   3)       -6.403896      3.154606      2.412346   WU   269.217310    205.872060
 ( 6   4) <--> ( 8   4)       -9.384931      6.775148      5.180995   WU   578.198036    442.151439
 ( 7   1) <--> ( 7   1)       -3.749676     -2.511015   (eb)
 ( 7   2) <--> ( 7   1)       -3.658476      0.892296      0.892296   WU    76.149483     76.149483
 ( 7   2) <--> ( 7   2)        0.119351      0.079925   (eb)
 ( 7   3) <--> ( 7   1)        0.420778      0.011804      0.011804   WU     1.007334      1.007334
 ( 7   3) <--> ( 7   2)        2.427233      0.392764      0.392764   WU    33.518880     33.518880
 ( 7   3) <--> ( 7   3)       -5.582895     -3.738652   (eb)
 ( 7   4) <--> ( 7   1)        0.176567      0.002078      0.002078   WU     0.177371      0.177371
 ( 7   4) <--> ( 7   2)        3.895279      1.011547      1.011547   WU    86.326433     86.326433
 ( 7   4) <--> ( 7   3)        0.912658      0.055530      0.055530   WU     4.738961      4.738961
 ( 7   4) <--> ( 7   4)        1.904067      1.275081   (eb)
 ( 7   1) <--> ( 8   1)        2.752303      0.505011      0.445598   WU    43.098196     38.027820
 ( 7   1) <--> ( 8   2)       -2.517486      0.422516      0.372808   WU    36.057917     31.815809
 ( 7   1) <--> ( 8   3)        1.163304      0.090218      0.079605   WU     7.699337      6.793533
 ( 7   1) <--> ( 8   4)       -2.998368      0.599347      0.528836   WU    51.148907     45.131388
 ( 7   2) <--> ( 8   1)        0.107180      0.000766      0.000676   WU     0.065358      0.057668
 ( 7   2) <--> ( 8   2)        2.635002      0.462882      0.408426   WU    39.502860     34.855464
 ( 7   2) <--> ( 8   3)        1.052992      0.073919      0.065223   WU     6.308363      5.566203
 ( 7   2) <--> ( 8   4)       -1.260082      0.105854      0.093400   WU     9.033663      7.970879
 ( 7   3) <--> ( 8   1)        0.002225      0.000000      0.000000   WU     0.000028      0.000025
 ( 7   3) <--> ( 8   2)        0.466769      0.014525      0.012816   WU     1.239568      1.093737
 ( 7   3) <--> ( 8   3)        1.676070      0.187281      0.165248   WU    15.982722     14.102402
 ( 7   3) <--> ( 8   4)        2.673325      0.476445      0.420392   WU    40.660264     35.876704
 ( 7   4) <--> ( 8   1)       -0.024507      0.000040      0.000035   WU     0.003417      0.003015
 ( 7   4) <--> ( 8   2)        0.222425      0.003298      0.002910   WU     0.281472      0.248358
 ( 7   4) <--> ( 8   3)        1.009638      0.067958      0.059963   WU     5.799594      5.117289
 ( 7   4) <--> ( 8   4)       -1.522537      0.154541      0.136360   WU    13.188705     11.637093
 ( 7   1) <--> ( 9   1)        9.606148      6.151872      4.856741   WU   525.007054    414.479253
 ( 7   1) <--> ( 9   2)        0.380850      0.009670      0.007634   WU     0.825230      0.651497
 ( 7   1) <--> ( 9   3)        0.108976      0.000792      0.000625   WU     0.067566      0.053342
 ( 7   1) <--> ( 9   4)       -0.077600      0.000401      0.000317   WU     0.034261      0.027048
 ( 7   2) <--> ( 9   1)        1.020411      0.069416      0.054802   WU     5.924020      4.676858
 ( 7   2) <--> ( 9   2)        8.496100      4.812247      3.799143   WU   410.682105    324.222714
 ( 7   2) <--> ( 9   3)        0.412283      0.011332      0.008946   WU     0.967068      0.763475
 ( 7   2) <--> ( 9   4)        0.846799      0.047805      0.037740   WU     4.079690      3.220808
 ( 7   3) <--> ( 9   1)       -3.661694      0.893867      0.705684   WU    76.283493     60.223810
 ( 7   3) <--> ( 9   2)       -3.011447      0.604587      0.477306   WU    51.596105     40.733767
 ( 7   3) <--> ( 9   3)       11.435032      8.717330      6.882103   WU   743.945872    587.325688
 ( 7   3) <--> ( 9   4)        0.600810      0.024065      0.018999   WU     2.053716      1.621355
 ( 7   4) <--> ( 9   1)        0.719161      0.034480      0.027221   WU     2.942519      2.323041
 ( 7   4) <--> ( 9   2)       -0.273973      0.005004      0.003951   WU     0.427053      0.337147
 ( 7   4) <--> ( 9   3)       -0.560586      0.020950      0.016540   WU     1.787932      1.411525
 ( 7   4) <--> ( 9   4)       -7.158345      3.416127      2.696942   WU   291.535757    230.159808
 ( 8   1) <--> ( 8   1)       -6.275937     -4.042934   (eb)
 ( 8   2) <--> ( 8   1)       -3.111657      0.569554      0.569554   WU    48.606286     48.606286
 ( 8   2) <--> ( 8   2)       -0.709040     -0.456760   (eb)
 ( 8   3) <--> ( 8   1)        1.274891      0.095609      0.095609   WU     8.159345      8.159345
 ( 8   3) <--> ( 8   2)        5.109537      1.535728      1.535728   WU   131.060562    131.060562
 ( 8   3) <--> ( 8   3)       -4.236541     -2.729163   (eb)
 ( 8   4) <--> ( 8   1)        0.038058      0.000085      0.000085   WU     0.007271      0.007271
 ( 8   4) <--> ( 8   2)       -2.515346      0.372174      0.372174   WU    31.761735     31.761735
 ( 8   4) <--> ( 8   3)       -4.079356      0.978891      0.978891   WU    83.539555     83.539555
 ( 8   4) <--> ( 8   4)       -5.132201     -3.306143   (eb)
 ( 8   1) <--> ( 9   1)        0.021066      0.000026      0.000023   WU     0.002228      0.001993
 ( 8   1) <--> ( 9   2)       -0.135932      0.001087      0.000972   WU     0.092758      0.082994
 ( 8   1) <--> ( 9   3)       -0.071835      0.000304      0.000272   WU     0.025905      0.023178
 ( 8   1) <--> ( 9   4)        0.050107      0.000148      0.000132   WU     0.012604      0.011277
 ( 8   2) <--> ( 9   1)       -2.803096      0.462197      0.413545   WU    39.444365     35.292327
 ( 8   2) <--> ( 9   2)        0.932165      0.051114      0.045733   WU     4.362084      3.902917
 ( 8   2) <--> ( 9   3)        0.289431      0.004928      0.004409   WU     0.420533      0.376267
 ( 8   2) <--> ( 9   4)       -0.464061      0.012668      0.011334   WU     1.081085      0.967286
 ( 8   3) <--> ( 9   1)        0.664503      0.025974      0.023240   WU     2.216681      1.983346
 ( 8   3) <--> ( 9   2)        2.722563      0.436020      0.390124   WU    37.210430     33.293542
 ( 8   3) <--> ( 9   3)        0.522142      0.016037      0.014349   WU     1.368631      1.224565
 ( 8   3) <--> ( 9   4)       -0.665664      0.026065      0.023322   WU     2.224434      1.990283
 ( 8   4) <--> ( 9   1)       -2.116362      0.263470      0.235736   WU    22.484791     20.117971
 ( 8   4) <--> ( 9   2)       -2.888253      0.490706      0.439053   WU    41.877363     37.469219
 ( 8   4) <--> ( 9   3)       -0.499973      0.014704      0.013156   WU     1.254877      1.122785
 ( 8   4) <--> ( 9   4)        0.508418      0.015205      0.013605   WU     1.297629      1.161036
 ( 8   1) <--> (10   1)       10.991242      7.106318      5.752734   WU   606.460461    490.944183
 ( 8   1) <--> (10   2)       -0.520789      0.015954      0.012915   WU     1.361548      1.102206
 ( 8   1) <--> (10   3)       -0.241752      0.003438      0.002783   WU     0.293393      0.237509
 ( 8   1) <--> (10   4)       -0.051562      0.000156      0.000127   WU     0.013347      0.010804
 ( 8   2) <--> (10   1)        0.830814      0.040603      0.032869   WU     3.465107      2.805087
 ( 8   2) <--> (10   2)      -10.006903      5.890477      4.768482   WU   502.699358    406.947100
 ( 8   2) <--> (10   3)       -0.392032      0.009041      0.007319   WU     0.771527      0.624569
 ( 8   2) <--> (10   4)        1.090230      0.069918      0.056600   WU     5.966855      4.830311
 ( 8   3) <--> (10   1)       -2.479674      0.361693      0.292799   WU    30.867268     24.987788
 ( 8   3) <--> (10   2)        2.106908      0.261121      0.211384   WU    22.284345     18.039708
 ( 8   3) <--> (10   3)       11.631660      7.958560      6.442643   WU   679.191606    549.821776
 ( 8   3) <--> (10   4)       -1.939209      0.221208      0.179073   WU    18.878095     15.282268
 ( 8   4) <--> (10   1)       -3.078345      0.557424      0.451248   WU    47.571142     38.509972
 ( 8   4) <--> (10   2)        1.006589      0.059601      0.048249   WU     5.086435      4.117590
 ( 8   4) <--> (10   3)        5.593525      1.840443      1.489882   WU   157.065246    127.148056
 ( 8   4) <--> (10   4)       10.736346      6.780537      5.489006   WU   578.657960    468.437396
 ( 9   1) <--> ( 9   1)       -5.192871     -3.224161   (eb)
 ( 9   2) <--> ( 9   1)       -4.165075      0.913045      0.913045   WU    77.920185     77.920185
 ( 9   2) <--> ( 9   2)       -1.712879     -1.063496   (eb)
 ( 9   3) <--> ( 9   1)        0.253437      0.003381      0.003381   WU     0.288499      0.288499
 ( 9   3) <--> ( 9   2)        3.589208      0.678022      0.678022   WU    57.863059     57.863059
 ( 9   3) <--> ( 9   3)       -6.509258     -4.041482   (eb)
 ( 9   4) <--> ( 9   1)       -0.283595      0.004233      0.004233   WU     0.361244      0.361244
 ( 9   4) <--> ( 9   2)       -4.904159      1.265830      1.265830   WU   108.027266    108.027266
 ( 9   4) <--> ( 9   3)       -1.315415      0.091069      0.091069   WU     7.771944      7.771944
 ( 9   4) <--> ( 9   4)       -0.401014     -0.248982   (eb)
 ( 9   1) <--> (10   1)        3.096248      0.504566      0.456512   WU    43.060160     38.959192
 ( 9   1) <--> (10   2)        2.363023      0.293888      0.265899   WU    25.080720     22.692080
 ( 9   1) <--> (10   3)       -0.100919      0.000536      0.000485   WU     0.045746      0.041389
 ( 9   1) <--> (10   4)       -3.241660      0.553071      0.500398   WU    47.199687     42.704479
 ( 9   2) <--> (10   1)        0.069337      0.000253      0.000229   WU     0.021594      0.019537
 ( 9   2) <--> (10   2)       -3.155672      0.524119      0.474203   WU    44.728860     40.468968
 ( 9   2) <--> (10   3)        0.459423      0.011109      0.010051   WU     0.948046      0.857756
 ( 9   2) <--> (10   4)       -1.669396      0.146678      0.132709   WU    12.517653     11.325495
 ( 9   3) <--> (10   1)        0.107516      0.000608      0.000550   WU     0.051922      0.046977
 ( 9   3) <--> (10   2)       -0.646060      0.021968      0.019876   WU     1.874781      1.696231
 ( 9   3) <--> (10   3)        2.831259      0.421896      0.381716   WU    36.005050     32.575998
 ( 9   3) <--> (10   4)        1.951653      0.200471      0.181378   WU    17.108396     15.479025
 ( 9   4) <--> (10   1)        0.045818      0.000110      0.000100   WU     0.009429      0.008531
 ( 9   4) <--> (10   2)        0.368157      0.007134      0.006454   WU     0.608793      0.550812
 ( 9   4) <--> (10   3)       -0.780105      0.032030      0.028979   WU     2.733446      2.473118
 ( 9   4) <--> (10   4)        2.409228      0.305494      0.276399   WU    26.071147     23.588180
 (10   1) <--> (10   1)       -7.372122     -4.420275   (eb)
 (10   2) <--> (10   1)        3.480954      0.577002      0.577002   WU    49.241935     49.241935
 (10   2) <--> (10   2)       -1.532910     -0.919123   (eb)
 (10   3) <--> (10   1)        1.308564      0.081540      0.081540   WU     6.958705      6.958705
 (10   3) <--> (10   2)       -5.081921      1.229806      1.229806   WU   104.952866    104.952866
 (10   3) <--> (10   3)       -7.269596     -4.358802   (eb)
 (10   4) <--> (10   1)       -0.450735      0.009674      0.009674   WU     0.825620      0.825620
 (10   4) <--> (10   2)        4.160051      0.824096      0.824096   WU    70.329229     70.329229
 (10   4) <--> (10   3)       -3.810302      0.691353      0.691353   WU    59.000729     59.000729
 (10   4) <--> (10   4)       -3.906106     -2.342075   (eb)
 
  quadrupole shape invariant: 01+, 02+, 03+, 04+
quadr2    11.05380097    12.18750502    16.74046658    20.97713123
quadr3    29.80551080    25.99509982    55.13707310    86.27228717
  effective deformation parameters:  01+, 02+, 03+, 04+
beteff     0.25922378     0.27219267     0.31900890     0.35710183
cos3ga     0.81101541     0.61096914     0.80499350     0.89795003
 
 ********* END Transition **************************
