 ********* BEGIN READER ****************************
 
 Nucleus            :  Ar  18  32
 Imin, Imax         :     0  10
 imu, remu          :     1 12.0000
 nlevel             :     4
 observables        :     2
 wave fun           :     1
 nbet, ngam, npar   :    16   7  10
 Finish reading parameters: V, B_k ...
 
 ********* END READER ******************************
 
 ********* BEGIN LEVELS ********************
 
 E_0 =  -404.486358
 
  I=   0   ntot= 127
   0   1    0.000000
   0   2    4.128744
   0   3    6.275794
   0   4    8.118805
 
  I=   2   ntot= 234
   2   1    1.695847
   2   2    4.174970
   2   3    6.273944
   2   4    8.125327
 
  I=   3   ntot= 108
   3   1    6.005077
   3   2    9.967427
   3   3   13.120554
   3   4   15.239698
 
  I=   4   ntot= 324
   4   1    4.388991
   4   2    7.144985
   4   3    8.853924
   4   4    9.008739
 
  I=   5   ntot= 198
   5   1    9.286704
   5   2   11.422361
   5   3   12.962005
   5   4   14.835299
 
  I=   6   ntot= 432
   6   1    8.010340
   6   2   10.468378
   6   3   12.077417
   6   4   12.299918
 
  I=   7   ntot= 306
   7   1   13.104084
   7   2   14.774301
   7   3   16.581588
   7   4   17.256064
 
  I=   8   ntot= 522
   8   1   12.244077
   8   2   13.805306
   8   3   15.517011
   8   4   16.653462
 
  I=   9   ntot= 397
   9   1   16.788146
   9   2   18.760286
   9   3   20.509691
   9   4   21.699430
 
  I=  10   ntot= 630
  10   1   16.140457
  10   2   17.926135
  10   3   19.407329
  10   4   21.091542
 
 ********* END LEVELS **********************
 
 ********* BEGIN Transition ************************
 
  Monopole moment 
 
   I   n    <In|E0|In>   ave \beta      del<b>   ave \gamma    del<g>  
     K=0       K=2       K=4   
   0   1     11.790052    0.272730    0.079572   31.092568   10.729642  100.0000    0.0000    0.0000
   0   2     11.989602    0.323452    0.124240   32.704328   10.527588   99.9999    0.0000    0.0000
   0   3     12.215177    0.415639    0.119499   18.159516   12.235317   99.9996    0.0000    0.0000
   0   4     12.187246    0.382612    0.157444   28.443503   10.784531   99.9996    0.0000    0.0000
   2   1     11.868951    0.295523    0.076803   32.860910   10.120544   39.2715   60.7285    0.0000
   2   2     11.991674    0.337022    0.091348   25.150822   11.013355   64.0741   35.9258    0.0000
   2   3     12.171260    0.375352    0.128436   29.681480   11.169354   50.1710   49.8288    0.0000
   2   4     12.391247    0.463357    0.130715   18.662440   11.775711   71.4254   28.5739    0.0000
   3   1     12.064500    0.353873    0.089264   27.347708    9.439603    0.0000   99.9999    0.0000
   3   2     12.503445    0.474944    0.125806   22.768531    9.049477    0.0000   99.9994    0.0000
   3   3     12.373192    0.441748    0.124875   22.616563   13.091115    0.0000   99.9994    0.0000
   3   4     12.500912    0.465213    0.134152   25.505479    7.810065    0.0000   99.9992    0.0000
   4   1     11.941861    0.315189    0.078943   33.066351   10.091638   28.5387   39.3938   32.0675
   4   2     12.131430    0.378768    0.105235   23.766908   11.903405   54.6267    2.6372   42.7359
   4   3     12.346180    0.438493    0.128373   22.467007   12.010061   51.7482   22.8457   25.4055
   4   4     12.306109    0.418748    0.114288   24.973873   10.568588   20.6879   65.6503   13.6615
   5   1     12.189028    0.386528    0.098539   26.736373    9.605717    0.0000   56.1452   43.8546
   5   2     12.459648    0.464907    0.109092   22.048377    9.280801    0.0000   56.1511   43.8484
   5   3     12.509375    0.472341    0.127728   23.863987    8.757285    0.0000   52.9853   47.0139
   5   4     12.471086    0.471702    0.139075   22.166909    8.736147    0.0000   39.9192   60.0799
   6   1     12.042098    0.343274    0.089800   31.100030   10.810540   27.6768   36.4327   20.3937
   6   2     12.409832    0.466306    0.117779   18.707075   11.472667   66.3635    5.9829    7.3805
   6   3     12.377872    0.456512    0.128478   19.679863   12.542542   38.8471   25.9429    1.1241
   6   4     12.471792    0.457679    0.123528   25.161385   10.071898   22.1236   53.5365   17.0654
   7   1     12.452886    0.458547    0.106853   23.283752    9.563211    0.0000   59.4824   31.1088
   7   2     12.543788    0.489777    0.116489   21.042190    9.635778    0.0000   52.2651   23.4930
   7   3     12.652442    0.507970    0.115113   22.714852    7.876652    0.0000   13.0326   77.2760
   7   4     12.545589    0.474221    0.110774   24.745414    8.753198    0.0000   25.4428   10.8385
   8   1     12.295775    0.420310    0.114889   24.196955   11.810117   40.6270   34.9485   14.0381
   8   2     12.506186    0.501339    0.123329   16.496180   11.649226   68.1582    8.1876    9.3654
   8   3     12.667620    0.525647    0.106731   19.331561    9.540897   15.2188   66.8326    7.2899
   8   4     12.358772    0.424708    0.120915   27.395817   10.782493   27.6168   19.9618   15.5238
   9   1     12.754847    0.539535    0.084901   19.787727    8.361276    0.0000   79.0678   17.4615
   9   2     12.657992    0.511590    0.104960   21.581486    9.438137    0.0000   28.3628   44.8999
   9   3     12.577348    0.493399    0.126845   22.461323    8.525657    0.0000    8.8004   61.5691
   9   4     12.728521    0.516680    0.106140   24.076946    7.856094    0.0000   18.2455   14.1622
  10   1     12.692351    0.539713    0.089205   16.777403    9.916102   72.9500   22.0330    3.6871
  10   2     12.548974    0.500964    0.118084   18.668044   12.510936   41.2705   32.1011   16.5444
  10   3     12.530967    0.494778    0.133761   19.949695   10.087178   10.8356   63.7667    9.7334
  10   4     12.797119    0.541179    0.095259   21.749004    8.405868    8.1436   15.7210   61.4919
 
  rho^2(E0) 
 
   I  n_1 n_2  <In_1|E0|In_2>  rho^2(E0) 
   0   1   1       11.790052  117.912012
   0   2   1        0.232464    0.045839
   0   2   2       11.989602  121.937184
   0   3   1        0.077277    0.005066
   0   3   2        0.101818    0.008794
   0   3   3       12.215177  126.568637
   0   4   1       -0.011721    0.000117
   0   4   2       -0.371089    0.116811
   0   4   3       -0.146803    0.018281
   0   4   4       12.187246  125.990484
   2   1   1       11.868951  119.495420
   2   2   1       -0.006849    0.000040
   2   2   2       11.991674  121.979338
   2   3   1        0.260592    0.057603
   2   3   2        0.041115    0.001434
   2   3   3       12.171260  125.660179
   2   4   1       -0.012306    0.000128
   2   4   2        0.247413    0.051925
   2   4   3        0.117022    0.011616
   2   4   4       12.391247  130.243667
   3   1   1       12.064500  123.465393
   3   2   1        0.316063    0.084737
   3   2   2       12.503445  132.612964
   3   3   1       -0.060868    0.003143
   3   3   2        0.210089    0.037440
   3   3   3       12.373192  129.864402
   3   4   1        0.028804    0.000704
   3   4   2       -0.391883    0.130269
   3   4   3        0.062759    0.003341
   3   4   4       12.500912  132.559249
   4   1   1       11.941861  120.968027
   4   2   1        0.039793    0.001343
   4   2   2       12.131430  124.839101
   4   3   1        0.215413    0.039361
   4   3   2        0.147508    0.018457
   4   3   3       12.346180  129.298001
   4   4   1        0.175978    0.026269
   4   4   2       -0.019978    0.000339
   4   4   3       -0.011905    0.000120
   4   4   4       12.306109  128.460069
   5   1   1       12.189028  126.027343
   5   2   1        0.148629    0.018738
   5   2   2       12.459648  131.685569
   5   3   1        0.328403    0.091483
   5   3   2        0.066619    0.003765
   5   3   3       12.509375  132.738789
   5   4   1       -0.033926    0.000976
   5   4   2        0.372818    0.117902
   5   4   3       -0.111385    0.010524
   5   4   4       12.471086  131.927437
   6   1   1       12.042098  123.007308
   6   2   1       -0.150233    0.019145
   6   2   2       12.409832  130.634653
   6   3   1       -0.067069    0.003816
   6   3   2        0.225114    0.042987
   6   3   3       12.377872  129.962656
   6   4   1        0.268890    0.061330
   6   4   2       -0.050201    0.002138
   6   4   3        0.112966    0.010825
   6   4   4       12.471792  131.942374
   7   1   1       12.452886  131.542667
   7   2   1        0.244878    0.050866
   7   2   2       12.543788  133.470104
   7   3   1        0.269665    0.061684
   7   3   2       -0.178124    0.026914
   7   3   3       12.652442  135.792350
   7   4   1        0.178391    0.026994
   7   4   2        0.047655    0.001926
   7   4   3       -0.064440    0.003522
   7   4   4       12.545589  133.508429
   8   1   1       12.295775  128.244413
   8   2   1        0.276605    0.064900
   8   2   2       12.506186  132.671124
   8   3   1        0.195772    0.032511
   8   3   2       -0.149383    0.018929
   8   3   3       12.667620  136.118341
   8   4   1        0.216998    0.039943
   8   4   2        0.055575    0.002620
   8   4   3        0.055218    0.002586
   8   4   4       12.358772  129.561872
   9   1   1       12.754847  137.999372
   9   2   1       -0.127066    0.013696
   9   2   2       12.657992  135.911513
   9   3   1       -0.191637    0.031152
   9   3   2       -0.280127    0.066564
   9   3   3       12.577348  134.185244
   9   4   1       -0.180218    0.027550
   9   4   2       -0.133004    0.015006
   9   4   3       -0.151890    0.019570
   9   4   4       12.728521  137.430296
  10   1   1       12.692351  136.650346
  10   2   1        0.133624    0.015146
  10   2   2       12.548974  133.580495
  10   3   1        0.190629    0.030825
  10   3   2       -0.303342    0.078053
  10   3   3       12.530967  133.197412
  10   4   1        0.126932    0.013667
  10   4   2       -0.135628    0.015604
  10   4   3       -0.131232    0.014609
  10   4   4       12.797119  138.915596
 
  E2 transition 
 
  I1  n1        I2  n2       <f||E2||i>   B(E2,I1->I2)  B(E2,I2->I1)
 ( 0   1) <--> ( 2   1)        0.156995      0.024648      0.004930   WU    22.526511      4.505302
 ( 0   1) <--> ( 2   2)        0.071700      0.005141      0.001028   WU     4.698551      0.939710
 ( 0   1) <--> ( 2   3)        0.020975      0.000440      0.000088   WU     0.402097      0.080419
 ( 0   1) <--> ( 2   4)        0.001049      0.000001      0.000000   WU     0.001005      0.000201
 ( 0   2) <--> ( 2   1)        0.070803      0.005013      0.001003   WU     4.581714      0.916343
 ( 0   2) <--> ( 2   2)        0.022536      0.000508      0.000102   WU     0.464182      0.092836
 ( 0   2) <--> ( 2   3)        0.189098      0.035758      0.007152   WU    32.680742      6.536148
 ( 0   2) <--> ( 2   4)        0.039005      0.001521      0.000304   WU     1.390461      0.278092
 ( 0   3) <--> ( 2   1)        0.014923      0.000223      0.000045   WU     0.203541      0.040708
 ( 0   3) <--> ( 2   2)        0.124447      0.015487      0.003097   WU    14.154413      2.830883
 ( 0   3) <--> ( 2   3)        0.085576      0.007323      0.001465   WU     6.693069      1.338614
 ( 0   3) <--> ( 2   4)        0.221432      0.049032      0.009806   WU    44.812639      8.962528
 ( 0   4) <--> ( 2   1)        0.001035      0.000001      0.000000   WU     0.000979      0.000196
 ( 0   4) <--> ( 2   2)        0.009194      0.000085      0.000017   WU     0.077249      0.015450
 ( 0   4) <--> ( 2   3)       -0.128261      0.016451      0.003290   WU    15.035090      3.007018
 ( 0   4) <--> ( 2   4)       -0.082908      0.006874      0.001375   WU     6.282258      1.256452
 ( 2   1) <--> ( 2   1)        0.132370      0.100328   (eb)
 ( 2   2) <--> ( 2   1)       -0.178781      0.006393      0.006393   WU     5.842441      5.842441
 ( 2   2) <--> ( 2   2)       -0.159126     -0.120607   (eb)
 ( 2   3) <--> ( 2   1)        0.019005      0.000072      0.000072   WU     0.066020      0.066020
 ( 2   3) <--> ( 2   2)       -0.107645      0.002317      0.002317   WU     2.118041      2.118041
 ( 2   3) <--> ( 2   3)        0.085577      0.064862   (eb)
 ( 2   4) <--> ( 2   1)       -0.013198      0.000035      0.000035   WU     0.031841      0.031841
 ( 2   4) <--> ( 2   2)       -0.057250      0.000656      0.000656   WU     0.599096      0.599096
 ( 2   4) <--> ( 2   3)       -0.224002      0.010035      0.010035   WU     9.171824      9.171824
 ( 2   4) <--> ( 2   4)       -0.261517     -0.198213   (eb)
 ( 2   1) <--> ( 3   1)        0.115594      0.002672      0.001909   WU     2.442439      1.744599
 ( 2   1) <--> ( 3   2)        0.005512      0.000006      0.000004   WU     0.005553      0.003966
 ( 2   1) <--> ( 3   3)       -0.003872      0.000003      0.000002   WU     0.002740      0.001957
 ( 2   1) <--> ( 3   4)        0.003181      0.000002      0.000001   WU     0.001850      0.001321
 ( 2   2) <--> ( 3   1)       -0.273820      0.014995      0.010711   WU    13.705003      9.789288
 ( 2   2) <--> ( 3   2)       -0.038889      0.000302      0.000216   WU     0.276446      0.197461
 ( 2   2) <--> ( 3   3)        0.009968      0.000020      0.000014   WU     0.018162      0.012973
 ( 2   2) <--> ( 3   4)       -0.008715      0.000015      0.000011   WU     0.013883      0.009916
 ( 2   3) <--> ( 3   1)        0.046147      0.000426      0.000304   WU     0.389250      0.278035
 ( 2   3) <--> ( 3   2)        0.119710      0.002866      0.002047   WU     2.619442      1.871030
 ( 2   3) <--> ( 3   3)       -0.026862      0.000144      0.000103   WU     0.131892      0.094209
 ( 2   3) <--> ( 3   4)       -0.001754      0.000001      0.000000   WU     0.000562      0.000401
 ( 2   4) <--> ( 3   1)        0.004032      0.000003      0.000002   WU     0.002971      0.002122
 ( 2   4) <--> ( 3   2)       -0.223344      0.009977      0.007126   WU     9.118021      6.512872
 ( 2   4) <--> ( 3   3)        0.036776      0.000271      0.000193   WU     0.247224      0.176588
 ( 2   4) <--> ( 3   4)        0.039983      0.000320      0.000228   WU     0.292217      0.208727
 ( 2   1) <--> ( 4   1)        0.278704      0.015535      0.008631   WU    14.198330      7.887961
 ( 2   1) <--> ( 4   2)        0.063892      0.000816      0.000454   WU     0.746171      0.414539
 ( 2   1) <--> ( 4   3)        0.015496      0.000048      0.000027   WU     0.043894      0.024385
 ( 2   1) <--> ( 4   4)        0.021187      0.000090      0.000050   WU     0.082049      0.045583
 ( 2   2) <--> ( 4   1)        0.032066      0.000206      0.000114   WU     0.187945      0.104414
 ( 2   2) <--> ( 4   2)        0.254826      0.012987      0.007215   WU    11.869596      6.594220
 ( 2   2) <--> ( 4   3)        0.076437      0.001169      0.000649   WU     1.067952      0.593307
 ( 2   2) <--> ( 4   4)       -0.120546      0.002906      0.001615   WU     2.656172      1.475651
 ( 2   3) <--> ( 4   1)        0.118430      0.002805      0.001558   WU     2.563739      1.424299
 ( 2   3) <--> ( 4   2)        0.110867      0.002458      0.001366   WU     2.246747      1.248193
 ( 2   3) <--> ( 4   3)        0.305694      0.018690      0.010383   WU    17.081421      9.489678
 ( 2   3) <--> ( 4   4)        0.194272      0.007548      0.004194   WU     6.898757      3.832643
 ( 2   4) <--> ( 4   1)        0.013158      0.000035      0.000019   WU     0.031646      0.017581
 ( 2   4) <--> ( 4   2)        0.211151      0.008917      0.004954   WU     8.149573      4.527540
 ( 2   4) <--> ( 4   3)        0.261725      0.013700      0.007611   WU    12.521046      6.956136
 ( 2   4) <--> ( 4   4)       -0.116338      0.002707      0.001504   WU     2.473949      1.374416
 ( 3   1) <--> ( 3   1)        0.000000      0.000000   (eb)
 ( 3   2) <--> ( 3   1)        0.000000      0.000000      0.000000   WU     0.000000      0.000000
 ( 3   2) <--> ( 3   2)        0.000000      0.000000   (eb)
 ( 3   3) <--> ( 3   1)        0.000000      0.000000      0.000000   WU     0.000000      0.000000
 ( 3   3) <--> ( 3   2)        0.000000      0.000000      0.000000   WU     0.000000      0.000000
 ( 3   3) <--> ( 3   3)        0.000000      0.000000   (eb)
 ( 3   4) <--> ( 3   1)        0.000000      0.000000      0.000000   WU     0.000000      0.000000
 ( 3   4) <--> ( 3   2)        0.000000      0.000000      0.000000   WU     0.000000      0.000000
 ( 3   4) <--> ( 3   3)        0.000000      0.000000      0.000000   WU     0.000000      0.000000
 ( 3   4) <--> ( 3   4)        0.000000      0.000000   (eb)
 ( 3   1) <--> ( 4   1)        0.160767      0.003692      0.002872   WU     3.374571      2.624666
 ( 3   1) <--> ( 4   2)        0.163683      0.003827      0.002977   WU     3.498060      2.720714
 ( 3   1) <--> ( 4   3)       -0.097574      0.001360      0.001058   WU     1.243051      0.966818
 ( 3   1) <--> ( 4   4)        0.258130      0.009519      0.007403   WU     8.699573      6.766335
 ( 3   2) <--> ( 4   1)        0.021997      0.000069      0.000054   WU     0.063175      0.049136
 ( 3   2) <--> ( 4   2)        0.051778      0.000383      0.000298   WU     0.350034      0.272249
 ( 3   2) <--> ( 4   3)        0.105534      0.001591      0.001237   WU     1.454150      1.131006
 ( 3   2) <--> ( 4   4)        0.289395      0.011964      0.009305   WU    10.934615      8.504700
 ( 3   3) <--> ( 4   1)       -0.005206      0.000004      0.000003   WU     0.003538      0.002752
 ( 3   3) <--> ( 4   2)       -0.003149      0.000001      0.000001   WU     0.001294      0.001007
 ( 3   3) <--> ( 4   3)       -0.012871      0.000024      0.000018   WU     0.021630      0.016824
 ( 3   3) <--> ( 4   4)        0.027812      0.000111      0.000086   WU     0.100992      0.078549
 ( 3   4) <--> ( 4   1)        0.005468      0.000004      0.000003   WU     0.003904      0.003036
 ( 3   4) <--> ( 4   2)        0.002696      0.000001      0.000001   WU     0.000949      0.000738
 ( 3   4) <--> ( 4   3)       -0.028269      0.000114      0.000089   WU     0.104340      0.081153
 ( 3   4) <--> ( 4   4)       -0.010999      0.000017      0.000013   WU     0.015796      0.012286
 ( 3   1) <--> ( 5   1)        0.325775      0.015161      0.009648   WU    13.856593      8.817832
 ( 3   1) <--> ( 5   2)        0.110773      0.001753      0.001116   WU     1.602111      1.019525
 ( 3   1) <--> ( 5   3)       -0.015720      0.000035      0.000022   WU     0.032264      0.020532
 ( 3   1) <--> ( 5   4)       -0.033169      0.000157      0.000100   WU     0.143644      0.091410
 ( 3   2) <--> ( 5   1)        0.173812      0.004316      0.002746   WU     3.944426      2.510089
 ( 3   2) <--> ( 5   2)        0.287986      0.011848      0.007540   WU    10.828408      6.890805
 ( 3   2) <--> ( 5   3)        0.367078      0.019249      0.012250   WU    17.592972     11.195527
 ( 3   2) <--> ( 5   4)        0.107155      0.001640      0.001044   WU     1.499148      0.954003
 ( 3   3) <--> ( 5   1)        0.013981      0.000028      0.000018   WU     0.025521      0.016240
 ( 3   3) <--> ( 5   2)        0.191567      0.005243      0.003336   WU     4.791427      3.049090
 ( 3   3) <--> ( 5   3)        0.073354      0.000769      0.000489   WU     0.702545      0.447074
 ( 3   3) <--> ( 5   4)        0.115948      0.001921      0.001222   WU     1.755299      1.117008
 ( 3   4) <--> ( 5   1)        0.003473      0.000002      0.000001   WU     0.001575      0.001002
 ( 3   4) <--> ( 5   2)       -0.012544      0.000022      0.000014   WU     0.020544      0.013074
 ( 3   4) <--> ( 5   3)       -0.168061      0.004035      0.002568   WU     3.687696      2.346716
 ( 3   4) <--> ( 5   4)       -0.093512      0.001249      0.000795   WU     1.141710      0.726542
 ( 4   1) <--> ( 4   1)        0.139404      0.105124   (eb)
 ( 4   2) <--> ( 4   1)       -0.217326      0.005248      0.005248   WU     4.796231      4.796231
 ( 4   2) <--> ( 4   2)       -0.038375     -0.028939   (eb)
 ( 4   3) <--> ( 4   1)        0.041276      0.000189      0.000189   WU     0.173008      0.173008
 ( 4   3) <--> ( 4   2)       -0.290327      0.009366      0.009366   WU     8.559569      8.559569
 ( 4   3) <--> ( 4   3)       -0.117566     -0.088656   (eb)
 ( 4   4) <--> ( 4   1)       -0.000027      0.000000      0.000000   WU     0.000000      0.000000
 ( 4   4) <--> ( 4   2)        0.159768      0.002836      0.002836   WU     2.592120      2.592120
 ( 4   4) <--> ( 4   3)        0.181645      0.003666      0.003666   WU     3.350624      3.350624
 ( 4   4) <--> ( 4   4)       -0.135689     -0.102323   (eb)
 ( 4   1) <--> ( 5   1)        0.126023      0.001765      0.001444   WU     1.612797      1.319561
 ( 4   1) <--> ( 5   2)       -0.007540      0.000006      0.000005   WU     0.005773      0.004723
 ( 4   1) <--> ( 5   3)       -0.000815      0.000000      0.000000   WU     0.000068      0.000055
 ( 4   1) <--> ( 5   4)       -0.003987      0.000002      0.000001   WU     0.001614      0.001321
 ( 4   2) <--> ( 5   1)       -0.219246      0.005341      0.004370   WU     4.881366      3.993845
 ( 4   2) <--> ( 5   2)        0.132300      0.001945      0.001591   WU     1.777448      1.454275
 ( 4   2) <--> ( 5   3)       -0.061202      0.000416      0.000341   WU     0.380375      0.311216
 ( 4   2) <--> ( 5   4)       -0.014194      0.000022      0.000018   WU     0.020461      0.016740
 ( 4   3) <--> ( 5   1)        0.066032      0.000484      0.000396   WU     0.442782      0.362276
 ( 4   3) <--> ( 5   2)       -0.212730      0.005028      0.004114   WU     4.595517      3.759968
 ( 4   3) <--> ( 5   3)        0.135540      0.002041      0.001670   WU     1.865578      1.526382
 ( 4   3) <--> ( 5   4)       -0.005396      0.000003      0.000003   WU     0.002957      0.002420
 ( 4   4) <--> ( 5   1)        0.129698      0.001869      0.001529   WU     1.708215      1.397631
 ( 4   4) <--> ( 5   2)        0.376598      0.015758      0.012893   WU    14.402360     11.783749
 ( 4   4) <--> ( 5   3)        0.043736      0.000213      0.000174   WU     0.194248      0.158930
 ( 4   4) <--> ( 5   4)        0.005726      0.000004      0.000003   WU     0.003329      0.002724
 ( 4   1) <--> ( 6   1)        0.397017      0.017514      0.012125   WU    16.006463     11.081398
 ( 4   1) <--> ( 6   2)       -0.048088      0.000257      0.000178   WU     0.234830      0.162575
 ( 4   1) <--> ( 6   3)        0.019901      0.000044      0.000030   WU     0.040220      0.027845
 ( 4   1) <--> ( 6   4)        0.021243      0.000050      0.000035   WU     0.045827      0.031727
 ( 4   2) <--> ( 6   1)        0.126150      0.001768      0.001224   WU     1.616033      1.118792
 ( 4   2) <--> ( 6   2)       -0.457414      0.023248      0.016094   WU    21.246977     14.709445
 ( 4   2) <--> ( 6   3)        0.005738      0.000004      0.000003   WU     0.003344      0.002315
 ( 4   2) <--> ( 6   4)       -0.064908      0.000468      0.000324   WU     0.427835      0.296194
 ( 4   3) <--> ( 6   1)        0.134790      0.002019      0.001398   WU     1.844991      1.277301
 ( 4   3) <--> ( 6   2)       -0.362385      0.014591      0.010102   WU    13.335751      9.232443
 ( 4   3) <--> ( 6   3)       -0.387056      0.016646      0.011524   WU    15.213332     10.532307
 ( 4   3) <--> ( 6   4)        0.234683      0.006120      0.004237   WU     5.592942      3.872037
 ( 4   4) <--> ( 6   1)        0.121057      0.001628      0.001127   WU     1.488197      1.030290
 ( 4   4) <--> ( 6   2)        0.012487      0.000017      0.000012   WU     0.015833      0.010961
 ( 4   4) <--> ( 6   3)        0.232159      0.005989      0.004146   WU     5.473292      3.789202
 ( 4   4) <--> ( 6   4)        0.443244      0.021829      0.015113   WU    19.950953     13.812198
 ( 5   1) <--> ( 5   1)        0.043529      0.031608   (eb)
 ( 5   2) <--> ( 5   1)       -0.256681      0.005990      0.005990   WU     5.474109      5.474109
 ( 5   2) <--> ( 5   2)       -0.171599     -0.124603   (eb)
 ( 5   3) <--> ( 5   1)        0.067453      0.000414      0.000414   WU     0.378028      0.378028
 ( 5   3) <--> ( 5   2)       -0.123439      0.001385      0.001385   WU     1.265989      1.265989
 ( 5   3) <--> ( 5   3)        0.086459      0.062780   (eb)
 ( 5   4) <--> ( 5   1)       -0.004877      0.000002      0.000002   WU     0.001976      0.001976
 ( 5   4) <--> ( 5   2)       -0.077835      0.000551      0.000551   WU     0.503354      0.503354
 ( 5   4) <--> ( 5   3)       -0.305598      0.008490      0.008490   WU     7.759410      7.759410
 ( 5   4) <--> ( 5   4)       -0.027920     -0.020274   (eb)
 ( 5   1) <--> ( 6   1)        0.233376      0.004951      0.004190   WU     4.525223      3.829035
 ( 5   1) <--> ( 6   2)       -0.098327      0.000879      0.000744   WU     0.803290      0.679707
 ( 5   1) <--> ( 6   3)        0.178916      0.002910      0.002462   WU     2.659654      2.250476
 ( 5   1) <--> ( 6   4)        0.176138      0.002820      0.002387   WU     2.577712      2.181141
 ( 5   2) <--> ( 6   1)        0.000995      0.000000      0.000000   WU     0.000082      0.000070
 ( 5   2) <--> ( 6   2)       -0.184136      0.003082      0.002608   WU     2.817102      2.383702
 ( 5   2) <--> ( 6   3)        0.069404      0.000438      0.000371   WU     0.400216      0.338644
 ( 5   2) <--> ( 6   4)        0.106410      0.001029      0.000871   WU     0.940781      0.796046
 ( 5   3) <--> ( 6   1)        0.030226      0.000083      0.000070   WU     0.075911      0.064232
 ( 5   3) <--> ( 6   2)       -0.038667      0.000136      0.000115   WU     0.124223      0.105111
 ( 5   3) <--> ( 6   3)        0.000019      0.000000      0.000000   WU     0.000000      0.000000
 ( 5   3) <--> ( 6   4)        0.365817      0.012166      0.010294   WU    11.118715      9.408144
 ( 5   4) <--> ( 6   1)       -0.006853      0.000004      0.000004   WU     0.003901      0.003301
 ( 5   4) <--> ( 6   2)       -0.015915      0.000023      0.000019   WU     0.021044      0.017807
 ( 5   4) <--> ( 6   3)       -0.008956      0.000007      0.000006   WU     0.006664      0.005638
 ( 5   4) <--> ( 6   4)       -0.008527      0.000007      0.000006   WU     0.006042      0.005112
 ( 5   1) <--> ( 7   1)       -0.515881      0.024194      0.017742   WU    22.111894     16.215389
 ( 5   1) <--> ( 7   2)        0.004836      0.000002      0.000002   WU     0.001943      0.001425
 ( 5   1) <--> ( 7   3)        0.000102      0.000000      0.000000   WU     0.000001      0.000001
 ( 5   1) <--> ( 7   4)        0.035993      0.000118      0.000086   WU     0.107638      0.078934
 ( 5   2) <--> ( 7   1)       -0.270347      0.006644      0.004873   WU     6.072552      4.453205
 ( 5   2) <--> ( 7   2)       -0.519785      0.024561      0.018012   WU    22.447850     16.461757
 ( 5   2) <--> ( 7   3)        0.042711      0.000166      0.000122   WU     0.151565      0.111148
 ( 5   2) <--> ( 7   4)       -0.033282      0.000101      0.000074   WU     0.092035      0.067492
 ( 5   3) <--> ( 7   1)       -0.288335      0.007558      0.005542   WU     6.907498      5.065498
 ( 5   3) <--> ( 7   2)       -0.169236      0.002604      0.001909   WU     2.379661      1.745085
 ( 5   3) <--> ( 7   3)       -0.446947      0.018160      0.013317   WU    16.597379     12.171411
 ( 5   3) <--> ( 7   4)       -0.258329      0.006067      0.004449   WU     5.544662      4.066085
 ( 5   4) <--> ( 7   1)       -0.054016      0.000265      0.000195   WU     0.242423      0.177777
 ( 5   4) <--> ( 7   2)       -0.273249      0.006788      0.004978   WU     6.203600      4.549306
 ( 5   4) <--> ( 7   3)        0.200260      0.003646      0.002674   WU     3.332080      2.443526
 ( 5   4) <--> ( 7   4)       -0.149527      0.002033      0.001491   WU     1.857672      1.362293
 ( 6   1) <--> ( 6   1)        0.093081      0.064896   (eb)
 ( 6   2) <--> ( 6   1)        0.250766      0.004837      0.004837   WU     4.420936      4.420936
 ( 6   2) <--> ( 6   2)       -0.294695     -0.205461   (eb)
 ( 6   3) <--> ( 6   1)       -0.092127      0.000653      0.000653   WU     0.596698      0.596698
 ( 6   3) <--> ( 6   2)       -0.436841      0.014679      0.014679   WU    13.416023     13.416023
 ( 6   3) <--> ( 6   3)       -0.194840     -0.135842   (eb)
 ( 6   4) <--> ( 6   1)        0.045392      0.000158      0.000158   WU     0.144856      0.144856
 ( 6   4) <--> ( 6   2)       -0.028033      0.000060      0.000060   WU     0.055249      0.055249
 ( 6   4) <--> ( 6   3)       -0.210640      0.003413      0.003413   WU     3.119311      3.119311
 ( 6   4) <--> ( 6   4)       -0.085372     -0.059521   (eb)
 ( 6   1) <--> ( 7   1)       -0.126624      0.001233      0.001069   WU     1.127223      0.976927
 ( 6   1) <--> ( 7   2)        0.036237      0.000101      0.000088   WU     0.092316      0.080007
 ( 6   1) <--> ( 7   3)        0.009927      0.000008      0.000007   WU     0.006928      0.006004
 ( 6   1) <--> ( 7   4)        0.005105      0.000002      0.000002   WU     0.001832      0.001588
 ( 6   2) <--> ( 7   1)       -0.146977      0.001662      0.001440   WU     1.518704      1.316210
 ( 6   2) <--> ( 7   2)        0.109836      0.000928      0.000804   WU     0.848143      0.735057
 ( 6   2) <--> ( 7   3)       -0.007628      0.000004      0.000004   WU     0.004091      0.003546
 ( 6   2) <--> ( 7   4)       -0.039448      0.000120      0.000104   WU     0.109404      0.094817
 ( 6   3) <--> ( 7   1)       -0.044124      0.000150      0.000130   WU     0.136877      0.118627
 ( 6   3) <--> ( 7   2)       -0.337589      0.008767      0.007598   WU     8.012215      6.943920
 ( 6   3) <--> ( 7   3)        0.018065      0.000025      0.000022   WU     0.022944      0.019884
 ( 6   3) <--> ( 7   4)        0.121083      0.001128      0.000977   WU     1.030733      0.893302
 ( 6   4) <--> ( 7   1)       -0.293036      0.006605      0.005725   WU     6.036985      5.232054
 ( 6   4) <--> ( 7   2)       -0.153795      0.001819      0.001577   WU     1.662886      1.441168
 ( 6   4) <--> ( 7   3)       -0.104343      0.000837      0.000726   WU     0.765420      0.663364
 ( 6   4) <--> ( 7   4)       -0.068988      0.000366      0.000317   WU     0.334596      0.289983
 ( 6   1) <--> ( 8   1)       -0.541389      0.022546      0.017241   WU    20.606096     15.757603
 ( 6   1) <--> ( 8   2)        0.059099      0.000269      0.000205   WU     0.245549      0.187773
 ( 6   1) <--> ( 8   3)       -0.018049      0.000025      0.000019   WU     0.022903      0.017514
 ( 6   1) <--> ( 8   4)        0.010157      0.000008      0.000006   WU     0.007253      0.005546
 ( 6   2) <--> ( 8   1)        0.410189      0.012943      0.009897   WU    11.828902      9.045631
 ( 6   2) <--> ( 8   2)        0.692759      0.036917      0.028230   WU    33.739674     25.800927
 ( 6   2) <--> ( 8   3)        0.049839      0.000191      0.000146   WU     0.174629      0.133540
 ( 6   2) <--> ( 8   4)       -0.058556      0.000264      0.000202   WU     0.241054      0.184336
 ( 6   3) <--> ( 8   1)        0.096173      0.000711      0.000544   WU     0.650257      0.497256
 ( 6   3) <--> ( 8   2)        0.429516      0.014191      0.010852   WU    12.969878      9.918142
 ( 6   3) <--> ( 8   3)       -0.411145      0.013003      0.009944   WU    11.884129      9.087863
 ( 6   3) <--> ( 8   4)        0.356794      0.009792      0.007488   WU     8.949758      6.843932
 ( 6   4) <--> ( 8   1)       -0.240755      0.004459      0.003410   WU     4.075011      3.116185
 ( 6   4) <--> ( 8   2)       -0.010971      0.000009      0.000007   WU     0.008463      0.006471
 ( 6   4) <--> ( 8   3)       -0.610155      0.028638      0.021899   WU    26.173229     20.014822
 ( 6   4) <--> ( 8   4)       -0.383651      0.011322      0.008658   WU    10.347836      7.913051
 ( 7   1) <--> ( 7   1)       -0.148842     -0.099674   (eb)
 ( 7   2) <--> ( 7   1)       -0.370543      0.009153      0.009153   WU     8.365775      8.365775
 ( 7   2) <--> ( 7   2)       -0.239297     -0.160248   (eb)
 ( 7   3) <--> ( 7   1)        0.043054      0.000124      0.000124   WU     0.112944      0.112944
 ( 7   3) <--> ( 7   2)        0.133620      0.001190      0.001190   WU     1.087854      1.087854
 ( 7   3) <--> ( 7   3)       -0.043329     -0.029016   (eb)
 ( 7   4) <--> ( 7   1)        0.070227      0.000329      0.000329   WU     0.300491      0.300491
 ( 7   4) <--> ( 7   2)       -0.326127      0.007091      0.007091   WU     6.480400      6.480400
 ( 7   4) <--> ( 7   3)        0.055458      0.000205      0.000205   WU     0.187396      0.187396
 ( 7   4) <--> ( 7   4)        0.240559      0.161093   (eb)
 ( 7   1) <--> ( 8   1)        0.310446      0.006425      0.005669   WU     5.872218      5.181369
 ( 7   1) <--> ( 8   2)        0.002971      0.000001      0.000001   WU     0.000538      0.000475
 ( 7   1) <--> ( 8   3)        0.289584      0.005591      0.004933   WU     5.109487      4.508371
 ( 7   1) <--> ( 8   4)        0.030290      0.000061      0.000054   WU     0.055902      0.049325
 ( 7   2) <--> ( 8   1)       -0.006147      0.000003      0.000002   WU     0.002302      0.002031
 ( 7   2) <--> ( 8   2)        0.209620      0.002929      0.002585   WU     2.677277      2.362303
 ( 7   2) <--> ( 8   3)        0.205593      0.002818      0.002486   WU     2.575413      2.272423
 ( 7   2) <--> ( 8   4)       -0.120745      0.000972      0.000858   WU     0.888309      0.783802
 ( 7   3) <--> ( 8   1)        0.030722      0.000063      0.000056   WU     0.057508      0.050742
 ( 7   3) <--> ( 8   2)        0.004580      0.000001      0.000001   WU     0.001278      0.001128
 ( 7   3) <--> ( 8   3)        0.233206      0.003626      0.003199   WU     3.313671      2.923828
 ( 7   3) <--> ( 8   4)        0.276306      0.005090      0.004491   WU     4.651668      4.104413
 ( 7   4) <--> ( 8   1)        0.019311      0.000025      0.000022   WU     0.022723      0.020049
 ( 7   4) <--> ( 8   2)       -0.001091      0.000000      0.000000   WU     0.000072      0.000064
 ( 7   4) <--> ( 8   3)        0.049087      0.000161      0.000142   WU     0.146812      0.129540
 ( 7   4) <--> ( 8   4)        0.240584      0.003859      0.003405   WU     3.526659      3.111758
 ( 7   1) <--> ( 9   1)       -0.784218      0.041000      0.032368   WU    37.471627     29.582863
 ( 7   1) <--> ( 9   2)       -0.127899      0.001091      0.000861   WU     0.996701      0.786869
 ( 7   1) <--> ( 9   3)       -0.031905      0.000068      0.000054   WU     0.062022      0.048965
 ( 7   1) <--> ( 9   4)       -0.020049      0.000027      0.000021   WU     0.024491      0.019335
 ( 7   2) <--> ( 9   1)       -0.477519      0.015202      0.012001   WU    13.893469     10.968528
 ( 7   2) <--> ( 9   2)        0.622368      0.025823      0.020386   WU    23.600605     18.632056
 ( 7   2) <--> ( 9   3)        0.120099      0.000962      0.000759   WU     0.878838      0.693820
 ( 7   2) <--> ( 9   4)        0.029756      0.000059      0.000047   WU     0.053950      0.042592
 ( 7   3) <--> ( 9   1)       -0.221990      0.003285      0.002594   WU     3.002576      2.370455
 ( 7   3) <--> ( 9   2)       -0.350057      0.008169      0.006449   WU     7.466296      5.894444
 ( 7   3) <--> ( 9   3)        0.608402      0.024677      0.019482   WU    22.553294     17.805232
 ( 7   3) <--> ( 9   4)        0.204345      0.002784      0.002198   WU     2.544239      2.008610
 ( 7   4) <--> ( 9   1)       -0.169834      0.001923      0.001518   WU     1.757432      1.387447
 ( 7   4) <--> ( 9   2)        0.106319      0.000754      0.000595   WU     0.688730      0.543734
 ( 7   4) <--> ( 9   3)       -0.080253      0.000429      0.000339   WU     0.392418      0.309804
 ( 7   4) <--> ( 9   4)        0.502158      0.016811      0.013272   WU    15.364213     12.129642
 ( 8   1) <--> ( 8   1)       -0.136807     -0.088131   (eb)
 ( 8   2) <--> ( 8   1)       -0.370803      0.008088      0.008088   WU     7.391927      7.391927
 ( 8   2) <--> ( 8   2)       -0.482231     -0.310651   (eb)
 ( 8   3) <--> ( 8   1)       -0.031050      0.000057      0.000057   WU     0.051833      0.051833
 ( 8   3) <--> ( 8   2)        0.342727      0.006910      0.006910   WU     6.314914      6.314914
 ( 8   3) <--> ( 8   3)       -0.502007     -0.323391   (eb)
 ( 8   4) <--> ( 8   1)        0.099430      0.000582      0.000582   WU     0.531500      0.531500
 ( 8   4) <--> ( 8   2)       -0.236332      0.003285      0.003285   WU     3.002718      3.002718
 ( 8   4) <--> ( 8   3)        0.014625      0.000013      0.000013   WU     0.011499      0.011499
 ( 8   4) <--> ( 8   4)        0.110357      0.071092   (eb)
 ( 8   1) <--> ( 9   1)       -0.102142      0.000614      0.000549   WU     0.560893      0.501851
 ( 8   1) <--> ( 9   2)       -0.049514      0.000144      0.000129   WU     0.131802      0.117928
 ( 8   1) <--> ( 9   3)       -0.027156      0.000043      0.000039   WU     0.039646      0.035473
 ( 8   1) <--> ( 9   4)       -0.012785      0.000010      0.000009   WU     0.008787      0.007862
 ( 8   2) <--> ( 9   1)        0.154423      0.001403      0.001255   WU     1.282021      1.147071
 ( 8   2) <--> ( 9   2)        0.080781      0.000384      0.000343   WU     0.350822      0.313894
 ( 8   2) <--> ( 9   3)        0.031559      0.000059      0.000052   WU     0.053545      0.047909
 ( 8   2) <--> ( 9   4)        0.000092      0.000000      0.000000   WU     0.000000      0.000000
 ( 8   3) <--> ( 9   1)       -0.341848      0.006874      0.006151   WU     6.282570      5.621246
 ( 8   3) <--> ( 9   2)        0.248375      0.003629      0.003247   WU     3.316556      2.967445
 ( 8   3) <--> ( 9   3)        0.074181      0.000324      0.000290   WU     0.295838      0.264697
 ( 8   3) <--> ( 9   4)        0.008965      0.000005      0.000004   WU     0.004321      0.003866
 ( 8   4) <--> ( 9   1)       -0.164409      0.001590      0.001423   WU     1.453197      1.300229
 ( 8   4) <--> ( 9   2)       -0.325135      0.006218      0.005564   WU     5.683259      5.085021
 ( 8   4) <--> ( 9   3)        0.054486      0.000175      0.000156   WU     0.159603      0.142803
 ( 8   4) <--> ( 9   4)        0.127031      0.000949      0.000849   WU     0.867536      0.776216
 ( 8   1) <--> (10   1)        0.794545      0.037135      0.030062   WU    33.939746     27.475033
 ( 8   1) <--> (10   2)       -0.249193      0.003653      0.002957   WU     3.338447      2.702552
 ( 8   1) <--> (10   3)       -0.068048      0.000272      0.000220   WU     0.248941      0.201524
 ( 8   1) <--> (10   4)       -0.000311      0.000000      0.000000   WU     0.000005      0.000004
 ( 8   2) <--> (10   1)        0.739714      0.032187      0.026056   WU    29.417014     23.813773
 ( 8   2) <--> (10   2)        0.645221      0.024489      0.019824   WU    22.381478     18.118339
 ( 8   2) <--> (10   3)        0.201976      0.002400      0.001943   WU     2.193172      1.775425
 ( 8   2) <--> (10   4)        0.013498      0.000011      0.000009   WU     0.009795      0.007929
 ( 8   3) <--> (10   1)        0.132937      0.001040      0.000842   WU     0.950091      0.769121
 ( 8   3) <--> (10   2)       -0.618999      0.022539      0.018246   WU    20.599257     16.675589
 ( 8   3) <--> (10   3)        0.780004      0.035789      0.028972   WU    32.708836     26.478582
 ( 8   3) <--> (10   4)        0.072632      0.000310      0.000251   WU     0.283614      0.229592
 ( 8   4) <--> (10   1)        0.203921      0.002446      0.001980   WU     2.235610      1.809780
 ( 8   4) <--> (10   2)        0.021090      0.000026      0.000021   WU     0.023911      0.019357
 ( 8   4) <--> (10   3)        0.089207      0.000468      0.000379   WU     0.427829      0.346338
 ( 8   4) <--> (10   4)        0.548742      0.017713      0.014339   WU    16.188550     13.105017
 ( 9   1) <--> ( 9   1)       -0.523902     -0.325281   (eb)
 ( 9   2) <--> ( 9   1)        0.370596      0.007228      0.007228   WU     6.606433      6.606433
 ( 9   2) <--> ( 9   2)       -0.277901     -0.172544   (eb)
 ( 9   3) <--> ( 9   1)        0.013126      0.000009      0.000009   WU     0.008287      0.008287
 ( 9   3) <--> ( 9   2)        0.301947      0.004799      0.004799   WU     4.385594      4.385594
 ( 9   3) <--> ( 9   3)       -0.130557     -0.081060   (eb)
 ( 9   4) <--> ( 9   1)       -0.012511      0.000008      0.000008   WU     0.007529      0.007529
 ( 9   4) <--> ( 9   2)       -0.275639      0.003999      0.003999   WU     3.654659      3.654659
 ( 9   4) <--> ( 9   3)        0.019183      0.000019      0.000019   WU     0.017701      0.017701
 ( 9   4) <--> ( 9   4)        0.128516      0.079793   (eb)
 ( 9   1) <--> (10   1)       -0.326551      0.005612      0.005078   WU     5.129427      4.640910
 ( 9   1) <--> (10   2)        0.230151      0.002788      0.002522   WU     2.547963      2.305300
 ( 9   1) <--> (10   3)       -0.267891      0.003777      0.003417   WU     3.452100      3.123329
 ( 9   1) <--> (10   4)       -0.014329      0.000011      0.000010   WU     0.009877      0.008936
 ( 9   2) <--> (10   1)       -0.008349      0.000004      0.000003   WU     0.003353      0.003034
 ( 9   2) <--> (10   2)        0.230843      0.002805      0.002538   WU     2.563299      2.319176
 ( 9   2) <--> (10   3)        0.201055      0.002128      0.001925   WU     1.944440      1.759255
 ( 9   2) <--> (10   4)       -0.548093      0.015811      0.014305   WU    14.450262     13.074046
 ( 9   3) <--> (10   1)        0.015741      0.000013      0.000012   WU     0.011919      0.010784
 ( 9   3) <--> (10   2)       -0.027671      0.000040      0.000036   WU     0.036831      0.033323
 ( 9   3) <--> (10   3)        0.221259      0.002577      0.002331   WU     2.354871      2.130598
 ( 9   3) <--> (10   4)        0.383337      0.007734      0.006997   WU     7.068521      6.395328
 ( 9   4) <--> (10   1)        0.015794      0.000013      0.000012   WU     0.011998      0.010856
 ( 9   4) <--> (10   2)       -0.036229      0.000069      0.000063   WU     0.063137      0.057124
 ( 9   4) <--> (10   3)        0.041782      0.000092      0.000083   WU     0.083974      0.075977
 ( 9   4) <--> (10   4)        0.287822      0.004360      0.003945   WU     3.984862      3.605351
 (10   1) <--> (10   1)       -0.655882     -0.393263   (eb)
 (10   2) <--> (10   1)       -0.375829      0.006726      0.006726   WU     6.147272      6.147272
 (10   2) <--> (10   2)       -0.507506     -0.304297   (eb)
 (10   3) <--> (10   1)       -0.036693      0.000064      0.000064   WU     0.058597      0.058597
 (10   3) <--> (10   2)        0.421865      0.008475      0.008475   WU     7.745453      7.745453
 (10   3) <--> (10   3)       -0.419038     -0.251252   (eb)
 (10   4) <--> (10   1)        0.013194      0.000008      0.000008   WU     0.007576      0.007576
 (10   4) <--> (10   2)       -0.168897      0.001358      0.001358   WU     1.241500      1.241500
 (10   4) <--> (10   3)        0.226570      0.002444      0.002444   WU     2.234112      2.234112
 (10   4) <--> (10   4)       -0.373771     -0.224110   (eb)
 
  quadrupole shape invariant: 01+, 02+, 03+, 04+
quadr2     0.03029794     0.04612404     0.09177030     0.07307831
quadr3     0.00150107     0.00383660     0.02664385     0.01340302
  effective deformation parameters:  01+, 02+, 03+, 04+
beteff     0.20725905     0.25572348     0.36070986     0.32188533
cos3ga     0.28462949     0.38730731     0.95839345     0.67845321
 
 ********* END Transition **************************
