 ********* BEGIN READER ****************************
 
 Nucleus            :  Pb  82 168
 Imin, Imax         :     0  10
 imu, remu          :     1 12.0000
 nlevel             :     4
 observables        :     2
 wave fun           :     1
 nbet, ngam, npar   :    10   7  10
 Finish reading parameters: V, B_k ...
 
 ********* END READER ******************************
 
 ********* BEGIN LEVELS ********************
 
 E_0 = -1785.950359
 
  I=   0   ntot= 127
   0   1    0.000000
   0   2    1.389270
   0   3    1.841711
   0   4    2.984475
 
  I=   2   ntot= 234
   2   1    0.306299
   2   2    0.984831
   2   3    1.962028
   2   4    2.311673
 
  I=   3   ntot= 108
   3   1    1.463559
   3   2    3.238817
   3   3    3.472899
   3   4    4.426914
 
  I=   4   ntot= 324
   4   1    0.813490
   4   2    1.550360
   4   3    2.108644
   4   4    2.667807
 
  I=   5   ntot= 198
   5   1    2.139086
   5   2    2.821703
   5   3    3.907765
   5   4    4.233163
 
  I=   6   ntot= 432
   6   1    1.478882
   6   2    2.215521
   6   3    2.827632
   6   4    3.421368
 
  I=   7   ntot= 306
   7   1    2.929666
   7   2    3.645761
   7   3    4.371117
   7   4    4.597201
 
  I=   8   ntot= 522
   8   1    2.270548
   8   2    2.982537
   8   3    3.643690
   8   4    4.154708
 
  I=   9   ntot= 397
   9   1    3.817051
   9   2    4.546342
   9   3    5.270968
   9   4    5.304174
 
  I=  10   ntot= 630
  10   1    3.164318
  10   2    3.844125
  10   3    4.551744
  10   4    4.797950
 
 ********* END LEVELS **********************
 
 ********* BEGIN Transition ************************
 
  Monopole moment 
 
   I   n    <In|E0|In>   ave \beta      del<b>   ave \gamma    del<g>  
     K=0       K=2       K=4   
   0   1     34.263388    0.187917    0.039286   34.188118   10.358136  100.0000    0.0000    0.0000
   0   2     34.503320    0.220489    0.043778   20.990678   14.053307  100.0000    0.0000    0.0000
   0   3     34.353764    0.205216    0.071186   29.981394   11.010116  100.0000    0.0000    0.0000
   0   4     34.723751    0.258132    0.065189   17.982962   14.336760  100.0000    0.0000    0.0000
   2   1     34.292126    0.192812    0.037767   35.697244    9.735895   37.6135   62.3865    0.0000
   2   2     34.427821    0.210476    0.041430   25.066644   10.748062   69.9446   30.0554    0.0000
   2   3     34.560929    0.230202    0.044390   22.171042   12.882214   66.7434   33.2566    0.0000
   2   4     34.464141    0.220456    0.065364   32.231949    9.846001   56.5062   43.4938    0.0000
   3   1     34.444490    0.214425    0.039479   29.278426    8.604845    0.0000  100.0000    0.0000
   3   2     34.751222    0.263012    0.060298   20.750797    9.198300    0.0000  100.0000    0.0000
   3   3     34.643683    0.242173    0.054385   31.603859    8.791152    0.0000  100.0000    0.0000
   3   4     35.419768    0.356913    0.086051   17.839157    9.084776    0.0000   99.9999    0.0000
   4   1     34.330770    0.198792    0.037312   35.817524    9.715104   29.1641   38.5334   32.3025
   4   2     34.491853    0.219806    0.042033   23.708897   11.735205   68.6228    1.7422   29.6350
   4   3     34.536912    0.227193    0.041646   25.314669   10.835924   21.9852   48.4962   29.5185
   4   4     34.621170    0.240944    0.049097   22.797591   11.113922   39.2739   44.9653   15.7608
   5   1     34.493477    0.221849    0.039685   29.467722    8.580847    0.0000   60.3810   39.6190
   5   2     34.586170    0.235155    0.041723   26.390941    8.874888    0.0000   44.3344   55.6656
   5   3     34.872890    0.281483    0.068152   22.330230    9.260541    0.0000   69.6971   30.3029
   5   4     34.732981    0.253824    0.048648   29.340581    9.932009    0.0000   78.1366   21.8634
   6   1     34.379533    0.205983    0.037681   34.893011    9.955075   27.7488   35.0528   20.2837
   6   2     34.555917    0.229258    0.043358   22.404805   12.526599   66.6890    4.6473    8.0457
   6   3     34.595768    0.235926    0.043826   24.443267   12.315356   30.8392   35.4499    1.0879
   6   4     34.715775    0.257282    0.061877   23.842649   11.012202   29.9562   37.9410   23.1964
   7   1     34.551905    0.230482    0.040637   28.991350    8.667621    0.0000   47.1363   38.6172
   7   2     34.657957    0.245904    0.044712   25.301321    9.930987    0.0000   52.7136   11.5529
   7   3     34.730238    0.256818    0.047150   25.784450    9.137821    0.0000   11.9724   44.8726
   7   4     35.059608    0.307067    0.074907   22.315542    9.600478    0.0000   59.4432   32.9292
   8   1     34.439779    0.214656    0.038839   33.131041   10.264500   28.8853   34.7925   18.0678
   8   2     34.622701    0.239265    0.045595   21.151429   13.132464   65.9315    6.9115    5.8171
   8   3     34.651146    0.244599    0.047639   24.008747   13.128124   33.0252   30.2628    3.9688
   8   4     34.935650    0.290707    0.081800   21.634447   13.020419   44.7275   32.3396   13.0929
   9   1     34.623119    0.240918    0.042560   27.981434    8.803109    0.0000   42.0925   36.9120
   9   2     34.748542    0.259705    0.050758   23.876890   10.852810    0.0000   54.8622    5.4697
   9   3     35.213373    0.328403    0.086909   19.957928   11.208451    0.0000   59.2833   15.2290
   9   4     34.995193    0.295571    0.071581   24.496605    8.634403    0.0000   21.0647   54.8532
  10   1     34.513715    0.225221    0.040819   30.751221   10.536767   31.4633   35.4239   16.9537
  10   2     34.693551    0.250183    0.049596   20.153290   13.640330   65.0827    8.6580    6.2031
  10   3     34.736169    0.258640    0.062002   22.810573   14.506944   33.5270   28.9196    6.4342
  10   4     36.007452    0.433712    0.119666   10.685532   14.381615   81.5790   13.5502    3.3355
 
  rho^2(E0) 
 
   I  n_1 n_2  <In_1|E0|In_2>  rho^2(E0) 
   0   1   1       34.263388 2417.184975
   0   2   1        0.050824    0.005318
   0   2   2       34.503320 2451.156475
   0   3   1        0.239276    0.117882
   0   3   2        0.096270    0.019082
   0   3   3       34.353764 2429.953230
   0   4   1       -0.033256    0.002277
   0   4   2        0.220795    0.100376
   0   4   3        0.008723    0.000157
   0   4   4       34.723751 2482.575835
   2   1   1       34.292126 2421.241461
   2   2   1        0.021795    0.000978
   2   2   2       34.427821 2440.441101
   2   3   1        0.073550    0.011138
   2   3   2        0.053026    0.005789
   2   3   3       34.560929 2459.348552
   2   4   1       -0.224713    0.103969
   2   4   2       -0.048621    0.004867
   2   4   3       -0.045792    0.004317
   2   4   4       34.464141 2445.593006
   3   1   1       34.444490 2442.804854
   3   2   1        0.206165    0.087514
   3   2   2       34.751222 2486.505571
   3   3   1       -0.144957    0.043264
   3   3   2       -0.031980    0.002106
   3   3   3       34.643683 2471.140160
   3   4   1        0.058723    0.007100
   3   4   2       -0.334212    0.229982
   3   4   3        0.148021    0.045113
   3   4   4       35.419768 2583.096852
   4   1   1       34.330770 2426.701554
   4   2   1        0.043922    0.003972
   4   2   2       34.491853 2449.527508
   4   3   1        0.002520    0.000013
   4   3   2        0.060863    0.007627
   4   3   3       34.536912 2455.931688
   4   4   1        0.117541    0.028447
   4   4   2        0.061037    0.007671
   4   4   3        0.004680    0.000045
   4   4   4       34.621170 2467.929489
   5   1   1       34.493477 2449.758226
   5   2   1        0.038576    0.003064
   5   2   2       34.586170 2462.942167
   5   3   1       -0.233418    0.112181
   5   3   2       -0.053316    0.005853
   5   3   3       34.872890 2503.947159
   5   4   1       -0.081722    0.013751
   5   4   2        0.011044    0.000251
   5   4   3        0.022085    0.001004
   5   4   4       34.732981 2483.895910
   6   1   1       34.379533 2433.600045
   6   2   1        0.067623    0.009415
   6   2   2       34.555917 2458.635317
   6   3   1        0.006120    0.000077
   6   3   2       -0.092049    0.017446
   6   3   3       34.595768 2464.309330
   6   4   1       -0.187369    0.072284
   6   4   2       -0.080492    0.013340
   6   4   3       -0.003258    0.000022
   6   4   4       34.715775 2481.435480
   7   1   1       34.551905 2458.064496
   7   2   1        0.063018    0.008177
   7   2   2       34.657957 2473.176927
   7   3   1       -0.005372    0.000059
   7   3   2       -0.065135    0.008735
   7   3   3       34.730238 2483.503604
   7   4   1       -0.234861    0.113571
   7   4   2       -0.079671    0.013069
   7   4   3        0.026276    0.001422
   7   4   4       35.059608 2530.832393
   8   1   1       34.439779 2442.136798
   8   2   1        0.091734    0.017326
   8   2   2       34.622701 2468.147804
   8   3   1        0.022083    0.001004
   8   3   2       -0.114534    0.027010
   8   3   3       34.651146 2472.204965
   8   4   1        0.207098    0.088308
   8   4   2        0.118006    0.028672
   8   4   3       -0.002246    0.000010
   8   4   4       34.935650 2512.967757
   9   1   1       34.623119 2468.207408
   9   2   1        0.090020    0.016685
   9   2   2       34.748542 2486.122065
   9   3   1        0.166571    0.057128
   9   3   2        0.176135    0.063876
   9   3   3       35.213373 2553.080533
   9   4   1       -0.149653    0.046113
   9   4   2        0.011462    0.000271
   9   4   3       -0.226381    0.105519
   9   4   4       34.995193 2521.541059
  10   1   1       34.513715 2452.633688
  10   2   1        0.115907    0.027661
  10   2   2       34.693551 2478.259507
  10   3   1       -0.043031    0.003813
  10   3   2        0.137849    0.039125
  10   3   3       34.736169 2484.351867
  10   4   1        0.131272    0.035481
  10   4   2        0.151329    0.047151
  10   4   3        0.145155    0.043382
  10   4   4       36.007452 2669.525392
 
  E2 transition 
 
  I1  n1        I2  n2       <f||E2||i>   B(E2,I1->I2)  B(E2,I2->I1)
 ( 0   1) <--> ( 2   1)        1.652679      2.731349      0.546270   WU   291.969347     58.393869
 ( 0   1) <--> ( 2   2)        0.798288      0.637264      0.127453   WU    68.120719     13.624144
 ( 0   1) <--> ( 2   3)       -0.134393      0.018062      0.003612   WU     1.930704      0.386141
 ( 0   1) <--> ( 2   4)       -0.268393      0.072035      0.014407   WU     7.700229      1.540046
 ( 0   2) <--> ( 2   1)       -0.023641      0.000559      0.000112   WU     0.059746      0.011949
 ( 0   2) <--> ( 2   2)        1.326260      1.758966      0.351793   WU   188.025817     37.605163
 ( 0   2) <--> ( 2   3)        1.874715      3.514556      0.702911   WU   375.690822     75.138164
 ( 0   2) <--> ( 2   4)        0.167014      0.027894      0.005579   WU     2.981699      0.596340
 ( 0   3) <--> ( 2   1)        0.481848      0.232177      0.046435   WU    24.818744      4.963749
 ( 0   3) <--> ( 2   2)        0.412338      0.170022      0.034004   WU    18.174647      3.634929
 ( 0   3) <--> ( 2   3)        0.293886      0.086369      0.017274   WU     9.232452      1.846490
 ( 0   3) <--> ( 2   4)       -1.835514      3.369113      0.673823   WU   360.143620     72.028724
 ( 0   4) <--> ( 2   1)       -0.041451      0.001718      0.000344   WU     0.183664      0.036733
 ( 0   4) <--> ( 2   2)       -0.018983      0.000360      0.000072   WU     0.038520      0.007704
 ( 0   4) <--> ( 2   3)        0.724865      0.525429      0.105086   WU    56.166085     11.233217
 ( 0   4) <--> ( 2   4)        0.277230      0.076856      0.015371   WU     8.215621      1.643124
 ( 2   1) <--> ( 2   1)        1.366288      1.035555   (eb)
 ( 2   2) <--> ( 2   1)       -1.759581      0.619225      0.619225   WU    66.192473     66.192473
 ( 2   2) <--> ( 2   2)       -1.753198     -1.328807   (eb)
 ( 2   3) <--> ( 2   1)        0.290287      0.016853      0.016853   WU     1.801543      1.801543
 ( 2   3) <--> ( 2   2)       -0.621113      0.077156      0.077156   WU     8.247658      8.247658
 ( 2   3) <--> ( 2   3)       -0.713451     -0.540748   (eb)
 ( 2   4) <--> ( 2   1)       -0.183670      0.006747      0.006747   WU     0.721220      0.721220
 ( 2   4) <--> ( 2   2)        0.624847      0.078087      0.078087   WU     8.347127      8.347127
 ( 2   4) <--> ( 2   3)       -0.605050      0.073217      0.073217   WU     7.826589      7.826589
 ( 2   4) <--> ( 2   4)        0.541676      0.410554   (eb)
 ( 2   1) <--> ( 3   1)        1.242037      0.308531      0.220379   WU    32.980657     23.557612
 ( 2   1) <--> ( 3   2)       -0.127046      0.003228      0.002306   WU     0.345072      0.246480
 ( 2   1) <--> ( 3   3)       -0.102002      0.002081      0.001486   WU     0.222438      0.158885
 ( 2   1) <--> ( 3   4)       -0.020123      0.000081      0.000058   WU     0.008657      0.006184
 ( 2   2) <--> ( 3   1)       -2.397308      1.149417      0.821012   WU   122.867691     87.762637
 ( 2   2) <--> ( 3   2)       -0.127518      0.003252      0.002323   WU     0.347642      0.248316
 ( 2   2) <--> ( 3   3)        0.204078      0.008330      0.005950   WU     0.890393      0.635995
 ( 2   2) <--> ( 3   4)       -0.061979      0.000768      0.000549   WU     0.082125      0.058660
 ( 2   3) <--> ( 3   1)        1.965396      0.772556      0.551826   WU    82.582886     58.987776
 ( 2   3) <--> ( 3   2)        0.738961      0.109213      0.078009   WU    11.674363      8.338831
 ( 2   3) <--> ( 3   3)       -0.212492      0.009031      0.006450   WU     0.965326      0.689519
 ( 2   3) <--> ( 3   4)        0.155324      0.004825      0.003447   WU     0.515783      0.368416
 ( 2   4) <--> ( 3   1)       -0.250566      0.012557      0.008969   WU     1.342253      0.958752
 ( 2   4) <--> ( 3   2)       -0.777505      0.120903      0.086359   WU    12.923999      9.231428
 ( 2   4) <--> ( 3   3)        0.573239      0.065721      0.046943   WU     7.025248      5.018034
 ( 2   4) <--> ( 3   4)       -0.137903      0.003803      0.002717   WU     0.406571      0.290408
 ( 2   1) <--> ( 4   1)        2.798094      1.565866      0.869925   WU   167.384245     92.991247
 ( 2   1) <--> ( 4   2)        0.542388      0.058837      0.032687   WU     6.289406      3.494115
 ( 2   1) <--> ( 4   3)       -0.241960      0.011709      0.006505   WU     1.251631      0.695350
 ( 2   1) <--> ( 4   4)       -0.003710      0.000003      0.000002   WU     0.000294      0.000163
 ( 2   2) <--> ( 4   1)        0.432420      0.037397      0.020776   WU     3.997622      2.220901
 ( 2   2) <--> ( 4   2)        2.799421      1.567352      0.870751   WU   167.543147     93.079526
 ( 2   2) <--> ( 4   3)        0.979005      0.191690      0.106494   WU    20.490829     11.383794
 ( 2   2) <--> ( 4   4)       -0.165865      0.005502      0.003057   WU     0.588162      0.326757
 ( 2   3) <--> ( 4   1)        0.083986      0.001411      0.000784   WU     0.150800      0.083778
 ( 2   3) <--> ( 4   2)        1.483589      0.440208      0.244560   WU    47.056281     26.142378
 ( 2   3) <--> ( 4   3)        0.824385      0.135922      0.075512   WU    14.529479      8.071933
 ( 2   3) <--> ( 4   4)        2.997867      1.797442      0.998579   WU   192.138740    106.743745
 ( 2   4) <--> ( 4   1)       -0.810958      0.131531      0.073073   WU    14.060044      7.811135
 ( 2   4) <--> ( 4   2)       -0.347093      0.024095      0.013386   WU     2.575622      1.430901
 ( 2   4) <--> ( 4   3)        0.343181      0.023555      0.013086   WU     2.517888      1.398826
 ( 2   4) <--> ( 4   4)       -0.813387      0.132320      0.073511   WU    14.144407      7.858004
 ( 3   1) <--> ( 3   1)        0.000000      0.000000   (eb)
 ( 3   2) <--> ( 3   1)        0.000000      0.000000      0.000000   WU     0.000000      0.000000
 ( 3   2) <--> ( 3   2)        0.000000      0.000000   (eb)
 ( 3   3) <--> ( 3   1)        0.000000      0.000000      0.000000   WU     0.000000      0.000000
 ( 3   3) <--> ( 3   2)        0.000000      0.000000      0.000000   WU     0.000000      0.000000
 ( 3   3) <--> ( 3   3)        0.000000      0.000000   (eb)
 ( 3   4) <--> ( 3   1)        0.000000      0.000000      0.000000   WU     0.000000      0.000000
 ( 3   4) <--> ( 3   2)        0.000000      0.000000      0.000000   WU     0.000000      0.000000
 ( 3   4) <--> ( 3   3)        0.000000      0.000000      0.000000   WU     0.000000      0.000000
 ( 3   4) <--> ( 3   4)        0.000000      0.000000   (eb)
 ( 3   1) <--> ( 4   1)        1.546162      0.341517      0.265624   WU    36.506661     28.394070
 ( 3   1) <--> ( 4   2)        0.999597      0.142742      0.111021   WU    15.258490     11.867714
 ( 3   1) <--> ( 4   3)       -2.702441      1.043312      0.811465   WU   111.525558     86.742100
 ( 3   1) <--> ( 4   4)        0.981410      0.137595      0.107018   WU    14.708309     11.439796
 ( 3   2) <--> ( 4   1)       -0.024517      0.000086      0.000067   WU     0.009179      0.007139
 ( 3   2) <--> ( 4   2)        0.229221      0.007506      0.005838   WU     0.802366      0.624063
 ( 3   2) <--> ( 4   3)       -0.701416      0.070283      0.054665   WU     7.512997      5.843442
 ( 3   2) <--> ( 4   4)        2.273066      0.738119      0.574092   WU    78.901682     61.367975
 ( 3   3) <--> ( 4   1)       -0.138289      0.002732      0.002125   WU     0.292035      0.227138
 ( 3   3) <--> ( 4   2)       -0.058445      0.000488      0.000380   WU     0.052162      0.040571
 ( 3   3) <--> ( 4   3)        0.436105      0.027170      0.021132   WU     2.904319      2.258915
 ( 3   3) <--> ( 4   4)        0.594286      0.050454      0.039242   WU     5.393288      4.194780
 ( 3   4) <--> ( 4   1)        0.015819      0.000036      0.000028   WU     0.003821      0.002972
 ( 3   4) <--> ( 4   2)        0.049565      0.000351      0.000273   WU     0.037516      0.029179
 ( 3   4) <--> ( 4   3)       -0.160273      0.003670      0.002854   WU     0.392269      0.305098
 ( 3   4) <--> ( 4   4)        0.030856      0.000136      0.000106   WU     0.014539      0.011308
 ( 3   1) <--> ( 5   1)        3.052417      1.331036      0.847023   WU   142.281986     90.543082
 ( 3   1) <--> ( 5   2)        0.957734      0.131036      0.083387   WU    14.007225      8.913689
 ( 3   1) <--> ( 5   3)       -0.102008      0.001487      0.000946   WU     0.158903      0.101120
 ( 3   1) <--> ( 5   4)       -0.225517      0.007265      0.004623   WU     0.776641      0.494226
 ( 3   2) <--> ( 5   1)        0.749457      0.080241      0.051062   WU     8.577391      5.458340
 ( 3   2) <--> ( 5   2)        1.590245      0.361269      0.229898   WU    38.618048     24.575122
 ( 3   2) <--> ( 5   3)       -3.491214      1.741225      1.108052   WU   186.129437    118.446005
 ( 3   2) <--> ( 5   4)        0.869412      0.107982      0.068716   WU    11.542861      7.345457
 ( 3   3) <--> ( 5   1)       -0.502294      0.036043      0.022936   WU     3.852813      2.451790
 ( 3   3) <--> ( 5   2)        0.678037      0.065676      0.041794   WU     7.020519      4.467603
 ( 3   3) <--> ( 5   3)        1.153822      0.190186      0.121028   WU    20.330102     12.937338
 ( 3   3) <--> ( 5   4)        3.271993      1.529420      0.973267   WU   163.488344    104.038037
 ( 3   4) <--> ( 5   1)        0.166445      0.003958      0.002519   WU     0.423062      0.269221
 ( 3   4) <--> ( 5   2)        0.023702      0.000080      0.000051   WU     0.008579      0.005459
 ( 3   4) <--> ( 5   3)        1.736483      0.430768      0.274125   WU    46.047192     29.302759
 ( 3   4) <--> ( 5   4)        0.175803      0.004415      0.002810   WU     0.471970      0.300345
 ( 4   1) <--> ( 4   1)        1.305567      0.984522   (eb)
 ( 4   2) <--> ( 4   1)       -2.070955      0.476539      0.476539   WU    50.939999     50.939999
 ( 4   2) <--> ( 4   2)       -1.220148     -0.920108   (eb)
 ( 4   3) <--> ( 4   1)        0.711320      0.056219      0.056219   WU     6.009621      6.009621
 ( 4   3) <--> ( 4   2)       -2.674102      0.794536      0.794536   WU    84.932448     84.932448
 ( 4   3) <--> ( 4   3)       -0.869027     -0.655329   (eb)
 ( 4   4) <--> ( 4   1)        0.325088      0.011742      0.011742   WU     1.255222      1.255222
 ( 4   4) <--> ( 4   2)       -0.627329      0.043727      0.043727   WU     4.674210      4.674210
 ( 4   4) <--> ( 4   3)        0.939286      0.098029      0.098029   WU    10.478839     10.478839
 ( 4   4) <--> ( 4   4)       -0.838413     -0.632243   (eb)
 ( 4   1) <--> ( 5   1)        1.247489      0.172914      0.141475   WU    18.483791     15.123102
 ( 4   1) <--> ( 5   2)       -0.177176      0.003488      0.002854   WU     0.372845      0.305055
 ( 4   1) <--> ( 5   3)        0.107977      0.001295      0.001060   WU     0.138477      0.113300
 ( 4   1) <--> ( 5   4)       -0.097340      0.001053      0.000861   WU     0.112537      0.092076
 ( 4   2) <--> ( 5   1)       -1.795665      0.358268      0.293129   WU    38.297327     31.334177
 ( 4   2) <--> ( 5   2)        0.860888      0.082348      0.067375   WU     8.802606      7.202132
 ( 4   2) <--> ( 5   3)        0.152540      0.002585      0.002115   WU     0.276366      0.226117
 ( 4   2) <--> ( 5   4)        0.038634      0.000166      0.000136   WU     0.017728      0.014505
 ( 4   3) <--> ( 5   1)        0.070624      0.000554      0.000453   WU     0.059241      0.048470
 ( 4   3) <--> ( 5   2)       -3.686767      1.510250      1.235659   WU   161.439168    132.086592
 ( 4   3) <--> ( 5   3)       -0.082152      0.000750      0.000614   WU     0.080160      0.065586
 ( 4   3) <--> ( 5   4)        0.066001      0.000484      0.000396   WU     0.051738      0.042331
 ( 4   4) <--> ( 5   1)        2.427949      0.654993      0.535903   WU    70.015931     57.285762
 ( 4   4) <--> ( 5   2)        0.872004      0.084488      0.069126   WU     9.031388      7.389318
 ( 4   4) <--> ( 5   3)       -1.157872      0.148963      0.121879   WU    15.923499     13.028318
 ( 4   4) <--> ( 5   4)        0.026466      0.000078      0.000064   WU     0.008319      0.006807
 ( 4   1) <--> ( 6   1)        3.830062      1.629931      1.128414   WU   174.232533    120.622523
 ( 4   1) <--> ( 6   2)        0.426992      0.020258      0.014025   WU     2.165493      1.499188
 ( 4   1) <--> ( 6   3)        0.277606      0.008563      0.005928   WU     0.915322      0.633685
 ( 4   1) <--> ( 6   4)       -0.156273      0.002713      0.001879   WU     0.290059      0.200810
 ( 4   2) <--> ( 6   1)        0.854896      0.081205      0.056219   WU     8.680488      6.009569
 ( 4   2) <--> ( 6   2)        4.198198      1.958318      1.355759   WU   209.335740    144.924743
 ( 4   2) <--> ( 6   3)       -0.592870      0.039055      0.027038   WU     4.174808      2.890252
 ( 4   2) <--> ( 6   4)       -0.025010      0.000070      0.000048   WU     0.007430      0.005144
 ( 4   3) <--> ( 6   1)       -0.388004      0.016727      0.011581   WU     1.788089      1.237908
 ( 4   3) <--> ( 6   2)        0.767546      0.065459      0.045317   WU     6.997233      4.844238
 ( 4   3) <--> ( 6   3)       -3.498524      1.359963      0.941513   WU   145.374171    100.643657
 ( 4   3) <--> ( 6   4)        0.079371      0.000700      0.000485   WU     0.074824      0.051801
 ( 4   4) <--> ( 6   1)        0.438477      0.021362      0.014789   WU     2.283555      1.580923
 ( 4   4) <--> ( 6   2)        1.495398      0.248468      0.172017   WU    26.560202     18.387832
 ( 4   4) <--> ( 6   3)       -0.290348      0.009367      0.006485   WU     1.001278      0.693192
 ( 4   4) <--> ( 6   4)       -3.975239      1.755836      1.215579   WU   187.691298    129.940130
 ( 5   1) <--> ( 5   1)        0.263594      0.191403   (eb)
 ( 5   2) <--> ( 5   1)       -2.286929      0.475458      0.475458   WU    50.824452     50.824452
 ( 5   2) <--> ( 5   2)       -0.524422     -0.380797   (eb)
 ( 5   3) <--> ( 5   1)       -0.135446      0.001668      0.001668   WU     0.178278      0.178278
 ( 5   3) <--> ( 5   2)        0.820824      0.061250      0.061250   WU     6.547385      6.547385
 ( 5   3) <--> ( 5   3)       -0.499453     -0.362666   (eb)
 ( 5   4) <--> ( 5   1)        0.074566      0.000505      0.000505   WU     0.054031      0.054031
 ( 5   4) <--> ( 5   2)       -0.030104      0.000082      0.000082   WU     0.008807      0.008807
 ( 5   4) <--> ( 5   3)        0.293726      0.007843      0.007843   WU     0.838400      0.838400
 ( 5   4) <--> ( 5   4)       -0.903254     -0.655877   (eb)
 ( 5   1) <--> ( 6   1)        2.069471      0.389337      0.329439   WU    41.618474     35.215632
 ( 5   1) <--> ( 6   2)        0.635380      0.036701      0.031054   WU     3.923143      3.319582
 ( 5   1) <--> ( 6   3)        2.005863      0.365772      0.309499   WU    39.099394     33.084103
 ( 5   1) <--> ( 6   4)       -1.217147      0.134677      0.113957   WU    14.396379     12.181552
 ( 5   2) <--> ( 6   1)       -0.218421      0.004337      0.003670   WU     0.463615      0.392290
 ( 5   2) <--> ( 6   2)        1.277664      0.148402      0.125571   WU    15.863566     13.423017
 ( 5   2) <--> ( 6   3)        0.287766      0.007528      0.006370   WU     0.804720      0.680917
 ( 5   2) <--> ( 6   4)        0.551165      0.027617      0.023368   WU     2.952098      2.497929
 ( 5   3) <--> ( 6   1)       -0.026048      0.000062      0.000052   WU     0.006593      0.005579
 ( 5   3) <--> ( 6   2)       -0.189153      0.003253      0.002752   WU     0.347691      0.294200
 ( 5   3) <--> ( 6   3)       -0.505799      0.023258      0.019679   WU     2.486131      2.103649
 ( 5   3) <--> ( 6   4)        2.954829      0.793729      0.671617   WU    84.846169     71.792912
 ( 5   4) <--> ( 6   1)       -0.128407      0.001499      0.001268   WU     0.160229      0.135579
 ( 5   4) <--> ( 6   2)        0.031494      0.000090      0.000076   WU     0.009639      0.008156
 ( 5   4) <--> ( 6   3)       -0.270330      0.006643      0.005621   WU     0.710161      0.600906
 ( 5   4) <--> ( 6   4)       -0.657453      0.039295      0.033250   WU     4.200455      3.554231
 ( 5   1) <--> ( 7   1)        4.393851      1.755084      1.287062   WU   187.610933    137.581351
 ( 5   1) <--> ( 7   2)        0.696176      0.044060      0.032311   WU     4.709832      3.453877
 ( 5   1) <--> ( 7   3)        0.145336      0.001920      0.001408   WU     0.205264      0.150527
 ( 5   1) <--> ( 7   4)       -0.135538      0.001670      0.001225   WU     0.178521      0.130915
 ( 5   2) <--> ( 7   1)        0.518288      0.024420      0.017908   WU     2.610418      1.914307
 ( 5   2) <--> ( 7   2)        3.703388      1.246826      0.914339   WU   133.280273     97.738867
 ( 5   2) <--> ( 7   3)       -1.012746      0.093241      0.068377   WU     9.967102      7.309208
 ( 5   2) <--> ( 7   4)        0.060319      0.000331      0.000243   WU     0.035357      0.025928
 ( 5   3) <--> ( 7   1)       -1.221853      0.135720      0.099528   WU    14.507927     10.639147
 ( 5   3) <--> ( 7   2)       -1.441413      0.188879      0.138511   WU    20.190365     14.806267
 ( 5   3) <--> ( 7   3)        0.414900      0.015649      0.011476   WU     1.672837      1.226747
 ( 5   3) <--> ( 7   4)        5.377816      2.629173      1.928060   WU   281.047229    206.101301
 ( 5   4) <--> ( 7   1)       -0.362559      0.011950      0.008763   WU     1.277394      0.936756
 ( 5   4) <--> ( 7   2)        1.065735      0.103254      0.075719   WU    11.037370      8.094071
 ( 5   4) <--> ( 7   3)       -0.562332      0.028747      0.021081   WU     3.072931      2.253483
 ( 5   4) <--> ( 7   4)        1.040311      0.098386      0.072150   WU    10.517047      7.712501
 ( 6   1) <--> ( 6   1)        0.965212      0.672943   (eb)
 ( 6   2) <--> ( 6   1)       -2.331683      0.418211      0.418211   WU    44.704958     44.704958
 ( 6   2) <--> ( 6   2)       -1.597785     -1.113971   (eb)
 ( 6   3) <--> ( 6   1)       -0.907101      0.063295      0.063295   WU     6.765946      6.765946
 ( 6   3) <--> ( 6   2)        3.202701      0.789023      0.789023   WU    84.343104     84.343104
 ( 6   3) <--> ( 6   3)       -0.830697     -0.579159   (eb)
 ( 6   4) <--> ( 6   1)       -0.334366      0.008600      0.008600   WU     0.919308      0.919308
 ( 6   4) <--> ( 6   2)        0.756962      0.044076      0.044076   WU     4.711558      4.711558
 ( 6   4) <--> ( 6   3)        0.784197      0.047305      0.047305   WU     5.056699      5.056699
 ( 6   4) <--> ( 6   4)       -0.566456     -0.394932   (eb)
 ( 6   1) <--> ( 7   1)        1.235293      0.117381      0.101730   WU    12.547486     10.874488
 ( 6   1) <--> ( 7   2)       -0.236108      0.004288      0.003716   WU     0.458391      0.397273
 ( 6   1) <--> ( 7   3)       -0.022275      0.000038      0.000033   WU     0.004080      0.003536
 ( 6   1) <--> ( 7   4)        0.102192      0.000803      0.000696   WU     0.085871      0.074422
 ( 6   2) <--> ( 7   1)       -1.523924      0.178642      0.154823   WU    19.096032     16.549895
 ( 6   2) <--> ( 7   2)        0.821430      0.051904      0.044983   WU     5.548273      4.808503
 ( 6   2) <--> ( 7   3)        0.148333      0.001693      0.001467   WU     0.180921      0.156799
 ( 6   2) <--> ( 7   4)        0.112369      0.000971      0.000842   WU     0.103826      0.089983
 ( 6   3) <--> ( 7   1)       -0.011732      0.000011      0.000009   WU     0.001132      0.000981
 ( 6   3) <--> ( 7   2)        3.012464      0.698072      0.604996   WU    74.620910     64.671455
 ( 6   3) <--> ( 7   3)        0.611298      0.028745      0.024912   WU     3.072719      2.663023
 ( 6   3) <--> ( 7   4)        0.058228      0.000261      0.000226   WU     0.027879      0.024162
 ( 6   4) <--> ( 7   1)       -2.420562      0.450701      0.390608   WU    48.178039     41.754300
 ( 6   4) <--> ( 7   2)       -0.487059      0.018248      0.015815   WU     1.950655      1.690568
 ( 6   4) <--> ( 7   3)       -0.348276      0.009330      0.008086   WU     0.997388      0.864403
 ( 6   4) <--> ( 7   4)        1.389200      0.148452      0.128658   WU    15.868872     13.753022
 ( 6   1) <--> ( 8   1)        4.878777      1.830959      1.400145   WU   195.721557    149.669426
 ( 6   1) <--> ( 8   2)        0.311292      0.007454      0.005700   WU     0.796806      0.609322
 ( 6   1) <--> ( 8   3)        0.294781      0.006684      0.005112   WU     0.714522      0.546399
 ( 6   1) <--> ( 8   4)        0.228619      0.004021      0.003075   WU     0.429776      0.328652
 ( 6   2) <--> ( 8   1)        1.231273      0.116618      0.089178   WU    12.465948      9.532784
 ( 6   2) <--> ( 8   2)        5.396797      2.240417      1.713260   WU   239.490879    183.140084
 ( 6   2) <--> ( 8   3)       -0.378874      0.011042      0.008444   WU     1.180340      0.902613
 ( 6   2) <--> ( 8   4)        0.160043      0.001970      0.001507   WU     0.210615      0.161059
 ( 6   3) <--> ( 8   1)        0.579657      0.025846      0.019765   WU     2.762856      2.112772
 ( 6   3) <--> ( 8   2)       -1.265178      0.123129      0.094157   WU    13.161936     10.065010
 ( 6   3) <--> ( 8   3)        4.874484      1.827738      1.397682   WU   195.377285    149.406159
 ( 6   3) <--> ( 8   4)        0.046649      0.000167      0.000128   WU     0.017893      0.013683
 ( 6   4) <--> ( 8   1)       -1.067752      0.087700      0.067064   WU     9.374702      7.168890
 ( 6   4) <--> ( 8   2)       -1.402935      0.151402      0.115778   WU    16.184229     12.376175
 ( 6   4) <--> ( 8   3)       -0.320200      0.007887      0.006031   WU     0.843060      0.644693
 ( 6   4) <--> ( 8   4)       -5.602835      2.414750      1.846574   WU   258.126366    197.390750
 ( 7   1) <--> ( 7   1)       -0.046118     -0.030883   (eb)
 ( 7   2) <--> ( 7   1)       -2.727282      0.495871      0.495871   WU    53.006490     53.006490
 ( 7   2) <--> ( 7   2)       -0.821678     -0.550246   (eb)
 ( 7   3) <--> ( 7   1)       -0.348562      0.008100      0.008100   WU     0.865823      0.865823
 ( 7   3) <--> ( 7   2)        2.975785      0.590353      0.590353   WU    63.106182     63.106182
 ( 7   3) <--> ( 7   3)        0.029901      0.020024   (eb)
 ( 7   4) <--> ( 7   1)       -0.155985      0.001622      0.001622   WU     0.173394      0.173394
 ( 7   4) <--> ( 7   2)        0.798571      0.042514      0.042514   WU     4.544602      4.544602
 ( 7   4) <--> ( 7   3)       -0.030702      0.000063      0.000063   WU     0.006718      0.006718
 ( 7   4) <--> ( 7   4)       -1.483175     -0.993226   (eb)
 ( 7   1) <--> ( 8   1)        2.437333      0.396039      0.349446   WU    42.334891     37.354316
 ( 7   1) <--> ( 8   2)        0.289308      0.005580      0.004923   WU     0.596473      0.526299
 ( 7   1) <--> ( 8   3)        1.660077      0.183724      0.162109   WU    19.639258     17.328757
 ( 7   1) <--> ( 8   4)        1.037828      0.071806      0.063358   WU     7.675721      6.772695
 ( 7   2) <--> ( 8   1)       -0.288152      0.005535      0.004884   WU     0.591714      0.522101
 ( 7   2) <--> ( 8   2)        1.723557      0.198043      0.174744   WU    21.169972     18.679387
 ( 7   2) <--> ( 8   3)        0.701024      0.032762      0.028908   WU     3.502146      3.090129
 ( 7   2) <--> ( 8   4)       -0.120523      0.000968      0.000854   WU     0.103517      0.091338
 ( 7   3) <--> ( 8   1)       -0.037705      0.000095      0.000084   WU     0.010131      0.008939
 ( 7   3) <--> ( 8   2)        0.069750      0.000324      0.000286   WU     0.034670      0.030591
 ( 7   3) <--> ( 8   3)        1.039458      0.072032      0.063557   WU     7.699858      6.793993
 ( 7   3) <--> ( 8   4)       -0.188545      0.002370      0.002091   WU     0.253337      0.223533
 ( 7   4) <--> ( 8   1)       -0.046108      0.000142      0.000125   WU     0.015150      0.013368
 ( 7   4) <--> ( 8   2)       -0.131296      0.001149      0.001014   WU     0.122849      0.108396
 ( 7   4) <--> ( 8   3)       -0.501640      0.016776      0.014803   WU     1.793302      1.582325
 ( 7   4) <--> ( 8   4)       -3.147646      0.660512      0.582804   WU    70.605820     62.299253
 ( 7   1) <--> ( 9   1)        5.611722      2.099428      1.657443   WU   224.419778    177.173509
 ( 7   1) <--> ( 9   2)        0.501314      0.016754      0.013227   WU     1.790972      1.413925
 ( 7   1) <--> ( 9   3)       -0.059914      0.000239      0.000189   WU     0.025582      0.020196
 ( 7   1) <--> ( 9   4)       -0.199126      0.002643      0.002087   WU     0.282570      0.223082
 ( 7   2) <--> ( 9   1)        0.918716      0.056269      0.044423   WU     6.014940      4.748637
 ( 7   2) <--> ( 9   2)        5.305242      1.876373      1.481347   WU   200.576142    158.349586
 ( 7   2) <--> ( 9   3)        0.317132      0.006705      0.005293   WU     0.716720      0.565832
 ( 7   2) <--> ( 9   4)        0.593232      0.023462      0.018522   WU     2.507947      1.979958
 ( 7   3) <--> ( 9   1)        0.146372      0.001428      0.001128   WU     0.152682      0.120538
 ( 7   3) <--> ( 9   2)       -0.924795      0.057016      0.045013   WU     6.094799      4.811684
 ( 7   3) <--> ( 9   3)       -2.734944      0.498661      0.393680   WU    53.304726     42.082678
 ( 7   3) <--> ( 9   4)       -3.191862      0.679199      0.536210   WU    72.603410     57.318482
 ( 7   4) <--> ( 9   1)       -1.599352      0.170528      0.134628   WU    18.228756     14.391123
 ( 7   4) <--> ( 9   2)       -1.540506      0.158211      0.124903   WU    16.912035     13.351607
 ( 7   4) <--> ( 9   3)       -5.779164      2.226582      1.757828   WU   238.012002    187.904212
 ( 7   4) <--> ( 9   4)        4.482430      1.339479      1.057483   WU   143.184488    113.040385
 ( 8   1) <--> ( 8   1)        0.374366      0.241165   (eb)
 ( 8   2) <--> ( 8   1)       -2.553925      0.383679      0.383679   WU    41.013572     41.013572
 ( 8   2) <--> ( 8   2)       -2.245543     -1.446570   (eb)
 ( 8   3) <--> ( 8   1)       -0.995834      0.058334      0.058334   WU     6.235704      6.235704
 ( 8   3) <--> ( 8   2)        3.468116      0.707519      0.707519   WU    75.630744     75.630744
 ( 8   3) <--> ( 8   3)       -1.094628     -0.705155   (eb)
 ( 8   4) <--> ( 8   1)        0.268079      0.004227      0.004227   WU     0.451894      0.451894
 ( 8   4) <--> ( 8   2)       -0.896439      0.047271      0.047271   WU     5.053044      5.053044
 ( 8   4) <--> ( 8   3)       -0.493365      0.014318      0.014318   WU     1.530552      1.530552
 ( 8   4) <--> ( 8   4)       -2.075767     -1.337201   (eb)
 ( 8   1) <--> ( 9   1)        1.195577      0.084083      0.075232   WU     8.988066      8.041953
 ( 8   1) <--> ( 9   2)       -0.276307      0.004491      0.004018   WU     0.480060      0.429527
 ( 8   1) <--> ( 9   3)       -0.036749      0.000079      0.000071   WU     0.008492      0.007598
 ( 8   1) <--> ( 9   4)        0.099593      0.000583      0.000522   WU     0.062368      0.055803
 ( 8   2) <--> ( 9   1)       -1.394884      0.114453      0.102405   WU    12.234540     10.946694
 ( 8   2) <--> ( 9   2)        0.739225      0.032144      0.028761   WU     3.436087      3.074394
 ( 8   2) <--> ( 9   3)       -0.193803      0.002209      0.001977   WU     0.236174      0.211314
 ( 8   2) <--> ( 9   4)       -0.106074      0.000662      0.000592   WU     0.070750      0.063303
 ( 8   3) <--> ( 9   1)        0.062079      0.000227      0.000203   WU     0.024232      0.021682
 ( 8   3) <--> ( 9   2)        2.690248      0.425731      0.380917   WU    45.508835     40.718431
 ( 8   3) <--> ( 9   3)       -0.509277      0.015257      0.013651   WU     1.630869      1.459199
 ( 8   3) <--> ( 9   4)       -0.466321      0.012791      0.011445   WU     1.367352      1.223420
 ( 8   4) <--> ( 9   1)        1.640534      0.158315      0.141650   WU    16.923177     15.141790
 ( 8   4) <--> ( 9   2)        0.104479      0.000642      0.000575   WU     0.068638      0.061413
 ( 8   4) <--> ( 9   3)        0.752043      0.033269      0.029767   WU     3.556289      3.181943
 ( 8   4) <--> ( 9   4)       -0.671598      0.026532      0.023739   WU     2.836158      2.537615
 ( 8   1) <--> (10   1)        5.982246      2.105134      1.704156   WU   225.029664    182.166871
 ( 8   1) <--> (10   2)        0.170518      0.001710      0.001385   WU     0.182832      0.148007
 ( 8   1) <--> (10   3)       -0.290870      0.004977      0.004029   WU     0.531997      0.430664
 ( 8   1) <--> (10   4)        0.138974      0.001136      0.000920   WU     0.121444      0.098312
 ( 8   2) <--> (10   1)        1.591657      0.149022      0.120637   WU    15.929801     12.895553
 ( 8   2) <--> (10   2)        6.525983      2.505203      2.028021   WU   267.795345    216.786708
 ( 8   2) <--> (10   3)        0.243480      0.003487      0.002823   WU     0.372768      0.301765
 ( 8   2) <--> (10   4)        0.068590      0.000277      0.000224   WU     0.029582      0.023947
 ( 8   3) <--> (10   1)        0.775241      0.035353      0.028619   WU     3.779071      3.059248
 ( 8   3) <--> (10   2)       -1.605916      0.151704      0.122808   WU    16.216493     13.127637
 ( 8   3) <--> (10   3)       -6.037563      2.144245      1.735817   WU   229.210515    185.551370
 ( 8   3) <--> (10   4)        0.153978      0.001395      0.001129   WU     0.149083      0.120687
 ( 8   4) <--> (10   1)        1.511144      0.134327      0.108741   WU    14.358965     11.623924
 ( 8   4) <--> (10   2)        1.504207      0.133096      0.107745   WU    14.227437     11.517449
 ( 8   4) <--> (10   3)       -0.430025      0.010878      0.008806   WU     1.162781      0.941299
 ( 8   4) <--> (10   4)        7.037024      2.912924      2.358081   WU   311.378936    252.068663
 ( 9   1) <--> ( 9   1)       -0.649247     -0.403106   (eb)
 ( 9   2) <--> ( 9   1)       -2.969153      0.463993      0.463993   WU    49.598843     49.598843
 ( 9   2) <--> ( 9   2)       -1.518092     -0.942556   (eb)
 ( 9   3) <--> ( 9   1)        0.456372      0.010962      0.010962   WU     1.171773      1.171773
 ( 9   3) <--> ( 9   2)       -2.985066      0.468980      0.468980   WU    50.131941     50.131941
 ( 9   3) <--> ( 9   3)       -2.638759     -1.638358   (eb)
 ( 9   4) <--> ( 9   1)        0.233250      0.002863      0.002863   WU     0.306091      0.306091
 ( 9   4) <--> ( 9   2)       -2.262855      0.269501      0.269501   WU    28.808462     28.808462
 ( 9   4) <--> ( 9   3)        1.069096      0.060156      0.060156   WU     6.430429      6.430429
 ( 9   4) <--> ( 9   4)       -1.207019     -0.749416   (eb)
 ( 9   1) <--> (10   1)        2.710706      0.386733      0.349901   WU    41.340093     37.402942
 ( 9   1) <--> (10   2)       -0.017238      0.000016      0.000014   WU     0.001672      0.001513
 ( 9   1) <--> (10   3)       -1.471515      0.113966      0.103112   WU    12.182479     11.022243
 ( 9   1) <--> (10   4)        0.683198      0.024566      0.022227   WU     2.626028      2.375930
 ( 9   2) <--> (10   1)       -0.313017      0.005157      0.004666   WU     0.551242      0.498743
 ( 9   2) <--> (10   2)        2.017518      0.214230      0.193828   WU    22.900309     20.719327
 ( 9   2) <--> (10   3)       -1.012245      0.053928      0.048792   WU     5.764711      5.215691
 ( 9   2) <--> (10   4)        0.222693      0.002610      0.002362   WU     0.279010      0.252438
 ( 9   3) <--> (10   1)        0.078718      0.000326      0.000295   WU     0.034862      0.031542
 ( 9   3) <--> (10   2)       -0.032642      0.000056      0.000051   WU     0.005995      0.005424
 ( 9   3) <--> (10   3)        0.560414      0.016530      0.014955   WU     1.766949      1.598668
 ( 9   3) <--> (10   4)        1.957620      0.201699      0.182489   WU    21.560724     19.507322
 ( 9   4) <--> (10   1)        0.021341      0.000024      0.000022   WU     0.002562      0.002318
 ( 9   4) <--> (10   2)       -0.124175      0.000812      0.000734   WU     0.086751      0.078489
 ( 9   4) <--> (10   3)        1.532843      0.123663      0.111886   WU    13.219091     11.960130
 ( 9   4) <--> (10   4)       -1.390098      0.101704      0.092018   WU    10.871692      9.836293
 (10   1) <--> (10   1)       -0.439456     -0.263495   (eb)
 (10   2) <--> (10   1)       -2.764412      0.363904      0.363904   WU    38.899710     38.899710
 (10   2) <--> (10   2)       -2.949363     -1.768419   (eb)
 (10   3) <--> (10   1)        0.975898      0.045351      0.045351   WU     4.847858      4.847858
 (10   3) <--> (10   2)       -3.602825      0.618112      0.618112   WU    66.073468     66.073468
 (10   3) <--> (10   3)       -1.714872     -1.028226   (eb)
 (10   4) <--> (10   1)        0.074652      0.000265      0.000265   WU     0.028368      0.028368
 (10   4) <--> (10   2)       -0.606518      0.017517      0.017517   WU     1.872530      1.872530
 (10   4) <--> (10   3)       -0.737604      0.025908      0.025908   WU     2.769410      2.769410
 (10   4) <--> (10   4)       -8.828057     -5.293245   (eb)
 
  quadrupole shape invariant: 01+, 02+, 03+, 04+
quadr2     3.46921964     5.53266589     4.37500669     7.67212919
quadr3     1.83865723    10.31411971     4.84541926    19.14884224
  effective deformation parameters:  01+, 02+, 03+, 04+
beteff     0.16649511     0.21025814     0.18697130     0.24759596
cos3ga     0.28454639     0.79255699     0.52949673     0.90109102
 
 ********* END Transition **************************
