 ********* BEGIN READER ****************************
 
 Nucleus            :  Zr  40  70
 Imin, Imax         :     0  10
 imu, remu          :     1 12.0000
 nlevel             :     4
 observables        :     2
 wave fun           :     1
 nbet, ngam, npar   :    10   7  10
 Finish reading parameters: V, B_k ...
 
 ********* END READER ******************************
 
 ********* BEGIN LEVELS ********************
 
 E_0 =  -902.806772
 
  I=   0   ntot= 127
   0   1    0.000000
   0   2    1.089218
   0   3    1.818677
   0   4    2.686466
 
  I=   2   ntot= 234
   2   1    0.596892
   2   2    1.096849
   2   3    1.880192
   2   4    2.303315
 
  I=   3   ntot= 108
   3   1    1.637253
   3   2    3.394345
   3   3    3.912479
   3   4    5.008648
 
  I=   4   ntot= 324
   4   1    1.332638
   4   2    1.894992
   4   3    2.405702
   4   4    2.689129
 
  I=   5   ntot= 198
   5   1    2.484800
   5   2    3.142462
   5   3    4.305965
   5   4    4.746268
 
  I=   6   ntot= 432
   6   1    2.202274
   6   2    2.850712
   6   3    3.524274
   6   4    3.601459
 
  I=   7   ntot= 306
   7   1    3.519449
   7   2    4.302266
   7   3    5.013078
   7   4    5.356305
 
  I=   8   ntot= 522
   8   1    3.235684
   8   2    3.920222
   8   3    4.671983
   8   4    4.857925
 
  I=   9   ntot= 397
   9   1    4.741347
   9   2    5.633444
   9   3    6.458318
   9   4    6.563297
 
  I=  10   ntot= 630
  10   1    4.446704
  10   2    5.117642
  10   3    5.969063
  10   4    6.280356
 
 ********* END LEVELS **********************
 
 ********* BEGIN Transition ************************
 
  Monopole moment 
 
   I   n    <In|E0|In>   ave \beta      del<b>   ave \gamma    del<g>  
     K=0       K=2       K=4   
   0   1     19.903960    0.261252    0.078822   27.934074   11.032536  100.0000    0.0000    0.0000
   0   2     20.112168    0.324558    0.117122   19.934672   11.692507   99.9999    0.0000    0.0000
   0   3     20.383341    0.385586    0.112294   16.531498   15.192829   99.9999    0.0000    0.0000
   0   4     20.394074    0.376141    0.111915   23.848651   12.301257   99.9999    0.0000    0.0000
   2   1     20.057694    0.301215    0.073788   26.838978   11.090099   60.4455   39.5544    0.0000
   2   2     20.214856    0.343242    0.073506   22.706530   11.314826   46.4972   53.5028    0.0000
   2   3     20.301693    0.367724    0.112287   18.399448   12.638709   57.3560   42.6439    0.0000
   2   4     20.479507    0.404557    0.110991   16.816071   14.669489   72.4512   27.5487    0.0000
   3   1     20.260004    0.349694    0.061823   25.230138    8.747908    0.0000   99.9999    0.0000
   3   2     20.459492    0.393233    0.102783   21.882458    9.527483    0.0000   99.9999    0.0000
   3   3     20.561905    0.404933    0.065096   25.088211   12.167303    0.0000   99.9999    0.0000
   3   4     20.614815    0.426667    0.129908   18.040329   10.476243    0.0000   99.9998    0.0000
   4   1     20.193286    0.336392    0.071902   23.959953   11.327282   65.3902   27.4351    7.1746
   4   2     20.303245    0.364263    0.080224   20.761447   12.729228   44.6941   33.5360   21.7699
   4   3     20.299422    0.355973    0.066241   25.938723    9.339419    1.6115   40.0209   58.3675
   4   4     20.557600    0.423832    0.102458   14.631627   13.473661   74.4364   15.5535   10.0099
   5   1     20.323348    0.364184    0.060631   24.366194    8.653095    0.0000   87.0512   12.9487
   5   2     20.373081    0.371252    0.059771   25.872133    8.338963    0.0000   14.4929   85.5070
   5   3     20.567540    0.413250    0.099604   21.637105    9.674479    0.0000   83.1298   16.8701
   5   4     20.635730    0.420866    0.067873   23.618291   12.167187    0.0000   88.7579   11.2420
   6   1     20.297555    0.362048    0.070368   21.914205   11.369311   66.5496   27.7347    4.4195
   6   2     20.436808    0.395181    0.084770   18.039777   13.617041   49.9831   30.3277   14.9425
   6   3     20.407577    0.379619    0.082612   23.521268   13.030052   14.3448   21.9172   35.4336
   6   4     20.579983    0.427282    0.099913   15.160402   13.121363   63.9635   31.6200    2.8692
   7   1     20.380759    0.376605    0.060067   23.786356    8.570449    0.0000   77.2234   20.8598
   7   2     20.436979    0.385274    0.060633   24.731098    8.929382    0.0000   25.0081   55.3531
   7   3     20.488795    0.390912    0.058924   26.883418    7.748028    0.0000    1.3539   22.7720
   7   4     20.656010    0.429170    0.097632   21.293483    9.824094    0.0000   75.5828   21.4277
   8   1     20.380783    0.381142    0.070167   20.641002   11.442743   64.5840   29.5750    4.7392
   8   2     20.581895    0.426293    0.086136   15.766175   13.978625   59.3810   24.0415   12.7161
   8   3     20.614270    0.429063    0.099698   17.117012   14.403295   59.0817    1.8909   26.3499
   8   4     20.463262    0.394249    0.082241   21.616652   10.936612   16.4398   53.9785    9.0030
   9   1     20.436985    0.387918    0.059957   23.502023    8.493365    0.0000   67.5825   27.8129
   9   2     20.508051    0.400075    0.062166   23.684126    9.577546    0.0000   34.7480   34.5789
   9   3     20.563463    0.405616    0.061405   25.868171    8.971153    0.0000    5.8624   30.2611
   9   4     20.719332    0.439647    0.096588   21.310734    9.809326    0.0000   67.5895   27.3384
  10   1     20.457466    0.397635    0.070914   19.732125   11.573868   62.0852   31.0741    5.6744
  10   2     20.699829    0.449389    0.084985   14.551667   14.069302   66.1247   19.5139   10.9440
  10   3     20.636921    0.431285    0.097780   18.079981   14.079311   56.8545    4.7978   23.7216
  10   4     20.565332    0.411884    0.085073   22.039171   10.175748   21.4182   49.4780    9.0524
 
  rho^2(E0) 
 
   I  n_1 n_2  <In_1|E0|In_2>  rho^2(E0) 
   0   1   1       19.903960  579.985289
   0   2   1       -0.269190    0.106085
   0   2   2       20.112168  592.182750
   0   3   1       -0.050583    0.003746
   0   3   2       -0.261067    0.099780
   0   3   3       20.383341  608.259245
   0   4   1       -0.044451    0.002893
   0   4   2        0.299553    0.131367
   0   4   3       -0.001116    0.000002
   0   4   4       20.394074  608.900003
   2   1   1       20.057694  588.979259
   2   2   1        0.075492    0.008343
   2   2   2       20.214856  598.245320
   2   3   1        0.250667    0.091988
   2   3   2        0.033627    0.001655
   2   3   3       20.301693  603.396122
   2   4   1        0.084486    0.010450
   2   4   2       -0.192659    0.054340
   2   4   3       -0.222274    0.072329
   2   4   4       20.479507  614.012196
   3   1   1       20.260004  600.920540
   3   2   1       -0.273921    0.109847
   3   2   2       20.459492  612.812627
   3   3   1       -0.070867    0.007352
   3   3   2       -0.016371    0.000392
   3   3   3       20.561905  618.962979
   3   4   1       -0.000576    0.000000
   3   4   2       -0.429204    0.269691
   3   4   3        0.026501    0.001028
   3   4   4       20.614815  622.152528
   4   1   1       20.193286  596.969270
   4   2   1        0.101591    0.015109
   4   2   2       20.303245  603.488342
   4   3   1       -0.046007    0.003099
   4   3   2        0.060326    0.005328
   4   3   3       20.299422  603.261105
   4   4   1        0.209759    0.064414
   4   4   2        0.116900    0.020006
   4   4   3        0.027362    0.001096
   4   4   4       20.557600  618.703869
   5   1   1       20.323348  604.684035
   5   2   1       -0.013668    0.000274
   5   2   2       20.373081  607.647104
   5   3   1       -0.279505    0.114371
   5   3   2       -0.010157    0.000151
   5   3   3       20.567540  619.302320
   5   4   1        0.060570    0.005371
   5   4   2        0.064180    0.006030
   5   4   3        0.018984    0.000528
   5   4   4       20.635730  623.415577
   6   1   1       20.297555  603.150137
   6   2   1        0.115638    0.019577
   6   2   2       20.436808  611.454464
   6   3   1       -0.016782    0.000412
   6   3   2       -0.138619    0.028131
   6   3   3       20.407577  609.706600
   6   4   1        0.207016    0.062740
   6   4   2        0.142486    0.029722
   6   4   3       -0.111920    0.018338
   6   4   4       20.579983  620.051878
   7   1   1       20.380759  608.105205
   7   2   1        0.009623    0.000136
   7   2   2       20.436979  611.464689
   7   3   1        0.008105    0.000096
   7   3   2       -0.001673    0.000004
   7   3   3       20.488795  614.569236
   7   4   1        0.288541    0.121886
   7   4   2        0.001426    0.000003
   7   4   3       -0.008583    0.000108
   7   4   4       20.656010  624.641549
   8   1   1       20.380783  608.106592
   8   2   1       -0.137648    0.027738
   8   2   2       20.581895  620.167088
   8   3   1       -0.167448    0.041048
   8   3   2        0.220638    0.071269
   8   3   3       20.614270  622.119615
   8   4   1        0.152527    0.034059
   8   4   2       -0.003402    0.000017
   8   4   3       -0.067910    0.006752
   8   4   4       20.463262  613.038480
   9   1   1       20.436985  611.465081
   9   2   1       -0.002852    0.000012
   9   2   2       20.508051  615.724997
   9   3   1        0.023559    0.000813
   9   3   2       -0.000514    0.000000
   9   3   3       20.563463  619.056812
   9   4   1        0.299327    0.131169
   9   4   2       -0.013260    0.000257
   9   4   3        0.031749    0.001476
   9   4   4       20.719332  628.477153
  10   1   1       20.457466  612.691220
  10   2   1       -0.159984    0.037471
  10   2   2       20.699829  627.294531
  10   3   1        0.199308    0.058155
  10   3   2       -0.203426    0.060583
  10   3   3       20.636921  623.487583
  10   4   1        0.180041    0.047455
  10   4   2        0.049556    0.003595
  10   4   3        0.050016    0.003662
  10   4   4       20.565332  619.169337
 
  E2 transition 
 
  I1  n1        I2  n2       <f||E2||i>   B(E2,I1->I2)  B(E2,I2->I1)
 ( 0   1) <--> ( 2   1)       -0.725755      0.526720      0.105344   WU   168.242912     33.648582
 ( 0   1) <--> ( 2   2)       -0.210361      0.044252      0.008850   WU    14.134707      2.826941
 ( 0   1) <--> ( 2   3)        0.036281      0.001316      0.000263   WU     0.420450      0.084090
 ( 0   1) <--> ( 2   4)       -0.032046      0.001027      0.000205   WU     0.328017      0.065603
 ( 0   2) <--> ( 2   1)        0.437692      0.191574      0.038315   WU    61.191933     12.238387
 ( 0   2) <--> ( 2   2)        0.458571      0.210287      0.042057   WU    67.168997     13.433799
 ( 0   2) <--> ( 2   3)        0.702763      0.493876      0.098775   WU   157.751756     31.550351
 ( 0   2) <--> ( 2   4)       -0.013429      0.000180      0.000036   WU     0.057602      0.011520
 ( 0   3) <--> ( 2   1)        0.012317      0.000152      0.000030   WU     0.048455      0.009691
 ( 0   3) <--> ( 2   2)       -0.382835      0.146563      0.029313   WU    46.814402      9.362880
 ( 0   3) <--> ( 2   3)       -0.525924      0.276596      0.055319   WU    88.349134     17.669827
 ( 0   3) <--> ( 2   4)        0.905154      0.819304      0.163861   WU   261.698835     52.339767
 ( 0   4) <--> ( 2   1)        0.021310      0.000454      0.000091   WU     0.145045      0.029009
 ( 0   4) <--> ( 2   2)       -0.036456      0.001329      0.000266   WU     0.424524      0.084905
 ( 0   4) <--> ( 2   3)        0.376412      0.141686      0.028337   WU    45.256841      9.051368
 ( 0   4) <--> ( 2   4)        0.055249      0.003052      0.000610   WU     0.975013      0.195003
 ( 2   1) <--> ( 2   1)        0.055263      0.041885   (eb)
 ( 2   2) <--> ( 2   1)       -1.044673      0.218268      0.218268   WU    69.718330     69.718330
 ( 2   2) <--> ( 2   2)       -0.329659     -0.249859   (eb)
 ( 2   3) <--> ( 2   1)        0.089500      0.001602      0.001602   WU     0.511716      0.511716
 ( 2   3) <--> ( 2   2)       -0.520245      0.054131      0.054131   WU    17.290307     17.290307
 ( 2   3) <--> ( 2   3)       -0.060917     -0.046171   (eb)
 ( 2   4) <--> ( 2   1)        0.031581      0.000199      0.000199   WU     0.063714      0.063714
 ( 2   4) <--> ( 2   2)        0.007574      0.000011      0.000011   WU     0.003665      0.003665
 ( 2   4) <--> ( 2   3)        1.026457      0.210723      0.210723   WU    67.308198     67.308198
 ( 2   4) <--> ( 2   4)       -0.726791     -0.550859   (eb)
 ( 2   1) <--> ( 3   1)       -0.364016      0.026501      0.018930   WU     8.464995      6.046425
 ( 2   1) <--> ( 3   2)       -0.069962      0.000979      0.000699   WU     0.312690      0.223350
 ( 2   1) <--> ( 3   3)       -0.031441      0.000198      0.000141   WU     0.063153      0.045109
 ( 2   1) <--> ( 3   4)       -0.037158      0.000276      0.000197   WU     0.088205      0.063004
 ( 2   2) <--> ( 3   1)        1.256353      0.315685      0.225489   WU   100.834712     72.024795
 ( 2   2) <--> ( 3   2)       -0.045355      0.000411      0.000294   WU     0.131413      0.093866
 ( 2   2) <--> ( 3   3)       -0.000258      0.000000      0.000000   WU     0.000004      0.000003
 ( 2   2) <--> ( 3   4)        0.015114      0.000046      0.000033   WU     0.014594      0.010424
 ( 2   3) <--> ( 3   1)       -0.754355      0.113810      0.081293   WU    36.352854     25.966324
 ( 2   3) <--> ( 3   2)        0.354987      0.025203      0.018002   WU     8.050270      5.750193
 ( 2   3) <--> ( 3   3)        0.022671      0.000103      0.000073   WU     0.032834      0.023453
 ( 2   3) <--> ( 3   4)        0.116579      0.002718      0.001942   WU     0.868218      0.620156
 ( 2   4) <--> ( 3   1)       -0.084622      0.001432      0.001023   WU     0.457458      0.326756
 ( 2   4) <--> ( 3   2)        0.599937      0.071985      0.051418   WU    22.993137     16.423669
 ( 2   4) <--> ( 3   3)       -0.147266      0.004337      0.003098   WU     1.385451      0.989608
 ( 2   4) <--> ( 3   4)        0.036321      0.000264      0.000188   WU     0.084274      0.060196
 ( 2   1) <--> ( 4   1)        1.381178      0.381531      0.211961   WU   121.866941     67.703856
 ( 2   1) <--> ( 4   2)        0.028643      0.000164      0.000091   WU     0.052412      0.029118
 ( 2   1) <--> ( 4   3)       -0.010277      0.000021      0.000012   WU     0.006747      0.003749
 ( 2   1) <--> ( 4   4)        0.000297      0.000000      0.000000   WU     0.000006      0.000003
 ( 2   2) <--> ( 4   1)        0.485666      0.047174      0.026208   WU    15.068201      8.371223
 ( 2   2) <--> ( 4   2)        1.220539      0.297943      0.165524   WU    95.167804     52.871002
 ( 2   2) <--> ( 4   3)        0.050015      0.000500      0.000278   WU     0.159806      0.088781
 ( 2   2) <--> ( 4   4)        0.039855      0.000318      0.000176   WU     0.101475      0.056375
 ( 2   3) <--> ( 4   1)        0.584506      0.068329      0.037961   WU    21.825523     12.125290
 ( 2   3) <--> ( 4   2)        0.412889      0.034096      0.018942   WU    10.890658      6.050365
 ( 2   3) <--> ( 4   3)       -0.214062      0.009164      0.005091   WU     2.927282      1.626268
 ( 2   3) <--> ( 4   4)        1.425280      0.406284      0.225714   WU   129.773715     72.096509
 ( 2   4) <--> ( 4   1)        0.071378      0.001019      0.000566   WU     0.325474      0.180819
 ( 2   4) <--> ( 4   2)       -0.673290      0.090664      0.050369   WU    28.959519     16.088622
 ( 2   4) <--> ( 4   3)       -0.336024      0.022582      0.012546   WU     7.213188      4.007327
 ( 2   4) <--> ( 4   4)       -1.064183      0.226497      0.125832   WU    72.346797     40.192665
 ( 3   1) <--> ( 3   1)        0.000000      0.000000   (eb)
 ( 3   2) <--> ( 3   1)        0.000000      0.000000      0.000000   WU     0.000000      0.000000
 ( 3   2) <--> ( 3   2)        0.000000      0.000000   (eb)
 ( 3   3) <--> ( 3   1)        0.000000      0.000000      0.000000   WU     0.000000      0.000000
 ( 3   3) <--> ( 3   2)        0.000000      0.000000      0.000000   WU     0.000000      0.000000
 ( 3   3) <--> ( 3   3)        0.000000      0.000000   (eb)
 ( 3   4) <--> ( 3   1)        0.000000      0.000000      0.000000   WU     0.000000      0.000000
 ( 3   4) <--> ( 3   2)        0.000000      0.000000      0.000000   WU     0.000000      0.000000
 ( 3   4) <--> ( 3   3)        0.000000      0.000000      0.000000   WU     0.000000      0.000000
 ( 3   4) <--> ( 3   4)        0.000000      0.000000   (eb)
 ( 3   1) <--> ( 4   1)       -0.840939      0.101026      0.078575   WU    32.269182     25.098252
 ( 3   1) <--> ( 4   2)        0.531070      0.040291      0.031337   WU    12.869492     10.009605
 ( 3   1) <--> ( 4   3)        1.215046      0.210905      0.164038   WU    67.366540     52.396198
 ( 3   1) <--> ( 4   4)       -0.260147      0.009668      0.007520   WU     3.088126      2.401876
 ( 3   2) <--> ( 4   1)        0.033850      0.000164      0.000127   WU     0.052284      0.040665
 ( 3   2) <--> ( 4   2)       -0.030011      0.000129      0.000100   WU     0.041097      0.031964
 ( 3   2) <--> ( 4   3)       -0.476864      0.032486      0.025267   WU    10.376426      8.070554
 ( 3   2) <--> ( 4   4)        0.564471      0.045518      0.035403   WU    14.539265     11.308317
 ( 3   3) <--> ( 4   1)        0.009112      0.000012      0.000009   WU     0.003789      0.002947
 ( 3   3) <--> ( 4   2)        0.061558      0.000541      0.000421   WU     0.172915      0.134489
 ( 3   3) <--> ( 4   3)        0.020595      0.000061      0.000047   WU     0.019354      0.015053
 ( 3   3) <--> ( 4   4)       -0.257855      0.009498      0.007388   WU     3.033970      2.359754
 ( 3   4) <--> ( 4   1)       -0.010066      0.000014      0.000011   WU     0.004624      0.003596
 ( 3   4) <--> ( 4   2)       -0.019023      0.000052      0.000040   WU     0.016513      0.012844
 ( 3   4) <--> ( 4   3)       -0.064222      0.000589      0.000458   WU     0.188205      0.146382
 ( 3   4) <--> ( 4   4)       -0.005978      0.000005      0.000004   WU     0.001631      0.001268
 ( 3   1) <--> ( 5   1)        1.491809      0.317928      0.202318   WU   101.551166     64.623469
 ( 3   1) <--> ( 5   2)       -0.073670      0.000775      0.000493   WU     0.247649      0.157595
 ( 3   1) <--> ( 5   3)       -0.079955      0.000913      0.000581   WU     0.291708      0.185632
 ( 3   1) <--> ( 5   4)       -0.007705      0.000008      0.000005   WU     0.002709      0.001724
 ( 3   2) <--> ( 5   1)       -0.447404      0.028596      0.018197   WU     9.133927      5.812499
 ( 3   2) <--> ( 5   2)        0.213494      0.006511      0.004144   WU     2.079845      1.323538
 ( 3   2) <--> ( 5   3)        1.596836      0.364269      0.231808   WU   116.353434     74.043094
 ( 3   2) <--> ( 5   4)        0.092680      0.001227      0.000781   WU     0.391949      0.249422
 ( 3   3) <--> ( 5   1)        0.064942      0.000602      0.000383   WU     0.192446      0.122466
 ( 3   3) <--> ( 5   2)       -0.427885      0.026155      0.016644   WU     8.354361      5.316412
 ( 3   3) <--> ( 5   3)       -0.030808      0.000136      0.000086   WU     0.043311      0.027561
 ( 3   3) <--> ( 5   4)       -1.654810      0.391200      0.248945   WU   124.955361     79.517048
 ( 3   4) <--> ( 5   1)       -0.061621      0.000542      0.000345   WU     0.173267      0.110261
 ( 3   4) <--> ( 5   2)        0.025045      0.000090      0.000057   WU     0.028622      0.018214
 ( 3   4) <--> ( 5   3)       -0.709059      0.071823      0.045706   WU    22.941547     14.599166
 ( 3   4) <--> ( 5   4)       -0.136900      0.002677      0.001704   WU     0.855194      0.544214
 ( 4   1) <--> ( 4   1)       -0.521879     -0.393547   (eb)
 ( 4   2) <--> ( 4   1)       -1.029178      0.117690      0.117690   WU    37.591944     37.591944
 ( 4   2) <--> ( 4   2)       -0.712856     -0.537561   (eb)
 ( 4   3) <--> ( 4   1)        0.231601      0.005960      0.005960   WU     1.903679      1.903679
 ( 4   3) <--> ( 4   2)       -1.136152      0.143427      0.143427   WU    45.812837     45.812837
 ( 4   3) <--> ( 4   3)        0.627211      0.472977   (eb)
 ( 4   4) <--> ( 4   1)        0.004624      0.000002      0.000002   WU     0.000759      0.000759
 ( 4   4) <--> ( 4   2)       -0.498524      0.027614      0.027614   WU     8.820341      8.820341
 ( 4   4) <--> ( 4   3)        0.515610      0.029539      0.029539   WU     9.435324      9.435324
 ( 4   4) <--> ( 4   4)       -1.223803     -0.922865   (eb)
 ( 4   1) <--> ( 5   1)       -0.261196      0.007580      0.006202   WU     2.421287      1.981053
 ( 4   1) <--> ( 5   2)        0.011253      0.000014      0.000012   WU     0.004494      0.003677
 ( 4   1) <--> ( 5   3)       -0.041752      0.000194      0.000158   WU     0.061868      0.050620
 ( 4   1) <--> ( 5   4)        0.029315      0.000095      0.000078   WU     0.030500      0.024955
 ( 4   2) <--> ( 5   1)        1.120313      0.139456      0.114100   WU    44.544335     36.445365
 ( 4   2) <--> ( 5   2)        0.022092      0.000054      0.000044   WU     0.017322      0.014172
 ( 4   2) <--> ( 5   3)       -0.049070      0.000268      0.000219   WU     0.085456      0.069918
 ( 4   2) <--> ( 5   4)       -0.031460      0.000110      0.000090   WU     0.035127      0.028740
 ( 4   3) <--> ( 5   1)        0.260232      0.007525      0.006156   WU     2.403446      1.966456
 ( 4   3) <--> ( 5   2)       -1.814651      0.365884      0.299360   WU   116.869277     95.620317
 ( 4   3) <--> ( 5   3)       -0.117390      0.001531      0.001253   WU     0.489076      0.400153
 ( 4   3) <--> ( 5   4)       -0.029602      0.000097      0.000080   WU     0.031100      0.025446
 ( 4   4) <--> ( 5   1)       -0.777385      0.067147      0.054939   WU    21.447955     17.548326
 ( 4   4) <--> ( 5   2)       -0.164280      0.002999      0.002453   WU     0.957820      0.783671
 ( 4   4) <--> ( 5   3)        0.169525      0.003193      0.002613   WU     1.019960      0.834513
 ( 4   4) <--> ( 5   4)       -0.078160      0.000679      0.000555   WU     0.216810      0.177390
 ( 4   1) <--> ( 6   1)       -2.059606      0.471331      0.326306   WU   150.550591    104.227332
 ( 4   1) <--> ( 6   2)       -0.058648      0.000382      0.000265   WU     0.122074      0.084513
 ( 4   1) <--> ( 6   3)        0.002792      0.000001      0.000001   WU     0.000277      0.000192
 ( 4   1) <--> ( 6   4)       -0.029888      0.000099      0.000069   WU     0.031703      0.021948
 ( 4   2) <--> ( 6   1)       -0.480760      0.025681      0.017779   WU     8.202963      5.678974
 ( 4   2) <--> ( 6   2)       -1.883556      0.394198      0.272907   WU   125.913224     87.170693
 ( 4   2) <--> ( 6   3)       -0.007377      0.000006      0.000004   WU     0.001932      0.001337
 ( 4   2) <--> ( 6   4)        0.023438      0.000061      0.000042   WU     0.019496      0.013497
 ( 4   3) <--> ( 6   1)        0.304579      0.010308      0.007136   WU     3.292400      2.279354
 ( 4   3) <--> ( 6   2)       -0.399512      0.017734      0.012278   WU     5.664652      3.921682
 ( 4   3) <--> ( 6   3)        1.181725      0.155164      0.107421   WU    49.561820     34.312029
 ( 4   3) <--> ( 6   4)        0.581398      0.037558      0.026002   WU    11.996685      8.305397
 ( 4   4) <--> ( 6   1)       -0.592963      0.039067      0.027047   WU    12.478693      8.639095
 ( 4   4) <--> ( 6   2)       -0.826755      0.075947      0.052579   WU    24.258732     16.794507
 ( 4   4) <--> ( 6   3)        0.770258      0.065922      0.045638   WU    21.056520     14.577591
 ( 4   4) <--> ( 6   4)       -2.140694      0.509174      0.352505   WU   162.638437    112.595841
 ( 5   1) <--> ( 5   1)       -0.558643     -0.405645   (eb)
 ( 5   2) <--> ( 5   1)        0.924857      0.077760      0.077760   WU    24.837790     24.837790
 ( 5   2) <--> ( 5   2)        0.510322      0.370558   (eb)
 ( 5   3) <--> ( 5   1)        0.082847      0.000624      0.000624   WU     0.199306      0.199306
 ( 5   3) <--> ( 5   2)       -0.276266      0.006938      0.006938   WU     2.216255      2.216255
 ( 5   3) <--> ( 5   3)       -0.543593     -0.394717   (eb)
 ( 5   4) <--> ( 5   1)        0.046318      0.000195      0.000195   WU     0.062297      0.062297
 ( 5   4) <--> ( 5   2)       -0.030413      0.000084      0.000084   WU     0.026859      0.026859
 ( 5   4) <--> ( 5   3)       -0.302958      0.008344      0.008344   WU     2.665196      2.665196
 ( 5   4) <--> ( 5   4)       -0.770212     -0.559271   (eb)
 ( 5   1) <--> ( 6   1)        0.985993      0.088380      0.074783   WU    28.230063     23.886977
 ( 5   1) <--> ( 6   2)       -0.658566      0.039428      0.033362   WU    12.593982     10.656447
 ( 5   1) <--> ( 6   3)        0.588185      0.031451      0.026612   WU    10.045957      8.500425
 ( 5   1) <--> ( 6   4)        0.584037      0.031009      0.026238   WU     9.904768      8.380958
 ( 5   2) <--> ( 6   1)        0.064765      0.000381      0.000323   WU     0.121799      0.103060
 ( 5   2) <--> ( 6   2)       -0.554827      0.027985      0.023679   WU     8.938810      7.563608
 ( 5   2) <--> ( 6   3)       -1.224240      0.136251      0.115289   WU    43.520780     36.825275
 ( 5   2) <--> ( 6   4)        0.119752      0.001304      0.001103   WU     0.416417      0.352353
 ( 5   3) <--> ( 6   1)       -0.063585      0.000368      0.000311   WU     0.117400      0.099338
 ( 5   3) <--> ( 6   2)        0.015236      0.000021      0.000018   WU     0.006741      0.005704
 ( 5   3) <--> ( 6   3)       -0.137783      0.001726      0.001460   WU     0.551261      0.466452
 ( 5   3) <--> ( 6   4)       -0.712059      0.046093      0.039002   WU    14.722995     12.457919
 ( 5   4) <--> ( 6   1)        0.008000      0.000006      0.000005   WU     0.001858      0.001572
 ( 5   4) <--> ( 6   2)        0.012488      0.000014      0.000012   WU     0.004528      0.003832
 ( 5   4) <--> ( 6   3)        0.179956      0.002944      0.002491   WU     0.940361      0.795690
 ( 5   4) <--> ( 6   4)       -0.334334      0.010162      0.008598   WU     3.245817      2.746461
 ( 5   1) <--> ( 7   1)        2.134322      0.414121      0.303689   WU   132.276766     97.002962
 ( 5   1) <--> ( 7   2)        0.141654      0.001824      0.001338   WU     0.582666      0.427288
 ( 5   1) <--> ( 7   3)       -0.033335      0.000101      0.000074   WU     0.032267      0.023662
 ( 5   1) <--> ( 7   4)        0.112773      0.001156      0.000848   WU     0.369299      0.270819
 ( 5   2) <--> ( 7   1)       -0.066615      0.000403      0.000296   WU     0.128856      0.094494
 ( 5   2) <--> ( 7   2)       -1.544240      0.216789      0.158978   WU    69.245809     50.780260
 ( 5   2) <--> ( 7   3)        0.011401      0.000012      0.000009   WU     0.003775      0.002768
 ( 5   2) <--> ( 7   4)       -0.030573      0.000085      0.000062   WU     0.027142      0.019904
 ( 5   3) <--> ( 7   1)       -0.571155      0.029656      0.021748   WU     9.472666      6.946622
 ( 5   3) <--> ( 7   2)       -0.161229      0.002363      0.001733   WU     0.754829      0.553541
 ( 5   3) <--> ( 7   3)       -0.034236      0.000107      0.000078   WU     0.034036      0.024960
 ( 5   3) <--> ( 7   4)       -2.329665      0.493395      0.361823   WU   157.598100    115.571940
 ( 5   4) <--> ( 7   1)       -0.076524      0.000532      0.000390   WU     0.170042      0.124698
 ( 5   4) <--> ( 7   2)       -0.572845      0.029832      0.021877   WU     9.528808      6.987793
 ( 5   4) <--> ( 7   3)        0.100238      0.000913      0.000670   WU     0.291761      0.213958
 ( 5   4) <--> ( 7   4)       -0.057644      0.000302      0.000222   WU     0.096489      0.070759
 ( 6   1) <--> ( 6   1)       -0.972373     -0.677935   (eb)
 ( 6   2) <--> ( 6   1)       -1.009953      0.078462      0.078462   WU    25.061995     25.061995
 ( 6   2) <--> ( 6   2)       -1.324901     -0.923717   (eb)
 ( 6   3) <--> ( 6   1)       -0.233626      0.004199      0.004199   WU     1.341087      1.341087
 ( 6   3) <--> ( 6   2)        1.254299      0.121020      0.121020   WU    38.655837     38.655837
 ( 6   3) <--> ( 6   3)        0.140639      0.098053   (eb)
 ( 6   4) <--> ( 6   1)       -0.080842      0.000503      0.000503   WU     0.160577      0.160577
 ( 6   4) <--> ( 6   2)       -0.058271      0.000261      0.000261   WU     0.083429      0.083429
 ( 6   4) <--> ( 6   3)        0.312093      0.007492      0.007492   WU     2.393215      2.393215
 ( 6   4) <--> ( 6   4)       -1.920745     -1.339138   (eb)
 ( 6   1) <--> ( 7   1)        0.214863      0.003551      0.003078   WU     1.134328      0.983084
 ( 6   1) <--> ( 7   2)        0.037293      0.000107      0.000093   WU     0.034172      0.029616
 ( 6   1) <--> ( 7   3)        0.001945      0.000000      0.000000   WU     0.000093      0.000081
 ( 6   1) <--> ( 7   4)       -0.024803      0.000047      0.000041   WU     0.015115      0.013100
 ( 6   2) <--> ( 7   1)       -1.015133      0.079269      0.068700   WU    25.319755     21.943788
 ( 6   2) <--> ( 7   2)       -0.051833      0.000207      0.000179   WU     0.066013      0.057211
 ( 6   2) <--> ( 7   3)       -0.042258      0.000137      0.000119   WU     0.043876      0.038026
 ( 6   2) <--> ( 7   4)       -0.069301      0.000369      0.000320   WU     0.118004      0.102270
 ( 6   3) <--> ( 7   1)       -0.387999      0.011580      0.010036   WU     3.698922      3.205732
 ( 6   3) <--> ( 7   2)        1.639890      0.206865      0.179283   WU    66.075864     57.265749
 ( 6   3) <--> ( 7   3)       -0.225333      0.003906      0.003385   WU     1.247561      1.081219
 ( 6   3) <--> ( 7   4)        0.071844      0.000397      0.000344   WU     0.126820      0.109911
 ( 6   4) <--> ( 7   1)        0.853056      0.055977      0.048514   WU    17.880045     15.496039
 ( 6   4) <--> ( 7   2)        0.518554      0.020684      0.017927   WU     6.606951      5.726024
 ( 6   4) <--> ( 7   3)        0.154329      0.001832      0.001588   WU     0.585207      0.507180
 ( 6   4) <--> ( 7   4)        0.144111      0.001598      0.001385   WU     0.510279      0.442242
 ( 6   1) <--> ( 8   1)        2.655392      0.542393      0.414771   WU   173.248862    132.484424
 ( 6   1) <--> ( 8   2)       -0.124011      0.001183      0.000905   WU     0.377862      0.288953
 ( 6   1) <--> ( 8   3)       -0.012940      0.000013      0.000010   WU     0.004114      0.003146
 ( 6   1) <--> ( 8   4)        0.055296      0.000235      0.000180   WU     0.075127      0.057450
 ( 6   2) <--> ( 8   1)        0.431118      0.014297      0.010933   WU     4.566725      3.492201
 ( 6   2) <--> ( 8   2)       -2.626467      0.530641      0.405784   WU   169.495054    129.613865
 ( 6   2) <--> ( 8   3)        0.051253      0.000202      0.000155   WU     0.064543      0.049356
 ( 6   2) <--> ( 8   4)       -0.075472      0.000438      0.000335   WU     0.139953      0.107023
 ( 6   3) <--> ( 8   1)        0.099599      0.000763      0.000584   WU     0.243739      0.186389
 ( 6   3) <--> ( 8   2)        0.745831      0.042789      0.032721   WU    13.667641     10.451725
 ( 6   3) <--> ( 8   3)        1.546039      0.183864      0.140602   WU    58.729203     44.910567
 ( 6   3) <--> ( 8   4)        1.316816      0.133385      0.102000   WU    42.605260     32.580493
 ( 6   4) <--> ( 8   1)        0.692095      0.036846      0.028176   WU    11.769154      8.999941
 ( 6   4) <--> ( 8   2)       -0.847900      0.055303      0.042290   WU    17.664525     13.508166
 ( 6   4) <--> ( 8   3)       -2.133466      0.350129      0.267746   WU   111.836755     85.522225
 ( 6   4) <--> ( 8   4)        1.696637      0.221429      0.169328   WU    70.727921     54.086057
 ( 7   1) <--> ( 7   1)       -0.886837     -0.593881   (eb)
 ( 7   2) <--> ( 7   1)       -1.026196      0.070205      0.070205   WU    22.424664     22.424664
 ( 7   2) <--> ( 7   2)       -0.281438     -0.188468   (eb)
 ( 7   3) <--> ( 7   1)       -0.076533      0.000390      0.000390   WU     0.124728      0.124728
 ( 7   3) <--> ( 7   2)        1.160929      0.089850      0.089850   WU    28.699654     28.699654
 ( 7   3) <--> ( 7   3)        1.058295      0.708699   (eb)
 ( 7   4) <--> ( 7   1)       -0.128223      0.001096      0.001096   WU     0.350102      0.350102
 ( 7   4) <--> ( 7   2)       -0.301614      0.006065      0.006065   WU     1.937176      1.937176
 ( 7   4) <--> ( 7   3)       -0.128951      0.001109      0.001109   WU     0.354092      0.354092
 ( 7   4) <--> ( 7   4)       -0.988715     -0.662105   (eb)
 ( 7   1) <--> ( 8   1)        1.064126      0.075491      0.066610   WU    24.113005     21.276181
 ( 7   1) <--> ( 8   2)        0.670814      0.029999      0.026470   WU     9.582298      8.454968
 ( 7   1) <--> ( 8   3)       -0.165941      0.001836      0.001620   WU     0.586369      0.517385
 ( 7   1) <--> ( 8   4)        0.627175      0.026223      0.023138   WU     8.376123      7.390697
 ( 7   2) <--> ( 8   1)       -0.051063      0.000174      0.000153   WU     0.055523      0.048991
 ( 7   2) <--> ( 8   2)       -0.629455      0.026414      0.023307   WU     8.437119      7.444517
 ( 7   2) <--> ( 8   3)        1.173245      0.091767      0.080971   WU    29.311805     25.863357
 ( 7   2) <--> ( 8   4)        0.938736      0.058748      0.051837   WU    18.765150     16.557486
 ( 7   3) <--> ( 8   1)       -0.007494      0.000004      0.000003   WU     0.001196      0.001055
 ( 7   3) <--> ( 8   2)        0.005835      0.000002      0.000002   WU     0.000725      0.000640
 ( 7   3) <--> ( 8   3)        0.187403      0.002341      0.002066   WU     0.747853      0.659870
 ( 7   3) <--> ( 8   4)        0.513390      0.017571      0.015504   WU     5.612545      4.952246
 ( 7   4) <--> ( 8   1)        0.086431      0.000498      0.000439   WU     0.159074      0.140360
 ( 7   4) <--> ( 8   2)       -0.032976      0.000072      0.000064   WU     0.023156      0.020432
 ( 7   4) <--> ( 8   3)       -0.471460      0.014818      0.013075   WU     4.733207      4.176359
 ( 7   4) <--> ( 8   4)        0.677199      0.030573      0.026976   WU     9.765571      8.616681
 ( 7   1) <--> ( 9   1)        2.666936      0.474170      0.374345   WU   151.457415    119.571643
 ( 7   1) <--> ( 9   2)       -0.206805      0.002851      0.002251   WU     0.910722      0.718991
 ( 7   1) <--> ( 9   3)        0.041130      0.000113      0.000089   WU     0.036023      0.028439
 ( 7   1) <--> ( 9   4)        0.126572      0.001068      0.000843   WU     0.341144      0.269324
 ( 7   2) <--> ( 9   1)        0.029263      0.000057      0.000045   WU     0.018235      0.014396
 ( 7   2) <--> ( 9   2)       -2.251270      0.337881      0.266748   WU   107.924602     85.203633
 ( 7   2) <--> ( 9   3)        0.141495      0.001335      0.001054   WU     0.426329      0.336576
 ( 7   2) <--> ( 9   4)        0.031121      0.000065      0.000051   WU     0.020624      0.016282
 ( 7   3) <--> ( 9   1)        0.082090      0.000449      0.000355   WU     0.143499      0.113288
 ( 7   3) <--> ( 9   2)        0.092703      0.000573      0.000452   WU     0.183000      0.144473
 ( 7   3) <--> ( 9   3)       -1.592809      0.169136      0.133529   WU    54.024765     42.651130
 ( 7   3) <--> ( 9   4)        0.204958      0.002801      0.002211   WU     0.894527      0.706205
 ( 7   4) <--> ( 9   1)        0.664780      0.029462      0.023260   WU     9.410688      7.429491
 ( 7   4) <--> ( 9   2)       -0.165525      0.001827      0.001442   WU     0.583438      0.460609
 ( 7   4) <--> ( 9   3)        0.340465      0.007728      0.006101   WU     2.468375      1.948717
 ( 7   4) <--> ( 9   4)        2.918923      0.568007      0.448427   WU   181.430628    143.234706
 ( 8   1) <--> ( 8   1)       -1.306736     -0.841794   (eb)
 ( 8   2) <--> ( 8   1)        1.040000      0.063624      0.063624   WU    20.322369     20.322369
 ( 8   2) <--> ( 8   2)       -1.886258     -1.215120   (eb)
 ( 8   3) <--> ( 8   1)       -0.167544      0.001651      0.001651   WU     0.527429      0.527429
 ( 8   3) <--> ( 8   2)       -0.950894      0.053188      0.053188   WU    16.989143     16.989143
 ( 8   3) <--> ( 8   3)       -1.467265     -0.945206   (eb)
 ( 8   4) <--> ( 8   1)       -0.208480      0.002557      0.002557   WU     0.816649      0.816649
 ( 8   4) <--> ( 8   2)       -0.738584      0.032089      0.032089   WU    10.249616     10.249616
 ( 8   4) <--> ( 8   3)        0.945031      0.052534      0.052534   WU    16.780300     16.780300
 ( 8   4) <--> ( 8   4)       -1.111872     -0.716263   (eb)
 ( 8   1) <--> ( 9   1)        0.203161      0.002428      0.002172   WU     0.775513      0.693880
 ( 8   1) <--> ( 9   2)       -0.044345      0.000116      0.000103   WU     0.036949      0.033059
 ( 8   1) <--> ( 9   3)       -0.010884      0.000007      0.000006   WU     0.002226      0.001991
 ( 8   1) <--> ( 9   4)       -0.015594      0.000014      0.000013   WU     0.004569      0.004088
 ( 8   2) <--> ( 9   1)        0.843872      0.041889      0.037480   WU    13.380148     11.971711
 ( 8   2) <--> ( 9   2)       -0.087762      0.000453      0.000405   WU     0.144717      0.129484
 ( 8   2) <--> ( 9   3)       -0.030566      0.000055      0.000049   WU     0.017555      0.015707
 ( 8   2) <--> ( 9   4)        0.080350      0.000380      0.000340   WU     0.121305      0.108536
 ( 8   3) <--> ( 9   1)       -1.083410      0.069046      0.061778   WU    22.054300     19.732795
 ( 8   3) <--> ( 9   2)       -0.712437      0.029857      0.026714   WU     9.536745      8.532877
 ( 8   3) <--> ( 9   3)        0.275990      0.004481      0.004009   WU     1.431177      1.280527
 ( 8   3) <--> ( 9   4)       -0.090262      0.000479      0.000429   WU     0.153081      0.136967
 ( 8   4) <--> ( 9   1)        0.118918      0.000832      0.000744   WU     0.265705      0.237736
 ( 8   4) <--> ( 9   2)       -1.481628      0.129131      0.115538   WU    41.246409     36.904681
 ( 8   4) <--> ( 9   3)        0.125545      0.000927      0.000830   WU     0.296144      0.264971
 ( 8   4) <--> ( 9   4)        0.150374      0.001330      0.001190   WU     0.424868      0.380145
 ( 8   1) <--> (10   1)        3.182459      0.595768      0.482288   WU   190.297640    154.050471
 ( 8   1) <--> (10   2)       -0.164391      0.001590      0.001287   WU     0.507766      0.411049
 ( 8   1) <--> (10   3)       -0.000770      0.000000      0.000000   WU     0.000011      0.000009
 ( 8   1) <--> (10   4)        0.099241      0.000579      0.000469   WU     0.185051      0.149803
 ( 8   2) <--> (10   1)       -0.471730      0.013090      0.010597   WU     4.181141      3.384733
 ( 8   2) <--> (10   2)        3.344489      0.657977      0.532648   WU   210.168333    170.136269
 ( 8   2) <--> (10   3)       -0.008769      0.000005      0.000004   WU     0.001445      0.001169
 ( 8   2) <--> (10   4)        0.078253      0.000360      0.000292   WU     0.115058      0.093142
 ( 8   3) <--> (10   1)       -0.469953      0.012992      0.010517   WU     4.149701      3.359282
 ( 8   3) <--> (10   2)        1.045471      0.064295      0.052048   WU    20.536737     16.624978
 ( 8   3) <--> (10   3)       -3.055489      0.549177      0.444572   WU   175.415966    142.003401
 ( 8   3) <--> (10   4)        0.019348      0.000022      0.000018   WU     0.007034      0.005694
 ( 8   4) <--> (10   1)        0.597766      0.021019      0.017015   WU     6.713820      5.434997
 ( 8   4) <--> (10   2)       -0.062206      0.000228      0.000184   WU     0.072706      0.058858
 ( 8   4) <--> (10   3)        0.491501      0.014210      0.011503   WU     4.538956      3.674393
 ( 8   4) <--> (10   4)        2.678624      0.422060      0.341668   WU   134.812826    109.134193
 ( 9   1) <--> ( 9   1)       -1.104198     -0.685577   (eb)
 ( 9   2) <--> ( 9   1)        1.073914      0.060700      0.060700   WU    19.388396     19.388396
 ( 9   2) <--> ( 9   2)       -0.807243     -0.501203   (eb)
 ( 9   3) <--> ( 9   1)        0.098658      0.000512      0.000512   WU     0.163632      0.163632
 ( 9   3) <--> ( 9   2)        1.409529      0.104567      0.104567   WU    33.400363     33.400363
 ( 9   3) <--> ( 9   3)        0.309222      0.191990   (eb)
 ( 9   4) <--> ( 9   1)       -0.167750      0.001481      0.001481   WU     0.473071      0.473071
 ( 9   4) <--> ( 9   2)        0.178522      0.001677      0.001677   WU     0.535778      0.535778
 ( 9   4) <--> ( 9   3)       -0.117400      0.000725      0.000725   WU     0.231708      0.231708
 ( 9   4) <--> ( 9   4)       -1.305203     -0.810377   (eb)
 ( 9   1) <--> (10   1)        1.118213      0.065811      0.059543   WU    21.020935     19.018941
 ( 9   1) <--> (10   2)        0.674535      0.023947      0.021667   WU     7.649120      6.920632
 ( 9   1) <--> (10   3)        0.291316      0.004467      0.004041   WU     1.426696      1.290821
 ( 9   1) <--> (10   4)        0.460830      0.011177      0.010113   WU     3.570128      3.230116
 ( 9   2) <--> (10   1)        0.026672      0.000037      0.000034   WU     0.011959      0.010820
 ( 9   2) <--> (10   2)        0.629350      0.020846      0.018861   WU     6.658663      6.024505
 ( 9   2) <--> (10   3)        1.222231      0.078624      0.071136   WU    25.113648     22.721872
 ( 9   2) <--> (10   4)       -0.981961      0.050750      0.045917   WU    16.210323     14.666482
 ( 9   3) <--> (10   1)        0.023791      0.000030      0.000027   WU     0.009516      0.008610
 ( 9   3) <--> (10   2)       -0.043155      0.000098      0.000089   WU     0.031308      0.028326
 ( 9   3) <--> (10   3)        0.314811      0.005216      0.004719   WU     1.666103      1.507427
 ( 9   3) <--> (10   4)       -0.557513      0.016359      0.014801   WU     5.225318      4.727668
 ( 9   4) <--> (10   1)        0.102925      0.000558      0.000504   WU     0.178091      0.161130
 ( 9   4) <--> (10   2)       -0.068887      0.000250      0.000226   WU     0.079777      0.072179
 ( 9   4) <--> (10   3)        0.568777      0.017027      0.015405   WU     5.438595      4.920634
 ( 9   4) <--> (10   4)        0.945623      0.047063      0.042581   WU    15.032765     13.601073
 (10   1) <--> (10   1)       -1.595825     -0.956846   (eb)
 (10   2) <--> (10   1)        1.107126      0.058368      0.058368   WU    18.643675     18.643675
 (10   2) <--> (10   2)       -2.330880     -1.397580   (eb)
 (10   3) <--> (10   1)        0.202618      0.001955      0.001955   WU     0.624444      0.624444
 (10   3) <--> (10   2)        0.940329      0.042106      0.042106   WU    13.449228     13.449228
 (10   3) <--> (10   3)       -1.693572     -1.015455   (eb)
 (10   4) <--> (10   1)       -0.217987      0.002263      0.002263   WU     0.722767      0.722767
 (10   4) <--> (10   2)       -0.693907      0.022929      0.022929   WU     7.323858      7.323858
 (10   4) <--> (10   3)       -0.689266      0.022623      0.022623   WU     7.226214      7.226214
 (10   4) <--> (10   4)       -1.252065     -0.750730   (eb)
 
  quadrupole shape invariant: 01+, 02+, 03+, 04+
quadr2     0.57928908     0.94479673     1.33916860     1.22689071
quadr3     0.25636241     0.84386030     1.49991671     0.99250067
  effective deformation parameters:  01+, 02+, 03+, 04+
beteff     0.24109341     0.30789799     0.36656863     0.35086545
cos3ga     0.58144860     0.91888886     0.96786383     0.73033479
 
 ********* END Transition **************************
