 ********* BEGIN READER ****************************
 
 Nucleus            :  Ge  32  30
 Imin, Imax         :     0  10
 imu, remu          :     1 12.0000
 nlevel             :     4
 observables        :     2
 wave fun           :     1
 nbet, ngam, npar   :    10   7  10
 Finish reading parameters: V, B_k ...
 
 ********* END READER ******************************
 
 ********* BEGIN LEVELS ********************
 
 E_0 =  -517.708020
 
  I=   0   ntot= 127
   0   1    0.000000
   0   2    3.056305
   0   3    4.048457
   0   4    5.757708
 
  I=   2   ntot= 234
   2   1    1.012004
   2   2    2.087477
   2   3    4.281948
   2   4    5.291022
 
  I=   3   ntot= 108
   3   1    3.263882
   3   2    6.697215
   3   3    8.852347
   3   4    9.981131
 
  I=   4   ntot= 324
   4   1    2.759164
   4   2    4.140691
   4   3    5.267607
   4   4    6.025025
 
  I=   5   ntot= 198
   5   1    5.564455
   5   2    7.025064
   5   3    8.828806
   5   4   10.287699
 
  I=   6   ntot= 432
   6   1    5.213349
   6   2    6.825522
   6   3    7.823366
   6   4    8.262739
 
  I=   7   ntot= 306
   7   1    8.522262
   7   2   10.192036
   7   3   11.250705
   7   4   11.655141
 
  I=   8   ntot= 522
   8   1    8.317010
   8   2    9.474955
   8   3   10.199283
   8   4   11.604414
 
  I=   9   ntot= 397
   9   1   12.059208
   9   2   13.623207
   9   3   13.977803
   9   4   15.358171
 
  I=  10   ntot= 630
  10   1   11.188110
  10   2   12.183796
  10   3   13.994301
  10   4   14.574278
 
 ********* END LEVELS **********************
 
 ********* BEGIN Transition ************************
 
  Monopole moment 
 
   I   n    <In|E0|In>   ave \beta      del<b>   ave \gamma    del<g>  
     K=0       K=2       K=4   
   0   1     15.192521    0.269389    0.063379   27.010183   11.142134  100.0000    0.0000    0.0000
   0   2     15.385233    0.299460    0.096088   31.349258   10.616781   99.9999    0.0000    0.0000
   0   3     15.444926    0.336050    0.101184   19.472991   14.876059   99.9999    0.0000    0.0000
   0   4     15.757054    0.429835    0.155574   14.292675   13.038101   99.9995    0.0000    0.0000
   2   1     15.227142    0.279940    0.062734   25.695887   10.980461   92.1915    7.8085    0.0000
   2   2     15.334600    0.294822    0.059039   30.371738    9.982706    9.5408   90.4592    0.0000
   2   3     15.479732    0.327191    0.102280   27.333577   11.745250   90.7672    9.2327    0.0000
   2   4     15.573986    0.363688    0.111258   20.304599   14.616035   68.1002   31.8996    0.0000
   3   1     15.368395    0.304643    0.059006   28.802719    9.034201    0.0000  100.0000    0.0000
   3   2     15.657916    0.361568    0.099530   27.298161    9.628288    0.0000   99.9999    0.0000
   3   3     15.810781    0.412743    0.115530   19.830636   12.337498    0.0000   99.9998    0.0000
   3   4     15.813320    0.407495    0.134044   22.501282   10.619149    0.0000   99.9997    0.0000
   4   1     15.268588    0.290412    0.063567   25.030328   10.963908   85.8103   12.7905    1.3992
   4   2     15.376200    0.305688    0.061150   28.854670   10.584643   18.0708   66.3519   15.5773
   4   3     15.478103    0.319564    0.058122   31.641933    8.969877    0.3460   19.7448   79.9091
   4   4     15.681267    0.389882    0.123932   19.682169   13.540573   88.2066   10.6458    1.1474
   5   1     15.415354    0.315310    0.061077   27.912608    9.024405    0.0000   89.5128   10.4871
   5   2     15.518686    0.330038    0.059918   30.035942    8.413050    0.0000   11.4381   88.5618
   5   3     15.798133    0.397262    0.107754   23.930199   10.228271    0.0000   92.3020    7.6979
   5   4     15.863854    0.405963    0.110726   25.109479   10.560158    0.0000   14.0200   85.9798
   6   1     15.326015    0.303367    0.067687   24.685057   11.251364   77.8469   19.6161    2.1127
   6   2     15.427755    0.320045    0.072613   26.676185   12.250912   28.7327   51.0782   16.5071
   6   3     16.122078    0.516088    0.109695   11.081464   11.194275   96.2458    3.4195    0.2795
   6   4     15.549326    0.333308    0.062573   30.993526    9.812274    1.4033   25.3844   40.1942
   7   1     15.484102    0.329765    0.066790   27.135510    9.276351    0.0000   79.4627   18.7386
   7   2     15.589319    0.344832    0.067247   28.947349    9.146242    0.0000   21.4150   55.8084
   7   3     16.039935    0.460407    0.113884   19.117040   10.277272    0.0000   92.0593    7.3137
   7   4     15.691164    0.360069    0.066891   29.811430    8.582500    0.0000    1.7695   24.2818
   8   1     15.442997    0.332335    0.091741   22.745903   13.355274   70.4817   25.4021    3.4441
   8   2     16.271230    0.554703    0.094865    9.468788   10.168530   91.8600    5.9846    1.7125
   8   3     15.495383    0.339136    0.098768   24.635758   13.367348   44.8569   32.2049   17.8333
   8   4     15.873794    0.424953    0.125731   20.306779   13.476375   44.6749   33.5608   12.3962
   9   1     15.631202    0.361780    0.086193   25.179643   10.578634    0.0000   70.0683   25.4564
   9   2     16.230279    0.509889    0.107664   15.914349   10.238889    0.0000   77.6609   13.4652
   9   3     15.713538    0.379858    0.108222   24.982927   11.247727    0.0000   47.8026   26.8861
   9   4     16.024983    0.441267    0.112446   22.695771   12.047897    0.0000   23.1448   34.6958
  10   1     16.363027    0.574141    0.077784    8.922441    8.962067   97.7321    2.0343    0.1820
  10   2     15.581368    0.366343    0.123757   21.249326   15.306526   57.8100   34.2836    6.5348
  10   3     15.738814    0.396343    0.120903   21.641581   11.247444   47.5554   35.3281   12.9989
  10   4     16.028842    0.472121    0.128594   16.375383   12.426780   30.5142   48.4187   13.5670
 
  rho^2(E0) 
 
   I  n_1 n_2  <In_1|E0|In_2>  rho^2(E0) 
   0   1   1       15.192521  464.492805
   0   2   1        0.258882    0.134872
   0   2   2       15.385233  476.351403
   0   3   1        0.062200    0.007786
   0   3   2        0.020441    0.000841
   0   3   3       15.444926  480.054994
   0   4   1       -0.018286    0.000673
   0   4   2       -0.283467    0.161705
   0   4   3       -0.279293    0.156979
   0   4   4       15.757054  499.653981
   2   1   1       15.227142  466.612197
   2   2   1       -0.030756    0.001904
   2   2   2       15.334600  473.221213
   2   3   1        0.268522    0.145103
   2   3   2       -0.015028    0.000454
   2   3   3       15.479732  482.221059
   2   4   1        0.037325    0.002804
   2   4   2       -0.121235    0.029578
   2   4   3        0.081354    0.013319
   2   4   4       15.573986  488.111332
   3   1   1       15.368395  475.309329
   3   2   1        0.297477    0.178085
   3   2   2       15.657916  493.386424
   3   3   1        0.025659    0.001325
   3   3   2       -0.199581    0.080160
   3   3   3       15.810781  503.067150
   3   4   1        0.021082    0.000894
   3   4   2       -0.353886    0.252027
   3   4   3        0.217421    0.095131
   3   4   4       15.813320  503.228732
   4   1   1       15.268588  469.155745
   4   2   1       -0.057216    0.006588
   4   2   2       15.376200  475.792226
   4   3   1        0.001406    0.000004
   4   3   2       -0.042085    0.003564
   4   3   3       15.478103  482.119582
   4   4   1        0.272146    0.149047
   4   4   2        0.000754    0.000001
   4   4   3       -0.003551    0.000025
   4   4   4       15.681267  494.859169
   5   1   1       15.415354  478.218424
   5   2   1       -0.044593    0.004002
   5   2   2       15.518686  484.651122
   5   3   1        0.301870    0.183383
   5   3   2        0.008348    0.000140
   5   3   3       15.798133  502.262607
   5   4   1       -0.031257    0.001966
   5   4   2        0.307996    0.190901
   5   4   3        0.092017    0.017039
   5   4   4       15.863854  506.450151
   6   1   1       15.326015  472.691486
   6   2   1       -0.079629    0.012760
   6   2   2       15.427755  478.988170
   6   3   1        0.219843    0.097263
   6   3   2        0.100898    0.020487
   6   3   3       16.122078  523.071833
   6   4   1       -0.001361    0.000004
   6   4   2        0.068812    0.009529
   6   4   3       -0.019944    0.000800
   6   4   4       15.549326  486.566735
   7   1   1       15.484102  482.493392
   7   2   1       -0.074395    0.011138
   7   2   2       15.589319  489.072919
   7   3   1        0.300528    0.181756
   7   3   2        0.062476    0.007855
   7   3   3       16.039935  517.755245
   7   4   1       -0.005214    0.000055
   7   4   2        0.049658    0.004962
   7   4   3       -0.032777    0.002162
   7   4   4       15.691164  495.483992
   8   1   1       15.442997  479.935086
   8   2   1        0.224814    0.101711
   8   2   2       16.271230  532.794911
   8   3   1       -0.196254    0.077510
   8   3   2       -0.113063    0.025726
   8   3   3       15.495383  483.196678
   8   4   1        0.194683    0.076274
   8   4   2       -0.208339    0.087349
   8   4   3       -0.046115    0.004280
   8   4   4       15.873794  507.085018
   9   1   1       15.631202  491.704342
   9   2   1       -0.246129    0.121911
   9   2   2       16.230279  530.116447
   9   3   1       -0.262551    0.138722
   9   3   2        0.144231    0.041864
   9   3   3       15.713538  496.898021
   9   4   1       -0.124712    0.031299
   9   4   2       -0.189034    0.071911
   9   4   3        0.010217    0.000210
   9   4   4       16.024983  516.790403
  10   1   1       16.363027  538.823609
  10   2   1       -0.233840    0.110041
  10   2   2       15.581368  488.574133
  10   3   1       -0.103976    0.021756
  10   3   2       -0.261488    0.137602
  10   3   3       15.738814  498.497900
  10   4   1        0.069913    0.009836
  10   4   2       -0.195660    0.077041
  10   4   3        0.272980    0.149962
  10   4   4       16.028842  517.039382
 
  E2 transition 
 
  I1  n1        I2  n2       <f||E2||i>   B(E2,I1->I2)  B(E2,I2->I1)
 ( 0   1) <--> ( 2   1)        0.446663      0.199508      0.039902   WU   136.872842     27.374568
 ( 0   1) <--> ( 2   2)       -0.043056      0.001854      0.000371   WU     1.271822      0.254364
 ( 0   1) <--> ( 2   3)        0.055767      0.003110      0.000622   WU     2.133602      0.426720
 ( 0   1) <--> ( 2   4)        0.027290      0.000745      0.000149   WU     0.510924      0.102185
 ( 0   2) <--> ( 2   1)        0.106285      0.011297      0.002259   WU     7.750032      1.550006
 ( 0   2) <--> ( 2   2)       -0.100240      0.010048      0.002010   WU     6.893566      1.378713
 ( 0   2) <--> ( 2   3)        0.467496      0.218553      0.043711   WU   149.938744     29.987749
 ( 0   2) <--> ( 2   4)        0.003550      0.000013      0.000003   WU     0.008647      0.001729
 ( 0   3) <--> ( 2   1)        0.113365      0.012852      0.002570   WU     8.816936      1.763387
 ( 0   3) <--> ( 2   2)        0.150766      0.022730      0.004546   WU    15.594300      3.118860
 ( 0   3) <--> ( 2   3)        0.111762      0.012491      0.002498   WU     8.569360      1.713872
 ( 0   3) <--> ( 2   4)        0.464435      0.215700      0.043140   WU   147.981917     29.596383
 ( 0   4) <--> ( 2   1)        0.022763      0.000518      0.000104   WU     0.355479      0.071096
 ( 0   4) <--> ( 2   2)        0.022229      0.000494      0.000099   WU     0.339001      0.067800
 ( 0   4) <--> ( 2   3)       -0.226756      0.051418      0.010284   WU    35.275833      7.055167
 ( 0   4) <--> ( 2   4)       -0.231394      0.053543      0.010709   WU    36.733537      7.346707
 ( 2   1) <--> ( 2   1)       -0.345911     -0.262177   (eb)
 ( 2   2) <--> ( 2   1)       -0.436079      0.038033      0.038033   WU    26.092695     26.092695
 ( 2   2) <--> ( 2   2)        0.353076      0.267608   (eb)
 ( 2   3) <--> ( 2   1)       -0.072933      0.001064      0.001064   WU     0.729850      0.729850
 ( 2   3) <--> ( 2   2)       -0.122609      0.003007      0.003007   WU     2.062698      2.062698
 ( 2   3) <--> ( 2   3)       -0.381557     -0.289195   (eb)
 ( 2   4) <--> ( 2   1)       -0.051265      0.000526      0.000526   WU     0.360606      0.360606
 ( 2   4) <--> ( 2   2)       -0.084974      0.001444      0.001444   WU     0.990737      0.990737
 ( 2   4) <--> ( 2   3)        0.146213      0.004276      0.004276   WU     2.933331      2.933331
 ( 2   4) <--> ( 2   4)       -0.233687     -0.177119   (eb)
 ( 2   1) <--> ( 3   1)       -0.066740      0.000891      0.000636   WU     0.611163      0.436545
 ( 2   1) <--> ( 3   2)        0.015732      0.000050      0.000035   WU     0.033961      0.024258
 ( 2   1) <--> ( 3   3)       -0.009236      0.000017      0.000012   WU     0.011704      0.008360
 ( 2   1) <--> ( 3   4)        0.010500      0.000022      0.000016   WU     0.015127      0.010805
 ( 2   2) <--> ( 3   1)       -0.710180      0.100871      0.072051   WU    69.203054     49.430753
 ( 2   2) <--> ( 3   2)       -0.084399      0.001425      0.001018   WU     0.977383      0.698131
 ( 2   2) <--> ( 3   3)        0.023390      0.000109      0.000078   WU     0.075070      0.053621
 ( 2   2) <--> ( 3   4)       -0.032797      0.000215      0.000154   WU     0.147588      0.105420
 ( 2   3) <--> ( 3   1)       -0.135038      0.003647      0.002605   WU     2.502076      1.787197
 ( 2   3) <--> ( 3   2)       -0.063164      0.000798      0.000570   WU     0.547426      0.391018
 ( 2   3) <--> ( 3   3)       -0.030930      0.000191      0.000137   WU     0.131268      0.093763
 ( 2   3) <--> ( 3   4)        0.001534      0.000000      0.000000   WU     0.000323      0.000231
 ( 2   4) <--> ( 3   1)        0.315882      0.019956      0.014254   WU    13.691071      9.779336
 ( 2   4) <--> ( 3   2)        0.393472      0.030964      0.022117   WU    21.242975     15.173553
 ( 2   4) <--> ( 3   3)        0.010559      0.000022      0.000016   WU     0.015299      0.010928
 ( 2   4) <--> ( 3   4)        0.000540      0.000000      0.000000   WU     0.000040      0.000029
 ( 2   1) <--> ( 4   1)        0.752064      0.113120      0.062845   WU    77.606459     43.114700
 ( 2   1) <--> ( 4   2)       -0.006096      0.000007      0.000004   WU     0.005099      0.002833
 ( 2   1) <--> ( 4   3)        0.003027      0.000002      0.000001   WU     0.001257      0.000698
 ( 2   1) <--> ( 4   4)        0.090741      0.001647      0.000915   WU     1.129780      0.627655
 ( 2   2) <--> ( 4   1)       -0.016656      0.000055      0.000031   WU     0.038064      0.021146
 ( 2   2) <--> ( 4   2)        0.542843      0.058936      0.032742   WU    40.433058     22.462810
 ( 2   2) <--> ( 4   3)       -0.104521      0.002185      0.001214   WU     1.498979      0.832766
 ( 2   2) <--> ( 4   4)        0.019336      0.000075      0.000042   WU     0.051298      0.028499
 ( 2   3) <--> ( 4   1)        0.191752      0.007354      0.004085   WU     5.045057      2.802809
 ( 2   3) <--> ( 4   2)       -0.117520      0.002762      0.001535   WU     1.895016      1.052787
 ( 2   3) <--> ( 4   3)       -0.007542      0.000011      0.000006   WU     0.007804      0.004336
 ( 2   3) <--> ( 4   4)        0.830873      0.138070      0.076706   WU    94.723404     52.624113
 ( 2   4) <--> ( 4   1)        0.130854      0.003425      0.001903   WU     2.349414      1.305230
 ( 2   4) <--> ( 4   2)        0.095026      0.001806      0.001003   WU     1.239013      0.688340
 ( 2   4) <--> ( 4   3)        0.006381      0.000008      0.000005   WU     0.005587      0.003104
 ( 2   4) <--> ( 4   4)        0.363014      0.026356      0.014642   WU    18.081550     10.045305
 ( 3   1) <--> ( 3   1)        0.000000      0.000000   (eb)
 ( 3   2) <--> ( 3   1)        0.000000      0.000000      0.000000   WU     0.000000      0.000000
 ( 3   2) <--> ( 3   2)        0.000000      0.000000   (eb)
 ( 3   3) <--> ( 3   1)        0.000000      0.000000      0.000000   WU     0.000000      0.000000
 ( 3   3) <--> ( 3   2)        0.000000      0.000000      0.000000   WU     0.000000      0.000000
 ( 3   3) <--> ( 3   3)        0.000000      0.000000   (eb)
 ( 3   4) <--> ( 3   1)        0.000000      0.000000      0.000000   WU     0.000000      0.000000
 ( 3   4) <--> ( 3   2)        0.000000      0.000000      0.000000   WU     0.000000      0.000000
 ( 3   4) <--> ( 3   3)        0.000000      0.000000      0.000000   WU     0.000000      0.000000
 ( 3   4) <--> ( 3   4)        0.000000      0.000000   (eb)
 ( 3   1) <--> ( 4   1)        0.361026      0.018620      0.014482   WU    12.774313      9.935577
 ( 3   1) <--> ( 4   2)       -0.460430      0.030285      0.023555   WU    20.777191     16.160037
 ( 3   1) <--> ( 4   3)       -0.512217      0.037481      0.029152   WU    25.713940     19.999731
 ( 3   1) <--> ( 4   4)        0.066302      0.000628      0.000488   WU     0.430832      0.335091
 ( 3   2) <--> ( 4   1)        0.032260      0.000149      0.000116   WU     0.102000      0.079333
 ( 3   2) <--> ( 4   2)       -0.114113      0.001860      0.001447   WU     1.276235      0.992627
 ( 3   2) <--> ( 4   3)       -0.148976      0.003171      0.002466   WU     2.175177      1.691805
 ( 3   2) <--> ( 4   4)        0.371160      0.019680      0.015307   WU    13.501540     10.501198
 ( 3   3) <--> ( 4   1)       -0.002450      0.000001      0.000001   WU     0.000588      0.000458
 ( 3   3) <--> ( 4   2)        0.059934      0.000513      0.000399   WU     0.352055      0.273820
 ( 3   3) <--> ( 4   3)        0.023363      0.000078      0.000061   WU     0.053497      0.041609
 ( 3   3) <--> ( 4   4)       -0.012177      0.000021      0.000016   WU     0.014534      0.011304
 ( 3   4) <--> ( 4   1)        0.002375      0.000001      0.000001   WU     0.000553      0.000430
 ( 3   4) <--> ( 4   2)       -0.054045      0.000417      0.000325   WU     0.286263      0.222649
 ( 3   4) <--> ( 4   3)       -0.033136      0.000157      0.000122   WU     0.107612      0.083698
 ( 3   4) <--> ( 4   4)       -0.051618      0.000381      0.000296   WU     0.261129      0.203101
 ( 3   1) <--> ( 5   1)        0.734895      0.077153      0.049097   WU    52.931096     33.683425
 ( 3   1) <--> ( 5   2)       -0.046221      0.000305      0.000194   WU     0.209382      0.133243
 ( 3   1) <--> ( 5   3)        0.069610      0.000692      0.000441   WU     0.474899      0.302208
 ( 3   1) <--> ( 5   4)        0.021635      0.000067      0.000043   WU     0.045874      0.029192
 ( 3   2) <--> ( 5   1)        0.201445      0.005797      0.003689   WU     3.977150      2.530914
 ( 3   2) <--> ( 5   2)       -0.090536      0.001171      0.000745   WU     0.803347      0.511221
 ( 3   2) <--> ( 5   3)        0.855732      0.104611      0.066571   WU    71.768684     45.670981
 ( 3   2) <--> ( 5   4)       -0.062223      0.000553      0.000352   WU     0.379453      0.241470
 ( 3   3) <--> ( 5   1)       -0.082197      0.000965      0.000614   WU     0.662173      0.421383
 ( 3   3) <--> ( 5   2)       -0.191722      0.005251      0.003342   WU     3.602510      2.292506
 ( 3   3) <--> ( 5   3)       -0.344570      0.016961      0.010794   WU    11.636303      7.404920
 ( 3   3) <--> ( 5   4)       -0.243467      0.008468      0.005389   WU     5.809494      3.696951
 ( 3   4) <--> ( 5   1)        0.064815      0.000600      0.000382   WU     0.411734      0.262012
 ( 3   4) <--> ( 5   2)        0.102179      0.001492      0.000949   WU     1.023256      0.651163
 ( 3   4) <--> ( 5   3)       -0.320473      0.014672      0.009337   WU    10.065650      6.405414
 ( 3   4) <--> ( 5   4)       -0.112819      0.001818      0.001157   WU     1.247451      0.793833
 ( 4   1) <--> ( 4   1)       -0.428899     -0.323431   (eb)
 ( 4   2) <--> ( 4   1)       -0.431035      0.020643      0.020643   WU    14.162486     14.162486
 ( 4   2) <--> ( 4   2)       -0.173224     -0.130627   (eb)
 ( 4   3) <--> ( 4   1)        0.038235      0.000162      0.000162   WU     0.111438      0.111438
 ( 4   3) <--> ( 4   2)       -0.567542      0.035789      0.035789   WU    24.553417     24.553417
 ( 4   3) <--> ( 4   3)        0.641512      0.483761   (eb)
 ( 4   4) <--> ( 4   1)       -0.116508      0.001508      0.001508   WU     1.034729      1.034729
 ( 4   4) <--> ( 4   2)       -0.138570      0.002134      0.002134   WU     1.463706      1.463706
 ( 4   4) <--> ( 4   3)       -0.024474      0.000067      0.000067   WU     0.045660      0.045660
 ( 4   4) <--> ( 4   4)       -0.696266     -0.525051   (eb)
 ( 4   1) <--> ( 5   1)       -0.043194      0.000207      0.000170   WU     0.142220      0.116362
 ( 4   1) <--> ( 5   2)        0.009390      0.000010      0.000008   WU     0.006721      0.005499
 ( 4   1) <--> ( 5   3)        0.026812      0.000080      0.000065   WU     0.054797      0.044834
 ( 4   1) <--> ( 5   4)       -0.001337      0.000000      0.000000   WU     0.000136      0.000111
 ( 4   2) <--> ( 5   1)       -0.632843      0.044499      0.036408   WU    30.528629     24.977969
 ( 4   2) <--> ( 5   2)       -0.124542      0.001723      0.001410   WU     1.182359      0.967384
 ( 4   2) <--> ( 5   3)       -0.079294      0.000699      0.000572   WU     0.479285      0.392142
 ( 4   2) <--> ( 5   4)        0.023471      0.000061      0.000050   WU     0.041994      0.034359
 ( 4   3) <--> ( 5   1)        0.038529      0.000165      0.000135   WU     0.113159      0.092585
 ( 4   3) <--> ( 5   2)       -0.946018      0.099439      0.081359   WU    68.220318     55.816624
 ( 4   3) <--> ( 5   3)       -0.028907      0.000093      0.000076   WU     0.063699      0.052118
 ( 4   3) <--> ( 5   4)       -0.086869      0.000838      0.000686   WU     0.575237      0.470649
 ( 4   4) <--> ( 5   1)       -0.119741      0.001593      0.001303   WU     1.092959      0.894239
 ( 4   4) <--> ( 5   2)       -0.014345      0.000023      0.000019   WU     0.015687      0.012835
 ( 4   4) <--> ( 5   3)       -0.060561      0.000408      0.000333   WU     0.279574      0.228743
 ( 4   4) <--> ( 5   4)        0.005292      0.000003      0.000003   WU     0.002134      0.001746
 ( 4   1) <--> ( 6   1)        1.014573      0.114373      0.079181   WU    78.466138     54.322711
 ( 4   1) <--> ( 6   2)        0.013455      0.000020      0.000014   WU     0.013801      0.009554
 ( 4   1) <--> ( 6   3)        0.072201      0.000579      0.000401   WU     0.397380      0.275110
 ( 4   1) <--> ( 6   4)        0.003140      0.000001      0.000001   WU     0.000751      0.000520
 ( 4   2) <--> ( 6   1)       -0.086174      0.000825      0.000571   WU     0.566068      0.391893
 ( 4   2) <--> ( 6   2)        0.866699      0.083463      0.057782   WU    57.260056     39.641577
 ( 4   2) <--> ( 6   3)        0.007392      0.000006      0.000004   WU     0.004165      0.002884
 ( 4   2) <--> ( 6   4)        0.040228      0.000180      0.000124   WU     0.123360      0.085403
 ( 4   3) <--> ( 6   1)       -0.073442      0.000599      0.000415   WU     0.411154      0.284645
 ( 4   3) <--> ( 6   2)        0.050632      0.000285      0.000197   WU     0.195416      0.135288
 ( 4   3) <--> ( 6   3)       -0.018981      0.000040      0.000028   WU     0.027463      0.019013
 ( 4   3) <--> ( 6   4)       -0.628789      0.043931      0.030414   WU    30.138744     20.865284
 ( 4   4) <--> ( 6   1)        0.303776      0.010253      0.007098   WU     7.034315      4.869910
 ( 4   4) <--> ( 6   2)       -0.030611      0.000104      0.000072   WU     0.071429      0.049451
 ( 4   4) <--> ( 6   3)        1.244158      0.171992      0.119071   WU   117.995693     81.689326
 ( 4   4) <--> ( 6   4)        0.010228      0.000012      0.000008   WU     0.007974      0.005520
 ( 5   1) <--> ( 5   1)       -0.271192     -0.196920   (eb)
 ( 5   2) <--> ( 5   1)       -0.452029      0.018576      0.018576   WU    12.743792     12.743792
 ( 5   2) <--> ( 5   2)        0.291495      0.211662   (eb)
 ( 5   3) <--> ( 5   1)       -0.079636      0.000577      0.000577   WU     0.395537      0.395537
 ( 5   3) <--> ( 5   2)       -0.099648      0.000903      0.000903   WU     0.619300      0.619300
 ( 5   3) <--> ( 5   3)       -0.438041     -0.318074   (eb)
 ( 5   4) <--> ( 5   1)       -0.024346      0.000054      0.000054   WU     0.036967      0.036967
 ( 5   4) <--> ( 5   2)        0.083011      0.000626      0.000626   WU     0.429775      0.429775
 ( 5   4) <--> ( 5   3)       -0.507288      0.023395      0.023395   WU    16.049954     16.049954
 ( 5   4) <--> ( 5   4)        0.306563      0.222603   (eb)
 ( 5   1) <--> ( 6   1)        0.460580      0.019285      0.016318   WU    13.230445     11.194992
 ( 5   1) <--> ( 6   2)       -0.414474      0.015617      0.013215   WU    10.714213      9.065873
 ( 5   1) <--> ( 6   3)        0.055798      0.000283      0.000239   WU     0.194178      0.164304
 ( 5   1) <--> ( 6   4)        0.333259      0.010097      0.008543   WU     6.926759      5.861103
 ( 5   2) <--> ( 6   1)       -0.016084      0.000024      0.000020   WU     0.016134      0.013652
 ( 5   2) <--> ( 6   2)        0.316822      0.009125      0.007721   WU     6.260327      5.297200
 ( 5   2) <--> ( 6   3)       -0.017715      0.000029      0.000024   WU     0.019573      0.016562
 ( 5   2) <--> ( 6   4)        0.606150      0.033402      0.028263   WU    22.915287     19.389858
 ( 5   3) <--> ( 6   1)        0.046693      0.000198      0.000168   WU     0.135980      0.115060
 ( 5   3) <--> ( 6   2)       -0.114927      0.001201      0.001016   WU     0.823778      0.697043
 ( 5   3) <--> ( 6   3)        0.291234      0.007711      0.006524   WU     5.289926      4.476091
 ( 5   3) <--> ( 6   4)        0.137469      0.001718      0.001454   WU     1.178615      0.997290
 ( 5   4) <--> ( 6   1)       -0.001173      0.000000      0.000000   WU     0.000086      0.000073
 ( 5   4) <--> ( 6   2)        0.040652      0.000150      0.000127   WU     0.103068      0.087211
 ( 5   4) <--> ( 6   3)        0.041729      0.000158      0.000134   WU     0.108604      0.091896
 ( 5   4) <--> ( 6   4)        0.143382      0.001869      0.001581   WU     1.282192      1.084932
 ( 5   1) <--> ( 7   1)        1.051737      0.100559      0.073743   WU    68.989012     50.591942
 ( 5   1) <--> ( 7   2)        0.000229      0.000000      0.000000   WU     0.000003      0.000002
 ( 5   1) <--> ( 7   3)        0.066351      0.000400      0.000293   WU     0.274574      0.201354
 ( 5   1) <--> ( 7   4)       -0.007499      0.000005      0.000004   WU     0.003507      0.002572
 ( 5   2) <--> ( 7   1)       -0.036445      0.000121      0.000089   WU     0.082841      0.060750
 ( 5   2) <--> ( 7   2)        0.775905      0.054730      0.040135   WU    37.547587     27.534897
 ( 5   2) <--> ( 7   3)        0.023088      0.000048      0.000036   WU     0.033246      0.024381
 ( 5   2) <--> ( 7   4)        0.044426      0.000179      0.000132   WU     0.123096      0.090270
 ( 5   3) <--> ( 7   1)        0.329636      0.009878      0.007244   WU     6.776970      4.969778
 ( 5   3) <--> ( 7   2)       -0.060557      0.000333      0.000244   WU     0.228716      0.167725
 ( 5   3) <--> ( 7   3)        1.290171      0.151322      0.110969   WU   103.814898     76.130926
 ( 5   3) <--> ( 7   4)       -0.034114      0.000106      0.000078   WU     0.072583      0.053227
 ( 5   4) <--> ( 7   1)       -0.009789      0.000009      0.000006   WU     0.005977      0.004383
 ( 5   4) <--> ( 7   2)        0.272267      0.006739      0.004942   WU     4.623344      3.390452
 ( 5   4) <--> ( 7   3)        0.313200      0.008918      0.006540   WU     6.117985      4.486523
 ( 5   4) <--> ( 7   4)        0.019613      0.000035      0.000026   WU     0.023990      0.017593
 ( 6   1) <--> ( 6   1)       -0.489175     -0.341052   (eb)
 ( 6   2) <--> ( 6   1)       -0.445324      0.015255      0.015255   WU    10.465642     10.465642
 ( 6   2) <--> ( 6   2)       -0.447468     -0.311973   (eb)
 ( 6   3) <--> ( 6   1)       -0.130269      0.001305      0.001305   WU     0.895570      0.895570
 ( 6   3) <--> ( 6   2)       -0.171640      0.002266      0.002266   WU     1.554719      1.554719
 ( 6   3) <--> ( 6   3)       -1.470301     -1.025089   (eb)
 ( 6   4) <--> ( 6   1)       -0.064275      0.000318      0.000318   WU     0.218023      0.218023
 ( 6   4) <--> ( 6   2)        0.620816      0.029647      0.029647   WU    20.339508     20.339508
 ( 6   4) <--> ( 6   3)        0.000854      0.000000      0.000000   WU     0.000038      0.000038
 ( 6   4) <--> ( 6   4)        0.303145      0.211352   (eb)
 ( 6   1) <--> ( 7   1)       -0.018501      0.000026      0.000023   WU     0.018063      0.015655
 ( 6   1) <--> ( 7   2)        0.009046      0.000006      0.000005   WU     0.004319      0.003743
 ( 6   1) <--> ( 7   3)        0.032213      0.000080      0.000069   WU     0.054762      0.047460
 ( 6   1) <--> ( 7   4)       -0.000095      0.000000      0.000000   WU     0.000000      0.000000
 ( 6   2) <--> ( 7   1)       -0.590664      0.026837      0.023259   WU    18.411793     15.956887
 ( 6   2) <--> ( 7   2)       -0.108295      0.000902      0.000782   WU     0.618913      0.536391
 ( 6   2) <--> ( 7   3)       -0.065456      0.000330      0.000286   WU     0.226110      0.195962
 ( 6   2) <--> ( 7   4)       -0.012775      0.000013      0.000011   WU     0.008613      0.007464
 ( 6   3) <--> ( 7   1)       -0.000155      0.000000      0.000000   WU     0.000001      0.000001
 ( 6   3) <--> ( 7   2)       -0.002672      0.000001      0.000000   WU     0.000377      0.000327
 ( 6   3) <--> ( 7   3)       -0.122056      0.001146      0.000993   WU     0.786198      0.681372
 ( 6   3) <--> ( 7   4)        0.012370      0.000012      0.000010   WU     0.008075      0.006998
 ( 6   4) <--> ( 7   1)       -0.186896      0.002687      0.002329   WU     1.843383      1.597599
 ( 6   4) <--> ( 7   2)        0.920960      0.065244      0.056545   WU    44.760640     38.792554
 ( 6   4) <--> ( 7   3)        0.021549      0.000036      0.000031   WU     0.024506      0.021239
 ( 6   4) <--> ( 7   4)       -0.160140      0.001973      0.001710   WU     1.353359      1.172911
 ( 6   1) <--> ( 8   1)        1.268788      0.123833      0.094695   WU    84.955733     64.966149
 ( 6   1) <--> ( 8   2)       -0.049940      0.000192      0.000147   WU     0.131616      0.100648
 ( 6   1) <--> ( 8   3)        0.022282      0.000038      0.000029   WU     0.026201      0.020036
 ( 6   1) <--> ( 8   4)        0.081320      0.000509      0.000389   WU     0.348987      0.266873
 ( 6   2) <--> ( 8   1)       -0.101754      0.000796      0.000609   WU     0.546407      0.417841
 ( 6   2) <--> ( 8   2)        0.518887      0.020711      0.015838   WU    14.208873     10.865609
 ( 6   2) <--> ( 8   3)        1.039260      0.083082      0.063533   WU    56.998485     43.587076
 ( 6   2) <--> ( 8   4)        0.066834      0.000344      0.000263   WU     0.235725      0.180260
 ( 6   3) <--> ( 8   1)        0.563272      0.024406      0.018663   WU    16.743700     12.804006
 ( 6   3) <--> ( 8   2)        1.971907      0.299109      0.228730   WU   205.204734    156.921267
 ( 6   3) <--> ( 8   3)       -0.585523      0.026372      0.020167   WU    18.092637     13.835546
 ( 6   3) <--> ( 8   4)        0.249872      0.004803      0.003673   WU     3.294955      2.519672
 ( 6   4) <--> ( 8   1)        0.076577      0.000451      0.000345   WU     0.309465      0.236649
 ( 6   4) <--> ( 8   2)       -0.058695      0.000265      0.000203   WU     0.181811      0.139032
 ( 6   4) <--> ( 8   3)        0.028784      0.000064      0.000049   WU     0.043723      0.033435
 ( 6   4) <--> ( 8   4)        0.478323      0.017599      0.013458   WU    12.074165      9.233185
 ( 7   1) <--> ( 7   1)       -0.401908     -0.269143   (eb)
 ( 7   2) <--> ( 7   1)       -0.519043      0.017960      0.017960   WU    12.321781     12.321781
 ( 7   2) <--> ( 7   2)       -0.025548     -0.017108   (eb)
 ( 7   3) <--> ( 7   1)       -0.142475      0.001353      0.001353   WU     0.928414      0.928414
 ( 7   3) <--> ( 7   2)       -0.102179      0.000696      0.000696   WU     0.477516      0.477516
 ( 7   3) <--> ( 7   3)       -0.929607     -0.622522   (eb)
 ( 7   4) <--> ( 7   1)       -0.011492      0.000009      0.000009   WU     0.006040      0.006040
 ( 7   4) <--> ( 7   2)        0.642317      0.027505      0.027505   WU    18.869706     18.869706
 ( 7   4) <--> ( 7   3)        0.111591      0.000830      0.000830   WU     0.569541      0.569541
 ( 7   4) <--> ( 7   4)        0.492626      0.329893   (eb)
 ( 7   1) <--> ( 8   1)        0.531288      0.018818      0.016604   WU    12.910027     11.391200
 ( 7   1) <--> ( 8   2)       -0.154893      0.001599      0.001411   WU     1.097305      0.968211
 ( 7   1) <--> ( 8   3)       -0.356129      0.008455      0.007460   WU     5.800720      5.118282
 ( 7   1) <--> ( 8   4)        0.161577      0.001740      0.001536   WU     1.194052      1.053575
 ( 7   2) <--> ( 8   1)       -0.021961      0.000032      0.000028   WU     0.022058      0.019463
 ( 7   2) <--> ( 8   2)        0.110121      0.000808      0.000713   WU     0.554633      0.489382
 ( 7   2) <--> ( 8   3)        0.430803      0.012373      0.010917   WU     8.488353      7.489724
 ( 7   2) <--> ( 8   4)        0.377844      0.009518      0.008398   WU     6.529682      5.761484
 ( 7   3) <--> ( 8   1)        0.077223      0.000398      0.000351   WU     0.272745      0.240657
 ( 7   3) <--> ( 8   2)        0.174936      0.002040      0.001800   WU     1.399661      1.234995
 ( 7   3) <--> ( 8   3)       -0.238485      0.003792      0.003346   WU     2.601294      2.295259
 ( 7   3) <--> ( 8   4)        0.670347      0.029958      0.026433   WU    20.552559     18.134611
 ( 7   4) <--> ( 8   1)       -0.003390      0.000001      0.000001   WU     0.000526      0.000464
 ( 7   4) <--> ( 8   2)       -0.019008      0.000024      0.000021   WU     0.016525      0.014581
 ( 7   4) <--> ( 8   3)        0.002463      0.000000      0.000000   WU     0.000277      0.000245
 ( 7   4) <--> ( 8   4)        0.105557      0.000743      0.000655   WU     0.509612      0.449658
 ( 7   1) <--> ( 9   1)        1.336625      0.119104      0.094030   WU    81.712030     64.509497
 ( 7   1) <--> ( 9   2)        0.041052      0.000112      0.000089   WU     0.077080      0.060852
 ( 7   1) <--> ( 9   3)        0.047174      0.000148      0.000117   WU     0.101783      0.080355
 ( 7   1) <--> ( 9   4)       -0.028853      0.000055      0.000044   WU     0.038074      0.030059
 ( 7   2) <--> ( 9   1)       -0.074886      0.000374      0.000295   WU     0.256486      0.202489
 ( 7   2) <--> ( 9   2)       -0.622505      0.025834      0.020395   WU    17.723609     13.992323
 ( 7   2) <--> ( 9   3)        0.947928      0.059904      0.047293   WU    41.097643     32.445508
 ( 7   2) <--> ( 9   4)       -0.066851      0.000298      0.000235   WU     0.204402      0.161370
 ( 7   3) <--> ( 9   1)        0.619671      0.025599      0.020210   WU    17.562621     13.865227
 ( 7   3) <--> ( 9   2)       -1.531631      0.156393      0.123468   WU   107.293877     84.705692
 ( 7   3) <--> ( 9   3)       -0.864103      0.049778      0.039299   WU    34.150540     26.960953
 ( 7   3) <--> ( 9   4)       -0.295769      0.005832      0.004604   WU     4.001044      3.158719
 ( 7   4) <--> ( 9   1)        0.011508      0.000009      0.000007   WU     0.006057      0.004782
 ( 7   4) <--> ( 9   2)        0.140170      0.001310      0.001034   WU     0.898625      0.709440
 ( 7   4) <--> ( 9   3)        0.048137      0.000154      0.000122   WU     0.105981      0.083669
 ( 7   4) <--> ( 9   4)       -0.656453      0.028729      0.022681   WU    19.709414     15.560064
 ( 8   1) <--> ( 8   1)       -0.596855     -0.384491   (eb)
 ( 8   2) <--> ( 8   1)       -0.423397      0.010545      0.010545   WU     7.234423      7.234423
 ( 8   2) <--> ( 8   2)       -1.861885     -1.199419   (eb)
 ( 8   3) <--> ( 8   1)       -0.339697      0.006788      0.006788   WU     4.656853      4.656853
 ( 8   3) <--> ( 8   2)        0.268438      0.004239      0.004239   WU     2.908007      2.908007
 ( 8   3) <--> ( 8   3)       -0.624602     -0.402366   (eb)
 ( 8   4) <--> ( 8   1)       -0.163724      0.001577      0.001577   WU     1.081763      1.081763
 ( 8   4) <--> ( 8   2)        0.426901      0.010720      0.010720   WU     7.354670      7.354670
 ( 8   4) <--> ( 8   3)        0.106489      0.000667      0.000667   WU     0.457630      0.457630
 ( 8   4) <--> ( 8   4)       -0.681017     -0.438708   (eb)
 ( 8   1) <--> ( 9   1)        0.005257      0.000002      0.000001   WU     0.001115      0.000998
 ( 8   1) <--> ( 9   2)       -0.011329      0.000008      0.000007   WU     0.005180      0.004635
 ( 8   1) <--> ( 9   3)       -0.004594      0.000001      0.000001   WU     0.000852      0.000762
 ( 8   1) <--> ( 9   4)       -0.026753      0.000042      0.000038   WU     0.028884      0.025844
 ( 8   2) <--> ( 9   1)       -0.174318      0.001787      0.001599   WU     1.226289      1.097206
 ( 8   2) <--> ( 9   2)        0.177338      0.001850      0.001655   WU     1.269151      1.135556
 ( 8   2) <--> ( 9   3)        0.042395      0.000106      0.000095   WU     0.072534      0.064899
 ( 8   2) <--> ( 9   4)       -0.025447      0.000038      0.000034   WU     0.026132      0.023381
 ( 8   3) <--> ( 9   1)       -0.546437      0.017564      0.015715   WU    12.050051     10.781625
 ( 8   3) <--> ( 9   2)       -0.007137      0.000003      0.000003   WU     0.002056      0.001839
 ( 8   3) <--> ( 9   3)       -0.070246      0.000290      0.000260   WU     0.199135      0.178173
 ( 8   3) <--> ( 9   4)        0.060618      0.000216      0.000193   WU     0.148288      0.132679
 ( 8   4) <--> ( 9   1)       -0.242885      0.003470      0.003105   WU     2.380729      2.130126
 ( 8   4) <--> ( 9   2)       -0.505736      0.015045      0.013462   WU    10.321841      9.235331
 ( 8   4) <--> ( 9   3)        0.179199      0.001889      0.001690   WU     1.295926      1.159513
 ( 8   4) <--> ( 9   4)        0.134322      0.001061      0.000950   WU     0.728124      0.651479
 ( 8   1) <--> (10   1)        0.953326      0.053461      0.043278   WU    36.676852     29.690785
 ( 8   1) <--> (10   2)        1.274660      0.095574      0.077369   WU    65.568827     53.079527
 ( 8   1) <--> (10   3)        0.062718      0.000231      0.000187   WU     0.158742      0.128506
 ( 8   1) <--> (10   4)       -0.045723      0.000123      0.000100   WU     0.084367      0.068297
 ( 8   2) <--> (10   1)        2.402039      0.339400      0.274752   WU   232.846187    188.494532
 ( 8   2) <--> (10   2)       -0.937497      0.051700      0.041852   WU    35.468970     28.712976
 ( 8   2) <--> (10   3)        0.020189      0.000024      0.000019   WU     0.016448      0.013315
 ( 8   2) <--> (10   4)       -0.168356      0.001667      0.001350   WU     1.143841      0.925967
 ( 8   3) <--> (10   1)       -0.473875      0.013209      0.010693   WU     9.062249      7.336106
 ( 8   3) <--> (10   2)       -0.188050      0.002080      0.001684   WU     1.427103      1.155274
 ( 8   3) <--> (10   3)        1.326028      0.103432      0.083731   WU    70.960128     57.443913
 ( 8   3) <--> (10   4)       -0.458068      0.012343      0.009992   WU     8.467757      6.854851
 ( 8   4) <--> (10   1)       -0.279458      0.004594      0.003719   WU     3.151677      2.551357
 ( 8   4) <--> (10   2)        0.637145      0.023880      0.019331   WU    16.382696     13.262182
 ( 8   4) <--> (10   3)       -0.778341      0.035636      0.028848   WU    24.448284     19.791468
 ( 8   4) <--> (10   4)       -1.513723      0.134786      0.109112   WU    92.470161     74.856797
 ( 9   1) <--> ( 9   1)       -0.540911     -0.335842   (eb)
 ( 9   2) <--> ( 9   1)        0.521166      0.014295      0.014295   WU     9.807475      9.807475
 ( 9   2) <--> ( 9   2)       -1.329693     -0.825582   (eb)
 ( 9   3) <--> ( 9   1)       -0.343298      0.006203      0.006203   WU     4.255458      4.255458
 ( 9   3) <--> ( 9   2)       -0.423536      0.009441      0.009441   WU     6.477152      6.477152
 ( 9   3) <--> ( 9   3)       -0.392774     -0.243866   (eb)
 ( 9   4) <--> ( 9   1)        0.092994      0.000455      0.000455   WU     0.312256      0.312256
 ( 9   4) <--> ( 9   2)        0.642269      0.021711      0.021711   WU    14.894935     14.894935
 ( 9   4) <--> ( 9   3)       -0.315947      0.005254      0.005254   WU     3.604409      3.604409
 ( 9   4) <--> ( 9   4)       -0.221917     -0.137784   (eb)
 ( 9   1) <--> (10   1)        0.209035      0.002300      0.002081   WU     1.577772      1.427508
 ( 9   1) <--> (10   2)        0.600516      0.018980      0.017172   WU    13.021286     11.781164
 ( 9   1) <--> (10   3)       -0.378346      0.007534      0.006816   WU     5.168724      4.676465
 ( 9   1) <--> (10   4)       -0.031656      0.000053      0.000048   WU     0.036183      0.032737
 ( 9   2) <--> (10   1)       -0.210879      0.002341      0.002118   WU     1.605720      1.452794
 ( 9   2) <--> (10   2)        0.080233      0.000339      0.000307   WU     0.232441      0.210304
 ( 9   2) <--> (10   3)        0.231286      0.002815      0.002547   WU     1.931537      1.747581
 ( 9   2) <--> (10   4)        0.849959      0.038023      0.034401   WU    26.085589     23.601247
 ( 9   3) <--> (10   1)       -0.065647      0.000227      0.000205   WU     0.155608      0.140788
 ( 9   3) <--> (10   2)       -0.048240      0.000122      0.000111   WU     0.084028      0.076025
 ( 9   3) <--> (10   3)        0.627651      0.020734      0.018759   WU    14.224630     12.869903
 ( 9   3) <--> (10   4)       -0.055783      0.000164      0.000148   WU     0.112358      0.101657
 ( 9   4) <--> (10   1)        0.039665      0.000083      0.000075   WU     0.056810      0.051399
 ( 9   4) <--> (10   2)       -0.054635      0.000157      0.000142   WU     0.107784      0.097519
 ( 9   4) <--> (10   3)        0.098725      0.000513      0.000464   WU     0.351934      0.318416
 ( 9   4) <--> (10   4)        0.131764      0.000914      0.000827   WU     0.626901      0.567196
 (10   1) <--> (10   1)       -2.200563     -1.319443   (eb)
 (10   2) <--> (10   1)        0.461855      0.010158      0.010158   WU     6.968663      6.968663
 (10   2) <--> (10   2)       -0.675785     -0.405196   (eb)
 (10   3) <--> (10   1)       -0.156246      0.001163      0.001163   WU     0.797548      0.797548
 (10   3) <--> (10   2)       -0.197182      0.001851      0.001851   WU     1.270204      1.270204
 (10   3) <--> (10   3)       -0.877012     -0.525851   (eb)
 (10   4) <--> (10   1)       -0.224471      0.002399      0.002399   WU     1.646112      1.646112
 (10   4) <--> (10   2)        0.553658      0.014597      0.014597   WU    10.014324     10.014324
 (10   4) <--> (10   3)       -0.272810      0.003544      0.003544   WU     2.431420      2.431420
 (10   4) <--> (10   4)       -1.151870     -0.690653   (eb)
 
  quadrupole shape invariant: 01+, 02+, 03+, 04+
quadr2     0.20685294     0.24617093     0.33585432     0.56151353
quadr3     0.05128389     0.04812585     0.16936100     0.44171837
  effective deformation parameters:  01+, 02+, 03+, 04+
beteff     0.26392419     0.28791662     0.33629764     0.43483897
cos3ga     0.54511537     0.39402453     0.87013572     1.04979649
 
 ********* END Transition **************************
