 ********* BEGIN READER ****************************
 
 Nucleus            :  Rf 104 234
 Imin, Imax         :     0  10
 imu, remu          :     1 12.0000
 nlevel             :     4
 observables        :     2
 wave fun           :     1
 nbet, ngam, npar   :    10   7  10
 Finish reading parameters: V, B_k ...
 
 ********* END READER ******************************
 
 ********* BEGIN LEVELS ********************
 
 E_0 = -2188.107313
 
  I=   0   ntot= 127
   0   1    0.000000
   0   2    0.944011
   0   3    1.325149
   0   4    1.520763
 
  I=   2   ntot= 234
   2   1    0.093346
   2   2    1.007457
   2   3    1.058294
   2   4    1.425564
 
  I=   3   ntot= 108
   3   1    1.179319
   3   2    1.505591
   3   3    1.930752
   3   4    2.164106
 
  I=   4   ntot= 324
   4   1    0.300835
   4   2    1.140653
   4   3    1.295268
   4   4    1.562108
 
  I=   5   ntot= 198
   5   1    1.461393
   5   2    1.652368
   5   3    1.907353
   5   4    2.091156
 
  I=   6   ntot= 432
   6   1    0.609592
   6   2    1.329620
   6   3    1.587527
   6   4    1.737474
 
  I=   7   ntot= 306
   7   1    1.746430
   7   2    1.915984
   7   3    2.090146
   7   4    2.307130
 
  I=   8   ntot= 522
   8   1    1.006221
   8   2    1.564189
   8   3    1.847135
   8   4    1.977754
 
  I=   9   ntot= 397
   9   1    1.983544
   9   2    2.301310
   9   3    2.312579
   9   4    2.599343
 
  I=  10   ntot= 630
  10   1    1.472137
  10   2    1.838265
  10   3    2.097109
  10   4    2.244436
 
 ********* END LEVELS **********************
 
 ********* BEGIN Transition ************************
 
  Monopole moment 
 
   I   n    <In|E0|In>   ave \beta      del<b>   ave \gamma    del<g>  
     K=0       K=2       K=4   
   0   1     42.974864    0.257346    0.046814   12.083299    9.403548  100.0000    0.0000    0.0000
   0   2     44.015556    0.383447    0.085513   10.910325    7.848216   99.9999    0.0000    0.0000
   0   3     44.157243    0.386973    0.138708   15.912532   10.250597   99.9999    0.0000    0.0000
   0   4     44.395411    0.405645    0.151269   16.850306   10.938205   99.9997    0.0000    0.0000
   2   1     42.988400    0.259644    0.047150   11.863504    9.267256   99.9695    0.0305    0.0000
   2   2     44.089236    0.390463    0.085119   10.942602    7.631424   98.0792    1.9206    0.0000
   2   3     43.132951    0.272814    0.067206   18.536935   10.737819    2.6333   97.3667    0.0000
   2   4     44.748224    0.441333    0.128702   14.572712    7.974030   98.3924    1.6073    0.0000
   3   1     43.172204    0.278708    0.067501   17.713357    9.485779    0.0000  100.0000    0.0000
   3   2     45.322794    0.483669    0.087729   15.235568    7.131705    0.0000   99.9997    0.0000
   3   3     45.260087    0.481503    0.127773   14.914444    6.897187    0.0000   99.9994    0.0000
   3   4     44.821411    0.429006    0.095577   22.556686   11.997029    0.0000   99.9998    0.0000
   4   1     43.016968    0.264336    0.048269   11.556052    9.158764   99.7673    0.2311    0.0016
   4   2     44.261551    0.406609    0.083151   10.916901    6.933291   99.3520    0.6387    0.0092
   4   3     43.265936    0.290543    0.080204   17.649891    9.992802    3.2956   95.9631    0.7412
   4   4     45.296375    0.482976    0.103725   14.980748    7.109740   40.3289   59.5314    0.1393
   5   1     43.509419    0.320581    0.097964   16.407143    9.167142    0.0000   99.2128    0.7872
   5   2     45.238301    0.477836    0.106531   15.086320    7.167711    0.0000   99.3772    0.6225
   5   3     45.661368    0.503331    0.076602   17.223423    7.339204    0.0000    0.8649   99.1348
   5   4     45.350691    0.488865    0.125718   14.685566    6.684079    0.0000   98.9716    1.0278
   6   1     43.062166    0.271441    0.050857   11.260932    9.150095   99.3000    0.6934    0.0062
   6   2     44.463278    0.424197    0.083449   11.121847    6.453782   98.7492    1.2406    0.0094
   6   3     43.913842    0.363218    0.115233   16.235495    8.938463    7.2974   91.0287    1.5824
   6   4     45.034603    0.463516    0.128438   14.995183    7.297329   43.5469   55.6137    0.7986
   7   1     44.920724    0.453739    0.101943   14.951820    7.288771    0.0000   97.9757    2.0021
   7   2     44.207959    0.392580    0.149828   15.620735    8.436590    0.0000   97.8141    2.1448
   7   3     45.874992    0.519936    0.070860   16.565891    6.955983    0.0000    2.7803   95.7908
   7   4     45.335006    0.488132    0.128941   14.513557    6.600003    0.0000   98.3182    1.6370
   8   1     43.137245    0.282552    0.056714   11.034610    9.246112   98.5096    1.4709    0.0184
   8   2     44.704297    0.443675    0.086762   11.609807    6.192605   96.0328    3.9224    0.0437
   8   3     45.216003    0.477253    0.096092   14.934263    6.959424   17.3258   79.8390    2.7700
   8   4     45.544037    0.505058    0.108967   13.755537    6.350748   84.9051   14.3676    0.7087
   9   1     45.632871    0.508029    0.078460   14.555773    6.625665    0.0000   95.1264    4.7936
   9   2     44.563208    0.424295    0.137136   15.738235    7.187791    0.0000   76.2167   23.0261
   9   3     45.726457    0.511732    0.094309   15.859963    7.165457    0.0000   26.0469   70.5334
   9   4     44.951500    0.458462    0.145668   14.619037    7.098747    0.0000   95.8151    3.8408
  10   1     43.306671    0.305315    0.071257   10.989766    9.092822   97.2013    2.7504    0.0460
  10   2     44.974055    0.463639    0.096091   12.470800    6.294217   89.4330   10.3053    0.2567
  10   3     45.499357    0.499863    0.088166   14.412569    6.249896   26.4195   68.3137    5.1313
  10   4     45.713965    0.517892    0.104580   13.498869    6.094900   81.2244   16.2690    2.4185
 
  rho^2(E0) 
 
   I  n_1 n_2  <In_1|E0|In_2>  rho^2(E0) 
   0   1   1       42.974864 4091.491743
   0   2   1        0.250681    0.139218
   0   2   2       44.015556 4292.052515
   0   3   1        0.060735    0.008172
   0   3   2       -0.716060    1.135930
   0   3   3       44.157243 4319.729494
   0   4   1        0.081938    0.014874
   0   4   2       -0.333934    0.247043
   0   4   3        1.049299    2.439222
   0   4   4       44.395411 4366.453126
   2   1   1       42.988400 4094.069558
   2   2   1        0.251524    0.140156
   2   2   2       44.089236 4306.434090
   2   3   1        0.033101    0.002427
   2   3   2        0.171966    0.065514
   2   3   3       43.132951 4121.648797
   2   4   1        0.091553    0.018569
   2   4   2       -0.769258    1.310982
   2   4   3       -0.104612    0.024245
   2   4   4       44.748224 4436.129867
   3   1   1       43.172204 4129.154151
   3   2   1       -0.454490    0.457615
   3   2   2       45.322794 4550.781659
   3   3   1       -0.164508    0.059955
   3   3   2       -1.029452    2.347821
   3   3   3       45.260087 4538.197691
   3   4   1        0.022955    0.001167
   3   4   2        0.136850    0.041490
   3   4   3       -0.349344    0.270371
   3   4   4       44.821411 4450.652616
   4   1   1       43.016968 4099.512692
   4   2   1       -0.264148    0.154578
   4   2   2       44.261551 4340.161731
   4   3   1       -0.009080    0.000183
   4   3   2        0.148417    0.048800
   4   3   3       43.265936 4147.103246
   4   4   1        0.071205    0.011233
   4   4   2        0.503220    0.561008
   4   4   3        0.522158    0.604028
   4   4   4       45.296375 4545.477750
   5   1   1       43.509419 4193.911126
   5   2   1       -0.841544    1.568940
   5   2   2       45.238301 4533.829913
   5   3   1       -0.003365    0.000025
   5   3   2        0.006809    0.000103
   5   3   3       45.661368 4619.026863
   5   4   1       -0.042253    0.003955
   5   4   2       -1.067569    2.524902
   5   4   3        0.082327    0.015015
   5   4   4       45.350691 4556.385491
   6   1   1       43.062166 4108.131924
   6   2   1       -0.291646    0.188437
   6   2   2       44.463278 4379.813394
   6   3   1       -0.018023    0.000720
   6   3   2       -0.217468    0.104772
   6   3   3       43.913842 4272.238716
   6   4   1        0.081834    0.014836
   6   4   2        0.568095    0.714982
   6   4   3       -0.951758    2.006806
   6   4   4       45.034603 4493.092152
   7   1   1       44.920724 4470.397442
   7   2   1       -1.170786    3.036742
   7   2   2       44.207959 4329.657825
   7   3   1       -0.011328    0.000284
   7   3   2       -0.012369    0.000339
   7   3   3       45.874992 4662.347665
   7   4   1       -0.424156    0.398568
   7   4   2        1.073615    2.553580
   7   4   3        0.066573    0.009819
   7   4   4       45.335006 4553.234379
   8   1   1       43.137245 4122.469531
   8   2   1       -0.357103    0.282514
   8   2   2       44.704297 4427.424663
   8   3   1       -0.063405    0.008906
   8   3   2       -0.413889    0.379507
   8   3   3       45.216003 4529.361612
   8   4   1        0.104668    0.024270
   8   4   2        0.826500    1.513347
   8   4   3       -0.119649    0.031715
   8   4   4       45.544037 4595.319409
   9   1   1       45.632871 4613.263153
   9   2   1        0.828840    1.521929
   9   2   2       44.563208 4399.522445
   9   3   1        0.402887    0.359600
   9   3   2       -0.668050    0.988713
   9   3   3       45.726457 4632.204889
   9   4   1       -0.495920    0.544848
   9   4   2       -1.087911    2.622042
   9   4   3       -0.566134    0.710054
   9   4   4       44.951500 4476.525168
  10   1   1       43.306671 4154.915938
  10   2   1        0.531102    0.624897
  10   2   2       44.974055 4481.018489
  10   3   1        0.108144    0.025910
  10   3   2       -0.553980    0.679893
  10   3   3       45.499357 4586.307515
  10   4   1       -0.079590    0.014033
  10   4   2        0.863089    1.650303
  10   4   3        0.135485    0.040666
  10   4   4       45.713965 4629.674265
 
  E2 transition 
 
  I1  n1        I2  n2       <f||E2||i>   B(E2,I1->I2)  B(E2,I2->I1)
 ( 0   1) <--> ( 2   1)       -4.388072     19.255180      3.851036   WU  1376.803916    275.360783
 ( 0   1) <--> ( 2   2)       -0.423682      0.179507      0.035901   WU    12.835270      2.567054
 ( 0   1) <--> ( 2   3)       -0.593281      0.351983      0.070397   WU    25.167825      5.033565
 ( 0   1) <--> ( 2   4)       -0.333306      0.111093      0.022219   WU     7.943469      1.588694
 ( 0   2) <--> ( 2   1)       -0.728391      0.530553      0.106111   WU    37.936189      7.587238
 ( 0   2) <--> ( 2   2)       -6.318575     39.924386      7.984877   WU  2854.715099    570.943020
 ( 0   2) <--> ( 2   3)       -0.949359      0.901282      0.180256   WU    64.444417     12.888883
 ( 0   2) <--> ( 2   4)        0.734660      0.539725      0.107945   WU    38.592008      7.718402
 ( 0   3) <--> ( 2   1)       -0.394627      0.155731      0.031146   WU    11.135220      2.227044
 ( 0   3) <--> ( 2   2)        1.512110      2.286478      0.457296   WU   163.490143     32.698029
 ( 0   3) <--> ( 2   3)        1.111784      1.236063      0.247213   WU    88.382235     17.676447
 ( 0   3) <--> ( 2   4)       -6.083502     37.009001      7.401800   WU  2646.256134    529.251227
 ( 0   4) <--> ( 2   1)       -0.069825      0.004875      0.000975   WU     0.348612      0.069722
 ( 0   4) <--> ( 2   2)        0.529101      0.279948      0.055990   WU    20.017118      4.003424
 ( 0   4) <--> ( 2   3)       -0.587785      0.345491      0.069098   WU    24.703635      4.940727
 ( 0   4) <--> ( 2   4)       -3.635836     13.219302      2.643860   WU   945.220311    189.044062
 ( 2   1) <--> ( 2   1)       -5.237972     -3.970032   (eb)
 ( 2   2) <--> ( 2   1)       -0.840368      0.141244      0.141244   WU    10.099343     10.099343
 ( 2   2) <--> ( 2   2)       -7.480190     -5.669484   (eb)
 ( 2   3) <--> ( 2   1)        0.794632      0.126288      0.126288   WU     9.029972      9.029972
 ( 2   3) <--> ( 2   2)       -1.693848      0.573824      0.573824   WU    41.030157     41.030157
 ( 2   3) <--> ( 2   3)        5.026616      3.809839   (eb)
 ( 2   4) <--> ( 2   1)       -0.396580      0.031455      0.031455   WU     2.249138      2.249138
 ( 2   4) <--> ( 2   2)        1.530382      0.468414      0.468414   WU    33.492998     33.492998
 ( 2   4) <--> ( 2   3)        0.475363      0.045194      0.045194   WU     3.231503      3.231503
 ( 2   4) <--> ( 2   4)       -8.274240     -6.271321   (eb)
 ( 2   1) <--> ( 3   1)        0.861239      0.148346      0.105962   WU    10.607223      7.576588
 ( 2   1) <--> ( 3   2)        0.107567      0.002314      0.001653   WU     0.165468      0.118191
 ( 2   1) <--> ( 3   3)        0.015375      0.000047      0.000034   WU     0.003381      0.002415
 ( 2   1) <--> ( 3   4)       -0.039446      0.000311      0.000222   WU     0.022252      0.015894
 ( 2   2) <--> ( 3   1)        1.128096      0.254520      0.181800   WU    18.198955     12.999253
 ( 2   2) <--> ( 3   2)       -1.115554      0.248892      0.177780   WU    17.796532     12.711808
 ( 2   2) <--> ( 3   3)       -0.542962      0.058962      0.042115   WU     4.215937      3.011383
 ( 2   2) <--> ( 3   4)       -0.045150      0.000408      0.000291   WU     0.029152      0.020823
 ( 2   3) <--> ( 3   1)       -6.791151      9.223948      6.588534   WU   659.540320    471.100228
 ( 2   3) <--> ( 3   2)        0.401782      0.032286      0.023061   WU     2.308525      1.648947
 ( 2   3) <--> ( 3   3)        0.429980      0.036977      0.026412   WU     2.643936      1.888526
 ( 2   3) <--> ( 3   4)        0.098500      0.001940      0.001386   WU     0.138747      0.099105
 ( 2   4) <--> ( 3   1)       -1.213612      0.294571      0.210408   WU    21.062711     15.044794
 ( 2   4) <--> ( 3   2)        2.540985      1.291321      0.922372   WU    92.333376     65.952412
 ( 2   4) <--> ( 3   3)       -0.880204      0.154952      0.110680   WU    11.079524      7.913945
 ( 2   4) <--> ( 3   4)       -0.366246      0.026827      0.019162   WU     1.918231      1.370165
 ( 2   1) <--> ( 4   1)       -7.141902     10.201352      5.667418   WU   729.427721    405.237623
 ( 2   1) <--> ( 4   2)        0.589152      0.069420      0.038567   WU     4.963749      2.757638
 ( 2   1) <--> ( 4   3)        0.341686      0.023350      0.012972   WU     1.669584      0.927547
 ( 2   1) <--> ( 4   4)       -0.322503      0.020802      0.011556   WU     1.487383      0.826324
 ( 2   2) <--> ( 4   1)       -1.289535      0.332580      0.184767   WU    23.780478     13.211377
 ( 2   2) <--> ( 4   2)       10.469498     21.922080     12.178933   WU  1567.495397    870.830776
 ( 2   2) <--> ( 4   3)        0.161886      0.005241      0.002912   WU     0.374779      0.208211
 ( 2   2) <--> ( 4   4)        0.769488      0.118422      0.065790   WU     8.467569      4.704205
 ( 2   3) <--> ( 4   1)       -0.386422      0.029864      0.016591   WU     2.135398      1.186332
 ( 2   3) <--> ( 4   2)        1.362086      0.371055      0.206142   WU    26.531597     14.739776
 ( 2   3) <--> ( 4   3)        4.866199      4.735978      2.631099   WU   338.636809    188.131561
 ( 2   3) <--> ( 4   4)        0.099893      0.001996      0.001109   WU     0.142701      0.079278
 ( 2   4) <--> ( 4   1)       -0.735142      0.108087      0.060048   WU     7.728533      4.293629
 ( 2   4) <--> ( 4   2)       -2.927742      1.714335      0.952408   WU   122.580170     68.100094
 ( 2   4) <--> ( 4   3)       -1.316023      0.346383      0.192435   WU    24.767460     13.759700
 ( 2   4) <--> ( 4   4)       -7.338276     10.770060      5.983367   WU   770.092058    427.828921
 ( 3   1) <--> ( 3   1)        0.000000      0.000000   (eb)
 ( 3   2) <--> ( 3   1)        0.000000      0.000000      0.000000   WU     0.000000      0.000000
 ( 3   2) <--> ( 3   2)        0.000000      0.000000   (eb)
 ( 3   3) <--> ( 3   1)        0.000000      0.000000      0.000000   WU     0.000000      0.000000
 ( 3   3) <--> ( 3   2)        0.000000      0.000000      0.000000   WU     0.000000      0.000000
 ( 3   3) <--> ( 3   3)        0.000000      0.000000   (eb)
 ( 3   4) <--> ( 3   1)        0.000000      0.000000      0.000000   WU     0.000000      0.000000
 ( 3   4) <--> ( 3   2)        0.000000      0.000000      0.000000   WU     0.000000      0.000000
 ( 3   4) <--> ( 3   3)        0.000000      0.000000      0.000000   WU     0.000000      0.000000
 ( 3   4) <--> ( 3   4)        0.000000      0.000000   (eb)
 ( 3   1) <--> ( 4   1)        0.889326      0.112986      0.087878   WU     8.078831      6.283535
 ( 3   1) <--> ( 4   2)        0.138844      0.002754      0.002142   WU     0.196916      0.153157
 ( 3   1) <--> ( 4   3)       -6.987221      6.974465      5.424584   WU   498.695439    387.874230
 ( 3   1) <--> ( 4   4)       -0.300100      0.012866      0.010007   WU     0.919939      0.715508
 ( 3   2) <--> ( 4   1)        0.087953      0.001105      0.000860   WU     0.079018      0.061459
 ( 3   2) <--> ( 4   2)        1.319409      0.248692      0.193427   WU    17.782208     13.830606
 ( 3   2) <--> ( 4   3)        2.096826      0.628097      0.488520   WU    44.910841     34.930654
 ( 3   2) <--> ( 4   4)        9.988384     14.252544     11.085312   WU  1019.100269    792.633543
 ( 3   3) <--> ( 4   1)        0.001929      0.000001      0.000000   WU     0.000038      0.000030
 ( 3   3) <--> ( 4   2)        0.376833      0.020286      0.015778   WU     1.450520      1.128182
 ( 3   3) <--> ( 4   3)        0.708932      0.071798      0.055843   WU     5.133768      3.992930
 ( 3   3) <--> ( 4   4)       -2.999108      1.284950      0.999405   WU    91.877818     71.460525
 ( 3   4) <--> ( 4   1)       -0.026039      0.000097      0.000075   WU     0.006926      0.005387
 ( 3   4) <--> ( 4   2)        0.027291      0.000106      0.000083   WU     0.007608      0.005917
 ( 3   4) <--> ( 4   3)        0.250797      0.008986      0.006989   WU     0.642495      0.499719
 ( 3   4) <--> ( 4   4)        0.266783      0.010168      0.007908   WU     0.727014      0.565456
 ( 3   1) <--> ( 5   1)        6.813494      6.631958      4.220337   WU   474.205150    301.766914
 ( 3   1) <--> ( 5   2)        0.530124      0.040147      0.025548   WU     2.870653      1.826779
 ( 3   1) <--> ( 5   3)       -0.408953      0.023892      0.015204   WU     1.708340      1.087125
 ( 3   1) <--> ( 5   4)       -0.093336      0.001245      0.000792   WU     0.088988      0.056628
 ( 3   2) <--> ( 5   1)       -3.788491      2.050380      1.304787   WU   146.608429     93.296273
 ( 3   2) <--> ( 5   2)       11.199798     17.919354     11.403225   WU  1281.288331    815.365301
 ( 3   2) <--> ( 5   3)        1.372036      0.268926      0.171135   WU    19.229035     12.236658
 ( 3   2) <--> ( 5   4)       -0.915124      0.119636      0.076132   WU     8.554336      5.443669
 ( 3   3) <--> ( 5   1)       -0.663653      0.062919      0.040040   WU     4.498920      2.862949
 ( 3   3) <--> ( 5   2)       -3.365202      1.617798      1.029508   WU   115.677493     73.612950
 ( 3   3) <--> ( 5   3)       -0.672795      0.064665      0.041150   WU     4.623723      2.942369
 ( 3   3) <--> ( 5   4)       11.210468     17.953512     11.424962   WU  1283.730753    816.919570
 ( 3   4) <--> ( 5   1)       -0.570463      0.046490      0.029584   WU     3.324159      2.115374
 ( 3   4) <--> ( 5   2)        0.762775      0.083118      0.052893   WU     5.943190      3.782030
 ( 3   4) <--> ( 5   3)       -1.697101      0.411450      0.261832   WU    29.419939     18.721780
 ( 3   4) <--> ( 5   4)       -0.900678      0.115889      0.073747   WU     8.286395      5.273160
 ( 4   1) <--> ( 4   1)       -6.754111     -5.093244   (eb)
 ( 4   2) <--> ( 4   1)        0.988150      0.108493      0.108493   WU     7.757608      7.757608
 ( 4   2) <--> ( 4   2)      -10.110806     -7.624513   (eb)
 ( 4   3) <--> ( 4   1)       -1.258175      0.175889      0.175889   WU    12.576629     12.576629
 ( 4   3) <--> ( 4   2)       -0.202036      0.004535      0.004535   WU     0.324296      0.324296
 ( 4   3) <--> ( 4   3)       -2.466794     -1.860198   (eb)
 ( 4   4) <--> ( 4   1)       -0.112942      0.001417      0.001417   WU     0.101342      0.101342
 ( 4   4) <--> ( 4   2)        0.280887      0.008766      0.008766   WU     0.626825      0.626825
 ( 4   4) <--> ( 4   3)       -0.477901      0.025377      0.025377   WU     1.814501      1.814501
 ( 4   4) <--> ( 4   4)       -5.698331     -4.297086   (eb)
 ( 4   1) <--> ( 5   1)       -0.801286      0.071340      0.058369   WU     5.101021      4.173563
 ( 4   1) <--> ( 5   2)       -0.273877      0.008334      0.006819   WU     0.595926      0.487576
 ( 4   1) <--> ( 5   3)       -0.008198      0.000007      0.000006   WU     0.000534      0.000437
 ( 4   1) <--> ( 5   4)       -0.061493      0.000420      0.000344   WU     0.030042      0.024580
 ( 4   2) <--> ( 5   1)        0.847698      0.079844      0.065327   WU     5.709055      4.671045
 ( 4   2) <--> ( 5   2)       -0.876479      0.085357      0.069838   WU     6.103301      4.993610
 ( 4   2) <--> ( 5   3)        0.027964      0.000087      0.000071   WU     0.006213      0.005083
 ( 4   2) <--> ( 5   4)       -0.498139      0.027571      0.022558   WU     1.971437      1.612994
 ( 4   3) <--> ( 5   1)       -6.548646      4.764974      3.898615   WU   340.710122    278.762827
 ( 4   3) <--> ( 5   2)        0.035722      0.000142      0.000116   WU     0.010138      0.008295
 ( 4   3) <--> ( 5   3)       -0.826569      0.075913      0.062111   WU     5.428004      4.441094
 ( 4   3) <--> ( 5   4)        0.388741      0.016791      0.013738   WU     1.200613      0.982319
 ( 4   4) <--> ( 5   1)       -1.619367      0.291372      0.238395   WU    20.833997     17.045997
 ( 4   4) <--> ( 5   2)        7.334019      5.976427      4.889804   WU   427.332694    349.635841
 ( 4   4) <--> ( 5   3)       -1.792340      0.356943      0.292044   WU    25.522478     20.882027
 ( 4   4) <--> ( 5   4)       -0.551875      0.033841      0.027688   WU     2.419712      1.979764
 ( 4   1) <--> ( 6   1)        9.222205      9.449897      6.542236   WU   675.696352    467.789782
 ( 4   1) <--> ( 6   2)       -0.554137      0.034119      0.023621   WU     2.439584      1.688943
 ( 4   1) <--> ( 6   3)        0.115600      0.001485      0.001028   WU     0.106168      0.073501
 ( 4   1) <--> ( 6   4)        0.380363      0.016075      0.011129   WU     1.149420      0.795752
 ( 4   2) <--> ( 6   1)       -1.901779      0.401862      0.278212   WU    28.734389     19.893039
 ( 4   2) <--> ( 6   2)       13.856783     21.334494     14.770034   WU  1525.481216   1056.102380
 ( 4   2) <--> ( 6   3)        0.033507      0.000125      0.000086   WU     0.008920      0.006175
 ( 4   2) <--> ( 6   4)        0.524500      0.030567      0.021162   WU     2.185612      1.513116
 ( 4   3) <--> ( 6   1)       -0.485004      0.026137      0.018095   WU     1.868846      1.293816
 ( 4   3) <--> ( 6   2)        1.384766      0.213064      0.147506   WU    15.234732     10.547122
 ( 4   3) <--> ( 6   3)       -8.580854      8.181229      5.663928   WU   584.982743    404.988053
 ( 4   3) <--> ( 6   4)       -1.487159      0.245738      0.170126   WU    17.571012     12.164547
 ( 4   4) <--> ( 6   1)        0.641727      0.045757      0.031678   WU     3.271766      2.265069
 ( 4   4) <--> ( 6   2)        3.378733      1.268426      0.878141   WU    90.696325     62.789764
 ( 4   4) <--> ( 6   3)       -6.815512      5.161245      3.573170   WU   369.044710    255.492492
 ( 4   4) <--> ( 6   4)       14.226719     22.488836     15.569194   WU  1608.020215   1113.244765
 ( 5   1) <--> ( 5   1)       -4.965121     -3.605308   (eb)
 ( 5   2) <--> ( 5   1)        1.347419      0.165049      0.165049   WU    11.801505     11.801505
 ( 5   2) <--> ( 5   2)       -7.503687     -5.448630   (eb)
 ( 5   3) <--> ( 5   1)       -1.371314      0.170955      0.170955   WU    12.223790     12.223790
 ( 5   3) <--> ( 5   2)        2.374672      0.512642      0.512642   WU    36.655489     36.655489
 ( 5   3) <--> ( 5   3)        8.027175      5.828748   (eb)
 ( 5   4) <--> ( 5   1)        0.373368      0.012673      0.012673   WU     0.906162      0.906162
 ( 5   4) <--> ( 5   2)        1.574353      0.225326      0.225326   WU    16.111513     16.111513
 ( 5   4) <--> ( 5   3)       -0.406514      0.015023      0.015023   WU     1.074196      1.074196
 ( 5   4) <--> ( 5   4)       -7.765083     -5.638436   (eb)
 ( 5   1) <--> ( 6   1)        1.263907      0.145224      0.122882   WU    10.383930      8.786403
 ( 5   1) <--> ( 6   2)       -0.856264      0.066653      0.056399   WU     4.765923      4.032704
 ( 5   1) <--> ( 6   3)        6.990953      4.443039      3.759494   WU   317.690792    268.815285
 ( 5   1) <--> ( 6   4)        0.281033      0.007180      0.006075   WU     0.513389      0.434406
 ( 5   2) <--> ( 6   1)        0.359207      0.011730      0.009925   WU     0.838727      0.709692
 ( 5   2) <--> ( 6   2)        2.158014      0.423366      0.358233   WU    30.271955     25.614731
 ( 5   2) <--> ( 6   3)       -3.893806      1.378339      1.166287   WU    98.555404     83.393034
 ( 5   2) <--> ( 6   4)        7.912166      5.691125      4.815567   WU   406.932756    344.327716
 ( 5   3) <--> ( 6   1)        0.009991      0.000009      0.000008   WU     0.000649      0.000549
 ( 5   3) <--> ( 6   2)       -0.014286      0.000019      0.000016   WU     0.001327      0.001123
 ( 5   3) <--> ( 6   3)       -1.134561      0.117021      0.099018   WU     8.367348      7.080064
 ( 5   3) <--> ( 6   4)        0.822489      0.061499      0.052038   WU     4.397362      3.720845
 ( 5   4) <--> ( 6   1)        0.045046      0.000184      0.000156   WU     0.013190      0.011161
 ( 5   4) <--> ( 6   2)        0.559117      0.028419      0.024047   WU     2.032063      1.719438
 ( 5   4) <--> ( 6   3)        0.240353      0.005252      0.004444   WU     0.375519      0.317747
 ( 5   4) <--> ( 6   4)       -3.194799      0.927886      0.785134   WU    66.346649     56.139472
 ( 5   1) <--> ( 7   1)       10.056406      9.193755      6.742087   WU   657.381469    482.079744
 ( 5   1) <--> ( 7   2)        4.018921      1.468339      1.076782   WU   104.990678     76.993164
 ( 5   1) <--> ( 7   3)        0.275997      0.006925      0.005078   WU     0.495154      0.363113
 ( 5   1) <--> ( 7   4)       -0.309962      0.008734      0.006405   WU     0.624524      0.457984
 ( 5   2) <--> ( 7   1)      -11.437705     11.892826      8.721406   WU   850.373249    623.607049
 ( 5   2) <--> ( 7   2)       11.393660     11.801407      8.654365   WU   843.836539    618.813462
 ( 5   2) <--> ( 7   3)       -0.329724      0.009883      0.007248   WU     0.706695      0.518243
 ( 5   2) <--> ( 7   4)        0.825692      0.061979      0.045451   WU     4.431678      3.249897
 ( 5   3) <--> ( 7   1)       -0.531074      0.025640      0.018803   WU     1.833333      1.344444
 ( 5   3) <--> ( 7   2)        0.492832      0.022080      0.016192   WU     1.578809      1.157794
 ( 5   3) <--> ( 7   3)      -11.494592     12.011422      8.808376   WU   858.853194    629.825676
 ( 5   3) <--> ( 7   4)        0.102554      0.000956      0.000701   WU     0.068366      0.050135
 ( 5   4) <--> ( 7   1)        1.354665      0.166829      0.122341   WU    11.928766      8.747761
 ( 5   4) <--> ( 7   2)       -5.468151      2.718243      1.993378   WU   194.362665    142.532621
 ( 5   4) <--> ( 7   3)       -0.014720      0.000020      0.000014   WU     0.001408      0.001033
 ( 5   4) <--> ( 7   4)      -15.477827     21.778465     15.970875   WU  1557.226530   1141.966122
 ( 6   1) <--> ( 6   1)       -8.152581     -5.683955   (eb)
 ( 6   2) <--> ( 6   1)        1.131736      0.098525      0.098525   WU     7.044845      7.044845
 ( 6   2) <--> ( 6   2)      -12.305272     -8.579199   (eb)
 ( 6   3) <--> ( 6   1)        1.483960      0.169395      0.169395   WU    12.112269     12.112269
 ( 6   3) <--> ( 6   2)       -0.785789      0.047497      0.047497   WU     3.396194      3.396194
 ( 6   3) <--> ( 6   3)       -6.562872     -4.575615   (eb)
 ( 6   4) <--> ( 6   1)        0.286562      0.006317      0.006317   WU     0.451666      0.451666
 ( 6   4) <--> ( 6   2)        0.029910      0.000069      0.000069   WU     0.004921      0.004921
 ( 6   4) <--> ( 6   3)        1.594563      0.195587      0.195587   WU    13.985065     13.985065
 ( 6   4) <--> ( 6   4)       -9.037172     -6.300690   (eb)
 ( 6   1) <--> ( 7   1)       -0.490530      0.018509      0.016041   WU     1.323464      1.147002
 ( 6   1) <--> ( 7   2)       -0.631481      0.030675      0.026585   WU     2.193320      1.900878
 ( 6   1) <--> ( 7   3)       -0.001960      0.000000      0.000000   WU     0.000021      0.000018
 ( 6   1) <--> ( 7   4)        0.142688      0.001566      0.001357   WU     0.111984      0.097052
 ( 6   2) <--> ( 7   1)        0.883410      0.060032      0.052027   WU     4.292451      3.720124
 ( 6   2) <--> ( 7   2)       -0.284859      0.006242      0.005410   WU     0.446315      0.386806
 ( 6   2) <--> ( 7   3)        0.035588      0.000097      0.000084   WU     0.006966      0.006037
 ( 6   2) <--> ( 7   4)        0.446421      0.015330      0.013286   WU     1.096153      0.949999
 ( 6   3) <--> ( 7   1)        6.796759      3.553533      3.079729   WU   254.088441    220.209982
 ( 6   3) <--> ( 7   2)        1.154211      0.102477      0.088814   WU     7.327433      6.350442
 ( 6   3) <--> ( 7   3)       -1.297638      0.129528      0.112258   WU     9.261645      8.026759
 ( 6   3) <--> ( 7   4)       -0.017014      0.000022      0.000019   WU     0.001592      0.001380
 ( 6   4) <--> ( 7   1)       -2.281076      0.400254      0.346887   WU    28.619402     24.803481
 ( 6   4) <--> ( 7   2)        4.711378      1.707468      1.479806   WU   122.089163    105.810608
 ( 6   4) <--> ( 7   3)        1.302379      0.130476      0.113079   WU     9.329442      8.085517
 ( 6   4) <--> ( 7   4)        0.146927      0.001661      0.001439   WU     0.118736      0.102905
 ( 6   1) <--> ( 8   1)      -11.133609      9.535173      7.291603   WU   681.793849    521.371767
 ( 6   1) <--> ( 8   2)        0.339654      0.008874      0.006786   WU     0.634534      0.485232
 ( 6   1) <--> ( 8   3)        0.109238      0.000918      0.000702   WU     0.065634      0.050190
 ( 6   1) <--> ( 8   4)       -0.351973      0.009530      0.007287   WU     0.681397      0.521068
 ( 6   2) <--> ( 8   1)        2.847935      0.623902      0.477102   WU    44.610923     34.114235
 ( 6   2) <--> ( 8   2)      -16.965033     22.139410     16.930137   WU  1583.035179   1210.556313
 ( 6   2) <--> ( 8   3)       -0.486381      0.018197      0.013916   WU     1.301170      0.995012
 ( 6   2) <--> ( 8   4)       -0.618805      0.029455      0.022525   WU     2.106149      1.610584
 ( 6   3) <--> ( 8   1)       -0.388473      0.011609      0.008877   WU     0.830047      0.634742
 ( 6   3) <--> ( 8   2)        2.670834      0.548719      0.419609   WU    39.235110     30.003319
 ( 6   3) <--> ( 8   3)      -13.031538     13.063152      9.989469   WU   934.055100    714.277429
 ( 6   3) <--> ( 8   4)       -1.551609      0.185192      0.141617   WU    13.241769     10.126059
 ( 6   4) <--> ( 8   1)       -0.964143      0.071506      0.054681   WU     5.112866      3.909839
 ( 6   4) <--> ( 8   2)       -4.650368      1.663532      1.272113   WU   118.947617     90.959943
 ( 6   4) <--> ( 8   3)       12.070114     11.206743      8.569862   WU   801.316206    612.771217
 ( 6   4) <--> ( 8   4)      -10.792321      8.959552      6.851422   WU   640.635261    489.897552
 ( 7   1) <--> ( 7   1)      -10.586125     -7.089124   (eb)
 ( 7   2) <--> ( 7   1)        2.443292      0.397978      0.397978   WU    28.456671     28.456671
 ( 7   2) <--> ( 7   2)       -8.798643     -5.892115   (eb)
 ( 7   3) <--> ( 7   1)        3.289541      0.721405      0.721405   WU    51.582687     51.582687
 ( 7   3) <--> ( 7   2)       -1.983282      0.262227      0.262227   WU    18.750031     18.750031
 ( 7   3) <--> ( 7   3)       -2.540214     -1.701084   (eb)
 ( 7   4) <--> ( 7   1)        0.573505      0.021927      0.021927   WU     1.567860      1.567860
 ( 7   4) <--> ( 7   2)       -2.399278      0.383769      0.383769   WU    27.440645     27.440645
 ( 7   4) <--> ( 7   3)       -0.773442      0.039881      0.039881   WU     2.851604      2.851604
 ( 7   4) <--> ( 7   4)      -11.481751     -7.688891   (eb)
 ( 7   1) <--> ( 8   1)       -1.170790      0.091383      0.080632   WU     6.534183      5.765456
 ( 7   1) <--> ( 8   2)        3.037919      0.615264      0.542880   WU    43.993220     38.817547
 ( 7   1) <--> ( 8   3)       -8.465666      4.777833      4.215735   WU   341.629626    301.437905
 ( 7   1) <--> ( 8   4)       -1.653456      0.182261      0.160819   WU    13.032232     11.499028
 ( 7   2) <--> ( 8   1)       -1.206496      0.097042      0.085625   WU     6.938815      6.122484
 ( 7   2) <--> ( 8   2)       -1.801971      0.216473      0.191006   WU    15.478498     13.657499
 ( 7   2) <--> ( 8   3)        3.347598      0.747094      0.659201   WU    53.419507     47.134859
 ( 7   2) <--> ( 8   4)       -1.194078      0.095055      0.083872   WU     6.796714      5.997100
 ( 7   3) <--> ( 8   1)        0.000480      0.000000      0.000000   WU     0.000001      0.000001
 ( 7   3) <--> ( 8   2)        0.039677      0.000105      0.000093   WU     0.007504      0.006622
 ( 7   3) <--> ( 8   3)       -2.521320      0.423804      0.373944   WU    30.303254     26.738166
 ( 7   3) <--> ( 8   4)       -1.431467      0.136607      0.120535   WU     9.767783      8.618632
 ( 7   4) <--> ( 8   1)        0.164710      0.001809      0.001596   WU     0.129323      0.114108
 ( 7   4) <--> ( 8   2)        0.646296      0.027847      0.024571   WU     1.991116      1.756867
 ( 7   4) <--> ( 8   3)        1.577533      0.165907      0.146389   WU    11.862878     10.467245
 ( 7   4) <--> ( 8   4)       -2.375352      0.376153      0.331900   WU    26.896093     23.731846
 ( 7   1) <--> ( 9   1)      -18.304432     22.336816     17.634329   WU  1597.150334   1260.908158
 ( 7   1) <--> ( 9   2)        1.703868      0.193544      0.152798   WU    13.839011     10.925535
 ( 7   1) <--> ( 9   3)        0.623821      0.025944      0.020482   WU     1.855042      1.464507
 ( 7   1) <--> ( 9   4)        1.090958      0.079346      0.062642   WU     5.673482      4.479065
 ( 7   2) <--> ( 9   1)        9.062285      5.475001      4.322369   WU   391.479199    309.062526
 ( 7   2) <--> ( 9   2)       11.899607      9.440043      7.452666   WU   674.991822    532.888281
 ( 7   2) <--> ( 9   3)        5.626877      2.110783      1.666408   WU   150.927425    119.153231
 ( 7   2) <--> ( 9   4)        0.913090      0.055582      0.043881   WU     3.974295      3.137601
 ( 7   3) <--> ( 9   1)       -1.036725      0.071653      0.056568   WU     5.123428      4.044811
 ( 7   3) <--> ( 9   2)       -7.592775      3.843349      3.034223   WU   274.811141    216.956164
 ( 7   3) <--> ( 9   3)       15.416785     15.845151     12.509329   WU  1132.976479    894.455115
 ( 7   3) <--> ( 9   4)        0.108917      0.000791      0.000624   WU     0.056549      0.044644
 ( 7   4) <--> ( 9   1)        2.810863      0.526730      0.415840   WU    37.662809     29.733797
 ( 7   4) <--> ( 9   2)        8.283633      4.574572      3.611504   WU   327.095820    258.233542
 ( 7   4) <--> ( 9   3)        4.167011      1.157599      0.913894   WU    82.771840     65.346189
 ( 7   4) <--> ( 9   4)      -17.263760     19.869160     15.686179   WU  1420.705419   1121.609541
 ( 8   1) <--> ( 8   1)       -9.524105     -6.135391   (eb)
 ( 8   2) <--> ( 8   1)        1.352951      0.107675      0.107675   WU     7.699093      7.699093
 ( 8   2) <--> ( 8   2)      -14.117002     -9.094117   (eb)
 ( 8   3) <--> ( 8   1)        1.298257      0.099145      0.099145   WU     7.089199      7.089199
 ( 8   3) <--> ( 8   2)       -1.677046      0.165440      0.165440   WU    11.829483     11.829483
 ( 8   3) <--> ( 8   3)      -11.769906     -7.582126   (eb)
 ( 8   4) <--> ( 8   1)       -0.128070      0.000965      0.000965   WU     0.068988      0.068988
 ( 8   4) <--> ( 8   2)       -2.849573      0.477651      0.477651   WU    34.153500     34.153500
 ( 8   4) <--> ( 8   3)       -0.495349      0.014434      0.014434   WU     1.032042      1.032042
 ( 8   4) <--> ( 8   4)      -17.235102    -11.102784   (eb)
 ( 8   1) <--> ( 9   1)       -0.283682      0.004734      0.004236   WU     0.338484      0.302854
 ( 8   1) <--> ( 9   2)        0.579969      0.019786      0.017703   WU     1.414766      1.265843
 ( 8   1) <--> ( 9   3)        0.270495      0.004304      0.003851   WU     0.307748      0.275353
 ( 8   1) <--> ( 9   4)        0.306961      0.005543      0.004959   WU     0.396315      0.354598
 ( 8   2) <--> ( 9   1)        0.522913      0.016085      0.014391   WU     1.150097      1.029034
 ( 8   2) <--> ( 9   2)        0.048204      0.000137      0.000122   WU     0.009773      0.008745
 ( 8   2) <--> ( 9   3)       -0.134696      0.001067      0.000955   WU     0.076311      0.068278
 ( 8   2) <--> ( 9   4)        0.382722      0.008616      0.007709   WU     0.616089      0.551237
 ( 8   3) <--> ( 9   1)        7.640082      3.433579      3.072150   WU   245.511378    219.668075
 ( 8   3) <--> ( 9   2)       -0.762750      0.034223      0.030620   WU     2.447035      2.189452
 ( 8   3) <--> ( 9   3)        1.494460      0.131377      0.117548   WU     9.393868      8.405040
 ( 8   3) <--> ( 9   4)       -0.225872      0.003001      0.002685   WU     0.214586      0.191998
 ( 8   4) <--> ( 9   1)        5.057977      1.504890      1.346481   WU   107.604221     96.277461
 ( 8   4) <--> ( 9   2)        0.233210      0.003199      0.002862   WU     0.228754      0.204675
 ( 8   4) <--> ( 9   3)        0.635092      0.023726      0.021229   WU     1.696480      1.517904
 ( 8   4) <--> ( 9   4)       -0.752877      0.033343      0.029833   WU     2.384093      2.133136
 ( 8   1) <--> (10   1)       13.088543     10.077056      8.157617   WU   720.540150    583.294407
 ( 8   1) <--> (10   2)       -0.441716      0.011477      0.009291   WU     0.820657      0.664341
 ( 8   1) <--> (10   3)        0.099705      0.000585      0.000473   WU     0.041813      0.033849
 ( 8   1) <--> (10   4)       -0.161062      0.001526      0.001235   WU     0.109110      0.088327
 ( 8   2) <--> (10   1)       -5.067579      1.510609      1.222874   WU   108.013158     87.439223
 ( 8   2) <--> (10   2)      -19.791726     23.041907     18.652972   WU  1647.566430   1333.744253
 ( 8   2) <--> (10   3)       -1.500394      0.132422      0.107199   WU     9.468607      7.665063
 ( 8   2) <--> (10   4)       -0.508711      0.015223      0.012323   WU     1.088475      0.881147
 ( 8   3) <--> (10   1)        0.006154      0.000002      0.000002   WU     0.000159      0.000129
 ( 8   3) <--> (10   2)        5.979170      2.102969      1.702403   WU   150.368667    121.727016
 ( 8   3) <--> (10   3)      -20.601785     24.966680     20.211122   WU  1785.193582   1445.156709
 ( 8   3) <--> (10   4)       -0.145804      0.001251      0.001012   WU     0.089416      0.072384
 ( 8   4) <--> (10   1)        1.266057      0.094288      0.076329   WU     6.741898      5.457727
 ( 8   4) <--> (10   2)       -5.754884      1.948158      1.577080   WU   139.299230    112.766044
 ( 8   4) <--> (10   3)        1.876653      0.207166      0.167706   WU    14.813012     11.991486
 ( 8   4) <--> (10   4)      -21.575491     27.382458     22.166752   WU  1957.929074   1584.990203
 ( 9   1) <--> ( 9   1)      -14.459377     -8.977569   (eb)
 ( 9   2) <--> ( 9   1)       -0.056022      0.000165      0.000165   WU     0.011811      0.011811
 ( 9   2) <--> ( 9   2)       -9.656643     -5.995637   (eb)
 ( 9   3) <--> ( 9   1)       -4.801040      1.213157      1.213157   WU    86.744424     86.744424
 ( 9   3) <--> ( 9   2)       -1.680269      0.148595      0.148595   WU    10.624991     10.624991
 ( 9   3) <--> ( 9   3)      -10.318525     -6.406588   (eb)
 ( 9   4) <--> ( 9   1)        0.973020      0.049830      0.049830   WU     3.562992      3.562992
 ( 9   4) <--> ( 9   2)        2.744612      0.396468      0.396468   WU    28.348688     28.348688
 ( 9   4) <--> ( 9   3)        1.794551      0.169496      0.169496   WU    12.119445     12.119445
 ( 9   4) <--> ( 9   4)      -12.700334     -7.885411   (eb)
 ( 9   1) <--> (10   1)        1.328191      0.092847      0.084004   WU     6.638835      6.006565
 ( 9   1) <--> (10   2)        4.835192      1.230478      1.113290   WU    87.982923     79.603597
 ( 9   1) <--> (10   3)       -8.073560      3.430651      3.103922   WU   245.301991    221.939897
 ( 9   1) <--> (10   4)       -1.498405      0.118169      0.106915   WU     8.449470      7.644758
 ( 9   2) <--> (10   1)       -1.487103      0.116393      0.105308   WU     8.322483      7.529865
 ( 9   2) <--> (10   2)        1.221806      0.078569      0.071086   WU     5.617917      5.082878
 ( 9   2) <--> (10   3)       -3.427456      0.618287      0.559403   WU    44.209401     39.998981
 ( 9   2) <--> (10   4)        0.482078      0.012232      0.011067   WU     0.874594      0.791299
 ( 9   3) <--> (10   1)       -0.676134      0.024061      0.021769   WU     1.720427      1.556577
 ( 9   3) <--> (10   2)        0.295696      0.004602      0.004164   WU     0.329051      0.297713
 ( 9   3) <--> (10   3)        2.245611      0.265409      0.240132   WU    18.977538     17.170154
 ( 9   3) <--> (10   4)        3.293830      0.571017      0.516634   WU    40.829421     36.940905
 ( 9   4) <--> (10   1)       -0.501100      0.013216      0.011957   WU     0.944973      0.854975
 ( 9   4) <--> (10   2)        0.712034      0.026684      0.024142   WU     1.907971      1.726260
 ( 9   4) <--> (10   3)        1.734888      0.158412      0.143326   WU    11.326972     10.248213
 ( 9   4) <--> (10   4)       -2.350603      0.290807      0.263111   WU    20.793590     18.813248
 (10   1) <--> (10   1)      -11.156320     -6.689256   (eb)
 (10   2) <--> (10   1)       -1.807272      0.155535      0.155535   WU    11.121218     11.121218
 (10   2) <--> (10   2)      -15.349608     -9.203523   (eb)
 (10   3) <--> (10   1)       -1.627627      0.126151      0.126151   WU     9.020173      9.020173
 (10   3) <--> (10   2)       -1.895539      0.171099      0.171099   WU    12.234068     12.234068
 (10   3) <--> (10   3)      -15.053302     -9.025860   (eb)
 (10   4) <--> (10   1)        0.083161      0.000329      0.000329   WU     0.023547      0.023547
 (10   4) <--> (10   2)       -3.388375      0.546718      0.546718   WU    39.092025     39.092025
 (10   4) <--> (10   3)       -1.366539      0.088925      0.088925   WU     6.358423      6.358423
 (10   4) <--> (10   4)      -19.600517    -11.752340   (eb)
 
  quadrupole shape invariant: 01+, 02+, 03+, 04+
quadr2    20.00713014    42.94822043    43.29829697    47.49085481
quadr3    85.99956280   281.36146894   288.96028302   329.79095951
  effective deformation parameters:  01+, 02+, 03+, 04+
beteff     0.25783431     0.37776429     0.37930076     0.39724030
cos3ga     0.96099040     0.99964745     1.01421944     1.00768262
 
 ********* END Transition **************************
