 ********* BEGIN READER ****************************
 
 Nucleus            :  Rn  86 180
 Imin, Imax         :     0  10
 imu, remu          :     1 12.0000
 nlevel             :     4
 observables        :     2
 wave fun           :     1
 nbet, ngam, npar   :    10   7  10
 Finish reading parameters: V, B_k ...
 
 ********* END READER ******************************
 
 ********* BEGIN LEVELS ********************
 
 E_0 = -1870.573755
 
  I=   0   ntot= 127
   0   1    0.000000
   0   2    2.562269
   0   3    4.740879
   0   4    5.456941
 
  I=   2   ntot= 234
   2   1    1.530200
   2   2    3.290676
   2   3    4.116549
   2   4    5.638120
 
  I=   3   ntot= 108
   3   1    4.924459
   3   2    7.164862
   3   3    8.872670
   3   4    9.934415
 
  I=   4   ntot= 324
   4   1    3.111700
   4   2    4.985738
   4   3    5.663053
   4   4    6.712507
 
  I=   5   ntot= 198
   5   1    6.616429
   5   2    8.367054
   5   3    8.613476
   5   4    9.890468
 
  I=   6   ntot= 432
   6   1    4.769549
   6   2    6.655513
   6   3    7.231232
   6   4    8.385762
 
  I=   7   ntot= 306
   7   1    8.327020
   7   2    9.867900
   7   3   10.097963
   7   4   10.859149
 
  I=   8   ntot= 522
   8   1    6.505637
   8   2    8.296566
   8   3    8.810386
   8   4    9.864583
 
  I=   9   ntot= 397
   9   1   10.010936
   9   2   11.112604
   9   3   11.146254
   9   4   11.541017
 
  I=  10   ntot= 630
  10   1    8.304235
  10   2    9.881040
  10   3   10.360875
  10   4   10.365618
 
 ********* END LEVELS **********************
 
 ********* BEGIN Transition ************************
 
  Monopole moment 
 
   I   n    <In|E0|In>   ave \beta      del<b>   ave \gamma    del<g>  
     K=0       K=2       K=4   
   0   1     35.180656    0.077421    0.023827   29.376375   11.382361  100.0000    0.0000    0.0000
   0   2     35.310699    0.104612    0.035028   33.871277   11.616300  100.0000    0.0000    0.0000
   0   3     35.437539    0.126923    0.041443   37.632820   10.396579  100.0000    0.0000    0.0000
   0   4     35.389478    0.125606    0.037387   24.959581   11.709124  100.0000    0.0000    0.0000
   2   1     35.244127    0.092517    0.024147   31.790925   11.021806   54.6000   45.4000    0.0000
   2   2     35.300812    0.104783    0.027199   30.138351   11.110127   46.7165   53.2835    0.0000
   2   3     35.379422    0.118451    0.036854   33.180737   11.379351   57.7439   42.2561    0.0000
   2   4     35.470164    0.134485    0.042191   34.560491   10.929011   43.8148   56.1852    0.0000
   3   1     35.363419    0.117082    0.026172   29.022808    8.485861    0.0000  100.0000    0.0000
   3   2     35.552564    0.150864    0.043392   31.279833    8.455684    0.0000  100.0000    0.0000
   3   3     35.795411    0.193639    0.058579   32.485023    8.014067    0.0000  100.0000    0.0000
   3   4     35.694054    0.176885    0.051532   26.167921   10.267477    0.0000  100.0000    0.0000
   4   1     35.311852    0.105580    0.024731   33.824638   10.389933   37.0972   37.4900   25.4129
   4   2     35.387554    0.119733    0.031107   33.759623   11.407517   46.4882   12.1400   41.3717
   4   3     35.448442    0.131714    0.038211   32.456909   11.018375   45.0569   28.4797   26.4634
   4   4     35.451005    0.132606    0.033072   30.798711   10.225699   20.0427   45.8310   34.1262
   5   1     35.443485    0.130564    0.028207   30.386881    8.315198    0.0000   56.1019   43.8981
   5   2     35.558672    0.151436    0.037116   30.630837    8.303791    0.0000   39.4394   60.5606
   5   3     35.652878    0.169296    0.046791   30.270041    8.324082    0.0000   63.6008   36.3993
   5   4     35.884054    0.207287    0.061630   32.651237    7.766863    0.0000   31.8410   68.1590
   6   1     35.382714    0.117696    0.025650   35.225425   10.134004   28.0450   35.1814   20.0120
   6   2     35.493433    0.136562    0.035839   37.280897   10.983597   34.4394   18.5991   16.2567
   6   3     35.519620    0.145035    0.039748   31.247959   10.500985   40.7897   25.2281   12.6860
   6   4     35.618038    0.158976    0.046357   37.535029   10.710801   28.4095   22.7063   11.2901
   7   1     35.539753    0.146311    0.031759   31.467514    8.135848    0.0000   36.1854   42.5438
   7   2     35.806398    0.192552    0.053235   33.660420    7.579820    0.0000   29.6554   39.9680
   7   3     35.709092    0.179152    0.046385   27.422508    8.014860    0.0000   59.2742    6.5284
   7   4     38.447977    0.510873    0.075674   11.066550    9.700141    0.0000   95.5513    3.4528
   8   1     35.458510    0.129886    0.027014   36.191474    9.587391   22.9636   32.9834   19.7889
   8   2     35.616667    0.156157    0.041597   39.484050    9.720334   24.1377   24.6430   15.8404
   8   3     35.607129    0.160580    0.042544   30.019007    9.678462   38.2534   26.0997    7.5935
   8   4     35.860330    0.197082    0.060574   40.401911    8.844626   20.5705   24.7510   16.4547
   9   1     35.677376    0.169070    0.038740   32.178878    7.895097    0.0000   25.9955   38.0738
   9   2     37.499299    0.422266    0.140835   13.697395   13.159504    0.0000   65.1474   18.8908
   9   3     37.308205    0.403866    0.154522   13.596605   13.708339    0.0000   57.8889   20.8163
   9   4     36.053818    0.234592    0.098037   25.948382   13.671726    0.0000   48.1467    7.4986
  10   1     35.546180    0.143774    0.029862   36.743140    9.278234   19.9693   31.1366   19.8248
  10   2     35.780734    0.183509    0.050508   39.132984    8.483654   19.0772   28.3822   18.8210
  10   3     38.401143    0.514879    0.109384    6.701396   10.582253   89.8131    4.4929    0.8564
  10   4     36.205425    0.272130    0.188348   14.448273   17.202220   44.2222   23.4672    4.8586
 
  rho^2(E0) 
 
   I  n_1 n_2  <In_1|E0|In_2>  rho^2(E0) 
   0   1   1       35.180656 2580.501775
   0   2   1        0.084876    0.015020
   0   2   2       35.310699 2599.614281
   0   3   1        0.004054    0.000034
   0   3   2       -0.139409    0.040521
   0   3   3       35.437539 2618.324080
   0   4   1        0.006149    0.000079
   0   4   2        0.061245    0.007821
   0   4   3       -0.061527    0.007893
   0   4   4       35.389478 2611.226927
   2   1   1       35.244127 2589.821372
   2   2   1       -0.044980    0.004218
   2   2   2       35.300812 2598.158704
   2   3   1        0.099030    0.020447
   2   3   2       -0.034951    0.002547
   2   3   3       35.379422 2609.743082
   2   4   1        0.002230    0.000010
   2   4   2        0.124813    0.032480
   2   4   3       -0.065643    0.008984
   2   4   4       35.470164 2623.147390
   3   1   1       35.363419 2607.382715
   3   2   1        0.136961    0.039110
   3   2   2       35.552564 2635.349015
   3   3   1        0.024524    0.001254
   3   3   2       -0.219640    0.100582
   3   3   3       35.795411 2671.474320
   3   4   1        0.000975    0.000002
   3   4   2       -0.021918    0.001002
   3   4   3       -0.075567    0.011906
   3   4   4       35.694054 2656.366783
   4   1   1       35.311852 2599.784097
   4   2   1       -0.078433    0.012826
   4   2   2       35.387554 2610.942896
   4   3   1        0.101594    0.021519
   4   3   2       -0.054910    0.006286
   4   3   3       35.448442 2619.935510
   4   4   1       -0.000580    0.000001
   4   4   2       -0.077367    0.012480
   4   4   3        0.005615    0.000066
   4   4   4       35.451005 2620.314326
   5   1   1       35.443485 2619.202871
   5   2   1       -0.078371    0.012806
   5   2   2       35.558672 2636.254737
   5   3   1        0.133205    0.036994
   5   3   2       -0.055183    0.006349
   5   3   3       35.652878 2650.241655
   5   4   1        0.025829    0.001391
   5   4   2        0.189801    0.075109
   5   4   3       -0.100048    0.020870
   5   4   4       35.884054 2684.721857
   6   1   1       35.382714 2610.228874
   6   2   1       -0.111392    0.025870
   6   2   2       35.493433 2626.590115
   6   3   1        0.091744    0.017549
   6   3   2       -0.067867    0.009603
   6   3   3       35.519620 2630.467377
   6   4   1        0.013962    0.000406
   6   4   2        0.159315    0.052919
   6   4   3       -0.027906    0.001624
   6   4   4       35.618038 2645.064544
   7   1   1       35.539753 2633.450200
   7   2   1       -0.169539    0.059929
   7   2   2       35.806398 2673.114568
   7   3   1        0.049043    0.005015
   7   3   2       -0.066011    0.009085
   7   3   3       35.709092 2658.605497
   7   4   1       -0.010735    0.000240
   7   4   2       -0.073558    0.011281
   7   4   3        0.058154    0.007051
   7   4   4       38.447977 3082.075534
   8   1   1       35.458510 2621.423948
   8   2   1       -0.143235    0.042776
   8   2   2       35.616667 2644.860941
   8   3   1        0.068742    0.009852
   8   3   2       -0.075661    0.011935
   8   3   3       35.607129 2643.444564
   8   4   1       -0.031934    0.002126
   8   4   2       -0.219167    0.100149
   8   4   3        0.071495    0.010657
   8   4   4       35.860330 2681.173126
   9   1   1       35.677376 2653.885102
   9   2   1       -0.146727    0.044887
   9   2   2       37.499299 2931.855775
   9   3   1       -0.157805    0.051920
   9   3   2       -1.261099    3.315850
   9   3   3       37.308205 2902.050789
   9   4   1       -0.009141    0.000174
   9   4   2        0.043650    0.003972
   9   4   3       -0.200675    0.083962
   9   4   4       36.053818 2710.184308
  10   1   1       35.546180 2634.402772
  10   2   1        0.173919    0.063065
  10   2   2       35.780734 2669.284030
  10   3   1        0.010144    0.000215
  10   3   2        0.040225    0.003374
  10   3   3       38.401143 3074.571499
  10   4   1        0.024745    0.001277
  10   4   2        0.082251    0.014105
  10   4   3       -1.126135    2.644097
  10   4   4       36.205425 2733.024915
 
  E2 transition 
 
  I1  n1        I2  n2       <f||E2||i>   B(E2,I1->I2)  B(E2,I2->I1)
 ( 0   1) <--> ( 2   1)        0.830827      0.690273      0.138055   WU    67.929571     13.585914
 ( 0   1) <--> ( 2   2)        0.320140      0.102489      0.020498   WU    10.085952      2.017190
 ( 0   1) <--> ( 2   3)        0.069429      0.004820      0.000964   WU     0.474374      0.094875
 ( 0   1) <--> ( 2   4)       -0.057611      0.003319      0.000664   WU     0.326621      0.065324
 ( 0   2) <--> ( 2   1)        0.523975      0.274550      0.054910   WU    27.018385      5.403677
 ( 0   2) <--> ( 2   2)       -0.169538      0.028743      0.005749   WU     2.828604      0.565721
 ( 0   2) <--> ( 2   3)        0.971233      0.943294      0.188659   WU    92.829258     18.565852
 ( 0   2) <--> ( 2   4)        0.307693      0.094675      0.018935   WU     9.316960      1.863392
 ( 0   3) <--> ( 2   1)        0.040873      0.001671      0.000334   WU     0.164402      0.032880
 ( 0   3) <--> ( 2   2)        0.493927      0.243964      0.048793   WU    24.008396      4.801679
 ( 0   3) <--> ( 2   3)       -0.543261      0.295133      0.059027   WU    29.043953      5.808791
 ( 0   3) <--> ( 2   4)        0.447162      0.199954      0.039991   WU    19.677442      3.935488
 ( 0   4) <--> ( 2   1)        0.058918      0.003471      0.000694   WU     0.341607      0.068321
 ( 0   4) <--> ( 2   2)        0.420503      0.176823      0.035365   WU    17.401106      3.480221
 ( 0   4) <--> ( 2   3)        0.583713      0.340721      0.068144   WU    33.530295      6.706059
 ( 0   4) <--> ( 2   4)        0.026181      0.000685      0.000137   WU     0.067453      0.013491
 ( 2   1) <--> ( 2   1)        0.286639      0.217253   (eb)
 ( 2   2) <--> ( 2   1)       -1.189135      0.282808      0.282808   WU    27.831073     27.831073
 ( 2   2) <--> ( 2   2)       -0.012676     -0.009607   (eb)
 ( 2   3) <--> ( 2   1)       -0.274512      0.015071      0.015071   WU     1.483167      1.483167
 ( 2   3) <--> ( 2   2)       -0.684537      0.093718      0.093718   WU     9.222773      9.222773
 ( 2   3) <--> ( 2   3)        0.064462      0.048858   (eb)
 ( 2   4) <--> ( 2   1)       -0.001342      0.000000      0.000000   WU     0.000035      0.000035
 ( 2   4) <--> ( 2   2)        0.229373      0.010522      0.010522   WU     1.035509      1.035509
 ( 2   4) <--> ( 2   3)       -1.310922      0.343703      0.343703   WU    33.823733     33.823733
 ( 2   4) <--> ( 2   4)        0.325788      0.246925   (eb)
 ( 2   1) <--> ( 3   1)        0.563063      0.063408      0.045291   WU     6.239973      4.457123
 ( 2   1) <--> ( 3   2)       -0.111208      0.002473      0.001767   WU     0.243412      0.173865
 ( 2   1) <--> ( 3   3)       -0.043476      0.000378      0.000270   WU     0.037203      0.026574
 ( 2   1) <--> ( 3   4)       -0.050196      0.000504      0.000360   WU     0.049591      0.035422
 ( 2   2) <--> ( 3   1)       -1.489515      0.443731      0.316951   WU    43.667465     31.191047
 ( 2   2) <--> ( 3   2)       -0.082348      0.001356      0.000969   WU     0.133466      0.095333
 ( 2   2) <--> ( 3   3)       -0.045651      0.000417      0.000298   WU     0.041017      0.029298
 ( 2   2) <--> ( 3   4)        0.065113      0.000848      0.000606   WU     0.083447      0.059605
 ( 2   3) <--> ( 3   1)       -0.251409      0.012641      0.009029   WU     1.244026      0.888590
 ( 2   3) <--> ( 3   2)        0.538450      0.057986      0.041418   WU     5.706346      4.075961
 ( 2   3) <--> ( 3   3)        0.163080      0.005319      0.003799   WU     0.523444      0.373889
 ( 2   3) <--> ( 3   4)       -0.077666      0.001206      0.000862   WU     0.118722      0.084801
 ( 2   4) <--> ( 3   1)       -0.669327      0.089600      0.064000   WU     8.817479      6.298199
 ( 2   4) <--> ( 3   2)       -1.659441      0.550749      0.393392   WU    54.199058     38.713613
 ( 2   4) <--> ( 3   3)        0.039712      0.000315      0.000225   WU     0.031039      0.022171
 ( 2   4) <--> ( 3   4)        0.182598      0.006668      0.004763   WU     0.656237      0.468740
 ( 2   1) <--> ( 4   1)        1.566286      0.490650      0.272584   WU    48.284763     26.824868
 ( 2   1) <--> ( 4   2)        0.384841      0.029621      0.016456   WU     2.914948      1.619416
 ( 2   1) <--> ( 4   3)        0.156023      0.004869      0.002705   WU     0.479121      0.266178
 ( 2   1) <--> ( 4   4)        0.014117      0.000040      0.000022   WU     0.003922      0.002179
 ( 2   2) <--> ( 4   1)       -0.213396      0.009108      0.005060   WU     0.896270      0.497928
 ( 2   2) <--> ( 4   2)        1.365648      0.372999      0.207222   WU    36.706701     20.392611
 ( 2   2) <--> ( 4   3)        0.151116      0.004567      0.002537   WU     0.449456      0.249698
 ( 2   2) <--> ( 4   4)        0.638717      0.081592      0.045329   WU     8.029423      4.460791
 ( 2   3) <--> ( 4   1)        0.822085      0.135165      0.075091   WU    13.301514      7.389730
 ( 2   3) <--> ( 4   2)       -0.344946      0.023798      0.013221   WU     2.341912      1.301062
 ( 2   3) <--> ( 4   3)        1.797456      0.646170      0.358983   WU    63.589358     35.327421
 ( 2   3) <--> ( 4   4)        0.041697      0.000348      0.000193   WU     0.034220      0.019011
 ( 2   4) <--> ( 4   1)        0.053263      0.000567      0.000315   WU     0.055836      0.031020
 ( 2   4) <--> ( 4   2)        0.792084      0.125479      0.069711   WU    12.348400      6.860222
 ( 2   4) <--> ( 4   3)       -0.220657      0.009738      0.005410   WU     0.958307      0.532393
 ( 2   4) <--> ( 4   4)       -0.411319      0.033837      0.018798   WU     3.329863      1.849924
 ( 3   1) <--> ( 3   1)        0.000000      0.000000   (eb)
 ( 3   2) <--> ( 3   1)        0.000000      0.000000      0.000000   WU     0.000000      0.000000
 ( 3   2) <--> ( 3   2)        0.000000      0.000000   (eb)
 ( 3   3) <--> ( 3   1)        0.000000      0.000000      0.000000   WU     0.000000      0.000000
 ( 3   3) <--> ( 3   2)        0.000000      0.000000      0.000000   WU     0.000000      0.000000
 ( 3   3) <--> ( 3   3)        0.000000      0.000000   (eb)
 ( 3   4) <--> ( 3   1)        0.000000      0.000000      0.000000   WU     0.000000      0.000000
 ( 3   4) <--> ( 3   2)        0.000000      0.000000      0.000000   WU     0.000000      0.000000
 ( 3   4) <--> ( 3   3)        0.000000      0.000000      0.000000   WU     0.000000      0.000000
 ( 3   4) <--> ( 3   4)        0.000000      0.000000   (eb)
 ( 3   1) <--> ( 4   1)        0.985142      0.138644      0.107834   WU    13.643869     10.611898
 ( 3   1) <--> ( 4   2)        0.216718      0.006710      0.005219   WU     0.660283      0.513553
 ( 3   1) <--> ( 4   3)        0.641419      0.058774      0.045713   WU     5.783937      4.498618
 ( 3   1) <--> ( 4   4)       -1.563817      0.349361      0.271725   WU    34.380472     26.740367
 ( 3   2) <--> ( 4   1)       -0.027330      0.000107      0.000083   WU     0.010501      0.008167
 ( 3   2) <--> ( 4   2)       -0.389220      0.021642      0.016832   WU     2.129760      1.656480
 ( 3   2) <--> ( 4   3)        1.077940      0.165993      0.129106   WU    16.335360     12.705280
 ( 3   2) <--> ( 4   4)       -0.796752      0.090688      0.070535   WU     8.924538      6.941307
 ( 3   3) <--> ( 4   1)       -0.000770      0.000000      0.000000   WU     0.000008      0.000006
 ( 3   3) <--> ( 4   2)       -0.064353      0.000592      0.000460   WU     0.058220      0.045282
 ( 3   3) <--> ( 4   3)        0.065771      0.000618      0.000481   WU     0.060815      0.047300
 ( 3   3) <--> ( 4   4)       -0.148424      0.003147      0.002448   WU     0.309705      0.240882
 ( 3   4) <--> ( 4   1)       -0.049926      0.000356      0.000277   WU     0.035042      0.027255
 ( 3   4) <--> ( 4   2)        0.077686      0.000862      0.000671   WU     0.084845      0.065990
 ( 3   4) <--> ( 4   3)       -0.075089      0.000805      0.000626   WU     0.079267      0.061652
 ( 3   4) <--> ( 4   4)       -0.198677      0.005639      0.004386   WU     0.554924      0.431608
 ( 3   1) <--> ( 5   1)        1.817123      0.471705      0.300176   WU    46.420374     29.540238
 ( 3   1) <--> ( 5   2)        0.633952      0.057414      0.036536   WU     5.650053      3.595488
 ( 3   1) <--> ( 5   3)        0.195940      0.005485      0.003490   WU     0.539743      0.343473
 ( 3   1) <--> ( 5   4)       -0.149811      0.003206      0.002040   WU     0.315520      0.200785
 ( 3   2) <--> ( 5   1)        0.880843      0.110841      0.070535   WU    10.907805      6.941330
 ( 3   2) <--> ( 5   2)       -0.589235      0.049600      0.031563   WU     4.881084      3.106144
 ( 3   2) <--> ( 5   3)        2.075104      0.615151      0.391460   WU    60.536830     38.523437
 ( 3   2) <--> ( 5   4)        0.610022      0.053161      0.033830   WU     5.231550      3.329168
 ( 3   3) <--> ( 5   1)        0.036510      0.000190      0.000121   WU     0.018739      0.011925
 ( 3   3) <--> ( 5   2)        0.558470      0.044556      0.028354   WU     4.384703      2.790265
 ( 3   3) <--> ( 5   3)       -1.439133      0.295872      0.188282   WU    29.116655     18.528780
 ( 3   3) <--> ( 5   4)        1.118598      0.178752      0.113751   WU    17.590893     11.194204
 ( 3   4) <--> ( 5   1)        0.067545      0.000652      0.000415   WU     0.064140      0.040816
 ( 3   4) <--> ( 5   2)        0.853057      0.103958      0.066155   WU    10.230490      6.510312
 ( 3   4) <--> ( 5   3)        0.555630      0.044103      0.028066   WU     4.340211      2.761952
 ( 3   4) <--> ( 5   4)        0.051314      0.000376      0.000239   WU     0.037018      0.023557
 ( 4   1) <--> ( 4   1)        0.450264      0.339542   (eb)
 ( 4   2) <--> ( 4   1)       -1.291990      0.185471      0.185471   WU    18.252147     18.252147
 ( 4   2) <--> ( 4   2)        0.537729      0.405499   (eb)
 ( 4   3) <--> ( 4   1)       -0.570100      0.036113      0.036113   WU     3.553833      3.553833
 ( 4   3) <--> ( 4   2)       -0.583910      0.037883      0.037883   WU     3.728102      3.728102
 ( 4   3) <--> ( 4   3)        0.098159      0.074021   (eb)
 ( 4   4) <--> ( 4   1)        0.234888      0.006130      0.006130   WU     0.603280      0.603280
 ( 4   4) <--> ( 4   2)       -1.626582      0.293974      0.293974   WU    28.929922     28.929922
 ( 4   4) <--> ( 4   3)       -0.049359      0.000271      0.000271   WU     0.026639      0.026639
 ( 4   4) <--> ( 4   4)        0.108451      0.081783   (eb)
 ( 4   1) <--> ( 5   1)        0.726324      0.058616      0.047959   WU     5.768405      4.719604
 ( 4   1) <--> ( 5   2)        0.043127      0.000207      0.000169   WU     0.020337      0.016639
 ( 4   1) <--> ( 5   3)       -0.160766      0.002872      0.002350   WU     0.282607      0.231224
 ( 4   1) <--> ( 5   4)       -0.035151      0.000137      0.000112   WU     0.013511      0.011054
 ( 4   2) <--> ( 5   1)       -1.269415      0.179046      0.146492   WU    17.619882     14.416267
 ( 4   2) <--> ( 5   2)        0.579475      0.037310      0.030527   WU     3.671683      3.004104
 ( 4   2) <--> ( 5   3)        0.014148      0.000022      0.000018   WU     0.002189      0.001791
 ( 4   2) <--> ( 5   4)       -0.184281      0.003773      0.003087   WU     0.371326      0.303812
 ( 4   3) <--> ( 5   1)       -0.366379      0.014915      0.012203   WU     1.467765      1.200898
 ( 4   3) <--> ( 5   2)        0.006365      0.000005      0.000004   WU     0.000443      0.000362
 ( 4   3) <--> ( 5   3)        0.715105      0.056819      0.046489   WU     5.591586      4.574934
 ( 4   3) <--> ( 5   4)        0.073280      0.000597      0.000488   WU     0.058717      0.048041
 ( 4   4) <--> ( 5   1)        0.286423      0.009115      0.007458   WU     0.897036      0.733939
 ( 4   4) <--> ( 5   2)       -2.359348      0.618502      0.506047   WU    60.866644     49.799981
 ( 4   4) <--> ( 5   3)       -0.435375      0.021061      0.017232   WU     2.072631      1.695789
 ( 4   4) <--> ( 5   4)        0.027001      0.000081      0.000066   WU     0.007972      0.006522
 ( 4   1) <--> ( 6   1)        2.302293      0.588951      0.407735   WU    57.958453     40.125083
 ( 4   1) <--> ( 6   2)        0.398629      0.017656      0.012223   WU     1.737531      1.202906
 ( 4   1) <--> ( 6   3)        0.246364      0.006744      0.004669   WU     0.663665      0.459460
 ( 4   1) <--> ( 6   4)       -0.041971      0.000196      0.000136   WU     0.019262      0.013335
 ( 4   2) <--> ( 6   1)       -0.400414      0.017815      0.012333   WU     1.753126      1.213703
 ( 4   2) <--> ( 6   2)        2.190574      0.533180      0.369124   WU    52.470039     36.325412
 ( 4   2) <--> ( 6   3)        0.289600      0.009319      0.006451   WU     0.917048      0.634880
 ( 4   2) <--> ( 6   4)       -0.631136      0.044259      0.030641   WU     4.355534      3.015369
 ( 4   3) <--> ( 6   1)        1.072344      0.127769      0.088455   WU    12.573708      8.704875
 ( 4   3) <--> ( 6   2)       -0.628926      0.043950      0.030427   WU     4.325088      2.994292
 ( 4   3) <--> ( 6   3)        2.616791      0.760844      0.526738   WU    74.874446     51.836155
 ( 4   3) <--> ( 6   4)        0.104185      0.001206      0.000835   WU     0.118689      0.082169
 ( 4   4) <--> ( 6   1)       -0.238122      0.006300      0.004362   WU     0.620006      0.429235
 ( 4   4) <--> ( 6   2)       -0.422250      0.019811      0.013715   WU     1.949553      1.349691
 ( 4   4) <--> ( 6   3)       -0.164734      0.003015      0.002087   WU     0.296730      0.205429
 ( 4   4) <--> ( 6   4)       -1.800229      0.360092      0.249294   WU    35.436508     24.532967
 ( 5   1) <--> ( 5   1)        0.317459      0.230516   (eb)
 ( 5   2) <--> ( 5   1)       -1.342388      0.163819      0.163819   WU    16.121347     16.121347
 ( 5   2) <--> ( 5   2)        0.295529      0.214591   (eb)
 ( 5   3) <--> ( 5   1)       -0.547335      0.027234      0.027234   WU     2.680100      2.680100
 ( 5   3) <--> ( 5   2)       -0.800060      0.058191      0.058191   WU     5.726518      5.726518
 ( 5   3) <--> ( 5   3)       -0.255250     -0.185344   (eb)
 ( 5   4) <--> ( 5   1)        0.095929      0.000837      0.000837   WU     0.082327      0.082327
 ( 5   4) <--> ( 5   2)        0.473157      0.020353      0.020353   WU     2.002885      2.002885
 ( 5   4) <--> ( 5   3)       -1.313313      0.156799      0.156799   WU    15.430562     15.430562
 ( 5   4) <--> ( 5   4)        1.144345      0.830940   (eb)
 ( 5   1) <--> ( 6   1)        1.326271      0.159908      0.135307   WU    15.736549     13.315541
 ( 5   1) <--> ( 6   2)        0.048669      0.000215      0.000182   WU     0.021191      0.017931
 ( 5   1) <--> ( 6   3)        0.811184      0.059820      0.050617   WU     5.886870      4.981198
 ( 5   1) <--> ( 6   4)        0.915901      0.076261      0.064529   WU     7.504860      6.350266
 ( 5   2) <--> ( 6   1)       -0.060421      0.000332      0.000281   WU     0.032660      0.027636
 ( 5   2) <--> ( 6   2)        0.960223      0.083821      0.070925   WU     8.248783      6.979739
 ( 5   2) <--> ( 6   3)       -0.094962      0.000820      0.000694   WU     0.080675      0.068264
 ( 5   2) <--> ( 6   4)       -0.178757      0.002905      0.002458   WU     0.285873      0.241892
 ( 5   3) <--> ( 6   1)       -0.108129      0.001063      0.000899   WU     0.104600      0.088508
 ( 5   3) <--> ( 6   2)       -0.443725      0.017899      0.015146   WU     1.761459      1.490465
 ( 5   3) <--> ( 6   3)        1.398314      0.177753      0.150406   WU    17.492621     14.801449
 ( 5   3) <--> ( 6   4)        0.307135      0.008576      0.007256   WU     0.843924      0.714089
 ( 5   4) <--> ( 6   1)        0.017135      0.000027      0.000023   WU     0.002627      0.002223
 ( 5   4) <--> ( 6   2)       -0.111956      0.001139      0.000964   WU     0.112134      0.094883
 ( 5   4) <--> ( 6   3)       -0.010997      0.000011      0.000009   WU     0.001082      0.000916
 ( 5   4) <--> ( 6   4)        0.803663      0.058716      0.049683   WU     5.778208      4.889253
 ( 5   1) <--> ( 7   1)        2.761198      0.693110      0.508281   WU    68.208775     50.019769
 ( 5   1) <--> ( 7   2)        0.434294      0.017146      0.012574   WU     1.687379      1.237411
 ( 5   1) <--> ( 7   3)        0.490112      0.021837      0.016014   WU     2.149000      1.575933
 ( 5   1) <--> ( 7   4)       -0.002244      0.000000      0.000000   WU     0.000045      0.000033
 ( 5   2) <--> ( 7   1)       -0.523821      0.024944      0.018293   WU     2.454775      1.800168
 ( 5   2) <--> ( 7   2)        1.975194      0.354672      0.260093   WU    34.903163     25.595653
 ( 5   2) <--> ( 7   3)        1.282259      0.149472      0.109613   WU    14.709467     10.786942
 ( 5   2) <--> ( 7   4)        0.034172      0.000106      0.000078   WU     0.010447      0.007661
 ( 5   3) <--> ( 7   1)        1.289338      0.151127      0.110826   WU    14.872331     10.906376
 ( 5   3) <--> ( 7   2)       -2.257673      0.463372      0.339806   WU    45.600277     33.440203
 ( 5   3) <--> ( 7   3)        2.424231      0.534263      0.391793   WU    52.576693     38.556241
 ( 5   3) <--> ( 7   4)       -0.133879      0.001629      0.001195   WU     0.160350      0.117590
 ( 5   4) <--> ( 7   1)        0.057728      0.000303      0.000222   WU     0.029813      0.021863
 ( 5   4) <--> ( 7   2)        1.725787      0.270758      0.198556   WU    26.645242     19.539844
 ( 5   4) <--> ( 7   3)        0.228353      0.004740      0.003476   WU     0.466507      0.342105
 ( 5   4) <--> ( 7   4)       -0.591925      0.031852      0.023358   WU     3.134577      2.298690
 ( 6   1) <--> ( 6   1)        0.586741      0.409074   (eb)
 ( 6   2) <--> ( 6   1)       -1.330205      0.136111      0.136111   WU    13.394653     13.394653
 ( 6   2) <--> ( 6   2)        1.079061      0.752318   (eb)
 ( 6   3) <--> ( 6   1)       -0.942116      0.068276      0.068276   WU     6.718986      6.718986
 ( 6   3) <--> ( 6   2)       -0.405949      0.012677      0.012677   WU     1.247491      1.247491
 ( 6   3) <--> ( 6   3)        0.035035      0.024426   (eb)
 ( 6   4) <--> ( 6   1)       -0.172676      0.002294      0.002294   WU     0.225714      0.225714
 ( 6   4) <--> ( 6   2)        1.814148      0.253164      0.253164   WU    24.913789     24.913789
 ( 6   4) <--> ( 6   3)       -0.270326      0.005621      0.005621   WU     0.553185      0.553185
 ( 6   4) <--> ( 6   4)        1.473276      1.027164   (eb)
 ( 6   1) <--> ( 7   1)        0.848429      0.055372      0.047989   WU     5.449110      4.722562
 ( 6   1) <--> ( 7   2)        0.197544      0.003002      0.002602   WU     0.295407      0.256020
 ( 6   1) <--> ( 7   3)       -0.138528      0.001476      0.001279   WU     0.145269      0.125900
 ( 6   1) <--> ( 7   4)        0.024709      0.000047      0.000041   WU     0.004622      0.004006
 ( 6   2) <--> ( 7   1)       -1.186590      0.108307      0.093866   WU    10.658498      9.237365
 ( 6   2) <--> ( 7   2)        0.583238      0.026167      0.022678   WU     2.575051      2.231711
 ( 6   2) <--> ( 7   3)        0.449766      0.015561      0.013486   WU     1.531325      1.327148
 ( 6   2) <--> ( 7   4)        0.039413      0.000119      0.000104   WU     0.011759      0.010191
 ( 6   3) <--> ( 7   1)       -0.479587      0.017693      0.015334   WU     1.741123      1.508973
 ( 6   3) <--> ( 7   2)       -0.420128      0.013578      0.011767   WU     1.336160      1.158005
 ( 6   3) <--> ( 7   3)        0.710290      0.038809      0.033634   WU     3.819148      3.309928
 ( 6   3) <--> ( 7   4)       -0.077688      0.000464      0.000402   WU     0.045688      0.039597
 ( 6   4) <--> ( 7   1)       -0.404749      0.012602      0.010921   WU     1.240124      1.074774
 ( 6   4) <--> ( 7   2)        1.705273      0.223689      0.193864   WU    22.013163     19.078075
 ( 6   4) <--> ( 7   3)        1.095004      0.092233      0.079936   WU     9.076658      7.866437
 ( 6   4) <--> ( 7   4)       -0.011346      0.000010      0.000009   WU     0.000975      0.000845
 ( 6   1) <--> ( 8   1)        3.056049      0.718418      0.549378   WU    70.699300     54.064171
 ( 6   1) <--> ( 8   2)        0.390966      0.011758      0.008991   WU     1.157103      0.884844
 ( 6   1) <--> ( 8   3)        0.323126      0.008032      0.006142   WU     0.790382      0.604410
 ( 6   1) <--> ( 8   4)        0.040125      0.000124      0.000095   WU     0.012188      0.009320
 ( 6   2) <--> ( 8   1)       -0.705704      0.038309      0.029295   WU     3.769986      2.882931
 ( 6   2) <--> ( 8   2)        3.049574      0.715377      0.547053   WU    70.400046     53.835330
 ( 6   2) <--> ( 8   3)        0.469392      0.016948      0.012960   WU     1.667881      1.275439
 ( 6   2) <--> ( 8   4)        0.494316      0.018796      0.014373   WU     1.849714      1.414487
 ( 6   3) <--> ( 8   1)        1.273943      0.124841      0.095467   WU    12.285558      9.394839
 ( 6   3) <--> ( 8   2)       -1.028584      0.081384      0.062234   WU     8.008930      6.124476
 ( 6   3) <--> ( 8   3)        3.438483      0.909474      0.695480   WU    89.501100     68.442017
 ( 6   3) <--> ( 8   4)       -0.283306      0.006174      0.004721   WU     0.607585      0.464624
 ( 6   4) <--> ( 8   1)        0.301423      0.006989      0.005344   WU     0.687778      0.525948
 ( 6   4) <--> ( 8   2)        1.134715      0.099044      0.075740   WU     9.746933      7.453537
 ( 6   4) <--> ( 8   3)        0.177254      0.002417      0.001848   WU     0.237841      0.181878
 ( 6   4) <--> ( 8   4)       -2.836411      0.618864      0.473249   WU    60.902188     46.572261
 ( 7   1) <--> ( 7   1)        0.515114      0.344952   (eb)
 ( 7   2) <--> ( 7   1)       -0.813616      0.044131      0.044131   WU     4.342963      4.342963
 ( 7   2) <--> ( 7   2)        1.331983      0.891978   (eb)
 ( 7   3) <--> ( 7   1)       -1.642403      0.179833      0.179833   WU    17.697271     17.697271
 ( 7   3) <--> ( 7   2)        0.459947      0.014103      0.014103   WU     1.387915      1.387915
 ( 7   3) <--> ( 7   3)       -0.729084     -0.488240   (eb)
 ( 7   4) <--> ( 7   1)        0.029771      0.000059      0.000059   WU     0.005815      0.005815
 ( 7   4) <--> ( 7   2)        0.012502      0.000010      0.000010   WU     0.001025      0.001025
 ( 7   4) <--> ( 7   3)       -0.061309      0.000251      0.000251   WU     0.024660      0.024660
 ( 7   4) <--> ( 7   4)       -8.645245     -5.789390   (eb)
 ( 7   1) <--> ( 8   1)        1.604172      0.171558      0.151375   WU    16.882961     14.896730
 ( 7   1) <--> ( 8   2)       -0.261439      0.004557      0.004021   WU     0.448424      0.395668
 ( 7   1) <--> ( 8   3)        0.938393      0.058705      0.051799   WU     5.777187      5.097518
 ( 7   1) <--> ( 8   4)       -0.340674      0.007737      0.006827   WU     0.761422      0.671843
 ( 7   2) <--> ( 8   1)        0.091768      0.000561      0.000495   WU     0.055250      0.048750
 ( 7   2) <--> ( 8   2)        1.522609      0.154556      0.136373   WU    15.209800     13.420412
 ( 7   2) <--> ( 8   3)       -0.893539      0.053227      0.046965   WU     5.238097      4.621851
 ( 7   2) <--> ( 8   4)       -0.713474      0.033936      0.029944   WU     3.339666      2.946764
 ( 7   3) <--> ( 8   1)       -0.193802      0.002504      0.002209   WU     0.246413      0.217423
 ( 7   3) <--> ( 8   2)        0.270831      0.004890      0.004315   WU     0.481218      0.424604
 ( 7   3) <--> ( 8   3)        1.391868      0.129153      0.113959   WU    12.709922     11.214637
 ( 7   3) <--> ( 8   4)       -0.099471      0.000660      0.000582   WU     0.064914      0.057277
 ( 7   4) <--> ( 8   1)        0.011846      0.000009      0.000008   WU     0.000921      0.000812
 ( 7   4) <--> ( 8   2)        0.071369      0.000340      0.000300   WU     0.033417      0.029486
 ( 7   4) <--> ( 8   3)       -0.056279      0.000211      0.000186   WU     0.020780      0.018335
 ( 7   4) <--> ( 8   4)        0.347958      0.008072      0.007122   WU     0.794331      0.700880
 ( 7   1) <--> ( 9   1)        3.711793      0.918494      0.725127   WU    90.388722     71.359517
 ( 7   1) <--> ( 9   2)        0.361549      0.008714      0.006880   WU     0.857591      0.677045
 ( 7   1) <--> ( 9   3)        0.414378      0.011447      0.009037   WU     1.126525      0.889362
 ( 7   1) <--> ( 9   4)        0.497192      0.016480      0.013010   WU     1.621789      1.280359
 ( 7   2) <--> ( 9   1)       -1.939212      0.250703      0.197923   WU    24.671596     19.477576
 ( 7   2) <--> ( 9   2)        2.712937      0.490669      0.387370   WU    48.286547     38.120958
 ( 7   2) <--> ( 9   3)        2.948988      0.579769      0.457712   WU    57.054858     45.043309
 ( 7   2) <--> ( 9   4)        0.692034      0.031927      0.025206   WU     3.141962      2.480496
 ( 7   3) <--> ( 9   1)        1.055542      0.074278      0.058641   WU     7.309676      5.770797
 ( 7   3) <--> ( 9   2)       -1.218849      0.099040      0.078189   WU     9.746450      7.694566
 ( 7   3) <--> ( 9   3)       -1.014966      0.068677      0.054219   WU     6.758493      5.335653
 ( 7   3) <--> ( 9   4)        3.548191      0.839311      0.662614   WU    82.596327     65.207627
 ( 7   4) <--> ( 9   1)        0.019787      0.000026      0.000021   WU     0.002569      0.002028
 ( 7   4) <--> ( 9   2)      -11.474235      8.777205      6.929372   WU   863.762170    681.917503
 ( 7   4) <--> ( 9   3)        9.045457      5.454686      4.306331   WU   536.794071    423.784793
 ( 7   4) <--> ( 9   4)       -0.119718      0.000955      0.000754   WU     0.094029      0.074234
 ( 8   1) <--> ( 8   1)        0.698409      0.449912   (eb)
 ( 8   2) <--> ( 8   1)       -1.224785      0.088241      0.088241   WU     8.683776      8.683776
 ( 8   2) <--> ( 8   2)        1.484348      0.956211   (eb)
 ( 8   3) <--> ( 8   1)       -1.361561      0.109050      0.109050   WU    10.731572     10.731572
 ( 8   3) <--> ( 8   2)       -0.022801      0.000031      0.000031   WU     0.003009      0.003009
 ( 8   3) <--> ( 8   3)       -0.067084     -0.043215   (eb)
 ( 8   4) <--> ( 8   1)        0.092153      0.000500      0.000500   WU     0.049159      0.049159
 ( 8   4) <--> ( 8   2)       -1.378948      0.111853      0.111853   WU    11.007405     11.007405
 ( 8   4) <--> ( 8   3)        0.517732      0.015767      0.015767   WU     1.551670      1.551670
 ( 8   4) <--> ( 8   4)        2.278693      1.467925   (eb)
 ( 8   1) <--> ( 9   1)        0.919983      0.049786      0.044546   WU     4.899462      4.383729
 ( 8   1) <--> ( 9   2)        0.225074      0.002980      0.002666   WU     0.293251      0.262383
 ( 8   1) <--> ( 9   3)        0.250462      0.003690      0.003302   WU     0.363139      0.324914
 ( 8   1) <--> ( 9   4)       -0.071561      0.000301      0.000270   WU     0.029644      0.026524
 ( 8   2) <--> ( 9   1)       -1.163847      0.079679      0.071292   WU     7.841175      7.015788
 ( 8   2) <--> ( 9   2)        0.273305      0.004394      0.003931   WU     0.432398      0.386882
 ( 8   2) <--> ( 9   3)        0.336002      0.006641      0.005942   WU     0.653542      0.584748
 ( 8   2) <--> ( 9   4)        0.563280      0.018664      0.016699   WU     1.836697      1.643360
 ( 8   3) <--> ( 9   1)       -0.569815      0.019099      0.017089   WU     1.879564      1.681715
 ( 8   3) <--> ( 9   2)       -0.372592      0.008166      0.007307   WU     0.803632      0.719039
 ( 8   3) <--> ( 9   3)       -0.395733      0.009212      0.008242   WU     0.906554      0.811127
 ( 8   3) <--> ( 9   4)        0.637463      0.023904      0.021387   WU     2.352337      2.104722
 ( 8   4) <--> ( 9   1)        0.631051      0.023425      0.020959   WU     2.305252      2.062594
 ( 8   4) <--> ( 9   2)       -1.050834      0.064956      0.058119   WU     6.392303      5.719429
 ( 8   4) <--> ( 9   3)       -1.165732      0.079937      0.071523   WU     7.866590      7.038528
 ( 8   4) <--> ( 9   4)       -0.799608      0.037610      0.033651   WU     3.701207      3.311606
 ( 8   1) <--> (10   1)        3.849411      0.871645      0.705617   WU    85.778319     69.439592
 ( 8   1) <--> (10   2)       -0.403383      0.009572      0.007748   WU     0.941944      0.762526
 ( 8   1) <--> (10   3)        0.146310      0.001259      0.001019   WU     0.123919      0.100316
 ( 8   1) <--> (10   4)        0.348337      0.007138      0.005778   WU     0.702407      0.568615
 ( 8   2) <--> (10   1)       -1.219568      0.087491      0.070826   WU     8.609953      6.969962
 ( 8   2) <--> (10   2)       -3.983022      0.933204      0.755451   WU    91.836326     74.343693
 ( 8   2) <--> (10   3)        0.334862      0.006596      0.005340   WU     0.649113      0.525472
 ( 8   2) <--> (10   4)        0.776102      0.035431      0.028683   WU     3.486799      2.822647
 ( 8   3) <--> (10   1)        1.433573      0.120890      0.097863   WU    11.896761      9.630711
 ( 8   3) <--> (10   2)        1.716441      0.173304      0.140294   WU    17.054801     13.806267
 ( 8   3) <--> (10   3)        1.639954      0.158203      0.128069   WU    15.568694     12.603228
 ( 8   3) <--> (10   4)        3.887603      0.889027      0.719689   WU    87.488894     70.824343
 ( 8   4) <--> (10   1)       -0.250212      0.003683      0.002981   WU     0.362414      0.293383
 ( 8   4) <--> (10   2)        2.380416      0.333316      0.269828   WU    32.801565     26.553648
 ( 8   4) <--> (10   3)        0.143622      0.001213      0.000982   WU     0.119407      0.096662
 ( 8   4) <--> (10   4)        0.107470      0.000679      0.000550   WU     0.066859      0.054124
 ( 9   1) <--> ( 9   1)        0.631745      0.392239   (eb)
 ( 9   2) <--> ( 9   1)       -0.169141      0.001506      0.001506   WU     0.148177      0.148177
 ( 9   2) <--> ( 9   2)       -5.785399     -3.592051   (eb)
 ( 9   3) <--> ( 9   1)       -0.294787      0.004574      0.004574   WU     0.450092      0.450092
 ( 9   3) <--> ( 9   2)        6.442493      2.184511      2.184511   WU   214.977117    214.977117
 ( 9   3) <--> ( 9   3)       -4.898704     -3.041518   (eb)
 ( 9   4) <--> ( 9   1)       -2.059951      0.223337      0.223337   WU    21.978495     21.978495
 ( 9   4) <--> ( 9   2)        0.463340      0.011299      0.011299   WU     1.111945      1.111945
 ( 9   4) <--> ( 9   3)        1.731618      0.157816      0.157816   WU    15.530619     15.530619
 ( 9   4) <--> ( 9   4)       -0.286706     -0.178011   (eb)
 ( 9   1) <--> (10   1)        1.857214      0.181539      0.164250   WU    17.865212     16.163763
 ( 9   1) <--> (10   2)        0.829020      0.036172      0.032727   WU     3.559708      3.220689
 ( 9   1) <--> (10   3)        0.392496      0.008108      0.007336   WU     0.797912      0.721921
 ( 9   1) <--> (10   4)        0.932815      0.045797      0.041435   WU     4.506878      4.077651
 ( 9   2) <--> (10   1)        0.212597      0.002379      0.002152   WU     0.234098      0.211803
 ( 9   2) <--> (10   2)       -1.255251      0.082929      0.075031   WU     8.161041      7.383799
 ( 9   2) <--> (10   3)       -1.151890      0.069834      0.063183   WU     6.872365      6.217854
 ( 9   2) <--> (10   4)       -0.376878      0.007476      0.006764   WU     0.735674      0.665610
 ( 9   3) <--> (10   1)        0.228622      0.002751      0.002489   WU     0.270720      0.244937
 ( 9   3) <--> (10   2)       -1.409979      0.104634      0.094669   WU    10.296973      9.316308
 ( 9   3) <--> (10   3)        0.480270      0.012140      0.010984   WU     1.194692      1.080912
 ( 9   3) <--> (10   4)       -1.012936      0.054002      0.048859   WU     5.314326      4.808200
 ( 9   4) <--> (10   1)       -0.174277      0.001599      0.001446   WU     0.157312      0.142330
 ( 9   4) <--> (10   2)       -0.634862      0.021213      0.019193   WU     2.087580      1.888763
 ( 9   4) <--> (10   3)        0.518614      0.014156      0.012808   WU     1.393072      1.260398
 ( 9   4) <--> (10   4)        1.372746      0.099181      0.089735   WU     9.760340      8.830784
 (10   1) <--> (10   1)        0.785604      0.471043   (eb)
 (10   2) <--> (10   1)        0.882340      0.037073      0.037073   WU     3.648303      3.648303
 (10   2) <--> (10   2)        1.515557      0.908718   (eb)
 (10   3) <--> (10   1)       -0.699988      0.023333      0.023333   WU     2.296151      2.296151
 (10   3) <--> (10   2)       -0.274157      0.003579      0.003579   WU     0.352223      0.352223
 (10   3) <--> (10   3)      -12.974139     -7.779208   (eb)
 (10   4) <--> (10   1)       -1.663862      0.131830      0.131830   WU    12.973390     12.973390
 (10   4) <--> (10   2)       -0.581964      0.016128      0.016128   WU     1.587126      1.587126
 (10   4) <--> (10   3)        5.485702      1.432996      1.432996   WU   141.020756    141.020756
 (10   4) <--> (10   4)       -2.291195     -1.373785   (eb)
 
  quadrupole shape invariant: 01+, 02+, 03+, 04+
quadr2     0.80515603     1.36566423     1.91960429     2.08260505
quadr3     0.42066274     0.54366546     0.26912525     2.07362234
  effective deformation parameters:  01+, 02+, 03+, 04+
beteff     0.07338038     0.09556786     0.11330414     0.11801667
cos3ga     0.58225600     0.34065584     0.10118983     0.68995265
 
 ********* END Transition **************************
