 ********* BEGIN READER ****************************
 
 Nucleus            :  Sm  62  84
 Imin, Imax         :     0  10
 imu, remu          :     1 12.0000
 nlevel             :     4
 observables        :     2
 wave fun           :     1
 nbet, ngam, npar   :    10   7  10
 Finish reading parameters: V, B_k ...
 
 ********* END READER ******************************
 
 ********* BEGIN LEVELS ********************
 
 E_0 = -1212.082157
 
  I=   0   ntot= 127
   0   1    0.000000
   0   2    1.785326
   0   3    3.375511
   0   4    3.800791
 
  I=   2   ntot= 234
   2   1    1.283722
   2   2    2.659734
   2   3    3.024553
   2   4    4.078784
 
  I=   3   ntot= 108
   3   1    4.046531
   3   2    5.257990
   3   3    6.208142
   3   4    6.713205
 
  I=   4   ntot= 324
   4   1    2.531313
   4   2    3.883449
   4   3    4.185029
   4   4    4.987582
 
  I=   5   ntot= 198
   5   1    5.266569
   5   2    6.199416
   5   3    6.387702
   5   4    7.176749
 
  I=   6   ntot= 432
   6   1    3.843019
   6   2    5.131969
   6   3    5.309724
   6   4    6.002121
 
  I=   7   ntot= 306
   7   1    6.464936
   7   2    7.218050
   7   3    7.546891
   7   4    8.220411
 
  I=   8   ntot= 522
   8   1    5.246667
   8   2    6.200903
   8   3    6.589708
   8   4    7.163493
 
  I=   9   ntot= 397
   9   1    7.593802
   9   2    8.391123
   9   3    8.727727
   9   4    9.301662
 
  I=  10   ntot= 630
  10   1    6.688565
  10   2    7.320006
  10   3    7.863448
  10   4    8.345527
 
 ********* END LEVELS **********************
 
 ********* BEGIN Transition ************************
 
  Monopole moment 
 
   I   n    <In|E0|In>   ave \beta      del<b>   ave \gamma    del<g>  
     K=0       K=2       K=4   
   0   1     24.247536    0.117540    0.034350   28.988299   11.290321  100.0000    0.0000    0.0000
   0   2     24.370964    0.160447    0.052907   26.350281   11.535681  100.0000    0.0000    0.0000
   0   3     24.560970    0.217092    0.072217   19.239668   11.351920  100.0000    0.0000    0.0000
   0   4     24.561125    0.206825    0.044278   36.116984   11.807754  100.0000    0.0000    0.0000
   2   1     24.321439    0.143535    0.036558   26.618345   11.370220   83.9516   16.0484    0.0000
   2   2     24.412998    0.171377    0.045833   25.534057   12.157751   41.5324   58.4676    0.0000
   2   3     24.456861    0.184609    0.057927   28.505472   12.006175   62.0684   37.9316    0.0000
   2   4     24.658509    0.241658    0.078126   18.787273   12.284675   64.2998   35.7002    0.0000
   3   1     24.516159    0.198863    0.045498   27.655643    9.200236    0.0000  100.0000    0.0000
   3   2     24.778796    0.265427    0.076279   22.863085    9.553025    0.0000  100.0000    0.0000
   3   3     24.965787    0.308424    0.097245   19.056553    9.721122    0.0000   99.9999    0.0000
   3   4     24.881132    0.278544    0.054416   29.965936   10.096187    0.0000  100.0000    0.0000
   4   1     24.389930    0.165853    0.039229   23.723815   11.325959   84.3942   12.2494    3.3564
   4   2     24.506017    0.198408    0.057295   23.054369   13.504288   49.8394   29.4122   20.7484
   4   3     24.583650    0.218482    0.065425   26.390009   12.657379   56.9747   29.7497   13.2756
   4   4     24.841724    0.285572    0.087762   15.424002   11.635057   77.6540   15.0706    7.2754
   5   1     24.641082    0.231610    0.054243   24.896622    9.641059    0.0000   89.0818   10.9182
   5   2     24.948382    0.302983    0.079622   19.488483    9.188566    0.0000   87.0818   12.9182
   5   3     24.796535    0.263592    0.059043   28.249501    8.817916    0.0000   20.8154   79.1846
   5   4     25.034829    0.321963    0.106958   18.433120   10.435114    0.0000   78.2067   21.7933
   6   1     24.458391    0.186793    0.043745   21.201946   11.208455   85.6011   11.5873    1.9439
   6   2     24.738823    0.260967    0.078064   16.177831   11.791711   77.6178   12.9519    5.5827
   6   3     24.661654    0.234597    0.063227   28.677465   12.332172   35.1165   39.2297   15.7748
   6   4     24.916437    0.303081    0.102463   14.624528   12.228835   76.5869   16.3405    4.5022
   7   1     24.840611    0.278427    0.063486   21.513232    9.648788    0.0000   85.6088   12.9337
   7   2     25.030563    0.320514    0.089697   18.319218    9.760512    0.0000   82.8841   13.2967
   7   3     24.942331    0.293862    0.064187   26.325158    8.962147    0.0000   26.1102   56.4877
   7   4     25.181264    0.347788    0.101461   18.331086   10.959638    0.0000   49.5514   32.1970
   8   1     24.548140    0.212264    0.053917   19.082860   11.262262   85.1134   12.5380    1.6593
   8   2     24.989980    0.316328    0.078611   14.068042    9.919830   89.5464    9.1362    0.8683
   8   3     24.747452    0.252747    0.057311   29.008849   12.039098   27.6657   41.8060   18.0155
   8   4     25.043318    0.330010    0.113296   13.381318   12.641399   72.2945   18.9743    4.1699
   9   1     25.081959    0.328330    0.062830   18.742287    8.951439    0.0000   85.6963   12.8002
   9   2     25.090401    0.331495    0.096653   18.426664   11.220324    0.0000   69.8996   21.4486
   9   3     25.135120    0.332002    0.072272   23.249546    8.770108    0.0000   33.4214   50.2003
   9   4     25.351923    0.378385    0.108416   17.020042   11.685509    0.0000   53.2415   27.2759
  10   1     24.757947    0.264849    0.071925   16.570763   11.112183   82.4030   15.4458    1.6726
  10   2     25.018911    0.324101    0.096601   13.493921   10.487333   88.3772   10.2316    0.9797
  10   3     24.980881    0.304940    0.071439   22.932702   12.937262   32.3426   44.7305   15.3534
  10   4     25.331419    0.383965    0.121170   11.990406   13.305881   79.7845   11.1678    3.8235
 
  rho^2(E0) 
 
   I  n_1 n_2  <In_1|E0|In_2>  rho^2(E0) 
   0   1   1       24.247536 1417.717515
   0   2   1       -0.090657    0.019818
   0   2   2       24.370964 1432.187603
   0   3   1       -0.012200    0.000359
   0   3   2       -0.134344    0.043520
   0   3   3       24.560970 1454.606462
   0   4   1       -0.008755    0.000185
   0   4   2        0.064480    0.010026
   0   4   3       -0.003859    0.000036
   0   4   4       24.561125 1454.624841
   2   1   1       24.321439 1426.372728
   2   2   1        0.039690    0.003799
   2   2   2       24.412998 1437.132202
   2   3   1       -0.102269    0.025220
   2   3   2       -0.006347    0.000097
   2   3   3       24.456861 1442.301072
   2   4   1        0.001028    0.000003
   2   4   2       -0.139206    0.046727
   2   4   3        0.057685    0.008024
   2   4   4       24.658509 1466.182760
   3   1   1       24.516159 1449.303473
   3   2   1       -0.165196    0.065804
   3   2   2       24.778796 1480.522090
   3   3   1       -0.026312    0.001669
   3   3   2       -0.293487    0.207698
   3   3   3       24.965787 1502.951683
   3   4   1       -0.009083    0.000199
   3   4   2        0.099013    0.023639
   3   4   3        0.019563    0.000923
   3   4   4       24.881132 1492.776366
   4   1   1       24.389930 1434.417632
   4   2   1        0.058338    0.008207
   4   2   2       24.506017 1448.104607
   4   3   1       -0.110948    0.029682
   4   3   2       -0.030488    0.002241
   4   3   3       24.583650 1457.294112
   4   4   1        0.010304    0.000256
   4   4   2       -0.179468    0.077665
   4   4   3        0.128872    0.040047
   4   4   4       24.841724 1488.051451
   5   1   1       24.641082 1464.111057
   5   2   1       -0.196628    0.093228
   5   2   2       24.948382 1500.856851
   5   3   1       -0.091057    0.019993
   5   3   2        0.029925    0.002159
   5   3   3       24.796535 1482.642694
   5   4   1       -0.022037    0.001171
   5   4   2       -0.323907    0.252985
   5   4   3        0.009434    0.000215
   5   4   4       25.034829 1511.275895
   6   1   1       24.458391 1442.481477
   6   2   1       -0.117470    0.033274
   6   2   2       24.738823 1475.749259
   6   3   1       -0.084633    0.017272
   6   3   2        0.096221    0.022325
   6   3   3       24.661654 1466.556859
   6   4   1       -0.030920    0.002305
   6   4   2       -0.287377    0.199140
   6   4   3       -0.060653    0.008871
   6   4   4       24.916437 1497.015699
   7   1   1       24.840611 1487.918099
   7   2   1       -0.265926    0.170521
   7   2   2       25.030563 1510.760924
   7   3   1       -0.110792    0.029599
   7   3   2       -0.009413    0.000214
   7   3   3       24.942331 1500.128840
   7   4   1        0.015943    0.000613
   7   4   2       -0.290520    0.203520
   7   4   3        0.076051    0.013946
   7   4   4       25.181264 1529.007291
   8   1   1       24.548140 1453.087231
   8   2   1        0.189251    0.086364
   8   2   2       24.989980 1505.865957
   8   3   1       -0.038507    0.003575
   8   3   2        0.014472    0.000505
   8   3   3       24.747452 1476.778816
   8   4   1       -0.031558    0.002401
   8   4   2        0.300591    0.217874
   8   4   3        0.112364    0.030444
   8   4   4       25.043318 1512.300951
   9   1   1       25.081959 1516.971424
   9   2   1       -0.276959    0.184964
   9   2   2       25.090401 1517.992786
   9   3   1       -0.152777    0.056282
   9   3   2       -0.033278    0.002670
   9   3   3       25.135120 1523.408589
   9   4   1        0.058095    0.008138
   9   4   2       -0.339752    0.278342
   9   4   3        0.009402    0.000213
   9   4   4       25.351923 1549.802347
  10   1   1       24.757947 1478.031712
  10   2   1       -0.304048    0.222915
  10   2   2       25.018911 1509.354601
  10   3   1       -0.037172    0.003332
  10   3   2       -0.089249    0.019207
  10   3   3       24.980881 1504.769533
  10   4   1        0.022894    0.001264
  10   4   2       -0.336257    0.272645
  10   4   3        0.133003    0.042656
  10   4   4       25.331419 1547.296432
 
  E2 transition 
 
  I1  n1        I2  n2       <f||E2||i>   B(E2,I1->I2)  B(E2,I2->I1)
 ( 0   1) <--> ( 2   1)        0.699814      0.489739      0.097948   WU   107.244396     21.448879
 ( 0   1) <--> ( 2   2)       -0.039556      0.001565      0.000313   WU     0.342639      0.068528
 ( 0   1) <--> ( 2   3)        0.056202      0.003159      0.000632   WU     0.691687      0.138337
 ( 0   1) <--> ( 2   4)       -0.006885      0.000047      0.000009   WU     0.010380      0.002076
 ( 0   2) <--> ( 2   1)       -0.506517      0.256559      0.051312   WU    56.182044     11.236409
 ( 0   2) <--> ( 2   2)       -0.360706      0.130109      0.026022   WU    28.491537      5.698307
 ( 0   2) <--> ( 2   3)        0.726801      0.528239      0.105648   WU   115.675201     23.135040
 ( 0   2) <--> ( 2   4)       -0.033771      0.001140      0.000228   WU     0.249749      0.049950
 ( 0   3) <--> ( 2   1)        0.043893      0.001927      0.000385   WU     0.421891      0.084378
 ( 0   3) <--> ( 2   2)        0.486221      0.236410      0.047282   WU    51.769791     10.353958
 ( 0   3) <--> ( 2   3)       -0.586179      0.343606      0.068721   WU    75.243728     15.048746
 ( 0   3) <--> ( 2   4)       -0.795553      0.632904      0.126581   WU   138.594939     27.718988
 ( 0   4) <--> ( 2   1)        0.066957      0.004483      0.000897   WU     0.981747      0.196349
 ( 0   4) <--> ( 2   2)        0.394275      0.155453      0.031091   WU    34.041493      6.808299
 ( 0   4) <--> ( 2   3)        0.361659      0.130797      0.026159   WU    28.642268      5.728454
 ( 0   4) <--> ( 2   4)       -0.225374      0.050793      0.010159   WU    11.122889      2.224578
 ( 2   1) <--> ( 2   1)       -0.439780     -0.333324   (eb)
 ( 2   2) <--> ( 2   1)       -0.902885      0.163040      0.163040   WU    35.702997     35.702997
 ( 2   2) <--> ( 2   2)       -0.135919     -0.103018   (eb)
 ( 2   3) <--> ( 2   1)       -0.218737      0.009569      0.009569   WU     2.095485      2.095485
 ( 2   3) <--> ( 2   2)        0.752444      0.113234      0.113234   WU    24.796383     24.796383
 ( 2   3) <--> ( 2   3)        0.076383      0.057893   (eb)
 ( 2   4) <--> ( 2   1)       -0.110250      0.002431      0.002431   WU     0.532347      0.532347
 ( 2   4) <--> ( 2   2)        0.301118      0.018134      0.018134   WU     3.971113      3.971113
 ( 2   4) <--> ( 2   3)       -0.899268      0.161736      0.161736   WU    35.417481     35.417481
 ( 2   4) <--> ( 2   4)       -0.906423     -0.687008   (eb)
 ( 2   1) <--> ( 3   1)       -0.022714      0.000103      0.000074   WU     0.022595      0.016139
 ( 2   1) <--> ( 3   2)       -0.000333      0.000000      0.000000   WU     0.000005      0.000003
 ( 2   1) <--> ( 3   3)        0.004531      0.000004      0.000003   WU     0.000899      0.000642
 ( 2   1) <--> ( 3   4)       -0.020364      0.000083      0.000059   WU     0.018162      0.012973
 ( 2   2) <--> ( 3   1)       -1.130844      0.255762      0.182687   WU    56.007358     40.005255
 ( 2   2) <--> ( 3   2)       -0.193917      0.007521      0.005372   WU     1.646908      1.176363
 ( 2   2) <--> ( 3   3)       -0.076315      0.001165      0.000832   WU     0.255073      0.182195
 ( 2   2) <--> ( 3   4)        0.022950      0.000105      0.000075   WU     0.023067      0.016476
 ( 2   3) <--> ( 3   1)       -0.603908      0.072941      0.052101   WU    15.972800     11.409143
 ( 2   3) <--> ( 3   2)       -0.055575      0.000618      0.000441   WU     0.135268      0.096620
 ( 2   3) <--> ( 3   3)       -0.002001      0.000001      0.000001   WU     0.000175      0.000125
 ( 2   3) <--> ( 3   4)        0.055796      0.000623      0.000445   WU     0.136345      0.097389
 ( 2   4) <--> ( 3   1)        0.493372      0.048683      0.034774   WU    10.660757      7.614826
 ( 2   4) <--> ( 3   2)       -0.980595      0.192313      0.137367   WU    42.113237     30.080884
 ( 2   4) <--> ( 3   3)       -0.241196      0.011635      0.008311   WU     2.547882      1.819916
 ( 2   4) <--> ( 3   4)        0.058730      0.000690      0.000493   WU     0.151063      0.107902
 ( 2   1) <--> ( 4   1)        1.386440      0.384443      0.213580   WU    84.186412     46.770229
 ( 2   1) <--> ( 4   2)       -0.106182      0.002255      0.001253   WU     0.493787      0.274326
 ( 2   1) <--> ( 4   3)        0.033036      0.000218      0.000121   WU     0.047798      0.026554
 ( 2   1) <--> ( 4   4)       -0.035638      0.000254      0.000141   WU     0.055624      0.030902
 ( 2   2) <--> ( 4   1)        0.492240      0.048460      0.026922   WU    10.611914      5.895508
 ( 2   2) <--> ( 4   2)        1.295078      0.335445      0.186359   WU    73.456736     40.809298
 ( 2   2) <--> ( 4   3)       -0.033072      0.000219      0.000122   WU     0.047904      0.026613
 ( 2   2) <--> ( 4   4)        0.116021      0.002692      0.001496   WU     0.589540      0.327522
 ( 2   3) <--> ( 4   1)       -0.660142      0.087158      0.048421   WU    19.085983     10.603324
 ( 2   3) <--> ( 4   2)       -0.253422      0.012845      0.007136   WU     2.812737      1.562632
 ( 2   3) <--> ( 4   3)        1.495443      0.447270      0.248483   WU    97.944304     54.413502
 ( 2   3) <--> ( 4   4)       -0.148276      0.004397      0.002443   WU     0.962899      0.534944
 ( 2   4) <--> ( 4   1)       -0.072016      0.001037      0.000576   WU     0.227140      0.126189
 ( 2   4) <--> ( 4   2)       -1.006063      0.202432      0.112462   WU    44.329186     24.627326
 ( 2   4) <--> ( 4   3)        0.641746      0.082368      0.045760   WU    18.037098     10.020610
 ( 2   4) <--> ( 4   4)        1.753999      0.615302      0.341835   WU   134.740509     74.855838
 ( 3   1) <--> ( 3   1)        0.000000      0.000000   (eb)
 ( 3   2) <--> ( 3   1)        0.000000      0.000000      0.000000   WU     0.000000      0.000000
 ( 3   2) <--> ( 3   2)        0.000000      0.000000   (eb)
 ( 3   3) <--> ( 3   1)        0.000000      0.000000      0.000000   WU     0.000000      0.000000
 ( 3   3) <--> ( 3   2)        0.000000      0.000000      0.000000   WU     0.000000      0.000000
 ( 3   3) <--> ( 3   3)        0.000000      0.000000   (eb)
 ( 3   4) <--> ( 3   1)        0.000000      0.000000      0.000000   WU     0.000000      0.000000
 ( 3   4) <--> ( 3   2)        0.000000      0.000000      0.000000   WU     0.000000      0.000000
 ( 3   4) <--> ( 3   3)        0.000000      0.000000      0.000000   WU     0.000000      0.000000
 ( 3   4) <--> ( 3   4)        0.000000      0.000000   (eb)
 ( 3   1) <--> ( 4   1)        0.620772      0.055051      0.042818   WU    12.055245      9.376302
 ( 3   1) <--> ( 4   2)       -0.406262      0.023578      0.018339   WU     5.163257      4.015866
 ( 3   1) <--> ( 4   3)       -0.761082      0.082749      0.064361   WU    18.120683     14.093865
 ( 3   1) <--> ( 4   4)        0.295428      0.012468      0.009698   WU     2.730324      2.123586
 ( 3   2) <--> ( 4   1)        0.144832      0.002997      0.002331   WU     0.656211      0.510386
 ( 3   2) <--> ( 4   2)       -0.219227      0.006866      0.005340   WU     1.503488      1.169379
 ( 3   2) <--> ( 4   3)        0.675711      0.065226      0.050732   WU    14.283458     11.109356
 ( 3   2) <--> ( 4   4)       -0.193599      0.005354      0.004165   WU     1.172517      0.911958
 ( 3   3) <--> ( 4   1)        0.065785      0.000618      0.000481   WU     0.135384      0.105299
 ( 3   3) <--> ( 4   2)       -0.074758      0.000798      0.000621   WU     0.174833      0.135981
 ( 3   3) <--> ( 4   3)        0.185763      0.004930      0.003834   WU     1.079517      0.839624
 ( 3   3) <--> ( 4   4)       -0.387747      0.021478      0.016705   WU     4.703372      3.658179
 ( 3   4) <--> ( 4   1)       -0.019307      0.000053      0.000041   WU     0.011662      0.009070
 ( 3   4) <--> ( 4   2)        0.070920      0.000719      0.000559   WU     0.157345      0.122379
 ( 3   4) <--> ( 4   3)       -0.034697      0.000172      0.000134   WU     0.037662      0.029293
 ( 3   4) <--> ( 4   4)        0.023582      0.000079      0.000062   WU     0.017397      0.013531
 ( 3   1) <--> ( 5   1)        1.687430      0.406774      0.258856   WU    89.076527     56.685063
 ( 3   1) <--> ( 5   2)        0.219057      0.006855      0.004362   WU     1.501153      0.955279
 ( 3   1) <--> ( 5   3)        0.043099      0.000265      0.000169   WU     0.058111      0.036980
 ( 3   1) <--> ( 5   4)        0.077071      0.000849      0.000540   WU     0.185818      0.118248
 ( 3   2) <--> ( 5   1)       -1.015750      0.147393      0.093795   WU    32.276433     20.539548
 ( 3   2) <--> ( 5   2)        1.824679      0.475636      0.302678   WU   104.156045     66.281120
 ( 3   2) <--> ( 5   3)        0.765151      0.083637      0.053223   WU    18.314970     11.654981
 ( 3   2) <--> ( 5   4)        0.315114      0.014185      0.009027   WU     3.106327      1.976753
 ( 3   3) <--> ( 5   1)        0.111789      0.001785      0.001136   WU     0.390937      0.248778
 ( 3   3) <--> ( 5   2)       -1.622934      0.376273      0.239447   WU    82.397333     52.434666
 ( 3   3) <--> ( 5   3)       -0.208887      0.006233      0.003967   WU     1.365003      0.868638
 ( 3   3) <--> ( 5   4)        1.759532      0.442279      0.281450   WU    96.851451     61.632742
 ( 3   4) <--> ( 5   1)        0.165463      0.003911      0.002489   WU     0.856476      0.545030
 ( 3   4) <--> ( 5   2)       -0.128301      0.002352      0.001496   WU     0.514959      0.327701
 ( 3   4) <--> ( 5   3)        0.916657      0.120037      0.076387   WU    26.286061     16.727494
 ( 3   4) <--> ( 5   4)        0.021262      0.000065      0.000041   WU     0.014143      0.009000
 ( 4   1) <--> ( 4   1)       -0.891138     -0.672003   (eb)
 ( 4   2) <--> ( 4   1)       -0.973894      0.105386      0.105386   WU    23.077606     23.077606
 ( 4   2) <--> ( 4   2)       -0.624664     -0.471056   (eb)
 ( 4   3) <--> ( 4   1)       -0.259582      0.007487      0.007487   WU     1.639525      1.639525
 ( 4   3) <--> ( 4   2)        0.830169      0.076576      0.076576   WU    16.768739     16.768739
 ( 4   3) <--> ( 4   3)       -0.351783     -0.265278   (eb)
 ( 4   4) <--> ( 4   1)       -0.106543      0.001261      0.001261   WU     0.276194      0.276194
 ( 4   4) <--> ( 4   2)        0.558991      0.034719      0.034719   WU     7.602848      7.602848
 ( 4   4) <--> ( 4   3)       -0.906620      0.091329      0.091329   WU    19.999454     19.999454
 ( 4   4) <--> ( 4   4)       -1.921587     -1.449060   (eb)
 ( 4   1) <--> ( 5   1)       -0.066327      0.000489      0.000400   WU     0.107041      0.087579
 ( 4   1) <--> ( 5   2)       -0.022225      0.000055      0.000045   WU     0.012019      0.009834
 ( 4   1) <--> ( 5   3)       -0.048348      0.000260      0.000212   WU     0.056875      0.046534
 ( 4   1) <--> ( 5   4)       -0.002522      0.000001      0.000001   WU     0.000155      0.000127
 ( 4   2) <--> ( 5   1)       -0.918841      0.093808      0.076752   WU    20.542251     16.807296
 ( 4   2) <--> ( 5   2)       -0.201434      0.004508      0.003689   WU     0.987261      0.807759
 ( 4   2) <--> ( 5   3)       -0.059909      0.000399      0.000326   WU     0.087327      0.071449
 ( 4   2) <--> ( 5   4)       -0.086625      0.000834      0.000682   WU     0.182579      0.149383
 ( 4   3) <--> ( 5   1)       -0.624781      0.043372      0.035486   WU     9.497787      7.770917
 ( 4   3) <--> ( 5   2)       -0.128344      0.001830      0.001497   WU     0.400789      0.327919
 ( 4   3) <--> ( 5   3)        0.002328      0.000001      0.000000   WU     0.000132      0.000108
 ( 4   3) <--> ( 5   4)       -0.037718      0.000158      0.000129   WU     0.034615      0.028322
 ( 4   4) <--> ( 5   1)        0.403181      0.018062      0.014778   WU     3.955187      3.236062
 ( 4   4) <--> ( 5   2)       -0.657137      0.047981      0.039257   WU    10.507018      8.596651
 ( 4   4) <--> ( 5   3)       -0.117697      0.001539      0.001259   WU     0.337053      0.275771
 ( 4   4) <--> ( 5   4)       -0.164874      0.003020      0.002471   WU     0.661410      0.541154
 ( 4   1) <--> ( 6   1)        2.074488      0.478167      0.331039   WU   104.710224     72.491693
 ( 4   1) <--> ( 6   2)        0.127347      0.001802      0.001247   WU     0.394591      0.273179
 ( 4   1) <--> ( 6   3)       -0.038945      0.000169      0.000117   WU     0.036905      0.025549
 ( 4   1) <--> ( 6   4)        0.054267      0.000327      0.000227   WU     0.071654      0.049607
 ( 4   2) <--> ( 6   1)        0.706544      0.055467      0.038400   WU    12.146359      8.409018
 ( 4   2) <--> ( 6   2)       -1.978656      0.435009      0.301160   WU    95.259415     65.948826
 ( 4   2) <--> ( 6   3)        0.718111      0.057298      0.039668   WU    12.547296      8.686589
 ( 4   2) <--> ( 6   4)       -0.333254      0.012340      0.008543   WU     2.702197      1.870752
 ( 4   3) <--> ( 6   1)       -0.811242      0.073124      0.050624   WU    16.012833     11.085808
 ( 4   3) <--> ( 6   2)        1.215554      0.164175      0.113659   WU    35.951367     24.889408
 ( 4   3) <--> ( 6   3)        2.092992      0.486735      0.336970   WU   106.586510     73.790661
 ( 4   3) <--> ( 6   4)        0.297249      0.009817      0.006797   WU     2.149854      1.488361
 ( 4   4) <--> ( 6   1)        0.013439      0.000020      0.000014   WU     0.004394      0.003042
 ( 4   4) <--> ( 6   2)        2.042006      0.463310      0.320753   WU   101.456808     70.239329
 ( 4   4) <--> ( 6   3)        0.467112      0.024244      0.016784   WU     5.308959      3.675433
 ( 4   4) <--> ( 6   4)       -2.630684      0.768944      0.532346   WU   168.385439    116.574535
 ( 5   1) <--> ( 5   1)       -0.757459     -0.550012   (eb)
 ( 5   2) <--> ( 5   1)        0.650903      0.038516      0.038516   WU     8.434305      8.434305
 ( 5   2) <--> ( 5   2)       -1.322555     -0.960343   (eb)
 ( 5   3) <--> ( 5   1)       -0.919191      0.076810      0.076810   WU    16.820110     16.820110
 ( 5   3) <--> ( 5   2)       -0.344173      0.010769      0.010769   WU     2.358146      2.358146
 ( 5   3) <--> ( 5   3)        0.922506      0.669857   (eb)
 ( 5   4) <--> ( 5   1)        0.174787      0.002777      0.002777   WU     0.608187      0.608187
 ( 5   4) <--> ( 5   2)        0.764507      0.053134      0.053134   WU    11.635377     11.635377
 ( 5   4) <--> ( 5   3)        0.402233      0.014708      0.014708   WU     3.220867      3.220867
 ( 5   4) <--> ( 5   4)       -1.170999     -0.850294   (eb)
 ( 5   1) <--> ( 6   1)        0.760000      0.052509      0.044431   WU    11.498586      9.729572
 ( 5   1) <--> ( 6   2)       -0.003432      0.000001      0.000001   WU     0.000234      0.000198
 ( 5   1) <--> ( 6   3)       -1.113817      0.112781      0.095430   WU    24.697046     20.897501
 ( 5   1) <--> ( 6   4)       -0.401056      0.014622      0.012373   WU     3.202042      2.709420
 ( 5   2) <--> ( 6   1)        0.200013      0.003637      0.003077   WU     0.796402      0.673878
 ( 5   2) <--> ( 6   2)        0.714249      0.046377      0.039242   WU    10.155855      8.593416
 ( 5   2) <--> ( 6   3)        0.308781      0.008668      0.007334   WU     1.898096      1.606082
 ( 5   2) <--> ( 6   4)        0.084492      0.000649      0.000549   WU     0.142117      0.120253
 ( 5   3) <--> ( 6   1)        0.096066      0.000839      0.000710   WU     0.183718      0.155454
 ( 5   3) <--> ( 6   2)       -0.064270      0.000376      0.000318   WU     0.082229      0.069579
 ( 5   3) <--> ( 6   3)        0.717709      0.046828      0.039624   WU    10.254492      8.676878
 ( 5   3) <--> ( 6   4)        0.228500      0.004747      0.004016   WU     1.039419      0.879508
 ( 5   4) <--> ( 6   1)        0.097963      0.000872      0.000738   WU     0.191047      0.161656
 ( 5   4) <--> ( 6   2)        0.218767      0.004351      0.003681   WU     0.952749      0.806173
 ( 5   4) <--> ( 6   3)        0.040208      0.000147      0.000124   WU     0.032184      0.027233
 ( 5   4) <--> ( 6   4)        0.629158      0.035985      0.030449   WU     7.880192      6.667854
 ( 5   1) <--> ( 7   1)        2.667688      0.646960      0.474437   WU   141.673016    103.893545
 ( 5   1) <--> ( 7   2)        0.497288      0.022481      0.016486   WU     4.923043      3.610231
 ( 5   1) <--> ( 7   3)        0.143802      0.001880      0.001379   WU     0.411669      0.301891
 ( 5   1) <--> ( 7   4)        0.068220      0.000423      0.000310   WU     0.092650      0.067943
 ( 5   2) <--> ( 7   1)       -1.764945      0.283184      0.207669   WU    62.012478     45.475818
 ( 5   2) <--> ( 7   2)        2.944650      0.788269      0.578064   WU   172.617294    126.586016
 ( 5   2) <--> ( 7   3)        0.226460      0.004662      0.003419   WU     1.020936      0.748686
 ( 5   2) <--> ( 7   4)        0.285479      0.007409      0.005433   WU     1.622431      1.189782
 ( 5   3) <--> ( 7   1)       -0.533443      0.025869      0.018971   WU     5.664910      4.154267
 ( 5   3) <--> ( 7   2)        0.179556      0.002931      0.002149   WU     0.641828      0.470674
 ( 5   3) <--> ( 7   3)        2.293162      0.478054      0.350573   WU   104.685436     76.769320
 ( 5   3) <--> ( 7   4)       -0.133491      0.001620      0.001188   WU     0.354750      0.260150
 ( 5   4) <--> ( 7   1)        0.229147      0.004773      0.003501   WU     1.045311      0.766561
 ( 5   4) <--> ( 7   2)       -1.995929      0.362157      0.265582   WU    79.306164     58.157854
 ( 5   4) <--> ( 7   3)        0.061062      0.000339      0.000249   WU     0.074227      0.054433
 ( 5   4) <--> ( 7   4)        2.411417      0.528630      0.387662   WU   115.760782     84.891240
 ( 6   1) <--> ( 6   1)       -1.382658     -0.963985   (eb)
 ( 6   2) <--> ( 6   1)        0.842326      0.054578      0.054578   WU    11.951619     11.951619
 ( 6   2) <--> ( 6   2)       -1.992473     -1.389146   (eb)
 ( 6   3) <--> ( 6   1)       -0.663624      0.033877      0.033877   WU     7.418400      7.418400
 ( 6   3) <--> ( 6   2)       -0.733399      0.041375      0.041375   WU     9.060399      9.060399
 ( 6   3) <--> ( 6   3)       -0.259679     -0.181047   (eb)
 ( 6   4) <--> ( 6   1)        0.188050      0.002720      0.002720   WU     0.595680      0.595680
 ( 6   4) <--> ( 6   2)        1.108021      0.094439      0.094439   WU    20.680545     20.680545
 ( 6   4) <--> ( 6   3)        0.575005      0.025433      0.025433   WU     5.569415      5.569415
 ( 6   4) <--> ( 6   4)       -2.396515     -1.670843   (eb)
 ( 6   1) <--> ( 7   1)       -0.072645      0.000406      0.000352   WU     0.088895      0.077042
 ( 6   1) <--> ( 7   2)       -0.057587      0.000255      0.000221   WU     0.055862      0.048414
 ( 6   1) <--> ( 7   3)       -0.065792      0.000333      0.000289   WU     0.072914      0.063193
 ( 6   1) <--> ( 7   4)       -0.005928      0.000003      0.000002   WU     0.000592      0.000513
 ( 6   2) <--> ( 7   1)        0.531396      0.021722      0.018825   WU     4.756676      4.122453
 ( 6   2) <--> ( 7   2)        0.151326      0.001761      0.001527   WU     0.385737      0.334305
 ( 6   2) <--> ( 7   3)        0.010446      0.000008      0.000007   WU     0.001838      0.001593
 ( 6   2) <--> ( 7   4)        0.054338      0.000227      0.000197   WU     0.049737      0.043105
 ( 6   3) <--> ( 7   1)       -0.888814      0.060769      0.052666   WU    13.307257     11.532956
 ( 6   3) <--> ( 7   2)       -0.320468      0.007900      0.006847   WU     1.729954      1.499293
 ( 6   3) <--> ( 7   3)       -0.051536      0.000204      0.000177   WU     0.044738      0.038773
 ( 6   3) <--> ( 7   4)       -0.109295      0.000919      0.000796   WU     0.201219      0.174390
 ( 6   4) <--> ( 7   1)       -0.470171      0.017005      0.014737   WU     3.723735      3.227237
 ( 6   4) <--> ( 7   2)        0.580807      0.025949      0.022489   WU     5.682368      4.924719
 ( 6   4) <--> ( 7   3)        0.067263      0.000348      0.000302   WU     0.076211      0.066050
 ( 6   4) <--> ( 7   4)        0.090474      0.000630      0.000546   WU     0.137883      0.119499
 ( 6   1) <--> ( 8   1)        2.766893      0.588900      0.450335   WU   128.958778     98.615536
 ( 6   1) <--> ( 8   2)       -0.194913      0.002922      0.002235   WU     0.639954      0.489377
 ( 6   1) <--> ( 8   3)       -0.041881      0.000135      0.000103   WU     0.029546      0.022594
 ( 6   1) <--> ( 8   4)        0.056217      0.000243      0.000186   WU     0.053236      0.040710
 ( 6   2) <--> ( 8   1)       -1.306046      0.131212      0.100339   WU    28.733157     21.972414
 ( 6   2) <--> ( 8   2)       -3.264315      0.819673      0.626809   WU   179.494194    137.260266
 ( 6   2) <--> ( 8   3)       -1.034943      0.082393      0.063006   WU    18.042597     13.797280
 ( 6   2) <--> ( 8   4)        0.576592      0.025574      0.019556   WU     5.600193      4.282500
 ( 6   3) <--> ( 8   1)       -0.675354      0.035085      0.026830   WU     7.682969      5.875212
 ( 6   3) <--> ( 8   2)       -1.670660      0.214700      0.164183   WU    47.015650     35.953144
 ( 6   3) <--> ( 8   3)        2.612046      0.524829      0.401340   WU   114.928522     87.886517
 ( 6   3) <--> ( 8   4)       -0.193931      0.002893      0.002212   WU     0.633524      0.484459
 ( 6   4) <--> ( 8   1)       -0.138469      0.001475      0.001128   WU     0.322975      0.246981
 ( 6   4) <--> ( 8   2)        2.418606      0.449973      0.344097   WU    98.536340     75.351318
 ( 6   4) <--> ( 8   3)        0.994067      0.076013      0.058128   WU    16.645514     12.728923
 ( 6   4) <--> ( 8   4)        3.226788      0.800936      0.612480   WU   175.391002    134.122531
 ( 7   1) <--> ( 7   1)       -1.629364     -1.091123   (eb)
 ( 7   2) <--> ( 7   1)        1.013560      0.068487      0.068487   WU    14.997435     14.997435
 ( 7   2) <--> ( 7   2)       -2.046415     -1.370406   (eb)
 ( 7   3) <--> ( 7   1)       -1.042545      0.072460      0.072460   WU    15.867481     15.867481
 ( 7   3) <--> ( 7   2)       -0.384031      0.009832      0.009832   WU     2.153035      2.153035
 ( 7   3) <--> ( 7   3)        0.056412      0.037777   (eb)
 ( 7   4) <--> ( 7   1)        0.120169      0.000963      0.000963   WU     0.210815      0.210815
 ( 7   4) <--> ( 7   2)        1.401855      0.131013      0.131013   WU    28.689607     28.689607
 ( 7   4) <--> ( 7   3)       -0.302589      0.006104      0.006104   WU     1.336675      1.336675
 ( 7   4) <--> ( 7   4)       -1.400543     -0.937890   (eb)
 ( 7   1) <--> ( 8   1)        0.872751      0.050780      0.044806   WU    11.119858      9.811639
 ( 7   1) <--> ( 8   2)        0.629144      0.026388      0.023284   WU     5.778543      5.098714
 ( 7   1) <--> ( 8   3)       -1.239691      0.102456      0.090402   WU    22.435981     19.796454
 ( 7   1) <--> ( 8   4)       -0.519833      0.018015      0.015896   WU     3.944989      3.480873
 ( 7   2) <--> ( 8   1)        0.315261      0.006626      0.005846   WU     1.450968      1.280266
 ( 7   2) <--> ( 8   2)       -0.835786      0.046569      0.041091   WU    10.197861      8.998113
 ( 7   2) <--> ( 8   3)       -0.202982      0.002747      0.002424   WU     0.601499      0.530735
 ( 7   2) <--> ( 8   4)        0.234472      0.003665      0.003234   WU     0.802605      0.708181
 ( 7   3) <--> ( 8   1)        0.144082      0.001384      0.001221   WU     0.303065      0.267410
 ( 7   3) <--> ( 8   2)       -0.197069      0.002589      0.002284   WU     0.566965      0.500263
 ( 7   3) <--> ( 8   3)        0.952845      0.060528      0.053407   WU    13.254483     11.695132
 ( 7   3) <--> ( 8   4)        0.054816      0.000200      0.000177   WU     0.043867      0.038706
 ( 7   4) <--> ( 8   1)        0.078566      0.000412      0.000363   WU     0.090112      0.079511
 ( 7   4) <--> ( 8   2)       -0.152701      0.001555      0.001372   WU     0.340410      0.300361
 ( 7   4) <--> ( 8   3)       -0.135431      0.001223      0.001079   WU     0.267767      0.236265
 ( 7   4) <--> ( 8   4)        0.725973      0.035136      0.031002   WU     7.694128      6.788936
 ( 7   1) <--> ( 9   1)        3.857048      0.991788      0.782991   WU   217.184363    171.461339
 ( 7   1) <--> ( 9   2)        0.686970      0.031462      0.024838   WU     6.889593      5.439152
 ( 7   1) <--> ( 9   3)        0.271836      0.004926      0.003889   WU     1.078776      0.851666
 ( 7   1) <--> ( 9   4)        0.102321      0.000698      0.000551   WU     0.152845      0.120667
 ( 7   2) <--> ( 9   1)       -2.375902      0.376327      0.297101   WU    82.409151     65.059856
 ( 7   2) <--> ( 9   2)        3.658478      0.892298      0.704445   WU   195.397651    154.261304
 ( 7   2) <--> ( 9   3)        0.557351      0.020709      0.016349   WU     4.534986      3.580252
 ( 7   2) <--> ( 9   4)        0.317662      0.006727      0.005311   WU     1.473160      1.163021
 ( 7   3) <--> ( 9   1)       -0.668375      0.029782      0.023512   WU     6.521660      5.148679
 ( 7   3) <--> ( 9   2)       -0.490782      0.016058      0.012677   WU     3.516377      2.776087
 ( 7   3) <--> ( 9   3)        3.411424      0.775854      0.612517   WU   169.898617    134.130487
 ( 7   3) <--> ( 9   4)       -0.201544      0.002708      0.002138   WU     0.593007      0.468164
 ( 7   4) <--> ( 9   1)        0.269584      0.004845      0.003825   WU     1.060979      0.837615
 ( 7   4) <--> ( 9   2)       -2.033878      0.275777      0.217719   WU    60.390411     47.676641
 ( 7   4) <--> ( 9   3)        0.237767      0.003769      0.002975   WU     0.825319      0.651567
 ( 7   4) <--> ( 9   4)        3.757267      0.941137      0.743003   WU   206.092633    162.704711
 ( 8   1) <--> ( 8   1)       -1.899209     -1.223463   (eb)
 ( 8   2) <--> ( 8   1)       -0.605190      0.021544      0.021544   WU     4.717856      4.717856
 ( 8   2) <--> ( 8   2)       -3.171610     -2.043138   (eb)
 ( 8   3) <--> ( 8   1)       -0.955622      0.053718      0.053718   WU    11.763405     11.763405
 ( 8   3) <--> ( 8   2)       -0.299235      0.005267      0.005267   WU     1.153416      1.153416
 ( 8   3) <--> ( 8   3)       -0.511115     -0.329258   (eb)
 ( 8   4) <--> ( 8   1)        0.309225      0.005625      0.005625   WU     1.231716      1.231716
 ( 8   4) <--> ( 8   2)       -1.316193      0.101904      0.101904   WU    22.315169     22.315169
 ( 8   4) <--> ( 8   3)       -0.627429      0.023157      0.023157   WU     5.070955      5.070955
 ( 8   4) <--> ( 8   4)       -3.028097     -1.950688   (eb)
 ( 8   1) <--> ( 9   1)       -0.038615      0.000088      0.000078   WU     0.019208      0.017186
 ( 8   1) <--> ( 9   2)       -0.057129      0.000192      0.000172   WU     0.042042      0.037616
 ( 8   1) <--> ( 9   3)       -0.059548      0.000209      0.000187   WU     0.045676      0.040868
 ( 8   1) <--> ( 9   4)       -0.019753      0.000023      0.000021   WU     0.005026      0.004497
 ( 8   2) <--> ( 9   1)       -0.134018      0.001057      0.000945   WU     0.231359      0.207005
 ( 8   2) <--> ( 9   2)        0.006715      0.000003      0.000002   WU     0.000581      0.000520
 ( 8   2) <--> ( 9   3)        0.049753      0.000146      0.000130   WU     0.031886      0.028530
 ( 8   2) <--> ( 9   4)        0.006426      0.000002      0.000002   WU     0.000532      0.000476
 ( 8   3) <--> ( 9   1)       -1.084187      0.069145      0.061866   WU    15.141498     13.547656
 ( 8   3) <--> ( 9   2)       -0.373077      0.008187      0.007326   WU     1.792903      1.604176
 ( 8   3) <--> ( 9   3)       -0.085194      0.000427      0.000382   WU     0.093492      0.083651
 ( 8   3) <--> ( 9   4)       -0.155632      0.001425      0.001275   WU     0.312003      0.279161
 ( 8   4) <--> ( 9   1)       -0.600596      0.021219      0.018985   WU     4.646494      4.157389
 ( 8   4) <--> ( 9   2)        0.711085      0.029744      0.026613   WU     6.513339      5.827724
 ( 8   4) <--> ( 9   3)       -0.062386      0.000229      0.000205   WU     0.050134      0.044857
 ( 8   4) <--> ( 9   4)        0.118474      0.000826      0.000739   WU     0.180803      0.161771
 ( 8   1) <--> (10   1)        3.485508      0.714633      0.578513   WU   156.492320    126.684259
 ( 8   1) <--> (10   2)        0.753667      0.033413      0.027048   WU     7.316777      5.923105
 ( 8   1) <--> (10   3)        0.086282      0.000438      0.000355   WU     0.095896      0.077630
 ( 8   1) <--> (10   4)        0.060727      0.000217      0.000176   WU     0.047504      0.038455
 ( 8   2) <--> (10   1)        2.631527      0.407349      0.329759   WU    89.202398     72.211465
 ( 8   2) <--> (10   2)       -4.399616      1.138625      0.921744   WU   249.339003    201.845860
 ( 8   2) <--> (10   3)        0.046427      0.000127      0.000103   WU     0.027765      0.022477
 ( 8   2) <--> (10   4)       -0.325812      0.006244      0.005055   WU     1.367398      1.106941
 ( 8   3) <--> (10   1)       -0.289007      0.004913      0.003977   WU     1.075913      0.870977
 ( 8   3) <--> (10   2)       -0.086351      0.000439      0.000355   WU     0.096049      0.077754
 ( 8   3) <--> (10   3)        3.738582      0.822176      0.665571   WU   180.042315    145.748541
 ( 8   3) <--> (10   4)       -0.669939      0.026401      0.021372   WU     5.781373      4.680159
 ( 8   4) <--> (10   1)        0.033782      0.000067      0.000054   WU     0.014701      0.011901
 ( 8   4) <--> (10   2)       -2.338831      0.321772      0.260482   WU    70.462584     57.041139
 ( 8   4) <--> (10   3)        1.748094      0.179755      0.145516   WU    39.363210     31.865456
 ( 8   4) <--> (10   4)        4.140382      1.008398      0.816322   WU   220.821625    178.760363
 ( 9   1) <--> ( 9   1)       -2.706883     -1.680655   (eb)
 ( 9   2) <--> ( 9   1)        1.336160      0.093964      0.093964   WU    20.576579     20.576579
 ( 9   2) <--> ( 9   2)       -2.311464     -1.435147   (eb)
 ( 9   3) <--> ( 9   1)       -0.906463      0.043246      0.043246   WU     9.470133      9.470133
 ( 9   3) <--> ( 9   2)       -0.530128      0.014791      0.014791   WU     3.239052      3.239052
 ( 9   3) <--> ( 9   3)       -1.166921     -0.724520   (eb)
 ( 9   4) <--> ( 9   1)       -0.030506      0.000049      0.000049   WU     0.010726      0.010726
 ( 9   4) <--> ( 9   2)        1.789534      0.168549      0.168549   WU    36.909304     36.909304
 ( 9   4) <--> ( 9   3)       -0.280189      0.004132      0.004132   WU     0.904810      0.904810
 ( 9   4) <--> ( 9   4)       -2.374926     -1.474549   (eb)
 ( 9   1) <--> (10   1)        1.116658      0.065628      0.059377   WU    14.371310     13.002614
 ( 9   1) <--> (10   2)       -0.650889      0.022298      0.020174   WU     4.882805      4.417776
 ( 9   1) <--> (10   3)       -1.468085      0.113435      0.102632   WU    24.840385     22.474634
 ( 9   1) <--> (10   4)       -0.179434      0.001695      0.001533   WU     0.371080      0.335739
 ( 9   2) <--> (10   1)        0.342455      0.006172      0.005585   WU     1.351643      1.222915
 ( 9   2) <--> (10   2)        0.845515      0.037626      0.034043   WU     8.239460      7.454749
 ( 9   2) <--> (10   3)       -0.470159      0.011634      0.010526   WU     2.547688      2.305051
 ( 9   2) <--> (10   4)        0.085993      0.000389      0.000352   WU     0.085227      0.077110
 ( 9   3) <--> (10   1)        0.163578      0.001408      0.001274   WU     0.308395      0.279024
 ( 9   3) <--> (10   2)        0.335745      0.005933      0.005368   WU     1.299200      1.175466
 ( 9   3) <--> (10   3)        1.091405      0.062693      0.056722   WU    13.728655     12.421164
 ( 9   3) <--> (10   4)       -0.390221      0.008014      0.007251   WU     1.754999      1.587856
 ( 9   4) <--> (10   1)        0.072794      0.000279      0.000252   WU     0.061072      0.055256
 ( 9   4) <--> (10   2)        0.166313      0.001456      0.001317   WU     0.318792      0.288431
 ( 9   4) <--> (10   3)       -0.070323      0.000260      0.000235   WU     0.056997      0.051568
 ( 9   4) <--> (10   4)        0.898794      0.042517      0.038468   WU     9.310572      8.423851
 (10   1) <--> (10   1)       -2.694366     -1.615524   (eb)
 (10   2) <--> (10   1)        0.934341      0.041571      0.041571   WU     9.103340      9.103340
 (10   2) <--> (10   2)       -3.546479     -2.126445   (eb)
 (10   3) <--> (10   1)       -1.034856      0.050997      0.050997   WU    11.167360     11.167360
 (10   3) <--> (10   2)        0.536271      0.013695      0.013695   WU     2.998877      2.998877
 (10   3) <--> (10   3)       -1.799020     -1.078681   (eb)
 (10   4) <--> (10   1)        0.263872      0.003316      0.003316   WU     0.726066      0.726066
 (10   4) <--> (10   2)        1.238374      0.073027      0.073027   WU    15.991674     15.991674
 (10   4) <--> (10   3)       -1.105570      0.058204      0.058204   WU    12.745667     12.745667
 (10   4) <--> (10   4)       -4.004570     -2.401114   (eb)
 
  quadrupole shape invariant: 01+, 02+, 03+, 04+
quadr2     0.49558401     0.92669276     1.72125023     1.34165868
quadr3     0.15838345     0.54979215     2.01386878     0.20753059
  effective deformation parameters:  01+, 02+, 03+, 04+
beteff     0.11912178     0.16289224     0.22200079     0.19599886
cos3ga     0.45397704     0.61630384     0.89179524     0.13354236
 
 ********* END Transition **************************
