 ********* BEGIN READER ****************************
 
 Nucleus            :  Cm  96 236
 Imin, Imax         :     0  10
 imu, remu          :     1 12.0000
 nlevel             :     4
 observables        :     2
 wave fun           :     1
 nbet, ngam, npar   :    10   7  10
 Finish reading parameters: V, B_k ...
 
 ********* END READER ******************************
 
 ********* BEGIN LEVELS ********************
 
 E_0 = -2073.081233
 
  I=   0   ntot= 127
   0   1    0.000000
   0   2    0.943747
   0   3    1.106486
   0   4    1.507528
 
  I=   2   ntot= 234
   2   1    0.298086
   2   2    0.663846
   2   3    1.324386
   2   4    1.448984
 
  I=   3   ntot= 108
   3   1    1.145427
   3   2    1.856726
   3   3    2.139722
   3   4    2.380271
 
  I=   4   ntot= 324
   4   1    0.712335
   4   2    1.104039
   4   3    1.548530
   4   4    1.601533
 
  I=   5   ntot= 198
   5   1    1.649216
   5   2    2.033668
   5   3    2.152855
   5   4    2.400458
 
  I=   6   ntot= 432
   6   1    1.209368
   6   2    1.591050
   6   3    1.790614
   6   4    2.038555
 
  I=   7   ntot= 306
   7   1    2.144147
   7   2    2.314784
   7   3    2.599865
   7   4    2.700033
 
  I=   8   ntot= 522
   8   1    1.748996
   8   2    1.966009
   8   3    2.187654
   8   4    2.348980
 
  I=   9   ntot= 397
   9   1    2.481693
   9   2    2.728263
   9   3    2.986318
   9   4    3.055810
 
  I=  10   ntot= 630
  10   1    2.185420
  10   2    2.358022
  10   3    2.635029
  10   4    2.668503
 
 ********* END LEVELS **********************
 
 ********* BEGIN Transition ************************
 
  Monopole moment 
 
   I   n    <In|E0|In>   ave \beta      del<b>   ave \gamma    del<g>  
     K=0       K=2       K=4   
   0   1     41.841937    0.201763    0.047011   29.665931   11.301734  100.0000    0.0000    0.0000
   0   2     42.078761    0.238035    0.054530   27.941399   15.007704  100.0000    0.0000    0.0000
   0   3     42.407873    0.289290    0.092866   21.577958   12.933036  100.0000    0.0000    0.0000
   0   4     44.017603    0.460810    0.115552   11.078854   10.216943   99.9997    0.0000    0.0000
   2   1     41.908892    0.212335    0.047342   30.389879   11.284846   62.2143   37.7857    0.0000
   2   2     41.983394    0.226402    0.050963   26.470125   11.904398   46.6991   53.3009    0.0000
   2   3     42.818817    0.341766    0.106510   17.456964   13.215366   86.7960   13.2039    0.0000
   2   4     42.321610    0.272190    0.087202   25.691915   15.498154   71.4187   28.5813    0.0000
   3   1     42.111725    0.244535    0.054788   27.790194    9.151242    0.0000  100.0000    0.0000
   3   2     43.601684    0.416961    0.107959   16.887565   10.748159    0.0000   99.9998    0.0000
   3   3     44.065489    0.458309    0.141991   14.789886   12.008176    0.0000   99.9996    0.0000
   3   4     43.093124    0.365564    0.134778   19.565965   14.114253    0.0000   99.9998    0.0000
   4   1     41.997890    0.225967    0.049491   30.112291   11.458639   52.2804   31.1597   16.5599
   4   2     42.107450    0.245830    0.059425   24.906827   13.623769   56.1257   12.1863   31.6879
   4   3     43.482762    0.412488    0.115180   13.158660   12.107205   86.6899    4.9445    8.3654
   4   4     42.398037    0.284539    0.088603   24.164566   12.948006   14.0783   54.4828   31.4389
   5   1     42.311535    0.272106    0.066563   26.446592   10.300024    0.0000   71.9374   28.0626
   5   2     43.551830    0.412798    0.120634   16.347363   11.469046    0.0000   68.7672   31.2326
   5   3     43.414276    0.398613    0.141200   17.108047   12.435782    0.0000   59.5924   40.4073
   5   4     43.916944    0.444089    0.137268   16.461651   12.418417    0.0000   62.0570   37.9426
   6   1     42.121927    0.244552    0.055818   28.781468   11.948039   48.0699   31.5423   12.3387
   6   2     42.487521    0.300626    0.102253   19.471282   15.038744   63.0596    7.4701   13.2515
   6   3     44.060850    0.463430    0.121059   11.461104   11.031443   90.0761    3.5135    2.4059
   6   4     43.234925    0.381069    0.119110   18.307135   12.950646   18.6359   66.9338    3.2883
   7   1     43.030788    0.359559    0.112461   19.557304   12.383662    0.0000   72.8908   21.8581
   7   2     44.244556    0.474028    0.127524   13.843988   10.545723    0.0000   78.2459   15.0644
   7   3     43.348095    0.391355    0.131146   18.705962   13.001915    0.0000   49.3480   27.2135
   7   4     44.243987    0.469563    0.116067   16.431882   10.578812    0.0000   27.1032   66.6307
   8   1     42.399568    0.285076    0.086349   23.772930   14.064396   50.5637   30.7471   10.7165
   8   2     44.182497    0.473679    0.113528   11.363191   11.271760   83.5498    7.2436    4.2420
   8   3     43.105035    0.371610    0.158783   15.564581   14.979864   67.8060    6.4184    8.7714
   8   4     44.392649    0.486099    0.102992   13.900399   10.288660   13.7401   81.2073    3.7143
   9   1     44.690700    0.510071    0.090700   13.126329    8.892124    0.0000   93.8739    5.5088
   9   2     43.482120    0.404413    0.141068   17.839293   13.624381    0.0000   55.6207   31.3632
   9   3     44.612600    0.499749    0.095323   15.496019    8.398764    0.0000   19.4063   75.8672
   9   4     43.813835    0.435140    0.140094   16.569050   13.114192    0.0000   49.6821   21.7384
  10   1     44.322686    0.485674    0.103841   11.198886   10.453273   86.7964   11.2396    1.3517
  10   2     43.199479    0.378358    0.154462   16.739023   15.377662   51.9603   28.6488   11.1719
  10   3     44.931105    0.528673    0.087294   12.401790    8.342356   10.1309   85.5207    3.6557
  10   4     43.482633    0.410213    0.148324   14.679901   14.567750   67.0345    9.6374    8.8780
 
  rho^2(E0) 
 
   I  n_1 n_2  <In_1|E0|In_2>  rho^2(E0) 
   0   1   1       41.841937 3384.725759
   0   2   1       -0.069011    0.009207
   0   2   2       42.078761 3423.149105
   0   3   1        0.257946    0.128635
   0   3   2        0.026513    0.001359
   0   3   3       42.407873 3476.905680
   0   4   1        0.065283    0.008239
   0   4   2       -0.198396    0.076097
   0   4   3       -0.551090    0.587144
   0   4   4       44.017603 3745.870021
   2   1   1       41.908892 3395.566841
   2   2   1       -0.024133    0.001126
   2   2   2       41.983394 3407.650191
   2   3   1        0.247870    0.118782
   2   3   2        0.091851    0.016310
   2   3   3       42.818817 3544.616426
   2   4   1       -0.093657    0.016958
   2   4   2        0.034686    0.002326
   2   4   3        0.190054    0.069832
   2   4   4       42.321610 3462.775089
   3   1   1       42.111725 3428.514556
   3   2   1        0.314850    0.191649
   3   2   2       43.601684 3675.415565
   3   3   1        0.192034    0.071294
   3   3   2       -1.028711    2.045911
   3   3   3       44.065489 3754.024642
   3   4   1       -0.060336    0.007038
   3   4   2       -0.390949    0.295489
   3   4   3        0.704403    0.959273
   3   4   4       43.093124 3590.177139
   4   1   1       41.997890 3410.003793
   4   2   1       -0.021754    0.000915
   4   2   2       42.107450 3427.818478
   4   3   1        0.203066    0.079721
   4   3   2        0.216690    0.090777
   4   3   3       43.482762 3655.393789
   4   4   1       -0.088810    0.015248
   4   4   2       -0.065893    0.008394
   4   4   3       -0.325486    0.204816
   4   4   4       42.398037 3475.293064
   5   1   1       42.311535 3461.126577
   5   2   1        0.280918    0.152566
   5   2   2       43.551830 3667.015389
   5   3   1       -0.290231    0.162850
   5   3   2       -0.939070    1.704887
   5   3   3       43.414276 3643.888226
   5   4   1        0.251084    0.121882
   5   4   2       -0.770546    1.147883
   5   4   3        0.557267    0.600380
   5   4   4       43.916944 3728.757506
   6   1   1       42.121927 3430.175880
   6   2   1       -0.049376    0.004713
   6   2   2       42.487521 3489.978100
   6   3   1       -0.232418    0.104434
   6   3   2        0.695066    0.934011
   6   3   3       44.060850 3753.234186
   6   4   1       -0.176238    0.060048
   6   4   2       -0.101402    0.019879
   6   4   3       -0.308572    0.184082
   6   4   4       43.234925 3613.843589
   7   1   1       43.030788 3579.798002
   7   2   1       -0.955968    1.766797
   7   2   2       44.244556 3784.596778
   7   3   1        0.352989    0.240892
   7   3   2       -0.664438    0.853511
   7   3   3       43.348095 3632.787160
   7   4   1       -0.129992    0.032669
   7   4   2       -0.722440    1.009030
   7   4   3       -0.090472    0.015824
   7   4   4       44.243987 3784.499450
   8   1   1       42.399568 3475.544021
   8   2   1        0.500604    0.484493
   8   2   2       44.182497 3773.987322
   8   3   1        0.229978    0.102252
   8   3   2        0.996047    1.918050
   8   3   3       43.105035 3592.162100
   8   4   1        0.196150    0.074383
   8   4   2       -0.253198    0.123942
   8   4   3       -0.169337    0.055437
   8   4   4       44.392649 3809.974301
   9   1   1       44.690700 3861.306128
   9   2   1       -0.933145    1.683442
   9   2   2       43.482120 3655.285907
   9   3   1        0.387349    0.290071
   9   3   2        0.241188    0.112463
   9   3   3       44.612600 3847.822241
   9   4   1       -0.478382    0.442435
   9   4   2        0.840282    1.365054
   9   4   3        0.307984    0.183382
   9   4   4       43.813835 3711.269206
  10   1   1       44.322686 3797.974725
  10   2   1        1.036970    2.078894
  10   2   2       43.199479 3607.920344
  10   3   1       -0.146898    0.041719
  10   3   2        0.333486    0.215008
  10   3   3       44.931105 3902.960182
  10   4   1       -0.662322    0.848083
  10   4   2       -0.694825    0.933363
  10   4   3       -0.006080    0.000071
  10   4   4       43.482633 3655.372098
 
  E2 transition 
 
  I1  n1        I2  n2       <f||E2||i>   B(E2,I1->I2)  B(E2,I2->I1)
 ( 0   1) <--> ( 2   1)        2.791065      7.790042      1.558008   WU   570.473957    114.094791
 ( 0   1) <--> ( 2   2)        0.740000      0.547600      0.109520   WU    40.101401      8.020280
 ( 0   1) <--> ( 2   3)        0.256463      0.065773      0.013155   WU     4.816641      0.963328
 ( 0   1) <--> ( 2   4)       -0.293677      0.086246      0.017249   WU     6.315925      1.263185
 ( 0   2) <--> ( 2   1)       -0.047014      0.002210      0.000442   WU     0.161862      0.032372
 ( 0   2) <--> ( 2   2)        1.971960      3.888627      0.777725   WU   284.768703     56.953741
 ( 0   2) <--> ( 2   3)        0.298681      0.089210      0.017842   WU     6.532977      1.306595
 ( 0   2) <--> ( 2   4)        2.777115      7.712370      1.542474   WU   564.785932    112.957186
 ( 0   3) <--> ( 2   1)        0.979816      0.960039      0.192008   WU    70.304759     14.060952
 ( 0   3) <--> ( 2   2)        0.661649      0.437780      0.087556   WU    32.059127      6.411825
 ( 0   3) <--> ( 2   3)        4.160415     17.309056      3.461811   WU  1267.562522    253.512504
 ( 0   3) <--> ( 2   4)       -0.062798      0.003944      0.000789   WU     0.288796      0.057759
 ( 0   4) <--> ( 2   1)        0.265943      0.070726      0.014145   WU     5.179331      1.035866
 ( 0   4) <--> ( 2   2)        0.079922      0.006388      0.001278   WU     0.467769      0.093554
 ( 0   4) <--> ( 2   3)       -2.979566      8.877815      1.775563   WU   650.132868    130.026574
 ( 0   4) <--> ( 2   4)       -1.756393      3.084917      0.616983   WU   225.912070     45.182414
 ( 2   1) <--> ( 2   1)        0.233023      0.176616   (eb)
 ( 2   2) <--> ( 2   1)       -3.626029      2.629618      2.629618   WU   192.569997    192.569997
 ( 2   2) <--> ( 2   2)       -0.606454     -0.459652   (eb)
 ( 2   3) <--> ( 2   1)       -0.031632      0.000200      0.000200   WU     0.014654      0.014654
 ( 2   3) <--> ( 2   2)       -1.309721      0.343074      0.343074   WU    25.123713     25.123713
 ( 2   3) <--> ( 2   3)       -3.755966     -2.846771   (eb)
 ( 2   4) <--> ( 2   1)        0.347063      0.024090      0.024090   WU     1.764176      1.764176
 ( 2   4) <--> ( 2   2)       -0.353794      0.025034      0.025034   WU     1.833274      1.833274
 ( 2   4) <--> ( 2   3)       -0.931578      0.173567      0.173567   WU    12.710540     12.710540
 ( 2   4) <--> ( 2   4)       -1.582164     -1.199175   (eb)
 ( 2   1) <--> ( 3   1)        1.189917      0.283180      0.202272   WU    20.737637     14.812598
 ( 2   1) <--> ( 3   2)       -0.112186      0.002517      0.001798   WU     0.184332      0.131666
 ( 2   1) <--> ( 3   3)       -0.006214      0.000008      0.000006   WU     0.000566      0.000404
 ( 2   1) <--> ( 3   4)       -0.190132      0.007230      0.005164   WU     0.529463      0.378188
 ( 2   2) <--> ( 3   1)       -3.957837      3.132895      2.237782   WU   229.425605    163.875432
 ( 2   2) <--> ( 3   2)       -0.017183      0.000059      0.000042   WU     0.004325      0.003089
 ( 2   2) <--> ( 3   3)       -0.131963      0.003483      0.002488   WU     0.255052      0.182180
 ( 2   2) <--> ( 3   4)        0.163500      0.005346      0.003819   WU     0.391529      0.279663
 ( 2   3) <--> ( 3   1)        0.470174      0.044213      0.031581   WU     3.237750      2.312679
 ( 2   3) <--> ( 3   2)        0.036342      0.000264      0.000189   WU     0.019344      0.013817
 ( 2   3) <--> ( 3   3)        0.391015      0.030579      0.021842   WU     2.239303      1.599502
 ( 2   3) <--> ( 3   4)       -0.231963      0.010761      0.007687   WU     0.788067      0.562905
 ( 2   4) <--> ( 3   1)        2.953967      1.745184      1.246560   WU   127.801884     91.287060
 ( 2   4) <--> ( 3   2)        0.532686      0.056751      0.040536   WU     4.155932      2.968523
 ( 2   4) <--> ( 3   3)        0.188336      0.007094      0.005067   WU     0.519510      0.371078
 ( 2   4) <--> ( 3   4)        0.403803      0.032611      0.023294   WU     2.388172      1.705837
 ( 2   1) <--> ( 4   1)        4.766235      4.543398      2.524110   WU   332.718404    184.843558
 ( 2   1) <--> ( 4   2)        0.651529      0.084898      0.047166   WU     6.217188      3.453993
 ( 2   1) <--> ( 4   3)        0.044885      0.000403      0.000224   WU     0.029507      0.016393
 ( 2   1) <--> ( 4   4)       -0.288357      0.016630      0.009239   WU     1.217832      0.676573
 ( 2   2) <--> ( 4   1)        0.462150      0.042717      0.023731   WU     3.128185      1.737881
 ( 2   2) <--> ( 4   2)        4.275275      3.655596      2.030887   WU   267.703592    148.724218
 ( 2   2) <--> ( 4   3)        0.289089      0.016715      0.009286   WU     1.224023      0.680013
 ( 2   2) <--> ( 4   4)        0.816933      0.133476      0.074153   WU     9.774597      5.430332
 ( 2   3) <--> ( 4   1)        1.640597      0.538312      0.299062   WU    39.421194     21.900664
 ( 2   3) <--> ( 4   2)        1.477694      0.436716      0.242620   WU    31.981238     17.767355
 ( 2   3) <--> ( 4   3)        7.583522     11.501960      6.389978   WU   842.302081    467.945601
 ( 2   3) <--> ( 4   4)       -2.549250      1.299735      0.722075   WU    95.181125     52.878403
 ( 2   4) <--> ( 4   1)       -0.341994      0.023392      0.012996   WU     1.713020      0.951678
 ( 2   4) <--> ( 4   2)        2.027047      0.821784      0.456547   WU    60.180215     33.433453
 ( 2   4) <--> ( 4   3)        1.832832      0.671854      0.373252   WU    49.200691     27.333717
 ( 2   4) <--> ( 4   4)        0.106762      0.002280      0.001266   WU     0.166938      0.092743
 ( 3   1) <--> ( 3   1)        0.000000      0.000000   (eb)
 ( 3   2) <--> ( 3   1)        0.000000      0.000000      0.000000   WU     0.000000      0.000000
 ( 3   2) <--> ( 3   2)        0.000000      0.000000   (eb)
 ( 3   3) <--> ( 3   1)        0.000000      0.000000      0.000000   WU     0.000000      0.000000
 ( 3   3) <--> ( 3   2)        0.000000      0.000000      0.000000   WU     0.000000      0.000000
 ( 3   3) <--> ( 3   3)        0.000000      0.000000   (eb)
 ( 3   4) <--> ( 3   1)        0.000000      0.000000      0.000000   WU     0.000000      0.000000
 ( 3   4) <--> ( 3   2)        0.000000      0.000000      0.000000   WU     0.000000      0.000000
 ( 3   4) <--> ( 3   3)        0.000000      0.000000      0.000000   WU     0.000000      0.000000
 ( 3   4) <--> ( 3   4)        0.000000      0.000000   (eb)
 ( 3   1) <--> ( 4   1)        2.670833      1.019050      0.792595   WU    74.626239     58.042630
 ( 3   1) <--> ( 4   2)       -0.262011      0.009807      0.007628   WU     0.718185      0.558588
 ( 3   1) <--> ( 4   3)       -0.799681      0.091356      0.071054   WU     6.690083      5.203398
 ( 3   1) <--> ( 4   4)       -4.739606      3.209124      2.495985   WU   235.007910    182.783930
 ( 3   2) <--> ( 4   1)        0.020354      0.000059      0.000046   WU     0.004334      0.003371
 ( 3   2) <--> ( 4   2)        0.041619      0.000247      0.000192   WU     0.018121      0.014094
 ( 3   2) <--> ( 4   3)        1.681038      0.403698      0.313988   WU    29.563310     22.993686
 ( 3   2) <--> ( 4   4)       -3.183284      1.447614      1.125922   WU   106.010479     82.452594
 ( 3   3) <--> ( 4   1)        0.103050      0.001517      0.001180   WU     0.111096      0.086408
 ( 3   3) <--> ( 4   2)       -0.108315      0.001676      0.001304   WU     0.122737      0.095462
 ( 3   3) <--> ( 4   3)       -0.067873      0.000658      0.000512   WU     0.048194      0.037485
 ( 3   3) <--> ( 4   4)       -0.787143      0.088513      0.068844   WU     6.481936      5.041505
 ( 3   4) <--> ( 4   1)       -0.138234      0.002730      0.002123   WU     0.199907      0.155483
 ( 3   4) <--> ( 4   2)        0.260403      0.009687      0.007534   WU     0.709397      0.551753
 ( 3   4) <--> ( 4   3)       -0.111775      0.001785      0.001388   WU     0.130704      0.101659
 ( 3   4) <--> ( 4   4)       -0.113149      0.001829      0.001423   WU     0.133936      0.104172
 ( 3   1) <--> ( 5   1)        5.144399      3.780691      2.405895   WU   276.864479    176.186487
 ( 3   1) <--> ( 5   2)        0.495137      0.035023      0.022287   WU     2.564767      1.632125
 ( 3   1) <--> ( 5   3)        0.861343      0.105987      0.067446   WU     7.761575      4.939184
 ( 3   1) <--> ( 5   4)        0.052116      0.000388      0.000247   WU     0.028414      0.018082
 ( 3   2) <--> ( 5   1)        2.462277      0.866115      0.551164   WU    63.426641     40.362408
 ( 3   2) <--> ( 5   2)        7.037674      7.075550      4.502623   WU   518.150878    329.732377
 ( 3   2) <--> ( 5   3)       -5.434805      4.219586      2.685191   WU   309.005234    196.639694
 ( 3   2) <--> ( 5   4)        1.208864      0.208765      0.132850   WU    15.288080      9.728778
 ( 3   3) <--> ( 5   1)        0.806764      0.092981      0.059170   WU     6.809123      4.333079
 ( 3   3) <--> ( 5   2)       -4.470901      2.855565      1.817178   WU   209.116408    133.074078
 ( 3   3) <--> ( 5   3)        4.386677      2.748990      1.749357   WU   201.311789    128.107502
 ( 3   3) <--> ( 5   4)        6.957875      6.916003      4.401093   WU   506.467063    322.297222
 ( 3   4) <--> ( 5   1)        0.099205      0.001406      0.000895   WU     0.102958      0.065519
 ( 3   4) <--> ( 5   2)        0.441111      0.027797      0.017689   WU     2.035607      1.295386
 ( 3   4) <--> ( 5   3)        3.423152      1.673996      1.065270   WU   122.588686     78.010982
 ( 3   4) <--> ( 5   4)        2.650070      1.003267      0.638443   WU    73.470427     46.753908
 ( 4   1) <--> ( 4   1)       -0.162345     -0.122424   (eb)
 ( 4   2) <--> ( 4   1)       -3.947298      1.731240      1.731240   WU   126.780736    126.780736
 ( 4   2) <--> ( 4   2)       -1.160568     -0.875179   (eb)
 ( 4   3) <--> ( 4   1)        0.286045      0.009091      0.009091   WU     0.665768      0.665768
 ( 4   3) <--> ( 4   2)       -2.760022      0.846413      0.846413   WU    61.983837     61.983837
 ( 4   3) <--> ( 4   3)       -7.518747     -5.669854   (eb)
 ( 4   4) <--> ( 4   1)        0.794798      0.070189      0.070189   WU     5.140042      5.140042
 ( 4   4) <--> ( 4   2)       -3.353049      1.249215      1.249215   WU    91.481483     91.481483
 ( 4   4) <--> ( 4   3)        2.078945      0.480224      0.480224   WU    35.167341     35.167341
 ( 4   4) <--> ( 4   4)       -0.334953     -0.252586   (eb)
 ( 4   1) <--> ( 5   1)        1.304912      0.189200      0.154800   WU    13.855304     11.336158
 ( 4   1) <--> ( 5   2)       -0.311935      0.010811      0.008846   WU     0.791736      0.647784
 ( 4   1) <--> ( 5   3)       -0.022724      0.000057      0.000047   WU     0.004202      0.003438
 ( 4   1) <--> ( 5   4)       -0.190005      0.004011      0.003282   WU     0.293753      0.240343
 ( 4   2) <--> ( 5   1)       -3.144776      1.098846      0.899056   WU    80.469796     65.838924
 ( 4   2) <--> ( 5   2)        0.679333      0.051277      0.041954   WU     3.755080      3.072338
 ( 4   2) <--> ( 5   3)        0.415448      0.019177      0.015691   WU     1.404387      1.149044
 ( 4   2) <--> ( 5   4)        0.142667      0.002262      0.001850   WU     0.165616      0.135504
 ( 4   3) <--> ( 5   1)        0.339884      0.012836      0.010502   WU     0.939971      0.769068
 ( 4   3) <--> ( 5   2)       -1.964763      0.428921      0.350936   WU    31.410420     25.699435
 ( 4   3) <--> ( 5   3)       -0.981678      0.107077      0.087608   WU     7.841370      6.415667
 ( 4   3) <--> ( 5   4)        0.056361      0.000353      0.000289   WU     0.025847      0.021147
 ( 4   4) <--> ( 5   1)       -0.614069      0.041898      0.034280   WU     3.068233      2.510372
 ( 4   4) <--> ( 5   2)       -4.921171      2.690880      2.201629   WU   197.056310    161.227890
 ( 4   4) <--> ( 5   3)       -3.767260      1.576916      1.290204   WU   115.479425     94.483166
 ( 4   4) <--> ( 5   4)       -0.228984      0.005826      0.004767   WU     0.426642      0.349071
 ( 4   1) <--> ( 6   1)        6.672710      4.947229      3.425004   WU   362.291373    250.817105
 ( 4   1) <--> ( 6   2)       -0.510574      0.028965      0.020053   WU     2.121144      1.468485
 ( 4   1) <--> ( 6   3)        0.228816      0.005817      0.004027   WU     0.426015      0.294934
 ( 4   1) <--> ( 6   4)       -0.255306      0.007242      0.005014   WU     0.530368      0.367178
 ( 4   2) <--> ( 6   1)        0.891104      0.088229      0.061082   WU     6.461150      4.473104
 ( 4   2) <--> ( 6   2)       -6.503403      4.699361      3.253404   WU   344.139712    238.250570
 ( 4   2) <--> ( 6   3)        1.034543      0.118920      0.082329   WU     8.708653      6.029067
 ( 4   2) <--> ( 6   4)        0.518747      0.029900      0.020700   WU     2.189596      1.515874
 ( 4   3) <--> ( 6   1)        1.799800      0.359920      0.249175   WU    26.357375     18.247414
 ( 4   3) <--> ( 6   2)       -5.124667      2.918024      2.020170   WU   213.690306    147.939443
 ( 4   3) <--> ( 6   3)      -11.589031     14.922849     10.331203   WU  1092.817800    756.566170
 ( 4   3) <--> ( 6   4)        0.195306      0.004238      0.002934   WU     0.310375      0.214875
 ( 4   4) <--> ( 6   1)       -1.566824      0.272771      0.188841   WU    19.975335     13.829078
 ( 4   4) <--> ( 6   2)        0.679018      0.051229      0.035467   WU     3.751596      2.597259
 ( 4   4) <--> ( 6   3)        3.200035      1.137803      0.787710   WU    83.322635     57.684901
 ( 4   4) <--> ( 6   4)        5.405880      3.247060      2.247965   WU   237.786012    164.621085
 ( 5   1) <--> ( 5   1)       -0.653071     -0.474213   (eb)
 ( 5   2) <--> ( 5   1)       -3.214977      0.939643      0.939643   WU    68.811183     68.811183
 ( 5   2) <--> ( 5   2)       -3.989812     -2.897110   (eb)
 ( 5   3) <--> ( 5   1)       -2.408674      0.527428      0.527428   WU    38.624185     38.624185
 ( 5   3) <--> ( 5   2)        3.538458      1.138244      1.138244   WU    83.354957     83.354957
 ( 5   3) <--> ( 5   3)       -2.046455     -1.485986   (eb)
 ( 5   4) <--> ( 5   1)       -0.063695      0.000369      0.000369   WU     0.027009      0.027009
 ( 5   4) <--> ( 5   2)        1.209641      0.133021      0.133021   WU     9.741283      9.741283
 ( 5   4) <--> ( 5   3)       -3.766776      1.289873      1.289873   WU    94.458887     94.458887
 ( 5   4) <--> ( 5   4)       -1.506801     -1.094129   (eb)
 ( 5   1) <--> ( 6   1)        3.477817      1.099564      0.930401   WU    80.522393     68.134332
 ( 5   1) <--> ( 6   2)        0.446865      0.018153      0.015361   WU     1.329400      1.124877
 ( 5   1) <--> ( 6   3)       -0.527653      0.025311      0.021417   WU     1.853529      1.568371
 ( 5   1) <--> ( 6   4)       -3.829789      1.333389      1.128252   WU    97.645660     82.623251
 ( 5   2) <--> ( 6   1)       -0.326056      0.009665      0.008178   WU     0.707764      0.598877
 ( 5   2) <--> ( 6   2)       -1.893350      0.325889      0.275752   WU    23.865213     20.193642
 ( 5   2) <--> ( 6   3)       -1.435179      0.187249      0.158441   WU    13.712465     11.602855
 ( 5   2) <--> ( 6   4)       -4.527334      1.863341      1.576673   WU   136.454666    115.461640
 ( 5   3) <--> ( 6   1)       -0.100153      0.000912      0.000772   WU     0.066778      0.056505
 ( 5   3) <--> ( 6   2)       -0.889933      0.071998      0.060922   WU     5.272522      4.461365
 ( 5   3) <--> ( 6   3)        2.228564      0.451500      0.382038   WU    33.063858     27.977110
 ( 5   3) <--> ( 6   4)        3.187413      0.923600      0.781508   WU    67.636319     57.230732
 ( 5   4) <--> ( 6   1)       -0.051788      0.000244      0.000206   WU     0.017855      0.015108
 ( 5   4) <--> ( 6   2)       -0.108080      0.001062      0.000899   WU     0.077767      0.065803
 ( 5   4) <--> ( 6   3)       -0.092498      0.000778      0.000658   WU     0.056959      0.048196
 ( 5   4) <--> ( 6   4)       -1.630278      0.241619      0.204447   WU    17.694033     14.971874
 ( 5   1) <--> ( 7   1)        7.649904      5.320094      3.901402   WU   389.596744    285.704279
 ( 5   1) <--> ( 7   2)        2.060366      0.385919      0.283007   WU    28.261297     20.724951
 ( 5   1) <--> ( 7   3)       -0.774113      0.054477      0.039950   WU     3.989439      2.925588
 ( 5   1) <--> ( 7   4)        0.255029      0.005913      0.004336   WU     0.432995      0.317529
 ( 5   2) <--> ( 7   1)        6.179484      3.471457      2.545735   WU   254.218848    186.427155
 ( 5   2) <--> ( 7   2)      -10.159464      9.383156      6.880981   WU   687.139569    503.902351
 ( 5   2) <--> ( 7   3)       -1.681737      0.257113      0.188549   WU    18.828656     13.807681
 ( 5   2) <--> ( 7   4)       -0.560445      0.028554      0.020940   WU     2.091075      1.533455
 ( 5   3) <--> ( 7   1)       -4.545679      1.878472      1.377546   WU   137.562734    100.879338
 ( 5   3) <--> ( 7   2)        7.479730      5.086033      3.729757   WU   372.456147    273.134508
 ( 5   3) <--> ( 7   3)       -7.247049      4.774520      3.501315   WU   349.643748    256.405415
 ( 5   3) <--> ( 7   4)        0.700033      0.044550      0.032670   WU     3.262424      2.392445
 ( 5   4) <--> ( 7   1)        0.590745      0.031725      0.023265   WU     2.323292      1.703747
 ( 5   4) <--> ( 7   2)        6.314664      3.624998      2.658332   WU   265.462850    194.672757
 ( 5   4) <--> ( 7   3)       -2.873672      0.750726      0.550533   WU    54.976572     40.316153
 ( 5   4) <--> ( 7   4)       -9.298484      7.860164      5.764120   WU   575.609061    422.113312
 ( 6   1) <--> ( 6   1)       -0.875107     -0.610122   (eb)
 ( 6   2) <--> ( 6   1)        4.325168      1.439006      1.439006   WU   105.380112    105.380112
 ( 6   2) <--> ( 6   2)       -3.351475     -2.336639   (eb)
 ( 6   3) <--> ( 6   1)       -0.871531      0.058428      0.058428   WU     4.278765      4.278765
 ( 6   3) <--> ( 6   2)       -4.132437      1.313618      1.313618   WU    96.197786     96.197786
 ( 6   3) <--> ( 6   3)      -10.774233     -7.511764   (eb)
 ( 6   4) <--> ( 6   1)        0.691478      0.036780      0.036780   WU     2.693453      2.693453
 ( 6   4) <--> ( 6   2)        3.281071      0.828110      0.828110   WU    60.643453     60.643453
 ( 6   4) <--> ( 6   3)        1.643444      0.207762      0.207762   WU    15.214668     15.214668
 ( 6   4) <--> ( 6   4)       -4.651919     -3.243304   (eb)
 ( 6   1) <--> ( 7   1)        1.187644      0.108500      0.094033   WU     7.945567      6.886158
 ( 6   1) <--> ( 7   2)        0.735310      0.041591      0.036045   WU     3.045748      2.639648
 ( 6   1) <--> ( 7   3)        0.210230      0.003400      0.002946   WU     0.248966      0.215771
 ( 6   1) <--> ( 7   4)        0.343330      0.009067      0.007858   WU     0.664011      0.575476
 ( 6   2) <--> ( 7   1)        2.504383      0.482456      0.418129   WU    35.330844     30.620065
 ( 6   2) <--> ( 7   2)        1.190927      0.109101      0.094554   WU     7.989563      6.924288
 ( 6   2) <--> ( 7   3)        0.648427      0.032343      0.028031   WU     2.368508      2.052707
 ( 6   2) <--> ( 7   4)        0.398506      0.012216      0.010587   WU     0.894585      0.775307
 ( 6   3) <--> ( 7   1)       -0.589413      0.026724      0.023161   WU     1.957007      1.696073
 ( 6   3) <--> ( 7   2)       -1.231816      0.116721      0.101158   WU     8.547600      7.407920
 ( 6   3) <--> ( 7   3)       -0.491531      0.018585      0.016107   WU     1.360989      1.179523
 ( 6   3) <--> ( 7   4)       -0.249164      0.004776      0.004139   WU     0.349723      0.303093
 ( 6   4) <--> ( 7   1)       -3.646063      1.022598      0.886252   WU    74.886057     64.901249
 ( 6   4) <--> ( 7   2)        4.717999      1.712270      1.483967   WU   125.391549    108.672676
 ( 6   4) <--> ( 7   3)        2.432921      0.455316      0.394607   WU    33.343312     28.897537
 ( 6   4) <--> ( 7   4)        0.231153      0.004110      0.003562   WU     0.300989      0.260857
 ( 6   1) <--> ( 8   1)       -8.701400      5.824182      4.453786   WU   426.511705    326.156010
 ( 6   1) <--> ( 8   2)        0.832833      0.053355      0.040801   WU     3.907224      2.987877
 ( 6   1) <--> ( 8   3)        0.498009      0.019078      0.014589   WU     1.397101      1.068372
 ( 6   1) <--> ( 8   4)        0.124164      0.001186      0.000907   WU     0.086845      0.066411
 ( 6   2) <--> ( 8   1)        2.874529      0.635609      0.486054   WU    46.546408     35.594312
 ( 6   2) <--> ( 8   2)        8.460998      5.506807      4.211087   WU   403.269933    308.382890
 ( 6   2) <--> ( 8   3)       -5.248166      2.118711      1.620191   WU   155.155714    118.648487
 ( 6   2) <--> ( 8   4)       -0.425316      0.013915      0.010641   WU     1.019003      0.779237
 ( 6   3) <--> ( 8   1)        4.018634      1.242263      0.949966   WU    90.972381     69.567115
 ( 6   3) <--> ( 8   2)       14.276658     15.678690     11.989587   WU  1148.168939    878.011542
 ( 6   3) <--> ( 8   3)        8.786283      5.938367      4.541104   WU   434.873567    332.550375
 ( 6   3) <--> ( 8   4)        0.425876      0.013952      0.010669   WU     1.021688      0.781291
 ( 6   4) <--> ( 8   1)        2.600994      0.520398      0.397951   WU    38.109326     29.142426
 ( 6   4) <--> ( 8   2)       -2.049542      0.323125      0.247095   WU    23.662808     18.095088
 ( 6   4) <--> ( 8   3)       -1.116107      0.095823      0.073276   WU     7.017209      5.366101
 ( 6   4) <--> ( 8   4)       12.119325     11.298311      8.639885   WU   827.388581    632.708915
 ( 7   1) <--> ( 7   1)       -4.243884     -2.841967   (eb)
 ( 7   2) <--> ( 7   1)        4.935463      1.623919      1.623919   WU   118.921533    118.921533
 ( 7   2) <--> ( 7   2)       -8.247024     -5.522717   (eb)
 ( 7   3) <--> ( 7   1)        3.141568      0.657963      0.657963   WU    48.183438     48.183438
 ( 7   3) <--> ( 7   2)        3.781344      0.953237      0.953237   WU    69.806697     69.806697
 ( 7   3) <--> ( 7   3)       -2.836374     -1.899411   (eb)
 ( 7   4) <--> ( 7   1)       -0.530026      0.018729      0.018729   WU     1.371510      1.371510
 ( 7   4) <--> ( 7   2)        3.769800      0.947426      0.947426   WU    69.381135     69.381135
 ( 7   4) <--> ( 7   3)       -1.642511      0.179856      0.179856   WU    13.171071     13.171071
 ( 7   4) <--> ( 7   4)       -3.089824     -2.069137   (eb)
 ( 7   1) <--> ( 8   1)       -3.981738      1.056949      0.932602   WU    77.401624     68.295551
 ( 7   1) <--> ( 8   2)       -0.466870      0.014531      0.012822   WU     1.064133      0.938941
 ( 7   1) <--> ( 8   3)       -1.027114      0.070331      0.062057   WU     5.150412      4.544481
 ( 7   1) <--> ( 8   4)       -5.258625      1.843542      1.626655   WU   135.004778    119.121863
 ( 7   2) <--> ( 8   1)       -1.203346      0.096536      0.085179   WU     7.069447      6.237747
 ( 7   2) <--> ( 8   2)        3.105691      0.643021      0.567372   WU    47.089200     41.549294
 ( 7   2) <--> ( 8   3)        0.357659      0.008528      0.007525   WU     0.624514      0.551042
 ( 7   2) <--> ( 8   4)        6.014432      2.411560      2.127847   WU   176.601364    155.824733
 ( 7   3) <--> ( 8   1)       -0.240277      0.003849      0.003396   WU     0.281858      0.248698
 ( 7   3) <--> ( 8   2)        0.488368      0.015900      0.014030   WU     1.164393      1.027405
 ( 7   3) <--> ( 8   3)       -2.913928      0.566065      0.499469   WU    41.453600     36.576706
 ( 7   3) <--> ( 8   4)       -2.165233      0.312549      0.275778   WU    22.888321     20.195577
 ( 7   4) <--> ( 8   1)       -0.253002      0.004267      0.003765   WU     0.312503      0.275738
 ( 7   4) <--> ( 8   2)        0.361669      0.008720      0.007694   WU     0.638599      0.563470
 ( 7   4) <--> ( 8   3)       -0.533203      0.018954      0.016724   WU     1.388000      1.224706
 ( 7   4) <--> ( 8   4)        2.021860      0.272528      0.240466   WU    19.957531     17.609586
 ( 7   1) <--> ( 9   1)      -11.880026      9.409002      7.428159   WU   689.032273    543.972847
 ( 7   1) <--> ( 9   2)       -5.404665      1.947360      1.537389   WU   142.607465    112.584841
 ( 7   1) <--> ( 9   3)        0.713136      0.033904      0.026766   WU     2.482843      1.960139
 ( 7   1) <--> ( 9   4)        0.537733      0.019277      0.015219   WU     1.411687      1.114490
 ( 7   2) <--> ( 9   1)       14.077522     13.211775     10.430348   WU   967.513802    763.826686
 ( 7   2) <--> ( 9   2)      -10.173714      6.900297      5.447603   WU   505.316851    398.934356
 ( 7   2) <--> ( 9   3)        1.221521      0.099474      0.078532   WU     7.284619      5.751015
 ( 7   2) <--> ( 9   4)        0.549307      0.020116      0.015881   WU     1.473110      1.162982
 ( 7   3) <--> ( 9   1)       -4.171702      1.160207      0.915953   WU    84.963304     67.076292
 ( 7   3) <--> ( 9   2)        3.109399      0.644557      0.508861   WU    47.201696     37.264497
 ( 7   3) <--> ( 9   3)       -8.985624      5.382763      4.249550   WU   394.186046    311.199510
 ( 7   3) <--> ( 9   4)        7.768062      4.022853      3.175936   WU   294.598248    232.577565
 ( 7   4) <--> ( 9   1)       -0.864399      0.049812      0.039326   WU     3.647815      2.879854
 ( 7   4) <--> ( 9   2)        7.086539      3.347935      2.643107   WU   245.173239    193.557820
 ( 7   4) <--> ( 9   3)        9.065110      5.478415      4.325065   WU   401.190783    316.729565
 ( 7   4) <--> ( 9   4)        9.489708      6.003637      4.739713   WU   439.653368    347.094764
 ( 8   1) <--> ( 8   1)       -2.797262     -1.801985   (eb)
 ( 8   2) <--> ( 8   1)       -4.449860      1.164780      1.164780   WU    85.298186     85.298186
 ( 8   2) <--> ( 8   2)      -12.352799     -7.957624   (eb)
 ( 8   3) <--> ( 8   1)        3.102245      0.566113      0.566113   WU    41.457134     41.457134
 ( 8   3) <--> ( 8   2)       -5.437960      1.739495      1.739495   WU   127.385261    127.385261
 ( 8   3) <--> ( 8   3)       -6.116173     -3.940014   (eb)
 ( 8   4) <--> ( 8   1)        0.094624      0.000527      0.000527   WU     0.038570      0.038570
 ( 8   4) <--> ( 8   2)        3.541734      0.737875      0.737875   WU    54.035472     54.035472
 ( 8   4) <--> ( 8   3)        0.795813      0.037254      0.037254   WU     2.728156      2.728156
 ( 8   4) <--> ( 8   4)      -11.435911     -7.366968   (eb)
 ( 8   1) <--> ( 9   1)        0.518718      0.015828      0.014161   WU     1.159070      1.037062
 ( 8   1) <--> ( 9   2)        1.124793      0.074421      0.066587   WU     5.449943      4.876265
 ( 8   1) <--> ( 9   3)       -0.167949      0.001659      0.001485   WU     0.121508      0.108717
 ( 8   1) <--> ( 9   4)       -0.595816      0.020882      0.018684   WU     1.529227      1.368256
 ( 8   2) <--> ( 9   1)       -1.135744      0.075877      0.067890   WU     5.556589      4.971685
 ( 8   2) <--> ( 9   2)       -1.037389      0.063304      0.056641   WU     4.635860      4.147875
 ( 8   2) <--> ( 9   3)        0.019863      0.000023      0.000021   WU     0.001700      0.001521
 ( 8   2) <--> ( 9   4)        0.430585      0.010906      0.009758   WU     0.798665      0.714595
 ( 8   3) <--> ( 9   1)        0.691926      0.028162      0.025198   WU     2.062367      1.845275
 ( 8   3) <--> ( 9   2)        2.311894      0.314403      0.281308   WU    23.024106     20.600516
 ( 8   3) <--> ( 9   3)       -0.019447      0.000022      0.000020   WU     0.001629      0.001458
 ( 8   3) <--> ( 9   4)       -1.211140      0.086286      0.077203   WU     6.318821      5.653682
 ( 8   4) <--> ( 9   1)        7.657192      3.448976      3.085926   WU   252.572587    225.985999
 ( 8   4) <--> ( 9   2)       -2.323602      0.317596      0.284164   WU    23.257895     20.809696
 ( 8   4) <--> ( 9   3)       -0.861960      0.043704      0.039104   WU     3.200528      2.863630
 ( 8   4) <--> ( 9   4)        0.043902      0.000113      0.000101   WU     0.008303      0.007429
 ( 8   1) <--> (10   1)        9.164181      4.940130      3.999153   WU   361.771530    292.862667
 ( 8   1) <--> (10   2)       -7.466953      3.279728      2.655018   WU   240.178360    194.430101
 ( 8   1) <--> (10   3)        0.747072      0.032830      0.026577   WU     2.404207      1.946263
 ( 8   1) <--> (10   4)       -0.315554      0.005857      0.004742   WU     0.428939      0.347236
 ( 8   2) <--> (10   1)       17.094875     17.190279     13.915940   WU  1258.864320   1019.080640
 ( 8   2) <--> (10   2)       10.140189      6.048437      4.896354   WU   442.934181    358.565765
 ( 8   2) <--> (10   3)        0.012518      0.000009      0.000007   WU     0.000675      0.000546
 ( 8   2) <--> (10   4)        1.067513      0.067034      0.054266   WU     4.909009      3.973960
 ( 8   3) <--> (10   1)        6.339366      2.363975      1.913694   WU   173.116633    140.142037
 ( 8   3) <--> (10   2)        5.975979      2.100725      1.700587   WU   153.838566    124.535982
 ( 8   3) <--> (10   3)       -1.050388      0.064901      0.052539   WU     4.752765      3.847476
 ( 8   3) <--> (10   4)      -12.200074      8.755400      7.087705   WU   641.168273    519.040983
 ( 8   4) <--> (10   1)        1.702375      0.170475      0.138004   WU    12.484104     10.106179
 ( 8   4) <--> (10   2)       -4.395809      1.136655      0.920149   WU    83.238575     67.383608
 ( 8   4) <--> (10   3)      -18.650495     20.461233     16.563856   WU  1498.400191   1212.990631
 ( 8   4) <--> (10   4)        1.853415      0.202067      0.163578   WU    14.797635     11.979038
 ( 9   1) <--> ( 9   1)      -13.302313     -8.259169   (eb)
 ( 9   2) <--> ( 9   1)        4.676805      1.151184      1.151184   WU    84.302593     84.302593
 ( 9   2) <--> ( 9   2)       -5.564610     -3.454967   (eb)
 ( 9   3) <--> ( 9   1)        2.115434      0.235530      0.235530   WU    17.248111     17.248111
 ( 9   3) <--> ( 9   2)        0.823597      0.035701      0.035701   WU     2.614399      2.614399
 ( 9   3) <--> ( 9   3)       -7.409706     -4.600554   (eb)
 ( 9   4) <--> ( 9   1)        1.019599      0.054715      0.054715   WU     4.006836      4.006836
 ( 9   4) <--> ( 9   2)       -6.628846      2.312716      2.312716   WU   169.362915    169.362915
 ( 9   4) <--> ( 9   3)        0.285168      0.004280      0.004280   WU     0.313433      0.313433
 ( 9   4) <--> ( 9   4)       -5.806372     -3.605073   (eb)
 ( 9   1) <--> (10   1)        4.116770      0.891989      0.807038   WU    65.321405     59.100319
 ( 9   1) <--> (10   2)       -0.718278      0.027154      0.024568   WU     1.988511      1.799129
 ( 9   1) <--> (10   3)       -7.757216      3.167073      2.865447   WU   231.928517    209.840087
 ( 9   1) <--> (10   4)       -0.635359      0.021246      0.019223   WU     1.555897      1.407717
 ( 9   2) <--> (10   1)        0.725415      0.027696      0.025058   WU     2.028225      1.835060
 ( 9   2) <--> (10   2)       -4.353671      0.997603      0.902593   WU    73.055629     66.097950
 ( 9   2) <--> (10   3)        2.369812      0.295579      0.267429   WU    21.645620     19.584132
 ( 9   2) <--> (10   4)       -0.490836      0.012680      0.011472   WU     0.928571      0.840136
 ( 9   3) <--> (10   1)        0.013366      0.000009      0.000009   WU     0.000689      0.000623
 ( 9   3) <--> (10   2)        0.226352      0.002697      0.002440   WU     0.197475      0.178668
 ( 9   3) <--> (10   3)       -3.417712      0.614776      0.556226   WU    45.020801     40.733106
 ( 9   3) <--> (10   4)       -1.558725      0.127875      0.115696   WU     9.364434      8.472583
 ( 9   4) <--> (10   1)       -0.077179      0.000314      0.000284   WU     0.022959      0.020772
 ( 9   4) <--> (10   2)        0.885700      0.041288      0.037355   WU     3.023542      2.735585
 ( 9   4) <--> (10   3)       -0.101772      0.000545      0.000493   WU     0.039921      0.036119
 ( 9   4) <--> (10   4)        3.474726      0.635459      0.574939   WU    46.535409     42.103466
 (10   1) <--> (10   1)      -14.694364     -8.810643   (eb)
 (10   2) <--> (10   1)       -5.819252      1.612557      1.612557   WU   118.089430    118.089430
 (10   2) <--> (10   2)       -6.545421     -3.924591   (eb)
 (10   3) <--> (10   1)       -2.199638      0.230400      0.230400   WU    16.872496     16.872496
 (10   3) <--> (10   2)       -2.805127      0.374702      0.374702   WU    27.439854     27.439854
 (10   3) <--> (10   3)      -15.655473     -9.386918   (eb)
 (10   4) <--> (10   1)        0.591587      0.016665      0.016665   WU     1.220433      1.220433
 (10   4) <--> (10   2)        6.451376      1.981916      1.981916   WU   145.138074    145.138074
 (10   4) <--> (10   3)       -0.306042      0.004460      0.004460   WU     0.326618      0.326618
 (10   4) <--> (10   4)       -8.596176     -5.154210   (eb)
 
  quadrupole shape invariant: 01+, 02+, 03+, 04+
quadr2     8.55891834    12.08075378    18.92354625    52.27316972
quadr3    12.56008341    22.34911535    68.01946509   389.64336221
  effective deformation parameters:  01+, 02+, 03+, 04+
beteff     0.18488667     0.21965605     0.27491436     0.45691517
cos3ga     0.50160771     0.53225443     0.82628415     1.03097712
 
 ********* END Transition **************************
