 ********* BEGIN READER ****************************
 
 Nucleus            :  No 102 152
 Imin, Imax         :     0  10
 imu, remu          :     1 12.0000
 nlevel             :     4
 observables        :     2
 wave fun           :     1
 nbet, ngam, npar   :    10   7  10
 Finish reading parameters: V, B_k ...
 
 ********* END READER ******************************
 
 ********* BEGIN LEVELS ********************
 
 E_0 = -1885.257127
 
  I=   0   ntot= 127
   0   1    0.000000
   0   2    2.059291
   0   3    2.550771
   0   4    3.585091
 
  I=   2   ntot= 234
   2   1    0.066179
   2   2    1.490497
   2   3    2.126537
   2   4    2.623336
 
  I=   3   ntot= 108
   3   1    1.558961
   3   2    3.231201
   3   3    3.750671
   3   4    4.264329
 
  I=   4   ntot= 324
   4   1    0.220329
   4   2    1.649594
   4   3    2.282453
   4   4    2.791241
 
  I=   5   ntot= 198
   5   1    1.763100
   5   2    3.070655
   5   3    3.431296
   5   4    3.982833
 
  I=   6   ntot= 432
   6   1    0.461316
   6   2    1.897445
   6   3    2.524733
   6   4    3.050601
 
  I=   7   ntot= 306
   7   1    2.055650
   7   2    3.371562
   7   3    3.716457
   7   4    4.307108
 
  I=   8   ntot= 522
   8   1    0.787924
   8   2    2.231578
   8   3    2.850421
   8   4    3.397152
 
  I=   9   ntot= 397
   9   1    2.434348
   9   2    3.756222
   9   3    4.083463
   9   4    4.712598
 
  I=  10   ntot= 630
  10   1    1.198411
  10   2    2.649466
  10   3    3.256121
  10   4    3.824891
 
 ********* END LEVELS **********************
 
 ********* BEGIN Transition ************************
 
  Monopole moment 
 
   I   n    <In|E0|In>   ave \beta      del<b>   ave \gamma    del<g>  
     K=0       K=2       K=4   
   0   1     36.154514    0.310838    0.035115    8.412430    7.204440  100.0000    0.0000    0.0000
   0   2     36.340712    0.329503    0.062916    9.564756    8.076518   99.9999    0.0000    0.0000
   0   3     36.450659    0.334097    0.044500   15.465690    6.395430   99.9999    0.0000    0.0000
   0   4     37.000214    0.394497    0.075025   14.219016    6.755880   99.9999    0.0000    0.0000
   2   1     36.156367    0.311092    0.035100    8.396356    7.194396   99.9987    0.0013    0.0000
   2   2     36.264236    0.319267    0.036674   11.949739    6.141300    0.0037   99.9962    0.0000
   2   3     36.346099    0.330180    0.062821    9.563655    8.032143   99.9977    0.0022    0.0000
   2   4     36.452761    0.334433    0.044562   15.404458    6.378240   99.9836    0.0164    0.0000
   3   1     36.266508    0.319578    0.036658   11.923708    6.129682    0.0000  100.0000    0.0000
   3   2     36.749681    0.365350    0.057771   15.806142    5.981222    0.0000   99.9999    0.0000
   3   3     36.475968    0.334878    0.054122   16.427787    9.084779    0.0000   99.9999    0.0000
   3   4     37.531080    0.444407    0.087830   15.832537    7.028668    0.0000   99.9998    0.0000
   4   1     36.160688    0.311678    0.035068    8.362865    7.177646   99.9870    0.0128    0.0002
   4   2     36.269502    0.319981    0.036643   11.892057    6.112130    0.0463   99.9474    0.0063
   4   3     36.358306    0.331702    0.062627    9.562422    7.932978   99.9686    0.0311    0.0002
   4   4     36.458343    0.335257    0.044722   15.284741    6.353152   99.7934    0.2056    0.0009
   5   1     36.273180    0.320483    0.036621   11.849398    6.089228    0.0000   99.9769    0.0230
   5   2     36.462407    0.335822    0.039941   15.315480    5.634683    0.0000    0.1497   99.8503
   5   3     36.763146    0.367094    0.058035   15.632387    5.941803    0.0000   99.8275    0.1724
   5   4     36.498562    0.337737    0.054559   16.260980    8.811693    0.0000   99.6329    0.3670
   6   1     36.167357    0.312573    0.035025    8.314171    7.150927   99.9434    0.0562    0.0001
   6   2     36.277739    0.321072    0.036611   11.815957    6.074865    0.1993   99.7463    0.0540
   6   3     36.376853    0.333981    0.062355    9.567390    7.798638   99.8626    0.1370    0.0002
   6   4     36.468087    0.336591    0.045028   15.139945    6.317076   99.0833    0.8994    0.0164
   7   1     36.282692    0.321748    0.036582   11.755657    6.040918    0.0000   99.8935    0.1061
   7   2     36.477964    0.337744    0.040124   15.193106    5.552455    0.0000    0.7280   99.1252
   7   3     36.782074    0.369509    0.058507   15.411333    5.900813    0.0000   99.1587    0.8403
   7   4     36.535023    0.342128    0.055752   16.131837    8.385829    0.0000   97.9045    1.9516
   8   1     36.176299    0.313757    0.034982    8.257511    7.120835   99.8413    0.1583    0.0001
   8   2     36.288958    0.322515    0.036601   11.734723    6.030601    0.5489   99.2672    0.1834
   8   3     36.401129    0.336908    0.062056    9.583582    7.642977   99.6092    0.3897    0.0008
   8   4     36.484253    0.338608    0.045582   15.018128    6.269113   97.3115    2.5501    0.1369
   9   1     36.294925    0.323340    0.036560   11.651272    5.984390    0.0000   99.7084    0.2906
   9   2     36.501403    0.340449    0.040599   15.116390    5.459094    0.0000    2.0842   97.3364
   9   3     36.805646    0.372485    0.059234   15.157801    5.863178    0.0000   97.5770    2.4156
   9   4     36.614893    0.351047    0.060575   16.261700    7.611401    0.0000   89.4090    8.2796
  10   1     36.187403    0.315201    0.034950    8.197433    7.085935   99.6517    0.3475    0.0005
  10   2     36.303339    0.324303    0.036631   11.662821    5.982402    1.1770   98.3894    0.4322
  10   3     36.430675    0.340395    0.061772    9.616448    7.482407   99.1231    0.8730    0.0036
  10   4     36.510338    0.341610    0.046584   14.972871    6.186696   93.4725    5.8238    0.6947
 
  rho^2(E0) 
 
   I  n_1 n_2  <In_1|E0|In_2>  rho^2(E0) 
   0   1   1       36.154514 4077.137359
   0   2   1        0.274534    0.235084
   0   2   2       36.340712 4119.240696
   0   3   1       -0.002036    0.000013
   0   3   2        0.150878    0.071004
   0   3   3       36.450659 4144.203523
   0   4   1       -0.020235    0.001277
   0   4   2        0.331334    0.342423
   0   4   3        0.213414    0.142061
   0   4   4       37.000214 4270.107041
   2   1   1       36.156367 4077.555388
   2   2   1        0.000103    0.000000
   2   2   2       36.264236 4101.921593
   2   3   1        0.274860    0.235642
   2   3   2        0.001049    0.000003
   2   3   3       36.346099 4120.461832
   2   4   1       -0.003829    0.000046
   2   4   2        0.001609    0.000008
   2   4   3        0.151321    0.071421
   2   4   4       36.452761 4144.681365
   3   1   1       36.266508 4102.435750
   3   2   1        0.270190    0.227703
   3   2   2       36.749681 4212.476075
   3   3   1        0.134695    0.056589
   3   3   2       -0.157099    0.076980
   3   3   3       36.475968 4149.960458
   3   4   1       -0.052735    0.008674
   3   4   2        0.422621    0.557100
   3   4   3       -0.075632    0.017842
   3   4   4       37.531080 4393.518157
   4   1   1       36.160688 4078.529995
   4   2   1        0.000387    0.000000
   4   2   2       36.269502 4103.113007
   4   3   1        0.275569    0.236859
   4   3   2        0.004122    0.000053
   4   3   3       36.358306 4123.230209
   4   4   1       -0.007783    0.000189
   4   4   2        0.006305    0.000124
   4   4   3        0.152298    0.072346
   4   4   4       36.458343 4145.950747
   5   1   1       36.273180 4103.945148
   5   2   1       -0.007087    0.000157
   5   2   2       36.462407 4146.875174
   5   3   1        0.271123    0.229278
   5   3   2       -0.015145    0.000715
   5   3   3       36.763146 4215.563412
   5   4   1        0.135168    0.056987
   5   4   2        0.013798    0.000594
   5   4   3       -0.164672    0.084580
   5   4   4       36.498562 4155.103190
   6   1   1       36.167357 4080.034512
   6   2   1       -0.001138    0.000004
   6   2   2       36.277739 4104.977013
   6   3   1        0.276547    0.238543
   6   3   2       -0.008713    0.000237
   6   3   3       36.376853 4127.437949
   6   4   1       -0.013590    0.000576
   6   4   2       -0.014225    0.000631
   6   4   3        0.153682    0.073667
   6   4   4       36.468087 4148.167359
   7   1   1       36.282692 4106.097997
   7   2   1        0.016790    0.000879
   7   2   2       36.477964 4150.414544
   7   3   1        0.271875    0.230552
   7   3   2        0.034223    0.003653
   7   3   3       36.782074 4219.905491
   7   4   1        0.136381    0.058015
   7   4   2       -0.038530    0.004630
   7   4   3       -0.175521    0.096092
   7   4   4       36.535023 4163.408906
   8   1   1       36.176299 4082.052407
   8   2   1       -0.002505    0.000020
   8   2   2       36.288958 4107.516178
   8   3   1        0.277685    0.240512
   8   3   2       -0.014937    0.000696
   8   3   3       36.401129 4132.948632
   8   4   1       -0.020887    0.001361
   8   4   2       -0.026229    0.002146
   8   4   3        0.155450    0.075373
   8   4   4       36.484253 4151.845737
   9   1   1       36.294925 4108.867178
   9   2   1       -0.030622    0.002925
   9   2   2       36.501403 4155.749892
   9   3   1        0.271838    0.230489
   9   3   2       -0.059309    0.010972
   9   3   3       36.805646 4225.316037
   9   4   1        0.136853    0.058417
   9   4   2        0.095160    0.028245
   9   4   3       -0.189580    0.112102
   9   4   4       36.614893 4181.632278
  10   1   1       36.187403 4084.558524
  10   2   1       -0.004863    0.000074
  10   2   2       36.303339 4110.772459
  10   3   1        0.278877    0.242581
  10   3   2       -0.022813    0.001623
  10   3   3       36.430675 4139.660601
  10   4   1       -0.029442    0.002704
  10   4   2       -0.044001    0.006039
  10   4   3        0.157639    0.077510
  10   4   4       36.510338 4157.784813
 
  E2 transition 
 
  I1  n1        I2  n2       <f||E2||i>   B(E2,I1->I2)  B(E2,I2->I1)
 ( 0   1) <--> ( 2   1)        4.391015     19.281014      3.856203   WU  2017.894163    403.578833
 ( 0   1) <--> ( 2   2)        0.415018      0.172240      0.034448   WU    18.026113      3.605223
 ( 0   1) <--> ( 2   3)        0.477358      0.227871      0.045574   WU    23.848270      4.769654
 ( 0   1) <--> ( 2   4)       -0.128880      0.016610      0.003322   WU     1.738352      0.347670
 ( 0   2) <--> ( 2   1)        0.508596      0.258669      0.051734   WU    27.071579      5.414316
 ( 0   2) <--> ( 2   2)        0.117852      0.013889      0.002778   WU     1.453583      0.290717
 ( 0   2) <--> ( 2   3)        4.577689     20.955236      4.191047   WU  2193.113212    438.622642
 ( 0   2) <--> ( 2   4)        0.174519      0.030457      0.006091   WU     3.187516      0.637503
 ( 0   3) <--> ( 2   1)       -0.138211      0.019102      0.003820   WU     1.999192      0.399838
 ( 0   3) <--> ( 2   2)        0.496935      0.246944      0.049389   WU    25.844430      5.168886
 ( 0   3) <--> ( 2   3)        0.229232      0.052547      0.010509   WU     5.499451      1.099890
 ( 0   3) <--> ( 2   4)        4.578377     20.961539      4.192308   WU  2193.772962    438.754592
 ( 0   4) <--> ( 2   1)       -0.031687      0.001004      0.000201   WU     0.105081      0.021016
 ( 0   4) <--> ( 2   2)       -0.127912      0.016361      0.003272   WU     1.712338      0.342468
 ( 0   4) <--> ( 2   3)        0.538500      0.289982      0.057996   WU    30.348687      6.069737
 ( 0   4) <--> ( 2   4)        0.278901      0.077786      0.015557   WU     8.140829      1.628166
 ( 2   1) <--> ( 2   1)       -5.246004     -3.976121   (eb)
 ( 2   2) <--> ( 2   1)        0.542874      0.058943      0.058943   WU     6.168751      6.168751
 ( 2   2) <--> ( 2   2)        5.318019      4.030703   (eb)
 ( 2   3) <--> ( 2   1)       -0.588346      0.069230      0.069230   WU     7.245423      7.245423
 ( 2   3) <--> ( 2   2)        0.151855      0.004612      0.004612   WU     0.482680      0.482680
 ( 2   3) <--> ( 2   3)       -5.469247     -4.145323   (eb)
 ( 2   4) <--> ( 2   1)        0.160149      0.005130      0.005130   WU     0.536846      0.536846
 ( 2   4) <--> ( 2   2)        0.517880      0.053640      0.053640   WU     5.613805      5.613805
 ( 2   4) <--> ( 2   3)       -0.235732      0.011114      0.011114   WU     1.163149      1.163149
 ( 2   4) <--> ( 2   4)       -5.452316     -4.132491   (eb)
 ( 2   1) <--> ( 3   1)        0.656374      0.086165      0.061547   WU     9.017814      6.441296
 ( 2   1) <--> ( 3   2)       -0.046685      0.000436      0.000311   WU     0.045620      0.032586
 ( 2   1) <--> ( 3   3)       -0.051722      0.000535      0.000382   WU     0.055994      0.039996
 ( 2   1) <--> ( 3   4)       -0.004890      0.000005      0.000003   WU     0.000501      0.000358
 ( 2   2) <--> ( 3   1)       -7.034346      9.896404      7.068860   WU  1035.728482    739.806058
 ( 2   2) <--> ( 3   2)       -0.566167      0.064109      0.045792   WU     6.709451      4.792465
 ( 2   2) <--> ( 3   3)       -0.558482      0.062380      0.044557   WU     6.528550      4.663250
 ( 2   2) <--> ( 3   4)        0.076641      0.001175      0.000839   WU     0.122948      0.087820
 ( 2   3) <--> ( 3   1)        0.188605      0.007114      0.005082   WU     0.744566      0.531833
 ( 2   3) <--> ( 3   2)        0.680190      0.092532      0.066094   WU     9.684084      6.917203
 ( 2   3) <--> ( 3   3)        0.304901      0.018593      0.013281   WU     1.945885      1.389918
 ( 2   3) <--> ( 3   4)       -0.104030      0.002164      0.001546   WU     0.226526      0.161804
 ( 2   4) <--> ( 3   1)        0.783110      0.122652      0.087609   WU    12.836438      9.168884
 ( 2   4) <--> ( 3   2)        0.768992      0.118270      0.084478   WU    12.377752      8.841252
 ( 2   4) <--> ( 3   3)       -0.803928      0.129260      0.092329   WU    13.527967      9.662833
 ( 2   4) <--> ( 3   4)       -0.179088      0.006415      0.004582   WU     0.671323      0.479516
 ( 2   1) <--> ( 4   1)        7.054367      9.952819      5.529344   WU  1041.632745    578.684858
 ( 2   1) <--> ( 4   2)        0.373898      0.027960      0.015533   WU     2.926208      1.625671
 ( 2   1) <--> ( 4   3)        0.729909      0.106553      0.059196   WU    11.151574      6.195319
 ( 2   1) <--> ( 4   4)       -0.203270      0.008264      0.004591   WU     0.864859      0.480477
 ( 2   2) <--> ( 4   1)        0.142025      0.004034      0.002241   WU     0.422207      0.234559
 ( 2   2) <--> ( 4   2)        4.619005      4.267041      2.370578   WU   446.575956    248.097754
 ( 2   2) <--> ( 4   3)        0.042324      0.000358      0.000199   WU     0.037494      0.020830
 ( 2   2) <--> ( 4   4)        0.080416      0.001293      0.000719   WU     0.135359      0.075199
 ( 2   3) <--> ( 4   1)        0.845781      0.143069      0.079483   WU    14.973205      8.318447
 ( 2   3) <--> ( 4   2)        0.120379      0.002898      0.001610   WU     0.303322      0.168512
 ( 2   3) <--> ( 4   3)        7.370812     10.865774      6.036541   WU  1137.179889    631.766605
 ( 2   3) <--> ( 4   4)        0.228326      0.010427      0.005793   WU     1.091214      0.606230
 ( 2   4) <--> ( 4   1)       -0.237920      0.011321      0.006290   WU     1.184845      0.658247
 ( 2   4) <--> ( 4   2)        0.598600      0.071664      0.039814   WU     7.500181      4.166767
 ( 2   4) <--> ( 4   3)        0.420992      0.035447      0.019693   WU     3.709770      2.060983
 ( 2   4) <--> ( 4   4)        7.367046     10.854672      6.030373   WU  1136.017977    631.121098
 ( 3   1) <--> ( 3   1)        0.000000      0.000000   (eb)
 ( 3   2) <--> ( 3   1)        0.000000      0.000000      0.000000   WU     0.000000      0.000000
 ( 3   2) <--> ( 3   2)        0.000000      0.000000   (eb)
 ( 3   3) <--> ( 3   1)        0.000000      0.000000      0.000000   WU     0.000000      0.000000
 ( 3   3) <--> ( 3   2)        0.000000      0.000000      0.000000   WU     0.000000      0.000000
 ( 3   3) <--> ( 3   3)        0.000000      0.000000   (eb)
 ( 3   4) <--> ( 3   1)        0.000000      0.000000      0.000000   WU     0.000000      0.000000
 ( 3   4) <--> ( 3   2)        0.000000      0.000000      0.000000   WU     0.000000      0.000000
 ( 3   4) <--> ( 3   3)        0.000000      0.000000      0.000000   WU     0.000000      0.000000
 ( 3   4) <--> ( 3   4)        0.000000      0.000000   (eb)
 ( 3   1) <--> ( 4   1)       -0.501070      0.035867      0.027897   WU     3.753766      2.919596
 ( 3   1) <--> ( 4   2)       -6.898908      6.799276      5.288326   WU   711.592238    553.460630
 ( 3   1) <--> ( 4   3)       -0.143687      0.002949      0.002294   WU     0.308680      0.240084
 ( 3   1) <--> ( 4   4)       -0.348458      0.017346      0.013491   WU     1.815396      1.411975
 ( 3   2) <--> ( 4   1)        0.029162      0.000121      0.000094   WU     0.012715      0.009889
 ( 3   2) <--> ( 4   2)       -0.598018      0.051089      0.039736   WU     5.346865      4.158673
 ( 3   2) <--> ( 4   3)       -0.573810      0.047037      0.036584   WU     4.922731      3.828791
 ( 3   2) <--> ( 4   4)       -0.726289      0.075357      0.058611   WU     7.886593      6.134017
 ( 3   3) <--> ( 4   1)        0.033977      0.000165      0.000128   WU     0.017260      0.013424
 ( 3   3) <--> ( 4   2)       -0.602431      0.051846      0.040325   WU     5.426057      4.220267
 ( 3   3) <--> ( 4   3)       -0.230478      0.007589      0.005902   WU     0.794203      0.617713
 ( 3   3) <--> ( 4   4)        0.755133      0.081461      0.063358   WU     8.525443      6.630900
 ( 3   4) <--> ( 4   1)        0.003958      0.000002      0.000002   WU     0.000234      0.000182
 ( 3   4) <--> ( 4   2)        0.072690      0.000755      0.000587   WU     0.079000      0.061444
 ( 3   4) <--> ( 4   3)        0.069364      0.000687      0.000535   WU     0.071936      0.055950
 ( 3   4) <--> ( 4   4)        0.115552      0.001907      0.001484   WU     0.199630      0.155268
 ( 3   1) <--> ( 5   1)        6.475630      5.990541      3.812163   WU   626.952419    398.969721
 ( 3   1) <--> ( 5   2)       -0.858981      0.105407      0.067077   WU    11.031569      7.020089
 ( 3   1) <--> ( 5   3)        0.466389      0.031074      0.019774   WU     3.252119      2.069530
 ( 3   1) <--> ( 5   4)        0.474196      0.032123      0.020442   WU     3.361908      2.139396
 ( 3   2) <--> ( 5   1)        0.585698      0.049006      0.031186   WU     5.128829      3.263800
 ( 3   2) <--> ( 5   2)       -0.886016      0.112146      0.071366   WU    11.736903      7.468938
 ( 3   2) <--> ( 5   3)        7.226834      7.461018      4.747920   WU   780.848132    496.903357
 ( 3   2) <--> ( 5   4)       -0.240895      0.008290      0.005276   WU     0.867615      0.552119
 ( 3   3) <--> ( 5   1)        0.605568      0.052388      0.033338   WU     5.482728      3.489009
 ( 3   3) <--> ( 5   2)        0.683700      0.066778      0.042495   WU     6.988785      4.447408
 ( 3   3) <--> ( 5   3)       -0.102081      0.001489      0.000947   WU     0.155797      0.099143
 ( 3   3) <--> ( 5   4)        6.621481      6.263430      3.985819   WU   655.512179    417.144114
 ( 3   4) <--> ( 5   1)       -0.065865      0.000620      0.000394   WU     0.064860      0.041275
 ( 3   4) <--> ( 5   2)        0.189918      0.005153      0.003279   WU     0.539268      0.343171
 ( 3   4) <--> ( 5   3)        0.996428      0.141838      0.090261   WU    14.844390      9.446430
 ( 3   4) <--> ( 5   4)       -0.356785      0.018185      0.011572   WU     1.903196      1.211125
 ( 4   1) <--> ( 4   1)       -6.710913     -5.060669   (eb)
 ( 4   2) <--> ( 4   1)        0.806754      0.072317      0.072317   WU     7.568468      7.568468
 ( 4   2) <--> ( 4   2)       -2.706703     -2.041112   (eb)
 ( 4   3) <--> ( 4   1)       -0.748539      0.062257      0.062257   WU     6.515600      6.515600
 ( 4   3) <--> ( 4   2)        0.228941      0.005824      0.005824   WU     0.609500      0.609500
 ( 4   3) <--> ( 4   3)       -7.005442     -5.282772   (eb)
 ( 4   4) <--> ( 4   1)        0.210051      0.004902      0.004902   WU     0.513068      0.513068
 ( 4   4) <--> ( 4   2)        0.763627      0.064792      0.064792   WU     6.780924      6.780924
 ( 4   4) <--> ( 4   3)       -0.282360      0.008859      0.008859   WU     0.927115      0.927115
 ( 4   4) <--> ( 4   4)       -6.927883     -5.224285   (eb)
 ( 4   1) <--> ( 5   1)        0.727829      0.058859      0.048158   WU     6.160056      5.040046
 ( 4   1) <--> ( 5   2)        0.000847      0.000000      0.000000   WU     0.000008      0.000007
 ( 4   1) <--> ( 5   3)       -0.055741      0.000345      0.000282   WU     0.036130      0.029561
 ( 4   1) <--> ( 5   4)       -0.060768      0.000410      0.000336   WU     0.042942      0.035134
 ( 4   2) <--> ( 5   1)       -6.445508      4.616063      3.776779   WU   483.103552    395.266543
 ( 4   2) <--> ( 5   2)       -0.973326      0.105263      0.086124   WU    11.016472      9.013477
 ( 4   2) <--> ( 5   3)       -0.535002      0.031803      0.026021   WU     3.328412      2.723246
 ( 4   2) <--> ( 5   4)       -0.478262      0.025415      0.020794   WU     2.659850      2.176241
 ( 4   3) <--> ( 5   1)        0.224556      0.005603      0.004584   WU     0.586374      0.479761
 ( 4   3) <--> ( 5   2)       -0.020398      0.000046      0.000038   WU     0.004838      0.003959
 ( 4   3) <--> ( 5   3)        0.737464      0.060428      0.049441   WU     6.324223      5.174364
 ( 4   3) <--> ( 5   4)        0.321313      0.011471      0.009386   WU     1.200555      0.982272
 ( 4   4) <--> ( 5   1)        0.994724      0.109942      0.089952   WU    11.506183      9.414150
 ( 4   4) <--> ( 5   2)       -0.029895      0.000099      0.000081   WU     0.010392      0.008503
 ( 4   4) <--> ( 5   3)        0.765153      0.065051      0.053224   WU     6.808041      5.570215
 ( 4   4) <--> ( 5   4)       -0.821939      0.075065      0.061417   WU     7.856066      6.427690
 ( 4   1) <--> ( 6   1)        8.926790      8.854176      6.129814   WU   926.652003    641.528310
 ( 4   1) <--> ( 6   2)       -0.347666      0.013430      0.009298   WU     1.405564      0.973083
 ( 4   1) <--> ( 6   3)        0.875605      0.085187      0.058976   WU     8.915440      6.172228
 ( 4   1) <--> ( 6   4)       -0.255612      0.007260      0.005026   WU     0.759779      0.526001
 ( 4   2) <--> ( 6   1)        0.295378      0.009694      0.006711   WU     1.014570      0.702394
 ( 4   2) <--> ( 6   2)       -7.834639      6.820175      4.721660   WU   713.779422    494.154985
 ( 4   2) <--> ( 6   3)        0.086841      0.000838      0.000580   WU     0.087694      0.060711
 ( 4   2) <--> ( 6   4)        0.134308      0.002004      0.001388   WU     0.209763      0.145220
 ( 4   3) <--> ( 6   1)        1.099979      0.134439      0.093073   WU    14.070028      9.740788
 ( 4   3) <--> ( 6   2)       -0.151629      0.002555      0.001769   WU     0.267356      0.185093
 ( 4   3) <--> ( 6   3)        9.362709      9.740036      6.743102   WU  1019.363491    705.713186
 ( 4   3) <--> ( 6   4)        0.233267      0.006046      0.004186   WU     0.632748      0.438057
 ( 4   4) <--> ( 6   1)       -0.327783      0.011938      0.008265   WU     1.249390      0.864963
 ( 4   4) <--> ( 6   2)       -0.733284      0.059745      0.041362   WU     6.252743      4.328822
 ( 4   4) <--> ( 6   3)        0.590336      0.038722      0.026807   WU     4.052519      2.805590
 ( 4   4) <--> ( 6   4)        9.349509      9.712591      6.724102   WU  1016.491196    703.724674
 ( 5   1) <--> ( 5   1)       -4.479319     -3.252554   (eb)
 ( 5   2) <--> ( 5   1)       -0.786168      0.056187      0.056187   WU     5.880401      5.880401
 ( 5   2) <--> ( 5   2)        4.650635      3.376951   (eb)
 ( 5   3) <--> ( 5   1)       -0.395142      0.014194      0.014194   WU     1.485529      1.485529
 ( 5   3) <--> ( 5   2)       -0.211698      0.004074      0.004074   WU     0.426394      0.426394
 ( 5   3) <--> ( 5   3)       -4.990457     -3.623705   (eb)
 ( 5   4) <--> ( 5   1)       -0.355481      0.011488      0.011488   WU     1.202288      1.202288
 ( 5   4) <--> ( 5   2)        0.186915      0.003176      0.003176   WU     0.332403      0.332403
 ( 5   4) <--> ( 5   3)        0.072345      0.000476      0.000476   WU     0.049796      0.049796
 ( 5   4) <--> ( 5   4)       -4.488915     -3.259522   (eb)
 ( 5   1) <--> ( 6   1)       -0.738050      0.049520      0.041901   WU     5.182603      4.385279
 ( 5   1) <--> ( 6   2)        6.033455      3.309326      2.800199   WU   346.344297    293.060559
 ( 5   1) <--> ( 6   3)       -0.210164      0.004015      0.003398   WU     0.420236      0.355585
 ( 5   1) <--> ( 6   4)       -0.426195      0.016513      0.013972   WU     1.728190      1.462315
 ( 5   2) <--> ( 6   1)       -0.000672      0.000000      0.000000   WU     0.000004      0.000004
 ( 5   2) <--> ( 6   2)       -0.465525      0.019701      0.016670   WU     2.061876      1.744664
 ( 5   2) <--> ( 6   3)        0.026760      0.000065      0.000055   WU     0.006813      0.005765
 ( 5   2) <--> ( 6   4)        0.184811      0.003105      0.002627   WU     0.324961      0.274967
 ( 5   3) <--> ( 6   1)        0.041398      0.000156      0.000132   WU     0.016306      0.013797
 ( 5   3) <--> ( 6   2)        0.527403      0.025287      0.021396   WU     2.646436      2.239292
 ( 5   3) <--> ( 6   3)       -0.873065      0.069295      0.058634   WU     7.252185      6.136464
 ( 5   3) <--> ( 6   4)       -1.099217      0.109843      0.092944   WU    11.495885      9.727288
 ( 5   4) <--> ( 6   1)        0.048670      0.000215      0.000182   WU     0.022537      0.019070
 ( 5   4) <--> ( 6   2)        0.532757      0.025803      0.021833   WU     2.700441      2.284988
 ( 5   4) <--> ( 6   3)       -0.317338      0.009155      0.007746   WU     0.958121      0.810718
 ( 5   4) <--> ( 6   4)        1.141047      0.118363      0.100153   WU    12.387483     10.481716
 ( 5   1) <--> ( 7   1)        8.930087      7.249678      5.316430   WU   758.729929    556.401948
 ( 5   1) <--> ( 7   2)        0.699066      0.044427      0.032580   WU     4.649568      3.409683
 ( 5   1) <--> ( 7   3)        0.601733      0.032917      0.024139   WU     3.444949      2.526296
 ( 5   1) <--> ( 7   4)        0.612915      0.034151      0.025044   WU     3.574176      2.621063
 ( 5   2) <--> ( 7   1)       -0.178485      0.002896      0.002124   WU     0.303095      0.222270
 ( 5   2) <--> ( 7   2)       -6.304740      3.613613      2.649983   WU   378.190099    277.339406
 ( 5   2) <--> ( 7   3)        0.035007      0.000111      0.000082   WU     0.011660      0.008550
 ( 5   2) <--> ( 7   4)        0.071789      0.000469      0.000344   WU     0.049034      0.035958
 ( 5   3) <--> ( 7   1)        0.834517      0.063311      0.046428   WU     6.625924      4.859011
 ( 5   3) <--> ( 7   2)        1.105561      0.111115      0.081484   WU    11.628973      8.527914
 ( 5   3) <--> ( 7   3)        9.977844      9.050670      6.637158   WU   947.216476    694.625416
 ( 5   3) <--> ( 7   4)       -0.373174      0.012660      0.009284   WU     1.324951      0.971631
 ( 5   4) <--> ( 7   1)        0.861277      0.067436      0.049453   WU     7.057672      5.175626
 ( 5   4) <--> ( 7   2)       -0.781453      0.055515      0.040711   WU     5.810075      4.260722
 ( 5   4) <--> ( 7   3)       -0.151333      0.002082      0.001527   WU     0.217892      0.159788
 ( 5   4) <--> ( 7   4)        9.191056      7.679592      5.631701   WU   803.723510    589.397240
 ( 6   1) <--> ( 6   1)       -7.985060     -5.567160   (eb)
 ( 6   2) <--> ( 6   1)       -0.986655      0.074884      0.074884   WU     7.837107      7.837107
 ( 6   2) <--> ( 6   2)       -5.743145     -4.004104   (eb)
 ( 6   3) <--> ( 6   1)       -0.884393      0.060166      0.060166   WU     6.296745      6.296745
 ( 6   3) <--> ( 6   2)       -0.284399      0.006222      0.006222   WU     0.651150      0.651150
 ( 6   3) <--> ( 6   3)       -8.351546     -5.822674   (eb)
 ( 6   4) <--> ( 6   1)        0.258451      0.005138      0.005138   WU     0.537750      0.537750
 ( 6   4) <--> ( 6   2)       -0.932528      0.066893      0.066893   WU     7.000817      7.000817
 ( 6   4) <--> ( 6   3)       -0.297720      0.006818      0.006818   WU     0.713580      0.713580
 ( 6   4) <--> ( 6   4)       -8.156426     -5.686636   (eb)
 ( 6   1) <--> ( 7   1)        0.770189      0.045630      0.039546   WU     4.775504      4.138770
 ( 6   1) <--> ( 7   2)       -0.001988      0.000000      0.000000   WU     0.000032      0.000028
 ( 6   1) <--> ( 7   3)       -0.063686      0.000312      0.000270   WU     0.032652      0.028298
 ( 6   1) <--> ( 7   4)       -0.068440      0.000360      0.000312   WU     0.037709      0.032681
 ( 6   2) <--> ( 7   1)        5.633949      2.441644      2.116092   WU   255.535313    221.463938
 ( 6   2) <--> ( 7   2)       -1.061838      0.086731      0.075167   WU     9.076988      7.866723
 ( 6   2) <--> ( 7   3)        0.501261      0.019328      0.016751   WU     2.022799      1.753092
 ( 6   2) <--> ( 7   4)        0.377216      0.010946      0.009486   WU     1.145525      0.992788
 ( 6   3) <--> ( 7   1)        0.270853      0.005643      0.004891   WU     0.590597      0.511850
 ( 6   3) <--> ( 7   2)        0.046680      0.000168      0.000145   WU     0.017542      0.015203
 ( 6   3) <--> ( 7   3)        0.763873      0.044885      0.038900   WU     4.697511      4.071176
 ( 6   3) <--> ( 7   4)        0.321081      0.007930      0.006873   WU     0.829956      0.719295
 ( 6   4) <--> ( 7   1)        1.184446      0.107916      0.093528   WU    11.294208      9.788314
 ( 6   4) <--> ( 7   2)       -0.028773      0.000064      0.000055   WU     0.006665      0.005776
 ( 6   4) <--> ( 7   3)        0.696171      0.037281      0.032310   WU     3.901729      3.381499
 ( 6   4) <--> ( 7   4)       -0.794603      0.048569      0.042093   WU     5.083066      4.405324
 ( 6   1) <--> ( 8   1)       10.491618      8.467235      6.474944   WU   886.155862    677.648600
 ( 6   1) <--> ( 8   2)       -0.318136      0.007785      0.005954   WU     0.814802      0.623084
 ( 6   1) <--> ( 8   3)        0.971918      0.072663      0.055566   WU     7.604744      5.815392
 ( 6   1) <--> ( 8   4)       -0.302332      0.007031      0.005377   WU     0.735855      0.562712
 ( 6   2) <--> ( 8   1)       -0.418518      0.013474      0.010303   WU     1.410113      1.078322
 ( 6   2) <--> ( 8   2)        9.904848      7.546616      5.770942   WU   789.806604    603.969756
 ( 6   2) <--> ( 8   3)       -0.119125      0.001092      0.000835   WU     0.114243      0.087362
 ( 6   2) <--> ( 8   4)       -0.162692      0.002036      0.001557   WU     0.213087      0.162949
 ( 6   3) <--> ( 8   1)        1.320117      0.134055      0.102512   WU    14.029756     10.728637
 ( 6   3) <--> ( 8   2)       -0.210382      0.003405      0.002604   WU     0.356322      0.272481
 ( 6   3) <--> ( 8   3)       11.059869      9.409284      7.195335   WU   984.747971    753.042566
 ( 6   3) <--> ( 8   4)        0.225049      0.003896      0.002979   WU     0.407737      0.311799
 ( 6   4) <--> ( 8   1)       -0.420620      0.013609      0.010407   WU     1.424312      1.089180
 ( 6   4) <--> ( 8   2)       -0.881151      0.059725      0.045672   WU     6.250664      4.779920
 ( 6   4) <--> ( 8   3)        0.747737      0.043009      0.032889   WU     4.501147      3.442054
 ( 6   4) <--> ( 8   4)       11.033591      9.364625      7.161184   WU   980.074065    749.468403
 ( 7   1) <--> ( 7   1)       -6.806885     -4.558311   (eb)
 ( 7   2) <--> ( 7   1)        1.079438      0.077679      0.077679   WU     8.129671      8.129671
 ( 7   2) <--> ( 7   2)       -1.178413     -0.789139   (eb)
 ( 7   3) <--> ( 7   1)       -0.638253      0.027158      0.027158   WU     2.842255      2.842255
 ( 7   3) <--> ( 7   2)        0.252552      0.004252      0.004252   WU     0.445020      0.445020
 ( 7   3) <--> ( 7   3)       -7.588381     -5.081649   (eb)
 ( 7   4) <--> ( 7   1)       -0.511867      0.017467      0.017467   WU     1.828063      1.828063
 ( 7   4) <--> ( 7   2)       -0.311591      0.006473      0.006473   WU     0.677405      0.677405
 ( 7   4) <--> ( 7   3)        0.042593      0.000121      0.000121   WU     0.012658      0.012658
 ( 7   4) <--> ( 7   4)       -6.701628     -4.487824   (eb)
 ( 7   1) <--> ( 8   1)       -0.935849      0.058388      0.051518   WU     6.110669      5.391767
 ( 7   1) <--> ( 8   2)        5.350115      1.908249      1.683749   WU   199.711666    176.216176
 ( 7   1) <--> ( 8   3)       -0.259425      0.004487      0.003959   WU     0.469571      0.414327
 ( 7   1) <--> ( 8   4)       -0.432656      0.012479      0.011011   WU     1.306059      1.152405
 ( 7   2) <--> ( 8   1)        0.001556      0.000000      0.000000   WU     0.000017      0.000015
 ( 7   2) <--> ( 8   2)        0.771579      0.039689      0.035020   WU     4.153726      3.665052
 ( 7   2) <--> ( 8   3)       -0.082100      0.000449      0.000396   WU     0.047029      0.041496
 ( 7   2) <--> ( 8   4)       -0.537898      0.019289      0.017020   WU     2.018726      1.781229
 ( 7   3) <--> ( 8   1)        0.050911      0.000173      0.000152   WU     0.018084      0.015957
 ( 7   3) <--> ( 8   2)        0.451527      0.013592      0.011993   WU     1.422476      1.255126
 ( 7   3) <--> ( 8   3)       -1.142180      0.086972      0.076740   WU     9.102199      8.031352
 ( 7   3) <--> ( 8   4)       -1.410687      0.132669      0.117061   WU    13.884776     12.251273
 ( 7   4) <--> ( 8   1)        0.060174      0.000241      0.000213   WU     0.025264      0.022291
 ( 7   4) <--> ( 8   2)        0.481178      0.015435      0.013620   WU     1.615430      1.425379
 ( 7   4) <--> ( 8   3)       -0.368883      0.009072      0.008004   WU     0.949410      0.837715
 ( 7   4) <--> ( 8   4)        1.455883      0.141306      0.124682   WU    14.788702     13.048855
 ( 7   1) <--> ( 9   1)       10.749004      7.702739      6.081110   WU   806.145981    636.431037
 ( 7   1) <--> ( 9   2)       -0.611928      0.024964      0.019708   WU     2.612632      2.062604
 ( 7   1) <--> ( 9   3)        0.672946      0.030190      0.023835   WU     3.159636      2.494450
 ( 7   1) <--> ( 9   4)        0.684988      0.031281      0.024695   WU     3.273730      2.584524
 ( 7   2) <--> ( 9   1)        0.344829      0.007927      0.006258   WU     0.829633      0.654973
 ( 7   2) <--> ( 9   2)       -9.264573      5.722154      4.517490   WU   598.863777    472.787192
 ( 7   2) <--> ( 9   3)       -0.111366      0.000827      0.000653   WU     0.086533      0.068316
 ( 7   2) <--> ( 9   4)       -0.270344      0.004872      0.003847   WU     0.509928      0.402575
 ( 7   3) <--> ( 9   1)        1.026975      0.070312      0.055509   WU     7.358634      5.809448
 ( 7   3) <--> ( 9   2)       -1.424915      0.135359      0.106862   WU    14.166259     11.183888
 ( 7   3) <--> ( 9   3)       12.022581      9.636164      7.607498   WU  1008.492518    796.178304
 ( 7   3) <--> ( 9   4)       -0.491013      0.016073      0.012689   WU     1.682141      1.328006
 ( 7   4) <--> ( 9   1)        1.058812      0.074739      0.059004   WU     7.821954      6.175227
 ( 7   4) <--> ( 9   2)        0.916213      0.055963      0.044181   WU     5.856928      4.623890
 ( 7   4) <--> ( 9   3)       -0.244951      0.004000      0.003158   WU     0.418634      0.330500
 ( 7   4) <--> ( 9   4)       11.028398      8.108371      6.401345   WU   848.598168    669.945922
 ( 8   1) <--> ( 8   1)       -9.098704     -5.861349   (eb)
 ( 8   2) <--> ( 8   1)       -1.133522      0.075581      0.075581   WU     7.910058      7.910058
 ( 8   2) <--> ( 8   2)       -7.611405     -4.903237   (eb)
 ( 8   3) <--> ( 8   1)       -1.000645      0.058899      0.058899   WU     6.164243      6.164243
 ( 8   3) <--> ( 8   2)       -0.333208      0.006531      0.006531   WU     0.683519      0.683519
 ( 8   3) <--> ( 8   3)       -9.537960     -6.144315   (eb)
 ( 8   4) <--> ( 8   1)        0.305251      0.005481      0.005481   WU     0.573632      0.573632
 ( 8   4) <--> ( 8   2)       -1.077314      0.068271      0.068271   WU     7.145031      7.145031
 ( 8   4) <--> ( 8   3)       -0.273868      0.004412      0.004412   WU     0.461746      0.461746
 ( 8   4) <--> ( 8   4)       -9.158229     -5.899694   (eb)
 ( 8   1) <--> ( 9   1)        0.792901      0.036982      0.033089   WU     3.870411      3.463000
 ( 8   1) <--> ( 9   2)        0.004658      0.000001      0.000001   WU     0.000134      0.000119
 ( 8   1) <--> ( 9   3)       -0.071141      0.000298      0.000266   WU     0.031158      0.027878
 ( 8   1) <--> ( 9   4)       -0.071569      0.000301      0.000270   WU     0.031533      0.028214
 ( 8   2) <--> ( 9   1)        5.025447      1.485595      1.329217   WU   155.478015    139.111908
 ( 8   2) <--> ( 9   2)        1.068386      0.067144      0.060076   WU     7.027094      6.287400
 ( 8   2) <--> ( 9   3)        0.497953      0.014586      0.013050   WU     1.526497      1.365813
 ( 8   2) <--> ( 9   4)        0.269836      0.004283      0.003832   WU     0.448248      0.401064
 ( 8   3) <--> ( 9   1)        0.330888      0.006440      0.005762   WU     0.674033      0.603082
 ( 8   3) <--> ( 9   2)       -0.079715      0.000374      0.000334   WU     0.039120      0.035002
 ( 8   3) <--> ( 9   3)        0.765364      0.034458      0.030831   WU     3.606247      3.226642
 ( 8   3) <--> ( 9   4)        0.307523      0.005563      0.004977   WU     0.582204      0.520920
 ( 8   4) <--> ( 9   1)        1.336827      0.105124      0.094058   WU    11.001954      9.843854
 ( 8   4) <--> ( 9   2)        0.202146      0.002404      0.002151   WU     0.251564      0.225084
 ( 8   4) <--> ( 9   3)        0.580381      0.019814      0.017729   WU     2.073699      1.855415
 ( 8   4) <--> ( 9   4)       -0.728201      0.031193      0.027909   WU     3.264540      2.920904
 ( 8   1) <--> (10   1)       11.884569      8.308411      6.725857   WU   869.533826    703.908335
 ( 8   1) <--> (10   2)       -0.286174      0.004817      0.003900   WU     0.504173      0.408140
 ( 8   1) <--> (10   3)        1.037082      0.063267      0.051216   WU     6.621334      5.360127
 ( 8   1) <--> (10   4)       -0.344979      0.007001      0.005667   WU     0.732665      0.593110
 ( 8   2) <--> (10   1)       -0.527199      0.016349      0.013235   WU     1.711076      1.385157
 ( 8   2) <--> (10   2)       11.576125      7.882745      6.381270   WU   824.984895    667.844915
 ( 8   2) <--> (10   3)       -0.134349      0.001062      0.000860   WU     0.111119      0.089953
 ( 8   2) <--> (10   4)       -0.198661      0.002322      0.001879   WU     0.242966      0.196687
 ( 8   3) <--> (10   1)        1.517451      0.135451      0.109650   WU    14.175851     11.475689
 ( 8   3) <--> (10   2)       -0.306524      0.005527      0.004474   WU     0.578426      0.468250
 ( 8   3) <--> (10   3)       12.603833      9.344506      7.564600   WU   977.968466    791.688758
 ( 8   3) <--> (10   4)        0.211367      0.002628      0.002127   WU     0.275038      0.222650
 ( 8   4) <--> (10   1)       -0.520157      0.015915      0.012884   WU     1.665669      1.348398
 ( 8   4) <--> (10   2)       -1.044770      0.064208      0.051978   WU     6.719868      5.439893
 ( 8   4) <--> (10   3)        0.901135      0.047767      0.038669   WU     4.999184      4.046959
 ( 8   4) <--> (10   4)       12.563622      9.284977      7.516410   WU   971.738315    786.645303
 ( 9   1) <--> ( 9   1)       -8.425991     -5.231548   (eb)
 ( 9   2) <--> ( 9   1)       -1.258537      0.083364      0.083364   WU     8.724630      8.724630
 ( 9   2) <--> ( 9   2)       -4.472969     -2.777187   (eb)
 ( 9   3) <--> ( 9   1)       -0.851230      0.038136      0.038136   WU     3.991250      3.991250
 ( 9   3) <--> ( 9   2)       -0.232635      0.002848      0.002848   WU     0.298102      0.298102
 ( 9   3) <--> ( 9   3)       -9.407004     -5.840641   (eb)
 ( 9   4) <--> ( 9   1)       -0.565194      0.016813      0.016813   WU     1.759586      1.759586
 ( 9   4) <--> ( 9   2)        0.543516      0.015548      0.015548   WU     1.627197      1.627197
 ( 9   4) <--> ( 9   3)       -0.150894      0.001198      0.001198   WU     0.125417      0.125417
 ( 9   4) <--> ( 9   4)       -7.724466     -4.795983   (eb)
 ( 9   1) <--> (10   1)       -1.113729      0.065284      0.059066   WU     6.832411      6.181705
 ( 9   1) <--> (10   2)        4.851630      1.238859      1.120872   WU   129.655282    117.307160
 ( 9   1) <--> (10   3)       -0.290669      0.004447      0.004023   WU     0.465385      0.421062
 ( 9   1) <--> (10   4)       -0.382571      0.007703      0.006970   WU     0.806192      0.729412
 ( 9   2) <--> (10   1)       -0.003705      0.000001      0.000001   WU     0.000076      0.000068
 ( 9   2) <--> (10   2)       -1.035867      0.056475      0.051096   WU     5.910480      5.347577
 ( 9   2) <--> (10   3)        0.181061      0.001725      0.001561   WU     0.180579      0.163381
 ( 9   2) <--> (10   4)        1.137339      0.068081      0.061597   WU     7.125163      6.446576
 ( 9   3) <--> (10   1)        0.059361      0.000185      0.000168   WU     0.019409      0.017561
 ( 9   3) <--> (10   2)        0.366623      0.007074      0.006401   WU     0.740381      0.669869
 ( 9   3) <--> (10   3)       -1.394353      0.102327      0.092582   WU    10.709288      9.689356
 ( 9   3) <--> (10   4)       -1.661629      0.145316      0.131477   WU    15.208375     13.759958
 ( 9   4) <--> (10   1)        0.066296      0.000231      0.000209   WU     0.024210      0.021904
 ( 9   4) <--> (10   2)        0.449135      0.010617      0.009606   WU     1.111142      1.005319
 ( 9   4) <--> (10   3)       -0.390406      0.008022      0.007258   WU     0.839554      0.759596
 ( 9   4) <--> (10   4)        1.684124      0.149278      0.135061   WU    15.622957     14.135056
 (10   1) <--> (10   1)      -10.097963     -6.054672   (eb)
 (10   2) <--> (10   1)       -1.258249      0.075390      0.075390   WU     7.890100      7.890100
 (10   2) <--> (10   2)       -8.997113     -5.394609   (eb)
 (10   3) <--> (10   1)       -1.104716      0.058114      0.058114   WU     6.082056      6.082056
 (10   3) <--> (10   2)       -0.378412      0.006819      0.006819   WU     0.713639      0.713639
 (10   3) <--> (10   3)      -10.612707     -6.363309   (eb)
 (10   4) <--> (10   1)        0.349566      0.005819      0.005819   WU     0.608986      0.608986
 (10   4) <--> (10   2)       -1.217962      0.070640      0.070640   WU     7.392926      7.392926
 (10   4) <--> (10   3)       -0.199264      0.001891      0.001891   WU     0.197882      0.197882
 (10   4) <--> (10   4)       -9.946588     -5.963909   (eb)
 
  quadrupole shape invariant: 01+, 02+, 03+, 04+
quadr2    19.70362555    22.01997909    22.11959431    30.88625678
quadr3    85.52237754   103.43234217    89.77472012   157.11132267
  effective deformation parameters:  01+, 02+, 03+, 04+
beteff     0.31562874     0.33366597     0.33441985     0.39517195
cos3ga     0.97782367     1.00099292     0.86295535     0.91529179
 
 ********* END Transition **************************
