 ********* BEGIN READER ****************************
 
 Nucleus            :  Rn  86 170
 Imin, Imax         :     0  10
 imu, remu          :     1 12.0000
 nlevel             :     4
 observables        :     2
 wave fun           :     1
 nbet, ngam, npar   :    10   7  10
 Finish reading parameters: V, B_k ...
 
 ********* END READER ******************************
 
 ********* BEGIN LEVELS ********************
 
 E_0 = -1842.781524
 
  I=   0   ntot= 127
   0   1    0.000000
   0   2    1.480843
   0   3    2.124356
   0   4    3.261254
 
  I=   2   ntot= 234
   2   1    0.419887
   2   2    1.023182
   2   3    2.186463
   2   4    2.663044
 
  I=   3   ntot= 108
   3   1    1.625332
   3   2    3.582306
   3   3    4.177788
   3   4    4.978768
 
  I=   4   ntot= 324
   4   1    1.010650
   4   2    1.760155
   4   3    2.425533
   4   4    2.996379
 
  I=   5   ntot= 198
   5   1    2.422241
   5   2    3.259220
   5   3    4.358120
   5   4    4.990108
 
  I=   6   ntot= 432
   6   1    1.745800
   6   2    2.624031
   6   3    3.367325
   6   4    3.818365
 
  I=   7   ntot= 306
   7   1    3.338701
   7   2    4.281123
   7   3    5.135308
   7   4    5.180529
 
  I=   8   ntot= 522
   8   1    2.609015
   8   2    3.604596
   8   3    4.410372
   8   4    4.644098
 
  I=   9   ntot= 397
   9   1    4.364585
   9   2    5.396039
   9   3    5.896953
   9   4    6.040973
 
  I=  10   ntot= 630
  10   1    3.589985
  10   2    4.690919
  10   3    5.197478
  10   4    5.423991
 
 ********* END LEVELS **********************
 
 ********* BEGIN Transition ************************
 
  Monopole moment 
 
   I   n    <In|E0|In>   ave \beta      del<b>   ave \gamma    del<g>  
     K=0       K=2       K=4   
   0   1     34.840795    0.161978    0.036243   32.391951   10.589101  100.0000    0.0000    0.0000
   0   2     34.934252    0.178058    0.042443   34.753319   12.821810  100.0000    0.0000    0.0000
   0   3     34.929290    0.179285    0.056543   24.285064   10.325995  100.0000    0.0000    0.0000
   0   4     35.136177    0.211137    0.067118   38.933842    8.254355  100.0000    0.0000    0.0000
   2   1     34.888353    0.170319    0.034579   34.079095   10.206735   51.7430   48.2570    0.0000
   2   2     34.916043    0.175235    0.034475   28.553344   10.448287   53.9891   46.0109    0.0000
   2   3     34.999769    0.189303    0.042980   34.622343   10.878928   71.1360   28.8640    0.0000
   2   4     35.046974    0.198264    0.052993   30.232831   10.729452   41.4711   58.5290    0.0000
   3   1     34.969831    0.184564    0.033578   30.726581    8.274151    0.0000  100.0000    0.0000
   3   2     35.180142    0.218767    0.052804   33.684930    7.762877    0.0000  100.0000    0.0000
   3   3     35.172582    0.218897    0.050918   24.369407    9.638914    0.0000  100.0000    0.0000
   3   4     35.797798    0.307466    0.090641   27.066899   11.160568    0.0000  100.0000    0.0000
   4   1     34.931885    0.177713    0.033608   34.851925    9.972351   39.2398   37.9597   22.8005
   4   2     34.959065    0.182286    0.034112   28.977342   11.526270   57.0671    3.7711   39.1618
   4   3     35.007068    0.190599    0.034277   28.969055    9.387321   18.2546   49.9293   31.8161
   4   4     35.081211    0.202638    0.047829   35.277492    9.692418   48.8658   37.2043   13.9300
   5   1     35.014929    0.191972    0.033579   31.448230    8.146503    0.0000   60.3638   39.6362
   5   2     35.056794    0.198850    0.034494   29.304558    8.207768    0.0000   42.6353   57.3647
   5   3     35.312269    0.238604    0.056917   32.415541    7.844598    0.0000   61.5802   38.4198
   5   4     35.346687    0.244178    0.060351   29.805125    7.803720    0.0000   43.4469   56.5531
   6   1     34.973752    0.184681    0.033116   35.104599    9.733274   33.0320   37.2160   17.7304
   6   2     35.004505    0.189576    0.034026   29.843435   12.228375   52.2523    5.4168   12.5693
   6   3     35.053962    0.197977    0.035572   29.118475   10.532631   32.7417   30.2216    1.6475
   6   4     35.200154    0.220984    0.053692   35.096199    9.394082   35.5677   36.6443   17.6766
   7   1     35.061475    0.199464    0.034077   31.927702    8.020860    0.0000   42.0067   41.4679
   7   2     35.110060    0.207185    0.036094   29.740341    8.904053    0.0000   49.4298    6.6853
   7   3     35.422141    0.254771    0.062740   30.676191    8.401809    0.0000   37.4183   44.7619
   7   4     35.239885    0.227968    0.052074   29.207399    9.103947    0.0000   20.8179   44.7630
   8   1     35.015554    0.191520    0.033049   35.107829    9.466125   29.1081   37.0097   18.1853
   8   2     35.051703    0.197011    0.034415   30.577826   12.641914   46.5699   10.9276    6.9849
   8   3     35.121894    0.208716    0.040251   29.979514   10.381828   39.0003   20.8076    6.8930
   8   4     35.319146    0.238538    0.059232   33.119276   10.829868   32.4695   32.7161   18.0090
   9   1     35.112869    0.207586    0.035400   32.188816    7.889065    0.0000   31.4131   39.5507
   9   2     35.179720    0.217887    0.040199   30.192070    9.515347    0.0000   46.5151    3.6145
   9   3     36.089874    0.348355    0.106469   21.296099   13.551314    0.0000   51.3153   30.8960
   9   4     36.998972    0.458092    0.108109   12.629918   11.728630    0.0000   78.1753   11.3896
  10   1     35.059013    0.198513    0.033484   34.977470    9.179677   26.3406   36.6303   19.1285
  10   2     35.103510    0.205058    0.035797   31.093166   12.878863   41.3870   16.2156    5.5774
  10   3     37.868315    0.547333    0.062791    6.421130    8.889473   99.3358    0.5998    0.0382
  10   4     35.458792    0.259577    0.073173   30.977021   12.689076   29.0880   37.2603   16.8143
 
  rho^2(E0) 
 
   I  n_1 n_2  <In_1|E0|In_2>  rho^2(E0) 
   0   1   1       34.840795 2663.552726
   0   2   1       -0.107838    0.025517
   0   2   2       34.934252 2677.861316
   0   3   1       -0.165508    0.060107
   0   3   2       -0.020851    0.000954
   0   3   3       34.929290 2677.100686
   0   4   1        0.007427    0.000121
   0   4   2       -0.214424    0.100886
   0   4   3       -0.158941    0.055431
   0   4   4       35.136177 2708.907732
   2   1   1       34.888353 2670.829225
   2   2   1       -0.021639    0.001027
   2   2   2       34.916043 2675.070470
   2   3   1       -0.111484    0.027272
   2   3   2       -0.022827    0.001143
   2   3   3       34.999769 2687.915060
   2   4   1       -0.155007    0.052722
   2   4   2        0.048962    0.005260
   2   4   3        0.012085    0.000320
   2   4   4       35.046974 2695.170459
   3   1   1       34.969831 2683.318720
   3   2   1       -0.167040    0.061224
   3   2   2       35.180142 2715.691019
   3   3   1        0.091539    0.018387
   3   3   2       -0.083108    0.015155
   3   3   3       35.172582 2714.524021
   3   4   1       -0.049242    0.005321
   3   4   2       -0.268087    0.157702
   3   4   3        0.173643    0.066161
   3   4   4       35.797798 2811.886744
   4   1   1       34.931885 2677.498432
   4   2   1       -0.025069    0.001379
   4   2   2       34.959065 2681.666743
   4   3   1       -0.012836    0.000362
   4   3   2       -0.023110    0.001172
   4   3   3       35.007068 2689.036264
   4   4   1       -0.142579    0.044607
   4   4   2       -0.007675    0.000129
   4   4   3        0.006776    0.000101
   4   4   4       35.081211 2700.438769
   5   1   1       35.014929 2690.244111
   5   2   1       -0.016071    0.000567
   5   2   2       35.056794 2696.680995
   5   3   1       -0.183077    0.073545
   5   3   2        0.010283    0.000232
   5   3   3       35.312269 2736.128208
   5   4   1        0.032021    0.002250
   5   4   2       -0.142022    0.044258
   5   4   3       -0.087844    0.016932
   5   4   4       35.346687 2741.464462
   6   1   1       34.973752 2683.920459
   6   2   1       -0.026609    0.001554
   6   2   2       35.004505 2688.642621
   6   3   1        0.025060    0.001378
   6   3   2        0.029266    0.001879
   6   3   3       35.053962 2696.245375
   6   4   1       -0.175026    0.067219
   6   4   2        0.013046    0.000373
   6   4   3       -0.019507    0.000835
   6   4   4       35.200154 2718.781576
   7   1   1       35.061475 2697.401334
   7   2   1       -0.023605    0.001223
   7   2   2       35.110060 2704.882070
   7   3   1       -0.171583    0.064600
   7   3   2        0.007893    0.000137
   7   3   3       35.422141 2753.181332
   7   4   1        0.081368    0.014528
   7   4   2       -0.032365    0.002298
   7   4   3       -0.125149    0.034367
   7   4   4       35.239885 2724.922532
   8   1   1       35.015554 2690.340229
   8   2   1       -0.028458    0.001777
   8   2   2       35.051703 2695.897828
   8   3   1        0.057506    0.007256
   8   3   2        0.028327    0.001761
   8   3   3       35.121894 2706.705758
   8   4   1       -0.177988    0.069513
   8   4   2        0.027681    0.001681
   8   4   3       -0.062148    0.008475
   8   4   4       35.319146 2737.193944
   9   1   1       35.112869 2705.314905
   9   2   1       -0.033369    0.002443
   9   2   2       35.179720 2715.625988
   9   3   1       -0.168222    0.062094
   9   3   2        0.003668    0.000030
   9   3   3       36.089874 2857.958542
   9   4   1       -0.094794    0.019717
   9   4   2        0.071889    0.011340
   9   4   3       -0.693624    1.055683
   9   4   4       36.998972 3003.754943
  10   1   1       35.059013 2697.022477
  10   2   1       -0.031687    0.002203
  10   2   2       35.103510 2703.872980
  10   3   1       -0.011078    0.000269
  10   3   2       -0.017546    0.000676
  10   3   3       37.868315 3146.568299
  10   4   1       -0.174471    0.066793
  10   4   2        0.005744    0.000072
  10   4   3       -0.153414    0.051644
  10   4   4       35.458792 2758.881569
 
  E2 transition 
 
  I1  n1        I2  n2       <f||E2||i>   B(E2,I1->I2)  B(E2,I2->I1)
 ( 0   1) <--> ( 2   1)        1.598678      2.555772      0.511154   WU   264.696910     52.939382
 ( 0   1) <--> ( 2   2)        0.548214      0.300539      0.060108   WU    31.126265      6.225253
 ( 0   1) <--> ( 2   3)       -0.218211      0.047616      0.009523   WU     4.931501      0.986300
 ( 0   1) <--> ( 2   4)       -0.115393      0.013316      0.002663   WU     1.379079      0.275816
 ( 0   2) <--> ( 2   1)       -0.342000      0.116964      0.023393   WU    12.113773      2.422755
 ( 0   2) <--> ( 2   2)        0.786286      0.618246      0.123649   WU    64.030704     12.806141
 ( 0   2) <--> ( 2   3)        1.628754      2.652839      0.530568   WU   274.750050     54.950010
 ( 0   2) <--> ( 2   4)       -0.118841      0.014123      0.002825   WU     1.462714      0.292543
 ( 0   3) <--> ( 2   1)       -0.443311      0.196525      0.039305   WU    20.353740      4.070748
 ( 0   3) <--> ( 2   2)       -0.631915      0.399316      0.079863   WU    41.356494      8.271299
 ( 0   3) <--> ( 2   3)        0.240066      0.057632      0.011526   WU     5.968824      1.193765
 ( 0   3) <--> ( 2   4)        1.465338      2.147215      0.429443   WU   222.383389     44.476678
 ( 0   4) <--> ( 2   1)       -0.008293      0.000069      0.000014   WU     0.007123      0.001425
 ( 0   4) <--> ( 2   2)       -0.104586      0.010938      0.002188   WU     1.132846      0.226569
 ( 0   4) <--> ( 2   3)       -0.624419      0.389899      0.077980   WU    40.381179      8.076236
 ( 0   4) <--> ( 2   4)       -0.716772      0.513762      0.102752   WU    53.209476     10.641895
 ( 2   1) <--> ( 2   1)        0.717255      0.543631   (eb)
 ( 2   2) <--> ( 2   1)       -1.990840      0.792689      0.792689   WU    82.097459     82.097459
 ( 2   2) <--> ( 2   2)       -0.762815     -0.578163   (eb)
 ( 2   3) <--> ( 2   1)        0.113528      0.002578      0.002578   WU     0.266971      0.266971
 ( 2   3) <--> ( 2   2)        0.151966      0.004619      0.004619   WU     0.478353      0.478353
 ( 2   3) <--> ( 2   3)       -0.487496     -0.369490   (eb)
 ( 2   4) <--> ( 2   1)       -0.179532      0.006446      0.006446   WU     0.667638      0.667638
 ( 2   4) <--> ( 2   2)        0.696715      0.097082      0.097082   WU    10.054667     10.054667
 ( 2   4) <--> ( 2   3)        0.924429      0.170914      0.170914   WU    17.701268     17.701268
 ( 2   4) <--> ( 2   4)        0.900221      0.682307   (eb)
 ( 2   1) <--> ( 3   1)        0.899474      0.161811      0.115579   WU    16.758449     11.970320
 ( 2   1) <--> ( 3   2)       -0.100653      0.002026      0.001447   WU     0.209851      0.149893
 ( 2   1) <--> ( 3   3)       -0.058095      0.000675      0.000482   WU     0.069910      0.049936
 ( 2   1) <--> ( 3   4)       -0.018439      0.000068      0.000049   WU     0.007043      0.005031
 ( 2   2) <--> ( 3   1)       -2.365490      1.119109      0.799363   WU   115.904192     82.788709
 ( 2   2) <--> ( 3   2)        0.242008      0.011714      0.008367   WU     1.213153      0.866538
 ( 2   2) <--> ( 3   3)       -0.046540      0.000433      0.000309   WU     0.044866      0.032047
 ( 2   2) <--> ( 3   4)        0.076663      0.001175      0.000840   WU     0.121740      0.086957
 ( 2   3) <--> ( 3   1)        1.311846      0.344188      0.245848   WU    35.646944     25.462103
 ( 2   3) <--> ( 3   2)        0.090750      0.001647      0.001177   WU     0.170588      0.121849
 ( 2   3) <--> ( 3   3)        0.272155      0.014814      0.010581   WU     1.534229      1.095878
 ( 2   3) <--> ( 3   4)       -0.102231      0.002090      0.001493   WU     0.216483      0.154631
 ( 2   4) <--> ( 3   1)       -1.152854      0.265814      0.189867   WU    27.529933     19.664238
 ( 2   4) <--> ( 3   2)        1.621375      0.525771      0.375551   WU    54.453251     38.895180
 ( 2   4) <--> ( 3   3)       -0.551843      0.060906      0.043504   WU     6.307943      4.505673
 ( 2   4) <--> ( 3   4)        0.076994      0.001186      0.000847   WU     0.122793      0.087710
 ( 2   1) <--> ( 4   1)        2.720855      1.480611      0.822562   WU   153.344333     85.191296
 ( 2   1) <--> ( 4   2)        0.452967      0.041036      0.022798   WU     4.250016      2.361120
 ( 2   1) <--> ( 4   3)       -0.094780      0.001797      0.000998   WU     0.186075      0.103375
 ( 2   1) <--> ( 4   4)       -0.295631      0.017480      0.009711   WU     1.810324      1.005736
 ( 2   2) <--> ( 4   1)        0.131751      0.003472      0.001929   WU     0.359553      0.199752
 ( 2   2) <--> ( 4   2)        2.258928      1.020551      0.566973   WU   105.696717     58.720398
 ( 2   2) <--> ( 4   3)        0.799421      0.127815      0.071008   WU    13.237556      7.354198
 ( 2   2) <--> ( 4   4)       -0.170000      0.005780      0.003211   WU     0.598623      0.332568
 ( 2   3) <--> ( 4   1)       -0.601328      0.072319      0.040177   WU     7.489965      4.161092
 ( 2   3) <--> ( 4   2)        0.693705      0.096245      0.053470   WU     9.967956      5.537754
 ( 2   3) <--> ( 4   3)        0.543402      0.059057      0.032810   WU     6.116445      3.398025
 ( 2   3) <--> ( 4   4)        2.737410      1.498683      0.832601   WU   155.215998     86.231110
 ( 2   4) <--> ( 4   1)       -0.625152      0.078163      0.043424   WU     8.095208      4.497338
 ( 2   4) <--> ( 4   2)       -0.427976      0.036633      0.020351   WU     3.793978      2.107766
 ( 2   4) <--> ( 4   3)       -0.263719      0.013909      0.007727   WU     1.440583      0.800324
 ( 2   4) <--> ( 4   4)        0.956978      0.183162      0.101756   WU    18.969729     10.538738
 ( 3   1) <--> ( 3   1)        0.000000      0.000000   (eb)
 ( 3   2) <--> ( 3   1)        0.000000      0.000000      0.000000   WU     0.000000      0.000000
 ( 3   2) <--> ( 3   2)        0.000000      0.000000   (eb)
 ( 3   3) <--> ( 3   1)        0.000000      0.000000      0.000000   WU     0.000000      0.000000
 ( 3   3) <--> ( 3   2)        0.000000      0.000000      0.000000   WU     0.000000      0.000000
 ( 3   3) <--> ( 3   3)        0.000000      0.000000   (eb)
 ( 3   4) <--> ( 3   1)        0.000000      0.000000      0.000000   WU     0.000000      0.000000
 ( 3   4) <--> ( 3   2)        0.000000      0.000000      0.000000   WU     0.000000      0.000000
 ( 3   4) <--> ( 3   3)        0.000000      0.000000      0.000000   WU     0.000000      0.000000
 ( 3   4) <--> ( 3   4)        0.000000      0.000000   (eb)
 ( 3   1) <--> ( 4   1)        1.581150      0.357148      0.277782   WU    36.989220     28.769393
 ( 3   1) <--> ( 4   2)        0.587300      0.049275      0.038325   WU     5.103278      3.969216
 ( 3   1) <--> ( 4   3)       -2.471800      0.872828      0.678866   WU    90.397319     70.309026
 ( 3   1) <--> ( 4   4)        0.099234      0.001407      0.001094   WU     0.145695      0.113319
 ( 3   2) <--> ( 4   1)       -0.175454      0.004398      0.003420   WU     0.455465      0.354250
 ( 3   2) <--> ( 4   2)        0.038173      0.000208      0.000162   WU     0.021559      0.016768
 ( 3   2) <--> ( 4   3)        0.706960      0.071399      0.055533   WU     7.394668      5.751408
 ( 3   2) <--> ( 4   4)        1.766452      0.445765      0.346706   WU    46.167108     35.907751
 ( 3   3) <--> ( 4   1)        0.000081      0.000000      0.000000   WU     0.000000      0.000000
 ( 3   3) <--> ( 4   2)        0.070880      0.000718      0.000558   WU     0.074332      0.057814
 ( 3   3) <--> ( 4   3)       -0.431973      0.026657      0.020733   WU     2.760849      2.147327
 ( 3   3) <--> ( 4   4)        0.523610      0.039167      0.030463   WU     4.056433      3.155003
 ( 3   4) <--> ( 4   1)       -0.049476      0.000350      0.000272   WU     0.036218      0.028169
 ( 3   4) <--> ( 4   2)       -0.015305      0.000033      0.000026   WU     0.003466      0.002696
 ( 3   4) <--> ( 4   3)        0.192620      0.005300      0.004122   WU     0.548948      0.426960
 ( 3   4) <--> ( 4   4)       -0.182688      0.004768      0.003708   WU     0.493797      0.384064
 ( 3   1) <--> ( 5   1)        2.755212      1.084456      0.690109   WU   112.315300     71.473373
 ( 3   1) <--> ( 5   2)        0.798713      0.091135      0.057995   WU     9.438655      6.006417
 ( 3   1) <--> ( 5   3)       -0.258769      0.009566      0.006087   WU     0.990727      0.630462
 ( 3   1) <--> ( 5   4)       -0.046695      0.000311      0.000198   WU     0.032260      0.020529
 ( 3   2) <--> ( 5   1)       -0.712899      0.072604      0.046202   WU     7.519421      4.785086
 ( 3   2) <--> ( 5   2)        0.511229      0.037336      0.023760   WU     3.866868      2.460734
 ( 3   2) <--> ( 5   3)        3.145330      1.413300      0.899373   WU   146.373104     93.146521
 ( 3   2) <--> ( 5   4)        0.901539      0.116110      0.073888   WU    12.025349      7.652495
 ( 3   3) <--> ( 5   1)        0.377652      0.020374      0.012966   WU     2.110150      1.342823
 ( 3   3) <--> ( 5   2)        1.149145      0.188648      0.120049   WU    19.537941     12.433235
 ( 3   3) <--> ( 5   3)       -1.063316      0.161520      0.102785   WU    16.728359     10.645319
 ( 3   3) <--> ( 5   4)        1.521629      0.330765      0.210487   WU    34.256763     21.799758
 ( 3   4) <--> ( 5   1)       -0.191786      0.005255      0.003344   WU     0.544204      0.346311
 ( 3   4) <--> ( 5   2)       -0.212223      0.006434      0.004094   WU     0.666365      0.424050
 ( 3   4) <--> ( 5   3)       -1.350131      0.260408      0.165714   WU    26.969980     17.162715
 ( 3   4) <--> ( 5   4)        0.365842      0.019120      0.012167   WU     1.980235      1.260149
 ( 4   1) <--> ( 4   1)        0.693852      0.523231   (eb)
 ( 4   2) <--> ( 4   1)       -2.120870      0.499788      0.499788   WU    51.762151     51.762151
 ( 4   2) <--> ( 4   2)       -0.163892     -0.123590   (eb)
 ( 4   3) <--> ( 4   1)        0.463839      0.023905      0.023905   WU     2.475819      2.475819
 ( 4   3) <--> ( 4   2)       -2.433011      0.657727      0.657727   WU    68.119667     68.119667
 ( 4   3) <--> ( 4   3)       -0.451515     -0.340485   (eb)
 ( 4   4) <--> ( 4   1)        0.107642      0.001287      0.001287   WU     0.133336      0.133336
 ( 4   4) <--> ( 4   2)        0.426561      0.020217      0.020217   WU     2.093859      2.093859
 ( 4   4) <--> ( 4   3)        0.607901      0.041060      0.041060   WU     4.252550      4.252550
 ( 4   4) <--> ( 4   4)       -0.322154     -0.242935   (eb)
 ( 4   1) <--> ( 5   1)        0.977734      0.106218      0.086906   WU    11.000829      9.000679
 ( 4   1) <--> ( 5   2)       -0.035644      0.000141      0.000115   WU     0.014620      0.011962
 ( 4   1) <--> ( 5   3)       -0.066905      0.000497      0.000407   WU     0.051512      0.042146
 ( 4   1) <--> ( 5   4)       -0.061345      0.000418      0.000342   WU     0.043305      0.035431
 ( 4   2) <--> ( 5   1)       -1.930857      0.414245      0.338928   WU    42.902673     35.102187
 ( 4   2) <--> ( 5   2)        0.764120      0.064876      0.053080   WU     6.719046      5.497401
 ( 4   2) <--> ( 5   3)        0.155071      0.002672      0.002186   WU     0.276723      0.226409
 ( 4   2) <--> ( 5   4)       -0.025549      0.000073      0.000059   WU     0.007512      0.006146
 ( 4   3) <--> ( 5   1)        0.208473      0.004829      0.003951   WU     0.500130      0.409197
 ( 4   3) <--> ( 5   2)       -3.393801      1.279765      1.047080   WU   132.543057    108.444319
 ( 4   3) <--> ( 5   3)        0.085685      0.000816      0.000667   WU     0.084487      0.069126
 ( 4   3) <--> ( 5   4)        0.220910      0.005422      0.004436   WU     0.561585      0.459479
 ( 4   4) <--> ( 5   1)        1.212271      0.163289      0.133600   WU    16.911550     13.836723
 ( 4   4) <--> ( 5   2)        0.586633      0.038238      0.031285   WU     3.960198      3.240162
 ( 4   4) <--> ( 5   3)        0.448759      0.022376      0.018308   WU     2.317449      1.896095
 ( 4   4) <--> ( 5   4)        0.185174      0.003810      0.003117   WU     0.394587      0.322844
 ( 4   1) <--> ( 6   1)        3.727086      1.543463      1.068552   WU   159.853867    110.668062
 ( 4   1) <--> ( 6   2)        0.426737      0.020234      0.014008   WU     2.095583      1.450788
 ( 4   1) <--> ( 6   3)        0.131777      0.001929      0.001336   WU     0.199833      0.138346
 ( 4   1) <--> ( 6   4)       -0.364053      0.014726      0.010195   WU     1.525156      1.055877
 ( 4   2) <--> ( 6   1)        0.265412      0.007827      0.005419   WU     0.810633      0.561208
 ( 4   2) <--> ( 6   2)        3.362729      1.256439      0.869842   WU   130.127230     90.088083
 ( 4   2) <--> ( 6   3)       -0.728478      0.058965      0.040822   WU     6.106853      4.227821
 ( 4   2) <--> ( 6   4)       -0.206134      0.004721      0.003269   WU     0.488972      0.338519
 ( 4   3) <--> ( 6   1)       -0.480728      0.025678      0.017777   WU     2.659402      1.841125
 ( 4   3) <--> ( 6   2)        0.083474      0.000774      0.000536   WU     0.080185      0.055512
 ( 4   3) <--> ( 6   3)       -2.860317      0.909046      0.629339   WU    94.148314     65.179602
 ( 4   3) <--> ( 6   4)       -0.008178      0.000007      0.000005   WU     0.000770      0.000533
 ( 4   4) <--> ( 6   1)       -0.907998      0.091607      0.063420   WU     9.487548      6.568302
 ( 4   4) <--> ( 6   2)        0.549648      0.033568      0.023239   WU     3.476597      2.406875
 ( 4   4) <--> ( 6   3)       -0.636135      0.044963      0.031128   WU     4.656746      3.223901
 ( 4   4) <--> ( 6   4)        3.842463      1.640503      1.135733   WU   169.904059    117.625887
 ( 5   1) <--> ( 5   1)        0.326708      0.237232   (eb)
 ( 5   2) <--> ( 5   1)       -2.047702      0.381189      0.381189   WU    39.479138     39.479138
 ( 5   2) <--> ( 5   2)       -0.333970     -0.242505   (eb)
 ( 5   3) <--> ( 5   1)        0.070018      0.000446      0.000446   WU     0.046158      0.046158
 ( 5   3) <--> ( 5   2)        0.512247      0.023854      0.023854   WU     2.470544      2.470544
 ( 5   3) <--> ( 5   3)        0.293122      0.212844   (eb)
 ( 5   4) <--> ( 5   1)        0.151258      0.002080      0.002080   WU     0.215412      0.215412
 ( 5   4) <--> ( 5   2)       -0.289291      0.007608      0.007608   WU     0.787961      0.787961
 ( 5   4) <--> ( 5   3)       -1.953048      0.346763      0.346763   WU    35.913677     35.913677
 ( 5   4) <--> ( 5   4)        0.365767      0.265593   (eb)
 ( 5   1) <--> ( 6   1)        2.026626      0.373383      0.315940   WU    38.670650     32.721319
 ( 5   1) <--> ( 6   2)        0.422058      0.016194      0.013703   WU     1.677175      1.419148
 ( 5   1) <--> ( 6   3)        1.798100      0.293924      0.248705   WU    30.441215     25.757951
 ( 5   1) <--> ( 6   4)       -0.075915      0.000524      0.000443   WU     0.054262      0.045914
 ( 5   2) <--> ( 6   1)       -0.140897      0.001805      0.001527   WU     0.186912      0.158156
 ( 5   2) <--> ( 6   2)        1.270261      0.146688      0.124120   WU    15.192182     12.854924
 ( 5   2) <--> ( 6   3)       -0.271482      0.006700      0.005669   WU     0.693928      0.587170
 ( 5   2) <--> ( 6   4)       -0.292967      0.007803      0.006602   WU     0.808109      0.683785
 ( 5   3) <--> ( 6   1)       -0.175643      0.002805      0.002373   WU     0.290467      0.245780
 ( 5   3) <--> ( 6   2)        0.059454      0.000321      0.000272   WU     0.033282      0.028161
 ( 5   3) <--> ( 6   3)       -0.770275      0.053939      0.045640   WU     5.586321      4.726887
 ( 5   3) <--> ( 6   4)        2.378601      0.514340      0.435211   WU    53.269356     45.074071
 ( 5   4) <--> ( 6   1)       -0.034980      0.000111      0.000094   WU     0.011521      0.009748
 ( 5   4) <--> ( 6   2)       -0.020922      0.000040      0.000034   WU     0.004121      0.003487
 ( 5   4) <--> ( 6   3)        0.007196      0.000005      0.000004   WU     0.000488      0.000413
 ( 5   4) <--> ( 6   4)        0.181735      0.003002      0.002541   WU     0.310964      0.263123
 ( 5   1) <--> ( 7   1)        3.947473      1.416595      1.038836   WU   146.714348    107.590522
 ( 5   1) <--> ( 7   2)        0.703085      0.044939      0.032955   WU     4.654253      3.413119
 ( 5   1) <--> ( 7   3)       -0.280621      0.007159      0.005250   WU     0.741437      0.543721
 ( 5   1) <--> ( 7   4)        0.109581      0.001092      0.000801   WU     0.113058      0.082909
 ( 5   2) <--> ( 7   1)        0.057282      0.000298      0.000219   WU     0.030894      0.022655
 ( 5   2) <--> ( 7   2)        3.078325      0.861463      0.631739   WU    89.220205     65.428150
 ( 5   2) <--> ( 7   3)        0.442787      0.017824      0.013071   WU     1.845963      1.353706
 ( 5   2) <--> ( 7   4)        1.047561      0.099762      0.073159   WU    10.332201      7.576948
 ( 5   3) <--> ( 7   1)       -1.094094      0.108822      0.079803   WU    11.270509      8.265040
 ( 5   3) <--> ( 7   2)        0.306007      0.008513      0.006243   WU     0.881652      0.646545
 ( 5   3) <--> ( 7   3)        4.388089      1.750484      1.283688   WU   181.294655    132.949414
 ( 5   3) <--> ( 7   4)       -1.978424      0.355833      0.260944   WU    36.852997     27.025531
 ( 5   4) <--> ( 7   1)        0.137428      0.001717      0.001259   WU     0.177821      0.130402
 ( 5   4) <--> ( 7   2)        0.113583      0.001173      0.000860   WU     0.121467      0.089076
 ( 5   4) <--> ( 7   3)       -0.626924      0.035730      0.026202   WU     3.700529      2.713721
 ( 5   4) <--> ( 7   4)        0.652644      0.038722      0.028396   WU     4.010389      2.940952
 ( 6   1) <--> ( 6   1)        0.574517      0.400551   (eb)
 ( 6   2) <--> ( 6   1)       -2.253710      0.390708      0.390708   WU    40.464993     40.464993
 ( 6   2) <--> ( 6   2)        0.091924      0.064089   (eb)
 ( 6   3) <--> ( 6   1)       -0.544242      0.022785      0.022785   WU     2.359763      2.359763
 ( 6   3) <--> ( 6   2)        2.921286      0.656455      0.656455   WU    67.987890     67.987890
 ( 6   3) <--> ( 6   3)       -0.120310     -0.083880   (eb)
 ( 6   4) <--> ( 6   1)        0.095226      0.000698      0.000698   WU     0.072243      0.072243
 ( 6   4) <--> ( 6   2)        0.875288      0.058933      0.058933   WU     6.103586      6.103586
 ( 6   4) <--> ( 6   3)       -0.240092      0.004434      0.004434   WU     0.459239      0.459239
 ( 6   4) <--> ( 6   4)        0.204510      0.142584   (eb)
 ( 6   1) <--> ( 7   1)        1.041364      0.083418      0.072296   WU     8.639505      7.487571
 ( 6   1) <--> ( 7   2)       -0.039831      0.000122      0.000106   WU     0.012639      0.010954
 ( 6   1) <--> ( 7   3)       -0.025773      0.000051      0.000044   WU     0.005292      0.004586
 ( 6   1) <--> ( 7   4)        0.010690      0.000009      0.000008   WU     0.000910      0.000789
 ( 6   2) <--> ( 7   1)       -1.778605      0.243341      0.210896   WU    25.202426     21.842103
 ( 6   2) <--> ( 7   2)        0.934261      0.067142      0.058190   WU     6.953761      6.026593
 ( 6   2) <--> ( 7   3)        0.084974      0.000555      0.000481   WU     0.057524      0.049854
 ( 6   2) <--> ( 7   4)       -0.058376      0.000262      0.000227   WU     0.027149      0.023529
 ( 6   3) <--> ( 7   1)       -0.229774      0.004061      0.003520   WU     0.420615      0.364533
 ( 6   3) <--> ( 7   2)        2.821638      0.612434      0.530776   WU    63.428728     54.971564
 ( 6   3) <--> ( 7   3)       -0.423766      0.013814      0.011972   WU     1.430659      1.239904
 ( 6   3) <--> ( 7   4)       -0.512958      0.020240      0.017542   WU     2.096269      1.816766
 ( 6   4) <--> ( 7   1)        0.673181      0.034859      0.030212   WU     3.610333      3.128955
 ( 6   4) <--> ( 7   2)        0.660326      0.033541      0.029069   WU     3.473766      3.010597
 ( 6   4) <--> ( 7   3)        0.720742      0.039959      0.034631   WU     4.138504      3.586704
 ( 6   4) <--> ( 7   4)       -0.629200      0.030453      0.026393   WU     3.153999      2.733466
 ( 6   1) <--> ( 8   1)        4.682032      1.686263      1.289496   WU   174.643436    133.550863
 ( 6   1) <--> ( 8   2)        0.422320      0.013720      0.010491   WU     1.420912      1.086579
 ( 6   1) <--> ( 8   3)        0.209854      0.003388      0.002591   WU     0.350846      0.268294
 ( 6   1) <--> ( 8   4)       -0.365029      0.010250      0.007838   WU     1.061545      0.811770
 ( 6   2) <--> ( 8   1)        0.328878      0.008320      0.006362   WU     0.861695      0.658943
 ( 6   2) <--> ( 8   2)        4.345499      1.452566      1.110786   WU   150.439827    115.042220
 ( 6   2) <--> ( 8   3)       -0.660879      0.033597      0.025692   WU     3.479586      2.660860
 ( 6   2) <--> ( 8   4)       -0.314605      0.007614      0.005822   WU     0.788525      0.602990
 ( 6   3) <--> ( 8   1)        0.694008      0.037050      0.028332   WU     3.837181      2.934315
 ( 6   3) <--> ( 8   2)       -0.239163      0.004400      0.003365   WU     0.455693      0.348471
 ( 6   3) <--> ( 8   3)        4.089088      1.286203      0.983567   WU   133.209848    101.866355
 ( 6   3) <--> ( 8   4)        0.427134      0.014034      0.010732   WU     1.453491      1.111493
 ( 6   4) <--> ( 8   1)       -1.243324      0.118912      0.090933   WU    12.315508      9.417742
 ( 6   4) <--> ( 8   2)        0.305674      0.007187      0.005496   WU     0.744391      0.569240
 ( 6   4) <--> ( 8   3)       -1.296922      0.129385      0.098942   WU    13.400194     10.247207
 ( 6   4) <--> ( 8   4)        5.268640      2.135275      1.632857   WU   221.146765    169.112232
 ( 7   1) <--> ( 7   1)        0.395301      0.264718   (eb)
 ( 7   2) <--> ( 7   1)       -2.409819      0.387148      0.387148   WU    40.096303     40.096303
 ( 7   2) <--> ( 7   2)        0.035887      0.024032   (eb)
 ( 7   3) <--> ( 7   1)        0.230817      0.003552      0.003552   WU     0.367851      0.367851
 ( 7   3) <--> ( 7   2)       -0.560976      0.020980      0.020980   WU     2.172821      2.172821
 ( 7   3) <--> ( 7   3)        0.144262      0.096607   (eb)
 ( 7   4) <--> ( 7   1)        0.135054      0.001216      0.001216   WU     0.125936      0.125936
 ( 7   4) <--> ( 7   2)       -2.694310      0.483954      0.483954   WU    50.122249     50.122249
 ( 7   4) <--> ( 7   3)       -0.299277      0.005971      0.005971   WU     0.618417      0.618417
 ( 7   4) <--> ( 7   4)       -0.174710     -0.116996   (eb)
 ( 7   1) <--> ( 8   1)        2.335256      0.363562      0.320790   WU    37.653446     33.223629
 ( 7   1) <--> ( 8   2)        0.248828      0.004128      0.003642   WU     0.427497      0.377204
 ( 7   1) <--> ( 8   3)        1.476199      0.145278      0.128186   WU    15.046151     13.276016
 ( 7   1) <--> ( 8   4)       -0.114508      0.000874      0.000771   WU     0.090533      0.079882
 ( 7   2) <--> ( 8   1)       -0.178072      0.002114      0.001865   WU     0.218941      0.193183
 ( 7   2) <--> ( 8   2)        1.799638      0.215913      0.190512   WU    22.361759     19.730964
 ( 7   2) <--> ( 8   3)       -0.138090      0.001271      0.001122   WU     0.131662      0.116172
 ( 7   2) <--> ( 8   4)       -0.048313      0.000156      0.000137   WU     0.016116      0.014220
 ( 7   3) <--> ( 8   1)       -0.128026      0.001093      0.000964   WU     0.113171      0.099857
 ( 7   3) <--> ( 8   2)        0.022018      0.000032      0.000029   WU     0.003347      0.002953
 ( 7   3) <--> ( 8   3)       -1.533627      0.156801      0.138354   WU    16.239589     14.329049
 ( 7   3) <--> ( 8   4)        2.310253      0.355818      0.313957   WU    36.851458     32.515992
 ( 7   4) <--> ( 8   1)        0.059658      0.000237      0.000209   WU     0.024574      0.021683
 ( 7   4) <--> ( 8   2)       -0.114785      0.000878      0.000775   WU     0.090972      0.080269
 ( 7   4) <--> ( 8   3)       -0.400374      0.010687      0.009429   WU     1.106797      0.976586
 ( 7   4) <--> ( 8   4)       -1.496608      0.149322      0.131755   WU    15.465062     13.645643
 ( 7   1) <--> ( 9   1)        4.993673      1.662452      1.312462   WU   172.177289    135.929438
 ( 7   1) <--> ( 9   2)        0.651608      0.028306      0.022347   WU     2.931625      2.314441
 ( 7   1) <--> ( 9   3)       -0.228853      0.003492      0.002757   WU     0.361617      0.285487
 ( 7   1) <--> ( 9   4)       -0.172456      0.001983      0.001565   WU     0.205348      0.162117
 ( 7   2) <--> ( 9   1)        0.097251      0.000631      0.000498   WU     0.065301      0.051554
 ( 7   2) <--> ( 9   2)        4.406990      1.294771      1.022187   WU   134.097201    105.866212
 ( 7   2) <--> ( 9   3)       -0.055896      0.000208      0.000164   WU     0.021572      0.017031
 ( 7   2) <--> ( 9   4)       -0.000127      0.000000      0.000000   WU     0.000000      0.000000
 ( 7   3) <--> ( 9   1)       -1.379527      0.126873      0.100163   WU    13.140021     10.373701
 ( 7   3) <--> ( 9   2)        0.249701      0.004157      0.003282   WU     0.430502      0.339870
 ( 7   3) <--> ( 9   3)        5.584673      2.079238      1.641504   WU   215.343144    170.007745
 ( 7   3) <--> ( 9   4)        2.152016      0.308745      0.243746   WU    31.976166     25.244341
 ( 7   4) <--> ( 9   1)        0.441350      0.012986      0.010252   WU     1.344935      1.061791
 ( 7   4) <--> ( 9   2)       -0.079863      0.000425      0.000336   WU     0.044037      0.034766
 ( 7   4) <--> ( 9   3)       -2.635131      0.462928      0.365469   WU    47.944634     37.851027
 ( 7   4) <--> ( 9   4)       -0.528713      0.018636      0.014712   WU     1.930080      1.523747
 ( 8   1) <--> ( 8   1)        0.416579      0.268359   (eb)
 ( 8   2) <--> ( 8   1)       -2.346775      0.323962      0.323962   WU    33.552195     33.552195
 ( 8   2) <--> ( 8   2)        0.168780      0.108727   (eb)
 ( 8   3) <--> ( 8   1)       -0.600936      0.021243      0.021243   WU     2.200057      2.200057
 ( 8   3) <--> ( 8   2)        3.039537      0.543458      0.543458   WU    56.285019     56.285019
 ( 8   3) <--> ( 8   3)        0.024003      0.015463   (eb)
 ( 8   4) <--> ( 8   1)        0.047375      0.000132      0.000132   WU     0.013673      0.013673
 ( 8   4) <--> ( 8   2)        1.549133      0.141166      0.141166   WU    14.620276     14.620276
 ( 8   4) <--> ( 8   3)       -0.084478      0.000420      0.000420   WU     0.043478      0.043478
 ( 8   4) <--> ( 8   4)        0.148947      0.095951   (eb)
 ( 8   1) <--> ( 9   1)        1.098704      0.071009      0.063534   WU     7.354265      6.580132
 ( 8   1) <--> ( 9   2)       -0.040317      0.000096      0.000086   WU     0.009903      0.008860
 ( 8   1) <--> ( 9   3)        0.014894      0.000013      0.000012   WU     0.001352      0.001209
 ( 8   1) <--> ( 9   4)        0.005440      0.000002      0.000002   WU     0.000180      0.000161
 ( 8   2) <--> ( 9   1)       -1.714331      0.172878      0.154680   WU    17.904700     16.019995
 ( 8   2) <--> ( 9   2)        1.039917      0.063613      0.056917   WU     6.588324      5.894816
 ( 8   2) <--> ( 9   3)        0.042132      0.000104      0.000093   WU     0.010814      0.009676
 ( 8   2) <--> ( 9   4)        0.000365      0.000000      0.000000   WU     0.000001      0.000001
 ( 8   3) <--> ( 9   1)       -0.270779      0.004313      0.003859   WU     0.446690      0.399670
 ( 8   3) <--> ( 9   2)        2.442824      0.351023      0.314073   WU    36.354841     32.528015
 ( 8   3) <--> ( 9   3)       -0.370119      0.008058      0.007210   WU     0.834565      0.746716
 ( 8   3) <--> ( 9   4)       -0.275069      0.004451      0.003982   WU     0.460957      0.412435
 ( 8   4) <--> ( 9   1)        0.141546      0.001179      0.001054   WU     0.122059      0.109211
 ( 8   4) <--> ( 9   2)        0.981465      0.056663      0.050699   WU     5.868506      5.250768
 ( 8   4) <--> ( 9   3)        0.991230      0.057796      0.051712   WU     5.985861      5.355771
 ( 8   4) <--> ( 9   4)        0.498109      0.014595      0.013059   WU     1.511564      1.352452
 ( 8   1) <--> (10   1)        5.608959      1.850613      1.498115   WU   191.664839    155.157250
 ( 8   1) <--> (10   2)        0.422864      0.010518      0.008515   WU     1.089381      0.881880
 ( 8   1) <--> (10   3)       -0.016086      0.000015      0.000012   WU     0.001576      0.001276
 ( 8   1) <--> (10   4)       -0.411526      0.009962      0.008064   WU     1.031745      0.835222
 ( 8   2) <--> (10   1)        0.344530      0.006982      0.005652   WU     0.723155      0.585411
 ( 8   2) <--> (10   2)        5.298696      1.651540      1.336961   WU   171.047197    138.466778
 ( 8   2) <--> (10   3)       -0.000174      0.000000      0.000000   WU     0.000000      0.000000
 ( 8   2) <--> (10   4)        0.172022      0.001741      0.001409   WU     0.180280      0.145941
 ( 8   3) <--> (10   1)        1.038269      0.063412      0.051333   WU     6.567459      5.316515
 ( 8   3) <--> (10   2)       -0.371152      0.008103      0.006560   WU     0.839230      0.679376
 ( 8   3) <--> (10   3)       -0.094851      0.000529      0.000428   WU     0.054810      0.044370
 ( 8   3) <--> (10   4)       -3.891811      0.890952      0.721247   WU    92.274417     74.698338
 ( 8   4) <--> (10   1)       -1.360807      0.108929      0.088181   WU    11.281603      9.132726
 ( 8   4) <--> (10   2)        0.129954      0.000993      0.000804   WU     0.102887      0.083289
 ( 8   4) <--> (10   3)        1.070084      0.067358      0.054528   WU     6.976110      5.647327
 ( 8   4) <--> (10   4)        5.581758      1.832707      1.483620   WU   189.810394    153.656033
 ( 9   1) <--> ( 9   1)        0.358876      0.222819   (eb)
 ( 9   2) <--> ( 9   1)       -2.606191      0.357486      0.357486   WU    37.024212     37.024212
 ( 9   2) <--> ( 9   2)        0.265384      0.164772   (eb)
 ( 9   3) <--> ( 9   1)        0.226695      0.002705      0.002705   WU     0.280128      0.280128
 ( 9   3) <--> ( 9   2)        0.654196      0.022525      0.022525   WU     2.332864      2.332864
 ( 9   3) <--> ( 9   3)       -2.520129     -1.564703   (eb)
 ( 9   4) <--> ( 9   1)        0.183052      0.001764      0.001764   WU     0.182652      0.182652
 ( 9   4) <--> ( 9   2)       -0.041142      0.000089      0.000089   WU     0.009227      0.009227
 ( 9   4) <--> ( 9   3)        4.596394      1.111939      1.111939   WU   115.161622    115.161622
 ( 9   4) <--> ( 9   4)       -7.821657     -4.856327   (eb)
 ( 9   1) <--> (10   1)        2.582302      0.350962      0.317537   WU    36.348567     32.886799
 ( 9   1) <--> (10   2)        0.093699      0.000462      0.000418   WU     0.047857      0.043299
 ( 9   1) <--> (10   3)       -0.033247      0.000058      0.000053   WU     0.006025      0.005451
 ( 9   1) <--> (10   4)       -1.085656      0.062034      0.056126   WU     6.424774      5.812890
 ( 9   2) <--> (10   1)       -0.196244      0.002027      0.001834   WU     0.209925      0.189932
 ( 9   2) <--> (10   2)        2.205462      0.256003      0.231622   WU    26.513832     23.988705
 ( 9   2) <--> (10   3)       -0.007232      0.000003      0.000002   WU     0.000285      0.000258
 ( 9   2) <--> (10   4)        0.129727      0.000886      0.000801   WU     0.091735      0.082998
 ( 9   3) <--> (10   1)       -0.069519      0.000254      0.000230   WU     0.026344      0.023835
 ( 9   3) <--> (10   2)        0.045557      0.000109      0.000099   WU     0.011313      0.010236
 ( 9   3) <--> (10   3)        0.772466      0.031405      0.028414   WU     3.252610      2.942838
 ( 9   3) <--> (10   4)        2.999013      0.473373      0.428290   WU    49.026399     44.357218
 ( 9   4) <--> (10   1)       -0.042707      0.000096      0.000087   WU     0.009942      0.008995
 ( 9   4) <--> (10   2)        0.005809      0.000002      0.000002   WU     0.000184      0.000166
 ( 9   4) <--> (10   3)       -1.012450      0.053950      0.048812   WU     5.587538      5.055392
 ( 9   4) <--> (10   4)        1.420151      0.106149      0.096039   WU    10.993662      9.946646
 (10   1) <--> (10   1)        0.244005      0.146304   (eb)
 (10   2) <--> (10   1)       -2.414493      0.277608      0.277608   WU    28.751420     28.751420
 (10   2) <--> (10   2)        0.133887      0.080278   (eb)
 (10   3) <--> (10   1)        0.004500      0.000001      0.000001   WU     0.000100      0.000100
 (10   3) <--> (10   2)        0.137004      0.000894      0.000894   WU     0.092571      0.092571
 (10   3) <--> (10   3)      -14.691480     -8.808914   (eb)
 (10   4) <--> (10   1)        0.501838      0.011992      0.011992   WU     1.242036      1.242036
 (10   4) <--> (10   2)       -0.850954      0.034482      0.034482   WU     3.571248      3.571248
 (10   4) <--> (10   3)        0.842934      0.033835      0.033835   WU     3.504251      3.504251
 (10   4) <--> (10   4)       -0.315260     -0.189028   (eb)
 
  quadrupole shape invariant: 01+, 02+, 03+, 04+
quadr2     2.92955068     3.49124322     3.93474263     4.83663556
quadr3     1.81749785     1.47661342     5.81323654     0.23130413
  effective deformation parameters:  01+, 02+, 03+, 04+
beteff     0.14359353     0.15675608     0.16641502     0.18450411
cos3ga     0.36247026     0.22635842     0.74480657     0.02174545
 
 ********* END Transition **************************
