 ********* BEGIN READER ****************************
 
 Nucleus            :  Os  76 132
 Imin, Imax         :     0  10
 imu, remu          :     1 12.0000
 nlevel             :     4
 observables        :     2
 wave fun           :     1
 nbet, ngam, npar   :    10   7  10
 Finish reading parameters: V, B_k ...
 
 ********* END READER ******************************
 
 ********* BEGIN LEVELS ********************
 
 E_0 = -1605.416067
 
  I=   0   ntot= 127
   0   1    0.000000
   0   2    1.847742
   0   3    3.148661
   0   4    3.644255
 
  I=   2   ntot= 234
   2   1    0.900453
   2   2    2.104615
   2   3    2.860981
   2   4    3.861857
 
  I=   3   ntot= 108
   3   1    3.149957
   3   2    4.683617
   3   3    5.528404
   3   4    6.092314
 
  I=   4   ntot= 324
   4   1    1.893826
   4   2    3.243967
   4   3    3.855855
   4   4    4.353391
 
  I=   5   ntot= 198
   5   1    4.277724
   5   2    5.345124
   5   3    5.528080
   5   4    6.108230
 
  I=   6   ntot= 432
   6   1    2.997575
   6   2    4.403605
   6   3    4.851228
   6   4    5.438157
 
  I=   7   ntot= 306
   7   1    5.444372
   7   2    6.176468
   7   3    6.447684
   7   4    6.908318
 
  I=   8   ntot= 522
   8   1    4.213010
   8   2    5.498515
   8   3    5.873706
   8   4    6.213230
 
  I=   9   ntot= 397
   9   1    6.555468
   9   2    7.034348
   9   3    7.193511
   9   4    7.630677
 
  I=  10   ntot= 630
  10   1    5.530148
  10   2    6.410795
  10   3    6.526023
  10   4    6.909336
 
 ********* END LEVELS **********************
 
 ********* BEGIN Transition ************************
 
  Monopole moment 
 
   I   n    <In|E0|In>   ave \beta      del<b>   ave \gamma    del<g>  
     K=0       K=2       K=4   
   0   1     30.031966    0.121663    0.034048   26.464375   10.929025  100.0000    0.0000    0.0000
   0   2     30.160156    0.154313    0.051538   22.540599   10.591446  100.0000    0.0000    0.0000
   0   3     30.282616    0.174310    0.037975   33.894970   12.465765  100.0000    0.0000    0.0000
   0   4     30.410247    0.202214    0.069037   25.034101   10.629509  100.0000    0.0000    0.0000
   2   1     30.094456    0.140361    0.033588   23.768008   10.651704   90.7964    9.2036    0.0000
   2   2     30.160849    0.152614    0.035755   28.672642   11.027849   19.9682   80.0319    0.0000
   2   3     30.254573    0.173264    0.053823   24.659206   10.897045   79.3984   20.6016    0.0000
   2   4     30.414110    0.200981    0.059729   28.882308   10.451624   21.3034   78.6966    0.0000
   3   1     30.243285    0.171098    0.036354   27.389834    8.519779    0.0000  100.0000    0.0000
   3   2     30.643645    0.240047    0.065258   28.028644    8.554031    0.0000  100.0000    0.0000
   3   3     31.016432    0.296154    0.085808   28.223795    8.910684    0.0000  100.0000    0.0000
   3   4     31.191513    0.323653    0.090770   21.737804   11.650465    0.0000  100.0000    0.0000
   4   1     30.153404    0.155427    0.033524   21.820672   10.361401   89.0056    9.4619    1.5326
   4   2     30.238196    0.168561    0.037272   28.515379   11.765540   24.8025   52.5489   22.6486
   4   3     30.375449    0.196213    0.058045   25.175498   10.621763   74.6238   21.0172    4.3591
   4   4     30.370793    0.192587    0.042798   30.599851    9.749438    1.1020   35.8704   63.0277
   5   1     30.334375    0.188850    0.040385   26.271763    8.475168    0.0000   88.4604   11.5396
   5   2     30.659398    0.241008    0.060235   30.492672    7.961468    0.0000   20.2696   79.7304
   5   3     30.817362    0.268338    0.073627   25.716319    8.741160    0.0000   76.2793   23.7207
   5   4     31.095593    0.305421    0.076769   28.588109    8.879167    0.0000   20.0108   79.9892
   6   1     30.211555    0.168411    0.034094   20.628228   10.094847   86.6252   11.6331    1.3476
   6   2     30.349758    0.189291    0.041698   29.626501   11.119735   26.4358   47.4324   18.0955
   6   3     30.543798    0.225900    0.065958   25.037248   10.309893   70.4111   23.2664    4.6510
   6   4     30.711446    0.246420    0.060282   35.454714    9.870630   10.3666   32.4151   21.0687
   7   1     30.477352    0.214048    0.050397   25.952095    8.484187    0.0000   77.7588   19.3761
   7   2     31.048405    0.298215    0.070988   29.188412    8.804796    0.0000   43.3735   39.0642
   7   3     31.123584    0.313221    0.082346   22.667822   10.004656    0.0000   60.1848   17.8259
   7   4     31.072123    0.302285    0.091500   29.219795   10.279921    0.0000   18.2784   41.5166
   8   1     30.273668    0.180821    0.035877   20.113669    9.833879   83.1588   14.5992    1.7626
   8   2     30.628463    0.235523    0.058323   31.410978    9.518882   30.6014   40.8555   18.4864
   8   3     30.714703    0.255489    0.084408   23.071744   11.198744   58.8540   29.2339    8.2586
   8   4     33.274073    0.585710    0.069724    6.268670    9.287057   97.6565    1.0096    0.5804
   9   1     30.858556    0.273172    0.068624   26.379191    9.048080    0.0000   58.3424   30.7003
   9   2     31.149493    0.317458    0.100349   24.988259   10.200190    0.0000   58.0932   27.5057
   9   3     31.613855    0.377257    0.087020   21.006539   11.799100    0.0000   58.6431    8.8599
   9   4     32.075001    0.443493    0.126481   15.334634   13.079607    0.0000   66.9406   12.2816
  10   1     30.356049    0.195821    0.041539   20.640367    9.523543   77.3694   19.0310    2.8201
  10   2     31.049176    0.299106    0.082993   28.028466   13.569753   36.8951   36.1509   16.6381
  10   3     33.355132    0.594228    0.063438    5.988248    8.402912   97.9957    0.9795    0.5651
  10   4     31.238000    0.335239    0.118045   18.527035   13.977610   55.7213   24.6689    9.3263
 
  rho^2(E0) 
 
   I  n_1 n_2  <In_1|E0|In_2>  rho^2(E0) 
   0   1   1       30.031966 2038.536526
   0   2   1       -0.109031    0.026869
   0   2   2       30.160156 2055.976574
   0   3   1       -0.032020    0.002317
   0   3   2        0.028909    0.001889
   0   3   3       30.282616 2072.706334
   0   4   1        0.002250    0.000011
   0   4   2       -0.188142    0.080006
   0   4   3       -0.071149    0.011442
   0   4   4       30.410247 2090.214626
   2   1   1       30.094456 2047.028965
   2   2   1        0.021347    0.001030
   2   2   2       30.160849 2056.070970
   2   3   1       -0.128477    0.037308
   2   3   2        0.012497    0.000353
   2   3   3       30.254573 2068.869291
   2   4   1       -0.016082    0.000585
   2   4   2       -0.152035    0.052244
   2   4   3       -0.029627    0.001984
   2   4   4       30.414110 2090.745701
   3   1   1       30.243285 2067.325782
   3   2   1       -0.175893    0.069927
   3   2   2       30.643645 2122.422388
   3   3   1       -0.051943    0.006098
   3   3   2       -0.371542    0.312009
   3   3   3       31.016432 2174.376006
   3   4   1        0.001056    0.000003
   3   4   2       -0.048965    0.005419
   3   4   3        0.206058    0.095969
   3   4   4       31.191513 2198.993152
   4   1   1       30.153404 2055.056036
   4   2   1        0.017327    0.000679
   4   2   2       30.238196 2066.630111
   4   3   1       -0.145519    0.047862
   4   3   2        0.035368    0.002827
   4   3   3       30.375449 2085.433742
   4   4   1        0.004832    0.000053
   4   4   2       -0.010168    0.000234
   4   4   3       -0.013009    0.000382
   4   4   4       30.370793 2084.794437
   5   1   1       30.334375 2079.797677
   5   2   1       -0.102278    0.023644
   5   2   2       30.659398 2124.605140
   5   3   1       -0.173705    0.068199
   5   3   2        0.164396    0.061085
   5   3   3       30.817362 2146.554464
   5   4   1       -0.035229    0.002805
   5   4   2       -0.306578    0.212438
   5   4   3        0.066879    0.010110
   5   4   4       31.095593 2185.489192
   6   1   1       30.211555 2062.990077
   6   2   1       -0.011641    0.000306
   6   2   2       30.349758 2081.907534
   6   3   1       -0.156141    0.055104
   6   3   2        0.095779    0.020734
   6   3   3       30.543798 2108.613839
   6   4   1        0.030020    0.002037
   6   4   2        0.118495    0.031736
   6   4   3        0.098705    0.022021
   6   4   4       30.711446 2131.824859
   7   1   1       30.477352 2099.449628
   7   2   1       -0.249266    0.140436
   7   2   2       31.048405 2178.861304
   7   3   1        0.120896    0.033035
   7   3   2       -0.144290    0.047057
   7   3   3       31.123584 2189.425566
   7   4   1       -0.010323    0.000241
   7   4   2       -0.256953    0.149231
   7   4   3       -0.320102    0.231595
   7   4   4       31.072123 2182.191449
   8   1   1       30.273668 2071.481533
   8   2   1       -0.085153    0.016389
   8   2   2       30.628463 2120.319917
   8   3   1       -0.130735    0.038631
   8   3   2        0.234517    0.124308
   8   3   3       30.714703 2132.277077
   8   4   1        0.007044    0.000112
   8   4   2       -0.013420    0.000407
   8   4   3        0.184961    0.077323
   8   4   4       33.274073 2502.435643
   9   1   1       30.858556 2152.296983
   9   2   1        0.443916    0.445403
   9   2   2       31.149493 2193.072309
   9   3   1       -0.108154    0.026438
   9   3   2       -0.238168    0.128209
   9   3   3       31.613855 2258.946293
   9   4   1        0.039219    0.003476
   9   4   2       -0.299410    0.202620
   9   4   3        0.476978    0.514219
   9   4   4       32.075001 2325.328703
  10   1   1       30.356049 2082.770799
  10   2   1       -0.165513    0.061917
  10   2   2       31.049176 2178.969456
  10   3   1       -0.010487    0.000249
  10   3   2       -0.310550    0.217978
  10   3   3       33.355132 2514.642784
  10   4   1        0.076156    0.013109
  10   4   2       -0.235651    0.125513
  10   4   3       -0.327205    0.241986
  10   4   4       31.238000 2205.552693
 
  E2 transition 
 
  I1  n1        I2  n2       <f||E2||i>   B(E2,I1->I2)  B(E2,I2->I1)
 ( 0   1) <--> ( 2   1)        1.039655      1.080883      0.216177   WU   147.652636     29.530527
 ( 0   1) <--> ( 2   2)       -0.102615      0.010530      0.002106   WU     1.438414      0.287683
 ( 0   1) <--> ( 2   3)       -0.017647      0.000311      0.000062   WU     0.042542      0.008508
 ( 0   1) <--> ( 2   4)       -0.014783      0.000219      0.000044   WU     0.029853      0.005971
 ( 0   2) <--> ( 2   1)       -0.622302      0.387260      0.077452   WU    52.901189     10.580238
 ( 0   2) <--> ( 2   2)       -0.290555      0.084422      0.016884   WU    11.532395      2.306479
 ( 0   2) <--> ( 2   3)        1.156160      1.336706      0.267341   WU   182.598877     36.519775
 ( 0   2) <--> ( 2   4)        0.040117      0.001609      0.000322   WU     0.219844      0.043969
 ( 0   3) <--> ( 2   1)        0.074482      0.005548      0.001110   WU     0.757824      0.151565
 ( 0   3) <--> ( 2   2)        0.627970      0.394347      0.078869   WU    53.869184     10.773837
 ( 0   3) <--> ( 2   3)        0.227117      0.051582      0.010316   WU     7.046321      1.409264
 ( 0   3) <--> ( 2   4)       -0.319091      0.101819      0.020364   WU    13.908855      2.781771
 ( 0   4) <--> ( 2   1)        0.007067      0.000050      0.000010   WU     0.006822      0.001364
 ( 0   4) <--> ( 2   2)        0.182908      0.033455      0.006691   WU     4.570120      0.914024
 ( 0   4) <--> ( 2   3)       -0.867343      0.752285      0.150457   WU   102.764829     20.552966
 ( 0   4) <--> ( 2   4)       -0.136089      0.018520      0.003704   WU     2.529915      0.505983
 ( 2   1) <--> ( 2   1)       -0.877533     -0.665111   (eb)
 ( 2   2) <--> ( 2   1)       -1.161641      0.269882      0.269882   WU    36.866837     36.866837
 ( 2   2) <--> ( 2   2)        0.617428      0.467969   (eb)
 ( 2   3) <--> ( 2   1)        0.051397      0.000528      0.000528   WU     0.072173      0.072173
 ( 2   3) <--> ( 2   2)        0.823290      0.135561      0.135561   WU    18.518175     18.518175
 ( 2   3) <--> ( 2   3)       -0.538458     -0.408115   (eb)
 ( 2   4) <--> ( 2   1)       -0.026155      0.000137      0.000137   WU     0.018690      0.018690
 ( 2   4) <--> ( 2   2)        0.042247      0.000357      0.000357   WU     0.048763      0.048763
 ( 2   4) <--> ( 2   3)       -1.467443      0.430678      0.430678   WU    58.832200     58.832200
 ( 2   4) <--> ( 2   4)        0.758754      0.575085   (eb)
 ( 2   1) <--> ( 3   1)       -0.170668      0.005826      0.004161   WU     0.795788      0.568420
 ( 2   1) <--> ( 3   2)       -0.033111      0.000219      0.000157   WU     0.029952      0.021395
 ( 2   1) <--> ( 3   3)       -0.004609      0.000004      0.000003   WU     0.000580      0.000415
 ( 2   1) <--> ( 3   4)       -0.015684      0.000049      0.000035   WU     0.006721      0.004801
 ( 2   2) <--> ( 3   1)       -1.711453      0.585814      0.418439   WU    80.024406     57.160290
 ( 2   2) <--> ( 3   2)       -0.045830      0.000420      0.000300   WU     0.057383      0.040988
 ( 2   2) <--> ( 3   3)       -0.007078      0.000010      0.000007   WU     0.001369      0.000978
 ( 2   2) <--> ( 3   4)        0.002188      0.000001      0.000001   WU     0.000131      0.000093
 ( 2   3) <--> ( 3   1)       -0.455583      0.041511      0.029651   WU     5.670581      4.050415
 ( 2   3) <--> ( 3   2)        0.045413      0.000412      0.000295   WU     0.056344      0.040246
 ( 2   3) <--> ( 3   3)       -0.026469      0.000140      0.000100   WU     0.019140      0.013672
 ( 2   3) <--> ( 3   4)        0.023717      0.000113      0.000080   WU     0.015368      0.010977
 ( 2   4) <--> ( 3   1)        0.861541      0.148450      0.106036   WU    20.278882     14.484915
 ( 2   4) <--> ( 3   2)       -2.133479      0.910346      0.650247   WU   124.356636     88.826169
 ( 2   4) <--> ( 3   3)       -0.313872      0.019703      0.014074   WU     2.691528      1.922520
 ( 2   4) <--> ( 3   4)        0.048622      0.000473      0.000338   WU     0.064590      0.046136
 ( 2   1) <--> ( 4   1)        1.946614      0.757861      0.421034   WU   103.526655     57.514808
 ( 2   1) <--> ( 4   2)       -0.094471      0.001785      0.000992   WU     0.243831      0.135462
 ( 2   1) <--> ( 4   3)       -0.035038      0.000246      0.000136   WU     0.033542      0.018634
 ( 2   1) <--> ( 4   4)       -0.023445      0.000110      0.000061   WU     0.015017      0.008343
 ( 2   2) <--> ( 4   1)        0.297284      0.017676      0.009820   WU     2.414553      1.341418
 ( 2   2) <--> ( 4   2)        1.569447      0.492633      0.273685   WU    67.295451     37.386362
 ( 2   2) <--> ( 4   3)       -0.152695      0.004663      0.002591   WU     0.637000      0.353889
 ( 2   2) <--> ( 4   4)       -0.136683      0.003736      0.002076   WU     0.510413      0.283563
 ( 2   3) <--> ( 4   1)       -0.901470      0.162530      0.090294   WU    22.202149     12.334527
 ( 2   3) <--> ( 4   2)        0.017847      0.000064      0.000035   WU     0.008702      0.004835
 ( 2   3) <--> ( 4   3)        2.196764      0.965154      0.536197   WU   131.843570     73.246428
 ( 2   3) <--> ( 4   4)       -0.047511      0.000451      0.000251   WU     0.061671      0.034261
 ( 2   4) <--> ( 4   1)       -0.098393      0.001936      0.001076   WU     0.264496      0.146942
 ( 2   4) <--> ( 4   2)       -0.753833      0.113653      0.063140   WU    15.525399      8.625221
 ( 2   4) <--> ( 4   3)        0.022166      0.000098      0.000055   WU     0.013424      0.007458
 ( 2   4) <--> ( 4   4)        0.081327      0.001323      0.000735   WU     0.180702      0.100390
 ( 3   1) <--> ( 3   1)        0.000000      0.000000   (eb)
 ( 3   2) <--> ( 3   1)        0.000000      0.000000      0.000000   WU     0.000000      0.000000
 ( 3   2) <--> ( 3   2)        0.000000      0.000000   (eb)
 ( 3   3) <--> ( 3   1)        0.000000      0.000000      0.000000   WU     0.000000      0.000000
 ( 3   3) <--> ( 3   2)        0.000000      0.000000      0.000000   WU     0.000000      0.000000
 ( 3   3) <--> ( 3   3)        0.000000      0.000000   (eb)
 ( 3   4) <--> ( 3   1)        0.000000      0.000000      0.000000   WU     0.000000      0.000000
 ( 3   4) <--> ( 3   2)        0.000000      0.000000      0.000000   WU     0.000000      0.000000
 ( 3   4) <--> ( 3   3)        0.000000      0.000000      0.000000   WU     0.000000      0.000000
 ( 3   4) <--> ( 3   4)        0.000000      0.000000   (eb)
 ( 3   1) <--> ( 4   1)        0.843820      0.101719      0.079115   WU    13.895173     10.807357
 ( 3   1) <--> ( 4   2)       -1.087503      0.168952      0.131407   WU    23.079450     17.950683
 ( 3   1) <--> ( 4   3)       -0.666302      0.063423      0.049329   WU     8.663752      6.738474
 ( 3   1) <--> ( 4   4)       -1.663929      0.395523      0.307629   WU    54.029846     42.023214
 ( 3   2) <--> ( 4   1)        0.062764      0.000563      0.000438   WU     0.076875      0.059791
 ( 3   2) <--> ( 4   2)        0.137876      0.002716      0.002112   WU     0.370974      0.288535
 ( 3   2) <--> ( 4   3)        1.202759      0.206661      0.160737   WU    28.230709     21.957218
 ( 3   2) <--> ( 4   4)        0.764548      0.083505      0.064948   WU    11.407073      8.872168
 ( 3   3) <--> ( 4   1)        0.018554      0.000049      0.000038   WU     0.006718      0.005225
 ( 3   3) <--> ( 4   2)        0.027268      0.000106      0.000083   WU     0.014510      0.011286
 ( 3   3) <--> ( 4   3)        0.246165      0.008657      0.006733   WU     1.182541      0.919754
 ( 3   3) <--> ( 4   4)        0.208384      0.006203      0.004825   WU     0.847413      0.659099
 ( 3   4) <--> ( 4   1)        0.001434      0.000000      0.000000   WU     0.000040      0.000031
 ( 3   4) <--> ( 4   2)       -0.001886      0.000001      0.000000   WU     0.000069      0.000054
 ( 3   4) <--> ( 4   3)       -0.032910      0.000155      0.000120   WU     0.021136      0.016439
 ( 3   4) <--> ( 4   4)       -0.208180      0.006191      0.004815   WU     0.845750      0.657805
 ( 3   1) <--> ( 5   1)        2.126825      0.646198      0.411217   WU    88.272977     56.173713
 ( 3   1) <--> ( 5   2)       -0.017765      0.000045      0.000029   WU     0.006159      0.003919
 ( 3   1) <--> ( 5   3)        0.103363      0.001526      0.000971   WU     0.208496      0.132679
 ( 3   1) <--> ( 5   4)       -0.065038      0.000604      0.000385   WU     0.082546      0.052529
 ( 3   2) <--> ( 5   1)       -0.958255      0.131179      0.083478   WU    17.919537     11.403341
 ( 3   2) <--> ( 5   2)        1.356290      0.262789      0.167229   WU    35.897949     22.844150
 ( 3   2) <--> ( 5   3)        2.404495      0.825942      0.525600   WU   112.826768     71.798853
 ( 3   2) <--> ( 5   4)        0.335994      0.016127      0.010263   WU     2.203060      1.401947
 ( 3   3) <--> ( 5   1)       -0.223860      0.007159      0.004556   WU     0.977948      0.622331
 ( 3   3) <--> ( 5   2)       -1.082787      0.167490      0.106584   WU    22.879688     14.559801
 ( 3   3) <--> ( 5   3)       -1.685367      0.405781      0.258224   WU    55.431105     35.274340
 ( 3   3) <--> ( 5   4)        0.545681      0.042538      0.027070   WU     5.810871      3.697827
 ( 3   4) <--> ( 5   1)        0.204923      0.005999      0.003818   WU     0.819496      0.521498
 ( 3   4) <--> ( 5   2)        0.575127      0.047253      0.030070   WU     6.454924      4.107679
 ( 3   4) <--> ( 5   3)       -1.037050      0.153639      0.097770   WU    20.987659     13.355783
 ( 3   4) <--> ( 5   4)       -0.878070      0.110144      0.070091   WU    15.046036      9.574750
 ( 4   1) <--> ( 4   1)       -1.365363     -1.029614   (eb)
 ( 4   2) <--> ( 4   1)       -1.215162      0.164069      0.164069   WU    22.412377     22.412377
 ( 4   2) <--> ( 4   2)       -0.123915     -0.093444   (eb)
 ( 4   3) <--> ( 4   1)        0.169697      0.003200      0.003200   WU     0.437086      0.437086
 ( 4   3) <--> ( 4   2)        0.644211      0.046112      0.046112   WU     6.299056      6.299056
 ( 4   3) <--> ( 4   3)       -1.020995     -0.769928   (eb)
 ( 4   4) <--> ( 4   1)       -0.075860      0.000639      0.000639   WU     0.087347      0.087347
 ( 4   4) <--> ( 4   2)       -1.628211      0.294564      0.294564   WU    40.238462     40.238462
 ( 4   4) <--> ( 4   3)       -0.343313      0.013096      0.013096   WU     1.788963      1.788963
 ( 4   4) <--> ( 4   4)        1.267176      0.955572   (eb)
 ( 4   1) <--> ( 5   1)       -0.184853      0.003797      0.003106   WU     0.518647      0.424347
 ( 4   1) <--> ( 5   2)       -0.050601      0.000284      0.000233   WU     0.038863      0.031797
 ( 4   1) <--> ( 5   3)       -0.039541      0.000174      0.000142   WU     0.023731      0.019417
 ( 4   1) <--> ( 5   4)       -0.028905      0.000093      0.000076   WU     0.012681      0.010376
 ( 4   2) <--> ( 5   1)       -1.535871      0.262100      0.214445   WU    35.803797     29.294016
 ( 4   2) <--> ( 5   2)       -0.145936      0.002366      0.001936   WU     0.323255      0.264481
 ( 4   2) <--> ( 5   3)        0.020638      0.000047      0.000039   WU     0.006465      0.005289
 ( 4   2) <--> ( 5   4)       -0.066619      0.000493      0.000403   WU     0.067361      0.055114
 ( 4   3) <--> ( 5   1)       -0.321367      0.011475      0.009389   WU     1.567554      1.282544
 ( 4   3) <--> ( 5   2)        0.001503      0.000000      0.000000   WU     0.000034      0.000028
 ( 4   3) <--> ( 5   3)        0.150637      0.002521      0.002063   WU     0.344416      0.281795
 ( 4   3) <--> ( 5   4)       -0.011344      0.000014      0.000012   WU     0.001953      0.001598
 ( 4   4) <--> ( 5   1)       -0.274674      0.008383      0.006859   WU     1.145131      0.936925
 ( 4   4) <--> ( 5   2)       -2.448557      0.666159      0.545039   WU    90.999778     74.454364
 ( 4   4) <--> ( 5   3)        1.260918      0.176657      0.144538   WU    24.132013     19.744374
 ( 4   4) <--> ( 5   4)       -0.353635      0.013895      0.011369   WU     1.898149      1.553031
 ( 4   1) <--> ( 6   1)        2.789564      0.864629      0.598590   WU   118.111551     81.769535
 ( 4   1) <--> ( 6   2)       -0.075716      0.000637      0.000441   WU     0.087015      0.060241
 ( 4   1) <--> ( 6   3)       -0.029390      0.000096      0.000066   WU     0.013110      0.009076
 ( 4   1) <--> ( 6   4)        0.062583      0.000435      0.000301   WU     0.059447      0.041156
 ( 4   2) <--> ( 6   1)        0.233515      0.006059      0.004195   WU     0.827652      0.572990
 ( 4   2) <--> ( 6   2)        2.533867      0.713387      0.493883   WU    97.451279     67.466270
 ( 4   2) <--> ( 6   3)       -0.484137      0.026043      0.018030   WU     3.557596      2.462951
 ( 4   2) <--> ( 6   4)        0.012556      0.000018      0.000012   WU     0.002393      0.001656
 ( 4   3) <--> ( 6   1)       -1.141651      0.144819      0.100259   WU    19.782757     13.695755
 ( 4   3) <--> ( 6   2)        0.733915      0.059848      0.041433   WU     8.175454      5.659930
 ( 4   3) <--> ( 6   3)        3.210521      1.145272      0.792880   WU   156.448324    108.310378
 ( 4   3) <--> ( 6   4)       -0.332909      0.012314      0.008525   WU     1.682178      1.164585
 ( 4   4) <--> ( 6   1)       -0.186877      0.003880      0.002686   WU     0.530070      0.366972
 ( 4   4) <--> ( 6   2)        0.250538      0.006974      0.004828   WU     0.952721      0.659576
 ( 4   4) <--> ( 6   3)       -0.040441      0.000182      0.000126   WU     0.024824      0.017186
 ( 4   4) <--> ( 6   4)       -1.820331      0.368178      0.254893   WU    50.294492     34.819264
 ( 5   1) <--> ( 5   1)       -0.815251     -0.591976   (eb)
 ( 5   2) <--> ( 5   1)       -1.154608      0.121193      0.121193   WU    16.555369     16.555369
 ( 5   2) <--> ( 5   2)        1.320646      0.958956   (eb)
 ( 5   3) <--> ( 5   1)        0.786514      0.056237      0.056237   WU     7.682138      7.682138
 ( 5   3) <--> ( 5   2)       -0.137579      0.001721      0.001721   WU     0.235057      0.235057
 ( 5   3) <--> ( 5   3)       -1.225136     -0.889604   (eb)
 ( 5   4) <--> ( 5   1)       -0.226486      0.004663      0.004663   WU     0.637021      0.637021
 ( 5   4) <--> ( 5   2)       -0.938435      0.080060      0.080060   WU    10.936487     10.936487
 ( 5   4) <--> ( 5   3)       -1.715698      0.267602      0.267602   WU    36.555397     36.555397
 ( 5   4) <--> ( 5   4)        1.193664      0.866752   (eb)
 ( 5   1) <--> ( 6   1)        1.073262      0.104717      0.088607   WU    14.304774     12.104039
 ( 5   1) <--> ( 6   2)       -1.314264      0.157026      0.132868   WU    21.450363     18.150307
 ( 5   1) <--> ( 6   3)       -0.559837      0.028492      0.024109   WU     3.892174      3.293378
 ( 5   1) <--> ( 6   4)        0.959244      0.083650      0.070781   WU    11.426883      9.668901
 ( 5   2) <--> ( 6   1)        0.086898      0.000686      0.000581   WU     0.093775      0.079348
 ( 5   2) <--> ( 6   2)        0.898999      0.073473      0.062169   WU    10.036635      8.492537
 ( 5   2) <--> ( 6   3)        0.850414      0.065746      0.055631   WU     8.981122      7.599411
 ( 5   2) <--> ( 6   4)        1.238616      0.139470      0.118013   WU    19.052112     16.121018
 ( 5   3) <--> ( 6   1)        0.090663      0.000747      0.000632   WU     0.102078      0.086373
 ( 5   3) <--> ( 6   2)       -0.068240      0.000423      0.000358   WU     0.057829      0.048932
 ( 5   3) <--> ( 6   3)        1.408263      0.180291      0.152554   WU    24.628472     20.839477
 ( 5   3) <--> ( 6   4)       -0.264147      0.006343      0.005367   WU     0.866482      0.733177
 ( 5   4) <--> ( 6   1)        0.032224      0.000094      0.000080   WU     0.012896      0.010912
 ( 5   4) <--> ( 6   2)        0.192669      0.003375      0.002855   WU     0.460991      0.390070
 ( 5   4) <--> ( 6   3)        0.036516      0.000121      0.000103   WU     0.016559      0.014011
 ( 5   4) <--> ( 6   4)       -0.924256      0.077659      0.065711   WU    10.608507      8.976429
 ( 5   1) <--> ( 7   1)        3.220503      0.942876      0.691443   WU   128.800347     94.453588
 ( 5   1) <--> ( 7   2)        0.335111      0.010209      0.007487   WU     1.394590      1.022700
 ( 5   1) <--> ( 7   3)       -0.032979      0.000099      0.000073   WU     0.013507      0.009905
 ( 5   1) <--> ( 7   4)       -0.019416      0.000034      0.000025   WU     0.004681      0.003433
 ( 5   2) <--> ( 7   1)       -0.809658      0.059595      0.043703   WU     8.140905      5.969997
 ( 5   2) <--> ( 7   2)        2.995634      0.815802      0.598255   WU   111.441589     81.723832
 ( 5   2) <--> ( 7   3)        0.910404      0.075349      0.055256   WU    10.292904      7.548129
 ( 5   2) <--> ( 7   4)        0.754230      0.051715      0.037924   WU     7.064427      5.180580
 ( 5   3) <--> ( 7   1)       -1.474479      0.197645      0.144939   WU    26.998963     19.799240
 ( 5   3) <--> ( 7   2)        2.675807      0.650904      0.477330   WU    88.915866     65.204968
 ( 5   3) <--> ( 7   3)       -3.085483      0.865473      0.634680   WU   118.226836     86.699679
 ( 5   3) <--> ( 7   4)       -0.421752      0.016170      0.011858   WU     2.208936      1.619887
 ( 5   4) <--> ( 7   1)       -0.140776      0.001802      0.001321   WU     0.246109      0.180480
 ( 5   4) <--> ( 7   2)       -1.180729      0.126738      0.092941   WU    17.312908     12.696133
 ( 5   4) <--> ( 7   3)       -1.783406      0.289140      0.212036   WU    39.497549     28.964869
 ( 5   4) <--> ( 7   4)        2.762619      0.693824      0.508804   WU    94.778874     69.504507
 ( 6   1) <--> ( 6   1)       -1.809563     -1.261622   (eb)
 ( 6   2) <--> ( 6   1)       -1.258323      0.121798      0.121798   WU    16.638078     16.638078
 ( 6   2) <--> ( 6   2)       -0.474733     -0.330983   (eb)
 ( 6   3) <--> ( 6   1)        0.462992      0.016489      0.016489   WU     2.252508      2.252508
 ( 6   3) <--> ( 6   2)        0.554508      0.023652      0.023652   WU     3.230982      3.230982
 ( 6   3) <--> ( 6   3)       -1.545689     -1.077650   (eb)
 ( 6   4) <--> ( 6   1)        0.082053      0.000518      0.000518   WU     0.070746      0.070746
 ( 6   4) <--> ( 6   2)        1.519871      0.177693      0.177693   WU    24.273504     24.273504
 ( 6   4) <--> ( 6   3)        1.004739      0.077654      0.077654   WU    10.607802     10.607802
 ( 6   4) <--> ( 6   4)        1.762229      1.228621   (eb)
 ( 6   1) <--> ( 7   1)       -0.164091      0.002071      0.001795   WU     0.282937      0.245212
 ( 6   1) <--> ( 7   2)       -0.093382      0.000671      0.000581   WU     0.091632      0.079415
 ( 6   1) <--> ( 7   3)        0.015530      0.000019      0.000016   WU     0.002534      0.002196
 ( 6   1) <--> ( 7   4)       -0.044882      0.000155      0.000134   WU     0.021167      0.018345
 ( 6   2) <--> ( 7   1)       -1.481854      0.168915      0.146393   WU    23.074383     19.997799
 ( 6   2) <--> ( 7   2)       -0.159308      0.001952      0.001692   WU     0.266681      0.231123
 ( 6   2) <--> ( 7   3)       -0.041431      0.000132      0.000114   WU     0.018037      0.015632
 ( 6   2) <--> ( 7   4)       -0.109483      0.000922      0.000799   WU     0.125954      0.109160
 ( 6   3) <--> ( 7   1)       -0.005285      0.000002      0.000002   WU     0.000293      0.000254
 ( 6   3) <--> ( 7   2)        0.280814      0.006066      0.005257   WU     0.828619      0.718137
 ( 6   3) <--> ( 7   3)       -0.123423      0.001172      0.001016   WU     0.160069      0.138727
 ( 6   3) <--> ( 7   4)        0.018065      0.000025      0.000022   WU     0.003429      0.002972
 ( 6   4) <--> ( 7   1)       -0.340017      0.008893      0.007707   WU     1.214844      1.052865
 ( 6   4) <--> ( 7   2)        2.129624      0.348869      0.302353   WU    47.656777     41.302540
 ( 6   4) <--> ( 7   3)        1.249881      0.120169      0.104147   WU    16.415581     14.226837
 ( 6   4) <--> ( 7   4)        0.451610      0.015689      0.013597   WU     2.143122      1.857373
 ( 6   1) <--> ( 8   1)        3.599016      0.996378      0.761936   WU   136.108889    104.083268
 ( 6   1) <--> ( 8   2)       -0.013758      0.000015      0.000011   WU     0.001989      0.001521
 ( 6   1) <--> ( 8   3)        0.004425      0.000002      0.000001   WU     0.000206      0.000157
 ( 6   1) <--> ( 8   4)       -0.006823      0.000004      0.000003   WU     0.000489      0.000374
 ( 6   2) <--> ( 8   1)       -0.077468      0.000462      0.000353   WU     0.063062      0.048224
 ( 6   2) <--> ( 8   2)        3.362929      0.869945      0.665252   WU   118.837725     90.875907
 ( 6   2) <--> ( 8   3)       -1.408312      0.152565      0.116667   WU    20.840928     15.937181
 ( 6   2) <--> ( 8   4)        0.113791      0.000996      0.000762   WU     0.136060      0.104046
 ( 6   3) <--> ( 8   1)       -1.345455      0.139250      0.106485   WU    19.022039     14.546265
 ( 6   3) <--> ( 8   2)        2.394495      0.441047      0.337271   WU    60.248594     46.072454
 ( 6   3) <--> ( 8   3)        3.805015      1.113703      0.851655   WU   152.135877    116.339200
 ( 6   3) <--> ( 8   4)       -0.151401      0.001763      0.001348   WU     0.240868      0.184193
 ( 6   4) <--> ( 8   1)        0.420567      0.013606      0.010405   WU     1.858617      1.421296
 ( 6   4) <--> ( 8   2)        0.958404      0.070657      0.054032   WU     9.651983      7.380928
 ( 6   4) <--> ( 8   3)        0.487562      0.018286      0.013983   WU     2.497919      1.910173
 ( 6   4) <--> ( 8   4)       -0.543665      0.022736      0.017387   WU     3.105861      2.375070
 ( 7   1) <--> ( 7   1)       -1.275404     -0.854089   (eb)
 ( 7   2) <--> ( 7   1)       -0.789153      0.041517      0.041517   WU     5.671440      5.671440
 ( 7   2) <--> ( 7   2)        0.341004      0.228357   (eb)
 ( 7   3) <--> ( 7   1)       -1.517549      0.153530      0.153530   WU    20.972802     20.972802
 ( 7   3) <--> ( 7   2)        1.865241      0.231942      0.231942   WU    31.684064     31.684064
 ( 7   3) <--> ( 7   3)       -1.902119     -1.273776   (eb)
 ( 7   4) <--> ( 7   1)       -0.611399      0.024921      0.024921   WU     3.404239      3.404239
 ( 7   4) <--> ( 7   2)       -1.960980      0.256363      0.256363   WU    35.020099     35.020099
 ( 7   4) <--> ( 7   3)        0.064388      0.000276      0.000276   WU     0.037756      0.037756
 ( 7   4) <--> ( 7   4)        1.441264      0.965159   (eb)
 ( 7   1) <--> ( 8   1)        1.245894      0.103484      0.091309   WU    14.136227     12.473141
 ( 7   1) <--> ( 8   2)       -1.639831      0.179270      0.158179   WU    24.488889     21.607843
 ( 7   1) <--> ( 8   3)       -0.151671      0.001534      0.001353   WU     0.209496      0.184849
 ( 7   1) <--> ( 8   4)       -0.038863      0.000101      0.000089   WU     0.013755      0.012136
 ( 7   2) <--> ( 8   1)        0.255446      0.004350      0.003838   WU     0.594252      0.524340
 ( 7   2) <--> ( 8   2)        1.576805      0.165754      0.146254   WU    22.642637     19.978797
 ( 7   2) <--> ( 8   3)        1.503927      0.150786      0.133047   WU    20.597979     18.174687
 ( 7   2) <--> ( 8   4)       -0.196117      0.002564      0.002262   WU     0.350270      0.309062
 ( 7   3) <--> ( 8   1)       -0.061163      0.000249      0.000220   WU     0.034068      0.030060
 ( 7   3) <--> ( 8   2)        0.312314      0.006503      0.005738   WU     0.888289      0.783784
 ( 7   3) <--> ( 8   3)       -1.258869      0.105650      0.093221   WU    14.432183     12.734279
 ( 7   3) <--> ( 8   4)       -0.347652      0.008057      0.007110   WU     1.100678      0.971186
 ( 7   4) <--> ( 8   1)        0.056257      0.000211      0.000186   WU     0.028822      0.025431
 ( 7   4) <--> ( 8   2)        0.351335      0.008229      0.007261   WU     1.124120      0.991871
 ( 7   4) <--> ( 8   3)       -0.452635      0.013659      0.012052   WU     1.865807      1.646301
 ( 7   4) <--> ( 8   4)        0.316571      0.006681      0.005895   WU     0.912670      0.805297
 ( 7   1) <--> ( 9   1)        4.203002      1.177682      0.929749   WU   160.875643    127.007086
 ( 7   1) <--> ( 9   2)       -1.389815      0.128772      0.101662   WU    17.590782     13.887460
 ( 7   1) <--> ( 9   3)       -0.171560      0.001962      0.001549   WU     0.268041      0.211611
 ( 7   1) <--> ( 9   4)       -0.091100      0.000553      0.000437   WU     0.075581      0.059669
 ( 7   2) <--> ( 9   1)       -3.265523      0.710909      0.561244   WU    97.112797     76.667998
 ( 7   2) <--> ( 9   2)       -4.733043      1.493446      1.179036   WU   204.010227    161.060706
 ( 7   2) <--> ( 9   3)       -0.499772      0.016651      0.013146   WU     2.274648      1.795774
 ( 7   2) <--> ( 9   4)       -0.459161      0.014055      0.011096   WU     1.919999      1.515789
 ( 7   3) <--> ( 9   1)        1.648324      0.181132      0.142999   WU    24.743235     19.534133
 ( 7   3) <--> ( 9   2)        1.809116      0.218193      0.172258   WU    29.806027     23.531074
 ( 7   3) <--> ( 9   3)       -5.262400      1.846190      1.457518   WU   252.196330    199.102365
 ( 7   3) <--> ( 9   4)        0.801732      0.042852      0.033830   WU     5.853690      4.621334
 ( 7   4) <--> ( 9   1)        0.115706      0.000893      0.000705   WU     0.121923      0.096255
 ( 7   4) <--> ( 9   2)        0.926680      0.057249      0.045197   WU     7.820423      6.174018
 ( 7   4) <--> ( 9   3)        2.613408      0.455327      0.359469   WU    62.199325     49.104731
 ( 7   4) <--> ( 9   4)        0.445067      0.013206      0.010426   WU     1.803941      1.424164
 ( 8   1) <--> ( 8   1)       -2.198746     -1.416423   (eb)
 ( 8   2) <--> ( 8   1)       -1.019818      0.061178      0.061178   WU     8.357158      8.357158
 ( 8   2) <--> ( 8   2)       -0.441079     -0.284141   (eb)
 ( 8   3) <--> ( 8   1)        1.033023      0.062773      0.062773   WU     8.574979      8.574979
 ( 8   3) <--> ( 8   2)        0.030600      0.000055      0.000055   WU     0.007524      0.007524
 ( 8   3) <--> ( 8   3)       -2.254264     -1.452188   (eb)
 ( 8   4) <--> ( 8   1)       -0.090583      0.000483      0.000483   WU     0.065933      0.065933
 ( 8   4) <--> ( 8   2)       -0.362354      0.007724      0.007724   WU     1.055064      1.055064
 ( 8   4) <--> ( 8   3)       -0.759313      0.033915      0.033915   WU     4.632928      4.632928
 ( 8   4) <--> ( 8   4)      -10.709860     -6.899249   (eb)
 ( 8   1) <--> ( 9   1)       -0.075029      0.000331      0.000296   WU     0.045235      0.040473
 ( 8   1) <--> ( 9   2)        0.123456      0.000897      0.000802   WU     0.122473      0.109581
 ( 8   1) <--> ( 9   3)        0.009807      0.000006      0.000005   WU     0.000773      0.000691
 ( 8   1) <--> ( 9   4)        0.044595      0.000117      0.000105   WU     0.015980      0.014298
 ( 8   2) <--> ( 9   1)       -1.342130      0.105960      0.094806   WU    14.474477     12.950848
 ( 8   2) <--> ( 9   2)        0.241803      0.003439      0.003077   WU     0.469827      0.420372
 ( 8   2) <--> ( 9   3)       -0.011300      0.000008      0.000007   WU     0.001026      0.000918
 ( 8   2) <--> ( 9   4)        0.001070      0.000000      0.000000   WU     0.000009      0.000008
 ( 8   3) <--> ( 9   1)        0.429588      0.010856      0.009713   WU     1.482921      1.326824
 ( 8   3) <--> ( 9   2)       -0.660327      0.025649      0.022949   WU     3.503739      3.134924
 ( 8   3) <--> ( 9   3)        0.083343      0.000409      0.000366   WU     0.055815      0.049940
 ( 8   3) <--> ( 9   4)       -0.149546      0.001316      0.001177   WU     0.179707      0.160791
 ( 8   4) <--> ( 9   1)        0.217004      0.002770      0.002478   WU     0.378398      0.338567
 ( 8   4) <--> ( 9   2)        0.410622      0.009918      0.008874   WU     1.354869      1.212252
 ( 8   4) <--> ( 9   3)       -0.062360      0.000229      0.000205   WU     0.031248      0.027959
 ( 8   4) <--> ( 9   4)       -0.317553      0.005932      0.005307   WU     0.810302      0.725007
 ( 8   1) <--> (10   1)        4.404743      1.141280      0.923894   WU   155.903061    126.207240
 ( 8   1) <--> (10   2)        0.201745      0.002394      0.001938   WU     0.327055      0.264759
 ( 8   1) <--> (10   3)        0.023330      0.000032      0.000026   WU     0.004374      0.003541
 ( 8   1) <--> (10   4)        0.024267      0.000035      0.000028   WU     0.004732      0.003831
 ( 8   2) <--> (10   1)       -0.997562      0.058537      0.047387   WU     7.996378      6.473258
 ( 8   2) <--> (10   2)        5.051072      1.500784      1.214920   WU   205.012558    165.962547
 ( 8   2) <--> (10   3)        0.663362      0.025885      0.020955   WU     3.536016      2.862489
 ( 8   2) <--> (10   4)        1.222595      0.087926      0.071178   WU    12.010979      9.723173
 ( 8   3) <--> (10   1)       -1.351046      0.107372      0.086920   WU    14.667425     11.873630
 ( 8   3) <--> (10   2)        3.479154      0.712030      0.576405   WU    97.265901     78.739062
 ( 8   3) <--> (10   3)       -0.700076      0.028830      0.023338   WU     3.938250      3.188107
 ( 8   3) <--> (10   4)       -4.335758      1.105811      0.895181   WU   151.057888    122.284957
 ( 8   4) <--> (10   1)        0.029600      0.000052      0.000042   WU     0.007040      0.005699
 ( 8   4) <--> (10   2)        1.658836      0.161867      0.131035   WU    22.111621     17.899883
 ( 8   4) <--> (10   3)      -14.073505     11.650796      9.431597   WU  1591.541419   1288.390673
 ( 8   4) <--> (10   4)        0.685970      0.027680      0.022407   WU     3.781144      3.060926
 ( 9   1) <--> ( 9   1)       -1.354036     -0.840697   (eb)
 ( 9   2) <--> ( 9   1)        0.555323      0.016231      0.016231   WU     2.217179      2.217179
 ( 9   2) <--> ( 9   2)       -1.437486     -0.892509   (eb)
 ( 9   3) <--> ( 9   1)        2.385923      0.299612      0.299612   WU    40.928118     40.928118
 ( 9   3) <--> ( 9   2)        2.502435      0.329589      0.329589   WU    45.023009     45.023009
 ( 9   3) <--> ( 9   3)       -2.632925     -1.634736   (eb)
 ( 9   4) <--> ( 9   1)       -0.762500      0.030600      0.030600   WU     4.180122      4.180122
 ( 9   4) <--> ( 9   2)        0.228522      0.002749      0.002749   WU     0.375461      0.375461
 ( 9   4) <--> ( 9   3)       -3.457325      0.629110      0.629110   WU    85.938768     85.938768
 ( 9   4) <--> ( 9   4)       -4.590610     -2.850228   (eb)
 ( 9   1) <--> (10   1)        1.342170      0.094812      0.085782   WU    12.951607     11.718120
 ( 9   1) <--> (10   2)       -2.352411      0.291255      0.263516   WU    39.786443     35.997258
 ( 9   1) <--> (10   3)       -0.268914      0.003806      0.003444   WU     0.519918      0.470402
 ( 9   1) <--> (10   4)        0.194022      0.001981      0.001793   WU     0.270652      0.244875
 ( 9   2) <--> (10   1)       -0.667882      0.023477      0.021241   WU     3.207067      2.901632
 ( 9   2) <--> (10   2)       -1.773737      0.165586      0.149816   WU    22.619718     20.465459
 ( 9   2) <--> (10   3)       -0.007108      0.000003      0.000002   WU     0.000363      0.000329
 ( 9   2) <--> (10   4)        1.317200      0.091317      0.082620   WU    12.474193     11.286175
 ( 9   3) <--> (10   1)       -0.007359      0.000003      0.000003   WU     0.000389      0.000352
 ( 9   3) <--> (10   2)       -0.416936      0.009149      0.008278   WU     1.249821      1.130791
 ( 9   3) <--> (10   3)       -0.545889      0.015684      0.014190   WU     2.142486      1.938439
 ( 9   3) <--> (10   4)       -2.137513      0.240472      0.217570   WU    32.849319     29.720812
 ( 9   4) <--> (10   1)       -0.132974      0.000931      0.000842   WU     0.127128      0.115021
 ( 9   4) <--> (10   2)       -0.076497      0.000308      0.000279   WU     0.042072      0.038065
 ( 9   4) <--> (10   3)       -0.513744      0.013891      0.012568   WU     1.897588      1.716865
 ( 9   4) <--> (10   4)        0.481281      0.012191      0.011030   WU     1.665351      1.506747
 (10   1) <--> (10   1)       -2.500018     -1.498994   (eb)
 (10   2) <--> (10   1)       -0.652689      0.020286      0.020286   WU     2.771122      2.771122
 (10   2) <--> (10   2)       -1.037782     -0.622247   (eb)
 (10   3) <--> (10   1)       -0.191359      0.001744      0.001744   WU     0.238199      0.238199
 (10   3) <--> (10   2)        1.578038      0.118581      0.118581   WU    16.198620     16.198620
 (10   3) <--> (10   3)      -12.128966     -7.272448   (eb)
 (10   4) <--> (10   1)       -1.194848      0.067984      0.067984   WU     9.286850      9.286850
 (10   4) <--> (10   2)        1.404325      0.093911      0.093911   WU    12.828574     12.828574
 (10   4) <--> (10   3)        1.315353      0.082388      0.082388   WU    11.254546     11.254546
 (10   4) <--> (10   4)       -3.468255     -2.079543   (eb)
 
  quadrupole shape invariant: 01+, 02+, 03+, 04+
quadr2     1.09291138     1.81954089     2.10149301     3.06458238
quadr3     0.57996354     1.79821237     0.53638581     3.59199093
  effective deformation parameters:  01+, 02+, 03+, 04+
beteff     0.11398021     0.14706790     0.15805234     0.19086338
cos3ga     0.50760194     0.73265286     0.17607000     0.66954270
 
 ********* END Transition **************************
