 ********* BEGIN READER ****************************
 
 Nucleus            :  Se  34  82
 Imin, Imax         :     0  10
 imu, remu          :     1 12.0000
 nlevel             :     4
 observables        :     2
 wave fun           :     1
 nbet, ngam, npar   :    10   7  10
 Finish reading parameters: V, B_k ...
 
 ********* END READER ******************************
 
 ********* BEGIN LEVELS ********************
 
 E_0 =  -817.303533
 
  I=   0   ntot= 127
   0   1    0.000000
   0   2    2.166456
   0   3    3.213881
   0   4    4.454959
 
  I=   2   ntot= 234
   2   1    0.961729
   2   2    2.104398
   2   3    3.352322
   2   4    4.433697
 
  I=   3   ntot= 108
   3   1    3.382650
   3   2    5.706845
   3   3    7.026488
   3   4    8.067442
 
  I=   4   ntot= 324
   4   1    2.170663
   4   2    3.393231
   4   3    4.603703
   4   4    4.674674
 
  I=   5   ntot= 198
   5   1    4.802506
   5   2    6.047170
   5   3    7.094144
   5   4    8.335682
 
  I=   6   ntot= 432
   6   1    3.614966
   6   2    4.884129
   6   3    5.994154
   6   4    6.170052
 
  I=   7   ntot= 306
   7   1    6.369149
   7   2    7.628134
   7   3    8.629711
   7   4    8.845930
 
  I=   8   ntot= 522
   8   1    5.254176
   8   2    6.547638
   8   3    7.526604
   8   4    7.820656
 
  I=   9   ntot= 397
   9   1    8.054986
   9   2    9.325534
   9   3   10.290965
   9   4   10.548530
 
  I=  10   ntot= 630
  10   1    7.039261
  10   2    8.345931
  10   3    9.191249
  10   4    9.591128
 
 ********* END LEVELS **********************
 
 ********* BEGIN Transition ************************
 
  Monopole moment 
 
   I   n    <In|E0|In>   ave \beta      del<b>   ave \gamma    del<g>  
     K=0       K=2       K=4   
   0   1     19.689384    0.231729    0.067708   24.709501   11.743618  100.0000    0.0000    0.0000
   0   2     19.878783    0.286432    0.104970   18.720861   10.929911  100.0000    0.0000    0.0000
   0   3     19.911413    0.304527    0.066577   33.626814   12.346312  100.0000    0.0000    0.0000
   0   4     20.135059    0.350289    0.133577   17.943873   11.070863   99.9999    0.0000    0.0000
   2   1     19.758838    0.261115    0.067894   22.522596   11.592865   86.0525   13.9475    0.0000
   2   2     19.822080    0.279674    0.069770   26.469830   11.864446   23.3448   76.6551    0.0000
   2   3     19.985227    0.316997    0.107732   21.066197   11.516595   78.5298   21.4701    0.0000
   2   4     20.066054    0.340766    0.085284   24.889385   10.406354   47.6630   52.3369    0.0000
   3   1     19.936361    0.310654    0.070783   24.422897    9.205430    0.0000  100.0000    0.0000
   3   2     20.202825    0.368001    0.112282   23.421627    9.503848    0.0000   99.9999    0.0000
   3   3     20.266291    0.383282    0.074810   26.140154   12.661673    0.0000   99.9999    0.0000
   3   4     20.509250    0.434069    0.143246   18.788385    9.454638    0.0000   99.9997    0.0000
   4   1     19.836640    0.286728    0.069183   21.178261   11.445223   81.0581   14.8467    4.0951
   4   2     19.898450    0.301844    0.071417   27.002213   12.837375   29.7820   36.1259   34.0920
   4   3     20.098118    0.346250    0.105897   21.433546   10.842620   59.2118   35.5869    5.2012
   4   4     20.036851    0.334662    0.080640   25.106929   11.768483   17.0429   35.6002   47.3568
   5   1     20.049398    0.337853    0.073077   23.587825    9.196743    0.0000   83.1638   16.8362
   5   2     20.167200    0.362247    0.073552   25.222923    9.143066    0.0000   20.1781   79.8218
   5   3     20.308107    0.391720    0.117017   22.655099    9.662193    0.0000   82.5919   17.4079
   5   4     20.383493    0.406468    0.119784   23.517450    9.512700    0.0000   22.7467   77.2532
   6   1     19.927328    0.311690    0.071500   20.517145   11.265053   75.5449   18.8933    3.7669
   6   2     19.991621    0.325611    0.073242   27.132275   13.328017   33.9921   25.4411   22.0110
   6   3     20.223722    0.375380    0.112249   20.690508   10.914163   61.5132   31.5952    4.1129
   6   4     20.140676    0.358906    0.082252   24.668368   12.978327   16.2289   42.8305    6.1879
   7   1     20.177329    0.365712    0.075404   23.018696    9.237847    0.0000   71.7755   23.8170
   7   2     20.293044    0.387908    0.075757   24.903190   10.027495    0.0000   30.3377   36.4359
   7   3     20.431610    0.418379    0.122283   21.211605    9.689193    0.0000   74.2563   22.3407
   7   4     20.425391    0.412323    0.075759   24.704711    9.073646    0.0000    4.6654   38.5820
   8   1     20.037355    0.338144    0.074822   20.318759   11.086473   68.9204   23.8556    4.8048
   8   2     20.108015    0.352116    0.076191   26.631772   13.611161   38.0965   19.5509   19.6120
   8   3     20.357687    0.405120    0.119011   19.391191   10.951791   62.2166   29.6599    4.9543
   8   4     20.272179    0.387081    0.088086   23.638847   13.947051   19.8251   39.6623    3.9163
   9   1     20.318674    0.394235    0.077777   22.562218    9.319841    0.0000   62.0344   29.0673
   9   2     20.437456    0.416011    0.079930   23.997663   10.882699    0.0000   37.4561   18.4784
   9   3     20.572453    0.446923    0.126007   19.667693    9.620657    0.0000   71.0698   23.1875
   9   4     20.560750    0.437727    0.079872   24.034280   10.265425    0.0000    8.9862   43.5254
  10   1     20.173239    0.367581    0.078898   20.333660   10.951807   61.5449   29.0003    6.4611
  10   2     20.255956    0.383086    0.081802   25.118382   13.964078   42.8037   15.9029   18.0689
  10   3     20.507245    0.436735    0.125237   17.683346   10.828063   64.5584   27.9370    5.0986
  10   4     20.426132    0.417692    0.094174   22.604581   14.415636   22.8184   34.9220    5.5861
 
  rho^2(E0) 
 
   I  n_1 n_2  <In_1|E0|In_2>  rho^2(E0) 
   0   1   1       19.689384  382.020215
   0   2   1       -0.148459    0.021719
   0   2   2       19.878783  389.405154
   0   3   1       -0.036850    0.001338
   0   3   2        0.003877    0.000015
   0   3   3       19.911413  390.684594
   0   4   1        0.057374    0.003244
   0   4   2       -0.286102    0.080661
   0   4   3       -0.037832    0.001410
   0   4   4       20.135059  399.510228
   2   1   1       19.758838  384.720134
   2   2   1        0.035025    0.001209
   2   2   2       19.822080  387.186812
   2   3   1       -0.193664    0.036959
   2   3   2       -0.007196    0.000051
   2   3   3       19.985227  393.586584
   2   4   1        0.032037    0.001011
   2   4   2        0.134451    0.017814
   2   4   3       -0.027718    0.000757
   2   4   4       20.066054  396.776605
   3   1   1       19.936361  391.664202
   3   2   1       -0.280449    0.077505
   3   2   2       20.202825  402.203942
   3   3   1       -0.023423    0.000541
   3   3   2       -0.013968    0.000192
   3   3   3       20.266291  404.734892
   3   4   1        0.026601    0.000697
   3   4   2       -0.431113    0.183149
   3   4   3       -0.098295    0.009521
   3   4   4       20.509250  414.497250
   4   1   1       19.836640  387.755838
   4   2   1        0.041837    0.001725
   4   2   2       19.898450  390.176041
   4   3   1       -0.217142    0.046463
   4   3   2        0.009404    0.000087
   4   3   3       20.098118  398.045650
   4   4   1       -0.088771    0.007765
   4   4   2       -0.032970    0.001071
   4   4   3        0.019193    0.000363
   4   4   4       20.036851  395.622543
   5   1   1       20.049398  396.118168
   5   2   1        0.014507    0.000207
   5   2   2       20.167200  400.786703
   5   3   1        0.317478    0.099323
   5   3   2        0.006854    0.000046
   5   3   3       20.308107  406.406820
   5   4   1        0.004067    0.000016
   5   4   2        0.342422    0.115544
   5   4   3        0.068965    0.004687
   5   4   4       20.383493  409.429676
   6   1   1       19.927328  391.309384
   6   2   1       -0.039362    0.001527
   6   2   2       19.991621  393.838445
   6   3   1       -0.265710    0.069573
   6   3   2       -0.010079    0.000100
   6   3   3       20.223722  403.036420
   6   4   1        0.074983    0.005540
   6   4   2       -0.053517    0.002822
   6   4   3       -0.022332    0.000491
   6   4   4       20.140676  399.733160
   7   1   1       20.177329  401.189419
   7   2   1       -0.018659    0.000343
   7   2   2       20.293044  405.804177
   7   3   1        0.351855    0.121997
   7   3   2       -0.036690    0.001327
   7   3   3       20.431610  411.364937
   7   4   1        0.021875    0.000472
   7   4   2       -0.031696    0.000990
   7   4   3        0.013419    0.000177
   7   4   4       20.425391  411.114558
   8   1   1       20.037355  395.642452
   8   2   1        0.033242    0.001089
   8   2   2       20.108015  398.437764
   8   3   1        0.313509    0.096855
   8   3   2        0.008141    0.000065
   8   3   3       20.357687  408.393640
   8   4   1       -0.065548    0.004234
   8   4   2       -0.087269    0.007505
   8   4   3       -0.042874    0.001811
   8   4   4       20.272179  404.970114
   9   1   1       20.318674  406.829887
   9   2   1       -0.039305    0.001522
   9   2   2       20.437456  411.600377
   9   3   1       -0.382818    0.144413
   9   3   2        0.091459    0.008243
   9   3   3       20.572453  417.055898
   9   4   1       -0.002509    0.000006
   9   4   2       -0.068476    0.004621
   9   4   3       -0.032808    0.001061
   9   4   4       20.560750  416.581536
  10   1   1       20.173239  401.026775
  10   2   1       -0.038513    0.001462
  10   2   2       20.255956  404.322187
  10   3   1        0.362690    0.129627
  10   3   2       -0.065751    0.004260
  10   3   3       20.507245  414.416213
  10   4   1       -0.037303    0.001371
  10   4   2        0.139086    0.019063
  10   4   3       -0.069951    0.004822
  10   4   4       20.426132  411.144400
 
  E2 transition 
 
  I1  n1        I2  n2       <f||E2||i>   B(E2,I1->I2)  B(E2,I2->I1)
 ( 0   1) <--> ( 2   1)        0.546421      0.298576      0.059715   WU    88.850120     17.770024
 ( 0   1) <--> ( 2   2)        0.003774      0.000014      0.000003   WU     0.004239      0.000848
 ( 0   1) <--> ( 2   3)       -0.027038      0.000731      0.000146   WU     0.217540      0.043508
 ( 0   1) <--> ( 2   4)        0.005515      0.000030      0.000006   WU     0.009050      0.001810
 ( 0   2) <--> ( 2   1)       -0.290644      0.084474      0.016895   WU    25.137721      5.027544
 ( 0   2) <--> ( 2   2)       -0.197606      0.039048      0.007810   WU    11.619911      2.323982
 ( 0   2) <--> ( 2   3)        0.589967      0.348061      0.069612   WU   103.575851     20.715170
 ( 0   2) <--> ( 2   4)        0.013926      0.000194      0.000039   WU     0.057709      0.011542
 ( 0   3) <--> ( 2   1)        0.009630      0.000093      0.000019   WU     0.027595      0.005519
 ( 0   3) <--> ( 2   2)        0.315653      0.099637      0.019927   WU    29.649819      5.929964
 ( 0   3) <--> ( 2   3)        0.109196      0.011924      0.002385   WU     3.548257      0.709651
 ( 0   3) <--> ( 2   4)       -0.398712      0.158972      0.031794   WU    47.306642      9.461328
 ( 0   4) <--> ( 2   1)        0.021948      0.000482      0.000096   WU     0.143348      0.028670
 ( 0   4) <--> ( 2   2)        0.071030      0.005045      0.001009   WU     1.501374      0.300275
 ( 0   4) <--> ( 2   3)       -0.435285      0.189473      0.037895   WU    56.383156     11.276631
 ( 0   4) <--> ( 2   4)        0.173180      0.029991      0.005998   WU     8.924752      1.784950
 ( 2   1) <--> ( 2   1)       -0.372674     -0.282462   (eb)
 ( 2   2) <--> ( 2   1)       -0.637256      0.081219      0.081219   WU    24.169115     24.169115
 ( 2   2) <--> ( 2   2)        0.252574      0.191435   (eb)
 ( 2   3) <--> ( 2   1)        0.045832      0.000420      0.000420   WU     0.125019      0.125019
 ( 2   3) <--> ( 2   2)        0.357071      0.025500      0.025500   WU     7.588274      7.588274
 ( 2   3) <--> ( 2   3)       -0.298831     -0.226494   (eb)
 ( 2   4) <--> ( 2   1)       -0.026351      0.000139      0.000139   WU     0.041326      0.041326
 ( 2   4) <--> ( 2   2)        0.056047      0.000628      0.000628   WU     0.186953      0.186953
 ( 2   4) <--> ( 2   3)        0.481119      0.046295      0.046295   WU    13.776445     13.776445
 ( 2   4) <--> ( 2   4)        0.046474      0.035224   (eb)
 ( 2   1) <--> ( 3   1)       -0.001469      0.000000      0.000000   WU     0.000128      0.000092
 ( 2   1) <--> ( 3   2)       -0.007102      0.000010      0.000007   WU     0.003001      0.002144
 ( 2   1) <--> ( 3   3)        0.015001      0.000045      0.000032   WU     0.013393      0.009567
 ( 2   1) <--> ( 3   4)        0.007102      0.000010      0.000007   WU     0.003002      0.002144
 ( 2   2) <--> ( 3   1)       -0.833030      0.138788      0.099134   WU    41.300360     29.500257
 ( 2   2) <--> ( 3   2)        0.013213      0.000035      0.000025   WU     0.010391      0.007422
 ( 2   2) <--> ( 3   3)       -0.012317      0.000030      0.000022   WU     0.009029      0.006449
 ( 2   2) <--> ( 3   4)       -0.007271      0.000011      0.000008   WU     0.003147      0.002248
 ( 2   3) <--> ( 3   1)       -0.257637      0.013275      0.009482   WU     3.950467      2.821762
 ( 2   3) <--> ( 3   2)        0.090462      0.001637      0.001169   WU     0.487045      0.347889
 ( 2   3) <--> ( 3   3)       -0.003876      0.000003      0.000002   WU     0.000894      0.000639
 ( 2   3) <--> ( 3   4)       -0.010547      0.000022      0.000016   WU     0.006621      0.004729
 ( 2   4) <--> ( 3   1)       -0.745341      0.111107      0.079362   WU    33.063023     23.616445
 ( 2   4) <--> ( 3   2)        0.712574      0.101552      0.072537   WU    30.219853     21.585609
 ( 2   4) <--> ( 3   3)        0.199708      0.007977      0.005698   WU     2.373699      1.695499
 ( 2   4) <--> ( 3   4)       -0.025284      0.000128      0.000091   WU     0.038047      0.027176
 ( 2   1) <--> ( 4   1)        0.990594      0.196255      0.109031   WU    58.401484     32.445269
 ( 2   1) <--> ( 4   2)        0.048773      0.000476      0.000264   WU     0.141579      0.078655
 ( 2   1) <--> ( 4   3)       -0.050517      0.000510      0.000284   WU     0.151883      0.084380
 ( 2   1) <--> ( 4   4)       -0.007341      0.000011      0.000006   WU     0.003207      0.001782
 ( 2   2) <--> ( 4   1)        0.125095      0.003130      0.001739   WU     0.931347      0.517415
 ( 2   2) <--> ( 4   2)        0.800564      0.128181      0.071211   WU    38.143881     21.191045
 ( 2   2) <--> ( 4   3)       -0.017970      0.000065      0.000036   WU     0.019218      0.010677
 ( 2   2) <--> ( 4   4)       -0.094454      0.001784      0.000991   WU     0.530970      0.294984
 ( 2   3) <--> ( 4   1)       -0.443789      0.039390      0.021883   WU    11.721563      6.511979
 ( 2   3) <--> ( 4   2)       -0.103788      0.002154      0.001197   WU     0.641096      0.356165
 ( 2   3) <--> ( 4   3)        1.036806      0.214993      0.119441   WU    63.977547     35.543082
 ( 2   3) <--> ( 4   4)        0.385728      0.029757      0.016532   WU     8.855123      4.919513
 ( 2   4) <--> ( 4   1)       -0.013788      0.000038      0.000021   WU     0.011315      0.006286
 ( 2   4) <--> ( 4   2)       -0.079542      0.001265      0.000703   WU     0.376552      0.209195
 ( 2   4) <--> ( 4   3)       -0.092814      0.001723      0.000957   WU     0.512696      0.284831
 ( 2   4) <--> ( 4   4)       -0.306109      0.018741      0.010411   WU     5.576799      3.098221
 ( 3   1) <--> ( 3   1)        0.000000      0.000000   (eb)
 ( 3   2) <--> ( 3   1)        0.000000      0.000000      0.000000   WU     0.000000      0.000000
 ( 3   2) <--> ( 3   2)        0.000000      0.000000   (eb)
 ( 3   3) <--> ( 3   1)        0.000000      0.000000      0.000000   WU     0.000000      0.000000
 ( 3   3) <--> ( 3   2)        0.000000      0.000000      0.000000   WU     0.000000      0.000000
 ( 3   3) <--> ( 3   3)        0.000000      0.000000   (eb)
 ( 3   4) <--> ( 3   1)        0.000000      0.000000      0.000000   WU     0.000000      0.000000
 ( 3   4) <--> ( 3   2)        0.000000      0.000000      0.000000   WU     0.000000      0.000000
 ( 3   4) <--> ( 3   3)        0.000000      0.000000      0.000000   WU     0.000000      0.000000
 ( 3   4) <--> ( 3   4)        0.000000      0.000000   (eb)
 ( 3   1) <--> ( 4   1)        0.454334      0.029488      0.022935   WU     8.775157      6.825122
 ( 3   1) <--> ( 4   2)       -0.357398      0.018248      0.014193   WU     5.430101      4.223412
 ( 3   1) <--> ( 4   3)       -0.595962      0.050739      0.039463   WU    15.098801     11.743512
 ( 3   1) <--> ( 4   4)        0.761302      0.082797      0.064398   WU    24.638739     19.163464
 ( 3   2) <--> ( 4   1)        0.000512      0.000000      0.000000   WU     0.000011      0.000009
 ( 3   2) <--> ( 4   2)        0.058378      0.000487      0.000379   WU     0.144879      0.112684
 ( 3   2) <--> ( 4   3)        0.666780      0.063514      0.049400   WU    18.900371     14.700288
 ( 3   2) <--> ( 4   4)       -0.150462      0.003234      0.002515   WU     0.962412      0.748543
 ( 3   3) <--> ( 4   1)        0.002223      0.000001      0.000001   WU     0.000210      0.000163
 ( 3   3) <--> ( 4   2)       -0.015896      0.000036      0.000028   WU     0.010742      0.008355
 ( 3   3) <--> ( 4   3)        0.088832      0.001127      0.000877   WU     0.335463      0.260915
 ( 3   3) <--> ( 4   4)       -0.125050      0.002234      0.001738   WU     0.664774      0.517047
 ( 3   4) <--> ( 4   1)        0.002286      0.000001      0.000001   WU     0.000222      0.000173
 ( 3   4) <--> ( 4   2)       -0.013375      0.000026      0.000020   WU     0.007605      0.005915
 ( 3   4) <--> ( 4   3)       -0.020566      0.000060      0.000047   WU     0.017980      0.013985
 ( 3   4) <--> ( 4   4)        0.018777      0.000050      0.000039   WU     0.014989      0.011658
 ( 3   1) <--> ( 5   1)       -1.054139      0.158744      0.101019   WU    47.239008     30.061187
 ( 3   1) <--> ( 5   2)       -0.085350      0.001041      0.000662   WU     0.309676      0.197067
 ( 3   1) <--> ( 5   3)       -0.029732      0.000126      0.000080   WU     0.037581      0.023915
 ( 3   1) <--> ( 5   4)       -0.015270      0.000033      0.000021   WU     0.009912      0.006308
 ( 3   2) <--> ( 5   1)        0.451541      0.029127      0.018535   WU     8.667607      5.515750
 ( 3   2) <--> ( 5   2)        0.095660      0.001307      0.000832   WU     0.389017      0.247556
 ( 3   2) <--> ( 5   3)        1.174974      0.197224      0.125506   WU    58.689652     37.347960
 ( 3   2) <--> ( 5   4)        0.115608      0.001909      0.001215   WU     0.568178      0.361568
 ( 3   3) <--> ( 5   1)        0.121658      0.002114      0.001346   WU     0.629195      0.400397
 ( 3   3) <--> ( 5   2)        0.486407      0.033799      0.021508   WU    10.057813      6.400426
 ( 3   3) <--> ( 5   3)       -0.014366      0.000029      0.000019   WU     0.008774      0.005583
 ( 3   3) <--> ( 5   4)        0.018079      0.000047      0.000030   WU     0.013895      0.008842
 ( 3   4) <--> ( 5   1)       -0.032911      0.000155      0.000098   WU     0.046047      0.029303
 ( 3   4) <--> ( 5   2)       -0.079827      0.000910      0.000579   WU     0.270900      0.172391
 ( 3   4) <--> ( 5   3)       -0.662043      0.062614      0.039846   WU    18.632750     11.857204
 ( 3   4) <--> ( 5   4)       -0.361536      0.018673      0.011883   WU     5.556596      3.536015
 ( 4   1) <--> ( 4   1)       -0.567218     -0.427737   (eb)
 ( 4   2) <--> ( 4   1)       -0.690236      0.052936      0.052936   WU    15.752716     15.752716
 ( 4   2) <--> ( 4   2)        0.059218      0.044656   (eb)
 ( 4   3) <--> ( 4   1)        0.084116      0.000786      0.000786   WU     0.233949      0.233949
 ( 4   3) <--> ( 4   2)       -0.009583      0.000010      0.000010   WU     0.003036      0.003036
 ( 4   3) <--> ( 4   3)       -0.497289     -0.375003   (eb)
 ( 4   4) <--> ( 4   1)        0.061271      0.000417      0.000417   WU     0.124129      0.124129
 ( 4   4) <--> ( 4   2)        0.881809      0.086399      0.086399   WU    25.710418     25.710418
 ( 4   4) <--> ( 4   3)       -0.200139      0.004451      0.004451   WU     1.324419      1.324419
 ( 4   4) <--> ( 4   4)        0.159032      0.119925   (eb)
 ( 4   1) <--> ( 5   1)       -0.027053      0.000081      0.000067   WU     0.024199      0.019800
 ( 4   1) <--> ( 5   2)        0.017977      0.000036      0.000029   WU     0.010685      0.008742
 ( 4   1) <--> ( 5   3)       -0.013641      0.000021      0.000017   WU     0.006153      0.005034
 ( 4   1) <--> ( 5   4)       -0.010260      0.000012      0.000010   WU     0.003480      0.002848
 ( 4   2) <--> ( 5   1)        0.710302      0.056059      0.045866   WU    16.681947     13.648866
 ( 4   2) <--> ( 5   2)       -0.070508      0.000552      0.000452   WU     0.164375      0.134489
 ( 4   2) <--> ( 5   3)        0.001044      0.000000      0.000000   WU     0.000036      0.000029
 ( 4   2) <--> ( 5   4)        0.003880      0.000002      0.000001   WU     0.000498      0.000407
 ( 4   3) <--> ( 5   1)        0.285487      0.009056      0.007409   WU     2.694849      2.204877
 ( 4   3) <--> ( 5   2)        0.458737      0.023382      0.019131   WU     6.958054      5.692953
 ( 4   3) <--> ( 5   3)        0.138747      0.002139      0.001750   WU     0.636517      0.520787
 ( 4   3) <--> ( 5   4)       -0.013049      0.000019      0.000015   WU     0.005630      0.004606
 ( 4   4) <--> ( 5   1)       -0.152570      0.002586      0.002116   WU     0.769657      0.629719
 ( 4   4) <--> ( 5   2)       -1.210772      0.162885      0.133270   WU    48.471348     39.658376
 ( 4   4) <--> ( 5   3)       -0.041168      0.000188      0.000154   WU     0.056037      0.045848
 ( 4   4) <--> ( 5   4)       -0.009481      0.000010      0.000008   WU     0.002972      0.002432
 ( 4   1) <--> ( 6   1)        1.403472      0.218859      0.151518   WU    65.127990     45.088609
 ( 4   1) <--> ( 6   2)       -0.096263      0.001030      0.000713   WU     0.306393      0.212118
 ( 4   1) <--> ( 6   3)       -0.059329      0.000391      0.000271   WU     0.116386      0.080575
 ( 4   1) <--> ( 6   4)        0.011008      0.000013      0.000009   WU     0.004007      0.002774
 ( 4   2) <--> ( 6   1)        0.125665      0.001755      0.001215   WU     0.522143      0.361484
 ( 4   2) <--> ( 6   2)       -1.233688      0.169110      0.117076   WU    50.323552     34.839382
 ( 4   2) <--> ( 6   3)       -0.031527      0.000110      0.000076   WU     0.032864      0.022752
 ( 4   2) <--> ( 6   4)        0.168925      0.003171      0.002195   WU     0.943512      0.653201
 ( 4   3) <--> ( 6   1)       -0.601657      0.040221      0.027846   WU    11.969030      8.286252
 ( 4   3) <--> ( 6   2)       -0.021205      0.000050      0.000035   WU     0.014868      0.010293
 ( 4   3) <--> ( 6   3)        1.568425      0.273329      0.189228   WU    81.336972     56.310211
 ( 4   3) <--> ( 6   4)        0.007394      0.000006      0.000004   WU     0.001808      0.001252
 ( 4   4) <--> ( 6   1)       -0.110503      0.001357      0.000939   WU     0.403749      0.279519
 ( 4   4) <--> ( 6   2)        0.147366      0.002413      0.001671   WU     0.718054      0.497114
 ( 4   4) <--> ( 6   3)        0.247493      0.006806      0.004712   WU     2.025278      1.402116
 ( 4   4) <--> ( 6   4)       -1.117885      0.138852      0.096128   WU    41.319418     28.605751
 ( 5   1) <--> ( 5   1)       -0.328040     -0.238198   (eb)
 ( 5   2) <--> ( 5   1)       -0.728842      0.048292      0.048292   WU    14.370670     14.370670
 ( 5   2) <--> ( 5   2)        0.301369      0.218832   (eb)
 ( 5   3) <--> ( 5   1)       -0.091965      0.000769      0.000769   WU     0.228799      0.228799
 ( 5   3) <--> ( 5   2)       -0.294054      0.007861      0.007861   WU     2.339187      2.339187
 ( 5   3) <--> ( 5   3)       -0.386670     -0.280771   (eb)
 ( 5   4) <--> ( 5   1)       -0.005698      0.000003      0.000003   WU     0.000878      0.000878
 ( 5   4) <--> ( 5   2)        0.089850      0.000734      0.000734   WU     0.218397      0.218397
 ( 5   4) <--> ( 5   3)       -0.794586      0.057397      0.057397   WU    17.080179     17.080179
 ( 5   4) <--> ( 5   4)        0.261016      0.189531   (eb)
 ( 5   1) <--> ( 6   1)       -0.596906      0.032391      0.027407   WU     9.638777      8.155888
 ( 5   1) <--> ( 6   2)       -0.396359      0.014282      0.012085   WU     4.249992      3.596147
 ( 5   1) <--> ( 6   3)        0.502203      0.022928      0.019401   WU     6.822902      5.773225
 ( 5   1) <--> ( 6   4)        0.618977      0.034830      0.029472   WU    10.364763      8.770184
 ( 5   2) <--> ( 6   1)       -0.000692      0.000000      0.000000   WU     0.000013      0.000011
 ( 5   2) <--> ( 6   2)        0.415415      0.015688      0.013275   WU     4.668465      3.950239
 ( 5   2) <--> ( 6   3)        0.038026      0.000131      0.000111   WU     0.039117      0.033099
 ( 5   2) <--> ( 6   4)        0.301037      0.008238      0.006971   WU     2.451602      2.074432
 ( 5   3) <--> ( 6   1)        0.005092      0.000002      0.000002   WU     0.000701      0.000593
 ( 5   3) <--> ( 6   2)       -0.075423      0.000517      0.000438   WU     0.153892      0.130217
 ( 5   3) <--> ( 6   3)        0.750005      0.051137      0.043270   WU    15.217347     12.876217
 ( 5   3) <--> ( 6   4)        0.074866      0.000510      0.000431   WU     0.151628      0.128300
 ( 5   4) <--> ( 6   1)       -0.000576      0.000000      0.000000   WU     0.000009      0.000008
 ( 5   4) <--> ( 6   2)       -0.008793      0.000007      0.000006   WU     0.002092      0.001770
 ( 5   4) <--> ( 6   3)       -0.004891      0.000002      0.000002   WU     0.000647      0.000548
 ( 5   4) <--> ( 6   4)        0.058542      0.000312      0.000264   WU     0.092713      0.078449
 ( 5   1) <--> ( 7   1)        1.578041      0.226383      0.166014   WU    67.366913     49.402403
 ( 5   1) <--> ( 7   2)       -0.150630      0.002063      0.001513   WU     0.613811      0.450128
 ( 5   1) <--> ( 7   3)        0.030922      0.000087      0.000064   WU     0.025866      0.018969
 ( 5   1) <--> ( 7   4)        0.001447      0.000000      0.000000   WU     0.000057      0.000042
 ( 5   2) <--> ( 7   1)        0.060549      0.000333      0.000244   WU     0.099180      0.072732
 ( 5   2) <--> ( 7   2)       -1.233668      0.138358      0.101462   WU    41.172465     30.193141
 ( 5   2) <--> ( 7   3)        0.019163      0.000033      0.000024   WU     0.009934      0.007285
 ( 5   2) <--> ( 7   4)        0.214359      0.004177      0.003063   WU     1.243065      0.911581
 ( 5   3) <--> ( 7   1)        0.654797      0.038978      0.028584   WU    11.599065      8.505981
 ( 5   3) <--> ( 7   2)       -0.099057      0.000892      0.000654   WU     0.265450      0.194663
 ( 5   3) <--> ( 7   3)        1.726750      0.271060      0.198778   WU    80.661986     59.152123
 ( 5   3) <--> ( 7   4)        0.120275      0.001315      0.000964   WU     0.391347      0.286988
 ( 5   4) <--> ( 7   1)        0.010010      0.000009      0.000007   WU     0.002711      0.001988
 ( 5   4) <--> ( 7   2)       -0.419468      0.015996      0.011730   WU     4.760005      3.490671
 ( 5   4) <--> ( 7   3)        0.224777      0.004593      0.003368   WU     1.366823      1.002337
 ( 5   4) <--> ( 7   4)        0.202653      0.003733      0.002738   WU     1.111002      0.814734
 ( 6   1) <--> ( 6   1)       -0.744294     -0.518919   (eb)
 ( 6   2) <--> ( 6   1)        0.761036      0.044552      0.044552   WU    13.257759     13.257759
 ( 6   2) <--> ( 6   2)       -0.069073     -0.048158   (eb)
 ( 6   3) <--> ( 6   1)        0.154322      0.001832      0.001832   WU     0.545152      0.545152
 ( 6   3) <--> ( 6   2)       -0.001131      0.000000      0.000000   WU     0.000029      0.000029
 ( 6   3) <--> ( 6   3)       -0.771841     -0.538125   (eb)
 ( 6   4) <--> ( 6   1)       -0.079663      0.000488      0.000488   WU     0.145270      0.145270
 ( 6   4) <--> ( 6   2)        1.080960      0.089883      0.089883   WU    26.747248     26.747248
 ( 6   4) <--> ( 6   3)        0.199384      0.003058      0.003058   WU     0.910000      0.910000
 ( 6   4) <--> ( 6   4)       -0.094577     -0.065939   (eb)
 ( 6   1) <--> ( 7   1)       -0.066272      0.000338      0.000293   WU     0.100537      0.087132
 ( 6   1) <--> ( 7   2)       -0.019974      0.000031      0.000027   WU     0.009132      0.007915
 ( 6   1) <--> ( 7   3)       -0.016712      0.000021      0.000019   WU     0.006393      0.005541
 ( 6   1) <--> ( 7   4)       -0.006473      0.000003      0.000003   WU     0.000959      0.000831
 ( 6   2) <--> ( 7   1)       -0.681276      0.035703      0.030942   WU    10.624426      9.207836
 ( 6   2) <--> ( 7   2)       -0.121931      0.001144      0.000991   WU     0.340319      0.294943
 ( 6   2) <--> ( 7   3)        0.007757      0.000005      0.000004   WU     0.001377      0.001194
 ( 6   2) <--> ( 7   4)       -0.022707      0.000040      0.000034   WU     0.011802      0.010229
 ( 6   3) <--> ( 7   1)        0.222574      0.003811      0.003303   WU     1.133985      0.982787
 ( 6   3) <--> ( 7   2)       -0.281428      0.006092      0.005280   WU     1.812979      1.571248
 ( 6   3) <--> ( 7   3)        0.152837      0.001797      0.001557   WU     0.534708      0.463414
 ( 6   3) <--> ( 7   4)       -0.014067      0.000015      0.000013   WU     0.004529      0.003925
 ( 6   4) <--> ( 7   1)        0.190887      0.002803      0.002429   WU     0.834091      0.722878
 ( 6   4) <--> ( 7   2)       -1.097165      0.092598      0.080251   WU    27.555187     23.881162
 ( 6   4) <--> ( 7   3)        0.063397      0.000309      0.000268   WU     0.092002      0.079735
 ( 6   4) <--> ( 7   4)       -0.083274      0.000533      0.000462   WU     0.158737      0.137572
 ( 6   1) <--> ( 8   1)       -1.816114      0.253713      0.194016   WU    75.499776     57.735123
 ( 6   1) <--> ( 8   2)       -0.151916      0.001775      0.001358   WU     0.528280      0.403979
 ( 6   1) <--> ( 8   3)       -0.053133      0.000217      0.000166   WU     0.064624      0.049418
 ( 6   1) <--> ( 8   4)        0.016897      0.000022      0.000017   WU     0.006535      0.004998
 ( 6   2) <--> ( 8   1)        0.097717      0.000735      0.000562   WU     0.218576      0.167146
 ( 6   2) <--> ( 8   2)        1.650482      0.209545      0.160241   WU    62.356407     47.684312
 ( 6   2) <--> ( 8   3)        0.039214      0.000118      0.000090   WU     0.035200      0.026918
 ( 6   2) <--> ( 8   4)       -0.223574      0.003845      0.002940   WU     1.144197      0.874974
 ( 6   3) <--> ( 8   1)        0.796707      0.048826      0.037338   WU    14.529715     11.110958
 ( 6   3) <--> ( 8   2)       -0.040653      0.000127      0.000097   WU     0.037830      0.028929
 ( 6   3) <--> ( 8   3)        2.068599      0.329162      0.251712   WU    97.951719     74.904256
 ( 6   3) <--> ( 8   4)       -0.004041      0.000001      0.000001   WU     0.000374      0.000286
 ( 6   4) <--> ( 8   1)       -0.047190      0.000171      0.000131   WU     0.050975      0.038981
 ( 6   4) <--> ( 8   2)       -0.227486      0.003981      0.003044   WU     1.184594      0.905866
 ( 6   4) <--> ( 8   3)       -0.178215      0.002443      0.001868   WU     0.727021      0.555957
 ( 6   4) <--> ( 8   4)        1.622792      0.202573      0.154909   WU    60.281666     46.097745
 ( 7   1) <--> ( 7   1)       -0.556981     -0.372989   (eb)
 ( 7   2) <--> ( 7   1)        0.892547      0.053109      0.053109   WU    15.804240     15.804240
 ( 7   2) <--> ( 7   2)        0.013489      0.009033   (eb)
 ( 7   3) <--> ( 7   1)       -0.165058      0.001816      0.001816   WU     0.540487      0.540487
 ( 7   3) <--> ( 7   2)        0.257063      0.004405      0.004405   WU     1.310962      1.310962
 ( 7   3) <--> ( 7   3)       -0.752210     -0.503726   (eb)
 ( 7   4) <--> ( 7   1)       -0.003368      0.000001      0.000001   WU     0.000225      0.000225
 ( 7   4) <--> ( 7   2)        1.039760      0.072073      0.072073   WU    21.447566     21.447566
 ( 7   4) <--> ( 7   3)       -0.120517      0.000968      0.000968   WU     0.288141      0.288141
 ( 7   4) <--> ( 7   4)        0.420461      0.281567   (eb)
 ( 7   1) <--> ( 8   1)        0.724084      0.034953      0.030841   WU    10.401335      9.177648
 ( 7   1) <--> ( 8   2)       -0.429486      0.012297      0.010850   WU     3.659398      3.228880
 ( 7   1) <--> ( 8   3)        0.461876      0.014222      0.012549   WU     4.232155      3.734254
 ( 7   1) <--> ( 8   4)        0.537632      0.019270      0.017003   WU     5.734311      5.059686
 ( 7   2) <--> ( 8   1)       -0.001770      0.000000      0.000000   WU     0.000062      0.000055
 ( 7   2) <--> ( 8   2)       -0.605760      0.024463      0.021585   WU     7.279691      6.423257
 ( 7   2) <--> ( 8   3)       -0.051446      0.000176      0.000156   WU     0.052506      0.046329
 ( 7   2) <--> ( 8   4)       -0.353181      0.008316      0.007337   WU     2.474605      2.183475
 ( 7   3) <--> ( 8   1)       -0.007996      0.000004      0.000004   WU     0.001268      0.001119
 ( 7   3) <--> ( 8   2)       -0.094302      0.000593      0.000523   WU     0.176423      0.155667
 ( 7   3) <--> ( 8   3)        0.822335      0.045082      0.039778   WU    13.415554     11.837253
 ( 7   3) <--> ( 8   4)        0.087290      0.000508      0.000448   WU     0.151162      0.133378
 ( 7   4) <--> ( 8   1)        0.005510      0.000002      0.000002   WU     0.000602      0.000531
 ( 7   4) <--> ( 8   2)       -0.026348      0.000046      0.000041   WU     0.013772      0.012152
 ( 7   4) <--> ( 8   3)       -0.026172      0.000046      0.000040   WU     0.013589      0.011990
 ( 7   4) <--> ( 8   4)       -0.378703      0.009561      0.008436   WU     2.845175      2.510448
 ( 7   1) <--> ( 9   1)       -2.070262      0.285732      0.225578   WU    85.028059     67.127415
 ( 7   1) <--> ( 9   2)        0.211664      0.002987      0.002358   WU     0.888805      0.701688
 ( 7   1) <--> ( 9   3)        0.013778      0.000013      0.000010   WU     0.003766      0.002973
 ( 7   1) <--> ( 9   4)       -0.001678      0.000000      0.000000   WU     0.000056      0.000044
 ( 7   2) <--> ( 9   1)        0.074203      0.000367      0.000290   WU     0.109232      0.086236
 ( 7   2) <--> ( 9   2)       -1.825925      0.222267      0.175474   WU    66.142003     52.217371
 ( 7   2) <--> ( 9   3)        0.007782      0.000004      0.000003   WU     0.001201      0.000949
 ( 7   2) <--> ( 9   4)        0.276052      0.005080      0.004011   WU     1.511798      1.193525
 ( 7   3) <--> ( 9   1)       -0.844877      0.047588      0.037569   WU    14.161158     11.179862
 ( 7   3) <--> ( 9   2)        0.240735      0.003864      0.003050   WU     1.149713      0.907668
 ( 7   3) <--> ( 9   3)        2.244233      0.335772      0.265083   WU    99.918865     78.883314
 ( 7   3) <--> ( 9   4)        0.053007      0.000187      0.000148   WU     0.055742      0.044007
 ( 7   4) <--> ( 9   1)        0.017879      0.000021      0.000017   WU     0.006341      0.005006
 ( 7   4) <--> ( 9   2)        0.156706      0.001637      0.001292   WU     0.487175      0.384612
 ( 7   4) <--> ( 9   3)        0.146111      0.001423      0.001124   WU     0.423521      0.334359
 ( 7   4) <--> ( 9   4)       -1.441714      0.138569      0.109397   WU    41.235379     32.554247
 ( 8   1) <--> ( 8   1)       -0.907053     -0.584320   (eb)
 ( 8   2) <--> ( 8   1)       -0.831537      0.040674      0.040674   WU    12.103679     12.103679
 ( 8   2) <--> ( 8   2)       -0.240898     -0.155186   (eb)
 ( 8   3) <--> ( 8   1)       -0.235156      0.003253      0.003253   WU     0.967978      0.967978
 ( 8   3) <--> ( 8   2)       -0.016880      0.000017      0.000017   WU     0.004987      0.004987
 ( 8   3) <--> ( 8   3)       -1.073696     -0.691671   (eb)
 ( 8   4) <--> ( 8   1)        0.079765      0.000374      0.000374   WU     0.111371      0.111371
 ( 8   4) <--> ( 8   2)        1.242128      0.090758      0.090758   WU    27.007647     27.007647
 ( 8   4) <--> ( 8   3)        0.313122      0.005767      0.005767   WU     1.716254      1.716254
 ( 8   4) <--> ( 8   4)       -0.323844     -0.208619   (eb)
 ( 8   1) <--> ( 9   1)       -0.116990      0.000805      0.000720   WU     0.239582      0.214363
 ( 8   1) <--> ( 9   2)       -0.016876      0.000017      0.000015   WU     0.004986      0.004461
 ( 8   1) <--> ( 9   3)        0.017015      0.000017      0.000015   WU     0.005068      0.004534
 ( 8   1) <--> ( 9   4)       -0.008510      0.000004      0.000004   WU     0.001268      0.001134
 ( 8   2) <--> ( 9   1)        0.686501      0.027723      0.024804   WU     8.249663      7.381278
 ( 8   2) <--> ( 9   2)        0.166948      0.001640      0.001467   WU     0.487883      0.436527
 ( 8   2) <--> ( 9   3)        0.002811      0.000000      0.000000   WU     0.000138      0.000124
 ( 8   2) <--> ( 9   4)        0.032375      0.000062      0.000055   WU     0.018348      0.016416
 ( 8   3) <--> ( 9   1)       -0.174075      0.001782      0.001595   WU     0.530428      0.474594
 ( 8   3) <--> ( 9   2)        0.216470      0.002756      0.002466   WU     0.820253      0.733910
 ( 8   3) <--> ( 9   3)        0.149234      0.001310      0.001172   WU     0.389842      0.348806
 ( 8   3) <--> ( 9   4)        0.037869      0.000084      0.000075   WU     0.025103      0.022460
 ( 8   4) <--> ( 9   1)       -0.188023      0.002080      0.001861   WU     0.618838      0.553697
 ( 8   4) <--> ( 9   2)        1.045028      0.064240      0.057478   WU    19.116556     17.104287
 ( 8   4) <--> ( 9   3)        0.045408      0.000121      0.000109   WU     0.036093      0.032294
 ( 8   4) <--> ( 9   4)        0.158578      0.001479      0.001324   WU     0.440188      0.393852
 ( 8   1) <--> (10   1)        2.250380      0.297895      0.241153   WU    88.647347     71.762138
 ( 8   1) <--> (10   2)       -0.215396      0.002729      0.002209   WU     0.812138      0.657445
 ( 8   1) <--> (10   3)        0.023679      0.000033      0.000027   WU     0.009814      0.007945
 ( 8   1) <--> (10   4)       -0.014556      0.000012      0.000010   WU     0.003709      0.003002
 ( 8   2) <--> (10   1)        0.058646      0.000202      0.000164   WU     0.060204      0.048737
 ( 8   2) <--> (10   2)       -2.097202      0.258721      0.209441   WU    76.989995     62.325234
 ( 8   2) <--> (10   3)        0.009803      0.000006      0.000005   WU     0.001682      0.001362
 ( 8   2) <--> (10   4)       -0.243867      0.003498      0.002832   WU     1.041024      0.842733
 ( 8   3) <--> (10   1)        1.012662      0.060323      0.048833   WU    17.950746     14.531556
 ( 8   3) <--> (10   2)       -0.078428      0.000362      0.000293   WU     0.107672      0.087163
 ( 8   3) <--> (10   3)        2.550907      0.382772      0.309863   WU   113.905101     92.208891
 ( 8   3) <--> (10   4)        0.075706      0.000337      0.000273   WU     0.100326      0.081216
 ( 8   4) <--> (10   1)       -0.006813      0.000003      0.000002   WU     0.000813      0.000658
 ( 8   4) <--> (10   2)        0.383647      0.008658      0.007009   WU     2.576422      2.085675
 ( 8   4) <--> (10   3)       -0.293487      0.005067      0.004102   WU     1.507754      1.220563
 ( 8   4) <--> (10   4)        2.103601      0.260302      0.210721   WU    77.460560     62.706167
 ( 9   1) <--> ( 9   1)       -0.758747     -0.471092   (eb)
 ( 9   2) <--> ( 9   1)        1.008630      0.053544      0.053544   WU    15.933564     15.933564
 ( 9   2) <--> ( 9   2)       -0.291542     -0.181013   (eb)
 ( 9   3) <--> ( 9   1)        0.200179      0.002109      0.002109   WU     0.627604      0.627604
 ( 9   3) <--> ( 9   2)       -0.380166      0.007607      0.007607   WU     2.263576      2.263576
 ( 9   3) <--> ( 9   3)       -1.142677     -0.709468   (eb)
 ( 9   4) <--> ( 9   1)        0.025665      0.000035      0.000035   WU     0.010316      0.010316
 ( 9   4) <--> ( 9   2)        1.313351      0.090784      0.090784   WU    27.015381     27.015381
 ( 9   4) <--> ( 9   3)        0.098534      0.000511      0.000511   WU     0.152062      0.152062
 ( 9   4) <--> ( 9   4)        0.099935      0.062048   (eb)
 ( 9   1) <--> (10   1)       -0.853059      0.038301      0.034653   WU    11.397443     10.311973
 ( 9   1) <--> (10   2)       -0.455687      0.010929      0.009888   WU     3.252234      2.942498
 ( 9   1) <--> (10   3)       -0.415834      0.009101      0.008234   WU     2.708253      2.450324
 ( 9   1) <--> (10   4)       -0.494992      0.012896      0.011667   WU     3.837479      3.472005
 ( 9   2) <--> (10   1)        0.000112      0.000000      0.000000   WU     0.000000      0.000000
 ( 9   2) <--> (10   2)       -0.755794      0.030064      0.027201   WU     8.946564      8.094510
 ( 9   2) <--> (10   3)        0.084272      0.000374      0.000338   WU     0.111230      0.100636
 ( 9   2) <--> (10   4)        0.423084      0.009421      0.008524   WU     2.803513      2.536512
 ( 9   3) <--> (10   1)       -0.004435      0.000001      0.000001   WU     0.000308      0.000279
 ( 9   3) <--> (10   2)        0.121565      0.000778      0.000704   WU     0.231454      0.209410
 ( 9   3) <--> (10   3)        0.874066      0.040210      0.036381   WU    11.965679     10.826090
 ( 9   3) <--> (10   4)        0.116129      0.000710      0.000642   WU     0.211217      0.191101
 ( 9   4) <--> (10   1)       -0.007613      0.000003      0.000003   WU     0.000908      0.000821
 ( 9   4) <--> (10   2)       -0.026672      0.000037      0.000034   WU     0.011142      0.010081
 ( 9   4) <--> (10   3)        0.068455      0.000247      0.000223   WU     0.073393      0.066403
 ( 9   4) <--> (10   4)        0.580753      0.017751      0.016061   WU     5.282417      4.779330
 (10   1) <--> (10   1)       -1.069589     -0.641319   (eb)
 (10   2) <--> (10   1)        0.909344      0.039376      0.039376   WU    11.717622     11.717622
 (10   2) <--> (10   2)       -0.524549     -0.314516   (eb)
 (10   3) <--> (10   1)       -0.304174      0.004406      0.004406   WU     1.311072      1.311072
 (10   3) <--> (10   2)        0.150553      0.001079      0.001079   WU     0.321191      0.321191
 (10   3) <--> (10   3)       -1.473133     -0.883281   (eb)
 (10   4) <--> (10   1)        0.035423      0.000060      0.000060   WU     0.017781      0.017781
 (10   4) <--> (10   2)       -1.390284      0.092042      0.092042   WU    27.389911     27.389911
 (10   4) <--> (10   3)        0.390701      0.007269      0.007269   WU     2.163082      2.163082
 (10   4) <--> (10   4)       -0.545700     -0.327198   (eb)
 
  quadrupole shape invariant: 01+, 02+, 03+, 04+
quadr2     0.29976431     0.48232594     0.45470693     0.74051187
quadr3     0.09751191     0.30784809     0.06902627     0.63442640
  effective deformation parameters:  01+, 02+, 03+, 04+
beteff     0.19693905     0.24981136     0.24255356     0.30953366
cos3ga     0.59413863     0.91902123     0.22512154     0.99559615
 
 ********* END Transition **************************
