 ********* BEGIN READER ****************************
 
 Nucleus            :  Rf 104 256
 Imin, Imax         :     0  10
 imu, remu          :     1 12.0000
 nlevel             :     4
 observables        :     2
 wave fun           :     1
 nbet, ngam, npar   :    10   7  10
 Finish reading parameters: V, B_k ...
 
 ********* END READER ******************************
 
 ********* BEGIN LEVELS ********************
 
 E_0 = -2209.640995
 
  I=   0   ntot= 127
   0   1    0.000000
   0   2    2.045783
   0   3    3.703543
   0   4    3.949129
 
  I=   2   ntot= 234
   2   1    1.699385
   2   2    3.227107
   2   3    3.623042
   2   4    3.996798
 
  I=   3   ntot= 108
   3   1    4.248130
   3   2    4.564422
   3   3    4.664962
   3   4    5.097195
 
  I=   4   ntot= 324
   4   1    3.162540
   4   2    4.094329
   4   3    4.293403
   4   4    4.441246
 
  I=   5   ntot= 198
   5   1    4.407732
   5   2    4.617156
   5   3    4.876056
   5   4    5.118105
 
  I=   6   ntot= 432
   6   1    4.235426
   6   2    4.447347
   6   3    4.478504
   6   4    4.680034
 
  I=   7   ntot= 306
   7   1    4.603864
   7   2    4.846597
   7   3    5.089224
   7   4    5.142391
 
  I=   8   ntot= 522
   8   1    4.417088
   8   2    4.666388
   8   3    4.905800
   8   4    5.007456
 
  I=   9   ntot= 397
   9   1    4.835871
   9   2    5.106071
   9   3    5.380129
   9   4    5.443484
 
  I=  10   ntot= 630
  10   1    4.637141
  10   2    4.908027
  10   3    5.165797
  10   4    5.296265
 
 ********* END LEVELS **********************
 
 ********* BEGIN Transition ************************
 
  Monopole moment 
 
   I   n    <In|E0|In>   ave \beta      del<b>   ave \gamma    del<g>  
     K=0       K=2       K=4   
   0   1     43.677729    0.070239    0.025709   27.271624   11.325361  100.0000    0.0000    0.0000
   0   2     43.844638    0.105910    0.038553   31.942809   11.792183  100.0000    0.0000    0.0000
   0   3     44.137869    0.155902    0.065169   34.462976   11.137163  100.0000    0.0000    0.0000
   0   4     46.960100    0.464942    0.072281   14.653158   10.713562   99.9998    0.0000    0.0000
   2   1     43.783153    0.093780    0.027489   30.647165   11.257094   52.9675   47.0325    0.0000
   2   2     43.931043    0.120705    0.040543   34.345721   10.793505   39.5136   60.4864    0.0000
   2   3     43.983017    0.133482    0.045621   27.160709   10.745543   71.3144   28.6857    0.0000
   2   4     47.044420    0.472755    0.068413   13.848393   10.270798   99.0520    0.9478    0.0000
   3   1     46.828843    0.444926    0.069291   19.738762    9.563184    0.0000   99.9998    0.0000
   3   2     44.491322    0.218881    0.157599   21.406694   13.863877    0.0000  100.0000    0.0000
   3   3     46.606935    0.431016    0.118485   18.714565   12.926243    0.0000   99.9998    0.0000
   3   4     46.667415    0.429416    0.109626   22.160671    8.624463    0.0000   99.9998    0.0000
   4   1     43.910551    0.116781    0.031564   33.229568   10.506919   35.7306   37.3737   26.8957
   4   2     47.117097    0.479422    0.066845   13.188011    9.934078   96.7954    3.0826    0.1218
   4   3     46.685711    0.432883    0.081836   20.284872   11.227426   14.5083   77.7043    7.7872
   4   4     45.921885    0.368419    0.126953   22.229084   11.732202   13.9709   37.6389   48.3902
   5   1     46.991317    0.459975    0.067441   18.285788    9.251824    0.0000   94.6067    5.3931
   5   2     46.814706    0.438498    0.068780   22.381589    9.563663    0.0000   10.8142   89.1856
   5   3     47.021727    0.461726    0.094436   18.510954   12.231063    0.0000   85.9069   14.0928
   5   4     47.135114    0.469350    0.100341   18.893380   11.049309    0.0000   13.8445   86.1552
   6   1     47.187094    0.485443    0.065938   12.750742    9.690817   93.8188    5.8852    0.2635
   6   2     45.436587    0.328715    0.152722   20.369727   12.452973   26.9763   49.6287   14.6714
   6   3     45.597669    0.346942    0.154473   19.047530   11.253944   22.8607   56.6510   12.6551
   6   4     46.852757    0.446099    0.088763   19.916935   12.130912   15.8636   46.9290   26.4845
   7   1     47.128007    0.472293    0.066657   17.194502    8.941744    0.0000   90.7159    8.7592
   7   2     46.947628    0.450704    0.072087   21.179152   10.164417    0.0000   18.5192   67.3194
   7   3     46.954569    0.447670    0.070066   22.915028    9.258202    0.0000    0.4693   26.6167
   7   4     47.162230    0.472414    0.092217   18.395271   11.632523    0.0000   73.1903   19.0583
   8   1     47.259907    0.491328    0.065192   12.481389    9.497605   90.3882    9.0695    0.4971
   8   2     47.005726    0.461377    0.075539   18.075209   11.563524   26.2512   61.4492   10.7722
   8   3     47.042660    0.463268    0.088045   18.405739   12.160738   14.9287   60.1514   15.8878
   8   4     47.073814    0.463854    0.076313   19.362149   11.123202   40.4318    3.1561   43.1803
   9   1     47.255445    0.483314    0.066142   16.364077    8.635978    0.0000   87.3812   11.5264
   9   2     47.073966    0.461883    0.073883   20.235641   10.415978    0.0000   23.6079   56.0515
   9   3     47.184613    0.468982    0.079758   20.679400   10.133959    0.0000    3.5874   48.5712
   9   4     47.260214    0.478864    0.091788   18.734305   11.356255    0.0000   61.7919   11.9527
  10   1     47.333874    0.497050    0.065046   12.335345    9.329980   86.4874   12.5890    0.8415
  10   2     47.112119    0.470699    0.075633   17.376472   11.723730   31.4150   53.6866   12.7150
  10   3     47.180167    0.474930    0.087877   17.696682   12.129853   13.2408   65.5831   12.4224
  10   4     47.253867    0.479460    0.076951   18.198370   10.795386   38.1961    3.1329   42.8095
 
  rho^2(E0) 
 
   I  n_1 n_2  <In_1|E0|In_2>  rho^2(E0) 
   0   1   1       43.677729 3885.602374
   0   2   1        0.088211    0.015848
   0   2   2       43.844638 3915.355790
   0   3   1        0.010375    0.000219
   0   3   2       -0.167060    0.056844
   0   3   3       44.137869 3967.902387
   0   4   1       -0.001143    0.000003
   0   4   2        0.013189    0.000354
   0   4   3        0.187808    0.071840
   0   4   4       46.960100 4491.550375
   2   1   1       43.783153 3904.382030
   2   2   1       -0.095942    0.018748
   2   2   2       43.931043 3930.802942
   2   3   1        0.087056    0.015436
   2   3   2       -0.046803    0.004462
   2   3   3       43.983017 3940.109335
   2   4   1       -0.002493    0.000013
   2   4   2       -0.009687    0.000191
   2   4   3        0.058013    0.006855
   2   4   4       47.044420 4507.694553
   3   1   1       46.828843 4466.477094
   3   2   1       -0.379140    0.292777
   3   2   2       44.491322 4031.706067
   3   3   1        0.460856    0.432583
   3   3   2       -0.898756    1.645213
   3   3   3       46.606935 4424.246609
   3   4   1        0.495928    0.500928
   3   4   2       -0.201000    0.082287
   3   4   3       -0.273770    0.152655
   3   4   4       46.667415 4435.736494
   4   1   1       43.910551 3927.136793
   4   2   1       -0.010128    0.000209
   4   2   2       47.117097 4521.632818
   4   3   1       -0.034922    0.002484
   4   3   2       -0.214185    0.093436
   4   3   3       46.685711 4439.215210
   4   4   1       -0.092798    0.017540
   4   4   2       -0.169797    0.058722
   4   4   3       -0.515015    0.540230
   4   4   4       45.921885 4295.143260
   5   1   1       46.991317 4497.523892
   5   2   1       -0.191315    0.074548
   5   2   2       46.814706 4463.780759
   5   3   1       -0.538797    0.591273
   5   3   2       -0.023134    0.001090
   5   3   3       47.021727 4503.346903
   5   4   1       -0.004374    0.000039
   5   4   2        0.603063    0.740736
   5   4   3        0.007556    0.000116
   5   4   4       47.135114 4525.091520
   6   1   1       47.187094 4535.077431
   6   2   1        0.237478    0.114865
   6   2   2       45.436587 4204.841681
   6   3   1       -0.069103    0.009726
   6   3   2       -1.392336    3.948445
   6   3   3       45.597669 4234.708569
   6   4   1       -0.210840    0.090541
   6   4   2        0.062310    0.007908
   6   4   3       -0.437594    0.390015
   6   4   4       46.852757 4471.039885
   7   1   1       47.128007 4523.727034
   7   2   1        0.245223    0.122478
   7   2   2       46.947628 4489.164819
   7   3   1       -0.066523    0.009013
   7   3   2        0.227584    0.105493
   7   3   3       46.954569 4490.492385
   7   4   1        0.520483    0.551762
   7   4   2       -0.036982    0.002786
   7   4   3       -0.099429    0.020136
   7   4   4       47.162230 4530.299416
   8   1   1       47.259907 4549.084238
   8   2   1        0.227750    0.105646
   8   2   2       47.005726 4500.282455
   8   3   1       -0.242374    0.119649
   8   3   2        0.393440    0.315278
   8   3   3       47.042660 4507.357382
   8   4   1        0.246061    0.123317
   8   4   2        0.009839    0.000197
   8   4   3       -0.099876    0.020317
   8   4   4       47.073814 4513.329297
   9   1   1       47.255445 4548.225238
   9   2   1       -0.267661    0.145917
   9   2   2       47.073966 4513.358486
   9   3   1        0.197007    0.079050
   9   3   2        0.312513    0.198918
   9   3   3       47.184613 4534.600525
   9   4   1       -0.509323    0.528353
   9   4   2        0.014127    0.000406
   9   4   3       -0.169206    0.058314
   9   4   4       47.260214 4549.143297
  10   1   1       47.333874 4563.335038
  10   2   1        0.231746    0.109386
  10   2   2       47.112119 4520.677430
  10   3   1       -0.259082    0.136714
  10   3   2        0.402153    0.329398
  10   3   3       47.180167 4533.746098
  10   4   1        0.260751    0.138481
  10   4   2        0.024892    0.001262
  10   4   3       -0.094248    0.018092
  10   4   4       47.253867 4547.921447
 
  E2 transition 
 
  I1  n1        I2  n2       <f||E2||i>   B(E2,I1->I2)  B(E2,I2->I1)
 ( 0   1) <--> ( 2   1)        1.234374      1.523680      0.304736   WU   100.162213     20.032443
 ( 0   1) <--> ( 2   2)        0.529752      0.280637      0.056127   WU    18.448277      3.689655
 ( 0   1) <--> ( 2   3)        0.188813      0.035650      0.007130   WU     2.343547      0.468709
 ( 0   1) <--> ( 2   4)       -0.002263      0.000005      0.000001   WU     0.000337      0.000067
 ( 0   2) <--> ( 2   1)        1.053320      1.109483      0.221897   WU    72.934099     14.586820
 ( 0   2) <--> ( 2   2)       -0.697598      0.486643      0.097329   WU    31.990462      6.398092
 ( 0   2) <--> ( 2   3)        1.310657      1.717821      0.343564   WU   112.924488     22.584898
 ( 0   2) <--> ( 2   4)       -0.041526      0.001724      0.000345   WU     0.113355      0.022671
 ( 0   3) <--> ( 2   1)       -0.036372      0.001323      0.000265   WU     0.086967      0.017393
 ( 0   3) <--> ( 2   2)        1.095589      1.200316      0.240063   WU    78.905239     15.781048
 ( 0   3) <--> ( 2   3)       -1.263215      1.595712      0.319142   WU   104.897403     20.979481
 ( 0   3) <--> ( 2   4)       -0.545367      0.297426      0.059485   WU    19.551876      3.910375
 ( 0   4) <--> ( 2   1)        0.000812      0.000001      0.000000   WU     0.000043      0.000009
 ( 0   4) <--> ( 2   2)       -0.073121      0.005347      0.001069   WU     0.351478      0.070296
 ( 0   4) <--> ( 2   3)       -0.095002      0.009025      0.001805   WU     0.593305      0.118661
 ( 0   4) <--> ( 2   4)       -8.172843     66.795359     13.359072   WU  4390.928943    878.185789
 ( 2   1) <--> ( 2   1)        0.487844      0.369754   (eb)
 ( 2   2) <--> ( 2   1)       -1.539196      0.473825      0.473825   WU    31.147828     31.147828
 ( 2   2) <--> ( 2   2)        1.133684      0.859257   (eb)
 ( 2   3) <--> ( 2   1)       -1.270746      0.322959      0.322959   WU    21.230365     21.230365
 ( 2   3) <--> ( 2   2)       -0.707200      0.100026      0.100026   WU     6.575437      6.575437
 ( 2   3) <--> ( 2   3)       -1.512003     -1.145997   (eb)
 ( 2   4) <--> ( 2   1)        0.030663      0.000188      0.000188   WU     0.012362      0.012362
 ( 2   4) <--> ( 2   2)        0.016316      0.000053      0.000053   WU     0.003500      0.003500
 ( 2   4) <--> ( 2   3)       -0.105039      0.002207      0.002207   WU     0.145057      0.145057
 ( 2   4) <--> ( 2   4)       -9.361913     -7.095704   (eb)
 ( 2   1) <--> ( 3   1)        0.036288      0.000263      0.000188   WU     0.017312      0.012366
 ( 2   1) <--> ( 3   2)        0.755447      0.114140      0.081528   WU     7.503218      5.359442
 ( 2   1) <--> ( 3   3)        0.321331      0.020651      0.014750   WU     1.357514      0.969653
 ( 2   1) <--> ( 3   4)        0.203086      0.008249      0.005892   WU     0.542248      0.387320
 ( 2   2) <--> ( 3   1)       -0.178043      0.006340      0.004528   WU     0.416764      0.297689
 ( 2   2) <--> ( 3   2)       -2.131856      0.908962      0.649259   WU    59.752484     42.680346
 ( 2   2) <--> ( 3   3)       -0.773076      0.119529      0.085378   WU     7.857510      5.612507
 ( 2   2) <--> ( 3   4)       -0.255511      0.013057      0.009327   WU     0.858337      0.613098
 ( 2   3) <--> ( 3   1)       -0.041626      0.000347      0.000248   WU     0.022781      0.016272
 ( 2   3) <--> ( 3   2)       -1.166423      0.272108      0.194363   WU    17.887603     12.776859
 ( 2   3) <--> ( 3   3)       -0.504856      0.050976      0.036411   WU     3.351008      2.393577
 ( 2   3) <--> ( 3   4)       -0.310832      0.019323      0.013802   WU     1.270254      0.907325
 ( 2   4) <--> ( 3   1)       -1.376676      0.379048      0.270748   WU    24.917460     17.798186
 ( 2   4) <--> ( 3   2)        0.194182      0.007541      0.005387   WU     0.495746      0.354104
 ( 2   4) <--> ( 3   3)       -0.174267      0.006074      0.004338   WU     0.399274      0.285196
 ( 2   4) <--> ( 3   4)       -0.132630      0.003518      0.002513   WU     0.231274      0.165195
 ( 2   1) <--> ( 4   1)        2.536026      1.286286      0.714603   WU    84.556600     46.975889
 ( 2   1) <--> ( 4   2)        0.014188      0.000040      0.000022   WU     0.002647      0.001470
 ( 2   1) <--> ( 4   3)        0.095288      0.001816      0.001009   WU     0.119375      0.066319
 ( 2   1) <--> ( 4   4)        0.355594      0.025289      0.014050   WU     1.662451      0.923584
 ( 2   2) <--> ( 4   1)       -1.184712      0.280709      0.155949   WU    18.452947     10.251637
 ( 2   2) <--> ( 4   2)        0.078532      0.001233      0.000685   WU     0.081084      0.045047
 ( 2   2) <--> ( 4   3)        0.409382      0.033519      0.018622   WU     2.203422      1.224123
 ( 2   2) <--> ( 4   4)        1.256012      0.315513      0.175285   WU    20.740906     11.522725
 ( 2   3) <--> ( 4   1)        1.423861      0.405476      0.225264   WU    26.654791     14.808217
 ( 2   3) <--> ( 4   2)       -0.315595      0.019920      0.011067   WU     1.309488      0.727493
 ( 2   3) <--> ( 4   3)       -0.417649      0.034886      0.019381   WU     2.293306      1.274059
 ( 2   3) <--> ( 4   4)       -0.686343      0.094213      0.052341   WU     6.193304      3.440725
 ( 2   4) <--> ( 4   1)       -0.009745      0.000019      0.000011   WU     0.001249      0.000694
 ( 2   4) <--> ( 4   2)      -13.419781     36.018102     20.010057   WU  2367.723296   1315.401831
 ( 2   4) <--> ( 4   3)        0.500612      0.050122      0.027846   WU     3.294897      1.830498
 ( 2   4) <--> ( 4   4)        0.437977      0.038365      0.021314   WU     2.521987      1.401104
 ( 3   1) <--> ( 3   1)        0.000000      0.000000   (eb)
 ( 3   2) <--> ( 3   1)        0.000000      0.000000      0.000000   WU     0.000000      0.000000
 ( 3   2) <--> ( 3   2)        0.000000      0.000000   (eb)
 ( 3   3) <--> ( 3   1)        0.000000      0.000000      0.000000   WU     0.000000      0.000000
 ( 3   3) <--> ( 3   2)        0.000000      0.000000      0.000000   WU     0.000000      0.000000
 ( 3   3) <--> ( 3   3)        0.000000      0.000000   (eb)
 ( 3   4) <--> ( 3   1)        0.000000      0.000000      0.000000   WU     0.000000      0.000000
 ( 3   4) <--> ( 3   2)        0.000000      0.000000      0.000000   WU     0.000000      0.000000
 ( 3   4) <--> ( 3   3)        0.000000      0.000000      0.000000   WU     0.000000      0.000000
 ( 3   4) <--> ( 3   4)        0.000000      0.000000   (eb)
 ( 3   1) <--> ( 4   1)        0.106097      0.001608      0.001251   WU     0.105711      0.082220
 ( 3   1) <--> ( 4   2)       -3.210253      1.472247      1.145081   WU    96.781122     75.274206
 ( 3   1) <--> ( 4   3)       -9.582308     13.117232     10.202291   WU   862.287944    670.668401
 ( 3   1) <--> ( 4   4)        6.238201      5.559308      4.323906   WU   365.452428    284.240778
 ( 3   2) <--> ( 4   1)        1.534474      0.336373      0.261623   WU    22.112164     17.198350
 ( 3   2) <--> ( 4   2)        0.255233      0.009306      0.007238   WU     0.611765      0.475817
 ( 3   2) <--> ( 4   3)        0.762603      0.083080      0.064618   WU     5.461457      4.247800
 ( 3   2) <--> ( 4   4)       -2.170524      0.673025      0.523464   WU    44.242681     34.410974
 ( 3   3) <--> ( 4   1)        0.592275      0.050113      0.038977   WU     3.294270      2.562210
 ( 3   3) <--> ( 4   2)       -0.235446      0.007919      0.006159   WU     0.520587      0.404901
 ( 3   3) <--> ( 4   3)       -0.939110      0.125990      0.097992   WU     8.282181      6.441696
 ( 3   3) <--> ( 4   4)        3.149604      1.417144      1.102223   WU    93.158847     72.456881
 ( 3   4) <--> ( 4   1)        0.265252      0.010051      0.007818   WU     0.660738      0.513907
 ( 3   4) <--> ( 4   2)       -0.185982      0.004941      0.003843   WU     0.324828      0.252644
 ( 3   4) <--> ( 4   3)       -0.491898      0.034566      0.026885   WU     2.272285      1.767333
 ( 3   4) <--> ( 4   4)        1.045016      0.156008      0.121340   WU    10.255535      7.976527
 ( 3   1) <--> ( 5   1)       11.319284     18.303740     11.647835   WU  1203.233641    765.694135
 ( 3   1) <--> ( 5   2)        0.180373      0.004648      0.002958   WU     0.305532      0.194429
 ( 3   1) <--> ( 5   3)       -0.479261      0.032813      0.020881   WU     2.157028      1.372654
 ( 3   1) <--> ( 5   4)        0.248566      0.008826      0.005617   WU     0.580223      0.369233
 ( 3   2) <--> ( 5   1)       -1.699021      0.412382      0.262425   WU    27.108766     17.251033
 ( 3   2) <--> ( 5   2)        1.503692      0.323013      0.205554   WU    21.233896     13.512479
 ( 3   2) <--> ( 5   3)        3.643325      1.896259      1.206710   WU   124.654455     79.325562
 ( 3   2) <--> ( 5   4)       -0.368702      0.019420      0.012358   WU     1.276626      0.812399
 ( 3   3) <--> ( 5   1)        2.625297      0.984598      0.626562   WU    64.724546     41.188347
 ( 3   3) <--> ( 5   2)       -4.144185      2.453467      1.561297   WU   161.283650    102.635050
 ( 3   3) <--> ( 5   3)       -9.526197     12.964062      8.249858   WU   852.219011    542.321189
 ( 3   3) <--> ( 5   4)       -0.720341      0.074127      0.047172   WU     4.872908      3.100941
 ( 3   4) <--> ( 5   1)        0.891121      0.113442      0.072191   WU     7.457367      4.745597
 ( 3   4) <--> ( 5   2)        0.966444      0.133430      0.084910   WU     8.771324      5.581752
 ( 3   4) <--> ( 5   3)        0.423779      0.025656      0.016326   WU     1.686521      1.073240
 ( 3   4) <--> ( 5   4)        1.957352      0.547318      0.348293   WU    35.979078     22.895777
 ( 4   1) <--> ( 4   1)        0.808129      0.609406   (eb)
 ( 4   2) <--> ( 4   1)        0.015357      0.000026      0.000026   WU     0.001723      0.001723
 ( 4   2) <--> ( 4   2)      -11.728159     -8.844152   (eb)
 ( 4   3) <--> ( 4   1)       -0.136180      0.002061      0.002061   WU     0.135456      0.135456
 ( 4   3) <--> ( 4   2)        4.332543      2.085659      2.085659   WU   137.105022    137.105022
 ( 4   3) <--> ( 4   3)       -2.717920     -2.049571   (eb)
 ( 4   4) <--> ( 4   1)       -0.668602      0.049670      0.049670   WU     3.265147      3.265147
 ( 4   4) <--> ( 4   2)       -0.195087      0.004229      0.004229   WU     0.277988      0.277988
 ( 4   4) <--> ( 4   3)        4.666880      2.419974      2.419974   WU   159.081943    159.081943
 ( 4   4) <--> ( 4   4)        3.584547      2.703091   (eb)
 ( 4   1) <--> ( 5   1)        0.024477      0.000067      0.000054   WU     0.004376      0.003580
 ( 4   1) <--> ( 5   2)        0.028776      0.000092      0.000075   WU     0.006048      0.004949
 ( 4   1) <--> ( 5   3)        0.060771      0.000410      0.000336   WU     0.026975      0.022071
 ( 4   1) <--> ( 5   4)       -0.082996      0.000765      0.000626   WU     0.050314      0.041166
 ( 4   2) <--> ( 5   1)        0.799612      0.071042      0.058125   WU     4.670102      3.820993
 ( 4   2) <--> ( 5   2)        0.000756      0.000000      0.000000   WU     0.000004      0.000003
 ( 4   2) <--> ( 5   3)       -0.212840      0.005033      0.004118   WU     0.330884      0.270723
 ( 4   2) <--> ( 5   4)       -0.013552      0.000020      0.000017   WU     0.001341      0.001097
 ( 4   3) <--> ( 5   1)       -9.142121      9.286485      7.598034   WU   610.466028    499.472205
 ( 4   3) <--> ( 5   2)        1.962589      0.427973      0.350160   WU    28.133666     23.018454
 ( 4   3) <--> ( 5   3)        0.346282      0.013323      0.010901   WU     0.875846      0.716601
 ( 4   3) <--> ( 5   4)        0.179057      0.003562      0.002915   WU     0.234179      0.191601
 ( 4   4) <--> ( 5   1)        3.568105      1.414597      1.157398   WU    92.991421     76.083890
 ( 4   4) <--> ( 5   2)       -9.371579      9.758500      7.984227   WU   641.494843    524.859417
 ( 4   4) <--> ( 5   3)       -0.412137      0.018873      0.015442   WU     1.240651      1.015078
 ( 4   4) <--> ( 5   4)       -0.397617      0.017567      0.014373   WU     1.154777      0.944818
 ( 4   1) <--> ( 6   1)       -0.134105      0.001998      0.001383   WU     0.131359      0.090941
 ( 4   1) <--> ( 6   2)        2.832139      0.891224      0.617001   WU    58.586410     40.559822
 ( 4   1) <--> ( 6   3)        2.755061      0.843374      0.583874   WU    55.440884     38.382151
 ( 4   1) <--> ( 6   4)        0.411884      0.018850      0.013050   WU     1.239133      0.857861
 ( 4   2) <--> ( 6   1)       17.356818     33.473236     23.173779   WU  2200.431347   1523.375548
 ( 4   2) <--> ( 6   2)        0.893357      0.088676      0.061391   WU     5.829320      4.035683
 ( 4   2) <--> ( 6   3)       -0.238469      0.006319      0.004374   WU     0.415367      0.287562
 ( 4   2) <--> ( 6   4)       -0.409919      0.018670      0.012926   WU     1.227335      0.849694
 ( 4   3) <--> ( 6   1)       -0.126739      0.001785      0.001236   WU     0.117323      0.081224
 ( 4   3) <--> ( 6   2)       -9.875670     10.836539      7.502219   WU   712.361966    493.173669
 ( 4   3) <--> ( 6   3)        9.527069     10.085005      6.981927   WU   662.958366    458.971177
 ( 4   3) <--> ( 6   4)       -0.251900      0.007050      0.004881   WU     0.463472      0.320865
 ( 4   4) <--> ( 6   1)       -1.592004      0.281608      0.194960   WU    18.512105     12.816073
 ( 4   4) <--> ( 6   2)        0.045092      0.000226      0.000156   WU     0.014851      0.010282
 ( 4   4) <--> ( 6   3)       -3.344765      1.243050      0.860573   WU    81.714446     56.571540
 ( 4   4) <--> ( 6   4)        8.575579      8.171172      5.656965   WU   537.148654    371.872145
 ( 5   1) <--> ( 5   1)       -6.322478     -4.590921   (eb)
 ( 5   2) <--> ( 5   1)        5.183928      2.443010      2.443010   WU   160.596227    160.596227
 ( 5   2) <--> ( 5   2)        5.121307      3.718719   (eb)
 ( 5   3) <--> ( 5   1)        0.255280      0.005924      0.005924   WU     0.389450      0.389450
 ( 5   3) <--> ( 5   2)       -2.394770      0.521357      0.521357   WU    34.272435     34.272435
 ( 5   3) <--> ( 5   3)       -4.914821     -3.568784   (eb)
 ( 5   4) <--> ( 5   1)        0.341246      0.010586      0.010586   WU     0.695910      0.695910
 ( 5   4) <--> ( 5   2)        0.238549      0.005173      0.005173   WU     0.340073      0.340073
 ( 5   4) <--> ( 5   3)       -6.015913      3.290110      3.290110   WU   216.282086    216.282086
 ( 5   4) <--> ( 5   4)        4.988220      3.622081   (eb)
 ( 5   1) <--> ( 6   1)       -4.248526      1.640906      1.388459   WU   107.868327     91.273200
 ( 5   1) <--> ( 6   2)        5.870367      3.132837      2.650862   WU   205.943436    174.259830
 ( 5   1) <--> ( 6   3)       -6.816745      4.224365      3.574463   WU   277.697222    234.974572
 ( 5   1) <--> ( 6   4)        4.642326      1.959199      1.657784   WU   128.791956    108.977809
 ( 5   2) <--> ( 6   1)        0.178046      0.002882      0.002438   WU     0.189444      0.160299
 ( 5   2) <--> ( 6   2)        2.142909      0.417460      0.353235   WU    27.442576     23.220641
 ( 5   2) <--> ( 6   3)       -1.453667      0.192104      0.162550   WU    12.628368     10.685543
 ( 5   2) <--> ( 6   4)       -8.576857      6.687497      5.658651   WU   439.616240    371.982973
 ( 5   3) <--> ( 6   1)        0.293610      0.007837      0.006631   WU     0.515180      0.435921
 ( 5   3) <--> ( 6   2)       -0.184861      0.003107      0.002629   WU     0.204225      0.172806
 ( 5   3) <--> ( 6   3)        1.223572      0.136103      0.115164   WU     8.946979      7.570521
 ( 5   3) <--> ( 6   4)       -3.386289      1.042450      0.882073   WU    68.527592     57.984886
 ( 5   4) <--> ( 6   1)        0.000027      0.000000      0.000000   WU     0.000000      0.000000
 ( 5   4) <--> ( 6   2)       -0.092058      0.000770      0.000652   WU     0.050646      0.042854
 ( 5   4) <--> ( 6   3)       -0.506314      0.023305      0.019720   WU     1.531997      1.296305
 ( 5   4) <--> ( 6   4)       -1.169960      0.124437      0.105293   WU     8.180120      6.921640
 ( 5   1) <--> ( 7   1)       16.146138     23.699798     17.379852   WU  1557.954493   1142.499962
 ( 5   1) <--> ( 7   2)        0.379450      0.013089      0.009599   WU     0.860452      0.630998
 ( 5   1) <--> ( 7   3)       -0.116612      0.001236      0.000907   WU     0.081265      0.059594
 ( 5   1) <--> ( 7   4)        0.573320      0.029881      0.021913   WU     1.964317      1.440499
 ( 5   2) <--> ( 7   1)       -1.177584      0.126064      0.092447   WU     8.287069      6.077184
 ( 5   2) <--> ( 7   2)      -11.182615     11.368261      8.336725   WU   747.315807    548.031592
 ( 5   2) <--> ( 7   3)        0.065552      0.000391      0.000286   WU     0.025680      0.018832
 ( 5   2) <--> ( 7   4)        0.059200      0.000319      0.000234   WU     0.020944      0.015359
 ( 5   3) <--> ( 7   1)       -3.714516      1.254330      0.919842   WU    82.455912     60.467669
 ( 5   3) <--> ( 7   2)       -3.795347      1.309514      0.960310   WU    86.083581     63.127960
 ( 5   3) <--> ( 7   3)        1.881006      0.321653      0.235879   WU    21.144516     15.505979
 ( 5   3) <--> ( 7   4)      -14.310262     18.616691     13.652240   WU  1223.806104    897.457810
 ( 5   4) <--> ( 7   1)       -0.025170      0.000058      0.000042   WU     0.003786      0.002776
 ( 5   4) <--> ( 7   2)       -3.078783      0.861718      0.631927   WU    56.646815     41.540997
 ( 5   4) <--> ( 7   3)       -5.132445      2.394727      1.756133   WU   157.422227    115.442967
 ( 5   4) <--> ( 7   4)       -0.278396      0.007046      0.005167   WU     0.463175      0.339661
 ( 6   1) <--> ( 6   1)      -13.786684     -9.612036   (eb)
 ( 6   2) <--> ( 6   1)       -3.695223      1.050360      1.050360   WU    69.047523     69.047523
 ( 6   2) <--> ( 6   2)       -2.849349     -1.986558   (eb)
 ( 6   3) <--> ( 6   1)        3.141168      0.758995      0.758995   WU    49.894085     49.894085
 ( 6   3) <--> ( 6   2)        4.164777      1.334259      1.334259   WU    87.710219     87.710219
 ( 6   3) <--> ( 6   3)       -3.834301     -2.673264   (eb)
 ( 6   4) <--> ( 6   1)        0.268980      0.005565      0.005565   WU     0.365853      0.365853
 ( 6   4) <--> ( 6   2)       -3.868623      1.151249      1.151249   WU    75.679720     75.679720
 ( 6   4) <--> ( 6   3)        4.418133      1.501531      1.501531   WU    98.706192     98.706192
 ( 6   4) <--> ( 6   4)       -3.638247     -2.536575   (eb)
 ( 6   1) <--> ( 7   1)        0.422917      0.013758      0.011924   WU     0.904434      0.783842
 ( 6   1) <--> ( 7   2)        0.006474      0.000003      0.000003   WU     0.000212      0.000184
 ( 6   1) <--> ( 7   3)       -0.009941      0.000008      0.000007   WU     0.000500      0.000433
 ( 6   1) <--> ( 7   4)        0.184766      0.002626      0.002276   WU     0.172629      0.149611
 ( 6   2) <--> ( 7   1)        5.478884      2.309090      2.001211   WU   151.792722    131.553693
 ( 6   2) <--> ( 7   2)        0.626476      0.030190      0.026165   WU     1.984610      1.719996
 ( 6   2) <--> ( 7   3)       -0.056707      0.000247      0.000214   WU     0.016261      0.014093
 ( 6   2) <--> ( 7   4)       -0.030238      0.000070      0.000061   WU     0.004624      0.004007
 ( 6   3) <--> ( 7   1)       -6.235805      2.991174      2.592351   WU   196.630945    170.413486
 ( 6   3) <--> ( 7   2)       -1.559776      0.187146      0.162193   WU    12.302442     10.662116
 ( 6   3) <--> ( 7   3)        0.175876      0.002379      0.002062   WU     0.156416      0.135561
 ( 6   3) <--> ( 7   4)       -0.259661      0.005186      0.004495   WU     0.340942      0.295483
 ( 6   4) <--> ( 7   1)        3.442516      0.911609      0.790061   WU    59.926458     51.936264
 ( 6   4) <--> ( 7   2)       10.166580      7.950719      6.890624   WU   522.656734    452.969169
 ( 6   4) <--> ( 7   3)        2.117784      0.345001      0.299000   WU    22.679315     19.655406
 ( 6   4) <--> ( 7   4)        0.153476      0.001812      0.001570   WU     0.119109      0.103228
 ( 6   1) <--> ( 8   1)       20.756576     33.141187     25.343261   WU  2178.603407   1665.990841
 ( 6   1) <--> ( 8   2)        1.045958      0.084156      0.064355   WU     5.532166      4.230480
 ( 6   1) <--> ( 8   3)       -0.470691      0.017042      0.013032   WU     1.120313      0.856710
 ( 6   1) <--> ( 8   4)        0.462287      0.016439      0.012571   WU     1.080663      0.826390
 ( 6   2) <--> ( 8   1)        0.602830      0.027954      0.021377   WU     1.837623      1.405241
 ( 6   2) <--> ( 8   2)       12.519126     12.056039      9.219324   WU   792.528269    606.051029
 ( 6   2) <--> ( 8   3)       -0.347330      0.009280      0.007096   WU     0.610030      0.466493
 ( 6   2) <--> ( 8   4)        0.265136      0.005407      0.004135   WU     0.355471      0.271831
 ( 6   3) <--> ( 8   1)        0.590038      0.026780      0.020479   WU     1.760463      1.346236
 ( 6   3) <--> ( 8   2)      -12.874868     12.750940      9.750719   WU   838.209023    640.983371
 ( 6   3) <--> ( 8   3)       -2.307214      0.409480      0.313132   WU    26.917983     20.584340
 ( 6   3) <--> ( 8   4)        0.120406      0.001115      0.000853   WU     0.073310      0.056061
 ( 6   4) <--> ( 8   1)       -2.319573      0.413878      0.316495   WU    27.207145     20.805464
 ( 6   4) <--> ( 8   2)        0.509829      0.019994      0.015290   WU     1.314366      1.005104
 ( 6   4) <--> ( 8   3)       15.965469     19.607400     14.993894   WU  1288.932382    985.654175
 ( 6   4) <--> ( 8   4)       -0.886218      0.060414      0.046199   WU     3.971438      3.036982
 ( 7   1) <--> ( 7   1)      -10.034975     -6.720039   (eb)
 ( 7   2) <--> ( 7   1)       -5.958197      2.366674      2.366674   WU   155.578148    155.578148
 ( 7   2) <--> ( 7   2)       -1.139723     -0.763229   (eb)
 ( 7   3) <--> ( 7   1)       -0.121275      0.000981      0.000981   WU     0.064456      0.064456
 ( 7   3) <--> ( 7   2)       -6.488116      2.806377      2.806377   WU   184.482884    184.482884
 ( 7   3) <--> ( 7   3)        7.409355      4.961762   (eb)
 ( 7   4) <--> ( 7   1)       -0.289567      0.005590      0.005590   WU     0.367466      0.367466
 ( 7   4) <--> ( 7   2)       -2.819695      0.530045      0.530045   WU    34.843610     34.843610
 ( 7   4) <--> ( 7   3)        3.321636      0.735551      0.735551   WU    48.352956     48.352956
 ( 7   4) <--> ( 7   4)       -6.920853     -4.634631   (eb)
 ( 7   1) <--> ( 8   1)       -4.981074      1.654073      1.459476   WU   108.733858     95.941639
 ( 7   1) <--> ( 8   2)        8.005448      4.272480      3.769835   WU   280.860182    247.817808
 ( 7   1) <--> ( 8   3)        4.199138      1.175517      1.037221   WU    77.275018     68.183840
 ( 7   1) <--> ( 8   4)       -0.248741      0.004125      0.003640   WU     0.271152      0.239252
 ( 7   2) <--> ( 8   1)       -0.155628      0.001615      0.001425   WU     0.106143      0.093656
 ( 7   2) <--> ( 8   2)       -3.756197      0.940601      0.829942   WU    61.832323     54.557932
 ( 7   2) <--> ( 8   3)        8.444685      4.754180      4.194865   WU   312.525691    275.757963
 ( 7   2) <--> ( 8   4)        8.921598      5.306328      4.682054   WU   348.822274    307.784359
 ( 7   3) <--> ( 8   1)        0.056613      0.000214      0.000189   WU     0.014046      0.012393
 ( 7   3) <--> ( 8   2)       -0.418763      0.011691      0.010315   WU     0.768522      0.678107
 ( 7   3) <--> ( 8   3)       -2.065506      0.284421      0.250960   WU    18.696986     16.497341
 ( 7   3) <--> ( 8   4)        0.283197      0.005347      0.004718   WU     0.351477      0.310127
 ( 7   4) <--> ( 8   1)       -0.264411      0.004661      0.004113   WU     0.306391      0.270345
 ( 7   4) <--> ( 8   2)        0.763782      0.038891      0.034315   WU     2.556572      2.255798
 ( 7   4) <--> ( 8   3)        3.222495      0.692298      0.610851   WU    45.509634     40.155560
 ( 7   4) <--> ( 8   4)       -8.837664      5.206954      4.594371   WU   342.289701    302.020324
 ( 7   1) <--> ( 9   1)       20.009218     26.691254     21.072043   WU  1754.603927   1385.213627
 ( 7   1) <--> ( 9   2)       -0.642467      0.027518      0.021724   WU     1.808925      1.428099
 ( 7   1) <--> ( 9   3)        0.327966      0.007171      0.005661   WU     0.471384      0.372146
 ( 7   1) <--> ( 9   4)       -0.618476      0.025501      0.020132   WU     1.676349      1.323434
 ( 7   2) <--> ( 9   1)        1.531235      0.156312      0.123404   WU    10.275484      8.112224
 ( 7   2) <--> ( 9   2)      -16.153826     17.396406     13.734004   WU  1143.588150    902.832750
 ( 7   2) <--> ( 9   3)       -0.443012      0.013084      0.010329   WU     0.860104      0.679029
 ( 7   2) <--> ( 9   4)       -0.212327      0.003006      0.002373   WU     0.197575      0.155980
 ( 7   3) <--> ( 9   1)       -0.848450      0.047991      0.037888   WU     3.154798      2.490630
 ( 7   3) <--> ( 9   2)       -1.553948      0.160984      0.127092   WU    10.582593      8.354679
 ( 7   3) <--> ( 9   3)      -11.567070      8.919807      7.041953   WU   586.361658    462.917098
 ( 7   3) <--> ( 9   4)       -1.484911      0.146997      0.116051   WU     9.663175      7.628822
 ( 7   4) <--> ( 9   1)        4.047192      1.091984      0.862093   WU    71.783796     56.671418
 ( 7   4) <--> ( 9   2)       -2.971251      0.588556      0.464649   WU    38.689907     30.544663
 ( 7   4) <--> ( 9   3)        5.781741      2.228569      1.759396   WU   146.499502    115.657501
 ( 7   4) <--> ( 9   4)      -17.108344     19.513029     15.405023   WU  1282.728690   1012.680545
 ( 8   1) <--> ( 8   1)      -15.582640    -10.038274   (eb)
 ( 8   2) <--> ( 8   1)       -5.219784      1.602714      1.602714   WU   105.357698    105.357698
 ( 8   2) <--> ( 8   2)      -10.239574     -6.596292   (eb)
 ( 8   3) <--> ( 8   1)        0.336575      0.006664      0.006664   WU     0.438051      0.438051
 ( 8   3) <--> ( 8   2)       -6.510166      2.493074      2.493074   WU   163.887285    163.887285
 ( 8   3) <--> ( 8   3)       -8.712138     -5.612325   (eb)
 ( 8   4) <--> ( 8   1)       -0.393124      0.009091      0.009091   WU     0.597613      0.597613
 ( 8   4) <--> ( 8   2)       -3.011785      0.533579      0.533579   WU    35.075926     35.075926
 ( 8   4) <--> ( 8   3)        4.470027      1.175361      1.175361   WU    77.264776     77.264776
 ( 8   4) <--> ( 8   4)       -6.722275     -4.330463   (eb)
 ( 8   1) <--> ( 9   1)        0.130809      0.001007      0.000901   WU     0.066167      0.059202
 ( 8   1) <--> ( 9   2)       -0.001839      0.000000      0.000000   WU     0.000013      0.000012
 ( 8   1) <--> ( 9   3)        0.058890      0.000204      0.000183   WU     0.013411      0.011999
 ( 8   1) <--> ( 9   4)       -0.146535      0.001263      0.001130   WU     0.083032      0.074292
 ( 8   2) <--> ( 9   1)        7.453817      3.268199      2.924178   WU   214.841720    192.226802
 ( 8   2) <--> ( 9   2)       -0.863302      0.043841      0.039226   WU     2.881950      2.578587
 ( 8   2) <--> ( 9   3)        0.140891      0.001168      0.001045   WU     0.076758      0.068679
 ( 8   2) <--> ( 9   4)       -0.012080      0.000009      0.000008   WU     0.000564      0.000505
 ( 8   3) <--> ( 9   1)        3.795645      0.847466      0.758259   WU    55.709893     49.845693
 ( 8   3) <--> ( 9   2)       -8.906843      4.666579      4.175360   WU   306.767077    274.475805
 ( 8   3) <--> ( 9   3)       -1.557882      0.142764      0.127737   WU     9.384911      8.397026
 ( 8   3) <--> ( 9   4)       -0.764756      0.034403      0.030782   WU     2.261554      2.023496
 ( 8   4) <--> ( 9   1)       -7.221847      3.067945      2.745004   WU   201.677619    180.448396
 ( 8   4) <--> ( 9   2)       -9.157833      4.933288      4.413995   WU   324.299743    290.162928
 ( 8   4) <--> ( 9   3)       -3.650355      0.783829      0.701321   WU    51.526604     46.102751
 ( 8   4) <--> ( 9   4)        1.923571      0.217654      0.194743   WU    14.307953     12.801853
 ( 8   1) <--> (10   1)       23.844227     33.443951     27.073675   WU  2198.506231   1779.743139
 ( 8   1) <--> (10   2)        1.260018      0.093391      0.075602   WU     6.139238      4.969859
 ( 8   1) <--> (10   3)       -0.493121      0.014304      0.011579   WU     0.940305      0.761199
 ( 8   1) <--> (10   4)        0.513504      0.015511      0.012556   WU     1.019644      0.825426
 ( 8   2) <--> (10   1)        0.031368      0.000058      0.000047   WU     0.003805      0.003080
 ( 8   2) <--> (10   2)       21.312288     26.718449     21.629221   WU  1756.391656   1421.840864
 ( 8   2) <--> (10   3)        1.510508      0.134214      0.108649   WU     8.822821      7.142284
 ( 8   2) <--> (10   4)        0.285657      0.004800      0.003886   WU     0.315537      0.255435
 ( 8   3) <--> (10   1)       -2.827499      0.470279      0.380702   WU    30.914777     25.026248
 ( 8   3) <--> (10   2)        0.936218      0.051559      0.041738   WU     3.389341      2.743752
 ( 8   3) <--> (10   3)       20.205374     24.015125     19.440816   WU  1578.683149   1277.981597
 ( 8   3) <--> (10   4)       -1.282443      0.096745      0.078317   WU     6.359715      5.148341
 ( 8   4) <--> (10   1)        2.086806      0.256162      0.207369   WU    16.839347     13.631853
 ( 8   4) <--> (10   2)        1.698618      0.169724      0.137395   WU    11.157136      9.031967
 ( 8   4) <--> (10   3)       -2.085592      0.255864      0.207128   WU    16.819759     13.615995
 ( 8   4) <--> (10   4)       19.496067     22.358625     18.099839   WU  1469.789737   1189.829787
 ( 9   1) <--> ( 9   1)      -12.846205     -7.975980   (eb)
 ( 9   2) <--> ( 9   1)        6.331873      2.110137      2.110137   WU   138.714185    138.714185
 ( 9   2) <--> ( 9   2)       -5.388402     -3.345563   (eb)
 ( 9   3) <--> ( 9   1)        0.023120      0.000028      0.000028   WU     0.001849      0.001849
 ( 9   3) <--> ( 9   2)       -7.023665      2.596414      2.596414   WU   170.680573    170.680573
 ( 9   3) <--> ( 9   3)       -0.638520     -0.396445   (eb)
 ( 9   4) <--> ( 9   1)        0.395591      0.008236      0.008236   WU     0.541437      0.541437
 ( 9   4) <--> ( 9   2)       -4.202980      0.929739      0.929739   WU    61.118287     61.118287
 ( 9   4) <--> ( 9   3)        5.489110      1.585807      1.585807   WU   104.246248    104.246248
 ( 9   4) <--> ( 9   4)       -6.832416     -4.242125   (eb)
 ( 9   1) <--> (10   1)       -5.572493      1.634352      1.478699   WU   107.437441     97.205304
 ( 9   1) <--> (10   2)        7.242225      2.760517      2.497611   WU   181.468212    164.185525
 ( 9   1) <--> (10   3)        3.869811      0.788181      0.713116   WU    51.812690     46.878148
 ( 9   1) <--> (10   4)       -0.489962      0.012635      0.011432   WU     0.830580      0.751477
 ( 9   2) <--> (10   1)        0.075385      0.000299      0.000271   WU     0.019662      0.017789
 ( 9   2) <--> (10   2)        4.621848      1.124288      1.017213   WU    73.907391     66.868592
 ( 9   2) <--> (10   3)       -7.994539      3.363824      3.043459   WU   221.127788    200.067998
 ( 9   2) <--> (10   4)       -8.987812      4.251619      3.846703   WU   279.488814    252.870832
 ( 9   3) <--> (10   1)       -0.132147      0.000919      0.000832   WU     0.060419      0.054665
 ( 9   3) <--> (10   2)        0.565452      0.016828      0.015226   WU     1.106238      1.000882
 ( 9   3) <--> (10   3)        3.655412      0.703265      0.636288   WU    46.230574     41.827662
 ( 9   3) <--> (10   4)       -2.500990      0.329208      0.297855   WU    21.641161     19.580098
 ( 9   4) <--> (10   1)        0.227211      0.002717      0.002458   WU     0.178614      0.161603
 ( 9   4) <--> (10   2)       -0.606752      0.019376      0.017531   WU     1.273733      1.152425
 ( 9   4) <--> (10   3)       -2.346012      0.289672      0.262084   WU    19.042187     17.228645
 ( 9   4) <--> (10   4)        9.468434      4.718487      4.269107   WU   310.179339    280.638449
 (10   1) <--> (10   1)      -17.169860    -10.294935   (eb)
 (10   2) <--> (10   1)       -5.541478      1.462285      1.462285   WU    96.126272     96.126272
 (10   2) <--> (10   2)      -12.534793     -7.515779   (eb)
 (10   3) <--> (10   1)        0.441790      0.009294      0.009294   WU     0.610975      0.610975
 (10   3) <--> (10   2)       -7.046769      2.364617      2.364617   WU   155.442907    155.442907
 (10   3) <--> (10   3)      -11.592181     -6.950595   (eb)
 (10   4) <--> (10   1)       -0.446207      0.009481      0.009481   WU     0.623253      0.623253
 (10   4) <--> (10   2)       -3.030588      0.437355      0.437355   WU    28.750448     28.750448
 (10   4) <--> (10   3)        3.230308      0.496900      0.496900   WU    32.664707     32.664707
 (10   4) <--> (10   4)       -9.952937     -5.967715   (eb)
 
  quadrupole shape invariant: 01+, 02+, 03+, 04+
quadr2     1.91952385     3.61963781     6.78685970    68.73549562
quadr3     1.81519827     3.05290833     4.73573814   513.33592169
  effective deformation parameters:  01+, 02+, 03+, 04+
beteff     0.07657515     0.10515348     0.14398775     0.45822802
cos3ga     0.68254895     0.44331874     0.26784551     0.90080348
 
 ********* END Transition **************************
