 ********* BEGIN READER ****************************
 
 Nucleus            :  Os  76 178
 Imin, Imax         :     0  10
 imu, remu          :     1 12.0000
 nlevel             :     4
 observables        :     2
 wave fun           :     1
 nbet, ngam, npar   :    10   7  10
 Finish reading parameters: V, B_k ...
 
 ********* END READER ******************************
 
 ********* BEGIN LEVELS ********************
 
 E_0 = -1710.452600
 
  I=   0   ntot= 127
   0   1    0.000000
   0   2    2.219151
   0   3    4.161468
   0   4    4.251904
 
  I=   2   ntot= 234
   2   1    0.876550
   2   2    1.983137
   2   3    3.101262
   2   4    4.099099
 
  I=   3   ntot= 108
   3   1    2.897193
   3   2    4.943371
   3   3    6.382749
   3   4    7.113694
 
  I=   4   ntot= 324
   4   1    1.892171
   4   2    3.286032
   4   3    4.049155
   4   4    4.250165
 
  I=   5   ntot= 198
   5   1    4.107400
   5   2    5.361327
   5   3    5.965655
   5   4    6.885334
 
  I=   6   ntot= 432
   6   1    3.042983
   6   2    4.703059
   6   3    5.100678
   6   4    5.754377
 
  I=   7   ntot= 306
   7   1    5.424096
   7   2    6.784271
   7   3    6.984539
   7   4    7.723768
 
  I=   8   ntot= 522
   8   1    4.324066
   8   2    6.173376
   8   3    6.198926
   8   4    7.158924
 
  I=   9   ntot= 397
   9   1    6.812560
   9   2    7.894340
   9   3    8.180080
   9   4    8.618162
 
  I=  10   ntot= 630
  10   1    5.721666
  10   2    7.240968
  10   3    7.630021
  10   4    7.995496
 
 ********* END LEVELS **********************
 
 ********* BEGIN Transition ************************
 
  Monopole moment 
 
   I   n    <In|E0|In>   ave \beta      del<b>   ave \gamma    del<g>  
     K=0       K=2       K=4   
   0   1     33.933383    0.110869    0.031183   29.031100   11.043486  100.0000    0.0000    0.0000
   0   2     34.079447    0.144608    0.047416   31.642114   10.361199  100.0000    0.0000    0.0000
   0   3     34.180198    0.161753    0.038736   27.483432   14.568699  100.0000    0.0000    0.0000
   0   4     34.279722    0.187698    0.062018   28.453951   10.582705  100.0000    0.0000    0.0000
   2   1     33.984434    0.122415    0.031398   30.013480   10.729905   64.3814   35.6186    0.0000
   2   2     34.046489    0.135855    0.032686   28.589967   10.425931   36.9072   63.0928    0.0000
   2   3     34.141519    0.157574    0.049314   30.963232   10.297557   69.2568   30.7432    0.0000
   2   4     34.219325    0.173827    0.052855   29.748262    9.861769   32.0856   67.9144    0.0000
   3   1     34.101467    0.147426    0.033522   29.072699    9.090462    0.0000  100.0000    0.0000
   3   2     34.304787    0.191308    0.056404   28.697465    8.855980    0.0000  100.0000    0.0000
   3   3     34.716927    0.266105    0.076817   24.434921    8.920904    0.0000  100.0000    0.0000
   3   4     34.530898    0.227049    0.055464   28.049206   12.713480    0.0000  100.0000    0.0000
   4   1     34.032488    0.132734    0.031987   30.571713   10.510382   50.6922   35.4893   13.8185
   4   2     34.103471    0.147355    0.034188   29.439216   11.016813   41.9586    9.4100   48.6314
   4   3     34.200511    0.169522    0.050622   30.339171    9.855228   46.3922   41.3974   12.2104
   4   4     34.176378    0.162939    0.039096   27.873202   10.379515   21.0007   43.6964   35.3029
   5   1     34.156854    0.158655    0.035393   29.385942    8.945390    0.0000   66.2407   33.7593
   5   2     34.238898    0.175465    0.039368   28.087590    8.757340    0.0000   35.1113   64.8887
   5   3     34.424847    0.214083    0.062091   27.752899    8.938614    0.0000   69.2046   30.7954
   5   4     34.664860    0.256890    0.073022   24.364653    9.231818    0.0000   42.3998   57.6002
   6   1     34.080651    0.142761    0.033019   30.742200   10.237777   42.5984   38.3825   13.0240
   6   2     34.168376    0.159981    0.036854   30.304073   11.634964   40.6750    3.9861   23.4245
   6   3     34.289220    0.187554    0.055509   29.246633    9.995734   44.9987   38.8901   10.5517
   6   4     34.257144    0.178861    0.043702   27.032615   11.508343   25.3857   33.0003    1.5953
   7   1     34.221894    0.171718    0.038621   29.346570    8.781393    0.0000   49.9255   38.8714
   7   2     34.364317    0.201000    0.052279   26.297780    9.783270    0.0000   48.0351   11.7799
   7   3     34.603303    0.244942    0.070194   26.740846    9.078981    0.0000   51.9651   36.6318
   7   4     34.850479    0.287169    0.086994   20.735071    9.526424    0.0000   50.3396   30.2201
   8   1     34.132550    0.153380    0.034884   30.638812    9.937676   37.2425   40.0657   14.7432
   8   2     34.351314    0.196059    0.057982   32.345722    9.716587   33.3234   31.1699   18.5152
   8   3     34.323186    0.195130    0.057766   24.269670   11.014336   47.8956   14.2604   10.5515
   8   4     34.855432    0.290071    0.087124   16.519157   11.342889   66.9524   15.0771    3.6388
   9   1     34.316801    0.190654    0.045885   28.697883    8.794524    0.0000   40.8327   39.8777
   9   2     34.908374    0.294682    0.076776   22.328995    8.890246    0.0000   63.9047   26.1447
   9   3     34.640580    0.247397    0.066619   28.343660    9.204272    0.0000   33.0262   16.0706
   9   4     35.202976    0.336818    0.108856   18.419650    9.566755    0.0000   68.5353   14.5281
  10   1     34.195707    0.166197    0.038464   30.247325    9.700329   33.6345   40.7842   16.4008
  10   2     34.638926    0.252233    0.072602   24.224826   10.795972   43.4671   38.9689   11.9138
  10   3     34.518395    0.227243    0.075101   25.029734   14.631618   42.3585   10.3791   14.8314
  10   4     35.117088    0.328163    0.103748   14.725105   11.394698   68.6515   16.1246    3.9808
 
  rho^2(E0) 
 
   I  n_1 n_2  <In_1|E0|In_2>  rho^2(E0) 
   0   1   1       33.933383 1993.937100
   0   2   1       -0.125117    0.027107
   0   2   2       34.079447 2011.139595
   0   3   1        0.029567    0.001514
   0   3   2        0.051363    0.004568
   0   3   3       34.180198 2023.048517
   0   4   1       -0.003672    0.000023
   0   4   2       -0.189851    0.062414
   0   4   3       -0.009438    0.000154
   0   4   4       34.279722 2034.846823
   2   1   1       33.984434 1999.941226
   2   2   1       -0.011223    0.000218
   2   2   2       34.046489 2007.251583
   2   3   1       -0.133962    0.031075
   2   3   2       -0.001179    0.000002
   2   3   3       34.141519 2018.472378
   2   4   1        0.007100    0.000087
   2   4   2       -0.144611    0.036213
   2   4   3       -0.012678    0.000278
   2   4   4       34.219325 2027.682776
   3   1   1       34.101467 2013.739348
   3   2   1       -0.152888    0.040477
   3   2   2       34.304787 2037.823647
   3   3   1       -0.025877    0.001160
   3   3   2       -0.246477    0.105199
   3   3   3       34.716927 2087.082876
   3   4   1        0.013581    0.000319
   3   4   2        0.064924    0.007299
   3   4   3        0.017562    0.000534
   3   4   4       34.530898 2064.775671
   4   1   1       34.032488 2005.601056
   4   2   1       -0.014503    0.000364
   4   2   2       34.103471 2013.976043
   4   3   1       -0.134091    0.031135
   4   3   2       -0.000372    0.000000
   4   3   3       34.200511 2025.453718
   4   4   1        0.047142    0.003848
   4   4   2       -0.009189    0.000146
   4   4   3       -0.019360    0.000649
   4   4   4       34.176378 2022.596299
   5   1   1       34.156854 2020.286005
   5   2   1       -0.001044    0.000002
   5   2   2       34.238898 2030.003088
   5   3   1        0.162673    0.045823
   5   3   2        0.006566    0.000075
   5   3   3       34.424847 2052.112590
   5   4   1        0.014408    0.000359
   5   4   2       -0.175022    0.053045
   5   4   3       -0.068416    0.008105
   5   4   4       34.664860 2080.827364
   6   1   1       34.080651 2011.281675
   6   2   1       -0.019768    0.000677
   6   2   2       34.168376 2021.649224
   6   3   1        0.149039    0.038464
   6   3   2       -0.005762    0.000057
   6   3   3       34.289220 2035.974590
   6   4   1       -0.016777    0.000487
   6   4   2        0.009171    0.000146
   6   4   3       -0.026130    0.001182
   6   4   4       34.257144 2032.167223
   7   1   1       34.221894 2027.987237
   7   2   1        0.026329    0.001200
   7   2   2       34.364317 2044.902369
   7   3   1       -0.175041    0.053056
   7   3   2       -0.063698    0.007026
   7   3   3       34.603303 2073.443682
   7   4   1        0.031273    0.001694
   7   4   2       -0.184840    0.059163
   7   4   3        0.156016    0.042150
   7   4   4       34.850479 2103.171247
   8   1   1       34.132550 2017.412013
   8   2   1       -0.138124    0.033037
   8   2   2       34.351314 2043.355098
   8   3   1        0.082412    0.011761
   8   3   2       -0.075349    0.009831
   8   3   3       34.323186 2040.010144
   8   4   1       -0.022519    0.000878
   8   4   2       -0.100937    0.017642
   8   4   3        0.201832    0.070540
   8   4   4       34.855432 2103.769113
   9   1   1       34.316801 2039.251248
   9   2   1       -0.199130    0.068664
   9   2   2       34.908374 2110.164822
   9   3   1       -0.082646    0.011828
   9   3   2        0.037183    0.002394
   9   3   3       34.640580 2077.913398
   9   4   1       -0.051968    0.004677
   9   4   2       -0.431796    0.322860
   9   4   3        0.159674    0.044150
   9   4   4       35.202976 2145.931658
  10   1   1       34.195707 2024.884820
  10   2   1       -0.171321    0.050825
  10   2   2       34.638926 2077.714943
  10   3   1       -0.042963    0.003196
  10   3   2       -0.088065    0.013430
  10   3   3       34.518395 2063.280805
  10   4   1       -0.042131    0.003074
  10   4   2       -0.339309    0.199364
  10   4   3        0.283771    0.139441
  10   4   4       35.117088 2135.473196
 
  E2 transition 
 
  I1  n1        I2  n2       <f||E2||i>   B(E2,I1->I2)  B(E2,I2->I1)
 ( 0   1) <--> ( 2   1)        1.149084      1.320394      0.264079   WU   138.188519     27.637704
 ( 0   1) <--> ( 2   2)        0.337349      0.113805      0.022761   WU    11.910450      2.382090
 ( 0   1) <--> ( 2   3)       -0.075591      0.005714      0.001143   WU     0.598009      0.119602
 ( 0   1) <--> ( 2   4)        0.040785      0.001663      0.000333   WU     0.174089      0.034818
 ( 0   2) <--> ( 2   1)       -0.490751      0.240837      0.048167   WU    25.205273      5.041055
 ( 0   2) <--> ( 2   2)       -0.010840      0.000118      0.000024   WU     0.012299      0.002460
 ( 0   2) <--> ( 2   3)        1.366062      1.866126      0.373225   WU   195.303287     39.060657
 ( 0   2) <--> ( 2   4)        0.282056      0.079555      0.015911   WU     8.326035      1.665207
 ( 0   3) <--> ( 2   1)        0.135306      0.018308      0.003662   WU     1.916021      0.383204
 ( 0   3) <--> ( 2   2)        0.583462      0.340428      0.068086   WU    35.628206      7.125641
 ( 0   3) <--> ( 2   3)        0.058295      0.003398      0.000680   WU     0.355655      0.071131
 ( 0   3) <--> ( 2   4)       -0.203129      0.041261      0.008252   WU     4.318284      0.863657
 ( 0   4) <--> ( 2   1)       -0.015174      0.000230      0.000046   WU     0.024097      0.004819
 ( 0   4) <--> ( 2   2)        0.136212      0.018554      0.003711   WU     1.941778      0.388356
 ( 0   4) <--> ( 2   3)       -0.762320      0.581131      0.116226   WU    60.819493     12.163899
 ( 0   4) <--> ( 2   4)       -0.096850      0.009380      0.001876   WU     0.981675      0.196335
 ( 2   1) <--> ( 2   1)        0.031773      0.024082   (eb)
 ( 2   2) <--> ( 2   1)       -1.555347      0.483821      0.483821   WU    50.635278     50.635278
 ( 2   2) <--> ( 2   2)       -0.017484     -0.013252   (eb)
 ( 2   3) <--> ( 2   1)        0.083135      0.001382      0.001382   WU     0.144665      0.144665
 ( 2   3) <--> ( 2   2)        0.653098      0.085307      0.085307   WU     8.928011      8.928011
 ( 2   3) <--> ( 2   3)       -0.168450     -0.127674   (eb)
 ( 2   4) <--> ( 2   1)       -0.007261      0.000011      0.000011   WU     0.001104      0.001104
 ( 2   4) <--> ( 2   2)       -0.118374      0.002802      0.002802   WU     0.293300      0.293300
 ( 2   4) <--> ( 2   3)       -1.770599      0.627004      0.627004   WU    65.620435     65.620435
 ( 2   4) <--> ( 2   4)        0.184887      0.140132   (eb)
 ( 2   1) <--> ( 3   1)        0.544241      0.059240      0.042314   WU     6.199855      4.428468
 ( 2   1) <--> ( 3   2)        0.068078      0.000927      0.000662   WU     0.097009      0.069292
 ( 2   1) <--> ( 3   3)        0.021552      0.000093      0.000066   WU     0.009722      0.006944
 ( 2   1) <--> ( 3   4)        0.017374      0.000060      0.000043   WU     0.006318      0.004513
 ( 2   2) <--> ( 3   1)       -2.000136      0.800109      0.571506   WU    83.737017     59.812155
 ( 2   2) <--> ( 3   2)        0.075503      0.001140      0.000814   WU     0.119323      0.085231
 ( 2   2) <--> ( 3   3)        0.031511      0.000199      0.000142   WU     0.020784      0.014846
 ( 2   2) <--> ( 3   4)       -0.015300      0.000047      0.000033   WU     0.004900      0.003500
 ( 2   3) <--> ( 3   1)       -0.010828      0.000023      0.000017   WU     0.002454      0.001753
 ( 2   3) <--> ( 3   2)        0.458271      0.042002      0.030002   WU     4.395854      3.139895
 ( 2   3) <--> ( 3   3)        0.095609      0.001828      0.001306   WU     0.191336      0.136669
 ( 2   3) <--> ( 3   4)       -0.058836      0.000692      0.000495   WU     0.072458      0.051755
 ( 2   4) <--> ( 3   1)        0.864376      0.149429      0.106735   WU    15.638828     11.170592
 ( 2   4) <--> ( 3   2)       -2.388784      1.141258      0.815184   WU   119.440683     85.314773
 ( 2   4) <--> ( 3   3)       -0.020533      0.000084      0.000060   WU     0.008825      0.006304
 ( 2   4) <--> ( 3   4)       -0.045491      0.000414      0.000296   WU     0.043316      0.030940
 ( 2   1) <--> ( 4   1)        2.011603      0.809310      0.449616   WU    84.699965     47.055536
 ( 2   1) <--> ( 4   2)        0.361925      0.026198      0.014554   WU     2.741805      1.523225
 ( 2   1) <--> ( 4   3)       -0.101294      0.002052      0.001140   WU     0.214767      0.119315
 ( 2   1) <--> ( 4   4)        0.083179      0.001384      0.000769   WU     0.144820      0.080456
 ( 2   2) <--> ( 4   1)        0.077638      0.001206      0.000670   WU     0.126167      0.070093
 ( 2   2) <--> ( 4   2)        1.596138      0.509531      0.283073   WU    53.326015     29.625564
 ( 2   2) <--> ( 4   3)        0.181448      0.006585      0.003658   WU     0.689129      0.382850
 ( 2   2) <--> ( 4   4)        0.623654      0.077789      0.043216   WU     8.141158      4.522865
 ( 2   3) <--> ( 4   1)       -0.791225      0.125207      0.069560   WU    13.103823      7.279902
 ( 2   3) <--> ( 4   2)       -0.029048      0.000169      0.000094   WU     0.017661      0.009812
 ( 2   3) <--> ( 4   3)        2.236926      1.000767      0.555982   WU   104.737361     58.187423
 ( 2   3) <--> ( 4   4)       -0.843134      0.142175      0.078986   WU    14.879609      8.266449
 ( 2   4) <--> ( 4   1)       -0.002701      0.000001      0.000001   WU     0.000153      0.000085
 ( 2   4) <--> ( 4   2)       -0.523130      0.054733      0.030407   WU     5.728193      3.182329
 ( 2   4) <--> ( 4   3)        0.008274      0.000014      0.000008   WU     0.001433      0.000796
 ( 2   4) <--> ( 4   4)       -0.185623      0.006891      0.003828   WU     0.721209      0.400671
 ( 3   1) <--> ( 3   1)        0.000000      0.000000   (eb)
 ( 3   2) <--> ( 3   1)        0.000000      0.000000      0.000000   WU     0.000000      0.000000
 ( 3   2) <--> ( 3   2)        0.000000      0.000000   (eb)
 ( 3   3) <--> ( 3   1)        0.000000      0.000000      0.000000   WU     0.000000      0.000000
 ( 3   3) <--> ( 3   2)        0.000000      0.000000      0.000000   WU     0.000000      0.000000
 ( 3   3) <--> ( 3   3)        0.000000      0.000000   (eb)
 ( 3   4) <--> ( 3   1)        0.000000      0.000000      0.000000   WU     0.000000      0.000000
 ( 3   4) <--> ( 3   2)        0.000000      0.000000      0.000000   WU     0.000000      0.000000
 ( 3   4) <--> ( 3   3)        0.000000      0.000000      0.000000   WU     0.000000      0.000000
 ( 3   4) <--> ( 3   4)        0.000000      0.000000   (eb)
 ( 3   1) <--> ( 4   1)        1.276098      0.232632      0.180936   WU    24.346605     18.936248
 ( 3   1) <--> ( 4   2)        0.028996      0.000120      0.000093   WU     0.012571      0.009777
 ( 3   1) <--> ( 4   3)       -1.159680      0.192122      0.149429   WU    20.106972     15.638756
 ( 3   1) <--> ( 4   4)       -1.633647      0.381257      0.296534   WU    39.901283     31.034331
 ( 3   2) <--> ( 4   1)        0.014652      0.000031      0.000024   WU     0.003210      0.002496
 ( 3   2) <--> ( 4   2)        0.091829      0.001205      0.000937   WU     0.126075      0.098058
 ( 3   2) <--> ( 4   3)        1.609017      0.369848      0.287660   WU    38.707195     30.105596
 ( 3   2) <--> ( 4   4)        0.205223      0.006017      0.004680   WU     0.629686      0.489756
 ( 3   3) <--> ( 4   1)       -0.000723      0.000000      0.000000   WU     0.000008      0.000006
 ( 3   3) <--> ( 4   2)        0.010586      0.000016      0.000012   WU     0.001676      0.001303
 ( 3   3) <--> ( 4   3)        0.092519      0.001223      0.000951   WU     0.127978      0.099538
 ( 3   3) <--> ( 4   4)        0.011468      0.000019      0.000015   WU     0.001966      0.001529
 ( 3   4) <--> ( 4   1)        0.003862      0.000002      0.000002   WU     0.000223      0.000173
 ( 3   4) <--> ( 4   2)       -0.091631      0.001199      0.000933   WU     0.125532      0.097636
 ( 3   4) <--> ( 4   3)       -0.022152      0.000070      0.000055   WU     0.007337      0.005706
 ( 3   4) <--> ( 4   4)       -0.222847      0.007094      0.005518   WU     0.742478      0.577483
 ( 3   1) <--> ( 5   1)        2.166489      0.670525      0.426698   WU    70.175168     44.656925
 ( 3   1) <--> ( 5   2)        0.589879      0.049708      0.031632   WU     5.202310      3.310561
 ( 3   1) <--> ( 5   3)        0.025183      0.000091      0.000058   WU     0.009482      0.006034
 ( 3   1) <--> ( 5   4)        0.123124      0.002166      0.001378   WU     0.226649      0.144231
 ( 3   2) <--> ( 5   1)       -0.793216      0.089885      0.057199   WU     9.407056      5.986309
 ( 3   2) <--> ( 5   2)       -0.287551      0.011812      0.007517   WU     1.236236      0.786696
 ( 3   2) <--> ( 5   3)       -2.593614      0.960977      0.611531   WU   100.572970     64.000981
 ( 3   2) <--> ( 5   4)        0.443349      0.028080      0.017869   WU     2.938751      1.870114
 ( 3   3) <--> ( 5   1)       -0.059745      0.000510      0.000325   WU     0.053368      0.033961
 ( 3   3) <--> ( 5   2)        0.233690      0.007802      0.004965   WU     0.816492      0.519586
 ( 3   3) <--> ( 5   3)        1.523461      0.331562      0.210994   WU    34.700290     22.082003
 ( 3   3) <--> ( 5   4)       -1.510427      0.325913      0.207399   WU    34.109067     21.705770
 ( 3   4) <--> ( 5   1)        0.127319      0.002316      0.001474   WU     0.242357      0.154227
 ( 3   4) <--> ( 5   2)        0.808243      0.093322      0.059387   WU     9.766851      6.215269
 ( 3   4) <--> ( 5   3)       -0.101655      0.001476      0.000939   WU     0.154501      0.098319
 ( 3   4) <--> ( 5   4)       -0.760775      0.082683      0.052616   WU     8.653319      5.506658
 ( 4   1) <--> ( 4   1)       -0.104017     -0.078439   (eb)
 ( 4   2) <--> ( 4   1)       -1.588401      0.280335      0.280335   WU    29.339081     29.339081
 ( 4   2) <--> ( 4   2)        0.347337      0.261926   (eb)
 ( 4   3) <--> ( 4   1)        0.212811      0.005032      0.005032   WU     0.526642      0.526642
 ( 4   3) <--> ( 4   2)       -0.139331      0.002157      0.002157   WU     0.225748      0.225748
 ( 4   3) <--> ( 4   3)       -0.256907     -0.193732   (eb)
 ( 4   4) <--> ( 4   1)        0.094432      0.000991      0.000991   WU     0.103696      0.103696
 ( 4   4) <--> ( 4   2)       -2.213179      0.544240      0.544240   WU    56.958580     56.958580
 ( 4   4) <--> ( 4   3)        0.117860      0.001543      0.001543   WU     0.161532      0.161532
 ( 4   4) <--> ( 4   4)       -0.337041     -0.254161   (eb)
 ( 4   1) <--> ( 5   1)        0.645242      0.046260      0.037849   WU     4.841405      3.961149
 ( 4   1) <--> ( 5   2)        0.056033      0.000349      0.000285   WU     0.036510      0.029872
 ( 4   1) <--> ( 5   3)       -0.103734      0.001196      0.000978   WU     0.125131      0.102380
 ( 4   1) <--> ( 5   4)        0.001877      0.000000      0.000000   WU     0.000041      0.000034
 ( 4   2) <--> ( 5   1)       -1.788821      0.355542      0.290898   WU    37.210002     30.444547
 ( 4   2) <--> ( 5   2)        0.602684      0.040359      0.033021   WU     4.223826      3.455858
 ( 4   2) <--> ( 5   3)       -0.096388      0.001032      0.000845   WU     0.108037      0.088394
 ( 4   2) <--> ( 5   4)        0.081649      0.000741      0.000606   WU     0.077522      0.063427
 ( 4   3) <--> ( 5   1)       -0.087548      0.000852      0.000697   WU     0.089129      0.072924
 ( 4   3) <--> ( 5   2)       -1.032325      0.118411      0.096881   WU    12.392502     10.139320
 ( 4   3) <--> ( 5   3)       -0.528339      0.031016      0.025377   WU     3.246019      2.655834
 ( 4   3) <--> ( 5   4)       -0.049814      0.000276      0.000226   WU     0.028855      0.023609
 ( 4   4) <--> ( 5   1)       -0.099441      0.001099      0.000899   WU     0.114988      0.094081
 ( 4   4) <--> ( 5   2)       -2.697811      0.808687      0.661653   WU    84.634784     69.246642
 ( 4   4) <--> ( 5   3)        0.225293      0.005640      0.004614   WU     0.590230      0.482915
 ( 4   4) <--> ( 5   4)       -0.037477      0.000156      0.000128   WU     0.016333      0.013363
 ( 4   1) <--> ( 6   1)        2.832961      0.891741      0.617359   WU    93.326976     64.610984
 ( 4   1) <--> ( 6   2)        0.357745      0.014220      0.009845   WU     1.488243      1.030322
 ( 4   1) <--> ( 6   3)        0.148329      0.002445      0.001692   WU     0.255847      0.177125
 ( 4   1) <--> ( 6   4)       -0.060430      0.000406      0.000281   WU     0.042465      0.029399
 ( 4   2) <--> ( 6   1)        0.155599      0.002690      0.001862   WU     0.281540      0.194912
 ( 4   2) <--> ( 6   2)        2.458977      0.671841      0.465121   WU    70.312883     48.678149
 ( 4   2) <--> ( 6   3)        0.015997      0.000028      0.000020   WU     0.002976      0.002060
 ( 4   2) <--> ( 6   4)       -0.640184      0.045537      0.031526   WU     4.765800      3.299400
 ( 4   3) <--> ( 6   1)       -1.100496      0.134566      0.093161   WU    14.083252      9.749944
 ( 4   3) <--> ( 6   2)        0.075770      0.000638      0.000442   WU     0.066761      0.046219
 ( 4   3) <--> ( 6   3)       -3.282599      1.197273      0.828881   WU   125.303026     86.748249
 ( 4   3) <--> ( 6   4)       -0.252363      0.007076      0.004899   WU     0.740592      0.512717
 ( 4   4) <--> ( 6   1)        0.092618      0.000953      0.000660   WU     0.099751      0.069058
 ( 4   4) <--> ( 6   2)        0.138977      0.002146      0.001486   WU     0.224601      0.155493
 ( 4   4) <--> ( 6   3)        0.795496      0.070313      0.048678   WU     7.358707      5.094490
 ( 4   4) <--> ( 6   4)       -2.177850      0.527003      0.364848   WU    55.154604     38.183957
 ( 5   1) <--> ( 5   1)       -0.017073     -0.012397   (eb)
 ( 5   2) <--> ( 5   1)       -1.659561      0.250376      0.250376   WU    26.203665     26.203665
 ( 5   2) <--> ( 5   2)       -0.034129     -0.024782   (eb)
 ( 5   3) <--> ( 5   1)       -0.014081      0.000018      0.000018   WU     0.001886      0.001886
 ( 5   3) <--> ( 5   2)       -0.709583      0.045773      0.045773   WU     4.790518      4.790518
 ( 5   3) <--> ( 5   3)       -0.180600     -0.131139   (eb)
 ( 5   4) <--> ( 5   1)       -0.083199      0.000629      0.000629   WU     0.065858      0.065858
 ( 5   4) <--> ( 5   2)       -0.023186      0.000049      0.000049   WU     0.005115      0.005115
 ( 5   4) <--> ( 5   3)        1.961917      0.349920      0.349920   WU    36.621584     36.621584
 ( 5   4) <--> ( 5   4)       -0.536752     -0.389750   (eb)
 ( 5   1) <--> ( 6   1)        1.623648      0.239657      0.202787   WU    25.081847     21.223101
 ( 5   1) <--> ( 6   2)       -0.194893      0.003453      0.002922   WU     0.361384      0.305786
 ( 5   1) <--> ( 6   3)        0.836263      0.063576      0.053795   WU     6.653672      5.630030
 ( 5   1) <--> ( 6   4)        1.300760      0.153816      0.130152   WU    16.097931     13.621326
 ( 5   2) <--> ( 6   1)       -0.046266      0.000195      0.000165   WU     0.020365      0.017232
 ( 5   2) <--> ( 6   2)        1.234863      0.138626      0.117299   WU    14.508191     12.276161
 ( 5   2) <--> ( 6   3)        0.178272      0.002889      0.002445   WU     0.302374      0.255855
 ( 5   2) <--> ( 6   4)       -0.126328      0.001451      0.001228   WU     0.151836      0.128477
 ( 5   3) <--> ( 6   1)       -0.053795      0.000263      0.000223   WU     0.027533      0.023297
 ( 5   3) <--> ( 6   2)       -0.226887      0.004680      0.003960   WU     0.489773      0.414424
 ( 5   3) <--> ( 6   3)        1.909964      0.331633      0.280612   WU    34.707726     29.368076
 ( 5   3) <--> ( 6   4)        0.319677      0.009290      0.007861   WU     0.972299      0.822715
 ( 5   4) <--> ( 6   1)       -0.012519      0.000014      0.000012   WU     0.001491      0.001262
 ( 5   4) <--> ( 6   2)       -0.022105      0.000044      0.000038   WU     0.004649      0.003934
 ( 5   4) <--> ( 6   3)        0.095614      0.000831      0.000703   WU     0.086980      0.073598
 ( 5   4) <--> ( 6   4)        0.008290      0.000006      0.000005   WU     0.000654      0.000553
 ( 5   1) <--> ( 7   1)        3.177039      0.917598      0.672905   WU    96.033081     70.424259
 ( 5   1) <--> ( 7   2)        0.499953      0.022723      0.016664   WU     2.378119      1.743954
 ( 5   1) <--> ( 7   3)        0.122710      0.001369      0.001004   WU     0.143265      0.105061
 ( 5   1) <--> ( 7   4)        0.099385      0.000898      0.000658   WU     0.093976      0.068916
 ( 5   2) <--> ( 7   1)        0.154810      0.002179      0.001598   WU     0.228020      0.167215
 ( 5   2) <--> ( 7   2)        2.508962      0.572263      0.419659   WU    59.891323     43.920304
 ( 5   2) <--> ( 7   3)        0.366256      0.012195      0.008943   WU     1.276275      0.935935
 ( 5   2) <--> ( 7   4)       -0.293220      0.007816      0.005732   WU     0.818018      0.599880
 ( 5   3) <--> ( 7   1)        1.214962      0.134194      0.098409   WU    14.044327     10.299173
 ( 5   3) <--> ( 7   2)        1.003420      0.091532      0.067123   WU     9.579462      7.024939
 ( 5   3) <--> ( 7   3)       -3.825904      1.330685      0.975836   WU   139.265606    102.128111
 ( 5   3) <--> ( 7   4)       -0.030777      0.000086      0.000063   WU     0.009012      0.006609
 ( 5   4) <--> ( 7   1)        0.024679      0.000055      0.000041   WU     0.005795      0.004249
 ( 5   4) <--> ( 7   2)       -1.414635      0.181927      0.133413   WU    19.039909     13.962600
 ( 5   4) <--> ( 7   3)        0.714081      0.046356      0.033994   WU     4.851447      3.557728
 ( 5   4) <--> ( 7   4)        3.208820      0.936048      0.686435   WU    97.964016     71.840278
 ( 6   1) <--> ( 6   1)       -0.297862     -0.207668   (eb)
 ( 6   2) <--> ( 6   1)       -1.629485      0.204248      0.204248   WU    21.375961     21.375961
 ( 6   2) <--> ( 6   2)        0.444992      0.310247   (eb)
 ( 6   3) <--> ( 6   1)       -0.295956      0.006738      0.006738   WU     0.705147      0.705147
 ( 6   3) <--> ( 6   2)       -0.299528      0.006901      0.006901   WU     0.722270      0.722270
 ( 6   3) <--> ( 6   3)       -0.600709     -0.418812   (eb)
 ( 6   4) <--> ( 6   1)       -0.128162      0.001263      0.001263   WU     0.132234      0.132234
 ( 6   4) <--> ( 6   2)        2.661103      0.544728      0.544728   WU    57.009654     57.009654
 ( 6   4) <--> ( 6   3)        0.304113      0.007114      0.007114   WU     0.744550      0.744550
 ( 6   4) <--> ( 6   4)       -0.169987     -0.118515   (eb)
 ( 6   1) <--> ( 7   1)        0.708772      0.038643      0.033491   WU     4.044256      3.505022
 ( 6   1) <--> ( 7   2)        0.046242      0.000164      0.000143   WU     0.017214      0.014919
 ( 6   1) <--> ( 7   3)        0.151439      0.001764      0.001529   WU     0.184630      0.160013
 ( 6   1) <--> ( 7   4)       -0.019289      0.000029      0.000025   WU     0.002995      0.002596
 ( 6   2) <--> ( 7   1)       -1.803521      0.250207      0.216846   WU    26.185903     22.694449
 ( 6   2) <--> ( 7   2)        0.728293      0.040801      0.035361   WU     4.270088      3.700743
 ( 6   2) <--> ( 7   3)        0.246337      0.004668      0.004045   WU     0.488523      0.423387
 ( 6   2) <--> ( 7   4)        0.040645      0.000127      0.000110   WU     0.013299      0.011526
 ( 6   3) <--> ( 7   1)        0.095119      0.000696      0.000603   WU     0.072838      0.063127
 ( 6   3) <--> ( 7   2)        0.535217      0.022035      0.019097   WU     2.306137      1.998652
 ( 6   3) <--> ( 7   3)       -0.533247      0.021873      0.018957   WU     2.289192      1.983966
 ( 6   3) <--> ( 7   4)        0.167038      0.002146      0.001860   WU     0.224625      0.194675
 ( 6   4) <--> ( 7   1)        0.211717      0.003448      0.002988   WU     0.360860      0.312745
 ( 6   4) <--> ( 7   2)        2.523775      0.489957      0.424629   WU    51.277447     44.440454
 ( 6   4) <--> ( 7   3)        0.468190      0.016862      0.014613   WU     1.764693      1.529400
 ( 6   4) <--> ( 7   4)        0.462586      0.016460      0.014266   WU     1.722704      1.493010
 ( 6   1) <--> ( 8   1)        3.638091      1.018131      0.778571   WU   106.554593     81.482924
 ( 6   1) <--> ( 8   2)        0.117171      0.001056      0.000808   WU     0.110526      0.084520
 ( 6   1) <--> ( 8   3)        0.354391      0.009661      0.007388   WU     1.011093      0.773188
 ( 6   1) <--> ( 8   4)       -0.088736      0.000606      0.000463   WU     0.063391      0.048475
 ( 6   2) <--> ( 8   1)        0.157495      0.001908      0.001459   WU     0.199690      0.152704
 ( 6   2) <--> ( 8   2)        2.107808      0.341758      0.261344   WU    35.767385     27.351530
 ( 6   2) <--> ( 8   3)        2.588131      0.515263      0.394025   WU    53.925912     41.237462
 ( 6   2) <--> ( 8   4)        0.153978      0.001824      0.001395   WU     0.190871      0.145960
 ( 6   3) <--> ( 8   1)        1.392565      0.149172      0.114073   WU    15.611910     11.938519
 ( 6   3) <--> ( 8   2)       -3.418159      0.898755      0.687283   WU    94.061025     71.929019
 ( 6   3) <--> ( 8   3)        2.818742      0.611177      0.467371   WU    63.964032     48.913672
 ( 6   3) <--> ( 8   4)       -0.120082      0.001109      0.000848   WU     0.116086      0.088772
 ( 6   4) <--> ( 8   1)        0.164402      0.002079      0.001590   WU     0.217590      0.166393
 ( 6   4) <--> ( 8   2)        0.043972      0.000149      0.000114   WU     0.015566      0.011904
 ( 6   4) <--> ( 8   3)       -0.590854      0.026854      0.020536   WU     2.810512      2.149215
 ( 6   4) <--> ( 8   4)       -2.042168      0.320804      0.245321   WU    33.574398     25.674540
 ( 7   1) <--> ( 7   1)       -0.192156     -0.128680   (eb)
 ( 7   2) <--> ( 7   1)       -1.926895      0.247528      0.247528   WU    25.905582     25.905582
 ( 7   2) <--> ( 7   2)       -0.407116     -0.272630   (eb)
 ( 7   3) <--> ( 7   1)       -0.256948      0.004401      0.004401   WU     0.460647      0.460647
 ( 7   3) <--> ( 7   2)        1.097375      0.080282      0.080282   WU     8.402090      8.402090
 ( 7   3) <--> ( 7   3)       -0.388947     -0.260463   (eb)
 ( 7   4) <--> ( 7   1)       -0.246656      0.004056      0.004056   WU     0.424484      0.424484
 ( 7   4) <--> ( 7   2)        1.720634      0.197372      0.197372   WU    20.656380     20.656380
 ( 7   4) <--> ( 7   3)       -1.473154      0.144679      0.144679   WU    15.141656     15.141656
 ( 7   4) <--> ( 7   4)       -2.574321     -1.723925   (eb)
 ( 7   1) <--> ( 8   1)        1.867568      0.232521      0.205165   WU    24.334940     21.472006
 ( 7   1) <--> ( 8   2)       -0.911831      0.055429      0.048908   WU     5.801040      5.118565
 ( 7   1) <--> ( 8   3)        0.236881      0.003741      0.003301   WU     0.391506      0.345447
 ( 7   1) <--> ( 8   4)       -0.602933      0.024235      0.021384   WU     2.536387      2.237989
 ( 7   2) <--> ( 8   1)       -0.078961      0.000416      0.000367   WU     0.043501      0.038383
 ( 7   2) <--> ( 8   2)        0.642923      0.027557      0.024315   WU     2.884002      2.544708
 ( 7   2) <--> ( 8   3)        1.741440      0.202174      0.178389   WU    21.158964     18.669674
 ( 7   2) <--> ( 8   4)        0.148920      0.001478      0.001305   WU     0.154733      0.136529
 ( 7   3) <--> ( 8   1)        0.098211      0.000643      0.000567   WU     0.067297      0.059380
 ( 7   3) <--> ( 8   2)        2.042744      0.278187      0.245459   WU    29.114207     25.689007
 ( 7   3) <--> ( 8   3)       -0.886488      0.052391      0.046227   WU     5.483061      4.837995
 ( 7   3) <--> ( 8   4)       -0.337376      0.007588      0.006695   WU     0.794155      0.700725
 ( 7   4) <--> ( 8   1)       -0.027720      0.000051      0.000045   WU     0.005361      0.004730
 ( 7   4) <--> ( 8   2)       -0.195045      0.002536      0.002238   WU     0.265428      0.234201
 ( 7   4) <--> ( 8   3)        0.179154      0.002140      0.001888   WU     0.223939      0.197593
 ( 7   4) <--> ( 8   4)       -1.594408      0.169476      0.149537   WU    17.736840     15.650153
 ( 7   1) <--> ( 9   1)        4.138216      1.141655      0.901307   WU   119.482279     94.328115
 ( 7   1) <--> ( 9   2)        0.105955      0.000748      0.000591   WU     0.078328      0.061838
 ( 7   1) <--> ( 9   3)        0.453644      0.013720      0.010831   WU     1.435846      1.133562
 ( 7   1) <--> ( 9   4)       -0.160820      0.001724      0.001361   WU     0.180450      0.142460
 ( 7   2) <--> ( 9   1)        0.592256      0.023384      0.018461   WU     2.447352      1.932120
 ( 7   2) <--> ( 9   2)       -2.302953      0.353573      0.279137   WU    37.003900     29.213605
 ( 7   2) <--> ( 9   3)        3.200608      0.682926      0.539152   WU    71.473030     56.426076
 ( 7   2) <--> ( 9   4)       -0.793890      0.042017      0.033172   WU     4.397417      3.471645
 ( 7   3) <--> ( 9   1)       -1.796067      0.215057      0.169782   WU    22.507249     17.768881
 ( 7   3) <--> ( 9   2)        4.949216      1.632983      1.289197   WU   170.903178    134.923562
 ( 7   3) <--> ( 9   3)        1.943605      0.251840      0.198821   WU    26.356835     20.808028
 ( 7   3) <--> ( 9   4)        0.313022      0.006532      0.005157   WU     0.683640      0.539715
 ( 7   4) <--> ( 9   1)        0.173963      0.002018      0.001593   WU     0.211149      0.166696
 ( 7   4) <--> ( 9   2)        2.887896      0.555996      0.438944   WU    58.188931     45.938630
 ( 7   4) <--> ( 9   3)       -1.785421      0.212515      0.167775   WU    22.241222     17.558860
 ( 7   4) <--> ( 9   4)       -4.856293      1.572239      1.241241   WU   164.545878    129.904640
 ( 8   1) <--> ( 8   1)       -0.515159     -0.331863   (eb)
 ( 8   2) <--> ( 8   1)       -0.778738      0.035672      0.035672   WU     3.733379      3.733379
 ( 8   2) <--> ( 8   2)        0.056372      0.036315   (eb)
 ( 8   3) <--> ( 8   1)       -1.503437      0.132960      0.132960   WU    13.915222     13.915222
 ( 8   3) <--> ( 8   2)        0.784942      0.036243      0.036243   WU     3.793108      3.793108
 ( 8   3) <--> ( 8   3)       -0.944065     -0.608163   (eb)
 ( 8   4) <--> ( 8   1)        0.277357      0.004525      0.004525   WU     0.473584      0.473584
 ( 8   4) <--> ( 8   2)       -0.057772      0.000196      0.000196   WU     0.020547      0.020547
 ( 8   4) <--> ( 8   3)       -2.159410      0.274297      0.274297   WU    28.707124     28.707124
 ( 8   4) <--> ( 8   4)       -3.820326     -2.461038   (eb)
 ( 8   1) <--> ( 9   1)        0.746111      0.032746      0.029299   WU     3.427095      3.066349
 ( 8   1) <--> ( 9   2)        0.159895      0.001504      0.001346   WU     0.157394      0.140827
 ( 8   1) <--> ( 9   3)        0.130840      0.001007      0.000901   WU     0.105391      0.094297
 ( 8   1) <--> ( 9   4)        0.054183      0.000173      0.000155   WU     0.018074      0.016171
 ( 8   2) <--> ( 9   1)       -1.354696      0.107953      0.096590   WU    11.298046     10.108778
 ( 8   2) <--> ( 9   2)        0.408835      0.009832      0.008797   WU     1.029003      0.920686
 ( 8   2) <--> ( 9   3)        0.478248      0.013454      0.012038   WU     1.408074      1.259856
 ( 8   2) <--> ( 9   4)        0.125908      0.000933      0.000834   WU     0.097594      0.087321
 ( 8   3) <--> ( 9   1)       -1.332596      0.104460      0.093464   WU    10.932428      9.781646
 ( 8   3) <--> ( 9   2)       -0.558861      0.018372      0.016438   WU     1.922771      1.720374
 ( 8   3) <--> ( 9   3)        0.637428      0.023901      0.021385   WU     2.501391      2.238087
 ( 8   3) <--> ( 9   4)       -0.368963      0.008008      0.007165   WU     0.838078      0.749859
 ( 8   4) <--> ( 9   1)       -0.099258      0.000580      0.000519   WU     0.060652      0.054268
 ( 8   4) <--> ( 9   2)        0.886642      0.046243      0.041375   WU     4.839677      4.330237
 ( 8   4) <--> ( 9   3)       -0.889753      0.046568      0.041666   WU     4.873694      4.360674
 ( 8   4) <--> ( 9   4)        0.677093      0.026968      0.024129   WU     2.822387      2.525293
 ( 8   1) <--> (10   1)        4.454549      1.167235      0.944905   WU   122.159428     98.890965
 ( 8   1) <--> (10   2)       -0.025115      0.000037      0.000030   WU     0.003883      0.003144
 ( 8   1) <--> (10   3)        0.281116      0.004649      0.003763   WU     0.486510      0.393841
 ( 8   1) <--> (10   4)       -0.206609      0.002511      0.002033   WU     0.262796      0.212740
 ( 8   2) <--> (10   1)       -1.278305      0.096121      0.077813   WU    10.059789      8.143638
 ( 8   2) <--> (10   2)        4.217172      1.046149      0.846883   WU   109.486917     88.632266
 ( 8   2) <--> (10   3)        2.776954      0.453616      0.367213   WU    47.474134     38.431442
 ( 8   2) <--> (10   4)       -0.165257      0.001606      0.001300   WU     0.168128      0.136104
 ( 8   3) <--> (10   1)        1.237749      0.090119      0.072954   WU     9.431594      7.635100
 ( 8   3) <--> (10   2)       -3.763815      0.833312      0.674586   WU    87.211964     70.600162
 ( 8   3) <--> (10   3)        3.190440      0.598759      0.484710   WU    62.664399     50.728323
 ( 8   3) <--> (10   4)       -1.234097      0.089588      0.072524   WU     9.376009      7.590102
 ( 8   4) <--> (10   1)       -0.272962      0.004383      0.003548   WU     0.458694      0.371324
 ( 8   4) <--> (10   2)       -3.246993      0.620174      0.502046   WU    64.905600     52.542628
 ( 8   4) <--> (10   3)        3.070197      0.554477      0.448862   WU    58.029920     46.976602
 ( 8   4) <--> (10   4)        6.204389      2.264379      1.833069   WU   236.983222    191.843561
 ( 9   1) <--> ( 9   1)       -0.500892     -0.310995   (eb)
 ( 9   2) <--> ( 9   1)        0.882579      0.040997      0.040997   WU     4.290637      4.290637
 ( 9   2) <--> ( 9   2)       -2.750968     -1.708027   (eb)
 ( 9   3) <--> ( 9   1)       -1.838053      0.177813      0.177813   WU    18.609340     18.609340
 ( 9   3) <--> ( 9   2)        1.200830      0.075894      0.075894   WU     7.942879      7.942879
 ( 9   3) <--> ( 9   3)        0.325382      0.202024   (eb)
 ( 9   4) <--> ( 9   1)        0.643105      0.021768      0.021768   WU     2.278128      2.278128
 ( 9   4) <--> ( 9   2)        2.361324      0.293466      0.293466   WU    30.713265     30.713265
 ( 9   4) <--> ( 9   3)       -0.580247      0.017720      0.017720   WU     1.854558      1.854558
 ( 9   4) <--> ( 9   4)       -4.179639     -2.595064   (eb)
 ( 9   1) <--> (10   1)        2.078370      0.227349      0.205696   WU    23.793632     21.527571
 ( 9   1) <--> (10   2)       -1.000642      0.052699      0.047680   WU     5.515340      4.990070
 ( 9   1) <--> (10   3)       -0.639544      0.021527      0.019477   WU     2.252973      2.038404
 ( 9   1) <--> (10   4)       -0.161514      0.001373      0.001242   WU     0.143693      0.130008
 ( 9   2) <--> (10   1)        0.224058      0.002642      0.002391   WU     0.276526      0.250190
 ( 9   2) <--> (10   2)        2.473524      0.322017      0.291349   WU    33.701334     30.491683
 ( 9   2) <--> (10   3)       -0.434327      0.009928      0.008983   WU     1.039077      0.940117
 ( 9   2) <--> (10   4)       -0.648809      0.022155      0.020045   WU     2.318724      2.097893
 ( 9   3) <--> (10   1)        0.004938      0.000001      0.000001   WU     0.000134      0.000121
 ( 9   3) <--> (10   2)        0.650333      0.022260      0.020140   WU     2.329631      2.107761
 ( 9   3) <--> (10   3)        2.316823      0.282509      0.255603   WU    29.566544     26.750683
 ( 9   3) <--> (10   4)       -0.508506      0.013609      0.012313   WU     1.424318      1.288669
 ( 9   4) <--> (10   1)        0.096095      0.000486      0.000440   WU     0.050865      0.046020
 ( 9   4) <--> (10   2)        0.403356      0.008563      0.007747   WU     0.896174      0.810824
 ( 9   4) <--> (10   3)        0.136991      0.000988      0.000894   WU     0.103372      0.093527
 ( 9   4) <--> (10   4)        2.093878      0.230754      0.208777   WU    24.150026     21.850024
 (10   1) <--> (10   1)       -0.764067     -0.458129   (eb)
 (10   2) <--> (10   1)        0.420639      0.008426      0.008426   WU     0.881797      0.881797
 (10   2) <--> (10   2)       -2.120804     -1.271620   (eb)
 (10   3) <--> (10   1)       -1.521194      0.110192      0.110192   WU    11.532366     11.532366
 (10   3) <--> (10   2)        1.568273      0.117118      0.117118   WU    12.257243     12.257243
 (10   3) <--> (10   3)       -0.901808     -0.540718   (eb)
 (10   4) <--> (10   1)        0.750618      0.026830      0.026830   WU     2.807934      2.807934
 (10   4) <--> (10   2)        1.559203      0.115767      0.115767   WU    12.115863     12.115863
 (10   4) <--> (10   3)       -2.009389      0.192269      0.192269   WU    20.122289     20.122289
 (10   4) <--> (10   4)       -5.047416     -3.026397   (eb)
 
  quadrupole shape invariant: 01+, 02+, 03+, 04+
quadr2     1.44336035     2.19694517     2.84737746     3.52953529
quadr3     1.02070316     1.55026282     2.93681774     3.85452661
  effective deformation parameters:  01+, 02+, 03+, 04+
beteff     0.11465089     0.14144893     0.16103214     0.17928700
cos3ga     0.58862311     0.47607624     0.61123671     0.58129255
 
 ********* END Transition **************************
