 ********* BEGIN READER ****************************
 
 Nucleus            :  Ge  32  76
 Imin, Imax         :     0  10
 imu, remu          :     1 12.0000
 nlevel             :     4
 observables        :     2
 wave fun           :     1
 nbet, ngam, npar   :    10   7  10
 Finish reading parameters: V, B_k ...
 
 ********* END READER ******************************
 
 ********* BEGIN LEVELS ********************
 
 E_0 =  -768.579140
 
  I=   0   ntot= 127
   0   1    0.000000
   0   2    2.399209
   0   3    3.359806
   0   4    4.695152
 
  I=   2   ntot= 234
   2   1    1.328599
   2   2    2.516282
   2   3    3.176051
   2   4    4.106968
 
  I=   3   ntot= 108
   3   1    3.459952
   3   2    5.346886
   3   3    5.580203
   3   4    7.439980
 
  I=   4   ntot= 324
   4   1    2.687661
   4   2    3.587529
   4   3    4.497794
   4   4    4.580077
 
  I=   5   ntot= 198
   5   1    4.590436
   5   2    5.610140
   5   3    6.550581
   5   4    7.279022
 
  I=   6   ntot= 432
   6   1    3.882017
   6   2    4.707852
   6   3    5.650771
   6   4    6.085011
 
  I=   7   ntot= 306
   7   1    5.737716
   7   2    6.894083
   7   3    7.841670
   7   4    8.117410
 
  I=   8   ntot= 522
   8   1    5.039436
   8   2    5.996709
   8   3    6.865193
   8   4    7.462706
 
  I=   9   ntot= 397
   9   1    6.975884
   9   2    8.345822
   9   3    9.137964
   9   4    9.636513
 
  I=  10   ntot= 630
  10   1    6.306347
  10   2    7.406286
  10   3    8.260486
  10   4    8.969340
 
 ********* END LEVELS **********************
 
 ********* BEGIN Transition ************************
 
  Monopole moment 
 
   I   n    <In|E0|In>   ave \beta      del<b>   ave \gamma    del<g>  
     K=0       K=2       K=4   
   0   1     18.783604    0.198860    0.064538   29.176006   10.628230  100.0000    0.0000    0.0000
   0   2     19.040754    0.319539    0.085309   23.470546   11.046920   99.9999    0.0000    0.0000
   0   3     19.041092    0.326223    0.053410   25.742374   12.795159  100.0000    0.0000    0.0000
   0   4     19.488588    0.417019    0.120941   18.456055   10.842559   99.9998    0.0000    0.0000
   2   1     18.846140    0.237223    0.072616   28.143718   10.995958   72.2957   27.7043    0.0000
   2   2     18.963922    0.295082    0.070984   24.604394   11.181996   35.6900   64.3100    0.0000
   2   3     19.036470    0.316874    0.096461   21.250804   10.805503   80.1539   19.8460    0.0000
   2   4     19.115787    0.342965    0.070202   27.311985   10.571210   79.8366   20.1633    0.0000
   3   1     19.042146    0.323406    0.069527   23.784272    9.568578    0.0000  100.0000    0.0000
   3   2     19.102439    0.346210    0.061183   23.622155    9.737444    0.0000   99.9999    0.0000
   3   3     19.232968    0.358911    0.125116   22.173788    9.591080    0.0000   99.9999    0.0000
   3   4     19.599370    0.439024    0.127662   18.470923   11.303509    0.0000   99.9997    0.0000
   4   1     18.948098    0.288894    0.072499   24.319226   11.380442   67.6468   25.4675    6.8857
   4   2     19.016354    0.320414    0.061253   21.005177   12.051625   53.5875   29.2451   17.1674
   4   3     19.084186    0.334791    0.087658   20.581179    9.546411   20.4258   63.6068   15.9673
   4   4     19.084946    0.324069    0.097506   28.261213   11.163699   37.1103   15.0909   47.7988
   5   1     19.076263    0.340174    0.062165   20.118922    8.794740    0.0000   92.1417    7.8583
   5   2     19.145390    0.352757    0.065538   25.616872    9.117492    0.0000   23.4717   76.5282
   5   3     19.400360    0.409406    0.087738   21.848307    9.063168    0.0000   83.1491   16.8508
   5   4     19.189755    0.357671    0.113326   19.411023   10.753810    0.0000   58.2365   41.7634
   6   1     19.018276    0.324333    0.060299   18.420279   10.321642   82.3885   14.2343    2.5542
   6   2     19.051153    0.328680    0.060955   24.046143   11.326782   35.6967   46.5044   12.6911
   6   3     19.059818    0.335063    0.054118   22.580051   12.200689    4.2289   67.4419   14.0298
   6   4     19.445422    0.410031    0.115268   20.153744   11.009306   68.0470   26.7805    3.5823
   7   1     19.061221    0.341293    0.054609   16.693085    7.101217    0.0000   94.9867    4.5322
   7   2     19.211219    0.368755    0.069950   25.416702    8.962357    0.0000   25.0537   61.5450
   7   3     19.367737    0.405363    0.094753   19.172765    8.545034    0.0000   54.0840   45.4191
   7   4     19.360319    0.399772    0.087021   23.739405   10.618080    0.0000   24.6341   25.8307
   8   1     19.027440    0.332978    0.051652   14.897212    8.335398   91.7521    6.9850    0.9721
   8   2     19.101072    0.344815    0.062775   22.786884   10.171062   22.4253   63.8191    9.9662
   8   3     19.119596    0.349187    0.060892   25.149246   11.336006   11.2375   63.8674   13.7536
   8   4     19.651416    0.453085    0.105156   17.072451   11.067897   67.4146   17.3646    7.2495
   9   1     19.037903    0.337899    0.047218   14.434896    5.242479    0.0000   97.0874    2.5983
   9   2     19.252898    0.380000    0.075085   23.301259    8.860698    0.0000   22.4002   64.3184
   9   3     19.293264    0.391029    0.092652   19.709138    8.936659    0.0000   30.4129   63.1948
   9   4     19.598390    0.444449    0.093165   21.559897   11.319650    0.0000   47.2472   10.1152
  10   1     19.020904    0.333631    0.046088   13.113191    6.642921   95.5138    3.9154    0.4505
  10   2     19.113449    0.351761    0.063624   19.757873    9.139590   14.8920   76.2942    6.6927
  10   3     19.264158    0.380910    0.081083   24.563236   11.021110   20.6223   56.5463   14.1026
  10   4     19.722789    0.467266    0.104364   16.315262   12.086022   61.6649   14.3492   13.3140
 
  rho^2(E0) 
 
   I  n_1 n_2  <In_1|E0|In_2>  rho^2(E0) 
   0   1   1       18.783604  338.766976
   0   2   1       -0.091462    0.008032
   0   2   2       19.040754  348.106002
   0   3   1       -0.034149    0.001120
   0   3   2        0.042527    0.001737
   0   3   3       19.041092  348.118326
   0   4   1       -0.003965    0.000015
   0   4   2       -0.250556    0.060277
   0   4   3       -0.053666    0.002765
   0   4   4       19.488588  364.673291
   2   1   1       18.846140  341.026419
   2   2   1       -0.008721    0.000073
   2   2   2       18.963922  345.302340
   2   3   1       -0.127097    0.015510
   2   3   2       -0.017074    0.000280
   2   3   3       19.036470  347.949375
   2   4   1        0.063998    0.003933
   2   4   2       -0.010811    0.000112
   2   4   3       -0.098996    0.009410
   2   4   4       19.115787  350.854914
   3   1   1       19.042146  348.156885
   3   2   1        0.082846    0.006590
   3   2   2       19.102439  350.365123
   3   3   1       -0.217365    0.045365
   3   3   2       -0.162390    0.025320
   3   3   3       19.232968  355.169622
   3   4   1        0.047808    0.002195
   3   4   2        0.040120    0.001546
   3   4   3       -0.377307    0.136689
   3   4   4       19.599370  368.831019
   4   1   1       18.948098  344.726312
   4   2   1       -0.016806    0.000271
   4   2   2       19.016354  347.214395
   4   3   1       -0.107625    0.011122
   4   3   2       -0.018979    0.000346
   4   3   3       19.084186  349.695853
   4   4   1       -0.133056    0.016999
   4   4   2       -0.037326    0.001338
   4   4   3        0.000009    0.000000
   4   4   4       19.084946  349.723710
   5   1   1       19.076263  349.405574
   5   2   1       -0.054521    0.002854
   5   2   2       19.145390  351.942450
   5   3   1       -0.184820    0.032798
   5   3   2        0.020803    0.000416
   5   3   3       19.400360  361.378884
   5   4   1        0.134247    0.017304
   5   4   2       -0.055159    0.002921
   5   4   3       -0.211428    0.042921
   5   4   4       19.189755  353.575416
   6   1   1       19.018276  347.284582
   6   2   1        0.022447    0.000484
   6   2   2       19.051153  348.486307
   6   3   1        0.001727    0.000003
   6   3   2       -0.018629    0.000333
   6   3   3       19.059818  348.803389
   6   4   1        0.200560    0.038622
   6   4   2        0.100607    0.009719
   6   4   3       -0.002196    0.000005
   6   4   4       19.445422  363.059623
   7   1   1       19.061221  348.854731
   7   2   1       -0.088396    0.007503
   7   2   2       19.211219  354.366807
   7   3   1       -0.155359    0.023175
   7   3   2        0.148509    0.021176
   7   3   3       19.367737  360.164568
   7   4   1       -0.087875    0.007414
   7   4   2       -0.015777    0.000239
   7   4   3        0.229850    0.050726
   7   4   4       19.360319  359.888700
   8   1   1       19.027440  347.619340
   8   2   1       -0.050455    0.002444
   8   2   2       19.101072  350.314968
   8   3   1        0.052049    0.002601
   8   3   2       -0.097558    0.009138
   8   3   3       19.119596  350.994759
   8   4   1       -0.170471    0.027902
   8   4   2        0.131615    0.016632
   8   4   3       -0.107556    0.011107
   8   4   4       19.651416  370.792465
   9   1   1       19.037903  348.001756
   9   2   1       -0.086988    0.007265
   9   2   2       19.252898  355.906089
   9   3   1        0.107697    0.011137
   9   3   2       -0.234821    0.052944
   9   3   3       19.293264  357.400054
   9   4   1        0.104678    0.010521
   9   4   2       -0.064469    0.003991
   9   4   3        0.223584    0.047998
   9   4   4       19.598390  368.794135
  10   1   1       19.020904  347.380558
  10   2   1        0.052927    0.002690
  10   2   2       19.113449  350.769111
  10   3   1        0.081613    0.006395
  10   3   2        0.168318    0.027202
  10   3   3       19.264158  356.322514
  10   4   1        0.132090    0.016753
  10   4   2        0.131868    0.016696
  10   4   3        0.214088    0.044008
  10   4   4       19.722789  373.490746
 
  E2 transition 
 
  I1  n1        I2  n2       <f||E2||i>   B(E2,I1->I2)  B(E2,I2->I1)
 ( 0   1) <--> ( 2   1)        0.450356      0.202820      0.040564   WU    66.388608     13.277722
 ( 0   1) <--> ( 2   2)        0.057808      0.003342      0.000668   WU     1.093851      0.218770
 ( 0   1) <--> ( 2   3)        0.046739      0.002185      0.000437   WU     0.715057      0.143011
 ( 0   1) <--> ( 2   4)        0.019646      0.000386      0.000077   WU     0.126337      0.025267
 ( 0   2) <--> ( 2   1)       -0.246048      0.060540      0.012108   WU    19.816323      3.963265
 ( 0   2) <--> ( 2   2)       -0.156760      0.024574      0.004915   WU     8.043584      1.608717
 ( 0   2) <--> ( 2   3)        0.596389      0.355679      0.071136   WU   116.423468     23.284694
 ( 0   2) <--> ( 2   4)       -0.110990      0.012319      0.002464   WU     4.032245      0.806449
 ( 0   3) <--> ( 2   1)       -0.003914      0.000015      0.000003   WU     0.005015      0.001003
 ( 0   3) <--> ( 2   2)        0.297767      0.088665      0.017733   WU    29.022526      5.804505
 ( 0   3) <--> ( 2   3)       -0.118195      0.013970      0.002794   WU     4.572755      0.914551
 ( 0   3) <--> ( 2   4)       -0.592798      0.351410      0.070282   WU   115.025942     23.005188
 ( 0   4) <--> ( 2   1)       -0.029540      0.000873      0.000175   WU     0.285635      0.057127
 ( 0   4) <--> ( 2   2)        0.055242      0.003052      0.000610   WU     0.998902      0.199780
 ( 0   4) <--> ( 2   3)       -0.235999      0.055696      0.011139   WU    18.230645      3.646129
 ( 0   4) <--> ( 2   4)        0.251047      0.063024      0.012605   WU    20.629593      4.125919
 ( 2   1) <--> ( 2   1)       -0.067387     -0.051075   (eb)
 ( 2   2) <--> ( 2   1)       -0.605502      0.073326      0.073326   WU    24.001740     24.001740
 ( 2   2) <--> ( 2   2)        0.005881      0.004458   (eb)
 ( 2   3) <--> ( 2   1)       -0.038697      0.000299      0.000299   WU     0.098033      0.098033
 ( 2   3) <--> ( 2   2)        0.440335      0.038779      0.038779   WU    12.693424     12.693424
 ( 2   3) <--> ( 2   3)       -0.307675     -0.233197   (eb)
 ( 2   4) <--> ( 2   1)       -0.058786      0.000691      0.000691   WU     0.226233      0.226233
 ( 2   4) <--> ( 2   2)        0.034864      0.000243      0.000243   WU     0.079572      0.079572
 ( 2   4) <--> ( 2   3)       -0.134155      0.003599      0.003599   WU     1.178212      1.178212
 ( 2   4) <--> ( 2   4)       -0.367480     -0.278525   (eb)
 ( 2   1) <--> ( 3   1)        0.132112      0.003491      0.002493   WU     1.142611      0.816151
 ( 2   1) <--> ( 3   2)        0.024259      0.000118      0.000084   WU     0.038526      0.027519
 ( 2   1) <--> ( 3   3)        0.021124      0.000089      0.000064   WU     0.029212      0.020866
 ( 2   1) <--> ( 3   4)        0.006265      0.000008      0.000006   WU     0.002570      0.001836
 ( 2   2) <--> ( 3   1)       -0.823878      0.135755      0.096968   WU    44.436234     31.740167
 ( 2   2) <--> ( 3   2)       -0.093998      0.001767      0.001262   WU     0.578433      0.413166
 ( 2   2) <--> ( 3   3)       -0.034570      0.000239      0.000171   WU     0.078237      0.055884
 ( 2   2) <--> ( 3   4)       -0.025934      0.000135      0.000096   WU     0.044029      0.031449
 ( 2   3) <--> ( 3   1)       -0.245251      0.012030      0.008593   WU     3.937617      2.812583
 ( 2   3) <--> ( 3   2)       -0.053064      0.000563      0.000402   WU     0.184339      0.131671
 ( 2   3) <--> ( 3   3)        0.055134      0.000608      0.000434   WU     0.199001      0.142143
 ( 2   3) <--> ( 3   4)       -0.013316      0.000035      0.000025   WU     0.011608      0.008292
 ( 2   4) <--> ( 3   1)       -0.358329      0.025680      0.018343   WU     8.405751      6.004108
 ( 2   4) <--> ( 3   2)        0.050685      0.000514      0.000367   WU     0.168180      0.120128
 ( 2   4) <--> ( 3   3)       -0.042411      0.000360      0.000257   WU     0.117755      0.084111
 ( 2   4) <--> ( 3   4)       -0.023755      0.000113      0.000081   WU     0.036941      0.026387
 ( 2   1) <--> ( 4   1)        0.817965      0.133813      0.074341   WU    43.800719     24.333733
 ( 2   1) <--> ( 4   2)        0.057053      0.000651      0.000362   WU     0.213092      0.118384
 ( 2   1) <--> ( 4   3)        0.076097      0.001158      0.000643   WU     0.379092      0.210607
 ( 2   1) <--> ( 4   4)        0.101025      0.002041      0.001134   WU     0.668141      0.371190
 ( 2   2) <--> ( 4   1)        0.166202      0.005525      0.003069   WU     1.808358      1.004644
 ( 2   2) <--> ( 4   2)       -0.741230      0.109884      0.061047   WU    35.968083     19.982269
 ( 2   2) <--> ( 4   3)        0.048424      0.000469      0.000261   WU     0.153512      0.085284
 ( 2   2) <--> ( 4   4)        0.093668      0.001755      0.000975   WU     0.574378      0.319099
 ( 2   3) <--> ( 4   1)       -0.527819      0.055719      0.030955   WU    18.238172     10.132318
 ( 2   3) <--> ( 4   2)        0.345657      0.023896      0.013275   WU     7.821707      4.345393
 ( 2   3) <--> ( 4   3)        0.576227      0.066408      0.036893   WU    21.737002     12.076112
 ( 2   3) <--> ( 4   4)        0.635061      0.080660      0.044811   WU    26.402334     14.667963
 ( 2   4) <--> ( 4   1)        0.012035      0.000029      0.000016   WU     0.009483      0.005268
 ( 2   4) <--> ( 4   2)        0.411808      0.033917      0.018843   WU    11.102016      6.167786
 ( 2   4) <--> ( 4   3)       -0.029694      0.000176      0.000098   WU     0.057724      0.032069
 ( 2   4) <--> ( 4   4)       -0.240865      0.011603      0.006446   WU     3.798028      2.110016
 ( 3   1) <--> ( 3   1)        0.000000      0.000000   (eb)
 ( 3   2) <--> ( 3   1)        0.000000      0.000000      0.000000   WU     0.000000      0.000000
 ( 3   2) <--> ( 3   2)        0.000000      0.000000   (eb)
 ( 3   3) <--> ( 3   1)        0.000000      0.000000      0.000000   WU     0.000000      0.000000
 ( 3   3) <--> ( 3   2)        0.000000      0.000000      0.000000   WU     0.000000      0.000000
 ( 3   3) <--> ( 3   3)        0.000000      0.000000   (eb)
 ( 3   4) <--> ( 3   1)        0.000000      0.000000      0.000000   WU     0.000000      0.000000
 ( 3   4) <--> ( 3   2)        0.000000      0.000000      0.000000   WU     0.000000      0.000000
 ( 3   4) <--> ( 3   3)        0.000000      0.000000      0.000000   WU     0.000000      0.000000
 ( 3   4) <--> ( 3   4)        0.000000      0.000000   (eb)
 ( 3   1) <--> ( 4   1)        0.499098      0.035585      0.027678   WU    11.648088      9.059624
 ( 3   1) <--> ( 4   2)        0.353181      0.017820      0.013860   WU     5.832813      4.536633
 ( 3   1) <--> ( 4   3)       -0.803534      0.092238      0.071741   WU    30.192038     23.482696
 ( 3   1) <--> ( 4   4)        0.260169      0.009670      0.007521   WU     3.165157      2.461789
 ( 3   2) <--> ( 4   1)        0.072558      0.000752      0.000585   WU     0.246178      0.191471
 ( 3   2) <--> ( 4   2)        0.012731      0.000023      0.000018   WU     0.007579      0.005895
 ( 3   2) <--> ( 4   3)        0.224501      0.007200      0.005600   WU     2.356779      1.833050
 ( 3   2) <--> ( 4   4)       -0.126494      0.002286      0.001778   WU     0.748206      0.581938
 ( 3   3) <--> ( 4   1)        0.043311      0.000268      0.000208   WU     0.087717      0.068224
 ( 3   3) <--> ( 4   2)       -0.024845      0.000088      0.000069   WU     0.028865      0.022451
 ( 3   3) <--> ( 4   3)        0.570894      0.046560      0.036213   WU    15.240356     11.853610
 ( 3   3) <--> ( 4   4)        0.249190      0.008871      0.006900   WU     2.903651      2.258395
 ( 3   4) <--> ( 4   1)        0.023443      0.000079      0.000061   WU     0.025698      0.019987
 ( 3   4) <--> ( 4   2)        0.017036      0.000041      0.000032   WU     0.013570      0.010555
 ( 3   4) <--> ( 4   3)       -0.021756      0.000068      0.000053   WU     0.022133      0.017214
 ( 3   4) <--> ( 4   4)        0.024879      0.000088      0.000069   WU     0.028944      0.022512
 ( 3   1) <--> ( 5   1)       -0.971709      0.134888      0.085838   WU    44.152551     28.097078
 ( 3   1) <--> ( 5   2)        0.113285      0.001833      0.001167   WU     0.600108      0.381887
 ( 3   1) <--> ( 5   3)        0.140822      0.002833      0.001803   WU     0.927307      0.590104
 ( 3   1) <--> ( 5   4)        0.036212      0.000187      0.000119   WU     0.061319      0.039021
 ( 3   2) <--> ( 5   1)        0.220193      0.006926      0.004408   WU     2.267207      1.442768
 ( 3   2) <--> ( 5   2)        0.614281      0.053906      0.034304   WU    17.644824     11.228524
 ( 3   2) <--> ( 5   3)        0.762698      0.083101      0.052883   WU    27.201246     17.309884
 ( 3   2) <--> ( 5   4)        0.277077      0.010967      0.006979   WU     3.589929      2.284500
 ( 3   3) <--> ( 5   1)        0.340755      0.016588      0.010556   WU     5.429617      3.455211
 ( 3   3) <--> ( 5   2)       -0.036236      0.000188      0.000119   WU     0.061398      0.039072
 ( 3   3) <--> ( 5   3)       -0.664365      0.063054      0.040126   WU    20.639404     13.134166
 ( 3   3) <--> ( 5   4)        0.764363      0.083464      0.053114   WU    27.320177     17.385567
 ( 3   4) <--> ( 5   1)       -0.037023      0.000196      0.000125   WU     0.064095      0.040788
 ( 3   4) <--> ( 5   2)       -0.068089      0.000662      0.000421   WU     0.216790      0.137958
 ( 3   4) <--> ( 5   3)        0.472377      0.031877      0.020285   WU    10.434231      6.639965
 ( 3   4) <--> ( 5   4)       -0.542116      0.041984      0.026717   WU    13.742598      8.745290
 ( 4   1) <--> ( 4   1)       -0.317300     -0.239275   (eb)
 ( 4   2) <--> ( 4   1)        0.636626      0.045033      0.045033   WU    14.740380     14.740380
 ( 4   2) <--> ( 4   2)       -0.477148     -0.359815   (eb)
 ( 4   3) <--> ( 4   1)        0.120644      0.001617      0.001617   WU     0.529358      0.529358
 ( 4   3) <--> ( 4   2)        0.307803      0.010527      0.010527   WU     3.445766      3.445766
 ( 4   3) <--> ( 4   3)       -0.188249     -0.141958   (eb)
 ( 4   4) <--> ( 4   1)       -0.152149      0.002572      0.002572   WU     0.841929      0.841929
 ( 4   4) <--> ( 4   2)       -0.646853      0.046491      0.046491   WU    15.217773     15.217773
 ( 4   4) <--> ( 4   3)       -0.340698      0.012897      0.012897   WU     4.221613      4.221613
 ( 4   4) <--> ( 4   4)        0.410227      0.309350   (eb)
 ( 4   1) <--> ( 5   1)       -0.134434      0.002008      0.001643   WU     0.657295      0.537787
 ( 4   1) <--> ( 5   2)        0.046171      0.000237      0.000194   WU     0.077530      0.063434
 ( 4   1) <--> ( 5   3)        0.031251      0.000109      0.000089   WU     0.035519      0.029061
 ( 4   1) <--> ( 5   4)        0.028809      0.000092      0.000075   WU     0.030185      0.024697
 ( 4   2) <--> ( 5   1)       -0.630214      0.044130      0.036106   WU    14.444919     11.818570
 ( 4   2) <--> ( 5   2)        0.092442      0.000949      0.000777   WU     0.310795      0.254287
 ( 4   2) <--> ( 5   3)        0.048621      0.000263      0.000215   WU     0.085979      0.070347
 ( 4   2) <--> ( 5   4)        0.031765      0.000112      0.000092   WU     0.036697      0.030025
 ( 4   3) <--> ( 5   1)        0.534250      0.031714      0.025948   WU    10.380745      8.493337
 ( 4   3) <--> ( 5   2)        0.747617      0.062103      0.050812   WU    20.328140     16.632115
 ( 4   3) <--> ( 5   3)       -0.255704      0.007265      0.005944   WU     2.378023      1.945655
 ( 4   3) <--> ( 5   4)        0.103024      0.001179      0.000965   WU     0.386023      0.315837
 ( 4   4) <--> ( 5   1)        0.087868      0.000858      0.000702   WU     0.280800      0.229746
 ( 4   4) <--> ( 5   2)       -0.814008      0.073623      0.060237   WU    24.098878     19.717263
 ( 4   4) <--> ( 5   3)        0.067616      0.000508      0.000416   WU     0.166279      0.136046
 ( 4   4) <--> ( 5   4)        0.054818      0.000334      0.000273   WU     0.109292      0.089421
 ( 4   1) <--> ( 6   1)       -1.238052      0.170308      0.117906   WU    55.746469     38.593709
 ( 4   1) <--> ( 6   2)       -0.306355      0.010428      0.007219   WU     3.413413      2.363132
 ( 4   1) <--> ( 6   3)        0.061541      0.000421      0.000291   WU     0.137742      0.095360
 ( 4   1) <--> ( 6   4)        0.000497      0.000000      0.000000   WU     0.000009      0.000006
 ( 4   2) <--> ( 6   1)        0.534063      0.031691      0.021940   WU    10.373481      7.181640
 ( 4   2) <--> ( 6   2)       -1.119964      0.139369      0.096486   WU    45.619150     31.582489
 ( 4   2) <--> ( 6   3)        0.164271      0.002998      0.002076   WU     0.981431      0.679452
 ( 4   2) <--> ( 6   4)        0.157830      0.002768      0.001916   WU     0.905981      0.627217
 ( 4   3) <--> ( 6   1)        0.407700      0.018469      0.012786   WU     6.045336      4.185233
 ( 4   3) <--> ( 6   2)        0.385645      0.016525      0.011440   WU     5.408975      3.744675
 ( 4   3) <--> ( 6   3)        0.843249      0.079008      0.054698   WU    25.861328     17.903997
 ( 4   3) <--> ( 6   4)        0.734114      0.059880      0.041456   WU    19.600484     13.569566
 ( 4   4) <--> ( 6   1)        0.314143      0.010965      0.007591   WU     3.589165      2.484807
 ( 4   4) <--> ( 6   2)        0.018794      0.000039      0.000027   WU     0.012846      0.008893
 ( 4   4) <--> ( 6   3)       -0.434113      0.020939      0.014496   WU     6.854001      4.745078
 ( 4   4) <--> ( 6   4)        0.782108      0.067966      0.047053   WU    22.247082     15.401826
 ( 5   1) <--> ( 5   1)       -0.505129     -0.366787   (eb)
 ( 5   2) <--> ( 5   1)       -0.498264      0.022570      0.022570   WU     7.387690      7.387690
 ( 5   2) <--> ( 5   2)        0.401511      0.291548   (eb)
 ( 5   3) <--> ( 5   1)        0.167896      0.002563      0.002563   WU     0.838820      0.838820
 ( 5   3) <--> ( 5   2)       -0.239022      0.005194      0.005194   WU     1.700064      1.700064
 ( 5   3) <--> ( 5   3)       -0.595092     -0.432112   (eb)
 ( 5   4) <--> ( 5   1)       -0.050678      0.000233      0.000233   WU     0.076423      0.076423
 ( 5   4) <--> ( 5   2)       -0.150588      0.002062      0.002062   WU     0.674796      0.674796
 ( 5   4) <--> ( 5   3)        0.334344      0.010162      0.010162   WU     3.326408      3.326408
 ( 5   4) <--> ( 5   4)        0.004809      0.003492   (eb)
 ( 5   1) <--> ( 6   1)        0.480965      0.021030      0.017794   WU     6.883603      5.824587
 ( 5   1) <--> ( 6   2)        0.593568      0.032029      0.027102   WU    10.484074      8.871139
 ( 5   1) <--> ( 6   3)        0.572472      0.029793      0.025210   WU     9.752102      8.251778
 ( 5   1) <--> ( 6   4)        0.142556      0.001847      0.001563   WU     0.604725      0.511691
 ( 5   2) <--> ( 6   1)       -0.107797      0.001056      0.000894   WU     0.345780      0.292583
 ( 5   2) <--> ( 6   2)       -0.324983      0.009601      0.008124   WU     3.142757      2.659256
 ( 5   2) <--> ( 6   3)        0.648511      0.038233      0.032351   WU    12.514809     10.589454
 ( 5   2) <--> ( 6   4)       -0.158224      0.002276      0.001926   WU     0.744960      0.630350
 ( 5   3) <--> ( 6   1)       -0.062030      0.000350      0.000296   WU     0.114496      0.096881
 ( 5   3) <--> ( 6   2)       -0.025120      0.000057      0.000049   WU     0.018777      0.015888
 ( 5   3) <--> ( 6   3)        0.054854      0.000274      0.000231   WU     0.089538      0.075763
 ( 5   3) <--> ( 6   4)       -0.632359      0.036352      0.030760   WU    11.899154     10.068515
 ( 5   4) <--> ( 6   1)       -0.041783      0.000159      0.000134   WU     0.051950      0.043958
 ( 5   4) <--> ( 6   2)        0.024396      0.000054      0.000046   WU     0.017711      0.014986
 ( 5   4) <--> ( 6   3)        0.206909      0.003892      0.003293   WU     1.273943      1.077952
 ( 5   4) <--> ( 6   4)        0.341888      0.010626      0.008991   WU     3.478219      2.943108
 ( 5   1) <--> ( 7   1)       -1.403944      0.179187      0.131404   WU    58.652771     43.012032
 ( 5   1) <--> ( 7   2)        0.291793      0.007740      0.005676   WU     2.533604      1.857977
 ( 5   1) <--> ( 7   3)        0.151440      0.002085      0.001529   WU     0.682445      0.500460
 ( 5   1) <--> ( 7   4)        0.100156      0.000912      0.000669   WU     0.298499      0.218899
 ( 5   2) <--> ( 7   1)       -0.244969      0.005455      0.004001   WU     1.785707      1.309519
 ( 5   2) <--> ( 7   2)       -1.123025      0.114653      0.084079   WU    37.529100     27.521340
 ( 5   2) <--> ( 7   3)       -0.049864      0.000226      0.000166   WU     0.073990      0.054259
 ( 5   2) <--> ( 7   4)        0.173184      0.002727      0.002000   WU     0.892493      0.654495
 ( 5   3) <--> ( 7   1)       -0.013300      0.000016      0.000012   WU     0.005264      0.003860
 ( 5   3) <--> ( 7   2)       -0.488652      0.021707      0.015919   WU     7.105392      5.210621
 ( 5   3) <--> ( 7   3)       -1.428617      0.185541      0.136063   WU    60.732470     44.537145
 ( 5   3) <--> ( 7   4)       -0.574746      0.030030      0.022022   WU     9.829713      7.208456
 ( 5   4) <--> ( 7   1)       -0.310474      0.008763      0.006426   WU     2.868405      2.103497
 ( 5   4) <--> ( 7   2)        0.182388      0.003024      0.002218   WU     0.989881      0.725913
 ( 5   4) <--> ( 7   3)        0.197948      0.003562      0.002612   WU     1.165975      0.855048
 ( 5   4) <--> ( 7   4)        0.777925      0.055015      0.040344   WU    18.007967     13.205842
 ( 6   1) <--> ( 6   1)       -0.871894     -0.607882   (eb)
 ( 6   2) <--> ( 6   1)        0.596535      0.027373      0.027373   WU     8.960054      8.960054
 ( 6   2) <--> ( 6   2)       -0.523321     -0.364858   (eb)
 ( 6   3) <--> ( 6   1)       -0.131613      0.001332      0.001332   WU     0.436152      0.436152
 ( 6   3) <--> ( 6   2)       -0.648215      0.032322      0.032322   WU    10.579794     10.579794
 ( 6   3) <--> ( 6   3)       -0.283061     -0.197349   (eb)
 ( 6   4) <--> ( 6   1)       -0.159951      0.001968      0.001968   WU     0.644190      0.644190
 ( 6   4) <--> ( 6   2)       -0.016284      0.000020      0.000020   WU     0.006676      0.006676
 ( 6   4) <--> ( 6   3)        0.078058      0.000469      0.000469   WU     0.153418      0.153418
 ( 6   4) <--> ( 6   4)       -0.868434     -0.605470   (eb)
 ( 6   1) <--> ( 7   1)       -0.013653      0.000014      0.000012   WU     0.004694      0.004068
 ( 6   1) <--> ( 7   2)        0.059655      0.000274      0.000237   WU     0.089605      0.077658
 ( 6   1) <--> ( 7   3)        0.031380      0.000076      0.000066   WU     0.024794      0.021489
 ( 6   1) <--> ( 7   4)        0.007097      0.000004      0.000003   WU     0.001268      0.001099
 ( 6   2) <--> ( 7   1)       -0.645102      0.032012      0.027744   WU    10.478413      9.081292
 ( 6   2) <--> ( 7   2)        0.115555      0.001027      0.000890   WU     0.336215      0.291386
 ( 6   2) <--> ( 7   3)        0.081772      0.000514      0.000446   WU     0.168365      0.145917
 ( 6   2) <--> ( 7   4)        0.001456      0.000000      0.000000   WU     0.000053      0.000046
 ( 6   3) <--> ( 7   1)       -0.512357      0.020193      0.017501   WU     6.609723      5.728427
 ( 6   3) <--> ( 7   2)       -0.766171      0.045155      0.039135   WU    14.780520     12.809784
 ( 6   3) <--> ( 7   3)        0.152344      0.001785      0.001547   WU     0.584372      0.506456
 ( 6   3) <--> ( 7   4)        0.109593      0.000924      0.000801   WU     0.302414      0.262092
 ( 6   4) <--> ( 7   1)        0.089525      0.000617      0.000534   WU     0.201802      0.174895
 ( 6   4) <--> ( 7   2)       -0.035638      0.000098      0.000085   WU     0.031980      0.027716
 ( 6   4) <--> ( 7   3)        0.132044      0.001341      0.001162   WU     0.439009      0.380475
 ( 6   4) <--> ( 7   4)        0.140801      0.001525      0.001322   WU     0.499171      0.432615
 ( 6   1) <--> ( 8   1)       -1.662671      0.212652      0.162616   WU    69.606691     53.228646
 ( 6   1) <--> ( 8   2)        0.351392      0.009498      0.007263   WU     3.109012      2.377480
 ( 6   1) <--> ( 8   3)       -0.097109      0.000725      0.000555   WU     0.237441      0.181573
 ( 6   1) <--> ( 8   4)        0.117510      0.001062      0.000812   WU     0.347684      0.265876
 ( 6   2) <--> ( 8   1)        0.353320      0.009603      0.007343   WU     3.143215      2.403635
 ( 6   2) <--> ( 8   2)        1.475649      0.167503      0.128091   WU    54.828264     41.927496
 ( 6   2) <--> ( 8   3)       -0.318302      0.007794      0.005960   WU     2.551032      1.950789
 ( 6   2) <--> ( 8   4)       -0.139221      0.001491      0.001140   WU     0.488033      0.373202
 ( 6   3) <--> ( 8   1)       -0.198733      0.003038      0.002323   WU     0.994436      0.760451
 ( 6   3) <--> ( 8   2)        0.397144      0.012133      0.009278   WU     3.971320      3.036892
 ( 6   3) <--> ( 8   3)        1.365646      0.143461      0.109705   WU    46.958536     35.909469
 ( 6   3) <--> ( 8   4)        0.344648      0.009137      0.006987   WU     2.990812      2.287092
 ( 6   4) <--> ( 8   1)       -0.288559      0.006405      0.004898   WU     2.096561      1.603252
 ( 6   4) <--> ( 8   2)        0.473304      0.017232      0.013177   WU     5.640507      4.313329
 ( 6   4) <--> ( 8   3)       -0.704741      0.038205      0.029215   WU    12.505411      9.562961
 ( 6   4) <--> ( 8   4)        1.934224      0.287786      0.220072   WU    94.200233     72.035472
 ( 7   1) <--> ( 7   1)       -0.961221     -0.643693   (eb)
 ( 7   2) <--> ( 7   1)       -0.401062      0.010723      0.010723   WU     3.510051      3.510051
 ( 7   2) <--> ( 7   2)        0.010138      0.006789   (eb)
 ( 7   3) <--> ( 7   1)        0.179936      0.002158      0.002158   WU     0.706521      0.706521
 ( 7   3) <--> ( 7   2)       -0.090330      0.000544      0.000544   WU     0.178056      0.178056
 ( 7   3) <--> ( 7   3)       -0.779172     -0.521782   (eb)
 ( 7   4) <--> ( 7   1)        0.129051      0.001110      0.001110   WU     0.363427      0.363427
 ( 7   4) <--> ( 7   2)       -0.664726      0.029457      0.029457   WU     9.642198      9.642198
 ( 7   4) <--> ( 7   3)       -0.520280      0.018046      0.018046   WU     5.906974      5.906974
 ( 7   4) <--> ( 7   4)        0.240438      0.161012   (eb)
 ( 7   1) <--> ( 8   1)        0.398039      0.010562      0.009320   WU     3.457338      3.050592
 ( 7   1) <--> ( 8   2)       -0.681093      0.030926      0.027288   WU    10.122863      8.931938
 ( 7   1) <--> ( 8   3)       -0.402822      0.010818      0.009545   WU     3.540931      3.124351
 ( 7   1) <--> ( 8   4)       -0.115150      0.000884      0.000780   WU     0.289346      0.255305
 ( 7   2) <--> ( 8   1)       -0.118818      0.000941      0.000830   WU     0.308073      0.271829
 ( 7   2) <--> ( 8   2)        0.440664      0.012946      0.011423   WU     4.237463      3.738938
 ( 7   2) <--> ( 8   3)       -0.757178      0.038221      0.033725   WU    12.510847     11.038983
 ( 7   2) <--> ( 8   4)       -0.085389      0.000486      0.000429   WU     0.159109      0.140390
 ( 7   3) <--> ( 8   1)       -0.059843      0.000239      0.000211   WU     0.078147      0.068954
 ( 7   3) <--> ( 8   2)        0.057571      0.000221      0.000195   WU     0.072326      0.063817
 ( 7   3) <--> ( 8   3)       -0.211796      0.002991      0.002639   WU     0.978876      0.863714
 ( 7   3) <--> ( 8   4)        0.642652      0.027533      0.024294   WU     9.012444      7.952157
 ( 7   4) <--> ( 8   1)       -0.011617      0.000009      0.000008   WU     0.002945      0.002599
 ( 7   4) <--> ( 8   2)       -0.024719      0.000041      0.000036   WU     0.013334      0.011765
 ( 7   4) <--> ( 8   3)        0.160377      0.001715      0.001513   WU     0.561272      0.495240
 ( 7   4) <--> ( 8   4)        0.442515      0.013055      0.011519   WU     4.273136      3.770414
 ( 7   1) <--> ( 9   1)        1.721425      0.197554      0.155963   WU    64.664619     51.051015
 ( 7   1) <--> ( 9   2)       -0.322254      0.006923      0.005466   WU     2.266148      1.789064
 ( 7   1) <--> ( 9   3)        0.131834      0.001159      0.000915   WU     0.379267      0.299421
 ( 7   1) <--> ( 9   4)        0.147514      0.001451      0.001145   WU     0.474848      0.374880
 ( 7   2) <--> ( 9   1)        0.159951      0.001706      0.001347   WU     0.558294      0.440759
 ( 7   2) <--> ( 9   2)        1.598824      0.170416      0.134539   WU    55.781684     44.038172
 ( 7   2) <--> ( 9   3)       -0.361298      0.008702      0.006870   WU     2.848539      2.248847
 ( 7   2) <--> ( 9   4)        0.145871      0.001419      0.001120   WU     0.464329      0.366575
 ( 7   3) <--> ( 9   1)       -0.001679      0.000000      0.000000   WU     0.000062      0.000049
 ( 7   3) <--> ( 9   2)        0.274799      0.005034      0.003974   WU     1.647861      1.300943
 ( 7   3) <--> ( 9   3)       -1.738125      0.201405      0.159004   WU    65.925398     52.046367
 ( 7   3) <--> ( 9   4)       -0.840172      0.047059      0.037152   WU    15.403762     12.160865
 ( 7   4) <--> ( 9   1)       -0.088030      0.000517      0.000408   WU     0.169105      0.133504
 ( 7   4) <--> ( 9   2)        0.413088      0.011376      0.008981   WU     3.723711      2.939772
 ( 7   4) <--> ( 9   3)        0.088298      0.000520      0.000410   WU     0.170136      0.134318
 ( 7   4) <--> ( 9   4)       -1.571738      0.164691      0.130019   WU    53.907717     42.558724
 ( 8   1) <--> ( 8   1)       -1.265721     -0.815372   (eb)
 ( 8   2) <--> ( 8   1)       -0.459680      0.012430      0.012430   WU     4.068597      4.068597
 ( 8   2) <--> ( 8   2)       -0.805470     -0.518881   (eb)
 ( 8   3) <--> ( 8   1)        0.043154      0.000110      0.000110   WU     0.035857      0.035857
 ( 8   3) <--> ( 8   2)       -0.638574      0.023987      0.023987   WU     7.851553      7.851553
 ( 8   3) <--> ( 8   3)       -0.506987     -0.326599   (eb)
 ( 8   4) <--> ( 8   1)        0.218106      0.002798      0.002798   WU     0.915944      0.915944
 ( 8   4) <--> ( 8   2)       -0.331033      0.006446      0.006446   WU     2.109964      2.109964
 ( 8   4) <--> ( 8   3)        0.412911      0.010029      0.010029   WU     3.282804      3.282804
 ( 8   4) <--> ( 8   4)       -1.256036     -0.809133   (eb)
 ( 8   1) <--> ( 9   1)       -0.091066      0.000488      0.000436   WU     0.159679      0.142870
 ( 8   1) <--> ( 9   2)       -0.046429      0.000127      0.000113   WU     0.041507      0.037138
 ( 8   1) <--> ( 9   3)        0.027596      0.000045      0.000040   WU     0.014663      0.013119
 ( 8   1) <--> ( 9   4)        0.013125      0.000010      0.000009   WU     0.003317      0.002968
 ( 8   2) <--> ( 9   1)       -0.670471      0.026443      0.023660   WU     8.655520      7.744413
 ( 8   2) <--> ( 9   2)        0.085001      0.000425      0.000380   WU     0.139116      0.124472
 ( 8   2) <--> ( 9   3)       -0.125728      0.000930      0.000832   WU     0.304368      0.272329
 ( 8   2) <--> ( 9   4)       -0.021446      0.000027      0.000024   WU     0.008855      0.007923
 ( 8   3) <--> ( 9   1)       -0.419626      0.010358      0.009268   WU     3.390444      3.033555
 ( 8   3) <--> ( 9   2)       -0.641379      0.024198      0.021651   WU     7.920668      7.086913
 ( 8   3) <--> ( 9   3)       -0.015707      0.000015      0.000013   WU     0.004750      0.004250
 ( 8   3) <--> ( 9   4)       -0.089500      0.000471      0.000422   WU     0.154233      0.137998
 ( 8   4) <--> ( 9   1)        0.110592      0.000719      0.000644   WU     0.235496      0.210707
 ( 8   4) <--> ( 9   2)       -0.387606      0.008838      0.007907   WU     2.892774      2.588272
 ( 8   4) <--> ( 9   3)       -0.050438      0.000150      0.000134   WU     0.048983      0.043827
 ( 8   4) <--> ( 9   4)       -0.230772      0.003133      0.002803   WU     1.025417      0.917478
 ( 8   1) <--> (10   1)        1.943058      0.222087      0.179785   WU    72.694992     58.848327
 ( 8   1) <--> (10   2)        0.316727      0.005901      0.004777   WU     1.931543      1.563630
 ( 8   1) <--> (10   3)        0.132635      0.001035      0.000838   WU     0.338724      0.274205
 ( 8   1) <--> (10   4)        0.148816      0.001303      0.001055   WU     0.426414      0.345192
 ( 8   2) <--> (10   1)        0.129905      0.000993      0.000804   WU     0.324924      0.263034
 ( 8   2) <--> (10   2)       -1.838900      0.198915      0.161026   WU    65.110240     52.708290
 ( 8   2) <--> (10   3)       -0.465478      0.012745      0.010318   WU     4.171869      3.377228
 ( 8   2) <--> (10   4)        0.081108      0.000387      0.000313   WU     0.126668      0.102540
 ( 8   3) <--> (10   1)       -0.114232      0.000768      0.000621   WU     0.251251      0.203394
 ( 8   3) <--> (10   2)       -0.270571      0.004306      0.003486   WU     1.409601      1.141106
 ( 8   3) <--> (10   3)        1.845145      0.200268      0.162122   WU    65.553181     53.066861
 ( 8   3) <--> (10   4)       -0.159480      0.001496      0.001211   WU     0.489715      0.396436
 ( 8   4) <--> (10   1)       -0.220280      0.002854      0.002311   WU     0.934293      0.756332
 ( 8   4) <--> (10   2)       -0.470330      0.013012      0.010534   WU     4.259297      3.448002
 ( 8   4) <--> (10   3)       -0.879875      0.045540      0.036866   WU    14.906470     12.067142
 ( 8   4) <--> (10   4)       -2.489090      0.364445      0.295027   WU   119.292789     96.570353
 ( 9   1) <--> ( 9   1)       -1.277439     -0.793139   (eb)
 ( 9   2) <--> ( 9   1)       -0.308772      0.005018      0.005018   WU     1.642495      1.642495
 ( 9   2) <--> ( 9   2)       -0.434132     -0.269545   (eb)
 ( 9   3) <--> ( 9   1)       -0.136262      0.000977      0.000977   WU     0.319873      0.319873
 ( 9   3) <--> ( 9   2)       -0.154438      0.001255      0.001255   WU     0.410898      0.410898
 ( 9   3) <--> ( 9   3)       -0.788194     -0.489375   (eb)
 ( 9   4) <--> ( 9   1)       -0.163676      0.001410      0.001410   WU     0.461529      0.461529
 ( 9   4) <--> ( 9   2)        0.735312      0.028457      0.028457   WU     9.314759      9.314759
 ( 9   4) <--> ( 9   3)       -0.731481      0.028161      0.028161   WU     9.217959      9.217959
 ( 9   4) <--> ( 9   4)       -0.510044     -0.316677   (eb)
 ( 9   1) <--> (10   1)        0.348699      0.006400      0.005790   WU     2.094736      1.895237
 ( 9   1) <--> (10   2)        0.681151      0.024419      0.022094   WU     7.993101      7.231853
 ( 9   1) <--> (10   3)       -0.289111      0.004399      0.003980   WU     1.439985      1.302843
 ( 9   1) <--> (10   4)        0.094165      0.000467      0.000422   WU     0.152760      0.138211
 ( 9   2) <--> (10   1)       -0.104613      0.000576      0.000521   WU     0.188537      0.170581
 ( 9   2) <--> (10   2)       -0.445959      0.010467      0.009470   WU     3.426247      3.099937
 ( 9   2) <--> (10   3)       -0.789153      0.032777      0.029655   WU    10.728792      9.707003
 ( 9   2) <--> (10   4)        0.289018      0.004396      0.003978   WU     1.439057      1.302004
 ( 9   3) <--> (10   1)        0.059143      0.000184      0.000167   WU     0.060261      0.054522
 ( 9   3) <--> (10   2)        0.104346      0.000573      0.000518   WU     0.187577      0.169712
 ( 9   3) <--> (10   3)        0.427416      0.009615      0.008699   WU     3.147235      2.847498
 ( 9   3) <--> (10   4)        0.429214      0.009696      0.008773   WU     3.173770      2.871506
 ( 9   4) <--> (10   1)        0.021433      0.000024      0.000022   WU     0.007914      0.007160
 ( 9   4) <--> (10   2)       -0.012660      0.000008      0.000008   WU     0.002761      0.002498
 ( 9   4) <--> (10   3)       -0.087366      0.000402      0.000363   WU     0.131495      0.118972
 ( 9   4) <--> (10   4)        0.698127      0.025652      0.023209   WU     8.396477      7.596813
 (10   1) <--> (10   1)       -1.515587     -0.908736   (eb)
 (10   2) <--> (10   1)        0.381093      0.006916      0.006916   WU     2.263730      2.263730
 (10   2) <--> (10   2)       -1.184707     -0.710343   (eb)
 (10   3) <--> (10   1)       -0.018693      0.000017      0.000017   WU     0.005446      0.005446
 (10   3) <--> (10   2)        0.507810      0.012280      0.012280   WU     4.019429      4.019429
 (10   3) <--> (10   3)       -0.737833     -0.442400   (eb)
 (10   4) <--> (10   1)       -0.205006      0.002001      0.002001   WU     0.655081      0.655081
 (10   4) <--> (10   2)       -0.441166      0.009268      0.009268   WU     3.033656      3.033656
 (10   4) <--> (10   3)       -0.641201      0.019578      0.019578   WU     6.408410      6.408410
 (10   4) <--> (10   4)       -1.476378     -0.885227   (eb)
 
  quadrupole shape invariant: 01+, 02+, 03+, 04+
quadr2     0.20911724     0.45756702     0.46489145     0.83139938
quadr3     0.04091711     0.21896608     0.19074292     0.71020194
  effective deformation parameters:  01+, 02+, 03+, 04+
beteff     0.18329694     0.27113630     0.27329777     0.36548129
cos3ga     0.42787823     0.70744841     0.60175692     0.93684407
 
 ********* END Transition **************************
