 ********* BEGIN READER ****************************
 
 Nucleus            :  Rn  86 130
 Imin, Imax         :     0  10
 imu, remu          :     1 12.0000
 nlevel             :     4
 observables        :     2
 wave fun           :     1
 nbet, ngam, npar   :    10   7  10
 Finish reading parameters: V, B_k ...
 
 ********* END READER ******************************
 
 ********* BEGIN LEVELS ********************
 
 E_0 = -1677.270356
 
  I=   0   ntot= 127
   0   1    0.000000
   0   2    2.271341
   0   3    4.181694
   0   4    4.536254
 
  I=   2   ntot= 234
   2   1    0.910364
   2   2    2.523451
   2   3    3.319515
   2   4    4.761275
 
  I=   3   ntot= 108
   3   1    3.618381
   3   2    5.707219
   3   3    6.952939
   3   4    7.732048
 
  I=   4   ntot= 324
   4   1    1.832330
   4   2    3.665135
   4   3    4.308034
   4   4    5.247206
 
  I=   5   ntot= 198
   5   1    4.691875
   5   2    6.469432
   5   3    6.673420
   5   4    7.674103
 
  I=   6   ntot= 432
   6   1    2.846411
   6   2    4.816646
   6   3    5.332547
   6   4    6.546875
 
  I=   7   ntot= 306
   7   1    5.835611
   7   2    7.618535
   7   3    7.771906
   7   4    8.458316
 
  I=   8   ntot= 522
   8   1    3.976867
   8   2    6.049501
   8   3    6.439180
   8   4    7.623501
 
  I=   9   ntot= 397
   9   1    7.082430
   9   2    8.649583
   9   3    9.089231
   9   4    9.268958
 
  I=  10   ntot= 630
  10   1    5.233856
  10   2    7.363489
  10   3    7.661617
  10   4    8.024795
 
 ********* END LEVELS **********************
 
 ********* BEGIN Transition ************************
 
  Monopole moment 
 
   I   n    <In|E0|In>   ave \beta      del<b>   ave \gamma    del<g>  
     K=0       K=2       K=4   
   0   1     31.152706    0.090376    0.026205   25.922955   11.281541  100.0000    0.0000    0.0000
   0   2     31.230062    0.117521    0.038625   20.407529   10.743493  100.0000    0.0000    0.0000
   0   3     31.343981    0.137719    0.030506   32.605242   10.624117  100.0000    0.0000    0.0000
   0   4     31.328016    0.141010    0.049360   20.635255    9.730544  100.0000    0.0000    0.0000
   2   1     31.182292    0.103027    0.026085   22.973088   10.766219   93.7168    6.2832    0.0000
   2   2     31.223074    0.112444    0.028755   27.167920   11.271279   19.9083   80.0917    0.0000
   2   3     31.271407    0.127745    0.039007   21.914212   10.507452   81.7631   18.2369    0.0000
   2   4     31.355484    0.144208    0.042699   26.692862    9.956992   18.0048   81.9952    0.0000
   3   1     31.263695    0.124300    0.027432   26.552753    9.300249    0.0000  100.0000    0.0000
   3   2     31.437106    0.160813    0.043988   27.637600    8.318985    0.0000  100.0000    0.0000
   3   3     31.654837    0.199505    0.054569   32.765836    8.007465    0.0000  100.0000    0.0000
   3   4     31.772363    0.219769    0.070776   34.238289    8.203692    0.0000  100.0000    0.0000
   4   1     31.208083    0.112725    0.025930   20.919453   10.064156   93.2390    5.9222    0.8387
   4   2     31.255936    0.122452    0.030049   25.062993   11.437646   27.7048   60.3283   11.9669
   4   3     31.312832    0.137711    0.039237   22.465778   10.184787   75.4120   22.9548    1.6332
   4   4     31.320432    0.134982    0.031307   29.244150    9.813513    4.7531   28.0323   67.2146
   5   1     31.297214    0.133713    0.027791   24.951139    8.499441    0.0000   95.9025    4.0975
   5   2     31.388130    0.149871    0.032852   29.387892    8.175521    0.0000    7.7229   92.2771
   5   3     31.507899    0.174439    0.045237   27.919619    8.135326    0.0000   91.8568    8.1432
   5   4     31.790378    0.220350    0.054811   34.464383    7.663730    0.0000   26.1227   73.8773
   6   1     31.231653    0.120615    0.025787   19.549809    9.683701   92.4352    6.7675    0.6140
   6   2     31.286356    0.130885    0.029972   23.891564   11.283899   29.3034   59.2423    8.8245
   6   3     31.354672    0.147315    0.040047   22.493493    9.726951   75.9141   22.2032    1.5634
   6   4     31.391274    0.150685    0.036221   29.299155   10.341532   15.7278   38.1975   29.6733
   7   1     31.328828    0.141865    0.028308   23.780226    8.283479    0.0000   93.7879    5.8639
   7   2     31.572321    0.184748    0.043876   30.611843    7.914628    0.0000   39.1639   53.7190
   7   3     31.465210    0.167623    0.044106   25.696405    8.038141    0.0000   58.0416   37.0288
   7   4     31.952103    0.244941    0.059280   35.775520    7.439447    0.0000   26.9845   45.4329
   8   1     31.253742    0.127318    0.025764   18.602624    9.421088   91.2500    7.9685    0.6148
   8   2     31.319868    0.139031    0.029481   23.847108   10.879748   27.1243   61.0448    9.3053
   8   3     31.396027    0.156385    0.041784   22.269438    9.443107   79.3824   18.6296    1.6349
   8   4     31.673232    0.201271    0.050399   34.137614    8.870964   30.4646   44.7745   16.7694
   9   1     31.360432    0.149343    0.029069   22.992540    8.022962    0.0000   91.6659    7.7254
   9   2     31.732412    0.211779    0.048545   31.627972    7.982410    0.0000   45.1775   41.7663
   9   3     31.500001    0.174404    0.043186   25.110680    8.368042    0.0000   47.1060   42.0058
   9   4     32.129519    0.270057    0.069560   36.301234    8.198397    0.0000   24.5978   36.5951
  10   1     31.274774    0.133173    0.025698   17.953938    8.838097   89.6919    9.4862    0.6745
  10   2     31.375764    0.150741    0.031851   25.359715    9.778347   24.5473   62.4044   10.5987
  10   3     31.427453    0.163407    0.044997   21.720607    9.054880   81.2572   16.2170    2.0064
  10   4     34.837339    0.598995    0.044416    4.851439    6.629143   99.9188    0.0528    0.0050
 
  rho^2(E0) 
 
   I  n_1 n_2  <In_1|E0|In_2>  rho^2(E0) 
   0   1   1       31.152706 2670.904539
   0   2   1       -0.059769    0.009831
   0   2   2       31.230062 2684.185405
   0   3   1       -0.026043    0.001867
   0   3   2        0.033233    0.003040
   0   3   3       31.343981 2703.803541
   0   4   1        0.000426    0.000000
   0   4   2        0.105735    0.030768
   0   4   3        0.045211    0.005625
   0   4   4       31.328016 2701.049827
   2   1   1       31.182292 2675.980052
   2   2   1        0.016937    0.000789
   2   2   2       31.223074 2682.984230
   2   3   1        0.069844    0.013425
   2   3   2        0.000409    0.000000
   2   3   3       31.271407 2691.297107
   2   4   1        0.005052    0.000070
   2   4   2        0.090882    0.022731
   2   4   3       -0.005766    0.000092
   2   4   4       31.355484 2705.788475
   3   1   1       31.263695 2689.969961
   3   2   1        0.104790    0.030221
   3   2   2       31.437106 2719.893662
   3   3   1        0.012413    0.000424
   3   3   2       -0.175420    0.084689
   3   3   3       31.654837 2757.699742
   3   4   1        0.010197    0.000286
   3   4   2       -0.021069    0.001222
   3   4   3        0.244668    0.164748
   3   4   4       31.772363 2778.214927
   4   1   1       31.208083 2680.408649
   4   2   1        0.023427    0.001510
   4   2   2       31.255936 2688.634959
   4   3   1        0.077362    0.016471
   4   3   2       -0.004014    0.000044
   4   3   3       31.312832 2698.432269
   4   4   1        0.010795    0.000321
   4   4   2        0.018830    0.000976
   4   4   3        0.009005    0.000223
   4   4   4       31.320432 2699.742199
   5   1   1       31.297214 2695.740980
   5   2   1        0.004131    0.000047
   5   2   2       31.388130 2711.425688
   5   3   1        0.113360    0.035366
   5   3   2       -0.025667    0.001813
   5   3   3       31.507899 2732.157310
   5   4   1        0.022319    0.001371
   5   4   2        0.119093    0.039034
   5   4   3       -0.129981    0.046497
   5   4   4       31.790378 2781.366381
   6   1   1       31.231653 2684.458898
   6   2   1        0.022889    0.001442
   6   2   2       31.286356 2693.870959
   6   3   1        0.085268    0.020009
   6   3   2       -0.011796    0.000383
   6   3   3       31.354672 2705.648319
   6   4   1        0.009728    0.000260
   6   4   2        0.011974    0.000395
   6   4   3        0.046326    0.005906
   6   4   4       31.391274 2711.968878
   7   1   1       31.328828 2701.189802
   7   2   1        0.082313    0.018647
   7   2   2       31.572321 2743.341175
   7   3   1        0.087082    0.020870
   7   3   2        0.063412    0.011066
   7   3   3       31.465210 2724.758852
   7   4   1        0.032242    0.002861
   7   4   2       -0.205177    0.115857
   7   4   3       -0.024634    0.001670
   7   4   4       31.952103 2809.737155
   8   1   1       31.253742 2688.257502
   8   2   1        0.013655    0.000513
   8   2   2       31.319868 2699.644938
   8   3   1        0.093396    0.024006
   8   3   2       -0.027250    0.002044
   8   3   3       31.396027 2712.790128
   8   4   1       -0.008875    0.000217
   8   4   2       -0.058950    0.009564
   8   4   3        0.117722    0.038140
   8   4   4       31.673232 2760.905796
   9   1   1       31.360432 2706.642363
   9   2   1        0.099758    0.027388
   9   2   2       31.732412 2771.232528
   9   3   1        0.074871    0.015427
   9   3   2        0.022699    0.001418
   9   3   3       31.500001 2730.787795
   9   4   1        0.042304    0.004925
   9   4   2       -0.260991    0.187464
   9   4   3        0.034592    0.003293
   9   4   4       32.129519 2841.026387
  10   1   1       31.274774 2691.876768
  10   2   1        0.012528    0.000432
  10   2   2       31.375764 2709.289635
  10   3   1        0.098038    0.026452
  10   3   2        0.059401    0.009711
  10   3   3       31.427453 2718.223609
  10   4   1        0.000295    0.000000
  10   4   2       -0.003230    0.000029
  10   4   3        0.001356    0.000005
  10   4   4       34.837339 3340.079102
 
  E2 transition 
 
  I1  n1        I2  n2       <f||E2||i>   B(E2,I1->I2)  B(E2,I2->I1)
 ( 0   1) <--> ( 2   1)        0.918276      0.843232      0.168646   WU   109.535626     21.907125
 ( 0   1) <--> ( 2   2)       -0.102295      0.010464      0.002093   WU     1.359308      0.271862
 ( 0   1) <--> ( 2   3)        0.051192      0.002621      0.000524   WU     0.340422      0.068084
 ( 0   1) <--> ( 2   4)        0.009062      0.000082      0.000016   WU     0.010666      0.002133
 ( 0   2) <--> ( 2   1)       -0.519207      0.269576      0.053915   WU    35.017906      7.003581
 ( 0   2) <--> ( 2   2)       -0.360999      0.130321      0.026064   WU    16.928611      3.385722
 ( 0   2) <--> ( 2   3)       -1.031344      1.063670      0.212734   WU   138.170544     27.634109
 ( 0   2) <--> ( 2   4)        0.043463      0.001889      0.000378   WU     0.245386      0.049077
 ( 0   3) <--> ( 2   1)        0.052915      0.002800      0.000560   WU     0.363714      0.072743
 ( 0   3) <--> ( 2   2)        0.430426      0.185266      0.037053   WU    24.066060      4.813212
 ( 0   3) <--> ( 2   3)       -0.232564      0.054086      0.010817   WU     7.025773      1.405155
 ( 0   3) <--> ( 2   4)        0.174973      0.030615      0.006123   WU     3.976944      0.795389
 ( 0   4) <--> ( 2   1)        0.013492      0.000182      0.000036   WU     0.023647      0.004729
 ( 0   4) <--> ( 2   2)       -0.230315      0.053045      0.010609   WU     6.890530      1.378106
 ( 0   4) <--> ( 2   3)       -0.682090      0.465247      0.093049   WU    60.435502     12.087100
 ( 0   4) <--> ( 2   4)       -0.305381      0.093258      0.018652   WU    12.114134      2.422827
 ( 2   1) <--> ( 2   1)       -0.885897     -0.671451   (eb)
 ( 2   2) <--> ( 2   1)       -0.909389      0.165398      0.165398   WU    21.485141     21.485141
 ( 2   2) <--> ( 2   2)        0.545063      0.413121   (eb)
 ( 2   3) <--> ( 2   1)       -0.012981      0.000034      0.000034   WU     0.004378      0.004378
 ( 2   3) <--> ( 2   2)       -0.844689      0.142700      0.142700   WU    18.536678     18.536678
 ( 2   3) <--> ( 2   3)       -0.672161     -0.509453   (eb)
 ( 2   4) <--> ( 2   1)        0.041385      0.000343      0.000343   WU     0.044497      0.044497
 ( 2   4) <--> ( 2   2)       -0.019233      0.000074      0.000074   WU     0.009610      0.009610
 ( 2   4) <--> ( 2   3)       -1.109571      0.246230      0.246230   WU    31.985180     31.985180
 ( 2   4) <--> ( 2   4)        0.718917      0.544891   (eb)
 ( 2   1) <--> ( 3   1)       -0.182099      0.006632      0.004737   WU     0.861498      0.615356
 ( 2   1) <--> ( 3   2)        0.023423      0.000110      0.000078   WU     0.014254      0.010181
 ( 2   1) <--> ( 3   3)       -0.004463      0.000004      0.000003   WU     0.000517      0.000370
 ( 2   1) <--> ( 3   4)        0.012284      0.000030      0.000022   WU     0.003921      0.002800
 ( 2   2) <--> ( 3   1)       -1.501695      0.451017      0.322155   WU    58.587070     41.847907
 ( 2   2) <--> ( 3   2)       -0.026434      0.000140      0.000100   WU     0.018154      0.012967
 ( 2   2) <--> ( 3   3)       -0.016914      0.000057      0.000041   WU     0.007432      0.005309
 ( 2   2) <--> ( 3   4)        0.004487      0.000004      0.000003   WU     0.000523      0.000374
 ( 2   3) <--> ( 3   1)        0.520952      0.054278      0.038770   WU     7.050735      5.036240
 ( 2   3) <--> ( 3   2)       -0.078187      0.001223      0.000873   WU     0.158821      0.113444
 ( 2   3) <--> ( 3   3)       -0.056352      0.000635      0.000454   WU     0.082500      0.058928
 ( 2   3) <--> ( 3   4)        0.028793      0.000166      0.000118   WU     0.021538      0.015385
 ( 2   4) <--> ( 3   1)       -0.820036      0.134492      0.096066   WU    17.470477     12.478912
 ( 2   4) <--> ( 3   2)       -1.895813      0.718821      0.513444   WU    93.374749     66.696249
 ( 2   4) <--> ( 3   3)       -0.136618      0.003733      0.002666   WU     0.484903      0.346359
 ( 2   4) <--> ( 3   4)        0.088051      0.001551      0.001108   WU     0.201420      0.143871
 ( 2   1) <--> ( 4   1)        1.691392      0.572162      0.317868   WU    74.323681     41.290934
 ( 2   1) <--> ( 4   2)       -0.091683      0.001681      0.000934   WU     0.218381      0.121323
 ( 2   1) <--> ( 4   3)        0.123579      0.003054      0.001697   WU     0.396761      0.220423
 ( 2   1) <--> ( 4   4)       -0.007597      0.000012      0.000006   WU     0.001499      0.000833
 ( 2   2) <--> ( 4   1)        0.309461      0.019153      0.010641   WU     2.488002      1.382224
 ( 2   2) <--> ( 4   2)        1.337159      0.357599      0.198666   WU    46.452001     25.806667
 ( 2   2) <--> ( 4   3)        0.076287      0.001164      0.000647   WU     0.151198      0.083999
 ( 2   2) <--> ( 4   4)       -0.249780      0.012478      0.006932   WU     1.620893      0.900496
 ( 2   3) <--> ( 4   1)        0.703377      0.098948      0.054971   WU    12.853306      7.140726
 ( 2   3) <--> ( 4   2)        0.300970      0.018117      0.010065   WU     2.353343      1.307413
 ( 2   3) <--> ( 4   3)        1.900237      0.722180      0.401211   WU    93.811034     52.117241
 ( 2   3) <--> ( 4   4)        0.148765      0.004426      0.002459   WU     0.574960      0.319422
 ( 2   4) <--> ( 4   1)        0.006087      0.000007      0.000004   WU     0.000963      0.000535
 ( 2   4) <--> ( 4   2)        0.565719      0.064008      0.035560   WU     8.314563      4.619202
 ( 2   4) <--> ( 4   3)        0.110403      0.002438      0.001354   WU     0.316667      0.175926
 ( 2   4) <--> ( 4   4)        0.286333      0.016397      0.009110   WU     2.130008      1.183338
 ( 3   1) <--> ( 3   1)        0.000000      0.000000   (eb)
 ( 3   2) <--> ( 3   1)        0.000000      0.000000      0.000000   WU     0.000000      0.000000
 ( 3   2) <--> ( 3   2)        0.000000      0.000000   (eb)
 ( 3   3) <--> ( 3   1)        0.000000      0.000000      0.000000   WU     0.000000      0.000000
 ( 3   3) <--> ( 3   2)        0.000000      0.000000      0.000000   WU     0.000000      0.000000
 ( 3   3) <--> ( 3   3)        0.000000      0.000000   (eb)
 ( 3   4) <--> ( 3   1)        0.000000      0.000000      0.000000   WU     0.000000      0.000000
 ( 3   4) <--> ( 3   2)        0.000000      0.000000      0.000000   WU     0.000000      0.000000
 ( 3   4) <--> ( 3   3)        0.000000      0.000000      0.000000   WU     0.000000      0.000000
 ( 3   4) <--> ( 3   4)        0.000000      0.000000   (eb)
 ( 3   1) <--> ( 4   1)        0.612419      0.053580      0.041673   WU     6.959987      5.413323
 ( 3   1) <--> ( 4   2)       -1.118895      0.178846      0.139103   WU    23.232118     18.069425
 ( 3   1) <--> ( 4   3)        0.845903      0.102222      0.079506   WU    13.278566     10.327774
 ( 3   1) <--> ( 4   4)       -1.202205      0.206471      0.160588   WU    26.820524     20.860407
 ( 3   2) <--> ( 4   1)       -0.060664      0.000526      0.000409   WU     0.068293      0.053116
 ( 3   2) <--> ( 4   2)       -0.061838      0.000546      0.000425   WU     0.070961      0.055192
 ( 3   2) <--> ( 4   3)        0.850805      0.103410      0.080430   WU    13.432922     10.447828
 ( 3   2) <--> ( 4   4)       -0.654982      0.061286      0.047667   WU     7.961019      6.191904
 ( 3   3) <--> ( 4   1)       -0.019384      0.000054      0.000042   WU     0.006973      0.005423
 ( 3   3) <--> ( 4   2)       -0.015074      0.000032      0.000025   WU     0.004217      0.003280
 ( 3   3) <--> ( 4   3)        0.194708      0.005416      0.004212   WU     0.703522      0.547184
 ( 3   3) <--> ( 4   4)       -0.233661      0.007800      0.006066   WU     1.013173      0.788023
 ( 3   4) <--> ( 4   1)        0.007555      0.000008      0.000006   WU     0.001059      0.000824
 ( 3   4) <--> ( 4   2)        0.021602      0.000067      0.000052   WU     0.008660      0.006735
 ( 3   4) <--> ( 4   3)       -0.079444      0.000902      0.000701   WU     0.117121      0.091094
 ( 3   4) <--> ( 4   4)        0.188558      0.005079      0.003950   WU     0.659783      0.513165
 ( 3   1) <--> ( 5   1)        1.800370      0.463047      0.294666   WU    60.149744     38.277110
 ( 3   1) <--> ( 5   2)       -0.275223      0.010821      0.006886   WU     1.405655      0.894508
 ( 3   1) <--> ( 5   3)        0.068703      0.000674      0.000429   WU     0.087593      0.055741
 ( 3   1) <--> ( 5   4)        0.083713      0.001001      0.000637   WU     0.130047      0.082757
 ( 3   2) <--> ( 5   1)        0.668384      0.063820      0.040612   WU     8.290143      5.275545
 ( 3   2) <--> ( 5   2)       -0.115146      0.001894      0.001205   WU     0.246040      0.156571
 ( 3   2) <--> ( 5   3)        2.228317      0.709342      0.451400   WU    92.143399     58.636708
 ( 3   2) <--> ( 5   4)       -0.053749      0.000413      0.000263   WU     0.053611      0.034116
 ( 3   3) <--> ( 5   1)        0.242086      0.008372      0.005328   WU     1.087552      0.692078
 ( 3   3) <--> ( 5   2)        0.503702      0.036245      0.023065   WU     4.708231      2.996147
 ( 3   3) <--> ( 5   3)       -0.997819      0.142235      0.090513   WU    18.476256     11.757617
 ( 3   3) <--> ( 5   4)        1.822922      0.474721      0.302095   WU    61.666120     39.242076
 ( 3   4) <--> ( 5   1)       -0.193062      0.005325      0.003388   WU     0.691679      0.440159
 ( 3   4) <--> ( 5   2)       -0.444538      0.028231      0.017965   WU     3.667140      2.333634
 ( 3   4) <--> ( 5   3)       -0.194706      0.005416      0.003446   WU     0.703509      0.447688
 ( 3   4) <--> ( 5   4)        1.326517      0.251378      0.159968   WU    32.653974     20.779801
 ( 4   1) <--> ( 4   1)       -1.343621     -1.013219   (eb)
 ( 4   2) <--> ( 4   1)       -0.947469      0.099744      0.099744   WU    12.956755     12.956755
 ( 4   2) <--> ( 4   2)       -0.604652     -0.455965   (eb)
 ( 4   3) <--> ( 4   1)       -0.020761      0.000048      0.000048   WU     0.006221      0.006221
 ( 4   3) <--> ( 4   2)       -0.572874      0.036465      0.036465   WU     4.736790      4.736790
 ( 4   3) <--> ( 4   3)       -1.160962     -0.875476   (eb)
 ( 4   4) <--> ( 4   1)        0.026854      0.000080      0.000080   WU     0.010409      0.010409
 ( 4   4) <--> ( 4   2)       -1.217870      0.164801      0.164801   WU    21.407603     21.407603
 ( 4   4) <--> ( 4   3)        0.092951      0.000960      0.000960   WU     0.124702      0.124702
 ( 4   4) <--> ( 4   4)        1.048498      0.790667   (eb)
 ( 4   1) <--> ( 5   1)       -0.230939      0.005926      0.004848   WU     0.769771      0.629813
 ( 4   1) <--> ( 5   2)       -0.014241      0.000023      0.000018   WU     0.002927      0.002395
 ( 4   1) <--> ( 5   3)        0.042594      0.000202      0.000165   WU     0.026185      0.021424
 ( 4   1) <--> ( 5   4)        0.015303      0.000026      0.000021   WU     0.003380      0.002765
 ( 4   2) <--> ( 5   1)       -1.384072      0.212850      0.174150   WU    27.649232     22.622099
 ( 4   2) <--> ( 5   2)       -0.210970      0.004945      0.004046   WU     0.642403      0.525603
 ( 4   2) <--> ( 5   3)       -0.055834      0.000346      0.000283   WU     0.044994      0.036814
 ( 4   2) <--> ( 5   4)        0.017592      0.000034      0.000028   WU     0.004467      0.003655
 ( 4   3) <--> ( 5   1)        0.550724      0.033700      0.027572   WU     4.377586      3.581662
 ( 4   3) <--> ( 5   2)        0.188282      0.003939      0.003223   WU     0.511665      0.418635
 ( 4   3) <--> ( 5   3)       -0.084942      0.000802      0.000656   WU     0.104138      0.085204
 ( 4   3) <--> ( 5   4)       -0.066516      0.000492      0.000402   WU     0.063859      0.052248
 ( 4   4) <--> ( 5   1)       -0.516020      0.029586      0.024207   WU     3.843259      3.144485
 ( 4   4) <--> ( 5   2)       -2.205663      0.540550      0.442268   WU    70.217342     57.450552
 ( 4   4) <--> ( 5   3)       -0.317767      0.011220      0.009180   WU     1.457414      1.192430
 ( 4   4) <--> ( 5   4)        0.054475      0.000330      0.000270   WU     0.042832      0.035044
 ( 4   1) <--> ( 6   1)        2.372727      0.625537      0.433064   WU    81.257155     56.254953
 ( 4   1) <--> ( 6   2)       -0.080285      0.000716      0.000496   WU     0.093033      0.064407
 ( 4   1) <--> ( 6   3)        0.176241      0.003451      0.002389   WU     0.448313      0.310370
 ( 4   1) <--> ( 6   4)       -0.019781      0.000043      0.000030   WU     0.005647      0.003910
 ( 4   2) <--> ( 6   1)        0.339630      0.012816      0.008873   WU     1.664858      1.152594
 ( 4   2) <--> ( 6   2)        2.185513      0.530719      0.367421   WU    68.940244     47.727861
 ( 4   2) <--> ( 6   3)        0.158527      0.002792      0.001933   WU     0.362720      0.251114
 ( 4   2) <--> ( 6   4)       -0.201953      0.004532      0.003137   WU     0.588664      0.407536
 ( 4   3) <--> ( 6   1)        0.848989      0.080087      0.055445   WU    10.403274      7.202267
 ( 4   3) <--> ( 6   2)       -0.007342      0.000006      0.000004   WU     0.000778      0.000539
 ( 4   3) <--> ( 6   3)        2.751209      0.841017      0.582242   WU   109.247911     75.633169
 ( 4   3) <--> ( 6   4)        0.047814      0.000254      0.000176   WU     0.032997      0.022844
 ( 4   4) <--> ( 6   1)       -0.103389      0.001188      0.000822   WU     0.154283      0.106811
 ( 4   4) <--> ( 6   2)        0.380374      0.016076      0.011130   WU     2.088269      1.445725
 ( 4   4) <--> ( 6   3)        0.025936      0.000075      0.000052   WU     0.009709      0.006721
 ( 4   4) <--> ( 6   4)        1.679445      0.313393      0.216964   WU    40.709647     28.183602
 ( 5   1) <--> ( 5   1)       -1.011198     -0.734258   (eb)
 ( 5   2) <--> ( 5   1)       -0.901986      0.073962      0.073962   WU     9.607620      9.607620
 ( 5   2) <--> ( 5   2)        1.020031      0.740672   (eb)
 ( 5   3) <--> ( 5   1)       -0.165568      0.002492      0.002492   WU     0.323720      0.323720
 ( 5   3) <--> ( 5   2)       -0.589017      0.031540      0.031540   WU     4.097056      4.097056
 ( 5   3) <--> ( 5   3)       -0.993441     -0.721365   (eb)
 ( 5   4) <--> ( 5   1)        0.075368      0.000516      0.000516   WU     0.067079      0.067079
 ( 5   4) <--> ( 5   2)        0.055720      0.000282      0.000282   WU     0.036664      0.036664
 ( 5   4) <--> ( 5   3)       -0.908846      0.075091      0.075091   WU     9.754303      9.754303
 ( 5   4) <--> ( 5   4)        1.498767      1.088295   (eb)
 ( 5   1) <--> ( 6   1)        0.760383      0.052562      0.044476   WU     6.827792      5.777363
 ( 5   1) <--> ( 6   2)       -1.140962      0.118345      0.100138   WU    15.372989     13.007914
 ( 5   1) <--> ( 6   3)        0.862788      0.067673      0.057262   WU     8.790714      7.438296
 ( 5   1) <--> ( 6   4)       -0.853378      0.066205      0.056020   WU     8.599999      7.276923
 ( 5   2) <--> ( 6   1)       -0.030116      0.000082      0.000070   WU     0.010711      0.009063
 ( 5   2) <--> ( 6   2)        0.525597      0.025114      0.021250   WU     3.262281      2.760391
 ( 5   2) <--> ( 6   3)       -0.102371      0.000953      0.000806   WU     0.123757      0.104717
 ( 5   2) <--> ( 6   4)       -1.452942      0.191913      0.162388   WU    24.929430     21.094133
 ( 5   3) <--> ( 6   1)       -0.090287      0.000741      0.000627   WU     0.096265      0.081455
 ( 5   3) <--> ( 6   2)       -0.041504      0.000157      0.000133   WU     0.020342      0.017213
 ( 5   3) <--> ( 6   3)        1.015105      0.093676      0.079265   WU    12.168526     10.296445
 ( 5   3) <--> ( 6   4)       -0.035493      0.000115      0.000097   WU     0.014876      0.012588
 ( 5   4) <--> ( 6   1)       -0.014777      0.000020      0.000017   WU     0.002579      0.002182
 ( 5   4) <--> ( 6   2)       -0.082080      0.000612      0.000518   WU     0.079560      0.067320
 ( 5   4) <--> ( 6   3)        0.155256      0.002191      0.001854   WU     0.284652      0.240859
 ( 5   4) <--> ( 6   4)       -0.396195      0.014270      0.012075   WU     1.853679      1.568498
 ( 5   1) <--> ( 7   1)        2.672601      0.649345      0.476186   WU    84.349783     61.856507
 ( 5   1) <--> ( 7   2)        0.238284      0.005162      0.003785   WU     0.670509      0.491707
 ( 5   1) <--> ( 7   3)       -0.079662      0.000577      0.000423   WU     0.074941      0.054957
 ( 5   1) <--> ( 7   4)        0.114159      0.001185      0.000869   WU     0.153899      0.112859
 ( 5   2) <--> ( 7   1)        0.131241      0.001566      0.001148   WU     0.203402      0.149161
 ( 5   2) <--> ( 7   2)       -1.509546      0.207157      0.151915   WU    26.909693     19.733775
 ( 5   2) <--> ( 7   3)        1.497723      0.203925      0.149545   WU    26.489795     19.425850
 ( 5   2) <--> ( 7   4)        0.038459      0.000134      0.000099   WU     0.017467      0.012809
 ( 5   3) <--> ( 7   1)        0.852117      0.066009      0.048407   WU     8.574615      6.288051
 ( 5   3) <--> ( 7   2)        2.607686      0.618184      0.453335   WU    80.302004     58.888136
 ( 5   3) <--> ( 7   3)        2.121003      0.408968      0.299910   WU    53.124912     38.958269
 ( 5   3) <--> ( 7   4)        0.081363      0.000602      0.000441   WU     0.078175      0.057328
 ( 5   4) <--> ( 7   1)        0.183317      0.003055      0.002240   WU     0.396846      0.291020
 ( 5   4) <--> ( 7   2)       -1.291215      0.151567      0.111149   WU    19.688500     14.438233
 ( 5   4) <--> ( 7   3)       -0.013966      0.000018      0.000013   WU     0.002303      0.001689
 ( 5   4) <--> ( 7   4)        3.477165      1.099152      0.806045   WU   142.779644    104.705072
 ( 6   1) <--> ( 6   1)       -1.760324     -1.227293   (eb)
 ( 6   2) <--> ( 6   1)       -1.022069      0.080356      0.080356   WU    10.438195     10.438195
 ( 6   2) <--> ( 6   2)       -1.285804     -0.896458   (eb)
 ( 6   3) <--> ( 6   1)       -0.084277      0.000546      0.000546   WU     0.070971      0.070971
 ( 6   3) <--> ( 6   2)       -0.478154      0.017587      0.017587   WU     2.284554      2.284554
 ( 6   3) <--> ( 6   3)       -1.607462     -1.120718   (eb)
 ( 6   4) <--> ( 6   1)        0.025818      0.000051      0.000051   WU     0.006661      0.006661
 ( 6   4) <--> ( 6   2)       -1.303300      0.130661      0.130661   WU    16.972826     16.972826
 ( 6   4) <--> ( 6   3)        0.188903      0.002745      0.002745   WU     0.356568      0.356568
 ( 6   4) <--> ( 6   4)       -0.371812     -0.259226   (eb)
 ( 6   1) <--> ( 7   1)       -0.265485      0.005422      0.004699   WU     0.704278      0.610374
 ( 6   1) <--> ( 7   2)        0.049669      0.000190      0.000164   WU     0.024651      0.021364
 ( 6   1) <--> ( 7   3)        0.032697      0.000082      0.000071   WU     0.010683      0.009258
 ( 6   1) <--> ( 7   4)        0.023939      0.000044      0.000038   WU     0.005726      0.004963
 ( 6   2) <--> ( 7   1)       -1.331988      0.136476      0.118279   WU    17.728247     15.364481
 ( 6   2) <--> ( 7   2)        0.141435      0.001539      0.001334   WU     0.199884      0.173232
 ( 6   2) <--> ( 7   3)       -0.238084      0.004360      0.003779   WU     0.566402      0.490882
 ( 6   2) <--> ( 7   4)        0.037107      0.000106      0.000092   WU     0.013759      0.011924
 ( 6   3) <--> ( 7   1)        0.387197      0.011532      0.009995   WU     1.498063      1.298321
 ( 6   3) <--> ( 7   2)       -0.181930      0.002546      0.002207   WU     0.330731      0.286634
 ( 6   3) <--> ( 7   3)        0.046455      0.000166      0.000144   WU     0.021564      0.018689
 ( 6   3) <--> ( 7   4)       -0.090030      0.000623      0.000540   WU     0.080991      0.070192
 ( 6   4) <--> ( 7   1)       -0.560056      0.024128      0.020911   WU     3.134208      2.716314
 ( 6   4) <--> ( 7   2)        1.284467      0.126912      0.109990   WU    16.485844     14.287732
 ( 6   4) <--> ( 7   3)       -1.569772      0.189553      0.164279   WU    24.622860     21.339812
 ( 6   4) <--> ( 7   4)        0.134353      0.001389      0.001203   WU     0.180369      0.156320
 ( 6   1) <--> ( 8   1)        3.000661      0.692613      0.529645   WU    89.970278     68.800801
 ( 6   1) <--> ( 8   2)       -0.083590      0.000537      0.000411   WU     0.069818      0.053390
 ( 6   1) <--> ( 8   3)        0.213456      0.003505      0.002680   WU     0.455282      0.348157
 ( 6   1) <--> ( 8   4)       -0.073573      0.000416      0.000318   WU     0.054088      0.041361
 ( 6   2) <--> ( 8   1)        0.293327      0.006619      0.005061   WU     0.859744      0.657452
 ( 6   2) <--> ( 8   2)        2.906119      0.649656      0.496796   WU    84.390194     64.533678
 ( 6   2) <--> ( 8   3)        0.330711      0.008413      0.006434   WU     1.092854      0.835712
 ( 6   2) <--> ( 8   4)       -0.139288      0.001492      0.001141   WU     0.193863      0.148248
 ( 6   3) <--> ( 8   1)        0.971291      0.072570      0.055494   WU     9.426786      7.208719
 ( 6   3) <--> ( 8   2)       -0.444363      0.015189      0.011615   WU     1.973065      1.508815
 ( 6   3) <--> ( 8   3)        3.524238      0.955404      0.730603   WU   124.106822     94.905217
 ( 6   3) <--> ( 8   4)        0.034435      0.000091      0.000070   WU     0.011849      0.009061
 ( 6   4) <--> ( 8   1)       -0.224571      0.003879      0.002967   WU     0.503934      0.385361
 ( 6   4) <--> ( 8   2)        0.128912      0.001278      0.000978   WU     0.166054      0.126982
 ( 6   4) <--> ( 8   3)        0.417098      0.013382      0.010234   WU     1.738364      1.329338
 ( 6   4) <--> ( 8   4)        2.217697      0.378322      0.289305   WU    49.143905     37.580633
 ( 7   1) <--> ( 7   1)       -1.671346     -1.119237   (eb)
 ( 7   2) <--> ( 7   1)        0.555683      0.020586      0.020586   WU     2.674065      2.674065
 ( 7   2) <--> ( 7   2)       -0.138364     -0.092657   (eb)
 ( 7   3) <--> ( 7   1)       -0.952923      0.060537      0.060537   WU     7.863799      7.863799
 ( 7   3) <--> ( 7   2)       -0.706987      0.033322      0.033322   WU     4.328531      4.328531
 ( 7   3) <--> ( 7   3)       -1.583504     -1.060412   (eb)
 ( 7   4) <--> ( 7   1)        0.104785      0.000732      0.000732   WU     0.095085      0.095085
 ( 7   4) <--> ( 7   2)       -0.902903      0.054349      0.054349   WU     7.059919      7.059919
 ( 7   4) <--> ( 7   3)       -0.468899      0.014658      0.014658   WU     1.904040      1.904040
 ( 7   4) <--> ( 7   4)        1.504490      1.007499   (eb)
 ( 7   1) <--> ( 8   1)        0.870820      0.050555      0.044607   WU     6.567101      5.794501
 ( 7   1) <--> ( 8   2)       -1.176106      0.092215      0.081366   WU    11.978722     10.569461
 ( 7   1) <--> ( 8   3)        0.758827      0.038388      0.033872   WU     4.986582      4.399925
 ( 7   1) <--> ( 8   4)       -0.320888      0.006865      0.006057   WU     0.891709      0.786802
 ( 7   2) <--> ( 8   1)       -0.058563      0.000229      0.000202   WU     0.029700      0.026206
 ( 7   2) <--> ( 8   2)       -0.590392      0.023237      0.020504   WU     3.018544      2.663421
 ( 7   2) <--> ( 8   3)        0.914102      0.055706      0.049152   WU     7.236133      6.384823
 ( 7   2) <--> ( 8   4)        1.860513      0.230767      0.203618   WU    29.976605     26.449945
 ( 7   3) <--> ( 8   1)       -0.107387      0.000769      0.000678   WU     0.099866      0.088117
 ( 7   3) <--> ( 8   2)        0.439649      0.012886      0.011370   WU     1.673896      1.476967
 ( 7   3) <--> ( 8   3)        0.723813      0.034927      0.030818   WU     4.537007      4.003241
 ( 7   3) <--> ( 8   4)        0.123656      0.001019      0.000899   WU     0.132418      0.116840
 ( 7   4) <--> ( 8   1)       -0.028928      0.000056      0.000049   WU     0.007247      0.006394
 ( 7   4) <--> ( 8   2)       -0.144596      0.001394      0.001230   WU     0.181063      0.159761
 ( 7   4) <--> ( 8   3)        0.214235      0.003060      0.002700   WU     0.397463      0.350703
 ( 7   4) <--> ( 8   4)       -1.377325      0.126468      0.111590   WU    16.428205     14.495475
 ( 7   1) <--> ( 9   1)        3.424320      0.781731      0.617156   WU   101.546745     80.168483
 ( 7   1) <--> ( 9   2)        0.198575      0.002629      0.002075   WU     0.341483      0.269591
 ( 7   1) <--> ( 9   3)       -0.055460      0.000205      0.000162   WU     0.026637      0.021029
 ( 7   1) <--> ( 9   4)        0.147743      0.001455      0.001149   WU     0.189030      0.149234
 ( 7   2) <--> ( 9   1)        0.644954      0.027731      0.021893   WU     3.602254      2.843885
 ( 7   2) <--> ( 9   2)        4.144053      1.144878      0.903851   WU   148.719481    117.410116
 ( 7   2) <--> ( 9   3)       -0.387306      0.010000      0.007895   WU     1.299051      1.025566
 ( 7   2) <--> ( 9   4)        0.417561      0.011624      0.009177   WU     1.509928      1.192048
 ( 7   3) <--> ( 9   1)        0.768114      0.039333      0.031053   WU     5.109379      4.033721
 ( 7   3) <--> ( 9   2)        1.324108      0.116884      0.092277   WU    15.183222     11.986754
 ( 7   3) <--> ( 9   3)        3.307263      0.729199      0.575684   WU    94.722828     74.781180
 ( 7   3) <--> ( 9   4)        0.077869      0.000404      0.000319   WU     0.052511      0.041456
 ( 7   4) <--> ( 9   1)        0.255809      0.004363      0.003444   WU     0.566694      0.447390
 ( 7   4) <--> ( 9   2)       -2.069001      0.285384      0.225304   WU    37.071383     29.266881
 ( 7   4) <--> ( 9   3)        0.329231      0.007226      0.005705   WU     0.938680      0.741063
 ( 7   4) <--> ( 9   4)        4.830703      1.555713      1.228194   WU   202.086755    159.542175
 ( 8   1) <--> ( 8   1)       -2.137411     -1.376912   (eb)
 ( 8   2) <--> ( 8   1)       -1.077420      0.068284      0.068284   WU     8.870122      8.870122
 ( 8   2) <--> ( 8   2)       -1.732261     -1.115915   (eb)
 ( 8   3) <--> ( 8   1)       -0.233100      0.003196      0.003196   WU     0.415188      0.415188
 ( 8   3) <--> ( 8   2)       -0.462524      0.012584      0.012584   WU     1.634662      1.634662
 ( 8   3) <--> ( 8   3)       -2.035250     -1.311100   (eb)
 ( 8   4) <--> ( 8   1)       -0.034904      0.000072      0.000072   WU     0.009309      0.009309
 ( 8   4) <--> ( 8   2)       -0.531658      0.016627      0.016627   WU     2.159852      2.159852
 ( 8   4) <--> ( 8   3)        0.558796      0.018368      0.018368   WU     2.385976      2.385976
 ( 8   4) <--> ( 8   4)       -0.331156     -0.213329   (eb)
 ( 8   1) <--> ( 9   1)       -0.288561      0.004898      0.004382   WU     0.636258      0.569284
 ( 8   1) <--> ( 9   2)        0.060902      0.000218      0.000195   WU     0.028341      0.025358
 ( 8   1) <--> ( 9   3)        0.035915      0.000076      0.000068   WU     0.009856      0.008819
 ( 8   1) <--> ( 9   4)        0.033591      0.000066      0.000059   WU     0.008622      0.007715
 ( 8   2) <--> ( 9   1)       -1.296970      0.098949      0.088533   WU    12.853436     11.500443
 ( 8   2) <--> ( 9   2)        0.113637      0.000760      0.000680   WU     0.098673      0.088286
 ( 8   2) <--> ( 9   3)       -0.287609      0.004866      0.004354   WU     0.632068      0.565535
 ( 8   2) <--> ( 9   4)        0.079813      0.000375      0.000335   WU     0.048675      0.043551
 ( 8   3) <--> ( 9   1)        0.117649      0.000814      0.000728   WU     0.105763      0.094630
 ( 8   3) <--> ( 9   2)       -0.119891      0.000846      0.000757   WU     0.109833      0.098272
 ( 8   3) <--> ( 9   3)        0.018647      0.000020      0.000018   WU     0.002657      0.002377
 ( 8   3) <--> ( 9   4)       -0.100253      0.000591      0.000529   WU     0.076799      0.068715
 ( 8   4) <--> ( 9   1)       -0.240805      0.003411      0.003052   WU     0.443090      0.396449
 ( 8   4) <--> ( 9   2)        1.103729      0.071660      0.064117   WU     9.308606      8.328753
 ( 8   4) <--> ( 9   3)       -0.347751      0.007114      0.006365   WU     0.924053      0.826784
 ( 8   4) <--> ( 9   4)        0.103087      0.000625      0.000559   WU     0.081203      0.072655
 ( 8   1) <--> (10   1)        3.593825      0.759740      0.615028   WU    98.690057     79.891951
 ( 8   1) <--> (10   2)        0.126258      0.000938      0.000759   WU     0.121809      0.098607
 ( 8   1) <--> (10   3)        0.225729      0.002997      0.002426   WU     0.389346      0.315185
 ( 8   1) <--> (10   4)       -0.002112      0.000000      0.000000   WU     0.000034      0.000028
 ( 8   2) <--> (10   1)        0.148405      0.001296      0.001049   WU     0.168289      0.136234
 ( 8   2) <--> (10   2)       -3.543566      0.738639      0.597946   WU    95.949006     77.673005
 ( 8   2) <--> (10   3)        0.815922      0.039161      0.031701   WU     5.086948      4.118005
 ( 8   2) <--> (10   4)       -0.004311      0.000001      0.000001   WU     0.000142      0.000115
 ( 8   3) <--> (10   1)        1.078052      0.068365      0.055343   WU     8.880539      7.189008
 ( 8   3) <--> (10   2)        1.339560      0.105554      0.085449   WU    13.711474     11.099765
 ( 8   3) <--> (10   3)        4.105978      0.991709      0.802812   WU   128.822832    104.285149
 ( 8   3) <--> (10   4)        0.005234      0.000002      0.000001   WU     0.000209      0.000169
 ( 8   4) <--> (10   1)       -0.315796      0.005866      0.004749   WU     0.762030      0.616881
 ( 8   4) <--> (10   2)        0.954433      0.053585      0.043378   WU     6.960661      5.634821
 ( 8   4) <--> (10   3)        1.150860      0.077911      0.063070   WU    10.120568      8.192841
 ( 8   4) <--> (10   4)       -0.000059      0.000000      0.000000   WU     0.000000      0.000000
 ( 9   1) <--> ( 9   1)       -2.183369     -1.355615   (eb)
 ( 9   2) <--> ( 9   1)        0.357562      0.006729      0.006729   WU     0.874092      0.874092
 ( 9   2) <--> ( 9   2)       -0.566951     -0.352010   (eb)
 ( 9   3) <--> ( 9   1)       -1.160107      0.070834      0.070834   WU     9.201333      9.201333
 ( 9   3) <--> ( 9   2)       -0.871047      0.039933      0.039933   WU     5.187259      5.187259
 ( 9   3) <--> ( 9   3)       -2.100715     -1.304296   (eb)
 ( 9   4) <--> ( 9   1)        0.196119      0.002024      0.002024   WU     0.262962      0.262962
 ( 9   4) <--> ( 9   2)       -1.247357      0.081889      0.081889   WU    10.637417     10.637417
 ( 9   4) <--> ( 9   3)       -0.099504      0.000521      0.000521   WU     0.067692      0.067692
 ( 9   4) <--> ( 9   4)        1.496639      0.929237   (eb)
 ( 9   1) <--> (10   1)        0.967383      0.049254      0.044563   WU     6.398116      5.788771
 ( 9   1) <--> (10   2)        1.288820      0.087424      0.079098   WU    11.356363     10.274805
 ( 9   1) <--> (10   3)        0.470298      0.011641      0.010532   WU     1.512173      1.368156
 ( 9   1) <--> (10   4)        0.000758      0.000000      0.000000   WU     0.000004      0.000004
 ( 9   2) <--> (10   1)       -0.096732      0.000492      0.000446   WU     0.063972      0.057880
 ( 9   2) <--> (10   2)        0.829250      0.036192      0.032746   WU     4.701389      4.253637
 ( 9   2) <--> (10   3)        1.064741      0.059667      0.053984   WU     7.750727      7.012563
 ( 9   2) <--> (10   4)        0.003490      0.000001      0.000001   WU     0.000083      0.000075
 ( 9   3) <--> (10   1)       -0.109650      0.000633      0.000573   WU     0.082200      0.074371
 ( 9   3) <--> (10   2)       -0.499810      0.013148      0.011896   WU     1.707909      1.545251
 ( 9   3) <--> (10   3)        0.720294      0.027307      0.024706   WU     3.547110      3.209290
 ( 9   3) <--> (10   4)        0.002265      0.000000      0.000000   WU     0.000035      0.000032
 ( 9   4) <--> (10   1)       -0.044672      0.000105      0.000095   WU     0.013643      0.012344
 ( 9   4) <--> (10   2)        0.316715      0.005279      0.004777   WU     0.685792      0.620479
 ( 9   4) <--> (10   3)        0.223238      0.002623      0.002373   WU     0.340714      0.308265
 ( 9   4) <--> (10   4)       -0.023680      0.000030      0.000027   WU     0.003834      0.003469
 (10   1) <--> (10   1)       -2.479283     -1.486562   (eb)
 (10   2) <--> (10   1)        1.033899      0.050902      0.050902   WU     6.612187      6.612187
 (10   2) <--> (10   2)       -1.927351     -1.155627   (eb)
 (10   3) <--> (10   1)       -0.555162      0.014676      0.014676   WU     1.906462      1.906462
 (10   3) <--> (10   2)        0.438520      0.009157      0.009157   WU     1.189511      1.189511
 (10   3) <--> (10   3)       -2.531843     -1.518076   (eb)
 (10   4) <--> (10   1)       -0.000241      0.000000      0.000000   WU     0.000000      0.000000
 (10   4) <--> (10   2)        0.011586      0.000006      0.000006   WU     0.000830      0.000830
 (10   4) <--> (10   3)       -0.003064      0.000000      0.000000   WU     0.000058      0.000058
 (10   4) <--> (10   4)      -14.740968     -8.838587   (eb)
 
  quadrupole shape invariant: 01+, 02+, 03+, 04+
quadr2     0.85674296     1.47255302     1.83522195     2.10118822
quadr3     0.47236411     1.48908870     0.69781711     2.57024036
  effective deformation parameters:  01+, 02+, 03+, 04+
beteff     0.08696619     0.11401464     0.12728272     0.13619390
cos3ga     0.59566362     0.83332451     0.28067822     0.84387147
 
 ********* END Transition **************************
