 ********* BEGIN READER ****************************
 
 Nucleus            :  Fm 100 222
 Imin, Imax         :     0  10
 imu, remu          :     1 12.0000
 nlevel             :     4
 observables        :     2
 wave fun           :     1
 nbet, ngam, npar   :    10   7  10
 Finish reading parameters: V, B_k ...
 
 ********* END READER ******************************
 
 ********* BEGIN LEVELS ********************
 
 E_0 = -2119.915782
 
  I=   0   ntot= 127
   0   1    0.000000
   0   2    1.361124
   0   3    1.759132
   0   4    2.419234
 
  I=   2   ntot= 234
   2   1    0.077131
   2   2    1.105883
   2   3    1.430809
   2   4    1.858722
 
  I=   3   ntot= 108
   3   1    1.189250
   3   2    2.231238
   3   3    2.564734
   3   4    2.870511
 
  I=   4   ntot= 324
   4   1    0.254091
   4   2    1.294898
   4   3    1.588346
   4   4    2.058740
 
  I=   5   ntot= 198
   5   1    1.429490
   5   2    2.262136
   5   3    2.434020
   5   4    2.867360
 
  I=   6   ntot= 432
   6   1    0.524979
   6   2    1.576586
   6   3    1.826138
   6   4    2.340328
 
  I=   7   ntot= 306
   7   1    1.760734
   7   2    2.598921
   7   3    2.711409
   7   4    3.162166
 
  I=   8   ntot= 522
   8   1    0.882753
   8   2    1.940165
   8   3    2.136326
   8   4    2.683738
 
  I=   9   ntot= 397
   9   1    2.172887
   9   2    2.981408
   9   3    3.062439
   9   4    3.419524
 
  I=  10   ntot= 630
  10   1    1.319987
  10   2    2.374349
  10   3    2.511707
  10   4    3.066379
 
 ********* END LEVELS **********************
 
 ********* BEGIN Transition ************************
 
  Monopole moment 
 
   I   n    <In|E0|In>   ave \beta      del<b>   ave \gamma    del<g>  
     K=0       K=2       K=4   
   0   1     41.699756    0.294109    0.041281   10.724933    7.793476  100.0000    0.0000    0.0000
   0   2     42.146509    0.345809    0.068880   10.575376    8.226888   99.9999    0.0000    0.0000
   0   3     42.105779    0.324720    0.055288   21.020923    8.664278   99.9999    0.0000    0.0000
   0   4     43.127223    0.433194    0.107842   14.754490    9.229407   99.9998    0.0000    0.0000
   2   1     41.706272    0.295046    0.041309   10.660924    7.766141   99.9901    0.0098    0.0000
   2   2     41.852030    0.304684    0.044784   15.597553    7.210876    0.0553   99.9447    0.0000
   2   3     42.162194    0.347586    0.068711   10.560193    8.108030   99.9765    0.0234    0.0000
   2   4     42.131256    0.328334    0.055850   20.331532    8.350584   99.4654    0.5346    0.0000
   3   1     41.862273    0.306091    0.044893   15.433579    7.097100    0.0000  100.0000    0.0000
   3   2     42.592653    0.380134    0.075689   16.957788    7.611172    0.0000   99.9999    0.0000
   3   3     42.191340    0.331725    0.053986   22.776644   11.111246    0.0000   99.9999    0.0000
   3   4     44.304642    0.527501    0.101745   13.916134    7.435856    0.0000   99.9993    0.0000
   4   1     41.721070    0.297128    0.041421   10.540103    7.725089   99.8721    0.1277    0.0002
   4   2     41.875099    0.307718    0.045157   15.343250    7.114549    0.5743   99.3329    0.0928
   4   3     42.193664    0.351094    0.068610   10.555009    7.929583   99.7486    0.2510    0.0003
   4   4     42.177821    0.334009    0.057418   19.819774    8.318310   95.4097    3.0867    1.5036
   5   1     41.891616    0.309896    0.045414   15.134519    6.955365    0.0000   99.7206    0.2794
   5   2     42.174494    0.331947    0.053117   20.029851    7.331300    0.0000    1.4306   98.5694
   5   3     42.659069    0.387536    0.078627   16.431740    7.540569    0.0000   99.2489    0.7510
   5   4     42.278743    0.342197    0.055838   21.513272   10.404156    0.0000   95.0366    4.9634
   6   1     41.743818    0.300231    0.041682   10.401402    7.691653   99.4868    0.5121    0.0010
   6   2     41.910975    0.312145    0.045965   15.146290    7.127359    2.0401   97.3286    0.6275
   6   3     42.237521    0.355847    0.068854   10.600026    7.738202   99.0948    0.9016    0.0034
   6   4     42.255124    0.342643    0.061038   19.496793    8.443327   86.1135    9.8085    3.9170
   7   1     41.934022    0.315127    0.046401   14.861324    6.845222    0.0000   98.9022    1.0913
   7   2     42.284640    0.344063    0.057798   19.581539    7.366811    0.0000    6.8563   90.8389
   7   3     42.750466    0.397283    0.084718   15.853881    7.707328    0.0000   94.9356    4.9454
   7   4     42.511285    0.360052    0.059878   23.217331    8.236381    0.0000    3.4301    8.1970
   8   1     41.774632    0.304283    0.042160   10.277108    7.673281   98.6895    1.3039    0.0064
   8   2     41.963063    0.318202    0.047358   15.065225    7.199428    4.7329   93.4606    1.7824
   8   3     42.293253    0.361691    0.069772   10.725463    7.541275   97.8564    2.1221    0.0211
   8   4     42.398001    0.357863    0.070777   19.184589    8.843130   69.8276   22.4285    7.1498
   9   1     41.992632    0.322019    0.048060   14.651331    6.762156    0.0000   97.3637    2.5961
   9   2     42.568032    0.374279    0.076455   18.568048    8.369014    0.0000   30.8721   64.5909
   9   3     42.812448    0.403385    0.095525   15.491861    8.654215    0.0000   72.3126   25.5893
   9   4     44.612342    0.552331    0.103209   12.927217    6.610362    0.0000   96.7401    3.2114
  10   1     41.814371    0.309310    0.042924   10.188360    7.666730   97.3867    2.5876    0.0252
  10   2     42.040654    0.326664    0.049763   15.198594    7.195699    8.6778   87.5789    3.6443
  10   3     42.360970    0.368635    0.071922   10.907461    7.336264   95.9325    3.9968    0.0692
  10   4     42.752604    0.394748    0.096119   17.763119    9.675140   53.3034   37.8984    7.7989
 
  rho^2(E0) 
 
   I  n_1 n_2  <In_1|E0|In_2>  rho^2(E0) 
   0   1   1       41.699756 3799.566961
   0   2   1        0.302921    0.200505
   0   2   2       42.146509 3881.416964
   0   3   1        0.041976    0.003850
   0   3   2        0.160554    0.056326
   0   3   3       42.105779 3873.918657
   0   4   1       -0.058874    0.007574
   0   4   2        0.424649    0.394027
   0   4   3        0.273707    0.163697
   0   4   4       43.127223 4064.153235
   2   1   1       41.706272 3800.754468
   2   2   1       -0.000781    0.000001
   2   2   2       41.852030 3827.367202
   2   3   1        0.304968    0.203224
   2   3   2        0.002100    0.000010
   2   3   3       42.162194 3884.306407
   2   4   1        0.037309    0.003041
   2   4   2        0.004937    0.000053
   2   4   3        0.163470    0.058391
   2   4   4       42.131256 3878.608058
   3   1   1       41.862273 3829.240830
   3   2   1       -0.364145    0.289745
   3   2   2       42.592653 3964.025750
   3   3   1        0.058435    0.007461
   3   3   2        0.062544    0.008548
   3   3   3       42.191340 3889.678553
   3   4   1        0.083178    0.015118
   3   4   2        0.611186    0.816232
   3   4   3       -0.045345    0.004493
   3   4   4       44.304642 4289.093675
   4   1   1       41.721070 3803.452147
   4   2   1        0.001846    0.000007
   4   2   2       41.875099 3831.587720
   4   3   1        0.309392    0.209163
   4   3   2       -0.007344    0.000118
   4   3   3       42.193664 3890.107053
   4   4   1        0.028743    0.001805
   4   4   2       -0.023397    0.001196
   4   4   3        0.167973    0.061652
   4   4   4       42.177821 3887.186332
   5   1   1       41.891616 3834.610878
   5   2   1        0.025735    0.001447
   5   2   2       42.174494 3886.573013
   5   3   1        0.371161    0.301018
   5   3   2        0.041781    0.003814
   5   3   3       42.659069 3976.397789
   5   4   1       -0.056934    0.007083
   5   4   2       -0.010313    0.000232
   5   4   3        0.102919    0.023145
   5   4   4       42.278743 3905.810783
   6   1   1       41.743818 3807.600832
   6   2   1        0.001632    0.000006
   6   2   2       41.910975 3838.155847
   6   3   1        0.316305    0.218614
   6   3   2       -0.016114    0.000567
   6   3   3       42.237521 3898.198211
   6   4   1        0.017040    0.000634
   6   4   2       -0.064704    0.009148
   6   4   3        0.178744    0.069812
   6   4   4       42.255124 3901.448085
   7   1   1       41.934022 3842.378148
   7   2   1       -0.087267    0.016640
   7   2   2       42.284640 3906.900410
   7   3   1       -0.373926    0.305519
   7   3   2        0.122716    0.032906
   7   3   3       42.750466 3993.454933
   7   4   1       -0.008748    0.000167
   7   4   2       -0.027712    0.001678
   7   4   3        0.012135    0.000322
   7   4   4       42.511285 3948.894566
   8   1   1       41.774632 3813.224215
   8   2   1        0.002050    0.000009
   8   2   2       41.963063 3847.702098
   8   3   1        0.326045    0.232286
   8   3   2        0.032032    0.002242
   8   3   3       42.293253 3908.492316
   8   4   1       -0.000431    0.000000
   8   4   2       -0.140650    0.043226
   8   4   3       -0.203544    0.090528
   8   4   4       42.398001 3927.876658
   9   1   1       41.992632 3853.126461
   9   2   1        0.233298    0.118929
   9   2   2       42.568032 3959.444108
   9   3   1        0.324461    0.230035
   9   3   2        0.293187    0.187826
   9   3   3       42.812448 4005.043184
   9   4   1       -0.123867    0.033526
   9   4   2        0.454519    0.451411
   9   4   3        0.801055    1.402142
   9   4   4       44.612342 4348.876910
  10   1   1       41.814371 3820.482404
  10   2   1        0.016700    0.000609
  10   2   2       42.040654 3861.944333
  10   3   1        0.338663    0.250612
  10   3   2        0.065411    0.009349
  10   3   3       42.360970 3921.018272
  10   4   1       -0.024468    0.001308
  10   4   2        0.253080    0.139954
  10   4   3        0.267496    0.156352
  10   4   4       42.752604 3993.854288
 
  E2 transition 
 
  I1  n1        I2  n2       <f||E2||i>   B(E2,I1->I2)  B(E2,I2->I1)
 ( 0   1) <--> ( 2   1)       -4.640552     21.534725      4.306945   WU  1642.649690    328.529938
 ( 0   1) <--> ( 2   2)       -0.554737      0.307733      0.061547   WU    23.473612      4.694722
 ( 0   1) <--> ( 2   3)       -0.570688      0.325685      0.065137   WU    24.842970      4.968594
 ( 0   1) <--> ( 2   4)        0.101950      0.010394      0.002079   WU     0.792830      0.158566
 ( 0   2) <--> ( 2   1)       -0.675137      0.455810      0.091162   WU    34.768752      6.953750
 ( 0   2) <--> ( 2   2)       -0.071133      0.005060      0.001012   WU     0.385961      0.077192
 ( 0   2) <--> ( 2   3)       -5.364000     28.772497      5.754499   WU  2194.740520    438.948104
 ( 0   2) <--> ( 2   4)       -0.130011      0.016903      0.003381   WU     1.289344      0.257869
 ( 0   3) <--> ( 2   1)        0.117428      0.013789      0.002758   WU     1.051831      0.210366
 ( 0   3) <--> ( 2   2)       -0.773447      0.598221      0.119644   WU    45.631737      9.126347
 ( 0   3) <--> ( 2   3)       -0.294215      0.086562      0.017312   WU     6.602902      1.320580
 ( 0   3) <--> ( 2   4)       -4.894232     23.953503      4.790701   WU  1827.151893    365.430379
 ( 0   4) <--> ( 2   1)        0.141081      0.019904      0.003981   WU     1.518238      0.303648
 ( 0   4) <--> ( 2   2)        0.124307      0.015452      0.003090   WU     1.178688      0.235738
 ( 0   4) <--> ( 2   3)       -0.742118      0.550739      0.110148   WU    42.009908      8.401982
 ( 0   4) <--> ( 2   4)       -0.692401      0.479419      0.095884   WU    36.569654      7.313931
 ( 2   1) <--> ( 2   1)       -5.534915     -4.195096   (eb)
 ( 2   2) <--> ( 2   1)        0.833855      0.139063      0.139063   WU    10.607577     10.607577
 ( 2   2) <--> ( 2   2)        5.635026      4.270973   (eb)
 ( 2   3) <--> ( 2   1)       -0.735071      0.108066      0.108066   WU     8.243171      8.243171
 ( 2   3) <--> ( 2   2)        0.242505      0.011762      0.011762   WU     0.897176      0.897176
 ( 2   3) <--> ( 2   3)       -6.395409     -4.847293   (eb)
 ( 2   4) <--> ( 2   1)        0.123708      0.003061      0.003061   WU     0.233470      0.233470
 ( 2   4) <--> ( 2   2)        0.604283      0.073032      0.073032   WU     5.570784      5.570784
 ( 2   4) <--> ( 2   3)       -0.240047      0.011524      0.011524   WU     0.879078      0.879078
 ( 2   4) <--> ( 2   4)       -5.673464     -4.300106   (eb)
 ( 2   1) <--> ( 3   1)       -0.884491      0.156465      0.111761   WU    11.934993      8.524995
 ( 2   1) <--> ( 3   2)       -0.068305      0.000933      0.000667   WU     0.071177      0.050841
 ( 2   1) <--> ( 3   3)       -0.016093      0.000052      0.000037   WU     0.003951      0.002822
 ( 2   1) <--> ( 3   4)        0.007457      0.000011      0.000008   WU     0.000848      0.000606
 ( 2   2) <--> ( 3   1)        7.449394     11.098695      7.927640   WU   846.598631    604.713308
 ( 2   2) <--> ( 3   2)       -0.811754      0.131789      0.094135   WU    10.052742      7.180530
 ( 2   2) <--> ( 3   3)        0.474601      0.045049      0.032178   WU     3.436308      2.454505
 ( 2   2) <--> ( 3   4)        0.227230      0.010327      0.007376   WU     0.787710      0.562650
 ( 2   3) <--> ( 3   1)       -0.130746      0.003419      0.002442   WU     0.260790      0.186278
 ( 2   3) <--> ( 3   2)        0.920087      0.169312      0.120937   WU    12.914974      9.224982
 ( 2   3) <--> ( 3   3)       -0.306680      0.018811      0.013436   WU     1.434853      1.024895
 ( 2   3) <--> ( 3   4)       -0.165258      0.005462      0.003901   WU     0.416639      0.297599
 ( 2   4) <--> ( 3   1)       -1.232815      0.303967      0.217119   WU    23.186306     16.561647
 ( 2   4) <--> ( 3   2)        0.812018      0.131875      0.094196   WU    10.059289      7.185206
 ( 2   4) <--> ( 3   3)        1.075921      0.231521      0.165372   WU    17.660219     12.614442
 ( 2   4) <--> ( 3   4)       -0.063810      0.000814      0.000582   WU     0.062118      0.044370
 ( 2   1) <--> ( 4   1)       -7.491507     11.224535      6.235853   WU   856.197594    475.665330
 ( 2   1) <--> ( 4   2)        0.381635      0.029129      0.016183   WU     2.221936      1.234409
 ( 2   1) <--> ( 4   3)       -0.807185      0.130309      0.072394   WU     9.939889      5.522161
 ( 2   1) <--> ( 4   4)        0.151774      0.004607      0.002559   WU     0.351423      0.195235
 ( 2   2) <--> ( 4   1)       -0.242888      0.011799      0.006555   WU     0.900014      0.500008
 ( 2   2) <--> ( 4   2)        4.946138      4.892857      2.718254   WU   373.222775    207.345986
 ( 2   2) <--> ( 4   3)       -0.103851      0.002157      0.001198   WU     0.164535      0.091408
 ( 2   2) <--> ( 4   4)       -0.176772      0.006250      0.003472   WU     0.476718      0.264843
 ( 2   3) <--> ( 4   1)       -1.187127      0.281854      0.156586   WU    21.499575     11.944208
 ( 2   3) <--> ( 4   2)       -0.034690      0.000241      0.000134   WU     0.018359      0.010199
 ( 2   3) <--> ( 4   3)       -8.679810     15.067820      8.371011   WU  1149.359939    638.533300
 ( 2   3) <--> ( 4   4)       -0.127262      0.003239      0.001800   WU     0.247077      0.137265
 ( 2   4) <--> ( 4   1)        0.227542      0.010355      0.005753   WU     0.789876      0.438820
 ( 2   4) <--> ( 4   2)        1.056407      0.223199      0.124000   WU    17.025444      9.458580
 ( 2   4) <--> ( 4   3)       -0.557828      0.062234      0.034575   WU     4.747183      2.637324
 ( 2   4) <--> ( 4   4)       -7.943261     12.619079      7.010600   WU   962.572148    534.762304
 ( 3   1) <--> ( 3   1)        0.000000      0.000000   (eb)
 ( 3   2) <--> ( 3   1)        0.000000      0.000000      0.000000   WU     0.000000      0.000000
 ( 3   2) <--> ( 3   2)        0.000000      0.000000   (eb)
 ( 3   3) <--> ( 3   1)        0.000000      0.000000      0.000000   WU     0.000000      0.000000
 ( 3   3) <--> ( 3   2)        0.000000      0.000000      0.000000   WU     0.000000      0.000000
 ( 3   3) <--> ( 3   3)        0.000000      0.000000   (eb)
 ( 3   4) <--> ( 3   1)        0.000000      0.000000      0.000000   WU     0.000000      0.000000
 ( 3   4) <--> ( 3   2)        0.000000      0.000000      0.000000   WU     0.000000      0.000000
 ( 3   4) <--> ( 3   3)        0.000000      0.000000      0.000000   WU     0.000000      0.000000
 ( 3   4) <--> ( 3   4)        0.000000      0.000000   (eb)
 ( 3   1) <--> ( 4   1)       -0.847881      0.102700      0.079878   WU     7.833895      6.093029
 ( 3   1) <--> ( 4   2)        7.315095      7.644373      5.945623   WU   583.105965    453.526862
 ( 3   1) <--> ( 4   3)       -0.331875      0.015734      0.012238   WU     1.200212      0.933498
 ( 3   1) <--> ( 4   4)       -0.058709      0.000492      0.000383   WU     0.037559      0.029213
 ( 3   2) <--> ( 4   1)       -0.043995      0.000277      0.000215   WU     0.021092      0.016405
 ( 3   2) <--> ( 4   2)       -1.000178      0.142908      0.111151   WU    10.900885      8.478466
 ( 3   2) <--> ( 4   3)        1.025223      0.150155      0.116787   WU    11.453663      8.908405
 ( 3   2) <--> ( 4   4)        1.043626      0.155594      0.121017   WU    11.868544      9.231090
 ( 3   3) <--> ( 4   1)       -0.017647      0.000044      0.000035   WU     0.003393      0.002639
 ( 3   3) <--> ( 4   2)        0.590595      0.049829      0.038756   WU     3.800912      2.956265
 ( 3   3) <--> ( 4   3)       -0.295092      0.012440      0.009675   WU     0.948905      0.738037
 ( 3   3) <--> ( 4   4)        1.805961      0.465928      0.362388   WU    35.540564     27.642661
 ( 3   4) <--> ( 4   1)        0.001632      0.000000      0.000000   WU     0.000029      0.000023
 ( 3   4) <--> ( 4   2)        0.245077      0.008580      0.006674   WU     0.654505      0.509060
 ( 3   4) <--> ( 4   3)       -0.131153      0.002457      0.001911   WU     0.187441      0.145787
 ( 3   4) <--> ( 4   4)        0.068297      0.000666      0.000518   WU     0.050830      0.039534
 ( 3   1) <--> ( 5   1)       -6.959745      6.919721      4.403459   WU   527.830135    335.891904
 ( 3   1) <--> ( 5   2)       -0.979537      0.137070      0.087227   WU    10.455604      6.653566
 ( 3   1) <--> ( 5   3)       -0.531263      0.040320      0.025658   WU     3.075575      1.957184
 ( 3   1) <--> ( 5   4)        0.359177      0.018430      0.011728   WU     1.405801      0.894600
 ( 3   2) <--> ( 5   1)        1.096018      0.171608      0.109205   WU    13.090098      8.330062
 ( 3   2) <--> ( 5   2)        1.303477      0.242722      0.154459   WU    18.514612     11.782026
 ( 3   2) <--> ( 5   3)        8.394732     10.067361      6.406502   WU   767.929326    488.682298
 ( 3   2) <--> ( 5   4)        0.048027      0.000330      0.000210   WU     0.025135      0.015995
 ( 3   3) <--> ( 5   1)       -0.690471      0.068107      0.043341   WU     5.195156      3.306008
 ( 3   3) <--> ( 5   2)        1.653585      0.390621      0.248577   WU    29.796187     18.961210
 ( 3   3) <--> ( 5   3)       -0.376365      0.020236      0.012877   WU     1.543566      0.982270
 ( 3   3) <--> ( 5   4)        7.158815      7.321234      4.658967   WU   558.457212    355.381862
 ( 3   4) <--> ( 5   1)       -0.248016      0.008787      0.005592   WU     0.670297      0.426552
 ( 3   4) <--> ( 5   2)       -0.046905      0.000314      0.000200   WU     0.023975      0.015257
 ( 3   4) <--> ( 5   3)        1.953799      0.545333      0.347030   WU    41.597524     26.471152
 ( 3   4) <--> ( 5   4)        0.479344      0.032824      0.020888   WU     2.503816      1.593338
 ( 4   1) <--> ( 4   1)       -7.072850     -5.333605   (eb)
 ( 4   2) <--> ( 4   1)       -1.245987      0.172498      0.172498   WU    13.158001     13.158001
 ( 4   2) <--> ( 4   2)       -2.820728     -2.127099   (eb)
 ( 4   3) <--> ( 4   1)       -0.917504      0.093535      0.093535   WU     7.134758      7.134758
 ( 4   3) <--> ( 4   2)       -0.362639      0.014612      0.014612   WU     1.114585      1.114585
 ( 4   3) <--> ( 4   3)       -8.172717     -6.163009   (eb)
 ( 4   4) <--> ( 4   1)        0.145327      0.002347      0.002347   WU     0.179002      0.179002
 ( 4   4) <--> ( 4   2)       -1.057786      0.124323      0.124323   WU     9.483276      9.483276
 ( 4   4) <--> ( 4   3)       -0.226686      0.005710      0.005710   WU     0.435526      0.435526
 ( 4   4) <--> ( 4   4)       -6.784459     -5.116130   (eb)
 ( 4   1) <--> ( 5   1)       -0.887539      0.087525      0.071611   WU     6.676326      5.462449
 ( 4   1) <--> ( 5   2)        0.010861      0.000013      0.000011   WU     0.001000      0.000818
 ( 4   1) <--> ( 5   3)        0.082964      0.000765      0.000626   WU     0.058336      0.047730
 ( 4   1) <--> ( 5   4)        0.011082      0.000014      0.000011   WU     0.001041      0.000852
 ( 4   2) <--> ( 5   1)       -6.810628      5.153850      4.216787   WU   393.131118    321.652733
 ( 4   2) <--> ( 5   2)        1.406789      0.219895      0.179914   WU    16.773386     13.723680
 ( 4   2) <--> ( 5   3)       -0.790763      0.069478      0.056846   WU     5.299749      4.336158
 ( 4   2) <--> ( 5   4)        0.304522      0.010304      0.008430   WU     0.785959      0.643057
 ( 4   3) <--> ( 5   1)       -0.085363      0.000810      0.000662   WU     0.061760      0.050531
 ( 4   3) <--> ( 5   2)       -0.074119      0.000610      0.000499   WU     0.046561      0.038096
 ( 4   3) <--> ( 5   3)       -0.877700      0.085595      0.070032   WU     6.529124      5.342011
 ( 4   3) <--> ( 5   4)        0.270972      0.008158      0.006675   WU     0.622315      0.509167
 ( 4   4) <--> ( 5   1)       -1.599745      0.284354      0.232653   WU    21.690242     17.746562
 ( 4   4) <--> ( 5   2)        0.946679      0.099578      0.081473   WU     7.595721      6.214681
 ( 4   4) <--> ( 5   3)       -0.631873      0.044363      0.036297   WU     3.383938      2.768676
 ( 4   4) <--> ( 5   4)       -0.815982      0.073981      0.060530   WU     5.643180      4.617147
 ( 4   1) <--> ( 6   1)        9.556571     10.147561      7.025234   WU   774.046908    535.878629
 ( 4   1) <--> ( 6   2)       -0.237527      0.006269      0.004340   WU     0.478175      0.331045
 ( 4   1) <--> ( 6   3)        0.892091      0.088425      0.061217   WU     6.744989      4.669608
 ( 4   1) <--> ( 6   4)       -0.179218      0.003569      0.002471   WU     0.272225      0.188464
 ( 4   2) <--> ( 6   1)       -0.499169      0.027685      0.019167   WU     2.111824      1.462032
 ( 4   2) <--> ( 6   2)        8.488368      8.005822      5.542492   WU   610.676979    422.776370
 ( 4   2) <--> ( 6   3)       -0.207062      0.004764      0.003298   WU     0.363383      0.251573
 ( 4   2) <--> ( 6   4)       -0.134836      0.002020      0.001399   WU     0.154090      0.106677
 ( 4   3) <--> ( 6   1)        1.624178      0.293106      0.202920   WU    22.357872     15.478527
 ( 4   3) <--> ( 6   2)        0.051379      0.000293      0.000203   WU     0.022373      0.015489
 ( 4   3) <--> ( 6   3)       11.107620     13.708802      9.490709   WU  1045.695275    723.942883
 ( 4   3) <--> ( 6   4)        0.118770      0.001567      0.001085   WU     0.119557      0.082770
 ( 4   4) <--> ( 6   1)       -0.345771      0.013284      0.009197   WU     1.013303      0.701518
 ( 4   4) <--> ( 6   2)       -1.373702      0.209673      0.145158   WU    15.993680     11.072548
 ( 4   4) <--> ( 6   3)        0.782036      0.067953      0.047045   WU     5.183424      3.588525
 ( 4   4) <--> ( 6   4)       10.206844     11.575519      8.013821   WU   882.970326    611.287149
 ( 5   1) <--> ( 5   1)       -4.714831     -3.423566   (eb)
 ( 5   2) <--> ( 5   1)        1.393122      0.176435      0.176435   WU    13.458324     13.458324
 ( 5   2) <--> ( 5   2)        4.996967      3.628433   (eb)
 ( 5   3) <--> ( 5   1)       -0.667513      0.040507      0.040507   WU     3.089815      3.089815
 ( 5   3) <--> ( 5   2)        0.015698      0.000022      0.000022   WU     0.001709      0.001709
 ( 5   3) <--> ( 5   3)       -5.754113     -4.178217   (eb)
 ( 5   4) <--> ( 5   1)        0.242439      0.005343      0.005343   WU     0.407584      0.407584
 ( 5   4) <--> ( 5   2)       -0.211993      0.004086      0.004086   WU     0.311643      0.311643
 ( 5   4) <--> ( 5   3)       -0.030145      0.000083      0.000083   WU     0.006302      0.006302
 ( 5   4) <--> ( 5   4)       -4.236702     -3.076384   (eb)
 ( 5   1) <--> ( 6   1)        1.281425      0.149277      0.126312   WU    11.386743      9.634936
 ( 5   1) <--> ( 6   2)       -6.411777      3.737353      3.162375   WU   285.081931    241.223173
 ( 5   1) <--> ( 6   3)        0.504570      0.023145      0.019584   WU     1.765455      1.493846
 ( 5   1) <--> ( 6   4)       -0.106117      0.001024      0.000866   WU     0.078088      0.066075
 ( 5   2) <--> ( 6   1)       -0.014106      0.000018      0.000015   WU     0.001380      0.001168
 ( 5   2) <--> ( 6   2)       -0.932837      0.079108      0.066937   WU     6.034273      5.105923
 ( 5   2) <--> ( 6   3)        0.116537      0.001235      0.001045   WU     0.094177      0.079688
 ( 5   2) <--> ( 6   4)        2.394973      0.521445      0.441223   WU    39.775350     33.656065
 ( 5   3) <--> ( 6   1)       -0.067861      0.000419      0.000354   WU     0.031934      0.027021
 ( 5   3) <--> ( 6   2)       -0.875539      0.069688      0.058967   WU     5.315740      4.497934
 ( 5   3) <--> ( 6   3)        1.587654      0.229150      0.193896   WU    17.479336     14.790208
 ( 5   3) <--> ( 6   4)        1.618221      0.238058      0.201434   WU    18.158859     15.365189
 ( 5   4) <--> ( 6   1)       -0.022026      0.000044      0.000037   WU     0.003364      0.002847
 ( 5   4) <--> ( 6   2)        0.493314      0.022124      0.018720   WU     1.687561      1.427936
 ( 5   4) <--> ( 6   3)       -0.363206      0.011993      0.010148   WU     0.914787      0.774050
 ( 5   4) <--> ( 6   4)        2.309534      0.484904      0.410304   WU    36.988080     31.297606
 ( 5   1) <--> ( 7   1)       -9.721171      8.591015      6.300077   WU   655.314974    480.564314
 ( 5   1) <--> ( 7   2)        0.635277      0.036689      0.026905   WU     2.798589      2.052298
 ( 5   1) <--> ( 7   3)        0.560700      0.028580      0.020959   WU     2.180086      1.598730
 ( 5   1) <--> ( 7   4)        0.118360      0.001274      0.000934   WU     0.097146      0.071240
 ( 5   2) <--> ( 7   1)       -0.360027      0.011784      0.008641   WU     0.898839      0.659149
 ( 5   2) <--> ( 7   2)        7.205498      4.719928      3.461280   WU   360.031881    264.023380
 ( 5   2) <--> ( 7   3)       -0.667340      0.040486      0.029690   WU     3.088215      2.264691
 ( 5   2) <--> ( 7   4)       -1.380387      0.173224      0.127031   WU    13.213404      9.689830
 ( 5   3) <--> ( 7   1)       -1.683641      0.257695      0.188976   WU    19.656760     14.414957
 ( 5   3) <--> ( 7   2)        2.643242      0.635157      0.465782   WU    48.449236     35.529440
 ( 5   3) <--> ( 7   3)       11.589202     12.209964      8.953974   WU   931.365238    683.001175
 ( 5   3) <--> ( 7   4)        0.085815      0.000669      0.000491   WU     0.051066      0.037449
 ( 5   4) <--> ( 7   1)        0.967948      0.085175      0.062462   WU     6.497066      4.764515
 ( 5   4) <--> ( 7   2)        1.606336      0.234574      0.172021   WU    17.893108     13.121613
 ( 5   4) <--> ( 7   3)       -0.484631      0.021352      0.015658   WU     1.628677      1.194363
 ( 5   4) <--> ( 7   4)       -2.436060      0.539490      0.395626   WU    41.151814     30.177997
 ( 6   1) <--> ( 6   1)       -8.408173     -5.862154   (eb)
 ( 6   2) <--> ( 6   1)       -1.531973      0.180534      0.180534   WU    13.770970     13.770970
 ( 6   2) <--> ( 6   2)       -5.961108     -4.156067   (eb)
 ( 6   3) <--> ( 6   1)       -1.068627      0.087843      0.087843   WU     6.700616      6.700616
 ( 6   3) <--> ( 6   2)       -0.460790      0.016333      0.016333   WU     1.245858      1.245858
 ( 6   3) <--> ( 6   3)       -9.705782     -6.766843   (eb)
 ( 6   4) <--> ( 6   1)        0.146323      0.001647      0.001647   WU     0.125629      0.125629
 ( 6   4) <--> ( 6   2)       -1.437852      0.159032      0.159032   WU    12.130833     12.130833
 ( 6   4) <--> ( 6   3)       -0.084042      0.000543      0.000543   WU     0.041443      0.041443
 ( 6   4) <--> ( 6   4)       -7.596409     -5.296194   (eb)
 ( 6   1) <--> ( 7   1)        0.844367      0.054843      0.047530   WU     4.183357      3.625576
 ( 6   1) <--> ( 7   2)        0.028364      0.000062      0.000054   WU     0.004721      0.004091
 ( 6   1) <--> ( 7   3)        0.094504      0.000687      0.000595   WU     0.052404      0.045417
 ( 6   1) <--> ( 7   4)       -0.004354      0.000001      0.000001   WU     0.000111      0.000096
 ( 6   2) <--> ( 7   1)        5.940144      2.714255      2.352354   WU   207.040965    179.435503
 ( 6   2) <--> ( 7   2)        1.263505      0.122803      0.106430   WU     9.367336      8.118358
 ( 6   2) <--> ( 7   3)       -0.852026      0.055842      0.048397   WU     4.259593      3.691647
 ( 6   2) <--> ( 7   4)        0.053798      0.000223      0.000193   WU     0.016982      0.014718
 ( 6   3) <--> ( 7   1)        0.081973      0.000517      0.000448   WU     0.039428      0.034171
 ( 6   3) <--> ( 7   2)       -0.192231      0.002843      0.002464   WU     0.216825      0.187915
 ( 6   3) <--> ( 7   3)       -0.761980      0.044663      0.038708   WU     3.406823      2.952580
 ( 6   3) <--> ( 7   4)       -0.040986      0.000129      0.000112   WU     0.009857      0.008543
 ( 6   4) <--> ( 7   1)        1.738893      0.232596      0.201583   WU    17.742218     15.376589
 ( 6   4) <--> ( 7   2)        1.881279      0.272247      0.235947   WU    20.766759     17.997858
 ( 6   4) <--> ( 7   3)       -0.414630      0.013224      0.011461   WU     1.008753      0.874252
 ( 6   4) <--> ( 7   4)        0.626417      0.030185      0.026160   WU     2.302448      1.995455
 ( 6   1) <--> ( 8   1)       11.351046      9.911250      7.579191   WU   756.021366    578.133986
 ( 6   1) <--> ( 8   2)        0.110410      0.000938      0.000717   WU     0.071528      0.054698
 ( 6   1) <--> ( 8   3)        0.907277      0.063319      0.048421   WU     4.829941      3.693484
 ( 6   1) <--> ( 8   4)        0.199853      0.003072      0.002349   WU     0.234359      0.179216
 ( 6   2) <--> ( 8   1)       -0.686460      0.036248      0.027719   WU     2.764984      2.114399
 ( 6   2) <--> ( 8   2)      -10.900296      9.139727      6.989203   WU   697.170228    533.130174
 ( 6   2) <--> ( 8   3)       -0.213959      0.003521      0.002693   WU     0.268611      0.205408
 ( 6   2) <--> ( 8   4)        0.078617      0.000475      0.000364   WU     0.036266      0.027733
 ( 6   3) <--> ( 8   1)        2.049333      0.323059      0.247045   WU    24.642638     18.844370
 ( 6   3) <--> ( 8   2)        0.075423      0.000438      0.000335   WU     0.033379      0.025525
 ( 6   3) <--> ( 8   3)       13.233875     13.471958     10.302086   WU  1027.629005    785.833945
 ( 6   3) <--> ( 8   4)       -0.095916      0.000708      0.000541   WU     0.053982      0.041280
 ( 6   4) <--> ( 8   1)       -0.477501      0.017539      0.013412   WU     1.337860      1.023070
 ( 6   4) <--> ( 8   2)        1.847845      0.262656      0.200855   WU    20.035183     15.321023
 ( 6   4) <--> ( 8   3)        1.079776      0.089686      0.068583   WU     6.841164      5.231478
 ( 6   4) <--> ( 8   4)      -12.309031     11.654788      8.912485   WU   889.016859    679.836421
 ( 7   1) <--> ( 7   1)       -7.151105     -4.788822   (eb)
 ( 7   2) <--> ( 7   1)       -1.731685      0.199916      0.199916   WU    15.249386     15.249386
 ( 7   2) <--> ( 7   2)       -0.938034     -0.628166   (eb)
 ( 7   3) <--> ( 7   1)        1.272478      0.107947      0.107947   WU     8.234079      8.234079
 ( 7   3) <--> ( 7   2)       -0.660776      0.029108      0.029108   WU     2.220359      2.220359
 ( 7   3) <--> ( 7   3)       -8.819129     -5.905834   (eb)
 ( 7   4) <--> ( 7   1)       -0.048263      0.000155      0.000155   WU     0.011845      0.011845
 ( 7   4) <--> ( 7   2)       -2.649753      0.468079      0.468079   WU    35.704676     35.704676
 ( 7   4) <--> ( 7   3)        0.475140      0.015051      0.015051   WU     1.148040      1.148040
 ( 7   4) <--> ( 7   4)        8.116397      5.435241   (eb)
 ( 7   1) <--> ( 8   1)       -1.653450      0.182260      0.160817   WU    13.902607     12.267007
 ( 7   1) <--> ( 8   2)       -5.718706      2.180240      1.923741   WU   166.306779    146.741276
 ( 7   1) <--> ( 8   3)       -0.611036      0.024891      0.021963   WU     1.898663      1.675291
 ( 7   1) <--> ( 8   4)       -0.268108      0.004792      0.004228   WU     0.365538      0.322534
 ( 7   2) <--> ( 8   1)       -0.041439      0.000114      0.000101   WU     0.008732      0.007705
 ( 7   2) <--> ( 8   2)        1.617765      0.174478      0.153951   WU    13.308998     11.743234
 ( 7   2) <--> ( 8   3)        0.492451      0.016167      0.014265   WU     1.233220      1.088135
 ( 7   2) <--> ( 8   4)       -3.852424      0.989411      0.873010   WU    75.471406     66.592417
 ( 7   3) <--> ( 8   1)       -0.091488      0.000558      0.000492   WU     0.042564      0.037557
 ( 7   3) <--> ( 8   2)        0.584697      0.022791      0.020110   WU     1.738505      1.533975
 ( 7   3) <--> ( 8   3)        2.035592      0.276242      0.243743   WU    21.071510     18.592509
 ( 7   3) <--> ( 8   4)       -1.988601      0.263636      0.232620   WU    20.109890     17.744020
 ( 7   4) <--> ( 8   1)        0.006711      0.000003      0.000003   WU     0.000229      0.000202
 ( 7   4) <--> ( 8   2)        0.158666      0.001678      0.001481   WU     0.128021      0.112960
 ( 7   4) <--> ( 8   3)        0.066586      0.000296      0.000261   WU     0.022547      0.019894
 ( 7   4) <--> ( 8   4)        1.018139      0.069107      0.060977   WU     5.271435      4.651267
 ( 7   1) <--> ( 9   1)       11.891538      9.427246      7.442562   WU   719.101931    567.712051
 ( 7   1) <--> ( 9   2)        0.525383      0.018402      0.014528   WU     1.403674      1.108164
 ( 7   1) <--> ( 9   3)        0.410737      0.011247      0.008879   WU     0.857910      0.677297
 ( 7   1) <--> ( 9   4)       -0.304847      0.006195      0.004891   WU     0.472584      0.373093
 ( 7   2) <--> ( 9   1)       -0.943571      0.059355      0.046859   WU     4.527555      3.574386
 ( 7   2) <--> ( 9   2)      -10.601696      7.493064      5.915577   WU   571.564275    451.234954
 ( 7   2) <--> ( 9   3)        3.094017      0.638196      0.503839   WU    48.681036     38.432397
 ( 7   2) <--> ( 9   4)       -0.154023      0.001582      0.001249   WU     0.120639      0.095241
 ( 7   3) <--> ( 9   1)       -2.171563      0.314379      0.248194   WU    23.980563     18.932023
 ( 7   3) <--> ( 9   2)       -6.501392      2.817874      2.224637   WU   214.944891    169.693335
 ( 7   3) <--> ( 9   3)      -12.997348     11.262070      8.891108   WU   859.060718    678.205830
 ( 7   3) <--> ( 9   4)       -0.204089      0.002777      0.002192   WU     0.211814      0.167221
 ( 7   4) <--> ( 9   1)       -0.280096      0.005230      0.004129   WU     0.398960      0.314968
 ( 7   4) <--> ( 9   2)        0.420483      0.011787      0.009306   WU     0.899108      0.709822
 ( 7   4) <--> ( 9   3)       -0.554171      0.020474      0.016163   WU     1.561714      1.232932
 ( 7   4) <--> ( 9   4)       -0.509613      0.017314      0.013669   WU     1.320674      1.042637
 ( 8   1) <--> ( 8   1)       -9.579663     -6.171181   (eb)
 ( 8   2) <--> ( 8   1)        1.762620      0.182755      0.182755   WU    13.940357     13.940357
 ( 8   2) <--> ( 8   2)       -7.844512     -5.053403   (eb)
 ( 8   3) <--> ( 8   1)       -1.213776      0.086662      0.086662   WU     6.610494      6.610494
 ( 8   3) <--> ( 8   2)        0.550304      0.017814      0.017814   WU     1.358818      1.358818
 ( 8   3) <--> ( 8   3)      -11.033866     -7.107972   (eb)
 ( 8   4) <--> ( 8   1)       -0.118879      0.000831      0.000831   WU     0.063411      0.063411
 ( 8   4) <--> ( 8   2)       -1.627674      0.155842      0.155842   WU    11.887525     11.887525
 ( 8   4) <--> ( 8   3)       -0.211097      0.002621      0.002621   WU     0.199950      0.199950
 ( 8   4) <--> ( 8   4)       -8.142496     -5.245364   (eb)
 ( 8   1) <--> ( 9   1)        0.775091      0.035339      0.031619   WU     2.695642      2.411890
 ( 8   1) <--> ( 9   2)       -0.071398      0.000300      0.000268   WU     0.022873      0.020465
 ( 8   1) <--> ( 9   3)       -0.088568      0.000461      0.000413   WU     0.035197      0.031492
 ( 8   1) <--> ( 9   4)        0.034549      0.000070      0.000063   WU     0.005356      0.004792
 ( 8   2) <--> ( 9   1)       -5.288163      1.644980      1.471824   WU   125.477628    112.269457
 ( 8   2) <--> ( 9   2)        0.802430      0.037876      0.033889   WU     2.889158      2.585036
 ( 8   2) <--> ( 9   3)       -1.074748      0.067946      0.060794   WU     5.182862      4.637298
 ( 8   2) <--> ( 9   4)        0.216522      0.002758      0.002467   WU     0.210358      0.188215
 ( 8   3) <--> ( 9   1)        0.145880      0.001252      0.001120   WU     0.095488      0.085437
 ( 8   3) <--> ( 9   2)        0.368503      0.007988      0.007147   WU     0.609311      0.545173
 ( 8   3) <--> ( 9   3)        0.525848      0.016266      0.014553   WU     1.240731      1.110128
 ( 8   3) <--> ( 9   4)       -0.291447      0.004997      0.004471   WU     0.381133      0.341014
 ( 8   4) <--> ( 9   1)       -1.595114      0.149670      0.133915   WU    11.416682     10.214926
 ( 8   4) <--> ( 9   2)        2.660013      0.416216      0.372404   WU    31.748573     28.406618
 ( 8   4) <--> ( 9   3)       -0.618718      0.022518      0.020148   WU     1.717679      1.536871
 ( 8   4) <--> ( 9   4)        0.126677      0.000944      0.000845   WU     0.072004      0.064424
 ( 8   1) <--> (10   1)       13.021451      9.974010      8.074199   WU   760.808657    615.892722
 ( 8   1) <--> (10   2)        0.022017      0.000029      0.000023   WU     0.002175      0.001761
 ( 8   1) <--> (10   3)        0.875072      0.045044      0.036464   WU     3.435927      2.781465
 ( 8   1) <--> (10   4)       -0.224857      0.002974      0.002408   WU     0.226867      0.183654
 ( 8   2) <--> (10   1)        0.844613      0.041963      0.033970   WU     3.200898      2.591203
 ( 8   2) <--> (10   2)       12.992394      9.929547      8.038205   WU   757.417043    613.147130
 ( 8   2) <--> (10   3)       -0.081461      0.000390      0.000316   WU     0.029775      0.024104
 ( 8   2) <--> (10   4)       -0.020892      0.000026      0.000021   WU     0.001958      0.001585
 ( 8   3) <--> (10   1)        2.485207      0.363309      0.294107   WU    27.712882     22.434238
 ( 8   3) <--> (10   2)        0.634862      0.023709      0.019193   WU     1.808490      1.464015
 ( 8   3) <--> (10   3)       15.209418     13.607434     11.015542   WU  1037.963002    840.255764
 ( 8   3) <--> (10   4)        0.050064      0.000147      0.000119   WU     0.011246      0.009104
 ( 8   4) <--> (10   1)        0.622345      0.022783      0.018443   WU     1.737877      1.406853
 ( 8   4) <--> (10   2)       -2.667919      0.418694      0.338942   WU    31.937575     25.854227
 ( 8   4) <--> (10   3)       -1.552990      0.141869      0.114847   WU    10.821665      8.760396
 ( 8   4) <--> (10   4)      -14.558197     12.467124     10.092433   WU   950.981109    769.841850
 ( 9   1) <--> ( 9   1)       -8.854513     -5.497609   (eb)
 ( 9   2) <--> ( 9   1)        1.332386      0.093434      0.093434   WU     7.127090      7.127090
 ( 9   2) <--> ( 9   2)       -5.223732     -3.243322   (eb)
 ( 9   3) <--> ( 9   1)       -2.185091      0.251296      0.251296   WU    19.168622     19.168622
 ( 9   3) <--> ( 9   2)       -2.607954      0.357970      0.357970   WU    27.305605     27.305605
 ( 9   3) <--> ( 9   3)      -10.294474     -6.391655   (eb)
 ( 9   4) <--> ( 9   1)        0.437177      0.010059      0.010059   WU     0.767304      0.767304
 ( 9   4) <--> ( 9   2)       -1.141498      0.068580      0.068580   WU     5.231209      5.231209
 ( 9   4) <--> ( 9   3)       -1.812329      0.172870      0.172870   WU    13.186393     13.186393
 ( 9   4) <--> ( 9   4)      -15.128815     -9.393211   (eb)
 ( 9   1) <--> (10   1)       -1.991789      0.208801      0.188915   WU    15.927166     14.410293
 ( 9   1) <--> (10   2)       -5.257942      1.455050      1.316474   WU   110.989958    100.419486
 ( 9   1) <--> (10   3)       -0.568362      0.017002      0.015383   WU     1.296888      1.173375
 ( 9   1) <--> (10   4)        0.334793      0.005899      0.005337   WU     0.449993      0.407136
 ( 9   2) <--> (10   1)        0.108970      0.000625      0.000565   WU     0.047672      0.043132
 ( 9   2) <--> (10   2)       -2.220749      0.259565      0.234844   WU    19.799353     17.913700
 ( 9   2) <--> (10   3)       -1.445154      0.109920      0.099451   WU     8.384562      7.586032
 ( 9   2) <--> (10   4)       -5.187339      1.416236      1.281356   WU   108.029219     97.740722
 ( 9   3) <--> (10   1)        0.095026      0.000475      0.000430   WU     0.036252      0.032800
 ( 9   3) <--> (10   2)        0.251319      0.003324      0.003008   WU     0.253573      0.229423
 ( 9   3) <--> (10   3)       -2.077485      0.227155      0.205521   WU    17.327176     15.676969
 ( 9   3) <--> (10   4)       -1.488337      0.116587      0.105483   WU     8.893134      8.046169
 ( 9   4) <--> (10   1)       -0.029373      0.000045      0.000041   WU     0.003464      0.003134
 ( 9   4) <--> (10   2)        0.220880      0.002568      0.002323   WU     0.195868      0.177214
 ( 9   4) <--> (10   3)        0.571259      0.017176      0.015540   WU     1.310140      1.185365
 ( 9   4) <--> (10   4)       -1.728418      0.157233      0.142258   WU    11.993598     10.851350
 (10   1) <--> (10   1)      -10.646009     -6.383276   (eb)
 (10   2) <--> (10   1)        1.924670      0.176398      0.176398   WU    13.455470     13.455470
 (10   2) <--> (10   2)       -9.174786     -5.501141   (eb)
 (10   3) <--> (10   1)       -1.414775      0.095314      0.095314   WU     7.270444      7.270444
 (10   3) <--> (10   2)        0.575270      0.015759      0.015759   WU     1.202068      1.202068
 (10   3) <--> (10   3)      -12.245988     -7.342613   (eb)
 (10   4) <--> (10   1)        0.068803      0.000225      0.000225   WU     0.017195      0.017195
 (10   4) <--> (10   2)        1.365108      0.088739      0.088739   WU     6.768934      6.768934
 (10   4) <--> (10   3)        0.471247      0.010575      0.010575   WU     0.806646      0.806646
 (10   4) <--> (10   4)       -9.500694     -5.696554   (eb)
 
  quadrupole shape invariant: 01+, 02+, 03+, 04+
quadr2    22.22556592    30.41095503    25.83257962    47.20767131
quadr3   100.12423554   165.59790306    97.77717893   308.06418607
  effective deformation parameters:  01+, 02+, 03+, 04+
beteff     0.29190976     0.34145795     0.31470677     0.42543037
cos3ga     0.95556442     0.98743779     0.74470769     0.94977853
 
 ********* END Transition **************************
