 ********* BEGIN READER ****************************
 
 Nucleus            :  Fm 100 168
 Imin, Imax         :     0  10
 imu, remu          :     1 12.0000
 nlevel             :     4
 observables        :     2
 wave fun           :     1
 nbet, ngam, npar   :    10   7  10
 Finish reading parameters: V, B_k ...
 
 ********* END READER ******************************
 
 ********* BEGIN LEVELS ********************
 
 E_0 = -1963.913694
 
  I=   0   ntot= 127
   0   1    0.000000
   0   2    0.701405
   0   3    0.903262
   0   4    1.084736
 
  I=   2   ntot= 234
   2   1    0.189472
   2   2    0.731357
   2   3    0.853658
   2   4    1.025216
 
  I=   3   ntot= 108
   3   1    1.055324
   3   2    1.285359
   3   3    1.646173
   3   4    1.979061
 
  I=   4   ntot= 324
   4   1    0.533586
   4   2    0.994626
   4   3    1.136267
   4   4    1.261905
 
  I=   5   ntot= 198
   5   1    1.406811
   5   2    1.535629
   5   3    1.799985
   5   4    1.882878
 
  I=   6   ntot= 432
   6   1    0.983652
   6   2    1.184811
   6   3    1.477408
   6   4    1.499354
 
  I=   7   ntot= 306
   7   1    1.585019
   7   2    1.981606
   7   3    2.013099
   7   4    2.224810
 
  I=   8   ntot= 522
   8   1    1.368143
   8   2    1.525971
   8   3    1.694155
   8   4    1.842418
 
  I=   9   ntot= 397
   9   1    1.808266
   9   2    2.217527
   9   3    2.378969
   9   4    2.679316
 
  I=  10   ntot= 630
  10   1    1.630022
  10   2    1.942494
  10   3    1.999157
  10   4    2.251557
 
 ********* END LEVELS **********************
 
 ********* BEGIN Transition ************************
 
  Monopole moment 
 
   I   n    <In|E0|In>   ave \beta      del<b>   ave \gamma    del<g>  
     K=0       K=2       K=4   
   0   1     36.746603    0.213774    0.046642   18.572540   11.322567  100.0000    0.0000    0.0000
   0   2     37.331765    0.311764    0.105734   13.186967   12.696486   99.9999    0.0000    0.0000
   0   3     38.719492    0.468603    0.125529   10.945759    9.135822   99.9997    0.0000    0.0000
   0   4     37.668054    0.351320    0.170286   15.360507   13.648756   99.9998    0.0000    0.0000
   2   1     36.790454    0.222988    0.048691   16.888158   10.968655   98.7693    1.2308    0.0000
   2   2     36.853911    0.229515    0.071784   23.995830   14.708359   16.7257   83.2743    0.0000
   2   3     38.071875    0.403290    0.120409   11.230677   10.181913   90.8847    9.1152    0.0000
   2   4     38.615029    0.459116    0.141651   11.024931    8.701449   96.6137    3.3859    0.0000
   3   1     36.886348    0.234857    0.055915   22.956934   10.765452    0.0000  100.0000    0.0000
   3   2     39.720718    0.549690    0.071158   12.346562    6.842499    0.0000   99.9994    0.0000
   3   3     38.249071    0.414367    0.133996   14.818557   11.091982    0.0000   99.9996    0.0000
   3   4     38.457518    0.434343    0.146453   15.177370   11.172058    0.0000   99.9994    0.0000
   4   1     36.869498    0.238061    0.054822   15.529420   11.189437   96.8032    3.0173    0.1794
   4   2     38.684939    0.466059    0.107462   10.451711    8.321091   96.3532    3.1703    0.4762
   4   3     37.516320    0.333984    0.167753   15.143471   13.697730   44.7459   46.3519    8.9020
   4   4     37.901151    0.382100    0.161777   13.180491   11.557291   70.6091   24.8831    4.5074
   5   1     39.712236    0.549352    0.074851   12.251936    6.831037    0.0000   99.7329    0.2665
   5   2     37.185043    0.284211    0.126296   18.474168   13.529810    0.0000   94.1300    5.8700
   5   3     39.815782    0.552065    0.064694   13.980551    6.775409    0.0000    0.5377   99.4618
   5   4     38.479470    0.437738    0.134570   14.499799   10.798620    0.0000   93.2826    6.7169
   6   1     37.083116    0.274599    0.083591   13.867183   12.395655   95.0028    4.7167    0.2390
   6   2     39.195646    0.512394    0.093907   10.152447    6.913967   98.1211    1.7825    0.0784
   6   3     38.701435    0.464674    0.139801   12.298277    8.236849   55.1767   43.1865    1.3210
   6   4     39.291562    0.516636    0.112774   11.975175    7.420409   33.9153   65.2816    0.6630
   7   1     39.889377    0.563995    0.062292   11.956600    6.338619    0.0000   99.3443    0.6457
   7   2     39.691661    0.543210    0.081713   13.796477    7.038228    0.0000   11.7018   87.9280
   7   3     38.133442    0.402209    0.138238   15.003891   10.434372    0.0000   84.1328   15.5951
   7   4     38.320518    0.422350    0.154243   14.621622   11.065443    0.0000   91.9662    7.1937
   8   1     39.147469    0.508185    0.092309   10.189892    7.060930   97.0596    2.9055    0.0300
   8   2     37.736764    0.364591    0.154293   12.620199   11.133464   93.3048    6.3589    0.2905
   8   3     39.886588    0.564284    0.063792   11.804405    6.238357    4.4787   94.4559    1.0512
   8   4     38.664250    0.463532    0.144024   11.402377    7.721099   92.7637    6.5090    0.5887
   9   1     39.972549    0.570972    0.058946   11.770131    6.087660    0.0000   98.4009    1.5781
   9   2     39.976194    0.566347    0.058894   13.359777    6.309683    0.0000    3.1221   95.7004
   9   3     38.846960    0.472765    0.113344   13.866089    9.844358    0.0000   93.6773    6.1800
   9   4     39.896870    0.554790    0.064293   15.048831    6.885147    0.0000    1.2061    5.8592
  10   1     39.587002    0.544995    0.069716   10.104356    6.076285   94.0297    5.9070    0.0582
  10   2     39.829343    0.560812    0.072246   11.567149    5.861879   13.8666   84.1532    1.9585
  10   3     38.452660    0.442284    0.136302   11.714276    8.997379   87.5889   11.8999    0.4851
  10   4     38.534086    0.451354    0.146288   11.477025    7.472228   92.3439    7.0486    0.5252
 
  rho^2(E0) 
 
   I  n_1 n_2  <In_1|E0|In_2>  rho^2(E0) 
   0   1   1       36.746603 3768.740671
   0   2   1        0.188148    0.098801
   0   2   2       37.331765 3889.724882
   0   3   1       -0.005865    0.000096
   0   3   2        0.689873    1.328311
   0   3   3       38.719492 4184.283907
   0   4   1        0.107433    0.032213
   0   4   2       -0.034019    0.003230
   0   4   3       -0.949604    2.516788
   0   4   4       37.668054 3960.118727
   2   1   1       36.790454 3777.740609
   2   2   1        0.076311    0.016253
   2   2   2       36.853911 3790.783695
   2   3   1       -0.185254    0.095785
   2   3   2       -0.260934    0.190030
   2   3   3       38.071875 4045.483099
   2   4   1        0.118095    0.038925
   2   4   2       -0.117376    0.038452
   2   4   3        1.026125    2.938746
   2   4   4       38.615029 4161.736452
   3   1   1       36.886348 3797.459629
   3   2   1       -0.187688    0.098318
   3   2   2       39.720718 4403.480024
   3   3   1        0.214791    0.128764
   3   3   2        0.705342    1.388547
   3   3   3       38.249071 4083.228006
   3   4   1        0.095849    0.025641
   3   4   2       -0.308711    0.265990
   3   4   3       -0.938767    2.459673
   3   4   4       38.457518 4127.854345
   4   1   1       36.869498 3793.990941
   4   2   1       -0.222105    0.137683
   4   2   2       38.684939 4176.819315
   4   3   1       -0.071153    0.014130
   4   3   2       -0.850393    2.018373
   4   3   3       37.516320 3928.278963
   4   4   1       -0.165118    0.076094
   4   4   2       -0.656351    1.202358
   4   4   3        0.717706    1.437657
   4   4   4       37.901151 4009.282429
   5   1   1       39.712236 4401.599626
   5   2   1        0.586632    0.960490
   5   2   2       37.185043 3859.210145
   5   3   1        0.022085    0.001361
   5   3   2        0.055420    0.008572
   5   3   3       39.815782 4424.583023
   5   4   1       -0.557566    0.867670
   5   4   2       -0.546970    0.835004
   5   4   3        0.027728    0.002146
   5   4   4       38.479470 4132.568036
   6   1   1       37.083116 3838.082451
   6   2   1       -0.473601    0.626019
   6   2   2       39.195646 4287.829366
   6   3   1       -0.131202    0.048044
   6   3   2       -0.722458    1.456755
   6   3   3       38.701435 4180.382256
   6   4   1       -0.106198    0.031477
   6   4   2       -0.509352    0.724099
   6   4   3       -0.777577    1.687521
   6   4   4       39.291562 4308.840730
   7   1   1       39.889377 4440.954852
   7   2   1       -0.191273    0.102110
   7   2   2       39.691661 4397.039869
   7   3   1        0.478217    0.638281
   7   3   2        0.630940    1.111061
   7   3   3       38.133442 4058.577604
   7   4   1       -0.453554    0.574143
   7   4   2        0.273493    0.208764
   7   4   3       -0.907313    2.297611
   7   4   4       38.320518 4098.496660
   8   1   1       39.147469 4277.295236
   8   2   1       -0.912092    2.321879
   8   2   2       37.736764 3974.579220
   8   3   1        0.051920    0.007524
   8   3   2       -0.151501    0.064061
   8   3   3       39.886588 4440.333777
   8   4   1       -0.456825    0.582454
   8   4   2        0.841862    1.978081
   8   4   3        0.195155    0.106297
   8   4   4       38.664250 4172.352809
   9   1   1       39.972549 4459.493478
   9   2   1       -0.072514    0.014676
   9   2   2       39.976194 4460.306860
   9   3   1       -0.612621    1.047478
   9   3   2       -0.151603    0.064147
   9   3   3       38.846960 4211.879288
   9   4   1       -0.038899    0.004223
   9   4   2        0.136304    0.051854
   9   4   3       -0.000851    0.000002
   9   4   4       39.896870 4442.623398
  10   1   1       39.587002 4373.882168
  10   2   1       -0.277579    0.215048
  10   2   2       39.829343 4427.597463
  10   3   1        0.672683    1.262939
  10   3   2        0.458566    0.586901
  10   3   3       38.452660 4126.811380
  10   4   1        0.336435    0.315911
  10   4   2       -0.131864    0.048530
  10   4   3        1.020897    2.908880
  10   4   4       38.534086 4144.307428
 
  E2 transition 
 
  I1  n1        I2  n2       <f||E2||i>   B(E2,I1->I2)  B(E2,I2->I1)
 ( 0   1) <--> ( 2   1)       -2.967653      8.806965      1.761393   WU   858.077817    171.615563
 ( 0   1) <--> ( 2   2)        0.269243      0.072492      0.014498   WU     7.062985      1.412597
 ( 0   1) <--> ( 2   3)        0.342719      0.117456      0.023491   WU    11.443957      2.288791
 ( 0   1) <--> ( 2   4)       -0.264142      0.069771      0.013954   WU     6.797927      1.359585
 ( 0   2) <--> ( 2   1)       -0.960318      0.922210      0.184442   WU    89.852485     17.970497
 ( 0   2) <--> ( 2   2)       -1.832405      3.357710      0.671542   WU   327.147459     65.429492
 ( 0   2) <--> ( 2   3)        3.786398     14.336810      2.867362   WU  1396.860118    279.372024
 ( 0   2) <--> ( 2   4)       -0.547377      0.299622      0.059924   WU    29.192689      5.838538
 ( 0   3) <--> ( 2   1)        0.229479      0.052661      0.010532   WU     5.130824      1.026165
 ( 0   3) <--> ( 2   2)        0.000161      0.000000      0.000000   WU     0.000003      0.000001
 ( 0   3) <--> ( 2   3)        4.137267     17.116975      3.423395   WU  1667.736429    333.547286
 ( 0   3) <--> ( 2   4)        5.128330     26.299770      5.259954   WU  2562.432001    512.486400
 ( 0   4) <--> ( 2   1)       -0.118046      0.013935      0.002787   WU     1.357689      0.271538
 ( 0   4) <--> ( 2   2)        0.599637      0.359564      0.071913   WU    35.032963      7.006593
 ( 0   4) <--> ( 2   3)       -0.026885      0.000723      0.000145   WU     0.070425      0.014085
 ( 0   4) <--> ( 2   4)       -3.543722     12.557969      2.511594   WU  1223.544610    244.708922
 ( 2   1) <--> ( 2   1)       -3.390223     -2.569562   (eb)
 ( 2   2) <--> ( 2   1)       -1.639412      0.537534      0.537534   WU    52.372895     52.372895
 ( 2   2) <--> ( 2   2)        2.201208      1.668369   (eb)
 ( 2   3) <--> ( 2   1)        0.132241      0.003498      0.003498   WU     0.340772      0.340772
 ( 2   3) <--> ( 2   2)        2.435565      1.186396      1.186396   WU   115.592570    115.592570
 ( 2   3) <--> ( 2   3)       -5.781560     -4.382036   (eb)
 ( 2   4) <--> ( 2   1)       -0.241338      0.011649      0.011649   WU     1.134961      1.134961
 ( 2   4) <--> ( 2   2)       -0.663760      0.088116      0.088116   WU     8.585255      8.585255
 ( 2   4) <--> ( 2   3)       -2.320809      1.077231      1.077231   WU   104.956498    104.956498
 ( 2   4) <--> ( 2   4)       -6.982489     -5.292260   (eb)
 ( 2   1) <--> ( 3   1)       -0.641895      0.082406      0.058861   WU     8.028951      5.734965
 ( 2   1) <--> ( 3   2)       -0.020417      0.000083      0.000060   WU     0.008123      0.005802
 ( 2   1) <--> ( 3   3)       -0.020040      0.000080      0.000057   WU     0.007826      0.005590
 ( 2   1) <--> ( 3   4)       -0.046329      0.000429      0.000307   WU     0.041824      0.029875
 ( 2   2) <--> ( 3   1)       -3.789561      2.872155      2.051539   WU   279.838979    199.884985
 ( 2   2) <--> ( 3   2)        0.065492      0.000858      0.000613   WU     0.083582      0.059701
 ( 2   2) <--> ( 3   3)       -0.255579      0.013064      0.009331   WU     1.272857      0.909183
 ( 2   2) <--> ( 3   4)       -0.165502      0.005478      0.003913   WU     0.533749      0.381249
 ( 2   3) <--> ( 3   1)       -1.368890      0.374772      0.267694   WU    36.514673     26.081909
 ( 2   3) <--> ( 3   2)       -0.829871      0.137737      0.098384   WU    13.419970      9.585693
 ( 2   3) <--> ( 3   3)        0.457163      0.041800      0.029857   WU     4.072610      2.909007
 ( 2   3) <--> ( 3   4)        0.024583      0.000121      0.000086   WU     0.011776      0.008411
 ( 2   4) <--> ( 3   1)        1.055692      0.222897      0.159212   WU    21.717238     15.512313
 ( 2   4) <--> ( 3   2)       -1.085977      0.235869      0.168478   WU    22.981130     16.415093
 ( 2   4) <--> ( 3   3)       -0.362347      0.026259      0.018757   WU     2.558470      1.827479
 ( 2   4) <--> ( 3   4)       -0.261999      0.013729      0.009806   WU     1.337608      0.955434
 ( 2   1) <--> ( 4   1)        5.044111      5.088612      2.827007   WU   495.792248    275.440138
 ( 2   1) <--> ( 4   2)       -0.085564      0.001464      0.000813   WU     0.142663      0.079257
 ( 2   1) <--> ( 4   3)       -0.067067      0.000900      0.000500   WU     0.087650      0.048695
 ( 2   1) <--> ( 4   4)       -0.214594      0.009210      0.005117   WU     0.897357      0.498532
 ( 2   2) <--> ( 4   1)        0.540179      0.058359      0.032421   WU     5.685987      3.158881
 ( 2   2) <--> ( 4   2)       -2.572824      1.323884      0.735491   WU   128.988344     71.660191
 ( 2   2) <--> ( 4   3)       -2.960825      1.753297      0.974054   WU   170.826788     94.903771
 ( 2   2) <--> ( 4   4)        0.888032      0.157720      0.087622   WU    15.366937      8.537187
 ( 2   3) <--> ( 4   1)       -1.590882      0.506181      0.281212   WU    49.318115     27.398953
 ( 2   3) <--> ( 4   2)        8.601230     14.796233      8.220129   WU  1441.622535    800.901408
 ( 2   3) <--> ( 4   3)       -1.986695      0.789392      0.438551   WU    76.911779     42.728766
 ( 2   3) <--> ( 4   4)        1.405923      0.395324      0.219624   WU    38.517104     21.398391
 ( 2   4) <--> ( 4   1)        0.971210      0.188650      0.104806   WU    18.380487     10.211382
 ( 2   4) <--> ( 4   2)        5.545571      6.150671      3.417039   WU   599.270460    332.928033
 ( 2   4) <--> ( 4   3)       -5.709029      6.518603      3.621446   WU   635.118708    352.843726
 ( 2   4) <--> ( 4   4)       -6.611316      8.741899      4.856610   WU   851.738275    473.187930
 ( 3   1) <--> ( 3   1)        0.000000      0.000000   (eb)
 ( 3   2) <--> ( 3   1)        0.000000      0.000000      0.000000   WU     0.000000      0.000000
 ( 3   2) <--> ( 3   2)        0.000000      0.000000   (eb)
 ( 3   3) <--> ( 3   1)        0.000000      0.000000      0.000000   WU     0.000000      0.000000
 ( 3   3) <--> ( 3   2)        0.000000      0.000000      0.000000   WU     0.000000      0.000000
 ( 3   3) <--> ( 3   3)        0.000000      0.000000   (eb)
 ( 3   4) <--> ( 3   1)        0.000000      0.000000      0.000000   WU     0.000000      0.000000
 ( 3   4) <--> ( 3   2)        0.000000      0.000000      0.000000   WU     0.000000      0.000000
 ( 3   4) <--> ( 3   3)        0.000000      0.000000      0.000000   WU     0.000000      0.000000
 ( 3   4) <--> ( 3   4)        0.000000      0.000000   (eb)
 ( 3   1) <--> ( 4   1)        1.324060      0.250448      0.194793   WU    24.401571     18.979000
 ( 3   1) <--> ( 4   2)        0.629873      0.056677      0.044082   WU     5.522153      4.295008
 ( 3   1) <--> ( 4   3)        2.895121      1.197389      0.931303   WU   116.663707     90.738439
 ( 3   1) <--> ( 4   4)       -2.160934      0.667091      0.518848   WU    64.995784     50.552277
 ( 3   2) <--> ( 4   1)        0.011924      0.000020      0.000016   WU     0.001979      0.001539
 ( 3   2) <--> ( 4   2)        1.210665      0.209387      0.162857   WU    20.400962     15.867415
 ( 3   2) <--> ( 4   3)       -1.031275      0.151933      0.118170   WU    14.803067     11.513496
 ( 3   2) <--> ( 4   4)        0.483605      0.033411      0.025986   WU     3.255253      2.531864
 ( 3   3) <--> ( 4   1)        0.072162      0.000744      0.000579   WU     0.072480      0.056374
 ( 3   3) <--> ( 4   2)       -0.343041      0.016811      0.013075   WU     1.637927      1.273943
 ( 3   3) <--> ( 4   3)       -0.040637      0.000236      0.000183   WU     0.022985      0.017877
 ( 3   3) <--> ( 4   4)       -1.443758      0.297777      0.231604   WU    29.012900     22.565589
 ( 3   4) <--> ( 4   1)        0.074890      0.000801      0.000623   WU     0.078063      0.060716
 ( 3   4) <--> ( 4   2)        0.011815      0.000020      0.000016   WU     0.001943      0.001511
 ( 3   4) <--> ( 4   3)        0.033762      0.000163      0.000127   WU     0.015866      0.012340
 ( 3   4) <--> ( 4   4)       -0.450411      0.028981      0.022541   WU     2.823712      2.196220
 ( 3   1) <--> ( 5   1)       -1.495966      0.319702      0.203447   WU    31.149133     19.822175
 ( 3   1) <--> ( 5   2)        4.468938      2.853058      1.815583   WU   277.978409    176.895351
 ( 3   1) <--> ( 5   3)        0.036736      0.000193      0.000123   WU     0.018784      0.011954
 ( 3   1) <--> ( 5   4)        0.440593      0.027732      0.017647   WU     2.701947      1.719421
 ( 3   2) <--> ( 5   1)       11.011219     17.320991     11.022449   WU  1687.614100   1073.936246
 ( 3   2) <--> ( 5   2)        2.230351      0.710638      0.452224   WU    69.238684     44.060981
 ( 3   2) <--> ( 5   3)       -1.294857      0.239522      0.152423   WU    23.337035     14.850840
 ( 3   2) <--> ( 5   4)       -0.687568      0.067536      0.042977   WU     6.580115      4.187346
 ( 3   3) <--> ( 5   1)        1.561083      0.348140      0.221544   WU    33.919881     21.585379
 ( 3   3) <--> ( 5   2)        2.870041      1.176734      0.748831   WU   114.651220     72.959867
 ( 3   3) <--> ( 5   3)        0.302291      0.013054      0.008307   WU     1.271899      0.809390
 ( 3   3) <--> ( 5   4)       -7.636210      8.330244      5.301064   WU   811.630025    516.491834
 ( 3   4) <--> ( 5   1)       -0.949336      0.128748      0.081931   WU    12.544178      7.982659
 ( 3   4) <--> ( 5   2)        0.348423      0.017343      0.011036   WU     1.689722      1.075277
 ( 3   4) <--> ( 5   3)       -0.715930      0.073222      0.046596   WU     7.134164      4.539923
 ( 3   4) <--> ( 5   4)        4.010261      2.297456      1.462017   WU   223.845105    142.446885
 ( 4   1) <--> ( 4   1)       -4.505880     -3.397864   (eb)
 ( 4   2) <--> ( 4   1)        1.082617      0.130229      0.130229   WU    12.688413     12.688413
 ( 4   2) <--> ( 4   2)       -9.367141     -7.063719   (eb)
 ( 4   3) <--> ( 4   1)        1.714954      0.326785      0.326785   WU    31.839268     31.839268
 ( 4   3) <--> ( 4   2)        2.742759      0.835859      0.835859   WU    81.439147     81.439147
 ( 4   3) <--> ( 4   3)       -3.389410     -2.555939   (eb)
 ( 4   4) <--> ( 4   1)       -0.304763      0.010320      0.010320   WU     1.005499      1.005499
 ( 4   4) <--> ( 4   2)        1.083179      0.130364      0.130364   WU    12.701599     12.701599
 ( 4   4) <--> ( 4   3)       -3.805497      1.609089      1.609089   WU   156.776350    156.776350
 ( 4   4) <--> ( 4   4)       -6.006302     -4.529325   (eb)
 ( 4   1) <--> ( 5   1)        0.130443      0.001891      0.001547   WU     0.184205      0.150713
 ( 4   1) <--> ( 5   2)       -0.470073      0.024552      0.020088   WU     2.392153      1.957216
 ( 4   1) <--> ( 5   3)        0.009912      0.000011      0.000009   WU     0.001064      0.000870
 ( 4   1) <--> ( 5   4)       -0.015704      0.000027      0.000022   WU     0.002670      0.002184
 ( 4   2) <--> ( 5   1)       -1.101269      0.134755      0.110254   WU    13.129390     10.742228
 ( 4   2) <--> ( 5   2)        0.466543      0.024185      0.019788   WU     2.356359      1.927930
 ( 4   2) <--> ( 5   3)        0.027228      0.000082      0.000067   WU     0.008026      0.006566
 ( 4   2) <--> ( 5   4)       -0.360983      0.014479      0.011846   WU     1.410690      1.154201
 ( 4   3) <--> ( 5   1)       -0.458528      0.023361      0.019113   WU     2.276087      1.862253
 ( 4   3) <--> ( 5   2)        2.810036      0.877367      0.717846   WU    85.483375     69.940943
 ( 4   3) <--> ( 5   3)       -0.135297      0.002034      0.001664   WU     0.198169      0.162138
 ( 4   3) <--> ( 5   4)       -0.053427      0.000317      0.000259   WU     0.030901      0.025283
 ( 4   4) <--> ( 5   1)        1.981062      0.436068      0.356783   WU    42.486814     34.761939
 ( 4   4) <--> ( 5   2)       -1.838991      0.375765      0.307444   WU    36.611455     29.954827
 ( 4   4) <--> ( 5   3)        0.202234      0.004544      0.003718   WU     0.442757      0.362256
 ( 4   4) <--> ( 5   4)       -0.546164      0.033144      0.027118   WU     3.229265      2.642126
 ( 4   1) <--> ( 6   1)        6.855247      5.221601      3.614955   WU   508.749618    352.211274
 ( 4   1) <--> ( 6   2)        0.694958      0.053663      0.037151   WU     5.228468      3.619709
 ( 4   1) <--> ( 6   3)        0.091579      0.000932      0.000645   WU     0.090792      0.062856
 ( 4   1) <--> ( 6   4)        0.054225      0.000327      0.000226   WU     0.031832      0.022037
 ( 4   2) <--> ( 6   1)       -3.619167      1.455374      1.007567   WU   141.799644     98.168984
 ( 4   2) <--> ( 6   2)       12.851803     18.352092     12.705295   WU  1788.076046   1237.898801
 ( 4   2) <--> ( 6   3)        0.692983      0.053358      0.036940   WU     5.198798      3.599168
 ( 4   2) <--> ( 6   4)        0.491352      0.026825      0.018571   WU     2.613622      1.809430
 ( 4   3) <--> ( 6   1)       -0.119493      0.001587      0.001098   WU     0.154578      0.107015
 ( 4   3) <--> ( 6   2)       -5.663230      3.563575      2.467091   WU   347.205295    240.372896
 ( 4   3) <--> ( 6   3)        6.024468      4.032690      2.791862   WU   392.911956    272.015969
 ( 4   3) <--> ( 6   4)        3.199676      1.137547      0.787533   WU   110.833195     76.730673
 ( 4   4) <--> ( 6   1)       -1.631761      0.295849      0.204819   WU    28.825100     19.955838
 ( 4   4) <--> ( 6   2)       -4.354959      2.107296      1.458897   WU   205.317505    142.142888
 ( 4   4) <--> ( 6   3)        5.335727      3.163331      2.189998   WU   308.208814    213.375333
 ( 4   4) <--> ( 6   4)        5.645811      3.541687      2.451937   WU   345.072647    238.896448
 ( 5   1) <--> ( 5   1)       -7.564060     -5.492467   (eb)
 ( 5   2) <--> ( 5   1)       -1.001908      0.091256      0.091256   WU     8.891270      8.891270
 ( 5   2) <--> ( 5   2)       -2.930366     -2.127818   (eb)
 ( 5   3) <--> ( 5   1)       -1.822511      0.301959      0.301959   WU    29.420369     29.420369
 ( 5   3) <--> ( 5   2)       -0.107941      0.001059      0.001059   WU     0.103201      0.103201
 ( 5   3) <--> ( 5   3)        7.574074      5.499739   (eb)
 ( 5   4) <--> ( 5   1)        0.598022      0.032512      0.032512   WU     3.167686      3.167686
 ( 5   4) <--> ( 5   2)        1.549128      0.218163      0.218163   WU    21.256037     21.256037
 ( 5   4) <--> ( 5   3)        0.590972      0.031750      0.031750   WU     3.093439      3.093439
 ( 5   4) <--> ( 5   4)       -5.184800     -3.764823   (eb)
 ( 5   1) <--> ( 6   1)       -0.704606      0.045134      0.038190   WU     4.397442      3.720912
 ( 5   1) <--> ( 6   2)        2.041484      0.378878      0.320589   WU    36.914711     31.235525
 ( 5   1) <--> ( 6   3)       -6.716693      4.101269      3.470305   WU   399.593731    338.117773
 ( 5   1) <--> ( 6   4)        7.720076      5.418143      4.584583   WU   527.899042    446.683805
 ( 5   2) <--> ( 6   1)        1.636885      0.243581      0.206107   WU    23.732542     20.081382
 ( 5   2) <--> ( 6   2)        0.863315      0.067756      0.057332   WU     6.601551      5.585928
 ( 5   2) <--> ( 6   3)       -0.272703      0.006761      0.005721   WU     0.658702      0.557363
 ( 5   2) <--> ( 6   4)        1.896128      0.326845      0.276562   WU    31.845121     26.945871
 ( 5   3) <--> ( 6   1)       -0.016355      0.000024      0.000021   WU     0.002369      0.002005
 ( 5   3) <--> ( 6   2)       -0.050292      0.000230      0.000195   WU     0.022403      0.018956
 ( 5   3) <--> ( 6   3)        0.598495      0.032563      0.027554   WU     3.172700      2.684592
 ( 5   3) <--> ( 6   4)       -0.907858      0.074928      0.063401   WU     7.300355      6.177224
 ( 5   4) <--> ( 6   1)       -0.041532      0.000157      0.000133   WU     0.015278      0.012928
 ( 5   4) <--> ( 6   2)        0.318505      0.009222      0.007803   WU     0.898545      0.760307
 ( 5   4) <--> ( 6   3)        1.986021      0.358571      0.303406   WU    34.936194     29.561395
 ( 5   4) <--> ( 6   4)       -0.140142      0.001785      0.001511   WU     0.173958      0.147195
 ( 5   1) <--> ( 7   1)       15.453881     21.711132     15.921497   WU  2115.353061   1551.258911
 ( 5   1) <--> ( 7   2)        0.676067      0.041551      0.030471   WU     4.048432      2.968850
 ( 5   1) <--> ( 7   3)        0.269233      0.006590      0.004832   WU     0.642042      0.470831
 ( 5   1) <--> ( 7   4)       -1.042831      0.098863      0.072500   WU     9.632415      7.063771
 ( 5   2) <--> ( 7   1)        2.851736      0.739309      0.542160   WU    72.032147     52.823575
 ( 5   2) <--> ( 7   2)       -2.297938      0.480047      0.352035   WU    46.771829     34.299341
 ( 5   2) <--> ( 7   3)        6.618435      3.982153      2.920245   WU   387.987998    284.524532
 ( 5   2) <--> ( 7   4)        2.378847      0.514447      0.377261   WU    50.123412     36.757169
 ( 5   3) <--> ( 7   1)       -0.311524      0.008822      0.006470   WU     0.859589      0.630365
 ( 5   3) <--> ( 7   2)       -9.934928      8.972981      6.580186   WU   874.253017    641.118879
 ( 5   3) <--> ( 7   3)       -3.303119      0.991872      0.727373   WU    96.639826     70.869206
 ( 5   3) <--> ( 7   4)       -0.187788      0.003206      0.002351   WU     0.312351      0.229058
 ( 5   4) <--> ( 7   1)       -2.303498      0.482373      0.353740   WU    46.998449     34.465529
 ( 5   4) <--> ( 7   2)        2.591502      0.610535      0.447726   WU    59.485479     43.622684
 ( 5   4) <--> ( 7   3)       -7.229236      4.751077      3.484123   WU   462.905660    339.464151
 ( 5   4) <--> ( 7   4)        9.181034      7.662854      5.619426   WU   746.605078    547.510390
 ( 6   1) <--> ( 6   1)       -6.106296     -4.257291   (eb)
 ( 6   2) <--> ( 6   1)        1.670218      0.214587      0.214587   WU    20.907563     20.907563
 ( 6   2) <--> ( 6   2)      -12.407569     -8.650521   (eb)
 ( 6   3) <--> ( 6   1)        1.546595      0.183997      0.183997   WU    17.927107     17.927107
 ( 6   3) <--> ( 6   2)        0.728262      0.040797      0.040797   WU     3.974956      3.974956
 ( 6   3) <--> ( 6   3)       -8.287142     -5.777771   (eb)
 ( 6   4) <--> ( 6   1)        0.481138      0.017807      0.017807   WU     1.734989      1.734989
 ( 6   4) <--> ( 6   2)        3.243621      0.809314      0.809314   WU    78.852834     78.852834
 ( 6   4) <--> ( 6   3)        0.284716      0.006236      0.006236   WU     0.607548      0.607548
 ( 6   4) <--> ( 6   4)      -10.805900     -7.533842   (eb)
 ( 6   1) <--> ( 7   1)        0.173151      0.002306      0.001999   WU     0.224702      0.194742
 ( 6   1) <--> ( 7   2)        0.139386      0.001495      0.001295   WU     0.145612      0.126197
 ( 6   1) <--> ( 7   3)       -0.363400      0.010158      0.008804   WU     0.989752      0.857785
 ( 6   1) <--> ( 7   4)       -0.133089      0.001363      0.001181   WU     0.132752      0.115052
 ( 6   2) <--> ( 7   1)       -0.904161      0.062885      0.054501   WU     6.127016      5.310081
 ( 6   2) <--> ( 7   2)       -0.136845      0.001441      0.001248   WU     0.140351      0.121638
 ( 6   2) <--> ( 7   3)        0.142386      0.001560      0.001352   WU     0.151946      0.131687
 ( 6   2) <--> ( 7   4)       -0.217234      0.003630      0.003146   WU     0.353682      0.306525
 ( 6   3) <--> ( 7   1)       -5.263120      2.130803      1.846696   WU   207.607789    179.926751
 ( 6   3) <--> ( 7   2)        0.810450      0.050525      0.043789   WU     4.922765      4.266396
 ( 6   3) <--> ( 7   3)        1.016587      0.079496      0.068897   WU     7.745448      6.712722
 ( 6   3) <--> ( 7   4)        0.422379      0.013723      0.011894   WU     1.337096      1.158817
 ( 6   4) <--> ( 7   1)        8.418567      5.451713      4.724818   WU   531.169847    460.347200
 ( 6   4) <--> ( 7   2)       -1.897744      0.277033      0.240095   WU    26.991821     23.392912
 ( 6   4) <--> ( 7   3)        0.704371      0.038164      0.033076   WU     3.718431      3.222640
 ( 6   4) <--> ( 7   4)       -0.392146      0.011829      0.010252   WU     1.152530      0.998859
 ( 6   1) <--> ( 8   1)       -6.214011      2.970303      2.271408   WU   289.401729    221.307205
 ( 6   1) <--> ( 8   2)       -6.892177      3.654008      2.794241   WU   356.016279    272.247743
 ( 6   1) <--> ( 8   3)       -0.229891      0.004065      0.003109   WU     0.396097      0.302897
 ( 6   1) <--> ( 8   4)        1.138362      0.099682      0.076227   WU     9.712200      7.426977
 ( 6   2) <--> ( 8   1)       15.748094     19.077114     14.588381   WU  1858.716133   1421.371161
 ( 6   2) <--> ( 8   2)       -7.282934      4.080086      3.120066   WU   397.529868    303.993428
 ( 6   2) <--> ( 8   3)       -0.463757      0.016544      0.012651   WU     1.611898      1.232628
 ( 6   2) <--> ( 8   4)        0.179276      0.002472      0.001891   WU     0.240881      0.184203
 ( 6   3) <--> ( 8   1)       -3.146563      0.761605      0.582404   WU    74.204466     56.744592
 ( 6   3) <--> ( 8   2)        6.052134      2.817563      2.154607   WU   274.520062    209.927106
 ( 6   3) <--> ( 8   3)      -10.866470      9.083089      6.945892   WU   884.981095    676.750249
 ( 6   3) <--> ( 8   4)        8.515302      5.577720      4.265315   WU   543.446906    415.577046
 ( 6   4) <--> ( 8   1)       -0.434516      0.014523      0.011106   WU     1.415042      1.082091
 ( 6   4) <--> ( 8   2)        3.170067      0.773025      0.591137   WU    75.317163     57.595478
 ( 6   4) <--> ( 8   3)       13.321972     13.651918     10.439702   WU  1330.129958   1017.158203
 ( 6   4) <--> ( 8   4)        8.013852      4.940140      3.777754   WU   481.326413    368.073140
 ( 7   1) <--> ( 7   1)      -11.767844     -7.880476   (eb)
 ( 7   2) <--> ( 7   1)        2.723011      0.494319      0.494319   WU    48.162393     48.162393
 ( 7   2) <--> ( 7   2)       -2.860208     -1.915372   (eb)
 ( 7   3) <--> ( 7   1)       -0.203940      0.002773      0.002773   WU     0.270157      0.270157
 ( 7   3) <--> ( 7   2)        1.547562      0.159663      0.159663   WU    15.556253     15.556253
 ( 7   3) <--> ( 7   3)       -6.136590     -4.109440   (eb)
 ( 7   4) <--> ( 7   1)        0.845373      0.047644      0.047644   WU     4.642012      4.642012
 ( 7   4) <--> ( 7   2)       -1.047196      0.073108      0.073108   WU     7.123036      7.123036
 ( 7   4) <--> ( 7   3)        2.446155      0.398912      0.398912   WU    38.866641     38.866641
 ( 7   4) <--> ( 7   4)       -7.307980     -4.893876   (eb)
 ( 7   1) <--> ( 8   1)        2.813828      0.527842      0.465743   WU    51.428540     45.378124
 ( 7   1) <--> ( 8   2)       -1.459889      0.142085      0.125369   WU    13.843595     12.214936
 ( 7   1) <--> ( 8   3)        9.046970      5.456511      4.814569   WU   531.637314    469.091747
 ( 7   1) <--> ( 8   4)        0.090111      0.000541      0.000478   WU     0.052742      0.046537
 ( 7   2) <--> ( 8   1)        0.298353      0.005934      0.005236   WU     0.578189      0.510167
 ( 7   2) <--> ( 8   2)        0.619364      0.025574      0.022565   WU     2.491729      2.198584
 ( 7   2) <--> ( 8   3)        1.407983      0.132161      0.116613   WU    12.876687     11.361783
 ( 7   2) <--> ( 8   4)        0.424599      0.012019      0.010605   WU     1.171029      1.033261
 ( 7   3) <--> ( 8   1)       -0.582798      0.022644      0.019980   WU     2.206205      1.946652
 ( 7   3) <--> ( 8   2)       -1.926416      0.247405      0.218299   WU    24.105115     21.269219
 ( 7   3) <--> ( 8   3)        1.512508      0.152512      0.134570   WU    14.859519     13.111340
 ( 7   3) <--> ( 8   4)       -0.112637      0.000846      0.000746   WU     0.082408      0.072713
 ( 7   4) <--> ( 8   1)        0.001669      0.000000      0.000000   WU     0.000018      0.000016
 ( 7   4) <--> ( 8   2)       -0.613668      0.025106      0.022152   WU     2.446113      2.158335
 ( 7   4) <--> ( 8   3)       -1.082825      0.078167      0.068971   WU     7.615973      6.719976
 ( 7   4) <--> ( 8   4)        1.945109      0.252230      0.222556   WU    24.575199     21.683999
 ( 7   1) <--> ( 9   1)       19.059419     24.217429     19.119023   WU  2359.545956   1862.799439
 ( 7   1) <--> ( 9   2)        0.255141      0.004340      0.003426   WU     0.422832      0.333815
 ( 7   1) <--> ( 9   3)       -0.975886      0.063490      0.050124   WU     6.185969      4.883660
 ( 7   1) <--> ( 9   4)       -0.086990      0.000504      0.000398   WU     0.049153      0.038805
 ( 7   2) <--> ( 9   1)       -0.203438      0.002759      0.002178   WU     0.268826      0.212231
 ( 7   2) <--> ( 9   2)       14.893161     14.787083     11.674013   WU  1440.731073   1137.419268
 ( 7   2) <--> ( 9   3)        2.752016      0.504906      0.398610   WU    49.193876     38.837271
 ( 7   2) <--> ( 9   4)       -1.080993      0.077903      0.061502   WU     7.590231      5.992288
 ( 7   3) <--> ( 9   1)        2.546776      0.432404      0.341372   WU    42.129914     33.260458
 ( 7   3) <--> ( 9   2)        4.044278      1.090412      0.860852   WU   106.240741     83.874269
 ( 7   3) <--> ( 9   3)      -11.803638      9.288392      7.332941   WU   904.984028    714.461075
 ( 7   3) <--> ( 9   4)       -0.440061      0.012910      0.010192   WU     1.257868      0.993054
 ( 7   4) <--> ( 9   1)       -2.062790      0.283674      0.223953   WU    27.638810     21.820113
 ( 7   4) <--> ( 9   2)        0.852594      0.048461      0.038259   WU     4.721647      3.727616
 ( 7   4) <--> ( 9   3)        9.674020      6.239111      4.925614   WU   607.887376    479.911086
 ( 7   4) <--> ( 9   4)        0.480272      0.015377      0.012140   WU     1.498245      1.182825
 ( 8   1) <--> ( 8   1)      -13.827650     -8.907717   (eb)
 ( 8   2) <--> ( 8   1)        2.663924      0.417441      0.417441   WU    40.671964     40.671964
 ( 8   2) <--> ( 8   2)       -8.940308     -5.759311   (eb)
 ( 8   3) <--> ( 8   1)        2.414417      0.342907      0.342907   WU    33.409976     33.409976
 ( 8   3) <--> ( 8   2)       -0.692647      0.028221      0.028221   WU     2.749640      2.749640
 ( 8   3) <--> ( 8   3)      -13.599997     -8.761064   (eb)
 ( 8   4) <--> ( 8   1)        0.980264      0.056525      0.056525   WU     5.507288      5.507288
 ( 8   4) <--> ( 8   2)       -3.153663      0.585035      0.585035   WU    57.000936     57.000936
 ( 8   4) <--> ( 8   3)       -1.411889      0.117261      0.117261   WU    11.424910     11.424910
 ( 8   4) <--> ( 8   4)      -12.189107     -7.852174   (eb)
 ( 8   1) <--> ( 9   1)       -0.592143      0.020625      0.018454   WU     2.009575      1.798041
 ( 8   1) <--> ( 9   2)       -0.158818      0.001484      0.001328   WU     0.144561      0.129344
 ( 8   1) <--> ( 9   3)       -0.306669      0.005532      0.004950   WU     0.539002      0.482265
 ( 8   1) <--> ( 9   4)        0.000765      0.000000      0.000000   WU     0.000003      0.000003
 ( 8   2) <--> ( 9   1)        0.154722      0.001408      0.001260   WU     0.137200      0.122758
 ( 8   2) <--> ( 9   2)        0.099846      0.000586      0.000525   WU     0.057136      0.051122
 ( 8   2) <--> ( 9   3)       -0.185229      0.002018      0.001806   WU     0.196638      0.175940
 ( 8   2) <--> ( 9   4)       -0.001408      0.000000      0.000000   WU     0.000011      0.000010
 ( 8   3) <--> ( 9   1)        8.900150      4.659569      4.169088   WU   453.989834    406.201431
 ( 8   3) <--> ( 9   2)       -1.783270      0.187062      0.167371   WU    18.225762     16.307261
 ( 8   3) <--> ( 9   3)       -0.441025      0.011441      0.010237   WU     1.114753      0.997411
 ( 8   3) <--> ( 9   4)        0.062190      0.000228      0.000204   WU     0.022166      0.019833
 ( 8   4) <--> ( 9   1)        1.835149      0.198104      0.177251   WU    19.301645     17.269893
 ( 8   4) <--> ( 9   2)       -0.244632      0.003520      0.003150   WU     0.342988      0.306884
 ( 8   4) <--> ( 9   3)       -0.875533      0.045092      0.040345   WU     4.393353      3.930895
 ( 8   4) <--> ( 9   4)       -0.031882      0.000060      0.000053   WU     0.005826      0.005212
 ( 8   1) <--> (10   1)      -19.421758     22.188511     17.962128   WU  2161.864960   1750.081158
 ( 8   1) <--> (10   2)       -0.943950      0.052414      0.042431   WU     5.106809      4.134084
 ( 8   1) <--> (10   3)        0.929957      0.050872      0.041182   WU     4.956527      4.012426
 ( 8   1) <--> (10   4)       -1.104946      0.071818      0.058138   WU     6.997355      5.664526
 ( 8   2) <--> (10   1)        7.098850      2.964334      2.399699   WU   288.820136    233.806777
 ( 8   2) <--> (10   2)       -3.690170      0.801021      0.648445   WU    78.044839     63.179155
 ( 8   2) <--> (10   3)       11.132541      7.290204      5.901594   WU   710.297188    575.002485
 ( 8   2) <--> (10   4)       -3.064492      0.552418      0.447196   WU    53.823054     43.571044
 ( 8   3) <--> (10   1)       -2.320406      0.316723      0.256394   WU    30.858821     24.980950
 ( 8   3) <--> (10   2)       19.625209     22.655814     18.340421   WU  2207.395041   1786.938843
 ( 8   3) <--> (10   3)        4.889758      1.406455      1.138559   WU   137.033351    110.931760
 ( 8   3) <--> (10   4)       -0.525689      0.016256      0.013159   WU     1.583834      1.282152
 ( 8   4) <--> (10   1)        2.770732      0.451585      0.365569   WU    43.998754     35.618039
 ( 8   4) <--> (10   2)       -2.039944      0.244786      0.198160   WU    23.849971     19.307120
 ( 8   4) <--> (10   3)       10.855358      6.931694      5.611371   WU   675.366875    546.725565
 ( 8   4) <--> (10   4)       13.175186     10.210913      8.265978   WU   994.866930    805.368467
 ( 9   1) <--> ( 9   1)      -14.584936     -9.055526   (eb)
 ( 9   2) <--> ( 9   1)        3.070008      0.496050      0.496050   WU    48.330997     48.330997
 ( 9   2) <--> ( 9   2)       -8.101617     -5.030149   (eb)
 ( 9   3) <--> ( 9   1)        1.273391      0.085343      0.085343   WU     8.315152      8.315152
 ( 9   3) <--> ( 9   2)       -0.298870      0.004701      0.004701   WU     0.458048      0.458048
 ( 9   3) <--> ( 9   3)      -10.920142     -6.780121   (eb)
 ( 9   4) <--> ( 9   1)       -0.026692      0.000037      0.000037   WU     0.003654      0.003654
 ( 9   4) <--> ( 9   2)       -3.297926      0.572438      0.572438   WU    55.773577     55.773577
 ( 9   4) <--> ( 9   3)       -0.650957      0.022302      0.022302   WU     2.172956      2.172956
 ( 9   4) <--> ( 9   4)        2.610401      1.620752   (eb)
 ( 9   1) <--> (10   1)       -3.796555      0.758623      0.686373   WU    73.913920     66.874499
 ( 9   1) <--> (10   2)        7.931700      3.311151      2.995803   WU   322.611143    291.886272
 ( 9   1) <--> (10   3)        1.400638      0.103252      0.093418   WU    10.060021      9.101924
 ( 9   1) <--> (10   4)       -0.165681      0.001445      0.001307   WU     0.140764      0.127358
 ( 9   2) <--> (10   1)       -0.213323      0.002395      0.002167   WU     0.233358      0.211133
 ( 9   2) <--> (10   2)        2.166624      0.247066      0.223536   WU    24.072096     21.779515
 ( 9   2) <--> (10   3)        1.136067      0.067929      0.061459   WU     6.618424      5.988098
 ( 9   2) <--> (10   4)        0.503349      0.013335      0.012065   WU     1.299229      1.175493
 ( 9   3) <--> (10   1)       -0.273997      0.003951      0.003575   WU     0.384980      0.348315
 ( 9   3) <--> (10   2)       -1.932157      0.196486      0.177773   WU    19.143959     17.320725
 ( 9   3) <--> (10   3)        1.990484      0.208528      0.188668   WU    20.317220     18.382247
 ( 9   3) <--> (10   4)        0.153372      0.001238      0.001120   WU     0.120626      0.109138
 ( 9   4) <--> (10   1)       -0.000278      0.000000      0.000000   WU     0.000000      0.000000
 ( 9   4) <--> (10   2)       -0.078220      0.000322      0.000291   WU     0.031375      0.028387
 ( 9   4) <--> (10   3)        0.024433      0.000031      0.000028   WU     0.003061      0.002770
 ( 9   4) <--> (10   4)        0.213586      0.002401      0.002172   WU     0.233933      0.211653
 (10   1) <--> (10   1)      -16.259930     -9.749347   (eb)
 (10   2) <--> (10   1)       -2.098812      0.209762      0.209762   WU    20.437515     20.437515
 (10   2) <--> (10   2)      -15.660110     -9.389699   (eb)
 (10   3) <--> (10   1)       -2.724306      0.353421      0.353421   WU    34.434432     34.434432
 (10   3) <--> (10   2)       -1.961849      0.183279      0.183279   WU    17.857155     17.857155
 (10   3) <--> (10   3)      -13.149581     -7.884402   (eb)
 (10   4) <--> (10   1)       -0.613970      0.017950      0.017950   WU     1.748941      1.748941
 (10   4) <--> (10   2)       -0.219186      0.002288      0.002288   WU     0.222897      0.222897
 (10   4) <--> (10   3)       -4.093815      0.798063      0.798063   WU    77.756654     77.756654
 (10   4) <--> (10   4)      -13.075470     -7.839966   (eb)
 
  quadrupole shape invariant: 01+, 02+, 03+, 04+
quadr2     9.13179133    19.37562165    44.53569855    24.44908640
quadr3    23.44527805    90.17623081   309.89018816   141.44755418
  effective deformation parameters:  01+, 02+, 03+, 04+
beteff     0.21146942     0.30803312     0.46700736     0.34601976
cos3ga     0.84961353     1.05732527     1.04266651     1.17004210
 
 ********* END Transition **************************
