 ********* BEGIN READER ****************************
 
 Nucleus            :  Ra  88 184
 Imin, Imax         :     0  10
 imu, remu          :     1 12.0000
 nlevel             :     4
 observables        :     2
 wave fun           :     1
 nbet, ngam, npar   :    10   7  10
 Finish reading parameters: V, B_k ...
 
 ********* END READER ******************************
 
 ********* BEGIN LEVELS ********************
 
 E_0 = -1907.098039
 
  I=   0   ntot= 127
   0   1    0.000000
   0   2    4.009460
   0   3    6.711245
   0   4    7.184931
 
  I=   2   ntot= 234
   2   1    2.701649
   2   2    4.963356
   2   3    5.907665
   2   4    7.478455
 
  I=   3   ntot= 108
   3   1    7.246537
   3   2    9.281496
   3   3   10.957139
   3   4   12.067133
 
  I=   4   ntot= 324
   4   1    5.283916
   4   2    7.151819
   4   3    7.882802
   4   4    9.020054
 
  I=   5   ntot= 198
   5   1    9.241780
   5   2   10.762512
   5   3   10.987903
   5   4   12.049671
 
  I=   6   ntot= 432
   6   1    7.579220
   6   2    9.173336
   6   3    9.743790
   6   4   10.720462
 
  I=   7   ntot= 306
   7   1   10.980531
   7   2   12.203621
   7   3   12.408347
   7   4   12.451847
 
  I=   8   ntot= 522
   8   1    9.571772
   8   2   10.981108
   8   3   11.406630
   8   4   11.606862
 
  I=   9   ntot= 397
   9   1   12.473204
   9   2   12.648425
   9   3   13.253763
   9   4   13.453761
 
  I=  10   ntot= 630
  10   1   11.314551
  10   2   11.854882
  10   3   12.461344
  10   4   12.776875
 
 ********* END LEVELS **********************
 
 ********* BEGIN Transition ************************
 
  Monopole moment 
 
   I   n    <In|E0|In>   ave \beta      del<b>   ave \gamma    del<g>  
     K=0       K=2       K=4   
   0   1     35.682307    0.066812    0.026689   26.693460    8.380815  100.0000    0.0000    0.0000
   0   2     35.830584    0.098502    0.038919   30.867569   13.172888  100.0000    0.0000    0.0000
   0   3     35.987648    0.123240    0.045844   35.966377   12.143960   99.9999    0.0000    0.0000
   0   4     35.896426    0.117488    0.039634   23.601330   13.717522  100.0000    0.0000    0.0000
   2   1     35.734701    0.079951    0.028369   27.368739   10.411881   70.8301   29.1699    0.0000
   2   2     35.808832    0.094702    0.028772   29.912859   11.359658   32.0033   67.9967    0.0000
   2   3     35.894051    0.111559    0.039440   29.961813   12.713971   66.9727   33.0272    0.0000
   2   4     35.989837    0.126647    0.040268   32.468989   12.496166   36.3858   63.6141    0.0000
   3   1     35.883437    0.110764    0.027428   27.971756    7.164538    0.0000  100.0000    0.0000
   3   2     36.078607    0.144036    0.043102   30.619095    9.052519    0.0000  100.0000    0.0000
   3   3     36.379245    0.192190    0.058401   32.247512    8.563194    0.0000  100.0000    0.0000
   3   4     38.271565    0.436368    0.131445   13.937103   13.588956    0.0000   99.9998    0.0000
   4   1     35.807720    0.095160    0.026315   28.615714   11.025188   55.5917   30.8274   13.5809
   4   2     35.916094    0.112748    0.031272   33.475805   12.134532   39.8275   23.9360   36.2365
   4   3     35.963598    0.126053    0.038982   28.207146   11.887781   58.6460   23.7156   17.6384
   4   4     36.038508    0.133945    0.036746   33.922621   11.556488   18.4133   29.2938   52.2929
   5   1     36.001887    0.131211    0.030062   28.969003    8.180460    0.0000   69.7846   30.2154
   5   2     36.165452    0.157055    0.040376   31.731589    8.254383    0.0000   30.0353   69.9647
   5   3     36.214455    0.168467    0.048972   29.096903    8.286608    0.0000   70.4234   29.5766
   5   4     36.599689    0.225123    0.072912   32.887681    9.227377    0.0000   32.5963   67.4037
   6   1     35.910461    0.113501    0.027696   30.432506   11.409642   43.9027   34.6014   13.2368
   6   2     36.038774    0.132750    0.035959   35.171066   12.021287   39.9703   19.7115   19.0112
   6   3     36.072281    0.145486    0.042692   28.114594   11.334043   53.0993   22.1936   12.3225
   6   4     36.218179    0.161601    0.046483   37.332278   10.839390   25.4406   22.1921   12.5223
   7   1     36.154378    0.155614    0.035357   29.993434    8.419965    0.0000   52.3575   36.2051
   7   2     36.459708    0.202580    0.059047   33.471130    8.373019    0.0000   32.4141   35.2784
   7   3     39.291129    0.531785    0.074699    9.243032    7.898566    0.0000   97.8186    0.9534
   7   4     36.564296    0.230277    0.140439   20.889069   16.275041    0.0000   59.7181   17.8414
   8   1     36.037664    0.134205    0.029946   31.769369   10.474977   36.4689   36.4327   15.0494
   8   2     36.221434    0.161752    0.045004   37.114060   10.296323   33.9874   23.5188   16.7369
   8   3     36.213250    0.168661    0.049585   28.157663   10.468294   48.6004   21.5012   10.5584
   8   4     39.598626    0.559425    0.050845    5.786823    7.435838   99.8864    0.1063    0.0018
   9   1     36.373795    0.189101    0.046545   31.061546    8.939348    0.0000   38.5467   38.2891
   9   2     39.480226    0.547186    0.053131    8.858970    6.905477    0.0000   99.6523    0.3254
   9   3     37.436955    0.332868    0.108031   26.281610   13.033702    0.0000   29.9112   39.7628
   9   4     38.428117    0.449779    0.123050   14.682737   11.230685    0.0000   24.8483   58.4537
  10   1     36.199997    0.159500    0.035936   32.822260    9.843222   31.5083   37.2270   16.8054
  10   2     39.618455    0.561142    0.050538    5.739179    7.366770   99.7670    0.2264    0.0014
  10   3     36.546511    0.212125    0.063122   37.054021    9.334111   26.5064   30.2184   18.4150
  10   4     39.431809    0.543150    0.060448    9.064969    7.700826    3.9426   95.1004    0.5935
 
  rho^2(E0) 
 
   I  n_1 n_2  <In_1|E0|In_2>  rho^2(E0) 
   0   1   1       35.682307 2698.076371
   0   2   1        0.053752    0.006123
   0   2   2       35.830584 2720.546550
   0   3   1       -0.019629    0.000816
   0   3   2        0.100203    0.021277
   0   3   3       35.987648 2744.449942
   0   4   1        0.001481    0.000005
   0   4   2        0.035269    0.002636
   0   4   3        0.078717    0.013131
   0   4   4       35.896426 2730.554227
   2   1   1       35.734701 2706.005601
   2   2   1       -0.028770    0.001754
   2   2   2       35.808832 2717.244277
   2   3   1        0.063663    0.008589
   2   3   2       -0.041044    0.003570
   2   3   3       35.894051 2730.192826
   2   4   1        0.014277    0.000432
   2   4   2        0.094256    0.018826
   2   4   3       -0.039639    0.003330
   2   4   4       35.989837 2744.783737
   3   1   1       35.883437 2728.578522
   3   2   1        0.126255    0.033779
   3   2   2       36.078607 2758.340664
   3   3   1       -0.016304    0.000563
   3   3   2        0.217160    0.099933
   3   3   3       36.379245 2804.501984
   3   4   1        0.004217    0.000038
   3   4   2       -0.029916    0.001897
   3   4   3        0.213901    0.096956
   3   4   4       38.271565 3103.850770
   4   1   1       35.807720 2717.075581
   4   2   1       -0.065024    0.008960
   4   2   2       35.916094 2733.547170
   4   3   1        0.073372    0.011408
   4   3   2       -0.061196    0.007936
   4   3   3       35.963598 2740.782932
   4   4   1       -0.010923    0.000253
   4   4   2       -0.095323    0.019255
   4   4   3        0.016465    0.000574
   4   4   4       36.038508 2752.212652
   5   1   1       36.001887 2746.622160
   5   2   1       -0.097269    0.020049
   5   2   2       36.165452 2771.635851
   5   3   1        0.133669    0.037863
   5   3   2       -0.058264    0.007194
   5   3   3       36.214455 2779.151876
   5   4   1        0.024784    0.001302
   5   4   2        0.217803    0.100526
   5   4   3       -0.135731    0.039040
   5   4   4       36.599689 2838.593341
   6   1   1       35.910461 2732.689757
   6   2   1       -0.104833    0.023289
   6   2   2       36.038774 2752.253342
   6   3   1        0.085327    0.015428
   6   3   2       -0.074831    0.011866
   6   3   3       36.072281 2757.373422
   6   4   1        0.015627    0.000517
   6   4   2        0.159644    0.054007
   6   4   3       -0.032407    0.002225
   6   4   4       36.218179 2779.723595
   7   1   1       36.154378 2769.938707
   7   2   1       -0.177758    0.066959
   7   2   2       36.459708 2816.921618
   7   3   1        0.019865    0.000836
   7   3   2       -0.085846    0.015617
   7   3   3       39.291129 3271.428179
   7   4   1        0.106308    0.023948
   7   4   2       -0.100469    0.021390
   7   4   3       -0.662098    0.928950
   7   4   4       36.564296 2833.105931
   8   1   1       36.037664 2752.083679
   8   2   1       -0.154577    0.050634
   8   2   2       36.221434 2780.223208
   8   3   1        0.083297    0.014703
   8   3   2       -0.098800    0.020685
   8   3   3       36.213250 2778.967015
   8   4   1        0.000948    0.000002
   8   4   2       -0.000764    0.000001
   8   4   3       -0.021044    0.000938
   8   4   4       39.598626 3322.833747
   9   1   1       36.373795 2803.661770
   9   2   1       -0.055082    0.006429
   9   2   2       39.480226 3302.992874
   9   3   1       -0.247754    0.130074
   9   3   2       -0.169069    0.060573
   9   3   3       37.436955 2969.951952
   9   4   1       -0.088446    0.016577
   9   4   2        0.188672    0.075433
   9   4   3       -0.719213    1.096133
   9   4   4       38.428117 3129.295572
  10   1   1       36.199997 2776.933373
  10   2   1        0.003221    0.000022
  10   2   2       39.618455 3326.162462
  10   3   1       -0.216011    0.098878
  10   3   2        0.011791    0.000295
  10   3   3       36.546511 2830.350563
  10   4   1       -0.001616    0.000006
  10   4   2       -0.075923    0.012215
  10   4   3       -0.084925    0.015283
  10   4   4       39.431809 3294.896544
 
  E2 transition 
 
  I1  n1        I2  n2       <f||E2||i>   B(E2,I1->I2)  B(E2,I2->I1)
 ( 0   1) <--> ( 2   1)        0.837627      0.701619      0.140324   WU    67.022874     13.404575
 ( 0   1) <--> ( 2   2)        0.216311      0.046791      0.009358   WU     4.469716      0.893943
 ( 0   1) <--> ( 2   3)       -0.053065      0.002816      0.000563   WU     0.268995      0.053799
 ( 0   1) <--> ( 2   4)       -0.084177      0.007086      0.001417   WU     0.676871      0.135374
 ( 0   2) <--> ( 2   1)        0.497338      0.247345      0.049469   WU    23.627844      4.725569
 ( 0   2) <--> ( 2   2)       -0.265983      0.070747      0.014149   WU     6.758193      1.351639
 ( 0   2) <--> ( 2   3)        0.976180      0.952927      0.190585   WU    91.029264     18.205853
 ( 0   2) <--> ( 2   4)        0.292715      0.085682      0.017136   WU     8.184843      1.636969
 ( 0   3) <--> ( 2   1)       -0.155889      0.024301      0.004860   WU     2.321414      0.464283
 ( 0   3) <--> ( 2   2)       -0.430762      0.185556      0.037111   WU    17.725439      3.545088
 ( 0   3) <--> ( 2   3)        0.523607      0.274164      0.054833   WU    26.189825      5.237965
 ( 0   3) <--> ( 2   4)       -0.423049      0.178971      0.035794   WU    17.096370      3.419274
 ( 0   4) <--> ( 2   1)        0.111304      0.012389      0.002478   WU     1.183430      0.236686
 ( 0   4) <--> ( 2   2)        0.434087      0.188431      0.037686   WU    18.000076      3.600015
 ( 0   4) <--> ( 2   3)        0.597168      0.356610      0.071322   WU    34.065484      6.813097
 ( 0   4) <--> ( 2   4)        0.045244      0.002047      0.000409   WU     0.195546      0.039109
 ( 2   1) <--> ( 2   1)       -0.184830     -0.140089   (eb)
 ( 2   2) <--> ( 2   1)       -1.123302      0.252362      0.252362   WU    24.107087     24.107087
 ( 2   2) <--> ( 2   2)        0.411909      0.312199   (eb)
 ( 2   3) <--> ( 2   1)       -0.384628      0.029588      0.029588   WU     2.826405      2.826405
 ( 2   3) <--> ( 2   2)       -0.511870      0.052402      0.052402   WU     5.005769      5.005769
 ( 2   3) <--> ( 2   3)       -0.244422     -0.185256   (eb)
 ( 2   4) <--> ( 2   1)        0.129497      0.003354      0.003354   WU     0.320382      0.320382
 ( 2   4) <--> ( 2   2)        0.283931      0.016123      0.016123   WU     1.540200      1.540200
 ( 2   4) <--> ( 2   3)       -1.353998      0.366662      0.366662   WU    35.025748     35.025748
 ( 2   4) <--> ( 2   4)        0.372031      0.281975   (eb)
 ( 2   1) <--> ( 3   1)        0.286919      0.016464      0.011760   WU     1.572784      1.123417
 ( 2   1) <--> ( 3   2)       -0.127848      0.003269      0.002335   WU     0.312277      0.223055
 ( 2   1) <--> ( 3   3)        0.059148      0.000700      0.000500   WU     0.066839      0.047742
 ( 2   1) <--> ( 3   4)       -0.018574      0.000069      0.000049   WU     0.006591      0.004708
 ( 2   2) <--> ( 3   1)       -1.437174      0.413094      0.295067   WU    39.461191     28.186565
 ( 2   2) <--> ( 3   2)        0.216449      0.009370      0.006693   WU     0.895081      0.639344
 ( 2   2) <--> ( 3   3)       -0.059961      0.000719      0.000514   WU     0.068690      0.049065
 ( 2   2) <--> ( 3   4)        0.012179      0.000030      0.000021   WU     0.002834      0.002024
 ( 2   3) <--> ( 3   1)       -0.257913      0.013304      0.009503   WU     1.270861      0.907758
 ( 2   3) <--> ( 3   2)        0.425550      0.036218      0.025870   WU     3.459807      2.471291
 ( 2   3) <--> ( 3   3)       -0.203992      0.008323      0.005945   WU     0.795016      0.567869
 ( 2   3) <--> ( 3   4)        0.068528      0.000939      0.000671   WU     0.089719      0.064085
 ( 2   4) <--> ( 3   1)       -0.913134      0.166763      0.119116   WU    15.930186     11.378704
 ( 2   4) <--> ( 3   2)       -1.591364      0.506488      0.361777   WU    48.382777     34.559127
 ( 2   4) <--> ( 3   3)        0.225520      0.010172      0.007266   WU     0.971674      0.694053
 ( 2   4) <--> ( 3   4)       -0.050831      0.000517      0.000369   WU     0.049365      0.035260
 ( 2   1) <--> ( 4   1)        1.539869      0.474239      0.263466   WU    45.302176     25.167876
 ( 2   1) <--> ( 4   2)        0.422147      0.035642      0.019801   WU     3.404698      1.891499
 ( 2   1) <--> ( 4   3)       -0.094211      0.001775      0.000986   WU     0.169574      0.094208
 ( 2   1) <--> ( 4   4)        0.110348      0.002435      0.001353   WU     0.232637      0.129243
 ( 2   2) <--> ( 4   1)       -0.222561      0.009907      0.005504   WU     0.946344      0.525747
 ( 2   2) <--> ( 4   2)        1.337023      0.357526      0.198626   WU    34.153019     18.973900
 ( 2   2) <--> ( 4   3)        0.307088      0.018861      0.010478   WU     1.801682      1.000934
 ( 2   2) <--> ( 4   4)        0.453364      0.041108      0.022838   WU     3.926861      2.181590
 ( 2   3) <--> ( 4   1)        0.945204      0.178682      0.099268   WU    17.068784      9.482658
 ( 2   3) <--> ( 4   2)       -0.515426      0.053133      0.029518   WU     5.075560      2.819756
 ( 2   3) <--> ( 4   3)        1.708828      0.584018      0.324455   WU    55.788936     30.993853
 ( 2   3) <--> ( 4   4)       -0.174330      0.006078      0.003377   WU     0.580627      0.322570
 ( 2   4) <--> ( 4   1)        0.120998      0.002928      0.001627   WU     0.279709      0.155394
 ( 2   4) <--> ( 4   2)        0.801136      0.128364      0.071313   WU    12.262081      6.812267
 ( 2   4) <--> ( 4   3)        0.031526      0.000199      0.000110   WU     0.018989      0.010549
 ( 2   4) <--> ( 4   4)       -0.886375      0.157132      0.087296   WU    15.010205      8.339003
 ( 3   1) <--> ( 3   1)        0.000000      0.000000   (eb)
 ( 3   2) <--> ( 3   1)        0.000000      0.000000      0.000000   WU     0.000000      0.000000
 ( 3   2) <--> ( 3   2)        0.000000      0.000000   (eb)
 ( 3   3) <--> ( 3   1)        0.000000      0.000000      0.000000   WU     0.000000      0.000000
 ( 3   3) <--> ( 3   2)        0.000000      0.000000      0.000000   WU     0.000000      0.000000
 ( 3   3) <--> ( 3   3)        0.000000      0.000000   (eb)
 ( 3   4) <--> ( 3   1)        0.000000      0.000000      0.000000   WU     0.000000      0.000000
 ( 3   4) <--> ( 3   2)        0.000000      0.000000      0.000000   WU     0.000000      0.000000
 ( 3   4) <--> ( 3   3)        0.000000      0.000000      0.000000   WU     0.000000      0.000000
 ( 3   4) <--> ( 3   4)        0.000000      0.000000   (eb)
 ( 3   1) <--> ( 4   1)        0.973132      0.135284      0.105221   WU    12.923100     10.051300
 ( 3   1) <--> ( 4   2)       -0.357842      0.018293      0.014228   WU     1.747459      1.359135
 ( 3   1) <--> ( 4   3)        0.370297      0.019589      0.015236   WU     1.871211      1.455387
 ( 3   1) <--> ( 4   4)       -1.315430      0.247194      0.192262   WU    23.613430     18.366001
 ( 3   2) <--> ( 4   1)       -0.154450      0.003408      0.002651   WU     0.325535      0.253194
 ( 3   2) <--> ( 4   2)       -0.509571      0.037095      0.028851   WU     3.543505      2.756059
 ( 3   2) <--> ( 4   3)        1.017505      0.147902      0.115035   WU    14.128530     10.988856
 ( 3   2) <--> ( 4   4)       -0.612961      0.053674      0.041747   WU     5.127305      3.987904
 ( 3   3) <--> ( 4   1)        0.051945      0.000385      0.000300   WU     0.036822      0.028639
 ( 3   3) <--> ( 4   2)        0.151561      0.003282      0.002552   WU     0.313471      0.243811
 ( 3   3) <--> ( 4   3)       -0.083260      0.000990      0.000770   WU     0.094601      0.073579
 ( 3   3) <--> ( 4   4)        0.180412      0.004650      0.003617   WU     0.444176      0.345470
 ( 3   4) <--> ( 4   1)       -0.013060      0.000024      0.000019   WU     0.002328      0.001810
 ( 3   4) <--> ( 4   2)       -0.046261      0.000306      0.000238   WU     0.029205      0.022715
 ( 3   4) <--> ( 4   3)        0.016544      0.000039      0.000030   WU     0.003735      0.002905
 ( 3   4) <--> ( 4   4)       -0.041924      0.000251      0.000195   WU     0.023986      0.018656
 ( 3   1) <--> ( 5   1)        1.845749      0.486684      0.309708   WU    46.490976     29.585167
 ( 3   1) <--> ( 5   2)        0.510990      0.037302      0.023737   WU     3.563271      2.267536
 ( 3   1) <--> ( 5   3)       -0.132647      0.002514      0.001600   WU     0.240114      0.152800
 ( 3   1) <--> ( 5   4)       -0.230104      0.007564      0.004813   WU     0.722555      0.459808
 ( 3   2) <--> ( 5   1)        1.166057      0.194241      0.123608   WU    18.555105     11.807794
 ( 3   2) <--> ( 5   2)       -0.822978      0.096756      0.061572   WU     9.242728      5.881736
 ( 3   2) <--> ( 5   3)        1.806999      0.466464      0.296840   WU    44.559399     28.355981
 ( 3   2) <--> ( 5   4)        0.576990      0.047560      0.030265   WU     4.543176      2.891112
 ( 3   3) <--> ( 5   1)        0.110876      0.001756      0.001118   WU     0.167765      0.106759
 ( 3   3) <--> ( 5   2)       -0.827899      0.097917      0.062311   WU     9.353597      5.952289
 ( 3   3) <--> ( 5   3)        1.773719      0.449440      0.286007   WU    42.933216     27.321138
 ( 3   3) <--> ( 5   4)       -1.519244      0.329729      0.209828   WU    31.497696     20.043988
 ( 3   4) <--> ( 5   1)       -0.024224      0.000084      0.000053   WU     0.008008      0.005096
 ( 3   4) <--> ( 5   2)       -0.076471      0.000835      0.000532   WU     0.079802      0.050783
 ( 3   4) <--> ( 5   3)        0.061246      0.000536      0.000341   WU     0.051189      0.032575
 ( 3   4) <--> ( 5   4)       -1.736893      0.430971      0.274254   WU    41.168926     26.198408
 ( 4   1) <--> ( 4   1)       -0.208056     -0.156894   (eb)
 ( 4   2) <--> ( 4   1)       -1.163459      0.150404      0.150404   WU    14.367506     14.367506
 ( 4   2) <--> ( 4   2)        0.486380      0.366777   (eb)
 ( 4   3) <--> ( 4   1)       -0.717271      0.057164      0.057164   WU     5.460672      5.460672
 ( 4   3) <--> ( 4   2)       -0.446200      0.022122      0.022122   WU     2.113184      2.113184
 ( 4   3) <--> ( 4   3)       -0.539078     -0.406516   (eb)
 ( 4   4) <--> ( 4   1)        0.078990      0.000693      0.000693   WU     0.066225      0.066225
 ( 4   4) <--> ( 4   2)       -1.519777      0.256636      0.256636   WU    24.515399     24.515399
 ( 4   4) <--> ( 4   3)        0.382176      0.016229      0.016229   WU     1.550269      1.550269
 ( 4   4) <--> ( 4   4)        1.165560      0.878944   (eb)
 ( 4   1) <--> ( 5   1)        0.401721      0.017931      0.014671   WU     1.712889      1.401454
 ( 4   1) <--> ( 5   2)        0.086202      0.000826      0.000676   WU     0.078871      0.064531
 ( 4   1) <--> ( 5   3)       -0.173937      0.003362      0.002750   WU     0.321118      0.262733
 ( 4   1) <--> ( 5   4)       -0.072788      0.000589      0.000482   WU     0.056234      0.046010
 ( 4   2) <--> ( 5   1)       -1.208061      0.162157      0.132674   WU    15.490196     12.673797
 ( 4   2) <--> ( 5   2)        0.169110      0.003178      0.002600   WU     0.303542      0.248352
 ( 4   2) <--> ( 5   3)        0.210068      0.004903      0.004012   WU     0.468382      0.383222
 ( 4   2) <--> ( 5   4)       -0.075523      0.000634      0.000519   WU     0.060539      0.049532
 ( 4   3) <--> ( 5   1)       -0.406797      0.018387      0.015044   WU     1.756444      1.437090
 ( 4   3) <--> ( 5   2)       -0.184220      0.003771      0.003085   WU     0.360207      0.294715
 ( 4   3) <--> ( 5   3)        0.458187      0.023326      0.019085   WU     2.228257      1.823119
 ( 4   3) <--> ( 5   4)        0.169020      0.003174      0.002597   WU     0.303219      0.248088
 ( 4   4) <--> ( 5   1)        0.532112      0.031460      0.025740   WU     3.005285      2.458870
 ( 4   4) <--> ( 5   2)       -2.199241      0.537407      0.439697   WU    51.336339     42.002459
 ( 4   4) <--> ( 5   3)       -0.362694      0.014616      0.011959   WU     1.396236      1.142375
 ( 4   4) <--> ( 5   4)        0.253516      0.007141      0.005843   WU     0.682168      0.558138
 ( 4   1) <--> ( 6   1)        2.285268      0.580272      0.401727   WU    55.431098     38.375375
 ( 4   1) <--> ( 6   2)        0.647409      0.046571      0.032241   WU     4.448733      3.079892
 ( 4   1) <--> ( 6   3)       -0.129673      0.001868      0.001293   WU     0.178475      0.123560
 ( 4   1) <--> ( 6   4)       -0.216206      0.005194      0.003596   WU     0.496153      0.343491
 ( 4   2) <--> ( 6   1)       -0.701019      0.054603      0.037802   WU     5.216006      3.611081
 ( 4   2) <--> ( 6   2)        2.176153      0.526182      0.364280   WU    50.264104     34.798226
 ( 4   2) <--> ( 6   3)        0.340768      0.012903      0.008933   WU     1.232529      0.853289
 ( 4   2) <--> ( 6   4)       -0.687154      0.052464      0.036322   WU     5.011720      3.469652
 ( 4   3) <--> ( 6   1)        1.344823      0.200950      0.139119   WU    19.195927     13.289488
 ( 4   3) <--> ( 6   2)       -0.486689      0.026318      0.018220   WU     2.514095      1.740528
 ( 4   3) <--> ( 6   3)        2.528835      0.710556      0.491924   WU    67.876614     46.991502
 ( 4   3) <--> ( 6   4)        0.200889      0.004484      0.003104   WU     0.428345      0.296546
 ( 4   4) <--> ( 6   1)       -0.304248      0.010285      0.007121   WU     0.982502      0.680194
 ( 4   4) <--> ( 6   2)       -0.749063      0.062344      0.043161   WU     5.955462      4.123012
 ( 4   4) <--> ( 6   3)       -0.127624      0.001810      0.001253   WU     0.172880      0.119686
 ( 4   4) <--> ( 6   4)       -2.041683      0.463163      0.320652   WU    44.244141     30.630559
 ( 5   1) <--> ( 5   1)       -0.109017     -0.079160   (eb)
 ( 5   2) <--> ( 5   1)       -1.322135      0.158913      0.158913   WU    15.180303     15.180303
 ( 5   2) <--> ( 5   2)        0.791018      0.574380   (eb)
 ( 5   3) <--> ( 5   1)       -0.769955      0.053894      0.053894   WU     5.148243      5.148243
 ( 5   3) <--> ( 5   2)       -0.441358      0.017709      0.017709   WU     1.691654      1.691654
 ( 5   3) <--> ( 5   3)       -0.707565     -0.513782   (eb)
 ( 5   4) <--> ( 5   1)        0.099122      0.000893      0.000893   WU     0.085323      0.085323
 ( 5   4) <--> ( 5   2)        0.575516      0.030111      0.030111   WU     2.876368      2.876368
 ( 5   4) <--> ( 5   3)       -1.024875      0.095488      0.095488   WU     9.121585      9.121585
 ( 5   4) <--> ( 5   4)        1.616436      1.173738   (eb)
 ( 5   1) <--> ( 6   1)        1.364686      0.169306      0.143259   WU    16.173150     13.684973
 ( 5   1) <--> ( 6   2)       -0.459131      0.019164      0.016215   WU     1.830635      1.548999
 ( 5   1) <--> ( 6   3)        0.537865      0.026300      0.022254   WU     2.512324      2.125813
 ( 5   1) <--> ( 6   4)        0.849637      0.065626      0.055529   WU     6.268962      5.304506
 ( 5   2) <--> ( 6   1)        0.021667      0.000043      0.000036   WU     0.004077      0.003450
 ( 5   2) <--> ( 6   2)        1.058660      0.101887      0.086212   WU     9.732895      8.235527
 ( 5   2) <--> ( 6   3)       -0.288866      0.007586      0.006419   WU     0.724638      0.613155
 ( 5   2) <--> ( 6   4)        0.401768      0.014674      0.012417   WU     1.401782      1.186123
 ( 5   3) <--> ( 6   1)       -0.215426      0.004219      0.003570   WU     0.403020      0.341017
 ( 5   3) <--> ( 6   2)       -0.333199      0.010093      0.008540   WU     0.964133      0.815805
 ( 5   3) <--> ( 6   3)        1.392240      0.176212      0.149102   WU    16.832820     14.243156
 ( 5   3) <--> ( 6   4)        0.345306      0.010840      0.009172   WU     1.035471      0.876168
 ( 5   4) <--> ( 6   1)       -0.032742      0.000097      0.000082   WU     0.009310      0.007877
 ( 5   4) <--> ( 6   2)       -0.239531      0.005216      0.004413   WU     0.498258      0.421603
 ( 5   4) <--> ( 6   3)        0.009838      0.000009      0.000007   WU     0.000841      0.000711
 ( 5   4) <--> ( 6   4)        0.833948      0.063224      0.053498   WU     6.039576      5.110411
 ( 5   1) <--> ( 7   1)        2.932058      0.781542      0.573131   WU    74.657611     54.748915
 ( 5   1) <--> ( 7   2)        0.683827      0.042511      0.031175   WU     4.060892      2.977988
 ( 5   1) <--> ( 7   3)        0.015751      0.000023      0.000017   WU     0.002154      0.001580
 ( 5   1) <--> ( 7   4)       -0.010808      0.000011      0.000008   WU     0.001015      0.000744
 ( 5   2) <--> ( 7   1)       -0.890235      0.072047      0.052835   WU     6.882367      5.047069
 ( 5   2) <--> ( 7   2)        2.450505      0.545907      0.400332   WU    52.148286     38.242076
 ( 5   2) <--> ( 7   3)        0.193909      0.003418      0.002507   WU     0.326531      0.239456
 ( 5   2) <--> ( 7   4)        0.619595      0.034900      0.025593   WU     3.333840      2.444816
 ( 5   3) <--> ( 7   1)        1.678480      0.256118      0.187820   WU    24.465901     17.941661
 ( 5   3) <--> ( 7   2)       -1.224927      0.136404      0.100030   WU    13.030137      9.555434
 ( 5   3) <--> ( 7   3)        0.600852      0.032820      0.024068   WU     3.135192      2.299140
 ( 5   3) <--> ( 7   4)        2.812989      0.719355      0.527527   WU    68.717109     50.392546
 ( 5   4) <--> ( 7   1)       -0.116612      0.001236      0.000907   WU     0.118090      0.086600
 ( 5   4) <--> ( 7   2)        2.648412      0.637644      0.467606   WU    60.911603     44.668509
 ( 5   4) <--> ( 7   3)       -0.833144      0.063103      0.046275   WU     6.027940      4.420489
 ( 5   4) <--> ( 7   4)       -0.963320      0.084362      0.061866   WU     8.058788      5.909778
 ( 6   1) <--> ( 6   1)       -0.165631     -0.115478   (eb)
 ( 6   2) <--> ( 6   1)       -1.270703      0.124207      0.124207   WU    11.864955     11.864955
 ( 6   2) <--> ( 6   2)        0.540503      0.376837   (eb)
 ( 6   3) <--> ( 6   1)       -0.983329      0.074380      0.074380   WU     7.105196      7.105196
 ( 6   3) <--> ( 6   2)       -0.428253      0.014108      0.014108   WU     1.347657      1.347657
 ( 6   3) <--> ( 6   3)       -0.674168     -0.470028   (eb)
 ( 6   4) <--> ( 6   1)       -0.156962      0.001895      0.001895   WU     0.181037      0.181037
 ( 6   4) <--> ( 6   2)        1.809303      0.251814      0.251814   WU    24.054737     24.054737
 ( 6   4) <--> ( 6   3)       -0.468351      0.016873      0.016873   WU     1.611836      1.611836
 ( 6   4) <--> ( 6   4)        1.687751      1.176695   (eb)
 ( 6   1) <--> ( 7   1)        0.513706      0.020300      0.017593   WU     1.939135      1.680584
 ( 6   1) <--> ( 7   2)        0.166811      0.002140      0.001855   WU     0.204468      0.177206
 ( 6   1) <--> ( 7   3)       -0.029582      0.000067      0.000058   WU     0.006430      0.005573
 ( 6   1) <--> ( 7   4)       -0.164734      0.002087      0.001809   WU     0.199410      0.172822
 ( 6   2) <--> ( 7   1)       -1.188567      0.108669      0.094179   WU    10.380675      8.996585
 ( 6   2) <--> ( 7   2)        0.204231      0.003208      0.002781   WU     0.306493      0.265627
 ( 6   2) <--> ( 7   3)        0.067203      0.000347      0.000301   WU     0.033186      0.028761
 ( 6   2) <--> ( 7   4)        0.283277      0.006173      0.005350   WU     0.589657      0.511036
 ( 6   3) <--> ( 7   1)       -0.445444      0.015263      0.013228   WU     1.458025      1.263621
 ( 6   3) <--> ( 7   2)       -0.300543      0.006948      0.006022   WU     0.663730      0.575233
 ( 6   3) <--> ( 7   3)        0.088618      0.000604      0.000524   WU     0.057707      0.050012
 ( 6   3) <--> ( 7   4)        0.458902      0.016199      0.014039   WU     1.547453      1.341126
 ( 6   4) <--> ( 7   1)       -0.767454      0.045307      0.039266   WU     4.327953      3.750892
 ( 6   4) <--> ( 7   2)        1.900287      0.277776      0.240739   WU    26.534839     22.996861
 ( 6   4) <--> ( 7   3)        0.193054      0.002867      0.002485   WU     0.273865      0.237350
 ( 6   4) <--> ( 7   4)        0.664159      0.033931      0.029407   WU     3.241322      2.809145
 ( 6   1) <--> ( 8   1)        3.187236      0.781421      0.597557   WU    74.646033     57.082261
 ( 6   1) <--> ( 8   2)        0.784252      0.047312      0.036180   WU     4.519494      3.456083
 ( 6   1) <--> ( 8   3)       -0.086126      0.000571      0.000436   WU     0.054507      0.041682
 ( 6   1) <--> ( 8   4)        0.001167      0.000000      0.000000   WU     0.000010      0.000008
 ( 6   2) <--> ( 8   1)       -1.113479      0.095372      0.072931   WU     9.110502      6.966854
 ( 6   2) <--> ( 8   2)        3.026659      0.704667      0.538863   WU    67.313989     51.475403
 ( 6   2) <--> ( 8   3)        0.672891      0.034829      0.026634   WU     3.327117      2.544266
 ( 6   2) <--> ( 8   4)        0.009512      0.000007      0.000005   WU     0.000665      0.000508
 ( 6   3) <--> ( 8   1)        1.734094      0.231314      0.176887   WU    22.096513     16.897334
 ( 6   3) <--> ( 8   2)       -0.905132      0.063020      0.048192   WU     6.020080      4.603591
 ( 6   3) <--> ( 8   3)        3.432396      0.906257      0.693020   WU    86.571123     66.201447
 ( 6   3) <--> ( 8   4)        0.014537      0.000016      0.000012   WU     0.001553      0.001187
 ( 6   4) <--> ( 8   1)        0.322715      0.008011      0.006126   WU     0.765274      0.585210
 ( 6   4) <--> ( 8   2)        1.597065      0.196201      0.150036   WU    18.742332     14.332371
 ( 6   4) <--> ( 8   3)        0.138955      0.001485      0.001136   WU     0.141882      0.108498
 ( 6   4) <--> ( 8   4)       -0.005523      0.000002      0.000002   WU     0.000224      0.000171
 ( 7   1) <--> ( 7   1)       -0.148674     -0.099561   (eb)
 ( 7   2) <--> ( 7   1)       -1.322523      0.116604      0.116604   WU    11.138760     11.138760
 ( 7   2) <--> ( 7   2)        1.303635      0.872995   (eb)
 ( 7   3) <--> ( 7   1)       -0.360293      0.008654      0.008654   WU     0.826689      0.826689
 ( 7   3) <--> ( 7   2)        0.240247      0.003848      0.003848   WU     0.367576      0.367576
 ( 7   3) <--> ( 7   3)       -9.873471     -6.611886   (eb)
 ( 7   4) <--> ( 7   1)       -1.484961      0.147007      0.147007   WU    14.043026     14.043026
 ( 7   4) <--> ( 7   2)        0.009657      0.000006      0.000006   WU     0.000594      0.000594
 ( 7   4) <--> ( 7   3)        2.042249      0.278052      0.278052   WU    26.561189     26.561189
 ( 7   4) <--> ( 7   4)       -1.504298     -1.007371   (eb)
 ( 7   1) <--> ( 8   1)        1.731432      0.199857      0.176345   WU    19.091558     16.845493
 ( 7   1) <--> ( 8   2)       -0.676480      0.030508      0.026919   WU     2.914344      2.571480
 ( 7   1) <--> ( 8   3)        0.692141      0.031937      0.028180   WU     3.050839      2.691917
 ( 7   1) <--> ( 8   4)        0.003885      0.000001      0.000001   WU     0.000096      0.000085
 ( 7   2) <--> ( 8   1)        0.090076      0.000541      0.000477   WU     0.051671      0.045592
 ( 7   2) <--> ( 8   2)        1.681376      0.188468      0.166296   WU    18.003618     15.885545
 ( 7   2) <--> ( 8   3)       -0.663849      0.029380      0.025923   WU     2.806527      2.476347
 ( 7   2) <--> ( 8   4)        0.020027      0.000027      0.000024   WU     0.002554      0.002254
 ( 7   3) <--> ( 8   1)       -0.051098      0.000174      0.000154   WU     0.016628      0.014672
 ( 7   3) <--> ( 8   2)        0.038554      0.000099      0.000087   WU     0.009466      0.008352
 ( 7   3) <--> ( 8   3)        0.364780      0.008871      0.007827   WU     0.847408      0.747713
 ( 7   3) <--> ( 8   4)       -0.933627      0.058111      0.051274   WU     5.551078      4.898010
 ( 7   4) <--> ( 8   1)       -0.248199      0.004107      0.003624   WU     0.392310      0.346156
 ( 7   4) <--> ( 8   2)       -0.010759      0.000008      0.000007   WU     0.000737      0.000650
 ( 7   4) <--> ( 8   3)        1.651078      0.181737      0.160356   WU    17.360639     15.318211
 ( 7   4) <--> ( 8   4)        0.217944      0.003167      0.002794   WU     0.302496      0.266908
 ( 7   1) <--> ( 9   1)        4.115640      1.129233      0.891499   WU   107.871074     85.161374
 ( 7   1) <--> ( 9   2)        0.079963      0.000426      0.000337   WU     0.040720      0.032147
 ( 7   1) <--> ( 9   3)        0.811156      0.043865      0.034630   WU     4.190241      3.308085
 ( 7   1) <--> ( 9   4)        0.479200      0.015309      0.012086   WU     1.462392      1.154520
 ( 7   2) <--> ( 9   1)       -2.263445      0.341545      0.269641   WU    32.626471     25.757740
 ( 7   2) <--> ( 9   2)        0.334352      0.007453      0.005884   WU     0.711933      0.562052
 ( 7   2) <--> ( 9   3)        3.451980      0.794411      0.627167   WU    75.886915     59.910723
 ( 7   2) <--> ( 9   4)        1.869977      0.233121      0.184043   WU    22.269101     17.580869
 ( 7   3) <--> ( 9   1)        0.664409      0.029429      0.023234   WU     2.811265      2.219420
 ( 7   3) <--> ( 9   2)      -15.885448     16.823163     13.281445   WU  1607.049491   1268.723283
 ( 7   3) <--> ( 9   3)       -0.174827      0.002038      0.001609   WU     0.194647      0.153668
 ( 7   3) <--> ( 9   4)        0.210534      0.002955      0.002333   WU     0.282277      0.222850
 ( 7   4) <--> ( 9   1)        1.859027      0.230399      0.181894   WU    22.009070     17.375582
 ( 7   4) <--> ( 9   2)        3.617314      0.872331      0.688682   WU    83.330282     65.787065
 ( 7   4) <--> ( 9   3)       -2.201312      0.323052      0.255041   WU    30.859837     24.363029
 ( 7   4) <--> ( 9   4)        0.572349      0.021839      0.017241   WU     2.086181      1.646985
 ( 8   1) <--> ( 8   1)       -0.152616     -0.098315   (eb)
 ( 8   2) <--> ( 8   1)       -1.274779      0.095592      0.095592   WU     9.131508      9.131508
 ( 8   2) <--> ( 8   2)        0.789547      0.508623   (eb)
 ( 8   3) <--> ( 8   1)       -1.350197      0.107237      0.107237   WU    10.243938     10.243938
 ( 8   3) <--> ( 8   2)       -0.234476      0.003234      0.003234   WU     0.308937      0.308937
 ( 8   3) <--> ( 8   3)       -0.776906     -0.500480   (eb)
 ( 8   4) <--> ( 8   1)       -0.010272      0.000006      0.000006   WU     0.000593      0.000593
 ( 8   4) <--> ( 8   2)        0.001784      0.000000      0.000000   WU     0.000018      0.000018
 ( 8   4) <--> ( 8   3)        0.082826      0.000404      0.000404   WU     0.038549      0.038549
 ( 8   4) <--> ( 8   4)      -14.592366     -9.400344   (eb)
 ( 8   1) <--> ( 9   1)        0.596992      0.020965      0.018758   WU     2.002672      1.791864
 ( 8   1) <--> ( 9   2)        0.014473      0.000012      0.000011   WU     0.001177      0.001053
 ( 8   1) <--> ( 9   3)        0.206590      0.002511      0.002246   WU     0.239824      0.214579
 ( 8   1) <--> ( 9   4)        0.100048      0.000589      0.000527   WU     0.056246      0.050325
 ( 8   2) <--> ( 9   1)       -1.284572      0.097066      0.086849   WU     9.272352      8.296315
 ( 8   2) <--> ( 9   2)       -0.020752      0.000025      0.000023   WU     0.002420      0.002165
 ( 8   2) <--> ( 9   3)        0.106821      0.000671      0.000601   WU     0.064119      0.057369
 ( 8   2) <--> ( 9   4)        0.184097      0.001994      0.001784   WU     0.190444      0.170397
 ( 8   3) <--> ( 9   1)       -0.564501      0.018745      0.016772   WU     1.790613      1.602128
 ( 8   3) <--> ( 9   2)       -0.023389      0.000032      0.000029   WU     0.003074      0.002750
 ( 8   3) <--> ( 9   3)       -0.398710      0.009351      0.008367   WU     0.893280      0.799250
 ( 8   3) <--> ( 9   4)       -0.103700      0.000633      0.000566   WU     0.060427      0.054066
 ( 8   4) <--> ( 9   1)        0.008964      0.000005      0.000004   WU     0.000451      0.000404
 ( 8   4) <--> ( 9   2)       -0.701907      0.028981      0.025930   WU     2.768416      2.477004
 ( 8   4) <--> ( 9   3)        0.013261      0.000010      0.000009   WU     0.000988      0.000884
 ( 8   4) <--> ( 9   4)       -0.002005      0.000000      0.000000   WU     0.000023      0.000020
 ( 8   1) <--> (10   1)        4.237072      1.056046      0.854894   WU   100.879824     81.664619
 ( 8   1) <--> (10   2)       -0.005975      0.000002      0.000002   WU     0.000201      0.000162
 ( 8   1) <--> (10   3)        0.923633      0.050182      0.040624   WU     4.793708      3.880621
 ( 8   1) <--> (10   4)        0.041247      0.000100      0.000081   WU     0.009560      0.007739
 ( 8   2) <--> (10   1)       -1.865625      0.204739      0.165741   WU    19.557867     15.832559
 ( 8   2) <--> (10   2)        0.001507      0.000000      0.000000   WU     0.000013      0.000010
 ( 8   2) <--> (10   3)        3.977555      0.930644      0.753378   WU    88.900651     71.967194
 ( 8   2) <--> (10   4)        0.245988      0.003559      0.002881   WU     0.340018      0.275253
 ( 8   3) <--> (10   1)        2.127228      0.266182      0.215481   WU    25.427322     20.584023
 ( 8   3) <--> (10   2)        0.120247      0.000851      0.000689   WU     0.081250      0.065774
 ( 8   3) <--> (10   3)       -1.854569      0.202319      0.163782   WU    19.326748     15.645462
 ( 8   3) <--> (10   4)        0.359781      0.007614      0.006164   WU     0.727359      0.588814
 ( 8   4) <--> (10   1)       -0.004206      0.000001      0.000001   WU     0.000099      0.000080
 ( 8   4) <--> (10   2)      -18.915741     21.047369     17.038346   WU  2010.570900   1627.605014
 ( 8   4) <--> (10   3)       -0.038368      0.000087      0.000070   WU     0.008272      0.006696
 ( 8   4) <--> (10   4)       -0.017999      0.000019      0.000015   WU     0.001820      0.001474
 ( 9   1) <--> ( 9   1)       -0.032266     -0.020033   (eb)
 ( 9   2) <--> ( 9   1)        0.213292      0.002394      0.002394   WU     0.228727      0.228727
 ( 9   2) <--> ( 9   2)      -12.858247     -7.983456   (eb)
 ( 9   3) <--> ( 9   1)       -0.723639      0.027561      0.027561   WU     2.632764      2.632764
 ( 9   3) <--> ( 9   2)        0.957200      0.048223      0.048223   WU     4.606520      4.606520
 ( 9   3) <--> ( 9   3)        0.230627      0.143192   (eb)
 ( 9   4) <--> ( 9   1)       -1.077333      0.061087      0.061087   WU     5.835360      5.835360
 ( 9   4) <--> ( 9   2)       -1.582051      0.131731      0.131731   WU    12.583711     12.583711
 ( 9   4) <--> ( 9   3)        3.051540      0.490100      0.490100   WU    46.817281     46.817281
 ( 9   4) <--> ( 9   4)       -4.116579     -2.555910   (eb)
 ( 9   1) <--> (10   1)        2.145903      0.242363      0.219281   WU    23.151990     20.947039
 ( 9   1) <--> (10   2)        0.020942      0.000023      0.000021   WU     0.002205      0.001995
 ( 9   1) <--> (10   3)       -1.214303      0.077607      0.070216   WU     7.413481      6.707435
 ( 9   1) <--> (10   4)        0.184516      0.001792      0.001621   WU     0.171173      0.154871
 ( 9   2) <--> (10   1)        0.039937      0.000084      0.000076   WU     0.008019      0.007255
 ( 9   2) <--> (10   2)       -1.145505      0.069062      0.062485   WU     6.597237      5.968929
 ( 9   2) <--> (10   3)        0.150065      0.001185      0.001072   WU     0.113221      0.102438
 ( 9   2) <--> (10   4)       -7.311683      2.813721      2.545748   WU   268.783554    243.185120
 ( 9   3) <--> (10   1)        0.233525      0.002870      0.002597   WU     0.274179      0.248066
 ( 9   3) <--> (10   2)        0.026015      0.000036      0.000032   WU     0.003403      0.003079
 ( 9   3) <--> (10   3)        2.169200      0.247654      0.224068   WU    23.657414     21.404327
 ( 9   3) <--> (10   4)       -0.303996      0.004864      0.004401   WU     0.464627      0.420377
 ( 9   4) <--> (10   1)        0.048991      0.000126      0.000114   WU     0.012067      0.010918
 ( 9   4) <--> (10   2)       -0.018625      0.000018      0.000017   WU     0.001744      0.001578
 ( 9   4) <--> (10   3)        1.053649      0.058430      0.052866   WU     5.581619      5.050036
 ( 9   4) <--> (10   4)        0.752607      0.029811      0.026972   WU     2.847771      2.576554
 (10   1) <--> (10   1)       -0.158714     -0.095164   (eb)
 (10   2) <--> (10   1)       -0.014246      0.000010      0.000010   WU     0.000923      0.000923
 (10   2) <--> (10   2)      -16.207045     -9.717637   (eb)
 (10   3) <--> (10   1)       -1.023393      0.049873      0.049873   WU     4.764167      4.764167
 (10   3) <--> (10   2)       -0.066415      0.000210      0.000210   WU     0.020065      0.020065
 (10   3) <--> (10   3)        1.014581      0.608336   (eb)
 (10   4) <--> (10   1)       -0.204887      0.001999      0.001999   WU     0.190955      0.190955
 (10   4) <--> (10   2)        1.401755      0.093568      0.093568   WU     8.938130      8.938130
 (10   4) <--> (10   3)        0.327818      0.005117      0.005117   WU     0.488843      0.488843
 (10   4) <--> (10   4)      -13.330266     -7.992740   (eb)
 
  quadrupole shape invariant: 01+, 02+, 03+, 04+
quadr2     0.76229644     1.38688202     1.96576516     2.00523080
quadr3     0.43158568     0.67318031     0.36745590     1.98084637
  effective deformation parameters:  01+, 02+, 03+, 04+
beteff     0.06874790     0.09272936     0.11039854     0.11150124
cos3ga     0.64845701     0.41216597     0.13332383     0.69759642
 
 ********* END Transition **************************
