 ********* BEGIN READER ****************************
 
 Nucleus            :  Yb  70  86
 Imin, Imax         :     0  10
 imu, remu          :     1 12.0000
 nlevel             :     4
 observables        :     2
 wave fun           :     1
 nbet, ngam, npar   :    10   7  10
 Finish reading parameters: V, B_k ...
 
 ********* END READER ******************************
 
 ********* BEGIN LEVELS ********************
 
 E_0 = -1258.600796
 
  I=   0   ntot= 127
   0   1    0.000000
   0   2    1.500170
   0   3    2.019232
   0   4    2.759069
 
  I=   2   ntot= 234
   2   1    0.504501
   2   2    1.278813
   2   3    2.051112
   2   4    2.617233
 
  I=   3   ntot= 108
   3   1    1.928128
   3   2    3.182671
   3   3    4.236633
   3   4    4.405357
 
  I=   4   ntot= 324
   4   1    1.228098
   4   2    2.127755
   4   3    2.763526
   4   4    2.861027
 
  I=   5   ntot= 198
   5   1    2.860981
   5   2    3.678462
   5   3    4.043248
   5   4    4.659558
 
  I=   6   ntot= 432
   6   1    2.160695
   6   2    3.094583
   6   3    3.634043
   6   4    3.933057
 
  I=   7   ntot= 306
   7   1    3.958682
   7   2    4.723527
   7   3    4.997518
   7   4    5.363600
 
  I=   8   ntot= 522
   8   1    3.280235
   8   2    4.159995
   8   3    4.565813
   8   4    4.860664
 
  I=   9   ntot= 397
   9   1    5.171935
   9   2    5.744110
   9   3    5.893091
   9   4    6.333591
 
  I=  10   ntot= 630
  10   1    4.553348
  10   2    5.263492
  10   3    5.337601
  10   4    5.899179
 
 ********* END LEVELS **********************
 
 ********* BEGIN Transition ************************
 
  Monopole moment 
 
   I   n    <In|E0|In>   ave \beta      del<b>   ave \gamma    del<g>  
     K=0       K=2       K=4   
   0   1     25.845589    0.173971    0.039902   26.395104   10.686302  100.0000    0.0000    0.0000
   0   2     26.002780    0.212615    0.066197   28.876146   10.556717  100.0000    0.0000    0.0000
   0   3     26.049982    0.222309    0.047495   29.016829   13.467073  100.0000    0.0000    0.0000
   0   4     26.259638    0.267345    0.086721   26.100843   11.739753  100.0000    0.0000    0.0000
   2   1     25.883241    0.184438    0.039239   24.763427   10.402531   92.5427    7.4573    0.0000
   2   2     25.951919    0.201182    0.041134   31.055785    9.856988   11.1455   88.8545    0.0000
   2   3     26.086345    0.231397    0.065354   28.687096   10.464843   82.5869   17.4131    0.0000
   2   4     26.190707    0.251593    0.065317   30.961291   10.275996   21.7073   78.2927    0.0000
   3   1     25.996053    0.211991    0.042170   28.917490    8.357799    0.0000  100.0000    0.0000
   3   2     26.288691    0.270827    0.065798   30.211412    8.399112    0.0000  100.0000    0.0000
   3   3     26.780151    0.362491    0.097754   19.692733   11.070941    0.0000   99.9999    0.0000
   3   4     26.404574    0.293916    0.088543   24.469000   13.559556    0.0000  100.0000    0.0000
   4   1     25.919305    0.193731    0.039487   24.243330   10.286053   86.4157   11.8900    1.6944
   4   2     26.015639    0.215727    0.043016   31.266249   10.387411   21.2587   56.0617   22.6796
   4   3     26.162466    0.247456    0.067748   27.448488   10.871498   70.1458   24.3398    5.5144
   4   4     26.100621    0.234073    0.046547   31.918951    8.892354    3.9192   27.6727   68.4082
   5   1     26.049051    0.223868    0.044689   28.513915    8.310482    0.0000   85.6932   14.3068
   5   2     26.193791    0.252599    0.051556   31.337279    7.744535    0.0000   20.7475   79.2525
   5   3     26.383175    0.289641    0.074003   27.015143    9.597348    0.0000   79.2504   20.7496
   5   4     26.614902    0.332312    0.096510   23.229855   12.289775    0.0000   30.7961   69.2039
   6   1     25.959193    0.203436    0.040824   24.678363   10.197021   77.3941   19.2970    2.5683
   6   2     26.100091    0.233383    0.047498   31.886988   10.161834   33.3224   38.1882   19.8737
   6   3     26.272694    0.270933    0.078766   23.994938   12.006650   62.8427   29.6059    5.8566
   6   4     26.204175    0.253716    0.054920   32.426374   11.073435    8.4119   31.0274   16.9902
   7   1     26.128709    0.240620    0.049724   28.702455    8.381674    0.0000   69.9028   25.7825
   7   2     26.322010    0.275635    0.063961   30.933566    8.340246    0.0000   39.8167   35.8824
   7   3     26.750646    0.358492    0.094262   19.287811   11.546673    0.0000   74.4444   13.4988
   7   4     27.046590    0.410531    0.108541   15.321947   11.592396    0.0000   76.5935   13.3727
   8   1     26.011172    0.215435    0.044070   25.893663   10.069693   65.9690   27.6273    4.8628
   8   2     26.214634    0.255417    0.055545   32.162850    9.421707   41.8981   28.7417   18.5248
   8   3     26.804527    0.373750    0.101907   14.339345   12.291087   78.0065   15.2345    4.2674
   8   4     26.853870    0.385087    0.123261   14.006621   13.652634   68.7204   20.4478    7.6416
   9   1     26.283887    0.270759    0.060100   28.575792    9.375101    0.0000   51.8633   35.2613
   9   2     27.232956    0.436663    0.085164   14.127221    9.266475    0.0000   91.8699    7.0856
   9   3     26.488545    0.308405    0.094264   25.915242   13.115003    0.0000   46.5285   23.4242
   9   4     26.744673    0.356659    0.109259   20.723734   13.720219    0.0000   52.1919   15.9602
  10   1     26.100211    0.234727    0.052066   27.547170   10.222702   52.7402   35.1883    8.8262
  10   2     27.000903    0.405248    0.101958   14.168880   12.675775   77.0696   16.6560    4.3194
  10   3     26.670918    0.349439    0.116025   18.233712   15.229682   60.9928   17.7221   12.3819
  10   4     26.678062    0.350139    0.117295   17.716457   14.227588   48.6772   30.3265   10.3989
 
  rho^2(E0) 
 
   I  n_1 n_2  <In_1|E0|In_2>  rho^2(E0) 
   0   1   1       25.845589 1879.653275
   0   2   1       -0.139623    0.054855
   0   2   2       26.002780 1902.586614
   0   3   1        0.021067    0.001249
   0   3   2        0.075547    0.016060
   0   3   3       26.049982 1909.500327
   0   4   1        0.000620    0.000001
   0   4   2        0.234350    0.154538
   0   4   3        0.033729    0.003201
   0   4   4       26.259638 1940.360116
   2   1   1       25.883241 1885.133728
   2   2   1       -0.002299    0.000015
   2   2   2       25.951919 1895.151042
   2   3   1       -0.142165    0.056871
   2   3   2        0.037972    0.004057
   2   3   3       26.086345 1914.834847
   2   4   1       -0.029722    0.002486
   2   4   2       -0.160070    0.072098
   2   4   3       -0.024203    0.001648
   2   4   4       26.190707 1930.186710
   3   1   1       25.996053 1901.602318
   3   2   1       -0.173764    0.084962
   3   2   2       26.288691 1944.656011
   3   3   1        0.013821    0.000537
   3   3   2        0.283682    0.226447
   3   3   3       26.780151 2018.045268
   3   4   1        0.051068    0.007338
   3   4   2        0.121700    0.041676
   3   4   3       -0.199728    0.112250
   3   4   4       26.404574 1961.838263
   4   1   1       25.919305 1890.390732
   4   2   1       -0.022143    0.001380
   4   2   2       26.015639 1904.468812
   4   3   1       -0.144563    0.058805
   4   3   2        0.066495    0.012442
   4   3   3       26.162466 1926.026362
   4   4   1       -0.025017    0.001761
   4   4   2       -0.026536    0.001981
   4   4   3        0.012333    0.000428
   4   4   4       26.100621 1916.931226
   5   1   1       26.049051 1909.363714
   5   2   1       -0.078697    0.017427
   5   2   2       26.193791 1930.641313
   5   3   1       -0.178043    0.089198
   5   3   2        0.067608    0.012862
   5   3   3       26.383175 1958.659714
   5   4   1        0.001118    0.000004
   5   4   2       -0.203544    0.116579
   5   4   3        0.154472    0.067143
   5   4   4       26.614902 1993.217050
   6   1   1       25.959193 1896.213575
   6   2   1       -0.057525    0.009312
   6   2   2       26.100091 1916.853468
   6   3   1       -0.147332    0.061080
   6   3   2        0.094705    0.025238
   6   3   3       26.272694 1942.290083
   6   4   1        0.018205    0.000933
   6   4   2        0.069149    0.013455
   6   4   3       -0.049227    0.006819
   6   4   4       26.204175 1932.172338
   7   1   1       26.128709 1921.059244
   7   2   1       -0.168354    0.079754
   7   2   2       26.322010 1949.588516
   7   3   1        0.150323    0.063585
   7   3   2       -0.106350    0.031826
   7   3   3       26.750646 2013.601000
   7   4   1       -0.065474    0.012063
   7   4   2       -0.003049    0.000026
   7   4   3        0.488645    0.671881
   7   4   4       27.046590 2058.400588
   8   1   1       26.011172 1903.814808
   8   2   1       -0.112765    0.035781
   8   2   2       26.214634 1933.714965
   8   3   1        0.120376    0.040774
   8   3   2       -0.103345    0.030053
   8   3   3       26.804527 2021.720673
   8   4   1        0.075215    0.015919
   8   4   2       -0.095560    0.025696
   8   4   3       -0.537619    0.813307
   8   4   4       26.853870 2029.170996
   9   1   1       26.283887 1943.945296
   9   2   1        0.243153    0.166366
   9   2   2       27.232956 2086.865449
   9   3   1       -0.164350    0.076005
   9   3   2        0.306676    0.264645
   9   3   3       26.488545 1974.336029
   9   4   1       -0.102664    0.029658
   9   4   2        0.325994    0.299037
   9   4   3        0.184750    0.096045
   9   4   4       26.744673 2012.701864
  10   1   1       26.100211 1916.871020
  10   2   1        0.192156    0.103900
  10   2   2       27.000903 2051.452441
  10   3   1       -0.083938    0.019825
  10   3   2        0.489100    0.673132
  10   3   3       26.670918 2001.616184
  10   4   1       -0.102244    0.029416
  10   4   2        0.153140    0.065991
  10   4   3        0.324700    0.296667
  10   4   4       26.678062 2002.688589
 
  E2 transition 
 
  I1  n1        I2  n2       <f||E2||i>   B(E2,I1->I2)  B(E2,I2->I1)
 ( 0   1) <--> ( 2   1)        1.203728      1.448961      0.289792   WU   290.471930     58.094386
 ( 0   1) <--> ( 2   2)       -0.111007      0.012323      0.002465   WU     2.470284      0.494057
 ( 0   1) <--> ( 2   3)       -0.083502      0.006973      0.001395   WU     1.397787      0.279557
 ( 0   1) <--> ( 2   4)       -0.057041      0.003254      0.000651   WU     0.652257      0.130451
 ( 0   2) <--> ( 2   1)       -0.404492      0.163614      0.032723   WU    32.799449      6.559890
 ( 0   2) <--> ( 2   2)        0.149825      0.022447      0.004489   WU     4.500011      0.900002
 ( 0   2) <--> ( 2   3)        1.363073      1.857967      0.371593   WU   372.464867     74.492973
 ( 0   2) <--> ( 2   4)        0.090052      0.008109      0.001622   WU     1.625667      0.325133
 ( 0   3) <--> ( 2   1)        0.219375      0.048125      0.009625   WU     9.647632      1.929526
 ( 0   3) <--> ( 2   2)        0.596273      0.355542      0.071108   WU    71.275157     14.255031
 ( 0   3) <--> ( 2   3)        0.185524      0.034419      0.006884   WU     6.899966      1.379993
 ( 0   3) <--> ( 2   4)       -0.418334      0.175004      0.035001   WU    35.082810      7.016562
 ( 0   4) <--> ( 2   1)        0.004253      0.000018      0.000004   WU     0.003626      0.000725
 ( 0   4) <--> ( 2   2)       -0.119280      0.014228      0.002846   WU     2.852231      0.570446
 ( 0   4) <--> ( 2   3)        0.686249      0.470938      0.094188   WU    94.408531     18.881706
 ( 0   4) <--> ( 2   4)       -0.051416      0.002644      0.000529   WU     0.529956      0.105991
 ( 2   1) <--> ( 2   1)       -0.992616     -0.752336   (eb)
 ( 2   2) <--> ( 2   1)       -1.161106      0.269633      0.269633   WU    54.053132     54.053132
 ( 2   2) <--> ( 2   2)        1.011442      0.766605   (eb)
 ( 2   3) <--> ( 2   1)        0.227711      0.010370      0.010370   WU     2.078951      2.078951
 ( 2   3) <--> ( 2   2)        0.442921      0.039236      0.039236   WU     7.865555      7.865555
 ( 2   3) <--> ( 2   3)       -0.677839     -0.513757   (eb)
 ( 2   4) <--> ( 2   1)        0.008149      0.000013      0.000013   WU     0.002663      0.002663
 ( 2   4) <--> ( 2   2)       -0.119259      0.002845      0.002845   WU     0.570245      0.570245
 ( 2   4) <--> ( 2   3)       -1.621452      0.525821      0.525821   WU   105.410865    105.410865
 ( 2   4) <--> ( 2   4)        0.738384      0.559645   (eb)
 ( 2   1) <--> ( 3   1)       -0.176125      0.006204      0.004431   WU     1.243708      0.888363
 ( 2   1) <--> ( 3   2)       -0.060886      0.000741      0.000530   WU     0.148631      0.106165
 ( 2   1) <--> ( 3   3)        0.015687      0.000049      0.000035   WU     0.009866      0.007047
 ( 2   1) <--> ( 3   4)        0.004276      0.000004      0.000003   WU     0.000733      0.000524
 ( 2   2) <--> ( 3   1)       -1.898391      0.720777      0.514841   WU   144.493550    103.209678
 ( 2   2) <--> ( 3   2)        0.082420      0.001359      0.000970   WU     0.272361      0.194543
 ( 2   2) <--> ( 3   3)       -0.014109      0.000040      0.000028   WU     0.007982      0.005701
 ( 2   2) <--> ( 3   4)       -0.064172      0.000824      0.000588   WU     0.165107      0.117934
 ( 2   3) <--> ( 3   1)        0.197187      0.007777      0.005555   WU     1.558955      1.113539
 ( 2   3) <--> ( 3   2)        0.117837      0.002777      0.001984   WU     0.556721      0.397658
 ( 2   3) <--> ( 3   3)        0.038073      0.000290      0.000207   WU     0.058117      0.041512
 ( 2   3) <--> ( 3   4)        0.046317      0.000429      0.000306   WU     0.086011      0.061437
 ( 2   4) <--> ( 3   1)        0.480957      0.046264      0.033046   WU     9.274495      6.624639
 ( 2   4) <--> ( 3   2)       -2.207678      0.974768      0.696263   WU   195.410897    139.579212
 ( 2   4) <--> ( 3   3)       -0.052001      0.000541      0.000386   WU     0.108417      0.077441
 ( 2   4) <--> ( 3   4)        0.044441      0.000395      0.000282   WU     0.079186      0.056561
 ( 2   1) <--> ( 4   1)        2.063070      0.851251      0.472917   WU   170.649571     94.805317
 ( 2   1) <--> ( 4   2)        0.012189      0.000030      0.000017   WU     0.005957      0.003309
 ( 2   1) <--> ( 4   3)       -0.129031      0.003330      0.001850   WU     0.667520      0.370845
 ( 2   1) <--> ( 4   4)       -0.035998      0.000259      0.000144   WU     0.051956      0.028865
 ( 2   2) <--> ( 4   1)       -0.030222      0.000183      0.000101   WU     0.036622      0.020345
 ( 2   2) <--> ( 4   2)        1.597665      0.510507      0.283615   WU   102.340799     56.855999
 ( 2   2) <--> ( 4   3)       -0.121202      0.002938      0.001632   WU     0.588972      0.327206
 ( 2   2) <--> ( 4   4)       -0.137588      0.003786      0.002103   WU     0.758994      0.421664
 ( 2   3) <--> ( 4   1)       -0.607372      0.073780      0.040989   WU    14.790631      8.217017
 ( 2   3) <--> ( 4   2)        0.493762      0.048760      0.027089   WU     9.774912      5.430507
 ( 2   3) <--> ( 4   3)        2.335553      1.090962      0.606090   WU   218.704018    121.502232
 ( 2   3) <--> ( 4   4)        0.325365      0.021173      0.011763   WU     4.244439      2.358022
 ( 2   4) <--> ( 4   1)       -0.130469      0.003404      0.001891   WU     0.682484      0.379158
 ( 2   4) <--> ( 4   2)       -0.535896      0.057437      0.031909   WU    11.514323      6.396846
 ( 2   4) <--> ( 4   3)       -0.017952      0.000064      0.000036   WU     0.012921      0.007178
 ( 2   4) <--> ( 4   4)        0.529762      0.056129      0.031183   WU    11.252220      6.251233
 ( 3   1) <--> ( 3   1)        0.000000      0.000000   (eb)
 ( 3   2) <--> ( 3   1)        0.000000      0.000000      0.000000   WU     0.000000      0.000000
 ( 3   2) <--> ( 3   2)        0.000000      0.000000   (eb)
 ( 3   3) <--> ( 3   1)        0.000000      0.000000      0.000000   WU     0.000000      0.000000
 ( 3   3) <--> ( 3   2)        0.000000      0.000000      0.000000   WU     0.000000      0.000000
 ( 3   3) <--> ( 3   3)        0.000000      0.000000   (eb)
 ( 3   4) <--> ( 3   1)        0.000000      0.000000      0.000000   WU     0.000000      0.000000
 ( 3   4) <--> ( 3   2)        0.000000      0.000000      0.000000   WU     0.000000      0.000000
 ( 3   4) <--> ( 3   3)        0.000000      0.000000      0.000000   WU     0.000000      0.000000
 ( 3   4) <--> ( 3   4)        0.000000      0.000000   (eb)
 ( 3   1) <--> ( 4   1)        0.941916      0.126744      0.098578   WU    25.408190     19.761925
 ( 3   1) <--> ( 4   2)       -1.165894      0.194187      0.151034   WU    38.928465     30.277695
 ( 3   1) <--> ( 4   3)       -0.021160      0.000064      0.000050   WU     0.012822      0.009973
 ( 3   1) <--> ( 4   4)       -1.606147      0.368530      0.286634   WU    73.878805     57.461293
 ( 3   2) <--> ( 4   1)        0.035187      0.000177      0.000138   WU     0.035459      0.027579
 ( 3   2) <--> ( 4   2)        0.355087      0.018012      0.014010   WU     3.610933      2.808503
 ( 3   2) <--> ( 4   3)        1.256269      0.225459      0.175357   WU    45.197524     35.153630
 ( 3   2) <--> ( 4   4)        0.653965      0.061096      0.047519   WU    12.247788      9.526057
 ( 3   3) <--> ( 4   1)       -0.007583      0.000008      0.000006   WU     0.001647      0.001281
 ( 3   3) <--> ( 4   2)       -0.031545      0.000142      0.000111   WU     0.028498      0.022165
 ( 3   3) <--> ( 4   3)       -0.002562      0.000001      0.000001   WU     0.000188      0.000146
 ( 3   3) <--> ( 4   4)       -0.014782      0.000031      0.000024   WU     0.006258      0.004867
 ( 3   4) <--> ( 4   1)        0.004954      0.000004      0.000003   WU     0.000703      0.000547
 ( 3   4) <--> ( 4   2)       -0.098608      0.001389      0.001080   WU     0.278466      0.216585
 ( 3   4) <--> ( 4   3)        0.010238      0.000015      0.000012   WU     0.003002      0.002335
 ( 3   4) <--> ( 4   4)       -0.223815      0.007156      0.005566   WU     1.434584      1.115787
 ( 3   1) <--> ( 5   1)        2.094088      0.626458      0.398655   WU   125.585420     79.917995
 ( 3   1) <--> ( 5   2)        0.001338      0.000000      0.000000   WU     0.000051      0.000033
 ( 3   1) <--> ( 5   3)       -0.054926      0.000431      0.000274   WU     0.086400      0.054982
 ( 3   1) <--> ( 5   4)       -0.091295      0.001191      0.000758   WU     0.238693      0.151895
 ( 3   2) <--> ( 5   1)       -0.631054      0.056890      0.036203   WU    11.404659      7.257510
 ( 3   2) <--> ( 5   2)        1.036997      0.153623      0.097760   WU    30.796723     19.597915
 ( 3   2) <--> ( 5   3)        2.298975      0.755041      0.480481   WU   151.362335     96.321486
 ( 3   2) <--> ( 5   4)        0.103942      0.001543      0.000982   WU     0.309407      0.196895
 ( 3   3) <--> ( 5   1)       -0.001721      0.000000      0.000000   WU     0.000085      0.000054
 ( 3   3) <--> ( 5   2)        0.020770      0.000062      0.000039   WU     0.012354      0.007862
 ( 3   3) <--> ( 5   3)        1.338456      0.255924      0.162860   WU    51.304752     32.648479
 ( 3   3) <--> ( 5   4)        1.168513      0.195060      0.124129   WU    39.103537     24.884069
 ( 3   4) <--> ( 5   1)        0.272668      0.010621      0.006759   WU     2.129211      1.354952
 ( 3   4) <--> ( 5   2)        0.685923      0.067213      0.042772   WU    13.474105      8.574430
 ( 3   4) <--> ( 5   3)       -0.104363      0.001556      0.000990   WU     0.311922      0.198496
 ( 3   4) <--> ( 5   4)       -1.028861      0.151222      0.096232   WU    30.315336     19.291578
 ( 4   1) <--> ( 4   1)       -1.242338     -0.936842   (eb)
 ( 4   2) <--> ( 4   1)       -1.186194      0.156340      0.156340   WU    31.341260     31.341260
 ( 4   2) <--> ( 4   2)        0.018177      0.013708   (eb)
 ( 4   3) <--> ( 4   1)        0.397555      0.017561      0.017561   WU     3.520454      3.520454
 ( 4   3) <--> ( 4   2)        0.603414      0.040456      0.040456   WU     8.110264      8.110264
 ( 4   3) <--> ( 4   3)       -1.002199     -0.755754   (eb)
 ( 4   4) <--> ( 4   1)        0.050843      0.000287      0.000287   WU     0.057580      0.057580
 ( 4   4) <--> ( 4   2)       -1.639128      0.298527      0.298527   WU    59.845350     59.845350
 ( 4   4) <--> ( 4   3)       -0.382080      0.016221      0.016221   WU     3.251719      3.251719
 ( 4   4) <--> ( 4   4)        1.470334      1.108773   (eb)
 ( 4   1) <--> ( 5   1)       -0.098477      0.001078      0.000882   WU     0.216012      0.176737
 ( 4   1) <--> ( 5   2)       -0.028728      0.000092      0.000075   WU     0.018383      0.015040
 ( 4   1) <--> ( 5   3)       -0.072113      0.000578      0.000473   WU     0.115831      0.094771
 ( 4   1) <--> ( 5   4)       -0.002899      0.000001      0.000001   WU     0.000187      0.000153
 ( 4   2) <--> ( 5   1)       -1.601110      0.284839      0.233050   WU    57.101465     46.719381
 ( 4   2) <--> ( 5   2)       -0.142811      0.002266      0.001854   WU     0.454285      0.371688
 ( 4   2) <--> ( 5   3)        0.143776      0.002297      0.001879   WU     0.460442      0.376725
 ( 4   2) <--> ( 5   4)       -0.072677      0.000587      0.000480   WU     0.117651      0.096260
 ( 4   3) <--> ( 5   1)        0.393541      0.017208      0.014079   WU     3.449723      2.822501
 ( 4   3) <--> ( 5   2)        0.407338      0.018436      0.015084   WU     3.695851      3.023878
 ( 4   3) <--> ( 5   3)        0.114386      0.001454      0.001189   WU     0.291440      0.238451
 ( 4   3) <--> ( 5   4)        0.071176      0.000563      0.000461   WU     0.112841      0.092324
 ( 4   4) <--> ( 5   1)        0.139532      0.002163      0.001770   WU     0.433665      0.354817
 ( 4   4) <--> ( 5   2)       -2.597644      0.749751      0.613432   WU   150.301794    122.974195
 ( 4   4) <--> ( 5   3)        0.647414      0.046572      0.038104   WU     9.336171      7.638686
 ( 4   4) <--> ( 5   4)       -0.037710      0.000158      0.000129   WU     0.031676      0.025916
 ( 4   1) <--> ( 6   1)        2.794604      0.867757      0.600755   WU   173.958438    120.432764
 ( 4   1) <--> ( 6   2)        0.114120      0.001447      0.001002   WU     0.290085      0.200828
 ( 4   1) <--> ( 6   3)       -0.176064      0.003444      0.002385   WU     0.690472      0.478019
 ( 4   1) <--> ( 6   4)        0.034614      0.000133      0.000092   WU     0.026688      0.018476
 ( 4   2) <--> ( 6   1)       -0.289250      0.009296      0.006436   WU     1.863601      1.290186
 ( 4   2) <--> ( 6   2)        2.561182      0.728850      0.504589   WU   146.111945    101.154424
 ( 4   2) <--> ( 6   3)       -0.328852      0.012016      0.008319   WU     2.408822      1.667646
 ( 4   2) <--> ( 6   4)       -0.110763      0.001363      0.000944   WU     0.273271      0.189187
 ( 4   3) <--> ( 6   1)       -0.739306      0.060730      0.042044   WU    12.174558      8.428540
 ( 4   3) <--> ( 6   2)        0.921669      0.094386      0.065344   WU    18.921481     13.099487
 ( 4   3) <--> ( 6   3)        3.193316      1.133030      0.784405   WU   227.137416    157.248981
 ( 4   3) <--> ( 6   4)        0.011158      0.000014      0.000010   WU     0.002773      0.001920
 ( 4   4) <--> ( 6   1)       -0.344907      0.013218      0.009151   WU     2.649778      1.834462
 ( 4   4) <--> ( 6   2)        0.137363      0.002097      0.001451   WU     0.420283      0.290965
 ( 4   4) <--> ( 6   3)        0.401848      0.017942      0.012422   WU     3.596896      2.490159
 ( 4   4) <--> ( 6   4)       -2.027510      0.456755      0.316215   WU    91.565274     63.391343
 ( 5   1) <--> ( 5   1)       -0.624170     -0.453227   (eb)
 ( 5   2) <--> ( 5   1)       -1.285932      0.150329      0.150329   WU    30.136337     30.136337
 ( 5   2) <--> ( 5   2)        0.891478      0.647326   (eb)
 ( 5   3) <--> ( 5   1)        0.552361      0.027737      0.027737   WU     5.560324      5.560324
 ( 5   3) <--> ( 5   2)        0.048209      0.000211      0.000211   WU     0.042355      0.042355
 ( 5   3) <--> ( 5   3)       -0.963951     -0.699950   (eb)
 ( 5   4) <--> ( 5   1)       -0.105151      0.001005      0.001005   WU     0.201503      0.201503
 ( 5   4) <--> ( 5   2)       -0.554901      0.027992      0.027992   WU     5.611588      5.611588
 ( 5   4) <--> ( 5   3)       -1.571468      0.224501      0.224501   WU    45.005493     45.005493
 ( 5   4) <--> ( 5   4)        0.082612      0.059987   (eb)
 ( 5   1) <--> ( 6   1)        1.242573      0.140363      0.118768   WU    28.138356     23.809378
 ( 5   1) <--> ( 6   2)       -1.112695      0.112554      0.095238   WU    22.563519     19.092208
 ( 5   1) <--> ( 6   3)       -0.103800      0.000980      0.000829   WU     0.196360      0.166150
 ( 5   1) <--> ( 6   4)        1.056269      0.101428      0.085823   WU    20.333101     17.204932
 ( 5   2) <--> ( 6   1)        0.029226      0.000078      0.000066   WU     0.015567      0.013172
 ( 5   2) <--> ( 6   2)        1.062978      0.102720      0.086917   WU    20.592239     17.424202
 ( 5   2) <--> ( 6   3)        0.405637      0.014958      0.012657   WU     2.998678      2.537343
 ( 5   2) <--> ( 6   4)        0.894196      0.072690      0.061507   WU    14.572018     12.330169
 ( 5   3) <--> ( 6   1)        0.055160      0.000277      0.000234   WU     0.055451      0.046920
 ( 5   3) <--> ( 6   2)        0.319691      0.009291      0.007862   WU     1.862585      1.576034
 ( 5   3) <--> ( 6   3)        1.557345      0.220484      0.186563   WU    44.200195     37.400165
 ( 5   3) <--> ( 6   4)       -0.615265      0.034414      0.029119   WU     6.898888      5.837520
 ( 5   4) <--> ( 6   1)       -0.006820      0.000004      0.000004   WU     0.000848      0.000717
 ( 5   4) <--> ( 6   2)        0.026240      0.000063      0.000053   WU     0.012548      0.010618
 ( 5   4) <--> ( 6   3)       -0.098128      0.000875      0.000741   WU     0.175484      0.148487
 ( 5   4) <--> ( 6   4)       -0.480450      0.020985      0.017756   WU     4.206787      3.559589
 ( 5   1) <--> ( 7   1)        3.019528      0.828868      0.607837   WU   166.162399    121.852426
 ( 5   1) <--> ( 7   2)        0.231862      0.004887      0.003584   WU     0.979747      0.718481
 ( 5   1) <--> ( 7   3)        0.115190      0.001206      0.000885   WU     0.241818      0.177333
 ( 5   1) <--> ( 7   4)       -0.063834      0.000370      0.000272   WU     0.074261      0.054458
 ( 5   2) <--> ( 7   1)       -0.501115      0.022829      0.016741   WU     4.576458      3.356069
 ( 5   2) <--> ( 7   2)        2.484057      0.560958      0.411369   WU   112.454719     82.466794
 ( 5   2) <--> ( 7   3)        0.476343      0.020627      0.015127   WU     4.135174      3.032461
 ( 5   2) <--> ( 7   4)       -0.134969      0.001656      0.001214   WU     0.331987      0.243457
 ( 5   3) <--> ( 7   1)       -0.974812      0.086387      0.063351   WU    17.317955     12.699833
 ( 5   3) <--> ( 7   2)        1.610254      0.235720      0.172861   WU    47.254502     34.653302
 ( 5   3) <--> ( 7   3)       -3.097693      0.872336      0.639713   WU   174.876465    128.242741
 ( 5   3) <--> ( 7   4)        0.887000      0.071525      0.052451   WU    14.338450     10.514863
 ( 5   4) <--> ( 7   1)       -0.015687      0.000022      0.000016   WU     0.004485      0.003289
 ( 5   4) <--> ( 7   2)       -0.522215      0.024792      0.018181   WU     4.969974      3.644647
 ( 5   4) <--> ( 7   3)       -1.980135      0.356449      0.261396   WU    71.456918     52.401740
 ( 5   4) <--> ( 7   4)       -2.412662      0.529176      0.388063   WU   106.083447     77.794528
 ( 6   1) <--> ( 6   1)       -1.362704     -0.950073   (eb)
 ( 6   2) <--> ( 6   1)       -1.196731      0.110167      0.110167   WU    22.084984     22.084984
 ( 6   2) <--> ( 6   2)       -0.322909     -0.225131   (eb)
 ( 6   3) <--> ( 6   1)        0.650455      0.032545      0.032545   WU     6.524362      6.524362
 ( 6   3) <--> ( 6   2)        0.419300      0.013524      0.013524   WU     2.711149      2.711149
 ( 6   3) <--> ( 6   3)       -1.615745     -1.126493   (eb)
 ( 6   4) <--> ( 6   1)       -0.043647      0.000147      0.000147   WU     0.029377      0.029377
 ( 6   4) <--> ( 6   2)        1.900989      0.277981      0.277981   WU    55.726687     55.726687
 ( 6   4) <--> ( 6   3)        0.164528      0.002082      0.002082   WU     0.417431      0.417431
 ( 6   4) <--> ( 6   4)        1.232784      0.859493   (eb)
 ( 6   1) <--> ( 7   1)        0.003862      0.000001      0.000001   WU     0.000230      0.000199
 ( 6   1) <--> ( 7   2)       -0.052851      0.000215      0.000186   WU     0.043074      0.037331
 ( 6   1) <--> ( 7   3)        0.054325      0.000227      0.000197   WU     0.045510      0.039442
 ( 6   1) <--> ( 7   4)       -0.044160      0.000150      0.000130   WU     0.030073      0.026063
 ( 6   2) <--> ( 7   1)       -1.378846      0.146247      0.126748   WU    29.318086     25.409008
 ( 6   2) <--> ( 7   2)       -0.027420      0.000058      0.000050   WU     0.011594      0.010049
 ( 6   2) <--> ( 7   3)       -0.110717      0.000943      0.000817   WU     0.189031      0.163827
 ( 6   2) <--> ( 7   4)        0.088442      0.000602      0.000521   WU     0.120620      0.104538
 ( 6   3) <--> ( 7   1)        0.564799      0.024538      0.021266   WU     4.919162      4.263274
 ( 6   3) <--> ( 7   2)        0.312298      0.007502      0.006502   WU     1.503982      1.303451
 ( 6   3) <--> ( 7   3)       -0.157805      0.001916      0.001660   WU     0.384012      0.332810
 ( 6   3) <--> ( 7   4)        0.071620      0.000395      0.000342   WU     0.079100      0.068554
 ( 6   4) <--> ( 7   1)       -0.497777      0.019060      0.016519   WU     3.820977      3.311513
 ( 6   4) <--> ( 7   2)        2.176366      0.364351      0.315771   WU    73.041187     63.302362
 ( 6   4) <--> ( 7   3)        0.916875      0.064666      0.056044   WU    12.963571     11.235095
 ( 6   4) <--> ( 7   4)       -0.364959      0.010246      0.008880   WU     2.053963      1.780102
 ( 6   1) <--> ( 8   1)        3.482352      0.932829      0.713340   WU   187.003268    143.002499
 ( 6   1) <--> ( 8   2)        0.227638      0.003986      0.003048   WU     0.799089      0.611068
 ( 6   1) <--> ( 8   3)        0.180475      0.002505      0.001916   WU     0.502270      0.384089
 ( 6   1) <--> ( 8   4)        0.144169      0.001599      0.001223   WU     0.320513      0.245098
 ( 6   2) <--> ( 8   1)       -0.660844      0.033593      0.025689   WU     6.734441      5.149867
 ( 6   2) <--> ( 8   2)        3.445760      0.913328      0.698427   WU   183.093970    140.013036
 ( 6   2) <--> ( 8   3)        0.502177      0.019399      0.014834   WU     3.888822      2.973805
 ( 6   2) <--> ( 8   4)        0.345444      0.009179      0.007019   WU     1.840172      1.407190
 ( 6   3) <--> ( 8   1)       -0.912018      0.063983      0.048928   WU    12.826564      9.808549
 ( 6   3) <--> ( 8   2)        1.481669      0.168873      0.129138   WU    33.853715     25.888135
 ( 6   3) <--> ( 8   3)       -3.804265      1.113264      0.851320   WU   223.174994    170.663231
 ( 6   3) <--> ( 8   4)       -1.565903      0.188619      0.144238   WU    37.812344     28.915322
 ( 6   4) <--> ( 8   1)        0.368795      0.010462      0.008001   WU     2.097361      1.603865
 ( 6   4) <--> ( 8   2)        0.167380      0.002155      0.001648   WU     0.432025      0.330372
 ( 6   4) <--> ( 8   3)        0.867106      0.057836      0.044228   WU    11.594406      8.866311
 ( 6   4) <--> ( 8   4)       -0.503782      0.019523      0.014929   WU     3.913723      2.992847
 ( 7   1) <--> ( 7   1)       -0.775449     -0.519289   (eb)
 ( 7   2) <--> ( 7   1)       -1.247399      0.103734      0.103734   WU    20.795384     20.795384
 ( 7   2) <--> ( 7   2)        0.364928      0.244378   (eb)
 ( 7   3) <--> ( 7   1)       -1.059820      0.074881      0.074881   WU    15.011382     15.011382
 ( 7   3) <--> ( 7   2)        0.707207      0.033343      0.033343   WU     6.684196      6.684196
 ( 7   3) <--> ( 7   3)       -2.365076     -1.583801   (eb)
 ( 7   4) <--> ( 7   1)        0.502377      0.016826      0.016826   WU     3.372993      3.372993
 ( 7   4) <--> ( 7   2)       -0.001508      0.000000      0.000000   WU     0.000030      0.000030
 ( 7   4) <--> ( 7   3)       -1.916417      0.244844      0.244844   WU    49.083580     49.083580
 ( 7   4) <--> ( 7   4)       -3.066357     -2.053422   (eb)
 ( 7   1) <--> ( 8   1)        1.498106      0.149622      0.132019   WU    29.994481     26.465718
 ( 7   1) <--> ( 8   2)       -1.112535      0.082516      0.072808   WU    16.541812     14.595716
 ( 7   1) <--> ( 8   3)        0.062101      0.000257      0.000227   WU     0.051542      0.045478
 ( 7   1) <--> ( 8   4)        0.068613      0.000314      0.000277   WU     0.062916      0.055515
 ( 7   2) <--> ( 8   1)        0.092179      0.000566      0.000500   WU     0.113559      0.100199
 ( 7   2) <--> ( 8   2)        1.571690      0.164681      0.145306   WU    33.013365     29.129440
 ( 7   2) <--> ( 8   3)       -0.422920      0.011924      0.010521   WU     2.390406      2.109182
 ( 7   2) <--> ( 8   4)       -0.588582      0.023095      0.020378   WU     4.629879      4.085187
 ( 7   3) <--> ( 8   1)       -0.056685      0.000214      0.000189   WU     0.042943      0.037891
 ( 7   3) <--> ( 8   2)       -0.120091      0.000961      0.000848   WU     0.192744      0.170068
 ( 7   3) <--> ( 8   3)        1.519894      0.154005      0.135887   WU    30.873257     27.241109
 ( 7   3) <--> ( 8   4)        0.559954      0.020903      0.018444   WU     4.190458      3.697463
 ( 7   4) <--> ( 8   1)        0.034144      0.000078      0.000069   WU     0.015580      0.013747
 ( 7   4) <--> ( 8   2)        0.104682      0.000731      0.000645   WU     0.146453      0.129223
 ( 7   4) <--> ( 8   3)        0.022571      0.000034      0.000030   WU     0.006809      0.006008
 ( 7   4) <--> ( 8   4)       -1.189838      0.094381      0.083277   WU    18.920452     16.694517
 ( 7   1) <--> ( 9   1)        3.858928      0.992755      0.783754   WU   199.016611    157.118377
 ( 7   1) <--> ( 9   2)       -0.297698      0.005908      0.004664   WU     1.184423      0.935071
 ( 7   1) <--> ( 9   3)        0.549381      0.020121      0.015885   WU     4.033696      3.184497
 ( 7   1) <--> ( 9   4)       -0.183440      0.002243      0.001771   WU     0.449721      0.355043
 ( 7   2) <--> ( 9   1)       -1.425037      0.135382      0.106880   WU    27.139894     21.426232
 ( 7   2) <--> ( 9   2)       -1.534866      0.157054      0.123990   WU    31.484500     24.856184
 ( 7   2) <--> ( 9   3)        3.384967      0.763867      0.603053   WU   153.131627    120.893390
 ( 7   2) <--> ( 9   4)       -0.212138      0.003000      0.002369   WU     0.601439      0.474820
 ( 7   3) <--> ( 9   1)        1.343043      0.120251      0.094935   WU    24.106584     19.031513
 ( 7   3) <--> ( 9   2)        5.120680      1.748091      1.380072   WU   350.438133    276.661684
 ( 7   3) <--> ( 9   3)        0.997203      0.066294      0.052338   WU    13.289950     10.492065
 ( 7   3) <--> ( 9   4)       -1.761695      0.206905      0.163346   WU    41.477996     32.745786
 ( 7   4) <--> ( 9   1)       -0.163600      0.001784      0.001409   WU     0.357702      0.282396
 ( 7   4) <--> ( 9   2)        4.595402      1.407848      1.111459   WU   282.229959    222.813125
 ( 7   4) <--> ( 9   3)        2.456974      0.402448      0.317722   WU    80.678393     63.693468
 ( 7   4) <--> ( 9   4)        3.975930      1.053868      0.832001   WU   211.267930    166.790471
 ( 8   1) <--> ( 8   1)       -1.365333     -0.879542   (eb)
 ( 8   2) <--> ( 8   1)       -1.099768      0.071146      0.071146   WU    14.262656     14.262656
 ( 8   2) <--> ( 8   2)       -0.485144     -0.312528   (eb)
 ( 8   3) <--> ( 8   1)       -0.788931      0.036612      0.036612   WU     7.339669      7.339669
 ( 8   3) <--> ( 8   2)        0.083670      0.000412      0.000412   WU     0.082555      0.082555
 ( 8   3) <--> ( 8   3)       -4.000634     -2.577192   (eb)
 ( 8   4) <--> ( 8   1)       -0.601121      0.021256      0.021256   WU     4.261105      4.261105
 ( 8   4) <--> ( 8   2)       -0.361285      0.007678      0.007678   WU     1.539208      1.539208
 ( 8   4) <--> ( 8   3)        2.320319      0.316699      0.316699   WU    63.488297     63.488297
 ( 8   4) <--> ( 8   4)       -3.919470     -2.524907   (eb)
 ( 8   1) <--> ( 9   1)        0.137394      0.001110      0.000994   WU     0.222604      0.199172
 ( 8   1) <--> ( 9   2)        0.026184      0.000040      0.000036   WU     0.008085      0.007234
 ( 8   1) <--> ( 9   3)       -0.034201      0.000069      0.000062   WU     0.013793      0.012341
 ( 8   1) <--> ( 9   4)       -0.057427      0.000194      0.000174   WU     0.038890      0.034796
 ( 8   2) <--> ( 9   1)       -1.184929      0.082592      0.073898   WU    16.557053     14.814206
 ( 8   2) <--> ( 9   2)       -0.002087      0.000000      0.000000   WU     0.000051      0.000046
 ( 8   2) <--> ( 9   3)        0.023264      0.000032      0.000028   WU     0.006382      0.005711
 ( 8   2) <--> ( 9   4)        0.103105      0.000625      0.000560   WU     0.125359      0.112164
 ( 8   3) <--> ( 9   1)       -0.581517      0.019892      0.017798   WU     3.987714      3.567954
 ( 8   3) <--> ( 9   2)        0.035609      0.000075      0.000067   WU     0.014953      0.013379
 ( 8   3) <--> ( 9   3)       -0.135711      0.001083      0.000969   WU     0.217184      0.194323
 ( 8   3) <--> ( 9   4)       -0.150239      0.001328      0.001188   WU     0.266172      0.238154
 ( 8   4) <--> ( 9   1)       -0.366091      0.007884      0.007054   WU     1.580436      1.414074
 ( 8   4) <--> ( 9   2)        0.829610      0.040485      0.036224   WU     8.116082      7.261757
 ( 8   4) <--> ( 9   3)       -0.230049      0.003113      0.002785   WU     0.624080      0.558388
 ( 8   4) <--> ( 9   4)       -0.195302      0.002244      0.002008   WU     0.449790      0.402444
 ( 8   1) <--> (10   1)        4.170072      1.022912      0.828071   WU   205.062169    166.002709
 ( 8   1) <--> (10   2)       -0.267869      0.004221      0.003417   WU     0.846145      0.684974
 ( 8   1) <--> (10   3)        0.385605      0.008747      0.007081   WU     1.753410      1.419427
 ( 8   1) <--> (10   4)       -0.254185      0.003801      0.003077   WU     0.761903      0.616778
 ( 8   2) <--> (10   1)       -1.325355      0.103327      0.083646   WU    20.713950     16.768436
 ( 8   2) <--> (10   2)       -2.627461      0.406091      0.328741   WU    81.408723     65.902300
 ( 8   2) <--> (10   3)        3.495692      0.718815      0.581898   WU   144.100245    116.652580
 ( 8   2) <--> (10   4)       -0.560435      0.018476      0.014957   WU     3.703814      2.998325
 ( 8   3) <--> (10   1)        1.045276      0.064271      0.052029   WU    12.884281     10.430132
 ( 8   3) <--> (10   2)        5.948877      2.081714      1.685197   WU   417.319257    337.829874
 ( 8   3) <--> (10   3)        3.073401      0.555635      0.449800   WU   111.387587     90.170903
 ( 8   3) <--> (10   4)       -1.776005      0.185541      0.150200   WU    37.195210     30.110408
 ( 8   4) <--> (10   1)        0.435551      0.011159      0.009034   WU     2.237055      1.810949
 ( 8   4) <--> (10   2)       -3.407971      0.683192      0.553060   WU   136.958891    110.871483
 ( 8   4) <--> (10   3)       -4.259549      1.067280      0.863988   WU   213.956591    173.202955
 ( 8   4) <--> (10   4)       -4.399480      1.138555      0.921687   WU   228.244949    184.769720
 ( 9   1) <--> ( 9   1)       -0.734595     -0.456097   (eb)
 ( 9   2) <--> ( 9   1)       -0.605811      0.019316      0.019316   WU     3.872289      3.872289
 ( 9   2) <--> ( 9   2)       -4.896360     -3.040063   (eb)
 ( 9   3) <--> ( 9   1)       -1.451289      0.110855      0.110855   WU    22.222941     22.222941
 ( 9   3) <--> ( 9   2)       -1.330927      0.093230      0.093230   WU    18.689685     18.689685
 ( 9   3) <--> ( 9   3)       -0.551558     -0.342453   (eb)
 ( 9   4) <--> ( 9   1)        1.241560      0.081130      0.081130   WU    16.264065     16.264065
 ( 9   4) <--> ( 9   2)       -1.484494      0.115985      0.115985   WU    23.251491     23.251491
 ( 9   4) <--> ( 9   3)       -1.363041      0.097783      0.097783   WU    19.602493     19.602493
 ( 9   4) <--> ( 9   4)       -1.610550     -0.999962   (eb)
 ( 9   1) <--> (10   1)        1.776333      0.166071      0.150255   WU    33.292193     30.121508
 ( 9   1) <--> (10   2)        0.809681      0.034504      0.031218   WU     6.917062      6.258294
 ( 9   1) <--> (10   3)       -0.964924      0.049004      0.044337   WU     9.823814      8.888213
 ( 9   1) <--> (10   4)       -0.270330      0.003846      0.003480   WU     0.771051      0.697617
 ( 9   2) <--> (10   1)       -0.164266      0.001420      0.001285   WU     0.284702      0.257588
 ( 9   2) <--> (10   2)        1.550015      0.126450      0.114407   WU    25.349290     22.935072
 ( 9   2) <--> (10   3)        0.246826      0.003206      0.002901   WU     0.642800      0.581581
 ( 9   2) <--> (10   4)       -1.396280      0.102610      0.092838   WU    20.570201     18.611135
 ( 9   3) <--> (10   1)        0.146204      0.001125      0.001018   WU     0.225533      0.204054
 ( 9   3) <--> (10   2)       -0.684175      0.024637      0.022290   WU     4.938879      4.468510
 ( 9   3) <--> (10   3)        1.579090      0.131238      0.118739   WU    26.309207     23.803568
 ( 9   3) <--> (10   4)       -0.019395      0.000020      0.000018   WU     0.003969      0.003591
 ( 9   4) <--> (10   1)        0.056456      0.000168      0.000152   WU     0.033629      0.030426
 ( 9   4) <--> (10   2)       -0.089518      0.000422      0.000382   WU     0.084550      0.076498
 ( 9   4) <--> (10   3)        0.066320      0.000231      0.000209   WU     0.046407      0.041987
 ( 9   4) <--> (10   4)        1.461041      0.112349      0.101650   WU    22.522592     20.377583
 (10   1) <--> (10   1)       -1.258099     -0.754348   (eb)
 (10   2) <--> (10   1)        0.066641      0.000211      0.000211   WU     0.042395      0.042395
 (10   2) <--> (10   2)       -4.646725     -2.786146   (eb)
 (10   3) <--> (10   1)       -1.130671      0.060877      0.060877   WU    12.203946     12.203946
 (10   3) <--> (10   2)       -2.778467      0.367613      0.367613   WU    73.695102     73.695102
 (10   3) <--> (10   3)       -2.842700     -1.704464   (eb)
 (10   4) <--> (10   1)        1.082035      0.055752      0.055752   WU    11.176622     11.176622
 (10   4) <--> (10   2)       -1.210867      0.069819      0.069819   WU    13.996544     13.996544
 (10   4) <--> (10   3)       -1.358583      0.087893      0.087893   WU    17.619775     17.619775
 (10   4) <--> (10   4)       -3.047070     -1.827003   (eb)
 
  quadrupole shape invariant: 01+, 02+, 03+, 04+
quadr2     1.47379588     2.06776384     2.26639067     3.23594068
quadr3     0.98765994     1.49253639     1.60904225     3.73418571
  effective deformation parameters:  01+, 02+, 03+, 04+
beteff     0.17408593     0.20620324     0.21587999     0.25795579
cos3ga     0.55201570     0.50196510     0.47159076     0.64149767
 
 ********* END Transition **************************
