 ********* BEGIN READER ****************************
 
 Nucleus            :  No 102 184
 Imin, Imax         :     0  10
 imu, remu          :     1 12.0000
 nlevel             :     4
 observables        :     2
 wave fun           :     1
 nbet, ngam, npar   :    10   7  10
 Finish reading parameters: V, B_k ...
 
 ********* END READER ******************************
 
 ********* BEGIN LEVELS ********************
 
 E_0 = -2049.675543
 
  I=   0   ntot= 127
   0   1    0.000000
   0   2    2.061055
   0   3    3.009238
   0   4    3.396852
 
  I=   2   ntot= 234
   2   1    1.735189
   2   2    2.723385
   2   3    3.231106
   2   4    3.436781
 
  I=   3   ntot= 108
   3   1    3.860884
   3   2    3.874404
   3   3    4.347427
   3   4    4.606924
 
  I=   4   ntot= 324
   4   1    2.984791
   4   2    3.529030
   4   3    3.646658
   4   4    3.920269
 
  I=   5   ntot= 198
   5   1    3.992560
   5   2    4.442756
   5   3    4.513518
   5   4    4.589994
 
  I=   6   ntot= 432
   6   1    3.671991
   6   2    3.875703
   6   3    4.073645
   6   4    4.291190
 
  I=   7   ntot= 306
   7   1    4.173710
   7   2    4.641336
   7   3    4.741136
   7   4    5.058606
 
  I=   8   ntot= 522
   8   1    3.863766
   8   2    4.276788
   8   3    4.508118
   8   4    4.687650
 
  I=   9   ntot= 397
   9   1    4.404411
   9   2    4.885955
   9   3    5.007334
   9   4    5.324763
 
  I=  10   ntot= 630
  10   1    4.102455
  10   2    4.527647
  10   3    4.771770
  10   4    5.006822
 
 ********* END LEVELS **********************
 
 ********* BEGIN Transition ************************
 
  Monopole moment 
 
   I   n    <In|E0|In>   ave \beta      del<b>   ave \gamma    del<g>  
     K=0       K=2       K=4   
   0   1     37.563908    0.069444    0.025324   26.555411   12.338981  100.0000    0.0000    0.0000
   0   2     37.838581    0.122343    0.034746   32.829894   11.292961  100.0000    0.0000    0.0000
   0   3     38.027653    0.158367    0.050003   37.239533   10.126804  100.0000    0.0000    0.0000
   0   4     41.115049    0.527588    0.060452    8.756363    8.346212   99.9996    0.0000    0.0000
   2   1     37.669031    0.090080    0.028286   29.614972   11.591639   55.4554   44.5446    0.0000
   2   2     37.940109    0.141241    0.039932   36.341986    9.814178   36.7244   63.2756    0.0000
   2   3     37.913759    0.137280    0.042153   26.994676    9.851071   66.8719   33.1281    0.0000
   2   4     41.127792    0.528693    0.060257    8.698494    8.289092   99.9843    0.0153    0.0000
   3   1     40.365989    0.459050    0.119731   12.871915    9.132895    0.0000   99.9998    0.0000
   3   2     38.719011    0.280130    0.181833   16.206617   13.163735    0.0000   99.9999    0.0000
   3   3     40.505033    0.464742    0.115053   15.438753   12.881297    0.0000   99.9997    0.0000
   3   4     39.007211    0.311388    0.171229   19.696114   15.265851    0.0000   99.9999    0.0000
   4   1     37.882891    0.129906    0.035826   34.189258    9.931245   35.5789   37.9703   26.4508
   4   2     41.155089    0.531030    0.059870    8.587751    8.186995   99.8732    0.1239    0.0025
   4   3     38.024829    0.158377    0.056860   37.678534   10.708009   31.2871   36.7058   32.0071
   4   4     40.993365    0.511670    0.064369   12.227476    8.023511    0.8103   99.0965    0.0929
   5   1     41.034256    0.515328    0.062883   12.034868    7.771014    0.0000   99.8534    0.1463
   5   2     40.751903    0.484418    0.077043   15.889535    8.917561    0.0000    8.6837   91.3161
   5   3     40.491942    0.465561    0.120812   14.773223   12.039644    0.0000   85.9950   14.0046
   5   4     38.717297    0.274019    0.171505   19.389270   14.996939    0.0000   67.9843   32.0156
   6   1     41.193777    0.534294    0.059449    8.455316    8.068836   99.5237    0.4733    0.0015
   6   2     38.077364    0.163532    0.042186   35.444558   10.844405   29.6479   36.4638   19.1003
   6   3     41.051253    0.516836    0.063848   11.952842    7.964508    2.4186   97.2474    0.3233
   6   4     40.881751    0.504321    0.098205   11.668534   13.026942   94.6321    5.1757    0.1299
   7   1     41.103656    0.521460    0.061892   11.727415    7.520351    0.0000   99.4622    0.5347
   7   2     40.913515    0.499211    0.072238   15.107696    8.722666    0.0000   11.5844   87.7583
   7   3     40.933266    0.504547    0.098115   13.628854   11.022760    0.0000   86.6950   13.2539
   7   4     40.600955    0.468555    0.108056   17.451816   11.474460    0.0000   17.6491   45.9082
   8   1     41.240769    0.538191    0.059071    8.327704    7.950516   98.8157    1.1782    0.0044
   8   2     41.112682    0.522217    0.063828   11.693233    8.018203    5.0814   94.0516    0.8580
   8   3     40.970553    0.512710    0.097007   11.194401   12.600355   89.9519    9.7824    0.1967
   8   4     38.498893    0.236356    0.136233   25.216057   16.337685   28.7335   36.4885   19.1777
   9   1     41.179483    0.528012    0.061033   11.441779    7.279137    0.0000   98.7734    1.2163
   9   2     41.017084    0.508727    0.072031   14.555490    8.670927    0.0000   15.0315   83.3084
   9   3     41.060528    0.516267    0.095248   13.085960   10.245565    0.0000   82.2725   17.5870
   9   4     40.968871    0.502505    0.094275   15.844974   10.338063    0.0000   35.9297   38.1808
  10   1     41.294776    0.542592    0.058738    8.219157    7.836485   97.6921    2.2907    0.0150
  10   2     41.179648    0.527992    0.064014   11.441505    8.126638    8.5326   89.7758    1.6715
  10   3     41.074084    0.522158    0.094654   10.760577   12.039089   85.0124   14.7347    0.2292
  10   4     41.160079    0.524617    0.081976   12.935764    9.501374   52.4589   17.7778   28.7370
 
  rho^2(E0) 
 
   I  n_1 n_2  <In_1|E0|In_2>  rho^2(E0) 
   0   1   1       37.563908 3757.180612
   0   2   1        0.065816    0.011534
   0   2   2       37.838581 3812.327754
   0   3   1        0.037472    0.003739
   0   3   2       -0.160482    0.068576
   0   3   3       38.027653 3850.521754
   0   4   1       -0.000208    0.000000
   0   4   2       -0.000234    0.000000
   0   4   3        0.010347    0.000285
   0   4   4       41.115049 4501.136379
   2   1   1       37.669031 3778.239094
   2   2   1        0.101014    0.027170
   2   2   2       37.940109 3832.813487
   2   3   1        0.034216    0.003117
   2   3   2        0.057895    0.008925
   2   3   3       37.913759 3827.491469
   2   4   1       -0.000226    0.000000
   2   4   2       -0.000843    0.000002
   2   4   3       -0.017625    0.000827
   2   4   4       41.127792 4503.926767
   3   1   1       40.365989 4338.621278
   3   2   1       -1.173786    3.668586
   3   2   2       38.719011 3991.802637
   3   3   1        0.492631    0.646196
   3   3   2       -0.401704    0.429669
   3   3   3       40.505033 4368.562138
   3   4   1       -0.254866    0.172960
   3   4   2       -0.086170    0.019771
   3   4   3       -0.791958    1.670033
   3   4   4       39.007211 4051.448743
   4   1   1       37.882891 3821.261580
   4   2   1       -0.003229    0.000028
   4   2   2       41.155089 4509.907492
   4   3   1       -0.176974    0.083395
   4   3   2       -0.034128    0.003101
   4   3   3       38.024829 3849.949907
   4   4   1        0.000546    0.000001
   4   4   2        0.044011    0.005158
   4   4   3       -0.038295    0.003905
   4   4   4       40.993365 4474.532605
   5   1   1       41.034256 4483.463778
   5   2   1       -0.179647    0.085933
   5   2   2       40.751903 4421.975381
   5   3   1        0.576508    0.884975
   5   3   2        0.193176    0.099363
   5   3   3       40.491942 4365.738879
   5   4   1       -0.228604    0.139151
   5   4   2        0.363445    0.351721
   5   4   3       -0.828821    1.829121
   5   4   4       38.717297 3991.449206
   6   1   1       41.193777 4518.390506
   6   2   1        0.023584    0.001481
   6   2   2       38.077364 3860.595387
   6   3   1       -0.075535    0.015192
   6   3   2       -0.040524    0.004373
   6   3   3       41.051253 4487.178757
   6   4   1        0.580295    0.896639
   6   4   2        0.050255    0.006725
   6   4   3        0.104475    0.029063
   6   4   4       40.881751 4450.199863
   7   1   1       41.103656 4498.642172
   7   2   1       -0.216293    0.124568
   7   2   2       40.913515 4457.117974
   7   3   1        0.617609    1.015660
   7   3   2        0.094013    0.023534
   7   3   3       40.933266 4461.422296
   7   4   1       -0.159542    0.067775
   7   4   2        0.534485    0.760662
   7   4   3       -0.109793    0.032097
   7   4   4       40.600955 4389.277451
   8   1   1       41.240769 4528.705093
   8   2   1       -0.106375    0.030130
   8   2   2       41.112682 4500.617967
   8   3   1       -0.589443    0.925135
   8   3   2       -0.135718    0.049045
   8   3   3       40.970553 4469.554128
   8   4   1       -0.090058    0.021595
   8   4   2        0.152928    0.062272
   8   4   3        0.263131    0.184360
   8   4   4       38.498893 3946.544647
   9   1   1       41.179483 4515.255369
   9   2   1        0.243339    0.157668
   9   2   2       41.017084 4479.712203
   9   3   1        0.621142    1.027312
   9   3   2       -0.117551    0.036793
   9   3   3       41.060528 4489.206622
   9   4   1        0.223218    0.132672
   9   4   2        0.509923    0.692357
   9   4   3        0.118203    0.037203
   9   4   4       40.968871 4469.187130
  10   1   1       41.294776 4540.574006
  10   2   1       -0.132562    0.046791
  10   2   2       41.179648 4515.291585
  10   3   1       -0.601856    0.964509
  10   3   2       -0.159243    0.067521
  10   3   3       41.074084 4492.171431
  10   4   1        0.316461    0.266662
  10   4   2       -0.283097    0.213398
  10   4   3       -0.167835    0.075004
  10   4   4       41.160079 4511.001104
 
  E2 transition 
 
  I1  n1        I2  n2       <f||E2||i>   B(E2,I1->I2)  B(E2,I2->I1)
 ( 0   1) <--> ( 2   1)        1.024417      1.049431      0.209886   WU    93.758943     18.751789
 ( 0   1) <--> ( 2   2)       -0.334417      0.111835      0.022367   WU     9.991589      1.998318
 ( 0   1) <--> ( 2   3)        0.231660      0.053666      0.010733   WU     4.794696      0.958939
 ( 0   1) <--> ( 2   4)        0.000968      0.000001      0.000000   WU     0.000084      0.000017
 ( 0   2) <--> ( 2   1)        0.833383      0.694528      0.138906   WU    62.050927     12.410185
 ( 0   2) <--> ( 2   2)        1.253916      1.572304      0.314461   WU   140.473795     28.094759
 ( 0   2) <--> ( 2   3)        0.878901      0.772467      0.154493   WU    69.014194     13.802839
 ( 0   2) <--> ( 2   4)        0.007919      0.000063      0.000013   WU     0.005603      0.001121
 ( 0   3) <--> ( 2   1)        0.169928      0.028876      0.005775   WU     2.579826      0.515965
 ( 0   3) <--> ( 2   2)       -1.183942      1.401718      0.280344   WU   125.233155     25.046631
 ( 0   3) <--> ( 2   3)       -0.716795      0.513795      0.102759   WU    45.903814      9.180763
 ( 0   3) <--> ( 2   4)        0.038022      0.001446      0.000289   WU     0.129159      0.025832
 ( 0   4) <--> ( 2   1)       -0.003230      0.000010      0.000002   WU     0.000932      0.000186
 ( 0   4) <--> ( 2   2)        0.005138      0.000026      0.000005   WU     0.002358      0.000472
 ( 0   4) <--> ( 2   3)       -0.047690      0.002274      0.000455   WU     0.203199      0.040640
 ( 0   4) <--> ( 2   4)        7.963561     63.418300     12.683660   WU  5665.957889   1133.191578
 ( 2   1) <--> ( 2   1)        0.314838      0.238626   (eb)
 ( 2   2) <--> ( 2   1)        0.640743      0.082110      0.082110   WU     7.335945      7.335945
 ( 2   2) <--> ( 2   2)        1.552790      1.176911   (eb)
 ( 2   3) <--> ( 2   1)       -1.377906      0.379725      0.379725   WU    33.925606     33.925606
 ( 2   3) <--> ( 2   2)       -0.617131      0.076170      0.076170   WU     6.805237      6.805237
 ( 2   3) <--> ( 2   3)       -1.513554     -1.147173   (eb)
 ( 2   4) <--> ( 2   1)       -0.009202      0.000017      0.000017   WU     0.001513      0.001513
 ( 2   4) <--> ( 2   2)       -0.007322      0.000011      0.000011   WU     0.000958      0.000958
 ( 2   4) <--> ( 2   3)        0.040962      0.000336      0.000336   WU     0.029982      0.029982
 ( 2   4) <--> ( 2   4)       -9.500467     -7.200719   (eb)
 ( 2   1) <--> ( 3   1)        0.211145      0.008916      0.006369   WU     0.796618      0.569013
 ( 2   1) <--> ( 3   2)        0.424617      0.036060      0.025757   WU     3.221686      2.301204
 ( 2   1) <--> ( 3   3)        0.091373      0.001670      0.001193   WU     0.149184      0.106560
 ( 2   1) <--> ( 3   4)        0.336299      0.022619      0.016157   WU     2.020879      1.443485
 ( 2   2) <--> ( 3   1)        0.720584      0.103848      0.074177   WU     9.278084      6.627203
 ( 2   2) <--> ( 3   2)        1.400658      0.392369      0.280263   WU    35.055238     25.039455
 ( 2   2) <--> ( 3   3)        0.092189      0.001700      0.001214   WU     0.151861      0.108472
 ( 2   2) <--> ( 3   4)        0.131044      0.003435      0.002453   WU     0.306848      0.219177
 ( 2   3) <--> ( 3   1)       -0.862236      0.148690      0.106207   WU    13.284374      9.488839
 ( 2   3) <--> ( 3   2)       -1.682110      0.565899      0.404213   WU    50.558892     36.113494
 ( 2   3) <--> ( 3   3)       -0.202140      0.008172      0.005837   WU     0.730119      0.521514
 ( 2   3) <--> ( 3   4)       -0.618166      0.076426      0.054590   WU     6.828096      4.877211
 ( 2   4) <--> ( 3   1)        1.071952      0.229816      0.164154   WU    20.532386     14.665990
 ( 2   4) <--> ( 3   2)       -0.567553      0.064423      0.046017   WU     5.755744      4.111246
 ( 2   4) <--> ( 3   3)        0.052561      0.000553      0.000395   WU     0.049364      0.035260
 ( 2   4) <--> ( 3   4)        0.006399      0.000008      0.000006   WU     0.000732      0.000523
 ( 2   1) <--> ( 4   1)        1.873934      0.702326      0.390181   WU    62.747618     34.859788
 ( 2   1) <--> ( 4   2)        0.005678      0.000006      0.000004   WU     0.000576      0.000320
 ( 2   1) <--> ( 4   3)        0.961492      0.184893      0.102718   WU    16.518845      9.177136
 ( 2   1) <--> ( 4   4)        0.022769      0.000104      0.000058   WU     0.009264      0.005146
 ( 2   2) <--> ( 4   1)        2.045193      0.836563      0.464757   WU    74.740764     41.522647
 ( 2   2) <--> ( 4   2)       -0.016430      0.000054      0.000030   WU     0.004824      0.002680
 ( 2   2) <--> ( 4   3)       -2.018005      0.814469      0.452483   WU    72.766786     40.425992
 ( 2   2) <--> ( 4   4)       -0.021942      0.000096      0.000053   WU     0.008603      0.004779
 ( 2   3) <--> ( 4   1)        0.884807      0.156577      0.086987   WU    13.988982      7.771657
 ( 2   3) <--> ( 4   2)       -0.083709      0.001401      0.000779   WU     0.125209      0.069561
 ( 2   3) <--> ( 4   3)       -0.453345      0.041104      0.022836   WU     3.672375      2.040208
 ( 2   3) <--> ( 4   4)        0.056135      0.000630      0.000350   WU     0.056306      0.031281
 ( 2   4) <--> ( 4   1)       -0.002654      0.000001      0.000001   WU     0.000126      0.000070
 ( 2   4) <--> ( 4   2)       12.830690     32.925323     18.291846   WU  2941.635057   1634.241698
 ( 2   4) <--> ( 4   3)       -0.099537      0.001982      0.001101   WU     0.177033      0.098352
 ( 2   4) <--> ( 4   4)       -0.421121      0.035469      0.019705   WU     3.168863      1.760480
 ( 3   1) <--> ( 3   1)        0.000000      0.000000   (eb)
 ( 3   2) <--> ( 3   1)        0.000000      0.000000      0.000000   WU     0.000000      0.000000
 ( 3   2) <--> ( 3   2)        0.000000      0.000000   (eb)
 ( 3   3) <--> ( 3   1)        0.000000      0.000000      0.000000   WU     0.000000      0.000000
 ( 3   3) <--> ( 3   2)        0.000000      0.000000      0.000000   WU     0.000000      0.000000
 ( 3   3) <--> ( 3   3)        0.000000      0.000000   (eb)
 ( 3   4) <--> ( 3   1)        0.000000      0.000000      0.000000   WU     0.000000      0.000000
 ( 3   4) <--> ( 3   2)        0.000000      0.000000      0.000000   WU     0.000000      0.000000
 ( 3   4) <--> ( 3   3)        0.000000      0.000000      0.000000   WU     0.000000      0.000000
 ( 3   4) <--> ( 3   4)        0.000000      0.000000   (eb)
 ( 3   1) <--> ( 4   1)        0.703356      0.070673      0.054968   WU     6.314099      4.910966
 ( 3   1) <--> ( 4   2)       -1.093188      0.170723      0.132784   WU    15.252825     11.863308
 ( 3   1) <--> ( 4   3)       -0.534110      0.040753      0.031697   WU     3.641014      2.831900
 ( 3   1) <--> ( 4   4)       10.408113     15.475546     12.036536   WU  1382.626053   1075.375819
 ( 3   2) <--> ( 4   1)        1.372953      0.269286      0.209444   WU    24.058683     18.712309
 ( 3   2) <--> ( 4   2)        0.548500      0.042979      0.033428   WU     3.839848      2.986548
 ( 3   2) <--> ( 4   3)       -0.761550      0.082851      0.064440   WU     7.402148      5.757226
 ( 3   2) <--> ( 4   4)       -5.348451      4.086561      3.178436   WU   365.104078    283.969838
 ( 3   3) <--> ( 4   1)        0.132987      0.002527      0.001965   WU     0.225725      0.175564
 ( 3   3) <--> ( 4   2)       -0.066977      0.000641      0.000498   WU     0.057254      0.044531
 ( 3   3) <--> ( 4   3)        0.325758      0.015160      0.011791   WU     1.354410      1.053430
 ( 3   3) <--> ( 4   4)        1.653190      0.390434      0.303671   WU    34.882390     27.130748
 ( 3   4) <--> ( 4   1)        0.356659      0.018172      0.014134   WU     1.623558      1.262768
 ( 3   4) <--> ( 4   2)        0.015766      0.000036      0.000028   WU     0.003172      0.002467
 ( 3   4) <--> ( 4   3)        1.012681      0.146503      0.113947   WU    13.088978     10.180316
 ( 3   4) <--> ( 4   4)       -0.396747      0.022487      0.017490   WU     2.009037      1.562585
 ( 3   1) <--> ( 5   1)       -9.854356     13.872619      8.828030   WU  1239.416317    788.719474
 ( 3   1) <--> ( 5   2)       -1.129345      0.182203      0.115947   WU    16.278478     10.359031
 ( 3   1) <--> ( 5   3)       -0.512736      0.037557      0.023900   WU     3.355437      2.135278
 ( 3   1) <--> ( 5   4)        1.635480      0.382114      0.243163   WU    34.139030     21.724838
 ( 3   2) <--> ( 5   1)        5.081496      3.688800      2.347418   WU   329.567086    209.724510
 ( 3   2) <--> ( 5   2)       -0.051201      0.000375      0.000238   WU     0.033460      0.021293
 ( 3   2) <--> ( 5   3)        1.918390      0.525746      0.334565   WU    46.971499     29.890954
 ( 3   2) <--> ( 5   4)        2.616868      0.978285      0.622545   WU    87.402586     55.619828
 ( 3   3) <--> ( 5   1)       -1.883637      0.506870      0.322553   WU    45.285061     28.817766
 ( 3   3) <--> ( 5   2)        3.509496      1.759508      1.119687   WU   157.199112    100.035799
 ( 3   3) <--> ( 5   3)       -8.598753     10.562651      6.721687   WU   943.695086    600.533236
 ( 3   3) <--> ( 5   4)        3.295595      1.551564      0.987359   WU   138.620769     88.213216
 ( 3   4) <--> ( 5   1)        0.440867      0.027766      0.017669   WU     2.480707      1.578632
 ( 3   4) <--> ( 5   2)       -0.635019      0.057607      0.036659   WU     5.146766      3.275215
 ( 3   4) <--> ( 5   3)        2.231888      0.711617      0.452847   WU    63.577779     40.458587
 ( 3   4) <--> ( 5   4)       -3.300288      1.555986      0.990173   WU   139.015862     88.464639
 ( 4   1) <--> ( 4   1)        0.821606      0.619569   (eb)
 ( 4   2) <--> ( 4   1)        0.005267      0.000003      0.000003   WU     0.000275      0.000275
 ( 4   2) <--> ( 4   2)      -12.133456     -9.149784   (eb)
 ( 4   3) <--> ( 4   1)       -0.886746      0.087369      0.087369   WU     7.805744      7.805744
 ( 4   3) <--> ( 4   2)        0.153690      0.002625      0.002625   WU     0.234482      0.234482
 ( 4   3) <--> ( 4   3)        1.535036      1.157564   (eb)
 ( 4   4) <--> ( 4   1)       -0.052315      0.000304      0.000304   WU     0.027169      0.027169
 ( 4   4) <--> ( 4   2)       -1.819778      0.367955      0.367955   WU    32.874055     32.874055
 ( 4   4) <--> ( 4   3)        0.081314      0.000735      0.000735   WU     0.065636      0.065636
 ( 4   4) <--> ( 4   4)       -4.555331     -3.435155   (eb)
 ( 4   1) <--> ( 5   1)       -0.010275      0.000012      0.000010   WU     0.001048      0.000858
 ( 4   1) <--> ( 5   2)       -0.112502      0.001406      0.001151   WU     0.125643      0.102799
 ( 4   1) <--> ( 5   3)        0.304431      0.010298      0.008425   WU     0.920015      0.752739
 ( 4   1) <--> ( 5   4)        0.876623      0.085385      0.069861   WU     7.628556      6.241546
 ( 4   2) <--> ( 5   1)       -1.177226      0.153985      0.125987   WU    13.757394     11.256049
 ( 4   2) <--> ( 5   2)       -0.003026      0.000001      0.000001   WU     0.000091      0.000074
 ( 4   2) <--> ( 5   3)       -0.039107      0.000170      0.000139   WU     0.015182      0.012422
 ( 4   2) <--> ( 5   4)       -0.005147      0.000003      0.000002   WU     0.000263      0.000215
 ( 4   3) <--> ( 5   1)        0.126822      0.001787      0.001462   WU     0.159663      0.130633
 ( 4   3) <--> ( 5   2)        0.255715      0.007266      0.005945   WU     0.649125      0.531102
 ( 4   3) <--> ( 5   3)       -0.544629      0.032958      0.026966   WU     2.944544      2.409173
 ( 4   3) <--> ( 5   4)       -1.298165      0.187248      0.153203   WU    16.729234     13.687555
 ( 4   4) <--> ( 5   1)      -10.909786     13.224824     10.820311   WU  1181.540639    966.715068
 ( 4   4) <--> ( 5   2)        2.122411      0.500514      0.409512   WU    44.717263     36.586852
 ( 4   4) <--> ( 5   3)       -0.624994      0.043402      0.035511   WU     3.877648      3.172621
 ( 4   4) <--> ( 5   4)        0.423365      0.019915      0.016294   WU     1.779291      1.455784
 ( 4   1) <--> ( 6   1)       -0.025691      0.000073      0.000051   WU     0.006552      0.004536
 ( 4   1) <--> ( 6   2)        3.668846      1.495603      1.035418   WU   133.621137     92.506941
 ( 4   1) <--> ( 6   3)        0.055822      0.000346      0.000240   WU     0.030934      0.021416
 ( 4   1) <--> ( 6   4)       -0.075672      0.000636      0.000440   WU     0.056844      0.039354
 ( 4   2) <--> ( 6   1)       16.308892     29.553329     20.459997   WU  2640.372239   1827.950012
 ( 4   2) <--> ( 6   2)        0.071566      0.000569      0.000394   WU     0.050843      0.035199
 ( 4   2) <--> ( 6   3)        0.121847      0.001650      0.001142   WU     0.147384      0.102035
 ( 4   2) <--> ( 6   4)        1.352657      0.203298      0.140745   WU    18.163168     12.574501
 ( 4   3) <--> ( 6   1)       -0.144436      0.002318      0.001605   WU     0.207093      0.143372
 ( 4   3) <--> ( 6   2)       -2.493212      0.690678      0.478162   WU    61.707030     42.720252
 ( 4   3) <--> ( 6   3)        0.177181      0.003488      0.002415   WU     0.311637      0.215748
 ( 4   3) <--> ( 6   4)       -0.333380      0.012349      0.008549   WU     1.103302      0.763824
 ( 4   4) <--> ( 6   1)       -0.618581      0.042516      0.029434   WU     3.798479      2.629716
 ( 4   4) <--> ( 6   2)        0.192900      0.004134      0.002862   WU     0.369386      0.255729
 ( 4   4) <--> ( 6   3)      -13.472675     20.168109     13.962537   WU  1801.871917   1247.449788
 ( 4   4) <--> ( 6   4)       -0.529795      0.031187      0.021591   WU     2.786325      1.928994
 ( 5   1) <--> ( 5   1)       -7.620249     -5.533268   (eb)
 ( 5   2) <--> ( 5   1)        1.923795      0.336453      0.336453   WU    30.059640     30.059640
 ( 5   2) <--> ( 5   2)        6.206788      4.506916   (eb)
 ( 5   3) <--> ( 5   1)       -0.409799      0.015267      0.015267   WU     1.363979      1.363979
 ( 5   3) <--> ( 5   2)        3.341840      1.015263      1.015263   WU    90.706301     90.706301
 ( 5   3) <--> ( 5   3)       -4.738787     -3.440961   (eb)
 ( 5   4) <--> ( 5   1)        0.386450      0.013577      0.013577   WU     1.212980      1.212980
 ( 5   4) <--> ( 5   2)       -0.394153      0.014123      0.014123   WU     1.261814      1.261814
 ( 5   4) <--> ( 5   3)        2.701473      0.663451      0.663451   WU    59.274428     59.274428
 ( 5   4) <--> ( 5   4)       -0.884216     -0.642053   (eb)
 ( 5   1) <--> ( 6   1)        1.846070      0.309816      0.262152   WU    27.679757     23.421333
 ( 5   1) <--> ( 6   2)       -0.133820      0.001628      0.001378   WU     0.145449      0.123072
 ( 5   1) <--> ( 6   3)       10.244361      9.540631      8.072841   WU   852.385053    721.248891
 ( 5   1) <--> ( 6   4)        0.825340      0.061926      0.052399   WU     5.532630      4.681456
 ( 5   2) <--> ( 6   1)       -0.017535      0.000028      0.000024   WU     0.002497      0.002113
 ( 5   2) <--> ( 6   2)       -0.397417      0.014358      0.012149   WU     1.282800      1.085446
 ( 5   2) <--> ( 6   3)        0.615990      0.034495      0.029188   WU     3.081863      2.607730
 ( 5   2) <--> ( 6   4)       -0.998188      0.090580      0.076645   WU     8.092656      6.847632
 ( 5   3) <--> ( 6   1)        0.091222      0.000756      0.000640   WU     0.067587      0.057189
 ( 5   3) <--> ( 6   2)        0.865176      0.068048      0.057579   WU     6.079603      5.144280
 ( 5   3) <--> ( 6   3)        1.523873      0.211108      0.178630   WU    18.860951     15.959266
 ( 5   3) <--> ( 6   4)        2.773628      0.699365      0.591770   WU    62.483106     52.870320
 ( 5   4) <--> ( 6   1)       -0.031888      0.000092      0.000078   WU     0.008259      0.006988
 ( 5   4) <--> ( 6   2)        2.156215      0.422660      0.357636   WU    37.761598     31.952122
 ( 5   4) <--> ( 6   3)       -0.375067      0.012789      0.010821   WU     1.142574      0.966794
 ( 5   4) <--> ( 6   4)       -1.098591      0.109718      0.092839   WU     9.802535      8.294453
 ( 5   1) <--> ( 7   1)       15.434083     21.655539     15.880728   WU  1934.762846   1418.826087
 ( 5   1) <--> ( 7   2)        0.400215      0.014561      0.010678   WU     1.300929      0.954015
 ( 5   1) <--> ( 7   3)        1.425072      0.184621      0.135389   WU    16.494514     12.095977
 ( 5   1) <--> ( 7   4)       -0.155949      0.002211      0.001621   WU     0.197529      0.144855
 ( 5   2) <--> ( 7   1)       -0.436947      0.017357      0.012728   WU     1.550682      1.137167
 ( 5   2) <--> ( 7   2)       10.340788      9.721082      7.128793   WU   868.507060    636.905177
 ( 5   2) <--> ( 7   3)       -0.495837      0.022350      0.016390   WU     1.996840      1.464350
 ( 5   2) <--> ( 7   4)       -0.992493      0.089549      0.065670   WU     8.000573      5.867087
 ( 5   3) <--> ( 7   1)        2.559838      0.595707      0.436851   WU    53.221990     39.029459
 ( 5   3) <--> ( 7   2)       -1.792104      0.291967      0.214109   WU    26.085106     19.129078
 ( 5   3) <--> ( 7   3)       12.840157     14.988147     10.991308   WU  1339.080535    981.992392
 ( 5   3) <--> ( 7   4)        0.216281      0.004253      0.003119   WU     0.379931      0.278616
 ( 5   4) <--> ( 7   1)       -0.910207      0.075316      0.055232   WU     6.728942      4.934558
 ( 5   4) <--> ( 7   2)        2.336692      0.496375      0.364009   WU    44.347488     32.521491
 ( 5   4) <--> ( 7   3)       -4.879801      2.164769      1.587497   WU   193.406135    141.831166
 ( 5   4) <--> ( 7   4)        2.325735      0.491731      0.360603   WU    43.932577     32.217223
 ( 6   1) <--> ( 6   1)      -14.408324    -10.045441   (eb)
 ( 6   2) <--> ( 6   1)       -0.126414      0.001229      0.001229   WU     0.109826      0.109826
 ( 6   2) <--> ( 6   2)        0.929452      0.648011   (eb)
 ( 6   3) <--> ( 6   1)        2.271958      0.397061      0.397061   WU    35.474467     35.474467
 ( 6   3) <--> ( 6   2)        0.134852      0.001399      0.001399   WU     0.124977      0.124977
 ( 6   3) <--> ( 6   3)       -9.717078     -6.774718   (eb)
 ( 6   4) <--> ( 6   1)       -1.402870      0.151388      0.151388   WU    13.525413     13.525413
 ( 6   4) <--> ( 6   2)       -0.168243      0.002177      0.002177   WU     0.194532      0.194532
 ( 6   4) <--> ( 6   3)       -0.949598      0.069364      0.069364   WU     6.197186      6.197186
 ( 6   4) <--> ( 6   4)      -12.789457     -8.916772   (eb)
 ( 6   1) <--> ( 7   1)       -1.073557      0.088656      0.076835   WU     7.920741      6.864642
 ( 6   1) <--> ( 7   2)       -0.031125      0.000075      0.000065   WU     0.006658      0.005770
 ( 6   1) <--> ( 7   3)       -0.023905      0.000044      0.000038   WU     0.003927      0.003404
 ( 6   1) <--> ( 7   4)        0.017025      0.000022      0.000019   WU     0.001992      0.001726
 ( 6   2) <--> ( 7   1)       -0.105862      0.000862      0.000747   WU     0.077018      0.066749
 ( 6   2) <--> ( 7   2)       -0.062773      0.000303      0.000263   WU     0.027081      0.023470
 ( 6   2) <--> ( 7   3)        0.080911      0.000504      0.000436   WU     0.044992      0.038993
 ( 6   2) <--> ( 7   4)        0.282466      0.006137      0.005319   WU     0.548338      0.475226
 ( 6   3) <--> ( 7   1)        9.518649      6.969591      6.040313   WU   622.681642    539.657423
 ( 6   3) <--> ( 7   2)       -2.102582      0.340065      0.294723   WU    30.382344     26.331365
 ( 6   3) <--> ( 7   3)        0.440381      0.014918      0.012929   WU     1.332823      1.155113
 ( 6   3) <--> ( 7   4)       -0.269130      0.005572      0.004829   WU     0.497782      0.431411
 ( 6   4) <--> ( 7   1)        2.607456      0.522987      0.453255   WU    46.725001     40.495001
 ( 6   4) <--> ( 7   2)       -0.226965      0.003963      0.003434   WU     0.354026      0.306822
 ( 6   4) <--> ( 7   3)       -0.544604      0.022815      0.019773   WU     2.038343      1.766564
 ( 6   4) <--> ( 7   4)       -0.199430      0.003059      0.002651   WU     0.273336      0.236891
 ( 6   1) <--> ( 8   1)       19.268604     28.559931     21.839947   WU  2551.619392   1951.238358
 ( 6   1) <--> ( 8   2)       -0.164619      0.002085      0.001594   WU     0.186242      0.142420
 ( 6   1) <--> ( 8   3)       -1.423095      0.155785      0.119129   WU    13.918201     10.643330
 ( 6   1) <--> ( 8   4)       -0.213254      0.003498      0.002675   WU     0.312542      0.239003
 ( 6   2) <--> ( 8   1)        0.114457      0.001008      0.000771   WU     0.090033      0.068849
 ( 6   2) <--> ( 8   2)       -0.315576      0.007661      0.005858   WU     0.684423      0.523382
 ( 6   2) <--> ( 8   3)       -0.603838      0.028048      0.021448   WU     2.505859      1.916245
 ( 6   2) <--> ( 8   4)        5.307164      2.166615      1.656823   WU   193.571086    148.024948
 ( 6   3) <--> ( 8   1)        0.767666      0.045332      0.034665   WU     4.050046      3.097094
 ( 6   3) <--> ( 8   2)       17.181801     22.708791     17.365546   WU  2028.863137   1551.483575
 ( 6   3) <--> ( 8   3)       -0.802528      0.049542      0.037885   WU     4.426254      3.384782
 ( 6   3) <--> ( 8   4)        0.343238      0.009062      0.006930   WU     0.809665      0.619155
 ( 6   4) <--> ( 8   1)        2.779061      0.594091      0.454305   WU    53.077615     40.588764
 ( 6   4) <--> ( 8   2)       -1.416595      0.154365      0.118044   WU    13.791359     10.546334
 ( 6   4) <--> ( 8   3)      -17.673865     24.028116     18.374442   WU  2146.735174   1641.621015
 ( 6   4) <--> ( 8   4)       -1.351529      0.140510      0.107449   WU    12.553531      9.599759
 ( 7   1) <--> ( 7   1)      -11.630043     -7.788196   (eb)
 ( 7   2) <--> ( 7   1)        2.707931      0.488859      0.488859   WU    43.675966     43.675966
 ( 7   2) <--> ( 7   2)       -2.491956     -1.668768   (eb)
 ( 7   3) <--> ( 7   1)       -0.703058      0.032953      0.032953   WU     2.944079      2.944079
 ( 7   3) <--> ( 7   2)        2.097239      0.293227      0.293227   WU    26.197705     26.197705
 ( 7   3) <--> ( 7   3)       -9.836674     -6.587245   (eb)
 ( 7   4) <--> ( 7   1)        0.361947      0.008734      0.008734   WU     0.780293      0.780293
 ( 7   4) <--> ( 7   2)       -2.589364      0.446987      0.446987   WU    39.935005     39.935005
 ( 7   4) <--> ( 7   3)        2.318761      0.358444      0.358444   WU    32.024286     32.024286
 ( 7   4) <--> ( 7   4)        2.106276      1.410492   (eb)
 ( 7   1) <--> ( 8   1)        2.370018      0.374466      0.330411   WU    33.455751     29.519780
 ( 7   1) <--> ( 8   2)        9.060510      5.472857      4.828991   WU   488.959417    431.434780
 ( 7   1) <--> ( 8   3)       -1.144655      0.087349      0.077073   WU     7.803991      6.885874
 ( 7   1) <--> ( 8   4)        0.461367      0.014191      0.012521   WU     1.267830      1.118673
 ( 7   2) <--> ( 8   1)       -0.009851      0.000006      0.000006   WU     0.000578      0.000510
 ( 7   2) <--> ( 8   2)        1.282393      0.109635      0.096737   WU     9.795116      8.642750
 ( 7   2) <--> ( 8   3)        1.424894      0.135355      0.119431   WU    12.092952     10.670251
 ( 7   2) <--> ( 8   4)       -2.537069      0.429114      0.378630   WU    38.338217     33.827839
 ( 7   3) <--> ( 8   1)        0.119507      0.000952      0.000840   WU     0.085065      0.075057
 ( 7   3) <--> ( 8   2)        1.438917      0.138032      0.121793   WU    12.332151     10.881310
 ( 7   3) <--> ( 8   3)       -3.575251      0.852161      0.751907   WU    76.134319     67.177340
 ( 7   3) <--> ( 8   4)        0.339614      0.007689      0.006785   WU     0.686973      0.606153
 ( 7   4) <--> ( 8   1)       -0.035437      0.000084      0.000074   WU     0.007480      0.006600
 ( 7   4) <--> ( 8   2)       -0.073615      0.000361      0.000319   WU     0.032278      0.028480
 ( 7   4) <--> ( 8   3)       -0.082476      0.000453      0.000400   WU     0.040515      0.035749
 ( 7   4) <--> ( 8   4)        1.288412      0.110667      0.097647   WU     9.887287      8.724077
 ( 7   1) <--> ( 9   1)       18.757133     23.455336     18.517371   WU  2095.561508   1654.390664
 ( 7   1) <--> ( 9   2)       -0.017562      0.000021      0.000016   WU     0.001837      0.001450
 ( 7   1) <--> ( 9   3)        1.421005      0.134617      0.106277   WU    12.027042      9.495033
 ( 7   1) <--> ( 9   4)        0.282019      0.005302      0.004186   WU     0.473723      0.373992
 ( 7   2) <--> ( 9   1)       -0.521303      0.018117      0.014303   WU     1.618634      1.277869
 ( 7   2) <--> ( 9   2)      -15.200050     15.402768     12.160080   WU  1376.123814   1086.413537
 ( 7   2) <--> ( 9   3)       -0.091007      0.000552      0.000436   WU     0.049330      0.038945
 ( 7   2) <--> ( 9   4)        0.082905      0.000458      0.000362   WU     0.040938      0.032320
 ( 7   3) <--> ( 9   1)        3.336486      0.742142      0.585902   WU    66.304957     52.346018
 ( 7   3) <--> ( 9   2)        1.861889      0.231109      0.182454   WU    20.647861     16.300943
 ( 7   3) <--> ( 9   3)       17.145520     19.597924     15.472046   WU  1750.930168   1382.313290
 ( 7   3) <--> ( 9   4)        0.298297      0.005932      0.004683   WU     0.529986      0.418410
 ( 7   4) <--> ( 9   1)       -0.387138      0.009992      0.007888   WU     0.892686      0.704752
 ( 7   4) <--> ( 9   2)       -2.175798      0.315606      0.249163   WU    28.197111     22.260877
 ( 7   4) <--> ( 9   3)       -0.655395      0.028636      0.022607   WU     2.558427      2.019811
 ( 7   4) <--> ( 9   4)      -12.780697     10.889748      8.597169   WU   972.918753    768.093752
 ( 8   1) <--> ( 8   1)      -16.383006    -10.553867   (eb)
 ( 8   2) <--> ( 8   1)        2.659975      0.416204      0.416204   WU    37.184759     37.184759
 ( 8   2) <--> ( 8   2)      -12.927257     -8.327688   (eb)
 ( 8   3) <--> ( 8   1)        1.517528      0.135464      0.135464   WU    12.102727     12.102727
 ( 8   3) <--> ( 8   2)        1.255592      0.092736      0.092736   WU     8.285277      8.285277
 ( 8   3) <--> ( 8   3)      -14.634366     -9.427400   (eb)
 ( 8   4) <--> ( 8   1)        0.234615      0.003238      0.003238   WU     0.289282      0.289282
 ( 8   4) <--> ( 8   2)       -0.965757      0.054864      0.054864   WU     4.901683      4.901683
 ( 8   4) <--> ( 8   3)       -1.946634      0.222905      0.222905   WU    19.914912     19.914912
 ( 8   4) <--> ( 8   4)       -0.072363     -0.046616   (eb)
 ( 8   1) <--> ( 9   1)       -0.935337      0.051462      0.046045   WU     4.597762      4.113787
 ( 8   1) <--> ( 9   2)        0.062670      0.000231      0.000207   WU     0.020641      0.018468
 ( 8   1) <--> ( 9   3)       -0.018995      0.000021      0.000019   WU     0.001896      0.001697
 ( 8   1) <--> ( 9   4)       -0.054799      0.000177      0.000158   WU     0.015782      0.014121
 ( 8   2) <--> ( 9   1)        8.454426      4.204548      3.761964   WU   375.645376    336.103758
 ( 8   2) <--> ( 9   2)        1.940331      0.221464      0.198152   WU    19.786151     17.703399
 ( 8   2) <--> ( 9   3)        0.273204      0.004391      0.003928   WU     0.392270      0.350978
 ( 8   2) <--> ( 9   4)        0.244140      0.003506      0.003137   WU     0.313248      0.280275
 ( 8   3) <--> ( 9   1)       -2.976165      0.521033      0.466187   WU    46.550435     41.650389
 ( 8   3) <--> ( 9   2)       -0.523996      0.016151      0.014451   WU     1.442996      1.291101
 ( 8   3) <--> ( 9   3)        0.335596      0.006625      0.005928   WU     0.591894      0.529589
 ( 8   3) <--> ( 9   4)       -0.319720      0.006013      0.005380   WU     0.537217      0.480668
 ( 8   4) <--> ( 9   1)       -0.082443      0.000400      0.000358   WU     0.035721      0.031960
 ( 8   4) <--> ( 9   2)        2.357670      0.326977      0.292558   WU    29.212972     26.137922
 ( 8   4) <--> ( 9   3)        0.508980      0.015239      0.013635   WU     1.361481      1.218167
 ( 8   4) <--> ( 9   4)        0.093239      0.000511      0.000458   WU     0.045688      0.040879
 ( 8   1) <--> (10   1)       21.946225     28.331576     22.935085   WU  2531.217552   2049.080876
 ( 8   1) <--> (10   2)       -0.413263      0.010046      0.008133   WU     0.897558      0.726595
 ( 8   1) <--> (10   3)       -1.448862      0.123482      0.099962   WU    11.032239      8.930860
 ( 8   1) <--> (10   4)        0.671475      0.026522      0.021470   WU     2.369573      1.918226
 ( 8   2) <--> (10   1)        0.808572      0.038458      0.031133   WU     3.435950      2.781484
 ( 8   2) <--> (10   2)       20.234728     24.084953     19.497343   WU  2151.813156   1741.943984
 ( 8   2) <--> (10   3)       -0.936313      0.051570      0.041747   WU     4.607359      3.729767
 ( 8   2) <--> (10   4)       -0.350576      0.007230      0.005853   WU     0.645914      0.522883
 ( 8   3) <--> (10   1)       -3.290355      0.636849      0.515545   WU    56.897788     46.060114
 ( 8   3) <--> (10   2)        1.248770      0.091731      0.074258   WU     8.195484      6.634440
 ( 8   3) <--> (10   3)       20.407996     24.499194     19.832681   WU  2188.822532   1771.903955
 ( 8   3) <--> (10   4)       -0.356254      0.007466      0.006044   WU     0.667007      0.539958
 ( 8   4) <--> (10   1)       -0.375189      0.008280      0.006703   WU     0.739793      0.598880
 ( 8   4) <--> (10   2)        0.871636      0.044691      0.036179   WU     3.992826      3.232287
 ( 8   4) <--> (10   3)        1.482950      0.129361      0.104721   WU    11.557472      9.356048
 ( 8   4) <--> (10   4)       -4.364399      1.120469      0.907047   WU   100.105674     81.037927
 ( 9   1) <--> ( 9   1)      -14.463063     -8.979858   (eb)
 ( 9   2) <--> ( 9   1)       -3.232631      0.549995      0.549995   WU    49.137998     49.137998
 ( 9   2) <--> ( 9   2)       -7.676466     -4.766181   (eb)
 ( 9   3) <--> ( 9   1)       -0.790340      0.032876      0.032876   WU     2.937193      2.937193
 ( 9   3) <--> ( 9   2)       -1.299734      0.088911      0.088911   WU     7.943538      7.943538
 ( 9   3) <--> ( 9   3)      -12.689419     -7.878634   (eb)
 ( 9   4) <--> ( 9   1)       -0.462591      0.011263      0.011263   WU     1.006235      1.006235
 ( 9   4) <--> ( 9   2)       -3.664904      0.706922      0.706922   WU    63.158294     63.158294
 ( 9   4) <--> ( 9   3)       -2.112391      0.234852      0.234852   WU    20.982334     20.982334
 ( 9   4) <--> ( 9   4)       -6.438378     -3.997474   (eb)
 ( 9   1) <--> (10   1)        2.830256      0.421597      0.381445   WU    37.666619     34.079322
 ( 9   1) <--> (10   2)        8.166034      3.509690      3.175434   WU   313.564937    283.701610
 ( 9   1) <--> (10   3)       -1.394010      0.102277      0.092536   WU     9.137702      8.267444
 ( 9   1) <--> (10   4)       -0.886495      0.041362      0.037423   WU     3.695370      3.343430
 ( 9   2) <--> (10   1)       -0.007199      0.000003      0.000002   WU     0.000244      0.000220
 ( 9   2) <--> (10   2)       -1.831947      0.176633      0.159811   WU    15.780878     14.277937
 ( 9   2) <--> (10   3)       -1.718161      0.155372      0.140575   WU    13.881385     12.559348
 ( 9   2) <--> (10   4)       -8.567071      3.862879      3.494986   WU   345.119788    312.251237
 ( 9   3) <--> (10   1)        0.142147      0.001063      0.000962   WU     0.095012      0.085964
 ( 9   3) <--> (10   2)        1.356684      0.096873      0.087647   WU     8.654906      7.830630
 ( 9   3) <--> (10   3)       -4.017317      0.849413      0.768516   WU    75.888754     68.661254
 ( 9   3) <--> (10   4)        1.114894      0.065420      0.059190   WU     5.844839      5.288188
 ( 9   4) <--> (10   1)        0.080660      0.000342      0.000310   WU     0.030593      0.027680
 ( 9   4) <--> (10   2)        0.096391      0.000489      0.000442   WU     0.043690      0.039529
 ( 9   4) <--> (10   3)        0.198598      0.002076      0.001878   WU     0.185462      0.167799
 ( 9   4) <--> (10   4)        1.101078      0.063809      0.057732   WU     5.700868      5.157929
 (10   1) <--> (10   1)      -18.149761    -10.882477   (eb)
 (10   2) <--> (10   1)        2.998023      0.428007      0.428007   WU    38.239242     38.239242
 (10   2) <--> (10   2)      -15.360216     -9.209884   (eb)
 (10   3) <--> (10   1)        1.619960      0.124965      0.124965   WU    11.164720     11.164720
 (10   3) <--> (10   2)        1.490458      0.105784      0.105784   WU     9.451020      9.451020
 (10   3) <--> (10   3)      -16.415265     -9.842485   (eb)
 (10   4) <--> (10   1)       -0.605136      0.017438      0.017438   WU     1.557919      1.557919
 (10   4) <--> (10   2)        3.872987      0.714287      0.714287   WU    63.816293     63.816293
 (10   4) <--> (10   3)        1.671822      0.133095      0.133095   WU    11.891036     11.891036
 (10   4) <--> (10   4)      -14.183369     -8.504254   (eb)
 
  quadrupole shape invariant: 01+, 02+, 03+, 04+
quadr2     1.32545120     3.35829556     4.96952611    64.88233108
quadr3     0.96649217     2.20221151     1.32253570   509.19216551
  effective deformation parameters:  01+, 02+, 03+, 04+
beteff     0.07563633     0.12039489     0.14645563     0.52919022
cos3ga     0.63336305     0.35783322     0.11938092     0.97429853
 
 ********* END Transition **************************
