 ********* BEGIN READER ****************************
 
 Nucleus            :  Hf  72 128
 Imin, Imax         :     0  10
 imu, remu          :     1 12.0000
 nlevel             :     4
 observables        :     2
 wave fun           :     1
 nbet, ngam, npar   :    10   7  10
 Finish reading parameters: V, B_k ...
 
 ********* END READER ******************************
 
 ********* BEGIN LEVELS ********************
 
 E_0 = -1548.715879
 
  I=   0   ntot= 127
   0   1    0.000000
   0   2    2.328979
   0   3    4.192893
   0   4    4.762967
 
  I=   2   ntot= 234
   2   1    1.864310
   2   2    3.503379
   2   3    3.816163
   2   4    5.123604
 
  I=   3   ntot= 108
   3   1    4.924704
   3   2    6.320087
   3   3    7.445182
   3   4    8.032146
 
  I=   4   ntot= 324
   4   1    3.545504
   4   2    4.965154
   4   3    5.224362
   4   4    6.173991
 
  I=   5   ntot= 198
   5   1    6.282303
   5   2    7.325152
   5   3    7.497128
   5   4    8.304570
 
  I=   6   ntot= 432
   6   1    5.150618
   6   2    6.325920
   6   3    6.617316
   6   4    7.422804
 
  I=   7   ntot= 306
   7   1    7.591138
   7   2    8.479251
   7   3    8.571922
   7   4    9.227212
 
  I=   8   ntot= 522
   8   1    6.679383
   8   2    7.650172
   8   3    7.915412
   8   4    8.610621
 
  I=   9   ntot= 397
   9   1    8.805855
   9   2    9.476341
   9   3    9.583982
   9   4   10.002477
 
  I=  10   ntot= 630
  10   1    8.093568
  10   2    8.904531
  10   3    9.064331
  10   4    9.340204
 
 ********* END LEVELS **********************
 
 ********* BEGIN Transition ************************
 
  Monopole moment 
 
   I   n    <In|E0|In>   ave \beta      del<b>   ave \gamma    del<g>  
     K=0       K=2       K=4   
   0   1     29.072076    0.085265    0.024595   29.645040   10.940625  100.0000    0.0000    0.0000
   0   2     29.195053    0.122165    0.038401   28.512251   10.777623  100.0000    0.0000    0.0000
   0   3     29.372090    0.163461    0.051058   31.994598   10.527323  100.0000    0.0000    0.0000
   0   4     29.342614    0.158053    0.037409   25.073419   14.513858  100.0000    0.0000    0.0000
   2   1     29.142275    0.107804    0.027228   28.389654   10.909690   76.9301   23.0699    0.0000
   2   2     29.235939    0.132022    0.031330   28.798452   10.965827   32.3093   67.6907    0.0000
   2   3     29.292318    0.146018    0.044555   29.819599   10.735049   69.0407   30.9593    0.0000
   2   4     29.420028    0.174047    0.051800   31.664906   10.736810   27.5491   72.4509    0.0000
   3   1     29.343561    0.157004    0.035505   29.105994    8.335800    0.0000  100.0000    0.0000
   3   2     29.559390    0.203259    0.060029   29.702475    8.611822    0.0000  100.0000    0.0000
   3   3     29.908394    0.265241    0.081329   28.011618    8.826186    0.0000  100.0000    0.0000
   3   4     29.798702    0.246287    0.064740   25.133758   12.490487    0.0000  100.0000    0.0000
   4   1     29.221548    0.129247    0.030748   27.439123   10.831726   70.1739   22.5394    7.2867
   4   2     29.350857    0.157049    0.035845   32.642976   11.339931   32.6670   31.4128   35.9202
   4   3     29.391092    0.170098    0.052045   26.820975   10.915825   68.7909   22.5954    8.6137
   4   4     29.476141    0.183765    0.041724   32.183370    9.633747    4.9743   40.6829   54.3428
   5   1     29.461924    0.182251    0.040921   28.940698    8.490269    0.0000   76.5504   23.4496
   5   2     29.623768    0.213104    0.050904   31.100346    8.094985    0.0000   25.5831   74.4169
   5   3     29.754727    0.239540    0.069492   26.882771    8.781070    0.0000   77.6673   22.3327
   5   4     30.019140    0.280635    0.077543   29.195630    8.176782    0.0000   21.3305   78.6695
   6   1     29.319332    0.152444    0.035638   27.496589   10.706904   62.0847   27.5468    7.0019
   6   2     29.485765    0.184862    0.044489   34.808578   10.527053   36.6219   24.9195   21.2164
   6   3     29.522002    0.198232    0.059449   23.796628   10.644705   65.3580   21.0007    7.8473
   6   4     29.649143    0.215561    0.052788   35.970865   10.347563   14.5308   30.9312   12.3838
   7   1     29.622679    0.213547    0.048969   28.820858    8.651499    0.0000   59.9673   32.0107
   7   2     29.919597    0.264250    0.071827   30.593701    8.343224    0.0000   38.7553   36.2859
   7   3     30.004182    0.281126    0.077430   23.490661    9.394935    0.0000   64.8127   16.3089
   7   4     30.486164    0.356807    0.107468   19.339382   11.324607    0.0000   66.2940   15.8549
   8   1     29.453456    0.180894    0.042246   28.360644   10.518808   51.8965   33.1461    9.5851
   8   2     29.647579    0.216351    0.056276   34.607313    9.960141   39.9477   23.8815   17.3298
   8   3     29.732642    0.237183    0.070100   22.561482   10.430898   60.0449   21.6644    8.5416
   8   4     29.872901    0.253762    0.069946   36.342256    9.296450   27.3318   23.9571   15.1215
   9   1     29.892335    0.260276    0.060903   27.995425    8.946619    0.0000   47.5143   36.0133
   9   2     30.403210    0.341907    0.096523   21.666161   10.357926    0.0000   62.7990   28.6991
   9   3     30.195609    0.307383    0.075473   26.391136   11.767950    0.0000   42.1196   13.0373
   9   4     31.117156    0.447071    0.119128   13.116201   11.703374    0.0000   74.4388   11.8125
  10   1     29.651710    0.218573    0.051211   29.192969   10.192291   42.0394   37.1092   12.9821
  10   2     29.937987    0.267403    0.078998   30.751330   10.643256   39.5117   31.6522   15.2805
  10   3     30.144045    0.307496    0.106280   18.719657   14.113818   59.2726   17.2155    7.8717
  10   4     31.505038    0.499840    0.099715    8.074467   10.900774   90.4021    4.8887    1.9809
 
  rho^2(E0) 
 
   I  n_1 n_2  <In_1|E0|In_2>  rho^2(E0) 
   0   1   1       29.072076 1806.558392
   0   2   1        0.067644    0.009780
   0   2   2       29.195053 1821.874446
   0   3   1        0.008230    0.000145
   0   3   2       -0.126486    0.034197
   0   3   3       29.372090 1844.036977
   0   4   1       -0.006894    0.000102
   0   4   2        0.016165    0.000559
   0   4   3        0.020546    0.000902
   0   4   4       29.342614 1840.337719
   2   1   1       29.142275 1815.293295
   2   2   1        0.002614    0.000015
   2   2   2       29.235939 1826.980913
   2   3   1        0.092035    0.018105
   2   3   2       -0.013257    0.000376
   2   3   3       29.292318 1834.034088
   2   4   1       -0.011755    0.000295
   2   4   2       -0.117263    0.029392
   2   4   3        0.047985    0.004922
   2   4   4       29.420028 1850.061099
   3   1   1       29.343561 1840.456427
   3   2   1       -0.154872    0.051268
   3   2   2       29.559390 1867.629990
   3   3   1       -0.015465    0.000511
   3   3   2       -0.277519    0.164621
   3   3   3       29.908394 1911.992137
   3   4   1        0.009872    0.000208
   3   4   2        0.012872    0.000354
   3   4   3        0.103523    0.022907
   3   4   4       29.798702 1897.992991
   4   1   1       29.221548 1825.182715
   4   2   1       -0.034871    0.002599
   4   2   2       29.350857 1841.371728
   4   3   1       -0.112696    0.027147
   4   3   2        0.035670    0.002720
   4   3   3       29.391092 1846.423619
   4   4   1       -0.004305    0.000040
   4   4   2       -0.052659    0.005927
   4   4   3       -0.003986    0.000034
   4   4   4       29.476141 1857.125118
   5   1   1       29.461924 1855.334043
   5   2   1       -0.080692    0.013917
   5   2   2       29.623768 1875.773932
   5   3   1       -0.176057    0.066253
   5   3   2        0.045923    0.004508
   5   3   3       29.754727 1892.395304
   5   4   1       -0.014197    0.000431
   5   4   2       -0.257555    0.141788
   5   4   3       -0.058664    0.007356
   5   4   4       30.019140 1926.177950
   6   1   1       29.319332 1837.418395
   6   2   1       -0.085636    0.015675
   6   2   2       29.485765 1858.338012
   6   3   1       -0.125478    0.033654
   6   3   2        0.046671    0.004656
   6   3   3       29.522002 1862.908463
   6   4   1        0.010678    0.000244
   6   4   2        0.126338    0.034117
   6   4   3        0.006305    0.000085
   6   4   4       29.649143 1878.988794
   7   1   1       29.622679 1875.636083
   7   2   1       -0.203497    0.088515
   7   2   2       29.919597 1913.424806
   7   3   1        0.154185    0.050814
   7   3   2       -0.120180    0.030872
   7   3   3       30.004182 1924.258914
   7   4   1        0.024347    0.001267
   7   4   2       -0.003723    0.000030
   7   4   3       -0.411628    0.362167
   7   4   4       30.486164 1986.577355
   8   1   1       29.453456 1854.267678
   8   2   1       -0.139699    0.041714
   8   2   2       29.647579 1878.790590
   8   3   1       -0.143427    0.043971
   8   3   2        0.074035    0.011716
   8   3   3       29.732642 1889.587086
   8   4   1       -0.019571    0.000819
   8   4   2       -0.246740    0.130130
   8   4   3       -0.044134    0.004163
   8   4   4       29.872901 1907.456847
   9   1   1       29.892335 1909.939472
   9   2   1        0.357335    0.272929
   9   2   2       30.403210 1975.780932
   9   3   1       -0.076557    0.012528
   9   3   2        0.146084    0.045615
   9   3   3       30.195609 1948.890713
   9   4   1        0.032561    0.002266
   9   4   2       -0.403519    0.348039
   9   4   3       -0.331099    0.234323
   9   4   4       31.117156 2069.663391
  10   1   1       29.651710 1879.314165
  10   2   1       -0.243044    0.126261
  10   2   2       29.937987 1915.777654
  10   3   1        0.120827    0.031205
  10   3   2       -0.177952    0.067687
  10   3   3       30.144045 1942.240291
  10   4   1       -0.040367    0.003483
  10   4   2       -0.099079    0.020983
  10   4   3        0.531654    0.604168
  10   4   4       31.505038 2121.582558
 
  E2 transition 
 
  I1  n1        I2  n2       <f||E2||i>   B(E2,I1->I2)  B(E2,I2->I1)
 ( 0   1) <--> ( 2   1)        0.728770      0.531105      0.106221   WU    76.445849     15.289170
 ( 0   1) <--> ( 2   2)        0.028415      0.000807      0.000161   WU     0.116219      0.023244
 ( 0   1) <--> ( 2   3)       -0.131105      0.017189      0.003438   WU     2.474087      0.494817
 ( 0   1) <--> ( 2   4)        0.036677      0.001345      0.000269   WU     0.193623      0.038725
 ( 0   2) <--> ( 2   1)        0.574431      0.329971      0.065994   WU    47.495208      9.499042
 ( 0   2) <--> ( 2   2)        0.158354      0.025076      0.005015   WU     3.609365      0.721873
 ( 0   2) <--> ( 2   3)        0.824824      0.680335      0.136067   WU    97.925592     19.585118
 ( 0   2) <--> ( 2   4)       -0.112476      0.012651      0.002530   WU     1.820920      0.364184
 ( 0   3) <--> ( 2   1)        0.006114      0.000037      0.000007   WU     0.005380      0.001076
 ( 0   3) <--> ( 2   2)        0.033431      0.001118      0.000224   WU     0.160866      0.032173
 ( 0   3) <--> ( 2   3)       -0.835411      0.697911      0.139582   WU   100.455502     20.091100
 ( 0   3) <--> ( 2   4)       -0.100379      0.010076      0.002015   WU     1.450307      0.290061
 ( 0   4) <--> ( 2   1)        0.070263      0.004937      0.000987   WU     0.710610      0.142122
 ( 0   4) <--> ( 2   2)        0.607334      0.368855      0.073771   WU    53.092004     10.618401
 ( 0   4) <--> ( 2   3)        0.156544      0.024506      0.004901   WU     3.527351      0.705470
 ( 0   4) <--> ( 2   4)       -0.407028      0.165672      0.033134   WU    23.846325      4.769265
 ( 2   1) <--> ( 2   1)       -0.261434     -0.198149   (eb)
 ( 2   2) <--> ( 2   1)       -1.055980      0.223019      0.223019   WU    32.100737     32.100737
 ( 2   2) <--> ( 2   2)        0.109484      0.082982   (eb)
 ( 2   3) <--> ( 2   1)       -0.021051      0.000089      0.000089   WU     0.012757      0.012757
 ( 2   3) <--> ( 2   2)       -0.789688      0.124721      0.124721   WU    17.952051     17.952051
 ( 2   3) <--> ( 2   3)       -0.048837     -0.037015   (eb)
 ( 2   4) <--> ( 2   1)       -0.210820      0.008889      0.008889   WU     1.279465      1.279465
 ( 2   4) <--> ( 2   2)        0.059164      0.000700      0.000700   WU     0.100768      0.100768
 ( 2   4) <--> ( 2   3)        1.126608      0.253849      0.253849   WU    36.538349     36.538349
 ( 2   4) <--> ( 2   4)        0.515988      0.391084   (eb)
 ( 2   1) <--> ( 3   1)        0.079045      0.001250      0.000893   WU     0.179869      0.128478
 ( 2   1) <--> ( 3   2)        0.034312      0.000235      0.000168   WU     0.033892      0.024208
 ( 2   1) <--> ( 3   3)        0.020550      0.000084      0.000060   WU     0.012158      0.008684
 ( 2   1) <--> ( 3   4)       -0.018631      0.000069      0.000050   WU     0.009993      0.007138
 ( 2   2) <--> ( 3   1)       -1.422163      0.404510      0.288936   WU    58.224057     41.588612
 ( 2   2) <--> ( 3   2)       -0.256162      0.013124      0.009374   WU     1.889002      1.349287
 ( 2   2) <--> ( 3   3)       -0.106239      0.002257      0.001612   WU     0.324917      0.232083
 ( 2   2) <--> ( 3   4)        0.031321      0.000196      0.000140   WU     0.028240      0.020172
 ( 2   3) <--> ( 3   1)        0.288446      0.016640      0.011886   WU     2.395148      1.710820
 ( 2   3) <--> ( 3   2)       -0.116499      0.002714      0.001939   WU     0.390704      0.279075
 ( 2   3) <--> ( 3   3)       -0.058432      0.000683      0.000488   WU     0.098288      0.070206
 ( 2   3) <--> ( 3   4)       -0.027954      0.000156      0.000112   WU     0.022495      0.016068
 ( 2   4) <--> ( 3   1)        0.855334      0.146319      0.104514   WU    21.060789     15.043421
 ( 2   4) <--> ( 3   2)       -1.574639      0.495898      0.354213   WU    71.378188     50.984420
 ( 2   4) <--> ( 3   3)       -0.277586      0.015411      0.011008   WU     2.218187      1.584419
 ( 2   4) <--> ( 3   4)        0.018043      0.000065      0.000047   WU     0.009372      0.006694
 ( 2   1) <--> ( 4   1)        1.471563      0.433099      0.240611   WU    62.339176     34.632876
 ( 2   1) <--> ( 4   2)        0.117268      0.002750      0.001528   WU     0.395879      0.219933
 ( 2   1) <--> ( 4   3)        0.198753      0.007901      0.004389   WU     1.137179      0.631766
 ( 2   1) <--> ( 4   4)        0.003183      0.000002      0.000001   WU     0.000292      0.000162
 ( 2   2) <--> ( 4   1)        0.199671      0.007974      0.004430   WU     1.147718      0.637621
 ( 2   2) <--> ( 4   2)        1.281452      0.328424      0.182458   WU    47.272428     26.262460
 ( 2   2) <--> ( 4   3)       -0.462066      0.042701      0.023723   WU     6.146271      3.414595
 ( 2   2) <--> ( 4   4)        0.176472      0.006228      0.003460   WU     0.896512      0.498062
 ( 2   3) <--> ( 4   1)        0.950245      0.180593      0.100329   WU    25.994070     14.441150
 ( 2   3) <--> ( 4   2)       -0.449065      0.040332      0.022407   WU     5.805265      3.225147
 ( 2   3) <--> ( 4   3)       -1.567514      0.491420      0.273011   WU    70.733670     39.296483
 ( 2   3) <--> ( 4   4)       -0.087745      0.001540      0.000855   WU     0.221640      0.123133
 ( 2   4) <--> ( 4   1)       -0.081432      0.001326      0.000737   WU     0.190897      0.106054
 ( 2   4) <--> ( 4   2)       -0.822925      0.135441      0.075245   WU    19.495043     10.830579
 ( 2   4) <--> ( 4   3)        0.050382      0.000508      0.000282   WU     0.073073      0.040596
 ( 2   4) <--> ( 4   4)        0.344085      0.023679      0.013155   WU     3.408268      1.893482
 ( 3   1) <--> ( 3   1)        0.000000      0.000000   (eb)
 ( 3   2) <--> ( 3   1)        0.000000      0.000000      0.000000   WU     0.000000      0.000000
 ( 3   2) <--> ( 3   2)        0.000000      0.000000   (eb)
 ( 3   3) <--> ( 3   1)        0.000000      0.000000      0.000000   WU     0.000000      0.000000
 ( 3   3) <--> ( 3   2)        0.000000      0.000000      0.000000   WU     0.000000      0.000000
 ( 3   3) <--> ( 3   3)        0.000000      0.000000   (eb)
 ( 3   4) <--> ( 3   1)        0.000000      0.000000      0.000000   WU     0.000000      0.000000
 ( 3   4) <--> ( 3   2)        0.000000      0.000000      0.000000   WU     0.000000      0.000000
 ( 3   4) <--> ( 3   3)        0.000000      0.000000      0.000000   WU     0.000000      0.000000
 ( 3   4) <--> ( 3   4)        0.000000      0.000000   (eb)
 ( 3   1) <--> ( 4   1)        0.849071      0.102989      0.080102   WU    14.823947     11.529737
 ( 3   1) <--> ( 4   2)       -0.546677      0.042694      0.033206   WU     6.145206      4.779604
 ( 3   1) <--> ( 4   3)       -0.506549      0.036656      0.028510   WU     5.276157      4.103677
 ( 3   1) <--> ( 4   4)       -1.551819      0.344020      0.267571   WU    49.517355     38.513498
 ( 3   2) <--> ( 4   1)        0.183714      0.004822      0.003750   WU     0.694001      0.539778
 ( 3   2) <--> ( 4   2)        0.297236      0.012621      0.009817   WU     1.816676      1.412970
 ( 3   2) <--> ( 4   3)        0.907908      0.117757      0.091589   WU    16.949595     13.183018
 ( 3   2) <--> ( 4   4)        0.729992      0.076127      0.059210   WU    10.957513      8.522510
 ( 3   3) <--> ( 4   1)        0.081254      0.000943      0.000734   WU     0.135758      0.105590
 ( 3   3) <--> ( 4   2)        0.063673      0.000579      0.000450   WU     0.083366      0.064840
 ( 3   3) <--> ( 4   3)        0.193269      0.005336      0.004150   WU     0.768065      0.597384
 ( 3   3) <--> ( 4   4)        0.042036      0.000252      0.000196   WU     0.036334      0.028260
 ( 3   4) <--> ( 4   1)       -0.022348      0.000071      0.000055   WU     0.010269      0.007987
 ( 3   4) <--> ( 4   2)        0.030040      0.000129      0.000100   WU     0.018556      0.014433
 ( 3   4) <--> ( 4   3)       -0.032935      0.000155      0.000121   WU     0.022305      0.017348
 ( 3   4) <--> ( 4   4)       -0.211370      0.006382      0.004964   WU     0.918677      0.714526
 ( 3   1) <--> ( 5   1)        1.860923      0.494719      0.314821   WU    71.208578     45.314550
 ( 3   1) <--> ( 5   2)        0.288228      0.011868      0.007552   WU     1.708232      1.087056
 ( 3   1) <--> ( 5   3)        0.169721      0.004115      0.002619   WU     0.592304      0.376921
 ( 3   1) <--> ( 5   4)        0.091065      0.001185      0.000754   WU     0.170523      0.108514
 ( 3   2) <--> ( 5   1)       -1.054009      0.158705      0.100994   WU    22.843586     14.536827
 ( 3   2) <--> ( 5   2)        0.672582      0.064624      0.041124   WU     9.301776      5.919312
 ( 3   2) <--> ( 5   3)        1.920279      0.526781      0.335225   WU    75.823518     48.251330
 ( 3   2) <--> ( 5   4)        0.378698      0.020487      0.013037   WU     2.948903      1.876575
 ( 3   3) <--> ( 5   1)        0.057586      0.000474      0.000301   WU     0.068188      0.043392
 ( 3   3) <--> ( 5   2)       -0.524319      0.039273      0.024992   WU     5.652841      3.597262
 ( 3   3) <--> ( 5   3)       -1.746999      0.436001      0.277455   WU    62.756782     39.936134
 ( 3   3) <--> ( 5   4)        0.702621      0.070525      0.044880   WU    10.151201      6.459855
 ( 3   4) <--> ( 5   1)        0.179581      0.004607      0.002932   WU     0.663126      0.421989
 ( 3   4) <--> ( 5   2)        0.893390      0.114021      0.072559   WU    16.411854     10.443907
 ( 3   4) <--> ( 5   3)       -0.592671      0.050180      0.031933   WU     7.222760      4.596302
 ( 3   4) <--> ( 5   4)       -0.319438      0.014577      0.009276   WU     2.098203      1.335220
 ( 4   1) <--> ( 4   1)       -0.522354     -0.393905   (eb)
 ( 4   2) <--> ( 4   1)       -1.141404      0.144756      0.144756   WU    20.835796     20.835796
 ( 4   2) <--> ( 4   2)        0.330637      0.249332   (eb)
 ( 4   3) <--> ( 4   1)        0.426556      0.020217      0.020217   WU     2.909936      2.909936
 ( 4   3) <--> ( 4   2)        0.619489      0.042641      0.042641   WU     6.137587      6.137587
 ( 4   3) <--> ( 4   3)       -0.731782     -0.551833   (eb)
 ( 4   4) <--> ( 4   1)       -0.027187      0.000082      0.000082   WU     0.011821      0.011821
 ( 4   4) <--> ( 4   2)       -1.553317      0.268088      0.268088   WU    38.587889     38.587889
 ( 4   4) <--> ( 4   3)       -0.137580      0.002103      0.002103   WU     0.302720      0.302720
 ( 4   4) <--> ( 4   4)        0.933521      0.703964   (eb)
 ( 4   1) <--> ( 5   1)        0.121562      0.001642      0.001343   WU     0.236333      0.193364
 ( 4   1) <--> ( 5   2)        0.002628      0.000001      0.000001   WU     0.000110      0.000090
 ( 4   1) <--> ( 5   3)        0.042420      0.000200      0.000164   WU     0.028779      0.023546
 ( 4   1) <--> ( 5   4)       -0.002737      0.000001      0.000001   WU     0.000120      0.000098
 ( 4   2) <--> ( 5   1)       -1.290008      0.184902      0.151284   WU    26.614333     21.775363
 ( 4   2) <--> ( 5   2)        0.028127      0.000088      0.000072   WU     0.012653      0.010352
 ( 4   2) <--> ( 5   3)       -0.190235      0.004021      0.003290   WU     0.578776      0.473544
 ( 4   2) <--> ( 5   4)       -0.002233      0.000001      0.000000   WU     0.000080      0.000065
 ( 4   3) <--> ( 5   1)        0.127300      0.001801      0.001473   WU     0.259173      0.212051
 ( 4   3) <--> ( 5   2)        0.083964      0.000783      0.000641   WU     0.112751      0.092251
 ( 4   3) <--> ( 5   3)        0.212299      0.005008      0.004097   WU     0.720822      0.589763
 ( 4   3) <--> ( 5   4)        0.049944      0.000277      0.000227   WU     0.039893      0.032640
 ( 4   4) <--> ( 5   1)        0.135553      0.002042      0.001670   WU     0.293865      0.240435
 ( 4   4) <--> ( 5   2)       -2.403423      0.641827      0.525131   WU    92.382856     75.585973
 ( 4   4) <--> ( 5   3)        0.564584      0.035417      0.028978   WU     5.097867      4.170982
 ( 4   4) <--> ( 5   4)       -0.281957      0.008833      0.007227   WU     1.271441      1.040270
 ( 4   1) <--> ( 6   1)        2.257095      0.566053      0.391883   WU    81.476168     56.406578
 ( 4   1) <--> ( 6   2)        0.319212      0.011322      0.007838   WU     1.629636      1.128210
 ( 4   1) <--> ( 6   3)        0.210683      0.004932      0.003414   WU     0.709890      0.491462
 ( 4   1) <--> ( 6   4)       -0.055499      0.000342      0.000237   WU     0.049260      0.034103
 ( 4   2) <--> ( 6   1)       -0.241890      0.006501      0.004501   WU     0.935765      0.647837
 ( 4   2) <--> ( 6   2)        2.168674      0.522572      0.361781   WU    75.217630     52.073744
 ( 4   2) <--> ( 6   3)       -0.600409      0.040055      0.027730   WU     5.765354      3.991399
 ( 4   2) <--> ( 6   4)       -0.387360      0.016672      0.011542   WU     2.399714      1.661341
 ( 4   3) <--> ( 6   1)       -1.363022      0.206425      0.142910   WU    29.712330     20.570075
 ( 4   3) <--> ( 6   2)        0.721157      0.057785      0.040005   WU     8.317458      5.758240
 ( 4   3) <--> ( 6   3)        2.386828      0.632994      0.438227   WU    91.111513     63.077201
 ( 4   3) <--> ( 6   4)       -0.125251      0.001743      0.001207   WU     0.250897      0.173698
 ( 4   4) <--> ( 6   1)       -0.254921      0.007220      0.004999   WU     1.039299      0.719515
 ( 4   4) <--> ( 6   2)       -0.133917      0.001993      0.001380   WU     0.286814      0.198564
 ( 4   4) <--> ( 6   3)        0.164473      0.003006      0.002081   WU     0.432635      0.299517
 ( 4   4) <--> ( 6   4)       -1.911689      0.406062      0.281120   WU    58.447447     40.463617
 ( 5   1) <--> ( 5   1)       -0.292813     -0.212620   (eb)
 ( 5   2) <--> ( 5   1)       -1.327423      0.160187      0.160187   WU    23.056835     23.056835
 ( 5   2) <--> ( 5   2)        0.739509      0.536977   (eb)
 ( 5   3) <--> ( 5   1)        0.598161      0.032527      0.032527   WU     4.681840      4.681840
 ( 5   3) <--> ( 5   2)        0.375388      0.012811      0.012811   WU     1.843915      1.843915
 ( 5   3) <--> ( 5   3)       -0.847608     -0.615471   (eb)
 ( 5   4) <--> ( 5   1)       -0.148733      0.002011      0.002011   WU     0.289466      0.289466
 ( 5   4) <--> ( 5   2)       -0.565989      0.029122      0.029122   WU     4.191771      4.191771
 ( 5   4) <--> ( 5   3)       -1.351698      0.166099      0.166099   WU    23.907844     23.907844
 ( 5   4) <--> ( 5   4)        1.262424      0.916680   (eb)
 ( 5   1) <--> ( 6   1)        1.196441      0.130134      0.110113   WU    18.731093     15.849386
 ( 5   1) <--> ( 6   2)       -0.796247      0.057637      0.048770   WU     8.296139      7.019810
 ( 5   1) <--> ( 6   3)       -0.474753      0.020490      0.017338   WU     2.949277      2.495542
 ( 5   1) <--> ( 6   4)        0.999329      0.090787      0.076820   WU    13.067665     11.057255
 ( 5   2) <--> ( 6   1)        0.077054      0.000540      0.000457   WU     0.077691      0.065739
 ( 5   2) <--> ( 6   2)        0.962329      0.084189      0.071237   WU    12.117927     10.253631
 ( 5   2) <--> ( 6   3)        0.098356      0.000879      0.000744   WU     0.126585      0.107110
 ( 5   2) <--> ( 6   4)        0.562928      0.028808      0.024376   WU     4.146544      3.508614
 ( 5   3) <--> ( 6   1)        0.207023      0.003896      0.003297   WU     0.560812      0.474533
 ( 5   3) <--> ( 6   2)        0.346258      0.010899      0.009223   WU     1.568844      1.327483
 ( 5   3) <--> ( 6   3)        1.209540      0.132999      0.112537   WU    19.143490     16.198337
 ( 5   3) <--> ( 6   4)       -0.280489      0.007152      0.006052   WU     1.029464      0.871085
 ( 5   4) <--> ( 6   1)        0.044943      0.000184      0.000155   WU     0.026431      0.022365
 ( 5   4) <--> ( 6   2)        0.169525      0.002613      0.002211   WU     0.376053      0.318199
 ( 5   4) <--> ( 6   3)        0.023365      0.000050      0.000042   WU     0.007144      0.006045
 ( 5   4) <--> ( 6   4)       -0.655934      0.039114      0.033096   WU     5.629903      4.763764
 ( 5   1) <--> ( 7   1)        2.892464      0.760577      0.557757   WU   109.475444     80.281992
 ( 5   1) <--> ( 7   2)        0.569663      0.029501      0.021634   WU     4.246359      3.113997
 ( 5   1) <--> ( 7   3)       -0.050958      0.000236      0.000173   WU     0.033979      0.024918
 ( 5   1) <--> ( 7   4)        0.002350      0.000001      0.000000   WU     0.000072      0.000053
 ( 5   2) <--> ( 7   1)       -0.620423      0.034993      0.025662   WU     5.036816      3.693665
 ( 5   2) <--> ( 7   2)        2.243221      0.457458      0.335470   WU    65.845347     48.286588
 ( 5   2) <--> ( 7   3)        0.956438      0.083161      0.060985   WU    11.970005      8.778004
 ( 5   2) <--> ( 7   4)        0.316428      0.009102      0.006675   WU     1.310180      0.960799
 ( 5   3) <--> ( 7   1)       -1.615503      0.237259      0.173990   WU    34.150425     25.043645
 ( 5   3) <--> ( 7   2)        1.605947      0.234460      0.171938   WU    33.747603     24.748242
 ( 5   3) <--> ( 7   3)       -2.809507      0.717575      0.526222   WU   103.285882     75.742980
 ( 5   3) <--> ( 7   4)       -0.412238      0.015449      0.011329   WU     2.223700      1.630713
 ( 5   4) <--> ( 7   1)        0.037812      0.000130      0.000095   WU     0.018708      0.013719
 ( 5   4) <--> ( 7   2)       -1.654017      0.248707      0.182385   WU    35.798178     26.251997
 ( 5   4) <--> ( 7   3)       -0.317436      0.009161      0.006718   WU     1.318539      0.966928
 ( 5   4) <--> ( 7   4)        1.356120      0.167187      0.122604   WU    24.064514     17.647310
 ( 6   1) <--> ( 6   1)       -0.714315     -0.498018   (eb)
 ( 6   2) <--> ( 6   1)       -1.155019      0.102621      0.102621   WU    14.770958     14.770958
 ( 6   2) <--> ( 6   2)        0.363991      0.253773   (eb)
 ( 6   3) <--> ( 6   1)        0.836978      0.053887      0.053887   WU     7.756370      7.756370
 ( 6   3) <--> ( 6   2)        0.272676      0.005719      0.005719   WU     0.823235      0.823235
 ( 6   3) <--> ( 6   3)       -1.314351     -0.916362   (eb)
 ( 6   4) <--> ( 6   1)        0.044607      0.000153      0.000153   WU     0.022031      0.022031
 ( 6   4) <--> ( 6   2)        1.828714      0.257246      0.257246   WU    37.027273     37.027273
 ( 6   4) <--> ( 6   3)       -0.000906      0.000000      0.000000   WU     0.000009      0.000009
 ( 6   4) <--> ( 6   4)        1.444260      1.006934   (eb)
 ( 6   1) <--> ( 7   1)        0.203449      0.003184      0.002759   WU     0.458291      0.397186
 ( 6   1) <--> ( 7   2)        0.044095      0.000150      0.000130   WU     0.021528      0.018658
 ( 6   1) <--> ( 7   3)       -0.047950      0.000177      0.000153   WU     0.025457      0.022062
 ( 6   1) <--> ( 7   4)       -0.029371      0.000066      0.000058   WU     0.009552      0.008278
 ( 6   2) <--> ( 7   1)       -1.196094      0.110049      0.095376   WU    15.840209     13.728181
 ( 6   2) <--> ( 7   2)        0.018235      0.000026      0.000022   WU     0.003681      0.003191
 ( 6   2) <--> ( 7   3)        0.178280      0.002445      0.002119   WU     0.351911      0.304990
 ( 6   2) <--> ( 7   4)        0.069767      0.000374      0.000324   WU     0.053892      0.046707
 ( 6   3) <--> ( 7   1)        0.426670      0.014004      0.012136   WU     2.015647      1.746894
 ( 6   3) <--> ( 7   2)        0.194904      0.002922      0.002533   WU     0.420603      0.364523
 ( 6   3) <--> ( 7   3)       -0.261444      0.005258      0.004557   WU     0.756812      0.655903
 ( 6   3) <--> ( 7   4)       -0.111242      0.000952      0.000825   WU     0.137014      0.118746
 ( 6   4) <--> ( 7   1)       -0.492398      0.018650      0.016164   WU     2.684498      2.326565
 ( 6   4) <--> ( 7   2)        1.859464      0.265970      0.230507   WU    38.282987     33.178588
 ( 6   4) <--> ( 7   3)        1.041605      0.083457      0.072329   WU    12.012580     10.410903
 ( 6   4) <--> ( 7   4)        0.201390      0.003120      0.002704   WU     0.449064      0.389188
 ( 6   1) <--> ( 8   1)        3.098099      0.738324      0.564601   WU   106.272450     81.267168
 ( 6   1) <--> ( 8   2)        0.603956      0.028059      0.021457   WU     4.038696      3.088415
 ( 6   1) <--> ( 8   3)        0.201706      0.003130      0.002393   WU     0.450472      0.344478
 ( 6   1) <--> ( 8   4)        0.182865      0.002572      0.001967   WU     0.370248      0.283131
 ( 6   2) <--> ( 8   1)       -0.970464      0.072446      0.055400   WU    10.427702      7.974125
 ( 6   2) <--> ( 8   2)        3.094488      0.736604      0.563286   WU   106.024850     81.077826
 ( 6   2) <--> ( 8   3)       -0.525535      0.021245      0.016246   WU     3.057973      2.338450
 ( 6   2) <--> ( 8   4)        0.690893      0.036718      0.028078   WU     5.285076      4.041529
 ( 6   3) <--> ( 8   1)       -1.693810      0.220692      0.168764   WU    31.765793     24.291489
 ( 6   3) <--> ( 8   2)        0.603146      0.027984      0.021399   WU     4.027872      3.080138
 ( 6   3) <--> ( 8   3)        3.395895      0.887085      0.678359   WU   127.684638     97.641193
 ( 6   3) <--> ( 8   4)        0.326864      0.008218      0.006285   WU     1.182945      0.904605
 ( 6   4) <--> ( 8   1)        0.289133      0.006431      0.004918   WU     0.925604      0.707815
 ( 6   4) <--> ( 8   2)        0.867653      0.057909      0.044284   WU     8.335317      6.374066
 ( 6   4) <--> ( 8   3)       -0.118878      0.001087      0.000831   WU     0.156472      0.119655
 ( 6   4) <--> ( 8   4)       -2.777011      0.593215      0.453635   WU    85.385741     65.294978
 ( 7   1) <--> ( 7   1)       -0.446869     -0.299251   (eb)
 ( 7   2) <--> ( 7   1)       -1.134182      0.085758      0.085758   WU    12.343774     12.343774
 ( 7   2) <--> ( 7   2)        0.622300      0.416730   (eb)
 ( 7   3) <--> ( 7   1)       -1.502737      0.150548      0.150548   WU    21.669473     21.669473
 ( 7   3) <--> ( 7   2)        0.601105      0.024089      0.024089   WU     3.467235      3.467235
 ( 7   3) <--> ( 7   3)       -1.623147     -1.086960   (eb)
 ( 7   4) <--> ( 7   1)       -0.352446      0.008281      0.008281   WU     1.191974      1.191974
 ( 7   4) <--> ( 7   2)       -1.299106      0.112512      0.112512   WU    16.194644     16.194644
 ( 7   4) <--> ( 7   3)        1.495037      0.149009      0.149009   WU    21.447976     21.447976
 ( 7   4) <--> ( 7   4)       -2.578007     -1.726393   (eb)
 ( 7   1) <--> ( 8   1)        1.559066      0.162046      0.142982   WU    23.324427     20.580377
 ( 7   1) <--> ( 8   2)       -0.965356      0.062127      0.054818   WU     8.942459      7.890405
 ( 7   1) <--> ( 8   3)       -0.484688      0.015661      0.013819   WU     2.254274      1.989066
 ( 7   1) <--> ( 8   4)       -0.423904      0.011980      0.010570   WU     1.724321      1.521459
 ( 7   2) <--> ( 8   1)        0.165643      0.001829      0.001614   WU     0.263285      0.232310
 ( 7   2) <--> ( 8   2)        1.490496      0.148105      0.130681   WU    21.317874     18.809889
 ( 7   2) <--> ( 8   3)        0.623495      0.025916      0.022867   WU     3.730336      3.291473
 ( 7   2) <--> ( 8   4)       -1.324154      0.116892      0.103140   WU    16.825152     14.845723
 ( 7   3) <--> ( 8   1)       -0.167765      0.001876      0.001656   WU     0.270077      0.238303
 ( 7   3) <--> ( 8   2)        0.115464      0.000889      0.000784   WU     0.127930      0.112879
 ( 7   3) <--> ( 8   3)       -1.493371      0.148677      0.131186   WU    21.400194     18.882524
 ( 7   3) <--> ( 8   4)       -0.150107      0.001502      0.001325   WU     0.216213      0.190776
 ( 7   4) <--> ( 8   1)       -0.068650      0.000314      0.000277   WU     0.045224      0.039903
 ( 7   4) <--> ( 8   2)       -0.007134      0.000003      0.000003   WU     0.000488      0.000431
 ( 7   4) <--> ( 8   3)       -0.334604      0.007464      0.006586   WU     1.074349      0.947955
 ( 7   4) <--> ( 8   4)        0.423093      0.011934      0.010530   WU     1.717728      1.515642
 ( 7   1) <--> ( 9   1)        3.961568      1.046268      0.826001   WU   150.597070    118.892423
 ( 7   1) <--> ( 9   2)       -0.840603      0.047108      0.037190   WU     6.780536      5.353055
 ( 7   1) <--> ( 9   3)        0.599326      0.023946      0.018905   WU     3.446738      2.721109
 ( 7   1) <--> ( 9   4)       -0.034070      0.000077      0.000061   WU     0.011138      0.008793
 ( 7   2) <--> ( 9   1)       -2.109911      0.296782      0.234301   WU    42.717974     33.724717
 ( 7   2) <--> ( 9   2)       -2.786781      0.517743      0.408745   WU    74.522576     58.833613
 ( 7   2) <--> ( 9   3)        2.776707      0.514007      0.405795   WU    73.984743     58.409007
 ( 7   2) <--> ( 9   4)        0.040694      0.000110      0.000087   WU     0.015890      0.012545
 ( 7   3) <--> ( 9   1)        1.942204      0.251477      0.198535   WU    36.196948     28.576538
 ( 7   3) <--> ( 9   2)        3.751374      0.938187      0.740674   WU   135.040178    106.610667
 ( 7   3) <--> ( 9   3)        2.616954      0.456563      0.360445   WU    65.716495     51.881444
 ( 7   3) <--> ( 9   4)        0.927375      0.057335      0.045264   WU     8.252637      6.515240
 ( 7   4) <--> ( 9   1)       -0.163099      0.001773      0.001400   WU     0.255260      0.201521
 ( 7   4) <--> ( 9   2)       -3.307548      0.729325      0.575783   WU   104.977087     82.876648
 ( 7   4) <--> ( 9   3)       -2.617032      0.456590      0.360466   WU    65.720390     51.884518
 ( 7   4) <--> ( 9   4)        4.439237      1.313789      1.037201   WU   189.103228    149.292022
 ( 8   1) <--> ( 8   1)       -0.798261     -0.514237   (eb)
 ( 8   2) <--> ( 8   1)       -1.193070      0.083730      0.083730   WU    12.051930     12.051930
 ( 8   2) <--> ( 8   2)        0.133342      0.085899   (eb)
 ( 8   3) <--> ( 8   1)        1.176127      0.081369      0.081369   WU    11.712061     11.712061
 ( 8   3) <--> ( 8   2)        0.039545      0.000092      0.000092   WU     0.013240      0.013240
 ( 8   3) <--> ( 8   3)       -1.756665     -1.131636   (eb)
 ( 8   4) <--> ( 8   1)        0.014817      0.000013      0.000013   WU     0.001859      0.001859
 ( 8   4) <--> ( 8   2)       -1.596357      0.149903      0.149903   WU    21.576688     21.576688
 ( 8   4) <--> ( 8   3)       -0.306501      0.005526      0.005526   WU     0.795407      0.795407
 ( 8   4) <--> ( 8   4)        1.252199      0.806662   (eb)
 ( 8   1) <--> ( 9   1)        0.323935      0.006173      0.005523   WU     0.888465      0.794942
 ( 8   1) <--> ( 9   2)       -0.127329      0.000954      0.000853   WU     0.137271      0.122822
 ( 8   1) <--> ( 9   3)        0.031997      0.000060      0.000054   WU     0.008668      0.007756
 ( 8   1) <--> ( 9   4)       -0.040405      0.000096      0.000086   WU     0.013823      0.012368
 ( 8   2) <--> ( 9   1)       -1.188475      0.083087      0.074341   WU    11.959278     10.700407
 ( 8   2) <--> ( 9   2)        0.136883      0.001102      0.000986   WU     0.158643      0.141944
 ( 8   2) <--> ( 9   3)        0.165381      0.001609      0.001440   WU     0.231578      0.207201
 ( 8   2) <--> ( 9   4)        0.080618      0.000382      0.000342   WU     0.055029      0.049236
 ( 8   3) <--> ( 9   1)        0.484369      0.013801      0.012348   WU     1.986450      1.777350
 ( 8   3) <--> ( 9   2)       -0.483173      0.013733      0.012287   WU     1.976651      1.768583
 ( 8   3) <--> ( 9   3)       -0.084303      0.000418      0.000374   WU     0.060174      0.053840
 ( 8   3) <--> ( 9   4)       -0.194864      0.002234      0.001999   WU     0.321507      0.287664
 ( 8   4) <--> ( 9   1)        0.968390      0.055163      0.049357   WU     7.940086      7.104288
 ( 8   4) <--> ( 9   2)        0.843567      0.041859      0.037453   WU     6.025094      5.390874
 ( 8   4) <--> ( 9   3)       -1.561959      0.143513      0.128406   WU    20.656832     18.482428
 ( 8   4) <--> ( 9   4)       -0.143555      0.001212      0.001085   WU     0.174487      0.156120
 ( 8   1) <--> (10   1)        4.060384      0.969807      0.785082   WU   139.591417    113.002576
 ( 8   1) <--> (10   2)        0.994182      0.058141      0.047067   WU     8.368674      6.774641
 ( 8   1) <--> (10   3)        0.000846      0.000000      0.000000   WU     0.000006      0.000005
 ( 8   1) <--> (10   4)        0.067582      0.000269      0.000217   WU     0.038671      0.031305
 ( 8   2) <--> (10   1)       -1.784612      0.187344      0.151659   WU    26.965738     21.829407
 ( 8   2) <--> (10   2)        3.788490      0.844274      0.683460   WU   121.522549     98.375397
 ( 8   2) <--> (10   3)        1.379562      0.111952      0.090628   WU    16.114139     13.044779
 ( 8   2) <--> (10   4)       -0.195136      0.002240      0.001813   WU     0.322405      0.260994
 ( 8   3) <--> (10   1)       -2.141116      0.269669      0.218304   WU    38.815471     31.422048
 ( 8   3) <--> (10   2)        1.620227      0.154420      0.125006   WU    22.226767     17.993097
 ( 8   3) <--> (10   3)       -4.207797      1.041503      0.843122   WU   149.911182    121.356671
 ( 8   3) <--> (10   4)        1.237857      0.090135      0.072966   WU    12.973742     10.502553
 ( 8   4) <--> (10   1)       -0.074500      0.000326      0.000264   WU     0.046993      0.038042
 ( 8   4) <--> (10   2)       -2.451755      0.353594      0.286243   WU    50.895418     41.201053
 ( 8   4) <--> (10   3)       -0.442709      0.011529      0.009333   WU     1.659438      1.343354
 ( 8   4) <--> (10   4)       -0.183657      0.001984      0.001606   WU     0.285588      0.231190
 ( 9   1) <--> ( 9   1)       -0.678939     -0.421541   (eb)
 ( 9   2) <--> ( 9   1)       -0.713915      0.026825      0.026825   WU     3.861116      3.861116
 ( 9   2) <--> ( 9   2)       -2.434478     -1.511524   (eb)
 ( 9   3) <--> ( 9   1)       -2.196326      0.253887      0.253887   WU    36.543794     36.543794
 ( 9   3) <--> ( 9   2)       -1.398622      0.102955      0.102955   WU    14.819065     14.819065
 ( 9   3) <--> ( 9   3)       -0.366019     -0.227254   (eb)
 ( 9   4) <--> ( 9   1)       -0.607584      0.019429      0.019429   WU     2.796612      2.796612
 ( 9   4) <--> ( 9   2)        2.157935      0.245089      0.245089   WU    35.277387     35.277387
 ( 9   4) <--> ( 9   3)        1.565160      0.128933      0.128933   WU    18.558253     18.558253
 ( 9   4) <--> ( 9   4)       -5.270194     -3.272169   (eb)
 ( 9   1) <--> (10   1)        1.982552      0.206869      0.187167   WU    29.776199     26.940370
 ( 9   1) <--> (10   2)       -1.321445      0.091906      0.083153   WU    13.228728     11.968849
 ( 9   1) <--> (10   3)        0.345099      0.006268      0.005671   WU     0.902211      0.816287
 ( 9   1) <--> (10   4)       -0.241078      0.003059      0.002768   WU     0.440285      0.398353
 ( 9   2) <--> (10   1)       -0.331294      0.005777      0.005226   WU     0.831472      0.752284
 ( 9   2) <--> (10   2)       -1.624119      0.138830      0.125608   WU    19.982762     18.079642
 ( 9   2) <--> (10   3)        1.608813      0.136225      0.123251   WU    19.607898     17.740479
 ( 9   2) <--> (10   4)       -0.101200      0.000539      0.000488   WU     0.077585      0.070196
 ( 9   3) <--> (10   1)       -0.007402      0.000003      0.000003   WU     0.000415      0.000375
 ( 9   3) <--> (10   2)        1.323864      0.092243      0.083458   WU    13.277197     12.012702
 ( 9   3) <--> (10   3)        1.222133      0.078611      0.071124   WU    11.315066     10.237441
 ( 9   3) <--> (10   4)        0.143347      0.001081      0.000978   WU     0.155668      0.140842
 ( 9   4) <--> (10   1)       -0.093691      0.000462      0.000418   WU     0.066500      0.060166
 ( 9   4) <--> (10   2)       -0.056719      0.000169      0.000153   WU     0.024372      0.022050
 ( 9   4) <--> (10   3)        0.320669      0.005412      0.004897   WU     0.778993      0.704803
 ( 9   4) <--> (10   4)       -1.248469      0.082036      0.074223   WU    11.807976     10.683406
 (10   1) <--> (10   1)       -0.847417     -0.508106   (eb)
 (10   2) <--> (10   1)       -0.834014      0.033123      0.033123   WU     4.767617      4.767617
 (10   2) <--> (10   2)       -0.568961     -0.341145   (eb)
 (10   3) <--> (10   1)       -1.731337      0.142739      0.142739   WU    20.545530     20.545530
 (10   3) <--> (10   2)        0.852027      0.034569      0.034569   WU     4.975776      4.975776
 (10   3) <--> (10   3)       -2.716896     -1.629033   (eb)
 (10   4) <--> (10   1)        0.470581      0.010545      0.010545   WU     1.517832      1.517832
 (10   4) <--> (10   2)        0.664647      0.021036      0.021036   WU     3.027867      3.027867
 (10   4) <--> (10   3)       -2.291588      0.250066      0.250066   WU    35.993769     35.993769
 (10   4) <--> (10   4)       -8.549583     -5.126273   (eb)
 
  quadrupole shape invariant: 01+, 02+, 03+, 04+
quadr2     0.55524225     1.07992776     1.73903179     1.76634316
quadr3     0.16356005     0.54400094     0.75019135     1.42295390
  effective deformation parameters:  01+, 02+, 03+, 04+
beteff     0.08802679     0.12276398     0.15578563     0.15700416
cos3ga     0.39532428     0.48473858     0.32712276     0.60614735
 
 ********* END Transition **************************
