 ********* BEGIN READER ****************************
 
 Nucleus            :  _U  92 218
 Imin, Imax         :     0  10
 imu, remu          :     1 12.0000
 nlevel             :     4
 observables        :     2
 wave fun           :     1
 nbet, ngam, npar   :    10   7  10
 Finish reading parameters: V, B_k ...
 
 ********* END READER ******************************
 
 ********* BEGIN LEVELS ********************
 
 E_0 = -1999.152697
 
  I=   0   ntot= 127
   0   1    0.000000
   0   2    0.999506
   0   3    1.200534
   0   4    1.825243
 
  I=   2   ntot= 234
   2   1    0.099975
   2   2    0.801925
   2   3    1.188637
   2   4    1.341684
 
  I=   3   ntot= 108
   3   1    0.954907
   3   2    1.901669
   3   3    2.051927
   3   4    2.437178
 
  I=   4   ntot= 324
   4   1    0.314020
   4   2    1.063363
   4   3    1.412153
   4   4    1.477121
 
  I=   5   ntot= 198
   5   1    1.270343
   5   2    1.832601
   5   3    2.169801
   5   4    2.461968
 
  I=   6   ntot= 432
   6   1    0.625234
   6   2    1.396732
   6   3    1.694611
   6   4    1.849232
 
  I=   7   ntot= 306
   7   1    1.665201
   7   2    2.263924
   7   3    2.452380
   7   4    2.731456
 
  I=   8   ntot= 522
   8   1    1.019398
   8   2    1.799287
   8   3    2.025167
   8   4    2.275696
 
  I=   9   ntot= 397
   9   1    2.124882
   9   2    2.709498
   9   3    2.797428
   9   4    3.177669
 
  I=  10   ntot= 630
  10   1    1.484710
  10   2    2.261923
  10   3    2.392212
  10   4    2.744251
 
 ********* END LEVELS **********************
 
 ********* BEGIN Transition ************************
 
  Monopole moment 
 
   I   n    <In|E0|In>   ave \beta      del<b>   ave \gamma    del<g>  
     K=0       K=2       K=4   
   0   1     40.386237    0.297818    0.049617   13.558840    9.386982  100.0000    0.0000    0.0000
   0   2     40.519411    0.305929    0.074454   21.932284   15.318728  100.0000    0.0000    0.0000
   0   3     40.844962    0.346164    0.084757   18.427401   13.039267   99.9999    0.0000    0.0000
   0   4     41.360438    0.399494    0.123829   17.220180   14.181073   99.9998    0.0000    0.0000
   2   1     40.408280    0.300924    0.049450   13.153514    9.111531   99.8681    0.1318    0.0000
   2   2     40.476406    0.299182    0.051766   21.798338   10.066646    2.4065   97.5935    0.0000
   2   3     40.754577    0.341626    0.086936   14.027951   13.223592   94.3126    5.6873    0.0000
   2   4     40.745991    0.329342    0.076290   23.020143   13.211630   78.1854   21.8146    0.0000
   3   1     40.531543    0.307726    0.051780   19.441147    8.872571    0.0000  100.0000    0.0000
   3   2     41.186710    0.383657    0.099078   15.962987   11.214354    0.0000   99.9999    0.0000
   3   3     40.944404    0.347803    0.085265   24.239591   12.117137    0.0000   99.9999    0.0000
   3   4     42.278228    0.487087    0.125785   12.978338    9.540408    0.0000   99.9996    0.0000
   4   1     40.448004    0.306199    0.049609   12.731201    8.938931   99.1877    0.7994    0.0128
   4   2     40.540998    0.307991    0.053073   20.509336   10.202923    6.6498   89.6932    3.6569
   4   3     40.949202    0.364533    0.089907   12.532421   11.190208   89.3247    7.4420    3.2333
   4   4     40.633802    0.312560    0.065165   26.663773   13.077634   16.8983   17.8200   65.2817
   5   1     40.606261    0.317490    0.053392   18.305555    8.686388    0.0000   97.5466    2.4533
   5   2     40.689881    0.320113    0.055014   24.052850    9.425727    0.0000    7.2330   92.7670
   5   3     41.697417    0.434611    0.100608   14.012835    8.998777    0.0000   97.2762    2.7237
   5   4     40.907225    0.343609    0.070271   24.293312   11.624194    0.0000   76.5221   23.4778
   6   1     40.501924    0.313049    0.050230   12.385796    8.854670   97.7311    2.2234    0.0410
   6   2     40.614082    0.317183    0.055432   19.779870   10.670212   12.4712   80.8124    5.7162
   6   3     41.187413    0.390276    0.092751   11.560197    9.126069   94.2678    5.6458    0.0627
   6   4     40.677950    0.315769    0.060426   28.305878   13.186737   13.4064   34.3268   29.7302
   7   1     40.701968    0.329277    0.056614   17.426697    8.713451    0.0000   94.5262    5.2411
   7   2     40.841183    0.338303    0.067863   22.371935   11.138807    0.0000   15.8025   71.0673
   7   3     42.025720    0.464114    0.101925   13.473180    8.815254    0.0000   93.5121    5.7638
   7   4     40.987676    0.351617    0.074561   23.743162   11.357540    0.0000    1.7402   33.5406
   8   1     40.569583    0.321327    0.051459   12.134676    8.827891   95.5509    4.3214    0.1176
   8   2     40.705458    0.328240    0.059322   19.091313   11.250363   19.0269   71.1153    8.2538
   8   3     41.438006    0.414511    0.097140   11.643946    9.041504   91.9099    7.8209    0.2512
   8   4     40.813059    0.332105    0.071089   26.257673   14.045084   11.9458   43.6938   20.4594
   9   1     40.836414    0.345068    0.062791   16.618785    8.945674    0.0000   91.2167    8.1924
   9   2     41.676359    0.429999    0.112578   15.381201   11.614556    0.0000   58.1720   31.6843
   9   3     41.675276    0.429412    0.116728   15.898261   11.399641    0.0000   54.4500   34.8418
   9   4     41.736771    0.431988    0.110655   17.498504   11.849156    0.0000    9.2854   58.9625
  10   1     40.653649    0.331273    0.053601   11.965015    8.831789   92.8297    6.8858    0.2635
  10   2     40.831687    0.343183    0.067309   18.119169   12.059606   26.4084   61.0992   10.3294
  10   3     41.777558    0.445524    0.101117   11.688117    9.046205   86.7799   12.5480    0.6039
  10   4     41.159265    0.372956    0.099613   21.305417   14.510601   12.1437   53.1038   14.9530
 
  rho^2(E0) 
 
   I  n_1 n_2  <In_1|E0|In_2>  rho^2(E0) 
   0   1   1       40.386237 3173.231386
   0   2   1        0.208256    0.084378
   0   2   2       40.519411 3194.193525
   0   3   1       -0.320579    0.199943
   0   3   2       -0.148823    0.043090
   0   3   3       40.844962 3245.726843
   0   4   1        0.025846    0.001300
   0   4   2       -0.280603    0.153186
   0   4   3        0.448085    0.390621
   0   4   4       41.360438 3328.167892
   2   1   1       40.408280 3176.696321
   2   2   1       -0.017546    0.000599
   2   2   2       40.476406 3187.416714
   2   3   1        0.316977    0.195475
   2   3   2        0.016888    0.000555
   2   3   3       40.754577 3231.377909
   2   4   1       -0.210175    0.085940
   2   4   2        0.050976    0.005055
   2   4   3       -0.207237    0.083555
   2   4   4       40.745991 3230.016559
   3   1   1       40.531543 3196.106451
   3   2   1        0.335679    0.219221
   3   2   2       41.186710 3300.267710
   3   3   1        0.226467    0.099780
   3   3   2        0.341297    0.226620
   3   3   3       40.944404 3261.550305
   3   4   1        0.137886    0.036989
   3   4   2       -0.790160    1.214689
   3   4   3       -0.453748    0.400557
   3   4   4       42.278228 3477.511073
   4   1   1       40.448004 3182.945220
   4   2   1        0.032616    0.002070
   4   2   2       40.540998 3197.597788
   4   3   1        0.355796    0.246285
   4   3   2       -0.003937    0.000030
   4   3   3       40.949202 3262.314693
   4   4   1       -0.123889    0.029861
   4   4   2       -0.054973    0.005879
   4   4   3       -0.150103    0.043834
   4   4   4       40.633802 3212.254114
   5   1   1       40.606261 3207.901185
   5   2   1        0.038530    0.002888
   5   2   2       40.689881 3221.126762
   5   3   1        0.404758    0.318732
   5   3   2        0.084190    0.013790
   5   3   3       41.697417 3382.620521
   5   4   1        0.065992    0.008473
   5   4   2        0.087955    0.015051
   5   4   3        0.190915    0.070911
   5   4   4       40.907225 3255.629810
   6   1   1       40.501924 3191.436980
   6   2   1       -0.048083    0.004498
   6   2   2       40.614082 3209.136982
   6   3   1        0.388687    0.293924
   6   3   2       -0.028068    0.001533
   6   3   3       41.187413 3300.380363
   6   4   1        0.040864    0.003249
   6   4   2       -0.080871    0.012724
   6   4   3        0.074990    0.010941
   6   4   4       40.677950 3219.238021
   7   1   1       40.701968 3223.040639
   7   2   1        0.094514    0.017379
   7   2   2       40.841183 3245.126214
   7   3   1        0.427421    0.355424
   7   3   2        0.253405    0.124930
   7   3   3       42.025720 3436.096003
   7   4   1       -0.008644    0.000145
   7   4   2        0.129594    0.032674
   7   4   3        0.033904    0.002236
   7   4   4       40.987676 3268.447800
   8   1   1       40.569583 3202.108574
   8   2   1        0.066777    0.008676
   8   2   2       40.705458 3223.593403
   8   3   1        0.401562    0.313719
   8   3   2        0.060940    0.007225
   8   3   3       41.438006 3340.663029
   8   4   1       -0.017145    0.000572
   8   4   2       -0.121013    0.028491
   8   4   3       -0.034137    0.002267
   8   4   4       40.813059 3240.658429
   9   1   1       40.836414 3244.368491
   9   2   1       -0.367788    0.263166
   9   2   2       41.676359 3379.204692
   9   3   1       -0.346922    0.234153
   9   3   2        0.737646    1.058597
   9   3   3       41.675276 3379.029102
   9   4   1       -0.065085    0.008241
   9   4   2       -0.417529    0.339162
   9   4   3        0.025286    0.001244
   9   4   4       41.736771 3389.008476
  10   1   1       40.653649 3215.392773
  10   2   1       -0.100077    0.019485
  10   2   2       40.831687 3243.617417
  10   3   1       -0.413269    0.332278
  10   3   2        0.133057    0.034444
  10   3   3       41.777558 3395.635618
  10   4   1        0.013415    0.000350
  10   4   2       -0.226307    0.099639
  10   4   3        0.003881    0.000029
  10   4   4       41.159265 3295.870820
 
  E2 transition 
 
  I1  n1        I2  n2       <f||E2||i>   B(E2,I1->I2)  B(E2,I2->I1)
 ( 0   1) <--> ( 2   1)        4.088699     16.717456      3.343491   WU  1341.430134    268.286027
 ( 0   1) <--> ( 2   2)        0.542884      0.294723      0.058945   WU    23.648963      4.729793
 ( 0   1) <--> ( 2   3)        0.635246      0.403538      0.080708   WU    32.380398      6.476080
 ( 0   1) <--> ( 2   4)       -0.147786      0.021841      0.004368   WU     1.752532      0.350506
 ( 0   2) <--> ( 2   1)        0.711737      0.506570      0.101314   WU    40.647793      8.129559
 ( 0   2) <--> ( 2   2)       -1.185902      1.406364      0.281273   WU   112.848490     22.569698
 ( 0   2) <--> ( 2   3)        3.729166     13.906682      2.781336   WU  1115.889979    223.177996
 ( 0   2) <--> ( 2   4)        1.064986      1.134195      0.226839   WU    91.009262     18.201852
 ( 0   3) <--> ( 2   1)       -0.529978      0.280877      0.056175   WU    22.537943      4.507589
 ( 0   3) <--> ( 2   2)       -0.664482      0.441537      0.088307   WU    35.429477      7.085895
 ( 0   3) <--> ( 2   3)       -2.406984      5.793574      1.158715   WU   464.883834     92.976767
 ( 0   3) <--> ( 2   4)        3.836608     14.719561      2.943912   WU  1181.116474    236.223295
 ( 0   4) <--> ( 2   1)        0.145704      0.021230      0.004246   WU     1.703486      0.340697
 ( 0   4) <--> ( 2   2)       -0.000498      0.000000      0.000000   WU     0.000020      0.000004
 ( 0   4) <--> ( 2   3)       -0.672687      0.452508      0.090502   WU    36.309825      7.261965
 ( 0   4) <--> ( 2   4)        0.809298      0.654964      0.130993   WU    52.555146     10.511029
 ( 2   1) <--> ( 2   1)       -4.836501     -3.665745   (eb)
 ( 2   2) <--> ( 2   1)        1.209595      0.292624      0.292624   WU    23.480535     23.480535
 ( 2   2) <--> ( 2   2)        4.636349      3.514043   (eb)
 ( 2   3) <--> ( 2   1)       -0.708388      0.100363      0.100363   WU     8.053242      8.053242
 ( 2   3) <--> ( 2   2)        0.659685      0.087037      0.087037   WU     6.983950      6.983950
 ( 2   3) <--> ( 2   3)       -4.608391     -3.492852   (eb)
 ( 2   4) <--> ( 2   1)        0.392026      0.030737      0.030737   WU     2.466368      2.466368
 ( 2   4) <--> ( 2   2)       -0.061066      0.000746      0.000746   WU     0.059846      0.059846
 ( 2   4) <--> ( 2   3)        1.969012      0.775401      0.775401   WU    62.219208     62.219208
 ( 2   4) <--> ( 2   4)       -2.408757     -1.825676   (eb)
 ( 2   1) <--> ( 3   1)        0.941573      0.177312      0.126651   WU    14.227749     10.162678
 ( 2   1) <--> ( 3   2)        0.039324      0.000309      0.000221   WU     0.024817      0.017726
 ( 2   1) <--> ( 3   3)       -0.117556      0.002764      0.001974   WU     0.221776      0.158411
 ( 2   1) <--> ( 3   4)        0.011419      0.000026      0.000019   WU     0.002092      0.001495
 ( 2   2) <--> ( 3   1)       -6.007467      7.217933      5.155666   WU   579.176200    413.697286
 ( 2   2) <--> ( 3   2)       -0.649825      0.084455      0.060325   WU     6.776739      4.840528
 ( 2   2) <--> ( 3   3)       -0.337940      0.022841      0.016315   WU     1.832762      1.309115
 ( 2   2) <--> ( 3   4)       -0.329593      0.021726      0.015519   WU     1.743351      1.245251
 ( 2   3) <--> ( 3   1)       -1.461847      0.427400      0.305285   WU    34.295087     24.496491
 ( 2   3) <--> ( 3   2)        0.299351      0.017922      0.012802   WU     1.438099      1.027214
 ( 2   3) <--> ( 3   3)        0.141878      0.004026      0.002876   WU     0.323041      0.230744
 ( 2   3) <--> ( 3   4)        0.045694      0.000418      0.000298   WU     0.033508      0.023935
 ( 2   4) <--> ( 3   1)       -2.200068      0.968060      0.691472   WU    77.678392     55.484566
 ( 2   4) <--> ( 3   2)       -1.711017      0.585516      0.418226   WU    46.982542     33.558958
 ( 2   4) <--> ( 3   3)       -0.124174      0.003084      0.002203   WU     0.247452      0.176751
 ( 2   4) <--> ( 3   4)       -0.246740      0.012176      0.008697   WU     0.977030      0.697878
 ( 2   1) <--> ( 4   1)       -6.686361      8.941485      4.967492   WU   717.476256    398.597920
 ( 2   1) <--> ( 4   2)        0.172252      0.005934      0.003297   WU     0.476165      0.264536
 ( 2   1) <--> ( 4   3)       -0.806988      0.130246      0.072359   WU    10.451093      5.806163
 ( 2   1) <--> ( 4   4)        0.149546      0.004473      0.002485   WU     0.358903      0.199390
 ( 2   2) <--> ( 4   1)       -0.187447      0.007027      0.003904   WU     0.563879      0.313266
 ( 2   2) <--> ( 4   2)        4.474906      4.004957      2.224976   WU   321.362924    178.534958
 ( 2   2) <--> ( 4   3)        0.090390      0.001634      0.000908   WU     0.131121      0.072845
 ( 2   2) <--> ( 4   4)        0.878470      0.154342      0.085746   WU    12.384606      6.880337
 ( 2   3) <--> ( 4   1)       -1.527561      0.466688      0.259271   WU    37.447676     20.804265
 ( 2   3) <--> ( 4   2)       -1.039992      0.216317      0.120176   WU    17.357525      9.643069
 ( 2   3) <--> ( 4   3)       -7.119334     10.136983      5.631657   WU   813.404500    451.891389
 ( 2   3) <--> ( 4   4)        0.850035      0.144512      0.080284   WU    11.595817      6.442121
 ( 2   4) <--> ( 4   1)        0.404948      0.032797      0.018220   WU     2.631646      1.462025
 ( 2   4) <--> ( 4   2)       -0.630351      0.079468      0.044149   WU     6.376646      3.542581
 ( 2   4) <--> ( 4   3)        2.512753      1.262785      0.701547   WU   101.327513     56.293063
 ( 2   4) <--> ( 4   4)       -3.841694      2.951722      1.639846   WU   236.849967    131.583315
 ( 3   1) <--> ( 3   1)        0.000000      0.000000   (eb)
 ( 3   2) <--> ( 3   1)        0.000000      0.000000      0.000000   WU     0.000000      0.000000
 ( 3   2) <--> ( 3   2)        0.000000      0.000000   (eb)
 ( 3   3) <--> ( 3   1)        0.000000      0.000000      0.000000   WU     0.000000      0.000000
 ( 3   3) <--> ( 3   2)        0.000000      0.000000      0.000000   WU     0.000000      0.000000
 ( 3   3) <--> ( 3   3)        0.000000      0.000000   (eb)
 ( 3   4) <--> ( 3   1)        0.000000      0.000000      0.000000   WU     0.000000      0.000000
 ( 3   4) <--> ( 3   2)        0.000000      0.000000      0.000000   WU     0.000000      0.000000
 ( 3   4) <--> ( 3   3)        0.000000      0.000000      0.000000   WU     0.000000      0.000000
 ( 3   4) <--> ( 3   4)        0.000000      0.000000   (eb)
 ( 3   1) <--> ( 4   1)        1.206305      0.207882      0.161686   WU    16.680683     12.973865
 ( 3   1) <--> ( 4   2)       -5.837411      4.867909      3.786151   WU   390.607248    303.805637
 ( 3   1) <--> ( 4   3)        1.474665      0.310662      0.241626   WU    24.927955     19.388410
 ( 3   1) <--> ( 4   4)        2.273929      0.738679      0.574528   WU    59.272540     46.100865
 ( 3   2) <--> ( 4   1)        0.052632      0.000396      0.000308   WU     0.031754      0.024697
 ( 3   2) <--> ( 4   2)       -0.981900      0.137732      0.107125   WU    11.051831      8.595868
 ( 3   2) <--> ( 4   3)        1.963886      0.550978      0.428539   WU    44.211218     34.386503
 ( 3   2) <--> ( 4   4)        1.109621      0.175894      0.136806   WU    14.113963     10.977527
 ( 3   3) <--> ( 4   1)       -0.070858      0.000717      0.000558   WU     0.057554      0.044764
 ( 3   3) <--> ( 4   2)       -0.387198      0.021417      0.016658   WU     1.718566      1.336663
 ( 3   3) <--> ( 4   3)        0.152359      0.003316      0.002579   WU     0.266094      0.206962
 ( 3   3) <--> ( 4   4)       -0.656506      0.061571      0.047889   WU     4.940568      3.842664
 ( 3   4) <--> ( 4   1)        0.026533      0.000101      0.000078   WU     0.008070      0.006276
 ( 3   4) <--> ( 4   2)       -0.382686      0.020921      0.016272   WU     1.678747      1.305692
 ( 3   4) <--> ( 4   3)        0.231877      0.007681      0.005974   WU     0.616330      0.479368
 ( 3   4) <--> ( 4   4)        0.110601      0.001747      0.001359   WU     0.140221      0.109061
 ( 3   1) <--> ( 5   1)        6.138262      5.382609      3.425296   WU   431.907416    274.850174
 ( 3   1) <--> ( 5   2)       -0.572541      0.046829      0.029800   WU     3.757622      2.391214
 ( 3   1) <--> ( 5   3)        0.507862      0.036846      0.023448   WU     2.956593      1.881468
 ( 3   1) <--> ( 5   4)       -0.066082      0.000624      0.000397   WU     0.050057      0.031854
 ( 3   2) <--> ( 5   1)        1.691569      0.408772      0.260128   WU    32.800420     20.872995
 ( 3   2) <--> ( 5   2)        1.822064      0.474274      0.301811   WU    38.056360     24.217684
 ( 3   2) <--> ( 5   3)        7.106551      7.214725      4.591188   WU   578.918770    368.402854
 ( 3   2) <--> ( 5   4)       -2.073062      0.613941      0.390690   WU    49.263390     31.349430
 ( 3   3) <--> ( 5   1)        0.256183      0.009376      0.005966   WU     0.752315      0.478746
 ( 3   3) <--> ( 5   2)       -1.691516      0.408747      0.260112   WU    32.798370     20.871690
 ( 3   3) <--> ( 5   3)        3.792369      2.054580      1.307460   WU   164.862137    104.912269
 ( 3   3) <--> ( 5   4)        5.188008      3.845060      2.446857   WU   308.532576    196.338912
 ( 3   4) <--> ( 5   1)        0.462166      0.030514      0.019418   WU     2.448473      1.558119
 ( 3   4) <--> ( 5   2)       -0.338393      0.016359      0.010410   WU     1.312630      0.835310
 ( 3   4) <--> ( 5   3)       -3.681274      1.935969      1.231980   WU   155.344601     98.855655
 ( 3   4) <--> ( 5   4)       -0.697855      0.069572      0.044273   WU     5.582512      3.552508
 ( 4   1) <--> ( 4   1)       -6.163822     -4.648110   (eb)
 ( 4   2) <--> ( 4   1)       -1.717194      0.327639      0.327639   WU    26.290213     26.290213
 ( 4   2) <--> ( 4   2)       -1.712798     -1.291613   (eb)
 ( 4   3) <--> ( 4   1)       -0.821584      0.075000      0.075000   WU     6.018104      6.018104
 ( 4   3) <--> ( 4   2)        0.128453      0.001833      0.001833   WU     0.147110      0.147110
 ( 4   3) <--> ( 4   3)       -6.404969     -4.829958   (eb)
 ( 4   4) <--> ( 4   1)        0.441595      0.021667      0.021667   WU     1.738613      1.738613
 ( 4   4) <--> ( 4   2)        2.752936      0.842073      0.842073   WU    67.569026     67.569026
 ( 4   4) <--> ( 4   3)        3.080773      1.054574      1.054574   WU    84.620356     84.620356
 ( 4   4) <--> ( 4   4)        3.906178      2.945631   (eb)
 ( 4   1) <--> ( 5   1)       -0.818793      0.074491      0.060948   WU     5.977286      4.890507
 ( 4   1) <--> ( 5   2)       -0.048720      0.000264      0.000216   WU     0.021163      0.017315
 ( 4   1) <--> ( 5   3)        0.045765      0.000233      0.000190   WU     0.018674      0.015278
 ( 4   1) <--> ( 5   4)        0.109810      0.001340      0.001096   WU     0.107508      0.087961
 ( 4   2) <--> ( 5   1)       -5.404672      3.245608      2.655498   WU   260.431781    213.080548
 ( 4   2) <--> ( 5   2)       -1.319700      0.193512      0.158328   WU    15.527659     12.704448
 ( 4   2) <--> ( 5   3)       -0.467674      0.024302      0.019884   WU     1.950032      1.595481
 ( 4   2) <--> ( 5   4)       -0.204162      0.004631      0.003789   WU     0.371626      0.304058
 ( 4   3) <--> ( 5   1)        1.224456      0.166588      0.136299   WU    13.367233     10.936827
 ( 4   3) <--> ( 5   2)        1.444300      0.231778      0.189637   WU    18.598171     15.216685
 ( 4   3) <--> ( 5   3)       -0.469037      0.024444      0.020000   WU     1.961415      1.604794
 ( 4   3) <--> ( 5   4)       -0.000001      0.000000      0.000000   WU     0.000000      0.000000
 ( 4   4) <--> ( 5   1)        0.940877      0.098361      0.080477   WU     7.892625      6.457602
 ( 4   4) <--> ( 5   2)        5.811062      3.752049      3.069858   WU   301.069202    246.329347
 ( 4   4) <--> ( 5   3)        0.465119      0.024037      0.019667   WU     1.928783      1.578095
 ( 4   4) <--> ( 5   4)       -0.102008      0.001156      0.000946   WU     0.092774      0.075906
 ( 4   1) <--> ( 6   1)        8.672926      8.357738      5.786126   WU   670.635633    464.286207
 ( 4   1) <--> ( 6   2)       -0.050554      0.000284      0.000197   WU     0.022786      0.015775
 ( 4   1) <--> ( 6   3)        0.825183      0.075659      0.052379   WU     6.070940      4.202959
 ( 4   1) <--> ( 6   4)       -0.021012      0.000049      0.000034   WU     0.003936      0.002725
 ( 4   2) <--> ( 6   1)       -0.331856      0.012236      0.008471   WU     0.981872      0.679757
 ( 4   2) <--> ( 6   2)       -7.599101      6.416259      4.442025   WU   514.848839    356.433811
 ( 4   2) <--> ( 6   3)       -0.278899      0.008643      0.005983   WU     0.693505      0.480119
 ( 4   2) <--> ( 6   4)        0.101106      0.001136      0.000786   WU     0.091141      0.063097
 ( 4   3) <--> ( 6   1)        2.142582      0.510073      0.353127   WU    40.928900     28.335392
 ( 4   3) <--> ( 6   2)       -0.834419      0.077362      0.053558   WU     6.207603      4.297572
 ( 4   3) <--> ( 6   3)        9.973013     11.051221      7.650846   WU   886.764175    613.913659
 ( 4   3) <--> ( 6   4)       -1.281998      0.182613      0.126424   WU    14.653114     10.144464
 ( 4   4) <--> ( 6   1)       -0.353520      0.013886      0.009614   WU     1.114253      0.771406
 ( 4   4) <--> ( 6   2)        0.315796      0.011081      0.007671   WU     0.889137      0.615557
 ( 4   4) <--> ( 6   3)       -2.773185      0.854506      0.591581   WU    68.566663     47.469228
 ( 4   4) <--> ( 6   4)       -5.841769      3.791808      2.625098   WU   304.259521    210.641207
 ( 5   1) <--> ( 5   1)       -3.773249     -2.739858   (eb)
 ( 5   2) <--> ( 5   1)       -2.321913      0.490116      0.490116   WU    39.327572     39.327572
 ( 5   2) <--> ( 5   2)        3.471983      2.521100   (eb)
 ( 5   3) <--> ( 5   1)       -0.454222      0.018756      0.018756   WU     1.505017      1.505017
 ( 5   3) <--> ( 5   2)       -1.185975      0.127867      0.127867   WU    10.260216     10.260216
 ( 5   3) <--> ( 5   3)       -5.408436     -3.927211   (eb)
 ( 5   4) <--> ( 5   1)       -0.156330      0.002222      0.002222   WU     0.178275      0.178275
 ( 5   4) <--> ( 5   2)        0.551139      0.027614      0.027614   WU     2.215782      2.215782
 ( 5   4) <--> ( 5   3)       -1.037985      0.097947      0.097947   WU     7.859363      7.859363
 ( 5   4) <--> ( 5   4)       -1.707066     -1.239547   (eb)
 ( 5   1) <--> ( 6   1)        1.749532      0.278260      0.235451   WU    22.327967     18.892895
 ( 5   1) <--> ( 6   2)        5.166542      2.426651      2.053320   WU   194.717567    164.761019
 ( 5   1) <--> ( 6   3)        1.215279      0.134264      0.113608   WU    10.773500      9.116038
 ( 5   1) <--> ( 6   4)       -2.045182      0.380252      0.321752   WU    30.511894     25.817756
 ( 5   2) <--> ( 6   1)        0.075252      0.000515      0.000436   WU     0.041309      0.034954
 ( 5   2) <--> ( 6   2)       -1.404211      0.179255      0.151678   WU    14.383674     12.170801
 ( 5   2) <--> ( 6   3)        0.258169      0.006059      0.005127   WU     0.486200      0.411400
 ( 5   2) <--> ( 6   4)       -4.128117      1.549214      1.310873   WU   124.310904    105.186150
 ( 5   3) <--> ( 6   1)       -0.015852      0.000023      0.000019   WU     0.001833      0.001551
 ( 5   3) <--> ( 6   2)        0.872427      0.069194      0.058548   WU     5.552176      4.697995
 ( 5   3) <--> ( 6   3)        2.251529      0.460853      0.389952   WU    36.979430     31.290287
 ( 5   3) <--> ( 6   4)       -0.958177      0.083464      0.070623   WU     6.697249      5.666903
 ( 5   4) <--> ( 6   1)       -0.091293      0.000758      0.000641   WU     0.060797      0.051443
 ( 5   4) <--> ( 6   2)       -0.010201      0.000009      0.000008   WU     0.000759      0.000642
 ( 5   4) <--> ( 6   3)       -0.080961      0.000596      0.000504   WU     0.047814      0.040458
 ( 5   4) <--> ( 6   4)        1.066539      0.103410      0.087500   WU     8.297719      7.021146
 ( 5   1) <--> ( 7   1)        8.769657      6.991534      5.127125   WU   561.009691    411.407107
 ( 5   1) <--> ( 7   2)       -0.080170      0.000584      0.000428   WU     0.046885      0.034382
 ( 5   1) <--> ( 7   3)        0.456123      0.018914      0.013870   WU     1.517644      1.112939
 ( 5   1) <--> ( 7   4)       -0.106097      0.001023      0.000750   WU     0.082113      0.060216
 ( 5   2) <--> ( 7   1)        0.210118      0.004014      0.002943   WU     0.322056      0.236175
 ( 5   2) <--> ( 7   2)        6.412242      3.737895      2.741123   WU   299.933484    219.951222
 ( 5   2) <--> ( 7   3)       -0.372893      0.012641      0.009270   WU     1.014315      0.743831
 ( 5   2) <--> ( 7   4)       -0.326243      0.009676      0.007096   WU     0.776406      0.569364
 ( 5   3) <--> ( 7   1)        2.454924      0.547877      0.401777   WU    43.962374     32.239074
 ( 5   3) <--> ( 7   2)        2.282731      0.473715      0.347391   WU    38.011485     27.875089
 ( 5   3) <--> ( 7   3)       11.735807     12.520834      9.181945   WU  1004.687764    736.771027
 ( 5   3) <--> ( 7   4)       -0.293924      0.007854      0.005759   WU     0.630194      0.462142
 ( 5   4) <--> ( 7   1)       -0.487775      0.021629      0.015862   WU     1.735577      1.272756
 ( 5   4) <--> ( 7   2)       -1.222082      0.135771      0.099566   WU    10.894470      7.989278
 ( 5   4) <--> ( 7   3)        1.890751      0.324995      0.238329   WU    26.077980     19.123852
 ( 5   4) <--> ( 7   4)        2.702216      0.663816      0.486798   WU    53.265417     39.061305
 ( 6   1) <--> ( 6   1)       -7.333212     -5.112694   (eb)
 ( 6   2) <--> ( 6   1)        2.083490      0.333918      0.333918   WU    26.793984     26.793984
 ( 6   2) <--> ( 6   2)       -4.073105     -2.839757   (eb)
 ( 6   3) <--> ( 6   1)       -0.974265      0.073015      0.073015   WU     5.858803      5.858803
 ( 6   3) <--> ( 6   2)        0.598132      0.027520      0.027520   WU     2.208253      2.208253
 ( 6   3) <--> ( 6   3)       -8.940567     -6.233337   (eb)
 ( 6   4) <--> ( 6   1)       -0.311448      0.007462      0.007462   WU     0.598722      0.598722
 ( 6   4) <--> ( 6   2)        3.514146      0.949940      0.949940   WU    76.224431     76.224431
 ( 6   4) <--> ( 6   3)       -0.764176      0.044920      0.044920   WU     3.604472      3.604472
 ( 6   4) <--> ( 6   4)        1.202326      0.838258   (eb)
 ( 6   1) <--> ( 7   1)       -0.690424      0.036668      0.031779   WU     2.942296      2.549990
 ( 6   1) <--> ( 7   2)       -0.043863      0.000148      0.000128   WU     0.011876      0.010292
 ( 6   1) <--> ( 7   3)        0.086002      0.000569      0.000493   WU     0.045653      0.039566
 ( 6   1) <--> ( 7   4)        0.023012      0.000041      0.000035   WU     0.003268      0.002833
 ( 6   2) <--> ( 7   1)        4.719962      1.713695      1.485202   WU   137.509099    119.174552
 ( 6   2) <--> ( 7   2)        1.009298      0.078360      0.067912   WU     6.287718      5.449356
 ( 6   2) <--> ( 7   3)        0.220587      0.003743      0.003244   WU     0.300341      0.260295
 ( 6   2) <--> ( 7   4)        0.187831      0.002714      0.002352   WU     0.217765      0.188729
 ( 6   3) <--> ( 7   1)        0.849626      0.055528      0.048124   WU     4.455635      3.861550
 ( 6   3) <--> ( 7   2)        0.289752      0.006458      0.005597   WU     0.518213      0.449118
 ( 6   3) <--> ( 7   3)       -0.492421      0.018652      0.016165   WU     1.496676      1.297119
 ( 6   3) <--> ( 7   4)        0.066096      0.000336      0.000291   WU     0.026966      0.023370
 ( 6   4) <--> ( 7   1)       -1.410184      0.152971      0.132575   WU    12.274573     10.637963
 ( 6   4) <--> ( 7   2)       -5.297199      2.158486      1.870688   WU   173.199700    150.106407
 ( 6   4) <--> ( 7   3)       -0.025218      0.000049      0.000042   WU     0.003925      0.003402
 ( 6   4) <--> ( 7   4)       -0.177687      0.002429      0.002105   WU     0.194879      0.168895
 ( 6   1) <--> ( 8   1)      -10.482041      8.451783      6.463128   WU   678.181927    518.609709
 ( 6   1) <--> ( 8   2)       -0.205806      0.003258      0.002492   WU     0.261440      0.199924
 ( 6   1) <--> ( 8   3)       -0.753097      0.043627      0.033362   WU     3.500713      2.677015
 ( 6   1) <--> ( 8   4)       -0.047939      0.000177      0.000135   WU     0.014185      0.010847
 ( 6   2) <--> ( 8   1)       -0.316592      0.007710      0.005896   WU     0.618665      0.473096
 ( 6   2) <--> ( 8   2)        9.887777      7.520625      5.751066   WU   603.464601    461.472930
 ( 6   2) <--> ( 8   3)       -0.375671      0.010856      0.008302   WU     0.871103      0.666138
 ( 6   2) <--> ( 8   4)       -0.464772      0.016616      0.012707   WU     1.333318      1.019596
 ( 6   3) <--> ( 8   1)       -2.702394      0.561764      0.429584   WU    45.076662     34.470389
 ( 6   3) <--> ( 8   2)       -1.003945      0.077531      0.059289   WU     6.221199      4.757387
 ( 6   3) <--> ( 8   3)      -12.910507     12.821631      9.804777   WU  1028.824116    786.747853
 ( 6   3) <--> ( 8   4)       -0.449665      0.015554      0.011894   WU     1.248052      0.954392
 ( 6   4) <--> ( 8   1)        0.252638      0.004910      0.003754   WU     0.393958      0.301262
 ( 6   4) <--> ( 8   2)       -0.212896      0.003487      0.002666   WU     0.279764      0.213937
 ( 6   4) <--> ( 8   3)       -0.907211      0.063310      0.048414   WU     5.080091      3.884775
 ( 6   4) <--> ( 8   4)        8.701741      5.824638      4.454135   WU   467.376462    357.405530
 ( 7   1) <--> ( 7   1)       -5.836666     -3.908592   (eb)
 ( 7   2) <--> ( 7   1)       -2.944763      0.578109      0.578109   WU    46.388179     46.388179
 ( 7   2) <--> ( 7   2)       -0.444867     -0.297910   (eb)
 ( 7   3) <--> ( 7   1)       -0.449669      0.013480      0.013480   WU     1.081667      1.081667
 ( 7   3) <--> ( 7   2)       -2.195948      0.321479      0.321479   WU    25.795907     25.795907
 ( 7   3) <--> ( 7   3)       -8.700274     -5.826242   (eb)
 ( 7   4) <--> ( 7   1)       -0.241410      0.003885      0.003885   WU     0.311757      0.311757
 ( 7   4) <--> ( 7   2)       -3.732138      0.928590      0.928590   WU    74.511265     74.511265
 ( 7   4) <--> ( 7   3)       -0.080165      0.000428      0.000428   WU     0.034378      0.034378
 ( 7   4) <--> ( 7   4)        3.832722      2.566628   (eb)
 ( 7   1) <--> ( 8   1)       -2.178056      0.316262      0.279055   WU    25.377259     22.391699
 ( 7   1) <--> ( 8   2)        4.632980      1.430967      1.262618   WU   114.822609    101.314066
 ( 7   1) <--> ( 8   3)       -1.391560      0.129096      0.113908   WU    10.358824      9.140139
 ( 7   1) <--> ( 8   4)       -1.898951      0.240401      0.212118   WU    19.290078     17.020657
 ( 7   2) <--> ( 8   1)       -0.087740      0.000513      0.000453   WU     0.041182      0.036337
 ( 7   2) <--> ( 8   2)       -2.004706      0.267923      0.236403   WU    21.498500     18.969264
 ( 7   2) <--> ( 8   3)       -0.358523      0.008569      0.007561   WU     0.687607      0.606712
 ( 7   2) <--> ( 8   4)       -4.437841      1.312962      1.158496   WU   105.353772     92.959211
 ( 7   3) <--> ( 8   1)        0.092868      0.000575      0.000507   WU     0.046136      0.040708
 ( 7   3) <--> ( 8   2)        0.872274      0.050724      0.044757   WU     4.070171      3.591327
 ( 7   3) <--> ( 8   3)       -2.762543      0.508776      0.448920   WU    40.824866     36.021940
 ( 7   3) <--> ( 8   4)       -0.861894      0.049524      0.043698   WU     3.973873      3.506358
 ( 7   4) <--> ( 8   1)        0.016901      0.000019      0.000017   WU     0.001528      0.001348
 ( 7   4) <--> ( 8   2)       -0.152105      0.001542      0.001361   WU     0.123764      0.109203
 ( 7   4) <--> ( 8   3)        0.110946      0.000821      0.000724   WU     0.065846      0.058099
 ( 7   4) <--> ( 8   4)        1.801310      0.216315      0.190866   WU    17.357356     15.315314
 ( 7   1) <--> ( 9   1)       10.996314      8.061261      6.364154   WU   646.845939    510.667846
 ( 7   1) <--> ( 9   2)       -0.186432      0.002317      0.001829   WU     0.185929      0.146786
 ( 7   1) <--> ( 9   3)       -0.138644      0.001281      0.001012   WU     0.102827      0.081179
 ( 7   1) <--> ( 9   4)       -0.164564      0.001805      0.001425   WU     0.144869      0.114370
 ( 7   2) <--> ( 9   1)        0.643827      0.027634      0.021816   WU     2.217404      1.750582
 ( 7   2) <--> ( 9   2)       -8.528862      4.849432      3.828499   WU   389.124685    307.203699
 ( 7   2) <--> ( 9   3)        4.481206      1.338747      1.056906   WU   107.422803     84.807476
 ( 7   2) <--> ( 9   4)       -0.020432      0.000028      0.000022   WU     0.002233      0.001763
 ( 7   3) <--> ( 9   1)        3.320975      0.735258      0.580467   WU    58.998081     46.577433
 ( 7   3) <--> ( 9   2)       -9.796410      6.397977      5.051034   WU   513.381845    405.301456
 ( 7   3) <--> ( 9   3)      -11.807650      9.294706      7.337926   WU   745.819173    588.804611
 ( 7   3) <--> ( 9   4)       -0.170935      0.001948      0.001538   WU     0.156303      0.123397
 ( 7   4) <--> ( 9   1)       -0.429051      0.012272      0.009689   WU     0.984745      0.777430
 ( 7   4) <--> ( 9   2)       -0.851464      0.048333      0.038157   WU     3.878278      3.061798
 ( 7   4) <--> ( 9   3)        0.441697      0.013006      0.010268   WU     1.043652      0.823936
 ( 7   4) <--> ( 9   4)        7.478662      3.728693      2.943705   WU   299.195076    236.206639
 ( 8   1) <--> ( 8   1)       -8.397768     -5.409808   (eb)
 ( 8   2) <--> ( 8   1)       -2.408427      0.341207      0.341207   WU    27.378897     27.378897
 ( 8   2) <--> ( 8   2)       -5.631753     -3.627953   (eb)
 ( 8   3) <--> ( 8   1)       -1.016494      0.060780      0.060780   WU     4.877066      4.877066
 ( 8   3) <--> ( 8   2)       -1.024346      0.061723      0.061723   WU     4.952699      4.952699
 ( 8   3) <--> ( 8   3)      -10.622039     -6.842675   (eb)
 ( 8   4) <--> ( 8   1)        0.289267      0.004922      0.004922   WU     0.394954      0.394954
 ( 8   4) <--> ( 8   2)        4.078406      0.978435      0.978435   WU    78.510872     78.510872
 ( 8   4) <--> ( 8   3)        0.339895      0.006796      0.006796   WU     0.545303      0.545303
 ( 8   4) <--> ( 8   4)       -0.954064     -0.614604   (eb)
 ( 8   1) <--> ( 9   1)        0.566239      0.018860      0.016875   WU     1.513381      1.354078
 ( 8   1) <--> ( 9   2)        0.030885      0.000056      0.000050   WU     0.004502      0.004028
 ( 8   1) <--> ( 9   3)        0.115501      0.000785      0.000702   WU     0.062969      0.056340
 ( 8   1) <--> ( 9   4)       -0.022010      0.000028      0.000025   WU     0.002286      0.002046
 ( 8   2) <--> ( 9   1)        4.255689      1.065346      0.953205   WU    85.484763     76.486367
 ( 8   2) <--> ( 9   2)       -0.638171      0.023957      0.021435   WU     1.922311      1.719962
 ( 8   2) <--> ( 9   3)        0.285986      0.004811      0.004305   WU     0.386047      0.345410
 ( 8   2) <--> ( 9   4)        0.080167      0.000378      0.000338   WU     0.030334      0.027141
 ( 8   3) <--> ( 9   1)       -0.755186      0.033547      0.030016   WU     2.691884      2.408528
 ( 8   3) <--> ( 9   2)       -0.070697      0.000294      0.000263   WU     0.023591      0.021108
 ( 8   3) <--> ( 9   3)       -0.351345      0.007261      0.006497   WU     0.582662      0.521329
 ( 8   3) <--> ( 9   4)       -0.150404      0.001331      0.001191   WU     0.106775      0.095535
 ( 8   4) <--> ( 9   1)       -1.591979      0.149082      0.133389   WU    11.962545     10.703329
 ( 8   4) <--> ( 9   2)        4.415269      1.146741      1.026032   WU    92.015985     82.330092
 ( 8   4) <--> ( 9   3)       -2.351057      0.325145      0.290919   WU    26.090061     23.343739
 ( 8   4) <--> ( 9   4)        0.112661      0.000747      0.000668   WU     0.059910      0.053604
 ( 8   1) <--> (10   1)      -12.234841      8.805373      7.128159   WU   706.554422    571.972627
 ( 8   1) <--> (10   2)        0.325608      0.006237      0.005049   WU     0.500426      0.405107
 ( 8   1) <--> (10   3)        0.600664      0.021223      0.017181   WU     1.702988      1.378610
 ( 8   1) <--> (10   4)        0.037037      0.000081      0.000065   WU     0.006475      0.005241
 ( 8   2) <--> (10   1)        0.180926      0.001926      0.001559   WU     0.154509      0.125079
 ( 8   2) <--> (10   2)       11.940535      8.386845      6.789351   WU   672.971235    544.786238
 ( 8   2) <--> (10   3)       -0.719407      0.030444      0.024645   WU     2.442857      1.977551
 ( 8   2) <--> (10   4)       -0.607155      0.021685      0.017554   WU     1.739996      1.408569
 ( 8   3) <--> (10   1)       -3.244464      0.619209      0.501264   WU    49.686086     40.222070
 ( 8   3) <--> (10   2)        1.673719      0.164785      0.133397   WU    13.222520     10.703945
 ( 8   3) <--> (10   3)       15.581918     14.282128     11.561723   WU  1146.016280    927.727465
 ( 8   3) <--> (10   4)        0.013833      0.000011      0.000009   WU     0.000903      0.000731
 ( 8   4) <--> (10   1)       -0.488679      0.014047      0.011372   WU     1.127189      0.912486
 ( 8   4) <--> (10   2)       -0.560270      0.018465      0.014948   WU     1.481641      1.199424
 ( 8   4) <--> (10   3)       -0.043097      0.000109      0.000088   WU     0.008767      0.007097
 ( 8   4) <--> (10   4)       11.075454      7.215629      5.841223   WU   578.991325    468.707263
 ( 9   1) <--> ( 9   1)       -7.482299     -4.645626   (eb)
 ( 9   2) <--> ( 9   1)        3.223623      0.546934      0.546934   WU    43.886691     43.886691
 ( 9   2) <--> ( 9   2)       -7.707207     -4.785267   (eb)
 ( 9   3) <--> ( 9   1)       -1.213355      0.077486      0.077486   WU     6.217560      6.217560
 ( 9   3) <--> ( 9   2)       -4.870867      1.248702      1.248702   WU   100.197467    100.197467
 ( 9   3) <--> ( 9   3)       -6.844253     -4.249475   (eb)
 ( 9   4) <--> ( 9   1)       -0.039000      0.000080      0.000080   WU     0.006424      0.006424
 ( 9   4) <--> ( 9   2)        4.403066      1.020368      1.020368   WU    81.875632     81.875632
 ( 9   4) <--> ( 9   3)       -0.866335      0.039502      0.039502   WU     3.169681      3.169681
 ( 9   4) <--> ( 9   4)       -3.012703     -1.870534   (eb)
 ( 9   1) <--> (10   1)        2.543799      0.340574      0.308139   WU    27.328129     24.725450
 ( 9   1) <--> (10   2)        4.199999      0.928420      0.839999   WU    74.497645     67.402631
 ( 9   1) <--> (10   3)       -1.824375      0.175176      0.158493   WU    14.056342     12.717643
 ( 9   1) <--> (10   4)       -1.831876      0.176620      0.159799   WU    14.172179     12.822448
 ( 9   2) <--> (10   1)        0.045399      0.000108      0.000098   WU     0.008704      0.007875
 ( 9   2) <--> (10   2)        1.800671      0.170653      0.154401   WU    13.693452     12.389314
 ( 9   2) <--> (10   3)        2.099261      0.231942      0.209852   WU    18.611321     16.838814
 ( 9   2) <--> (10   4)        4.706140      1.165671      1.054655   WU    93.534950     84.626860
 ( 9   3) <--> (10   1)        0.202275      0.002153      0.001948   WU     0.172795      0.156338
 ( 9   3) <--> (10   2)       -1.895816      0.189164      0.171148   WU    15.178764     13.733167
 ( 9   3) <--> (10   3)        2.673157      0.376093      0.340275   WU    30.178201     27.304086
 ( 9   3) <--> (10   4)       -0.701957      0.025934      0.023464   WU     2.080969      1.882782
 ( 9   4) <--> (10   1)       -0.022200      0.000026      0.000023   WU     0.002081      0.001883
 ( 9   4) <--> (10   2)       -0.142201      0.001064      0.000963   WU     0.085399      0.077266
 ( 9   4) <--> (10   3)        0.316014      0.005256      0.004755   WU     0.421753      0.381586
 ( 9   4) <--> (10   4)        2.264948      0.269999      0.244285   WU    21.665106     19.601762
 (10   1) <--> (10   1)       -9.427338     -5.652570   (eb)
 (10   2) <--> (10   1)        2.744215      0.358605      0.358605   WU    28.774963     28.774963
 (10   2) <--> (10   2)       -7.120456     -4.269378   (eb)
 (10   3) <--> (10   1)        0.942754      0.042323      0.042323   WU     3.396063      3.396063
 (10   3) <--> (10   2)       -1.500972      0.107282      0.107282   WU     8.608425      8.608425
 (10   3) <--> (10   3)      -12.344688     -7.401794   (eb)
 (10   4) <--> (10   1)       -0.238606      0.002711      0.002711   WU     0.217541      0.217541
 (10   4) <--> (10   2)        4.666272      1.036862      1.036862   WU    83.199105     83.199105
 (10   4) <--> (10   3)        0.480507      0.010995      0.010995   WU     0.882221      0.882221
 (10   4) <--> (10   4)       -4.403705     -2.640432   (eb)
 
  quadrupole shape invariant: 01+, 02+, 03+, 04+
quadr2    17.49008655    17.37610851    23.12606971    31.03990728
quadr3    67.02412290    56.16317193    96.93323750   167.88673399
  effective deformation parameters:  01+, 02+, 03+, 04+
beteff     0.28868650     0.28774432     0.33195668     0.38458355
cos3ga     0.91631164     0.77539473     0.87160552     0.97081339
 
 ********* END Transition **************************
