 ********* BEGIN READER ****************************
 
 Nucleus            :  Os  76 130
 Imin, Imax         :     0  10
 imu, remu          :     1 12.0000
 nlevel             :     4
 observables        :     2
 wave fun           :     1
 nbet, ngam, npar   :    10   7  10
 Finish reading parameters: V, B_k ...
 
 ********* END READER ******************************
 
 ********* BEGIN LEVELS ********************
 
 E_0 = -1598.795559
 
  I=   0   ntot= 127
   0   1    0.000000
   0   2    2.198804
   0   3    3.867523
   0   4    4.236064
 
  I=   2   ntot= 234
   2   1    1.347368
   2   2    2.737513
   2   3    3.444802
   2   4    4.648851
 
  I=   3   ntot= 108
   3   1    4.029385
   3   2    5.778974
   3   3    6.916090
   3   4    7.558127
 
  I=   4   ntot= 324
   4   1    2.696651
   4   2    4.116739
   4   3    4.689191
   4   4    5.383765
 
  I=   5   ntot= 198
   5   1    5.382624
   5   2    6.645226
   5   3    6.920518
   5   4    7.623672
 
  I=   6   ntot= 432
   6   1    4.106422
   6   2    5.521398
   6   3    5.972648
   6   4    6.745289
 
  I=   7   ntot= 306
   7   1    6.786409
   7   2    7.798945
   7   3    8.076778
   7   4    8.477194
 
  I=   8   ntot= 522
   8   1    5.589011
   8   2    6.907253
   8   3    7.272573
   8   4    7.789015
 
  I=   9   ntot= 397
   9   1    8.184369
   9   2    8.714508
   9   3    9.058292
   9   4    9.304688
 
  I=  10   ntot= 630
  10   1    7.131940
  10   2    8.103435
  10   3    8.196744
  10   4    8.559978
 
 ********* END LEVELS **********************
 
 ********* BEGIN Transition ************************
 
  Monopole moment 
 
   I   n    <In|E0|In>   ave \beta      del<b>   ave \gamma    del<g>  
     K=0       K=2       K=4   
   0   1     29.763505    0.096391    0.028297   28.046885   10.894976  100.0000    0.0000    0.0000
   0   2     29.888225    0.131848    0.042431   26.031193   10.596632  100.0000    0.0000    0.0000
   0   3     30.008063    0.154588    0.034382   34.200474   11.796913  100.0000    0.0000    0.0000
   0   4     30.036935    0.164733    0.055244   24.049908   10.791522  100.0000    0.0000    0.0000
   2   1     29.823139    0.115794    0.029137   26.133819   10.699228   83.0494   16.9506    0.0000
   2   2     29.895062    0.132862    0.030795   28.428092   10.797602   26.4973   73.5027    0.0000
   2   3     29.968389    0.149355    0.045394   27.526081   10.705376   74.8074   25.1926    0.0000
   2   4     30.071860    0.169240    0.049566   29.559750   10.698987   27.5276   72.4724    0.0000
   3   1     29.971444    0.150592    0.031790   27.908482    8.279066    0.0000  100.0000    0.0000
   3   2     30.201736    0.193977    0.055365   28.969972    8.511788    0.0000  100.0000    0.0000
   3   3     30.672862    0.269763    0.072489   30.136087    8.478205    0.0000  100.0000    0.0000
   3   4     30.361803    0.222948    0.070184   24.484618   11.468556    0.0000  100.0000    0.0000
   4   1     29.883191    0.132298    0.030061   24.526176   10.477437   79.4405   16.6178    3.9417
   4   2     29.967846    0.148595    0.032068   28.987113   11.794632   31.5640   39.9267   28.5094
   4   3     30.053975    0.167187    0.049222   27.015483   10.686949   70.3660   23.2190    6.4150
   4   4     30.065062    0.167740    0.034858   30.180223    9.672691    1.8113   42.8783   55.3104
   5   1     30.048272    0.166477    0.034349   27.059167    8.325780    0.0000   85.1926   14.8074
   5   2     30.200556    0.192765    0.044470   30.386570    8.058731    0.0000   18.0210   81.9790
   5   3     30.395763    0.228024    0.064953   27.726825    8.618969    0.0000   78.6976   21.3024
   5   4     30.775264    0.283023    0.072754   31.901505    7.899837    0.0000   32.3811   67.6189
   6   1     29.946339    0.147332    0.031403   23.577517   10.254977   75.5053   19.8942    3.3627
   6   2     30.060312    0.166600    0.035029   30.226779   11.708177   34.6800   33.4869   20.1504
   6   3     30.159272    0.187959    0.055556   25.755227   10.597484   67.0824   24.6589    5.7341
   6   4     30.261865    0.201286    0.051307   35.211997   10.835069    7.8471   39.2758   15.2380
   7   1     30.147840    0.185319    0.040176   26.564146    8.409438    0.0000   74.9301   21.6751
   7   2     30.663083    0.266610    0.066342   31.196068    8.252278    0.0000   36.9935   41.6091
   7   3     30.534052    0.251764    0.077608   24.353667    9.172526    0.0000   55.3167   25.9840
   7   4     30.855817    0.294006    0.077287   31.973000    8.416468    0.0000   29.7221   31.4894
   8   1     30.017744    0.162387    0.033759   23.234585   10.060067   70.4510   23.9523    4.1228
   8   2     30.229937    0.196848    0.048396   32.546486   10.185904   36.7265   30.7073   19.0578
   8   3     30.324354    0.217941    0.067392   25.197922   10.468876   59.4794   26.6246    8.8301
   8   4     30.699310    0.269196    0.068011   36.911608    9.302884   30.4541   26.4310   16.9199
   9   1     30.375402    0.224519    0.059004   27.190615    8.619903    0.0000   60.7556   29.4632
   9   2     30.938995    0.306616    0.077744   29.681651    9.240455    0.0000   39.2074   33.8312
   9   3     31.415864    0.377259    0.106028   19.644233   12.967267    0.0000   65.4955    6.5438
   9   4     32.579520    0.528487    0.119975   10.346835   10.926869    0.0000   88.7637    3.2807
  10   1     30.113157    0.180518    0.039352   23.701633    9.873859   63.7331   28.5841    5.6920
  10   2     30.674701    0.266959    0.068802   32.822816   11.375080   33.2295   32.9274   18.2231
  10   3     33.256447    0.601954    0.049363    5.516588    6.541999   99.5596    0.2502    0.0883
  10   4     30.536768    0.253726    0.094234   23.792685   12.165440   50.7909   24.9862   13.8752
 
  rho^2(E0) 
 
   I  n_1 n_2  <In_1|E0|In_2>  rho^2(E0) 
   0   1   1       29.763505 2028.214778
   0   2   1       -0.080719    0.014918
   0   2   2       29.888225 2045.248389
   0   3   1       -0.010769    0.000266
   0   3   2        0.064699    0.009584
   0   3   3       30.008063 2061.682250
   0   4   1        0.007451    0.000127
   0   4   2        0.135370    0.041955
   0   4   3        0.042977    0.004229
   0   4   4       30.036935 2065.651367
   2   1   1       29.823139 2036.350395
   2   2   1        0.008187    0.000153
   2   2   2       29.895062 2046.184187
   2   3   1       -0.101928    0.023787
   2   3   2        0.011219    0.000288
   2   3   3       29.968389 2056.234228
   2   4   1       -0.009790    0.000219
   2   4   2       -0.124841    0.035683
   2   4   3       -0.024283    0.001350
   2   4   4       30.071860 2070.457810
   3   1   1       29.971444 2056.653498
   3   2   1       -0.148012    0.050158
   3   2   2       30.201736 2088.380486
   3   3   1       -0.022494    0.001158
   3   3   2       -0.265460    0.161341
   3   3   3       30.672862 2154.043203
   3   4   1        0.007673    0.000135
   3   4   2       -0.005050    0.000058
   3   4   3        0.126297    0.036520
   3   4   4       30.361803 2110.575624
   4   1   1       29.883191 2044.559455
   4   2   1        0.000499    0.000001
   4   2   2       29.967846 2056.159792
   4   3   1        0.121145    0.033601
   4   3   2       -0.026596    0.001620
   4   3   3       30.053975 2067.995805
   4   4   1        0.001669    0.000006
   4   4   2       -0.012372    0.000350
   4   4   3        0.009212    0.000194
   4   4   4       30.065062 2069.521813
   5   1   1       30.048272 2067.211007
   5   2   1       -0.049240    0.005551
   5   2   2       30.200556 2088.217244
   5   3   1       -0.159911    0.058547
   5   3   2        0.079426    0.014444
   5   3   3       30.395763 2115.299662
   5   4   1       -0.044047    0.004442
   5   4   2       -0.204528    0.095774
   5   4   3       -0.211272    0.102195
   5   4   4       30.775264 2168.449813
   6   1   1       29.946339 2053.209493
   6   2   1       -0.023872    0.001305
   6   2   2       30.060312 2068.867896
   6   3   1       -0.137662    0.043388
   6   3   2        0.053424    0.006535
   6   3   3       30.159272 2082.512030
   6   4   1        0.013145    0.000396
   6   4   2        0.078889    0.014249
   6   4   3        0.054141    0.006711
   6   4   4       30.261865 2096.704254
   7   1   1       30.147840 2080.933467
   7   2   1       -0.168879    0.065297
   7   2   2       30.663083 2152.669970
   7   3   1        0.099987    0.022889
   7   3   2       -0.180748    0.074798
   7   3   3       30.534052 2134.590992
   7   4   1       -0.065978    0.009966
   7   4   2       -0.334228    0.255759
   7   4   3       -0.087203    0.017410
   7   4   4       30.855817 2179.816362
   8   1   1       30.017744 2063.012701
   8   2   1       -0.076452    0.013382
   8   2   2       30.229937 2092.282270
   8   3   1       -0.135338    0.041936
   8   3   2        0.135691    0.042155
   8   3   3       30.324354 2105.372415
   8   4   1       -0.057650    0.007609
   8   4   2       -0.211741    0.102650
   8   4   3       -0.186352    0.079509
   8   4   4       30.699310 2157.759429
   9   1   1       30.375402 2112.466662
   9   2   1       -0.328614    0.247239
   9   2   2       30.938995 2191.584491
   9   3   1        0.090886    0.018912
   9   3   2       -0.158648    0.057626
   9   3   3       31.415864 2259.663735
   9   4   1       -0.054719    0.006855
   9   4   2       -0.163162    0.060951
   9   4   3        0.673966    1.039972
   9   4   4       32.579520 2430.161640
  10   1   1       30.113157 2076.148294
  10   2   1       -0.156158    0.055831
  10   2   2       30.674701 2154.301459
  10   3   1        0.004690    0.000050
  10   3   2        0.141906    0.046105
  10   3   3       33.256447 2532.197052
  10   4   1        0.071536    0.011716
  10   4   2       -0.263120    0.158509
  10   4   3        0.118877    0.032355
  10   4   4       30.536768 2134.970836
 
  E2 transition 
 
  I1  n1        I2  n2       <f||E2||i>   B(E2,I1->I2)  B(E2,I2->I1)
 ( 0   1) <--> ( 2   1)        0.837551      0.701492      0.140298   WU    97.068788     19.413758
 ( 0   1) <--> ( 2   2)       -0.008109      0.000066      0.000013   WU     0.009100      0.001820
 ( 0   1) <--> ( 2   3)        0.054871      0.003011      0.000602   WU     0.416620      0.083324
 ( 0   1) <--> ( 2   4)        0.004274      0.000018      0.000004   WU     0.002528      0.000506
 ( 0   2) <--> ( 2   1)       -0.564005      0.318102      0.063620   WU    44.017248      8.803450
 ( 0   2) <--> ( 2   2)       -0.184849      0.034169      0.006834   WU     4.728135      0.945627
 ( 0   2) <--> ( 2   3)        0.977894      0.956276      0.191255   WU   132.324509     26.464902
 ( 0   2) <--> ( 2   4)        0.075436      0.005691      0.001138   WU     0.787443      0.157489
 ( 0   3) <--> ( 2   1)        0.082968      0.006884      0.001377   WU     0.952531      0.190506
 ( 0   3) <--> ( 2   2)        0.536637      0.287980      0.057596   WU    39.849135      7.969827
 ( 0   3) <--> ( 2   3)        0.341176      0.116401      0.023280   WU    16.107006      3.221401
 ( 0   3) <--> ( 2   4)       -0.262509      0.068911      0.013782   WU     9.535541      1.907108
 ( 0   4) <--> ( 2   1)       -0.021985      0.000483      0.000097   WU     0.066880      0.013376
 ( 0   4) <--> ( 2   2)       -0.285838      0.081703      0.016341   WU    11.305685      2.261137
 ( 0   4) <--> ( 2   3)        0.735215      0.540540      0.108108   WU    74.797204     14.959441
 ( 0   4) <--> ( 2   4)        0.211260      0.044631      0.008926   WU     6.175794      1.235159
 ( 2   1) <--> ( 2   1)       -0.476306     -0.361008   (eb)
 ( 2   2) <--> ( 2   1)       -1.108812      0.245893      0.245893   WU    34.025398     34.025398
 ( 2   2) <--> ( 2   2)        0.296120      0.224439   (eb)
 ( 2   3) <--> ( 2   1)        0.027019      0.000146      0.000146   WU     0.020204      0.020204
 ( 2   3) <--> ( 2   2)        0.732531      0.107320      0.107320   WU    14.850453     14.850453
 ( 2   3) <--> ( 2   3)       -0.256171     -0.194160   (eb)
 ( 2   4) <--> ( 2   1)       -0.094982      0.001804      0.001804   WU     0.249674      0.249674
 ( 2   4) <--> ( 2   2)        0.043581      0.000380      0.000380   WU     0.052564      0.052564
 ( 2   4) <--> ( 2   3)       -1.308930      0.342660      0.342660   WU    47.415487     47.415487
 ( 2   4) <--> ( 2   4)        0.385274      0.292012   (eb)
 ( 2   1) <--> ( 3   1)        0.002359      0.000001      0.000001   WU     0.000154      0.000110
 ( 2   1) <--> ( 3   2)       -0.002417      0.000001      0.000001   WU     0.000162      0.000115
 ( 2   1) <--> ( 3   3)        0.004679      0.000004      0.000003   WU     0.000606      0.000433
 ( 2   1) <--> ( 3   4)       -0.026688      0.000142      0.000102   WU     0.019711      0.014080
 ( 2   2) <--> ( 3   1)       -1.506622      0.453982      0.324273   WU    62.819707     44.871220
 ( 2   2) <--> ( 3   2)       -0.101458      0.002059      0.001471   WU     0.284877      0.203484
 ( 2   2) <--> ( 3   3)       -0.035029      0.000245      0.000175   WU     0.033958      0.024256
 ( 2   2) <--> ( 3   4)        0.016256      0.000053      0.000038   WU     0.007313      0.005224
 ( 2   3) <--> ( 3   1)       -0.285619      0.016316      0.011654   WU     2.257682      1.612630
 ( 2   3) <--> ( 3   2)        0.110134      0.002426      0.001733   WU     0.335683      0.239774
 ( 2   3) <--> ( 3   3)        0.013084      0.000034      0.000024   WU     0.004737      0.003384
 ( 2   3) <--> ( 3   4)        0.041693      0.000348      0.000248   WU     0.048107      0.034362
 ( 2   4) <--> ( 3   1)        0.776844      0.120697      0.086212   WU    16.701495     11.929639
 ( 2   4) <--> ( 3   2)       -1.745432      0.609307      0.435219   WU    84.312738     60.223385
 ( 2   4) <--> ( 3   3)       -0.188563      0.007111      0.005079   WU     0.984010      0.702864
 ( 2   4) <--> ( 3   4)        0.027865      0.000155      0.000111   WU     0.021488      0.015349
 ( 2   1) <--> ( 4   1)        1.623369      0.527065      0.292814   WU    72.932604     40.518113
 ( 2   1) <--> ( 4   2)       -0.011138      0.000025      0.000014   WU     0.003433      0.001907
 ( 2   1) <--> ( 4   3)       -0.068429      0.000936      0.000520   WU     0.129588      0.071993
 ( 2   1) <--> ( 4   4)       -0.014587      0.000043      0.000024   WU     0.005889      0.003272
 ( 2   2) <--> ( 4   1)        0.250766      0.012577      0.006987   WU     1.740306      0.966836
 ( 2   2) <--> ( 4   2)        1.389578      0.386185      0.214547   WU    53.438315     29.687953
 ( 2   2) <--> ( 4   3)        0.150536      0.004532      0.002518   WU     0.627143      0.348413
 ( 2   2) <--> ( 4   4)       -0.000221      0.000000      0.000000   WU     0.000001      0.000001
 ( 2   3) <--> ( 4   1)       -0.859565      0.147770      0.082095   WU    20.447699     11.359833
 ( 2   3) <--> ( 4   2)        0.104409      0.002180      0.001211   WU     0.301694      0.167608
 ( 2   3) <--> ( 4   3)       -1.855673      0.688705      0.382614   WU    95.299387     52.944104
 ( 2   3) <--> ( 4   4)        0.001459      0.000000      0.000000   WU     0.000059      0.000033
 ( 2   4) <--> ( 4   1)       -0.090733      0.001646      0.000915   WU     0.227833      0.126574
 ( 2   4) <--> ( 4   2)       -0.688989      0.094941      0.052745   WU    13.137465      7.298592
 ( 2   4) <--> ( 4   3)       -0.099148      0.001966      0.001092   WU     0.272056      0.151142
 ( 2   4) <--> ( 4   4)        0.093447      0.001746      0.000970   WU     0.241669      0.134260
 ( 3   1) <--> ( 3   1)        0.000000      0.000000   (eb)
 ( 3   2) <--> ( 3   1)        0.000000      0.000000      0.000000   WU     0.000000      0.000000
 ( 3   2) <--> ( 3   2)        0.000000      0.000000   (eb)
 ( 3   3) <--> ( 3   1)        0.000000      0.000000      0.000000   WU     0.000000      0.000000
 ( 3   3) <--> ( 3   2)        0.000000      0.000000      0.000000   WU     0.000000      0.000000
 ( 3   3) <--> ( 3   3)        0.000000      0.000000   (eb)
 ( 3   4) <--> ( 3   1)        0.000000      0.000000      0.000000   WU     0.000000      0.000000
 ( 3   4) <--> ( 3   2)        0.000000      0.000000      0.000000   WU     0.000000      0.000000
 ( 3   4) <--> ( 3   3)        0.000000      0.000000      0.000000   WU     0.000000      0.000000
 ( 3   4) <--> ( 3   4)        0.000000      0.000000   (eb)
 ( 3   1) <--> ( 4   1)        0.847577      0.102627      0.079821   WU    14.200940     11.045175
 ( 3   1) <--> ( 4   2)       -0.710388      0.072093      0.056072   WU     9.975848      7.758993
 ( 3   1) <--> ( 4   3)        0.555602      0.044099      0.034299   WU     6.102209      4.746162
 ( 3   1) <--> ( 4   4)       -1.573788      0.353830      0.275201   WU    48.961141     38.080887
 ( 3   2) <--> ( 4   1)        0.090127      0.001160      0.000903   WU     0.160571      0.124888
 ( 3   2) <--> ( 4   2)        0.137423      0.002698      0.002098   WU     0.373319      0.290359
 ( 3   2) <--> ( 4   3)       -1.038095      0.153949      0.119738   WU    21.302644     16.568723
 ( 3   2) <--> ( 4   4)        0.682396      0.066523      0.051740   WU     9.205179      7.159584
 ( 3   3) <--> ( 4   1)        0.031832      0.000145      0.000113   WU     0.020030      0.015579
 ( 3   3) <--> ( 4   2)        0.013666      0.000027      0.000021   WU     0.003692      0.002871
 ( 3   3) <--> ( 4   3)       -0.146290      0.003057      0.002378   WU     0.423049      0.329038
 ( 3   3) <--> ( 4   4)        0.095795      0.001311      0.001020   WU     0.181401      0.141090
 ( 3   4) <--> ( 4   1)       -0.007419      0.000008      0.000006   WU     0.001088      0.000846
 ( 3   4) <--> ( 4   2)        0.023890      0.000082      0.000063   WU     0.011282      0.008775
 ( 3   4) <--> ( 4   3)        0.025880      0.000096      0.000074   WU     0.013239      0.010297
 ( 3   4) <--> ( 4   4)       -0.277050      0.010965      0.008528   WU     1.517309      1.180129
 ( 3   1) <--> ( 5   1)        1.886986      0.508674      0.323701   WU    70.387652     44.792142
 ( 3   1) <--> ( 5   2)        0.035643      0.000181      0.000115   WU     0.025114      0.015982
 ( 3   1) <--> ( 5   3)        0.081549      0.000950      0.000605   WU     0.131462      0.083658
 ( 3   1) <--> ( 5   4)        0.006293      0.000006      0.000004   WU     0.000783      0.000498
 ( 3   2) <--> ( 5   1)       -0.849478      0.103088      0.065601   WU    14.264718      9.077548
 ( 3   2) <--> ( 5   2)        0.622927      0.055434      0.035276   WU     7.670678      4.881340
 ( 3   2) <--> ( 5   3)        2.096004      0.627605      0.399385   WU    86.844746     55.264838
 ( 3   2) <--> ( 5   4)        0.450358      0.028975      0.018438   WU     4.009363      2.551413
 ( 3   3) <--> ( 5   1)       -0.080209      0.000919      0.000585   WU     0.127176      0.080930
 ( 3   3) <--> ( 5   2)       -0.509852      0.037136      0.023632   WU     5.138625      3.270034
 ( 3   3) <--> ( 5   3)       -1.667554      0.397248      0.252794   WU    54.969135     34.980359
 ( 3   3) <--> ( 5   4)        1.757246      0.441131      0.280719   WU    61.041369     38.844508
 ( 3   4) <--> ( 5   1)        0.257945      0.009505      0.006049   WU     1.315266      0.836988
 ( 3   4) <--> ( 5   2)        0.813981      0.094652      0.060233   WU    13.097469      8.334753
 ( 3   4) <--> ( 5   3)       -0.564271      0.045486      0.028946   WU     6.294109      4.005342
 ( 3   4) <--> ( 5   4)        0.056989      0.000464      0.000295   WU     0.064202      0.040856
 ( 4   1) <--> ( 4   1)       -0.852610     -0.642949   (eb)
 ( 4   2) <--> ( 4   1)       -1.183818      0.155714      0.155714   WU    21.546870     21.546870
 ( 4   2) <--> ( 4   2)       -0.086780     -0.065440   (eb)
 ( 4   3) <--> ( 4   1)       -0.173381      0.003340      0.003340   WU     0.462188      0.462188
 ( 4   3) <--> ( 4   2)       -0.619823      0.042687      0.042687   WU     5.906769      5.906769
 ( 4   3) <--> ( 4   3)       -0.678138     -0.511381   (eb)
 ( 4   4) <--> ( 4   1)        0.002936      0.000001      0.000001   WU     0.000133      0.000133
 ( 4   4) <--> ( 4   2)       -1.525155      0.258455      0.258455   WU    35.763732     35.763732
 ( 4   4) <--> ( 4   3)        0.207328      0.004776      0.004776   WU     0.660894      0.660894
 ( 4   4) <--> ( 4   4)        0.792945      0.597957   (eb)
 ( 4   1) <--> ( 5   1)       -0.002403      0.000001      0.000001   WU     0.000089      0.000073
 ( 4   1) <--> ( 5   2)       -0.021682      0.000052      0.000043   WU     0.007228      0.005914
 ( 4   1) <--> ( 5   3)       -0.008942      0.000009      0.000007   WU     0.001229      0.001006
 ( 4   1) <--> ( 5   4)       -0.013408      0.000020      0.000016   WU     0.002764      0.002261
 ( 4   2) <--> ( 5   1)       -1.341622      0.199994      0.163632   WU    27.674183     22.642513
 ( 4   2) <--> ( 5   2)       -0.021616      0.000052      0.000042   WU     0.007184      0.005878
 ( 4   2) <--> ( 5   3)       -0.069001      0.000529      0.000433   WU     0.073202      0.059893
 ( 4   2) <--> ( 5   4)       -0.029523      0.000097      0.000079   WU     0.013401      0.010964
 ( 4   3) <--> ( 5   1)        0.133881      0.001992      0.001629   WU     0.275582      0.225476
 ( 4   3) <--> ( 5   2)       -0.027316      0.000083      0.000068   WU     0.011472      0.009386
 ( 4   3) <--> ( 5   3)       -0.155711      0.002694      0.002204   WU     0.372780      0.305002
 ( 4   3) <--> ( 5   4)       -0.028731      0.000092      0.000075   WU     0.012691      0.010384
 ( 4   4) <--> ( 5   1)       -0.265561      0.007836      0.006411   WU     1.084287      0.887144
 ( 4   4) <--> ( 5   2)       -2.357872      0.617729      0.505415   WU    85.478160     69.936676
 ( 4   4) <--> ( 5   3)        0.601760      0.040235      0.032920   WU     5.567517      4.555241
 ( 4   4) <--> ( 5   4)       -0.113058      0.001420      0.001162   WU     0.196525      0.160793
 ( 4   1) <--> ( 6   1)        2.405773      0.643083      0.445211   WU    88.986496     61.606035
 ( 4   1) <--> ( 6   2)        0.029170      0.000095      0.000065   WU     0.013083      0.009057
 ( 4   1) <--> ( 6   3)        0.078489      0.000684      0.000474   WU     0.094717      0.065573
 ( 4   1) <--> ( 6   4)        0.011256      0.000014      0.000010   WU     0.001948      0.001349
 ( 4   2) <--> ( 6   1)        0.173367      0.003340      0.002312   WU     0.462113      0.319925
 ( 4   2) <--> ( 6   2)        2.240895      0.557956      0.386278   WU    77.207147     53.451102
 ( 4   2) <--> ( 6   3)       -0.381571      0.016177      0.011200   WU     2.238541      1.549759
 ( 4   2) <--> ( 6   4)       -0.066644      0.000493      0.000342   WU     0.068286      0.047275
 ( 4   3) <--> ( 6   1)        1.142880      0.145131      0.100475   WU    20.082415     13.903210
 ( 4   3) <--> ( 6   2)       -0.560013      0.034846      0.024124   WU     4.821815      3.338180
 ( 4   3) <--> ( 6   3)       -2.695889      0.807535      0.559063   WU   111.742537     77.360218
 ( 4   3) <--> ( 6   4)        0.176649      0.003467      0.002400   WU     0.479775      0.332152
 ( 4   4) <--> ( 6   1)       -0.225677      0.005659      0.003918   WU     0.783049      0.542111
 ( 4   4) <--> ( 6   2)        0.205655      0.004699      0.003253   WU     0.650272      0.450188
 ( 4   4) <--> ( 6   3)        0.009207      0.000009      0.000007   WU     0.001303      0.000902
 ( 4   4) <--> ( 6   4)       -1.802892      0.361158      0.250032   WU    49.975146     34.598178
 ( 5   1) <--> ( 5   1)       -0.599805     -0.435535   (eb)
 ( 5   2) <--> ( 5   1)       -1.232644      0.138128      0.138128   WU    19.113474     19.113474
 ( 5   2) <--> ( 5   2)        0.882473      0.640787   (eb)
 ( 5   3) <--> ( 5   1)        0.456045      0.018907      0.018907   WU     2.616254      2.616254
 ( 5   3) <--> ( 5   2)        0.341331      0.010592      0.010592   WU     1.465602      1.465602
 ( 5   3) <--> ( 5   3)       -0.732680     -0.532019   (eb)
 ( 5   4) <--> ( 5   1)       -0.051400      0.000240      0.000240   WU     0.033235      0.033235
 ( 5   4) <--> ( 5   2)       -0.292038      0.007753      0.007753   WU     1.072858      1.072858
 ( 5   4) <--> ( 5   3)       -1.189051      0.128531      0.128531   WU    17.785485     17.785485
 ( 5   4) <--> ( 5   4)        1.451223      1.053772   (eb)
 ( 5   1) <--> ( 6   1)        1.111432      0.112298      0.095022   WU    15.539259     13.148604
 ( 5   1) <--> ( 6   2)       -0.906303      0.074671      0.063184   WU    10.332650      8.743011
 ( 5   1) <--> ( 6   3)       -0.504103      0.023102      0.019548   WU     3.196705      2.704904
 ( 5   1) <--> ( 6   4)        1.039047      0.098147      0.083048   WU    13.581088     11.491690
 ( 5   2) <--> ( 6   1)        0.022991      0.000048      0.000041   WU     0.006650      0.005627
 ( 5   2) <--> ( 6   2)        0.855273      0.066499      0.056269   WU     9.201822      7.786157
 ( 5   2) <--> ( 6   3)        0.341327      0.010591      0.008962   WU     1.465570      1.240098
 ( 5   2) <--> ( 6   4)        0.843067      0.064615      0.054674   WU     8.941050      7.565504
 ( 5   3) <--> ( 6   1)        0.115450      0.001212      0.001025   WU     0.167668      0.141873
 ( 5   3) <--> ( 6   2)        0.119427      0.001297      0.001097   WU     0.179421      0.151818
 ( 5   3) <--> ( 6   3)        1.301923      0.154091      0.130385   WU    21.322355     18.041992
 ( 5   3) <--> ( 6   4)       -0.241711      0.005311      0.004494   WU     0.734948      0.621879
 ( 5   4) <--> ( 6   1)        0.041166      0.000154      0.000130   WU     0.021318      0.018038
 ( 5   4) <--> ( 6   2)        0.128926      0.001511      0.001279   WU     0.209097      0.176928
 ( 5   4) <--> ( 6   3)        0.183397      0.003058      0.002587   WU     0.423107      0.358013
 ( 5   4) <--> ( 6   4)       -0.689955      0.043276      0.036618   WU     5.988333      5.067051
 ( 5   1) <--> ( 7   1)        2.858106      0.742616      0.544585   WU   102.759331     75.356843
 ( 5   1) <--> ( 7   2)        0.222312      0.004493      0.003295   WU     0.621716      0.455925
 ( 5   1) <--> ( 7   3)       -0.029364      0.000078      0.000057   WU     0.010847      0.007954
 ( 5   1) <--> ( 7   4)        0.046478      0.000196      0.000144   WU     0.027174      0.019928
 ( 5   2) <--> ( 7   1)       -0.287170      0.007497      0.005498   WU     1.037392      0.760754
 ( 5   2) <--> ( 7   2)        1.966953      0.351719      0.257927   WU    48.669020     35.690615
 ( 5   2) <--> ( 7   3)        1.362055      0.168654      0.123680   WU    23.337460     17.114138
 ( 5   2) <--> ( 7   4)        0.589741      0.031618      0.023186   WU     4.375091      3.208400
 ( 5   3) <--> ( 7   1)       -1.312513      0.156608      0.114846   WU    21.670646     15.891807
 ( 5   3) <--> ( 7   2)        2.498657      0.567572      0.416219   WU    78.537640     57.594269
 ( 5   3) <--> ( 7   3)       -2.364613      0.508309      0.372760   WU    70.337115     51.580551
 ( 5   3) <--> ( 7   4)        0.682243      0.042314      0.031030   WU     5.855211      4.293821
 ( 5   4) <--> ( 7   1)       -0.173108      0.002724      0.001998   WU     0.376964      0.276441
 ( 5   4) <--> ( 7   2)       -2.263743      0.465866      0.341635   WU    64.464206     47.273751
 ( 5   4) <--> ( 7   3)        0.394146      0.014123      0.010357   WU     1.954245      1.433113
 ( 5   4) <--> ( 7   4)        2.899667      0.764370      0.560538   WU   105.769559     77.564343
 ( 6   1) <--> ( 6   1)       -1.201877     -0.837945   (eb)
 ( 6   2) <--> ( 6   1)       -1.237739      0.117846      0.117846   WU    16.306917     16.306917
 ( 6   2) <--> ( 6   2)       -0.328476     -0.229012   (eb)
 ( 6   3) <--> ( 6   1)        0.438065      0.014762      0.014762   WU     2.042636      2.042636
 ( 6   3) <--> ( 6   2)        0.566523      0.024688      0.024688   WU     3.416238      3.416238
 ( 6   3) <--> ( 6   3)       -1.176166     -0.820020   (eb)
 ( 6   4) <--> ( 6   1)        0.018066      0.000025      0.000025   WU     0.003474      0.003474
 ( 6   4) <--> ( 6   2)        1.674598      0.215714      0.215714   WU    29.849350     29.849350
 ( 6   4) <--> ( 6   3)        0.496731      0.018980      0.018980   WU     2.626377      2.626377
 ( 6   4) <--> ( 6   4)        1.157248      0.806830   (eb)
 ( 6   1) <--> ( 7   1)        0.012854      0.000013      0.000011   WU     0.001759      0.001524
 ( 6   1) <--> ( 7   2)       -0.026127      0.000053      0.000046   WU     0.007266      0.006297
 ( 6   1) <--> ( 7   3)       -0.007319      0.000004      0.000004   WU     0.000570      0.000494
 ( 6   1) <--> ( 7   4)       -0.025083      0.000048      0.000042   WU     0.006697      0.005804
 ( 6   2) <--> ( 7   1)       -1.288238      0.127658      0.110637   WU    17.664681     15.309391
 ( 6   2) <--> ( 7   2)       -0.042167      0.000137      0.000119   WU     0.018926      0.016403
 ( 6   2) <--> ( 7   3)        0.041589      0.000133      0.000115   WU     0.018410      0.015956
 ( 6   2) <--> ( 7   4)       -0.028050      0.000061      0.000052   WU     0.008375      0.007258
 ( 6   3) <--> ( 7   1)        0.097908      0.000737      0.000639   WU     0.102034      0.088430
 ( 6   3) <--> ( 7   2)        0.217202      0.003629      0.003145   WU     0.502159      0.435205
 ( 6   3) <--> ( 7   3)       -0.101694      0.000796      0.000689   WU     0.110079      0.095402
 ( 6   3) <--> ( 7   4)        0.072842      0.000408      0.000354   WU     0.056478      0.048948
 ( 6   4) <--> ( 7   1)       -0.063644      0.000312      0.000270   WU     0.043115      0.037367
 ( 6   4) <--> ( 7   2)        1.710047      0.224943      0.194951   WU    31.126458     26.976263
 ( 6   4) <--> ( 7   3)        1.323930      0.134830      0.116853   WU    18.657088     16.169477
 ( 6   4) <--> ( 7   4)        0.257932      0.005118      0.004435   WU     0.708147      0.613727
 ( 6   1) <--> ( 8   1)        3.189939      0.782747      0.598571   WU   108.312474     82.827186
 ( 6   1) <--> ( 8   2)        0.120114      0.001110      0.000849   WU     0.153569      0.117435
 ( 6   1) <--> ( 8   3)        0.074266      0.000424      0.000324   WU     0.058707      0.044894
 ( 6   1) <--> ( 8   4)        0.024043      0.000044      0.000034   WU     0.006153      0.004705
 ( 6   2) <--> ( 8   1)       -0.122621      0.001157      0.000884   WU     0.160047      0.122389
 ( 6   2) <--> ( 8   2)        3.049443      0.715315      0.547006   WU    98.981659     75.691857
 ( 6   2) <--> ( 8   3)       -0.949086      0.069290      0.052986   WU     9.587932      7.331948
 ( 6   2) <--> ( 8   4)        0.211947      0.003456      0.002642   WU     0.478156      0.365649
 ( 6   3) <--> ( 8   1)       -1.423991      0.155981      0.119279   WU    21.583831     16.505283
 ( 6   3) <--> ( 8   2)        1.389325      0.148479      0.113543   WU    20.545717     15.711430
 ( 6   3) <--> ( 8   3)        3.355158      0.865930      0.662182   WU   119.822889     91.629268
 ( 6   3) <--> ( 8   4)        0.830345      0.053036      0.040557   WU     7.338907      5.612105
 ( 6   4) <--> ( 8   1)        0.376224      0.010888      0.008326   WU     1.506628      1.152127
 ( 6   4) <--> ( 8   2)        0.526184      0.021298      0.016286   WU     2.947063      2.253637
 ( 6   4) <--> ( 8   3)        0.420531      0.013604      0.010403   WU     1.882394      1.439478
 ( 6   4) <--> ( 8   4)       -2.442650      0.458964      0.350973   WU    63.509143     48.565815
 ( 7   1) <--> ( 7   1)       -1.007633     -0.674774   (eb)
 ( 7   2) <--> ( 7   1)       -0.784536      0.041033      0.041033   WU     5.677958      5.677958
 ( 7   2) <--> ( 7   2)        0.696852      0.466655   (eb)
 ( 7   3) <--> ( 7   1)       -1.392568      0.129283      0.129283   WU    17.889521     17.889521
 ( 7   3) <--> ( 7   2)        0.891982      0.053042      0.053042   WU     7.339689      7.339689
 ( 7   3) <--> ( 7   3)       -1.392687     -0.932629   (eb)
 ( 7   4) <--> ( 7   1)       -0.188088      0.002358      0.002358   WU     0.326353      0.326353
 ( 7   4) <--> ( 7   2)       -1.779896      0.211202      0.211202   WU    29.225030     29.225030
 ( 7   4) <--> ( 7   3)        0.815358      0.044321      0.044321   WU     6.132848      6.132848
 ( 7   4) <--> ( 7   4)        1.515005      1.014541   (eb)
 ( 7   1) <--> ( 8   1)        1.332118      0.118303      0.104385   WU    16.370098     14.444204
 ( 7   1) <--> ( 8   2)       -1.111474      0.082358      0.072669   WU    11.396313     10.055570
 ( 7   1) <--> ( 8   3)       -0.276194      0.005086      0.004487   WU     0.703711      0.620921
 ( 7   1) <--> ( 8   4)       -0.367862      0.009022      0.007960   WU     1.248350      1.101486
 ( 7   2) <--> ( 8   1)        0.127141      0.001078      0.000951   WU     0.149121      0.131577
 ( 7   2) <--> ( 8   2)        1.328888      0.117730      0.103879   WU    16.290808     14.374242
 ( 7   2) <--> ( 8   3)        1.222711      0.099668      0.087942   WU    13.791560     12.169024
 ( 7   2) <--> ( 8   4)       -1.545161      0.159168      0.140442   WU    22.024864     19.433704
 ( 7   3) <--> ( 8   1)       -0.084927      0.000481      0.000424   WU     0.066537      0.058709
 ( 7   3) <--> ( 8   2)        0.420919      0.011811      0.010422   WU     1.634414      1.442130
 ( 7   3) <--> ( 8   3)       -1.156131      0.089109      0.078626   WU    12.330475     10.879831
 ( 7   3) <--> ( 8   4)        0.019964      0.000027      0.000023   WU     0.003677      0.003244
 ( 7   4) <--> ( 8   1)        0.060135      0.000241      0.000213   WU     0.033360      0.029435
 ( 7   4) <--> ( 8   2)        0.344919      0.007931      0.006998   WU     1.097487      0.968371
 ( 7   4) <--> ( 8   3)        0.030533      0.000062      0.000055   WU     0.008600      0.007588
 ( 7   4) <--> ( 8   4)        1.696066      0.191776      0.169214   WU    26.536962     23.414967
 ( 7   1) <--> ( 9   1)        3.737506      0.931264      0.735208   WU   128.863456    101.734307
 ( 7   1) <--> ( 9   2)        0.905935      0.054715      0.043196   WU     7.571120      5.977200
 ( 7   1) <--> ( 9   3)        0.017005      0.000019      0.000015   WU     0.002668      0.002106
 ( 7   1) <--> ( 9   4)        0.067969      0.000308      0.000243   WU     0.042618      0.033646
 ( 7   2) <--> ( 9   1)       -2.229759      0.331455      0.261675   WU    45.865054     36.209253
 ( 7   2) <--> ( 9   2)        4.413415      1.298549      1.025170   WU   179.686487    141.857753
 ( 7   2) <--> ( 9   3)        0.186339      0.002315      0.001827   WU     0.320311      0.252877
 ( 7   2) <--> ( 9   4)        0.235242      0.003689      0.002913   WU     0.510502      0.403028
 ( 7   3) <--> ( 9   1)        1.432074      0.136722      0.107939   WU    18.918943     14.936007
 ( 7   3) <--> ( 9   2)       -1.739712      0.201773      0.159295   WU    27.920345     22.042378
 ( 7   3) <--> ( 9   3)        3.579003      0.853951      0.674172   WU   118.165318     93.288409
 ( 7   3) <--> ( 9   4)       -1.431129      0.136542      0.107796   WU    18.893975     14.916296
 ( 7   4) <--> ( 9   1)       -0.175110      0.002044      0.001614   WU     0.282872      0.223320
 ( 7   4) <--> ( 9   2)       -2.325221      0.360444      0.284561   WU    49.876335     39.376054
 ( 7   4) <--> ( 9   3)       -2.133934      0.303578      0.239667   WU    42.007604     33.163898
 ( 7   4) <--> ( 9   4)        0.862513      0.049595      0.039154   WU     6.862728      5.417943
 ( 8   1) <--> ( 8   1)       -1.509061     -0.972131   (eb)
 ( 8   2) <--> ( 8   1)       -1.136089      0.075923      0.075923   WU    10.505893     10.505893
 ( 8   2) <--> ( 8   2)       -0.324964     -0.209340   (eb)
 ( 8   3) <--> ( 8   1)        0.884843      0.046056      0.046056   WU     6.372949      6.372949
 ( 8   3) <--> ( 8   2)        0.414125      0.010088      0.010088   WU     1.395956      1.395956
 ( 8   3) <--> ( 8   3)       -1.677952     -1.080930   (eb)
 ( 8   4) <--> ( 8   1)        0.058408      0.000201      0.000201   WU     0.027769      0.027769
 ( 8   4) <--> ( 8   2)       -0.968830      0.055214      0.055214   WU     7.640182      7.640182
 ( 8   4) <--> ( 8   3)       -1.092896      0.070260      0.070260   WU     9.722229      9.722229
 ( 8   4) <--> ( 8   4)        1.146616      0.738646   (eb)
 ( 8   1) <--> ( 9   1)        0.056476      0.000188      0.000168   WU     0.025962      0.023229
 ( 8   1) <--> ( 9   2)       -0.010556      0.000007      0.000006   WU     0.000907      0.000811
 ( 8   1) <--> ( 9   3)       -0.004386      0.000001      0.000001   WU     0.000157      0.000140
 ( 8   1) <--> ( 9   4)       -0.003628      0.000001      0.000001   WU     0.000107      0.000096
 ( 8   2) <--> ( 9   1)       -1.220942      0.087688      0.078458   WU    12.133839     10.856593
 ( 8   2) <--> ( 9   2)       -0.077609      0.000354      0.000317   WU     0.049027      0.043866
 ( 8   2) <--> ( 9   3)        0.070890      0.000296      0.000264   WU     0.040905      0.036600
 ( 8   2) <--> ( 9   4)       -0.029244      0.000050      0.000045   WU     0.006961      0.006228
 ( 8   3) <--> ( 9   1)        0.331758      0.006474      0.005793   WU     0.895882      0.801579
 ( 8   3) <--> ( 9   2)        0.517997      0.015784      0.014122   WU     2.184048      1.954148
 ( 8   3) <--> ( 9   3)       -0.067894      0.000271      0.000243   WU     0.037520      0.033571
 ( 8   3) <--> ( 9   4)        0.104345      0.000640      0.000573   WU     0.088624      0.079295
 ( 8   4) <--> ( 9   1)        0.689996      0.028006      0.025058   WU     3.875264      3.467342
 ( 8   4) <--> ( 9   2)       -1.592034      0.149092      0.133399   WU    20.630650     18.459003
 ( 8   4) <--> ( 9   3)       -0.438167      0.011294      0.010105   WU     1.562746      1.398247
 ( 8   4) <--> ( 9   4)        0.100206      0.000591      0.000528   WU     0.081733      0.073129
 ( 8   1) <--> (10   1)        3.994994      0.938822      0.759999   WU   129.909385    105.164740
 ( 8   1) <--> (10   2)        0.325722      0.006241      0.005052   WU     0.863578      0.699087
 ( 8   1) <--> (10   3)       -0.016132      0.000015      0.000012   WU     0.002118      0.001715
 ( 8   1) <--> (10   4)        0.023833      0.000033      0.000027   WU     0.004623      0.003743
 ( 8   2) <--> (10   1)       -0.863294      0.043840      0.035489   WU     6.066331      4.910839
 ( 8   2) <--> (10   2)        3.811701      0.854651      0.691860   WU   118.262182     95.736052
 ( 8   2) <--> (10   3)       -0.243372      0.003484      0.002820   WU     0.482115      0.390284
 ( 8   2) <--> (10   4)        1.984565      0.231676      0.187547   WU    32.058174     25.951855
 ( 8   3) <--> (10   1)       -1.637823      0.157792      0.127736   WU    21.834439     17.675498
 ( 8   3) <--> (10   2)        2.845200      0.476186      0.385484   WU    65.892182     53.341290
 ( 8   3) <--> (10   3)        0.041699      0.000102      0.000083   WU     0.014153      0.011457
 ( 8   3) <--> (10   4)       -3.540167      0.737223      0.596799   WU   102.013055     82.581997
 ( 8   4) <--> (10   1)       -0.513263      0.015496      0.012545   WU     2.144312      1.735872
 ( 8   4) <--> (10   2)       -3.152753      0.584697      0.473326   WU    80.907404     65.496470
 ( 8   4) <--> (10   3)       -0.028294      0.000047      0.000038   WU     0.006516      0.005275
 ( 8   4) <--> (10   4)        1.267688      0.094531      0.076525   WU    13.080766     10.589191
 ( 9   1) <--> ( 9   1)       -1.172491     -0.727979   (eb)
 ( 9   2) <--> ( 9   1)       -0.731673      0.028176      0.028176   WU     3.898859      3.898859
 ( 9   2) <--> ( 9   2)        0.101056      0.062744   (eb)
 ( 9   3) <--> ( 9   1)       -1.614326      0.137161      0.137161   WU    18.979564     18.979564
 ( 9   3) <--> ( 9   2)        2.376130      0.297158      0.297158   WU    41.119136     41.119136
 ( 9   3) <--> ( 9   3)       -3.024605     -1.877923   (eb)
 ( 9   4) <--> ( 9   1)        0.722685      0.027488      0.027488   WU     3.803659      3.803659
 ( 9   4) <--> ( 9   2)       -0.319454      0.005371      0.005371   WU     0.743226      0.743226
 ( 9   4) <--> ( 9   3)       -2.870328      0.433620      0.433620   WU    60.002104     60.002104
 ( 9   4) <--> ( 9   4)       -7.696230     -4.778452   (eb)
 ( 9   1) <--> (10   1)        1.542924      0.125296      0.113363   WU    17.337749     15.686535
 ( 9   1) <--> (10   2)       -1.549222      0.126320      0.114290   WU    17.479567     15.814846
 ( 9   1) <--> (10   3)        0.073332      0.000283      0.000256   WU     0.039164      0.035434
 ( 9   1) <--> (10   4)        0.015531      0.000013      0.000011   WU     0.001757      0.001589
 ( 9   2) <--> (10   1)        0.372276      0.007294      0.006599   WU     1.009330      0.913203
 ( 9   2) <--> (10   2)        2.139822      0.240992      0.218040   WU    33.347169     30.171249
 ( 9   2) <--> (10   3)       -0.023067      0.000028      0.000025   WU     0.003875      0.003506
 ( 9   2) <--> (10   4)       -1.404336      0.103798      0.093912   WU    14.363016     12.995109
 ( 9   3) <--> (10   1)       -0.068020      0.000244      0.000220   WU     0.033695      0.030486
 ( 9   3) <--> (10   2)        0.312518      0.005140      0.004651   WU     0.711302      0.643559
 ( 9   3) <--> (10   3)       -0.382545      0.007702      0.006969   WU     1.065782      0.964279
 ( 9   3) <--> (10   4)        1.248951      0.082099      0.074280   WU    11.360425     10.278479
 ( 9   4) <--> (10   1)        0.080285      0.000339      0.000307   WU     0.046943      0.042473
 ( 9   4) <--> (10   2)       -0.005701      0.000002      0.000002   WU     0.000237      0.000214
 ( 9   4) <--> (10   3)       -0.640255      0.021575      0.019520   WU     2.985446      2.701118
 ( 9   4) <--> (10   4)       -0.493980      0.012843      0.011620   WU     1.777140      1.607889
 (10   1) <--> (10   1)       -1.757973     -1.054069   (eb)
 (10   2) <--> (10   1)       -0.703398      0.023560      0.023560   WU     3.260166      3.260166
 (10   2) <--> (10   2)       -0.102691     -0.061573   (eb)
 (10   3) <--> (10   1)        0.078805      0.000296      0.000296   WU     0.040921      0.040921
 (10   3) <--> (10   2)       -0.690159      0.022682      0.022682   WU     3.138600      3.138600
 (10   3) <--> (10   3)      -12.412901     -7.442693   (eb)
 (10   4) <--> (10   1)       -1.364236      0.088626      0.088626   WU    12.263568     12.263568
 (10   4) <--> (10   2)        0.282015      0.003787      0.003787   WU     0.524061      0.524061
 (10   4) <--> (10   3)       -0.402660      0.007721      0.007721   WU     1.068351      1.068351
 (10   4) <--> (10   4)       -2.049915     -1.229115   (eb)
 
  quadrupole shape invariant: 01+, 02+, 03+, 04+
quadr2     0.70580415     1.32296841     1.67870545     2.06787642
quadr3     0.26904820     0.88454620     0.38463301     2.07021805
  effective deformation parameters:  01+, 02+, 03+, 04+
beteff     0.09218844     0.12621446     0.14217447     0.15779625
cos3ga     0.45373657     0.58129463     0.17684175     0.69619231
 
 ********* END Transition **************************
