 ********* BEGIN READER ****************************
 
 Nucleus            :  Rf 104 182
 Imin, Imax         :     0  10
 imu, remu          :     1 12.0000
 nlevel             :     4
 observables        :     2
 wave fun           :     1
 nbet, ngam, npar   :    10   7  10
 Finish reading parameters: V, B_k ...
 
 ********* END READER ******************************
 
 ********* BEGIN LEVELS ********************
 
 E_0 = -2056.279786
 
  I=   0   ntot= 127
   0   1    0.000000
   0   2    1.268575
   0   3    2.370598
   0   4    2.437413
 
  I=   2   ntot= 234
   2   1    1.036385
   2   2    2.141079
   2   3    2.476294
   2   4    2.706405
 
  I=   3   ntot= 108
   3   1    2.983042
   3   2    3.385030
   3   3    3.692726
   3   4    3.756216
 
  I=   4   ntot= 324
   4   1    2.016130
   4   2    2.566555
   4   3    3.032970
   4   4    3.037247
 
  I=   5   ntot= 198
   5   1    3.104689
   5   2    3.564542
   5   3    3.813060
   5   4    3.904975
 
  I=   6   ntot= 432
   6   1    2.707296
   6   2    3.005841
   6   3    3.183567
   6   4    3.469608
 
  I=   7   ntot= 306
   7   1    3.278037
   7   2    3.743985
   7   3    3.982657
   7   4    4.103400
 
  I=   8   ntot= 522
   8   1    2.897272
   8   2    3.379920
   8   3    3.658917
   8   4    3.736540
 
  I=   9   ntot= 397
   9   1    3.501376
   9   2    3.972172
   9   3    4.200725
   9   4    4.349076
 
  I=  10   ntot= 630
  10   1    3.135072
  10   2    3.623531
  10   3    3.893225
  10   4    3.986339
 
 ********* END LEVELS **********************
 
 ********* BEGIN Transition ************************
 
  Monopole moment 
 
   I   n    <In|E0|In>   ave \beta      del<b>   ave \gamma    del<g>  
     K=0       K=2       K=4   
   0   1     37.670973    0.077634    0.027462   30.086442   11.844574  100.0000    0.0000    0.0000
   0   2     37.839231    0.113582    0.039885   35.486404   10.100843  100.0000    0.0000    0.0000
   0   3     38.029556    0.149014    0.052628   39.017117    9.374268  100.0000    0.0000    0.0000
   0   4     41.072591    0.520485    0.055786    8.174698    7.707264   99.9997    0.0000    0.0000
   2   1     37.784717    0.103564    0.029143   34.350496   11.108256   38.4846   61.5154    0.0000
   2   2     37.952660    0.134960    0.045358   38.396018    9.675138   36.4384   63.5617    0.0000
   2   3     41.079254    0.521062    0.055768    8.149978    7.695345   99.9944    0.0052    0.0000
   2   4     37.965134    0.135533    0.040121   27.671557   10.462219   73.1086   26.8914    0.0000
   3   1     41.137364    0.518263    0.055596   12.032157    6.521840    0.0000   99.9997    0.0000
   3   2     38.121300    0.161707    0.043614   31.110693    9.991458    0.0000  100.0000    0.0000
   3   3     41.493456    0.543950    0.085963   13.903103    5.944283    0.0000   99.9993    0.0000
   3   4     41.037172    0.499723    0.078823   16.329389   10.984093    0.0000   99.9997    0.0000
   4   1     37.902672    0.125131    0.031133   37.047482    9.768572   23.4893   37.3065   39.2043
   4   2     41.094088    0.522340    0.055799    8.098460    7.672771   99.9371    0.0618    0.0007
   4   3     38.334304    0.209876    0.157624   23.309056   15.328075   21.1429   40.8442   38.0129
   4   4     40.932084    0.502294    0.083474   12.137236    7.004383    1.8388   95.1829    2.9781
   5   1     41.160975    0.520358    0.055469   11.929647    6.434580    0.0000   99.9073    0.0923
   5   2     41.321010    0.525936    0.057448   15.046907    6.143022    0.0000    0.2678   99.7319
   5   3     41.549760    0.548155    0.081541   13.944964    5.465273    0.0000   99.8205    0.1788
   5   4     41.162310    0.512189    0.076784   15.260282   11.031345    0.0000   98.8433    1.1564
   6   1     41.116969    0.524283    0.055887    8.034745    7.648177   99.7325    0.2660    0.0006
   6   2     38.034659    0.147097    0.034960   38.615052    9.236782   18.5871   30.8377   23.9756
   6   3     41.175635    0.521593    0.055603   11.897715    6.476587    1.0119   98.7704    0.2162
   6   4     41.387863    0.547635    0.090967    8.221999   10.810409   99.3621    0.6219    0.0076
   7   1     41.193089    0.523140    0.055426   11.818947    6.343437    0.0000   99.5813    0.4170
   7   2     41.369332    0.530155    0.056852   14.849795    5.991476    0.0000    1.0763   98.5407
   7   3     41.586762    0.551132    0.079737   13.886613    5.251163    0.0000   99.3600    0.6305
   7   4     41.278380    0.523118    0.074336   14.534928   10.791561    0.0000   97.4555    2.4581
   8   1     41.147256    0.526810    0.056033    7.974014    7.623775   99.2679    0.7291    0.0017
   8   2     41.212350    0.524669    0.055750   11.821514    6.500663    2.6834   96.6128    0.7006
   8   3     41.436082    0.551960    0.090185    8.111377    9.930158   98.6881    1.2916    0.0102
   8   4     41.439836    0.537913    0.056280   14.099553    6.088244   96.1257    3.8556    0.0153
   9   1     41.233011    0.526504    0.055463   11.720738    6.254245    0.0000   98.8837    1.1100
   9   2     41.423100    0.534687    0.056425   14.688403    5.880142    0.0000    2.6881   95.9057
   9   3     41.618520    0.553845    0.079000   13.774431    5.122364    0.0000   98.3135    1.6550
   9   4     41.376594    0.531974    0.072286   14.068427   10.461209    0.0000   95.2991    4.5473
  10   1     41.184877    0.529891    0.056249    7.930310    7.601764   98.4411    1.5502    0.0071
  10   2     41.258911    0.528450    0.056033   11.779423    6.581862    5.5332   92.8758    1.5790
  10   3     41.479633    0.555523    0.089153    8.184086    9.151906   97.6754    2.2872    0.0263
  10   4     41.475418    0.540932    0.055616   13.894058    6.352199   91.8909    8.0589    0.0455
 
  rho^2(E0) 
 
   I  n_1 n_2  <In_1|E0|In_2>  rho^2(E0) 
   0   1   1       37.670973 3928.262890
   0   2   1        0.098120    0.026650
   0   2   2       37.839231 3963.432663
   0   3   1        0.007379    0.000151
   0   3   2       -0.176711    0.086440
   0   3   3       38.029556 4003.403643
   0   4   1       -0.000240    0.000000
   0   4   2        0.001004    0.000003
   0   4   3        0.021612    0.001293
   0   4   4       41.072591 4669.722582
   2   1   1       37.784717 3952.020711
   2   2   1       -0.134614    0.050161
   2   2   2       37.952660 3987.230254
   2   3   1        0.000648    0.000001
   2   3   2        0.000864    0.000002
   2   3   3       41.079254 4671.237809
   2   4   1        0.040293    0.004494
   2   4   2       -0.050435    0.007041
   2   4   3       -0.007533    0.000157
   2   4   4       37.965134 3989.851707
   3   1   1       41.137364 4684.462740
   3   2   1        0.023103    0.001478
   3   2   2       38.121300 4022.742837
   3   3   1        0.634526    1.114513
   3   3   2        0.054742    0.008295
   3   3   3       41.493456 4765.912721
   3   4   1        0.189281    0.099175
   3   4   2        0.068584    0.013021
   3   4   3       -0.166325    0.076578
   3   4   4       41.037172 4661.672154
   4   1   1       37.902672 3976.733873
   4   2   1       -0.000768    0.000002
   4   2   2       41.094088 4674.611915
   4   3   1       -0.161013    0.071764
   4   3   2       -0.007475    0.000155
   4   3   3       38.334304 4067.822989
   4   4   1       -0.044851    0.005569
   4   4   2        0.005101    0.000072
   4   4   3       -0.778979    1.679726
   4   4   4       40.932084 4637.827417
   5   1   1       41.160975 4689.841667
   5   2   1        0.000560    0.000001
   5   2   2       41.321010 4726.381049
   5   3   1       -0.620570    1.066027
   5   3   2        0.012400    0.000426
   5   3   3       41.549760 4778.855672
   5   4   1        0.248662    0.171161
   5   4   2       -0.039402    0.004298
   5   4   3        0.095381    0.025183
   5   4   4       41.162310 4690.145968
   6   1   1       41.116969 4679.818975
   6   2   1        0.002361    0.000015
   6   2   2       38.034659 4004.478050
   6   3   1        0.013247    0.000486
   6   3   2        0.005623    0.000088
   6   3   3       41.175635 4693.183000
   6   4   1       -0.650428    1.171078
   6   4   2       -0.007969    0.000176
   6   4   3        0.006257    0.000108
   6   4   4       41.387863 4741.687042
   7   1   1       41.193089 4697.162552
   7   2   1       -0.005573    0.000086
   7   2   2       41.369332 4737.441871
   7   3   1       -0.617059    1.053998
   7   3   2        0.017920    0.000889
   7   3   3       41.586762 4787.371030
   7   4   1        0.270941    0.203206
   7   4   2       -0.050690    0.007113
   7   4   3        0.068950    0.013160
   7   4   4       41.278380 4716.633831
   8   1   1       41.147256 4686.715896
   8   2   1       -0.020163    0.001125
   8   2   2       41.212350 4701.556109
   8   3   1       -0.669601    1.241134
   8   3   2       -0.008042    0.000179
   8   3   3       41.436082 4752.742012
   8   4   1        0.121724    0.041015
   8   4   2        0.023014    0.001466
   8   4   3       -0.075411    0.015742
   8   4   4       41.439836 4753.603147
   9   1   1       41.233011 4706.271439
   9   2   1       -0.018373    0.000934
   9   2   2       41.423100 4749.764462
   9   3   1        0.620092    1.064387
   9   3   2       -0.024510    0.001663
   9   3   3       41.618520 4794.685603
   9   4   1       -0.276993    0.212385
   9   4   2        0.056736    0.008910
   9   4   3        0.063716    0.011238
   9   4   4       41.376594 4739.105236
  10   1   1       41.184877 4695.290000
  10   2   1        0.026915    0.002005
  10   2   2       41.258911 4712.185592
  10   3   1       -0.682143    1.288065
  10   3   2        0.011560    0.000370
  10   3   3       41.479633 4762.738011
  10   4   1        0.063214    0.011061
  10   4   2       -0.041563    0.004782
  10   4   3       -0.069202    0.013256
  10   4   4       41.475418 4761.770000
 
  E2 transition 
 
  I1  n1        I2  n2       <f||E2||i>   B(E2,I1->I2)  B(E2,I2->I1)
 ( 0   1) <--> ( 2   1)        1.054430      1.111823      0.222365   WU    99.333228     19.866646
 ( 0   1) <--> ( 2   2)        0.351133      0.123294      0.024659   WU    11.015425      2.203085
 ( 0   1) <--> ( 2   3)        0.000829      0.000001      0.000000   WU     0.000061      0.000012
 ( 0   1) <--> ( 2   4)        0.480905      0.231269      0.046254   WU    20.662213      4.132443
 ( 0   2) <--> ( 2   1)        0.927576      0.860397      0.172079   WU    76.870135     15.374027
 ( 0   2) <--> ( 2   2)       -1.007940      1.015943      0.203189   WU    90.767032     18.153406
 ( 0   2) <--> ( 2   3)        0.001765      0.000003      0.000001   WU     0.000278      0.000056
 ( 0   2) <--> ( 2   4)        0.822815      0.677024      0.135405   WU    60.487081     12.097416
 ( 0   3) <--> ( 2   1)       -0.070433      0.004961      0.000992   WU     0.443210      0.088642
 ( 0   3) <--> ( 2   2)        1.290656      1.665793      0.333159   WU   148.826322     29.765264
 ( 0   3) <--> ( 2   3)       -0.060487      0.003659      0.000732   WU     0.326875      0.065375
 ( 0   3) <--> ( 2   4)       -0.626285      0.392232      0.078446   WU    35.043065      7.008613
 ( 0   4) <--> ( 2   1)       -0.000560      0.000000      0.000000   WU     0.000028      0.000006
 ( 0   4) <--> ( 2   2)       -0.011440      0.000131      0.000026   WU     0.011693      0.002339
 ( 0   4) <--> ( 2   3)       -8.014043     64.224879     12.844976   WU  5738.019749   1147.603950
 ( 0   4) <--> ( 2   4)        0.020021      0.000401      0.000080   WU     0.035814      0.007163
 ( 2   1) <--> ( 2   1)        1.048342      0.794573   (eb)
 ( 2   2) <--> ( 2   1)       -0.740583      0.109693      0.109693   WU     9.800219      9.800219
 ( 2   2) <--> ( 2   2)        1.523475      1.154692   (eb)
 ( 2   3) <--> ( 2   1)       -0.003123      0.000002      0.000002   WU     0.000174      0.000174
 ( 2   3) <--> ( 2   2)       -0.002485      0.000001      0.000001   WU     0.000110      0.000110
 ( 2   3) <--> ( 2   3)       -9.565961     -7.250359   (eb)
 ( 2   4) <--> ( 2   1)       -1.350653      0.364853      0.364853   WU    32.596903     32.596903
 ( 2   4) <--> ( 2   2)       -0.053689      0.000577      0.000577   WU     0.051507      0.051507
 ( 2   4) <--> ( 2   3)        0.018266      0.000067      0.000067   WU     0.005962      0.005962
 ( 2   4) <--> ( 2   4)       -1.701782     -1.289837   (eb)
 ( 2   1) <--> ( 3   1)       -0.002125      0.000001      0.000001   WU     0.000081      0.000058
 ( 2   1) <--> ( 3   2)        0.971910      0.188922      0.134944   WU    16.878766     12.056262
 ( 2   1) <--> ( 3   3)       -0.034796      0.000242      0.000173   WU     0.021634      0.015453
 ( 2   1) <--> ( 3   4)       -0.060146      0.000724      0.000517   WU     0.064641      0.046172
 ( 2   2) <--> ( 3   1)        0.008363      0.000014      0.000010   WU     0.001250      0.000893
 ( 2   2) <--> ( 3   2)       -1.460055      0.426352      0.304537   WU    38.091436     27.208169
 ( 2   2) <--> ( 3   3)        0.014853      0.000044      0.000032   WU     0.003942      0.002816
 ( 2   2) <--> ( 3   4)        0.017502      0.000061      0.000044   WU     0.005473      0.003909
 ( 2   3) <--> ( 3   1)        1.154550      0.266597      0.190426   WU    23.818486     17.013204
 ( 2   3) <--> ( 3   2)        0.000739      0.000000      0.000000   WU     0.000010      0.000007
 ( 2   3) <--> ( 3   3)       -0.007756      0.000012      0.000009   WU     0.001075      0.000768
 ( 2   3) <--> ( 3   4)       -0.019045      0.000073      0.000052   WU     0.006481      0.004629
 ( 2   4) <--> ( 3   1)       -0.002094      0.000001      0.000001   WU     0.000078      0.000056
 ( 2   4) <--> ( 3   2)       -1.846380      0.681824      0.487017   WU    60.915932     43.511380
 ( 2   4) <--> ( 3   3)        0.052863      0.000559      0.000399   WU     0.049934      0.035667
 ( 2   4) <--> ( 3   4)        0.091848      0.001687      0.001205   WU     0.150741      0.107672
 ( 2   1) <--> ( 4   1)        2.231949      0.996319      0.553511   WU    89.013783     49.452102
 ( 2   1) <--> ( 4   2)       -0.001467      0.000000      0.000000   WU     0.000038      0.000021
 ( 2   1) <--> ( 4   3)        0.389556      0.030351      0.016862   WU     2.711613      1.506452
 ( 2   1) <--> ( 4   4)        0.109447      0.002396      0.001331   WU     0.214043      0.118913
 ( 2   2) <--> ( 4   1)       -1.404299      0.394411      0.219117   WU    35.237734     19.576519
 ( 2   2) <--> ( 4   2)       -0.002030      0.000001      0.000000   WU     0.000074      0.000041
 ( 2   2) <--> ( 4   3)        2.238277      1.001976      0.556654   WU    89.519217     49.732898
 ( 2   2) <--> ( 4   4)        0.619534      0.076764      0.042647   WU     6.858332      3.810184
 ( 2   3) <--> ( 4   1)        0.003380      0.000002      0.000001   WU     0.000204      0.000113
 ( 2   3) <--> ( 4   2)      -12.886577     33.212775     18.451542   WU  2967.316761   1648.509311
 ( 2   3) <--> ( 4   3)       -0.126839      0.003218      0.001788   WU     0.287469      0.159705
 ( 2   3) <--> ( 4   4)        0.505664      0.051139      0.028411   WU     4.568909      2.538283
 ( 2   4) <--> ( 4   1)        0.609602      0.074323      0.041291   WU     6.640207      3.689004
 ( 2   4) <--> ( 4   2)        0.026083      0.000136      0.000076   WU     0.012156      0.006753
 ( 2   4) <--> ( 4   3)       -0.637184      0.081201      0.045111   WU     7.254672      4.030373
 ( 2   4) <--> ( 4   4)       -0.165368      0.005469      0.003039   WU     0.488643      0.271468
 ( 3   1) <--> ( 3   1)        0.000000      0.000000   (eb)
 ( 3   2) <--> ( 3   1)        0.000000      0.000000      0.000000   WU     0.000000      0.000000
 ( 3   2) <--> ( 3   2)        0.000000      0.000000   (eb)
 ( 3   3) <--> ( 3   1)        0.000000      0.000000      0.000000   WU     0.000000      0.000000
 ( 3   3) <--> ( 3   2)        0.000000      0.000000      0.000000   WU     0.000000      0.000000
 ( 3   3) <--> ( 3   3)        0.000000      0.000000   (eb)
 ( 3   4) <--> ( 3   1)        0.000000      0.000000      0.000000   WU     0.000000      0.000000
 ( 3   4) <--> ( 3   2)        0.000000      0.000000      0.000000   WU     0.000000      0.000000
 ( 3   4) <--> ( 3   3)        0.000000      0.000000      0.000000   WU     0.000000      0.000000
 ( 3   4) <--> ( 3   4)        0.000000      0.000000   (eb)
 ( 3   1) <--> ( 4   1)       -0.003603      0.000002      0.000001   WU     0.000166      0.000129
 ( 3   1) <--> ( 4   2)        1.073890      0.164749      0.128138   WU    14.719081     11.448174
 ( 3   1) <--> ( 4   3)        3.257496      1.515897      1.179031   WU   135.434217    105.337725
 ( 3   1) <--> ( 4   4)      -11.764442     19.771729     15.378011   WU  1766.458289   1373.912003
 ( 3   2) <--> ( 4   1)        1.302933      0.242519      0.188626   WU    21.667310     16.852352
 ( 3   2) <--> ( 4   2)        0.003137      0.000001      0.000001   WU     0.000126      0.000098
 ( 3   2) <--> ( 4   3)       -0.635739      0.057738      0.044907   WU     5.158448      4.012126
 ( 3   2) <--> ( 4   4)       -0.250687      0.008978      0.006983   WU     0.802091      0.623848
 ( 3   3) <--> ( 4   1)       -0.033315      0.000159      0.000123   WU     0.014166      0.011018
 ( 3   3) <--> ( 4   2)        0.006625      0.000006      0.000005   WU     0.000560      0.000436
 ( 3   3) <--> ( 4   3)        0.258135      0.009519      0.007404   WU     0.850461      0.661470
 ( 3   3) <--> ( 4   4)       -1.209871      0.209113      0.162643   WU    18.682680     14.530974
 ( 3   4) <--> ( 4   1)       -0.057250      0.000468      0.000364   WU     0.041832      0.032536
 ( 3   4) <--> ( 4   2)        0.004873      0.000003      0.000003   WU     0.000303      0.000236
 ( 3   4) <--> ( 4   3)        0.075883      0.000823      0.000640   WU     0.073493      0.057161
 ( 3   4) <--> ( 4   4)       -0.822602      0.096668      0.075186   WU     8.636556      6.717321
 ( 3   1) <--> ( 5   1)       11.498465     18.887814     12.019518   WU  1687.487026   1073.855380
 ( 3   1) <--> ( 5   2)       -1.386345      0.274565      0.174723   WU    24.530341     15.610217
 ( 3   1) <--> ( 5   3)       -0.860978      0.105898      0.067389   WU     9.461166      6.020742
 ( 3   1) <--> ( 5   4)        0.685215      0.067074      0.042684   WU     5.992593      3.813468
 ( 3   2) <--> ( 5   1)        0.072116      0.000743      0.000473   WU     0.066379      0.042241
 ( 3   2) <--> ( 5   2)        0.025112      0.000090      0.000057   WU     0.008048      0.005122
 ( 3   2) <--> ( 5   3)       -0.211514      0.006391      0.004067   WU     0.571003      0.363365
 ( 3   2) <--> ( 5   4)        0.364849      0.019016      0.012101   WU     1.698973      1.081165
 ( 3   3) <--> ( 5   1)        1.254351      0.224771      0.143036   WU    20.081611     12.779207
 ( 3   3) <--> ( 5   2)       -0.805912      0.092785      0.059045   WU     8.289652      5.275233
 ( 3   3) <--> ( 5   3)      -11.892604     20.204862     12.857639   WU  1805.155549   1148.735350
 ( 3   3) <--> ( 5   4)        0.841938      0.101266      0.064442   WU     9.047337      5.757397
 ( 3   4) <--> ( 5   1)        0.858505      0.105290      0.067003   WU     9.406900      5.986209
 ( 3   4) <--> ( 5   2)        1.598058      0.364827      0.232163   WU    32.594607     20.742022
 ( 3   4) <--> ( 5   3)        1.117363      0.178357      0.113500   WU    15.934887     10.140382
 ( 3   4) <--> ( 5   4)       10.780783     16.603612     10.565935   WU  1483.410401    943.988437
 ( 4   1) <--> ( 4   1)        1.570997      1.184682   (eb)
 ( 4   2) <--> ( 4   1)        0.002908      0.000001      0.000001   WU     0.000084      0.000084
 ( 4   2) <--> ( 4   2)      -12.214623     -9.210992   (eb)
 ( 4   3) <--> ( 4   1)       -0.678934      0.051217      0.051217   WU     4.575850      4.575850
 ( 4   3) <--> ( 4   2)        0.441537      0.021662      0.021662   WU     1.935312      1.935312
 ( 4   3) <--> ( 4   3)        1.729798      1.304433   (eb)
 ( 4   4) <--> ( 4   1)       -0.191128      0.004059      0.004059   WU     0.362631      0.362631
 ( 4   4) <--> ( 4   2)       -1.525614      0.258611      0.258611   WU    23.104992     23.104992
 ( 4   4) <--> ( 4   3)        1.789068      0.355640      0.355640   WU    31.773850     31.773850
 ( 4   4) <--> ( 4   4)       -4.261260     -3.213397   (eb)
 ( 4   1) <--> ( 5   1)       -0.000504      0.000000      0.000000   WU     0.000003      0.000002
 ( 4   1) <--> ( 5   2)        0.003525      0.000001      0.000001   WU     0.000123      0.000101
 ( 4   1) <--> ( 5   3)       -0.016769      0.000031      0.000026   WU     0.002791      0.002284
 ( 4   1) <--> ( 5   4)        0.043640      0.000212      0.000173   WU     0.018906      0.015468
 ( 4   2) <--> ( 5   1)       -1.173613      0.153041      0.125215   WU    13.673077     11.187063
 ( 4   2) <--> ( 5   2)        0.006046      0.000004      0.000003   WU     0.000363      0.000297
 ( 4   2) <--> ( 5   3)       -0.013765      0.000021      0.000017   WU     0.001881      0.001539
 ( 4   2) <--> ( 5   4)        0.036492      0.000148      0.000121   WU     0.013220      0.010816
 ( 4   3) <--> ( 5   1)        3.029108      1.019499      0.834136   WU    91.084741     74.523879
 ( 4   3) <--> ( 5   2)        0.451218      0.022622      0.018509   WU     2.021110      1.653635
 ( 4   3) <--> ( 5   3)       -0.202425      0.004553      0.003725   WU     0.406765      0.332808
 ( 4   3) <--> ( 5   4)        0.066474      0.000491      0.000402   WU     0.043865      0.035890
 ( 4   4) <--> ( 5   1)      -10.960855     13.348927     10.921849   WU  1192.628287    975.786780
 ( 4   4) <--> ( 5   2)       -1.813282      0.365332      0.298908   WU    32.639759     26.705258
 ( 4   4) <--> ( 5   3)        0.925672      0.095208      0.077897   WU     8.506107      6.959542
 ( 4   4) <--> ( 5   4)       -0.716509      0.057043      0.046671   WU     5.096355      4.169745
 ( 4   1) <--> ( 6   1)       -0.004368      0.000002      0.000001   WU     0.000189      0.000131
 ( 4   1) <--> ( 6   2)        3.450836      1.323141      0.916020   WU   118.212872     81.839681
 ( 4   1) <--> ( 6   3)       -0.007617      0.000006      0.000004   WU     0.000576      0.000399
 ( 4   1) <--> ( 6   4)        0.010108      0.000011      0.000008   WU     0.001014      0.000702
 ( 4   2) <--> ( 6   1)       16.331102     29.633876     20.515760   WU  2647.568519   1832.932052
 ( 4   2) <--> ( 6   2)        0.007676      0.000007      0.000005   WU     0.000585      0.000405
 ( 4   2) <--> ( 6   3)       -0.324669      0.011712      0.008108   WU     1.046401      0.724431
 ( 4   2) <--> ( 6   4)       -1.564228      0.271868      0.188216   WU    24.289375     16.815721
 ( 4   3) <--> ( 6   1)        0.156231      0.002712      0.001878   WU     0.242300      0.167746
 ( 4   3) <--> ( 6   2)       -1.948788      0.421975      0.292136   WU    37.700348     26.100241
 ( 4   3) <--> ( 6   3)       -3.732850      1.548241      1.071859   WU   138.323941     95.762728
 ( 4   3) <--> ( 6   4)        0.087424      0.000849      0.000588   WU     0.075872      0.052527
 ( 4   4) <--> ( 6   1)       -0.648506      0.046729      0.032351   WU     4.174878      2.890300
 ( 4   4) <--> ( 6   2)       -0.513092      0.029251      0.020251   WU     2.613405      1.809280
 ( 4   4) <--> ( 6   3)       13.431291     20.044398     13.876891   WU  1790.819287   1239.797968
 ( 4   4) <--> ( 6   4)        0.208875      0.004848      0.003356   WU     0.433101      0.299839
 ( 5   1) <--> ( 5   1)       -7.896986     -5.734214   (eb)
 ( 5   2) <--> ( 5   1)       -1.688237      0.259104      0.259104   WU    23.149039     23.149039
 ( 5   2) <--> ( 5   2)        7.928500      5.757098   (eb)
 ( 5   3) <--> ( 5   1)        0.720721      0.047222      0.047222   WU     4.218911      4.218911
 ( 5   3) <--> ( 5   2)        0.433375      0.017074      0.017074   WU     1.525438      1.525438
 ( 5   3) <--> ( 5   3)       -8.193296     -5.949373   (eb)
 ( 5   4) <--> ( 5   1)       -0.525338      0.025089      0.025089   WU     2.241523      2.241523
 ( 5   4) <--> ( 5   2)        0.083366      0.000632      0.000632   WU     0.056447      0.056447
 ( 5   4) <--> ( 5   3)       -0.164627      0.002464      0.002464   WU     0.220125      0.220125
 ( 5   4) <--> ( 5   4)       -7.358794     -5.343419   (eb)
 ( 5   1) <--> ( 6   1)        1.631452      0.241967      0.204741   WU    21.617948     18.292110
 ( 5   1) <--> ( 6   2)       -0.018751      0.000032      0.000027   WU     0.002856      0.002416
 ( 5   1) <--> ( 6   3)      -10.658535     10.327671      8.738798   WU   922.701282    780.747239
 ( 5   1) <--> ( 6   4)       -0.227396      0.004701      0.003978   WU     0.419985      0.355372
 ( 5   2) <--> ( 6   1)       -0.001539      0.000000      0.000000   WU     0.000019      0.000016
 ( 5   2) <--> ( 6   2)        0.017853      0.000029      0.000025   WU     0.002589      0.002190
 ( 5   2) <--> ( 6   3)        1.032455      0.096906      0.081997   WU     8.657809      7.325838
 ( 5   2) <--> ( 6   4)       -0.011745      0.000013      0.000011   WU     0.001120      0.000948
 ( 5   3) <--> ( 6   1)       -0.010920      0.000011      0.000009   WU     0.000969      0.000820
 ( 5   3) <--> ( 6   2)       -0.040298      0.000148      0.000125   WU     0.013190      0.011160
 ( 5   3) <--> ( 6   3)        1.044382      0.099158      0.083903   WU     8.859003      7.496079
 ( 5   3) <--> ( 6   4)        1.342359      0.163811      0.138610   WU    14.635350     12.383758
 ( 5   4) <--> ( 6   1)        0.012488      0.000014      0.000012   WU     0.001267      0.001072
 ( 5   4) <--> ( 6   2)        0.098991      0.000891      0.000754   WU     0.079590      0.067346
 ( 5   4) <--> ( 6   3)       -0.786097      0.056177      0.047534   WU     5.019010      4.246855
 ( 5   4) <--> ( 6   4)       -1.248689      0.141748      0.119940   WU    12.664112     10.715787
 ( 5   1) <--> ( 7   1)      -15.889991     22.953803     16.832789   WU  2050.753152   1503.885644
 ( 5   1) <--> ( 7   2)        0.883121      0.070900      0.051993   WU     6.334410      4.645234
 ( 5   1) <--> ( 7   3)        1.070732      0.104224      0.076431   WU     9.311672      6.828560
 ( 5   1) <--> ( 7   4)       -0.889079      0.071860      0.052697   WU     6.420180      4.708132
 ( 5   2) <--> ( 7   1)        0.370179      0.012457      0.009135   WU     1.112984      0.816188
 ( 5   2) <--> ( 7   2)      -10.865921     10.733476      7.871216   WU   958.957003    703.235136
 ( 5   2) <--> ( 7   3)        0.038306      0.000133      0.000098   WU     0.011918      0.008740
 ( 5   2) <--> ( 7   4)        0.098828      0.000888      0.000651   WU     0.079328      0.058174
 ( 5   3) <--> ( 7   1)        1.716063      0.267716      0.196325   WU    23.918423     17.540177
 ( 5   3) <--> ( 7   2)       -1.114112      0.112840      0.082750   WU    10.081465      7.393074
 ( 5   3) <--> ( 7   3)      -16.506113     24.768343     18.163452   WU  2212.868987   1622.770591
 ( 5   3) <--> ( 7   4)        0.511332      0.023769      0.017431   WU     2.123594      1.557302
 ( 5   4) <--> ( 7   1)       -1.382801      0.173831      0.127476   WU    15.530503     11.389036
 ( 5   4) <--> ( 7   2)       -1.652394      0.248219      0.182027   WU    22.176525     16.262785
 ( 5   4) <--> ( 7   3)       -0.477312      0.020712      0.015188   WU     1.850422      1.356976
 ( 5   4) <--> ( 7   4)      -15.310113     21.309051     15.626637   WU  1903.806720   1396.124928
 ( 6   1) <--> ( 6   1)      -14.495903    -10.106501   (eb)
 ( 6   2) <--> ( 6   1)       -0.013004      0.000013      0.000013   WU     0.001162      0.001162
 ( 6   2) <--> ( 6   2)        1.946934      1.357397   (eb)
 ( 6   3) <--> ( 6   1)       -1.959866      0.295467      0.295467   WU    26.397823     26.397823
 ( 6   3) <--> ( 6   2)       -0.020011      0.000031      0.000031   WU     0.002752      0.002752
 ( 6   3) <--> ( 6   3)      -10.044006     -7.002652   (eb)
 ( 6   4) <--> ( 6   1)        1.620224      0.201933      0.201933   WU    18.041208     18.041208
 ( 6   4) <--> ( 6   2)        0.034285      0.000090      0.000090   WU     0.008079      0.008079
 ( 6   4) <--> ( 6   3)       -0.253956      0.004961      0.004961   WU     0.443232      0.443232
 ( 6   4) <--> ( 6   4)      -15.008412    -10.463821   (eb)
 ( 6   1) <--> ( 7   1)        1.123128      0.097032      0.084094   WU     8.669099      7.513219
 ( 6   1) <--> ( 7   2)       -0.015550      0.000019      0.000016   WU     0.001662      0.001440
 ( 6   1) <--> ( 7   3)        0.020799      0.000033      0.000029   WU     0.002973      0.002577
 ( 6   1) <--> ( 7   4)       -0.053660      0.000221      0.000192   WU     0.019789      0.017150
 ( 6   2) <--> ( 7   1)        0.016034      0.000020      0.000017   WU     0.001767      0.001531
 ( 6   2) <--> ( 7   2)       -0.006280      0.000003      0.000003   WU     0.000271      0.000235
 ( 6   2) <--> ( 7   3)        0.011197      0.000010      0.000008   WU     0.000862      0.000747
 ( 6   2) <--> ( 7   4)       -0.021994      0.000037      0.000032   WU     0.003325      0.002881
 ( 6   3) <--> ( 7   1)        9.881846      7.511606      6.510058   WU   671.106645    581.625759
 ( 6   3) <--> ( 7   2)        1.928357      0.286043      0.247904   WU    25.555835     22.148390
 ( 6   3) <--> ( 7   3)       -0.807244      0.050126      0.043443   WU     4.478423      3.881300
 ( 6   3) <--> ( 7   4)        0.603468      0.028013      0.024278   WU     2.502786      2.169081
 ( 6   4) <--> ( 7   1)        0.903183      0.062749      0.054383   WU     5.606174      4.858684
 ( 6   4) <--> ( 7   2)        0.092289      0.000655      0.000568   WU     0.058535      0.050730
 ( 6   4) <--> ( 7   3)        0.689938      0.036617      0.031734   WU     3.271417      2.835228
 ( 6   4) <--> ( 7   4)       -0.731061      0.041112      0.035630   WU     3.673012      3.183277
 ( 6   1) <--> ( 8   1)       19.231415     28.449793     21.755724   WU  2541.779438   1943.713688
 ( 6   1) <--> ( 8   2)        0.110859      0.000945      0.000723   WU     0.084461      0.064587
 ( 6   1) <--> ( 8   3)       -1.728237      0.229754      0.175694   WU    20.526836     15.696992
 ( 6   1) <--> ( 8   4)        0.056292      0.000244      0.000186   WU     0.021778      0.016654
 ( 6   2) <--> ( 8   1)        0.010099      0.000008      0.000006   WU     0.000701      0.000536
 ( 6   2) <--> ( 8   2)       -0.039428      0.000120      0.000091   WU     0.010684      0.008170
 ( 6   2) <--> ( 8   3)       -0.066118      0.000336      0.000257   WU     0.030043      0.022974
 ( 6   2) <--> ( 8   4)       -0.027701      0.000059      0.000045   WU     0.005273      0.004033
 ( 6   3) <--> ( 8   1)       -0.942057      0.068267      0.052204   WU     6.099155      4.664060
 ( 6   3) <--> ( 8   2)      -17.679330     24.042978     18.385806   WU  2148.062913   1642.636345
 ( 6   3) <--> ( 8   3)        0.279143      0.005994      0.004584   WU     0.535512      0.409509
 ( 6   3) <--> ( 8   4)        0.169526      0.002211      0.001691   WU     0.197508      0.151036
 ( 6   4) <--> ( 8   1)       -2.648260      0.539483      0.412546   WU    48.198852     36.857946
 ( 6   4) <--> ( 8   2)        0.819463      0.051655      0.039501   WU     4.615026      3.529138
 ( 6   4) <--> ( 8   3)       19.854640     30.323594     23.188630   WU  2709.189686   2071.733290
 ( 6   4) <--> ( 8   4)        1.602832      0.197621      0.151122   WU    17.655954     13.501612
 ( 7   1) <--> ( 7   1)      -11.952816     -8.004345   (eb)
 ( 7   2) <--> ( 7   1)       -2.344540      0.366458      0.366458   WU    32.740309     32.740309
 ( 7   2) <--> ( 7   2)       -2.105407     -1.409911   (eb)
 ( 7   3) <--> ( 7   1)        1.104022      0.081258      0.081258   WU     7.259774      7.259774
 ( 7   3) <--> ( 7   2)        0.550428      0.020198      0.020198   WU     1.804546      1.804546
 ( 7   3) <--> ( 7   3)      -12.433327     -8.326125   (eb)
 ( 7   4) <--> ( 7   1)       -0.790280      0.041636      0.041636   WU     3.719888      3.719888
 ( 7   4) <--> ( 7   2)        0.386486      0.009958      0.009958   WU     0.889681      0.889681
 ( 7   4) <--> ( 7   3)       -0.205475      0.002815      0.002815   WU     0.251469      0.251469
 ( 7   4) <--> ( 7   4)      -11.435877     -7.658170   (eb)
 ( 7   1) <--> ( 8   1)       -2.119162      0.299390      0.264167   WU    26.748273     23.601418
 ( 7   1) <--> ( 8   2)       -9.427970      5.925775      5.228625   WU   529.424337    467.139121
 ( 7   1) <--> ( 8   3)        0.407229      0.011056      0.009755   WU     0.987744      0.871539
 ( 7   1) <--> ( 8   4)       -0.309705      0.006394      0.005642   WU     0.571300      0.504089
 ( 7   2) <--> ( 8   1)        0.003767      0.000001      0.000001   WU     0.000085      0.000075
 ( 7   2) <--> ( 8   2)        1.728268      0.199127      0.175701   WU    17.790572     15.697563
 ( 7   2) <--> ( 8   3)       -0.064765      0.000280      0.000247   WU     0.024983      0.022044
 ( 7   2) <--> ( 8   4)        0.275835      0.005072      0.004476   WU     0.453176      0.399861
 ( 7   3) <--> ( 8   1)        0.013501      0.000012      0.000011   WU     0.001086      0.000958
 ( 7   3) <--> ( 8   2)        0.909388      0.055132      0.048646   WU     4.925677      4.346185
 ( 7   3) <--> ( 8   3)       -1.891791      0.238591      0.210522   WU    21.316392     18.808581
 ( 7   3) <--> ( 8   4)        2.030119      0.274759      0.242434   WU    24.547677     21.659715
 ( 7   4) <--> ( 8   1)       -0.023019      0.000035      0.000031   WU     0.003156      0.002785
 ( 7   4) <--> ( 8   2)       -0.683036      0.031103      0.027443   WU     2.778786      2.451870
 ( 7   4) <--> ( 8   3)        1.392402      0.129252      0.114046   WU    11.547734     10.189177
 ( 7   4) <--> ( 8   4)        2.600178      0.450728      0.397701   WU    40.269256     35.531697
 ( 7   1) <--> ( 9   1)      -19.172555     24.505790     19.346676   WU  2189.411783   1728.482987
 ( 7   1) <--> ( 9   2)        0.526398      0.018473      0.014584   WU     1.650425      1.302967
 ( 7   1) <--> ( 9   3)       -1.187731      0.094047      0.074248   WU     8.402413      6.633484
 ( 7   1) <--> ( 9   4)        0.982062      0.064296      0.050760   WU     5.744404      4.535056
 ( 7   2) <--> ( 9   1)        0.701124      0.032772      0.025872   WU     2.927910      2.311508
 ( 7   2) <--> ( 9   2)      -15.964886     16.991839     13.414610   WU  1518.095632   1198.496551
 ( 7   2) <--> ( 9   3)       -0.152645      0.001553      0.001226   WU     0.138781      0.109564
 ( 7   2) <--> ( 9   4)       -0.234060      0.003652      0.002883   WU     0.326303      0.257607
 ( 7   3) <--> ( 9   1)        2.108231      0.296309      0.233928   WU    26.473048     20.899775
 ( 7   3) <--> ( 9   2)       -1.436451      0.137560      0.108600   WU    12.289930      9.702576
 ( 7   3) <--> ( 9   3)       19.887645     26.367896     20.816760   WU  2355.777220   1859.824121
 ( 7   3) <--> ( 9   4)       -0.240663      0.003861      0.003048   WU     0.344974      0.272348
 ( 7   4) <--> ( 9   1)       -1.765147      0.207716      0.163987   WU    18.557927     14.650995
 ( 7   4) <--> ( 9   2)       -1.724407      0.198239      0.156504   WU    17.711151     13.982488
 ( 7   4) <--> ( 9   3)       -0.031142      0.000065      0.000051   WU     0.005776      0.004560
 ( 7   4) <--> ( 9   4)       18.782718     23.519367     18.567921   WU  2101.282164   1658.906971
 ( 8   1) <--> ( 8   1)      -16.465121    -10.606765   (eb)
 ( 8   2) <--> ( 8   1)        2.278678      0.305434      0.305434   WU    27.288252     27.288252
 ( 8   2) <--> ( 8   2)      -13.218925     -8.515578   (eb)
 ( 8   3) <--> ( 8   1)        1.833777      0.197808      0.197808   WU    17.672696     17.672696
 ( 8   3) <--> ( 8   2)        0.089903      0.000475      0.000475   WU     0.042478      0.042478
 ( 8   3) <--> ( 8   3)      -17.098806    -11.014983   (eb)
 ( 8   4) <--> ( 8   1)       -0.078391      0.000361      0.000361   WU     0.032296      0.032296
 ( 8   4) <--> ( 8   2)        1.966132      0.227393      0.227393   WU    20.315855     20.315855
 ( 8   4) <--> ( 8   3)        0.064611      0.000246      0.000246   WU     0.021939      0.021939
 ( 8   4) <--> ( 8   4)      -16.493274    -10.624901   (eb)
 ( 8   1) <--> ( 9   1)       -1.027841      0.062145      0.055603   WU     5.552161      4.967723
 ( 8   1) <--> ( 9   2)        0.028470      0.000048      0.000043   WU     0.004260      0.003811
 ( 8   1) <--> ( 9   3)        0.029018      0.000050      0.000044   WU     0.004425      0.003960
 ( 8   1) <--> ( 9   4)       -0.068892      0.000279      0.000250   WU     0.024943      0.022317
 ( 8   2) <--> ( 9   1)        8.731060      4.484200      4.012179   WU   400.630266    358.458659
 ( 8   2) <--> ( 9   2)        1.824345      0.195779      0.175170   WU    17.491374     15.650177
 ( 8   2) <--> ( 9   3)        0.729386      0.031294      0.028000   WU     2.795916      2.501609
 ( 8   2) <--> ( 9   4)       -0.513722      0.015524      0.013890   WU     1.386968      1.240971
 ( 8   3) <--> ( 9   1)       -0.816378      0.039204      0.035078   WU     3.502616      3.133920
 ( 8   3) <--> ( 9   2)       -0.122098      0.000877      0.000785   WU     0.078348      0.070100
 ( 8   3) <--> ( 9   3)        0.695170      0.028427      0.025435   WU     2.539756      2.272413
 ( 8   3) <--> ( 9   4)       -0.579468      0.019752      0.017673   WU     1.764690      1.578933
 ( 8   4) <--> ( 9   1)       -3.258799      0.624693      0.558935   WU    55.811679     49.936766
 ( 8   4) <--> ( 9   2)       -0.257466      0.003899      0.003489   WU     0.348378      0.311706
 ( 8   4) <--> ( 9   3)       -1.156058      0.078616      0.070340   WU     7.023746      6.284404
 ( 8   4) <--> ( 9   4)       -0.856242      0.043126      0.038587   WU     3.853031      3.447448
 ( 8   1) <--> (10   1)       21.835330     28.045979     22.703888   WU  2505.701597   2028.425102
 ( 8   1) <--> (10   2)        0.107861      0.000684      0.000554   WU     0.061142      0.049496
 ( 8   1) <--> (10   3)       -1.820516      0.194957      0.157823   WU    17.418013     14.100296
 ( 8   1) <--> (10   4)       -0.064882      0.000248      0.000200   WU     0.022124      0.017910
 ( 8   2) <--> (10   1)        1.158982      0.079014      0.063964   WU     7.059324      5.714691
 ( 8   2) <--> (10   2)      -20.738226     25.298471     20.479715   WU  2260.232041   1829.711652
 ( 8   2) <--> (10   3)       -0.326929      0.006287      0.005090   WU     0.561717      0.454723
 ( 8   2) <--> (10   4)       -0.385511      0.008742      0.007077   WU     0.781057      0.632284
 ( 8   3) <--> (10   1)       -3.133866      0.577713      0.467672   WU    51.614372     41.783063
 ( 8   3) <--> (10   2)       -0.722862      0.030737      0.024882   WU     2.746129      2.223057
 ( 8   3) <--> (10   3)       22.632493     30.131161     24.391892   WU  2691.997222   2179.235846
 ( 8   3) <--> (10   4)        1.614258      0.153284      0.124087   WU    13.694793     11.086261
 ( 8   4) <--> (10   1)       -0.081288      0.000389      0.000315   WU     0.034727      0.028112
 ( 8   4) <--> (10   2)       -2.543386      0.380518      0.308039   WU    33.996501     27.520977
 ( 8   4) <--> (10   3)       -2.303553      0.312139      0.252684   WU    27.887278     22.575416
 ( 8   4) <--> (10   4)       21.614616     27.481861     22.247221   WU  2455.301794   1987.625262
 ( 9   1) <--> ( 9   1)      -14.724284     -9.142045   (eb)
 ( 9   2) <--> ( 9   1)       -2.783279      0.407718      0.407718   WU    36.426600     36.426600
 ( 9   2) <--> ( 9   2)       -7.795212     -4.839908   (eb)
 ( 9   3) <--> ( 9   1)       -1.421499      0.106350      0.106350   WU     9.501628      9.501628
 ( 9   3) <--> ( 9   2)       -0.607013      0.019393      0.019393   WU     1.732611      1.732611
 ( 9   3) <--> ( 9   3)      -15.331419     -9.519005   (eb)
 ( 9   4) <--> ( 9   1)        0.935808      0.046091      0.046091   WU     4.117929      4.117929
 ( 9   4) <--> ( 9   2)       -0.664289      0.023225      0.023225   WU     2.075006      2.075006
 ( 9   4) <--> ( 9   3)       -0.292031      0.004489      0.004489   WU     0.401017      0.401017
 ( 9   4) <--> ( 9   4)      -14.376351     -8.926020   (eb)
 ( 9   1) <--> (10   1)        2.568496      0.347220      0.314151   WU    31.021513     28.067083
 ( 9   1) <--> (10   2)       -8.520742      3.821213      3.457288   WU   341.397223    308.883202
 ( 9   1) <--> (10   3)       -0.546853      0.015739      0.014240   WU     1.406197      1.272274
 ( 9   1) <--> (10   4)        0.100235      0.000529      0.000478   WU     0.047244      0.042744
 ( 9   2) <--> (10   1)       -0.005203      0.000001      0.000001   WU     0.000127      0.000115
 ( 9   2) <--> (10   2)        2.337448      0.287561      0.260174   WU    25.691476     23.244668
 ( 9   2) <--> (10   3)        0.219479      0.002535      0.002294   WU     0.226512      0.204939
 ( 9   2) <--> (10   4)       -0.418294      0.009209      0.008332   WU     0.822751      0.744394
 ( 9   3) <--> (10   1)        0.014351      0.000011      0.000010   WU     0.000968      0.000876
 ( 9   3) <--> (10   2)       -0.798759      0.033580      0.030382   WU     3.000110      2.714385
 ( 9   3) <--> (10   3)       -2.463564      0.319429      0.289007   WU    28.538615     25.820652
 ( 9   3) <--> (10   4)        2.305819      0.279832      0.253181   WU    25.000891     22.619854
 ( 9   4) <--> (10   1)       -0.037088      0.000072      0.000065   WU     0.006468      0.005852
 ( 9   4) <--> (10   2)        0.561916      0.016618      0.015036   WU     1.484731      1.343328
 ( 9   4) <--> (10   3)        1.407079      0.104204      0.094280   WU     9.309835      8.423184
 ( 9   4) <--> (10   4)        3.225449      0.547554      0.495406   WU    48.919887     44.260850
 (10   1) <--> (10   1)      -18.210241    -10.918740   (eb)
 (10   2) <--> (10   1)       -2.569497      0.314396      0.314396   WU    28.088966     28.088966
 (10   2) <--> (10   2)      -15.497897     -9.292436   (eb)
 (10   3) <--> (10   1)        2.012171      0.192802      0.192802   WU    17.225397     17.225397
 (10   3) <--> (10   2)        0.118786      0.000672      0.000672   WU     0.060030      0.060030
 (10   3) <--> (10   3)      -18.889742    -11.326165   (eb)
 (10   4) <--> (10   1)        0.034289      0.000056      0.000056   WU     0.005002      0.005002
 (10   4) <--> (10   2)       -2.189616      0.228306      0.228306   WU    20.397435     20.397435
 (10   4) <--> (10   3)       -0.115957      0.000640      0.000640   WU     0.057205      0.057205
 (10   4) <--> (10   4)      -18.317108    -10.982817   (eb)
 
  quadrupole shape invariant: 01+, 02+, 03+, 04+
quadr2     1.56150006     2.87876272     4.49710715    65.54226093
quadr3     1.09211994     1.25916154     0.25734448   519.01853377
  effective deformation parameters:  01+, 02+, 03+, 04+
beteff     0.08051679     0.10932472     0.13664132     0.52164630
cos3ga     0.55970260     0.25779391     0.02698454     0.97813937
 
 ********* END Transition **************************
