 ********* BEGIN READER ****************************
 
 Nucleus            :  Xe  54 120
 Imin, Imax         :     0  10
 imu, remu          :     1 12.0000
 nlevel             :     4
 observables        :     2
 wave fun           :     1
 nbet, ngam, npar   :    10   7  10
 Finish reading parameters: V, B_k ...
 
 ********* END READER ******************************
 
 ********* BEGIN LEVELS ********************
 
 E_0 = -1261.464625
 
  I=   0   ntot= 127
   0   1    0.000000
   0   2    2.952031
   0   3    4.634244
   0   4    5.246332
 
  I=   2   ntot= 234
   2   1    1.078199
   2   2    2.736482
   2   3    3.903605
   2   4    5.209116
 
  I=   3   ntot= 108
   3   1    3.909904
   3   2    6.186765
   3   3    7.958066
   3   4    8.472929
 
  I=   4   ntot= 324
   4   1    2.370503
   4   2    4.228373
   4   3    4.960862
   4   4    5.614941
 
  I=   5   ntot= 198
   5   1    5.335531
   5   2    6.929017
   5   3    7.364398
   5   4    8.636382
 
  I=   6   ntot= 432
   6   1    3.859252
   6   2    5.782760
   6   3    6.162819
   6   4    7.283586
 
  I=   7   ntot= 306
   7   1    6.857460
   7   2    8.470079
   7   3    8.615293
   7   4    9.764476
 
  I=   8   ntot= 522
   8   1    5.495731
   8   2    7.408622
   8   3    7.492029
   8   4    8.880688
 
  I=   9   ntot= 397
   9   1    8.437653
   9   2    9.884177
   9   3    9.993214
   9   4   11.016490
 
  I=  10   ntot= 630
  10   1    7.218551
  10   2    8.884943
  10   3    9.082245
  10   4   10.280280
 
 ********* END LEVELS **********************
 
 ********* BEGIN Transition ************************
 
  Monopole moment 
 
   I   n    <In|E0|In>   ave \beta      del<b>   ave \gamma    del<g>  
     K=0       K=2       K=4   
   0   1     26.091980    0.136278    0.039678   25.211709   11.211149  100.0000    0.0000    0.0000
   0   2     26.202949    0.191312    0.061056   21.713372   10.480799  100.0000    0.0000    0.0000
   0   3     26.238235    0.190927    0.043998   30.568461   14.043286  100.0000    0.0000    0.0000
   0   4     26.393745    0.249606    0.080353   18.686150    9.943887  100.0000    0.0000    0.0000
   2   1     26.120616    0.152032    0.040239   23.120567   10.824469   92.2374    7.7626    0.0000
   2   2     26.170737    0.168007    0.042683   28.126406   10.562542   12.8385   87.1615    0.0000
   2   3     26.256616    0.210519    0.062824   21.308858   10.432066   89.7890   10.2110    0.0000
   2   4     26.323210    0.226072    0.067582   24.273988    9.817179   15.5979   84.4021    0.0000
   3   1     26.211205    0.187342    0.043668   26.187771    8.841556    0.0000  100.0000    0.0000
   3   2     26.408072    0.248429    0.071168   23.480860    8.674870    0.0000  100.0000    0.0000
   3   3     26.751680    0.312501    0.093963   21.909894    8.522963    0.0000   99.9999    0.0000
   3   4     26.590404    0.279204    0.066890   29.132201    9.727337    0.0000  100.0000    0.0000
   4   1     26.150091    0.166969    0.041557   21.834510   10.538698   88.4506   10.1130    1.4363
   4   2     26.212228    0.186475    0.045495   26.364360   11.291594   20.2847   61.7128   18.0025
   4   3     26.312687    0.228429    0.065733   20.389987   10.201953   84.6613   14.4316    0.9071
   4   4     26.273229    0.206084    0.049067   28.118452   10.130675    2.9788   27.6708   69.3504
   5   1     26.256871    0.206107    0.046554   24.722548    8.721348    0.0000   91.2990    8.7010
   5   2     26.339569    0.228738    0.051815   26.714759    8.783723    0.0000   13.6118   86.3882
   5   3     26.516154    0.272153    0.076295   22.693469    8.595775    0.0000   88.5781   11.4219
   5   4     26.736610    0.307110    0.082600   25.088712    8.252730    0.0000   12.0972   87.9028
   6   1     26.185137    0.182944    0.043863   21.130557   10.310412   83.4629   14.5173    1.5926
   6   2     26.262442    0.206889    0.049502   24.333052   11.838788   28.2959   51.7979   15.1852
   6   3     26.384180    0.247751    0.070293   19.628389   10.035522   80.2963   18.1495    1.3188
   6   4     26.358734    0.233048    0.059226   25.597753   11.658211    6.3745   38.9878   27.0572
   7   1     26.319350    0.227638    0.050827   23.501612    8.642963    0.0000   84.8347   13.9563
   7   2     26.463879    0.261945    0.064328   23.628977    9.818831    0.0000   32.9081   51.3730
   7   3     26.653400    0.296449    0.081521   23.276294    8.553387    0.0000   69.0964   27.0489
   7   4     26.674578    0.298130    0.067384   27.058507    8.066053    0.0000    1.2676   24.4043
   8   1     26.231938    0.201736    0.047407   20.741920   10.108364   77.3071   19.8331    2.3039
   8   2     26.352991    0.237666    0.061629   20.288767   12.854631   45.5552   34.6109   14.6949
   8   3     26.465934    0.264635    0.075641   20.704877    9.990771   65.6253   29.5832    4.1210
   8   4     26.536089    0.278710    0.078491   20.073459   12.554444   20.6185   45.5410   13.7603
   9   1     26.417128    0.254634    0.056909   22.506235    8.537100    0.0000   78.1813   19.1945
   9   2     26.858141    0.331344    0.090469   21.345347    8.276620    0.0000   76.2436   20.5648
   9   3     26.670823    0.300046    0.067252   25.457431    8.700532    0.0000   23.9032   46.2657
   9   4     27.133893    0.360126    0.093210   28.006914    7.613401    0.0000   18.1246   36.3304
  10   1     26.301582    0.225423    0.052514   20.448985    9.927004   70.3778   25.5259    3.3874
  10   2     26.628754    0.299641    0.083812   17.589013    9.629204   73.6131   22.8577    2.8362
  10   3     26.466728    0.262994    0.062414   23.549129   10.820016   38.6093   35.9785   19.0433
  10   4     27.065979    0.354086    0.098252   25.139784    8.512550   38.9496   41.0896   15.4756
 
  rho^2(E0) 
 
   I  n_1 n_2  <In_1|E0|In_2>  rho^2(E0) 
   0   1   1       26.091980  985.547394
   0   2   1       -0.072965    0.007707
   0   2   2       26.202949  993.948288
   0   3   1       -0.023585    0.000805
   0   3   2        0.015237    0.000336
   0   3   3       26.238235  996.627029
   0   4   1       -0.012266    0.000218
   0   4   2       -0.139258    0.028074
   0   4   3        0.016964    0.000417
   0   4   4       26.393745 1008.475800
   2   1   1       26.120616  987.711865
   2   2   1        0.002773    0.000011
   2   2   2       26.170737  991.506028
   2   3   1       -0.079178    0.009076
   2   3   2       -0.000510    0.000000
   2   3   3       26.256616  998.023872
   2   4   1       -0.001798    0.000005
   2   4   2       -0.091157    0.012029
   2   4   3        0.018773    0.000510
   2   4   4       26.323210 1003.092838
   3   1   1       26.211205  994.574675
   3   2   1       -0.107532    0.016739
   3   2   2       26.408072 1009.570887
   3   3   1       -0.008037    0.000094
   3   3   2       -0.251096    0.091273
   3   3   3       26.751680 1036.013840
   3   4   1       -0.022673    0.000744
   3   4   2        0.063927    0.005916
   3   4   3       -0.130506    0.024656
   3   4   4       26.590404 1023.560037
   4   1   1       26.150091  989.942218
   4   2   1        0.001450    0.000003
   4   2   2       26.212228  994.652371
   4   3   1       -0.087610    0.011111
   4   3   2       -0.005457    0.000043
   4   3   3       26.312687 1002.290996
   4   4   1        0.010291    0.000153
   4   4   2        0.011050    0.000177
   4   4   3       -0.008663    0.000109
   4   4   4       26.273229  999.287243
   5   1   1       26.256871  998.043298
   5   2   1        0.011141    0.000180
   5   2   2       26.339569 1004.340040
   5   3   1       -0.131977    0.025215
   5   3   2       -0.017844    0.000461
   5   3   3       26.516154 1017.851691
   5   4   1       -0.000788    0.000001
   5   4   2       -0.180284    0.047052
   5   4   3       -0.009909    0.000142
   5   4   4       26.736610 1034.846902
   6   1   1       26.185137  992.597416
   6   2   1        0.000737    0.000001
   6   2   2       26.262442  998.466886
   6   3   1       -0.102751    0.015284
   6   3   2       -0.013955    0.000282
   6   3   3       26.384180 1007.744991
   6   4   1       -0.010901    0.000172
   6   4   2       -0.032108    0.001492
   6   4   3        0.012372    0.000222
   6   4   4       26.358734 1005.802077
   7   1   1       26.319350 1002.798675
   7   2   1        0.052418    0.003978
   7   2   2       26.463879 1013.842362
   7   3   1       -0.165552    0.039676
   7   3   2       -0.055991    0.004538
   7   3   3       26.653400 1028.415645
   7   4   1       -0.004668    0.000032
   7   4   2       -0.006993    0.000071
   7   4   3        0.020018    0.000580
   7   4   4       26.674578 1030.050584
   8   1   1       26.231938  996.148760
   8   2   1        0.030403    0.001338
   8   2   2       26.352991 1005.363817
   8   3   1       -0.124930    0.022594
   8   3   2       -0.053009    0.004068
   8   3   3       26.465934 1013.999874
   8   4   1       -0.010806    0.000169
   8   4   2       -0.105096    0.015990
   8   4   3        0.006343    0.000058
   8   4   4       26.536089 1019.382744
   9   1   1       26.417128 1010.263452
   9   2   1       -0.239755    0.083214
   9   2   2       26.858141 1044.276062
   9   3   1       -0.028962    0.001214
   9   3   2        0.071447    0.007390
   9   3   3       26.670823 1029.760586
   9   4   1       -0.006187    0.000055
   9   4   2       -0.202126    0.059144
   9   4   3       -0.342705    0.170022
   9   4   4       27.133893 1065.829282
  10   1   1       26.301582 1001.445195
  10   2   1       -0.168895    0.041295
  10   2   2       26.628754 1026.514566
  10   3   1       -0.038852    0.002185
  10   3   2        0.023057    0.000770
  10   3   3       26.466728 1014.060661
  10   4   1       -0.004017    0.000023
  10   4   2        0.264630    0.101377
  10   4   3        0.244007    0.086192
  10   4   4       27.065979 1060.500606
 
  E2 transition 
 
  I1  n1        I2  n2       <f||E2||i>   B(E2,I1->I2)  B(E2,I2->I1)
 ( 0   1) <--> ( 2   1)        0.775685      0.601687      0.120337   WU   104.276222     20.855244
 ( 0   1) <--> ( 2   2)       -0.029775      0.000887      0.000177   WU     0.153649      0.030730
 ( 0   1) <--> ( 2   3)       -0.027039      0.000731      0.000146   WU     0.126704      0.025341
 ( 0   1) <--> ( 2   4)        0.002844      0.000008      0.000002   WU     0.001401      0.000280
 ( 0   2) <--> ( 2   1)       -0.352030      0.123925      0.024785   WU    21.477066      4.295413
 ( 0   2) <--> ( 2   2)       -0.129972      0.016893      0.003379   WU     2.927635      0.585527
 ( 0   2) <--> ( 2   3)        0.952668      0.907576      0.181515   WU   157.288622     31.457724
 ( 0   2) <--> ( 2   4)       -0.019432      0.000378      0.000076   WU     0.065441      0.013088
 ( 0   3) <--> ( 2   1)        0.091771      0.008422      0.001684   WU     1.459583      0.291917
 ( 0   3) <--> ( 2   2)        0.373090      0.139196      0.027839   WU    24.123635      4.824727
 ( 0   3) <--> ( 2   3)        0.026081      0.000680      0.000136   WU     0.117887      0.023577
 ( 0   3) <--> ( 2   4)       -0.015318      0.000235      0.000047   WU     0.040665      0.008133
 ( 0   4) <--> ( 2   1)       -0.072362      0.005236      0.001047   WU     0.907483      0.181497
 ( 0   4) <--> ( 2   2)        0.019665      0.000387      0.000077   WU     0.067021      0.013404
 ( 0   4) <--> ( 2   3)       -0.564324      0.318462      0.063692   WU    55.191502     11.038300
 ( 0   4) <--> ( 2   4)       -0.272307      0.074151      0.014830   WU    12.850871      2.570174
 ( 2   1) <--> ( 2   1)       -0.696433     -0.527849   (eb)
 ( 2   2) <--> ( 2   1)       -0.747562      0.111770      0.111770   WU    19.370435     19.370435
 ( 2   2) <--> ( 2   2)        0.605427      0.458873   (eb)
 ( 2   3) <--> ( 2   1)        0.097720      0.001910      0.001910   WU     0.330984      0.330984
 ( 2   3) <--> ( 2   2)        0.463940      0.043048      0.043048   WU     7.460498      7.460498
 ( 2   3) <--> ( 2   3)       -0.813587     -0.616645   (eb)
 ( 2   4) <--> ( 2   1)       -0.064616      0.000835      0.000835   WU     0.144718      0.144718
 ( 2   4) <--> ( 2   2)       -0.115398      0.002663      0.002663   WU     0.461573      0.461573
 ( 2   4) <--> ( 2   3)       -0.918463      0.168715      0.168715   WU    29.239381     29.239381
 ( 2   4) <--> ( 2   4)        0.657108      0.498044   (eb)
 ( 2   1) <--> ( 3   1)       -0.063974      0.000819      0.000585   WU     0.141859      0.101328
 ( 2   1) <--> ( 3   2)       -0.011544      0.000027      0.000019   WU     0.004619      0.003300
 ( 2   1) <--> ( 3   3)       -0.004715      0.000004      0.000003   WU     0.000770      0.000550
 ( 2   1) <--> ( 3   4)        0.002098      0.000001      0.000001   WU     0.000153      0.000109
 ( 2   2) <--> ( 3   1)       -1.280687      0.328032      0.234308   WU    56.849972     40.607123
 ( 2   2) <--> ( 3   2)       -0.024161      0.000117      0.000083   WU     0.020233      0.014452
 ( 2   2) <--> ( 3   3)       -0.006883      0.000009      0.000007   WU     0.001642      0.001173
 ( 2   2) <--> ( 3   4)       -0.002282      0.000001      0.000001   WU     0.000180      0.000129
 ( 2   3) <--> ( 3   1)       -0.152747      0.004666      0.003333   WU     0.808707      0.577648
 ( 2   3) <--> ( 3   2)       -0.041218      0.000340      0.000243   WU     0.058888      0.042063
 ( 2   3) <--> ( 3   3)       -0.011989      0.000029      0.000021   WU     0.004982      0.003559
 ( 2   3) <--> ( 3   4)       -0.028652      0.000164      0.000117   WU     0.028455      0.020325
 ( 2   4) <--> ( 3   1)        0.699012      0.097723      0.069802   WU    16.936090     12.097207
 ( 2   4) <--> ( 3   2)       -1.569251      0.492509      0.351792   WU    85.355017     60.967869
 ( 2   4) <--> ( 3   3)       -0.019428      0.000075      0.000054   WU     0.013083      0.009345
 ( 2   4) <--> ( 3   4)        0.029074      0.000169      0.000121   WU     0.029300      0.020929
 ( 2   1) <--> ( 4   1)        1.380072      0.380920      0.211622   WU    66.015803     36.675446
 ( 2   1) <--> ( 4   2)        0.026183      0.000137      0.000076   WU     0.023761      0.013201
 ( 2   1) <--> ( 4   3)       -0.020068      0.000081      0.000045   WU     0.013959      0.007755
 ( 2   1) <--> ( 4   4)       -0.004844      0.000005      0.000003   WU     0.000813      0.000452
 ( 2   2) <--> ( 4   1)        0.108161      0.002340      0.001300   WU     0.405492      0.225273
 ( 2   2) <--> ( 4   2)        1.045146      0.218466      0.121370   WU    37.861528     21.034182
 ( 2   2) <--> ( 4   3)       -0.041969      0.000352      0.000196   WU     0.061052      0.033918
 ( 2   2) <--> ( 4   4)       -0.083115      0.001382      0.000768   WU     0.239442      0.133023
 ( 2   3) <--> ( 4   1)       -0.545296      0.059470      0.033039   WU    10.306458      5.725810
 ( 2   3) <--> ( 4   2)       -0.112471      0.002530      0.001406   WU     0.438458      0.243588
 ( 2   3) <--> ( 4   3)        1.692047      0.572605      0.318114   WU    99.235995     55.131108
 ( 2   3) <--> ( 4   4)       -0.147217      0.004335      0.002408   WU     0.751207      0.417337
 ( 2   4) <--> ( 4   1)        0.048697      0.000474      0.000263   WU     0.082197      0.045665
 ( 2   4) <--> ( 4   2)       -0.375077      0.028137      0.015631   WU     4.876247      2.709026
 ( 2   4) <--> ( 4   3)        0.165633      0.005487      0.003048   WU     0.950913      0.528285
 ( 2   4) <--> ( 4   4)       -0.261579      0.013685      0.007603   WU     2.371646      1.317581
 ( 3   1) <--> ( 3   1)        0.000000      0.000000   (eb)
 ( 3   2) <--> ( 3   1)        0.000000      0.000000      0.000000   WU     0.000000      0.000000
 ( 3   2) <--> ( 3   2)        0.000000      0.000000   (eb)
 ( 3   3) <--> ( 3   1)        0.000000      0.000000      0.000000   WU     0.000000      0.000000
 ( 3   3) <--> ( 3   2)        0.000000      0.000000      0.000000   WU     0.000000      0.000000
 ( 3   3) <--> ( 3   3)        0.000000      0.000000   (eb)
 ( 3   4) <--> ( 3   1)        0.000000      0.000000      0.000000   WU     0.000000      0.000000
 ( 3   4) <--> ( 3   2)        0.000000      0.000000      0.000000   WU     0.000000      0.000000
 ( 3   4) <--> ( 3   3)        0.000000      0.000000      0.000000   WU     0.000000      0.000000
 ( 3   4) <--> ( 3   4)        0.000000      0.000000   (eb)
 ( 3   1) <--> ( 4   1)        0.570372      0.046475      0.036147   WU     8.054396      6.264531
 ( 3   1) <--> ( 4   2)       -0.911172      0.118605      0.092248   WU    20.554987     15.987212
 ( 3   1) <--> ( 4   3)       -0.476443      0.032428      0.025222   WU     5.620027      4.371132
 ( 3   1) <--> ( 4   4)       -1.003295      0.143800      0.111844   WU    24.921454     19.383353
 ( 3   2) <--> ( 4   1)        0.051038      0.000372      0.000289   WU     0.064493      0.050161
 ( 3   2) <--> ( 4   2)        0.140928      0.002837      0.002207   WU     0.491714      0.382444
 ( 3   2) <--> ( 4   3)        0.733334      0.076826      0.059753   WU    13.314366     10.355618
 ( 3   2) <--> ( 4   4)        0.519847      0.038606      0.030027   WU     6.690644      5.203834
 ( 3   3) <--> ( 4   1)        0.018229      0.000047      0.000037   WU     0.008227      0.006399
 ( 3   3) <--> ( 4   2)        0.021310      0.000065      0.000050   WU     0.011243      0.008744
 ( 3   3) <--> ( 4   3)        0.063451      0.000575      0.000447   WU     0.099678      0.077527
 ( 3   3) <--> ( 4   4)       -0.005858      0.000005      0.000004   WU     0.000850      0.000661
 ( 3   4) <--> ( 4   1)       -0.009462      0.000013      0.000010   WU     0.002216      0.001724
 ( 3   4) <--> ( 4   2)       -0.054866      0.000430      0.000334   WU     0.074529      0.057967
 ( 3   4) <--> ( 4   3)        0.005103      0.000004      0.000003   WU     0.000645      0.000501
 ( 3   4) <--> ( 4   4)       -0.103178      0.001521      0.001183   WU     0.263565      0.204995
 ( 3   1) <--> ( 5   1)        1.450300      0.300482      0.191216   WU    52.075374     33.138874
 ( 3   1) <--> ( 5   2)       -0.043184      0.000266      0.000170   WU     0.046171      0.029381
 ( 3   1) <--> ( 5   3)        0.032356      0.000150      0.000095   WU     0.025919      0.016494
 ( 3   1) <--> ( 5   4)       -0.007893      0.000009      0.000006   WU     0.001543      0.000982
 ( 3   2) <--> ( 5   1)       -0.603377      0.052009      0.033097   WU     9.013516      5.735874
 ( 3   2) <--> ( 5   2)       -0.248642      0.008832      0.005620   WU     1.530610      0.974024
 ( 3   2) <--> ( 5   3)        1.746039      0.435522      0.277150   WU    75.478690     48.031894
 ( 3   2) <--> ( 5   4)       -0.021573      0.000066      0.000042   WU     0.011522      0.007332
 ( 3   3) <--> ( 5   1)       -0.023587      0.000079      0.000051   WU     0.013774      0.008765
 ( 3   3) <--> ( 5   2)        0.215866      0.006657      0.004236   WU     1.153683      0.734162
 ( 3   3) <--> ( 5   3)       -1.021031      0.148929      0.094773   WU    25.810354     16.424771
 ( 3   3) <--> ( 5   4)       -0.211502      0.006390      0.004067   WU     1.107509      0.704778
 ( 3   4) <--> ( 5   1)        0.133379      0.002541      0.001617   WU     0.440445      0.280283
 ( 3   4) <--> ( 5   2)        0.531601      0.040371      0.025691   WU     6.996623      4.452396
 ( 3   4) <--> ( 5   3)        0.109039      0.001699      0.001081   WU     0.294361      0.187321
 ( 3   4) <--> ( 5   4)       -0.324805      0.015071      0.009591   WU     2.611936      1.662141
 ( 4   1) <--> ( 4   1)       -0.984296     -0.742253   (eb)
 ( 4   2) <--> ( 4   1)       -0.774022      0.066568      0.066568   WU    11.536616     11.536616
 ( 4   2) <--> ( 4   2)       -0.292987     -0.220940   (eb)
 ( 4   3) <--> ( 4   1)        0.128735      0.001841      0.001841   WU     0.319127      0.319127
 ( 4   3) <--> ( 4   2)        0.328903      0.012020      0.012020   WU     2.083086      2.083086
 ( 4   3) <--> ( 4   3)       -1.203303     -0.907405   (eb)
 ( 4   4) <--> ( 4   1)        0.046526      0.000241      0.000241   WU     0.041684      0.041684
 ( 4   4) <--> ( 4   2)       -1.102581      0.135076      0.135076   WU    23.409542     23.409542
 ( 4   4) <--> ( 4   3)        0.182116      0.003685      0.003685   WU     0.638657      0.638657
 ( 4   4) <--> ( 4   4)        0.917937      0.692212   (eb)
 ( 4   1) <--> ( 5   1)       -0.034800      0.000135      0.000110   WU     0.023321      0.019081
 ( 4   1) <--> ( 5   2)        0.003987      0.000002      0.000001   WU     0.000306      0.000250
 ( 4   1) <--> ( 5   3)       -0.010634      0.000013      0.000010   WU     0.002178      0.001782
 ( 4   1) <--> ( 5   4)       -0.002960      0.000001      0.000001   WU     0.000169      0.000138
 ( 4   2) <--> ( 5   1)       -1.188462      0.156938      0.128404   WU    27.198363     22.253206
 ( 4   2) <--> ( 5   2)       -0.112144      0.001397      0.001143   WU     0.242173      0.198142
 ( 4   2) <--> ( 5   3)       -0.035834      0.000143      0.000117   WU     0.024727      0.020231
 ( 4   2) <--> ( 5   4)       -0.016826      0.000031      0.000026   WU     0.005452      0.004461
 ( 4   3) <--> ( 5   1)       -0.171100      0.003253      0.002661   WU     0.563729      0.461233
 ( 4   3) <--> ( 5   2)       -0.166388      0.003076      0.002517   WU     0.533110      0.436181
 ( 4   3) <--> ( 5   3)       -0.028932      0.000093      0.000076   WU     0.016119      0.013188
 ( 4   3) <--> ( 5   4)       -0.004887      0.000003      0.000002   WU     0.000460      0.000376
 ( 4   4) <--> ( 5   1)       -0.238396      0.006315      0.005167   WU     1.094388      0.895408
 ( 4   4) <--> ( 5   2)       -1.839586      0.376009      0.307643   WU    65.164674     53.316551
 ( 4   4) <--> ( 5   3)        0.011112      0.000014      0.000011   WU     0.002378      0.001945
 ( 4   4) <--> ( 5   4)       -0.083081      0.000767      0.000627   WU     0.132915      0.108749
 ( 4   1) <--> ( 6   1)        1.922732      0.410766      0.284377   WU    71.188411     49.284285
 ( 4   1) <--> ( 6   2)        0.068312      0.000518      0.000359   WU     0.089859      0.062210
 ( 4   1) <--> ( 6   3)        0.017362      0.000033      0.000023   WU     0.005805      0.004019
 ( 4   1) <--> ( 6   4)        0.009560      0.000010      0.000007   WU     0.001760      0.001219
 ( 4   2) <--> ( 6   1)        0.061706      0.000423      0.000293   WU     0.073321      0.050761
 ( 4   2) <--> ( 6   2)        1.740074      0.336429      0.232912   WU    58.305218     40.365151
 ( 4   2) <--> ( 6   3)       -0.025715      0.000073      0.000051   WU     0.012734      0.008816
 ( 4   2) <--> ( 6   4)        0.014997      0.000025      0.000017   WU     0.004331      0.002998
 ( 4   3) <--> ( 6   1)       -0.764824      0.064995      0.044997   WU    11.264047      7.798186
 ( 4   3) <--> ( 6   2)       -0.107275      0.001279      0.000885   WU     0.221598      0.153414
 ( 4   3) <--> ( 6   3)        2.366393      0.622201      0.430755   WU   107.831469     74.652555
 ( 4   3) <--> ( 6   4)        0.048334      0.000260      0.000180   WU     0.044986      0.031144
 ( 4   4) <--> ( 6   1)       -0.081642      0.000741      0.000513   WU     0.128350      0.088858
 ( 4   4) <--> ( 6   2)        0.314300      0.010976      0.007599   WU     1.902215      1.316918
 ( 4   4) <--> ( 6   3)       -0.049283      0.000270      0.000187   WU     0.046769      0.032379
 ( 4   4) <--> ( 6   4)       -1.355749      0.204228      0.141389   WU    35.394088     24.503599
 ( 5   1) <--> ( 5   1)       -0.686540     -0.498515   (eb)
 ( 5   2) <--> ( 5   1)       -0.852438      0.066059      0.066059   WU    11.448478     11.448478
 ( 5   2) <--> ( 5   2)        0.587809      0.426824   (eb)
 ( 5   3) <--> ( 5   1)        0.034781      0.000110      0.000110   WU     0.019059      0.019059
 ( 5   3) <--> ( 5   2)        0.567252      0.029252      0.029252   WU     5.069604      5.069604
 ( 5   3) <--> ( 5   3)       -0.788105     -0.572264   (eb)
 ( 5   4) <--> ( 5   1)       -0.072319      0.000475      0.000475   WU     0.082399      0.082399
 ( 5   4) <--> ( 5   2)       -0.038339      0.000134      0.000134   WU     0.023159      0.023159
 ( 5   4) <--> ( 5   3)       -1.015802      0.093805      0.093805   WU    16.256978     16.256978
 ( 5   4) <--> ( 5   4)        0.877457      0.637145   (eb)
 ( 5   1) <--> ( 6   1)        0.748479      0.050929      0.043094   WU     8.826350      7.468450
 ( 5   1) <--> ( 6   2)       -0.905207      0.074491      0.063031   WU    12.909734     10.923621
 ( 5   1) <--> ( 6   3)       -0.524219      0.024982      0.021139   WU     4.329596      3.663504
 ( 5   1) <--> ( 6   4)        0.712579      0.046161      0.039059   WU     7.999950      6.769188
 ( 5   2) <--> ( 6   1)       -0.032390      0.000095      0.000081   WU     0.016529      0.013986
 ( 5   2) <--> ( 6   2)        0.524190      0.024980      0.021137   WU     4.329115      3.663098
 ( 5   2) <--> ( 6   3)       -0.096772      0.000851      0.000720   WU     0.147544      0.124845
 ( 5   2) <--> ( 6   4)        1.129444      0.115968      0.098126   WU    20.097924     17.005936
 ( 5   3) <--> ( 6   1)        0.069353      0.000437      0.000370   WU     0.075780      0.064122
 ( 5   3) <--> ( 6   2)        0.178873      0.002909      0.002461   WU     0.504095      0.426542
 ( 5   3) <--> ( 6   3)        0.901648      0.073906      0.062536   WU    12.808426     10.837899
 ( 5   3) <--> ( 6   4)       -0.440932      0.017675      0.014955   WU     3.063126      2.591876
 ( 5   4) <--> ( 6   1)       -0.008971      0.000007      0.000006   WU     0.001268      0.001073
 ( 5   4) <--> ( 6   2)        0.032643      0.000097      0.000082   WU     0.016788      0.014206
 ( 5   4) <--> ( 6   3)       -0.017440      0.000028      0.000023   WU     0.004792      0.004055
 ( 5   4) <--> ( 6   4)       -0.093827      0.000800      0.000677   WU     0.138699      0.117361
 ( 5   1) <--> ( 7   1)        2.166569      0.426729      0.312935   WU    73.954862     54.233566
 ( 5   1) <--> ( 7   2)       -0.006361      0.000004      0.000003   WU     0.000637      0.000467
 ( 5   1) <--> ( 7   3)        0.092096      0.000771      0.000565   WU     0.133630      0.097995
 ( 5   1) <--> ( 7   4)       -0.009776      0.000009      0.000006   WU     0.001506      0.001104
 ( 5   2) <--> ( 7   1)        0.162190      0.002391      0.001754   WU     0.414446      0.303927
 ( 5   2) <--> ( 7   2)        1.674145      0.254797      0.186851   WU    44.157866     32.382435
 ( 5   2) <--> ( 7   3)        0.270893      0.006671      0.004892   WU     1.156160      0.847850
 ( 5   2) <--> ( 7   4)        0.057222      0.000298      0.000218   WU     0.051588      0.037831
 ( 5   3) <--> ( 7   1)       -0.930680      0.078742      0.057744   WU    13.646542     10.007464
 ( 5   3) <--> ( 7   2)       -0.788319      0.056495      0.041430   WU     9.790972      7.180046
 ( 5   3) <--> ( 7   3)        2.518012      0.576399      0.422692   WU    99.893552     73.255272
 ( 5   3) <--> ( 7   4)        0.051293      0.000239      0.000175   WU     0.041451      0.030397
 ( 5   4) <--> ( 7   1)        0.012095      0.000013      0.000010   WU     0.002305      0.001690
 ( 5   4) <--> ( 7   2)       -0.831032      0.062783      0.046041   WU    10.880718      7.979193
 ( 5   4) <--> ( 7   3)       -0.195787      0.003485      0.002555   WU     0.603932      0.442883
 ( 5   4) <--> ( 7   4)        0.142266      0.001840      0.001349   WU     0.318879      0.233845
 ( 6   1) <--> ( 6   1)       -1.238983     -0.863815   (eb)
 ( 6   2) <--> ( 6   1)       -0.838529      0.054087      0.054087   WU     9.373615      9.373615
 ( 6   2) <--> ( 6   2)       -0.909925     -0.634397   (eb)
 ( 6   3) <--> ( 6   1)        0.157463      0.001907      0.001907   WU     0.330542      0.330542
 ( 6   3) <--> ( 6   2)        0.366460      0.010330      0.010330   WU     1.790294      1.790294
 ( 6   3) <--> ( 6   3)       -1.565080     -1.091169   (eb)
 ( 6   4) <--> ( 6   1)       -0.106404      0.000871      0.000871   WU     0.150935      0.150935
 ( 6   4) <--> ( 6   2)        1.277411      0.125521      0.125521   WU    21.753659     21.753659
 ( 6   4) <--> ( 6   3)       -0.218731      0.003680      0.003680   WU     0.637809      0.637809
 ( 6   4) <--> ( 6   4)       -0.064433     -0.044923   (eb)
 ( 6   1) <--> ( 7   1)        0.001509      0.000000      0.000000   WU     0.000030      0.000026
 ( 6   1) <--> ( 7   2)        0.011132      0.000010      0.000008   WU     0.001652      0.001432
 ( 6   1) <--> ( 7   3)       -0.004007      0.000001      0.000001   WU     0.000214      0.000185
 ( 6   1) <--> ( 7   4)       -0.002385      0.000000      0.000000   WU     0.000076      0.000066
 ( 6   2) <--> ( 7   1)       -1.148522      0.101469      0.087940   WU    17.585294     15.240588
 ( 6   2) <--> ( 7   2)       -0.081751      0.000514      0.000446   WU     0.089095      0.077216
 ( 6   2) <--> ( 7   3)       -0.063178      0.000307      0.000266   WU     0.053210      0.046116
 ( 6   2) <--> ( 7   4)       -0.013761      0.000015      0.000013   WU     0.002524      0.002188
 ( 6   3) <--> ( 7   1)       -0.179946      0.002491      0.002159   WU     0.431675      0.374118
 ( 6   3) <--> ( 7   2)       -0.127110      0.001243      0.001077   WU     0.215393      0.186674
 ( 6   3) <--> ( 7   3)       -0.018246      0.000026      0.000022   WU     0.004438      0.003846
 ( 6   3) <--> ( 7   4)        0.000929      0.000000      0.000000   WU     0.000011      0.000010
 ( 6   4) <--> ( 7   1)        0.188273      0.002727      0.002363   WU     0.472552      0.409545
 ( 6   4) <--> ( 7   2)        1.801941      0.249769      0.216466   WU    43.286493     37.514960
 ( 6   4) <--> ( 7   3)        0.236169      0.004290      0.003718   WU     0.743564      0.644422
 ( 6   4) <--> ( 7   4)       -0.123970      0.001182      0.001025   WU     0.204883      0.177565
 ( 6   1) <--> ( 8   1)        2.458771      0.465043      0.355621   WU    80.594829     61.631340
 ( 6   1) <--> ( 8   2)        0.084633      0.000551      0.000421   WU     0.095487      0.073020
 ( 6   1) <--> ( 8   3)        0.108988      0.000914      0.000699   WU     0.158354      0.121094
 ( 6   1) <--> ( 8   4)        0.013817      0.000015      0.000011   WU     0.002545      0.001946
 ( 6   2) <--> ( 8   1)        0.026919      0.000056      0.000043   WU     0.009660      0.007387
 ( 6   2) <--> ( 8   2)        2.349902      0.424772      0.324826   WU    73.615730     56.294382
 ( 6   2) <--> ( 8   3)        0.502824      0.019449      0.014872   WU     3.370562      2.577488
 ( 6   2) <--> ( 8   4)        0.002875      0.000001      0.000000   WU     0.000110      0.000084
 ( 6   3) <--> ( 8   1)       -1.035077      0.082414      0.063023   WU    14.282894     10.922213
 ( 6   3) <--> ( 8   2)       -0.836555      0.053833      0.041166   WU     9.329545      7.134358
 ( 6   3) <--> ( 8   3)        2.900767      0.647265      0.494968   WU   112.175200     85.781036
 ( 6   3) <--> ( 8   4)        0.086148      0.000571      0.000437   WU     0.098937      0.075658
 ( 6   4) <--> ( 8   1)        0.129966      0.001299      0.000994   WU     0.225179      0.172196
 ( 6   4) <--> ( 8   2)       -0.423454      0.013793      0.010548   WU     2.390475      1.828011
 ( 6   4) <--> ( 8   3)       -0.102375      0.000806      0.000617   WU     0.139720      0.106844
 ( 6   4) <--> ( 8   4)        2.171509      0.362727      0.277380   WU    62.862914     48.071640
 ( 7   1) <--> ( 7   1)       -1.149245     -0.769606   (eb)
 ( 7   2) <--> ( 7   1)       -1.030992      0.070863      0.070863   WU    12.281006     12.281006
 ( 7   2) <--> ( 7   2)       -0.608813     -0.407699   (eb)
 ( 7   3) <--> ( 7   1)       -0.122840      0.001006      0.001006   WU     0.174343      0.174343
 ( 7   3) <--> ( 7   2)        0.815887      0.044378      0.044378   WU     7.691004      7.691004
 ( 7   3) <--> ( 7   3)       -0.990105     -0.663035   (eb)
 ( 7   4) <--> ( 7   1)       -0.032706      0.000071      0.000071   WU     0.012359      0.012359
 ( 7   4) <--> ( 7   2)        1.227833      0.100505      0.100505   WU    17.418154     17.418154
 ( 7   4) <--> ( 7   3)        0.383808      0.009821      0.009821   WU     1.701970      1.701970
 ( 7   4) <--> ( 7   4)        1.373876      0.920032   (eb)
 ( 7   1) <--> ( 8   1)        0.908116      0.054978      0.048510   WU     9.528091      8.407139
 ( 7   1) <--> ( 8   2)       -0.705982      0.033227      0.029318   WU     5.758514      5.081042
 ( 7   1) <--> ( 8   3)       -0.763583      0.038871      0.034298   WU     6.736521      5.943990
 ( 7   1) <--> ( 8   4)        0.540115      0.019448      0.017160   WU     3.370510      2.973980
 ( 7   2) <--> ( 8   1)       -0.070283      0.000329      0.000291   WU     0.057072      0.050358
 ( 7   2) <--> ( 8   2)        0.755180      0.038020      0.033547   WU     6.589075      5.813890
 ( 7   2) <--> ( 8   3)       -0.150201      0.001504      0.001327   WU     0.260658      0.229992
 ( 7   2) <--> ( 8   4)        1.147511      0.087785      0.077458   WU    15.213774     13.423918
 ( 7   3) <--> ( 8   1)        0.068089      0.000309      0.000273   WU     0.053564      0.047263
 ( 7   3) <--> ( 8   2)        0.122386      0.000999      0.000881   WU     0.173056      0.152696
 ( 7   3) <--> ( 8   3)        1.092403      0.079556      0.070197   WU    13.787599     12.165528
 ( 7   3) <--> ( 8   4)       -0.442589      0.013059      0.011523   WU     2.263206      1.996947
 ( 7   4) <--> ( 8   1)       -0.005047      0.000002      0.000001   WU     0.000294      0.000260
 ( 7   4) <--> ( 8   2)        0.015014      0.000015      0.000013   WU     0.002604      0.002298
 ( 7   4) <--> ( 8   3)       -0.014525      0.000014      0.000012   WU     0.002438      0.002151
 ( 7   4) <--> ( 8   4)        0.476139      0.015114      0.013336   WU     2.619329      2.311173
 ( 7   1) <--> ( 9   1)        2.852312      0.542379      0.428194   WU    93.997731     74.208735
 ( 7   1) <--> ( 9   2)        0.177121      0.002091      0.001651   WU     0.362461      0.286153
 ( 7   1) <--> ( 9   3)        0.100441      0.000673      0.000531   WU     0.116559      0.092021
 ( 7   1) <--> ( 9   4)        0.050145      0.000168      0.000132   WU     0.029052      0.022936
 ( 7   2) <--> ( 9   1)        0.483140      0.015562      0.012285   WU     2.696928      2.129154
 ( 7   2) <--> ( 9   2)       -1.341791      0.120027      0.094758   WU    20.801416     16.422170
 ( 7   2) <--> ( 9   3)        2.403927      0.385258      0.304151   WU    66.767612     52.711273
 ( 7   2) <--> ( 9   4)        0.227110      0.003439      0.002715   WU     0.595930      0.470471
 ( 7   3) <--> ( 9   1)       -1.293857      0.111604      0.088109   WU    19.341748     15.269801
 ( 7   3) <--> ( 9   2)        3.227362      0.694391      0.548203   WU   120.342371     95.007135
 ( 7   3) <--> ( 9   3)        1.018749      0.069190      0.054624   WU    11.991062      9.466628
 ( 7   3) <--> ( 9   4)        0.373172      0.009284      0.007329   WU     1.608941      1.270217
 ( 7   4) <--> ( 9   1)        0.064084      0.000274      0.000216   WU     0.047449      0.037459
 ( 7   4) <--> ( 9   2)        0.094459      0.000595      0.000470   WU     0.103087      0.081385
 ( 7   4) <--> ( 9   3)       -0.119911      0.000959      0.000757   WU     0.166126      0.131152
 ( 7   4) <--> ( 9   4)       -1.008789      0.067844      0.053561   WU    11.757751      9.282435
 ( 8   1) <--> ( 8   1)       -1.479921     -0.953359   (eb)
 ( 8   2) <--> ( 8   1)       -0.935976      0.051532      0.051532   WU     8.930902      8.930902
 ( 8   2) <--> ( 8   2)       -1.638601     -1.055580   (eb)
 ( 8   3) <--> ( 8   1)       -0.011289      0.000007      0.000007   WU     0.001299      0.001299
 ( 8   3) <--> ( 8   2)        0.494496      0.014384      0.014384   WU     2.492824      2.492824
 ( 8   3) <--> ( 8   3)       -1.694964     -1.091889   (eb)
 ( 8   4) <--> ( 8   1)       -0.172435      0.001749      0.001749   WU     0.303120      0.303120
 ( 8   4) <--> ( 8   2)        1.429673      0.120233      0.120233   WU    20.837177     20.837177
 ( 8   4) <--> ( 8   3)       -0.180218      0.001910      0.001910   WU     0.331101      0.331101
 ( 8   4) <--> ( 8   4)       -1.514592     -0.975694   (eb)
 ( 8   1) <--> ( 9   1)        0.046488      0.000127      0.000114   WU     0.022032      0.019713
 ( 8   1) <--> ( 9   2)       -0.002095      0.000000      0.000000   WU     0.000045      0.000040
 ( 8   1) <--> ( 9   3)        0.018124      0.000019      0.000017   WU     0.003349      0.002996
 ( 8   1) <--> ( 9   4)        0.004393      0.000001      0.000001   WU     0.000197      0.000176
 ( 8   2) <--> ( 9   1)       -1.059785      0.066067      0.059113   WU    11.449891     10.244639
 ( 8   2) <--> ( 9   2)       -0.056182      0.000186      0.000166   WU     0.032178      0.028791
 ( 8   2) <--> ( 9   3)       -0.030874      0.000056      0.000050   WU     0.009717      0.008694
 ( 8   2) <--> ( 9   4)       -0.021067      0.000026      0.000023   WU     0.004525      0.004048
 ( 8   3) <--> ( 9   1)       -0.473332      0.013179      0.011792   WU     2.284003      2.043582
 ( 8   3) <--> ( 9   2)        0.074245      0.000324      0.000290   WU     0.056196      0.050280
 ( 8   3) <--> ( 9   3)       -0.113076      0.000752      0.000673   WU     0.130349      0.116628
 ( 8   3) <--> ( 9   4)       -0.012264      0.000009      0.000008   WU     0.001533      0.001372
 ( 8   4) <--> ( 9   1)        0.255850      0.003851      0.003445   WU     0.667323      0.597079
 ( 8   4) <--> ( 9   2)       -0.859771      0.043483      0.038906   WU     7.535836      6.742590
 ( 8   4) <--> ( 9   3)        1.460496      0.125474      0.112266   WU    21.745357     19.456372
 ( 8   4) <--> ( 9   4)        0.122443      0.000882      0.000789   WU     0.152839      0.136751
 ( 8   1) <--> (10   1)        3.028820      0.539632      0.436845   WU    93.521725     75.708063
 ( 8   1) <--> (10   2)        0.155937      0.001430      0.001158   WU     0.247893      0.200675
 ( 8   1) <--> (10   3)        0.183453      0.001980      0.001603   WU     0.343097      0.277745
 ( 8   1) <--> (10   4)       -0.067184      0.000266      0.000215   WU     0.046015      0.037251
 ( 8   2) <--> (10   1)        0.334662      0.006588      0.005333   WU     1.141767      0.924288
 ( 8   2) <--> (10   2)       -1.632731      0.156812      0.126943   WU    27.176570     22.000081
 ( 8   2) <--> (10   3)        2.757544      0.447297      0.362097   WU    77.519392     62.753793
 ( 8   2) <--> (10   4)       -0.121704      0.000871      0.000705   WU     0.150999      0.122237
 ( 8   3) <--> (10   1)       -1.371470      0.110643      0.089568   WU    19.175127     15.522722
 ( 8   3) <--> (10   2)        3.340440      0.656385      0.531359   WU   113.755610     92.087875
 ( 8   3) <--> (10   3)        1.342001      0.105939      0.085760   WU    18.359936     14.862806
 ( 8   3) <--> (10   4)       -0.344312      0.006974      0.005645   WU     1.208564      0.978361
 ( 8   4) <--> (10   1)        0.148811      0.001303      0.001055   WU     0.225753      0.182752
 ( 8   4) <--> (10   2)        0.302623      0.005387      0.004361   WU     0.933620      0.755788
 ( 8   4) <--> (10   3)       -0.956650      0.053834      0.043580   WU     9.329779      7.552678
 ( 8   4) <--> (10   4)       -0.910736      0.048791      0.039497   WU     8.455727      6.845112
 ( 9   1) <--> ( 9   1)       -1.559848     -0.968482   (eb)
 ( 9   2) <--> ( 9   1)        0.426034      0.009553      0.009553   WU     1.655580      1.655580
 ( 9   2) <--> ( 9   2)       -1.992790     -1.237288   (eb)
 ( 9   3) <--> ( 9   1)       -1.118267      0.065817      0.065817   WU    11.406490     11.406490
 ( 9   3) <--> ( 9   2)        0.608436      0.019484      0.019484   WU     3.376685      3.376685
 ( 9   3) <--> ( 9   3)       -0.646513     -0.401408   (eb)
 ( 9   4) <--> ( 9   1)       -0.144465      0.001098      0.001098   WU     0.190365      0.190365
 ( 9   4) <--> ( 9   2)       -0.843172      0.037418      0.037418   WU     6.484745      6.484745
 ( 9   4) <--> ( 9   3)       -0.805642      0.034161      0.034161   WU     5.920315      5.920315
 ( 9   4) <--> ( 9   4)        0.671378      0.416846   (eb)
 ( 9   1) <--> (10   1)        1.078150      0.061179      0.055353   WU    10.602759      9.592972
 ( 9   1) <--> (10   2)       -0.438702      0.010129      0.009165   WU     1.755497      1.588307
 ( 9   1) <--> (10   3)       -0.969873      0.049508      0.044793   WU     8.580058      7.762910
 ( 9   1) <--> (10   4)       -0.057257      0.000173      0.000156   WU     0.029903      0.027055
 ( 9   2) <--> (10   1)        0.105313      0.000584      0.000528   WU     0.101164      0.091529
 ( 9   2) <--> (10   2)        1.225431      0.079036      0.071509   WU    13.697407     12.392892
 ( 9   2) <--> (10   3)        0.391018      0.008047      0.007281   WU     1.394614      1.261794
 ( 9   2) <--> (10   4)        1.464745      0.112920      0.102166   WU    19.569744     17.705959
 ( 9   3) <--> (10   1)       -0.052525      0.000145      0.000131   WU     0.025165      0.022768
 ( 9   3) <--> (10   2)       -0.044265      0.000103      0.000093   WU     0.017872      0.016170
 ( 9   3) <--> (10   3)        1.058742      0.058997      0.053378   WU    10.224484      9.250724
 ( 9   3) <--> (10   4)        0.754084      0.029929      0.027078   WU     5.186808      4.692826
 ( 9   4) <--> (10   1)        0.001216      0.000000      0.000000   WU     0.000013      0.000012
 ( 9   4) <--> (10   2)        0.049246      0.000128      0.000115   WU     0.022120      0.020014
 ( 9   4) <--> (10   3)        0.117191      0.000723      0.000654   WU     0.125270      0.113340
 ( 9   4) <--> (10   4)       -1.317355      0.091338      0.082639   WU    15.829478     14.321909
 (10   1) <--> (10   1)       -1.740782     -1.043761   (eb)
 (10   2) <--> (10   1)        0.512161      0.012491      0.012491   WU     2.164752      2.164752
 (10   2) <--> (10   2)       -2.483233     -1.488930   (eb)
 (10   3) <--> (10   1)       -0.904838      0.038987      0.038987   WU     6.756733      6.756733
 (10   3) <--> (10   2)        0.410394      0.008020      0.008020   WU     1.389945      1.389945
 (10   3) <--> (10   3)       -1.695560     -1.016647   (eb)
 (10   4) <--> (10   1)        0.070660      0.000238      0.000238   WU     0.041204      0.041204
 (10   4) <--> (10   2)        0.310504      0.004591      0.004591   WU     0.795662      0.795662
 (10   4) <--> (10   3)       -0.082044      0.000321      0.000321   WU     0.055551      0.055551
 (10   4) <--> (10   4)       -1.556319     -0.933159   (eb)
 
  quadrupole shape invariant: 01+, 02+, 03+, 04+
quadr2     0.60414577     1.05316126     0.97372773     1.74075082
quadr3     0.32692365     0.88712477     0.44603864     2.11166919
  effective deformation parameters:  01+, 02+, 03+, 04+
beteff     0.13433950     0.17737005     0.17054996     0.22803482
cos3ga     0.69619954     0.82080954     0.46421180     0.91943487
 
 ********* END Transition **************************
