 ********* BEGIN READER ****************************
 
 Nucleus            :  Pb  82 122
 Imin, Imax         :     0  10
 imu, remu          :     1 12.0000
 nlevel             :     4
 observables        :     2
 wave fun           :     1
 nbet, ngam, npar   :    10   7  10
 Finish reading parameters: V, B_k ...
 
 ********* END READER ******************************
 
 ********* BEGIN LEVELS ********************
 
 E_0 = -1607.146919
 
  I=   0   ntot= 127
   0   1    0.000000
   0   2    2.604268
   0   3    4.557668
   0   4    5.876759
 
  I=   2   ntot= 234
   2   1    2.029563
   2   2    3.880138
   2   3    4.562125
   2   4    5.764056
 
  I=   3   ntot= 108
   3   1    5.999104
   3   2    7.922250
   3   3    9.612343
   3   4   10.742739
 
  I=   4   ntot= 324
   4   1    3.912241
   4   2    5.535978
   4   3    6.514504
   4   4    7.250650
 
  I=   5   ntot= 198
   5   1    7.796930
   5   2    9.436897
   5   3    9.818669
   5   4   10.979914
 
  I=   6   ntot= 432
   6   1    5.681042
   6   2    7.192742
   6   3    8.287758
   6   4    8.858464
 
  I=   7   ntot= 306
   7   1    9.514758
   7   2   11.038084
   7   3   11.392014
   7   4   12.429618
 
  I=   8   ntot= 522
   8   1    7.404836
   8   2    8.909430
   8   3    9.931697
   8   4   10.533497
 
  I=   9   ntot= 397
   9   1   11.202726
   9   2   12.629956
   9   3   12.868615
   9   4   13.355261
 
  I=  10   ntot= 630
  10   1    9.147621
  10   2   10.691860
  10   3   11.505015
  10   4   12.110465
 
 ********* END LEVELS **********************
 
 ********* BEGIN Transition ************************
 
  Monopole moment 
 
   I   n    <In|E0|In>   ave \beta      del<b>   ave \gamma    del<g>  
     K=0       K=2       K=4   
   0   1     29.727093    0.074131    0.022927   30.606189   10.688339  100.0000    0.0000    0.0000
   0   2     29.880494    0.108157    0.032158   36.335648   10.487995  100.0000    0.0000    0.0000
   0   3     30.022177    0.135387    0.039852   40.978273    8.950159  100.0000    0.0000    0.0000
   0   4     29.966242    0.124077    0.037065   28.778904   11.971999  100.0000    0.0000    0.0000
   2   1     29.816114    0.095257    0.024264   34.144312   10.428876   48.4658   51.5343    0.0000
   2   2     29.927766    0.118046    0.033602   37.593297   10.267400   42.2733   57.7267    0.0000
   2   3     29.924497    0.116480    0.033629   32.074365   11.338186   57.1674   42.8326    0.0000
   2   4     30.080619    0.145511    0.043823   41.037569    9.423425   41.7546   58.2454    0.0000
   3   1     29.977690    0.124524    0.026148   30.152707    8.309962    0.0000  100.0000    0.0000
   3   2     30.147084    0.154718    0.041252   32.908686    8.014604    0.0000  100.0000    0.0000
   3   3     30.310555    0.183183    0.053202   34.547445    7.670230    0.0000  100.0000    0.0000
   3   4     30.305887    0.178060    0.037001   26.709564   10.562172    0.0000  100.0000    0.0000
   4   1     29.923077    0.116237    0.025120   37.463643    9.590194   28.0662   38.0254   33.9084
   4   2     30.040779    0.138529    0.037434   40.948738    9.301576   29.3035   30.3968   40.2998
   4   3     30.018654    0.132681    0.034803   32.228830   11.153886   51.0154   12.3625   36.6221
   4   4     30.152729    0.157222    0.046658   41.399427    9.818303   28.6210   31.9325   39.4465
   5   1     30.093826    0.143695    0.027771   32.191652    8.058560    0.0000   46.2061   53.7939
   5   2     30.236361    0.169276    0.043271   34.475543    7.629699    0.0000   40.1376   59.8624
   5   3     30.232944    0.165821    0.034985   27.809767    7.691791    0.0000   66.2124   33.7876
   5   4     30.405806    0.197972    0.056421   35.157152    7.398657    0.0000   35.6367   64.3633
   6   1     30.033955    0.135741    0.025562   39.931837    9.196872   18.5415   30.5791   23.9235
   6   2     30.133684    0.153871    0.039799   42.426395    9.211116   20.2111   27.6956   21.6999
   6   3     30.137353    0.152002    0.036000   33.445694   10.673644   38.7035   22.8708    7.0739
   6   4     30.241341    0.171028    0.049086   41.933303    9.915205   21.1927   28.5041   18.8494
   7   1     30.210141    0.162293    0.029074   33.691241    7.768135    0.0000   25.4935   43.5937
   7   2     30.352587    0.187800    0.047431   35.420519    7.393089    0.0000   24.6795   41.2037
   7   3     30.370993    0.187780    0.036422   28.177860    7.756945    0.0000   60.2132    5.4559
   7   4     30.604740    0.228530    0.065829   35.069686    7.133468    0.0000   23.6684   42.2521
   8   1     30.137463    0.152704    0.025748   41.592476    8.712721   13.9202   25.0195   20.6012
   8   2     30.221165    0.167368    0.041661   43.199344    9.192063   15.4503   24.8612   18.8808
   8   3     30.255935    0.170545    0.036174   33.394835    9.788668   31.1118   30.5294    7.2497
   8   4     30.344342    0.186782    0.052322   42.772306   10.022310   16.4741   25.2764   17.1981
   9   1     30.323635    0.180101    0.030734   34.490799    7.557528    0.0000   17.1502   34.1825
   9   2     30.512256    0.212767    0.053991   34.470949    7.326268    0.0000   19.6436   36.1117
   9   3     30.492273    0.206733    0.037877   29.104259    8.575581    0.0000   48.8297   12.5291
   9   4     33.477712    0.596961    0.043974    7.627506    5.069140    0.0000   99.8797    0.0650
  10   1     30.229459    0.167017    0.026011   42.565564    8.289951   11.5825   21.5291   18.3362
  10   2     30.314700    0.181291    0.043562   43.595110    8.960013   12.7856   22.3356   17.6960
  10   3     30.372527    0.188631    0.037013   32.674255    9.007157   27.8349   33.8902   10.6316
  10   4     33.481556    0.601804    0.043923    5.014292    6.116479   99.9240    0.0458    0.0053
 
  rho^2(E0) 
 
   I  n_1 n_2  <In_1|E0|In_2>  rho^2(E0) 
   0   1   1       29.727093 2386.165778
   0   2   1        0.079074    0.016884
   0   2   2       29.880494 2410.855997
   0   3   1        0.017557    0.000832
   0   3   2       -0.133544    0.048155
   0   3   3       30.022177 2433.773076
   0   4   1        0.011278    0.000343
   0   4   2        0.029884    0.002411
   0   4   3       -0.079884    0.017231
   0   4   4       29.966242 2424.712768
   2   1   1       29.816114 2400.478359
   2   2   1       -0.086801    0.020344
   2   2   2       29.927766 2418.490138
   2   3   1        0.060327    0.009827
   2   3   2       -0.061371    0.010170
   2   3   3       29.924497 2417.961867
   2   4   1        0.026469    0.001892
   2   4   2        0.140378    0.053210
   2   4   3       -0.067939    0.012463
   2   4   4       30.080619 2443.257652
   3   1   1       29.977690 2426.565650
   3   2   1        0.144508    0.056387
   3   2   2       30.147084 2454.066633
   3   3   1        0.028095    0.002131
   3   3   2       -0.214158    0.123841
   3   3   3       30.310555 2480.752880
   3   4   1        0.023022    0.001431
   3   4   2        0.019669    0.001045
   3   4   3       -0.039303    0.004171
   3   4   4       30.305887 2479.988912
   4   1   1       29.923077 2417.732316
   4   2   1       -0.119756    0.038725
   4   2   2       30.040779 2436.789994
   4   3   1        0.045247    0.005528
   4   3   2       -0.074737    0.015082
   4   3   3       30.018654 2433.201994
   4   4   1        0.030306    0.002480
   4   4   2        0.168120    0.076319
   4   4   3       -0.044740    0.005405
   4   4   4       30.152729 2454.985789
   5   1   1       30.093826 2445.403625
   5   2   1        0.151064    0.061619
   5   2   2       30.236361 2468.622977
   5   3   1        0.058773    0.009327
   5   3   2        0.030643    0.002536
   5   3   3       30.232944 2468.065102
   5   4   1        0.024492    0.001620
   5   4   2       -0.226887    0.139000
   5   4   3       -0.006357    0.000109
   5   4   4       30.405806 2496.368970
   6   1   1       30.033955 2435.683056
   6   2   1       -0.138035    0.051448
   6   2   2       30.133684 2451.885473
   6   3   1        0.045291    0.005539
   6   3   2       -0.081123    0.017770
   6   3   3       30.137353 2452.482591
   6   4   1       -0.026437    0.001887
   6   4   2       -0.188890    0.096342
   6   4   3        0.032629    0.002875
   6   4   4       30.241341 2469.436275
   7   1   1       30.210141 2464.343511
   7   2   1       -0.170082    0.078111
   7   2   2       30.352587 2487.637793
   7   3   1        0.045879    0.005684
   7   3   2       -0.032212    0.002802
   7   3   3       30.370993 2490.655714
   7   4   1       -0.023078    0.001438
   7   4   2       -0.255841    0.176741
   7   4   3        0.024506    0.001622
   7   4   4       30.604740 2529.141400
   8   1   1       30.137463 2452.500458
   8   2   1       -0.149517    0.060364
   8   2   2       30.221165 2466.142314
   8   3   1        0.050315    0.006836
   8   3   2       -0.074125    0.014836
   8   3   3       30.255935 2471.820287
   8   4   1       -0.017789    0.000855
   8   4   2       -0.211253    0.120504
   8   4   3        0.022765    0.001399
   8   4   4       30.344342 2486.286494
   9   1   1       30.323635 2482.894476
   9   2   1       -0.189375    0.096837
   9   2   2       30.512256 2513.878913
   9   3   1        0.006444    0.000112
   9   3   2       -0.039802    0.004278
   9   3   3       30.492273 2510.587369
   9   4   1       -0.000998    0.000003
   9   4   2       -0.006773    0.000124
   9   4   3        0.007950    0.000171
   9   4   4       33.477712 3026.267115
  10   1   1       30.229459 2467.496041
  10   2   1       -0.159108    0.068356
  10   2   2       30.314700 2481.431488
  10   3   1        0.051270    0.007098
  10   3   2       -0.065871    0.011716
  10   3   3       30.372527 2490.907392
  10   4   1        0.000269    0.000000
  10   4   2        0.001018    0.000003
  10   4   3       -0.001773    0.000008
  10   4   4       33.481556 3026.962208
 
  E2 transition 
 
  I1  n1        I2  n2       <f||E2||i>   B(E2,I1->I2)  B(E2,I2->I1)
 ( 0   1) <--> ( 2   1)        0.570544      0.325521      0.065104   WU    45.633661      9.126732
 ( 0   1) <--> ( 2   2)        0.203854      0.041556      0.008311   WU     5.825655      1.165131
 ( 0   1) <--> ( 2   3)        0.129472      0.016763      0.003353   WU     2.349950      0.469990
 ( 0   1) <--> ( 2   4)       -0.031724      0.001006      0.000201   WU     0.141088      0.028218
 ( 0   2) <--> ( 2   1)        0.497350      0.247357      0.049471   WU    34.676117      6.935223
 ( 0   2) <--> ( 2   2)       -0.452219      0.204502      0.040900   WU    28.668419      5.733684
 ( 0   2) <--> ( 2   3)        0.552808      0.305597      0.061119   WU    42.840596      8.568119
 ( 0   2) <--> ( 2   4)        0.254867      0.064957      0.012991   WU     9.106143      1.821229
 ( 0   3) <--> ( 2   1)        0.001092      0.000001      0.000000   WU     0.000167      0.000033
 ( 0   3) <--> ( 2   2)        0.606551      0.367904      0.073581   WU    51.575156     10.315031
 ( 0   3) <--> ( 2   3)       -0.422521      0.178524      0.035705   WU    25.026618      5.005324
 ( 0   3) <--> ( 2   4)        0.631027      0.398195      0.079639   WU    55.821560     11.164312
 ( 0   4) <--> ( 2   1)        0.026433      0.000699      0.000140   WU     0.097951      0.019590
 ( 0   4) <--> ( 2   2)        0.197183      0.038881      0.007776   WU     5.450603      1.090121
 ( 0   4) <--> ( 2   3)        0.536047      0.287346      0.057469   WU    40.282060      8.056412
 ( 0   4) <--> ( 2   4)       -0.185964      0.034583      0.006917   WU     4.848042      0.969608
 ( 2   1) <--> ( 2   1)        0.391724      0.296900   (eb)
 ( 2   2) <--> ( 2   1)       -0.673801      0.090801      0.090801   WU    12.729154     12.729154
 ( 2   2) <--> ( 2   2)        0.584002      0.442634   (eb)
 ( 2   3) <--> ( 2   1)       -0.568752      0.064696      0.064696   WU     9.069487      9.069487
 ( 2   3) <--> ( 2   2)       -0.551896      0.060918      0.060918   WU     8.539876      8.539876
 ( 2   3) <--> ( 2   3)       -0.286210     -0.216928   (eb)
 ( 2   4) <--> ( 2   1)       -0.038467      0.000296      0.000296   WU     0.041487      0.041487
 ( 2   4) <--> ( 2   2)        0.332353      0.022092      0.022092   WU     3.096960      3.096960
 ( 2   4) <--> ( 2   3)       -0.698415      0.097557      0.097557   WU    13.676161     13.676161
 ( 2   4) <--> ( 2   4)        0.834063      0.632164   (eb)
 ( 2   1) <--> ( 3   1)        0.443327      0.039308      0.028077   WU     5.510423      3.936017
 ( 2   1) <--> ( 3   2)       -0.112356      0.002525      0.001803   WU     0.353941      0.252815
 ( 2   1) <--> ( 3   3)       -0.046832      0.000439      0.000313   WU     0.061494      0.043924
 ( 2   1) <--> ( 3   4)       -0.047032      0.000442      0.000316   WU     0.062019      0.044299
 ( 2   2) <--> ( 3   1)       -0.932130      0.173773      0.124124   WU    24.360682     17.400487
 ( 2   2) <--> ( 3   2)       -0.239360      0.011459      0.008185   WU     1.606347      1.147390
 ( 2   2) <--> ( 3   3)       -0.105372      0.002221      0.001586   WU     0.311307      0.222362
 ( 2   2) <--> ( 3   4)        0.123094      0.003030      0.002165   WU     0.424826      0.303447
 ( 2   3) <--> ( 3   1)       -0.663128      0.087948      0.062820   WU    12.329110      8.806507
 ( 2   3) <--> ( 3   2)        0.458915      0.042121      0.030086   WU     5.904734      4.217667
 ( 2   3) <--> ( 3   3)        0.113960      0.002597      0.001855   WU     0.364119      0.260085
 ( 2   3) <--> ( 3   4)       -0.075770      0.001148      0.000820   WU     0.160963      0.114974
 ( 2   4) <--> ( 3   1)       -0.364238      0.026534      0.018953   WU     3.719701      2.656929
 ( 2   4) <--> ( 3   2)       -0.845772      0.143066      0.102190   WU    20.055926     14.325662
 ( 2   4) <--> ( 3   3)        0.254515      0.012956      0.009254   WU     1.816204      1.297289
 ( 2   4) <--> ( 3   4)        0.233072      0.010865      0.007760   WU     1.523059      1.087899
 ( 2   1) <--> ( 4   1)        1.183102      0.279946      0.155525   WU    39.244662     21.802590
 ( 2   1) <--> ( 4   2)        0.319007      0.020353      0.011307   WU     2.853226      1.585126
 ( 2   1) <--> ( 4   3)        0.232975      0.010855      0.006031   WU     1.521793      0.845441
 ( 2   1) <--> ( 4   4)       -0.033660      0.000227      0.000126   WU     0.031766      0.017648
 ( 2   2) <--> ( 4   1)       -0.708599      0.100422      0.055790   WU    14.077875      7.821042
 ( 2   2) <--> ( 4   2)        1.123356      0.252386      0.140214   WU    35.381117     19.656176
 ( 2   2) <--> ( 4   3)        0.123269      0.003039      0.001688   WU     0.426036      0.236687
 ( 2   2) <--> ( 4   4)       -0.347939      0.024212      0.013451   WU     3.394250      1.885694
 ( 2   3) <--> ( 4   1)        0.573058      0.065679      0.036488   WU     9.207317      5.115176
 ( 2   3) <--> ( 4   2)       -0.490801      0.048177      0.026765   WU     6.753787      3.752104
 ( 2   3) <--> ( 4   3)        1.198476      0.287269      0.159594   WU    40.271253     22.372918
 ( 2   3) <--> ( 4   4)        0.272579      0.014860      0.008256   WU     2.083161      1.157312
 ( 2   4) <--> ( 4   1)        0.027291      0.000149      0.000083   WU     0.020881      0.011601
 ( 2   4) <--> ( 4   2)        1.112007      0.247312      0.137396   WU    34.669823     19.261013
 ( 2   4) <--> ( 4   3)       -0.334338      0.022356      0.012420   WU     3.134064      1.741147
 ( 2   4) <--> ( 4   4)        1.229507      0.302337      0.167965   WU    42.383646     23.546470
 ( 3   1) <--> ( 3   1)        0.000000      0.000000   (eb)
 ( 3   2) <--> ( 3   1)        0.000000      0.000000      0.000000   WU     0.000000      0.000000
 ( 3   2) <--> ( 3   2)        0.000000      0.000000   (eb)
 ( 3   3) <--> ( 3   1)        0.000000      0.000000      0.000000   WU     0.000000      0.000000
 ( 3   3) <--> ( 3   2)        0.000000      0.000000      0.000000   WU     0.000000      0.000000
 ( 3   3) <--> ( 3   3)        0.000000      0.000000   (eb)
 ( 3   4) <--> ( 3   1)        0.000000      0.000000      0.000000   WU     0.000000      0.000000
 ( 3   4) <--> ( 3   2)        0.000000      0.000000      0.000000   WU     0.000000      0.000000
 ( 3   4) <--> ( 3   3)        0.000000      0.000000      0.000000   WU     0.000000      0.000000
 ( 3   4) <--> ( 3   4)        0.000000      0.000000   (eb)
 ( 3   1) <--> ( 4   1)        0.732221      0.076593      0.059572   WU    10.737256      8.351199
 ( 3   1) <--> ( 4   2)        0.103753      0.001538      0.001196   WU     0.215581      0.167674
 ( 3   1) <--> ( 4   3)        0.757600      0.081994      0.063773   WU    11.494461      8.940136
 ( 3   1) <--> ( 4   4)        0.521228      0.038811      0.030187   WU     5.440818      4.231747
 ( 3   2) <--> ( 4   1)        0.002241      0.000001      0.000001   WU     0.000101      0.000078
 ( 3   2) <--> ( 4   2)       -0.585398      0.048956      0.038077   WU     6.862961      5.337859
 ( 3   2) <--> ( 4   3)        0.585557      0.048982      0.038097   WU     6.866678      5.340750
 ( 3   2) <--> ( 4   4)        0.346052      0.017107      0.013306   WU     2.398233      1.865292
 ( 3   3) <--> ( 4   1)        0.009489      0.000013      0.000010   WU     0.001803      0.001402
 ( 3   3) <--> ( 4   2)       -0.040336      0.000232      0.000181   WU     0.032584      0.025343
 ( 3   3) <--> ( 4   3)       -0.082681      0.000977      0.000760   WU     0.136905      0.106481
 ( 3   3) <--> ( 4   4)        0.563594      0.045377      0.035293   WU     6.361243      4.947634
 ( 3   4) <--> ( 4   1)       -0.067844      0.000658      0.000511   WU     0.092180      0.071695
 ( 3   4) <--> ( 4   2)        0.137894      0.002716      0.002113   WU     0.380799      0.296177
 ( 3   4) <--> ( 4   3)       -0.034539      0.000170      0.000133   WU     0.023891      0.018582
 ( 3   4) <--> ( 4   4)        0.134725      0.002593      0.002017   WU     0.363499      0.282721
 ( 3   1) <--> ( 5   1)        1.467116      0.307490      0.195675   WU    43.105993     27.431086
 ( 3   1) <--> ( 5   2)       -0.427690      0.026131      0.016629   WU     3.663253      2.331161
 ( 3   1) <--> ( 5   3)        0.485980      0.033739      0.021471   WU     4.729819      3.009885
 ( 3   1) <--> ( 5   4)       -0.133861      0.002560      0.001629   WU     0.358851      0.228359
 ( 3   2) <--> ( 5   1)        0.914633      0.119508      0.076050   WU    16.753383     10.661243
 ( 3   2) <--> ( 5   2)        1.320112      0.248957      0.158427   WU    34.900394     22.209342
 ( 3   2) <--> ( 5   3)        1.029438      0.151392      0.096340   WU    21.223098     13.505608
 ( 3   2) <--> ( 5   4)        0.485195      0.033631      0.021401   WU     4.714560      3.000174
 ( 3   3) <--> ( 5   1)       -0.027814      0.000111      0.000070   WU     0.015493      0.009859
 ( 3   3) <--> ( 5   2)       -1.156344      0.191019      0.121557   WU    26.778269     17.040716
 ( 3   3) <--> ( 5   3)       -0.673082      0.064720      0.041185   WU     9.072853      5.773634
 ( 3   3) <--> ( 5   4)        1.282917      0.235125      0.149625   WU    32.961411     20.975443
 ( 3   4) <--> ( 5   1)        0.012761      0.000023      0.000015   WU     0.003261      0.002075
 ( 3   4) <--> ( 5   2)       -0.268658      0.010311      0.006562   WU     1.445472      0.919846
 ( 3   4) <--> ( 5   3)        0.997888      0.142254      0.090525   WU    19.942141     12.690454
 ( 3   4) <--> ( 5   4)       -0.004141      0.000002      0.000002   WU     0.000343      0.000219
 ( 4   1) <--> ( 4   1)        0.767522      0.578785   (eb)
 ( 4   2) <--> ( 4   1)       -0.683695      0.051938      0.051938   WU     7.280967      7.280967
 ( 4   2) <--> ( 4   2)        1.125764      0.848933   (eb)
 ( 4   3) <--> ( 4   1)       -0.840038      0.078407      0.078407   WU    10.991615     10.991615
 ( 4   3) <--> ( 4   2)       -0.365172      0.014817      0.014817   WU     2.077102      2.077102
 ( 4   3) <--> ( 4   3)        0.077560      0.058487   (eb)
 ( 4   4) <--> ( 4   1)       -0.193618      0.004165      0.004165   WU     0.583921      0.583921
 ( 4   4) <--> ( 4   2)        0.705518      0.055306      0.055306   WU     7.753177      7.753177
 ( 4   4) <--> ( 4   3)       -0.552144      0.033874      0.033874   WU     4.748640      4.748640
 ( 4   4) <--> ( 4   4)        1.214184      0.915610   (eb)
 ( 4   1) <--> ( 5   1)        0.641237      0.045687      0.037380   WU     6.404730      5.240234
 ( 4   1) <--> ( 5   2)       -0.142131      0.002245      0.001836   WU     0.314659      0.257448
 ( 4   1) <--> ( 5   3)       -0.087845      0.000857      0.000702   WU     0.120197      0.098343
 ( 4   1) <--> ( 5   4)       -0.046096      0.000236      0.000193   WU     0.033097      0.027079
 ( 4   2) <--> ( 5   1)       -0.739525      0.060766      0.049718   WU     8.518632      6.969790
 ( 4   2) <--> ( 5   2)       -0.523513      0.030452      0.024915   WU     4.268923      3.492755
 ( 4   2) <--> ( 5   3)        0.095933      0.001023      0.000837   WU     0.143352      0.117288
 ( 4   2) <--> ( 5   4)       -0.207699      0.004793      0.003922   WU     0.671944      0.549772
 ( 4   3) <--> ( 5   1)       -0.718217      0.057315      0.046894   WU     8.034806      6.573932
 ( 4   3) <--> ( 5   2)        0.309477      0.010642      0.008707   WU     1.491833      1.220591
 ( 4   3) <--> ( 5   3)        0.616130      0.042180      0.034511   WU     5.913013      4.837919
 ( 4   3) <--> ( 5   4)       -0.019484      0.000042      0.000035   WU     0.005913      0.004838
 ( 4   4) <--> ( 5   1)       -0.453111      0.022812      0.018665   WU     3.197968      2.616519
 ( 4   4) <--> ( 5   2)       -0.928411      0.095772      0.078359   WU    13.425932     10.984853
 ( 4   4) <--> ( 5   3)        0.248449      0.006859      0.005612   WU     0.961473      0.786660
 ( 4   4) <--> ( 5   4)        0.373078      0.015465      0.012653   WU     2.168026      1.773839
 ( 4   1) <--> ( 6   1)        1.882651      0.393820      0.272644   WU    55.208239     38.221089
 ( 4   1) <--> ( 6   2)        0.442305      0.021737      0.015049   WU     3.047248      2.109633
 ( 4   1) <--> ( 6   3)        0.312227      0.010832      0.007499   WU     1.518463      1.051244
 ( 4   1) <--> ( 6   4)        0.028505      0.000090      0.000063   WU     0.012656      0.008762
 ( 4   2) <--> ( 6   1)       -1.077827      0.129079      0.089362   WU    18.095146     12.527409
 ( 4   2) <--> ( 6   2)        1.849856      0.380219      0.263228   WU    53.301554     36.901076
 ( 4   2) <--> ( 6   3)        0.062974      0.000441      0.000305   WU     0.061771      0.042764
 ( 4   2) <--> ( 6   4)        0.492251      0.026923      0.018639   WU     3.774301      2.612977
 ( 4   3) <--> ( 6   1)        0.616866      0.042280      0.029271   WU     5.927138      4.103403
 ( 4   3) <--> ( 6   2)       -0.533646      0.031642      0.021906   WU     4.435783      3.070927
 ( 4   3) <--> ( 6   3)        1.985119      0.437855      0.303131   WU    61.381476     42.494868
 ( 4   3) <--> ( 6   4)       -0.226085      0.005679      0.003932   WU     0.796170      0.551195
 ( 4   4) <--> ( 6   1)        0.127277      0.001800      0.001246   WU     0.252325      0.174687
 ( 4   4) <--> ( 6   2)        1.401467      0.218234      0.151085   WU    30.593534     21.180139
 ( 4   4) <--> ( 6   3)       -0.122545      0.001669      0.001155   WU     0.233913      0.161940
 ( 4   4) <--> ( 6   4)       -1.939151      0.417812      0.289254   WU    58.571655     40.549607
 ( 5   1) <--> ( 5   1)        0.577794      0.419552   (eb)
 ( 5   2) <--> ( 5   1)        0.567536      0.029282      0.029282   WU     4.104888      4.104888
 ( 5   2) <--> ( 5   2)        0.868815      0.630870   (eb)
 ( 5   3) <--> ( 5   1)       -1.008272      0.092419      0.092419   WU    12.955949     12.955949
 ( 5   3) <--> ( 5   2)        0.070294      0.000449      0.000449   WU     0.062973      0.062973
 ( 5   3) <--> ( 5   3)       -0.940403     -0.682852   (eb)
 ( 5   4) <--> ( 5   1)        0.043806      0.000174      0.000174   WU     0.024456      0.024456
 ( 5   4) <--> ( 5   2)       -0.647165      0.038075      0.038075   WU     5.337568      5.337568
 ( 5   4) <--> ( 5   3)       -0.406766      0.015042      0.015042   WU     2.108642      2.108642
 ( 5   4) <--> ( 5   4)        1.114631      0.809363   (eb)
 ( 5   1) <--> ( 6   1)        1.012362      0.093171      0.078837   WU    13.061274     11.051847
 ( 5   1) <--> ( 6   2)        0.073233      0.000488      0.000413   WU     0.068347      0.057832
 ( 5   1) <--> ( 6   3)        0.964265      0.084528      0.071524   WU    11.849677     10.026649
 ( 5   1) <--> ( 6   4)       -0.519266      0.024513      0.020741   WU     3.436325      2.907660
 ( 5   2) <--> ( 6   1)        0.029540      0.000079      0.000067   WU     0.011121      0.009410
 ( 5   2) <--> ( 6   2)       -0.915790      0.076243      0.064513   WU    10.688219      9.043878
 ( 5   2) <--> ( 6   3)        0.434108      0.017132      0.014496   WU     2.401654      2.032169
 ( 5   2) <--> ( 6   4)       -0.168384      0.002578      0.002181   WU     0.361338      0.305748
 ( 5   3) <--> ( 6   1)       -0.092470      0.000777      0.000658   WU     0.108973      0.092208
 ( 5   3) <--> ( 6   2)       -0.082260      0.000615      0.000521   WU     0.086237      0.072969
 ( 5   3) <--> ( 6   3)        0.777006      0.054885      0.046441   WU     7.694191      6.510470
 ( 5   3) <--> ( 6   4)       -0.256375      0.005975      0.005056   WU     0.837657      0.708787
 ( 5   4) <--> ( 6   1)        0.029021      0.000077      0.000065   WU     0.010733      0.009082
 ( 5   4) <--> ( 6   2)       -0.058945      0.000316      0.000267   WU     0.044279      0.037467
 ( 5   4) <--> ( 6   3)       -0.206256      0.003867      0.003272   WU     0.542159      0.458750
 ( 5   4) <--> ( 6   4)       -0.860413      0.067301      0.056947   WU     9.434704      7.983211
 ( 5   1) <--> ( 7   1)        2.350536      0.502274      0.368335   WU    70.412155     51.635580
 ( 5   1) <--> ( 7   2)        0.474329      0.020453      0.014999   WU     2.867304      2.102690
 ( 5   1) <--> ( 7   3)        0.499083      0.022644      0.016606   WU     3.174382      2.327880
 ( 5   1) <--> ( 7   4)        0.117105      0.001247      0.000914   WU     0.174769      0.128164
 ( 5   2) <--> ( 7   1)        1.197468      0.130357      0.095595   WU    18.274355     13.401193
 ( 5   2) <--> ( 7   2)       -2.302863      0.482107      0.353545   WU    67.584963     49.562306
 ( 5   2) <--> ( 7   3)        0.241104      0.005285      0.003875   WU     0.740838      0.543281
 ( 5   2) <--> ( 7   4)       -0.503024      0.023003      0.016869   WU     3.224715      2.364791
 ( 5   3) <--> ( 7   1)        0.561649      0.028677      0.021030   WU     4.020171      2.948126
 ( 5   3) <--> ( 7   2)       -0.494491      0.022229      0.016301   WU     3.116236      2.285240
 ( 5   3) <--> ( 7   3)        2.307319      0.483975      0.354915   WU    67.846788     49.754311
 ( 5   3) <--> ( 7   4)       -0.167576      0.002553      0.001872   WU     0.357881      0.262446
 ( 5   4) <--> ( 7   1)       -0.019439      0.000034      0.000025   WU     0.004816      0.003532
 ( 5   4) <--> ( 7   2)        1.664761      0.251948      0.184762   WU    35.319733     25.901138
 ( 5   4) <--> ( 7   3)       -0.104033      0.000984      0.000722   WU     0.137929      0.101148
 ( 5   4) <--> ( 7   4)       -2.388416      0.518594      0.380302   WU    72.699903     53.313262
 ( 6   1) <--> ( 6   1)        1.202058      0.838071   (eb)
 ( 6   2) <--> ( 6   1)       -0.753282      0.043649      0.043649   WU     6.118966      6.118966
 ( 6   2) <--> ( 6   2)        1.503075      1.047940   (eb)
 ( 6   3) <--> ( 6   1)       -1.054694      0.085568      0.085568   WU    11.995444     11.995444
 ( 6   3) <--> ( 6   2)       -0.310847      0.007433      0.007433   WU     1.041971      1.041971
 ( 6   3) <--> ( 6   3)        0.422420      0.294510   (eb)
 ( 6   4) <--> ( 6   1)        0.300742      0.006957      0.006957   WU     0.975327      0.975327
 ( 6   4) <--> ( 6   2)       -0.863230      0.057320      0.057320   WU     8.035565      8.035565
 ( 6   4) <--> ( 6   3)        0.573398      0.025291      0.025291   WU     3.545482      3.545482
 ( 6   4) <--> ( 6   4)        1.588286      1.107349   (eb)
 ( 6   1) <--> ( 7   1)        0.817057      0.051353      0.044506   WU     7.198938      6.239079
 ( 6   1) <--> ( 7   2)        0.192521      0.002851      0.002471   WU     0.399685      0.346394
 ( 6   1) <--> ( 7   3)       -0.134756      0.001397      0.001211   WU     0.195820      0.169711
 ( 6   1) <--> ( 7   4)        0.054551      0.000229      0.000198   WU     0.032090      0.027811
 ( 6   2) <--> ( 7   1)       -0.682721      0.035854      0.031074   WU     5.026314      4.356139
 ( 6   2) <--> ( 7   2)        0.652797      0.032780      0.028410   WU     4.595357      3.982643
 ( 6   2) <--> ( 7   3)        0.216020      0.003590      0.003111   WU     0.503213      0.436118
 ( 6   2) <--> ( 7   4)        0.289003      0.006425      0.005568   WU     0.900677      0.780587
 ( 6   3) <--> ( 7   1)       -0.654912      0.032993      0.028594   WU     4.625180      4.008489
 ( 6   3) <--> ( 7   2)       -0.370545      0.010562      0.009154   WU     1.480629      1.283212
 ( 6   3) <--> ( 7   3)        0.755631      0.043921      0.038065   WU     6.157192      5.336233
 ( 6   3) <--> ( 7   4)        0.004372      0.000001      0.000001   WU     0.000206      0.000179
 ( 6   4) <--> ( 7   1)        0.468995      0.016920      0.014664   WU     2.371919      2.055663
 ( 6   4) <--> ( 7   2)       -0.898099      0.062045      0.053772   WU     8.697844      7.538131
 ( 6   4) <--> ( 7   3)       -0.420100      0.013576      0.011766   WU     1.903127      1.649377
 ( 6   4) <--> ( 7   4)        0.409387      0.012892      0.011173   WU     1.807307      1.566333
 ( 6   1) <--> ( 8   1)        2.632823      0.533212      0.407751   WU    74.749226     57.161173
 ( 6   1) <--> ( 8   2)        0.518675      0.020694      0.015825   WU     2.901045      2.218446
 ( 6   1) <--> ( 8   3)        0.370625      0.010566      0.008080   WU     1.481263      1.132730
 ( 6   1) <--> ( 8   4)        0.040009      0.000123      0.000094   WU     0.017262      0.013200
 ( 6   2) <--> ( 8   1)       -1.274770      0.125003      0.095590   WU    17.523742     13.400508
 ( 6   2) <--> ( 8   2)        2.571287      0.508578      0.388913   WU    71.295887     54.520384
 ( 6   2) <--> ( 8   3)        0.038094      0.000112      0.000085   WU     0.015649      0.011967
 ( 6   2) <--> ( 8   4)        0.569172      0.024920      0.019056   WU     3.493416      2.671436
 ( 6   3) <--> ( 8   1)        0.725275      0.040463      0.030943   WU     5.672431      4.337741
 ( 6   3) <--> ( 8   2)       -0.602911      0.027962      0.021382   WU     3.919850      2.997532
 ( 6   3) <--> ( 8   3)        2.905325      0.649301      0.496524   WU    91.023348     69.606090
 ( 6   3) <--> ( 8   4)       -0.071158      0.000389      0.000298   WU     0.054602      0.041755
 ( 6   4) <--> ( 8   1)       -0.185565      0.002649      0.002026   WU     0.371327      0.283956
 ( 6   4) <--> ( 8   2)       -1.626346      0.203462      0.155588   WU    28.522611     21.811408
 ( 6   4) <--> ( 8   3)       -0.169510      0.002210      0.001690   WU     0.309853      0.236947
 ( 6   4) <--> ( 8   4)        2.684632      0.554404      0.423956   WU    77.719967     59.432916
 ( 7   1) <--> ( 7   1)        0.993509      0.665315   (eb)
 ( 7   2) <--> ( 7   1)       -0.576549      0.022161      0.022161   WU     3.106615      3.106615
 ( 7   2) <--> ( 7   2)        1.312059      0.878636   (eb)
 ( 7   3) <--> ( 7   1)       -1.396691      0.130050      0.130050   WU    18.231234     18.231234
 ( 7   3) <--> ( 7   2)        0.360283      0.008654      0.008654   WU     1.213121      1.213121
 ( 7   3) <--> ( 7   3)       -0.550502     -0.368650   (eb)
 ( 7   4) <--> ( 7   1)       -0.004210      0.000001      0.000001   WU     0.000166      0.000166
 ( 7   4) <--> ( 7   2)       -0.632239      0.026648      0.026648   WU     3.735755      3.735755
 ( 7   4) <--> ( 7   3)        0.211240      0.002975      0.002975   WU     0.417029      0.417029
 ( 7   4) <--> ( 7   4)        1.608822      1.077367   (eb)
 ( 7   1) <--> ( 8   1)        1.240864      0.102649      0.090573   WU    14.390084     12.697133
 ( 7   1) <--> ( 8   2)        0.016980      0.000019      0.000017   WU     0.002695      0.002378
 ( 7   1) <--> ( 8   3)        1.153519      0.088707      0.078271   WU    12.435535     10.972530
 ( 7   1) <--> ( 8   4)       -0.420273      0.011775      0.010390   WU     1.650741      1.456536
 ( 7   2) <--> ( 8   1)        0.003328      0.000001      0.000001   WU     0.000104      0.000091
 ( 7   2) <--> ( 8   2)        1.181549      0.093071      0.082121   WU    13.047248     11.512278
 ( 7   2) <--> ( 8   3)       -0.548032      0.020023      0.017667   WU     2.806901      2.476677
 ( 7   2) <--> ( 8   4)       -0.037827      0.000095      0.000084   WU     0.013373      0.011800
 ( 7   3) <--> ( 8   1)       -0.178099      0.002115      0.001866   WU     0.296442      0.261567
 ( 7   3) <--> ( 8   2)        0.091981      0.000564      0.000498   WU     0.079070      0.069768
 ( 7   3) <--> ( 8   3)        1.015348      0.068729      0.060643   WU     9.634862      8.501349
 ( 7   3) <--> ( 8   4)       -0.325679      0.007071      0.006239   WU     0.991276      0.874655
 ( 7   4) <--> ( 8   1)       -0.034663      0.000080      0.000071   WU     0.011229      0.009908
 ( 7   4) <--> ( 8   2)        0.158078      0.001666      0.001470   WU     0.233538      0.206063
 ( 7   4) <--> ( 8   3)        0.189844      0.002403      0.002120   WU     0.336830      0.297203
 ( 7   4) <--> ( 8   4)        1.104154      0.081277      0.071715   WU    11.393967     10.053500
 ( 7   1) <--> ( 9   1)        3.244336      0.701715      0.553985   WU    98.370996     77.661313
 ( 7   1) <--> ( 9   2)        0.418499      0.011676      0.009218   WU     1.636834      1.292237
 ( 7   1) <--> ( 9   3)        0.544132      0.019739      0.015583   WU     2.767095      2.184549
 ( 7   1) <--> ( 9   4)       -0.002205      0.000000      0.000000   WU     0.000045      0.000036
 ( 7   2) <--> ( 9   1)       -1.524625      0.154965      0.122341   WU    21.724074     17.150585
 ( 7   2) <--> ( 9   2)        3.254031      0.705914      0.557301   WU    98.959754     78.126122
 ( 7   2) <--> ( 9   3)        0.420677      0.011798      0.009314   WU     1.653913      1.305721
 ( 7   2) <--> ( 9   4)        0.009329      0.000006      0.000005   WU     0.000813      0.000642
 ( 7   3) <--> ( 9   1)        0.683557      0.031150      0.024592   WU     4.366811      3.447482
 ( 7   3) <--> ( 9   2)       -1.114375      0.082789      0.065360   WU    11.605870      9.162529
 ( 7   3) <--> ( 9   3)        3.361256      0.753203      0.594634   WU   105.588925     83.359677
 ( 7   3) <--> ( 9   4)       -0.007161      0.000003      0.000003   WU     0.000479      0.000378
 ( 7   4) <--> ( 9   1)        0.034095      0.000077      0.000061   WU     0.010864      0.008577
 ( 7   4) <--> ( 9   2)       -2.419142      0.390150      0.308013   WU    54.693786     43.179305
 ( 7   4) <--> ( 9   3)       -0.164421      0.001802      0.001423   WU     0.252656      0.199465
 ( 7   4) <--> ( 9   4)        0.076917      0.000394      0.000311   WU     0.055292      0.043652
 ( 8   1) <--> ( 8   1)        1.621949      1.044853   (eb)
 ( 8   2) <--> ( 8   1)       -0.802038      0.037839      0.037839   WU     5.304537      5.304537
 ( 8   2) <--> ( 8   2)        1.820660      1.172862   (eb)
 ( 8   3) <--> ( 8   1)       -1.249144      0.091786      0.091786   WU    12.867167     12.867167
 ( 8   3) <--> ( 8   2)       -0.228834      0.003080      0.003080   WU     0.431815      0.431815
 ( 8   3) <--> ( 8   3)        0.497348      0.320390   (eb)
 ( 8   4) <--> ( 8   1)        0.309566      0.005637      0.005637   WU     0.790248      0.790248
 ( 8   4) <--> ( 8   2)       -0.976479      0.056089      0.056089   WU     7.862916      7.862916
 ( 8   4) <--> ( 8   3)        0.575623      0.019491      0.019491   WU     2.732339      2.732339
 ( 8   4) <--> ( 8   4)        1.995952      1.285784   (eb)
 ( 8   1) <--> ( 9   1)        0.952523      0.053371      0.047753   WU     7.481850      6.694287
 ( 8   1) <--> ( 9   2)        0.284878      0.004774      0.004271   WU     0.669231      0.598786
 ( 8   1) <--> ( 9   3)       -0.157808      0.001465      0.001311   WU     0.205359      0.183742
 ( 8   1) <--> ( 9   4)        0.001951      0.000000      0.000000   WU     0.000031      0.000028
 ( 8   2) <--> ( 9   1)       -0.662584      0.025825      0.023106   WU     3.620253      3.239174
 ( 8   2) <--> ( 9   2)        0.644925      0.024466      0.021891   WU     3.429862      3.068823
 ( 8   2) <--> ( 9   3)        0.457049      0.012288      0.010994   WU     1.722593      1.541268
 ( 8   2) <--> ( 9   4)        0.003134      0.000001      0.000001   WU     0.000081      0.000072
 ( 8   3) <--> ( 9   1)       -0.520627      0.015944      0.014266   WU     2.235174      1.999892
 ( 8   3) <--> ( 9   2)       -0.519341      0.015866      0.014196   WU     2.224147      1.990027
 ( 8   3) <--> ( 9   3)        0.751690      0.033238      0.029739   WU     4.659461      4.168991
 ( 8   3) <--> ( 9   4)       -0.006963      0.000003      0.000003   WU     0.000400      0.000358
 ( 8   4) <--> ( 9   1)        0.451185      0.011975      0.010714   WU     1.678673      1.501971
 ( 8   4) <--> ( 9   2)       -0.830928      0.040614      0.036339   WU     5.693570      5.094247
 ( 8   4) <--> ( 9   3)       -0.639508      0.024057      0.021525   WU     3.372480      3.017482
 ( 8   4) <--> ( 9   4)        0.002416      0.000000      0.000000   WU     0.000048      0.000043
 ( 8   1) <--> (10   1)        3.390894      0.676363      0.547532   WU    94.816995     76.756615
 ( 8   1) <--> (10   2)        0.524454      0.016180      0.013098   WU     2.268158      1.836128
 ( 8   1) <--> (10   3)        0.403442      0.009574      0.007751   WU     1.342207      1.086548
 ( 8   1) <--> (10   4)        0.000288      0.000000      0.000000   WU     0.000001      0.000001
 ( 8   2) <--> (10   1)       -1.366248      0.109802      0.088887   WU    15.392769     12.460813
 ( 8   2) <--> (10   2)        3.324364      0.650082      0.526257   WU    91.132811     73.774180
 ( 8   2) <--> (10   3)        0.069611      0.000285      0.000231   WU     0.039958      0.032347
 ( 8   2) <--> (10   4)       -0.001409      0.000000      0.000000   WU     0.000016      0.000013
 ( 8   3) <--> (10   1)        0.868014      0.044320      0.035878   WU     6.213140      5.029685
 ( 8   3) <--> (10   2)       -0.648723      0.024755      0.020040   WU     3.470379      2.809354
 ( 8   3) <--> (10   3)        3.905961      0.897443      0.726501   WU   125.809498    101.845784
 ( 8   3) <--> (10   4)       -0.000487      0.000000      0.000000   WU     0.000002      0.000002
 ( 8   4) <--> (10   1)       -0.186006      0.002035      0.001648   WU     0.285307      0.230963
 ( 8   4) <--> (10   2)       -1.864212      0.204429      0.165490   WU    28.658171     23.199472
 ( 8   4) <--> (10   3)       -0.334742      0.006591      0.005336   WU     0.924013      0.748010
 ( 8   4) <--> (10   4)       -0.022876      0.000031      0.000025   WU     0.004315      0.003493
 ( 9   1) <--> ( 9   1)        1.225935      0.761161   (eb)
 ( 9   2) <--> ( 9   1)       -0.188863      0.001877      0.001877   WU     0.263176      0.263176
 ( 9   2) <--> ( 9   2)        1.183578      0.734863   (eb)
 ( 9   3) <--> ( 9   1)       -1.776767      0.166153      0.166153   WU    23.292392     23.292392
 ( 9   3) <--> ( 9   2)        0.947880      0.047288      0.047288   WU     6.629175      6.629175
 ( 9   3) <--> ( 9   3)       -0.123727     -0.076820   (eb)
 ( 9   4) <--> ( 9   1)        0.007778      0.000003      0.000003   WU     0.000446      0.000446
 ( 9   4) <--> ( 9   2)        0.018626      0.000018      0.000018   WU     0.002560      0.002560
 ( 9   4) <--> ( 9   3)       -0.025965      0.000035      0.000035   WU     0.004974      0.004974
 ( 9   4) <--> ( 9   4)      -11.053033     -6.862631   (eb)
 ( 9   1) <--> (10   1)        1.441491      0.109363      0.098947   WU    15.331214     13.871099
 ( 9   1) <--> (10   2)       -0.112520      0.000666      0.000603   WU     0.093413      0.084517
 ( 9   1) <--> (10   3)        1.331598      0.093324      0.084436   WU    13.082758     11.836781
 ( 9   1) <--> (10   4)        0.001010      0.000000      0.000000   WU     0.000008      0.000007
 ( 9   2) <--> (10   1)        0.128681      0.000872      0.000789   WU     0.122175      0.110540
 ( 9   2) <--> (10   2)        1.333463      0.093585      0.084672   WU    13.119419     11.869951
 ( 9   2) <--> (10   3)       -0.841425      0.037263      0.033714   WU     5.223771      4.726269
 ( 9   2) <--> (10   4)       -0.000227      0.000000      0.000000   WU     0.000000      0.000000
 ( 9   3) <--> (10   1)       -0.264895      0.003693      0.003341   WU     0.517728      0.468421
 ( 9   3) <--> (10   2)        0.498266      0.013067      0.011822   WU     1.831792      1.657336
 ( 9   3) <--> (10   3)        1.089803      0.062509      0.056556   WU     8.762915      7.928352
 ( 9   3) <--> (10   4)        0.004068      0.000001      0.000001   WU     0.000122      0.000110
 ( 9   4) <--> (10   1)        0.001096      0.000000      0.000000   WU     0.000009      0.000008
 ( 9   4) <--> (10   2)        0.005421      0.000002      0.000001   WU     0.000217      0.000196
 ( 9   4) <--> (10   3)       -0.005500      0.000002      0.000001   WU     0.000223      0.000202
 ( 9   4) <--> (10   4)        0.672227      0.023784      0.021519   WU     3.334146      3.016609
 (10   1) <--> (10   1)        1.965926      1.178756   (eb)
 (10   2) <--> (10   1)       -0.799972      0.030474      0.030474   WU     4.272052      4.272052
 (10   2) <--> (10   2)        2.107485      1.263634   (eb)
 (10   3) <--> (10   1)       -1.430685      0.097470      0.097470   WU    13.663928     13.663928
 (10   3) <--> (10   2)       -0.078620      0.000294      0.000294   WU     0.041262      0.041262
 (10   3) <--> (10   3)        0.349351      0.209469   (eb)
 (10   4) <--> (10   1)       -0.001855      0.000000      0.000000   WU     0.000023      0.000023
 (10   4) <--> (10   2)       -0.000120      0.000000      0.000000   WU     0.000000      0.000000
 (10   4) <--> (10   3)        0.004294      0.000001      0.000001   WU     0.000123      0.000123
 (10   4) <--> (10   4)      -13.649618     -8.184221   (eb)
 
  quadrupole shape invariant: 01+, 02+, 03+, 04+
quadr2     0.39024678     0.87292486     1.34552206     1.24481308
quadr3     0.10788316     0.10338663    -0.23637981     0.68656249
  effective deformation parameters:  01+, 02+, 03+, 04+
beteff     0.06394822     0.09564169     0.11874196     0.11421178
cos3ga     0.44253200     0.12676492    -0.15145170     0.49433784
 
 ********* END Transition **************************
