 ********* BEGIN READER ****************************
 
 Nucleus            :  Pt  78  96
 Imin, Imax         :     0  10
 imu, remu          :     1 12.0000
 nlevel             :     4
 observables        :     2
 wave fun           :     1
 nbet, ngam, npar   :    10   7  10
 Finish reading parameters: V, B_k ...
 
 ********* END READER ******************************
 
 ********* BEGIN LEVELS ********************
 
 E_0 = -1369.172220
 
  I=   0   ntot= 127
   0   1    0.000000
   0   2    0.504922
   0   3    1.260331
   0   4    1.385148
 
  I=   2   ntot= 234
   2   1    0.210631
   2   2    0.823188
   2   3    0.985696
   2   4    1.406255
 
  I=   3   ntot= 108
   3   1    1.193025
   3   2    1.773565
   3   3    2.310352
   3   4    2.566414
 
  I=   4   ntot= 324
   4   1    0.552285
   4   2    1.304215
   4   3    1.427178
   4   4    1.806949
 
  I=   5   ntot= 198
   5   1    1.633613
   5   2    2.247361
   5   3    2.332835
   5   4    2.801529
 
  I=   6   ntot= 432
   6   1    1.011233
   6   2    1.826000
   6   3    1.927443
   6   4    2.346955
 
  I=   7   ntot= 306
   7   1    2.154764
   7   2    2.793008
   7   3    2.929675
   7   4    3.324122
 
  I=   8   ntot= 522
   8   1    1.582756
   8   2    2.369859
   8   3    2.535257
   8   4    2.983769
 
  I=   9   ntot= 397
   9   1    2.765149
   9   2    3.405683
   9   3    3.582998
   9   4    3.929509
 
  I=  10   ntot= 630
  10   1    2.260455
  10   2    2.981248
  10   3    3.209506
  10   4    3.543249
 
 ********* END LEVELS **********************
 
 ********* BEGIN Transition ************************
 
  Monopole moment 
 
   I   n    <In|E0|In>   ave \beta      del<b>   ave \gamma    del<g>  
     K=0       K=2       K=4   
   0   1     28.227204    0.271469    0.066690   16.684007   11.178672  100.0000    0.0000    0.0000
   0   2     28.258196    0.276613    0.098133   15.650175   11.726812  100.0000    0.0000    0.0000
   0   3     28.770532    0.352075    0.088168   20.763751   10.172106   99.9999    0.0000    0.0000
   0   4     28.448919    0.298899    0.095198   23.120598   14.957893  100.0000    0.0000    0.0000
   2   1     28.377515    0.299015    0.059777   14.776326    9.839210   99.2769    0.7231    0.0000
   2   2     28.265495    0.275580    0.092387   18.610129   12.686012   66.9029   33.0971    0.0000
   2   3     28.436495    0.302816    0.078847   20.553377   10.351942   31.8000   68.1999    0.0000
   2   4     28.640585    0.334990    0.096783   19.761517    9.404631   26.9496   73.0503    0.0000
   3   1     28.588980    0.326267    0.064356   20.432550    8.539493    0.0000   99.9999    0.0000
   3   2     28.627007    0.331820    0.102517   20.921694    8.822984    0.0000   99.9999    0.0000
   3   3     28.883218    0.361377    0.070856   23.847876    8.361284    0.0000   99.9999    0.0000
   3   4     29.058565    0.393890    0.122811   18.245291   12.474723    0.0000   99.9999    0.0000
   4   1     28.489469    0.317717    0.055135   13.774353    8.915058   98.5298    1.4304    0.0397
   4   2     28.447048    0.305715    0.084053   18.848430   11.669078   46.6160   50.3886    2.9953
   4   3     28.698278    0.344956    0.080946   18.585592    9.034933   51.3440   47.9800    0.6760
   4   4     28.767672    0.350091    0.086749   21.475529   10.688170   46.2506   31.6535   22.0958
   5   1     28.773054    0.354205    0.059417   19.140628    7.837588    0.0000   97.7769    2.2230
   5   2     28.928026    0.368187    0.062104   23.668403    8.110507    0.0000    8.6624   91.3375
   5   3     28.839397    0.361453    0.097405   20.949999    8.471873    0.0000   91.3450    8.6549
   5   4     28.900144    0.365094    0.079525   22.828865    8.428661    0.0000   70.2577   29.7422
   6   1     28.574496    0.331023    0.052984   13.308423    8.337596   97.1929    2.7402    0.0610
   6   2     28.757049    0.350633    0.062372   19.853400    8.974750   12.9122   82.2354    4.4122
   6   3     28.786053    0.360325    0.097663   16.400004    9.765680   88.5325   10.9448    0.4497
   6   4     28.846764    0.361123    0.084197   21.005962   10.954873   50.2882   35.7183    9.8873
   7   1     28.899805    0.372161    0.056995   18.544853    7.521338    0.0000   95.2244    4.6346
   7   2     29.083129    0.388735    0.054329   22.952433    7.553823    0.0000   10.6419   82.2377
   7   3     29.025305    0.388438    0.099467   19.223134    9.259669    0.0000   92.0147    7.1016
   7   4     29.144811    0.392104    0.057113   25.133421    7.820644    0.0000    2.6022   17.5083
   8   1     28.650352    0.342275    0.052609   13.213553    7.981300   94.8831    4.9735    0.1345
   8   2     28.961567    0.378218    0.058887   19.967613    7.969477   22.6536   71.1057    5.7848
   8   3     28.954914    0.385553    0.102783   14.632521   11.023598   82.4411   15.6764    1.6453
   8   4     28.962750    0.374762    0.069269   21.536315   11.230645   35.5562   42.3612   15.5979
   9   1     29.006462    0.386430    0.056395   18.301572    7.474997    0.0000   91.2289    8.3457
   9   2     29.161929    0.399399    0.053656   22.226351    7.359548    0.0000   19.5241   68.7575
   9   3     29.338304    0.432531    0.108214   16.430426   10.520615    0.0000   88.5994    9.2370
   9   4     30.101210    0.527680    0.100713   12.622718   11.261955    0.0000   92.2781    4.2596
  10   1     28.730826    0.353653    0.053732   13.467974    7.798032   91.0155    8.6442    0.3214
  10   2     29.074217    0.392987    0.063076   19.760372    8.113675   35.6928   56.3306    7.3537
  10   3     29.362053    0.442034    0.111920   12.202194   11.919980   77.1315   19.1344    3.2915
  10   4     29.947006    0.516366    0.117568   10.371406   12.273519   84.1149   14.7628    1.0340
 
  rho^2(E0) 
 
   I  n_1 n_2  <In_1|E0|In_2>  rho^2(E0) 
   0   1   1       28.227204 2406.582952
   0   2   1        0.335684    0.340351
   0   2   2       28.258196 2411.870598
   0   3   1       -0.112486    0.038218
   0   3   2       -0.294901    0.262675
   0   3   3       28.770532 2500.120247
   0   4   1       -0.002949    0.000026
   0   4   2        0.279701    0.236294
   0   4   3        0.059044    0.010530
   0   4   4       28.448919 2444.537260
   2   1   1       28.377515 2432.281622
   2   2   1        0.275851    0.229833
   2   2   2       28.265495 2413.116647
   2   3   1        0.188138    0.106910
   2   3   2        0.000830    0.000002
   2   3   3       28.436495 2442.402685
   2   4   1        0.083459    0.021038
   2   4   2        0.307543    0.285679
   2   4   3       -0.181963    0.100008
   2   4   4       28.640585 2477.586889
   3   1   1       28.588980 2468.666694
   3   2   1        0.411805    0.512210
   3   2   2       28.627007 2475.238274
   3   3   1       -0.046905    0.006645
   3   3   2       -0.313383    0.296630
   3   3   3       28.883218 2519.743117
   3   4   1        0.050692    0.007761
   3   4   2        0.443653    0.594501
   3   4   3        0.019392    0.001136
   3   4   4       29.058565 2550.430176
   4   1   1       28.489469 2451.510950
   4   2   1        0.220471    0.146814
   4   2   2       28.447048 2444.215748
   4   3   1        0.248829    0.187011
   4   3   2       -0.089744    0.024326
   4   3   3       28.698278 2487.578559
   4   4   1       -0.071327    0.015366
   4   4   2       -0.284312    0.244149
   4   4   3       -0.065554    0.012980
   4   4   4       28.767672 2499.623228
   5   1   1       28.773054 2500.558724
   5   2   1       -0.077095    0.017952
   5   2   2       28.928026 2527.567222
   5   3   1        0.399723    0.482595
   5   3   2        0.079129    0.018912
   5   3   3       28.839397 2512.103215
   5   4   1       -0.004233    0.000054
   5   4   2        0.266360    0.214291
   5   4   3       -0.224039    0.151604
   5   4   4       28.900144 2522.697280
   6   1   1       28.574496 2466.165865
   6   2   1        0.035230    0.003749
   6   2   2       28.757049 2497.777562
   6   3   1        0.335499    0.339976
   6   3   2       -0.135658    0.055585
   6   3   3       28.786053 2502.818573
   6   4   1       -0.008162    0.000201
   6   4   2       -0.170825    0.088139
   6   4   3       -0.259689    0.203691
   6   4   4       28.846764 2513.386792
   7   1   1       28.899805 2522.638116
   7   2   1       -0.054873    0.009094
   7   2   2       29.083129 2554.743996
   7   3   1       -0.401105    0.485939
   7   3   2        0.012735    0.000490
   7   3   3       29.025305 2544.595254
   7   4   1       -0.004102    0.000051
   7   4   2       -0.085731    0.022199
   7   4   3        0.047620    0.006849
   7   4   4       29.144811 2565.592114
   8   1   1       28.650352 2479.276906
   8   2   1        0.111950    0.037854
   8   2   2       28.961567 2533.431874
   8   3   1        0.324196    0.317454
   8   3   2        0.105449    0.033585
   8   3   3       28.954914 2532.268005
   8   4   1        0.042095    0.005352
   8   4   2        0.014067    0.000598
   8   4   3       -0.120763    0.044048
   8   4   4       28.962750 2533.638945
   9   1   1       29.006462 2541.292385
   9   2   1       -0.110850    0.037114
   9   2   2       29.161929 2568.606664
   9   3   1        0.396474    0.474783
   9   3   2        0.036513    0.004027
   9   3   3       29.338304 2599.771231
   9   4   1       -0.014155    0.000605
   9   4   2       -0.026955    0.002194
   9   4   3       -0.565925    0.967347
   9   4   4       30.101210 2736.736874
  10   1   1       28.730826 2493.224265
  10   2   1       -0.187342    0.106007
  10   2   2       29.074217 2553.178560
  10   3   1        0.297502    0.267328
  10   3   2       -0.114483    0.039586
  10   3   3       29.362053 2603.981930
  10   4   1        0.057715    0.010061
  10   4   2        0.062185    0.011680
  10   4   3       -0.713134    1.536055
  10   4   4       29.947006 2708.768760
 
  E2 transition 
 
  I1  n1        I2  n2       <f||E2||i>   B(E2,I1->I2)  B(E2,I2->I1)
 ( 0   1) <--> ( 2   1)        2.182799      4.764611      0.952922   WU   825.737299    165.147460
 ( 0   1) <--> ( 2   2)       -0.089806      0.008065      0.001613   WU     1.397746      0.279549
 ( 0   1) <--> ( 2   3)        0.354708      0.125818      0.025164   WU    21.804996      4.360999
 ( 0   1) <--> ( 2   4)        0.018552      0.000344      0.000069   WU     0.059646      0.011929
 ( 0   2) <--> ( 2   1)        1.082663      1.172159      0.234432   WU   203.142671     40.628534
 ( 0   2) <--> ( 2   2)        1.688390      2.850661      0.570132   WU   494.037569     98.807514
 ( 0   2) <--> ( 2   3)        1.036076      1.073454      0.214691   WU   186.036312     37.207262
 ( 0   2) <--> ( 2   4)       -0.099715      0.009943      0.001989   WU     1.723202      0.344640
 ( 0   3) <--> ( 2   1)       -0.077474      0.006002      0.001200   WU     1.040223      0.208045
 ( 0   3) <--> ( 2   2)       -0.458200      0.209947      0.041989   WU    36.385213      7.277043
 ( 0   3) <--> ( 2   3)       -1.135366      1.289056      0.257811   WU   223.401506     44.680301
 ( 0   3) <--> ( 2   4)       -1.091040      1.190369      0.238074   WU   206.298424     41.259685
 ( 0   4) <--> ( 2   1)        0.133269      0.017761      0.003552   WU     3.078008      0.615602
 ( 0   4) <--> ( 2   2)        0.870607      0.757956      0.151591   WU   131.358570     26.271714
 ( 0   4) <--> ( 2   3)        0.065889      0.004341      0.000868   WU     0.752396      0.150479
 ( 0   4) <--> ( 2   4)        0.234792      0.055127      0.011025   WU     9.553920      1.910784
 ( 2   1) <--> ( 2   1)       -2.709799     -2.053846   (eb)
 ( 2   2) <--> ( 2   1)       -1.084290      0.235137      0.235137   WU    40.750751     40.750751
 ( 2   2) <--> ( 2   2)       -0.742905     -0.563073   (eb)
 ( 2   3) <--> ( 2   1)        0.379255      0.028767      0.028767   WU     4.985481      4.985481
 ( 2   3) <--> ( 2   2)       -2.124133      0.902388      0.902388   WU   156.389599    156.389599
 ( 2   3) <--> ( 2   3)        1.088054      0.824673   (eb)
 ( 2   4) <--> ( 2   1)       -0.119885      0.002874      0.002874   WU     0.498164      0.498164
 ( 2   4) <--> ( 2   2)       -0.892499      0.159311      0.159311   WU    27.609599     27.609599
 ( 2   4) <--> ( 2   3)       -1.561249      0.487499      0.487499   WU    84.486757     84.486757
 ( 2   4) <--> ( 2   4)        0.835698      0.633403   (eb)
 ( 2   1) <--> ( 3   1)       -0.552501      0.061051      0.043608   WU    10.580589      7.557564
 ( 2   1) <--> ( 3   2)        0.058404      0.000682      0.000487   WU     0.118229      0.084449
 ( 2   1) <--> ( 3   3)       -0.078403      0.001229      0.000878   WU     0.213065      0.152189
 ( 2   1) <--> ( 3   4)        0.012822      0.000033      0.000023   WU     0.005698      0.004070
 ( 2   2) <--> ( 3   1)       -1.701045      0.578711      0.413365   WU   100.294297     71.638784
 ( 2   2) <--> ( 3   2)       -0.202109      0.008170      0.005835   WU     1.415839      1.011313
 ( 2   2) <--> ( 3   3)       -0.100986      0.002040      0.001457   WU     0.353483      0.252488
 ( 2   2) <--> ( 3   4)        0.015774      0.000050      0.000036   WU     0.008624      0.006160
 ( 2   3) <--> ( 3   1)        2.959005      1.751142      1.250816   WU   303.484090    216.774350
 ( 2   3) <--> ( 3   2)       -0.122471      0.003000      0.002143   WU     0.519885      0.371347
 ( 2   3) <--> ( 3   3)       -0.023181      0.000107      0.000077   WU     0.018626      0.013304
 ( 2   3) <--> ( 3   4)        0.100705      0.002028      0.001449   WU     0.351514      0.251081
 ( 2   4) <--> ( 3   1)       -2.212004      0.978592      0.698994   WU   169.596226    121.140161
 ( 2   4) <--> ( 3   2)       -3.130985      1.960614      1.400438   WU   339.786768    242.704835
 ( 2   4) <--> ( 3   3)       -0.026561      0.000141      0.000101   WU     0.024453      0.017466
 ( 2   4) <--> ( 3   4)       -0.325936      0.021247      0.015176   WU     3.682213      2.630152
 ( 2   1) <--> ( 4   1)        3.921168      3.075111      1.708395   WU   532.936253    296.075696
 ( 2   1) <--> ( 4   2)        0.005212      0.000005      0.000003   WU     0.000941      0.000523
 ( 2   1) <--> ( 4   3)        0.268025      0.014367      0.007982   WU     2.489977      1.383320
 ( 2   1) <--> ( 4   4)       -0.025993      0.000135      0.000075   WU     0.023419      0.013010
 ( 2   2) <--> ( 4   1)        1.184614      0.280662      0.155923   WU    48.640485     27.022492
 ( 2   2) <--> ( 4   2)        2.859751      1.635635      0.908686   WU   283.465937    157.481076
 ( 2   2) <--> ( 4   3)        1.172652      0.275023      0.152790   WU    47.663168     26.479538
 ( 2   2) <--> ( 4   4)        0.292058      0.017060      0.009478   WU     2.956526      1.642515
 ( 2   3) <--> ( 4   1)        0.919868      0.169231      0.094017   WU    29.328890     16.293828
 ( 2   3) <--> ( 4   2)       -0.217023      0.009420      0.005233   WU     1.632507      0.906948
 ( 2   3) <--> ( 4   3)        2.948738      1.739012      0.966118   WU   301.381733    167.434296
 ( 2   3) <--> ( 4   4)       -0.375093      0.028139      0.015633   WU     4.876666      2.709259
 ( 2   4) <--> ( 4   1)        0.107130      0.002295      0.001275   WU     0.397803      0.221002
 ( 2   4) <--> ( 4   2)        1.189572      0.283016      0.157231   WU    49.048522     27.249179
 ( 2   4) <--> ( 4   3)        0.104697      0.002192      0.001218   WU     0.379938      0.211077
 ( 2   4) <--> ( 4   4)       -2.402586      1.154484      0.641380   WU   200.079441    111.155245
 ( 3   1) <--> ( 3   1)        0.000000      0.000000   (eb)
 ( 3   2) <--> ( 3   1)        0.000000      0.000000      0.000000   WU     0.000000      0.000000
 ( 3   2) <--> ( 3   2)        0.000000      0.000000   (eb)
 ( 3   3) <--> ( 3   1)        0.000000      0.000000      0.000000   WU     0.000000      0.000000
 ( 3   3) <--> ( 3   2)        0.000000      0.000000      0.000000   WU     0.000000      0.000000
 ( 3   3) <--> ( 3   3)        0.000000      0.000000   (eb)
 ( 3   4) <--> ( 3   1)        0.000000      0.000000      0.000000   WU     0.000000      0.000000
 ( 3   4) <--> ( 3   2)        0.000000      0.000000      0.000000   WU     0.000000      0.000000
 ( 3   4) <--> ( 3   3)        0.000000      0.000000      0.000000   WU     0.000000      0.000000
 ( 3   4) <--> ( 3   4)        0.000000      0.000000   (eb)
 ( 3   1) <--> ( 4   1)        0.837126      0.100111      0.077864   WU    17.349935     13.494394
 ( 3   1) <--> ( 4   2)       -2.451175      0.858323      0.667584   WU   148.752808    115.696628
 ( 3   1) <--> ( 4   3)        2.739940      1.072467      0.834141   WU   185.865326    144.561920
 ( 3   1) <--> ( 4   4)        1.337285      0.255476      0.198703   WU    44.275573     34.436557
 ( 3   2) <--> ( 4   1)       -0.042998      0.000264      0.000205   WU     0.045774      0.035602
 ( 3   2) <--> ( 4   2)        0.090130      0.001160      0.000903   WU     0.201121      0.156427
 ( 3   2) <--> ( 4   3)        1.862026      0.495306      0.385238   WU    85.839651     66.764173
 ( 3   2) <--> ( 4   4)        1.533846      0.336097      0.261409   WU    58.247823     45.303863
 ( 3   3) <--> ( 4   1)        0.078700      0.000885      0.000688   WU     0.153346      0.119269
 ( 3   3) <--> ( 4   2)        0.000192      0.000000      0.000000   WU     0.000001      0.000001
 ( 3   3) <--> ( 4   3)        0.095110      0.001292      0.001005   WU     0.223960      0.174191
 ( 3   3) <--> ( 4   4)        0.784834      0.087995      0.068441   WU    15.250081     11.861174
 ( 3   4) <--> ( 4   1)       -0.015621      0.000035      0.000027   WU     0.006042      0.004699
 ( 3   4) <--> ( 4   2)       -0.112293      0.001801      0.001401   WU     0.312190      0.242815
 ( 3   4) <--> ( 4   3)        0.229237      0.007507      0.005839   WU     1.301025      1.011908
 ( 3   4) <--> ( 4   4)        0.513834      0.037718      0.029336   WU     6.536766      5.084151
 ( 3   1) <--> ( 5   1)        3.818117      2.082574      1.325274   WU   360.923220    229.678413
 ( 3   1) <--> ( 5   2)        0.466868      0.031138      0.019815   WU     5.396417      3.434084
 ( 3   1) <--> ( 5   3)        0.015594      0.000035      0.000022   WU     0.006021      0.003831
 ( 3   1) <--> ( 5   4)       -0.020239      0.000059      0.000037   WU     0.010141      0.006453
 ( 3   2) <--> ( 5   1)        1.644050      0.386128      0.245718   WU    66.918506     42.584504
 ( 3   2) <--> ( 5   2)       -0.469648      0.031510      0.020052   WU     5.460853      3.475088
 ( 3   2) <--> ( 5   3)        3.477674      1.727746      1.099475   WU   299.429294    190.545914
 ( 3   2) <--> ( 5   4)        0.548468      0.042974      0.027347   WU     7.447634      4.739403
 ( 3   3) <--> ( 5   1)        0.257906      0.009502      0.006047   WU     1.646796      1.047961
 ( 3   3) <--> ( 5   2)       -1.032544      0.152307      0.096922   WU    26.395726     16.797280
 ( 3   3) <--> ( 5   3)       -1.874597      0.502016      0.319465   WU    87.002643     55.365318
 ( 3   3) <--> ( 5   4)        3.127293      1.397138      0.889088   WU   242.132815    154.084519
 ( 3   4) <--> ( 5   1)        0.411282      0.024165      0.015378   WU     4.187902      2.665028
 ( 3   4) <--> ( 5   2)       -0.913127      0.119114      0.075800   WU    20.643262     13.136621
 ( 3   4) <--> ( 5   3)        1.545890      0.341397      0.217252   WU    59.166181     37.651206
 ( 3   4) <--> ( 5   4)        0.479253      0.032812      0.020880   WU     5.686525      3.618698
 ( 4   1) <--> ( 4   1)       -3.682934     -2.777284   (eb)
 ( 4   2) <--> ( 4   1)       -1.352946      0.203385      0.203385   WU    35.247880     35.247880
 ( 4   2) <--> ( 4   2)       -1.961102     -1.478858   (eb)
 ( 4   3) <--> ( 4   1)        0.171333      0.003262      0.003262   WU     0.565270      0.565270
 ( 4   3) <--> ( 4   2)       -0.893521      0.088709      0.088709   WU    15.373815     15.373815
 ( 4   3) <--> ( 4   3)       -2.092698     -1.578094   (eb)
 ( 4   4) <--> ( 4   1)        0.101503      0.001145      0.001145   WU     0.198395      0.198395
 ( 4   4) <--> ( 4   2)        1.773596      0.349516      0.349516   WU    60.573316     60.573316
 ( 4   4) <--> ( 4   3)        0.286034      0.009091      0.009091   WU     1.575460      1.575460
 ( 4   4) <--> ( 4   4)       -1.746275     -1.316858   (eb)
 ( 4   1) <--> ( 5   1)       -0.497460      0.027496      0.022497   WU     4.765284      3.898869
 ( 4   1) <--> ( 5   2)       -0.007150      0.000006      0.000005   WU     0.000984      0.000805
 ( 4   1) <--> ( 5   3)        0.120106      0.001603      0.001311   WU     0.277779      0.227274
 ( 4   1) <--> ( 5   4)       -0.055768      0.000346      0.000283   WU     0.059889      0.049000
 ( 4   2) <--> ( 5   1)       -2.487221      0.687363      0.562388   WU   119.124430     97.465443
 ( 4   2) <--> ( 5   2)        0.587612      0.038365      0.031390   WU     6.648960      5.440058
 ( 4   2) <--> ( 5   3)       -0.077677      0.000670      0.000549   WU     0.116186      0.095061
 ( 4   2) <--> ( 5   4)       -0.113064      0.001420      0.001162   WU     0.246161      0.201405
 ( 4   3) <--> ( 5   1)        2.359903      0.618794      0.506286   WU   107.240892     87.742548
 ( 4   3) <--> ( 5   2)       -0.765497      0.065110      0.053271   WU    11.283890      9.232274
 ( 4   3) <--> ( 5   3)       -0.079500      0.000702      0.000575   WU     0.121705      0.099577
 ( 4   3) <--> ( 5   4)        0.018924      0.000040      0.000033   WU     0.006896      0.005642
 ( 4   4) <--> ( 5   1)        1.859655      0.384257      0.314392   WU    66.594234     54.486191
 ( 4   4) <--> ( 5   2)       -2.626801      0.766676      0.627280   WU   132.869766    108.711627
 ( 4   4) <--> ( 5   3)        1.210546      0.162825      0.133220   WU    28.218539     23.087895
 ( 4   4) <--> ( 5   4)       -0.112455      0.001405      0.001150   WU     0.243519      0.199243
 ( 4   1) <--> ( 6   1)        5.326968      3.152955      2.182815   WU   546.427081    378.295671
 ( 4   1) <--> ( 6   2)       -0.031096      0.000107      0.000074   WU     0.018620      0.012890
 ( 4   1) <--> ( 6   3)        0.294733      0.009652      0.006682   WU     1.672741      1.158052
 ( 4   1) <--> ( 6   4)        0.039513      0.000173      0.000120   WU     0.030065      0.020814
 ( 4   2) <--> ( 6   1)        0.882124      0.086460      0.059857   WU    14.984122     10.373623
 ( 4   2) <--> ( 6   2)        3.696702      1.518401      1.051201   WU   263.148491    182.179725
 ( 4   2) <--> ( 6   3)        2.660479      0.786461      0.544473   WU   136.298717     94.360650
 ( 4   2) <--> ( 6   4)        0.339374      0.012797      0.008860   WU     2.217831      1.535421
 ( 4   3) <--> ( 6   1)        1.411014      0.221218      0.153151   WU    38.338478     26.542023
 ( 4   3) <--> ( 6   2)       -3.057316      1.038576      0.719014   WU   179.991801    124.609708
 ( 4   3) <--> ( 6   3)        4.429299      2.179854      1.509130   WU   377.782578    261.541785
 ( 4   3) <--> ( 6   4)        0.319605      0.011350      0.007857   WU     1.966976      1.361753
 ( 4   4) <--> ( 6   1)        0.060671      0.000409      0.000283   WU     0.070883      0.049073
 ( 4   4) <--> ( 6   2)       -0.480002      0.025600      0.017723   WU     4.436684      3.071550
 ( 4   4) <--> ( 6   3)       -1.721416      0.329253      0.227944   WU    57.061582     39.504172
 ( 4   4) <--> ( 6   4)        4.491907      2.241915      1.552095   WU   388.538055    268.987884
 ( 5   1) <--> ( 5   1)       -2.482784     -1.802816   (eb)
 ( 5   2) <--> ( 5   1)        1.534976      0.214196      0.214196   WU    37.121443     37.121443
 ( 5   2) <--> ( 5   2)        2.175304      1.579547   (eb)
 ( 5   3) <--> ( 5   1)       -0.207403      0.003911      0.003911   WU     0.677723      0.677723
 ( 5   3) <--> ( 5   2)        1.310789      0.156197      0.156197   WU    27.069953     27.069953
 ( 5   3) <--> ( 5   3)       -1.830879     -1.329451   (eb)
 ( 5   4) <--> ( 5   1)       -0.085091      0.000658      0.000658   WU     0.114074      0.114074
 ( 5   4) <--> ( 5   2)        0.339466      0.010476      0.010476   WU     1.815575      1.815575
 ( 5   4) <--> ( 5   3)        1.320146      0.158435      0.158435   WU    27.457787     27.457787
 ( 5   4) <--> ( 5   4)       -1.206104     -0.875784   (eb)
 ( 5   1) <--> ( 6   1)        1.166365      0.123673      0.104647   WU    21.433378     18.135935
 ( 5   1) <--> ( 6   2)       -3.395705      1.048256      0.886986   WU   181.669412    153.720271
 ( 5   1) <--> ( 6   3)        0.945425      0.081257      0.068756   WU    14.082373     11.915854
 ( 5   1) <--> ( 6   4)        1.122230      0.114491      0.096877   WU    19.842004     16.789388
 ( 5   2) <--> ( 6   1)       -0.003875      0.000001      0.000001   WU     0.000237      0.000200
 ( 5   2) <--> ( 6   2)       -0.758998      0.052371      0.044314   WU     9.076180      7.679844
 ( 5   2) <--> ( 6   3)       -0.339673      0.010489      0.008875   WU     1.817791      1.538131
 ( 5   2) <--> ( 6   4)       -1.778692      0.287613      0.243365   WU    49.845181     42.176691
 ( 5   3) <--> ( 6   1)       -0.167477      0.002550      0.002158   WU     0.441908      0.373922
 ( 5   3) <--> ( 6   2)       -0.739879      0.049765      0.042109   WU     8.624674      7.297801
 ( 5   3) <--> ( 6   3)        1.743638      0.276388      0.233867   WU    47.899880     40.530668
 ( 5   3) <--> ( 6   4)        0.603710      0.033133      0.028036   WU     5.742209      4.858792
 ( 5   4) <--> ( 6   1)        0.065992      0.000396      0.000335   WU     0.068612      0.058056
 ( 5   4) <--> ( 6   2)       -0.048043      0.000210      0.000178   WU     0.036365      0.030770
 ( 5   4) <--> ( 6   3)        0.073568      0.000492      0.000416   WU     0.085272      0.072153
 ( 5   4) <--> ( 6   4)        1.216411      0.134514      0.113820   WU    23.312169     19.725681
 ( 5   1) <--> ( 7   1)       -5.756721      3.012712      2.209322   WU   522.122124    382.889558
 ( 5   1) <--> ( 7   2)        0.193065      0.003389      0.002485   WU     0.587258      0.430656
 ( 5   1) <--> ( 7   3)        0.055263      0.000278      0.000204   WU     0.048116      0.035285
 ( 5   1) <--> ( 7   4)       -0.009994      0.000009      0.000007   WU     0.001574      0.001154
 ( 5   2) <--> ( 7   1)        0.298605      0.008106      0.005944   WU     1.404805      1.030190
 ( 5   2) <--> ( 7   2)        3.987978      1.445816      1.060265   WU   250.569005    183.750604
 ( 5   2) <--> ( 7   3)       -1.401970      0.178684      0.131035   WU    30.967006     22.709138
 ( 5   2) <--> ( 7   4)        0.686581      0.042854      0.031426   WU     7.426865      5.446368
 ( 5   3) <--> ( 7   1)       -1.781422      0.288497      0.211564   WU    49.998322     36.665436
 ( 5   3) <--> ( 7   2)        1.832430      0.305255      0.223853   WU    52.902568     38.795217
 ( 5   3) <--> ( 7   3)        5.225323      2.482182      1.820267   WU   430.177881    315.463779
 ( 5   3) <--> ( 7   4)        0.135862      0.001678      0.001231   WU     0.290814      0.213264
 ( 5   4) <--> ( 7   1)       -0.473171      0.020354      0.014926   WU     3.527432      2.586784
 ( 5   4) <--> ( 7   2)       -0.511746      0.023808      0.017459   WU     4.126018      3.025746
 ( 5   4) <--> ( 7   3)       -1.611940      0.236214      0.173223   WU    40.937346     30.020721
 ( 5   4) <--> ( 7   4)       -1.120342      0.114106      0.083678   WU    19.775295     14.501883
 ( 6   1) <--> ( 6   1)       -4.511198     -3.145194   (eb)
 ( 6   2) <--> ( 6   1)       -1.380727      0.146647      0.146647   WU    25.414793     25.414793
 ( 6   2) <--> ( 6   2)       -2.857667     -1.992357   (eb)
 ( 6   3) <--> ( 6   1)       -0.692571      0.036897      0.036897   WU     6.394401      6.394401
 ( 6   3) <--> ( 6   2)       -0.370672      0.010569      0.010569   WU     1.831688      1.831688
 ( 6   3) <--> ( 6   3)       -4.072474     -2.839317   (eb)
 ( 6   4) <--> ( 6   1)       -0.014198      0.000016      0.000016   WU     0.002687      0.002687
 ( 6   4) <--> ( 6   2)        1.732272      0.230828      0.230828   WU    40.003975     40.003975
 ( 6   4) <--> ( 6   3)        1.201521      0.111050      0.111050   WU    19.245701     19.245701
 ( 6   4) <--> ( 6   4)       -3.440243     -2.398527   (eb)
 ( 6   1) <--> ( 7   1)        0.436662      0.014667      0.012712   WU     2.541915      2.202993
 ( 6   1) <--> ( 7   2)        0.034165      0.000090      0.000078   WU     0.015561      0.013486
 ( 6   1) <--> ( 7   3)        0.153256      0.001807      0.001566   WU     0.313117      0.271368
 ( 6   1) <--> ( 7   4)        0.015906      0.000019      0.000017   WU     0.003373      0.002923
 ( 6   2) <--> ( 7   1)        3.117176      0.747445      0.647786   WU   129.536946    112.265353
 ( 6   2) <--> ( 7   2)        0.788490      0.047824      0.041448   WU     8.288260      7.183159
 ( 6   2) <--> ( 7   3)       -0.238363      0.004371      0.003788   WU     0.757444      0.656451
 ( 6   2) <--> ( 7   4)        0.008812      0.000006      0.000005   WU     0.001035      0.000897
 ( 6   3) <--> ( 7   1)       -0.029645      0.000068      0.000059   WU     0.011716      0.010154
 ( 6   3) <--> ( 7   2)       -0.243208      0.004550      0.003943   WU     0.788547      0.683407
 ( 6   3) <--> ( 7   3)       -0.069964      0.000377      0.000326   WU     0.065256      0.056555
 ( 6   3) <--> ( 7   4)        0.017111      0.000023      0.000020   WU     0.003903      0.003383
 ( 6   4) <--> ( 7   1)       -1.879563      0.271751      0.235517   WU    47.096115     40.816633
 ( 6   4) <--> ( 7   2)       -2.022835      0.314759      0.272791   WU    54.549658     47.276371
 ( 6   4) <--> ( 7   3)        1.506475      0.174574      0.151298   WU    30.254844     26.220865
 ( 6   4) <--> ( 7   4)        0.342290      0.009012      0.007811   WU     1.561920      1.353664
 ( 6   1) <--> ( 8   1)       -6.563316      3.313624      2.533948   WU   574.272145    439.149288
 ( 6   1) <--> ( 8   2)       -0.029197      0.000066      0.000050   WU     0.011364      0.008690
 ( 6   1) <--> ( 8   3)       -0.334782      0.008621      0.006593   WU     1.494158      1.142591
 ( 6   1) <--> ( 8   4)       -0.122909      0.001162      0.000889   WU     0.201391      0.154005
 ( 6   2) <--> ( 8   1)        0.272923      0.005730      0.004382   WU     0.993004      0.759356
 ( 6   2) <--> ( 8   2)        6.066295      2.830764      2.164702   WU   490.589335    375.156551
 ( 6   2) <--> ( 8   3)       -2.157536      0.358074      0.273821   WU    62.056494     47.454966
 ( 6   2) <--> ( 8   4)        0.017421      0.000023      0.000018   WU     0.004046      0.003094
 ( 6   3) <--> ( 8   1)       -1.804463      0.250468      0.191535   WU    43.407753     33.194164
 ( 6   3) <--> ( 8   2)       -3.252203      0.813602      0.622166   WU   141.002373    107.825344
 ( 6   3) <--> ( 8   3)       -6.191755      2.949064      2.255166   WU   511.091475    390.834657
 ( 6   3) <--> ( 8   4)       -0.450274      0.015596      0.011926   WU     2.702865      2.066897
 ( 6   4) <--> ( 8   1)       -0.412831      0.013110      0.010025   WU     2.272038      1.737441
 ( 6   4) <--> ( 8   2)        0.360815      0.010014      0.007658   WU     1.735561      1.327194
 ( 6   4) <--> ( 8   3)        1.817013      0.253964      0.194208   WU    44.013651     33.657498
 ( 6   4) <--> ( 8   4)       -5.565558      2.382726      1.822085   WU   412.941564    315.778843
 ( 7   1) <--> ( 7   1)       -3.902251     -2.613189   (eb)
 ( 7   2) <--> ( 7   1)       -1.752107      0.204659      0.204659   WU    35.468652     35.468652
 ( 7   2) <--> ( 7   2)       -0.362171     -0.242532   (eb)
 ( 7   3) <--> ( 7   1)        0.866063      0.050004      0.050004   WU     8.666077      8.666077
 ( 7   3) <--> ( 7   2)        0.028966      0.000056      0.000056   WU     0.009694      0.009694
 ( 7   3) <--> ( 7   3)       -3.937012     -2.636467   (eb)
 ( 7   4) <--> ( 7   1)        0.016346      0.000018      0.000018   WU     0.003087      0.003087
 ( 7   4) <--> ( 7   2)        2.145981      0.307015      0.307015   WU    53.207734     53.207734
 ( 7   4) <--> ( 7   3)       -1.064872      0.075597      0.075597   WU    13.101421     13.101421
 ( 7   4) <--> ( 7   4)        3.521862      2.358457   (eb)
 ( 7   1) <--> ( 8   1)        1.468443      0.143755      0.126843   WU    24.913662     21.982643
 ( 7   1) <--> ( 8   2)        3.269176      0.712501      0.628677   WU   123.480938    108.953769
 ( 7   1) <--> ( 8   3)       -0.319898      0.006822      0.006020   WU     1.182353      1.043252
 ( 7   1) <--> ( 8   4)        1.077230      0.077362      0.068260   WU    13.407266     11.829941
 ( 7   2) <--> ( 8   1)        0.076421      0.000389      0.000344   WU     0.067476      0.059538
 ( 7   2) <--> ( 8   2)       -1.410201      0.132578      0.116980   WU    22.976564     20.273439
 ( 7   2) <--> ( 8   3)        0.323959      0.006997      0.006173   WU     1.212560      1.069906
 ( 7   2) <--> ( 8   4)        2.714100      0.491089      0.433314   WU    85.108874     75.096066
 ( 7   3) <--> ( 8   1)        0.240181      0.003846      0.003393   WU     0.666499      0.588087
 ( 7   3) <--> ( 8   2)       -0.945016      0.059537      0.052533   WU    10.318153      9.104253
 ( 7   3) <--> ( 8   3)       -1.662797      0.184326      0.162641   WU    31.944914     28.186689
 ( 7   3) <--> ( 8   4)       -0.649210      0.028098      0.024793   WU     4.869599      4.296705
 ( 7   4) <--> ( 8   1)        0.020022      0.000027      0.000024   WU     0.004632      0.004087
 ( 7   4) <--> ( 8   2)        0.043686      0.000127      0.000112   WU     0.022050      0.019456
 ( 7   4) <--> ( 8   3)       -0.030081      0.000060      0.000053   WU     0.010454      0.009224
 ( 7   4) <--> ( 8   4)        0.908064      0.054972      0.048505   WU     9.527004      8.406180
 ( 7   1) <--> ( 9   1)        7.308283      3.560733      2.811105   WU   617.097652    487.182357
 ( 7   1) <--> ( 9   2)        0.025293      0.000043      0.000034   WU     0.007391      0.005835
 ( 7   1) <--> ( 9   3)        0.178687      0.002129      0.001680   WU     0.368902      0.291239
 ( 7   1) <--> ( 9   4)       -0.125776      0.001055      0.000833   WU     0.182776      0.144297
 ( 7   2) <--> ( 9   1)       -0.498108      0.016541      0.013059   WU     2.866620      2.263121
 ( 7   2) <--> ( 9   2)        6.402371      2.732690      2.157387   WU   473.592607    373.888901
 ( 7   2) <--> ( 9   3)        0.573054      0.021893      0.017284   WU     3.794146      2.995378
 ( 7   2) <--> ( 9   4)        0.167496      0.001870      0.001477   WU     0.324139      0.255899
 ( 7   3) <--> ( 9   1)       -1.886259      0.237198      0.187262   WU    41.107970     32.453661
 ( 7   3) <--> ( 9   2)        1.325895      0.117200      0.092526   WU    20.311479     16.035378
 ( 7   3) <--> ( 9   3)       -7.156624      3.414485      2.695646   WU   591.751913    467.172563
 ( 7   3) <--> ( 9   4)       -0.470582      0.014763      0.011655   WU     2.558554      2.019911
 ( 7   4) <--> ( 9   1)        0.203484      0.002760      0.002179   WU     0.478390      0.377677
 ( 7   4) <--> ( 9   2)       -0.198022      0.002614      0.002064   WU     0.453055      0.357675
 ( 7   4) <--> ( 9   3)       -0.336538      0.007551      0.005961   WU     1.308550      1.033066
 ( 7   4) <--> ( 9   4)        0.139913      0.001305      0.001030   WU     0.226173      0.178557
 ( 8   1) <--> ( 8   1)       -5.196157     -3.347343   (eb)
 ( 8   2) <--> ( 8   1)        1.122652      0.074138      0.074138   WU    12.848599     12.848599
 ( 8   2) <--> ( 8   2)       -3.721032     -2.397074   (eb)
 ( 8   3) <--> ( 8   1)       -1.275200      0.095655      0.095655   WU    16.577621     16.577621
 ( 8   3) <--> ( 8   2)        0.015405      0.000014      0.000014   WU     0.002419      0.002419
 ( 8   3) <--> ( 8   3)       -5.649634     -3.639472   (eb)
 ( 8   4) <--> ( 8   1)       -0.089063      0.000467      0.000467   WU     0.080865      0.080865
 ( 8   4) <--> ( 8   2)       -1.817385      0.194288      0.194288   WU    33.671276     33.671276
 ( 8   4) <--> ( 8   3)        1.251431      0.092122      0.092122   WU    15.965375     15.965375
 ( 8   4) <--> ( 8   4)       -3.612590     -2.327216   (eb)
 ( 8   1) <--> ( 9   1)       -0.356555      0.007478      0.006691   WU     1.296043      1.159618
 ( 8   1) <--> ( 9   2)       -0.049371      0.000143      0.000128   WU     0.024849      0.022233
 ( 8   1) <--> ( 9   3)        0.164269      0.001587      0.001420   WU     0.275091      0.246134
 ( 8   1) <--> ( 9   4)        0.034780      0.000071      0.000064   WU     0.012332      0.011034
 ( 8   2) <--> ( 9   1)        2.552104      0.383132      0.342802   WU    66.399131     59.409749
 ( 8   2) <--> ( 9   2)        0.670317      0.026431      0.023649   WU     4.580640      4.098468
 ( 8   2) <--> ( 9   3)        0.218080      0.002798      0.002503   WU     0.484836      0.433801
 ( 8   2) <--> ( 9   4)        0.001061      0.000000      0.000000   WU     0.000011      0.000010
 ( 8   3) <--> ( 9   1)       -1.473858      0.127780      0.114329   WU    22.145061     19.814002
 ( 8   3) <--> ( 9   2)       -0.094285      0.000523      0.000468   WU     0.090625      0.081086
 ( 8   3) <--> ( 9   3)       -0.198187      0.002310      0.002067   WU     0.400419      0.358270
 ( 8   3) <--> ( 9   4)       -0.066074      0.000257      0.000230   WU     0.044507      0.039822
 ( 8   4) <--> ( 9   1)        1.330110      0.104070      0.093115   WU    18.036030     16.137500
 ( 8   4) <--> ( 9   2)        2.824044      0.469131      0.419749   WU    81.303361     72.745112
 ( 8   4) <--> ( 9   3)        1.183779      0.082431      0.073754   WU    14.285879     12.782102
 ( 8   4) <--> ( 9   4)        0.128095      0.000965      0.000864   WU     0.167274      0.149666
 ( 8   1) <--> (10   1)        7.718788      3.504687      2.837128   WU   607.384569    491.692270
 ( 8   1) <--> (10   2)        0.086681      0.000442      0.000358   WU     0.076598      0.062008
 ( 8   1) <--> (10   3)        0.377409      0.008379      0.006783   WU     1.452080      1.175494
 ( 8   1) <--> (10   4)        0.056591      0.000188      0.000153   WU     0.032648      0.026430
 ( 8   2) <--> (10   1)        1.303638      0.099969      0.080927   WU    17.325259     14.025210
 ( 8   2) <--> (10   2)       -8.208125      3.963136      3.208253   WU   686.836666    556.010634
 ( 8   2) <--> (10   3)       -0.898574      0.047496      0.038449   WU     8.231391      6.663507
 ( 8   2) <--> (10   4)       -0.345490      0.007021      0.005684   WU     1.216846      0.985066
 ( 8   3) <--> (10   1)        1.658567      0.161814      0.130993   WU    28.043464     22.701852
 ( 8   3) <--> (10   2)       -2.029451      0.242275      0.196127   WU    41.987744     33.990078
 ( 8   3) <--> (10   3)        8.088923      3.848864      3.115747   WU   667.032504    539.978694
 ( 8   3) <--> (10   4)        0.868681      0.044389      0.035934   WU     7.692835      6.227533
 ( 8   4) <--> (10   1)        0.684678      0.027576      0.022323   WU     4.779014      3.868725
 ( 8   4) <--> (10   2)        0.670429      0.026440      0.021404   WU     4.582166      3.709372
 ( 8   4) <--> (10   3)        0.096576      0.000549      0.000444   WU     0.095083      0.076972
 ( 8   4) <--> (10   4)       -2.780693      0.454838      0.368203   WU    78.826397     63.811845
 ( 9   1) <--> ( 9   1)       -4.848015     -3.010046   (eb)
 ( 9   2) <--> ( 9   1)       -1.874650      0.184964      0.184964   WU    32.055415     32.055415
 ( 9   2) <--> ( 9   2)       -2.243708     -1.393078   (eb)
 ( 9   3) <--> ( 9   1)       -1.211560      0.077257      0.077257   WU    13.389075     13.389075
 ( 9   3) <--> ( 9   2)        0.161521      0.001373      0.001373   WU     0.237968      0.237968
 ( 9   3) <--> ( 9   3)       -5.711175     -3.545967   (eb)
 ( 9   4) <--> ( 9   1)       -0.109666      0.000633      0.000633   WU     0.109700      0.109700
 ( 9   4) <--> ( 9   2)        0.396698      0.008283      0.008283   WU     1.435425      1.435425
 ( 9   4) <--> ( 9   3)        1.692202      0.150713      0.150713   WU    26.119523     26.119523
 ( 9   4) <--> ( 9   4)       -7.537795     -4.680082   (eb)
 ( 9   1) <--> (10   1)        1.794375      0.169462      0.153323   WU    29.368859     26.571825
 ( 9   1) <--> (10   2)       -2.996186      0.472481      0.427482   WU    81.883892     74.085426
 ( 9   1) <--> (10   3)       -0.665533      0.023312      0.021092   WU     4.040170      3.655392
 ( 9   1) <--> (10   4)       -0.226128      0.002691      0.002435   WU     0.466410      0.421990
 ( 9   2) <--> (10   1)        0.128331      0.000867      0.000784   WU     0.150219      0.135913
 ( 9   2) <--> (10   2)        1.800036      0.170533      0.154292   WU    29.554472     26.739761
 ( 9   2) <--> (10   3)        0.612807      0.019765      0.017882   WU     3.425373      3.099147
 ( 9   2) <--> (10   4)       -0.334338      0.005883      0.005323   WU     1.019604      0.922499
 ( 9   3) <--> (10   1)       -0.262208      0.003619      0.003274   WU     0.627125      0.567399
 ( 9   3) <--> (10   2)       -0.948619      0.047362      0.042851   WU     8.208129      7.426402
 ( 9   3) <--> (10   3)        1.708483      0.153627      0.138996   WU    26.624535     24.088865
 ( 9   3) <--> (10   4)        0.549643      0.015900      0.014386   WU     2.755637      2.493195
 ( 9   4) <--> (10   1)       -0.080653      0.000342      0.000310   WU     0.059334      0.053683
 ( 9   4) <--> (10   2)       -0.035873      0.000068      0.000061   WU     0.011738      0.010620
 ( 9   4) <--> (10   3)        0.093052      0.000456      0.000412   WU     0.078979      0.071457
 ( 9   4) <--> (10   4)        1.760840      0.163187      0.147646   WU    28.281386     25.587920
 (10   1) <--> (10   1)       -5.755007     -3.450664   (eb)
 (10   2) <--> (10   1)       -1.004551      0.048053      0.048053   WU     8.327969      8.327969
 (10   2) <--> (10   2)       -4.453366     -2.670209   (eb)
 (10   3) <--> (10   1)       -1.498507      0.106930      0.106930   WU    18.531582     18.531582
 (10   3) <--> (10   2)        0.385225      0.007067      0.007067   WU     1.224685      1.224685
 (10   3) <--> (10   3)       -7.552912     -4.528676   (eb)
 (10   4) <--> (10   1)       -0.427394      0.008698      0.008698   WU     1.507484      1.507484
 (10   4) <--> (10   2)       -0.936883      0.041798      0.041798   WU     7.243785      7.243785
 (10   4) <--> (10   3)        2.043624      0.198876      0.198876   WU    34.466487     34.466487
 (10   4) <--> (10   4)       -9.037082     -5.418575   (eb)
 
  quadrupole shape invariant: 01+, 02+, 03+, 04+
quadr2     4.90651115     5.17581185     8.25309623     5.73905070
quadr3     9.78231030    12.17205645    18.73263834    10.71122759
  effective deformation parameters:  01+, 02+, 03+, 04+
beteff     0.26504426     0.27222077     0.34374823     0.28665007
cos3ga     0.90008236     1.03370410     0.79008458     0.77907480
 
 ********* END Transition **************************
