 ********* BEGIN READER ****************************
 
 Nucleus            :  Ti  22  56
 Imin, Imax         :     0  10
 imu, remu          :     1 12.0000
 nlevel             :     4
 observables        :     2
 wave fun           :     1
 nbet, ngam, npar   :    10   7  10
 Finish reading parameters: V, B_k ...
 
 ********* END READER ******************************
 
 ********* BEGIN LEVELS ********************
 
 E_0 =  -527.287227
 
  I=   0   ntot= 127
   0   1    0.000000
   0   2    3.358485
   0   3    4.802553
   0   4    6.423826
 
  I=   2   ntot= 234
   2   1    1.692716
   2   2    3.286084
   2   3    4.875022
   2   4    6.180677
 
  I=   3   ntot= 108
   3   1    4.917308
   3   2    7.896891
   3   3    9.603966
   3   4   12.029214
 
  I=   4   ntot= 324
   4   1    3.605001
   4   2    5.178346
   4   3    6.498598
   4   4    6.645831
 
  I=   5   ntot= 198
   5   1    6.737043
   5   2    8.072338
   5   3   10.014399
   5   4   11.316091
 
  I=   6   ntot= 432
   6   1    5.659528
   6   2    7.230521
   6   3    8.455977
   6   4    8.783930
 
  I=   7   ntot= 306
   7   1    8.687724
   7   2   10.097797
   7   3   11.343228
   7   4   12.476545
 
  I=   8   ntot= 522
   8   1    7.802079
   8   2    9.451208
   8   3   10.688523
   8   4   11.221745
 
  I=   9   ntot= 397
   9   1   10.791285
   9   2   12.365388
   9   3   13.718004
   9   4   14.974101
 
  I=  10   ntot= 630
  10   1   10.051123
  10   2   11.844605
  10   3   13.226220
  10   4   13.927530
 
 ********* END LEVELS **********************
 
 ********* BEGIN Transition ************************
 
  Monopole moment 
 
   I   n    <In|E0|In>   ave \beta      del<b>   ave \gamma    del<g>  
     K=0       K=2       K=4   
   0   1     14.805898    0.267933    0.089197   26.985251   11.425297  100.0000    0.0000    0.0000
   0   2     15.258170    0.379984    0.131791   26.452685   11.155946   99.9998    0.0000    0.0000
   0   3     15.291860    0.401508    0.101278   22.542749   14.998757   99.9998    0.0000    0.0000
   0   4     15.436886    0.429053    0.159529   25.162363   10.050202   99.9994    0.0000    0.0000
   2   1     14.967039    0.314403    0.093109   26.973356   11.388684   69.4946   30.5053    0.0000
   2   2     15.162383    0.363712    0.097741   25.694942   11.259186   36.0876   63.9123    0.0000
   2   3     15.431869    0.423135    0.132726   25.029885   10.788304   75.1714   24.8283    0.0000
   2   4     15.553666    0.448967    0.122100   25.367485    9.011868   35.1954   64.8042    0.0000
   3   1     15.413929    0.416372    0.097230   25.812231    9.139638    0.0000   99.9998    0.0000
   3   2     15.545606    0.453785    0.139158   24.899397    8.644848    0.0000   99.9995    0.0000
   3   3     15.796236    0.497650    0.086281   23.928988   12.809887    0.0000   99.9995    0.0000
   3   4     15.594215    0.456154    0.152837   28.987909    7.431901    0.0000   99.9992    0.0000
   4   1     15.162247    0.361848    0.097507   26.642469   11.290638   57.9928   29.7077   12.2993
   4   2     15.356292    0.409508    0.099655   24.328708   12.182617   47.0863   16.8641   36.0495
   4   3     15.592077    0.454386    0.106267   25.340314    8.994998   16.3459   59.1866   24.4672
   4   4     15.531920    0.446894    0.125772   24.569489   10.906839   54.6562   17.6275   27.7159
   5   1     15.620831    0.458612    0.092803   25.270072    8.972604    0.0000   75.5617   24.4380
   5   2     15.770114    0.487210    0.086533   25.156232    8.669283    0.0000   26.9740   73.0256
   5   3     15.575413    0.459660    0.138260   25.717387    8.311158    0.0000   71.6328   28.3664
   5   4     15.867704    0.512492    0.087760   24.274088   10.901312    0.0000   73.4478   26.5517
   6   1     15.383680    0.410939    0.098755   25.753317   10.976332   52.0448   32.7824   10.0619
   6   2     15.537108    0.450504    0.098754   23.034736   12.599695   51.7339    9.7439   20.0049
   6   3     15.684590    0.476402    0.107034   24.596957    9.115062   18.0622   57.7373    3.4075
   6   4     15.593363    0.458843    0.124500   25.204426   11.077612   48.0404   21.2489    9.6621
   7   1     15.777070    0.490627    0.086341   24.587754    8.750609    0.0000   64.9892   29.4593
   7   2     15.878412    0.509606    0.082457   24.683852    9.021786    0.0000   35.3898   33.2716
   7   3     15.966870    0.523190    0.076928   25.528296    7.943433    0.0000    3.1138   38.0944
   7   4     15.626259    0.467542    0.132328   26.525798    7.922424    0.0000   55.1469   33.1813
   8   1     15.598532    0.456664    0.095204   24.691885   10.468474   48.9623   35.7314   10.1970
   8   2     15.682072    0.481470    0.094445   22.313298   12.682611   52.8001    8.6959   18.4707
   8   3     15.758013    0.492985    0.105261   24.099378    9.641411   18.7253   51.4986    4.7453
   8   4     15.666005    0.473159    0.123039   26.068923   10.727470   41.9312   26.4529   10.7347
   9   1     15.895889    0.515106    0.080488   24.122928    8.488906    0.0000   57.6009   33.2281
   9   2     15.957298    0.526881    0.077689   24.102670    9.174045    0.0000   39.8902   18.9264
   9   3     16.026435    0.535956    0.074803   25.245123    8.452464    0.0000    6.5044   43.0362
   9   4     16.068661    0.542182    0.074648   25.906193    7.482559    0.0000    2.1513    5.7762
  10   1     15.765080    0.491518    0.088203   23.829763    9.913641   46.3585   38.4080   10.7472
  10   2     15.805863    0.506680    0.088458   22.087535   12.511272   52.1307    8.7137   19.0344
  10   3     15.831757    0.508111    0.098926   23.559859   10.382719   20.6957   44.3700    5.3675
  10   4     15.736961    0.489631    0.120521   25.683195    9.986721   33.1714   28.8002   17.5669
 
  rho^2(E0) 
 
   I  n_1 n_2  <In_1|E0|In_2>  rho^2(E0) 
   0   1   1       14.805898  153.531323
   0   2   1       -0.277942    0.054105
   0   2   2       15.258170  163.054351
   0   3   1       -0.007440    0.000039
   0   3   2       -0.017944    0.000226
   0   3   3       15.291860  163.775197
   0   4   1        0.002347    0.000004
   0   4   2       -0.489856    0.168060
   0   4   3       -0.033046    0.000765
   0   4   4       15.436886  166.896375
   2   1   1       14.967039  156.891446
   2   2   1       -0.016119    0.000182
   2   2   2       15.162383  161.013544
   2   3   1        0.346771    0.084219
   2   3   2        0.006828    0.000033
   2   3   3       15.431869  166.787897
   2   4   1       -0.022965    0.000369
   2   4   2        0.345722    0.083711
   2   4   3        0.008605    0.000052
   2   4   4       15.553666  169.431049
   3   1   1       15.413929  166.400326
   3   2   1       -0.449169    0.141302
   3   2   2       15.545606  169.255502
   3   3   1       -0.044414    0.001382
   3   3   2        0.011910    0.000099
   3   3   3       15.796236  174.757062
   3   4   1        0.000534    0.000000
   3   4   2       -0.494686    0.171390
   3   4   3       -0.116589    0.009520
   3   4   4       15.594215  170.315637
   4   1   1       15.162247  161.010658
   4   2   1        0.008082    0.000046
   4   2   2       15.356292  165.158223
   4   3   1       -0.226930    0.036067
   4   3   2        0.005388    0.000020
   4   3   3       15.592077  170.268939
   4   4   1        0.340348    0.081129
   4   4   2       -0.027616    0.000534
   4   4   3        0.032309    0.000731
   4   4   4       15.531920  168.957626
   5   1   1       15.620831  170.897508
   5   2   1       -0.016789    0.000197
   5   2   2       15.770114  174.179549
   5   3   1       -0.439997    0.135590
   5   3   2       -0.030766    0.000663
   5   3   3       15.575413  169.905174
   5   4   1        0.044865    0.001410
   5   4   2       -0.161718    0.018317
   5   4   3       -0.020585    0.000297
   5   4   4       15.867704  176.341967
   6   1   1       15.383680  165.747862
   6   2   1        0.015572    0.000170
   6   2   2       15.537108  169.070505
   6   3   1        0.267323    0.050049
   6   3   2       -0.016032    0.000180
   6   3   3       15.684590  172.295465
   6   4   1       -0.355529    0.088527
   6   4   2       -0.017135    0.000206
   6   4   3        0.083361    0.004867
   6   4   4       15.593363  170.297028
   7   1   1       15.777070  174.333227
   7   2   1        0.014006    0.000137
   7   2   2       15.878412  176.580048
   7   3   1       -0.031742    0.000706
   7   3   2        0.012475    0.000109
   7   3   3       15.966870  178.552971
   7   4   1       -0.405089    0.114929
   7   4   2        0.066222    0.003071
   7   4   3       -0.036322    0.000924
   7   4   4       15.626259  171.016314
   8   1   1       15.598532  170.409947
   8   2   1        0.017186    0.000207
   8   2   2       15.682072  172.240133
   8   3   1       -0.254463    0.045350
   8   3   2        0.038760    0.001052
   8   3   3       15.758013  173.912342
   8   4   1        0.360471    0.091006
   8   4   2       -0.033797    0.000800
   8   4   3        0.116520    0.009509
   8   4   4       15.666005  171.887378
   9   1   1       15.895889  176.968966
   9   2   1        0.001011    0.000001
   9   2   2       15.957298  178.338954
   9   3   1       -0.036823    0.000950
   9   3   2       -0.006423    0.000029
   9   3   3       16.026435  179.887641
   9   4   1       -0.073731    0.003807
   9   4   2       -0.042157    0.001245
   9   4   3       -0.015359    0.000165
   9   4   4       16.068661  180.836830
  10   1   1       15.765080  174.068365
  10   2   1        0.003946    0.000011
  10   2   2       15.805863  174.970128
  10   3   1        0.206225    0.029786
  10   3   2        0.027590    0.000533
  10   3   3       15.831757  175.543883
  10   4   1       -0.336231    0.079178
  10   4   2       -0.102514    0.007360
  10   4   3        0.138725    0.013478
  10   4   4       15.736961  173.447967
 
  E2 transition 
 
  I1  n1        I2  n2       <f||E2||i>   B(E2,I1->I2)  B(E2,I2->I1)
 ( 0   1) <--> ( 2   1)       -0.255029      0.065040      0.013008   WU    32.854858      6.570972
 ( 0   1) <--> ( 2   2)       -0.068632      0.004710      0.000942   WU     2.379411      0.475882
 ( 0   1) <--> ( 2   3)       -0.025999      0.000676      0.000135   WU     0.341457      0.068291
 ( 0   1) <--> ( 2   4)        0.003684      0.000014      0.000003   WU     0.006855      0.001371
 ( 0   2) <--> ( 2   1)        0.175751      0.030888      0.006178   WU    15.603300      3.120660
 ( 0   2) <--> ( 2   2)        0.050513      0.002552      0.000510   WU     1.288919      0.257784
 ( 0   2) <--> ( 2   3)        0.368303      0.135647      0.027129   WU    68.522040     13.704408
 ( 0   2) <--> ( 2   4)        0.065450      0.004284      0.000857   WU     2.163927      0.432785
 ( 0   3) <--> ( 2   1)        0.031524      0.000994      0.000199   WU     0.502001      0.100400
 ( 0   3) <--> ( 2   2)        0.193014      0.037254      0.007451   WU    18.819073      3.763815
 ( 0   3) <--> ( 2   3)        0.041286      0.001705      0.000341   WU     0.861060      0.172212
 ( 0   3) <--> ( 2   4)       -0.123762      0.015317      0.003063   WU     7.737452      1.547490
 ( 0   4) <--> ( 2   1)       -0.006399      0.000041      0.000008   WU     0.020684      0.004137
 ( 0   4) <--> ( 2   2)       -0.010140      0.000103      0.000021   WU     0.051942      0.010388
 ( 0   4) <--> ( 2   3)       -0.274442      0.075319      0.015064   WU    38.047183      7.609437
 ( 0   4) <--> ( 2   4)       -0.069387      0.004815      0.000963   WU     2.432064      0.486413
 ( 2   1) <--> ( 2   1)       -0.056535     -0.042850   (eb)
 ( 2   2) <--> ( 2   1)       -0.377930      0.028566      0.028566   WU    14.430220     14.430220
 ( 2   2) <--> ( 2   2)        0.038698      0.029330   (eb)
 ( 2   3) <--> ( 2   1)       -0.026709      0.000143      0.000143   WU     0.072071      0.072071
 ( 2   3) <--> ( 2   2)       -0.241520      0.011666      0.011666   WU     5.893265      5.893265
 ( 2   3) <--> ( 2   3)       -0.149424     -0.113254   (eb)
 ( 2   4) <--> ( 2   1)       -0.034421      0.000237      0.000237   WU     0.119700      0.119700
 ( 2   4) <--> ( 2   2)        0.079903      0.001277      0.001277   WU     0.645019      0.645019
 ( 2   4) <--> ( 2   3)       -0.419516      0.035199      0.035199   WU    17.780619     17.780619
 ( 2   4) <--> ( 2   4)        0.101338      0.076807   (eb)
 ( 2   1) <--> ( 3   1)       -0.125900      0.003170      0.002264   WU     1.601403      1.143859
 ( 2   1) <--> ( 3   2)       -0.026420      0.000140      0.000100   WU     0.070522      0.050373
 ( 2   1) <--> ( 3   3)        0.019083      0.000073      0.000052   WU     0.036791      0.026279
 ( 2   1) <--> ( 3   4)        0.000440      0.000000      0.000000   WU     0.000020      0.000014
 ( 2   2) <--> ( 3   1)        0.509484      0.051915      0.037082   WU    26.224803     18.732002
 ( 2   2) <--> ( 3   2)       -0.025763      0.000133      0.000095   WU     0.067055      0.047896
 ( 2   2) <--> ( 3   3)       -0.026035      0.000136      0.000097   WU     0.068479      0.048914
 ( 2   2) <--> ( 3   4)       -0.019693      0.000078      0.000055   WU     0.039180      0.027985
 ( 2   3) <--> ( 3   1)       -0.086938      0.001512      0.001080   WU     0.763608      0.545434
 ( 2   3) <--> ( 3   2)        0.103007      0.002122      0.001516   WU     1.071976      0.765697
 ( 2   3) <--> ( 3   3)        0.022177      0.000098      0.000070   WU     0.049688      0.035491
 ( 2   3) <--> ( 3   4)        0.018393      0.000068      0.000048   WU     0.034180      0.024414
 ( 2   4) <--> ( 3   1)        0.476808      0.045469      0.032478   WU    22.968801     16.406287
 ( 2   4) <--> ( 3   2)       -0.571418      0.065304      0.046645   WU    32.988164     23.562974
 ( 2   4) <--> ( 3   3)        0.026599      0.000141      0.000101   WU     0.071477      0.051055
 ( 2   4) <--> ( 3   4)        0.048605      0.000472      0.000337   WU     0.238674      0.170481
 ( 2   1) <--> ( 4   1)        0.496439      0.049290      0.027384   WU    24.899062     13.832812
 ( 2   1) <--> ( 4   2)       -0.087278      0.001523      0.000846   WU     0.769596      0.427553
 ( 2   1) <--> ( 4   3)       -0.032660      0.000213      0.000119   WU     0.107768      0.059871
 ( 2   1) <--> ( 4   4)        0.022381      0.000100      0.000056   WU     0.050606      0.028114
 ( 2   2) <--> ( 4   1)        0.038899      0.000303      0.000168   WU     0.152869      0.084927
 ( 2   2) <--> ( 4   2)       -0.454570      0.041327      0.022959   WU    20.876227     11.597904
 ( 2   2) <--> ( 4   3)        0.111310      0.002478      0.001377   WU     1.251751      0.695417
 ( 2   2) <--> ( 4   4)        0.068377      0.000935      0.000519   WU     0.472360      0.262422
 ( 2   3) <--> ( 4   1)        0.326994      0.021385      0.011881   WU    10.802649      6.001471
 ( 2   3) <--> ( 4   2)       -0.110129      0.002426      0.001348   WU     1.225323      0.680735
 ( 2   3) <--> ( 4   3)       -0.369704      0.027336      0.015187   WU    13.808887      7.671604
 ( 2   3) <--> ( 4   4)        0.542644      0.058892      0.032718   WU    29.749527     16.527515
 ( 2   4) <--> ( 4   1)       -0.017835      0.000064      0.000035   WU     0.032137      0.017854
 ( 2   4) <--> ( 4   2)       -0.092866      0.001725      0.000958   WU     0.871290      0.484050
 ( 2   4) <--> ( 4   3)        0.082361      0.001357      0.000754   WU     0.685319      0.380733
 ( 2   4) <--> ( 4   4)        0.086029      0.001480      0.000822   WU     0.747729      0.415405
 ( 3   1) <--> ( 3   1)        0.000000      0.000000   (eb)
 ( 3   2) <--> ( 3   1)        0.000000      0.000000      0.000000   WU     0.000000      0.000000
 ( 3   2) <--> ( 3   2)        0.000000      0.000000   (eb)
 ( 3   3) <--> ( 3   1)        0.000000      0.000000      0.000000   WU     0.000000      0.000000
 ( 3   3) <--> ( 3   2)        0.000000      0.000000      0.000000   WU     0.000000      0.000000
 ( 3   3) <--> ( 3   3)        0.000000      0.000000   (eb)
 ( 3   4) <--> ( 3   1)        0.000000      0.000000      0.000000   WU     0.000000      0.000000
 ( 3   4) <--> ( 3   2)        0.000000      0.000000      0.000000   WU     0.000000      0.000000
 ( 3   4) <--> ( 3   3)        0.000000      0.000000      0.000000   WU     0.000000      0.000000
 ( 3   4) <--> ( 3   4)        0.000000      0.000000   (eb)
 ( 3   1) <--> ( 4   1)       -0.326978      0.015273      0.011879   WU     7.715411      6.000875
 ( 3   1) <--> ( 4   2)       -0.107120      0.001639      0.001275   WU     0.828066      0.644051
 ( 3   1) <--> ( 4   3)        0.598961      0.051251      0.039862   WU    25.889251     20.136084
 ( 3   1) <--> ( 4   4)        0.137831      0.002714      0.002111   WU     1.370940      1.066286
 ( 3   2) <--> ( 4   1)        0.014284      0.000029      0.000023   WU     0.014723      0.011452
 ( 3   2) <--> ( 4   2)        0.026712      0.000102      0.000079   WU     0.051493      0.040050
 ( 3   2) <--> ( 4   3)       -0.439205      0.027557      0.021433   WU    13.920569     10.827109
 ( 3   2) <--> ( 4   4)        0.147086      0.003091      0.002404   WU     1.561227      1.214288
 ( 3   3) <--> ( 4   1)        0.018277      0.000048      0.000037   WU     0.024107      0.018750
 ( 3   3) <--> ( 4   2)        0.016860      0.000041      0.000032   WU     0.020513      0.015954
 ( 3   3) <--> ( 4   3)        0.035458      0.000180      0.000140   WU     0.090732      0.070569
 ( 3   3) <--> ( 4   4)        0.047442      0.000322      0.000250   WU     0.162423      0.126329
 ( 3   4) <--> ( 4   1)        0.011881      0.000020      0.000016   WU     0.010186      0.007922
 ( 3   4) <--> ( 4   2)        0.006613      0.000006      0.000005   WU     0.003155      0.002454
 ( 3   4) <--> ( 4   3)        0.033188      0.000157      0.000122   WU     0.079486      0.061822
 ( 3   4) <--> ( 4   4)       -0.014020      0.000028      0.000022   WU     0.014185      0.011033
 ( 3   1) <--> ( 5   1)       -0.652042      0.060737      0.038651   WU    30.681336     19.524486
 ( 3   1) <--> ( 5   2)        0.138917      0.002757      0.001754   WU     1.392622      0.886214
 ( 3   1) <--> ( 5   3)        0.021790      0.000068      0.000043   WU     0.034264      0.021804
 ( 3   1) <--> ( 5   4)       -0.009323      0.000012      0.000008   WU     0.006273      0.003992
 ( 3   2) <--> ( 5   1)        0.330854      0.015638      0.009951   WU     7.899428      5.026909
 ( 3   2) <--> ( 5   2)       -0.130876      0.002447      0.001557   WU     1.236067      0.786588
 ( 3   2) <--> ( 5   3)       -0.620851      0.055065      0.035041   WU    27.816158     17.701191
 ( 3   2) <--> ( 5   4)        0.057384      0.000470      0.000299   WU     0.237629      0.151218
 ( 3   3) <--> ( 5   1)       -0.039961      0.000228      0.000145   WU     0.115235      0.073332
 ( 3   3) <--> ( 5   2)        0.243132      0.008445      0.005374   WU     4.265850      2.714632
 ( 3   3) <--> ( 5   3)        0.000945      0.000000      0.000000   WU     0.000064      0.000041
 ( 3   3) <--> ( 5   4)        0.685930      0.067214      0.042773   WU    33.953364     21.606686
 ( 3   4) <--> ( 5   1)       -0.021798      0.000068      0.000043   WU     0.034288      0.021820
 ( 3   4) <--> ( 5   2)        0.029470      0.000124      0.000079   WU     0.062673      0.039883
 ( 3   4) <--> ( 5   3)        0.321350      0.014752      0.009388   WU     7.452106      4.742250
 ( 3   4) <--> ( 5   4)       -0.107255      0.001643      0.001046   WU     0.830146      0.528275
 ( 4   1) <--> ( 4   1)       -0.123135     -0.092855   (eb)
 ( 4   2) <--> ( 4   1)        0.436077      0.021129      0.021129   WU    10.673465     10.673465
 ( 4   2) <--> ( 4   2)       -0.063360     -0.047780   (eb)
 ( 4   3) <--> ( 4   1)        0.094471      0.000992      0.000992   WU     0.500932      0.500932
 ( 4   3) <--> ( 4   2)        0.342442      0.013030      0.013030   WU     6.581915      6.581915
 ( 4   3) <--> ( 4   3)       -0.041279     -0.031128   (eb)
 ( 4   4) <--> ( 4   1)        0.016094      0.000029      0.000029   WU     0.014538      0.014538
 ( 4   4) <--> ( 4   2)        0.515765      0.029557      0.029557   WU    14.930772     14.930772
 ( 4   4) <--> ( 4   3)        0.164977      0.003024      0.003024   WU     1.527645      1.527645
 ( 4   4) <--> ( 4   4)       -0.097059     -0.073192   (eb)
 ( 4   1) <--> ( 5   1)        0.169410      0.003189      0.002609   WU     1.610854      1.317971
 ( 4   1) <--> ( 5   2)        0.021793      0.000053      0.000043   WU     0.026658      0.021811
 ( 4   1) <--> ( 5   3)        0.040572      0.000183      0.000150   WU     0.092392      0.075594
 ( 4   1) <--> ( 5   4)        0.024641      0.000067      0.000055   WU     0.034080      0.027883
 ( 4   2) <--> ( 5   1)        0.467530      0.024287      0.019871   WU    12.268664     10.037998
 ( 4   2) <--> ( 5   2)        0.131571      0.001923      0.001574   WU     0.971628      0.794968
 ( 4   2) <--> ( 5   3)       -0.016569      0.000031      0.000025   WU     0.015408      0.012607
 ( 4   2) <--> ( 5   4)        0.027046      0.000081      0.000066   WU     0.041057      0.033592
 ( 4   3) <--> ( 5   1)       -0.151160      0.002539      0.002077   WU     1.282481      1.049302
 ( 4   3) <--> ( 5   2)        0.725871      0.058543      0.047899   WU    29.573121     24.196190
 ( 4   3) <--> ( 5   3)        0.073862      0.000606      0.000496   WU     0.306208      0.250534
 ( 4   3) <--> ( 5   4)       -0.017123      0.000033      0.000027   WU     0.016456      0.013464
 ( 4   4) <--> ( 5   1)        0.062778      0.000438      0.000358   WU     0.221207      0.180988
 ( 4   4) <--> ( 5   2)        0.499604      0.027734      0.022691   WU    14.009731     11.462508
 ( 4   4) <--> ( 5   3)       -0.110811      0.001364      0.001116   WU     0.689195      0.563887
 ( 4   4) <--> ( 5   4)        0.000745      0.000000      0.000000   WU     0.000031      0.000026
 ( 4   1) <--> ( 6   1)       -0.775326      0.066792      0.046241   WU    33.740104     23.358534
 ( 4   1) <--> ( 6   2)       -0.085687      0.000816      0.000565   WU     0.412103      0.285302
 ( 4   1) <--> ( 6   3)       -0.039857      0.000177      0.000122   WU     0.089163      0.061728
 ( 4   1) <--> ( 6   4)        0.018316      0.000037      0.000026   WU     0.018830      0.013036
 ( 4   2) <--> ( 6   1)        0.092024      0.000941      0.000651   WU     0.475315      0.329064
 ( 4   2) <--> ( 6   2)        0.750543      0.062590      0.043332   WU    31.617599     21.889107
 ( 4   2) <--> ( 6   3)       -0.110225      0.001350      0.000935   WU     0.681924      0.472101
 ( 4   2) <--> ( 6   4)       -0.062969      0.000441      0.000305   WU     0.222552      0.154075
 ( 4   3) <--> ( 6   1)        0.343387      0.013102      0.009070   WU     6.618299      4.581900
 ( 4   3) <--> ( 6   2)       -0.022282      0.000055      0.000038   WU     0.027866      0.019292
 ( 4   3) <--> ( 6   3)        0.780509      0.067688      0.046861   WU    34.192758     23.671909
 ( 4   3) <--> ( 6   4)       -0.099503      0.001100      0.000762   WU     0.555714      0.384725
 ( 4   4) <--> ( 6   1)       -0.338433      0.012726      0.008811   WU     6.428724      4.450655
 ( 4   4) <--> ( 6   2)       -0.183588      0.003745      0.002593   WU     1.891760      1.309680
 ( 4   4) <--> ( 6   3)       -0.132319      0.001945      0.001347   WU     0.982707      0.680336
 ( 4   4) <--> ( 6   4)        0.770633      0.065986      0.045683   WU    33.332947     23.076655
 ( 5   1) <--> ( 5   1)       -0.139394     -0.101218   (eb)
 ( 5   2) <--> ( 5   1)        0.500163      0.022742      0.022742   WU    11.488155     11.488155
 ( 5   2) <--> ( 5   2)        0.111032      0.080624   (eb)
 ( 5   3) <--> ( 5   1)        0.016724      0.000025      0.000025   WU     0.012844      0.012844
 ( 5   3) <--> ( 5   2)       -0.207485      0.003914      0.003914   WU     1.976984      1.976984
 ( 5   3) <--> ( 5   3)       -0.074994     -0.054455   (eb)
 ( 5   4) <--> ( 5   1)       -0.012070      0.000013      0.000013   WU     0.006690      0.006690
 ( 5   4) <--> ( 5   2)       -0.064172      0.000374      0.000374   WU     0.189110      0.189110
 ( 5   4) <--> ( 5   3)        0.195783      0.003485      0.003485   WU     1.760258      1.760258
 ( 5   4) <--> ( 5   4)       -0.201219     -0.146110   (eb)
 ( 5   1) <--> ( 6   1)       -0.458939      0.019148      0.016202   WU     9.672462      8.184391
 ( 5   1) <--> ( 6   2)        0.157133      0.002245      0.001899   WU     1.133869      0.959427
 ( 5   1) <--> ( 6   3)       -0.494712      0.022249      0.018826   WU    11.239123      9.510028
 ( 5   1) <--> ( 6   4)       -0.029667      0.000080      0.000068   WU     0.040419      0.034201
 ( 5   2) <--> ( 6   1)       -0.038322      0.000134      0.000113   WU     0.067442      0.057066
 ( 5   2) <--> ( 6   2)        0.326320      0.009680      0.008191   WU     4.890083      4.137762
 ( 5   2) <--> ( 6   3)        0.183122      0.003049      0.002580   WU     1.539962      1.303045
 ( 5   2) <--> ( 6   4)        0.181442      0.002993      0.002532   WU     1.511836      1.279246
 ( 5   3) <--> ( 6   1)        0.015201      0.000021      0.000018   WU     0.010612      0.008979
 ( 5   3) <--> ( 6   2)       -0.027998      0.000071      0.000060   WU     0.035998      0.030459
 ( 5   3) <--> ( 6   3)        0.380590      0.013168      0.011142   WU     6.651846      5.628485
 ( 5   3) <--> ( 6   4)       -0.280154      0.007135      0.006037   WU     3.604301      3.049793
 ( 5   4) <--> ( 6   1)       -0.021304      0.000041      0.000035   WU     0.020842      0.017635
 ( 5   4) <--> ( 6   2)        0.007466      0.000005      0.000004   WU     0.002560      0.002166
 ( 5   4) <--> ( 6   3)        0.011398      0.000012      0.000010   WU     0.005966      0.005048
 ( 5   4) <--> ( 6   4)        0.009814      0.000009      0.000007   WU     0.004423      0.003743
 ( 5   1) <--> ( 7   1)        1.007527      0.092283      0.067674   WU    46.616681     34.185566
 ( 5   1) <--> ( 7   2)        0.114711      0.001196      0.000877   WU     0.604278      0.443137
 ( 5   1) <--> ( 7   3)       -0.010493      0.000010      0.000007   WU     0.005056      0.003708
 ( 5   1) <--> ( 7   4)       -0.040664      0.000150      0.000110   WU     0.075935      0.055685
 ( 5   2) <--> ( 7   1)       -0.089685      0.000731      0.000536   WU     0.369375      0.270875
 ( 5   2) <--> ( 7   2)       -0.785173      0.056045      0.041100   WU    28.311219     20.761560
 ( 5   2) <--> ( 7   3)       -0.163054      0.002417      0.001772   WU     1.220925      0.895345
 ( 5   2) <--> ( 7   4)        0.021473      0.000042      0.000031   WU     0.021174      0.015528
 ( 5   3) <--> ( 7   1)       -0.399735      0.014526      0.010653   WU     7.337896      5.381124
 ( 5   3) <--> ( 7   2)       -0.058570      0.000312      0.000229   WU     0.157536      0.115526
 ( 5   3) <--> ( 7   3)        0.091030      0.000753      0.000552   WU     0.380537      0.279061
 ( 5   3) <--> ( 7   4)        0.877631      0.070021      0.051349   WU    35.371362     25.938999
 ( 5   4) <--> ( 7   1)       -0.045135      0.000185      0.000136   WU     0.093553      0.068605
 ( 5   4) <--> ( 7   2)       -0.111685      0.001134      0.000832   WU     0.572819      0.420067
 ( 5   4) <--> ( 7   3)        0.041596      0.000157      0.000115   WU     0.079455      0.058267
 ( 5   4) <--> ( 7   4)       -0.046919      0.000200      0.000147   WU     0.101092      0.074134
 ( 6   1) <--> ( 6   1)       -0.239733     -0.167141   (eb)
 ( 6   2) <--> ( 6   1)       -0.483153      0.017957      0.017957   WU     9.070806      9.070806
 ( 6   2) <--> ( 6   2)       -0.223313     -0.155693   (eb)
 ( 6   3) <--> ( 6   1)       -0.125926      0.001220      0.001220   WU     0.616183      0.616183
 ( 6   3) <--> ( 6   2)        0.451988      0.015715      0.015715   WU     7.938368      7.938368
 ( 6   3) <--> ( 6   3)       -0.191837     -0.133748   (eb)
 ( 6   4) <--> ( 6   1)       -0.030498      0.000072      0.000072   WU     0.036143      0.036143
 ( 6   4) <--> ( 6   2)        0.587650      0.026564      0.026564   WU    13.418852     13.418852
 ( 6   4) <--> ( 6   3)        0.141820      0.001547      0.001547   WU     0.781542      0.781542
 ( 6   4) <--> ( 6   4)       -0.110462     -0.077014   (eb)
 ( 6   1) <--> ( 7   1)       -0.200035      0.003078      0.002668   WU     1.554855      1.347541
 ( 6   1) <--> ( 7   2)        0.030967      0.000074      0.000064   WU     0.037262      0.032294
 ( 6   1) <--> ( 7   3)       -0.010079      0.000008      0.000007   WU     0.003947      0.003421
 ( 6   1) <--> ( 7   4)       -0.045099      0.000156      0.000136   WU     0.079033      0.068495
 ( 6   2) <--> ( 7   1)        0.477891      0.017568      0.015225   WU     8.874301      7.691061
 ( 6   2) <--> ( 7   2)       -0.171711      0.002268      0.001966   WU     1.145707      0.992946
 ( 6   2) <--> ( 7   3)        0.015249      0.000018      0.000016   WU     0.009036      0.007831
 ( 6   2) <--> ( 7   4)       -0.011675      0.000010      0.000009   WU     0.005296      0.004590
 ( 6   3) <--> ( 7   1)       -0.175504      0.002369      0.002053   WU     1.196886      1.037301
 ( 6   3) <--> ( 7   2)       -0.620087      0.029578      0.025634   WU    14.941113     12.948964
 ( 6   3) <--> ( 7   3)        0.105129      0.000850      0.000737   WU     0.429462      0.372201
 ( 6   3) <--> ( 7   4)        0.095012      0.000694      0.000602   WU     0.350780      0.304009
 ( 6   4) <--> ( 7   1)        0.091787      0.000648      0.000562   WU     0.327373      0.283723
 ( 6   4) <--> ( 7   2)       -0.517124      0.020571      0.017828   WU    10.391235      9.005737
 ( 6   4) <--> ( 7   3)        0.056565      0.000246      0.000213   WU     0.124329      0.107752
 ( 6   4) <--> ( 7   4)       -0.142031      0.001552      0.001345   WU     0.783871      0.679355
 ( 6   1) <--> ( 8   1)        1.094714      0.092185      0.070494   WU    46.567078     35.610119
 ( 6   1) <--> ( 8   2)        0.069377      0.000370      0.000283   WU     0.187030      0.143023
 ( 6   1) <--> ( 8   3)       -0.036390      0.000102      0.000078   WU     0.051456      0.039349
 ( 6   1) <--> ( 8   4)        0.023206      0.000041      0.000032   WU     0.020925      0.016001
 ( 6   2) <--> ( 8   1)        0.152795      0.001796      0.001373   WU     0.907179      0.693725
 ( 6   2) <--> ( 8   2)        1.046824      0.084295      0.064461   WU    42.581886     32.562619
 ( 6   2) <--> ( 8   3)        0.089639      0.000618      0.000473   WU     0.312225      0.238760
 ( 6   2) <--> ( 8   4)        0.064291      0.000318      0.000243   WU     0.160610      0.122819
 ( 6   3) <--> ( 8   1)        0.449129      0.015517      0.011866   WU     7.838257      5.993961
 ( 6   3) <--> ( 8   2)       -0.112033      0.000965      0.000738   WU     0.487718      0.372961
 ( 6   3) <--> ( 8   3)       -1.046597      0.084259      0.064433   WU    42.563432     32.548507
 ( 6   3) <--> ( 8   4)        0.122074      0.001146      0.000877   WU     0.579059      0.442810
 ( 6   4) <--> ( 8   1)       -0.374136      0.010767      0.008234   WU     5.439206      4.159393
 ( 6   4) <--> ( 8   2)       -0.160957      0.001993      0.001524   WU     1.006689      0.769821
 ( 6   4) <--> ( 8   3)        0.012147      0.000011      0.000009   WU     0.005733      0.004384
 ( 6   4) <--> ( 8   4)       -0.983038      0.074336      0.056845   WU    37.550702     28.715243
 ( 7   1) <--> ( 7   1)       -0.306888     -0.205511   (eb)
 ( 7   2) <--> ( 7   1)       -0.568175      0.021522      0.021522   WU    10.871595     10.871595
 ( 7   2) <--> ( 7   2)       -0.088514     -0.059275   (eb)
 ( 7   3) <--> ( 7   1)        0.056254      0.000211      0.000211   WU     0.106569      0.106569
 ( 7   3) <--> ( 7   2)       -0.656284      0.028714      0.028714   WU    14.504865     14.504865
 ( 7   3) <--> ( 7   3)        0.322039      0.215658   (eb)
 ( 7   4) <--> ( 7   1)        0.036147      0.000087      0.000087   WU     0.044003      0.044003
 ( 7   4) <--> ( 7   2)        0.221935      0.003284      0.003284   WU     1.658751      1.658751
 ( 7   4) <--> ( 7   3)       -0.102663      0.000703      0.000703   WU     0.354939      0.354939
 ( 7   4) <--> ( 7   4)       -0.117729     -0.078838   (eb)
 ( 7   1) <--> ( 8   1)       -0.558416      0.020789      0.018343   WU    10.501337      9.265886
 ( 7   1) <--> ( 8   2)        0.205591      0.002818      0.002486   WU     1.423429      1.255967
 ( 7   1) <--> ( 8   3)        0.399747      0.010653      0.009400   WU     5.381459      4.748346
 ( 7   1) <--> ( 8   4)       -0.055792      0.000208      0.000183   WU     0.104826      0.092493
 ( 7   2) <--> ( 8   1)        0.053404      0.000190      0.000168   WU     0.096047      0.084747
 ( 7   2) <--> ( 8   2)       -0.483433      0.015581      0.013748   WU     7.870508      6.944566
 ( 7   2) <--> ( 8   3)        0.267919      0.004785      0.004222   WU     2.417325      2.132934
 ( 7   2) <--> ( 8   4)        0.322541      0.006936      0.006120   WU     3.503472      3.091299
 ( 7   3) <--> ( 8   1)       -0.008096      0.000004      0.000004   WU     0.002207      0.001948
 ( 7   3) <--> ( 8   2)        0.028631      0.000055      0.000048   WU     0.027605      0.024358
 ( 7   3) <--> ( 8   3)       -0.287943      0.005527      0.004877   WU     2.792183      2.463691
 ( 7   3) <--> ( 8   4)       -0.159878      0.001704      0.001504   WU     0.860809      0.759538
 ( 7   4) <--> ( 8   1)        0.023644      0.000037      0.000033   WU     0.018826      0.016611
 ( 7   4) <--> ( 8   2)       -0.032536      0.000071      0.000062   WU     0.035651      0.031456
 ( 7   4) <--> ( 8   3)       -0.315910      0.006653      0.005871   WU     3.360912      2.965510
 ( 7   4) <--> ( 8   4)        0.418456      0.011674      0.010300   WU     5.896965      5.203204
 ( 7   1) <--> ( 9   1)       -1.321474      0.116420      0.091910   WU    58.809359     46.428441
 ( 7   1) <--> ( 9   2)        0.107427      0.000769      0.000607   WU     0.388647      0.306827
 ( 7   1) <--> ( 9   3)        0.007418      0.000004      0.000003   WU     0.001853      0.001463
 ( 7   1) <--> ( 9   4)        0.010801      0.000008      0.000006   WU     0.003929      0.003102
 ( 7   2) <--> ( 9   1)       -0.095586      0.000609      0.000481   WU     0.307692      0.242915
 ( 7   2) <--> ( 9   2)        1.129800      0.085097      0.067181   WU    42.986560     33.936758
 ( 7   2) <--> ( 9   3)       -0.137692      0.001264      0.000998   WU     0.638483      0.504065
 ( 7   2) <--> ( 9   4)        0.011289      0.000008      0.000007   WU     0.004292      0.003388
 ( 7   3) <--> ( 9   1)        0.085148      0.000483      0.000382   WU     0.244161      0.192759
 ( 7   3) <--> ( 9   2)        0.102463      0.000700      0.000553   WU     0.353559      0.279125
 ( 7   3) <--> ( 9   3)       -0.846424      0.047762      0.037707   WU    24.127126     19.047731
 ( 7   3) <--> ( 9   4)        0.141560      0.001336      0.001055   WU     0.674856      0.532781
 ( 7   4) <--> ( 9   1)        0.416966      0.011591      0.009151   WU     5.855039      4.622399
 ( 7   4) <--> ( 9   2)        0.015041      0.000015      0.000012   WU     0.007618      0.006015
 ( 7   4) <--> ( 9   3)       -0.067550      0.000304      0.000240   WU     0.153669      0.121318
 ( 7   4) <--> ( 9   4)       -0.244283      0.003978      0.003141   WU     2.009622      1.586544
 ( 8   1) <--> ( 8   1)       -0.396853     -0.255651   (eb)
 ( 8   2) <--> ( 8   1)       -0.495721      0.014455      0.014455   WU     7.302075      7.302075
 ( 8   2) <--> ( 8   2)       -0.398312     -0.256591   (eb)
 ( 8   3) <--> ( 8   1)        0.146510      0.001263      0.001263   WU     0.637831      0.637831
 ( 8   3) <--> ( 8   2)       -0.560688      0.018492      0.018492   WU     9.341446      9.341446
 ( 8   3) <--> ( 8   3)       -0.297677     -0.191762   (eb)
 ( 8   4) <--> ( 8   1)        0.011716      0.000008      0.000008   WU     0.004078      0.004078
 ( 8   4) <--> ( 8   2)       -0.529886      0.016516      0.016516   WU     8.343280      8.343280
 ( 8   4) <--> ( 8   3)        0.068368      0.000275      0.000275   WU     0.138894      0.138894
 ( 8   4) <--> ( 8   4)       -0.221616     -0.142764   (eb)
 ( 8   1) <--> ( 9   1)        0.216426      0.002755      0.002465   WU     1.391841      1.245331
 ( 8   1) <--> ( 9   2)        0.027508      0.000045      0.000040   WU     0.022484      0.020118
 ( 8   1) <--> ( 9   3)        0.013937      0.000011      0.000010   WU     0.005771      0.005164
 ( 8   1) <--> ( 9   4)        0.013677      0.000011      0.000010   WU     0.005558      0.004973
 ( 8   2) <--> ( 9   1)       -0.511706      0.015403      0.013781   WU     7.780585      6.961576
 ( 8   2) <--> ( 9   2)       -0.189567      0.002114      0.001891   WU     1.067815      0.955413
 ( 8   2) <--> ( 9   3)       -0.013286      0.000010      0.000009   WU     0.005245      0.004693
 ( 8   2) <--> ( 9   4)       -0.008190      0.000004      0.000004   WU     0.001993      0.001784
 ( 8   3) <--> ( 9   1)       -0.126767      0.000945      0.000846   WU     0.477513      0.427248
 ( 8   3) <--> ( 9   2)        0.627031      0.023128      0.020693   WU    11.682882     10.453105
 ( 8   3) <--> ( 9   3)        0.134764      0.001068      0.000956   WU     0.539659      0.482853
 ( 8   3) <--> ( 9   4)        0.026826      0.000042      0.000038   WU     0.021384      0.019133
 ( 8   4) <--> ( 9   1)        0.152764      0.001373      0.001228   WU     0.693446      0.620452
 ( 8   4) <--> ( 9   2)        0.538643      0.017067      0.015270   WU     8.621333      7.713824
 ( 8   4) <--> ( 9   3)        0.012346      0.000009      0.000008   WU     0.004529      0.004052
 ( 8   4) <--> ( 9   4)       -0.057596      0.000195      0.000175   WU     0.098573      0.088197
 ( 8   1) <--> (10   1)       -1.426375      0.119679      0.096883   WU    60.455939     48.940522
 ( 8   1) <--> (10   2)        0.057535      0.000195      0.000158   WU     0.098363      0.079627
 ( 8   1) <--> (10   3)       -0.036699      0.000079      0.000064   WU     0.040019      0.032397
 ( 8   1) <--> (10   4)        0.043821      0.000113      0.000091   WU     0.057060      0.046192
 ( 8   2) <--> (10   1)       -0.156543      0.001442      0.001167   WU     0.728183      0.589481
 ( 8   2) <--> (10   2)        1.330908      0.104195      0.084348   WU    52.634160     42.608606
 ( 8   2) <--> (10   3)        0.081107      0.000387      0.000313   WU     0.195475      0.158242
 ( 8   2) <--> (10   4)        0.073321      0.000316      0.000256   WU     0.159744      0.129316
 ( 8   3) <--> (10   1)        0.458154      0.012347      0.009995   WU     6.237271      5.049220
 ( 8   3) <--> (10   2)        0.179040      0.001886      0.001526   WU     0.952516      0.771085
 ( 8   3) <--> (10   3)        1.262215      0.093717      0.075866   WU    47.341135     38.323776
 ( 8   3) <--> (10   4)       -0.147767      0.001284      0.001040   WU     0.648824      0.525239
 ( 8   4) <--> (10   1)       -0.392901      0.009081      0.007351   WU     4.587106      3.713371
 ( 8   4) <--> (10   2)        0.040518      0.000097      0.000078   WU     0.048783      0.039491
 ( 8   4) <--> (10   3)        0.094455      0.000525      0.000425   WU     0.265110      0.214613
 ( 8   4) <--> (10   4)        1.196055      0.084150      0.068121   WU    42.508313     34.411491
 ( 9   1) <--> ( 9   1)       -0.461073     -0.286272   (eb)
 ( 9   2) <--> ( 9   1)        0.576199      0.017474      0.017474   WU     8.826970      8.826970
 ( 9   2) <--> ( 9   2)       -0.296539     -0.184116   (eb)
 ( 9   3) <--> ( 9   1)        0.077085      0.000313      0.000313   WU     0.157980      0.157980
 ( 9   3) <--> ( 9   2)        0.769174      0.031138      0.031138   WU    15.729566     15.729566
 ( 9   3) <--> ( 9   3)        0.070681      0.043884   (eb)
 ( 9   4) <--> ( 9   1)        0.021177      0.000024      0.000024   WU     0.011923      0.011923
 ( 9   4) <--> ( 9   2)        0.011981      0.000008      0.000008   WU     0.003816      0.003816
 ( 9   4) <--> ( 9   3)        0.700185      0.025803      0.025803   WU    13.034431     13.034431
 ( 9   4) <--> ( 9   4)        0.502829      0.312197   (eb)
 ( 9   1) <--> (10   1)       -0.627251      0.020708      0.018735   WU    10.460440      9.464208
 ( 9   1) <--> (10   2)       -0.246943      0.003210      0.002904   WU     1.621283      1.466875
 ( 9   1) <--> (10   3)       -0.298985      0.004705      0.004257   WU     2.376649      2.150302
 ( 9   1) <--> (10   4)        0.146594      0.001131      0.001023   WU     0.571346      0.516932
 ( 9   2) <--> (10   1)       -0.054048      0.000154      0.000139   WU     0.077664      0.070268
 ( 9   2) <--> (10   2)       -0.600714      0.018992      0.017184   WU     9.594050      8.680331
 ( 9   2) <--> (10   3)        0.377332      0.007494      0.006780   WU     3.785419      3.424903
 ( 9   2) <--> (10   4)        0.480180      0.012135      0.010980   WU     6.130201      5.546373
 ( 9   3) <--> (10   1)       -0.011383      0.000007      0.000006   WU     0.003445      0.003117
 ( 9   3) <--> (10   2)       -0.044472      0.000104      0.000094   WU     0.052582      0.047574
 ( 9   3) <--> (10   3)        0.445768      0.010458      0.009462   WU     5.283056      4.779908
 ( 9   3) <--> (10   4)        0.147881      0.001151      0.001041   WU     0.581423      0.526050
 ( 9   4) <--> (10   1)       -0.000350      0.000000      0.000000   WU     0.000003      0.000003
 ( 9   4) <--> (10   2)        0.002089      0.000000      0.000000   WU     0.000116      0.000105
 ( 9   4) <--> (10   3)        0.064884      0.000222      0.000200   WU     0.111930      0.101270
 ( 9   4) <--> (10   4)       -0.193590      0.001972      0.001785   WU     0.996401      0.901506
 (10   1) <--> (10   1)       -0.552172     -0.331078   (eb)
 (10   2) <--> (10   1)        0.482829      0.011101      0.011101   WU     5.607740      5.607740
 (10   2) <--> (10   2)       -0.558502     -0.334874   (eb)
 (10   3) <--> (10   1)       -0.151180      0.001088      0.001088   WU     0.549781      0.549781
 (10   3) <--> (10   2)       -0.637519      0.019354      0.019354   WU     9.776601      9.776601
 (10   3) <--> (10   3)       -0.415147     -0.248920   (eb)
 (10   4) <--> (10   1)        0.030922      0.000046      0.000046   WU     0.023001      0.023001
 (10   4) <--> (10   2)       -0.387537      0.007152      0.007152   WU     3.612663      3.612663
 (10   4) <--> (10   3)       -0.096089      0.000440      0.000440   WU     0.222100      0.222100
 (10   4) <--> (10   4)       -0.370838     -0.222352   (eb)
 
  quadrupole shape invariant: 01+, 02+, 03+, 04+
quadr2     0.07105885     0.17495552     0.17914654     0.22735323
quadr3     0.01496943     0.05437772     0.05882643     0.08732567
  effective deformation parameters:  01+, 02+, 03+, 04+
beteff     0.19307058     0.30294993     0.30655700     0.34534852
cos3ga     0.79027458     0.74306968     0.77581799     0.80554582
 
 ********* END Transition **************************
