 ********* BEGIN READER ****************************
 
 Nucleus            :  Dy  66 134
 Imin, Imax         :     0  10
 imu, remu          :     1 12.0000
 nlevel             :     4
 observables        :     2
 wave fun           :     1
 nbet, ngam, npar   :    10   7  10
 Finish reading parameters: V, B_k ...
 
 ********* END READER ******************************
 
 ********* BEGIN LEVELS ********************
 
 E_0 = -1482.732513
 
  I=   0   ntot= 127
   0   1    0.000000
   0   2    1.510613
   0   3    2.168847
   0   4    2.678831
 
  I=   2   ntot= 234
   2   1    0.383226
   2   2    1.318047
   2   3    1.959097
   2   4    2.678067
 
  I=   3   ntot= 108
   3   1    1.894753
   3   2    3.219367
   3   3    4.158159
   3   4    4.393511
 
  I=   4   ntot= 324
   4   1    0.963610
   4   2    2.052030
   4   3    2.476396
   4   4    2.829145
 
  I=   5   ntot= 198
   5   1    2.675059
   5   2    3.631366
   5   3    3.853133
   5   4    4.682802
 
  I=   6   ntot= 432
   6   1    1.707812
   6   2    2.862672
   6   3    3.095977
   6   4    3.702238
 
  I=   7   ntot= 306
   7   1    3.545767
   7   2    4.461767
   7   3    4.622827
   7   4    5.332311
 
  I=   8   ntot= 522
   8   1    2.586709
   8   2    3.695822
   8   3    3.861462
   8   4    4.551639
 
  I=   9   ntot= 397
   9   1    4.468149
   9   2    5.269474
   9   3    5.529410
   9   4    6.141303
 
  I=  10   ntot= 630
  10   1    3.566804
  10   2    4.493705
  10   3    4.792971
  10   4    5.370846
 
 ********* END LEVELS **********************
 
 ********* BEGIN Transition ************************
 
  Monopole moment 
 
   I   n    <In|E0|In>   ave \beta      del<b>   ave \gamma    del<g>  
     K=0       K=2       K=4   
   0   1     29.217105    0.194428    0.045890   21.130353   11.230380  100.0000    0.0000    0.0000
   0   2     29.428950    0.242438    0.078963   16.443704   11.142971  100.0000    0.0000    0.0000
   0   3     29.414539    0.232483    0.052488   32.896431   10.624681  100.0000    0.0000    0.0000
   0   4     29.759862    0.306155    0.103110   13.791031   10.977258   99.9999    0.0000    0.0000
   2   1     29.271488    0.205580    0.046182   19.270500   10.772071   96.7803    3.2198    0.0000
   2   2     29.295312    0.210609    0.048610   26.610349   11.106095    9.3533   90.6467    0.0000
   2   3     29.574363    0.269280    0.078437   16.234803   10.851833   92.8283    7.1717    0.0000
   2   4     29.593420    0.270628    0.079098   20.802462   10.869549   25.8593   74.1407    0.0000
   3   1     29.389154    0.228490    0.049515   23.554123    9.383375    0.0000  100.0000    0.0000
   3   2     29.775201    0.301992    0.080495   19.759956    9.675943    0.0000  100.0000    0.0000
   3   3     29.868951    0.313849    0.079893   23.126011   13.709854    0.0000  100.0000    0.0000
   3   4     29.977999    0.335168    0.106035   18.474776   10.594397    0.0000   99.9999    0.0000
   4   1     29.325041    0.216456    0.047650   18.228239   10.630847   93.2424    6.1644    0.5932
   4   2     29.381068    0.228114    0.055035   24.382535   12.401140   19.1111   64.6738   16.2150
   4   3     29.687218    0.289056    0.079542   16.013287   10.895665   87.2656   12.0488    0.6856
   4   4     29.469206    0.244130    0.057655   26.448799   11.553034    2.8199   31.7784   65.4017
   5   1     29.483460    0.246628    0.054153   21.916658    9.473823    0.0000   92.3701    7.6299
   5   2     29.619384    0.271195    0.063175   23.935813   10.500225    0.0000   18.4019   81.5981
   5   3     29.878888    0.318669    0.084813   19.102256    9.932537    0.0000   86.5894   13.4105
   5   4     29.968795    0.332409    0.098019   20.211500   11.458277    0.0000   32.1463   67.8537
   6   1     29.385811    0.228677    0.050438   17.563059   10.622783   88.6814   10.2806    0.8411
   6   2     29.513088    0.254935    0.068312   20.677231   13.597742   34.5795   47.8196   12.9765
   6   3     29.776953    0.303631    0.082267   16.565026   11.334225   76.1308   20.6684    2.5621
   6   4     29.633065    0.275568    0.072501   23.518269   13.264391    6.3940   46.2506   19.9062
   7   1     29.610489    0.270381    0.060513   20.355389    9.610091    0.0000   87.2420   11.6845
   7   2     29.923225    0.326251    0.085917   18.072427   10.874297    0.0000   61.2913   29.3392
   7   3     29.846983    0.309854    0.080786   22.200928   10.583866    0.0000   46.6619   41.7370
   7   4     29.993509    0.333520    0.080741   21.300592   11.108381    0.0000    9.3191   43.3285
   8   1     29.464150    0.244206    0.055168   17.012719   10.686537   83.6372   14.7301    1.3421
   8   2     29.838762    0.316039    0.087571   14.148958   12.020770   73.5901   18.2394    5.7542
   8   3     29.711509    0.288613    0.076512   21.285848   11.706741   40.0758   44.3775   11.3978
   8   4     29.933987    0.329468    0.092971   17.610227   13.511303   21.0335   51.5912    9.8485
   9   1     29.797478    0.303473    0.067152   18.646546    9.636391    0.0000   83.8655   14.2665
   9   2     30.114754    0.357019    0.096018   15.996842   10.404306    0.0000   75.8099   16.9640
   9   3     29.931617    0.321488    0.073074   23.025100    9.940238    0.0000   32.4148   46.1685
   9   4     30.216388    0.369358    0.095920   18.363380   11.849362    0.0000   24.2138   44.7820
  10   1     29.582111    0.266908    0.062650   16.322847   10.782689   78.7728   18.9113    1.9351
  10   2     30.066875    0.352708    0.092757   12.603969   10.498208   83.9022   12.9884    2.2586
  10   3     29.789420    0.300193    0.067548   22.228395   10.966294   30.8277   47.1347   15.8631
  10   4     30.188071    0.371002    0.106548   14.116807   13.226075   43.8185   39.1601    7.5654
 
  rho^2(E0) 
 
   I  n_1 n_2  <In_1|E0|In_2>  rho^2(E0) 
   0   1   1       29.217105 1533.194108
   0   2   1        0.206891    0.076879
   0   2   2       29.428950 1555.508276
   0   3   1       -0.042982    0.003318
   0   3   2       -0.066937    0.008047
   0   3   3       29.414539 1553.985178
   0   4   1       -0.024136    0.001046
   0   4   2        0.349865    0.219849
   0   4   3       -0.061014    0.006686
   0   4   4       29.759862 1590.686599
   2   1   1       29.271488 1538.907010
   2   2   1        0.043345    0.003374
   2   2   2       29.295312 1541.413147
   2   3   1        0.210575    0.079641
   2   3   2        0.015864    0.000452
   2   3   3       29.574363 1570.918213
   2   4   1       -0.001810    0.000006
   2   4   2       -0.200608    0.072280
   2   4   3       -0.086599    0.013469
   2   4   4       29.593420 1572.943424
   3   1   1       29.389154 1551.304116
   3   2   1       -0.245814    0.108526
   3   2   2       29.775201 1592.326813
   3   3   1       -0.018294    0.000601
   3   3   2       -0.196464    0.069325
   3   3   3       29.868951 1602.369750
   3   4   1        0.044589    0.003571
   3   4   2        0.380447    0.259963
   3   4   3       -0.179759    0.058037
   3   4   4       29.977999 1614.091155
   4   1   1       29.325041 1544.543158
   4   2   1        0.064518    0.007476
   4   2   2       29.381068 1550.450698
   4   3   1       -0.213827    0.082120
   4   3   2       -0.048177    0.004169
   4   3   3       29.687218 1582.930329
   4   4   1        0.008339    0.000125
   4   4   2        0.074073    0.009855
   4   4   3       -0.022167    0.000883
   4   4   4       29.469206 1559.766747
   5   1   1       29.483460 1561.276046
   5   2   1        0.080786    0.011722
   5   2   2       29.619384 1575.704759
   5   3   1       -0.264626    0.125773
   5   3   2       -0.088223    0.013979
   5   3   3       29.878888 1603.436059
   5   4   1       -0.028693    0.001479
   5   4   2        0.322813    0.187166
   5   4   3       -0.154193    0.042703
   5   4   4       29.968795 1613.100218
   6   1   1       29.385811 1550.951303
   6   2   1       -0.106841    0.020502
   6   2   2       29.513088 1564.415442
   6   3   1       -0.214181    0.082392
   6   3   2        0.114969    0.023740
   6   3   3       29.776953 1592.514131
   6   4   1       -0.004564    0.000037
   6   4   2       -0.133489    0.032005
   6   4   3       -0.012883    0.000298
   6   4   4       29.633065 1577.160700
   7   1   1       29.610489 1574.758478
   7   2   1       -0.243285    0.106305
   7   2   2       29.923225 1608.198236
   7   3   1       -0.216298    0.084029
   7   3   2        0.139236    0.034820
   7   3   3       29.846983 1600.013621
   7   4   1       -0.015613    0.000438
   7   4   2       -0.217120    0.084668
   7   4   3        0.040609    0.002962
   7   4   4       29.993509 1615.761830
   8   1   1       29.464150 1559.231572
   8   2   1       -0.228187    0.093520
   8   2   2       29.838762 1599.132300
   8   3   1       -0.142801    0.036626
   8   3   2        0.165033    0.048918
   8   3   3       29.711509 1585.521813
   8   4   1        0.021565    0.000835
   8   4   2        0.257789    0.119358
   8   4   3       -0.072810    0.009521
   8   4   4       29.933987 1609.355263
   9   1   1       29.797478 1594.710372
   9   2   1       -0.347238    0.216559
   9   2   2       30.114754 1628.851300
   9   3   1       -0.179425    0.057822
   9   3   2        0.059958    0.006457
   9   3   3       29.931617 1609.100460
   9   4   1       -0.007653    0.000105
   9   4   2       -0.334157    0.200550
   9   4   3        0.096881    0.016858
   9   4   4       30.216388 1639.864156
  10   1   1       29.582111 1571.741511
  10   2   1       -0.313413    0.176424
  10   2   2       30.066875 1623.675965
  10   3   1        0.083729    0.012592
  10   3   2       -0.052918    0.005030
  10   3   3       29.789420 1593.847909
  10   4   1       -0.027893    0.001397
  10   4   2       -0.367922    0.243128
  10   4   3       -0.180206    0.058326
  10   4   4       30.188071 1636.792043
 
  E2 transition 
 
  I1  n1        I2  n2       <f||E2||i>   B(E2,I1->I2)  B(E2,I2->I1)
 ( 0   1) <--> ( 2   1)        1.407325      1.980565      0.396113   WU   285.077254     57.015451
 ( 0   1) <--> ( 2   2)       -0.169199      0.028628      0.005726   WU     4.120670      0.824134
 ( 0   1) <--> ( 2   3)        0.208422      0.043440      0.008688   WU     6.252587      1.250517
 ( 0   1) <--> ( 2   4)        0.011333      0.000128      0.000026   WU     0.018488      0.003698
 ( 0   2) <--> ( 2   1)        0.560802      0.314499      0.062900   WU    45.268101      9.053620
 ( 0   2) <--> ( 2   2)        0.394655      0.155753      0.031151   WU    22.418642      4.483728
 ( 0   2) <--> ( 2   3)        1.671570      2.794146      0.558829   WU   402.181987     80.436397
 ( 0   2) <--> ( 2   4)        0.143100      0.020478      0.004096   WU     2.947478      0.589496
 ( 0   3) <--> ( 2   1)        0.048388      0.002341      0.000468   WU     0.337013      0.067403
 ( 0   3) <--> ( 2   2)        0.560380      0.314026      0.062805   WU    45.200042      9.040008
 ( 0   3) <--> ( 2   3)       -0.490057      0.240156      0.048031   WU    34.567428      6.913486
 ( 0   3) <--> ( 2   4)        0.558041      0.311410      0.062282   WU    44.823540      8.964708
 ( 0   4) <--> ( 2   1)       -0.046935      0.002203      0.000441   WU     0.317080      0.063416
 ( 0   4) <--> ( 2   2)        0.158745      0.025200      0.005040   WU     3.627196      0.725439
 ( 0   4) <--> ( 2   3)        0.991352      0.982778      0.196556   WU   141.458429     28.291686
 ( 0   4) <--> ( 2   4)       -0.567641      0.322216      0.064443   WU    46.378922      9.275784
 ( 2   1) <--> ( 2   1)       -1.462681     -1.108615   (eb)
 ( 2   2) <--> ( 2   1)       -1.065373      0.227004      0.227004   WU    32.674369     32.674369
 ( 2   2) <--> ( 2   2)        1.267289      0.960521   (eb)
 ( 2   3) <--> ( 2   1)       -0.259522      0.013470      0.013470   WU     1.938877      1.938877
 ( 2   3) <--> ( 2   2)       -0.708664      0.100441      0.100441   WU    14.457195     14.457195
 ( 2   3) <--> ( 2   3)       -1.750533     -1.326787   (eb)
 ( 2   4) <--> ( 2   1)       -0.003545      0.000003      0.000003   WU     0.000362      0.000362
 ( 2   4) <--> ( 2   2)       -0.228656      0.010457      0.010457   WU     1.505118      1.505118
 ( 2   4) <--> ( 2   3)        1.324810      0.351024      0.351024   WU    50.525526     50.525526
 ( 2   4) <--> ( 2   4)        0.934095      0.707982   (eb)
 ( 2   1) <--> ( 3   1)       -0.325446      0.021183      0.015131   WU     3.049026      2.177875
 ( 2   1) <--> ( 3   2)       -0.051049      0.000521      0.000372   WU     0.075020      0.053586
 ( 2   1) <--> ( 3   3)       -0.021569      0.000093      0.000066   WU     0.013393      0.009566
 ( 2   1) <--> ( 3   4)       -0.003502      0.000002      0.000002   WU     0.000353      0.000252
 ( 2   2) <--> ( 3   1)       -2.104968      0.886178      0.632984   WU   127.554110     91.110079
 ( 2   2) <--> ( 3   2)        0.144394      0.004170      0.002979   WU     0.600206      0.428718
 ( 2   2) <--> ( 3   3)        0.021029      0.000088      0.000063   WU     0.012731      0.009093
 ( 2   2) <--> ( 3   4)       -0.064576      0.000834      0.000596   WU     0.120047      0.085748
 ( 2   3) <--> ( 3   1)        0.401426      0.032229      0.023020   WU     4.638901      3.313501
 ( 2   3) <--> ( 3   2)        0.167296      0.005598      0.003998   WU     0.805707      0.575505
 ( 2   3) <--> ( 3   3)        0.025756      0.000133      0.000095   WU     0.019096      0.013640
 ( 2   3) <--> ( 3   4)       -0.038594      0.000298      0.000213   WU     0.042879      0.030628
 ( 2   4) <--> ( 3   1)        1.403338      0.393872      0.281337   WU    56.692821     40.494872
 ( 2   4) <--> ( 3   2)       -2.455734      1.206126      0.861518   WU   173.606508    124.004649
 ( 2   4) <--> ( 3   3)        0.221964      0.009854      0.007038   WU     1.418303      1.013074
 ( 2   4) <--> ( 3   4)        0.047029      0.000442      0.000316   WU     0.063671      0.045479
 ( 2   1) <--> ( 4   1)        2.424398      1.175541      0.653078   WU   169.204226     94.002348
 ( 2   1) <--> ( 4   2)        0.045317      0.000411      0.000228   WU     0.059118      0.032843
 ( 2   1) <--> ( 4   3)       -0.258065      0.013319      0.007400   WU     1.917173      1.065096
 ( 2   1) <--> ( 4   4)       -0.006890      0.000009      0.000005   WU     0.001366      0.000759
 ( 2   2) <--> ( 4   1)        0.088947      0.001582      0.000879   WU     0.227755      0.126531
 ( 2   2) <--> ( 4   2)        1.789544      0.640494      0.355830   WU    92.190973     51.217207
 ( 2   2) <--> ( 4   3)        0.002060      0.000001      0.000000   WU     0.000122      0.000068
 ( 2   2) <--> ( 4   4)       -0.196693      0.007738      0.004299   WU     1.113730      0.618739
 ( 2   3) <--> ( 4   1)        0.882598      0.155796      0.086553   WU    22.424861     12.458256
 ( 2   3) <--> ( 4   2)        0.514965      0.053038      0.029465   WU     7.634114      4.241174
 ( 2   3) <--> ( 4   3)       -3.058938      1.871421      1.039678   WU   269.367316    149.648509
 ( 2   3) <--> ( 4   4)        0.160900      0.005178      0.002877   WU     0.745271      0.414039
 ( 2   4) <--> ( 4   1)        0.108909      0.002372      0.001318   WU     0.341451      0.189695
 ( 2   4) <--> ( 4   2)       -0.328440      0.021575      0.011986   WU     3.105384      1.725213
 ( 2   4) <--> ( 4   3)        0.402723      0.032437      0.018021   WU     4.668926      2.593848
 ( 2   4) <--> ( 4   4)       -0.806093      0.129957      0.072198   WU    18.705704     10.392058
 ( 3   1) <--> ( 3   1)        0.000000      0.000000   (eb)
 ( 3   2) <--> ( 3   1)        0.000000      0.000000      0.000000   WU     0.000000      0.000000
 ( 3   2) <--> ( 3   2)        0.000000      0.000000   (eb)
 ( 3   3) <--> ( 3   1)        0.000000      0.000000      0.000000   WU     0.000000      0.000000
 ( 3   3) <--> ( 3   2)        0.000000      0.000000      0.000000   WU     0.000000      0.000000
 ( 3   3) <--> ( 3   3)        0.000000      0.000000   (eb)
 ( 3   4) <--> ( 3   1)        0.000000      0.000000      0.000000   WU     0.000000      0.000000
 ( 3   4) <--> ( 3   2)        0.000000      0.000000      0.000000   WU     0.000000      0.000000
 ( 3   4) <--> ( 3   3)        0.000000      0.000000      0.000000   WU     0.000000      0.000000
 ( 3   4) <--> ( 3   4)        0.000000      0.000000   (eb)
 ( 3   1) <--> ( 4   1)        0.862111      0.106177      0.082582   WU    15.282766     11.886596
 ( 3   1) <--> ( 4   2)       -1.586164      0.359416      0.279546   WU    51.733453     40.237130
 ( 3   1) <--> ( 4   3)       -0.759345      0.082372      0.064067   WU    11.856438      9.221674
 ( 3   1) <--> ( 4   4)       -1.694096      0.409994      0.318884   WU    59.013488     45.899379
 ( 3   2) <--> ( 4   1)        0.028484      0.000116      0.000090   WU     0.016683      0.012976
 ( 3   2) <--> ( 4   2)        0.258995      0.009583      0.007453   WU     1.379300      1.072789
 ( 3   2) <--> ( 4   3)        1.129011      0.182095      0.141629   WU    26.210269     20.385765
 ( 3   2) <--> ( 4   4)        0.912351      0.118912      0.092487   WU    17.115902     13.312368
 ( 3   3) <--> ( 4   1)        0.007207      0.000007      0.000006   WU     0.001068      0.000831
 ( 3   3) <--> ( 4   2)       -0.015049      0.000032      0.000025   WU     0.004657      0.003622
 ( 3   3) <--> ( 4   3)       -0.020537      0.000060      0.000047   WU     0.008673      0.006745
 ( 3   3) <--> ( 4   4)       -0.248572      0.008827      0.006865   WU     1.270515      0.988178
 ( 3   4) <--> ( 4   1)        0.009530      0.000013      0.000010   WU     0.001867      0.001452
 ( 3   4) <--> ( 4   2)       -0.071702      0.000734      0.000571   WU     0.105715      0.082223
 ( 3   4) <--> ( 4   3)       -0.095433      0.001301      0.001012   WU     0.187271      0.145655
 ( 3   4) <--> ( 4   4)       -0.171884      0.004221      0.003283   WU     0.607502      0.472502
 ( 3   1) <--> ( 5   1)        2.422960      0.838676      0.533703   WU   120.716826     76.819798
 ( 3   1) <--> ( 5   2)       -0.100182      0.001434      0.000912   WU     0.206372      0.131328
 ( 3   1) <--> ( 5   3)       -0.109165      0.001702      0.001083   WU     0.245043      0.155936
 ( 3   1) <--> ( 5   4)        0.021321      0.000065      0.000041   WU     0.009348      0.005949
 ( 3   2) <--> ( 5   1)       -1.003203      0.143774      0.091492   WU    20.694394     13.169160
 ( 3   2) <--> ( 5   2)       -0.851467      0.103571      0.065909   WU    14.907730      9.486738
 ( 3   2) <--> ( 5   3)        2.960497      1.252078      0.796777   WU   180.220736    114.685923
 ( 3   2) <--> ( 5   4)        0.072306      0.000747      0.000475   WU     0.107503      0.068411
 ( 3   3) <--> ( 5   1)        0.191292      0.005227      0.003327   WU     0.752432      0.478820
 ( 3   3) <--> ( 5   2)        1.174104      0.196931      0.125320   WU    28.345794     18.038233
 ( 3   3) <--> ( 5   3)       -0.606915      0.052621      0.033486   WU     7.574094      4.819878
 ( 3   3) <--> ( 5   4)        1.514097      0.327499      0.208408   WU    47.139292     29.997731
 ( 3   4) <--> ( 5   1)        0.205281      0.006020      0.003831   WU     0.866511      0.551416
 ( 3   4) <--> ( 5   2)        0.083456      0.000995      0.000633   WU     0.143215      0.091137
 ( 3   4) <--> ( 5   3)        1.449003      0.299944      0.190874   WU    43.173191     27.473849
 ( 3   4) <--> ( 5   4)       -1.251060      0.223593      0.142286   WU    32.183370     20.480326
 ( 4   1) <--> ( 4   1)       -1.889616     -1.424951   (eb)
 ( 4   2) <--> ( 4   1)       -1.229807      0.168047      0.168047   WU    24.188290     24.188290
 ( 4   2) <--> ( 4   2)       -0.411477     -0.310293   (eb)
 ( 4   3) <--> ( 4   1)        0.248034      0.006836      0.006836   WU     0.983908      0.983908
 ( 4   3) <--> ( 4   2)        0.676582      0.050863      0.050863   WU     7.321023      7.321023
 ( 4   3) <--> ( 4   3)       -2.437173     -1.837862   (eb)
 ( 4   4) <--> ( 4   1)       -0.076258      0.000646      0.000646   WU     0.093004      0.093004
 ( 4   4) <--> ( 4   2)       -1.752846      0.341386      0.341386   WU    49.138136     49.138136
 ( 4   4) <--> ( 4   3)        0.119575      0.001589      0.001589   WU     0.228672      0.228672
 ( 4   4) <--> ( 4   4)        1.374403      1.036431   (eb)
 ( 4   1) <--> ( 5   1)       -0.232688      0.006016      0.004922   WU     0.865920      0.708480
 ( 4   1) <--> ( 5   2)        0.013025      0.000019      0.000015   WU     0.002713      0.002220
 ( 4   1) <--> ( 5   3)       -0.070279      0.000549      0.000449   WU     0.078991      0.064629
 ( 4   1) <--> ( 5   4)       -0.008212      0.000007      0.000006   WU     0.001079      0.000882
 ( 4   2) <--> ( 5   1)       -1.890759      0.397219      0.324997   WU    57.174619     46.779234
 ( 4   2) <--> ( 5   2)       -0.288881      0.009272      0.007587   WU     1.334653      1.091989
 ( 4   2) <--> ( 5   3)        0.045740      0.000232      0.000190   WU     0.033459      0.027376
 ( 4   2) <--> ( 5   4)        0.098422      0.001076      0.000881   WU     0.154923      0.126755
 ( 4   3) <--> ( 5   1)       -0.502834      0.028094      0.022986   WU     4.043720      3.308498
 ( 4   3) <--> ( 5   2)       -0.176718      0.003470      0.002839   WU     0.499451      0.408642
 ( 4   3) <--> ( 5   3)       -0.141087      0.002212      0.001810   WU     0.318350      0.260468
 ( 4   3) <--> ( 5   4)       -0.002947      0.000001      0.000001   WU     0.000139      0.000114
 ( 4   4) <--> ( 5   1)       -0.566531      0.035662      0.029178   WU     5.133089      4.199800
 ( 4   4) <--> ( 5   2)       -2.882490      0.923194      0.755341   WU   132.882098    108.721717
 ( 4   4) <--> ( 5   3)       -0.173610      0.003349      0.002740   WU     0.482036      0.394393
 ( 4   4) <--> ( 5   4)        0.053978      0.000324      0.000265   WU     0.046597      0.038125
 ( 4   1) <--> ( 6   1)        3.295556      1.206743      0.835437   WU   173.695377    120.250645
 ( 4   1) <--> ( 6   2)       -0.175880      0.003437      0.002380   WU     0.494726      0.342503
 ( 4   1) <--> ( 6   3)       -0.223572      0.005554      0.003845   WU     0.799400      0.553430
 ( 4   1) <--> ( 6   4)       -0.020064      0.000045      0.000031   WU     0.006438      0.004457
 ( 4   2) <--> ( 6   1)        0.131766      0.001929      0.001336   WU     0.277676      0.192237
 ( 4   2) <--> ( 6   2)       -2.963128      0.975570      0.675395   WU   140.420954     97.214507
 ( 4   2) <--> ( 6   3)        0.318949      0.011303      0.007825   WU     1.626951      1.126351
 ( 4   2) <--> ( 6   4)        0.062687      0.000437      0.000302   WU     0.062848      0.043510
 ( 4   3) <--> ( 6   1)       -1.206017      0.161609      0.111883   WU    23.261521     16.104130
 ( 4   3) <--> ( 6   2)        1.105716      0.135845      0.094047   WU    19.553200     13.536831
 ( 4   3) <--> ( 6   3)        4.139028      1.903506      1.317812   WU   273.985587    189.682330
 ( 4   3) <--> ( 6   4)       -0.004926      0.000003      0.000002   WU     0.000388      0.000269
 ( 4   4) <--> ( 6   1)       -0.158753      0.002800      0.001939   WU     0.403064      0.279044
 ( 4   4) <--> ( 6   2)       -0.471738      0.024726      0.017118   WU     3.559046      2.463955
 ( 4   4) <--> ( 6   3)       -0.020777      0.000048      0.000033   WU     0.006904      0.004780
 ( 4   4) <--> ( 6   4)        2.424903      0.653350      0.452319   WU    94.041501     65.105655
 ( 5   1) <--> ( 5   1)       -1.197482     -0.869524   (eb)
 ( 5   2) <--> ( 5   1)       -1.387685      0.175061      0.175061   WU    25.197812     25.197812
 ( 5   2) <--> ( 5   2)        0.782633      0.568291   (eb)
 ( 5   3) <--> ( 5   1)       -0.007841      0.000006      0.000006   WU     0.000804      0.000804
 ( 5   3) <--> ( 5   2)        1.175727      0.125667      0.125667   WU    18.088142     18.088142
 ( 5   3) <--> ( 5   3)       -1.355767     -0.984459   (eb)
 ( 5   4) <--> ( 5   1)        0.120267      0.001315      0.001315   WU     0.189265      0.189265
 ( 5   4) <--> ( 5   2)       -0.064732      0.000381      0.000381   WU     0.054830      0.054830
 ( 5   4) <--> ( 5   3)        1.536153      0.214524      0.214524   WU    30.878057     30.878057
 ( 5   4) <--> ( 5   4)        0.398494      0.289357   (eb)
 ( 5   1) <--> ( 6   1)        1.144736      0.119129      0.100802   WU    17.147140     14.509119
 ( 5   1) <--> ( 6   2)        1.372388      0.171223      0.144881   WU    24.645335     20.853745
 ( 5   1) <--> ( 6   3)       -1.068987      0.103885      0.087903   WU    14.952917     12.652469
 ( 5   1) <--> ( 6   4)       -1.314680      0.157126      0.132953   WU    22.616265     19.136839
 ( 5   2) <--> ( 6   1)       -0.006748      0.000004      0.000004   WU     0.000596      0.000504
 ( 5   2) <--> ( 6   2)       -0.785905      0.056150      0.047511   WU     8.082039      6.838648
 ( 5   2) <--> ( 6   3)       -0.078008      0.000553      0.000468   WU     0.079627      0.067377
 ( 5   2) <--> ( 6   4)       -1.610317      0.235738      0.199471   WU    33.931538     28.711301
 ( 5   3) <--> ( 6   1)        0.084317      0.000646      0.000547   WU     0.093026      0.078715
 ( 5   3) <--> ( 6   2)       -0.169610      0.002615      0.002213   WU     0.376429      0.318517
 ( 5   3) <--> ( 6   3)        1.421648      0.183735      0.155468   WU    26.446288     22.377628
 ( 5   3) <--> ( 6   4)        0.771560      0.054119      0.045793   WU     7.789686      6.591273
 ( 5   4) <--> ( 6   1)        0.001009      0.000000      0.000000   WU     0.000013      0.000011
 ( 5   4) <--> ( 6   2)        0.032852      0.000098      0.000083   WU     0.014122      0.011950
 ( 5   4) <--> ( 6   3)        0.051641      0.000242      0.000205   WU     0.034895      0.029526
 ( 5   4) <--> ( 6   4)       -0.150946      0.002071      0.001753   WU     0.298144      0.252275
 ( 5   1) <--> ( 7   1)        3.621647      1.192393      0.874422   WU   171.629921    125.861942
 ( 5   1) <--> ( 7   2)        0.006397      0.000004      0.000003   WU     0.000535      0.000393
 ( 5   1) <--> ( 7   3)       -0.001126      0.000000      0.000000   WU     0.000017      0.000012
 ( 5   1) <--> ( 7   4)       -0.021019      0.000040      0.000029   WU     0.005781      0.004240
 ( 5   2) <--> ( 7   1)        0.522469      0.024816      0.018198   WU     3.571915      2.619404
 ( 5   2) <--> ( 7   2)       -2.764163      0.694600      0.509373   WU    99.978827     73.317807
 ( 5   2) <--> ( 7   3)        1.151151      0.120468      0.088343   WU    17.339837     12.715880
 ( 5   2) <--> ( 7   4)       -0.092522      0.000778      0.000571   WU     0.112014      0.082144
 ( 5   3) <--> ( 7   1)       -1.567274      0.223304      0.163756   WU    32.141822     23.570670
 ( 5   3) <--> ( 7   2)        2.727588      0.676339      0.495982   WU    97.350500     71.390367
 ( 5   3) <--> ( 7   3)        3.426113      1.067114      0.782550   WU   153.597497    112.638164
 ( 5   3) <--> ( 7   4)        0.007301      0.000005      0.000004   WU     0.000697      0.000511
 ( 5   4) <--> ( 7   1)        0.014990      0.000020      0.000015   WU     0.002940      0.002156
 ( 5   4) <--> ( 7   2)       -1.800965      0.294861      0.216232   WU    42.441566     31.123815
 ( 5   4) <--> ( 7   3)        0.076301      0.000529      0.000388   WU     0.076181      0.055866
 ( 5   4) <--> ( 7   4)        1.888166      0.324107      0.237678   WU    46.651029     34.210755
 ( 6   1) <--> ( 6   1)       -2.290424     -1.596877   (eb)
 ( 6   2) <--> ( 6   1)        1.418545      0.154790      0.154790   WU    22.280061     22.280061
 ( 6   2) <--> ( 6   2)       -1.636999     -1.141311   (eb)
 ( 6   3) <--> ( 6   1)        0.092561      0.000659      0.000659   WU     0.094861      0.094861
 ( 6   3) <--> ( 6   2)       -1.030734      0.081724      0.081724   WU    11.763147     11.763147
 ( 6   3) <--> ( 6   3)       -2.814529     -1.962281   (eb)
 ( 6   4) <--> ( 6   1)        0.000169      0.000000      0.000000   WU     0.000000      0.000000
 ( 6   4) <--> ( 6   2)        2.122940      0.346683      0.346683   WU    49.900570     49.900570
 ( 6   4) <--> ( 6   3)       -0.141262      0.001535      0.001535   WU     0.220944      0.220944
 ( 6   4) <--> ( 6   4)       -0.199821     -0.139315   (eb)
 ( 6   1) <--> ( 7   1)       -0.147727      0.001679      0.001455   WU     0.241628      0.209411
 ( 6   1) <--> ( 7   2)       -0.058956      0.000267      0.000232   WU     0.038485      0.033354
 ( 6   1) <--> ( 7   3)       -0.059302      0.000271      0.000234   WU     0.038938      0.033746
 ( 6   1) <--> ( 7   4)       -0.000968      0.000000      0.000000   WU     0.000010      0.000009
 ( 6   2) <--> ( 7   1)        1.695655      0.221173      0.191683   WU    31.835018     27.590349
 ( 6   2) <--> ( 7   2)       -0.144195      0.001599      0.001386   WU     0.230212      0.199517
 ( 6   2) <--> ( 7   3)        0.071816      0.000397      0.000344   WU     0.057105      0.049491
 ( 6   2) <--> ( 7   4)       -0.034831      0.000093      0.000081   WU     0.013432      0.011641
 ( 6   3) <--> ( 7   1)       -0.771481      0.045783      0.039679   WU     6.589923      5.711266
 ( 6   3) <--> ( 7   2)        0.065712      0.000332      0.000288   WU     0.047810      0.041435
 ( 6   3) <--> ( 7   3)       -0.131455      0.001329      0.001152   WU     0.191331      0.165820
 ( 6   3) <--> ( 7   4)       -0.015108      0.000018      0.000015   WU     0.002527      0.002190
 ( 6   4) <--> ( 7   1)       -0.742025      0.042354      0.036707   WU     6.096312      5.283470
 ( 6   4) <--> ( 7   2)        2.412541      0.447719      0.388024   WU    64.443545     55.851072
 ( 6   4) <--> ( 7   3)       -1.146271      0.101072      0.087596   WU    14.548053     12.608313
 ( 6   4) <--> ( 7   4)       -0.040317      0.000125      0.000108   WU     0.017998      0.015598
 ( 6   1) <--> ( 8   1)        4.151575      1.325814      1.013857   WU   190.834089    145.931950
 ( 6   1) <--> ( 8   2)       -0.256807      0.005073      0.003879   WU     0.730201      0.558389
 ( 6   1) <--> ( 8   3)       -0.011842      0.000011      0.000008   WU     0.001553      0.001187
 ( 6   1) <--> ( 8   4)        0.058517      0.000263      0.000201   WU     0.037914      0.028993
 ( 6   2) <--> ( 8   1)       -0.444686      0.015211      0.011632   WU     2.189459      1.674292
 ( 6   2) <--> ( 8   2)        3.774289      1.095789      0.837956   WU   157.724975    120.613216
 ( 6   2) <--> ( 8   3)       -1.895958      0.276512      0.211450   WU    39.800426     30.435620
 ( 6   2) <--> ( 8   4)        0.143208      0.001578      0.001206   WU     0.227073      0.173644
 ( 6   3) <--> ( 8   1)       -1.561425      0.187542      0.143415   WU    26.994312     20.642710
 ( 6   3) <--> ( 8   2)        3.363199      0.870085      0.665359   WU   125.237716     95.770018
 ( 6   3) <--> ( 8   3)        4.075833      1.277878      0.977201   WU   183.934328    140.655662
 ( 6   3) <--> ( 8   4)        0.076327      0.000448      0.000343   WU     0.064503      0.049326
 ( 6   4) <--> ( 8   1)       -0.279665      0.006016      0.004601   WU     0.865980      0.662220
 ( 6   4) <--> ( 8   2)       -0.606665      0.028311      0.021650   WU     4.074998      3.116175
 ( 6   4) <--> ( 8   3)        0.496648      0.018974      0.014509   WU     2.731034      2.088438
 ( 6   4) <--> ( 8   4)       -3.846843      1.138323      0.870482   WU   163.847204    125.294921
 ( 7   1) <--> ( 7   1)       -2.069786     -1.386057   (eb)
 ( 7   2) <--> ( 7   1)        1.569758      0.164276      0.164276   WU    23.645467     23.645467
 ( 7   2) <--> ( 7   2)       -2.137931     -1.431691   (eb)
 ( 7   3) <--> ( 7   1)       -0.725027      0.035044      0.035044   WU     5.044179      5.044179
 ( 7   3) <--> ( 7   2)       -1.498407      0.149682      0.149682   WU    21.544768     21.544768
 ( 7   3) <--> ( 7   3)       -0.780063     -0.522378   (eb)
 ( 7   4) <--> ( 7   1)        0.067949      0.000308      0.000308   WU     0.044305      0.044305
 ( 7   4) <--> ( 7   2)        1.881683      0.236049      0.236049   WU    33.976223     33.976223
 ( 7   4) <--> ( 7   3)       -0.550711      0.020219      0.020219   WU     2.910246      2.910246
 ( 7   4) <--> ( 7   4)        0.507421      0.339800   (eb)
 ( 7   1) <--> ( 8   1)        1.365576      0.124320      0.109694   WU    17.894268     15.789060
 ( 7   1) <--> ( 8   2)        0.467752      0.014586      0.012870   WU     2.099490      1.852491
 ( 7   1) <--> ( 8   3)       -1.686911      0.189711      0.167392   WU    27.306528     24.093996
 ( 7   1) <--> ( 8   4)        1.101826      0.080935      0.071413   WU    11.649532     10.278999
 ( 7   2) <--> ( 8   1)        0.119686      0.000955      0.000843   WU     0.137458      0.121286
 ( 7   2) <--> ( 8   2)        1.176081      0.092211      0.081363   WU    13.272627     11.711141
 ( 7   2) <--> ( 8   3)        0.228157      0.003470      0.003062   WU     0.499518      0.440751
 ( 7   2) <--> ( 8   4)       -1.842304      0.226272      0.199652   WU    32.569025     28.737375
 ( 7   3) <--> ( 8   1)        0.114486      0.000874      0.000771   WU     0.125772      0.110975
 ( 7   3) <--> ( 8   2)        0.106397      0.000755      0.000666   WU     0.108628      0.095848
 ( 7   3) <--> ( 8   3)        1.596868      0.169999      0.149999   WU    24.469212     21.590482
 ( 7   3) <--> ( 8   4)       -0.165239      0.001820      0.001606   WU     0.262003      0.231179
 ( 7   4) <--> ( 8   1)        0.003241      0.000001      0.000001   WU     0.000101      0.000089
 ( 7   4) <--> ( 8   2)        0.065027      0.000282      0.000249   WU     0.040576      0.035802
 ( 7   4) <--> ( 8   3)        0.037180      0.000092      0.000081   WU     0.013265      0.011704
 ( 7   4) <--> ( 8   4)       -0.717198      0.034292      0.030257   WU     4.935832      4.355146
 ( 7   1) <--> ( 9   1)        4.807962      1.541100      1.216658   WU   221.821814    175.122485
 ( 7   1) <--> ( 9   2)        0.192370      0.002467      0.001948   WU     0.355105      0.280346
 ( 7   1) <--> ( 9   3)        0.149519      0.001490      0.001177   WU     0.214525      0.169362
 ( 7   1) <--> ( 9   4)       -0.033451      0.000075      0.000059   WU     0.010737      0.008477
 ( 7   2) <--> ( 9   1)       -1.894500      0.239275      0.188901   WU    34.440640     27.189979
 ( 7   2) <--> ( 9   2)        5.122458      1.749305      1.381030   WU   251.790281    198.781801
 ( 7   2) <--> ( 9   3)       -0.645909      0.027813      0.021958   WU     4.003365      3.160552
 ( 7   2) <--> ( 9   4)        0.102574      0.000701      0.000554   WU     0.100962      0.079707
 ( 7   3) <--> ( 9   1)       -1.604998      0.171735      0.135580   WU    24.719009     19.515007
 ( 7   3) <--> ( 9   2)        1.822650      0.221470      0.174845   WU    31.877842     25.166717
 ( 7   3) <--> ( 9   3)        4.466864      1.330192      1.050151   WU   191.464271    151.156003
 ( 7   3) <--> ( 9   4)       -0.091546      0.000559      0.000441   WU     0.080420      0.063490
 ( 7   4) <--> ( 9   1)       -0.129565      0.001119      0.000884   WU     0.161086      0.127173
 ( 7   4) <--> ( 9   2)       -1.229729      0.100816      0.079591   WU    14.511120     11.456147
 ( 7   4) <--> ( 9   3)        0.721127      0.034668      0.027370   WU     4.990054      3.939516
 ( 7   4) <--> ( 9   4)        4.113858      1.128255      0.890728   WU   162.398047    128.208984
 ( 8   1) <--> ( 8   1)       -2.717378     -1.750524   (eb)
 ( 8   2) <--> ( 8   1)        1.435014      0.121133      0.121133   WU    17.435606     17.435606
 ( 8   2) <--> ( 8   2)       -3.772762     -2.430398   (eb)
 ( 8   3) <--> ( 8   1)       -0.683245      0.027460      0.027460   WU     3.952545      3.952545
 ( 8   3) <--> ( 8   2)       -0.926385      0.050482      0.050482   WU     7.266210      7.266210
 ( 8   3) <--> ( 8   3)       -2.120658     -1.366119   (eb)
 ( 8   4) <--> ( 8   1)       -0.157169      0.001453      0.001453   WU     0.209150      0.209150
 ( 8   4) <--> ( 8   2)       -2.213557      0.288226      0.288226   WU    41.486426     41.486426
 ( 8   4) <--> ( 8   3)        0.950681      0.053164      0.053164   WU     7.652343      7.652343
 ( 8   4) <--> ( 8   4)       -2.622171     -1.689192   (eb)
 ( 8   1) <--> ( 9   1)       -0.060481      0.000215      0.000193   WU     0.030972      0.027711
 ( 8   1) <--> ( 9   2)       -0.072494      0.000309      0.000277   WU     0.044497      0.039813
 ( 8   1) <--> ( 9   3)       -0.037535      0.000083      0.000074   WU     0.011929      0.010673
 ( 8   1) <--> ( 9   4)       -0.010870      0.000007      0.000006   WU     0.001000      0.000895
 ( 8   2) <--> ( 9   1)        0.993111      0.058016      0.051909   WU     8.350651      7.471635
 ( 8   2) <--> ( 9   2)        0.021255      0.000027      0.000024   WU     0.003825      0.003423
 ( 8   2) <--> ( 9   3)       -0.003009      0.000001      0.000000   WU     0.000077      0.000069
 ( 8   2) <--> ( 9   4)       -0.036985      0.000080      0.000072   WU     0.011582      0.010362
 ( 8   3) <--> ( 9   1)       -1.560084      0.143168      0.128098   WU    20.607267     18.438081
 ( 8   3) <--> ( 9   2)       -0.001323      0.000000      0.000000   WU     0.000015      0.000013
 ( 8   3) <--> ( 9   3)       -0.095542      0.000537      0.000480   WU     0.077288      0.069152
 ( 8   3) <--> ( 9   4)       -0.012764      0.000010      0.000009   WU     0.001379      0.001234
 ( 8   4) <--> ( 9   1)        1.012483      0.060301      0.053954   WU     8.679607      7.765964
 ( 8   4) <--> ( 9   2)       -2.187517      0.281484      0.251854   WU    40.516062     36.251213
 ( 8   4) <--> ( 9   3)        0.971637      0.055534      0.049688   WU     7.993418      7.152005
 ( 8   4) <--> ( 9   4)       -0.025238      0.000037      0.000034   WU     0.005393      0.004825
 ( 8   1) <--> (10   1)        5.067506      1.510566      1.222839   WU   217.426807    176.012177
 ( 8   1) <--> (10   2)       -0.078693      0.000364      0.000295   WU     0.052432      0.042445
 ( 8   1) <--> (10   3)       -0.157308      0.001456      0.001178   WU     0.209521      0.169613
 ( 8   1) <--> (10   4)       -0.112153      0.000740      0.000599   WU     0.106499      0.086213
 ( 8   2) <--> (10   1)       -1.731085      0.176274      0.142698   WU    25.372392     20.539555
 ( 8   2) <--> (10   2)        5.983633      2.106109      1.704946   WU   303.147775    245.405342
 ( 8   2) <--> (10   3)        1.424769      0.119410      0.096665   WU    17.187539     13.913722
 ( 8   2) <--> (10   4)       -0.043052      0.000109      0.000088   WU     0.015693      0.012704
 ( 8   3) <--> (10   1)       -1.476870      0.128303      0.103864   WU    18.467540     14.949913
 ( 8   3) <--> (10   2)        2.459016      0.355692      0.287941   WU    51.197314     41.445444
 ( 8   3) <--> (10   3)       -4.986452      1.462630      1.184034   WU   210.527017    170.426633
 ( 8   3) <--> (10   4)       -0.216986      0.002770      0.002242   WU     0.398647      0.322714
 ( 8   4) <--> (10   1)        0.337319      0.006693      0.005418   WU     0.963399      0.779894
 ( 8   4) <--> (10   2)        1.266379      0.094336      0.076367   WU    13.578502     10.992120
 ( 8   4) <--> (10   3)        1.406519      0.116370      0.094205   WU    16.750043     13.559558
 ( 8   4) <--> (10   4)       -5.658088      1.883174      1.524474   WU   271.059044    219.428750
 ( 9   1) <--> ( 9   1)       -3.035610     -1.884756   (eb)
 ( 9   2) <--> ( 9   1)        1.708891      0.153700      0.153700   WU    22.123236     22.123236
 ( 9   2) <--> ( 9   2)       -3.702378     -2.298741   (eb)
 ( 9   3) <--> ( 9   1)       -1.078313      0.061198      0.061198   WU     8.808647      8.808647
 ( 9   3) <--> ( 9   2)       -0.940552      0.046560      0.046560   WU     6.701707      6.701707
 ( 9   3) <--> ( 9   3)       -1.170263     -0.726595   (eb)
 ( 9   4) <--> ( 9   1)        0.119746      0.000755      0.000755   WU     0.108627      0.108627
 ( 9   4) <--> ( 9   2)        2.287375      0.275373      0.275373   WU    39.636449     39.636449
 ( 9   4) <--> ( 9   3)       -1.003619      0.053013      0.053013   WU     7.630586      7.630586
 ( 9   4) <--> ( 9   4)       -1.790283     -1.111555   (eb)
 ( 9   1) <--> (10   1)        1.567204      0.129270      0.116958   WU    18.606757     16.834685
 ( 9   1) <--> (10   2)       -0.217952      0.002500      0.002262   WU     0.359866      0.325593
 ( 9   1) <--> (10   3)        1.841671      0.178513      0.161512   WU    25.694719     23.247603
 ( 9   1) <--> (10   4)       -0.865361      0.039413      0.035660   WU     5.673024      5.132736
 ( 9   2) <--> (10   1)        0.256359      0.003459      0.003130   WU     0.497871      0.450455
 ( 9   2) <--> (10   2)        1.433354      0.108132      0.097833   WU    15.564190     14.081886
 ( 9   2) <--> (10   3)       -0.098962      0.000515      0.000466   WU     0.074191      0.067126
 ( 9   2) <--> (10   4)        1.427801      0.107296      0.097077   WU    15.443832     13.972991
 ( 9   3) <--> (10   1)        0.109298      0.000629      0.000569   WU     0.090500      0.081881
 ( 9   3) <--> (10   2)        0.288131      0.004369      0.003953   WU     0.628928      0.569030
 ( 9   3) <--> (10   3)       -1.755659      0.162228      0.146778   WU    23.350713     21.126835
 ( 9   3) <--> (10   4)       -0.128472      0.000869      0.000786   WU     0.125037      0.113128
 ( 9   4) <--> (10   1)        0.020575      0.000022      0.000020   WU     0.003207      0.002901
 ( 9   4) <--> (10   2)        0.150639      0.001194      0.001081   WU     0.171907      0.155535
 ( 9   4) <--> (10   3)        0.006796      0.000002      0.000002   WU     0.000350      0.000317
 ( 9   4) <--> (10   4)        1.033927      0.056263      0.050905   WU     8.098404      7.327127
 (10   1) <--> (10   1)       -3.274057     -1.963103   (eb)
 (10   2) <--> (10   1)        1.399110      0.093215      0.093215   WU    13.417077     13.417077
 (10   2) <--> (10   2)       -4.951997     -2.969185   (eb)
 (10   3) <--> (10   1)        1.118464      0.059570      0.059570   WU     8.574283      8.574283
 (10   3) <--> (10   2)        0.056821      0.000154      0.000154   WU     0.022130      0.022130
 (10   3) <--> (10   3)       -2.487581     -1.491537   (eb)
 (10   4) <--> (10   1)        0.339995      0.005505      0.005505   WU     0.792317      0.792317
 (10   4) <--> (10   2)        2.234520      0.237766      0.237766   WU    34.223362     34.223362
 (10   4) <--> (10   3)        1.406649      0.094222      0.094222   WU    13.562059     13.562059
 (10   4) <--> (10   4)       -4.566947     -2.738311   (eb)
 
  quadrupole shape invariant: 01+, 02+, 03+, 04+
quadr2     2.05882360     3.35512951     2.61445851     5.40543206
quadr3     2.12584057     5.94584740     1.07136430    13.28714281
  effective deformation parameters:  01+, 02+, 03+, 04+
beteff     0.18491483     0.23605697     0.20837857     0.29962455
cos3ga     0.71961795     0.96749744     0.25343380     1.05727018
 
 ********* END Transition **************************
