 ********* BEGIN READER ****************************
 
 Nucleus            :  _S  16  34
 Imin, Imax         :     0  10
 imu, remu          :     1 12.0000
 nlevel             :     4
 observables        :     2
 wave fun           :     1
 nbet, ngam, npar   :    16   7  10
 Finish reading parameters: V, B_k ...
 
 ********* END READER ******************************
 
 ********* BEGIN LEVELS ********************
 
 E_0 =  -370.337560
 
  I=   0   ntot= 127
   0   1    0.000000
   0   2    4.144769
   0   3    6.518151
   0   4    8.888681
 
  I=   2   ntot= 234
   2   1    1.995069
   2   2    3.818923
   2   3    6.596423
   2   4    8.494979
 
  I=   3   ntot= 108
   3   1    5.995561
   3   2   10.897509
   3   3   13.815594
   3   4   17.142927
 
  I=   4   ntot= 324
   4   1    4.682299
   4   2    6.793149
   4   3    8.573468
   4   4    9.456751
 
  I=   5   ntot= 198
   5   1    9.130236
   5   2   11.176801
   5   3   14.205946
   5   4   16.590179
 
  I=   6   ntot= 432
   6   1    8.035359
   6   2   10.450408
   6   3   12.307337
   6   4   12.971655
 
  I=   7   ntot= 306
   7   1   12.844509
   7   2   15.134891
   7   3   17.148351
   7   4   18.295165
 
  I=   8   ntot= 522
   8   1   11.967611
   8   2   14.687185
   8   3   16.578829
   8   4   17.219289
 
  I=   9   ntot= 397
   9   1   17.053300
   9   2   19.678253
   9   3   21.893209
   9   4   22.995534
 
  I=  10   ntot= 630
  10   1   16.402421
  10   2   19.431312
  10   3   21.413137
  10   4   22.275117
 
 ********* END LEVELS **********************
 
 ********* BEGIN Transition ************************
 
  Monopole moment 
 
   I   n    <In|E0|In>   ave \beta      del<b>   ave \gamma    del<g>  
     K=0       K=2       K=4   
   0   1     11.526974    0.299799    0.094606   27.860599   10.835482  100.0000    0.0000    0.0000
   0   2     11.696074    0.361613    0.136154   30.422251   10.300780   99.9998    0.0000    0.0000
   0   3     11.831115    0.420395    0.106149   20.497557   13.591729   99.9997    0.0000    0.0000
   0   4     11.842890    0.411440    0.162606   29.035808    9.587508   99.9994    0.0000    0.0000
   2   1     11.645710    0.337807    0.093017   28.347415   10.728574   67.4890   32.5109    0.0000
   2   2     11.726965    0.368647    0.094912   26.854124   10.505098   36.1917   63.8082    0.0000
   2   3     11.812776    0.407012    0.139010   26.141438   10.350890   82.4376   17.5622    0.0000
   2   4     11.934960    0.443549    0.122962   24.731362    9.257324   27.0950   72.9046    0.0000
   3   1     11.833735    0.405195    0.094280   26.002844    8.971740    0.0000   99.9998    0.0000
   3   2     11.971492    0.452333    0.138582   24.732982    8.554093    0.0000   99.9994    0.0000
   3   3     12.033334    0.465885    0.090355   24.898084   12.806884    0.0000   99.9996    0.0000
   3   4     12.005155    0.453828    0.156342   27.730553    7.592546    0.0000   99.9990    0.0000
   4   1     11.749383    0.370733    0.093217   28.449063   10.637078   53.0510   32.4502   14.4987
   4   2     11.809508    0.397393    0.095680   26.029853   11.377972   47.4128   12.8702   39.7168
   4   3     11.912745    0.432900    0.095008   25.157542    9.151047    6.3350   55.8520   37.8127
   4   4     11.909460    0.438565    0.139727   24.251231   10.162845   72.9602   20.5698    6.4694
   5   1     11.927092    0.435993    0.093700   25.460810    8.848995    0.0000   73.2922   26.7075
   5   2     11.996576    0.459044    0.090837   24.833468    8.540601    0.0000   28.5388   71.4609
   5   3     12.018706    0.463513    0.139168   24.593351    8.377321    0.0000   77.3326   22.6665
   5   4     12.050198    0.471462    0.131658   24.602192    7.849629    0.0000   27.6356   72.3637
   6   1     11.846412    0.403000    0.094336   27.711374   10.479554   45.2932   35.5871   12.2740
   6   2     11.906894    0.429789    0.097058   24.960446   12.022865   49.7827    5.0300   20.6433
   6   3     11.991664    0.459936    0.098974   24.081006    9.475261   14.5257   54.5831    1.6449
   6   4     11.965794    0.452185    0.137191   23.861391   10.280171   60.6698   24.8464    6.5455
   7   1     12.017419    0.465458    0.091384   24.663710    8.665023    0.0000   60.6954   32.4664
   7   2     12.080853    0.484584    0.089267   24.213758    8.876054    0.0000   38.0311   27.3239
   7   3     12.133475    0.499067    0.085206   24.362470    7.850156    0.0000    4.0992   41.8168
   7   4     12.043070    0.468563    0.137114   24.538507    8.187476    0.0000   61.7691   29.9004
   8   1     11.949742    0.438579    0.095628   26.305524   10.191624   41.9274   38.0654   12.5921
   8   2     12.002140    0.459857    0.097737   23.828998   12.329834   48.5571    5.3535   17.0551
   8   3     12.063508    0.481524    0.109758   23.452269    9.206494   23.1701   48.1624    9.2895
   8   4     12.033530    0.466857    0.126871   24.325171   10.934236   46.3130   27.7722    6.0338
   9   1     12.110832    0.494406    0.088121   23.882389    8.388164    0.0000   53.3312   35.5697
   9   2     12.155055    0.506765    0.086083   23.449849    8.986983    0.0000   41.7339   13.8283
   9   3     12.197882    0.516537    0.084507   23.916499    8.280566    0.0000    7.8847   46.5149
   9   4     12.091031    0.478827    0.133636   25.195511    7.999503    0.0000   49.4766   33.2236
  10   1     12.053138    0.474108    0.093249   24.656162    9.737053   40.7947   40.0583   12.8222
  10   2     12.092071    0.486188    0.097634   23.038289   12.332442   46.4972    7.1959   17.1258
  10   3     12.107808    0.492336    0.114793   23.131999    9.264711   25.6299   41.1817   16.4732
  10   4     12.098640    0.485865    0.116103   23.714552   11.108623   37.8117   30.2566    6.2392
 
  rho^2(E0) 
 
   I  n_1 n_2  <In_1|E0|In_2>  rho^2(E0) 
   0   1   1       11.526974   89.053746
   0   2   1        0.258731    0.044866
   0   2   2       11.696074   91.685730
   0   3   1       -0.029462    0.000582
   0   3   2        0.003636    0.000009
   0   3   3       11.831115   93.815132
   0   4   1        0.005862    0.000023
   0   4   2       -0.369329    0.091421
   0   4   3        0.078556    0.004136
   0   4   4       11.842890   94.001964
   2   1   1       11.645710   90.897835
   2   2   1       -0.061637    0.002546
   2   2   2       11.726965   92.170681
   2   3   1        0.254537    0.043423
   2   3   2        0.045220    0.001370
   2   3   3       11.812776   93.524527
   2   4   1       -0.035087    0.000825
   2   4   2        0.199354    0.026636
   2   4   3       -0.024837    0.000413
   2   4   4       11.934960   95.469252
   3   1   1       11.833735   93.856697
   3   2   1       -0.273902    0.050282
   3   2   2       11.971492   96.054583
   3   3   1        0.044282    0.001314
   3   3   2        0.009665    0.000063
   3   3   3       12.033334   97.049541
   3   4   1        0.023086    0.000357
   3   4   2       -0.383922    0.098789
   3   4   3        0.072913    0.003563
   3   4   4       12.005155   96.595552
   4   1   1       11.749383   92.523427
   4   2   1       -0.059133    0.002344
   4   2   2       11.809508   93.472786
   4   3   1       -0.034327    0.000790
   4   3   2       -0.033490    0.000752
   4   3   3       11.912745   95.114176
   4   4   1       -0.258642    0.044835
   4   4   2       -0.062541    0.002622
   4   4   3       -0.000987    0.000001
   4   4   4       11.909460   95.061721
   5   1   1       11.927092   95.343417
   5   2   1       -0.009745    0.000064
   5   2   2       11.996576   96.457548
   5   3   1        0.285177    0.054507
   5   3   2        0.016837    0.000190
   5   3   3       12.018706   96.813739
   5   4   1       -0.007472    0.000037
   5   4   2       -0.268232    0.048222
   5   4   3        0.030649    0.000630
   5   4   4       12.050198   97.321748
   6   1   1       11.846412   94.057889
   6   2   1        0.031819    0.000679
   6   2   2       11.906894   95.020766
   6   3   1        0.089467    0.005365
   6   3   2       -0.031598    0.000669
   6   3   3       11.991664   96.378573
   6   4   1       -0.259859    0.045258
   6   4   2        0.060610    0.002462
   6   4   3        0.009703    0.000063
   6   4   4       11.965794   95.963179
   7   1   1       12.017419   96.793003
   7   2   1       -0.001296    0.000001
   7   2   2       12.080853   97.817547
   7   3   1       -0.020489    0.000281
   7   3   2        0.001276    0.000001
   7   3   3       12.133475   98.671554
   7   4   1        0.290290    0.056479
   7   4   2        0.003258    0.000007
   7   4   3        0.010070    0.000068
   7   4   4       12.043070   97.206654
   8   1   1       11.949742   95.705878
   8   2   1        0.006507    0.000028
   8   2   2       12.002140   96.547035
   8   3   1        0.169917    0.019351
   8   3   2        0.010228    0.000070
   8   3   3       12.063508   97.536868
   8   4   1       -0.237846    0.037915
   8   4   2       -0.040453    0.001097
   8   4   3        0.027124    0.000493
   8   4   4       12.033530   97.052700
   9   1   1       12.110832   98.303620
   9   2   1       -0.003987    0.000011
   9   2   2       12.155055   99.022844
   9   3   1        0.038664    0.001002
   9   3   2        0.011250    0.000085
   9   3   3       12.197882   99.721870
   9   4   1        0.295861    0.058668
   9   4   2        0.020829    0.000291
   9   4   3       -0.023628    0.000374
   9   4   4       12.091031   97.982442
  10   1   1       12.053138   97.369243
  10   2   1       -0.030201    0.000611
  10   2   2       12.092071   97.999295
  10   3   1       -0.200073    0.026829
  10   3   2       -0.032760    0.000719
  10   3   3       12.107808   98.254534
  10   4   1        0.213369    0.030513
  10   4   2       -0.011559    0.000090
  10   4   3        0.045535    0.001390
  10   4   4       12.098640   98.105796
 
  E2 transition 
 
  I1  n1        I2  n2       <f||E2||i>   B(E2,I1->I2)  B(E2,I2->I1)
 ( 0   1) <--> ( 2   1)        0.174376      0.030407      0.006081   WU    27.790194      5.558039
 ( 0   1) <--> ( 2   2)        0.042423      0.001800      0.000360   WU     1.644849      0.328970
 ( 0   1) <--> ( 2   3)        0.008619      0.000074      0.000015   WU     0.067888      0.013578
 ( 0   1) <--> ( 2   4)       -0.001698      0.000003      0.000001   WU     0.002636      0.000527
 ( 0   2) <--> ( 2   1)        0.075055      0.005633      0.001127   WU     5.148480      1.029696
 ( 0   2) <--> ( 2   2)       -0.021866      0.000478      0.000096   WU     0.436971      0.087394
 ( 0   2) <--> ( 2   3)        0.186618      0.034826      0.006965   WU    31.829226      6.365845
 ( 0   2) <--> ( 2   4)        0.018672      0.000349      0.000070   WU     0.318634      0.063727
 ( 0   3) <--> ( 2   1)       -0.028378      0.000805      0.000161   WU     0.735995      0.147199
 ( 0   3) <--> ( 2   2)       -0.095397      0.009101      0.001820   WU     8.317486      1.663497
 ( 0   3) <--> ( 2   3)       -0.060160      0.003619      0.000724   WU     3.307721      0.661544
 ( 0   3) <--> ( 2   4)        0.100518      0.010104      0.002021   WU     9.234317      1.846863
 ( 0   4) <--> ( 2   1)        0.001680      0.000003      0.000001   WU     0.002579      0.000516
 ( 0   4) <--> ( 2   2)        0.013392      0.000179      0.000036   WU     0.163902      0.032780
 ( 0   4) <--> ( 2   3)       -0.114181      0.013037      0.002607   WU    11.915292      2.383058
 ( 0   4) <--> ( 2   4)        0.018974      0.000360      0.000072   WU     0.329016      0.065803
 ( 2   1) <--> ( 2   1)       -0.007893     -0.005982   (eb)
 ( 2   2) <--> ( 2   1)       -0.234631      0.011010      0.011010   WU    10.062838     10.062838
 ( 2   2) <--> ( 2   2)        0.012433      0.009423   (eb)
 ( 2   3) <--> ( 2   1)       -0.020654      0.000085      0.000085   WU     0.077973      0.077973
 ( 2   3) <--> ( 2   2)       -0.076598      0.001173      0.001173   WU     1.072478      1.072478
 ( 2   3) <--> ( 2   3)       -0.115457     -0.087509   (eb)
 ( 2   4) <--> ( 2   1)       -0.004903      0.000005      0.000005   WU     0.004394      0.004394
 ( 2   4) <--> ( 2   2)        0.055340      0.000612      0.000612   WU     0.559787      0.559787
 ( 2   4) <--> ( 2   3)       -0.161715      0.005230      0.005230   WU     4.780223      4.780223
 ( 2   4) <--> ( 2   4)        0.133803      0.101414   (eb)
 ( 2   1) <--> ( 3   1)       -0.070945      0.001007      0.000719   WU     0.920010      0.657150
 ( 2   1) <--> ( 3   2)       -0.004243      0.000004      0.000003   WU     0.003291      0.002350
 ( 2   1) <--> ( 3   3)       -0.008587      0.000015      0.000011   WU     0.013480      0.009628
 ( 2   1) <--> ( 3   4)        0.000207      0.000000      0.000000   WU     0.000008      0.000006
 ( 2   2) <--> ( 3   1)        0.290408      0.016867      0.012048   WU    15.415871     11.011336
 ( 2   2) <--> ( 3   2)       -0.010789      0.000023      0.000017   WU     0.021279      0.015199
 ( 2   2) <--> ( 3   3)        0.011211      0.000025      0.000018   WU     0.022973      0.016409
 ( 2   2) <--> ( 3   4)        0.002943      0.000002      0.000001   WU     0.001583      0.001131
 ( 2   3) <--> ( 3   1)        0.041517      0.000345      0.000246   WU     0.315069      0.225050
 ( 2   3) <--> ( 3   2)        0.020669      0.000085      0.000061   WU     0.078086      0.055776
 ( 2   3) <--> ( 3   3)       -0.005705      0.000007      0.000005   WU     0.005948      0.004249
 ( 2   3) <--> ( 3   4)        0.001970      0.000001      0.000001   WU     0.000709      0.000506
 ( 2   4) <--> ( 3   1)        0.196340      0.007710      0.005507   WU     7.046435      5.033168
 ( 2   4) <--> ( 3   2)       -0.294940      0.017398      0.012427   WU    15.900726     11.357661
 ( 2   4) <--> ( 3   3)       -0.039864      0.000318      0.000227   WU     0.290472      0.207480
 ( 2   4) <--> ( 3   4)        0.029962      0.000180      0.000128   WU     0.164097      0.117212
 ( 2   1) <--> ( 4   1)       -0.306779      0.018823      0.010457   WU    17.202916      9.557176
 ( 2   1) <--> ( 4   2)       -0.053314      0.000568      0.000316   WU     0.519553      0.288641
 ( 2   1) <--> ( 4   3)        0.006553      0.000009      0.000005   WU     0.007849      0.004361
 ( 2   1) <--> ( 4   4)        0.008556      0.000015      0.000008   WU     0.013382      0.007435
 ( 2   2) <--> ( 4   1)       -0.001767      0.000001      0.000000   WU     0.000570      0.000317
 ( 2   2) <--> ( 4   2)       -0.246677      0.012170      0.006761   WU    11.122617      6.179231
 ( 2   2) <--> ( 4   3)       -0.071214      0.001014      0.000563   WU     0.927009      0.515005
 ( 2   2) <--> ( 4   4)        0.003215      0.000002      0.000001   WU     0.001890      0.001050
 ( 2   3) <--> ( 4   1)       -0.121607      0.002958      0.001643   WU     2.703129      1.501739
 ( 2   3) <--> ( 4   2)       -0.029862      0.000178      0.000099   WU     0.163001      0.090556
 ( 2   3) <--> ( 4   3)        0.035235      0.000248      0.000138   WU     0.226938      0.126077
 ( 2   3) <--> ( 4   4)        0.342547      0.023468      0.013038   WU    21.448211     11.915673
 ( 2   4) <--> ( 4   1)        0.028405      0.000161      0.000090   WU     0.147482      0.081935
 ( 2   4) <--> ( 4   2)        0.007864      0.000012      0.000007   WU     0.011303      0.006279
 ( 2   4) <--> ( 4   3)       -0.045453      0.000413      0.000230   WU     0.377634      0.209797
 ( 2   4) <--> ( 4   4)       -0.044300      0.000393      0.000218   WU     0.358726      0.199292
 ( 3   1) <--> ( 3   1)        0.000000      0.000000   (eb)
 ( 3   2) <--> ( 3   1)        0.000000      0.000000      0.000000   WU     0.000000      0.000000
 ( 3   2) <--> ( 3   2)        0.000000      0.000000   (eb)
 ( 3   3) <--> ( 3   1)        0.000000      0.000000      0.000000   WU     0.000000      0.000000
 ( 3   3) <--> ( 3   2)        0.000000      0.000000      0.000000   WU     0.000000      0.000000
 ( 3   3) <--> ( 3   3)        0.000000      0.000000   (eb)
 ( 3   4) <--> ( 3   1)        0.000000      0.000000      0.000000   WU     0.000000      0.000000
 ( 3   4) <--> ( 3   2)        0.000000      0.000000      0.000000   WU     0.000000      0.000000
 ( 3   4) <--> ( 3   3)        0.000000      0.000000      0.000000   WU     0.000000      0.000000
 ( 3   4) <--> ( 3   4)        0.000000      0.000000   (eb)
 ( 3   1) <--> ( 4   1)        0.185840      0.004934      0.003837   WU     4.509223      3.507174
 ( 3   1) <--> ( 4   2)       -0.016974      0.000041      0.000032   WU     0.037617      0.029257
 ( 3   1) <--> ( 4   3)       -0.301216      0.012962      0.010081   WU    11.846185      9.213699
 ( 3   1) <--> ( 4   4)       -0.027138      0.000105      0.000082   WU     0.096156      0.074788
 ( 3   2) <--> ( 4   1)       -0.007797      0.000009      0.000007   WU     0.007937      0.006173
 ( 3   2) <--> ( 4   2)        0.012340      0.000022      0.000017   WU     0.019882      0.015464
 ( 3   2) <--> ( 4   3)        0.124788      0.002225      0.001730   WU     2.033140      1.581331
 ( 3   2) <--> ( 4   4)        0.176502      0.004450      0.003461   WU     4.067457      3.163578
 ( 3   3) <--> ( 4   1)        0.009101      0.000012      0.000009   WU     0.010816      0.008412
 ( 3   3) <--> ( 4   2)        0.002340      0.000001      0.000001   WU     0.000715      0.000556
 ( 3   3) <--> ( 4   3)        0.033298      0.000158      0.000123   WU     0.144760      0.112591
 ( 3   3) <--> ( 4   4)       -0.020638      0.000061      0.000047   WU     0.055608      0.043251
 ( 3   4) <--> ( 4   1)        0.002643      0.000001      0.000001   WU     0.000912      0.000710
 ( 3   4) <--> ( 4   2)        0.002714      0.000001      0.000001   WU     0.000962      0.000748
 ( 3   4) <--> ( 4   3)       -0.010286      0.000015      0.000012   WU     0.013814      0.010744
 ( 3   4) <--> ( 4   4)       -0.017772      0.000045      0.000035   WU     0.041236      0.032072
 ( 3   1) <--> ( 5   1)       -0.329195      0.015481      0.009852   WU    14.149085      9.003963
 ( 3   1) <--> ( 5   2)       -0.064022      0.000586      0.000373   WU     0.535157      0.340555
 ( 3   1) <--> ( 5   3)       -0.005516      0.000004      0.000003   WU     0.003973      0.002528
 ( 3   1) <--> ( 5   4)       -0.004485      0.000003      0.000002   WU     0.002626      0.001671
 ( 3   2) <--> ( 5   1)        0.120043      0.002059      0.001310   WU     1.881476      1.197303
 ( 3   2) <--> ( 5   2)        0.039419      0.000222      0.000141   WU     0.202879      0.129105
 ( 3   2) <--> ( 5   3)        0.349884      0.017488      0.011129   WU    15.983486     10.171309
 ( 3   2) <--> ( 5   4)       -0.052771      0.000398      0.000253   WU     0.363597      0.231380
 ( 3   3) <--> ( 5   1)        0.023311      0.000078      0.000049   WU     0.070951      0.045150
 ( 3   3) <--> ( 5   2)        0.120598      0.002078      0.001322   WU     1.898903      1.208393
 ( 3   3) <--> ( 5   3)        0.027347      0.000107      0.000068   WU     0.097643      0.062136
 ( 3   3) <--> ( 5   4)        0.089793      0.001152      0.000733   WU     1.052709      0.669906
 ( 3   4) <--> ( 5   1)       -0.011027      0.000017      0.000011   WU     0.015875      0.010102
 ( 3   4) <--> ( 5   2)       -0.004215      0.000003      0.000002   WU     0.002320      0.001476
 ( 3   4) <--> ( 5   3)       -0.140897      0.002836      0.001805   WU     2.591960      1.649429
 ( 3   4) <--> ( 5   4)        0.009486      0.000013      0.000008   WU     0.011750      0.007477
 ( 4   1) <--> ( 4   1)       -0.017008     -0.012826   (eb)
 ( 4   2) <--> ( 4   1)       -0.246327      0.006742      0.006742   WU     6.161711      6.161711
 ( 4   2) <--> ( 4   2)       -0.010423     -0.007860   (eb)
 ( 4   3) <--> ( 4   1)        0.045703      0.000232      0.000232   WU     0.212112      0.212112
 ( 4   3) <--> ( 4   2)       -0.287397      0.009177      0.009177   WU     8.387705      8.387705
 ( 4   3) <--> ( 4   3)        0.003968      0.002993   (eb)
 ( 4   4) <--> ( 4   1)        0.015555      0.000027      0.000027   WU     0.024570      0.024570
 ( 4   4) <--> ( 4   2)        0.114064      0.001446      0.001446   WU     1.321217      1.321217
 ( 4   4) <--> ( 4   3)        0.010453      0.000012      0.000012   WU     0.011097      0.011097
 ( 4   4) <--> ( 4   4)       -0.158149     -0.119260   (eb)
 ( 4   1) <--> ( 5   1)       -0.090572      0.000911      0.000746   WU     0.833034      0.681573
 ( 4   1) <--> ( 5   2)        0.009533      0.000010      0.000008   WU     0.009229      0.007551
 ( 4   1) <--> ( 5   3)        0.008753      0.000009      0.000007   WU     0.007779      0.006365
 ( 4   1) <--> ( 5   4)        0.007629      0.000006      0.000005   WU     0.005910      0.004835
 ( 4   2) <--> ( 5   1)        0.248725      0.006874      0.005624   WU     6.282294      5.140059
 ( 4   2) <--> ( 5   2)       -0.071772      0.000572      0.000468   WU     0.523098      0.427989
 ( 4   2) <--> ( 5   3)        0.007322      0.000006      0.000005   WU     0.005444      0.004454
 ( 4   2) <--> ( 5   4)       -0.009226      0.000009      0.000008   WU     0.008644      0.007073
 ( 4   3) <--> ( 5   1)        0.043433      0.000210      0.000171   WU     0.191565      0.156735
 ( 4   3) <--> ( 5   2)        0.422255      0.019811      0.016209   WU    18.106209     14.814171
 ( 4   3) <--> ( 5   3)        0.010896      0.000013      0.000011   WU     0.012056      0.009864
 ( 4   3) <--> ( 5   4)       -0.012402      0.000017      0.000014   WU     0.015620      0.012780
 ( 4   4) <--> ( 5   1)       -0.008982      0.000009      0.000007   WU     0.008192      0.006702
 ( 4   4) <--> ( 5   2)       -0.052759      0.000309      0.000253   WU     0.282660      0.231267
 ( 4   4) <--> ( 5   3)        0.044882      0.000224      0.000183   WU     0.204558      0.167366
 ( 4   4) <--> ( 5   4)        0.002252      0.000001      0.000000   WU     0.000515      0.000421
 ( 4   1) <--> ( 6   1)        0.432203      0.020755      0.014369   WU    18.969339     13.132619
 ( 4   1) <--> ( 6   2)       -0.049749      0.000275      0.000190   WU     0.251330      0.173998
 ( 4   1) <--> ( 6   3)        0.007316      0.000006      0.000004   WU     0.005436      0.003763
 ( 4   1) <--> ( 6   4)       -0.003555      0.000001      0.000001   WU     0.001284      0.000889
 ( 4   2) <--> ( 6   1)        0.026530      0.000078      0.000054   WU     0.071475      0.049483
 ( 4   2) <--> ( 6   2)       -0.376810      0.015776      0.010922   WU    14.418555      9.982077
 ( 4   2) <--> ( 6   3)       -0.078068      0.000677      0.000469   WU     0.618898      0.428468
 ( 4   2) <--> ( 6   4)       -0.005863      0.000004      0.000003   WU     0.003491      0.002417
 ( 4   3) <--> ( 6   1)       -0.072865      0.000590      0.000408   WU     0.539155      0.373261
 ( 4   3) <--> ( 6   2)       -0.009024      0.000009      0.000006   WU     0.008269      0.005725
 ( 4   3) <--> ( 6   3)       -0.328859      0.012016      0.008319   WU    10.982394      7.603196
 ( 4   3) <--> ( 6   4)       -0.027144      0.000082      0.000057   WU     0.074820      0.051798
 ( 4   4) <--> ( 6   1)       -0.160618      0.002866      0.001984   WU     2.619781      1.813695
 ( 4   4) <--> ( 6   2)        0.088581      0.000872      0.000604   WU     0.796823      0.551647
 ( 4   4) <--> ( 6   3)       -0.098713      0.001083      0.000750   WU     0.989519      0.685052
 ( 4   4) <--> ( 6   4)        0.466471      0.024177      0.016738   WU    22.096715     15.297726
 ( 5   1) <--> ( 5   1)       -0.041702     -0.030281   (eb)
 ( 5   2) <--> ( 5   1)       -0.244388      0.005430      0.005430   WU     4.962344      4.962344
 ( 5   2) <--> ( 5   2)        0.033609      0.024404   (eb)
 ( 5   3) <--> ( 5   1)       -0.008684      0.000007      0.000007   WU     0.006266      0.006266
 ( 5   3) <--> ( 5   2)       -0.077858      0.000551      0.000551   WU     0.503660      0.503660
 ( 5   3) <--> ( 5   3)       -0.067899     -0.049303   (eb)
 ( 5   4) <--> ( 5   1)        0.009452      0.000008      0.000008   WU     0.007423      0.007423
 ( 5   4) <--> ( 5   2)       -0.018759      0.000032      0.000032   WU     0.029238      0.029238
 ( 5   4) <--> ( 5   3)        0.232649      0.004921      0.004921   WU     4.497075      4.497075
 ( 5   4) <--> ( 5   4)        0.068647      0.049846   (eb)
 ( 5   1) <--> ( 6   1)       -0.240608      0.005263      0.004453   WU     4.810037      4.070031
 ( 5   1) <--> ( 6   2)       -0.022490      0.000046      0.000039   WU     0.042025      0.035560
 ( 5   1) <--> ( 6   3)       -0.231136      0.004857      0.004110   WU     4.438756      3.755870
 ( 5   1) <--> ( 6   4)        0.014191      0.000018      0.000015   WU     0.016732      0.014157
 ( 5   2) <--> ( 6   1)        0.021824      0.000043      0.000037   WU     0.039574      0.033486
 ( 5   2) <--> ( 6   2)        0.171992      0.002689      0.002275   WU     2.457774      2.079655
 ( 5   2) <--> ( 6   3)       -0.044731      0.000182      0.000154   WU     0.166245      0.140669
 ( 5   2) <--> ( 6   4)       -0.018941      0.000033      0.000028   WU     0.029808      0.025222
 ( 5   3) <--> ( 6   1)       -0.010627      0.000010      0.000009   WU     0.009383      0.007939
 ( 5   3) <--> ( 6   2)       -0.004858      0.000002      0.000002   WU     0.001961      0.001659
 ( 5   3) <--> ( 6   3)       -0.144353      0.001894      0.001603   WU     1.731322      1.464964
 ( 5   3) <--> ( 6   4)        0.211015      0.004048      0.003425   WU     3.699593      3.130425
 ( 5   4) <--> ( 6   1)        0.006240      0.000004      0.000003   WU     0.003235      0.002737
 ( 5   4) <--> ( 6   2)       -0.012251      0.000014      0.000012   WU     0.012470      0.010552
 ( 5   4) <--> ( 6   3)       -0.009002      0.000007      0.000006   WU     0.006732      0.005697
 ( 5   4) <--> ( 6   4)        0.006594      0.000004      0.000003   WU     0.003613      0.003057
 ( 5   1) <--> ( 7   1)       -0.483128      0.021219      0.015561   WU    19.393323     14.221770
 ( 5   1) <--> ( 7   2)       -0.052890      0.000254      0.000186   WU     0.232417      0.170439
 ( 5   1) <--> ( 7   3)       -0.000446      0.000000      0.000000   WU     0.000017      0.000012
 ( 5   1) <--> ( 7   4)       -0.008684      0.000007      0.000005   WU     0.006265      0.004595
 ( 5   2) <--> ( 7   1)       -0.030997      0.000087      0.000064   WU     0.079831      0.058543
 ( 5   2) <--> ( 7   2)       -0.368119      0.012319      0.009034   WU    11.259137      8.256701
 ( 5   2) <--> ( 7   3)       -0.075254      0.000515      0.000378   WU     0.470529      0.345054
 ( 5   2) <--> ( 7   4)       -0.003442      0.000001      0.000001   WU     0.000984      0.000722
 ( 5   3) <--> ( 7   1)       -0.169413      0.002609      0.001913   WU     2.384632      1.748730
 ( 5   3) <--> ( 7   2)       -0.052367      0.000249      0.000183   WU     0.227844      0.167086
 ( 5   3) <--> ( 7   3)        0.037332      0.000127      0.000093   WU     0.115795      0.084917
 ( 5   3) <--> ( 7   4)       -0.490164      0.021842      0.016017   WU    19.962264     14.638994
 ( 5   4) <--> ( 7   1)       -0.008516      0.000007      0.000005   WU     0.006025      0.004419
 ( 5   4) <--> ( 7   2)        0.074745      0.000508      0.000372   WU     0.464181      0.340399
 ( 5   4) <--> ( 7   3)        0.062002      0.000349      0.000256   WU     0.319400      0.234226
 ( 5   4) <--> ( 7   4)       -0.004886      0.000002      0.000002   WU     0.001983      0.001454
 ( 6   1) <--> ( 6   1)       -0.049542     -0.034541   (eb)
 ( 6   2) <--> ( 6   1)        0.258931      0.005157      0.005157   WU     4.713531      4.713531
 ( 6   2) <--> ( 6   2)       -0.042373     -0.029542   (eb)
 ( 6   3) <--> ( 6   1)       -0.052454      0.000212      0.000212   WU     0.193437      0.193437
 ( 6   3) <--> ( 6   2)       -0.316188      0.007690      0.007690   WU     7.028559      7.028559
 ( 6   3) <--> ( 6   3)       -0.082138     -0.057266   (eb)
 ( 6   4) <--> ( 6   1)       -0.000976      0.000000      0.000000   WU     0.000067      0.000067
 ( 6   4) <--> ( 6   2)       -0.195745      0.002947      0.002947   WU     2.693764      2.693764
 ( 6   4) <--> ( 6   3)        0.019601      0.000030      0.000030   WU     0.027012      0.027012
 ( 6   4) <--> ( 6   4)       -0.157926     -0.110106   (eb)
 ( 6   1) <--> ( 7   1)        0.101077      0.000786      0.000681   WU     0.718254      0.622487
 ( 6   1) <--> ( 7   2)       -0.012155      0.000011      0.000010   WU     0.010387      0.009002
 ( 6   1) <--> ( 7   3)        0.005276      0.000002      0.000002   WU     0.001957      0.001696
 ( 6   1) <--> ( 7   4)       -0.011413      0.000010      0.000009   WU     0.009158      0.007937
 ( 6   2) <--> ( 7   1)        0.240104      0.004435      0.003843   WU     4.052982      3.512584
 ( 6   2) <--> ( 7   2)       -0.100466      0.000776      0.000673   WU     0.709605      0.614991
 ( 6   2) <--> ( 7   3)        0.005068      0.000002      0.000002   WU     0.001806      0.001565
 ( 6   2) <--> ( 7   4)        0.006224      0.000003      0.000003   WU     0.002723      0.002360
 ( 6   3) <--> ( 7   1)        0.082284      0.000521      0.000451   WU     0.475997      0.412531
 ( 6   3) <--> ( 7   2)        0.348961      0.009367      0.008118   WU     8.561115      7.419633
 ( 6   3) <--> ( 7   3)       -0.065411      0.000329      0.000285   WU     0.300798      0.260691
 ( 6   3) <--> ( 7   4)        0.027544      0.000058      0.000051   WU     0.053336      0.046225
 ( 6   4) <--> ( 7   1)       -0.021941      0.000037      0.000032   WU     0.033843      0.029331
 ( 6   4) <--> ( 7   2)        0.125537      0.001212      0.001051   WU     1.107958      0.960230
 ( 6   4) <--> ( 7   3)       -0.015957      0.000020      0.000017   WU     0.017902      0.015515
 ( 6   4) <--> ( 7   4)       -0.065087      0.000326      0.000282   WU     0.297825      0.258115
 ( 6   1) <--> ( 8   1)       -0.559802      0.024106      0.018434   WU    22.031555     16.847660
 ( 6   1) <--> ( 8   2)       -0.035206      0.000095      0.000073   WU     0.087140      0.066637
 ( 6   1) <--> ( 8   3)       -0.001986      0.000000      0.000000   WU     0.000277      0.000212
 ( 6   1) <--> ( 8   4)       -0.003073      0.000001      0.000001   WU     0.000664      0.000508
 ( 6   2) <--> ( 8   1)        0.071196      0.000390      0.000298   WU     0.356362      0.272512
 ( 6   2) <--> ( 8   2)        0.506605      0.019742      0.015097   WU    18.043273     13.797797
 ( 6   2) <--> ( 8   3)       -0.072685      0.000406      0.000311   WU     0.371423      0.284029
 ( 6   2) <--> ( 8   4)       -0.016232      0.000020      0.000015   WU     0.018524      0.014166
 ( 6   3) <--> ( 8   1)       -0.131570      0.001332      0.001018   WU     1.216992      0.930641
 ( 6   3) <--> ( 8   2)        0.018820      0.000027      0.000021   WU     0.024900      0.019041
 ( 6   3) <--> ( 8   3)       -0.484416      0.018051      0.013803   WU    16.497323     12.615600
 ( 6   3) <--> ( 8   4)       -0.089809      0.000620      0.000474   WU     0.567039      0.433618
 ( 6   4) <--> ( 8   1)        0.187391      0.002701      0.002066   WU     2.468734      1.887856
 ( 6   4) <--> ( 8   2)        0.131587      0.001332      0.001019   WU     1.217308      0.930883
 ( 6   4) <--> ( 8   3)        0.189142      0.002752      0.002104   WU     2.515096      1.923309
 ( 6   4) <--> ( 8   4)       -0.539417      0.022382      0.017116   WU    20.456238     15.643005
 ( 7   1) <--> ( 7   1)       -0.100072     -0.067014   (eb)
 ( 7   2) <--> ( 7   1)       -0.278704      0.005178      0.005178   WU     4.732754      4.732754
 ( 7   2) <--> ( 7   2)       -0.037291     -0.024972   (eb)
 ( 7   3) <--> ( 7   1)        0.023808      0.000038      0.000038   WU     0.034537      0.034537
 ( 7   3) <--> ( 7   2)       -0.316847      0.006693      0.006693   WU     6.116856      6.116856
 ( 7   3) <--> ( 7   3)        0.101387      0.067895   (eb)
 ( 7   4) <--> ( 7   1)       -0.013982      0.000013      0.000013   WU     0.011912      0.011912
 ( 7   4) <--> ( 7   2)       -0.107014      0.000763      0.000763   WU     0.697768      0.697768
 ( 7   4) <--> ( 7   3)        0.030662      0.000063      0.000063   WU     0.057284      0.057284
 ( 7   4) <--> ( 7   4)       -0.095858     -0.064192   (eb)
 ( 7   1) <--> ( 8   1)       -0.280476      0.005244      0.004627   WU     4.793133      4.229235
 ( 7   1) <--> ( 8   2)        0.034703      0.000080      0.000071   WU     0.073379      0.064746
 ( 7   1) <--> ( 8   3)       -0.197823      0.002609      0.002302   WU     2.384429      2.103908
 ( 7   1) <--> ( 8   4)       -0.016913      0.000019      0.000017   WU     0.017429      0.015378
 ( 7   2) <--> ( 8   1)        0.028073      0.000053      0.000046   WU     0.048017      0.042368
 ( 7   2) <--> ( 8   2)       -0.249754      0.004158      0.003669   WU     3.800615      3.353484
 ( 7   2) <--> ( 8   3)       -0.028025      0.000052      0.000046   WU     0.047856      0.042226
 ( 7   2) <--> ( 8   4)       -0.084219      0.000473      0.000417   WU     0.432169      0.381326
 ( 7   3) <--> ( 8   1)       -0.003838      0.000001      0.000001   WU     0.000898      0.000792
 ( 7   3) <--> ( 8   2)        0.022801      0.000035      0.000031   WU     0.031677      0.027951
 ( 7   3) <--> ( 8   3)        0.140674      0.001319      0.001164   WU     1.205743      1.063891
 ( 7   3) <--> ( 8   4)        0.082820      0.000457      0.000403   WU     0.417923      0.368756
 ( 7   4) <--> ( 8   1)       -0.018248      0.000022      0.000020   WU     0.020289      0.017902
 ( 7   4) <--> ( 8   2)       -0.003899      0.000001      0.000001   WU     0.000926      0.000817
 ( 7   4) <--> ( 8   3)       -0.197955      0.002612      0.002305   WU     2.387609      2.106714
 ( 7   4) <--> ( 8   4)        0.209426      0.002924      0.002580   WU     2.672340      2.357947
 ( 7   1) <--> ( 9   1)        0.624709      0.026017      0.020540   WU    23.778463     18.772471
 ( 7   1) <--> ( 9   2)       -0.043902      0.000128      0.000101   WU     0.117435      0.092712
 ( 7   1) <--> ( 9   3)       -0.003138      0.000001      0.000001   WU     0.000600      0.000474
 ( 7   1) <--> ( 9   4)        0.009611      0.000006      0.000005   WU     0.005628      0.004443
 ( 7   2) <--> ( 9   1)        0.051654      0.000178      0.000140   WU     0.162572      0.128346
 ( 7   2) <--> ( 9   2)       -0.533912      0.019004      0.015003   WU    17.368717     13.712145
 ( 7   2) <--> ( 9   3)       -0.059825      0.000239      0.000188   WU     0.218071      0.172162
 ( 7   2) <--> ( 9   4)        0.009974      0.000007      0.000005   WU     0.006062      0.004786
 ( 7   3) <--> ( 9   1)       -0.040254      0.000108      0.000085   WU     0.098730      0.077945
 ( 7   3) <--> ( 9   2)       -0.047092      0.000148      0.000117   WU     0.135121      0.106675
 ( 7   3) <--> ( 9   3)       -0.405003      0.010935      0.008633   WU     9.994131      7.890104
 ( 7   3) <--> ( 9   4)        0.009138      0.000006      0.000004   WU     0.005087      0.004016
 ( 7   4) <--> ( 9   1)        0.208565      0.002900      0.002289   WU     2.650393      2.092415
 ( 7   4) <--> ( 9   2)       -0.042868      0.000123      0.000097   WU     0.111969      0.088396
 ( 7   4) <--> ( 9   3)        0.057570      0.000221      0.000174   WU     0.201941      0.159427
 ( 7   4) <--> ( 9   4)        0.598551      0.023884      0.018856   WU    21.828861     17.233312
 ( 8   1) <--> ( 8   1)       -0.109562     -0.070580   (eb)
 ( 8   2) <--> ( 8   1)       -0.266114      0.004166      0.004166   WU     3.807198      3.807198
 ( 8   2) <--> ( 8   2)       -0.098590     -0.063512   (eb)
 ( 8   3) <--> ( 8   1)       -0.043488      0.000111      0.000111   WU     0.101673      0.101673
 ( 8   3) <--> ( 8   2)        0.274082      0.004419      0.004419   WU     4.038618      4.038618
 ( 8   3) <--> ( 8   3)       -0.174791     -0.112600   (eb)
 ( 8   4) <--> ( 8   1)       -0.018866      0.000021      0.000021   WU     0.019136      0.019136
 ( 8   4) <--> ( 8   2)        0.291706      0.005005      0.005005   WU     4.574688      4.574688
 ( 8   4) <--> ( 8   3)       -0.001688      0.000000      0.000000   WU     0.000153      0.000153
 ( 8   4) <--> ( 8   4)       -0.145939     -0.094013   (eb)
 ( 8   1) <--> ( 9   1)       -0.104698      0.000645      0.000577   WU     0.589321      0.527287
 ( 8   1) <--> ( 9   2)       -0.009734      0.000006      0.000005   WU     0.005094      0.004558
 ( 8   1) <--> ( 9   3)        0.008020      0.000004      0.000003   WU     0.003458      0.003094
 ( 8   1) <--> ( 9   4)        0.011179      0.000007      0.000007   WU     0.006719      0.006012
 ( 8   2) <--> ( 9   1)        0.243422      0.003486      0.003119   WU     3.185586      2.850261
 ( 8   2) <--> ( 9   2)        0.116072      0.000793      0.000709   WU     0.724311      0.648068
 ( 8   2) <--> ( 9   3)       -0.005812      0.000002      0.000002   WU     0.001816      0.001625
 ( 8   2) <--> ( 9   4)        0.000009      0.000000      0.000000   WU     0.000000      0.000000
 ( 8   3) <--> ( 9   1)       -0.126821      0.000946      0.000847   WU     0.864674      0.773656
 ( 8   3) <--> ( 9   2)        0.267818      0.004219      0.003775   WU     3.856109      3.450203
 ( 8   3) <--> ( 9   3)       -0.088145      0.000457      0.000409   WU     0.417705      0.373736
 ( 8   3) <--> ( 9   4)       -0.056095      0.000185      0.000166   WU     0.169168      0.151361
 ( 8   4) <--> ( 9   1)        0.032605      0.000063      0.000056   WU     0.057153      0.051137
 ( 8   4) <--> ( 9   2)        0.232869      0.003190      0.002854   WU     2.915365      2.608484
 ( 8   4) <--> ( 9   3)       -0.026877      0.000042      0.000038   WU     0.038835      0.034747
 ( 8   4) <--> ( 9   4)        0.072267      0.000307      0.000275   WU     0.280768      0.251213
 ( 8   1) <--> (10   1)       -0.696523      0.028538      0.023102   WU    26.082057     21.114046
 ( 8   1) <--> (10   2)        0.019163      0.000022      0.000017   WU     0.019741      0.015981
 ( 8   1) <--> (10   3)       -0.000115      0.000000      0.000000   WU     0.000001      0.000001
 ( 8   1) <--> (10   4)       -0.004266      0.000001      0.000001   WU     0.000978      0.000792
 ( 8   2) <--> (10   1)       -0.120681      0.000857      0.000694   WU     0.782973      0.633836
 ( 8   2) <--> (10   2)        0.639939      0.024090      0.019501   WU    22.016492     17.822875
 ( 8   2) <--> (10   3)       -0.046094      0.000125      0.000101   WU     0.114225      0.092468
 ( 8   2) <--> (10   4)       -0.028522      0.000048      0.000039   WU     0.043736      0.035405
 ( 8   3) <--> (10   1)       -0.202290      0.002407      0.001949   WU     2.199995      1.780948
 ( 8   3) <--> (10   2)       -0.044291      0.000115      0.000093   WU     0.105462      0.085374
 ( 8   3) <--> (10   3)        0.649448      0.024811      0.020085   WU    22.675649     18.356478
 ( 8   3) <--> (10   4)        0.037557      0.000083      0.000067   WU     0.075831      0.061387
 ( 8   4) <--> (10   1)        0.166720      0.001635      0.001324   WU     1.494337      1.209701
 ( 8   4) <--> (10   2)       -0.127322      0.000954      0.000772   WU     0.871521      0.705517
 ( 8   4) <--> (10   3)       -0.119701      0.000843      0.000682   WU     0.770308      0.623583
 ( 8   4) <--> (10   4)        0.639413      0.024050      0.019469   WU    21.980336     17.793605
 ( 9   1) <--> ( 9   1)       -0.169524     -0.105254   (eb)
 ( 9   2) <--> ( 9   1)        0.288816      0.004390      0.004390   WU     4.012435      4.012435
 ( 9   2) <--> ( 9   2)       -0.123843     -0.076892   (eb)
 ( 9   3) <--> ( 9   1)       -0.033125      0.000058      0.000058   WU     0.052782      0.052782
 ( 9   3) <--> ( 9   2)       -0.372765      0.007313      0.007313   WU     6.683999      6.683999
 ( 9   3) <--> ( 9   3)       -0.005391     -0.003347   (eb)
 ( 9   4) <--> ( 9   1)       -0.019719      0.000020      0.000020   WU     0.018704      0.018704
 ( 9   4) <--> ( 9   2)        0.120708      0.000767      0.000767   WU     0.700876      0.700876
 ( 9   4) <--> ( 9   3)       -0.019568      0.000020      0.000020   WU     0.018419      0.018419
 ( 9   4) <--> ( 9   4)       -0.115762     -0.071875   (eb)
 ( 9   1) <--> (10   1)        0.311425      0.005104      0.004618   WU     4.665222      4.220916
 ( 9   1) <--> (10   2)        0.058092      0.000178      0.000161   WU     0.162329      0.146869
 ( 9   1) <--> (10   3)       -0.178171      0.001671      0.001512   WU     1.526998      1.381570
 ( 9   1) <--> (10   4)       -0.012238      0.000008      0.000007   WU     0.007204      0.006518
 ( 9   2) <--> (10   1)        0.026418      0.000037      0.000033   WU     0.033572      0.030374
 ( 9   2) <--> (10   2)        0.306925      0.004958      0.004486   WU     4.531381      4.099821
 ( 9   2) <--> (10   3)        0.004360      0.000001      0.000001   WU     0.000914      0.000827
 ( 9   2) <--> (10   4)        0.161183      0.001367      0.001237   WU     1.249691      1.130673
 ( 9   3) <--> (10   1)       -0.003690      0.000001      0.000001   WU     0.000655      0.000593
 ( 9   3) <--> (10   2)       -0.033677      0.000060      0.000054   WU     0.054554      0.049358
 ( 9   3) <--> (10   3)       -0.195051      0.002002      0.001812   WU     1.830041      1.655751
 ( 9   3) <--> (10   4)       -0.140357      0.001037      0.000938   WU     0.947622      0.857372
 ( 9   4) <--> (10   1)        0.024179      0.000031      0.000028   WU     0.028122      0.025444
 ( 9   4) <--> (10   2)       -0.002718      0.000000      0.000000   WU     0.000355      0.000321
 ( 9   4) <--> (10   3)       -0.214919      0.002431      0.002200   WU     2.221862      2.010256
 ( 9   4) <--> (10   4)        0.228880      0.002757      0.002495   WU     2.519889      2.279899
 (10   1) <--> (10   1)       -0.189407     -0.113567   (eb)
 (10   2) <--> (10   1)        0.267092      0.003397      0.003397   WU     3.104728      3.104728
 (10   2) <--> (10   2)       -0.174146     -0.104417   (eb)
 (10   3) <--> (10   1)        0.038250      0.000070      0.000070   WU     0.063674      0.063674
 (10   3) <--> (10   2)        0.257095      0.003148      0.003148   WU     2.876653      2.876653
 (10   3) <--> (10   3)       -0.219905     -0.131853   (eb)
 (10   4) <--> (10   1)        0.015182      0.000011      0.000011   WU     0.010031      0.010031
 (10   4) <--> (10   2)        0.319574      0.004863      0.004863   WU     4.444700      4.444700
 (10   4) <--> (10   3)       -0.058711      0.000164      0.000164   WU     0.150017      0.150017
 (10   4) <--> (10   4)       -0.203359     -0.121933   (eb)
 
  quadrupole shape invariant: 01+, 02+, 03+, 04+
quadr2     0.03235409     0.04166380     0.05751668     0.05429487
quadr3     0.00321119     0.00367892     0.01064470     0.00654816
  effective deformation parameters:  01+, 02+, 03+, 04+
beteff     0.24094840     0.27342544     0.32125978     0.31213241
cos3ga     0.55178801     0.43259591     0.77169009     0.51758414
 
 ********* END Transition **************************
