 ********* BEGIN READER ****************************
 
 Nucleus            :  Se  34  64
 Imin, Imax         :     0  10
 imu, remu          :     1 12.0000
 nlevel             :     4
 observables        :     2
 wave fun           :     1
 nbet, ngam, npar   :    10   7  10
 Finish reading parameters: V, B_k ...
 
 ********* END READER ******************************
 
 ********* BEGIN LEVELS ********************
 
 E_0 =  -786.223683
 
  I=   0   ntot= 127
   0   1    0.000000
   0   2    1.796213
   0   3    2.521843
   0   4    4.082532
 
  I=   2   ntot= 234
   2   1    0.806794
   2   2    1.880019
   2   3    2.596251
   2   4    3.308622
 
  I=   3   ntot= 108
   3   1    2.908654
   3   2    4.441992
   3   3    5.460905
   3   4    6.570786
 
  I=   4   ntot= 324
   4   1    1.928310
   4   2    2.988533
   4   3    3.601964
   4   4    3.819898
 
  I=   5   ntot= 198
   5   1    4.003042
   5   2    4.770048
   5   3    5.862610
   5   4    6.704108
 
  I=   6   ntot= 432
   6   1    3.289379
   6   2    4.138018
   6   3    4.865905
   6   4    5.189644
 
  I=   7   ntot= 306
   7   1    5.200460
   7   2    6.049058
   7   3    6.911235
   7   4    7.399957
 
  I=   8   ntot= 522
   8   1    4.732298
   8   2    5.511445
   8   3    6.219993
   8   4    6.883782
 
  I=   9   ntot= 397
   9   1    6.528767
   9   2    7.513499
   9   3    8.450459
   9   4    8.923401
 
  I=  10   ntot= 630
  10   1    6.168035
  10   2    7.145913
  10   3    7.849752
  10   4    8.460537
 
 ********* END LEVELS **********************
 
 ********* BEGIN Transition ************************
 
  Monopole moment 
 
   I   n    <In|E0|In>   ave \beta      del<b>   ave \gamma    del<g>  
     K=0       K=2       K=4   
   0   1     18.190982    0.250093    0.067026   31.519071   10.986037  100.0000    0.0000    0.0000
   0   2     18.441115    0.314891    0.096322   32.059741   10.453879   99.9999    0.0000    0.0000
   0   3     18.667196    0.387340    0.095603   17.900897   11.610596   99.9999    0.0000    0.0000
   0   4     18.646874    0.368869    0.124854   24.883403    9.610283   99.9999    0.0000    0.0000
   2   1     18.281214    0.275385    0.067635   33.376519   10.447546   47.1454   52.8546    0.0000
   2   2     18.384394    0.307802    0.085162   25.157228   11.469475   60.0259   39.9740    0.0000
   2   3     18.618430    0.366916    0.106945   24.116172   11.119530   77.7389   22.2610    0.0000
   2   4     18.692304    0.383469    0.104119   23.656916    9.335365   24.9635   75.0364    0.0000
   3   1     18.640085    0.370515    0.078646   25.574534    9.184596    0.0000   99.9999    0.0000
   3   2     18.701301    0.387650    0.126243   21.177470    9.519153    0.0000   99.9999    0.0000
   3   3     18.859460    0.415337    0.099626   22.957536   13.165243    0.0000   99.9998    0.0000
   3   4     18.998141    0.443646    0.126715   21.102385    8.907559    0.0000   99.9997    0.0000
   4   1     18.387052    0.302807    0.069973   33.329082   10.411134   33.6048   36.3853   30.0099
   4   2     18.612325    0.369634    0.090871   21.087003   11.740658   71.9060    2.9654   25.1285
   4   3     18.607304    0.362614    0.115799   24.192981   10.363030   54.6173   37.7121    7.6705
   4   4     18.788003    0.406430    0.084891   22.128560   10.580424   19.8715   51.0896   29.0388
   5   1     18.797514    0.405836    0.074386   23.942837    9.109463    0.0000   77.9371   22.0628
   5   2     18.878309    0.421445    0.074248   23.759263    9.174615    0.0000   28.0341   71.9657
   5   3     18.838162    0.415031    0.122385   21.071587    9.802536    0.0000   60.4321   39.5678
   5   4     18.953648    0.432127    0.089992   23.398931   11.957682    0.0000   86.7951   13.2047
   6   1     18.533524    0.340370    0.077164   30.093695   11.042776   33.7719   34.0270   17.5202
   6   2     18.792541    0.411479    0.090501   19.547933   11.892195   69.1573    5.3205    9.6484
   6   3     18.859874    0.422197    0.088736   21.154178    9.433418   17.7770   69.4190    5.2757
   6   4     18.649859    0.370777    0.119453   23.573937   12.559308   49.3825   16.8457   11.3002
   7   1     18.924734    0.433570    0.070855   22.152910    8.861766    0.0000   75.4590   21.2898
   7   2     18.956011    0.436742    0.075174   23.003745    9.662650    0.0000   29.6711   47.8018
   7   3     19.000972    0.442369    0.073686   24.060853    8.522628    0.0000    1.5761   40.2362
   7   4     19.059884    0.458312    0.113486   19.844860   10.409837    0.0000   55.4308   23.8337
   8   1     18.756929    0.396556    0.080871   24.182903   10.996207   46.0606   34.7278   10.9544
   8   2     18.826002    0.415129    0.098518   20.593363   13.379390   55.0480    9.5083   13.5727
   8   3     18.951503    0.441614    0.089941   19.846761   10.318447   18.1773   60.7289    7.3478
   8   4     18.924705    0.431062    0.110118   21.298644   11.626195   33.5714   14.0037   34.4359
   9   1     19.019247    0.453192    0.068680   20.888923    8.591868    0.0000   73.1212   23.0572
   9   2     19.048380    0.455162    0.074583   21.852424    9.781452    0.0000   31.3264   40.9167
   9   3     19.062736    0.454107    0.077491   23.227868    9.222464    0.0000    2.5927   44.8998
   9   4     19.264594    0.497482    0.105231   17.853054   10.458177    0.0000   62.2752   16.7865
  10   1     18.936811    0.437983    0.075158   20.730677   10.116581   53.6752   35.9041    7.4326
  10   2     18.945942    0.438556    0.096757   19.913416   13.564997   50.6490   14.1642   18.1785
  10   3     18.973490    0.443636    0.099921   20.162692   11.471621   15.9112   54.5398    8.9440
  10   4     19.186600    0.484506    0.094046   18.458762   11.469286   33.4109    8.3113   41.6945
 
  rho^2(E0) 
 
   I  n_1 n_2  <In_1|E0|In_2>  rho^2(E0) 
   0   1   1       18.190982  408.297698
   0   2   1        0.201763    0.050228
   0   2   2       18.441115  419.603396
   0   3   1        0.061669    0.004692
   0   3   2        0.135501    0.022654
   0   3   3       18.667196  429.954819
   0   4   1        0.028528    0.001004
   0   4   2       -0.295113    0.107458
   0   4   3       -0.157111    0.030456
   0   4   4       18.646874  429.019209
   2   1   1       18.281214  412.358280
   2   2   1       -0.047375    0.002769
   2   2   2       18.384394  417.026174
   2   3   1        0.223790    0.061794
   2   3   2        0.108942    0.014644
   2   3   3       18.618430  427.711339
   2   4   1       -0.067874    0.005684
   2   4   2        0.244910    0.074008
   2   4   3        0.001684    0.000003
   2   4   4       18.692304  431.112210
   3   1   1       18.640085  428.706878
   3   2   1       -0.330262    0.134580
   3   2   2       18.701301  431.527308
   3   3   1        0.039693    0.001944
   3   3   2        0.221177    0.060359
   3   3   3       18.859460  438.857122
   3   4   1        0.088447    0.009652
   3   4   2       -0.406781    0.204167
   3   4   3        0.017637    0.000384
   3   4   4       18.998141  445.335033
   4   1   1       18.387052  417.146740
   4   2   1        0.031349    0.001213
   4   2   2       18.612325  427.430893
   4   3   1        0.248354    0.076104
   4   3   2        0.164763    0.033495
   4   3   3       18.607304  427.200316
   4   4   1       -0.041680    0.002143
   4   4   2       -0.118552    0.017341
   4   4   3        0.057454    0.004073
   4   4   4       18.788003  435.537862
   5   1   1       18.797514  435.978905
   5   2   1        0.088097    0.009576
   5   2   2       18.878309  439.734810
   5   3   1       -0.313918    0.121590
   5   3   2        0.044835    0.002480
   5   3   3       18.838162  437.866507
   5   4   1       -0.078712    0.007644
   5   4   2        0.016575    0.000339
   5   4   3       -0.189620    0.044364
   5   4   4       18.953648  443.251549
   6   1   1       18.533524  423.819250
   6   2   1       -0.142721    0.025133
   6   2   2       18.792541  435.748268
   6   3   1       -0.164123    0.033236
   6   3   2       -0.037484    0.001734
   6   3   3       18.859874  438.876415
   6   4   1        0.212179    0.055548
   6   4   2       -0.154347    0.029394
   6   4   3        0.119044    0.017486
   6   4   4       18.649859  429.156590
   7   1   1       18.924734  441.900236
   7   2   1       -0.090699    0.010150
   7   2   2       18.956011  443.362078
   7   3   1        0.075602    0.007052
   7   3   2        0.091157    0.010253
   7   3   3       19.000972  445.467760
   7   4   1        0.297031    0.108860
   7   4   2        0.018244    0.000411
   7   4   3       -0.015564    0.000299
   7   4   4       19.059884  448.234361
   8   1   1       18.756929  434.098353
   8   2   1       -0.190734    0.044887
   8   2   2       18.826002  437.301396
   8   3   1       -0.139394    0.023975
   8   3   2       -0.136811    0.023094
   8   3   3       18.951503  443.151242
   8   4   1       -0.227614    0.063924
   8   4   2        0.069377    0.005939
   8   4   3       -0.073646    0.006692
   8   4   4       18.924705  441.898888
   9   1   1       19.019247  446.325088
   9   2   1        0.081861    0.008268
   9   2   2       19.048380  447.693474
   9   3   1       -0.085104    0.008936
   9   3   2        0.100356    0.012427
   9   3   3       19.062736  448.368524
   9   4   1       -0.297262    0.109029
   9   4   2       -0.035177    0.001527
   9   4   3       -0.002059    0.000005
   9   4   4       19.264594  457.914482
  10   1   1       18.936811  442.464424
  10   2   1        0.153968    0.029250
  10   2   2       18.945942  442.891193
  10   3   1       -0.145931    0.026276
  10   3   2        0.182642    0.041159
  10   3   3       18.973490  444.180086
  10   4   1        0.197011    0.047890
  10   4   2        0.077916    0.007491
  10   4   3        0.046042    0.002616
  10   4   4       19.186600  454.214213
 
  E2 transition 
 
  I1  n1        I2  n2       <f||E2||i>   B(E2,I1->I2)  B(E2,I2->I1)
 ( 0   1) <--> ( 2   1)        0.497751      0.247756      0.049551   WU    92.314532     18.462906
 ( 0   1) <--> ( 2   2)        0.194121      0.037683      0.007537   WU    14.040790      2.808158
 ( 0   1) <--> ( 2   3)        0.044073      0.001942      0.000388   WU     0.723759      0.144752
 ( 0   1) <--> ( 2   4)       -0.015256      0.000233      0.000047   WU     0.086721      0.017344
 ( 0   2) <--> ( 2   1)        0.211100      0.044563      0.008913   WU    16.604278      3.320856
 ( 0   2) <--> ( 2   2)       -0.095696      0.009158      0.001832   WU     3.412161      0.682432
 ( 0   2) <--> ( 2   3)        0.606590      0.367951      0.073590   WU   137.099323     27.419865
 ( 0   2) <--> ( 2   4)        0.106594      0.011362      0.002272   WU     4.233628      0.846726
 ( 0   3) <--> ( 2   1)        0.053119      0.002822      0.000564   WU     1.051357      0.210271
 ( 0   3) <--> ( 2   2)        0.411379      0.169232      0.033846   WU    63.056389     12.611278
 ( 0   3) <--> ( 2   3)        0.457249      0.209077      0.041815   WU    77.902575     15.580515
 ( 0   3) <--> ( 2   4)       -0.082775      0.006852      0.001370   WU     2.552971      0.510594
 ( 0   4) <--> ( 2   1)        0.024723      0.000611      0.000122   WU     0.227752      0.045550
 ( 0   4) <--> ( 2   2)        0.072729      0.005290      0.001058   WU     1.970890      0.394178
 ( 0   4) <--> ( 2   3)       -0.265848      0.070675      0.014135   WU    26.333756      5.266751
 ( 0   4) <--> ( 2   4)       -0.036213      0.001311      0.000262   WU     0.488629      0.097726
 ( 2   1) <--> ( 2   1)        0.287103      0.217605   (eb)
 ( 2   2) <--> ( 2   1)       -0.626920      0.078606      0.078606   WU    29.288651     29.288651
 ( 2   2) <--> ( 2   2)       -0.299123     -0.226715   (eb)
 ( 2   3) <--> ( 2   1)       -0.027833      0.000155      0.000155   WU     0.057730      0.057730
 ( 2   3) <--> ( 2   2)       -0.370126      0.027399      0.027399   WU    10.208779     10.208779
 ( 2   3) <--> ( 2   3)       -0.356362     -0.270099   (eb)
 ( 2   4) <--> ( 2   1)       -0.026212      0.000137      0.000137   WU     0.051203      0.051203
 ( 2   4) <--> ( 2   2)        0.160173      0.005131      0.005131   WU     1.911848      1.911848
 ( 2   4) <--> ( 2   3)       -0.726159      0.105461      0.105461   WU    39.295086     39.295086
 ( 2   4) <--> ( 2   4)        0.402886      0.305361   (eb)
 ( 2   1) <--> ( 3   1)       -0.309881      0.019205      0.013718   WU     7.155906      5.111361
 ( 2   1) <--> ( 3   2)       -0.111659      0.002494      0.001781   WU     0.929093      0.663638
 ( 2   1) <--> ( 3   3)       -0.011842      0.000028      0.000020   WU     0.010449      0.007464
 ( 2   1) <--> ( 3   4)       -0.022717      0.000103      0.000074   WU     0.038458      0.027470
 ( 2   2) <--> ( 3   1)        0.771810      0.119138      0.085099   WU    44.391104     31.707932
 ( 2   2) <--> ( 3   2)        0.070344      0.000990      0.000707   WU     0.368746      0.263390
 ( 2   2) <--> ( 3   3)        0.021647      0.000094      0.000067   WU     0.034919      0.024942
 ( 2   2) <--> ( 3   4)        0.013501      0.000036      0.000026   WU     0.013583      0.009702
 ( 2   3) <--> ( 3   1)        0.010196      0.000021      0.000015   WU     0.007747      0.005533
 ( 2   3) <--> ( 3   2)        0.115543      0.002670      0.001907   WU     0.994870      0.710621
 ( 2   3) <--> ( 3   3)       -0.051771      0.000536      0.000383   WU     0.199734      0.142667
 ( 2   3) <--> ( 3   4)        0.027009      0.000146      0.000104   WU     0.054364      0.038831
 ( 2   4) <--> ( 3   1)        0.885026      0.156654      0.111896   WU    58.369744     41.692674
 ( 2   4) <--> ( 3   2)       -0.936635      0.175457      0.125326   WU    65.375667     46.696905
 ( 2   4) <--> ( 3   3)        0.031875      0.000203      0.000145   WU     0.075712      0.054080
 ( 2   4) <--> ( 3   4)        0.031327      0.000196      0.000140   WU     0.073135      0.052239
 ( 2   1) <--> ( 4   1)        0.875443      0.153280      0.085156   WU    57.112510     31.729172
 ( 2   1) <--> ( 4   2)        0.176024      0.006197      0.003443   WU     2.308986      1.282770
 ( 2   1) <--> ( 4   3)       -0.014769      0.000044      0.000024   WU     0.016255      0.009031
 ( 2   1) <--> ( 4   4)        0.071907      0.001034      0.000575   WU     0.385315      0.214064
 ( 2   2) <--> ( 4   1)        0.015387      0.000047      0.000026   WU     0.017645      0.009803
 ( 2   2) <--> ( 4   2)        0.856316      0.146655      0.081475   WU    54.644119     30.357844
 ( 2   2) <--> ( 4   3)       -0.224414      0.010072      0.005596   WU     3.752984      2.084991
 ( 2   2) <--> ( 4   4)       -0.177255      0.006284      0.003491   WU     2.341375      1.300764
 ( 2   3) <--> ( 4   1)        0.406701      0.033081      0.018378   WU    12.326132      6.847851
 ( 2   3) <--> ( 4   2)        0.576269      0.066417      0.036898   WU    24.747185     13.748436
 ( 2   3) <--> ( 4   3)        1.045237      0.218504      0.121391   WU    81.415166     45.230648
 ( 2   3) <--> ( 4   4)       -0.299561      0.017947      0.009971   WU     6.687228      3.715127
 ( 2   4) <--> ( 4   1)       -0.062445      0.000780      0.000433   WU     0.290584      0.161435
 ( 2   4) <--> ( 4   2)        0.118501      0.002808      0.001560   WU     1.046449      0.581360
 ( 2   4) <--> ( 4   3)       -0.157632      0.004970      0.002761   WU     1.851670      1.028706
 ( 2   4) <--> ( 4   4)       -0.425870      0.036273      0.020152   WU    13.515416      7.508565
 ( 3   1) <--> ( 3   1)        0.000000      0.000000   (eb)
 ( 3   2) <--> ( 3   1)        0.000000      0.000000      0.000000   WU     0.000000      0.000000
 ( 3   2) <--> ( 3   2)        0.000000      0.000000   (eb)
 ( 3   3) <--> ( 3   1)        0.000000      0.000000      0.000000   WU     0.000000      0.000000
 ( 3   3) <--> ( 3   2)        0.000000      0.000000      0.000000   WU     0.000000      0.000000
 ( 3   3) <--> ( 3   3)        0.000000      0.000000   (eb)
 ( 3   4) <--> ( 3   1)        0.000000      0.000000      0.000000   WU     0.000000      0.000000
 ( 3   4) <--> ( 3   2)        0.000000      0.000000      0.000000   WU     0.000000      0.000000
 ( 3   4) <--> ( 3   3)        0.000000      0.000000      0.000000   WU     0.000000      0.000000
 ( 3   4) <--> ( 3   4)        0.000000      0.000000   (eb)
 ( 3   1) <--> ( 4   1)       -0.497220      0.035318      0.027470   WU    13.159659     10.235291
 ( 3   1) <--> ( 4   2)       -0.215894      0.006659      0.005179   WU     2.481008      1.929673
 ( 3   1) <--> ( 4   3)       -0.581794      0.048355      0.037609   WU    18.017155     14.013343
 ( 3   1) <--> ( 4   4)       -0.972566      0.135126      0.105098   WU    50.348415     39.159878
 ( 3   2) <--> ( 4   1)       -0.077792      0.000865      0.000672   WU     0.322120      0.250538
 ( 3   2) <--> ( 4   2)        0.062633      0.000560      0.000436   WU     0.208809      0.162407
 ( 3   2) <--> ( 4   3)        0.641222      0.058738      0.045685   WU    21.885888     17.022357
 ( 3   2) <--> ( 4   4)        0.376492      0.020250      0.015750   WU     7.545011      5.868342
 ( 3   3) <--> ( 4   1)       -0.017182      0.000042      0.000033   WU     0.015714      0.012222
 ( 3   3) <--> ( 4   2)        0.022116      0.000070      0.000054   WU     0.026035      0.020249
 ( 3   3) <--> ( 4   3)       -0.056695      0.000459      0.000357   WU     0.171096      0.133075
 ( 3   3) <--> ( 4   4)        0.127795      0.002333      0.001815   WU     0.869315      0.676134
 ( 3   4) <--> ( 4   1)       -0.015209      0.000033      0.000026   WU     0.012313      0.009577
 ( 3   4) <--> ( 4   2)       -0.008938      0.000011      0.000009   WU     0.004253      0.003308
 ( 3   4) <--> ( 4   3)       -0.021535      0.000066      0.000052   WU     0.024685      0.019199
 ( 3   4) <--> ( 4   4)       -0.053295      0.000406      0.000316   WU     0.151188      0.117591
 ( 3   1) <--> ( 5   1)        1.171024      0.195900      0.124663   WU    72.992628     46.449854
 ( 3   1) <--> ( 5   2)        0.156769      0.003511      0.002234   WU     1.308176      0.832476
 ( 3   1) <--> ( 5   3)        0.048058      0.000330      0.000210   WU     0.122935      0.078231
 ( 3   1) <--> ( 5   4)       -0.002716      0.000001      0.000001   WU     0.000393      0.000250
 ( 3   2) <--> ( 5   1)       -0.550871      0.043351      0.027587   WU    16.152767     10.279033
 ( 3   2) <--> ( 5   2)       -0.433767      0.026879      0.017105   WU    10.015215      6.373319
 ( 3   2) <--> ( 5   3)        1.015537      0.147331      0.093756   WU    54.895811     34.933698
 ( 3   2) <--> ( 5   4)        0.091008      0.001183      0.000753   WU     0.440862      0.280548
 ( 3   3) <--> ( 5   1)       -0.080174      0.000918      0.000584   WU     0.342152      0.217733
 ( 3   3) <--> ( 5   2)       -0.462788      0.030596      0.019470   WU    11.400159      7.254647
 ( 3   3) <--> ( 5   3)        0.339309      0.016447      0.010466   WU     6.128290      3.899821
 ( 3   3) <--> ( 5   4)       -1.182032      0.199600      0.127018   WU    74.371431     47.327275
 ( 3   4) <--> ( 5   1)        0.069130      0.000683      0.000434   WU     0.254377      0.161876
 ( 3   4) <--> ( 5   2)        0.026844      0.000103      0.000066   WU     0.038358      0.024410
 ( 3   4) <--> ( 5   3)       -0.518102      0.038347      0.024403   WU    14.288232      9.092511
 ( 3   4) <--> ( 5   4)       -0.320933      0.014714      0.009363   WU     5.482463      3.488840
 ( 4   1) <--> ( 4   1)        0.339539      0.256045   (eb)
 ( 4   2) <--> ( 4   1)       -0.705370      0.055283      0.055283   WU    20.598530     20.598530
 ( 4   2) <--> ( 4   2)       -0.583951     -0.440355   (eb)
 ( 4   3) <--> ( 4   1)        0.063790      0.000452      0.000452   WU     0.168463      0.168463
 ( 4   3) <--> ( 4   2)       -0.200686      0.004475      0.004475   WU     1.667390      1.667390
 ( 4   3) <--> ( 4   3)       -0.280018     -0.211160   (eb)
 ( 4   4) <--> ( 4   1)       -0.244169      0.006624      0.006624   WU     2.468216      2.468216
 ( 4   4) <--> ( 4   2)        0.915335      0.093093      0.093093   WU    34.686711     34.686711
 ( 4   4) <--> ( 4   3)        0.002849      0.000001      0.000001   WU     0.000336      0.000336
 ( 4   4) <--> ( 4   4)       -0.406631     -0.306638   (eb)
 ( 4   1) <--> ( 5   1)       -0.338108      0.012702      0.010392   WU     4.732765      3.872262
 ( 4   1) <--> ( 5   2)        0.127856      0.001816      0.001486   WU     0.676778      0.553728
 ( 4   1) <--> ( 5   3)       -0.133191      0.001971      0.001613   WU     0.734435      0.600901
 ( 4   1) <--> ( 5   4)       -0.011554      0.000015      0.000012   WU     0.005526      0.004522
 ( 4   2) <--> ( 5   1)        0.559070      0.034729      0.028415   WU    12.940042     10.587307
 ( 4   2) <--> ( 5   2)       -0.282419      0.008862      0.007251   WU     3.302108      2.701725
 ( 4   2) <--> ( 5   3)        0.050333      0.000281      0.000230   WU     0.104885      0.085815
 ( 4   2) <--> ( 5   4)       -0.007072      0.000006      0.000005   WU     0.002071      0.001694
 ( 4   3) <--> ( 5   1)       -0.421406      0.019731      0.016144   WU     7.351977      6.015254
 ( 4   3) <--> ( 5   2)       -0.243981      0.006614      0.005412   WU     2.464420      2.016344
 ( 4   3) <--> ( 5   3)        0.142176      0.002246      0.001838   WU     0.836862      0.684705
 ( 4   3) <--> ( 5   4)        0.039582      0.000174      0.000142   WU     0.064862      0.053069
 ( 4   4) <--> ( 5   1)       -0.392496      0.017117      0.014005   WU     6.377823      5.218218
 ( 4   4) <--> ( 5   2)       -1.366080      0.207353      0.169652   WU    77.260066     63.212781
 ( 4   4) <--> ( 5   3)       -0.011683      0.000015      0.000012   WU     0.005651      0.004624
 ( 4   4) <--> ( 5   4)       -0.016527      0.000030      0.000025   WU     0.011309      0.009253
 ( 4   1) <--> ( 6   1)        1.263275      0.177318      0.122759   WU    66.069144     45.740177
 ( 4   1) <--> ( 6   2)       -0.055827      0.000346      0.000240   WU     0.129031      0.089329
 ( 4   1) <--> ( 6   3)       -0.003484      0.000001      0.000001   WU     0.000502      0.000348
 ( 4   1) <--> ( 6   4)       -0.104307      0.001209      0.000837   WU     0.450434      0.311839
 ( 4   2) <--> ( 6   1)        0.390732      0.016964      0.011744   WU     6.320646      4.375832
 ( 4   2) <--> ( 6   2)       -1.494220      0.248077      0.171746   WU    92.434011     63.992777
 ( 4   2) <--> ( 6   3)        0.251720      0.007040      0.004874   WU     2.623243      1.816091
 ( 4   2) <--> ( 6   4)       -0.059086      0.000388      0.000269   WU     0.144534      0.100062
 ( 4   3) <--> ( 6   1)        0.645331      0.046272      0.032035   WU    17.241199     11.936215
 ( 4   3) <--> ( 6   2)       -0.650115      0.046961      0.032511   WU    17.497782     12.113849
 ( 4   3) <--> ( 6   3)       -0.985437      0.107899      0.074699   WU    40.203224     27.833001
 ( 4   3) <--> ( 6   4)        0.922230      0.094501      0.065424   WU    35.211280     24.377040
 ( 4   4) <--> ( 6   1)        0.040136      0.000179      0.000124   WU     0.066693      0.046172
 ( 4   4) <--> ( 6   2)        0.356361      0.014110      0.009769   WU     5.257550      3.639842
 ( 4   4) <--> ( 6   3)       -1.037631      0.119631      0.082821   WU    44.574755     30.859446
 ( 4   4) <--> ( 6   4)       -0.849413      0.080167      0.055500   WU    29.870383     20.679496
 ( 5   1) <--> ( 5   1)       -0.297412     -0.215959   (eb)
 ( 5   2) <--> ( 5   1)       -0.860002      0.067237      0.067237   WU    25.052543     25.052543
 ( 5   2) <--> ( 5   2)        0.140899      0.102311   (eb)
 ( 5   3) <--> ( 5   1)       -0.025036      0.000057      0.000057   WU     0.021231      0.021231
 ( 5   3) <--> ( 5   2)        0.359248      0.011733      0.011733   WU     4.371611      4.371611
 ( 5   3) <--> ( 5   3)        0.049912      0.036243   (eb)
 ( 5   4) <--> ( 5   1)       -0.011117      0.000011      0.000011   WU     0.004186      0.004186
 ( 5   4) <--> ( 5   2)       -0.041741      0.000158      0.000158   WU     0.059016      0.059016
 ( 5   4) <--> ( 5   3)        0.030908      0.000087      0.000087   WU     0.032358      0.032358
 ( 5   4) <--> ( 5   4)       -0.542263     -0.393752   (eb)
 ( 5   1) <--> ( 6   1)       -0.714741      0.046441      0.039297   WU    17.304146     14.641970
 ( 5   1) <--> ( 6   2)        0.245007      0.005457      0.004618   WU     2.033334      1.720514
 ( 5   1) <--> ( 6   3)        0.948056      0.081710      0.069139   WU    30.445346     25.761447
 ( 5   1) <--> ( 6   4)        0.127725      0.001483      0.001255   WU     0.552589      0.467575
 ( 5   2) <--> ( 6   1)        0.161599      0.002374      0.002009   WU     0.884560      0.748474
 ( 5   2) <--> ( 6   2)        0.448332      0.018273      0.015462   WU     6.808526      5.761061
 ( 5   2) <--> ( 6   3)        0.141553      0.001822      0.001541   WU     0.678723      0.574304
 ( 5   2) <--> ( 6   4)        0.341835      0.010623      0.008989   WU     3.958083      3.349147
 ( 5   3) <--> ( 6   1)       -0.073773      0.000495      0.000419   WU     0.184353      0.155991
 ( 5   3) <--> ( 6   2)       -0.122559      0.001366      0.001155   WU     0.508796      0.430520
 ( 5   3) <--> ( 6   3)       -0.615982      0.034494      0.029187   WU    12.852548     10.875233
 ( 5   3) <--> ( 6   4)        0.459401      0.019186      0.016235   WU     7.148843      6.049021
 ( 5   4) <--> ( 6   1)        0.005757      0.000003      0.000003   WU     0.001123      0.000950
 ( 5   4) <--> ( 6   2)       -0.016334      0.000024      0.000021   WU     0.009037      0.007647
 ( 5   4) <--> ( 6   3)       -0.011702      0.000012      0.000011   WU     0.004638      0.003925
 ( 5   4) <--> ( 6   4)        0.117892      0.001263      0.001069   WU     0.470780      0.398352
 ( 5   1) <--> ( 7   1)        1.788152      0.290681      0.213166   WU   108.308254     79.426053
 ( 5   1) <--> ( 7   2)       -0.036751      0.000123      0.000090   WU     0.045751      0.033551
 ( 5   1) <--> ( 7   3)        0.005145      0.000002      0.000002   WU     0.000897      0.000658
 ( 5   1) <--> ( 7   4)        0.004328      0.000002      0.000001   WU     0.000634      0.000465
 ( 5   2) <--> ( 7   1)        0.362414      0.011940      0.008756   WU     4.448995      3.262596
 ( 5   2) <--> ( 7   2)       -1.375085      0.171896      0.126057   WU    64.048960     46.969238
 ( 5   2) <--> ( 7   3)       -0.051464      0.000241      0.000177   WU     0.089716      0.065791
 ( 5   2) <--> ( 7   4)        0.100260      0.000914      0.000670   WU     0.340494      0.249696
 ( 5   3) <--> ( 7   1)       -0.625298      0.035545      0.026067   WU    13.244252      9.712451
 ( 5   3) <--> ( 7   2)        0.151752      0.002094      0.001535   WU     0.780046      0.572033
 ( 5   3) <--> ( 7   3)       -0.496347      0.022396      0.016424   WU     8.344947      6.119628
 ( 5   3) <--> ( 7   4)       -1.529886      0.212777      0.156037   WU    79.281278     58.139604
 ( 5   4) <--> ( 7   1)        0.043688      0.000174      0.000127   WU     0.064652      0.047411
 ( 5   4) <--> ( 7   2)       -0.374748      0.012767      0.009362   WU     4.756991      3.488460
 ( 5   4) <--> ( 7   3)        0.082384      0.000617      0.000452   WU     0.229898      0.168592
 ( 5   4) <--> ( 7   4)        0.502480      0.022953      0.016832   WU     8.552430      6.271782
 ( 6   1) <--> ( 6   1)        0.136302      0.095029   (eb)
 ( 6   2) <--> ( 6   1)        0.865711      0.057650      0.057650   WU    21.480654     21.480654
 ( 6   2) <--> ( 6   2)       -0.819177     -0.571127   (eb)
 ( 6   3) <--> ( 6   1)        0.097357      0.000729      0.000729   WU     0.271669      0.271669
 ( 6   3) <--> ( 6   2)        0.702147      0.037924      0.037924   WU    14.130532     14.130532
 ( 6   3) <--> ( 6   3)       -0.893171     -0.622716   (eb)
 ( 6   4) <--> ( 6   1)        0.306174      0.007211      0.007211   WU     2.686825      2.686825
 ( 6   4) <--> ( 6   2)        0.800774      0.049326      0.049326   WU    18.378986     18.378986
 ( 6   4) <--> ( 6   3)       -0.230549      0.004089      0.004089   WU     1.523454      1.523454
 ( 6   4) <--> ( 6   4)       -0.172762     -0.120449   (eb)
 ( 6   1) <--> ( 7   1)       -0.336966      0.008734      0.007570   WU     3.254434      2.820510
 ( 6   1) <--> ( 7   2)       -0.149504      0.001719      0.001490   WU     0.640627      0.555210
 ( 6   1) <--> ( 7   3)        0.081578      0.000512      0.000444   WU     0.190741      0.165309
 ( 6   1) <--> ( 7   4)        0.098973      0.000754      0.000653   WU     0.280761      0.243327
 ( 6   2) <--> ( 7   1)       -0.433546      0.014459      0.012531   WU     5.387304      4.668997
 ( 6   2) <--> ( 7   2)       -0.315773      0.007670      0.006648   WU     2.857936      2.476878
 ( 6   2) <--> ( 7   3)        0.094581      0.000688      0.000596   WU     0.256396      0.222210
 ( 6   2) <--> ( 7   4)        0.056979      0.000250      0.000216   WU     0.093052      0.080645
 ( 6   3) <--> ( 7   1)        0.821584      0.051923      0.045000   WU    19.346664     16.767109
 ( 6   3) <--> ( 7   2)       -0.763293      0.044817      0.038841   WU    16.698755     14.472254
 ( 6   3) <--> ( 7   3)        0.188172      0.002724      0.002361   WU     1.014875      0.879559
 ( 6   3) <--> ( 7   4)        0.140851      0.001526      0.001323   WU     0.568616      0.492801
 ( 6   4) <--> ( 7   1)       -0.136998      0.001444      0.001251   WU     0.537932      0.466208
 ( 6   4) <--> ( 7   2)       -0.844713      0.054888      0.047569   WU    20.451286     17.724448
 ( 6   4) <--> ( 7   3)        0.057510      0.000254      0.000220   WU     0.094795      0.082156
 ( 6   4) <--> ( 7   4)       -0.170285      0.002231      0.001933   WU     0.831099      0.720286
 ( 6   1) <--> ( 8   1)        1.750677      0.235759      0.180287   WU    87.844440     67.175160
 ( 6   1) <--> ( 8   2)        0.184860      0.002629      0.002010   WU     0.979459      0.748998
 ( 6   1) <--> ( 8   3)        0.050070      0.000193      0.000147   WU     0.071855      0.054948
 ( 6   1) <--> ( 8   4)        0.055726      0.000239      0.000183   WU     0.089004      0.068062
 ( 6   2) <--> ( 8   1)       -1.014743      0.079208      0.060571   WU    29.513053     22.568805
 ( 6   2) <--> ( 8   2)        1.894139      0.275982      0.211045   WU   102.831374     78.635757
 ( 6   2) <--> ( 8   3)       -0.058983      0.000268      0.000205   WU     0.099713      0.076251
 ( 6   2) <--> ( 8   4)        0.093218      0.000668      0.000511   WU     0.249056      0.190455
 ( 6   3) <--> ( 8   1)       -0.598702      0.027573      0.021085   WU    10.273607      7.856288
 ( 6   3) <--> ( 8   2)       -0.313936      0.007581      0.005797   WU     2.824775      2.160122
 ( 6   3) <--> ( 8   3)        1.937553      0.288778      0.220830   WU   107.599237     82.281769
 ( 6   3) <--> ( 8   4)        0.213124      0.003494      0.002672   WU     1.301867      0.995545
 ( 6   4) <--> ( 8   1)        0.441177      0.014972      0.011449   WU     5.578639      4.266018
 ( 6   4) <--> ( 8   2)       -0.435927      0.014618      0.011178   WU     5.446657      4.165091
 ( 6   4) <--> ( 8   3)        0.305061      0.007159      0.005474   WU     2.667313      2.039710
 ( 6   4) <--> ( 8   4)       -1.486558      0.169989      0.129991   WU    63.338167     48.435069
 ( 7   1) <--> ( 7   1)       -0.766127     -0.513046   (eb)
 ( 7   2) <--> ( 7   1)        0.945939      0.059653      0.059653   WU    22.226999     22.226999
 ( 7   2) <--> ( 7   2)       -0.273926     -0.183438   (eb)
 ( 7   3) <--> ( 7   1)       -0.075847      0.000384      0.000384   WU     0.142901      0.142901
 ( 7   3) <--> ( 7   2)       -0.896314      0.053559      0.053559   WU    19.956038     19.956038
 ( 7   3) <--> ( 7   3)        0.568960      0.381011   (eb)
 ( 7   4) <--> ( 7   1)       -0.038345      0.000098      0.000098   WU     0.036523      0.036523
 ( 7   4) <--> ( 7   2)        0.495808      0.016388      0.016388   WU     6.106353      6.106353
 ( 7   4) <--> ( 7   3)       -0.426549      0.012130      0.012130   WU     4.519518      4.519518
 ( 7   4) <--> ( 7   4)       -0.239789     -0.160578   (eb)
 ( 7   1) <--> ( 8   1)       -0.913205      0.055596      0.049055   WU    20.715269     18.278178
 ( 7   1) <--> ( 8   2)        0.019038      0.000024      0.000021   WU     0.009003      0.007944
 ( 7   1) <--> ( 8   3)        0.832407      0.046193      0.040759   WU    17.211776     15.186861
 ( 7   1) <--> ( 8   4)        0.097728      0.000637      0.000562   WU     0.237241      0.209331
 ( 7   2) <--> ( 8   1)       -0.168702      0.001897      0.001674   WU     0.706961      0.623789
 ( 7   2) <--> ( 8   2)       -0.664303      0.029420      0.025959   WU    10.961907      9.672271
 ( 7   2) <--> ( 8   3)       -0.104893      0.000734      0.000647   WU     0.273305      0.241152
 ( 7   2) <--> ( 8   4)        1.023027      0.069772      0.061564   WU    25.997323     22.938814
 ( 7   3) <--> ( 8   1)        0.041964      0.000117      0.000104   WU     0.043743      0.038597
 ( 7   3) <--> ( 8   2)        0.145720      0.001416      0.001249   WU     0.527463      0.465408
 ( 7   3) <--> ( 8   3)        0.463083      0.014296      0.012614   WU     5.326855      4.700167
 ( 7   3) <--> ( 8   4)        0.170514      0.001938      0.001710   WU     0.722232      0.637263
 ( 7   4) <--> ( 8   1)        0.009028      0.000005      0.000005   WU     0.002025      0.001787
 ( 7   4) <--> ( 8   2)        0.082019      0.000448      0.000396   WU     0.167102      0.147443
 ( 7   4) <--> ( 8   3)        0.441098      0.012971      0.011445   WU     4.833089      4.264490
 ( 7   4) <--> ( 8   4)        0.929965      0.057656      0.050873   WU    21.482615     18.955248
 ( 7   1) <--> ( 9   1)        2.336107      0.363826      0.287231   WU   135.562511    107.023035
 ( 7   1) <--> ( 9   2)        0.053694      0.000192      0.000152   WU     0.071616      0.056539
 ( 7   1) <--> ( 9   3)        0.009353      0.000006      0.000005   WU     0.002173      0.001715
 ( 7   1) <--> ( 9   4)       -0.072629      0.000352      0.000278   WU     0.131033      0.103447
 ( 7   2) <--> ( 9   1)       -0.331303      0.007317      0.005777   WU     2.726496      2.152497
 ( 7   2) <--> ( 9   2)       -1.953776      0.254483      0.200907   WU    94.820846     74.858563
 ( 7   2) <--> ( 9   3)        0.002502      0.000000      0.000000   WU     0.000155      0.000123
 ( 7   2) <--> ( 9   4)        0.108460      0.000784      0.000619   WU     0.292208      0.230690
 ( 7   3) <--> ( 9   1)        0.251811      0.004227      0.003337   WU     1.575080      1.243484
 ( 7   3) <--> ( 9   2)       -0.300340      0.006014      0.004748   WU     2.240680      1.768958
 ( 7   3) <--> ( 9   3)       -1.486456      0.147303      0.116292   WU    54.885563     43.330708
 ( 7   3) <--> ( 9   4)       -0.144918      0.001400      0.001105   WU     0.521674      0.411848
 ( 7   4) <--> ( 9   1)        0.636430      0.027003      0.021318   WU    10.061341      7.943164
 ( 7   4) <--> ( 9   2)        0.180127      0.002163      0.001708   WU     0.805954      0.636279
 ( 7   4) <--> ( 9   3)       -0.304772      0.006192      0.004889   WU     2.307304      1.821556
 ( 7   4) <--> ( 9   4)       -2.202705      0.323461      0.255364   WU   120.522152     95.149068
 ( 8   1) <--> ( 8   1)       -0.537426     -0.346207   (eb)
 ( 8   2) <--> ( 8   1)        1.023941      0.061674      0.061674   WU    22.979808     22.979808
 ( 8   2) <--> ( 8   2)       -0.719350     -0.463403   (eb)
 ( 8   3) <--> ( 8   1)        0.091109      0.000488      0.000488   WU     0.181936      0.181936
 ( 8   3) <--> ( 8   2)        1.023262      0.061592      0.061592   WU    22.949322     22.949322
 ( 8   3) <--> ( 8   3)       -1.174199     -0.756414   (eb)
 ( 8   4) <--> ( 8   1)       -0.124295      0.000909      0.000909   WU     0.338611      0.338611
 ( 8   4) <--> ( 8   2)       -0.625742      0.023033      0.023033   WU     8.581977      8.581977
 ( 8   4) <--> ( 8   3)        0.350539      0.007228      0.007228   WU     2.693198      2.693198
 ( 8   4) <--> ( 8   4)       -0.508143     -0.327344   (eb)
 ( 8   1) <--> ( 9   1)       -0.298557      0.005243      0.004691   WU     1.953673      1.748024
 ( 8   1) <--> ( 9   2)        0.072418      0.000308      0.000276   WU     0.114945      0.102845
 ( 8   1) <--> ( 9   3)       -0.065529      0.000253      0.000226   WU     0.094117      0.084210
 ( 8   1) <--> ( 9   4)       -0.043094      0.000109      0.000098   WU     0.040704      0.036419
 ( 8   2) <--> ( 9   1)       -0.541701      0.017261      0.015444   WU     6.431552      5.754547
 ( 8   2) <--> ( 9   2)        0.323815      0.006168      0.005519   WU     2.298207      2.056291
 ( 8   2) <--> ( 9   3)       -0.110252      0.000715      0.000640   WU     0.266424      0.238379
 ( 8   2) <--> ( 9   4)       -0.055623      0.000182      0.000163   WU     0.067811      0.060673
 ( 8   3) <--> ( 9   1)        0.790067      0.036718      0.032853   WU    13.681217     12.241089
 ( 8   3) <--> ( 9   2)        0.741220      0.032318      0.028916   WU    12.041774     10.774219
 ( 8   3) <--> ( 9   3)       -0.257635      0.003904      0.003493   WU     1.454814      1.301676
 ( 8   3) <--> ( 9   4)       -0.140001      0.001153      0.001032   WU     0.429594      0.384374
 ( 8   4) <--> ( 9   1)        0.629900      0.023340      0.020883   WU     8.696414      7.781002
 ( 8   4) <--> ( 9   2)       -1.118928      0.073647      0.065895   WU    27.441031     24.552501
 ( 8   4) <--> ( 9   3)       -0.445995      0.011701      0.010469   WU     4.359694      3.900778
 ( 8   4) <--> ( 9   4)       -0.270207      0.004295      0.003843   WU     1.600257      1.431809
 ( 8   1) <--> (10   1)        2.457611      0.355285      0.287612   WU   132.380119    107.164858
 ( 8   1) <--> (10   2)       -0.141124      0.001172      0.000948   WU     0.436516      0.353370
 ( 8   1) <--> (10   3)        0.101512      0.000606      0.000491   WU     0.225857      0.182837
 ( 8   1) <--> (10   4)        0.021397      0.000027      0.000022   WU     0.010034      0.008123
 ( 8   2) <--> (10   1)       -1.002606      0.059130      0.047868   WU    22.032143     17.835545
 ( 8   2) <--> (10   2)       -2.208127      0.286813      0.232182   WU   106.867186     86.511532
 ( 8   2) <--> (10   3)        0.186807      0.002053      0.001662   WU     0.764860      0.619173
 ( 8   2) <--> (10   4)       -0.154914      0.001412      0.001143   WU     0.525994      0.425804
 ( 8   3) <--> (10   1)       -0.571373      0.019204      0.015546   WU     7.155425      5.792487
 ( 8   3) <--> (10   2)        0.902748      0.047938      0.038807   WU    17.861975     14.459694
 ( 8   3) <--> (10   3)        2.251343      0.298150      0.241359   WU   111.091187     89.930961
 ( 8   3) <--> (10   4)       -0.035241      0.000073      0.000059   WU     0.027220      0.022036
 ( 8   4) <--> (10   1)       -0.491820      0.014229      0.011518   WU     5.301618      4.291786
 ( 8   4) <--> (10   2)       -0.199899      0.002351      0.001903   WU     0.875828      0.709003
 ( 8   4) <--> (10   3)       -0.090611      0.000483      0.000391   WU     0.179951      0.145674
 ( 8   4) <--> (10   4)       -2.190022      0.282129      0.228390   WU   105.121970     85.098737
 ( 9   1) <--> ( 9   1)       -1.152574     -0.715613   (eb)
 ( 9   2) <--> ( 9   1)       -0.942270      0.046730      0.046730   WU    17.411737     17.411737
 ( 9   2) <--> ( 9   2)       -0.755320     -0.468964   (eb)
 ( 9   3) <--> ( 9   1)        0.105407      0.000585      0.000585   WU     0.217886      0.217886
 ( 9   3) <--> ( 9   2)       -1.076518      0.060994      0.060994   WU    22.726577     22.726577
 ( 9   3) <--> ( 9   3)       -0.017518     -0.010876   (eb)
 ( 9   4) <--> ( 9   1)        0.108582      0.000621      0.000621   WU     0.231211      0.231211
 ( 9   4) <--> ( 9   2)        0.496722      0.012986      0.012986   WU     4.838584      4.838584
 ( 9   4) <--> ( 9   3)       -0.299005      0.004705      0.004705   WU     1.753267      1.753267
 ( 9   4) <--> ( 9   4)       -1.015859     -0.630729   (eb)
 ( 9   1) <--> (10   1)       -1.015176      0.054241      0.049075   WU    20.210383     18.285585
 ( 9   1) <--> (10   2)        0.280916      0.004153      0.003758   WU     1.547549      1.400164
 ( 9   1) <--> (10   3)        0.665738      0.023327      0.021105   WU     8.691563      7.863795
 ( 9   1) <--> (10   4)       -0.152786      0.001229      0.001112   WU     0.457780      0.414182
 ( 9   2) <--> (10   1)        0.113633      0.000680      0.000615   WU     0.253219      0.229103
 ( 9   2) <--> (10   2)       -0.853528      0.038343      0.034691   WU    14.286533     12.925911
 ( 9   2) <--> (10   3)        0.262441      0.003625      0.003280   WU     1.350687      1.222050
 ( 9   2) <--> (10   4)        1.211642      0.077267      0.069908   WU    28.789933     26.048035
 ( 9   3) <--> (10   1)       -0.016421      0.000014      0.000013   WU     0.005288      0.004785
 ( 9   3) <--> (10   2)        0.136334      0.000978      0.000885   WU     0.364504      0.329789
 ( 9   3) <--> (10   3)       -0.656972      0.022716      0.020553   WU     8.464203      7.658088
 ( 9   3) <--> (10   4)        0.230912      0.002806      0.002539   WU     1.045646      0.946061
 ( 9   4) <--> (10   1)        0.033193      0.000058      0.000052   WU     0.021606      0.019548
 ( 9   4) <--> (10   2)       -0.003647      0.000001      0.000001   WU     0.000261      0.000236
 ( 9   4) <--> (10   3)       -0.397611      0.008321      0.007528   WU     3.100330      2.805060
 ( 9   4) <--> (10   4)        1.096996      0.063337      0.057305   WU    23.599451     21.351885
 (10   1) <--> (10   1)       -1.149460     -0.689209   (eb)
 (10   2) <--> (10   1)       -0.946244      0.042637      0.042637   WU    15.886646     15.886646
 (10   2) <--> (10   2)       -1.093153     -0.655447   (eb)
 (10   3) <--> (10   1)        0.131145      0.000819      0.000819   WU     0.305162      0.305162
 (10   3) <--> (10   2)       -1.199263      0.068487      0.068487   WU    25.518469     25.518469
 (10   3) <--> (10   3)       -1.123107     -0.673407   (eb)
 (10   4) <--> (10   1)       -0.022610      0.000024      0.000024   WU     0.009071      0.009071
 (10   4) <--> (10   2)       -0.577567      0.015885      0.015885   WU     5.918759      5.918759
 (10   4) <--> (10   3)       -0.297845      0.004224      0.004224   WU     1.574003      1.574003
 (10   4) <--> (10   4)       -1.226525     -0.735416   (eb)
 
  quadrupole shape invariant: 01+, 02+, 03+, 04+
quadr2     0.29189236     0.45265384     0.77213139     0.67007420
quadr3     0.06193113     0.11538250     0.60471872     0.39877773
  effective deformation parameters:  01+, 02+, 03+, 04+
beteff     0.21745756     0.27079850     0.35367858     0.32947662
cos3ga     0.39271269     0.37887035     0.89128501     0.72702032
 
 ********* END Transition **************************
