 ********* BEGIN READER ****************************
 
 Nucleus            :  Th  90 224
 Imin, Imax         :     0  10
 imu, remu          :     1 12.0000
 nlevel             :     4
 observables        :     2
 wave fun           :     1
 nbet, ngam, npar   :    10   7  10
 Finish reading parameters: V, B_k ...
 
 ********* END READER ******************************
 
 ********* BEGIN LEVELS ********************
 
 E_0 = -1969.982052
 
  I=   0   ntot= 127
   0   1    0.000000
   0   2    0.620300
   0   3    1.076414
   0   4    1.556642
 
  I=   2   ntot= 234
   2   1    0.189257
   2   2    0.486265
   2   3    1.032391
   2   4    1.213719
 
  I=   3   ntot= 108
   3   1    0.880839
   3   2    1.759357
   3   3    2.044601
   3   4    2.374989
 
  I=   4   ntot= 324
   4   1    0.483393
   4   2    0.818445
   4   3    1.251056
   4   4    1.350822
 
  I=   5   ntot= 198
   5   1    1.306247
   5   2    1.739657
   5   3    2.101920
   5   4    2.502718
 
  I=   6   ntot= 432
   6   1    0.865192
   6   2    1.229607
   6   3    1.624633
   6   4    1.711444
 
  I=   7   ntot= 306
   7   1    1.787011
   7   2    2.208743
   7   3    2.462510
   7   4    2.733631
 
  I=   8   ntot= 522
   8   1    1.312743
   8   2    1.698986
   8   3    2.000857
   8   4    2.170589
 
  I=   9   ntot= 397
   9   1    2.296154
   9   2    2.674689
   9   3    2.899209
   9   4    3.167154
 
  I=  10   ntot= 630
  10   1    1.800864
  10   2    2.198662
  10   3    2.440837
  10   4    2.641886
 
 ********* END LEVELS **********************
 
 ********* BEGIN Transition ************************
 
  Monopole moment 
 
   I   n    <In|E0|In>   ave \beta      del<b>   ave \gamma    del<g>  
     K=0       K=2       K=4   
   0   1     40.398266    0.263538    0.053543   22.419397   12.049304  100.0000    0.0000    0.0000
   0   2     40.595959    0.287979    0.064798   24.493715   15.622765  100.0000    0.0000    0.0000
   0   3     41.101930    0.353987    0.099706   15.876143   13.388765   99.9999    0.0000    0.0000
   0   4     41.315020    0.376423    0.132431   15.478227   14.925623   99.9999    0.0000    0.0000
   2   1     40.460942    0.273214    0.054973   20.189439   11.854982   91.1356    8.8644    0.0000
   2   2     40.482674    0.269884    0.052275   28.643965   12.554331   20.1444   79.8556    0.0000
   2   3     40.882088    0.327617    0.085277   17.376553   14.245491   73.3329   26.6671    0.0000
   2   4     41.066424    0.348067    0.097721   17.152458   14.043778   69.5098   30.4901    0.0000
   3   1     40.576116    0.283603    0.052890   24.363165    9.596060    0.0000  100.0000    0.0000
   3   2     41.363812    0.380205    0.091442   16.261728   10.681679    0.0000   99.9999    0.0000
   3   3     41.048280    0.334959    0.089395   26.130613   12.295074    0.0000   99.9999    0.0000
   3   4     42.283794    0.468004    0.127343   13.763513   11.043329    0.0000   99.9996    0.0000
   4   1     40.544608    0.285002    0.057348   18.783658   11.876076   86.9326   10.4307    2.6366
   4   2     40.563760    0.280029    0.057396   28.472856   13.905281   27.2996   39.1459   33.5545
   4   3     40.710519    0.300506    0.066496   23.807290   12.965280    8.0987   49.8967   42.0046
   4   4     41.369267    0.385180    0.096742   12.161485   11.208432   85.5300   14.2048    0.2651
   5   1     40.691705    0.298843    0.057498   22.761403    9.949371    0.0000   86.2523   13.7477
   5   2     40.805043    0.310321    0.065232   24.683573   11.300903    0.0000   23.8600   76.1400
   5   3     41.760582    0.419461    0.101432   14.990674   10.030518    0.0000   91.4178    8.5820
   5   4     41.519675    0.391646    0.109200   18.856702   12.066614    0.0000   49.0204   50.9795
   6   1     40.659509    0.300447    0.061522   17.469939   11.930296   83.6624   13.0667    2.2301
   6   2     40.687151    0.296062    0.067978   26.569590   14.950446   32.4474   30.4827   20.4107
   6   3     41.367940    0.382101    0.107116   14.460695   14.127678   69.7776   10.0291    5.3214
   6   4     41.081087    0.348497    0.094331   17.689551   13.013682   26.4943   57.6417    2.4080
   7   1     40.867692    0.321245    0.066041   20.717704   10.412638    0.0000   81.1292   16.1490
   7   2     41.130725    0.349607    0.091602   21.090405   13.092345    0.0000   38.8529   38.0594
   7   3     41.927220    0.434387    0.116825   15.015040   11.032708    0.0000   81.8061    9.2207
   7   4     41.338678    0.370170    0.087097   21.405967   10.813074    0.0000    2.2245   59.8114
   8   1     40.828954    0.322234    0.068107   15.878537   11.911317   82.1002   14.7053    2.1768
   8   2     40.900385    0.323369    0.087029   22.854712   15.646040   38.8181   27.6265   16.7937
   8   3     41.665930    0.412510    0.118820   13.179558   13.525505   80.6494    4.9304    4.2044
   8   4     41.207162    0.360816    0.089425   18.674462   12.442668   11.5000   66.8524    3.9361
   9   1     41.185082    0.358899    0.079653   17.967573   10.706137    0.0000   81.7322   15.0805
   9   2     41.726278    0.413773    0.117634   16.580676   12.775729    0.0000   57.3892   24.1175
   9   3     41.847681    0.425351    0.129415   16.530319   12.566342    0.0000   62.4563   16.2381
   9   4     42.027920    0.439905    0.102952   17.287323   10.777793    0.0000    9.6227   72.3723
  10   1     41.094050    0.354016    0.076585   13.984542   11.638788   82.7538   14.7275    1.8325
  10   2     41.274985    0.368041    0.112050   17.908611   15.534147   49.5947   26.0987   12.9206
  10   3     41.789415    0.423118    0.132486   14.181879   14.063318   71.4543   10.3412    6.8860
  10   4     41.643991    0.406466    0.097543   16.509078   12.042369    8.8413   71.5822    5.4496
 
  rho^2(E0) 
 
   I  n_1 n_2  <In_1|E0|In_2>  rho^2(E0) 
   0   1   1       40.398266 2987.073019
   0   2   1        0.109143    0.021803
   0   2   2       40.595959 3016.379716
   0   3   1        0.336636    0.207416
   0   3   2        0.241810    0.107021
   0   3   3       41.101930 3092.038058
   0   4   1        0.159412    0.046512
   0   4   2       -0.336493    0.207240
   0   4   3       -0.584378    0.625040
   0   4   4       41.315020 3124.182010
   2   1   1       40.460942 2996.348890
   2   2   1        0.050512    0.004670
   2   2   2       40.482674 2999.568453
   2   3   1       -0.216385    0.085699
   2   3   2       -0.073938    0.010006
   2   3   3       40.882088 3059.049614
   2   4   1        0.264284    0.127838
   2   4   2        0.147392    0.039762
   2   4   3       -0.318172    0.185286
   2   4   4       41.066424 3086.698120
   3   1   1       40.576116 3013.431552
   3   2   1        0.304378    0.169569
   3   2   2       41.363812 3131.565519
   3   3   1        0.222532    0.090637
   3   3   2        0.340897    0.212700
   3   3   3       41.048280 3083.971310
   3   4   1       -0.146140    0.039090
   3   4   2        0.726430    0.965845
   3   4   3        0.382713    0.268082
   3   4   4       42.283794 3272.414327
   4   1   1       40.544608 3008.753535
   4   2   1        0.082300    0.012397
   4   2   2       40.563760 3011.596585
   4   3   1       -0.076580    0.010734
   4   3   2       -0.087979    0.014167
   4   3   3       40.710519 3033.427873
   4   4   1        0.352120    0.226935
   4   4   2        0.182567    0.061005
   4   4   3       -0.154648    0.043773
   4   4   4       41.369267 3132.391517
   5   1   1       40.691705 3030.624840
   5   2   1        0.098904    0.017904
   5   2   2       40.805043 3047.530612
   5   3   1       -0.385653    0.272216
   5   3   2       -0.261657    0.125310
   5   3   3       41.760582 3191.930846
   5   4   1       -0.011007    0.000222
   5   4   2       -0.273875    0.137286
   5   4   3        0.380841    0.265466
   5   4   4       41.519675 3155.210055
   6   1   1       40.659509 3025.830933
   6   2   1        0.137491    0.034600
   6   2   2       40.687151 3029.946485
   6   3   1       -0.342325    0.214486
   6   3   2       -0.291721    0.155760
   6   3   3       41.367940 3132.190561
   6   4   1        0.231700    0.098259
   6   4   2        0.090111    0.014862
   6   4   3       -0.362297    0.240242
   6   4   4       41.081087 3088.902884
   7   1   1       40.867692 3056.895713
   7   2   1        0.250624    0.114965
   7   2   2       41.130725 3096.371884
   7   3   1       -0.435234    0.346710
   7   3   2       -0.524808    0.504105
   7   3   3       41.927220 3217.455377
   7   4   1        0.073996    0.010022
   7   4   2       -0.172751    0.054621
   7   4   3       -0.036243    0.002404
   7   4   4       41.338678 3127.761083
   8   1   1       40.828954 3051.103266
   8   2   1        0.247943    0.112519
   8   2   2       40.900385 3061.788508
   8   3   1       -0.442613    0.358566
   8   3   2       -0.455632    0.379969
   8   3   3       41.665930 3177.477986
   8   4   1        0.148355    0.040283
   8   4   2       -0.016969    0.000527
   8   4   3       -0.248406    0.112939
   8   4   4       41.207162 3107.891230
   9   1   1       41.185082 3104.561411
   9   2   1       -0.537357    0.528501
   9   2   2       41.726278 3186.689058
   9   3   1       -0.438152    0.351374
   9   3   2        0.717324    0.941784
   9   3   3       41.847681 3205.259497
   9   4   1        0.103477    0.019598
   9   4   2        0.419528    0.322139
   9   4   3       -0.004164    0.000032
   9   4   4       42.027920 3232.929179
  10   1   1       41.094050 3090.852507
  10   2   1       -0.444185    0.361117
  10   2   2       41.274985 3118.130138
  10   3   1       -0.481146    0.423715
  10   3   2        0.634344    0.736496
  10   3   3       41.789415 3196.339979
  10   4   1       -0.105412    0.020338
  10   4   2       -0.147541    0.039842
  10   4   3        0.223805    0.091677
  10   4   4       41.643991 3174.132774
 
  E2 transition 
 
  I1  n1        I2  n2       <f||E2||i>   B(E2,I1->I2)  B(E2,I2->I1)
 ( 0   1) <--> ( 2   1)        3.469994     12.040861      2.408172   WU   949.798439    189.959688
 ( 0   1) <--> ( 2   2)       -0.028871      0.000834      0.000167   WU     0.065749      0.013150
 ( 0   1) <--> ( 2   3)       -0.232620      0.054112      0.010822   WU     4.268434      0.853687
 ( 0   1) <--> ( 2   4)        0.262093      0.068693      0.013739   WU     5.418561      1.083712
 ( 0   2) <--> ( 2   1)        0.843606      0.711671      0.142334   WU    56.137521     11.227504
 ( 0   2) <--> ( 2   2)        2.182678      4.764083      0.952817   WU   375.796947     75.159389
 ( 0   2) <--> ( 2   3)       -2.905758      8.443428      1.688686   WU   666.028357    133.205671
 ( 0   2) <--> ( 2   4)       -0.262968      0.069152      0.013830   WU     5.454830      1.090966
 ( 0   3) <--> ( 2   1)        0.781187      0.610253      0.122051   WU    48.137532      9.627506
 ( 0   3) <--> ( 2   2)       -0.049875      0.002488      0.000498   WU     0.196220      0.039244
 ( 0   3) <--> ( 2   3)       -2.304470      5.310581      1.062116   WU   418.905393     83.781079
 ( 0   3) <--> ( 2   4)        3.859979     14.899436      2.979887   WU  1175.286480    235.057296
 ( 0   4) <--> ( 2   1)        0.365355      0.133484      0.026697   WU    10.529422      2.105884
 ( 0   4) <--> ( 2   2)       -0.250143      0.062572      0.012514   WU     4.935728      0.987146
 ( 0   4) <--> ( 2   3)        1.404643      1.973021      0.394604   WU   155.634440     31.126888
 ( 0   4) <--> ( 2   4)       -1.460578      2.133288      0.426658   WU   168.276489     33.655298
 ( 2   1) <--> ( 2   1)       -2.954458     -2.239282   (eb)
 ( 2   2) <--> ( 2   1)       -3.179939      2.022402      2.022402   WU   159.529667    159.529667
 ( 2   2) <--> ( 2   2)        2.223088      1.684952   (eb)
 ( 2   3) <--> ( 2   1)        0.045391      0.000412      0.000412   WU     0.032505      0.032505
 ( 2   3) <--> ( 2   2)        1.363539      0.371848      0.371848   WU    29.331843     29.331843
 ( 2   3) <--> ( 2   3)       -2.346857     -1.778761   (eb)
 ( 2   4) <--> ( 2   1)       -0.609781      0.074367      0.074367   WU     5.866138      5.866138
 ( 2   4) <--> ( 2   2)       -0.394593      0.031141      0.031141   WU     2.456419      2.456419
 ( 2   4) <--> ( 2   3)        3.442592      2.370289      2.370289   WU   186.971387    186.971387
 ( 2   4) <--> ( 2   4)       -2.348236     -1.779806   (eb)
 ( 2   1) <--> ( 3   1)       -0.127373      0.003245      0.002318   WU     0.255953      0.182824
 ( 2   1) <--> ( 3   2)       -0.177918      0.006331      0.004522   WU     0.499397      0.356712
 ( 2   1) <--> ( 3   3)        0.193857      0.007516      0.005369   WU     0.592883      0.423488
 ( 2   1) <--> ( 3   4)        0.034809      0.000242      0.000173   WU     0.019116      0.013654
 ( 2   2) <--> ( 3   1)       -4.297447      3.693611      2.638293   WU   291.356736    208.111954
 ( 2   2) <--> ( 3   2)        0.012592      0.000032      0.000023   WU     0.002501      0.001787
 ( 2   2) <--> ( 3   3)       -0.445406      0.039677      0.028341   WU     3.129803      2.235573
 ( 2   2) <--> ( 3   4)        0.153730      0.004727      0.003376   WU     0.372837      0.266312
 ( 2   3) <--> ( 3   1)       -3.231407      2.088398      1.491713   WU   164.735477    117.668198
 ( 2   3) <--> ( 3   2)       -0.526866      0.055518      0.039655   WU     4.379292      3.128066
 ( 2   3) <--> ( 3   3)        0.046910      0.000440      0.000314   WU     0.034716      0.024797
 ( 2   3) <--> ( 3   4)        0.286257      0.016389      0.011706   WU     1.292759      0.923399
 ( 2   4) <--> ( 3   1)       -2.335605      1.091010      0.779293   WU    86.060253     61.471609
 ( 2   4) <--> ( 3   2)       -2.646152      1.400425      1.000303   WU   110.467277     78.905198
 ( 2   4) <--> ( 3   3)        0.298416      0.017810      0.012722   WU     1.404912      1.003508
 ( 2   4) <--> ( 3   4)        0.184126      0.006780      0.004843   WU     0.534850      0.382036
 ( 2   1) <--> ( 4   1)        5.852202      6.849653      3.805363   WU   540.309392    300.171885
 ( 2   1) <--> ( 4   2)        0.300115      0.018014      0.010008   WU     1.420954      0.789419
 ( 2   1) <--> ( 4   3)        0.028885      0.000167      0.000093   WU     0.013163      0.007313
 ( 2   1) <--> ( 4   4)        0.441181      0.038928      0.021627   WU     3.070694      1.705941
 ( 2   2) <--> ( 4   1)        0.526581      0.055458      0.030810   WU     4.374565      2.430314
 ( 2   2) <--> ( 4   2)        4.439650      3.942098      2.190055   WU   310.957739    172.754299
 ( 2   2) <--> ( 4   3)       -0.537556      0.057793      0.032107   WU     4.558801      2.532667
 ( 2   2) <--> ( 4   4)        0.103697      0.002151      0.001195   WU     0.169643      0.094246
 ( 2   3) <--> ( 4   1)       -1.543864      0.476703      0.264835   WU    37.602964     20.890535
 ( 2   3) <--> ( 4   2)       -2.045538      0.836845      0.464914   WU    66.011407     36.673004
 ( 2   3) <--> ( 4   3)        0.386775      0.029919      0.016622   WU     2.360044      1.311136
 ( 2   3) <--> ( 4   4)       -5.791170      6.707530      3.726406   WU   529.098515    293.943620
 ( 2   4) <--> ( 4   1)        0.950316      0.180620      0.100344   WU    14.247541      7.915301
 ( 2   4) <--> ( 4   2)        0.221495      0.009812      0.005451   WU     0.773985      0.429992
 ( 2   4) <--> ( 4   3)       -2.827180      1.598589      0.888105   WU   126.098763     70.054869
 ( 2   4) <--> ( 4   4)        4.839957      4.685036      2.602798   WU   369.561620    205.312011
 ( 3   1) <--> ( 3   1)        0.000000      0.000000   (eb)
 ( 3   2) <--> ( 3   1)        0.000000      0.000000      0.000000   WU     0.000000      0.000000
 ( 3   2) <--> ( 3   2)        0.000000      0.000000   (eb)
 ( 3   3) <--> ( 3   1)        0.000000      0.000000      0.000000   WU     0.000000      0.000000
 ( 3   3) <--> ( 3   2)        0.000000      0.000000      0.000000   WU     0.000000      0.000000
 ( 3   3) <--> ( 3   3)        0.000000      0.000000   (eb)
 ( 3   4) <--> ( 3   1)        0.000000      0.000000      0.000000   WU     0.000000      0.000000
 ( 3   4) <--> ( 3   2)        0.000000      0.000000      0.000000   WU     0.000000      0.000000
 ( 3   4) <--> ( 3   3)        0.000000      0.000000      0.000000   WU     0.000000      0.000000
 ( 3   4) <--> ( 3   4)        0.000000      0.000000   (eb)
 ( 3   1) <--> ( 4   1)        2.194176      0.687772      0.534934   WU    54.252358     42.196278
 ( 3   1) <--> ( 4   2)       -2.216033      0.701543      0.545645   WU    55.338604     43.041137
 ( 3   1) <--> ( 4   3)        4.625885      3.056973      2.377645   WU   241.137895    187.551696
 ( 3   1) <--> ( 4   4)        1.706082      0.415817      0.323413   WU    32.800139     25.511219
 ( 3   2) <--> ( 4   1)        0.109045      0.001699      0.001321   WU     0.133994      0.104218
 ( 3   2) <--> ( 4   2)        0.150809      0.003249      0.002527   WU     0.256289      0.199336
 ( 3   2) <--> ( 4   3)        1.593358      0.362684      0.282088   WU    28.609005     22.251449
 ( 3   2) <--> ( 4   4)        2.406221      0.827128      0.643322   WU    65.244936     50.746061
 ( 3   3) <--> ( 4   1)        0.100178      0.001434      0.001115   WU     0.113089      0.087958
 ( 3   3) <--> ( 4   2)       -0.484466      0.033530      0.026079   WU     2.644860      2.057114
 ( 3   3) <--> ( 4   3)        0.078052      0.000870      0.000677   WU     0.068651      0.053395
 ( 3   3) <--> ( 4   4)        0.293627      0.012317      0.009580   WU     0.971555      0.755654
 ( 3   4) <--> ( 4   1)       -0.091599      0.001199      0.000932   WU     0.094549      0.073538
 ( 3   4) <--> ( 4   2)        0.110928      0.001758      0.001367   WU     0.138662      0.107848
 ( 3   4) <--> ( 4   3)       -0.434539      0.026975      0.020980   WU     2.127808      1.654962
 ( 3   4) <--> ( 4   4)       -0.083842      0.001004      0.000781   WU     0.079214      0.061611
 ( 3   1) <--> ( 5   1)       -5.479895      4.289893      2.729932   WU   338.392193    215.340486
 ( 3   1) <--> ( 5   2)       -0.284310      0.011547      0.007348   WU     0.910879      0.579650
 ( 3   1) <--> ( 5   3)        0.090589      0.001172      0.000746   WU     0.092475      0.058848
 ( 3   1) <--> ( 5   4)        0.013096      0.000024      0.000016   WU     0.001933      0.001230
 ( 3   2) <--> ( 5   1)       -1.860693      0.494597      0.314744   WU    39.014451     24.827378
 ( 3   2) <--> ( 5   2)       -3.113249      1.384617      0.881120   WU   109.220378     69.503877
 ( 3   2) <--> ( 5   3)        6.582864      6.190585      3.939463   WU   488.321239    310.749879
 ( 3   2) <--> ( 5   4)       -1.173068      0.196584      0.125099   WU    15.506801      9.867964
 ( 3   3) <--> ( 5   1)       -0.498916      0.035560      0.022629   WU     2.804984      1.784990
 ( 3   3) <--> ( 5   2)        1.311600      0.245756      0.156390   WU    19.385576     12.336276
 ( 3   3) <--> ( 5   3)        3.356331      1.609280      1.024087   WU   126.942049     80.781304
 ( 3   3) <--> ( 5   4)        3.734363      1.992210      1.267770   WU   157.148042    100.003300
 ( 3   4) <--> ( 5   1)        0.503811      0.036261      0.023075   WU     2.860297      1.820189
 ( 3   4) <--> ( 5   2)       -0.518843      0.038457      0.024473   WU     3.033524      1.930424
 ( 3   4) <--> ( 5   3)        3.781080      2.042367      1.299688   WU   161.104512    102.521053
 ( 3   4) <--> ( 5   4)        3.184056      1.448316      0.921656   WU   114.245042     72.701390
 ( 4   1) <--> ( 4   1)       -4.041073     -3.047355   (eb)
 ( 4   2) <--> ( 4   1)       -3.364425      1.257706      1.257706   WU    99.209443     99.209443
 ( 4   2) <--> ( 4   2)        0.856436      0.645835   (eb)
 ( 4   3) <--> ( 4   1)        0.442086      0.021716      0.021716   WU     1.712949      1.712949
 ( 4   3) <--> ( 4   2)        4.191799      1.952353      1.952353   WU   154.004089    154.004089
 ( 4   3) <--> ( 4   3)        0.548823      0.413865   (eb)
 ( 4   4) <--> ( 4   1)       -0.390198      0.016917      0.016917   WU     1.334449      1.334449
 ( 4   4) <--> ( 4   2)       -0.911332      0.092281      0.092281   WU     7.279211      7.279211
 ( 4   4) <--> ( 4   3)        0.943475      0.098905      0.098905   WU     7.801759      7.801759
 ( 4   4) <--> ( 4   4)       -6.935152     -5.229767   (eb)
 ( 4   1) <--> ( 5   1)       -0.026072      0.000076      0.000062   WU     0.005958      0.004875
 ( 4   1) <--> ( 5   2)        0.216188      0.005193      0.004249   WU     0.409632      0.335153
 ( 4   1) <--> ( 5   3)       -0.059646      0.000395      0.000323   WU     0.031181      0.025512
 ( 4   1) <--> ( 5   4)        0.190070      0.004014      0.003284   WU     0.316636      0.259066
 ( 4   2) <--> ( 5   1)        3.386678      1.274399      1.042690   WU   100.526193     82.248704
 ( 4   2) <--> ( 5   2)       -0.612765      0.041720      0.034135   WU     3.290933      2.692582
 ( 4   2) <--> ( 5   3)       -0.095459      0.001012      0.000828   WU     0.079867      0.065346
 ( 4   2) <--> ( 5   4)       -0.300983      0.010066      0.008236   WU     0.793990      0.649628
 ( 4   3) <--> ( 5   1)       -1.673019      0.310999      0.254454   WU    24.532002     20.071638
 ( 4   3) <--> ( 5   2)       -5.995546      3.994064      3.267871   WU   315.056874    257.773806
 ( 4   3) <--> ( 5   3)       -0.136575      0.002073      0.001696   WU     0.163484      0.133759
 ( 4   3) <--> ( 5   4)        0.107340      0.001280      0.001047   WU     0.100985      0.082624
 ( 4   4) <--> ( 5   1)       -2.028099      0.457021      0.373926   WU    36.050372     29.495759
 ( 4   4) <--> ( 5   2)       -0.939554      0.098085      0.080251   WU     7.737048      6.330312
 ( 4   4) <--> ( 5   3)       -0.380850      0.016116      0.013186   WU     1.271272      1.040132
 ( 4   4) <--> ( 5   4)        0.033739      0.000126      0.000103   WU     0.009977      0.008163
 ( 4   1) <--> ( 6   1)        7.898819      6.932371      4.799334   WU   546.834253    378.577560
 ( 4   1) <--> ( 6   2)        0.373148      0.015471      0.010711   WU     1.220376      0.844876
 ( 4   1) <--> ( 6   3)       -0.234701      0.006121      0.004237   WU     0.482794      0.334242
 ( 4   1) <--> ( 6   4)        0.291408      0.009435      0.006532   WU     0.744274      0.515267
 ( 4   2) <--> ( 6   1)        0.846139      0.079550      0.055073   WU     6.275017      4.344243
 ( 4   2) <--> ( 6   2)        6.619166      4.868151      3.370258   WU   384.005944    265.850269
 ( 4   2) <--> ( 6   3)       -0.393318      0.017189      0.011900   WU     1.355874      0.938682
 ( 4   2) <--> ( 6   4)       -0.485587      0.026199      0.018138   WU     2.066645      1.430754
 ( 4   3) <--> ( 6   1)        0.080459      0.000719      0.000498   WU     0.056739      0.039281
 ( 4   3) <--> ( 6   2)       -1.374705      0.209979      0.145370   WU    16.563437     11.466995
 ( 4   3) <--> ( 6   3)        4.815980      2.577074      1.784128   WU   203.282847    140.734278
 ( 4   3) <--> ( 6   4)        3.739217      1.553527      1.075519   WU   122.544223     84.838308
 ( 4   4) <--> ( 6   1)        2.690934      0.804570      0.557010   WU    63.465473     43.937635
 ( 4   4) <--> ( 6   2)        2.364608      0.621263      0.430105   WU    49.006039     33.927258
 ( 4   4) <--> ( 6   3)       -7.769495      6.707227      4.643465   WU   529.074658    366.282455
 ( 4   4) <--> ( 6   4)        6.621148      4.871066      3.372277   WU   384.235906    266.009473
 ( 5   1) <--> ( 5   1)       -2.109418     -1.531705   (eb)
 ( 5   2) <--> ( 5   1)       -3.452498      1.083613      1.083613   WU    85.476794     85.476794
 ( 5   2) <--> ( 5   2)        1.310427      0.951536   (eb)
 ( 5   3) <--> ( 5   1)       -0.094577      0.000813      0.000813   WU     0.064144      0.064144
 ( 5   3) <--> ( 5   2)        1.878239      0.320707      0.320707   WU    25.297808     25.297808
 ( 5   3) <--> ( 5   3)       -4.524840     -3.285608   (eb)
 ( 5   4) <--> ( 5   1)        0.299050      0.008130      0.008130   WU     0.641310      0.641310
 ( 5   4) <--> ( 5   2)       -0.348853      0.011063      0.011063   WU     0.872701      0.872701
 ( 5   4) <--> ( 5   3)       -2.592078      0.610806      0.610806   WU    48.181157     48.181157
 ( 5   4) <--> ( 5   4)        0.266289      0.193360   (eb)
 ( 5   1) <--> ( 6   1)       -2.743341      0.684174      0.578917   WU    53.968545     45.665692
 ( 5   1) <--> ( 6   2)        2.335434      0.495841      0.419558   WU    39.112569     33.095251
 ( 5   1) <--> ( 6   3)       -1.366953      0.169869      0.143736   WU    13.399502     11.338040
 ( 5   1) <--> ( 6   4)       -3.791967      1.307183      1.106078   WU   103.112265     87.248840
 ( 5   2) <--> ( 6   1)       -0.043030      0.000168      0.000142   WU     0.013278      0.011235
 ( 5   2) <--> ( 6   2)       -1.998239      0.362996      0.307151   WU    28.633604     24.228434
 ( 5   2) <--> ( 6   3)       -1.050540      0.100330      0.084895   WU     7.914194      6.696625
 ( 5   2) <--> ( 6   4)       -1.684599      0.257988      0.218298   WU    20.350461     17.219621
 ( 5   3) <--> ( 6   1)        0.115651      0.001216      0.001029   WU     0.095913      0.081158
 ( 5   3) <--> ( 6   2)       -0.095825      0.000835      0.000706   WU     0.065847      0.055717
 ( 5   3) <--> ( 6   3)       -1.118369      0.113704      0.096211   WU     8.969155      7.589285
 ( 5   3) <--> ( 6   4)        2.854955      0.740979      0.626982   WU    58.449376     49.457164
 ( 5   4) <--> ( 6   1)        0.002024      0.000000      0.000000   WU     0.000029      0.000025
 ( 5   4) <--> ( 6   2)       -0.284377      0.007352      0.006221   WU     0.579924      0.490705
 ( 5   4) <--> ( 6   3)       -0.344932      0.010816      0.009152   WU     0.853192      0.721932
 ( 5   4) <--> ( 6   4)       -0.394873      0.014175      0.011994   WU     1.118137      0.946116
 ( 5   1) <--> ( 7   1)       -8.005857      5.826704      4.272916   WU   459.617812    337.053062
 ( 5   1) <--> ( 7   2)       -0.131236      0.001566      0.001148   WU     0.123506      0.090571
 ( 5   1) <--> ( 7   3)       -0.127493      0.001478      0.001084   WU     0.116562      0.085479
 ( 5   1) <--> ( 7   4)       -0.192266      0.003361      0.002464   WU     0.265086      0.194396
 ( 5   2) <--> ( 7   1)       -1.271182      0.146900      0.107727   WU    11.587695      8.497643
 ( 5   2) <--> ( 7   2)       -6.392792      3.715254      2.724520   WU   293.063987    214.913590
 ( 5   2) <--> ( 7   3)       -0.631206      0.036220      0.026561   WU     2.857090      2.095199
 ( 5   2) <--> ( 7   4)        0.515408      0.024150      0.017710   WU     1.904953      1.396965
 ( 5   3) <--> ( 7   1)        3.050221      0.845804      0.620256   WU    66.718107     48.926612
 ( 5   3) <--> ( 7   2)        4.696297      2.005018      1.470347   WU   158.158400    115.982827
 ( 5   3) <--> ( 7   3)       -9.991968      9.076311      6.655961   WU   715.950973    525.030713
 ( 5   3) <--> ( 7   4)        1.063405      0.102803      0.075389   WU     8.109206      5.946751
 ( 5   4) <--> ( 7   1)       -0.362244      0.011929      0.008748   WU     0.940988      0.690058
 ( 5   4) <--> ( 7   2)        0.545870      0.027089      0.019865   WU     2.136780      1.566972
 ( 5   4) <--> ( 7   3)       -3.376973      1.036722      0.760263   WU    81.777966     59.970508
 ( 5   4) <--> ( 7   4)       -3.573964      1.161202      0.851548   WU    91.597094     67.171202
 ( 6   1) <--> ( 6   1)       -5.222824     -3.641338   (eb)
 ( 6   2) <--> ( 6   1)       -3.657815      1.029201      1.029201   WU    81.184682     81.184682
 ( 6   2) <--> ( 6   2)       -0.337316     -0.235176   (eb)
 ( 6   3) <--> ( 6   1)        0.739064      0.042017      0.042017   WU     3.314325      3.314325
 ( 6   3) <--> ( 6   2)        4.616968      1.639723      1.639723   WU   129.343405    129.343405
 ( 6   3) <--> ( 6   3)       -5.860407     -4.085858   (eb)
 ( 6   4) <--> ( 6   1)        0.086257      0.000572      0.000572   WU     0.045146      0.045146
 ( 6   4) <--> ( 6   2)        2.573850      0.509593      0.509593   WU    40.197324     40.197324
 ( 6   4) <--> ( 6   3)        3.758909      1.086876      1.086876   WU    85.734199     85.734199
 ( 6   4) <--> ( 6   4)       -4.220150     -2.942276   (eb)
 ( 6   1) <--> ( 7   1)        0.098414      0.000745      0.000646   WU     0.058768      0.050932
 ( 6   1) <--> ( 7   2)       -0.262183      0.005288      0.004583   WU     0.417100      0.361487
 ( 6   1) <--> ( 7   3)       -0.029428      0.000067      0.000058   WU     0.005255      0.004554
 ( 6   1) <--> ( 7   4)       -0.080778      0.000502      0.000435   WU     0.039593      0.034314
 ( 6   2) <--> ( 7   1)       -2.965362      0.676413      0.586225   WU    53.356350     46.242170
 ( 6   2) <--> ( 7   2)        0.854505      0.056168      0.048679   WU     4.430576      3.839833
 ( 6   2) <--> ( 7   3)        0.265842      0.005436      0.004711   WU     0.428821      0.371645
 ( 6   2) <--> ( 7   4)        0.298243      0.006842      0.005930   WU     0.539722      0.467759
 ( 6   3) <--> ( 7   1)        0.233239      0.004185      0.003627   WU     0.330091      0.286079
 ( 6   3) <--> ( 7   2)        3.040519      0.711135      0.616317   WU    56.095257     48.615889
 ( 6   3) <--> ( 7   3)        0.309995      0.007392      0.006406   WU     0.583095      0.505349
 ( 6   3) <--> ( 7   4)        0.299129      0.006883      0.005965   WU     0.542933      0.470542
 ( 6   4) <--> ( 7   1)        2.746068      0.580068      0.502726   WU    45.756538     39.655667
 ( 6   4) <--> ( 7   2)        3.917655      1.180617      1.023201   WU    93.128558     80.711417
 ( 6   4) <--> ( 7   3)        0.973585      0.072913      0.063191   WU     5.751462      4.984600
 ( 6   4) <--> ( 7   4)        0.190139      0.002781      0.002410   WU     0.219368      0.190119
 ( 6   1) <--> ( 8   1)        9.941692      7.602865      5.813955   WU   599.723652    458.612205
 ( 6   1) <--> ( 8   2)        0.215247      0.003564      0.002725   WU     0.281129      0.214981
 ( 6   1) <--> ( 8   3)       -0.093971      0.000679      0.000519   WU     0.053582      0.040975
 ( 6   1) <--> ( 8   4)        0.153796      0.001819      0.001391   WU     0.143523      0.109753
 ( 6   2) <--> ( 8   1)        1.549526      0.184695      0.141237   WU    14.568951     11.140963
 ( 6   2) <--> ( 8   2)        8.704743      5.828658      4.457209   WU   459.771977    351.590336
 ( 6   2) <--> ( 8   3)        0.318706      0.007813      0.005975   WU     0.616327      0.471309
 ( 6   2) <--> ( 8   4)       -0.563667      0.024440      0.018689   WU     1.927863      1.474248
 ( 6   3) <--> ( 8   1)       -2.580541      0.512245      0.391717   WU    40.406572     30.899143
 ( 6   3) <--> ( 8   2)       -4.272219      1.403989      1.073638   WU   110.748421     84.689969
 ( 6   3) <--> ( 8   3)       11.039165      9.374090      7.168422   WU   739.440194    565.454266
 ( 6   3) <--> ( 8   4)        1.552601      0.185428      0.141798   WU    14.626831     11.185224
 ( 6   4) <--> ( 8   1)        2.678299      0.551791      0.421958   WU    43.525990     33.284580
 ( 6   4) <--> ( 8   2)        0.969307      0.072274      0.055268   WU     5.701027      4.359609
 ( 6   4) <--> ( 8   3)       -5.074887      1.981114      1.514969   WU   156.272794    119.502725
 ( 6   4) <--> ( 8   4)        9.039213      6.285182      4.806316   WU   495.783189    379.128321
 ( 7   1) <--> ( 7   1)       -4.011102     -2.686082   (eb)
 ( 7   2) <--> ( 7   1)       -4.122955      1.133251      1.133251   WU    89.392256     89.392256
 ( 7   2) <--> ( 7   2)       -1.507612     -1.009591   (eb)
 ( 7   3) <--> ( 7   1)       -0.512741      0.017527      0.017527   WU     1.382545      1.382545
 ( 7   3) <--> ( 7   2)        3.925513      1.027310      1.027310   WU    81.035534     81.035534
 ( 7   3) <--> ( 7   3)       -6.431000     -4.306595   (eb)
 ( 7   4) <--> ( 7   1)        0.199267      0.002647      0.002647   WU     0.208810      0.208810
 ( 7   4) <--> ( 7   2)        3.673745      0.899760      0.899760   WU    70.974235     70.974235
 ( 7   4) <--> ( 7   3)        0.758914      0.038397      0.038397   WU     3.028777      3.028777
 ( 7   4) <--> ( 7   4)        0.881723      0.590456   (eb)
 ( 7   1) <--> ( 8   1)        3.086298      0.635015      0.560308   WU    50.090832     44.197793
 ( 7   1) <--> ( 8   2)       -2.359790      0.371241      0.327565   WU    29.283928     25.838760
 ( 7   1) <--> ( 8   3)       -0.294629      0.005787      0.005106   WU     0.456492      0.402787
 ( 7   1) <--> ( 8   4)        3.801577      0.963466      0.850117   WU    75.999419     67.058311
 ( 7   2) <--> ( 8   1)        0.046545      0.000144      0.000127   WU     0.011393      0.010052
 ( 7   2) <--> ( 8   2)        2.711853      0.490277      0.432597   WU    38.673643     34.123803
 ( 7   2) <--> ( 8   3)        0.518932      0.017953      0.015841   WU     1.416132      1.249528
 ( 7   2) <--> ( 8   4)        2.781547      0.515800      0.455118   WU    40.686988     35.900284
 ( 7   3) <--> ( 8   1)       -0.051247      0.000175      0.000154   WU     0.013811      0.012186
 ( 7   3) <--> ( 8   2)        0.392657      0.010279      0.009069   WU     0.810791      0.715404
 ( 7   3) <--> ( 8   3)        2.519070      0.423048      0.373277   WU    33.370542     29.444596
 ( 7   3) <--> ( 8   4)       -2.240660      0.334704      0.295327   WU    26.401857     23.295756
 ( 7   4) <--> ( 8   1)       -0.008745      0.000005      0.000004   WU     0.000402      0.000355
 ( 7   4) <--> ( 8   2)        0.169922      0.001925      0.001698   WU     0.151839      0.133976
 ( 7   4) <--> ( 8   3)        0.360343      0.008656      0.007638   WU     0.682832      0.602499
 ( 7   4) <--> ( 8   4)        1.804867      0.217170      0.191620   WU    17.130625     15.115257
 ( 7   1) <--> ( 9   1)       10.462300      7.297315      5.761038   WU   575.621548    454.438064
 ( 7   1) <--> ( 9   2)        0.615556      0.025261      0.019943   WU     1.992592      1.573099
 ( 7   1) <--> ( 9   3)        0.334485      0.007459      0.005888   WU     0.588351      0.464488
 ( 7   1) <--> ( 9   4)        0.120752      0.000972      0.000767   WU     0.076679      0.060536
 ( 7   2) <--> ( 9   1)        3.303309      0.727457      0.574308   WU    57.382712     45.302141
 ( 7   2) <--> ( 9   2)       -9.678994      6.245529      4.930681   WU   492.655283    388.938382
 ( 7   2) <--> ( 9   3)        2.027956      0.274174      0.216453   WU    21.627179     17.074089
 ( 7   2) <--> ( 9   4)       -0.049716      0.000165      0.000130   WU     0.012998      0.010261
 ( 7   3) <--> ( 9   1)       -4.340020      1.255718      0.991357   WU    99.052663     78.199470
 ( 7   3) <--> ( 9   2)        7.606657      3.857415      3.045328   WU   304.277843    240.219350
 ( 7   3) <--> ( 9   3)       11.181772      8.335468      6.580633   WU   657.512361    519.088706
 ( 7   3) <--> ( 9   4)       -0.533520      0.018976      0.014981   WU     1.496870      1.181739
 ( 7   4) <--> ( 9   1)        0.858360      0.049119      0.038778   WU     3.874549      3.058854
 ( 7   4) <--> ( 9   2)        1.334876      0.118793      0.093784   WU     9.370543      7.397797
 ( 7   4) <--> ( 9   3)       -1.035488      0.071482      0.056433   WU     5.638618      4.451541
 ( 7   4) <--> ( 9   4)        8.603289      4.934438      3.895609   WU   389.234801    307.290633
 ( 8   1) <--> ( 8   1)       -6.722310     -4.330485   (eb)
 ( 8   2) <--> ( 8   1)       -3.983100      0.933240      0.933240   WU    73.615177     73.615177
 ( 8   2) <--> ( 8   2)       -2.302429     -1.483216   (eb)
 ( 8   3) <--> ( 8   1)        0.592268      0.020634      0.020634   WU     1.627652      1.627652
 ( 8   3) <--> ( 8   2)        4.998439      1.469670      1.469670   WU   115.929478    115.929478
 ( 8   3) <--> ( 8   3)       -8.406086     -5.415167   (eb)
 ( 8   4) <--> ( 8   1)        0.452459      0.012042      0.012042   WU     0.949913      0.949913
 ( 8   4) <--> ( 8   2)        3.803627      0.851034      0.851034   WU    67.130632     67.130632
 ( 8   4) <--> ( 8   3)        2.859483      0.480979      0.480979   WU    37.940244     37.940244
 ( 8   4) <--> ( 8   4)       -4.683003     -3.016772   (eb)
 ( 8   1) <--> ( 9   1)        0.077423      0.000353      0.000315   WU     0.027814      0.024886
 ( 8   1) <--> ( 9   2)        0.244481      0.003516      0.003146   WU     0.277343      0.248149
 ( 8   1) <--> ( 9   3)       -0.123991      0.000904      0.000809   WU     0.071336      0.063827
 ( 8   1) <--> ( 9   4)       -0.115940      0.000791      0.000707   WU     0.062373      0.055807
 ( 8   2) <--> ( 9   1)       -2.624414      0.405150      0.362503   WU    31.958748     28.594669
 ( 8   2) <--> ( 9   2)       -0.924792      0.050308      0.045013   WU     3.968377      3.550653
 ( 8   2) <--> ( 9   3)        0.480958      0.013607      0.012175   WU     1.073347      0.960363
 ( 8   2) <--> ( 9   4)        0.362173      0.007716      0.006904   WU     0.608636      0.544569
 ( 8   3) <--> ( 9   1)       -0.575613      0.019490      0.017438   WU     1.537399      1.375568
 ( 8   3) <--> ( 9   2)       -1.712264      0.172462      0.154308   WU    13.603995     12.171995
 ( 8   3) <--> ( 9   3)        0.625148      0.022989      0.020569   WU     1.813386      1.622503
 ( 8   3) <--> ( 9   4)        0.372473      0.008161      0.007302   WU     0.643746      0.575983
 ( 8   4) <--> ( 9   1)        3.334291      0.653971      0.585132   WU    51.586031     46.155922
 ( 8   4) <--> ( 9   2)       -3.695358      0.803275      0.718720   WU    63.363338     56.693513
 ( 8   4) <--> ( 9   3)        1.776876      0.185723      0.166173   WU    14.650057     13.107946
 ( 8   4) <--> ( 9   4)        0.216600      0.002760      0.002469   WU     0.217693      0.194778
 ( 8   1) <--> (10   1)       12.182556      8.730275      7.067365   WU   688.655228    557.482804
 ( 8   1) <--> (10   2)        0.269730      0.004280      0.003464   WU     0.337586      0.273284
 ( 8   1) <--> (10   3)        0.134147      0.001059      0.000857   WU     0.083500      0.067595
 ( 8   1) <--> (10   4)       -0.064953      0.000248      0.000201   WU     0.019576      0.015847
 ( 8   2) <--> (10   1)        2.985753      0.524395      0.424511   WU    41.364973     33.485930
 ( 8   2) <--> (10   2)      -11.000287      7.118019      5.762206   WU   561.478386    454.530122
 ( 8   2) <--> (10   3)        1.491382      0.130836      0.105915   WU    10.320543      8.354725
 ( 8   2) <--> (10   4)        0.290794      0.004974      0.004027   WU     0.392370      0.317632
 ( 8   3) <--> (10   1)       -4.320335      1.097958      0.888823   WU    86.608357     70.111527
 ( 8   3) <--> (10   2)        6.794423      2.715540      2.198294   WU   214.205252    173.404251
 ( 8   3) <--> (10   3)       13.101750     10.097403      8.174088   WU   796.496037    644.782506
 ( 8   3) <--> (10   4)       -0.878620      0.045410      0.036761   WU     3.582014      2.899725
 ( 8   4) <--> (10   1)        2.283740      0.306792      0.248356   WU    24.200166     19.590610
 ( 8   4) <--> (10   2)        0.309792      0.005645      0.004570   WU     0.445312      0.360491
 ( 8   4) <--> (10   3)       -3.850938      0.872337      0.706177   WU    68.811039     55.704174
 ( 8   4) <--> (10   4)      -11.720658      8.080813      6.541611   WU   637.424839    516.010584
 ( 9   1) <--> ( 9   1)       -6.558968     -4.072346   (eb)
 ( 9   2) <--> ( 9   1)        4.450130      1.042298      1.042298   WU    82.217789     82.217789
 ( 9   2) <--> ( 9   2)       -5.991031     -3.719724   (eb)
 ( 9   3) <--> ( 9   1)       -1.333243      0.093555      0.093555   WU     7.379703      7.379703
 ( 9   3) <--> ( 9   2)       -5.322184      1.490823      1.490823   WU   117.598049    117.598049
 ( 9   3) <--> ( 9   3)       -6.012041     -3.732769   (eb)
 ( 9   4) <--> ( 9   1)        0.481443      0.012199      0.012199   WU     0.962299      0.962299
 ( 9   4) <--> ( 9   2)       -4.129061      0.897324      0.897324   WU    70.782032     70.782032
 ( 9   4) <--> ( 9   3)        0.512673      0.013833      0.013833   WU     1.091193      1.091193
 ( 9   4) <--> ( 9   4)       -4.218464     -2.619169   (eb)
 ( 9   1) <--> (10   1)        3.305869      0.575199      0.520418   WU    45.372397     41.051216
 ( 9   1) <--> (10   2)        2.116512      0.235770      0.213315   WU    18.597801     16.826582
 ( 9   1) <--> (10   3)       -1.536027      0.124178      0.112351   WU     9.795308      8.862422
 ( 9   1) <--> (10   4)       -3.936540      0.815597      0.737921   WU    64.335345     58.208169
 ( 9   2) <--> (10   1)        0.063422      0.000212      0.000192   WU     0.016699      0.015109
 ( 9   2) <--> (10   2)        3.153716      0.523470      0.473616   WU    41.291963     37.359395
 ( 9   2) <--> (10   3)        0.113127      0.000674      0.000609   WU     0.053132      0.048072
 ( 9   2) <--> (10   4)        3.704949      0.722455      0.653650   WU    56.988173     51.560728
 ( 9   3) <--> (10   1)        0.060491      0.000193      0.000174   WU     0.015191      0.013745
 ( 9   3) <--> (10   2)       -0.757169      0.030174      0.027300   WU     2.380158      2.153476
 ( 9   3) <--> (10   3)        3.343978      0.588536      0.532485   WU    46.424490     42.003110
 ( 9   3) <--> (10   4)        1.330609      0.093185      0.084311   WU     7.350579      6.650524
 ( 9   4) <--> (10   1)        0.014911      0.000012      0.000011   WU     0.000923      0.000835
 ( 9   4) <--> (10   2)       -0.225550      0.002678      0.002423   WU     0.211205      0.191091
 ( 9   4) <--> (10   3)        0.235973      0.002931      0.002652   WU     0.231178      0.209161
 ( 9   4) <--> (10   4)       -2.330162      0.285771      0.258555   WU    22.542014     20.395156
 (10   1) <--> (10   1)       -8.787721     -5.269060   (eb)
 (10   2) <--> (10   1)        4.317965      0.887849      0.887849   WU    70.034632     70.034632
 (10   2) <--> (10   2)       -5.707485     -3.422170   (eb)
 (10   3) <--> (10   1)        0.103993      0.000515      0.000515   WU     0.040622      0.040622
 (10   3) <--> (10   2)       -5.780661      1.591240      1.591240   WU   125.519039    125.519039
 (10   3) <--> (10   3)       -8.702504     -5.217964   (eb)
 (10   4) <--> (10   1)       -0.739555      0.026045      0.026045   WU     2.054448      2.054448
 (10   4) <--> (10   2)        4.252089      0.860965      0.860965   WU    67.914014     67.914014
 (10   4) <--> (10   3)       -2.671355      0.339816      0.339816   WU    26.805121     26.805121
 (10   4) <--> (10   4)       -7.537058     -4.519170   (eb)
 
  quadrupole shape invariant: 01+, 02+, 03+, 04+
quadr2    12.35666895    14.42580712    23.92131435    27.22606720
quadr3    31.45312448    37.45726826   113.69863669   150.84250467
  effective deformation parameters:  01+, 02+, 03+, 04+
beteff     0.24593172     0.26572591     0.34218137     0.36505332
cos3ga     0.72412189     0.68363757     0.97180180     1.06180891
 
 ********* END Transition **************************
