 ********* BEGIN READER ****************************
 
 Nucleus            :  Cm  96 182
 Imin, Imax         :     0  10
 imu, remu          :     1 12.0000
 nlevel             :     4
 observables        :     2
 wave fun           :     1
 nbet, ngam, npar   :    10   7  10
 Finish reading parameters: V, B_k ...
 
 ********* END READER ******************************
 
 ********* BEGIN LEVELS ********************
 
 E_0 = -1991.861712
 
  I=   0   ntot= 127
   0   1    0.000000
   0   2    2.225875
   0   3    4.220517
   0   4    5.920432
 
  I=   2   ntot= 234
   2   1    1.859522
   2   2    3.700887
   2   3    4.572300
   2   4    5.478322
 
  I=   3   ntot= 108
   3   1    5.923535
   3   2    7.431173
   3   3    7.821950
   3   4    8.264785
 
  I=   4   ntot= 324
   4   1    3.521771
   4   2    5.310687
   4   3    6.208721
   4   4    6.843346
 
  I=   5   ntot= 198
   5   1    7.321033
   5   2    7.941319
   5   3    8.472770
   5   4    8.619829
 
  I=   6   ntot= 432
   6   1    5.127304
   6   2    6.788251
   6   3    7.471456
   6   4    7.558203
 
  I=   7   ntot= 306
   7   1    8.112105
   7   2    8.597946
   7   3    8.797050
   7   4    8.949966
 
  I=   8   ntot= 522
   8   1    6.713507
   8   2    7.659099
   8   3    8.100690
   8   4    8.216048
 
  I=   9   ntot= 397
   9   1    8.333469
   9   2    9.030343
   9   3    9.263413
   9   4    9.487093
 
  I=  10   ntot= 630
  10   1    7.895075
  10   2    8.256112
  10   3    8.462183
  10   4    8.929053
 
 ********* END LEVELS **********************
 
 ********* BEGIN Transition ************************
 
  Monopole moment 
 
   I   n    <In|E0|In>   ave \beta      del<b>   ave \gamma    del<g>  
     K=0       K=2       K=4   
   0   1     36.648544    0.064230    0.028894   27.079044   14.248358  100.0000    0.0000    0.0000
   0   2     36.754967    0.093208    0.037653   31.955077   13.021402  100.0000    0.0000    0.0000
   0   3     36.887035    0.118842    0.044858   36.568079   11.526145  100.0000    0.0000    0.0000
   0   4     37.074654    0.150658    0.053979   38.486652   12.663960   99.9999    0.0000    0.0000
   2   1     36.715933    0.084716    0.026525   30.641368   13.796403   44.3646   55.6354    0.0000
   2   2     36.814754    0.105489    0.038469   34.847873   13.012369   42.7555   57.2444    0.0000
   2   3     36.825018    0.107950    0.033859   25.549301   12.755385   67.5983   32.4017    0.0000
   2   4     36.972817    0.133638    0.046765   37.844629   11.714756   40.2232   59.7768    0.0000
   3   1     36.914114    0.124730    0.028843   28.413332    8.844209    0.0000  100.0000    0.0000
   3   2     37.116222    0.160730    0.052023   32.307999    9.367765    0.0000  100.0000    0.0000
   3   3     40.453013    0.551388    0.053910    9.614481    6.573195    0.0000   99.9996    0.0000
   3   4     38.053772    0.298190    0.093489   27.346666   13.384982    0.0000   99.9999    0.0000
   4   1     36.792212    0.101946    0.026627   33.943389   12.054014   25.7979   37.3743   36.8279
   4   2     36.924320    0.125417    0.040496   38.227546   10.983439   27.3350   34.1750   38.4900
   4   3     36.940490    0.129921    0.034856   26.331010   12.006642   62.9532    8.2563   28.7905
   4   4     37.154387    0.162678    0.053546   41.001965    9.920377   26.0884   31.1110   42.8006
   5   1     37.037203    0.145504    0.032333   30.967493    8.470194    0.0000   51.1516   48.8484
   5   2     40.475128    0.553251    0.052785    9.530931    6.413908    0.0000   99.9657    0.0339
   5   3     37.848511    0.271620    0.098069   28.119479   13.291067    0.0000   50.4543   49.5456
   5   4     40.297984    0.535315    0.069848   11.874898    6.985923    0.0000    2.1054   97.8943
   6   1     36.874223    0.117199    0.026973   36.132535   11.248917   19.0165   30.6380   23.7182
   6   2     37.060863    0.147764    0.044493   40.103883   10.421843   18.7740   29.7428   23.7639
   6   3     40.567472    0.563805    0.051235    7.066460    7.018306   99.8580    0.1382    0.0010
   6   4     37.067798    0.152362    0.040945   27.705654   11.427885   53.6102   17.2043    3.3449
   7   1     40.499401    0.555296    0.051931    9.439362    6.270184    0.0000   99.8737    0.1233
   7   2     37.232777    0.178309    0.057796   31.683024   11.057914    0.0000   35.5885   42.0561
   7   3     40.366872    0.540810    0.062645   11.778016    6.973718    0.0000    2.0612   97.6073
   7   4     39.167658    0.431010    0.119392   16.365508   13.416566    0.0000   79.5779   16.8034
   8   1     36.969172    0.132936    0.028458   37.580281    9.625214   16.6355   27.6973   20.6151
   8   2     40.584817    0.565214    0.050904    7.019442    6.959869   99.6153    0.3816    0.0009
   8   3     37.345794    0.191691    0.058996   40.991138    9.696244   15.6193   27.1151   20.9515
   8   4     40.507778    0.556012    0.052200    9.401424    6.308068    0.8512   98.9105    0.2168
   9   1     40.525632    0.557489    0.051193    9.348831    6.136136    0.0000   99.6721    0.3233
   9   2     40.453844    0.548148    0.056121   11.474786    6.420232    0.0000    1.7691   97.8143
   9   3     39.660904    0.480308    0.107515   13.729133   12.361159    0.0000   88.4560    9.8864
   9   4     38.801333    0.390187    0.139947   18.973459   15.131280    0.0000   38.4334   35.8764
  10   1     40.604840    0.566830    0.050599    6.974210    6.901417   99.1681    0.8274    0.0019
  10   2     37.104476    0.154321    0.036524   38.300537    9.597766   16.4317   27.2744   19.5003
  10   3     40.535331    0.558309    0.051458    9.304868    6.247938    1.7242   97.7908    0.4793
  10   4     39.993024    0.514691    0.108192   10.343029   13.410240   86.7431    8.2201    2.0413
 
  rho^2(E0) 
 
   I  n_1 n_2  <In_1|E0|In_2>  rho^2(E0) 
   0   1   1       36.648544 3290.064695
   0   2   1        0.055983    0.007677
   0   2   2       36.754967 3309.200236
   0   3   1       -0.005405    0.000072
   0   3   2        0.105776    0.027407
   0   3   3       36.887035 3333.024194
   0   4   1       -0.007948    0.000155
   0   4   2       -0.007574    0.000141
   0   4   3       -0.163419    0.065418
   0   4   4       37.074654 3367.016034
   2   1   1       36.715933 3302.175205
   2   2   1        0.075398    0.013925
   2   2   2       36.814754 3319.974702
   2   3   1        0.041113    0.004141
   2   3   2        0.037525    0.003449
   2   3   3       36.825018 3321.826347
   2   4   1        0.003188    0.000025
   2   4   2       -0.134492    0.044308
   2   4   3       -0.021113    0.001092
   2   4   4       36.972817 3348.544350
   3   1   1       36.914114 3337.919695
   3   2   1        0.148066    0.053703
   3   2   2       37.116222 3374.570416
   3   3   1       -0.001421    0.000005
   3   3   2        0.023980    0.001409
   3   3   3       40.453013 4008.600053
   3   4   1        0.017313    0.000734
   3   4   2       -0.218553    0.117005
   3   4   3        0.230630    0.130294
   3   4   4       38.053772 3547.205843
   4   1   1       36.792212 3315.910379
   4   2   1        0.105018    0.027016
   4   2   2       36.924320 3339.765708
   4   3   1        0.038695    0.003668
   4   3   2        0.045355    0.005039
   4   3   3       36.940490 3342.691359
   4   4   1        0.008297    0.000169
   4   4   2       -0.175525    0.075469
   4   4   3       -0.027599    0.001866
   4   4   4       37.154387 3381.514007
   5   1   1       37.037203 3360.217156
   5   2   1        0.004302    0.000045
   5   2   2       40.475128 4012.984161
   5   3   1        0.144415    0.051088
   5   3   2       -0.140304    0.048220
   5   3   3       37.848511 3509.041995
   5   4   1       -0.027357    0.001833
   5   4   2        0.011326    0.000314
   5   4   3        0.329678    0.266238
   5   4   4       40.297984 3977.934446
   6   1   1       36.874223 3330.709426
   6   2   1        0.132382    0.042929
   6   2   2       37.060863 3364.511607
   6   3   1       -0.000798    0.000002
   6   3   2        0.004669    0.000053
   6   3   3       40.567472 4031.316316
   6   4   1        0.030858    0.002332
   6   4   2        0.054895    0.007382
   6   4   3       -0.027183    0.001810
   6   4   4       37.067798 3365.770905
   7   1   1       40.499401 4017.798831
   7   2   1       -0.033613    0.002768
   7   2   2       37.232777 3395.797958
   7   3   1       -0.059641    0.008713
   7   3   2        0.111459    0.030431
   7   3   3       40.366872 3991.546355
   7   4   1        0.416357    0.424641
   7   4   2       -0.216062    0.114353
   7   4   3        0.319466    0.250001
   7   4   4       39.167658 3757.908386
   8   1   1       36.969172 3347.884162
   8   2   1       -0.000493    0.000001
   8   2   2       40.584817 4034.764297
   8   3   1       -0.155159    0.058972
   8   3   2        0.009389    0.000216
   8   3   3       37.345794 3416.444461
   8   4   1       -0.002896    0.000021
   8   4   2       -0.027313    0.001827
   8   4   3       -0.053687    0.007060
   8   4   4       40.507778 4019.460983
   9   1   1       40.525632 4023.004919
   9   2   1       -0.055294    0.007490
   9   2   2       40.453844 4008.764753
   9   3   1       -0.501774    0.616747
   9   3   2       -0.191487    0.089820
   9   3   3       39.660904 3853.152566
   9   4   1        0.268623    0.176758
   9   4   2       -0.256192    0.160777
   9   4   3       -0.666083    1.086795
   9   4   4       38.801333 3687.943540
  10   1   1       40.604840 4038.746345
  10   2   1       -0.003868    0.000037
  10   2   2       37.104476 3372.434925
  10   3   1       -0.036792    0.003316
  10   3   2        0.011576    0.000328
  10   3   3       40.535331 4024.930924
  10   4   1        0.518844    0.659425
  10   4   2       -0.059939    0.008800
  10   4   3        0.089125    0.019458
  10   4   4       39.993024 3917.955207
 
  E2 transition 
 
  I1  n1        I2  n2       <f||E2||i>   B(E2,I1->I2)  B(E2,I2->I1)
 ( 0   1) <--> ( 2   1)        0.784485      0.615417      0.123083   WU    57.102648     11.420530
 ( 0   1) <--> ( 2   2)       -0.335617      0.112639      0.022528   WU    10.451404      2.090281
 ( 0   1) <--> ( 2   3)        0.300837      0.090503      0.018101   WU     8.397476      1.679495
 ( 0   1) <--> ( 2   4)       -0.102397      0.010485      0.002097   WU     0.972881      0.194576
 ( 0   2) <--> ( 2   1)        0.679490      0.461707      0.092341   WU    42.840413      8.568083
 ( 0   2) <--> ( 2   2)        0.643685      0.414330      0.082866   WU    38.444416      7.688883
 ( 0   2) <--> ( 2   3)        0.706408      0.499012      0.099802   WU    46.301804      9.260361
 ( 0   2) <--> ( 2   4)        0.369889      0.136818      0.027364   WU    12.694927      2.538985
 ( 0   3) <--> ( 2   1)        0.033491      0.001122      0.000224   WU     0.104074      0.020815
 ( 0   3) <--> ( 2   2)        0.872717      0.761635      0.152327   WU    70.669856     14.133971
 ( 0   3) <--> ( 2   3)        0.458384      0.210116      0.042023   WU    19.496043      3.899209
 ( 0   3) <--> ( 2   4)       -0.685885      0.470439      0.094088   WU    43.650583      8.730117
 ( 0   4) <--> ( 2   1)       -0.014321      0.000205      0.000041   WU     0.019029      0.003806
 ( 0   4) <--> ( 2   2)        0.043695      0.001909      0.000382   WU     0.177154      0.035431
 ( 0   4) <--> ( 2   3)       -0.442966      0.196219      0.039244   WU    18.206591      3.641318
 ( 0   4) <--> ( 2   4)        0.949698      0.901927      0.180385   WU    83.687096     16.737419
 ( 2   1) <--> ( 2   1)        0.576863      0.437224   (eb)
 ( 2   2) <--> ( 2   1)        0.742542      0.110274      0.110274   WU    10.231961     10.231961
 ( 2   2) <--> ( 2   2)        0.852757      0.646333   (eb)
 ( 2   3) <--> ( 2   1)       -1.009593      0.203856      0.203856   WU    18.915138     18.915138
 ( 2   3) <--> ( 2   2)        0.274729      0.015095      0.015095   WU     1.400636      1.400636
 ( 2   3) <--> ( 2   3)       -0.977386     -0.740793   (eb)
 ( 2   4) <--> ( 2   1)       -0.025914      0.000134      0.000134   WU     0.012462      0.012462
 ( 2   4) <--> ( 2   2)       -0.745744      0.111227      0.111227   WU    10.320413     10.320413
 ( 2   4) <--> ( 2   3)       -0.836227      0.139855      0.139855   WU    12.976729     12.976729
 ( 2   4) <--> ( 2   4)        1.104756      0.837331   (eb)
 ( 2   1) <--> ( 3   1)        0.739245      0.109297      0.078069   WU    10.141317      7.243798
 ( 2   1) <--> ( 3   2)       -0.355083      0.025217      0.018012   WU     2.339792      1.671280
 ( 2   1) <--> ( 3   3)        0.004959      0.000005      0.000004   WU     0.000456      0.000326
 ( 2   1) <--> ( 3   4)       -0.116846      0.002731      0.001950   WU     0.253364      0.180974
 ( 2   2) <--> ( 3   1)        1.185672      0.281164      0.200831   WU    26.088332     18.634523
 ( 2   2) <--> ( 3   2)        0.162962      0.005311      0.003794   WU     0.492824      0.352017
 ( 2   2) <--> ( 3   3)       -0.004251      0.000004      0.000003   WU     0.000335      0.000240
 ( 2   2) <--> ( 3   4)        0.122096      0.002981      0.002130   WU     0.276643      0.197602
 ( 2   3) <--> ( 3   1)       -1.101997      0.242879      0.173485   WU    22.536038     16.097170
 ( 2   3) <--> ( 3   2)        0.588171      0.069189      0.049421   WU     6.419851      4.585608
 ( 2   3) <--> ( 3   3)       -0.008092      0.000013      0.000009   WU     0.001215      0.000868
 ( 2   3) <--> ( 3   4)        0.191443      0.007330      0.005236   WU     0.680136      0.485812
 ( 2   4) <--> ( 3   1)       -0.828854      0.137400      0.098143   WU    12.748915      9.106368
 ( 2   4) <--> ( 3   2)       -1.314853      0.345768      0.246977   WU    32.082745     22.916247
 ( 2   4) <--> ( 3   3)        0.011888      0.000028      0.000020   WU     0.002623      0.001873
 ( 2   4) <--> ( 3   4)       -0.177611      0.006309      0.004507   WU     0.585405      0.418146
 ( 2   1) <--> ( 4   1)        1.618536      0.523932      0.291073   WU    48.614045     27.007803
 ( 2   1) <--> ( 4   2)       -0.419607      0.035214      0.019563   WU     3.267398      1.815221
 ( 2   1) <--> ( 4   3)        0.435065      0.037856      0.021031   WU     3.512565      1.951425
 ( 2   1) <--> ( 4   4)       -0.119783      0.002870      0.001594   WU     0.266261      0.147923
 ( 2   2) <--> ( 4   1)        0.956637      0.183031      0.101684   WU    16.982888      9.434938
 ( 2   2) <--> ( 4   2)        1.563026      0.488610      0.271450   WU    45.336670     25.187039
 ( 2   2) <--> ( 4   3)        0.149432      0.004466      0.002481   WU     0.414388      0.230215
 ( 2   2) <--> ( 4   4)        0.515983      0.053248      0.029582   WU     4.940701      2.744834
 ( 2   3) <--> ( 4   1)        0.572776      0.065614      0.036452   WU     6.088165      3.382314
 ( 2   3) <--> ( 4   2)        0.424608      0.036058      0.020032   WU     3.345756      1.858754
 ( 2   3) <--> ( 4   3)        1.857217      0.689851      0.383250   WU    64.009183     35.560657
 ( 2   3) <--> ( 4   4)        0.119758      0.002868      0.001594   WU     0.266152      0.147862
 ( 2   4) <--> ( 4   1)       -0.006971      0.000010      0.000005   WU     0.000902      0.000501
 ( 2   4) <--> ( 4   2)       -1.468643      0.431383      0.239657   WU    40.026696     22.237053
 ( 2   4) <--> ( 4   3)       -0.028185      0.000159      0.000088   WU     0.014742      0.008190
 ( 2   4) <--> ( 4   4)        1.631194      0.532159      0.295644   WU    49.377384     27.431880
 ( 3   1) <--> ( 3   1)        0.000000      0.000000   (eb)
 ( 3   2) <--> ( 3   1)        0.000000      0.000000      0.000000   WU     0.000000      0.000000
 ( 3   2) <--> ( 3   2)        0.000000      0.000000   (eb)
 ( 3   3) <--> ( 3   1)        0.000000      0.000000      0.000000   WU     0.000000      0.000000
 ( 3   3) <--> ( 3   2)        0.000000      0.000000      0.000000   WU     0.000000      0.000000
 ( 3   3) <--> ( 3   3)        0.000000      0.000000   (eb)
 ( 3   4) <--> ( 3   1)        0.000000      0.000000      0.000000   WU     0.000000      0.000000
 ( 3   4) <--> ( 3   2)        0.000000      0.000000      0.000000   WU     0.000000      0.000000
 ( 3   4) <--> ( 3   3)        0.000000      0.000000      0.000000   WU     0.000000      0.000000
 ( 3   4) <--> ( 3   4)        0.000000      0.000000   (eb)
 ( 3   1) <--> ( 4   1)        1.014464      0.147020      0.114349   WU    13.641516     10.610068
 ( 3   1) <--> ( 4   2)        0.284608      0.011572      0.009000   WU     1.073704      0.835103
 ( 3   1) <--> ( 4   3)        1.192521      0.203158      0.158012   WU    18.850415     14.661434
 ( 3   1) <--> ( 4   4)        0.364171      0.018946      0.014736   WU     1.757927      1.367277
 ( 3   2) <--> ( 4   1)       -0.227798      0.007413      0.005766   WU     0.687843      0.534989
 ( 3   2) <--> ( 4   2)        0.897935      0.115184      0.089587   WU    10.687561      8.312547
 ( 3   2) <--> ( 4   3)        0.713207      0.072666      0.056518   WU     6.742485      5.244155
 ( 3   2) <--> ( 4   4)       -0.308733      0.013617      0.010591   WU     1.263441      0.982677
 ( 3   3) <--> ( 4   1)        0.002147      0.000001      0.000001   WU     0.000061      0.000048
 ( 3   3) <--> ( 4   2)       -0.010939      0.000017      0.000013   WU     0.001586      0.001234
 ( 3   3) <--> ( 4   3)       -0.003227      0.000001      0.000001   WU     0.000138      0.000107
 ( 3   3) <--> ( 4   4)       -0.016488      0.000039      0.000030   WU     0.003603      0.002803
 ( 3   4) <--> ( 4   1)       -0.051606      0.000380      0.000296   WU     0.035302      0.027457
 ( 3   4) <--> ( 4   2)        0.240721      0.008278      0.006439   WU     0.768099      0.597410
 ( 3   4) <--> ( 4   3)        0.040560      0.000235      0.000183   WU     0.021806      0.016960
 ( 3   4) <--> ( 4   4)        0.544986      0.042430      0.033001   WU     3.936950      3.062072
 ( 3   1) <--> ( 5   1)        2.210754      0.698205      0.444312   WU    64.784302     41.226374
 ( 3   1) <--> ( 5   2)       -0.002797      0.000001      0.000001   WU     0.000104      0.000066
 ( 3   1) <--> ( 5   3)       -0.297872      0.012675      0.008066   WU     1.176111      0.748434
 ( 3   1) <--> ( 5   4)        0.033546      0.000161      0.000102   WU     0.014917      0.009493
 ( 3   2) <--> ( 5   1)        1.382561      0.273068      0.173770   WU    25.337133     16.123630
 ( 3   2) <--> ( 5   2)        0.085212      0.001037      0.000660   WU     0.096248      0.061249
 ( 3   2) <--> ( 5   3)        1.943449      0.539570      0.343363   WU    50.065109     31.859615
 ( 3   2) <--> ( 5   4)       -0.408751      0.023868      0.015189   WU     2.214661      1.409330
 ( 3   3) <--> ( 5   1)        0.002905      0.000001      0.000001   WU     0.000112      0.000071
 ( 3   3) <--> ( 5   2)       11.174330     17.837951     11.351424   WU  1655.129727   1053.264372
 ( 3   3) <--> ( 5   3)       -0.072881      0.000759      0.000483   WU     0.070407      0.044804
 ( 3   3) <--> ( 5   4)        1.124257      0.180565      0.114905   WU    16.754068     10.661680
 ( 3   4) <--> ( 5   1)       -0.050411      0.000363      0.000231   WU     0.033686      0.021436
 ( 3   4) <--> ( 5   2)        0.636477      0.057872      0.036828   WU     5.369762      3.417122
 ( 3   4) <--> ( 5   3)       -4.235545      2.562835      1.630895   WU   237.797693    151.325805
 ( 3   4) <--> ( 5   4)        0.323207      0.014923      0.009497   WU     1.384687      0.881165
 ( 4   1) <--> ( 4   1)        0.989888      0.746470   (eb)
 ( 4   2) <--> ( 4   1)        0.713719      0.056599      0.056599   WU     5.251691      5.251691
 ( 4   2) <--> ( 4   2)        1.372053      1.034659   (eb)
 ( 4   3) <--> ( 4   1)       -1.336602      0.198500      0.198500   WU    18.418258     18.418258
 ( 4   3) <--> ( 4   2)       -0.093770      0.000977      0.000977   WU     0.090650      0.090650
 ( 4   3) <--> ( 4   3)       -0.641521     -0.483768   (eb)
 ( 4   4) <--> ( 4   1)       -0.093181      0.000965      0.000965   WU     0.089515      0.089515
 ( 4   4) <--> ( 4   2)       -1.004593      0.112134      0.112134   WU    10.404589     10.404589
 ( 4   4) <--> ( 4   3)       -0.495118      0.027238      0.027238   WU     2.527331      2.527331
 ( 4   4) <--> ( 4   4)        2.030177      1.530947   (eb)
 ( 4   1) <--> ( 5   1)        0.923359      0.094732      0.077508   WU     8.789933      7.191763
 ( 4   1) <--> ( 5   2)       -0.003912      0.000002      0.000001   WU     0.000158      0.000129
 ( 4   1) <--> ( 5   3)       -0.326408      0.011838      0.009686   WU     1.098416      0.898704
 ( 4   1) <--> ( 5   4)        0.075636      0.000636      0.000520   WU     0.058980      0.048257
 ( 4   2) <--> ( 5   1)        1.107011      0.136164      0.111407   WU    12.634226     10.337094
 ( 4   2) <--> ( 5   2)       -0.000293      0.000000      0.000000   WU     0.000001      0.000001
 ( 4   2) <--> ( 5   3)        0.182474      0.003700      0.003027   WU     0.343280      0.280866
 ( 4   2) <--> ( 5   4)       -0.038616      0.000166      0.000136   WU     0.015374      0.012578
 ( 4   3) <--> ( 5   1)       -1.066376      0.126351      0.103378   WU    11.723713      9.592129
 ( 4   3) <--> ( 5   2)        0.007861      0.000007      0.000006   WU     0.000637      0.000521
 ( 4   3) <--> ( 5   3)        0.317171      0.011177      0.009145   WU     1.037126      0.848558
 ( 4   3) <--> ( 5   4)       -0.094209      0.000986      0.000807   WU     0.091501      0.074864
 ( 4   4) <--> ( 5   1)       -0.759787      0.064142      0.052480   WU     5.951529      4.869433
 ( 4   4) <--> ( 5   2)       -0.014513      0.000023      0.000019   WU     0.002171      0.001777
 ( 4   4) <--> ( 5   3)       -1.161501      0.149898      0.122644   WU    13.908598     11.379762
 ( 4   4) <--> ( 5   4)        0.191066      0.004056      0.003319   WU     0.376365      0.307935
 ( 4   1) <--> ( 6   1)        2.493351      0.690756      0.478215   WU    64.093137     44.372172
 ( 4   1) <--> ( 6   2)       -0.419466      0.019550      0.013535   WU     1.814007      1.255851
 ( 4   1) <--> ( 6   3)        0.004198      0.000002      0.000001   WU     0.000182      0.000126
 ( 4   1) <--> ( 6   4)        0.498431      0.027604      0.019110   WU     2.561268      1.773185
 ( 4   2) <--> ( 6   1)        1.281647      0.182513      0.126355   WU    16.934860     11.724134
 ( 4   2) <--> ( 6   2)        2.589876      0.745273      0.515958   WU    69.151636     47.874209
 ( 4   2) <--> ( 6   3)       -0.000411      0.000000      0.000000   WU     0.000002      0.000001
 ( 4   2) <--> ( 6   4)        0.045633      0.000231      0.000160   WU     0.021469      0.014863
 ( 4   3) <--> ( 6   1)        0.772071      0.066233      0.045853   WU     6.145531      4.254598
 ( 4   3) <--> ( 6   2)        0.692436      0.053274      0.036882   WU     4.943152      3.422182
 ( 4   3) <--> ( 6   3)        0.015956      0.000028      0.000020   WU     0.002625      0.001817
 ( 4   3) <--> ( 6   4)        3.076533      1.051673      0.728081   WU    97.581548     67.556456
 ( 4   4) <--> ( 6   1)        0.086381      0.000829      0.000574   WU     0.076927      0.053257
 ( 4   4) <--> ( 6   2)       -2.090767      0.485701      0.336254   WU    45.066704     31.200026
 ( 4   4) <--> ( 6   3)        0.014834      0.000024      0.000017   WU     0.002269      0.001571
 ( 4   4) <--> ( 6   4)        0.023800      0.000063      0.000044   WU     0.005840      0.004043
 ( 5   1) <--> ( 5   1)        0.588390      0.427246   (eb)
 ( 5   2) <--> ( 5   1)       -0.010325      0.000010      0.000010   WU     0.000899      0.000899
 ( 5   2) <--> ( 5   2)       -7.740701     -5.620732   (eb)
 ( 5   3) <--> ( 5   1)        0.212239      0.004095      0.004095   WU     0.379966      0.379966
 ( 5   3) <--> ( 5   2)        0.404567      0.014879      0.014879   WU     1.380622      1.380622
 ( 5   3) <--> ( 5   3)        1.063147      0.771979   (eb)
 ( 5   4) <--> ( 5   1)        0.036105      0.000119      0.000119   WU     0.010996      0.010996
 ( 5   4) <--> ( 5   2)        1.102289      0.110458      0.110458   WU    10.249094     10.249094
 ( 5   4) <--> ( 5   3)        1.054548      0.101097      0.101097   WU     9.380528      9.380528
 ( 5   4) <--> ( 5   4)        7.264465      5.274924   (eb)
 ( 5   1) <--> ( 6   1)        1.397190      0.177467      0.150165   WU    16.466642     13.933312
 ( 5   1) <--> ( 6   2)        0.689327      0.043197      0.036552   WU     4.008159      3.391519
 ( 5   1) <--> ( 6   3)        0.010029      0.000009      0.000008   WU     0.000848      0.000718
 ( 5   1) <--> ( 6   4)        1.331126      0.161082      0.136300   WU    14.946277     12.646850
 ( 5   2) <--> ( 6   1)       -0.004652      0.000002      0.000002   WU     0.000183      0.000154
 ( 5   2) <--> ( 6   2)        0.011424      0.000012      0.000010   WU     0.001101      0.000931
 ( 5   2) <--> ( 6   3)        1.259598      0.144235      0.122045   WU    13.383145     11.324200
 ( 5   2) <--> ( 6   4)        0.020796      0.000039      0.000033   WU     0.003648      0.003087
 ( 5   3) <--> ( 6   1)       -0.272967      0.006774      0.005732   WU     0.628514      0.531820
 ( 5   3) <--> ( 6   2)        0.929891      0.078609      0.066515   WU     7.293884      6.171748
 ( 5   3) <--> ( 6   3)       -0.006649      0.000004      0.000003   WU     0.000373      0.000316
 ( 5   3) <--> ( 6   4)        0.678709      0.041877      0.035434   WU     3.885634      3.287844
 ( 5   4) <--> ( 6   1)        0.062655      0.000357      0.000302   WU     0.033113      0.028019
 ( 5   4) <--> ( 6   2)       -0.184423      0.003092      0.002616   WU     0.286895      0.242757
 ( 5   4) <--> ( 6   3)        0.007097      0.000005      0.000004   WU     0.000425      0.000359
 ( 5   4) <--> ( 6   4)       -0.147386      0.001975      0.001671   WU     0.183233      0.155043
 ( 5   1) <--> ( 7   1)        0.024871      0.000056      0.000041   WU     0.005218      0.003826
 ( 5   1) <--> ( 7   2)        3.511001      1.120648      0.821809   WU   103.981567     76.253149
 ( 5   1) <--> ( 7   3)       -0.176901      0.002845      0.002086   WU     0.263971      0.193579
 ( 5   1) <--> ( 7   4)        0.452674      0.018629      0.013661   WU     1.728484      1.267555
 ( 5   2) <--> ( 7   1)       15.412575     21.595224     15.836498   WU  2003.755764   1469.420893
 ( 5   2) <--> ( 7   2)       -0.058615      0.000312      0.000229   WU     0.028981      0.021253
 ( 5   2) <--> ( 7   3)        0.703976      0.045053      0.033039   WU     4.180329      3.065575
 ( 5   2) <--> ( 7   4)        0.985329      0.088261      0.064725   WU     8.189492      6.005628
 ( 5   3) <--> ( 7   1)       -0.491173      0.021932      0.016083   WU     2.034993      1.492328
 ( 5   3) <--> ( 7   2)        2.614763      0.621544      0.455799   WU    57.671228     42.292234
 ( 5   3) <--> ( 7   3)        2.148750      0.419739      0.307808   WU    38.946292     28.560614
 ( 5   3) <--> ( 7   4)       -4.959338      2.235912      1.639669   WU   207.463550    152.139936
 ( 5   4) <--> ( 7   1)        0.287254      0.007501      0.005501   WU     0.696029      0.510421
 ( 5   4) <--> ( 7   2)       -0.149282      0.002026      0.001486   WU     0.187980      0.137852
 ( 5   4) <--> ( 7   3)        9.810198      8.749090      6.415999   WU   811.801657    595.321215
 ( 5   4) <--> ( 7   4)        2.056784      0.384578      0.282024   WU    35.683842     26.168151
 ( 6   1) <--> ( 6   1)        1.305591      0.910254   (eb)
 ( 6   2) <--> ( 6   1)        0.625003      0.030048      0.030048   WU     2.788100      2.788100
 ( 6   2) <--> ( 6   2)        1.864356      1.299823   (eb)
 ( 6   3) <--> ( 6   1)       -0.008581      0.000006      0.000006   WU     0.000526      0.000526
 ( 6   3) <--> ( 6   2)       -0.021275      0.000035      0.000035   WU     0.003231      0.003231
 ( 6   3) <--> ( 6   3)      -14.302764     -9.971845   (eb)
 ( 6   4) <--> ( 6   1)       -1.643158      0.207690      0.207690   WU    19.270925     19.270925
 ( 6   4) <--> ( 6   2)       -0.466986      0.016775      0.016775   WU     1.556508      1.556508
 ( 6   4) <--> ( 6   3)        0.107623      0.000891      0.000891   WU     0.082671      0.082671
 ( 6   4) <--> ( 6   4)       -0.485075     -0.338193   (eb)
 ( 6   1) <--> ( 7   1)        0.001566      0.000000      0.000000   WU     0.000017      0.000015
 ( 6   1) <--> ( 7   2)        0.974076      0.072986      0.063255   WU     6.772192      5.869233
 ( 6   1) <--> ( 7   3)       -0.069882      0.000376      0.000326   WU     0.034856      0.030208
 ( 6   1) <--> ( 7   4)        0.236576      0.004305      0.003731   WU     0.399470      0.346207
 ( 6   2) <--> ( 7   1)        0.006881      0.000004      0.000003   WU     0.000338      0.000293
 ( 6   2) <--> ( 7   2)        1.114142      0.095486      0.082754   WU     8.859817      7.678508
 ( 6   2) <--> ( 7   3)       -0.042275      0.000137      0.000119   WU     0.012756      0.011055
 ( 6   2) <--> ( 7   4)        0.073037      0.000410      0.000356   WU     0.038074      0.032997
 ( 6   3) <--> ( 7   1)       -0.960486      0.070964      0.061502   WU     6.584544      5.706605
 ( 6   3) <--> ( 7   2)       -0.006694      0.000003      0.000003   WU     0.000320      0.000277
 ( 6   3) <--> ( 7   3)       -0.024011      0.000044      0.000038   WU     0.004115      0.003566
 ( 6   3) <--> ( 7   4)        0.023176      0.000041      0.000036   WU     0.003834      0.003322
 ( 6   4) <--> ( 7   1)        0.020953      0.000034      0.000029   WU     0.003134      0.002716
 ( 6   4) <--> ( 7   2)       -0.992913      0.075837      0.065725   WU     7.036646      6.098426
 ( 6   4) <--> ( 7   3)        0.083419      0.000535      0.000464   WU     0.049667      0.043045
 ( 6   4) <--> ( 7   4)       -0.308462      0.007319      0.006343   WU     0.679123      0.588573
 ( 6   1) <--> ( 8   1)        3.414952      0.897069      0.685994   WU    83.236305     63.651292
 ( 6   1) <--> ( 8   2)       -0.003638      0.000001      0.000001   WU     0.000094      0.000072
 ( 6   1) <--> ( 8   3)        0.412102      0.013064      0.009990   WU     1.212141      0.926932
 ( 6   1) <--> ( 8   4)        0.009163      0.000006      0.000005   WU     0.000599      0.000458
 ( 6   2) <--> ( 8   1)        1.718904      0.227279      0.173802   WU    21.088563     16.126548
 ( 6   2) <--> ( 8   2)        0.025911      0.000052      0.000039   WU     0.004792      0.003664
 ( 6   2) <--> ( 8   3)       -3.609971      1.002453      0.766582   WU    93.014609     71.128819
 ( 6   2) <--> ( 8   4)       -0.067907      0.000355      0.000271   WU     0.032914      0.025169
 ( 6   3) <--> ( 8   1)        0.002872      0.000001      0.000000   WU     0.000059      0.000045
 ( 6   3) <--> ( 8   2)       18.821529     27.249997     20.838233   WU  2528.445092   1933.516835
 ( 6   3) <--> ( 8   3)        0.026479      0.000054      0.000041   WU     0.005004      0.003827
 ( 6   3) <--> ( 8   4)        0.167110      0.002148      0.001643   WU     0.199319      0.152420
 ( 6   4) <--> ( 8   1)        0.977603      0.073516      0.056218   WU     6.821321      5.216304
 ( 6   4) <--> ( 8   2)       -0.135987      0.001423      0.001088   WU     0.131990      0.100934
 ( 6   4) <--> ( 8   3)       -1.273908      0.124834      0.095461   WU    11.582962      8.857560
 ( 6   4) <--> ( 8   4)        0.034387      0.000091      0.000070   WU     0.008440      0.006454
 ( 7   1) <--> ( 7   1)      -11.772580     -7.883648   (eb)
 ( 7   2) <--> ( 7   1)        0.136887      0.001249      0.001249   WU     0.115911      0.115911
 ( 7   2) <--> ( 7   2)        0.774233      0.518474   (eb)
 ( 7   3) <--> ( 7   1)        1.684254      0.189114      0.189114   WU    17.547335     17.547335
 ( 7   3) <--> ( 7   2)       -0.092918      0.000576      0.000576   WU     0.053407      0.053407
 ( 7   3) <--> ( 7   3)       -2.042112     -1.367524   (eb)
 ( 7   4) <--> ( 7   1)       -0.632492      0.026670      0.026670   WU     2.474604      2.474604
 ( 7   4) <--> ( 7   2)        0.408067      0.011101      0.011101   WU     1.030050      1.030050
 ( 7   4) <--> ( 7   3)        0.104019      0.000721      0.000721   WU     0.066930      0.066930
 ( 7   4) <--> ( 7   4)       -5.953892     -3.987094   (eb)
 ( 7   1) <--> ( 8   1)        0.004591      0.000001      0.000001   WU     0.000130      0.000115
 ( 7   1) <--> ( 8   2)        1.631030      0.177351      0.156486   WU    16.455832     14.519852
 ( 7   1) <--> ( 8   3)       -0.157457      0.001653      0.001458   WU     0.153362      0.135320
 ( 7   1) <--> ( 8   4)        9.190035      5.630449      4.968044   WU   522.432421    460.969783
 ( 7   2) <--> ( 8   1)        1.686939      0.189718      0.167398   WU    17.603329     15.532349
 ( 7   2) <--> ( 8   2)       -0.002870      0.000001      0.000000   WU     0.000051      0.000045
 ( 7   2) <--> ( 8   3)       -1.318694      0.115930      0.102291   WU    10.756824      9.491315
 ( 7   2) <--> ( 8   4)       -0.054779      0.000200      0.000177   WU     0.018562      0.016378
 ( 7   3) <--> ( 8   1)       -0.105206      0.000738      0.000651   WU     0.068466      0.060411
 ( 7   3) <--> ( 8   2)        0.017838      0.000021      0.000019   WU     0.001968      0.001737
 ( 7   3) <--> ( 8   3)       -0.154272      0.001587      0.001400   WU     0.147220      0.129900
 ( 7   3) <--> ( 8   4)        1.003534      0.067139      0.059240   WU     6.229601      5.496707
 ( 7   4) <--> ( 8   1)        0.325599      0.007068      0.006236   WU     0.655784      0.578633
 ( 7   4) <--> ( 8   2)        0.009497      0.000006      0.000005   WU     0.000558      0.000492
 ( 7   4) <--> ( 8   3)        0.636264      0.026989      0.023814   WU     2.504209      2.209596
 ( 7   4) <--> ( 8   4)        0.857358      0.049004      0.043239   WU     4.546949      4.012014
 ( 7   1) <--> ( 9   1)       18.537114     22.908307     18.085505   WU  2125.592711   1678.099508
 ( 7   1) <--> ( 9   2)        0.497482      0.016499      0.013026   WU     1.530911      1.208614
 ( 7   1) <--> ( 9   3)       -1.246187      0.103532      0.081736   WU     9.606433      7.584026
 ( 7   1) <--> ( 9   4)        0.602553      0.024205      0.019109   WU     2.245879      1.773062
 ( 7   2) <--> ( 9   1)       -0.144523      0.001392      0.001099   WU     0.129203      0.102002
 ( 7   2) <--> ( 9   2)        0.593241      0.023462      0.018523   WU     2.176998      1.718682
 ( 7   2) <--> ( 9   3)        1.680085      0.188179      0.148562   WU    17.460570     13.784661
 ( 7   2) <--> ( 9   4)        2.994549      0.597822      0.471964   WU    55.470057     43.792150
 ( 7   3) <--> ( 9   1)        0.213870      0.003049      0.002407   WU     0.282940      0.223374
 ( 7   3) <--> ( 9   2)       14.839345     14.680411     11.589799   WU  1362.151118   1075.382461
 ( 7   3) <--> ( 9   3)        0.173248      0.002001      0.001580   WU     0.185665      0.146578
 ( 7   3) <--> ( 9   4)       -0.143001      0.001363      0.001076   WU     0.126496      0.099865
 ( 7   4) <--> ( 9   1)        1.730267      0.199588      0.157570   WU    18.519201     14.620422
 ( 7   4) <--> ( 9   2)        0.773024      0.039838      0.031451   WU     3.696420      2.918227
 ( 7   4) <--> ( 9   3)      -13.706936     12.525340      9.888426   WU  1162.188556    917.517281
 ( 7   4) <--> ( 9   4)       -0.165817      0.001833      0.001447   WU     0.170081      0.134274
 ( 8   1) <--> ( 8   1)        1.486212      0.957412   (eb)
 ( 8   2) <--> ( 8   1)        0.001696      0.000000      0.000000   WU     0.000016      0.000016
 ( 8   2) <--> ( 8   2)      -16.258552    -10.473694   (eb)
 ( 8   3) <--> ( 8   1)       -0.444468      0.011621      0.011621   WU     1.078249      1.078249
 ( 8   3) <--> ( 8   2)       -0.072001      0.000305      0.000305   WU     0.028295      0.028295
 ( 8   3) <--> ( 8   3)        2.491525      1.605031   (eb)
 ( 8   4) <--> ( 8   1)       -0.016418      0.000016      0.000016   WU     0.001471      0.001471
 ( 8   4) <--> ( 8   2)        1.795261      0.189586      0.189586   WU    17.591120     17.591120
 ( 8   4) <--> ( 8   3)        0.258235      0.003923      0.003923   WU     0.363973      0.363973
 ( 8   4) <--> ( 8   4)      -13.277223     -8.553134   (eb)
 ( 8   1) <--> ( 9   1)        0.001316      0.000000      0.000000   WU     0.000009      0.000008
 ( 8   1) <--> ( 9   2)        0.008807      0.000005      0.000004   WU     0.000423      0.000379
 ( 8   1) <--> ( 9   3)        0.070979      0.000296      0.000265   WU     0.027498      0.024603
 ( 8   1) <--> ( 9   4)        0.306117      0.005512      0.004932   WU     0.511461      0.457623
 ( 8   2) <--> ( 9   1)       -0.907072      0.048399      0.043304   WU     4.490779      4.018066
 ( 8   2) <--> ( 9   2)       -0.041750      0.000103      0.000092   WU     0.009514      0.008512
 ( 8   2) <--> ( 9   3)       -0.042877      0.000108      0.000097   WU     0.010034      0.008978
 ( 8   2) <--> ( 9   4)        0.016930      0.000017      0.000015   WU     0.001564      0.001400
 ( 8   3) <--> ( 9   1)       -0.137239      0.001108      0.000991   WU     0.102800      0.091979
 ( 8   3) <--> ( 9   2)       -0.062207      0.000228      0.000204   WU     0.021121      0.018898
 ( 8   3) <--> ( 9   3)       -0.359561      0.007605      0.006804   WU     0.705642      0.631364
 ( 8   3) <--> ( 9   4)       -0.991588      0.057838      0.051750   WU     5.366613      4.801707
 ( 8   4) <--> ( 9   1)        8.725001      4.477979      4.006613   WU   415.498211    371.761557
 ( 8   4) <--> ( 9   2)       -1.517798      0.135512      0.121248   WU    12.573784     11.250228
 ( 8   4) <--> ( 9   3)       -0.529883      0.016516      0.014778   WU     1.532494      1.371179
 ( 8   4) <--> ( 9   4)        0.330953      0.006443      0.005765   WU     0.597822      0.534893
 ( 8   1) <--> (10   1)        0.000134      0.000000      0.000000   WU     0.000000      0.000000
 ( 8   1) <--> (10   2)        4.432773      1.155852      0.935690   WU   107.248004     86.819813
 ( 8   1) <--> (10   3)       -0.016580      0.000016      0.000013   WU     0.001500      0.001215
 ( 8   1) <--> (10   4)        0.167521      0.001651      0.001336   WU     0.153170      0.123995
 ( 8   2) <--> (10   1)       21.292397     26.668598     21.588865   WU  2474.498765   2003.165667
 ( 8   2) <--> (10   2)       -0.014795      0.000013      0.000010   WU     0.001195      0.000967
 ( 8   2) <--> (10   3)        0.008356      0.000004      0.000003   WU     0.000381      0.000309
 ( 8   2) <--> (10   4)        1.381071      0.112197      0.090827   WU    10.410462      8.427517
 ( 8   3) <--> (10   1)        0.031207      0.000057      0.000046   WU     0.005315      0.004303
 ( 8   3) <--> (10   2)       -2.611805      0.401266      0.324835   WU    37.232277     30.140414
 ( 8   3) <--> (10   3)       -0.364780      0.007827      0.006336   WU     0.726273      0.587936
 ( 8   3) <--> (10   4)        1.698760      0.169752      0.137418   WU    15.750792     12.750641
 ( 8   4) <--> (10   1)        0.910668      0.048783      0.039491   WU     4.526451      3.664270
 ( 8   4) <--> (10   2)        0.021252      0.000027      0.000022   WU     0.002465      0.001996
 ( 8   4) <--> (10   3)       19.870832     23.226468     18.802379   WU  2155.113958   1744.616061
 ( 8   4) <--> (10   4)        0.371143      0.008103      0.006559   WU     0.751833      0.608627
 ( 9   1) <--> ( 9   1)      -14.574156     -9.048833   (eb)
 ( 9   2) <--> ( 9   1)        2.011415      0.212936      0.212936   WU    19.757715     19.757715
 ( 9   2) <--> ( 9   2)       -7.625144     -4.734316   (eb)
 ( 9   3) <--> ( 9   1)        1.047314      0.057730      0.057730   WU     5.356573      5.356573
 ( 9   3) <--> ( 9   2)        0.268894      0.003805      0.003805   WU     0.353099      0.353099
 ( 9   3) <--> ( 9   3)      -10.445612     -6.485494   (eb)
 ( 9   4) <--> ( 9   1)       -0.607177      0.019403      0.019403   WU     1.800382      1.800382
 ( 9   4) <--> ( 9   2)        1.065375      0.059738      0.059738   WU     5.542913      5.542913
 ( 9   4) <--> ( 9   3)        4.850968      1.238520      1.238520   WU   114.918573    114.918573
 ( 9   4) <--> ( 9   4)       -2.786985     -1.730390   (eb)
 ( 9   1) <--> (10   1)        1.972992      0.204879      0.185367   WU    19.010084     17.199600
 ( 9   1) <--> (10   2)        0.025835      0.000035      0.000032   WU     0.003260      0.002949
 ( 9   1) <--> (10   3)        8.285073      3.612759      3.268687   WU   335.217048    303.291615
 ( 9   1) <--> (10   4)        0.208584      0.002290      0.002072   WU     0.212469      0.192234
 ( 9   2) <--> (10   1)        0.035176      0.000065      0.000059   WU     0.006042      0.005467
 ( 9   2) <--> (10   2)        0.052135      0.000143      0.000129   WU     0.013274      0.012010
 ( 9   2) <--> (10   3)        1.404738      0.103857      0.093966   WU     9.636607      8.718835
 ( 9   2) <--> (10   4)       -0.722952      0.027508      0.024889   WU     2.552423      2.309335
 ( 9   3) <--> (10   1)       -0.015536      0.000013      0.000011   WU     0.001179      0.001066
 ( 9   3) <--> (10   2)        0.275833      0.004004      0.003623   WU     0.371557      0.336170
 ( 9   3) <--> (10   3)       -0.843137      0.037415      0.033851   WU     3.471603      3.140974
 ( 9   3) <--> (10   4)       -3.061597      0.493336      0.446351   WU    45.775126     41.415590
 ( 9   4) <--> (10   1)        0.016952      0.000015      0.000014   WU     0.001403      0.001270
 ( 9   4) <--> (10   2)        0.916564      0.044215      0.040004   WU     4.102602      3.711878
 ( 9   4) <--> (10   3)        0.313392      0.005169      0.004677   WU     0.479635      0.433955
 ( 9   4) <--> (10   4)       -0.149495      0.001176      0.001064   WU     0.109140      0.098746
 (10   1) <--> (10   1)      -17.990021    -10.786698   (eb)
 (10   2) <--> (10   1)        0.025755      0.000032      0.000032   WU     0.002931      0.002931
 (10   2) <--> (10   2)        1.533863      0.919694   (eb)
 (10   3) <--> (10   1)        2.013213      0.193001      0.193001   WU    17.908005     17.908005
 (10   3) <--> (10   2)       -0.053620      0.000137      0.000137   WU     0.012703      0.012703
 (10   3) <--> (10   3)      -15.762691     -9.451205   (eb)
 (10   4) <--> (10   1)       -1.454841      0.100789      0.100789   WU     9.351879      9.351879
 (10   4) <--> (10   2)       -0.026620      0.000034      0.000034   WU     0.003131      0.003131
 (10   4) <--> (10   3)       -1.045233      0.052024      0.052024   WU     4.827184      4.827184
 (10   4) <--> (10   4)      -14.126765     -8.470315   (eb)
 
  quadrupole shape invariant: 01+, 02+, 03+, 04+
quadr2     0.85582892     1.58335352     2.32971444     3.53580550
quadr3     0.53933997     0.83722416     0.51447574    -0.23524553
  effective deformation parameters:  01+, 02+, 03+, 04+
beteff     0.06580898     0.08951187     0.10857830     0.13376296
cos3ga     0.68121182     0.42021825     0.14468079    -0.03538253
 
 ********* END Transition **************************
