 ********* BEGIN READER ****************************
 
 Nucleus            :  Ru  44  42
 Imin, Imax         :     0  10
 imu, remu          :     1 12.0000
 nlevel             :     4
 observables        :     2
 wave fun           :     1
 nbet, ngam, npar   :    10   7  10
 Finish reading parameters: V, B_k ...
 
 ********* END READER ******************************
 
 ********* BEGIN LEVELS ********************
 
 E_0 =  -700.741777
 
  I=   0   ntot= 127
   0   1    0.000000
   0   2    1.630095
   0   3    2.629304
   0   4    3.419127
 
  I=   2   ntot= 234
   2   1    0.594335
   2   2    1.176170
   2   3    2.374804
   2   4    2.899523
 
  I=   3   ntot= 108
   3   1    1.728032
   3   2    3.419822
   3   3    4.817829
   3   4    5.508893
 
  I=   4   ntot= 324
   4   1    1.454294
   4   2    2.251724
   4   3    2.900384
   4   4    3.197016
 
  I=   5   ntot= 198
   5   1    2.804875
   5   2    3.740288
   5   3    4.374766
   5   4    5.152696
 
  I=   6   ntot= 432
   6   1    2.581916
   6   2    3.626875
   6   3    4.156812
   6   4    4.388891
 
  I=   7   ntot= 306
   7   1    4.161023
   7   2    5.218471
   7   3    5.579957
   7   4    6.278023
 
  I=   8   ntot= 522
   8   1    3.974629
   8   2    5.223713
   8   3    5.451924
   8   4    5.867658
 
  I=   9   ntot= 397
   9   1    5.781710
   9   2    6.880642
   9   3    7.090670
   9   4    7.853168
 
  I=  10   ntot= 630
  10   1    5.628866
  10   2    6.712699
  10   3    7.217897
  10   4    7.443294
 
 ********* END LEVELS **********************
 
 ********* BEGIN Transition ************************
 
  Monopole moment 
 
   I   n    <In|E0|In>   ave \beta      del<b>   ave \gamma    del<g>  
     K=0       K=2       K=4   
   0   1     18.647698    0.264718    0.067368   26.016953   10.390261  100.0000    0.0000    0.0000
   0   2     18.799827    0.301236    0.123286   22.511631    9.828163   99.9999    0.0000    0.0000
   0   3     19.127318    0.388010    0.145253   16.811677   11.987486   99.9998    0.0000    0.0000
   0   4     19.550060    0.490028    0.132431   11.744714   12.858282   99.9993    0.0000    0.0000
   2   1     18.707679    0.285298    0.064870   25.157656   10.052930   85.8942   14.1058    0.0000
   2   2     18.768410    0.301434    0.064574   25.988430    9.578443   14.9772   85.0228    0.0000
   2   3     19.079455    0.376501    0.109556   20.317313   10.398103   89.1780   10.8219    0.0000
   2   4     19.184030    0.397400    0.100159   21.109316    9.947480   13.2125   86.7874    0.0000
   3   1     18.821646    0.316922    0.065172   25.018657    8.899134    0.0000  100.0000    0.0000
   3   2     19.256552    0.411526    0.095982   20.764721    9.161755    0.0000   99.9999    0.0000
   3   3     19.595971    0.486634    0.106766   14.529446   11.182101    0.0000   99.9996    0.0000
   3   4     19.494635    0.432383    0.084831   29.728375    8.351100    0.0000   99.9999    0.0000
   4   1     18.757693    0.300219    0.065032   24.706811    9.783344   75.7105   21.9784    2.3111
   4   2     18.833845    0.320897    0.068632   24.003205    9.540047   25.8693   64.8452    9.2854
   4   3     18.880887    0.327505    0.075324   25.999296    9.590830    3.1663   18.6327   78.2010
   4   4     19.238312    0.413745    0.107572   18.412232   11.263504   81.2254   10.4333    8.3412
   5   1     18.878110    0.331883    0.067520   24.078514    8.722927    0.0000   93.1738    6.8262
   5   2     18.955141    0.347028    0.071602   24.800981    8.606477    0.0000    8.1172   91.8827
   5   3     19.331900    0.427547    0.098367   19.400230    9.423626    0.0000   92.8980    7.1018
   5   4     19.339015    0.424662    0.101816   20.791303    9.633967    0.0000   11.2223   88.7776
   6   1     18.808620    0.313939    0.066368   24.446289    9.560224   64.7264   31.5299    3.1469
   6   2     18.921290    0.344411    0.077919   22.017929   10.405904   37.9522   47.1494   13.4154
   6   3     19.321578    0.432208    0.108928   17.343507   11.585352   65.1638   29.5827    3.5905
   6   4     19.084442    0.381033    0.105393   20.449835   12.999051   16.6246   14.0516   61.3292
   7   1     18.943090    0.347614    0.070571   23.345303    8.698704    0.0000   85.2443   14.1462
   7   2     19.073510    0.375067    0.079518   22.611532    9.344047    0.0000   19.4308   73.8362
   7   3     19.400566    0.442294    0.101481   18.082522    9.703477    0.0000   84.6390   14.9176
   7   4     19.220182    0.401596    0.091131   22.373494   10.245540    0.0000    6.2250   21.6404
   8   1     18.864231    0.327946    0.068885   24.127684    9.454567   55.9477   38.4120    4.8506
   8   2     19.287410    0.430858    0.111771   15.935360   12.612794   65.0401   18.7361   13.9820
   8   3     19.283608    0.425680    0.111975   17.451454   11.962558   52.8789   36.6908    9.9600
   8   4     19.431518    0.459916    0.123067   15.122024   13.408458   40.1825   34.0054   19.4727
   9   1     19.026304    0.366310    0.074850   22.578307    8.882656    0.0000   76.3449   21.9577
   9   2     19.390804    0.443396    0.099016   17.347619   10.442633    0.0000   58.6249   33.5885
   9   3     19.312173    0.424131    0.098632   19.619790    9.954466    0.0000   50.7421   42.7345
   9   4     19.441681    0.452782    0.116485   17.028697   11.544507    0.0000   36.6241   45.2194
  10   1     18.930231    0.343744    0.073175   23.615974    9.616317   49.7490   42.4397    6.8072
  10   2     19.713702    0.517720    0.095613   11.591330   10.727236   87.1354    9.1716    2.9453
  10   3     19.321992    0.426727    0.094593   19.533583   10.178244   28.5225   49.5099   20.0479
  10   4     19.304281    0.434778    0.130642   16.207351   14.242514   49.7283   17.1550   25.5167
 
  rho^2(E0) 
 
   I  n_1 n_2  <In_1|E0|In_2>  rho^2(E0) 
   0   1   1       18.647698  855.262617
   0   2   1        0.194136    0.092696
   0   2   2       18.799827  869.274087
   0   3   1       -0.032420    0.002585
   0   3   2       -0.345771    0.294053
   0   3   3       19.127318  899.823164
   0   4   1       -0.028749    0.002033
   0   4   2       -0.013411    0.000442
   0   4   3       -0.431351    0.457625
   0   4   4       19.550060  940.037528
   2   1   1       18.707679  860.773397
   2   2   1        0.008916    0.000196
   2   2   2       18.768410  866.371181
   2   3   1        0.213223    0.111819
   2   3   2        0.025313    0.001576
   2   3   3       19.079455  895.325501
   2   4   1       -0.007934    0.000155
   2   4   2        0.227011    0.126749
   2   4   3        0.036746    0.003321
   2   4   4       19.184030  905.166938
   3   1   1       18.821646  871.293006
   3   2   1        0.252180    0.156412
   3   2   2       19.256552  912.023534
   3   3   1        0.053373    0.007006
   3   3   2       -0.318435    0.249396
   3   3   3       19.595971  944.457901
   3   4   1       -0.007443    0.000136
   3   4   2       -0.265225    0.173012
   3   4   3       -0.112693    0.031235
   3   4   4       19.494635  934.715038
   4   1   1       18.757693  865.382027
   4   2   1        0.010281    0.000260
   4   2   2       18.833845  872.422784
   4   3   1       -0.062406    0.009578
   4   3   2        0.028302    0.001970
   4   3   3       18.880887  876.786354
   4   4   1        0.214226    0.112873
   4   4   2        0.056941    0.007974
   4   4   3       -0.072347    0.012873
   4   4   4       19.238312  910.296638
   5   1   1       18.878110  876.528449
   5   2   1        0.025358    0.001582
   5   2   2       18.955141  883.696341
   5   3   1        0.272568    0.182725
   5   3   2        0.029567    0.002150
   5   3   3       19.331900  919.174809
   5   4   1       -0.014822    0.000540
   5   4   2        0.307138    0.232016
   5   4   3        0.059644    0.008749
   5   4   4       19.339015  919.851530
   6   1   1       18.808620  870.087420
   6   2   1        0.021766    0.001165
   6   2   2       18.921290  880.542826
   6   3   1        0.226071    0.125701
   6   3   2        0.076666    0.014456
   6   3   3       19.321578  918.193428
   6   4   1       -0.042966    0.004541
   6   4   2       -0.105175    0.027206
   6   4   3       -0.173642    0.074158
   6   4   4       19.084442  895.793578
   7   1   1       18.943090  882.573007
   7   2   1        0.053340    0.006998
   7   2   2       19.073510  894.767570
   7   3   1       -0.293069    0.211247
   7   3   2       -0.082689    0.016817
   7   3   3       19.400566  925.716050
   7   4   1        0.012536    0.000387
   7   4   2       -0.157415    0.060946
   7   4   3        0.060979    0.009146
   7   4   4       19.220182  908.581733
   8   1   1       18.864231  875.240151
   8   2   1        0.128639    0.040700
   8   2   2       19.287410  914.948903
   8   3   1       -0.205689    0.104057
   8   3   2       -0.268409    0.177192
   8   3   3       19.283608  914.588217
   8   4   1        0.094495    0.021962
   8   4   2       -0.332264    0.271528
   8   4   3        0.085257    0.017878
   8   4   4       19.431518  928.672286
   9   1   1       19.026304  890.344038
   9   2   1       -0.205970    0.104341
   9   2   2       19.390804  924.784690
   9   3   1       -0.257202    0.162704
   9   3   2        0.155177    0.059225
   9   3   3       19.312173  917.299762
   9   4   1       -0.073886    0.013427
   9   4   2       -0.369060    0.334999
   9   4   3        0.028927    0.002058
   9   4   4       19.441681  929.643960
  10   1   1       18.930231  881.375244
  10   2   1        0.218676    0.117612
  10   2   2       19.713702  955.840407
  10   3   1       -0.183064    0.082424
  10   3   2        0.061886    0.009420
  10   3   3       19.321992  918.232815
  10   4   1       -0.089287    0.019608
  10   4   2        0.337048    0.279404
  10   4   3        0.191560    0.090252
  10   4   4       19.304281  916.550219
 
  E2 transition 
 
  I1  n1        I2  n2       <f||E2||i>   B(E2,I1->I2)  B(E2,I2->I1)
 ( 0   1) <--> ( 2   1)        0.743936      0.553441      0.110688   WU   245.444763     49.088953
 ( 0   1) <--> ( 2   2)        0.029457      0.000868      0.000174   WU     0.384813      0.076963
 ( 0   1) <--> ( 2   3)        0.065304      0.004265      0.000853   WU     1.891307      0.378261
 ( 0   1) <--> ( 2   4)       -0.004539      0.000021      0.000004   WU     0.009138      0.001828
 ( 0   2) <--> ( 2   1)        0.308493      0.095168      0.019034   WU    42.205818      8.441164
 ( 0   2) <--> ( 2   2)        0.060505      0.003661      0.000732   WU     1.623553      0.324711
 ( 0   2) <--> ( 2   3)        0.804132      0.646629      0.129326   WU   286.772280     57.354456
 ( 0   2) <--> ( 2   4)        0.015603      0.000243      0.000049   WU     0.107972      0.021594
 ( 0   3) <--> ( 2   1)       -0.024639      0.000607      0.000121   WU     0.269225      0.053845
 ( 0   3) <--> ( 2   2)       -0.112236      0.012597      0.002519   WU     5.586579      1.117316
 ( 0   3) <--> ( 2   3)       -0.705611      0.497887      0.099577   WU   220.806946     44.161389
 ( 0   3) <--> ( 2   4)       -0.117707      0.013855      0.002771   WU     6.144486      1.228897
 ( 0   4) <--> ( 2   1)       -0.034567      0.001195      0.000239   WU     0.529901      0.105980
 ( 0   4) <--> ( 2   2)       -0.045034      0.002028      0.000406   WU     0.899432      0.179886
 ( 0   4) <--> ( 2   3)        0.065243      0.004257      0.000851   WU     1.887770      0.377554
 ( 0   4) <--> ( 2   4)        0.300492      0.090295      0.018059   WU    40.044896      8.008979
 ( 2   1) <--> ( 2   1)       -0.448772     -0.340139   (eb)
 ( 2   2) <--> ( 2   1)       -0.842186      0.141855      0.141855   WU    62.911199     62.911199
 ( 2   2) <--> ( 2   2)        0.433563      0.328612   (eb)
 ( 2   3) <--> ( 2   1)       -0.112211      0.002518      0.002518   WU     1.116820      1.116820
 ( 2   3) <--> ( 2   2)       -0.333840      0.022290      0.022290   WU     9.885283      9.885283
 ( 2   3) <--> ( 2   3)       -0.750942     -0.569164   (eb)
 ( 2   4) <--> ( 2   1)       -0.014119      0.000040      0.000040   WU     0.017681      0.017681
 ( 2   4) <--> ( 2   2)        0.137776      0.003796      0.003796   WU     1.683675      1.683675
 ( 2   4) <--> ( 2   3)       -0.974470      0.189918      0.189918   WU    84.226620     84.226620
 ( 2   4) <--> ( 2   4)        0.722339      0.547485   (eb)
 ( 2   1) <--> ( 3   1)        0.035778      0.000256      0.000183   WU     0.113541      0.081101
 ( 2   1) <--> ( 3   2)        0.004254      0.000004      0.000003   WU     0.001605      0.001147
 ( 2   1) <--> ( 3   3)       -0.017656      0.000062      0.000045   WU     0.027649      0.019749
 ( 2   1) <--> ( 3   4)        0.032196      0.000207      0.000148   WU     0.091944      0.065674
 ( 2   2) <--> ( 3   1)       -1.289032      0.332321      0.237372   WU   147.380462    105.271759
 ( 2   2) <--> ( 3   2)       -0.124215      0.003086      0.002204   WU     1.368539      0.977528
 ( 2   2) <--> ( 3   3)       -0.031864      0.000203      0.000145   WU     0.090058      0.064327
 ( 2   2) <--> ( 3   4)       -0.035751      0.000256      0.000183   WU     0.113366      0.080976
 ( 2   3) <--> ( 3   1)        0.104103      0.002167      0.001548   WU     0.961255      0.686610
 ( 2   3) <--> ( 3   2)        0.040848      0.000334      0.000238   WU     0.147995      0.105711
 ( 2   3) <--> ( 3   3)       -0.050972      0.000520      0.000371   WU     0.230453      0.164609
 ( 2   3) <--> ( 3   4)        0.076999      0.001186      0.000847   WU     0.525881      0.375629
 ( 2   4) <--> ( 3   1)       -0.499400      0.049880      0.035629   WU    22.121257     15.800898
 ( 2   4) <--> ( 3   2)       -1.653031      0.546502      0.390359   WU   242.367380    173.119557
 ( 2   4) <--> ( 3   3)        0.151404      0.004585      0.003275   WU     2.033220      1.452300
 ( 2   4) <--> ( 3   4)        0.038206      0.000292      0.000209   WU     0.129472      0.092480
 ( 2   1) <--> ( 4   1)        1.285195      0.330345      0.183525   WU   146.504258     81.391254
 ( 2   1) <--> ( 4   2)        0.110655      0.002449      0.001361   WU     1.086066      0.603370
 ( 2   1) <--> ( 4   3)       -0.002827      0.000002      0.000001   WU     0.000709      0.000394
 ( 2   1) <--> ( 4   4)        0.120694      0.002913      0.001619   WU     1.292070      0.717817
 ( 2   2) <--> ( 4   1)        0.020215      0.000082      0.000045   WU     0.036246      0.020136
 ( 2   2) <--> ( 4   2)        0.907465      0.164699      0.091499   WU    73.041921     40.578845
 ( 2   2) <--> ( 4   3)       -0.172164      0.005928      0.003293   WU     2.629045      1.460580
 ( 2   2) <--> ( 4   4)       -0.015630      0.000049      0.000027   WU     0.021669      0.012039
 ( 2   3) <--> ( 4   1)        0.440800      0.038861      0.021589   WU    17.234391      9.574661
 ( 2   3) <--> ( 4   2)        0.137164      0.003763      0.002090   WU     1.668744      0.927080
 ( 2   3) <--> ( 4   3)       -0.416603      0.034712      0.019284   WU    15.394209      8.552338
 ( 2   3) <--> ( 4   4)        1.632215      0.532825      0.296014   WU   236.301632    131.278684
 ( 2   4) <--> ( 4   1)       -0.046651      0.000435      0.000242   WU     0.193033      0.107240
 ( 2   4) <--> ( 4   2)        0.293649      0.017246      0.009581   WU     7.648388      4.249104
 ( 2   4) <--> ( 4   3)        0.146694      0.004304      0.002391   WU     1.908692      1.060385
 ( 2   4) <--> ( 4   4)        0.157202      0.004943      0.002746   WU     2.191945      1.217747
 ( 3   1) <--> ( 3   1)        0.000000      0.000000   (eb)
 ( 3   2) <--> ( 3   1)        0.000000      0.000000      0.000000   WU     0.000000      0.000000
 ( 3   2) <--> ( 3   2)        0.000000      0.000000   (eb)
 ( 3   3) <--> ( 3   1)        0.000000      0.000000      0.000000   WU     0.000000      0.000000
 ( 3   3) <--> ( 3   2)        0.000000      0.000000      0.000000   WU     0.000000      0.000000
 ( 3   3) <--> ( 3   3)        0.000000      0.000000   (eb)
 ( 3   4) <--> ( 3   1)        0.000000      0.000000      0.000000   WU     0.000000      0.000000
 ( 3   4) <--> ( 3   2)        0.000000      0.000000      0.000000   WU     0.000000      0.000000
 ( 3   4) <--> ( 3   3)        0.000000      0.000000      0.000000   WU     0.000000      0.000000
 ( 3   4) <--> ( 3   4)        0.000000      0.000000   (eb)
 ( 3   1) <--> ( 4   1)        0.743138      0.078893      0.061362   WU    34.988293     27.213117
 ( 3   1) <--> ( 4   2)       -0.820228      0.096111      0.074753   WU    42.623896     33.151919
 ( 3   1) <--> ( 4   3)       -0.830512      0.098536      0.076639   WU    43.699406     33.988427
 ( 3   1) <--> ( 4   4)        0.074151      0.000785      0.000611   WU     0.348349      0.270938
 ( 3   2) <--> ( 4   1)        0.048869      0.000341      0.000265   WU     0.151306      0.117682
 ( 3   2) <--> ( 4   2)       -0.219055      0.006855      0.005332   WU     3.040107      2.364528
 ( 3   2) <--> ( 4   3)       -0.508503      0.036939      0.028731   WU    16.382150     12.741672
 ( 3   2) <--> ( 4   4)        0.713203      0.072666      0.056518   WU    32.226316     25.064913
 ( 3   3) <--> ( 4   1)        0.023753      0.000081      0.000063   WU     0.035746      0.027803
 ( 3   3) <--> ( 4   2)       -0.000474      0.000000      0.000000   WU     0.000014      0.000011
 ( 3   3) <--> ( 4   3)       -0.044231      0.000279      0.000217   WU     0.123947      0.096403
 ( 3   3) <--> ( 4   4)       -0.039755      0.000226      0.000176   WU     0.100132      0.077880
 ( 3   4) <--> ( 4   1)       -0.001168      0.000000      0.000000   WU     0.000086      0.000067
 ( 3   4) <--> ( 4   2)       -0.110578      0.001747      0.001359   WU     0.774685      0.602533
 ( 3   4) <--> ( 4   3)       -0.016401      0.000038      0.000030   WU     0.017042      0.013255
 ( 3   4) <--> ( 4   4)       -0.042761      0.000261      0.000203   WU     0.115845      0.090102
 ( 3   1) <--> ( 5   1)        1.297354      0.240447      0.153011   WU   106.635265     67.858805
 ( 3   1) <--> ( 5   2)       -0.076085      0.000827      0.000526   WU     0.366762      0.233394
 ( 3   1) <--> ( 5   3)        0.119923      0.002054      0.001307   WU     0.911142      0.579818
 ( 3   1) <--> ( 5   4)       -0.000059      0.000000      0.000000   WU     0.000000      0.000000
 ( 3   2) <--> ( 5   1)        0.422673      0.025522      0.016241   WU    11.318601      7.202746
 ( 3   2) <--> ( 5   2)        0.158394      0.003584      0.002281   WU     1.589511      1.011507
 ( 3   2) <--> ( 5   3)        1.669737      0.398289      0.253457   WU   176.636441    112.405008
 ( 3   2) <--> ( 5   4)       -0.045377      0.000294      0.000187   WU     0.130455      0.083017
 ( 3   3) <--> ( 5   1)        0.038898      0.000216      0.000138   WU     0.095861      0.061002
 ( 3   3) <--> ( 5   2)       -0.136851      0.002675      0.001703   WU     1.186538      0.755070
 ( 3   3) <--> ( 5   3)       -0.621264      0.055138      0.035088   WU    24.453245     15.561156
 ( 3   3) <--> ( 5   4)       -0.602673      0.051888      0.033020   WU    23.011679     14.643796
 ( 3   4) <--> ( 5   1)        0.101658      0.001476      0.000939   WU     0.654735      0.416650
 ( 3   4) <--> ( 5   2)        0.162404      0.003768      0.002398   WU     1.670999      1.063363
 ( 3   4) <--> ( 5   3)       -0.252361      0.009098      0.005790   WU     4.034875      2.567648
 ( 3   4) <--> ( 5   4)        0.140940      0.002838      0.001806   WU     1.258506      0.800867
 ( 4   1) <--> ( 4   1)       -0.589345     -0.444423   (eb)
 ( 4   2) <--> ( 4   1)       -0.716967      0.057116      0.057116   WU    25.330180     25.330180
 ( 4   2) <--> ( 4   2)       -0.789889     -0.595652   (eb)
 ( 4   3) <--> ( 4   1)        0.231271      0.005943      0.005943   WU     2.635627      2.635627
 ( 4   3) <--> ( 4   2)       -0.758193      0.063873      0.063873   WU    28.326923     28.326923
 ( 4   3) <--> ( 4   3)        1.100888      0.830175   (eb)
 ( 4   4) <--> ( 4   1)       -0.097089      0.001047      0.001047   WU     0.464493      0.464493
 ( 4   4) <--> ( 4   2)       -0.452083      0.022709      0.022709   WU    10.071085     10.071085
 ( 4   4) <--> ( 4   3)        0.571838      0.036333      0.036333   WU    16.113366     16.113366
 ( 4   4) <--> ( 4   4)       -1.024724     -0.772740   (eb)
 ( 4   1) <--> ( 5   1)        0.103559      0.001192      0.000975   WU     0.528463      0.432379
 ( 4   1) <--> ( 5   2)        0.066421      0.000490      0.000401   WU     0.217396      0.177869
 ( 4   1) <--> ( 5   3)        0.006043      0.000004      0.000003   WU     0.001799      0.001472
 ( 4   1) <--> ( 5   4)        0.000968      0.000000      0.000000   WU     0.000046      0.000038
 ( 4   2) <--> ( 5   1)       -1.226749      0.167213      0.136810   WU    74.156861     60.673795
 ( 4   2) <--> ( 5   2)       -0.262280      0.007643      0.006254   WU     3.389766      2.773445
 ( 4   2) <--> ( 5   3)       -0.124269      0.001716      0.001404   WU     0.760960      0.622604
 ( 4   2) <--> ( 5   4)        0.014053      0.000022      0.000018   WU     0.009731      0.007962
 ( 4   3) <--> ( 5   1)       -0.037572      0.000157      0.000128   WU     0.069562      0.056914
 ( 4   3) <--> ( 5   2)       -1.618118      0.290923      0.238028   WU   129.020935    105.562583
 ( 4   3) <--> ( 5   3)       -0.041533      0.000192      0.000157   WU     0.085001      0.069546
 ( 4   3) <--> ( 5   4)       -0.119152      0.001577      0.001291   WU     0.699584      0.572387
 ( 4   4) <--> ( 5   1)        0.147966      0.002433      0.001990   WU     1.078863      0.882706
 ( 4   4) <--> ( 5   2)       -0.407805      0.018478      0.015119   WU     8.194937      6.704949
 ( 4   4) <--> ( 5   3)        0.078973      0.000693      0.000567   WU     0.307325      0.251448
 ( 4   4) <--> ( 5   4)       -0.005712      0.000004      0.000003   WU     0.001607      0.001315
 ( 4   1) <--> ( 6   1)        1.764049      0.345763      0.239374   WU   153.341923    106.159793
 ( 4   1) <--> ( 6   2)        0.156099      0.002707      0.001874   WU     1.200718      0.831266
 ( 4   1) <--> ( 6   3)        0.131724      0.001928      0.001335   WU     0.855007      0.591928
 ( 4   1) <--> ( 6   4)       -0.043781      0.000213      0.000147   WU     0.094453      0.065391
 ( 4   2) <--> ( 6   1)       -0.074963      0.000624      0.000432   WU     0.276910      0.191707
 ( 4   2) <--> ( 6   2)        1.491202      0.247076      0.171053   WU   109.575282     75.859811
 ( 4   2) <--> ( 6   3)       -0.056803      0.000359      0.000248   WU     0.158996      0.110074
 ( 4   2) <--> ( 6   4)       -0.025986      0.000075      0.000052   WU     0.033274      0.023036
 ( 4   3) <--> ( 6   1)       -0.273080      0.008286      0.005736   WU     3.674682      2.544010
 ( 4   3) <--> ( 6   2)        0.035317      0.000139      0.000096   WU     0.061463      0.042551
 ( 4   3) <--> ( 6   3)       -0.859241      0.082033      0.056792   WU    36.380564     25.186544
 ( 4   3) <--> ( 6   4)       -0.714928      0.056791      0.039317   WU    25.186325     17.436687
 ( 4   4) <--> ( 6   1)        0.507406      0.028607      0.019805   WU    12.686750      8.783135
 ( 4   4) <--> ( 6   2)        0.362282      0.014583      0.010096   WU     6.467449      4.477465
 ( 4   4) <--> ( 6   3)        2.157019      0.516970      0.357902   WU   229.270207    158.725528
 ( 4   4) <--> ( 6   4)       -0.939202      0.098011      0.067854   WU    43.466792     30.092395
 ( 5   1) <--> ( 5   1)       -0.628026     -0.456026   (eb)
 ( 5   2) <--> ( 5   1)       -0.707293      0.045478      0.045478   WU    20.169173     20.169173
 ( 5   2) <--> ( 5   2)        0.602017      0.437141   (eb)
 ( 5   3) <--> ( 5   1)       -0.102610      0.000957      0.000957   WU     0.424494      0.424494
 ( 5   3) <--> ( 5   2)       -0.332385      0.010044      0.010044   WU     4.454222      4.454222
 ( 5   3) <--> ( 5   3)       -0.860546     -0.624865   (eb)
 ( 5   4) <--> ( 5   1)       -0.001833      0.000000      0.000000   WU     0.000135      0.000135
 ( 5   4) <--> ( 5   2)        0.121485      0.001342      0.001342   WU     0.595027      0.595027
 ( 5   4) <--> ( 5   3)       -0.842780      0.064571      0.064571   WU    28.636362     28.636362
 ( 5   4) <--> ( 5   4)        0.721029      0.523558   (eb)
 ( 5   1) <--> ( 6   1)        0.913410      0.075847      0.064178   WU    33.637302     28.462332
 ( 5   1) <--> ( 6   2)       -0.610844      0.033921      0.028702   WU    15.043522     12.729134
 ( 5   1) <--> ( 6   3)        0.486296      0.021499      0.018191   WU     9.534351      8.067528
 ( 5   1) <--> ( 6   4)        0.432224      0.016983      0.014371   WU     7.531961      6.373198
 ( 5   2) <--> ( 6   1)       -0.094871      0.000818      0.000692   WU     0.362871      0.307044
 ( 5   2) <--> ( 6   2)        0.560053      0.028514      0.024128   WU    12.645825     10.700313
 ( 5   2) <--> ( 6   3)        0.378147      0.013000      0.011000   WU     5.765140      4.878196
 ( 5   2) <--> ( 6   4)        1.520509      0.210177      0.177842   WU    93.211125     78.870952
 ( 5   3) <--> ( 6   1)        0.057385      0.000299      0.000253   WU     0.132765      0.112340
 ( 5   3) <--> ( 6   2)       -0.194591      0.003442      0.002913   WU     1.526633      1.291766
 ( 5   3) <--> ( 6   3)        0.995727      0.090134      0.076267   WU    39.973273     33.823539
 ( 5   3) <--> ( 6   4)       -0.051142      0.000238      0.000201   WU     0.105450      0.089227
 ( 5   4) <--> ( 6   1)        0.005933      0.000003      0.000003   WU     0.001419      0.001201
 ( 5   4) <--> ( 6   2)        0.051962      0.000245      0.000208   WU     0.108857      0.092110
 ( 5   4) <--> ( 6   3)        0.004540      0.000002      0.000002   WU     0.000831      0.000703
 ( 5   4) <--> ( 6   4)        0.336606      0.010300      0.008716   WU     4.568082      3.865300
 ( 5   1) <--> ( 7   1)        1.874622      0.319473      0.234280   WU   141.682700    103.900646
 ( 5   1) <--> ( 7   2)        0.061063      0.000339      0.000249   WU     0.150332      0.110243
 ( 5   1) <--> ( 7   3)       -0.139347      0.001765      0.001295   WU     0.782862      0.574099
 ( 5   1) <--> ( 7   4)       -0.025974      0.000061      0.000045   WU     0.027200      0.019947
 ( 5   2) <--> ( 7   1)        0.013450      0.000016      0.000012   WU     0.007293      0.005348
 ( 5   2) <--> ( 7   2)        1.341834      0.163683      0.120035   WU    72.591714     53.233923
 ( 5   2) <--> ( 7   3)        0.047952      0.000209      0.000153   WU     0.092704      0.067983
 ( 5   2) <--> ( 7   4)        0.223103      0.004525      0.003318   WU     2.006779      1.471638
 ( 5   3) <--> ( 7   1)        0.620123      0.034959      0.025637   WU    15.504039     11.369629
 ( 5   3) <--> ( 7   2)        0.397451      0.014361      0.010531   WU     6.368802      4.670455
 ( 5   3) <--> ( 7   3)       -2.365650      0.508755      0.373087   WU   225.626791    165.459647
 ( 5   3) <--> ( 7   4)       -0.113194      0.001165      0.000854   WU     0.516578      0.378824
 ( 5   4) <--> ( 7   1)       -0.042100      0.000161      0.000118   WU     0.071457      0.052402
 ( 5   4) <--> ( 7   2)        0.560408      0.028551      0.020937   WU    12.661885      9.285382
 ( 5   4) <--> ( 7   3)       -0.128577      0.001503      0.001102   WU     0.666525      0.488785
 ( 5   4) <--> ( 7   4)       -0.696486      0.044099      0.032340   WU    19.557546     14.342201
 ( 6   1) <--> ( 6   1)       -0.698191     -0.486777   (eb)
 ( 6   2) <--> ( 6   1)       -0.653763      0.032877      0.032877   WU    14.580724     14.580724
 ( 6   2) <--> ( 6   2)       -1.414251     -0.986011   (eb)
 ( 6   3) <--> ( 6   1)       -0.224858      0.003889      0.003889   WU     1.724867      1.724867
 ( 6   3) <--> ( 6   2)        0.046937      0.000169      0.000169   WU     0.075158      0.075158
 ( 6   3) <--> ( 6   3)       -1.389899     -0.969034   (eb)
 ( 6   4) <--> ( 6   1)       -0.185730      0.002654      0.002654   WU     1.176806      1.176806
 ( 6   4) <--> ( 6   2)        1.026490      0.081052      0.081052   WU    35.945790     35.945790
 ( 6   4) <--> ( 6   3)        0.512770      0.020226      0.020226   WU     8.969833      8.969833
 ( 6   4) <--> ( 6   4)       -0.488426     -0.340529   (eb)
 ( 6   1) <--> ( 7   1)        0.152205      0.001782      0.001544   WU     0.790311      0.684936
 ( 6   1) <--> ( 7   2)        0.086238      0.000572      0.000496   WU     0.253711      0.219883
 ( 6   1) <--> ( 7   3)        0.000695      0.000000      0.000000   WU     0.000016      0.000014
 ( 6   1) <--> ( 7   4)        0.013538      0.000014      0.000012   WU     0.006253      0.005419
 ( 6   2) <--> ( 7   1)       -1.205335      0.111756      0.096856   WU    49.562659     42.954305
 ( 6   2) <--> ( 7   2)       -0.186668      0.002680      0.002323   WU     1.188717      1.030221
 ( 6   2) <--> ( 7   3)        0.134033      0.001382      0.001198   WU     0.612865      0.531150
 ( 6   2) <--> ( 7   4)       -0.103680      0.000827      0.000717   WU     0.366713      0.317818
 ( 6   3) <--> ( 7   1)        0.185619      0.002650      0.002297   WU     1.175399      1.018679
 ( 6   3) <--> ( 7   2)        0.570168      0.025007      0.021673   WU    11.090326      9.611616
 ( 6   3) <--> ( 7   3)       -0.072925      0.000409      0.000355   WU     0.181422      0.157232
 ( 6   3) <--> ( 7   4)       -0.058207      0.000261      0.000226   WU     0.115583      0.100172
 ( 6   4) <--> ( 7   1)       -0.311240      0.007452      0.006458   WU     3.304672      2.864049
 ( 6   4) <--> ( 7   2)        1.745655      0.234409      0.203154   WU   103.957510     90.096508
 ( 6   4) <--> ( 7   3)        0.141434      0.001539      0.001334   WU     0.682410      0.591422
 ( 6   4) <--> ( 7   4)       -0.510335      0.020034      0.017363   WU     8.884851      7.700204
 ( 6   1) <--> ( 8   1)        2.211429      0.376186      0.287672   WU   166.834045    127.578976
 ( 6   1) <--> ( 8   2)        0.199382      0.003058      0.002338   WU     1.356164      1.037067
 ( 6   1) <--> ( 8   3)       -0.068069      0.000356      0.000273   WU     0.158068      0.120875
 ( 6   1) <--> ( 8   4)        0.096710      0.000719      0.000550   WU     0.319065      0.243991
 ( 6   2) <--> ( 8   1)       -0.042507      0.000139      0.000106   WU     0.061640      0.047136
 ( 6   2) <--> ( 8   2)        1.832786      0.258393      0.197594   WU   114.594128     87.630804
 ( 6   2) <--> ( 8   3)        0.865472      0.057619      0.044061   WU    25.553148     19.540643
 ( 6   2) <--> ( 8   4)       -0.045003      0.000156      0.000119   WU     0.069093      0.052836
 ( 6   3) <--> ( 8   1)        0.691186      0.036749      0.028102   WU    16.297797     12.463021
 ( 6   3) <--> ( 8   2)        1.690793      0.219906      0.168164   WU    97.525882     74.578616
 ( 6   3) <--> ( 8   3)       -2.430636      0.454461      0.347529   WU   201.548108    154.125024
 ( 6   3) <--> ( 8   4)        0.297340      0.006801      0.005201   WU     3.016103      2.306432
 ( 6   4) <--> ( 8   1)       -0.047939      0.000177      0.000135   WU     0.078401      0.059954
 ( 6   4) <--> ( 8   2)       -0.708953      0.038663      0.029566   WU    17.146409     13.111960
 ( 6   4) <--> ( 8   3)        0.756008      0.043965      0.033620   WU    19.498072     14.910291
 ( 6   4) <--> ( 8   4)        1.559458      0.187070      0.143053   WU    82.963342     63.442556
 ( 7   1) <--> ( 7   1)       -0.942837     -0.631382   (eb)
 ( 7   2) <--> ( 7   1)       -0.829871      0.045912      0.045912   WU    20.361623     20.361623
 ( 7   2) <--> ( 7   2)       -0.585477     -0.392072   (eb)
 ( 7   3) <--> ( 7   1)        0.107691      0.000773      0.000773   WU     0.342886      0.342886
 ( 7   3) <--> ( 7   2)        0.404832      0.010926      0.010926   WU     4.845527      4.845527
 ( 7   3) <--> ( 7   3)       -1.349141     -0.903468   (eb)
 ( 7   4) <--> ( 7   1)       -0.103061      0.000708      0.000708   WU     0.314035      0.314035
 ( 7   4) <--> ( 7   2)        0.798807      0.042540      0.042540   WU    18.865793     18.865793
 ( 7   4) <--> ( 7   3)       -0.328592      0.007198      0.007198   WU     3.192302      3.192302
 ( 7   4) <--> ( 7   4)        0.881377      0.590225   (eb)
 ( 7   1) <--> ( 8   1)        1.018200      0.069115      0.060984   WU    30.651854     27.045753
 ( 7   1) <--> ( 8   2)       -0.257172      0.004409      0.003890   WU     1.955415      1.725366
 ( 7   1) <--> ( 8   3)       -0.544646      0.019776      0.017449   WU     8.770406      7.738594
 ( 7   1) <--> ( 8   4)        0.367147      0.008986      0.007929   WU     3.985382      3.516513
 ( 7   2) <--> ( 8   1)       -0.118909      0.000943      0.000832   WU     0.418040      0.368858
 ( 7   2) <--> ( 8   2)        0.776661      0.040213      0.035482   WU    17.834199     15.736058
 ( 7   2) <--> ( 8   3)        0.354187      0.008363      0.007379   WU     3.708984      3.272633
 ( 7   2) <--> ( 8   4)        1.001503      0.066867      0.059001   WU    29.654842     26.166037
 ( 7   3) <--> ( 8   1)       -0.060264      0.000242      0.000214   WU     0.107377      0.094745
 ( 7   3) <--> ( 8   2)       -0.170106      0.001929      0.001702   WU     0.855523      0.754873
 ( 7   3) <--> ( 8   3)        1.096853      0.080206      0.070770   WU    35.570351     31.385604
 ( 7   3) <--> ( 8   4)       -0.564571      0.021249      0.018749   WU     9.423851      8.315162
 ( 7   4) <--> ( 8   1)       -0.018924      0.000024      0.000021   WU     0.010588      0.009342
 ( 7   4) <--> ( 8   2)        0.031497      0.000066      0.000058   WU     0.029331      0.025880
 ( 7   4) <--> ( 8   3)       -0.019371      0.000025      0.000022   WU     0.011095      0.009789
 ( 7   4) <--> ( 8   4)        0.277481      0.005133      0.004529   WU     2.276439      2.008623
 ( 7   1) <--> ( 9   1)        2.381452      0.378088      0.298490   WU   167.677491    132.376967
 ( 7   1) <--> ( 9   2)       -0.165574      0.001828      0.001443   WU     0.810544      0.639903
 ( 7   1) <--> ( 9   3)       -0.048872      0.000159      0.000126   WU     0.070619      0.055752
 ( 7   1) <--> ( 9   4)       -0.065548      0.000286      0.000226   WU     0.127032      0.100288
 ( 7   2) <--> ( 9   1)        0.054943      0.000201      0.000159   WU     0.089253      0.070463
 ( 7   2) <--> ( 9   2)       -1.912113      0.243745      0.192430   WU   108.098100     85.340605
 ( 7   2) <--> ( 9   3)        0.887589      0.052521      0.041464   WU    23.292446     18.388773
 ( 7   2) <--> ( 9   4)       -0.076393      0.000389      0.000307   WU     0.172541      0.136217
 ( 7   3) <--> ( 9   1)       -0.841371      0.047194      0.037258   WU    20.929858     16.523572
 ( 7   3) <--> ( 9   2)        1.748437      0.203802      0.160896   WU    90.383862     71.355680
 ( 7   3) <--> ( 9   3)        2.409376      0.387006      0.305531   WU   171.632735    135.499527
 ( 7   3) <--> ( 9   4)       -0.027327      0.000050      0.000039   WU     0.022078      0.017430
 ( 7   4) <--> ( 9   1)        0.048056      0.000154      0.000122   WU     0.068278      0.053903
 ( 7   4) <--> ( 9   2)        0.506354      0.017093      0.013494   WU     7.580539      5.984636
 ( 7   4) <--> ( 9   3)       -0.041813      0.000117      0.000092   WU     0.051691      0.040808
 ( 7   4) <--> ( 9   4)       -1.528290      0.155711      0.122930   WU    69.056206     54.518058
 ( 8   1) <--> ( 8   1)       -0.820099     -0.528305   (eb)
 ( 8   2) <--> ( 8   1)       -0.637113      0.023877      0.023877   WU    10.589271     10.589271
 ( 8   2) <--> ( 8   2)       -2.159588     -1.391198   (eb)
 ( 8   3) <--> ( 8   1)       -0.092593      0.000504      0.000504   WU     0.223663      0.223663
 ( 8   3) <--> ( 8   2)        0.274059      0.004418      0.004418   WU     1.959398      1.959398
 ( 8   3) <--> ( 8   3)       -1.689417     -1.088316   (eb)
 ( 8   4) <--> ( 8   1)       -0.266785      0.004187      0.004187   WU     1.856767      1.856767
 ( 8   4) <--> ( 8   2)        1.174263      0.081111      0.081111   WU    35.971953     35.971953
 ( 8   4) <--> ( 8   3)       -0.342651      0.006906      0.006906   WU     3.062928      3.062928
 ( 8   4) <--> ( 8   4)       -1.937890     -1.248381   (eb)
 ( 8   1) <--> ( 9   1)        0.179966      0.001905      0.001705   WU     0.844919      0.755981
 ( 8   1) <--> ( 9   2)       -0.075686      0.000337      0.000301   WU     0.149438      0.133708
 ( 8   1) <--> ( 9   3)        0.047910      0.000135      0.000121   WU     0.059881      0.053578
 ( 8   1) <--> ( 9   4)       -0.027914      0.000046      0.000041   WU     0.020328      0.018188
 ( 8   2) <--> ( 9   1)       -0.968835      0.055214      0.049402   WU    24.486872     21.909306
 ( 8   2) <--> ( 9   2)        0.092526      0.000504      0.000451   WU     0.223338      0.199829
 ( 8   2) <--> ( 9   3)        0.128983      0.000979      0.000876   WU     0.434007      0.388322
 ( 8   2) <--> ( 9   4)        0.071846      0.000304      0.000272   WU     0.134660      0.120485
 ( 8   3) <--> ( 9   1)       -0.877673      0.045312      0.040543   WU    20.095500     17.980184
 ( 8   3) <--> ( 9   2)        0.234274      0.003228      0.002889   WU     1.431801      1.281085
 ( 8   3) <--> ( 9   3)        0.111611      0.000733      0.000656   WU     0.324976      0.290768
 ( 8   3) <--> ( 9   4)        0.117352      0.000810      0.000725   WU     0.359267      0.321449
 ( 8   4) <--> ( 9   1)       -0.217636      0.002786      0.002493   WU     1.235643      1.105576
 ( 8   4) <--> ( 9   2)       -1.252869      0.092334      0.082615   WU    40.949147     36.638711
 ( 8   4) <--> ( 9   3)        0.164074      0.001584      0.001417   WU     0.702284      0.628360
 ( 8   4) <--> ( 9   4)        0.262629      0.004057      0.003630   WU     1.799366      1.609959
 ( 8   1) <--> (10   1)        2.645808      0.411782      0.333348   WU   182.620718    147.835819
 ( 8   1) <--> (10   2)        0.172311      0.001747      0.001414   WU     0.774568      0.627031
 ( 8   1) <--> (10   3)       -0.061527      0.000223      0.000180   WU     0.098757      0.079946
 ( 8   1) <--> (10   4)       -0.169497      0.001690      0.001368   WU     0.749472      0.606715
 ( 8   2) <--> (10   1)        0.371948      0.008138      0.006588   WU     3.609087      2.921642
 ( 8   2) <--> (10   2)        3.020501      0.536672      0.434449   WU   238.007767    192.672954
 ( 8   2) <--> (10   3)        0.967435      0.055055      0.044568   WU    24.416146     19.765452
 ( 8   2) <--> (10   4)       -0.562001      0.018579      0.015040   WU     8.239617      6.670166
 ( 8   3) <--> (10   1)       -0.733990      0.031691      0.025654   WU    14.054435     11.377400
 ( 8   3) <--> (10   2)       -2.227282      0.291811      0.236228   WU   129.414685    104.764269
 ( 8   3) <--> (10   3)        2.264073      0.301531      0.244096   WU   133.725435    108.253924
 ( 8   3) <--> (10   4)       -0.693664      0.028304      0.022913   WU    12.552552     10.161590
 ( 8   4) <--> (10   1)        0.294950      0.005117      0.004143   WU     2.269507      1.837220
 ( 8   4) <--> (10   2)       -1.338820      0.105438      0.085354   WU    46.760345     37.853613
 ( 8   4) <--> (10   3)       -1.475544      0.128072      0.103678   WU    56.798610     45.979827
 ( 8   4) <--> (10   4)       -2.757074      0.447145      0.361974   WU   198.303399    160.531323
 ( 9   1) <--> ( 9   1)       -1.175814     -0.730042   (eb)
 ( 9   2) <--> ( 9   1)        0.857336      0.038686      0.038686   WU    17.156569     17.156569
 ( 9   2) <--> ( 9   2)       -1.883531     -1.169451   (eb)
 ( 9   3) <--> ( 9   1)       -0.265446      0.003709      0.003709   WU     1.644679      1.644679
 ( 9   3) <--> ( 9   2)       -0.428262      0.009653      0.009653   WU     4.281027      4.281027
 ( 9   3) <--> ( 9   3)       -1.276114     -0.792316   (eb)
 ( 9   4) <--> ( 9   1)        0.189258      0.001885      0.001885   WU     0.836057      0.836057
 ( 9   4) <--> ( 9   2)        1.004432      0.053099      0.053099   WU    23.548861     23.548861
 ( 9   4) <--> ( 9   3)        0.364724      0.007001      0.007001   WU     3.104974      3.104974
 ( 9   4) <--> ( 9   4)       -1.417867     -0.880328   (eb)
 ( 9   1) <--> (10   1)        1.099775      0.063658      0.057595   WU    28.231635     25.542908
 ( 9   1) <--> (10   2)        0.032214      0.000055      0.000049   WU     0.024222      0.021915
 ( 9   1) <--> (10   3)       -0.622611      0.020402      0.018459   WU     9.048191      8.186459
 ( 9   1) <--> (10   4)       -0.071956      0.000273      0.000247   WU     0.120853      0.109343
 ( 9   2) <--> (10   1)        0.095452      0.000480      0.000434   WU     0.212666      0.192412
 ( 9   2) <--> (10   2)       -0.709660      0.026506      0.023982   WU    11.755185     10.635644
 ( 9   2) <--> (10   3)        0.032626      0.000056      0.000051   WU     0.024846      0.022480
 ( 9   2) <--> (10   4)        1.084015      0.061847      0.055957   WU    27.428337     24.816115
 ( 9   3) <--> (10   1)       -0.098084      0.000506      0.000458   WU     0.224557      0.203170
 ( 9   3) <--> (10   2)       -0.295793      0.004605      0.004166   WU     2.042223      1.847726
 ( 9   3) <--> (10   3)        1.382754      0.100632      0.091048   WU    44.629154     40.378758
 ( 9   3) <--> (10   4)       -0.356605      0.006693      0.006056   WU     2.968273      2.685580
 ( 9   4) <--> (10   1)        0.011176      0.000007      0.000006   WU     0.002915      0.002638
 ( 9   4) <--> (10   2)       -0.011190      0.000007      0.000006   WU     0.002923      0.002645
 ( 9   4) <--> (10   3)        0.202334      0.002155      0.001949   WU     0.955577      0.864569
 ( 9   4) <--> (10   4)        0.478895      0.012071      0.010921   WU     5.353157      4.843332
 (10   1) <--> (10   1)       -0.968484     -0.580696   (eb)
 (10   2) <--> (10   1)       -0.531471      0.013451      0.013451   WU     5.965152      5.965152
 (10   2) <--> (10   2)       -3.051844     -1.829866   (eb)
 (10   3) <--> (10   1)       -0.188266      0.001688      0.001688   WU     0.748529      0.748529
 (10   3) <--> (10   2)       -0.574643      0.015724      0.015724   WU     6.973624      6.973624
 (10   3) <--> (10   3)       -1.796195     -1.076987   (eb)
 (10   4) <--> (10   1)        0.443526      0.009367      0.009367   WU     4.154338      4.154338
 (10   4) <--> (10   2)       -1.027906      0.050314      0.050314   WU    22.313609     22.313609
 (10   4) <--> (10   3)       -0.258810      0.003190      0.003190   WU     1.414570      1.414570
 (10   4) <--> (10   4)       -1.962586     -1.176754   (eb)
 
  quadrupole shape invariant: 01+, 02+, 03+, 04+
quadr2     0.56169752     0.75309051     1.29948936     2.09300363
quadr3     0.25391144     0.54781538     1.49265225     3.11883929
  effective deformation parameters:  01+, 02+, 03+, 04+
beteff     0.25430744     0.29446345     0.38680686     0.49089973
cos3ga     0.60315442     0.83823050     1.00762642     1.03000189
 
 ********* END Transition **************************
