 ********* BEGIN READER ****************************
 
 Nucleus            :  Cm  96 228
 Imin, Imax         :     0  10
 imu, remu          :     1 12.0000
 nlevel             :     4
 observables        :     2
 wave fun           :     1
 nbet, ngam, npar   :    10   7  10
 Finish reading parameters: V, B_k ...
 
 ********* END READER ******************************
 
 ********* BEGIN LEVELS ********************
 
 E_0 = -2068.085326
 
  I=   0   ntot= 127
   0   1    0.000000
   0   2    0.825137
   0   3    1.084618
   0   4    1.629754
 
  I=   2   ntot= 234
   2   1    0.117295
   2   2    0.682297
   2   3    1.104822
   2   4    1.192862
 
  I=   3   ntot= 108
   3   1    0.895394
   3   2    1.720138
   3   3    1.926149
   3   4    2.102997
 
  I=   4   ntot= 324
   4   1    0.354378
   4   2    0.973186
   4   3    1.298070
   4   4    1.324299
 
  I=   5   ntot= 198
   5   1    1.235726
   5   2    1.737581
   5   3    1.931946
   5   4    2.285389
 
  I=   6   ntot= 432
   6   1    0.692563
   6   2    1.330232
   6   3    1.559080
   6   4    1.687685
 
  I=   7   ntot= 306
   7   1    1.648550
   7   2    2.138337
   7   3    2.205594
   7   4    2.533367
 
  I=   8   ntot= 522
   8   1    1.113751
   8   2    1.748658
   8   3    1.855124
   8   4    2.120778
 
  I=   9   ntot= 397
   9   1    2.110726
   9   2    2.424266
   9   3    2.656142
   9   4    2.840689
 
  I=  10   ntot= 630
  10   1    1.598470
  10   2    2.157239
  10   3    2.240903
  10   4    2.525001
 
 ********* END LEVELS **********************
 
 ********* BEGIN Transition ************************
 
  Monopole moment 
 
   I   n    <In|E0|In>   ave \beta      del<b>   ave \gamma    del<g>  
     K=0       K=2       K=4   
   0   1     41.590710    0.275161    0.049950   15.540973   10.055048  100.0000    0.0000    0.0000
   0   2     41.720080    0.279155    0.062613   28.359824   15.053300  100.0000    0.0000    0.0000
   0   3     42.380654    0.368514    0.088188   14.791505   11.593139   99.9999    0.0000    0.0000
   0   4     43.297884    0.453653    0.139705   13.025209   11.418392   99.9996    0.0000    0.0000
   2   1     41.613772    0.279247    0.050110   14.735472    9.567846   99.5662    0.4338    0.0000
   2   2     41.692041    0.277208    0.050943   25.755073   10.792584    5.8637   94.1363    0.0000
   2   3     42.081774    0.335390    0.088629   16.326410   14.029627   80.7963   19.2036    0.0000
   2   4     42.194596    0.342255    0.090838   19.161311   13.489494   77.4941   22.5058    0.0000
   3   1     41.762174    0.290480    0.052332   21.178647    9.045142    0.0000  100.0000    0.0000
   3   2     43.010348    0.426813    0.103168   15.025212    9.517914    0.0000   99.9998    0.0000
   3   3     42.111418    0.322740    0.077993   27.227276   12.286933    0.0000   99.9999    0.0000
   3   4     44.052341    0.514513    0.124952   12.986952    9.074510    0.0000   99.9992    0.0000
   4   1     41.653244    0.285380    0.051161   14.204465    9.436511   98.3550    1.5709    0.0741
   4   2     41.758956    0.286554    0.053270   24.746061   11.373572   10.9812   77.0614   11.9573
   4   3     41.998991    0.317879    0.082298   21.607481   14.173444   26.4427   33.9116   39.6457
   4   4     42.423548    0.373027    0.094823   14.725912   12.534732   76.5000    5.1739   18.3260
   5   1     41.846376    0.302244    0.056077   19.850313    9.049684    0.0000   95.9279    4.0721
   5   2     41.992352    0.312442    0.062596   24.836185   10.320923    0.0000   10.3378   89.6622
   5   3     43.491040    0.468593    0.105107   14.040842    8.967638    0.0000   96.9012    3.0985
   5   4     43.856589    0.499940    0.129275   13.212929    9.317441    0.0000   86.8082   13.1911
   6   1     41.712320    0.293852    0.053431   13.870705    9.504461   95.9945    3.8273    0.1468
   6   2     41.850142    0.298871    0.058480   23.529137   12.170819   17.2722   66.8611   11.4004
   6   3     42.780859    0.412020    0.095409   11.875546    8.999312   94.6635    5.1852    0.1404
   6   4     41.957894    0.306027    0.067055   27.358255   13.763124    6.4060   44.1060   20.7571
   7   1     41.979282    0.319208    0.064312   18.727324    9.453225    0.0000   91.8556    7.6191
   7   2     43.283692    0.449596    0.121604   14.927984   10.891233    0.0000   68.1758   25.1031
   7   3     42.828736    0.405141    0.130324   17.650140   12.325226    0.0000   44.1518   43.8229
   7   4     43.642217    0.480730    0.127202   14.368822   10.249687    0.0000   61.2490   32.7041
   8   1     41.801206    0.305747    0.057573   13.667619    9.706100   92.4893    7.1164    0.3353
   8   2     42.041325    0.324124    0.077572   20.623895   13.813021   29.1895   53.2149   12.2659
   8   3     43.035390    0.433669    0.107270   12.455974    9.676871   86.0978   12.2314    1.2298
   8   4     42.306027    0.347999    0.102218   22.544458   14.491033    7.1559   52.0231   13.1349
   9   1     42.277603    0.353839    0.085452   17.162291   10.348960    0.0000   88.2284   10.6824
   9   2     44.179499    0.524263    0.106487   12.565829    7.931447    0.0000   93.3437    5.5226
   9   3     42.592463    0.378933    0.102343   20.636252   11.730666    0.0000   20.8197   56.1475
   9   4     43.891995    0.499886    0.118264   14.230203    9.409822    0.0000   40.4451   52.9326
  10   1     41.946118    0.323851    0.065066   13.472280    9.975304   88.1994   11.0362    0.6650
  10   2     43.341737    0.460711    0.115254   11.821934    9.740352   83.7788   12.8982    2.3502
  10   3     42.489482    0.373219    0.113332   18.463981   12.736470   32.2351   50.4923   12.3218
  10   4     43.744275    0.488282    0.119530   13.992865   11.101924   13.6741   69.6972    7.2810
 
  rho^2(E0) 
 
   I  n_1 n_2  <In_1|E0|In_2>  rho^2(E0) 
   0   1   1       41.590710 3454.750532
   0   2   1        0.079129    0.012505
   0   2   2       41.720080 3476.276352
   0   3   1       -0.309321    0.191092
   0   3   2       -0.136752    0.037350
   0   3   3       42.380654 3587.230945
   0   4   1        0.099618    0.019820
   0   4   2       -0.305219    0.186058
   0   4   3        0.612075    0.748226
   0   4   4       43.297884 3744.185646
   2   1   1       41.613772 3458.582984
   2   2   1        0.012216    0.000298
   2   2   2       41.692041 3471.605169
   2   3   1        0.212761    0.090409
   2   3   2       -0.011512    0.000265
   2   3   3       42.081774 3536.812983
   2   4   1        0.239044    0.114124
   2   4   2        0.047617    0.004528
   2   4   3        0.336780    0.226525
   2   4   4       42.194596 3555.803060
   3   1   1       41.762174 3483.294780
   3   2   1        0.337988    0.228154
   3   2   2       43.010348 3694.621354
   3   3   1        0.125108    0.031260
   3   3   2        0.315300    0.198551
   3   3   3       42.111418 3541.797772
   3   4   1        0.164028    0.053735
   3   4   2       -1.010081    2.037682
   3   4   3       -0.316003    0.199437
   3   4   4       44.052341 3875.805741
   4   1   1       41.653244 3465.147100
   4   2   1       -0.016911    0.000571
   4   2   2       41.758956 3482.757970
   4   3   1        0.156903    0.049168
   4   3   2        0.011297    0.000255
   4   3   3       41.998991 3522.911594
   4   4   1        0.290467    0.168506
   4   4   2       -0.058995    0.006951
   4   4   3        0.310335    0.192347
   4   4   4       42.423548 3594.495862
   5   1   1       41.846376 3497.355152
   5   2   1        0.041402    0.003424
   5   2   2       41.992352 3521.797786
   5   3   1       -0.380952    0.289844
   5   3   2       -0.193823    0.075030
   5   3   3       43.491040 3777.666394
   5   4   1       -0.176428    0.062167
   5   4   2        0.224297    0.100478
   5   4   3       -1.077343    2.318098
   5   4   4       43.856589 3841.437028
   6   1   1       41.712320 3474.983305
   6   2   1       -0.030534    0.001862
   6   2   2       41.850142 3497.984592
   6   3   1        0.359673    0.258369
   6   3   2       -0.097436    0.018961
   6   3   3       42.780859 3655.299906
   6   4   1        0.021330    0.000909
   6   4   2       -0.069892    0.009756
   6   4   3        0.057019    0.006493
   6   4   4       41.957894 3516.020447
   7   1   1       41.979282 3519.605934
   7   2   1        0.370315    0.273884
   7   2   2       43.283692 3741.731511
   7   3   1       -0.291062    0.169198
   7   3   2       -0.897607    1.609149
   7   3   3       42.828736 3663.486001
   7   4   1        0.192373    0.073912
   7   4   2       -0.855223    1.460774
   7   4   3        0.435983    0.379633
   7   4   4       43.642217 3803.974865
   8   1   1       41.801206 3489.808890
   8   2   1       -0.103908    0.021564
   8   2   2       42.041325 3530.017152
   8   3   1       -0.396609    0.314159
   8   3   2        0.290066    0.168042
   8   3   3       43.035390 3698.924815
   8   4   1        0.008078    0.000130
   8   4   2       -0.165477    0.054689
   8   4   3        0.026706    0.001424
   8   4   4       42.306027 3574.608657
   9   1   1       42.277603 3569.807072
   9   2   1       -0.732500    1.071617
   9   2   2       44.179499 3898.213215
   9   3   1       -0.137148    0.037567
   9   3   2        0.363257    0.263543
   9   3   3       42.592463 3623.176923
   9   4   1        0.141978    0.040259
   9   4   2        0.804550    1.292795
   9   4   3       -0.387909    0.300526
   9   4   4       43.891995 3847.642003
  10   1   1       41.946118 3514.047127
  10   2   1       -0.457674    0.418348
  10   2   2       43.341737 3751.773767
  10   3   1        0.188424    0.070909
  10   3   2       -0.582190    0.676945
  10   3   3       42.489482 3605.677609
  10   4   1        0.012638    0.000319
  10   4   2       -0.246963    0.121812
  10   4   3       -0.447970    0.400795
  10   4   4       43.744275 3821.786919
 
  E2 transition 
 
  I1  n1        I2  n2       <f||E2||i>   B(E2,I1->I2)  B(E2,I2->I1)
 ( 0   1) <--> ( 2   1)        4.074636     16.602659      3.320532   WU  1256.023475    251.204695
 ( 0   1) <--> ( 2   2)       -0.512152      0.262299      0.052460   WU    19.843448      3.968690
 ( 0   1) <--> ( 2   3)        0.533340      0.284452      0.056890   WU    21.519341      4.303868
 ( 0   1) <--> ( 2   4)        0.223539      0.049970      0.009994   WU     3.780293      0.756059
 ( 0   2) <--> ( 2   1)        0.627670      0.393970      0.078794   WU    29.804599      5.960920
 ( 0   2) <--> ( 2   2)        1.747006      3.052031      0.610406   WU   230.892121     46.178424
 ( 0   2) <--> ( 2   3)        3.246344     10.538748      2.107750   WU   797.276812    159.455362
 ( 0   2) <--> ( 2   4)       -1.092117      1.192719      0.238544   WU    90.231493     18.046299
 ( 0   3) <--> ( 2   1)       -0.662512      0.438922      0.087784   WU    33.205312      6.641062
 ( 0   3) <--> ( 2   2)        0.393179      0.154590      0.030918   WU    11.695011      2.339002
 ( 0   3) <--> ( 2   3)       -3.089148      9.542833      1.908567   WU   721.933876    144.386775
 ( 0   3) <--> ( 2   4)       -4.341308     18.846957      3.769391   WU  1425.808960    285.161792
 ( 0   4) <--> ( 2   1)        0.276477      0.076439      0.015288   WU     5.782786      1.156557
 ( 0   4) <--> ( 2   2)       -0.250801      0.062901      0.012580   WU     4.758585      0.951717
 ( 0   4) <--> ( 2   3)       -1.340306      1.796420      0.359284   WU   135.902640     27.180528
 ( 0   4) <--> ( 2   4)       -0.989822      0.979747      0.195949   WU    74.119784     14.823957
 ( 2   1) <--> ( 2   1)       -4.750415     -3.600497   (eb)
 ( 2   2) <--> ( 2   1)       -1.521309      0.462876      0.462876   WU    35.017476     35.017476
 ( 2   2) <--> ( 2   2)        4.430835      3.358277   (eb)
 ( 2   3) <--> ( 2   1)       -0.454796      0.041368      0.041368   WU     3.129563      3.129563
 ( 2   3) <--> ( 2   2)       -1.000605      0.200242      0.200242   WU    15.148717     15.148717
 ( 2   3) <--> ( 2   3)       -3.221603     -2.441760   (eb)
 ( 2   4) <--> ( 2   1)       -0.565875      0.064043      0.064043   WU     4.844969      4.844969
 ( 2   4) <--> ( 2   2)       -0.000129      0.000000      0.000000   WU     0.000000      0.000000
 ( 2   4) <--> ( 2   3)       -3.317875      2.201659      2.201659   WU   166.559771    166.559771
 ( 2   4) <--> ( 2   4)       -3.206519     -2.430327   (eb)
 ( 2   1) <--> ( 3   1)       -0.903180      0.163147      0.116533   WU    12.342370      8.815979
 ( 2   1) <--> ( 3   2)       -0.014386      0.000041      0.000030   WU     0.003131      0.002237
 ( 2   1) <--> ( 3   3)        0.124614      0.003106      0.002218   WU     0.234954      0.167824
 ( 2   1) <--> ( 3   4)       -0.005701      0.000007      0.000005   WU     0.000492      0.000351
 ( 2   2) <--> ( 3   1)       -5.649191      6.382672      4.559052   WU   482.861581    344.901129
 ( 2   2) <--> ( 3   2)       -0.378754      0.028691      0.020494   WU     2.170524      1.550375
 ( 2   2) <--> ( 3   3)       -0.335982      0.022577      0.016126   WU     1.707978      1.219984
 ( 2   2) <--> ( 3   4)       -0.292958      0.017165      0.012261   WU     1.298554      0.927538
 ( 2   3) <--> ( 3   1)        2.549033      1.299514      0.928224   WU    98.310746     70.221961
 ( 2   3) <--> ( 3   2)        0.245616      0.012065      0.008618   WU     0.912776      0.651983
 ( 2   3) <--> ( 3   3)       -0.454441      0.041303      0.029502   WU     3.124675      2.231911
 ( 2   3) <--> ( 3   4)        0.120843      0.002921      0.002086   WU     0.220951      0.157822
 ( 2   4) <--> ( 3   1)       -2.507005      1.257015      0.897868   WU    95.095613     67.925438
 ( 2   4) <--> ( 3   2)       -2.016408      0.813180      0.580843   WU    61.518680     43.941914
 ( 2   4) <--> ( 3   3)        0.602942      0.072708      0.051934   WU     5.500490      3.928921
 ( 2   4) <--> ( 3   4)       -0.449653      0.040437      0.028884   WU     3.059174      2.185124
 ( 2   1) <--> ( 4   1)        6.696890      8.969668      4.983149   WU   678.572869    376.984927
 ( 2   1) <--> ( 4   2)        0.088823      0.001578      0.000877   WU     0.119373      0.066318
 ( 2   1) <--> ( 4   3)        0.443620      0.039360      0.021867   WU     2.977648      1.654249
 ( 2   1) <--> ( 4   4)        0.524273      0.054972      0.030540   WU     4.158767      2.310426
 ( 2   2) <--> ( 4   1)       -0.121305      0.002943      0.001635   WU     0.222641      0.123690
 ( 2   2) <--> ( 4   2)       -4.737209      4.488230      2.493461   WU   339.543358    188.635199
 ( 2   2) <--> ( 4   3)        0.422964      0.035780      0.019878   WU     2.706810      1.503783
 ( 2   2) <--> ( 4   4)       -0.279936      0.015673      0.008707   WU     1.185678      0.658710
 ( 2   3) <--> ( 4   1)        1.438622      0.413927      0.229959   WU    31.314363     17.396868
 ( 2   3) <--> ( 4   2)       -1.193657      0.284963      0.158313   WU    21.558026     11.976681
 ( 2   3) <--> ( 4   3)        5.041294      5.082929      2.823849   WU   384.533440    213.629689
 ( 2   3) <--> ( 4   4)        4.835865      4.677118      2.598399   WU   353.833075    196.573931
 ( 2   4) <--> ( 4   1)        0.676325      0.091483      0.050824   WU     6.920865      3.844925
 ( 2   4) <--> ( 4   2)        0.436903      0.038177      0.021209   WU     2.888150      1.604528
 ( 2   4) <--> ( 4   3)        0.910968      0.165972      0.092207   WU    12.556137      6.975632
 ( 2   4) <--> ( 4   4)        6.463878      8.356343      4.642413   WU   632.173591    351.207550
 ( 3   1) <--> ( 3   1)        0.000000      0.000000   (eb)
 ( 3   2) <--> ( 3   1)        0.000000      0.000000      0.000000   WU     0.000000      0.000000
 ( 3   2) <--> ( 3   2)        0.000000      0.000000   (eb)
 ( 3   3) <--> ( 3   1)        0.000000      0.000000      0.000000   WU     0.000000      0.000000
 ( 3   3) <--> ( 3   2)        0.000000      0.000000      0.000000   WU     0.000000      0.000000
 ( 3   3) <--> ( 3   3)        0.000000      0.000000   (eb)
 ( 3   4) <--> ( 3   1)        0.000000      0.000000      0.000000   WU     0.000000      0.000000
 ( 3   4) <--> ( 3   2)        0.000000      0.000000      0.000000   WU     0.000000      0.000000
 ( 3   4) <--> ( 3   3)        0.000000      0.000000      0.000000   WU     0.000000      0.000000
 ( 3   4) <--> ( 3   4)        0.000000      0.000000   (eb)
 ( 3   1) <--> ( 4   1)        1.456088      0.302885      0.235577   WU    22.913826     17.821865
 ( 3   1) <--> ( 4   2)        5.184589      3.839995      2.986663   WU   290.503121    225.946872
 ( 3   1) <--> ( 4   3)        3.714714      1.971300      1.533234   WU   149.132715    115.992111
 ( 3   1) <--> ( 4   4)       -1.299122      0.241103      0.187524   WU    18.239881     14.186574
 ( 3   2) <--> ( 4   1)        0.036239      0.000188      0.000146   WU     0.014193      0.011039
 ( 3   2) <--> ( 4   2)        0.699946      0.069989      0.054436   WU     5.294815      4.118189
 ( 3   2) <--> ( 4   3)        2.394586      0.819149      0.637116   WU    61.970209     48.199051
 ( 3   2) <--> ( 4   4)        0.652851      0.060888      0.047357   WU     4.606282      3.582664
 ( 3   3) <--> ( 4   1)       -0.048290      0.000333      0.000259   WU     0.025202      0.019601
 ( 3   3) <--> ( 4   2)        0.308662      0.013610      0.010586   WU     1.029647      0.800837
 ( 3   3) <--> ( 4   3)       -0.878531      0.110260      0.085757   WU     8.341351      6.487718
 ( 3   3) <--> ( 4   4)        0.587904      0.049376      0.038403   WU     3.735382      2.905297
 ( 3   4) <--> ( 4   1)        0.032107      0.000147      0.000115   WU     0.011141      0.008665
 ( 3   4) <--> ( 4   2)        0.395171      0.022309      0.017351   WU     1.687684      1.312643
 ( 3   4) <--> ( 4   3)        0.486912      0.033869      0.026343   WU     2.562259      1.992868
 ( 3   4) <--> ( 4   4)        0.027406      0.000107      0.000083   WU     0.008117      0.006313
 ( 3   1) <--> ( 5   1)       -6.264590      5.606441      3.567735   WU   424.138206    269.906131
 ( 3   1) <--> ( 5   2)        0.424362      0.025726      0.016371   WU     1.946230      1.238510
 ( 3   1) <--> ( 5   3)        0.339103      0.016427      0.010454   WU     1.242751      0.790842
 ( 3   1) <--> ( 5   4)        0.261068      0.009737      0.006196   WU     0.736597      0.468743
 ( 3   2) <--> ( 5   1)       -1.786638      0.456011      0.290189   WU    34.498114     21.953345
 ( 3   2) <--> ( 5   2)       -1.755305      0.440156      0.280099   WU    33.298682     21.190070
 ( 3   2) <--> ( 5   3)        8.985918     11.535245      7.340610   WU   872.663741    555.331472
 ( 3   2) <--> ( 5   4)        0.321931      0.014806      0.009422   WU     1.120078      0.712777
 ( 3   3) <--> ( 5   1)        0.242623      0.008409      0.005351   WU     0.636189      0.404848
 ( 3   3) <--> ( 5   2)        2.290328      0.749372      0.476873   WU    56.691429     36.076364
 ( 3   3) <--> ( 5   3)        2.346395      0.786510      0.500506   WU    59.501014     37.864282
 ( 3   3) <--> ( 5   4)       -1.417254      0.286944      0.182601   WU    21.707870     13.814099
 ( 3   4) <--> ( 5   1)       -0.626746      0.056116      0.035710   WU     4.245272      2.701537
 ( 3   4) <--> ( 5   2)        0.535556      0.040974      0.026075   WU     3.099792      1.972595
 ( 3   4) <--> ( 5   3)       -4.465281      2.848390      1.812612   WU   215.486254    137.127616
 ( 3   4) <--> ( 5   4)        9.691926     13.419060      8.539402   WU  1015.178036    646.022387
 ( 4   1) <--> ( 4   1)       -6.026102     -4.544256   (eb)
 ( 4   2) <--> ( 4   1)        1.958504      0.426193      0.426193   WU    32.242331     32.242331
 ( 4   2) <--> ( 4   2)       -0.540347     -0.407473   (eb)
 ( 4   3) <--> ( 4   1)       -0.096346      0.001031      0.001031   WU     0.078027      0.078027
 ( 4   3) <--> ( 4   2)       -2.776809      0.856741      0.856741   WU    64.814099     64.814099
 ( 4   3) <--> ( 4   3)        0.439606      0.331505   (eb)
 ( 4   4) <--> ( 4   1)       -0.903699      0.090741      0.090741   WU     6.864764      6.864764
 ( 4   4) <--> ( 4   2)        2.648842      0.779596      0.779596   WU    58.977973     58.977973
 ( 4   4) <--> ( 4   3)       -5.119814      2.912499      2.912499   WU   220.336250    220.336250
 ( 4   4) <--> ( 4   4)       -5.320532     -4.012189   (eb)
 ( 4   1) <--> ( 5   1)        0.719357      0.057497      0.047043   WU     4.349767      3.558901
 ( 4   1) <--> ( 5   2)        0.060332      0.000404      0.000331   WU     0.030596      0.025033
 ( 4   1) <--> ( 5   3)        0.046593      0.000241      0.000197   WU     0.018248      0.014930
 ( 4   1) <--> ( 5   4)       -0.008692      0.000008      0.000007   WU     0.000635      0.000520
 ( 4   2) <--> ( 5   1)       -5.005668      2.784079      2.277883   WU   210.620968    172.326246
 ( 4   2) <--> ( 5   2)       -0.617693      0.042394      0.034686   WU     3.207175      2.624052
 ( 4   2) <--> ( 5   3)        0.228077      0.005780      0.004729   WU     0.437261      0.357759
 ( 4   2) <--> ( 5   4)        0.166762      0.003090      0.002528   WU     0.233761      0.191259
 ( 4   3) <--> ( 5   1)       -2.176472      0.526337      0.430639   WU    39.818385     32.578679
 ( 4   3) <--> ( 5   2)       -5.176007      2.976783      2.435550   WU   225.199456    184.254101
 ( 4   3) <--> ( 5   3)       -0.190771      0.004044      0.003309   WU     0.305917      0.250296
 ( 4   3) <--> ( 5   4)        0.108843      0.001316      0.001077   WU     0.099581      0.081475
 ( 4   4) <--> ( 5   1)        0.557265      0.034505      0.028231   WU     2.610363      2.135752
 ( 4   4) <--> ( 5   2)        3.307036      1.215165      0.994226   WU    91.929590     75.215119
 ( 4   4) <--> ( 5   3)       -0.695584      0.053760      0.043985   WU     4.067019      3.327561
 ( 4   4) <--> ( 5   4)       -0.349595      0.013580      0.011111   WU     1.027326      0.840540
 ( 4   1) <--> ( 6   1)        8.732860      8.473649      5.866372   WU   641.048024    443.802478
 ( 4   1) <--> ( 6   2)       -0.153834      0.002629      0.001820   WU     0.198922      0.137715
 ( 4   1) <--> ( 6   3)        0.629383      0.044014      0.030471   WU     3.329717      2.305189
 ( 4   1) <--> ( 6   4)       -0.039327      0.000172      0.000119   WU     0.013001      0.009000
 ( 4   2) <--> ( 6   1)        0.320722      0.011429      0.007913   WU     0.864640      0.598597
 ( 4   2) <--> ( 6   2)        7.660204      6.519858      4.513748   WU   493.239956    341.473816
 ( 4   2) <--> ( 6   3)        0.237964      0.006292      0.004356   WU     0.475992      0.329533
 ( 4   2) <--> ( 6   4)       -0.282276      0.008853      0.006129   WU     0.669771      0.463688
 ( 4   3) <--> ( 6   1)        1.533014      0.261126      0.180779   WU    19.754676     13.676314
 ( 4   3) <--> ( 6   2)       -0.156517      0.002722      0.001884   WU     0.205922      0.142561
 ( 4   3) <--> ( 6   3)        6.175886      4.237952      2.933966   WU   320.609284    221.960274
 ( 4   3) <--> ( 6   4)       -5.228230      3.037154      2.102645   WU   229.766596    159.069182
 ( 4   4) <--> ( 6   1)        1.683858      0.315042      0.218106   WU    23.833532     16.500138
 ( 4   4) <--> ( 6   2)       -1.230583      0.168259      0.116487   WU    12.729150      8.812489
 ( 4   4) <--> ( 6   3)       10.128836     11.399257      7.891793   WU   862.375960    597.029511
 ( 4   4) <--> ( 6   4)        3.531527      1.385742      0.959360   WU   104.834094     72.577450
 ( 5   1) <--> ( 5   1)       -3.608201     -2.620012   (eb)
 ( 5   2) <--> ( 5   1)       -2.772928      0.699012      0.699012   WU    52.881618     52.881618
 ( 5   2) <--> ( 5   2)        3.210482      2.331217   (eb)
 ( 5   3) <--> ( 5   1)        0.278575      0.007055      0.007055   WU     0.533716      0.533716
 ( 5   3) <--> ( 5   2)        1.669935      0.253517      0.253517   WU    19.179020     19.179020
 ( 5   3) <--> ( 5   3)       -6.285582     -4.564130   (eb)
 ( 5   4) <--> ( 5   1)        0.231592      0.004876      0.004876   WU     0.368872      0.368872
 ( 5   4) <--> ( 5   2)        0.545918      0.027093      0.027093   WU     2.049659      2.049659
 ( 5   4) <--> ( 5   3)        2.552378      0.592240      0.592240   WU    44.804073     44.804073
 ( 5   4) <--> ( 5   4)       -5.522249     -4.009853   (eb)
 ( 5   1) <--> ( 6   1)       -2.088713      0.396611      0.335594   WU    30.004400     25.388338
 ( 5   1) <--> ( 6   2)       -4.694557      2.003533      1.695298   WU   151.571208    128.252561
 ( 5   1) <--> ( 6   3)       -1.241439      0.140106      0.118552   WU    10.599328      8.968662
 ( 5   1) <--> ( 6   4)        3.030307      0.834796      0.706366   WU    63.153978     53.437982
 ( 5   2) <--> ( 6   1)       -0.068144      0.000422      0.000357   WU     0.031936      0.027023
 ( 5   2) <--> ( 6   2)        1.909175      0.331359      0.280381   WU    25.067961     21.211352
 ( 5   2) <--> ( 6   3)       -0.237983      0.005149      0.004357   WU     0.389511      0.329586
 ( 5   2) <--> ( 6   4)        3.298734      0.989241      0.837050   WU    74.837981     63.324445
 ( 5   3) <--> ( 6   1)       -0.010545      0.000010      0.000009   WU     0.000765      0.000647
 ( 5   3) <--> ( 6   2)        0.717968      0.046862      0.039652   WU     3.545172      2.999761
 ( 5   3) <--> ( 6   3)        2.572948      0.601824      0.509235   WU    45.529134     38.524652
 ( 5   3) <--> ( 6   4)       -1.291886      0.151725      0.128382   WU    11.478256      9.712371
 ( 5   4) <--> ( 6   1)        0.042904      0.000167      0.000142   WU     0.012660      0.010712
 ( 5   4) <--> ( 6   2)        0.321837      0.009416      0.007968   WU     0.712361      0.602767
 ( 5   4) <--> ( 6   3)        0.544404      0.026943      0.022798   WU     2.038312      1.724726
 ( 5   4) <--> ( 6   4)       -0.502905      0.022992      0.019455   WU     1.739397      1.471798
 ( 5   1) <--> ( 7   1)       -9.009802      7.379684      5.411768   WU   558.287464    409.410807
 ( 5   1) <--> ( 7   2)       -0.039592      0.000143      0.000105   WU     0.010781      0.007906
 ( 5   1) <--> ( 7   3)        0.104830      0.000999      0.000733   WU     0.075579      0.055425
 ( 5   1) <--> ( 7   4)       -0.261871      0.006234      0.004572   WU     0.471629      0.345861
 ( 5   2) <--> ( 7   1)       -0.415944      0.015728      0.011534   WU     1.189864      0.872567
 ( 5   2) <--> ( 7   2)       -5.342514      2.594769      1.902831   WU   196.299335    143.952846
 ( 5   2) <--> ( 7   3)       -4.333296      1.707041      1.251830   WU   129.140968     94.703377
 ( 5   2) <--> ( 7   4)       -0.086220      0.000676      0.000496   WU     0.051126      0.037493
 ( 5   3) <--> ( 7   1)        2.868765      0.748165      0.548654   WU    56.600128     41.506761
 ( 5   3) <--> ( 7   2)       10.735918     10.478176      7.683996   WU   792.694418    581.309240
 ( 5   3) <--> ( 7   3)       -8.843605      7.109940      5.213956   WU   537.880837    394.445947
 ( 5   3) <--> ( 7   4)        0.336051      0.010266      0.007529   WU     0.776671      0.569559
 ( 5   4) <--> ( 7   1)        1.123172      0.114683      0.084101   WU     8.676004      6.362403
 ( 5   4) <--> ( 7   2)       -4.846184      2.135046      1.565700   WU   161.520359    118.448264
 ( 5   4) <--> ( 7   3)        3.933812      1.406807      1.031659   WU   106.427701     78.046981
 ( 5   4) <--> ( 7   4)       12.042434     13.183657      9.668015   WU   997.369288    731.404144
 ( 6   1) <--> ( 6   1)       -7.140238     -4.978153   (eb)
 ( 6   2) <--> ( 6   1)        2.346435      0.423520      0.423520   WU    32.040094     32.040094
 ( 6   2) <--> ( 6   2)       -2.702686     -1.884305   (eb)
 ( 6   3) <--> ( 6   1)       -0.886451      0.060446      0.060446   WU     4.572841      4.572841
 ( 6   3) <--> ( 6   2)        1.092407      0.091796      0.091796   WU     6.944581      6.944581
 ( 6   3) <--> ( 6   3)      -10.107391     -7.046843   (eb)
 ( 6   4) <--> ( 6   1)       -0.462366      0.016445      0.016445   WU     1.244082      1.244082
 ( 6   4) <--> ( 6   2)        4.699235      1.698678      1.698678   WU   128.508278    128.508278
 ( 6   4) <--> ( 6   3)       -0.560113      0.024133      0.024133   WU     1.825696      1.825696
 ( 6   4) <--> ( 6   4)        1.120422      0.781155   (eb)
 ( 6   1) <--> ( 7   1)       -0.537754      0.022245      0.019279   WU     1.682845      1.458465
 ( 6   1) <--> ( 7   2)        0.015478      0.000018      0.000016   WU     0.001394      0.001208
 ( 6   1) <--> ( 7   3)       -0.091152      0.000639      0.000554   WU     0.048352      0.041905
 ( 6   1) <--> ( 7   4)        0.006692      0.000003      0.000003   WU     0.000261      0.000226
 ( 6   2) <--> ( 7   1)        4.451307      1.524164      1.320942   WU   115.305996     99.931863
 ( 6   2) <--> ( 7   2)        0.285507      0.006270      0.005434   WU     0.474362      0.411114
 ( 6   2) <--> ( 7   3)        0.130971      0.001319      0.001144   WU     0.099822      0.086513
 ( 6   2) <--> ( 7   4)        0.043091      0.000143      0.000124   WU     0.010806      0.009365
 ( 6   3) <--> ( 7   1)        0.678353      0.035397      0.030677   WU     2.677859      2.320811
 ( 6   3) <--> ( 7   2)       -0.250453      0.004825      0.004182   WU     0.365030      0.316359
 ( 6   3) <--> ( 7   3)        0.452859      0.015776      0.013672   WU     1.193447      1.034321
 ( 6   3) <--> ( 7   4)       -0.293193      0.006612      0.005731   WU     0.500247      0.433547
 ( 6   4) <--> ( 7   1)       -2.070244      0.329685      0.285727   WU    24.941339     21.615827
 ( 6   4) <--> ( 7   2)       -4.231721      1.377497      1.193831   WU   104.210318     90.315609
 ( 6   4) <--> ( 7   3)       -3.424287      0.901980      0.781716   WU    68.236539     59.138334
 ( 6   4) <--> ( 7   4)       -0.376860      0.010925      0.009468   WU     0.826490      0.716292
 ( 6   1) <--> ( 8   1)       10.637682      8.704637      6.656487   WU   658.522725    503.576201
 ( 6   1) <--> ( 8   2)       -0.373052      0.010705      0.008186   WU     0.809871      0.619313
 ( 6   1) <--> ( 8   3)       -0.391770      0.011806      0.009028   WU     0.893178      0.683019
 ( 6   1) <--> ( 8   4)       -0.018248      0.000026      0.000020   WU     0.001938      0.001482
 ( 6   2) <--> ( 8   1)        0.318288      0.007793      0.005959   WU     0.589547      0.450830
 ( 6   2) <--> ( 8   2)        9.927381      7.580992      5.797229   WU   573.516771    438.571648
 ( 6   2) <--> ( 8   3)       -1.435864      0.158593      0.121277   WU    11.997852      9.174828
 ( 6   2) <--> ( 8   4)       -0.551871      0.023428      0.017915   WU     1.772357      1.355332
 ( 6   3) <--> ( 8   1)        3.099758      0.739115      0.565206   WU    55.915500     42.758912
 ( 6   3) <--> ( 8   2)       -3.379684      0.878636      0.671898   WU    66.470498     50.830381
 ( 6   3) <--> ( 8   3)      -14.321047     15.776337     12.064257   WU  1193.510576    912.684558
 ( 6   3) <--> ( 8   4)       -0.145315      0.001624      0.001242   WU     0.122885      0.093971
 ( 6   4) <--> ( 8   1)       -0.526495      0.021323      0.016306   WU     1.613115      1.233558
 ( 6   4) <--> ( 8   2)       -0.908401      0.063476      0.048541   WU     4.802104      3.672197
 ( 6   4) <--> ( 8   3)       -0.221156      0.003762      0.002877   WU     0.284626      0.217656
 ( 6   4) <--> ( 8   4)        8.920041      6.120549      4.680420   WU   463.031456    354.082878
 ( 7   1) <--> ( 7   1)       -5.694262     -3.813230   (eb)
 ( 7   2) <--> ( 7   1)       -2.903292      0.561940      0.561940   WU    42.511870     42.511870
 ( 7   2) <--> ( 7   2)       -7.118556     -4.767025   (eb)
 ( 7   3) <--> ( 7   1)       -1.916935      0.244976      0.244976   WU    18.532909     18.532909
 ( 7   3) <--> ( 7   2)        5.312512      1.881519      1.881519   WU   142.340585    142.340585
 ( 7   3) <--> ( 7   3)       -3.355712     -2.247192   (eb)
 ( 7   4) <--> ( 7   1)       -0.296277      0.005852      0.005852   WU     0.442717      0.442717
 ( 7   4) <--> ( 7   2)        3.265773      0.711018      0.711018   WU    53.789898     53.789898
 ( 7   4) <--> ( 7   3)       -1.668822      0.185665      0.185665   WU    14.045885     14.045885
 ( 7   4) <--> ( 7   4)       -6.732470     -4.508478   (eb)
 ( 7   1) <--> ( 8   1)        2.622167      0.458384      0.404456   WU    34.677630     30.597909
 ( 7   1) <--> ( 8   2)        4.049299      1.093121      0.964519   WU    82.696761     72.967730
 ( 7   1) <--> ( 8   3)       -2.062617      0.283626      0.250258   WU    21.456851     18.932516
 ( 7   1) <--> ( 8   4)       -2.707800      0.488812      0.431305   WU    36.979576     32.629037
 ( 7   2) <--> ( 8   1)       -0.022108      0.000033      0.000029   WU     0.002465      0.002175
 ( 7   2) <--> ( 8   2)       -1.791377      0.213935      0.188767   WU    16.184630     14.280555
 ( 7   2) <--> ( 8   3)       -2.216717      0.327589      0.289049   WU    24.782742     21.867125
 ( 7   2) <--> ( 8   4)       -4.423838      1.304689      1.151196   WU    98.702289     87.090255
 ( 7   3) <--> ( 8   1)        0.111160      0.000824      0.000727   WU     0.062319      0.054988
 ( 7   3) <--> ( 8   2)       -2.022005      0.272567      0.240500   WU    20.620225     18.194316
 ( 7   3) <--> ( 8   3)        2.586522      0.446006      0.393535   WU    33.741259     29.771699
 ( 7   3) <--> ( 8   4)       -0.644786      0.027717      0.024456   WU     2.096812      1.850128
 ( 7   4) <--> ( 8   1)        0.024839      0.000041      0.000036   WU     0.003112      0.002746
 ( 7   4) <--> ( 8   2)        0.135124      0.001217      0.001074   WU     0.092087      0.081253
 ( 7   4) <--> ( 8   3)       -0.718753      0.034440      0.030389   WU     2.605483      2.298956
 ( 7   4) <--> ( 8   4)       -1.061830      0.075165      0.066322   WU     5.686415      5.017425
 ( 7   1) <--> ( 9   1)       11.464498      8.762314      6.917617   WU   662.886148    523.331170
 ( 7   1) <--> ( 9   2)        0.754820      0.037984      0.029987   WU     2.873527      2.268574
 ( 7   1) <--> ( 9   3)        0.211377      0.002979      0.002352   WU     0.225342      0.177902
 ( 7   1) <--> ( 9   4)        0.089416      0.000533      0.000421   WU     0.040323      0.031834
 ( 7   2) <--> ( 9   1)        4.356869      1.265487      0.999069   WU    95.736573     75.581505
 ( 7   2) <--> ( 9   2)      -14.798355     14.599420     11.525858   WU  1104.474566    871.953605
 ( 7   2) <--> ( 9   3)        3.678374      0.902029      0.712128   WU    68.240241     53.873875
 ( 7   2) <--> ( 9   4)        0.548159      0.020032      0.015815   WU     1.515453      1.196410
 ( 7   3) <--> ( 9   1)       -3.301191      0.726524      0.573572   WU    54.962972     43.391820
 ( 7   3) <--> ( 9   2)        9.562774      6.096443      4.812981   WU   461.207744    364.111377
 ( 7   3) <--> ( 9   3)        9.472198      5.981503      4.722239   WU   452.512335    357.246580
 ( 7   3) <--> ( 9   4)        0.574212      0.021981      0.017354   WU     1.662926      1.312836
 ( 7   4) <--> ( 9   1)        1.323229      0.116729      0.092155   WU     8.830779      6.971668
 ( 7   4) <--> ( 9   2)        6.100778      2.481299      1.958920   WU   187.715119    148.196146
 ( 7   4) <--> ( 9   3)       -0.664273      0.029417      0.023224   WU     2.225469      1.756949
 ( 7   4) <--> ( 9   4)       14.216191     13.473340     10.636847   WU  1019.284403    804.698213
 ( 8   1) <--> ( 8   1)       -8.181462     -5.270465   (eb)
 ( 8   2) <--> ( 8   1)        2.842847      0.475399      0.475399   WU    35.964853     35.964853
 ( 8   2) <--> ( 8   2)       -4.964611     -3.198182   (eb)
 ( 8   3) <--> ( 8   1)        0.623687      0.022882      0.022882   WU     1.731032      1.731032
 ( 8   3) <--> ( 8   2)       -2.596235      0.396496      0.396496   WU    29.995720     29.995720
 ( 8   3) <--> ( 8   3)      -11.339068     -7.304582   (eb)
 ( 8   4) <--> ( 8   1)       -0.402580      0.009534      0.009534   WU     0.721233      0.721233
 ( 8   4) <--> ( 8   2)        5.331529      1.672071      1.672071   WU   126.495394    126.495394
 ( 8   4) <--> ( 8   3)       -0.177498      0.001853      0.001853   WU     0.140203      0.140203
 ( 8   4) <--> ( 8   4)       -1.904204     -1.226680   (eb)
 ( 8   1) <--> ( 9   1)       -0.352462      0.007308      0.006538   WU     0.552836      0.494643
 ( 8   1) <--> ( 9   2)       -0.091325      0.000491      0.000439   WU     0.037115      0.033208
 ( 8   1) <--> ( 9   3)       -0.061809      0.000225      0.000201   WU     0.017001      0.015211
 ( 8   1) <--> ( 9   4)        0.001193      0.000000      0.000000   WU     0.000006      0.000006
 ( 8   2) <--> ( 9   1)        3.996424      0.939494      0.840600   WU    71.074584     63.593049
 ( 8   2) <--> ( 9   2)        0.162501      0.001553      0.001390   WU     0.117512      0.105142
 ( 8   2) <--> ( 9   3)        0.053627      0.000169      0.000151   WU     0.012798      0.011451
 ( 8   2) <--> ( 9   4)       -0.011903      0.000008      0.000007   WU     0.000630      0.000564
 ( 8   3) <--> ( 9   1)       -1.246041      0.091330      0.081717   WU     6.909326      6.182029
 ( 8   3) <--> ( 9   2)       -0.263292      0.004078      0.003649   WU     0.308495      0.276022
 ( 8   3) <--> ( 9   3)       -0.122442      0.000882      0.000789   WU     0.066717      0.059694
 ( 8   3) <--> ( 9   4)        0.304338      0.005448      0.004875   WU     0.412178      0.368791
 ( 8   4) <--> ( 9   1)       -2.533551      0.377581      0.337836   WU    28.564753     25.557937
 ( 8   4) <--> ( 9   2)        3.399140      0.679656      0.608113   WU    51.417300     46.004953
 ( 8   4) <--> ( 9   3)       -4.150349      1.013259      0.906600   WU    76.654985     68.586039
 ( 8   4) <--> ( 9   4)       -0.630056      0.023351      0.020893   WU     1.766566      1.580612
 ( 8   1) <--> (10   1)       12.591832      9.326719      7.550201   WU   705.584466    571.187425
 ( 8   1) <--> (10   2)       -0.229323      0.003093      0.002504   WU     0.234028      0.189451
 ( 8   1) <--> (10   3)       -0.303829      0.005430      0.004396   WU     0.410799      0.332552
 ( 8   1) <--> (10   4)       -0.035410      0.000074      0.000060   WU     0.005580      0.004517
 ( 8   2) <--> (10   1)       -0.481720      0.013650      0.011050   WU     1.032669      0.835970
 ( 8   2) <--> (10   2)        8.734081      4.487304      3.632579   WU   339.473271    274.811696
 ( 8   2) <--> (10   3)        9.237248      5.019221      4.063179   WU   379.713851    307.387404
 ( 8   2) <--> (10   4)       -0.046884      0.000129      0.000105   WU     0.009782      0.007919
 ( 8   3) <--> (10   1)       -4.345882      1.110982      0.899366   WU    84.047947     68.038814
 ( 8   3) <--> (10   2)       14.805498     12.894281     10.438227   WU   975.477439    789.672212
 ( 8   3) <--> (10   3)       -9.260184      5.044177      4.083381   WU   381.601810    308.915751
 ( 8   3) <--> (10   4)       -0.728380      0.031208      0.025264   WU     2.360952      1.911247
 ( 8   4) <--> (10   1)       -0.736143      0.031877      0.025805   WU     2.411545      1.952203
 ( 8   4) <--> (10   2)       -0.288240      0.004887      0.003956   WU     0.369726      0.299302
 ( 8   4) <--> (10   3)       -2.384054      0.334336      0.270653   WU    25.293177     20.475429
 ( 8   4) <--> (10   4)       11.264714      7.464340      6.042561   WU   564.691889    457.131529
 ( 9   1) <--> ( 9   1)       -7.824654     -4.858188   (eb)
 ( 9   2) <--> ( 9   1)        2.840025      0.424513      0.424513   WU    32.115218     32.115218
 ( 9   2) <--> ( 9   2)      -13.609202     -8.449711   (eb)
 ( 9   3) <--> ( 9   1)       -3.204489      0.540461      0.540461   WU    40.886892     40.886892
 ( 9   3) <--> ( 9   2)       -1.639593      0.141488      0.141488   WU    10.703813     10.703813
 ( 9   3) <--> ( 9   3)       -2.924599     -1.815831   (eb)
 ( 9   4) <--> ( 9   1)       -0.385239      0.007811      0.007811   WU     0.590919      0.590919
 ( 9   4) <--> ( 9   2)       -4.621215      1.123981      1.123981   WU    85.031313     85.031313
 ( 9   4) <--> ( 9   3)        0.830134      0.036270      0.036270   WU     2.743865      2.743865
 ( 9   4) <--> ( 9   4)       -9.014506     -5.596946   (eb)
 ( 9   1) <--> (10   1)        3.108906      0.508700      0.460252   WU    38.484126     34.818971
 ( 9   1) <--> (10   2)        0.362611      0.006920      0.006261   WU     0.523537      0.473677
 ( 9   1) <--> (10   3)        4.612840      1.119910      1.013252   WU    84.723380     76.654487
 ( 9   1) <--> (10   4)       -2.401472      0.303530      0.274622   WU    22.962624     20.775707
 ( 9   2) <--> (10   1)        0.350861      0.006479      0.005862   WU     0.490159      0.443477
 ( 9   2) <--> (10   2)        3.710761      0.724724      0.655702   WU    54.826756     49.605160
 ( 9   2) <--> (10   3)       -1.821744      0.174671      0.158036   WU    13.214215     11.955718
 ( 9   2) <--> (10   4)        6.173976      2.006209      1.815142   WU   151.773636    137.319004
 ( 9   3) <--> (10   1)        0.105052      0.000581      0.000526   WU     0.043942      0.039757
 ( 9   3) <--> (10   2)       -0.679143      0.024276      0.021964   WU     1.836490      1.661586
 ( 9   3) <--> (10   3)       -3.441371      0.623318      0.563954   WU    47.155192     42.664222
 ( 9   3) <--> (10   4)       -0.502190      0.013273      0.012009   WU     1.004161      0.908527
 ( 9   4) <--> (10   1)        0.003384      0.000001      0.000001   WU     0.000046      0.000041
 ( 9   4) <--> (10   2)       -0.602036      0.019076      0.017259   WU     1.443152      1.305709
 ( 9   4) <--> (10   3)        0.186117      0.001823      0.001650   WU     0.137924      0.124789
 ( 9   4) <--> (10   4)       -1.744175      0.160113      0.144864   WU    12.112853     10.959248
 (10   1) <--> (10   1)       -9.326671     -5.592210   (eb)
 (10   2) <--> (10   1)        2.721394      0.352666      0.352666   WU    26.679873     26.679873
 (10   2) <--> (10   2)      -13.536190     -8.116210   (eb)
 (10   3) <--> (10   1)        2.035702      0.197337      0.197337   WU    14.928942     14.928942
 (10   3) <--> (10   2)        2.677990      0.341506      0.341506   WU    25.835615     25.835615
 (10   3) <--> (10   3)       -7.037980     -4.219926   (eb)
 (10   4) <--> (10   1)       -0.038881      0.000072      0.000072   WU     0.005446      0.005446
 (10   4) <--> (10   2)        4.438429      0.938079      0.938079   WU    70.967469     70.967469
 (10   4) <--> (10   3)        3.381970      0.544653      0.544653   WU    41.204093     41.204093
 (10   4) <--> (10   4)      -12.532007     -7.514109   (eb)
 
  quadrupole shape invariant: 01+, 02+, 03+, 04+
quadr2    17.31750213    15.90658123    31.10515642    48.37865480
quadr3    63.92985627    33.11763858   163.69839703   353.52253770
  effective deformation parameters:  01+, 02+, 03+, 04+
beteff     0.26730116     0.25618083     0.35824027     0.44677113
cos3ga     0.88710669     0.52202835     0.94361719     1.05059765
 
 ********* END Transition **************************
