 ********* BEGIN READER ****************************
 
 Nucleus            :  Fm 100 250
 Imin, Imax         :     0  10
 imu, remu          :     1 12.0000
 nlevel             :     4
 observables        :     2
 wave fun           :     1
 nbet, ngam, npar   :    10   7  10
 Finish reading parameters: V, B_k ...
 
 ********* END READER ******************************
 
 ********* BEGIN LEVELS ********************
 
 E_0 = -2144.827753
 
  I=   0   ntot= 127
   0   1    0.000000
   0   2    1.793049
   0   3    3.206390
   0   4    3.471353
 
  I=   2   ntot= 234
   2   1    1.044141
   2   2    2.190638
   2   3    2.846194
   2   4    3.690010
 
  I=   3   ntot= 108
   3   1    3.398521
   3   2    4.016659
   3   3    4.383853
   3   4    4.638320
 
  I=   4   ntot= 324
   4   1    2.173041
   4   2    3.344201
   4   3    3.794927
   4   4    3.867786
 
  I=   5   ntot= 198
   5   1    4.189423
   5   2    4.411406
   5   3    4.505361
   5   4    4.671626
 
  I=   6   ntot= 432
   6   1    3.337635
   6   2    3.998593
   6   3    4.224627
   6   4    4.372259
 
  I=   7   ntot= 306
   7   1    4.401432
   7   2    4.669856
   7   3    4.914667
   7   4    4.944604
 
  I=   8   ntot= 522
   8   1    4.182722
   8   2    4.417231
   8   3    4.489907
   8   4    4.711853
 
  I=   9   ntot= 397
   9   1    4.646522
   9   2    4.941355
   9   3    5.215465
   9   4    5.266193
 
  I=  10   ntot= 630
  10   1    4.404291
  10   2    4.695030
  10   3    4.975838
  10   4    5.073830
 
 ********* END LEVELS **********************
 
 ********* BEGIN Transition ************************
 
  Monopole moment 
 
   I   n    <In|E0|In>   ave \beta      del<b>   ave \gamma    del<g>  
     K=0       K=2       K=4   
   0   1     42.943922    0.094093    0.029517   30.283308   11.125684  100.0000    0.0000    0.0000
   0   2     43.083795    0.129599    0.045472   35.201729   10.369648  100.0000    0.0000    0.0000
   0   3     43.288524    0.167369    0.064656   37.055056   10.019113  100.0000    0.0000    0.0000
   0   4     43.295210    0.180027    0.084273   26.242714   12.052680  100.0000    0.0000    0.0000
   2   1     42.999383    0.111735    0.030623   32.397782   10.784128   59.1038   40.8962    0.0000
   2   2     43.057657    0.127073    0.035892   31.641366   11.182191   44.8546   55.1454    0.0000
   2   3     43.185880    0.153022    0.051379   33.511517   10.648182   59.7804   40.2196    0.0000
   2   4     43.551856    0.212156    0.089321   32.518254   10.617051   35.8638   64.1362    0.0000
   3   1     43.144247    0.148796    0.040553   29.891564    8.493478    0.0000  100.0000    0.0000
   3   2     45.662662    0.438306    0.078426   19.403022    9.806862    0.0000   99.9998    0.0000
   3   3     45.356855    0.419028    0.141290   16.692399   12.720212    0.0000   99.9998    0.0000
   3   4     44.992509    0.385782    0.160787   18.402245   13.543155    0.0000   99.9998    0.0000
   4   1     43.071608    0.129460    0.033030   34.248591   10.525232   41.8236   36.1255   22.0509
   4   2     43.184610    0.151793    0.047863   35.056143   11.252809   47.8690   14.1966   37.9344
   4   3     43.846233    0.261302    0.144641   21.990647   14.572584   55.5666   25.9880   18.4454
   4   4     45.945728    0.474211    0.113657   11.880876   10.776823   90.8690    5.1024    4.0283
   5   1     45.879266    0.457636    0.077007   17.903588    9.630449    0.0000   94.5445    5.4553
   5   2     45.363258    0.411245    0.104079   21.226116   10.447498    0.0000   21.8980   78.1019
   5   3     44.031234    0.284145    0.152533   22.471551   10.160517    0.0000   48.4849   51.5151
   5   4     45.991053    0.471300    0.124135   15.745249   12.337790    0.0000   90.0320    9.9676
   6   1     43.175706    0.150517    0.038769   35.556815   10.095316   31.5095   35.4939   18.4765
   6   2     46.405830    0.508394    0.077669   11.672212   10.511653   94.4708    5.2337    0.2462
   6   3     45.561562    0.431651    0.111013   18.414718   13.196596   28.3325   58.5471    9.8432
   6   4     44.544497    0.337915    0.156353   20.072766   13.155047   19.7082   45.4135   14.9167
   7   1     46.117315    0.477841    0.073516   16.586992    9.374296    0.0000   91.5423    8.0841
   7   2     45.943469    0.458736    0.081422   19.666976   10.591020    0.0000   20.1558   69.5794
   7   3     46.280776    0.492314    0.104263   15.819526   11.529670    0.0000   75.7520   23.5499
   7   4     45.857982    0.446560    0.073903   22.532789    9.446213    0.0000    3.4937   14.2470
   8   1     46.543650    0.519302    0.075526   11.103937   10.189326   92.4085    7.1510    0.3754
   8   2     44.752893    0.361335    0.152972   18.984527   14.186308   30.7166   43.7156   14.5283
   8   3     44.819528    0.370668    0.161738   17.214802   12.509532   24.3443   52.0381   12.3213
   8   4     46.291658    0.496138    0.103548   14.135958   11.617926   42.8489   53.3339    2.2783
   9   1     46.304119    0.493426    0.072701   15.587025    9.146624    0.0000   88.5336   10.6773
   9   2     46.145197    0.475984    0.083406   18.476820   10.950789    0.0000   27.0642   57.8774
   9   3     46.466062    0.506568    0.097962   15.392765   10.781842    0.0000   67.6974   30.0383
   9   4     46.065843    0.464822    0.080597   20.975153   10.408137    0.0000    5.8084   22.8500
  10   1     46.686589    0.530300    0.072774   10.617780    9.834436   90.6986    8.7913    0.4708
  10   2     46.198488    0.484835    0.090976   16.062736   12.544355   34.3601   54.3232    9.9679
  10   3     46.442620    0.507165    0.098947   14.055714   11.272474   26.3872   66.7986    4.2461
  10   4     46.177469    0.482195    0.099000   16.631403   13.062263   41.1525    4.4842   39.5921
 
  rho^2(E0) 
 
   I  n_1 n_2  <In_1|E0|In_2>  rho^2(E0) 
   0   1   1       42.943922 3605.683385
   0   2   1       -0.080801    0.012765
   0   2   2       43.083795 3629.209912
   0   3   1       -0.001148    0.000003
   0   3   2        0.154323    0.046564
   0   3   3       43.288524 3663.782959
   0   4   1       -0.008353    0.000136
   0   4   2        0.075114    0.011031
   0   4   3        0.169589    0.056231
   0   4   4       43.295210 3664.914720
   2   1   1       42.999383 3615.002740
   2   2   1       -0.048159    0.004535
   2   2   2       43.057657 3624.807608
   2   3   1        0.099934    0.019526
   2   3   2       -0.050881    0.005062
   2   3   3       43.185880 3646.428627
   2   4   1        0.000755    0.000001
   2   4   2       -0.131854    0.033992
   2   4   3        0.120171    0.028235
   2   4   4       43.551856 3708.493418
   3   1   1       43.144247 3639.401443
   3   2   1       -0.080812    0.012768
   3   2   2       45.662662 4076.680102
   3   3   1       -0.116163    0.026383
   3   3   2       -0.801144    1.254891
   3   3   3       45.356855 4022.259092
   3   4   1       -0.113531    0.025201
   3   4   2       -0.004310    0.000036
   3   4   3       -1.196424    2.798687
   3   4   4       44.992509 3957.898017
   4   1   1       43.071608 3627.156963
   4   2   1       -0.095018    0.017652
   4   2   2       43.184610 3646.214210
   4   3   1       -0.098021    0.018785
   4   3   2        0.122817    0.029492
   4   3   3       43.846233 3758.795957
   4   4   1       -0.043004    0.003616
   4   4   2        0.037948    0.002816
   4   4   3       -0.974317    1.856027
   4   4   4       45.945728 4127.380021
   5   1   1       45.879266 4115.447907
   5   2   1       -0.386014    0.291334
   5   2   2       45.363258 4023.394866
   5   3   1       -0.369360    0.266737
   5   3   2       -0.817120    1.305436
   5   3   3       44.031234 3790.582024
   5   4   1        0.592580    0.686560
   5   4   2       -0.412693    0.332996
   5   4   3       -0.659800    0.851156
   5   4   4       45.991053 4135.527264
   6   1   1       43.175706 3644.710723
   6   2   1       -0.030140    0.001776
   6   2   2       46.405830 4210.457218
   6   3   1       -0.098494    0.018967
   6   3   2       -0.484373    0.458716
   6   3   3       45.561562 4058.647957
   6   4   1       -0.146051    0.041705
   6   4   2       -0.089257    0.015576
   6   4   3       -0.848358    1.407158
   6   4   4       44.544497 3879.469094
   7   1   1       46.117315 4158.265499
   7   2   1        0.344043    0.231424
   7   2   2       45.943469 4126.974185
   7   3   1        0.683880    0.914417
   7   3   2        0.044431    0.003860
   7   3   3       46.280776 4187.795271
   7   4   1        0.067869    0.009006
   7   4   2        0.274602    0.147432
   7   4   3        0.043634    0.003723
   7   4   4       45.857982 4111.630354
   8   1   1       46.543650 4235.503550
   8   2   1       -0.470741    0.433259
   8   2   2       44.752893 3915.853255
   8   3   1        0.177293    0.061456
   8   3   2       -1.321967    3.416844
   8   3   3       44.819528 3927.523050
   8   4   1       -0.518263    0.525150
   8   4   2        0.087579    0.014996
   8   4   3        0.478523    0.447704
   8   4   4       46.291658 4189.764904
   9   1   1       46.304119 4192.020777
   9   2   1       -0.400995    0.314386
   9   2   2       46.145197 4163.294956
   9   3   1        0.671143    0.880673
   9   3   2       -0.043793    0.003750
   9   3   3       46.466062 4221.394153
   9   4   1       -0.077165    0.011642
   9   4   2        0.366775    0.263016
   9   4   3        0.017739    0.000615
   9   4   4       46.065843 4148.988412
  10   1   1       46.686589 4261.558593
  10   2   1       -0.481684    0.453637
  10   2   2       46.198488 4172.916643
  10   3   1        0.454239    0.403415
  10   3   2        0.412105    0.332047
  10   3   3       46.442620 4217.135967
  10   4   1       -0.430183    0.361818
  10   4   2        0.414042    0.335175
  10   4   3       -0.198308    0.076889
  10   4   4       46.177469 4169.120316
 
  E2 transition 
 
  I1  n1        I2  n2       <f||E2||i>   B(E2,I1->I2)  B(E2,I2->I1)
 ( 0   1) <--> ( 2   1)        1.459807      2.131035      0.426207   WU   145.449881     29.089976
 ( 0   1) <--> ( 2   2)        0.464884      0.216117      0.043223   WU    14.750692      2.950138
 ( 0   1) <--> ( 2   3)        0.138945      0.019306      0.003861   WU     1.317682      0.263536
 ( 0   1) <--> ( 2   4)        0.028390      0.000806      0.000161   WU     0.055010      0.011002
 ( 0   2) <--> ( 2   1)       -0.876355      0.767997      0.153599   WU    52.418234     10.483647
 ( 0   2) <--> ( 2   2)        0.439825      0.193446      0.038689   WU    13.203303      2.640661
 ( 0   2) <--> ( 2   3)       -1.686368      2.843837      0.568767   WU   194.100812     38.820162
 ( 0   2) <--> ( 2   4)        0.473583      0.224281      0.044856   WU    15.307863      3.061573
 ( 0   3) <--> ( 2   1)        0.113656      0.012918      0.002584   WU     0.881666      0.176333
 ( 0   3) <--> ( 2   2)        0.892164      0.795957      0.159191   WU    54.326555     10.865311
 ( 0   3) <--> ( 2   3)       -0.945342      0.893671      0.178734   WU    60.995864     12.199173
 ( 0   3) <--> ( 2   4)       -0.965451      0.932095      0.186419   WU    63.618431     12.723686
 ( 0   4) <--> ( 2   1)       -0.155980      0.024330      0.004866   WU     1.660575      0.332115
 ( 0   4) <--> ( 2   2)       -0.689933      0.476007      0.095201   WU    32.488969      6.497794
 ( 0   4) <--> ( 2   3)       -1.233244      1.520890      0.304178   WU   103.805567     20.761113
 ( 0   4) <--> ( 2   4)       -0.346811      0.120278      0.024056   WU     8.209339      1.641868
 ( 2   1) <--> ( 2   1)        0.311763      0.236295   (eb)
 ( 2   2) <--> ( 2   1)       -2.057538      0.846693      0.846693   WU    57.789442     57.789442
 ( 2   2) <--> ( 2   2)        0.135161      0.102443   (eb)
 ( 2   3) <--> ( 2   1)       -0.506864      0.051382      0.051382   WU     3.507000      3.507000
 ( 2   3) <--> ( 2   2)       -1.086800      0.236227      0.236227   WU    16.123226     16.123226
 ( 2   3) <--> ( 2   3)       -0.005652     -0.004284   (eb)
 ( 2   4) <--> ( 2   1)        0.079629      0.001268      0.001268   WU     0.086557      0.086557
 ( 2   4) <--> ( 2   2)       -0.394342      0.031101      0.031101   WU     2.122749      2.122749
 ( 2   4) <--> ( 2   3)        2.311614      1.068712      1.068712   WU    72.942960     72.942960
 ( 2   4) <--> ( 2   4)        1.672448      1.267604   (eb)
 ( 2   1) <--> ( 3   1)        0.831757      0.138364      0.098831   WU     9.443785      6.745561
 ( 2   1) <--> ( 3   2)        0.047561      0.000452      0.000323   WU     0.030878      0.022056
 ( 2   1) <--> ( 3   3)        0.100026      0.002001      0.001429   WU     0.136577      0.097555
 ( 2   1) <--> ( 3   4)        0.119901      0.002875      0.002054   WU     0.196245      0.140175
 ( 2   2) <--> ( 3   1)       -2.513495      1.263532      0.902523   WU    86.240018     61.600013
 ( 2   2) <--> ( 3   2)       -0.055509      0.000616      0.000440   WU     0.042062      0.030044
 ( 2   2) <--> ( 3   3)       -0.047704      0.000455      0.000325   WU     0.031064      0.022189
 ( 2   2) <--> ( 3   4)       -0.011687      0.000027      0.000020   WU     0.001865      0.001332
 ( 2   3) <--> ( 3   1)       -0.442903      0.039233      0.028023   WU     2.677745      1.912675
 ( 2   3) <--> ( 3   2)       -0.198237      0.007860      0.005614   WU     0.536442      0.383173
 ( 2   3) <--> ( 3   3)       -0.478191      0.045733      0.032667   WU     3.121437      2.229598
 ( 2   3) <--> ( 3   4)       -0.605771      0.073392      0.052423   WU     5.009222      3.578015
 ( 2   4) <--> ( 3   1)        1.517568      0.460602      0.329002   WU    31.437570     22.455407
 ( 2   4) <--> ( 3   2)       -2.577940      1.329155      0.949396   WU    90.718999     64.799285
 ( 2   4) <--> ( 3   3)       -2.109626      0.890104      0.635789   WU    60.752433     43.394595
 ( 2   4) <--> ( 3   4)       -1.718668      0.590764      0.421974   WU    40.321513     28.801080
 ( 2   1) <--> ( 4   1)        2.729104      1.489602      0.827557   WU   101.670033     56.483352
 ( 2   1) <--> ( 4   2)        0.589592      0.069524      0.038624   WU     4.745215      2.636230
 ( 2   1) <--> ( 4   3)       -0.205532      0.008449      0.004694   WU     0.576650      0.320361
 ( 2   1) <--> ( 4   4)       -0.092768      0.001721      0.000956   WU     0.117475      0.065264
 ( 2   2) <--> ( 4   1)       -0.397731      0.031638      0.017577   WU     2.159389      1.199660
 ( 2   2) <--> ( 4   2)        2.420943      1.172193      0.651218   WU    80.005840     44.447689
 ( 2   2) <--> ( 4   3)       -0.336466      0.022642      0.012579   WU     1.545376      0.858542
 ( 2   2) <--> ( 4   4)       -0.138185      0.003819      0.002122   WU     0.260662      0.144812
 ( 2   3) <--> ( 4   1)        1.486876      0.442160      0.245644   WU    30.178819     16.766010
 ( 2   3) <--> ( 4   2)       -0.773633      0.119702      0.066501   WU     8.170007      4.538893
 ( 2   3) <--> ( 4   3)       -2.957337      1.749169      0.971761   WU   119.386301     66.325723
 ( 2   3) <--> ( 4   4)       -1.182832      0.279818      0.155455   WU    19.098472     10.610262
 ( 2   4) <--> ( 4   1)       -0.095611      0.001828      0.001016   WU     0.124787      0.069326
 ( 2   4) <--> ( 4   2)       -1.511274      0.456790      0.253772   WU    31.177340     17.320744
 ( 2   4) <--> ( 4   3)       -1.429095      0.408462      0.226923   WU    27.878840     15.488244
 ( 2   4) <--> ( 4   4)        0.289372      0.016747      0.009304   WU     1.143054      0.635030
 ( 3   1) <--> ( 3   1)        0.000000      0.000000   (eb)
 ( 3   2) <--> ( 3   1)        0.000000      0.000000      0.000000   WU     0.000000      0.000000
 ( 3   2) <--> ( 3   2)        0.000000      0.000000   (eb)
 ( 3   3) <--> ( 3   1)        0.000000      0.000000      0.000000   WU     0.000000      0.000000
 ( 3   3) <--> ( 3   2)        0.000000      0.000000      0.000000   WU     0.000000      0.000000
 ( 3   3) <--> ( 3   3)        0.000000      0.000000   (eb)
 ( 3   4) <--> ( 3   1)        0.000000      0.000000      0.000000   WU     0.000000      0.000000
 ( 3   4) <--> ( 3   2)        0.000000      0.000000      0.000000   WU     0.000000      0.000000
 ( 3   4) <--> ( 3   3)        0.000000      0.000000      0.000000   WU     0.000000      0.000000
 ( 3   4) <--> ( 3   4)        0.000000      0.000000   (eb)
 ( 3   1) <--> ( 4   1)        1.716796      0.421055      0.327487   WU    28.738352     22.352051
 ( 3   1) <--> ( 4   2)        0.030676      0.000134      0.000105   WU     0.009175      0.007136
 ( 3   1) <--> ( 4   3)       -1.015932      0.147445      0.114680   WU    10.063615      7.827256
 ( 3   1) <--> ( 4   4)       -0.378423      0.020458      0.015912   WU     1.396304      1.086014
 ( 3   2) <--> ( 4   1)        0.051854      0.000384      0.000299   WU     0.026217      0.020391
 ( 3   2) <--> ( 4   2)        0.252147      0.009083      0.007064   WU     0.619917      0.482157
 ( 3   2) <--> ( 4   3)        2.459266      0.863999      0.671999   WU    58.970641     45.866054
 ( 3   2) <--> ( 4   4)       -1.787766      0.456587      0.355123   WU    31.163479     24.238262
 ( 3   3) <--> ( 4   1)        0.073341      0.000768      0.000598   WU     0.052446      0.040792
 ( 3   3) <--> ( 4   2)        0.465711      0.030984      0.024098   WU     2.114740      1.644798
 ( 3   3) <--> ( 4   3)        1.170578      0.195750      0.152250   WU    13.360573     10.391557
 ( 3   3) <--> ( 4   4)        1.184060      0.200286      0.155778   WU    13.670121     10.632316
 ( 3   4) <--> ( 4   1)        0.065156      0.000606      0.000472   WU     0.041394      0.032196
 ( 3   4) <--> ( 4   2)        0.517747      0.038295      0.029785   WU     2.613723      2.032895
 ( 3   4) <--> ( 4   3)        1.033254      0.152516      0.118624   WU    10.409718      8.096447
 ( 3   4) <--> ( 4   4)        0.523484      0.039148      0.030448   WU     2.671965      2.078195
 ( 3   1) <--> ( 5   1)        0.579095      0.047907      0.030486   WU     3.269825      2.080798
 ( 3   1) <--> ( 5   2)        1.285030      0.235900      0.150118   WU    16.100950     10.246059
 ( 3   1) <--> ( 5   3)        2.811074      1.128877      0.718376   WU    77.049388     49.031428
 ( 3   1) <--> ( 5   4)        0.765820      0.083783      0.053316   WU     5.718449      3.639013
 ( 3   2) <--> ( 5   1)      -10.472857     15.668677      9.970976   WU  1069.436644    680.550591
 ( 3   2) <--> ( 5   2)        0.267999      0.010260      0.006529   WU     0.700311      0.445652
 ( 3   2) <--> ( 5   3)        1.067953      0.162932      0.103684   WU    11.120622      7.076760
 ( 3   2) <--> ( 5   4)       -0.206127      0.006070      0.003863   WU     0.414282      0.263634
 ( 3   3) <--> ( 5   1)        3.387139      1.638959      1.042974   WU   111.864115     71.186255
 ( 3   3) <--> ( 5   2)       -4.345217      2.697273      1.716446   WU   184.097390    117.152885
 ( 3   3) <--> ( 5   3)       -2.466998      0.869440      0.553280   WU    59.342036     37.763114
 ( 3   3) <--> ( 5   4)        7.995134      9.131738      5.811106   WU   623.269944    396.626328
 ( 3   4) <--> ( 5   1)       -0.629207      0.056557      0.035991   WU     3.860212      2.456499
 ( 3   4) <--> ( 5   2)        1.825470      0.476048      0.302940   WU    32.491809     20.676605
 ( 3   4) <--> ( 5   3)       -1.211830      0.209790      0.133503   WU    14.318840      9.111989
 ( 3   4) <--> ( 5   4)       -6.751632      6.512076      4.144048   WU   444.469728    282.844372
 ( 4   1) <--> ( 4   1)        0.538231      0.405877   (eb)
 ( 4   2) <--> ( 4   1)       -2.215990      0.545623      0.545623   WU    37.240524     37.240524
 ( 4   2) <--> ( 4   2)        0.832902      0.628088   (eb)
 ( 4   3) <--> ( 4   1)        0.909814      0.091974      0.091974   WU     6.277484      6.277484
 ( 4   3) <--> ( 4   2)        0.996593      0.110355      0.110355   WU     7.532098      7.532098
 ( 4   3) <--> ( 4   3)       -1.505462     -1.135262   (eb)
 ( 4   4) <--> ( 4   1)        0.388604      0.016779      0.016779   WU     1.145234      1.145234
 ( 4   4) <--> ( 4   2)        0.488522      0.026517      0.026517   WU     1.809878      1.809878
 ( 4   4) <--> ( 4   3)        3.878845      1.671716      1.671716   WU   114.099864    114.099864
 ( 4   4) <--> ( 4   4)      -10.564093     -7.966335   (eb)
 ( 4   1) <--> ( 5   1)        0.106038      0.001249      0.001022   WU     0.085271      0.069768
 ( 4   1) <--> ( 5   2)        0.394876      0.017325      0.014175   WU     1.182500      0.967500
 ( 4   1) <--> ( 5   3)        0.901750      0.090350      0.073923   WU     6.166693      5.045476
 ( 4   1) <--> ( 5   4)        0.335855      0.012533      0.010254   WU     0.855431      0.699898
 ( 4   2) <--> ( 5   1)       -0.399812      0.017761      0.014532   WU     1.212252      0.991842
 ( 4   2) <--> ( 5   2)       -1.039825      0.120137      0.098294   WU     8.199750      6.708886
 ( 4   2) <--> ( 5   3)       -1.840900      0.376546      0.308083   WU    25.700434     21.027628
 ( 4   2) <--> ( 5   4)       -0.538387      0.032207      0.026351   WU     2.198210      1.798536
 ( 4   3) <--> ( 5   1)       -0.531943      0.031440      0.025724   WU     2.145905      1.755741
 ( 4   3) <--> ( 5   2)       -0.080230      0.000715      0.000585   WU     0.048815      0.039940
 ( 4   3) <--> ( 5   3)        0.294726      0.009652      0.007897   WU     0.658747      0.538975
 ( 4   3) <--> ( 5   4)        0.538240      0.032189      0.026337   WU     2.197010      1.797554
 ( 4   4) <--> ( 5   1)       -1.310835      0.190921      0.156208   WU    13.030949     10.661685
 ( 4   4) <--> ( 5   2)        0.004070      0.000002      0.000002   WU     0.000126      0.000103
 ( 4   4) <--> ( 5   3)        0.278250      0.008603      0.007038   WU     0.587154      0.480399
 ( 4   4) <--> ( 5   4)       -0.014970      0.000025      0.000020   WU     0.001699      0.001390
 ( 4   1) <--> ( 6   1)        4.043452      1.816611      1.257654   WU   123.989463     85.838859
 ( 4   1) <--> ( 6   2)        0.040157      0.000179      0.000124   WU     0.012229      0.008466
 ( 4   1) <--> ( 6   3)        0.215426      0.005156      0.003570   WU     0.351945      0.243654
 ( 4   1) <--> ( 6   4)        0.522648      0.030351      0.021012   WU     2.071567      1.434162
 ( 4   2) <--> ( 6   1)       -0.975046      0.105635      0.073132   WU     7.209922      4.991484
 ( 4   2) <--> ( 6   2)        0.213588      0.005069      0.003509   WU     0.345966      0.239515
 ( 4   2) <--> ( 6   3)        1.326734      0.195580      0.135402   WU    13.348970      9.241595
 ( 4   2) <--> ( 6   4)        2.877554      0.920035      0.636948   WU    62.795321     43.473684
 ( 4   3) <--> ( 6   1)       -1.984030      0.437375      0.302798   WU    29.852226     20.666926
 ( 4   3) <--> ( 6   2)        6.836420      5.192961      3.595127   WU   354.435936    245.378725
 ( 4   3) <--> ( 6   3)        2.877193      0.919804      0.636788   WU    62.779553     43.462767
 ( 4   3) <--> ( 6   4)        1.499117      0.249706      0.172873   WU    17.043211     11.799146
 ( 4   4) <--> ( 6   1)       -0.755106      0.063354      0.043860   WU     4.324100      2.993607
 ( 4   4) <--> ( 6   2)      -15.687265     27.343365     18.930022   WU  1866.270933   1292.033723
 ( 4   4) <--> ( 6   3)        3.161604      1.110637      0.768903   WU    75.804507     52.480043
 ( 4   4) <--> ( 6   4)        1.130875      0.142097      0.098375   WU     9.698601      6.714416
 ( 5   1) <--> ( 5   1)       -5.959714     -4.327509   (eb)
 ( 5   2) <--> ( 5   1)        4.681400      1.992319      1.992319   WU   135.982053    135.982053
 ( 5   2) <--> ( 5   2)        3.383518      2.456864   (eb)
 ( 5   3) <--> ( 5   1)       -1.210935      0.133306      0.133306   WU     9.098546      9.098546
 ( 5   3) <--> ( 5   2)       -2.598075      0.613636      0.613636   WU    41.882590     41.882590
 ( 5   3) <--> ( 5   3)        1.755937      1.275033   (eb)
 ( 5   4) <--> ( 5   1)       -0.438517      0.017482      0.017482   WU     1.193174      1.193174
 ( 5   4) <--> ( 5   2)        2.304009      0.482587      0.482587   WU    32.938087     32.938087
 ( 5   4) <--> ( 5   3)        0.598021      0.032512      0.032512   WU     2.219030      2.219030
 ( 5   4) <--> ( 5   4)       -6.050106     -4.393145   (eb)
 ( 5   1) <--> ( 6   1)        0.352348      0.011286      0.009550   WU     0.770326      0.651815
 ( 5   1) <--> ( 6   2)       -3.772538      1.293822      1.094773   WU    88.307455     74.721693
 ( 5   1) <--> ( 6   3)       -7.408605      4.989766      4.222109   WU   340.567252    288.172290
 ( 5   1) <--> ( 6   4)        5.078123      2.344303      1.983641   WU   160.006107    135.389783
 ( 5   2) <--> ( 6   1)        0.989026      0.088925      0.075244   WU     6.069395      5.135642
 ( 5   2) <--> ( 6   2)        0.373097      0.012655      0.010708   WU     0.863723      0.730842
 ( 5   2) <--> ( 6   3)       -2.006736      0.366090      0.309769   WU    24.986802     21.142679
 ( 5   2) <--> ( 6   4)       -3.109498      0.878998      0.743768   WU    59.994398     50.764491
 ( 5   3) <--> ( 6   1)        1.994911      0.361788      0.306128   WU    24.693175     20.894225
 ( 5   3) <--> ( 6   2)        0.355412      0.011483      0.009717   WU     0.783781      0.663200
 ( 5   3) <--> ( 6   3)        1.434872      0.187169      0.158374   WU    12.774873     10.809508
 ( 5   3) <--> ( 6   4)       -0.803019      0.058622      0.049603   WU     4.001120      3.385563
 ( 5   4) <--> ( 6   1)        0.630894      0.036184      0.030617   WU     2.469692      2.089740
 ( 5   4) <--> ( 6   2)       -0.341945      0.010630      0.008994   WU     0.725509      0.613892
 ( 5   4) <--> ( 6   3)       -0.017627      0.000028      0.000024   WU     0.001928      0.001631
 ( 5   4) <--> ( 6   4)        2.369699      0.510498      0.431960   WU    34.843083     29.482609
 ( 5   1) <--> ( 7   1)       15.166127     20.910128     15.334094   WU  1427.182202   1046.600281
 ( 5   1) <--> ( 7   2)        0.257321      0.006019      0.004414   WU     0.410847      0.301288
 ( 5   1) <--> ( 7   3)        0.480523      0.020991      0.015394   WU     1.432712      1.050655
 ( 5   1) <--> ( 7   4)        0.101072      0.000929      0.000681   WU     0.063385      0.046483
 ( 5   2) <--> ( 7   1)       -2.182147      0.432888      0.317451   WU    29.545944     21.667026
 ( 5   2) <--> ( 7   2)       -9.964790      9.027004      6.619803   WU   616.121509    451.822440
 ( 5   2) <--> ( 7   3)       -0.950028      0.082050      0.060170   WU     5.600194      4.106809
 ( 5   2) <--> ( 7   4)        0.549891      0.027489      0.020159   WU     1.876221      1.375895
 ( 5   3) <--> ( 7   1)       -2.050065      0.382070      0.280184   WU    26.077458     19.123469
 ( 5   3) <--> ( 7   2)        3.057913      0.850076      0.623389   WU    58.020350     42.548256
 ( 5   3) <--> ( 7   3)       -4.438914      1.791268      1.313597   WU   122.259724     89.657131
 ( 5   3) <--> ( 7   4)        0.014021      0.000018      0.000013   WU     0.001220      0.000895
 ( 5   4) <--> ( 7   1)        3.738192      1.270371      0.931605   WU    86.706809     63.584993
 ( 5   4) <--> ( 7   2)        4.891123      2.174826      1.594872   WU   148.438723    108.855064
 ( 5   4) <--> ( 7   3)       13.493623     16.552534     12.138525   WU  1129.762667    828.492623
 ( 5   4) <--> ( 7   4)        2.032641      0.375603      0.275442   WU    25.636060     18.799778
 ( 6   1) <--> ( 6   1)        0.802725      0.559658   (eb)
 ( 6   2) <--> ( 6   1)        0.063124      0.000307      0.000307   WU     0.020921      0.020921
 ( 6   2) <--> ( 6   2)      -13.910510     -9.698367   (eb)
 ( 6   3) <--> ( 6   1)       -0.375694      0.010857      0.010857   WU     0.741051      0.741051
 ( 6   3) <--> ( 6   2)        4.766450      1.747619      1.747619   WU   119.280492    119.280492
 ( 6   3) <--> ( 6   3)       -5.776259     -4.027191   (eb)
 ( 6   4) <--> ( 6   1)       -1.534179      0.181054      0.181054   WU    12.357525     12.357525
 ( 6   4) <--> ( 6   2)       -0.973048      0.072833      0.072833   WU     4.971051      4.971051
 ( 6   4) <--> ( 6   3)        5.046406      1.958939      1.958939   WU   133.703779    133.703779
 ( 6   4) <--> ( 6   4)       -1.153064     -0.803913   (eb)
 ( 6   1) <--> ( 7   1)        0.088082      0.000597      0.000517   WU     0.040733      0.035302
 ( 6   1) <--> ( 7   2)       -0.135389      0.001410      0.001222   WU     0.096237      0.083406
 ( 6   1) <--> ( 7   3)       -0.161374      0.002003      0.001736   WU     0.136725      0.118495
 ( 6   1) <--> ( 7   4)        0.092621      0.000660      0.000572   WU     0.045040      0.039034
 ( 6   2) <--> ( 7   1)        0.436074      0.014628      0.012677   WU     0.998389      0.865271
 ( 6   2) <--> ( 7   2)        0.061415      0.000290      0.000251   WU     0.019803      0.017162
 ( 6   2) <--> ( 7   3)        0.264364      0.005376      0.004659   WU     0.366932      0.318008
 ( 6   2) <--> ( 7   4)        0.039004      0.000117      0.000101   WU     0.007987      0.006922
 ( 6   3) <--> ( 7   1)       -6.538835      3.288951      2.850424   WU   224.481254    194.550420
 ( 6   3) <--> ( 7   2)       -0.792513      0.048314      0.041872   WU     3.297558      2.857883
 ( 6   3) <--> ( 7   3)       -0.069834      0.000375      0.000325   WU     0.025604      0.022190
 ( 6   3) <--> ( 7   4)       -0.039261      0.000119      0.000103   WU     0.008093      0.007014
 ( 6   4) <--> ( 7   1)        4.284590      1.412132      1.223848   WU    96.382456     83.531462
 ( 6   4) <--> ( 7   2)        4.906263      1.851647      1.604761   WU   126.380771    109.530002
 ( 6   4) <--> ( 7   3)        0.891662      0.061159      0.053004   WU     4.174267      3.617698
 ( 6   4) <--> ( 7   4)       -0.317537      0.007756      0.006722   WU     0.529379      0.458795
 ( 6   1) <--> ( 8   1)        0.387214      0.011533      0.008820   WU     0.787195      0.601972
 ( 6   1) <--> ( 8   2)        3.853913      1.142511      0.873685   WU    77.979973     59.631744
 ( 6   1) <--> ( 8   3)        3.787197      1.103297      0.843698   WU    75.303513     57.585039
 ( 6   1) <--> ( 8   4)       -0.724852      0.040416      0.030907   WU     2.758535      2.109468
 ( 6   2) <--> ( 8   1)      -20.554554     32.499205     24.852334   WU  2218.173290   1696.250163
 ( 6   2) <--> ( 8   2)        1.318408      0.133708      0.102247   WU     9.125972      6.978685
 ( 6   2) <--> ( 8   3)       -0.040858      0.000128      0.000098   WU     0.008765      0.006702
 ( 6   2) <--> ( 8   4)        0.728079      0.040777      0.031182   WU     2.783151      2.128292
 ( 6   3) <--> ( 8   1)        1.815816      0.253630      0.193952   WU    17.311043     13.237856
 ( 6   3) <--> ( 8   2)      -12.690030     12.387452      9.472757   WU   845.482645    646.545552
 ( 6   3) <--> ( 8   3)       10.307839      8.173195      6.250091   WU   557.846361    426.588394
 ( 6   3) <--> ( 8   4)       -0.674068      0.034951      0.026728   WU     2.385540      1.824236
 ( 6   4) <--> ( 8   1)        1.275332      0.125113      0.095675   WU     8.539366      6.530103
 ( 6   4) <--> ( 8   2)        2.172667      0.363114      0.277675   WU    24.783679     18.952225
 ( 6   4) <--> ( 8   3)       -7.382838      4.192792      3.206253   WU   286.171306    218.836881
 ( 6   4) <--> ( 8   4)       -6.762312      3.517605      2.689933   WU   240.087623    183.596418
 ( 7   1) <--> ( 7   1)       -9.785638     -6.553068   (eb)
 ( 7   2) <--> ( 7   1)       -5.533891      2.041596      2.041596   WU   139.345388    139.345388
 ( 7   2) <--> ( 7   2)       -2.074007     -1.388883   (eb)
 ( 7   3) <--> ( 7   1)       -0.338342      0.007632      0.007632   WU     0.520886      0.520886
 ( 7   3) <--> ( 7   2)       -1.946283      0.252534      0.252534   WU    17.236275     17.236275
 ( 7   3) <--> ( 7   3)       -9.000275     -6.027141   (eb)
 ( 7   4) <--> ( 7   1)       -0.093028      0.000577      0.000577   WU     0.039378      0.039378
 ( 7   4) <--> ( 7   2)       -6.115295      2.493122      2.493122   WU   170.163465    170.163465
 ( 7   4) <--> ( 7   3)       -0.635563      0.026929      0.026929   WU     1.838014      1.838014
 ( 7   4) <--> ( 7   4)        8.358303      5.597236   (eb)
 ( 7   1) <--> ( 8   1)        4.302812      1.234279      1.089070   WU    84.243467     74.332471
 ( 7   1) <--> ( 8   2)        5.037788      1.691954      1.492901   WU   115.481203    101.895179
 ( 7   1) <--> ( 8   3)       -5.969044      2.375299      2.095852   WU   162.121670    143.048533
 ( 7   1) <--> ( 8   4)       -4.081560      1.110609      0.979949   WU    75.802568     66.884619
 ( 7   2) <--> ( 8   1)        0.259765      0.004499      0.003969   WU     0.307039      0.270917
 ( 7   2) <--> ( 8   2)       -2.901926      0.561411      0.495363   WU    38.318103     33.810091
 ( 7   2) <--> ( 8   3)        1.124898      0.084360      0.074435   WU     5.757815      5.080425
 ( 7   2) <--> ( 8   4)       -3.903284      1.015708      0.896213   WU    69.325300     61.169382
 ( 7   3) <--> ( 8   1)        0.413041      0.011374      0.010035   WU     0.776278      0.684951
 ( 7   3) <--> ( 8   2)       -0.322110      0.006917      0.006103   WU     0.472107      0.416565
 ( 7   3) <--> ( 8   3)       -1.420303      0.134484      0.118662   WU     9.178965      8.099087
 ( 7   3) <--> ( 8   4)       -5.720054      2.181268      1.924648   WU   148.878414    131.363306
 ( 7   4) <--> ( 8   1)        0.064109      0.000274      0.000242   WU     0.018701      0.016501
 ( 7   4) <--> ( 8   2)        0.268660      0.004812      0.004246   WU     0.328425      0.289787
 ( 7   4) <--> ( 8   3)        0.625884      0.026115      0.023043   WU     1.782458      1.572757
 ( 7   4) <--> ( 8   4)        0.038653      0.000100      0.000088   WU     0.006798      0.005999
 ( 7   1) <--> ( 9   1)       19.125432     24.385476     19.251692   WU  1664.385675   1313.988691
 ( 7   1) <--> ( 9   2)       -0.627537      0.026254      0.020726   WU     1.791887      1.414647
 ( 7   1) <--> ( 9   3)        0.622118      0.025802      0.020370   WU     1.761072      1.390320
 ( 7   1) <--> ( 9   4)       -0.018729      0.000023      0.000018   WU     0.001596      0.001260
 ( 7   2) <--> ( 9   1)        1.967119      0.257971      0.203661   WU    17.607302     13.900501
 ( 7   2) <--> ( 9   2)      -15.654272     16.337082     12.897696   WU  1115.057351    880.308435
 ( 7   2) <--> ( 9   3)       -0.080695      0.000434      0.000343   WU     0.029630      0.023392
 ( 7   2) <--> ( 9   4)       -0.238940      0.003806      0.003005   WU     0.259781      0.205090
 ( 7   3) <--> ( 9   1)        4.766928      1.514907      1.195979   WU   103.397188     81.629359
 ( 7   3) <--> ( 9   2)       -3.549499      0.839929      0.663102   WU    57.327831     45.258814
 ( 7   3) <--> ( 9   3)       17.830287     21.194610     16.732587   WU  1446.598971   1142.051819
 ( 7   3) <--> ( 9   4)       -0.772048      0.039737      0.031371   WU     2.712189      2.141202
 ( 7   4) <--> ( 9   1)        0.237087      0.003747      0.002958   WU     0.255768      0.201922
 ( 7   4) <--> ( 9   2)       -2.261419      0.340934      0.269159   WU    23.269853     18.370937
 ( 7   4) <--> ( 9   3)        0.457057      0.013927      0.010995   WU     0.950542      0.750428
 ( 7   4) <--> ( 9   4)      -10.612569      7.508442      5.927717   WU   512.474819    404.585384
 ( 8   1) <--> ( 8   1)      -16.138337    -10.396252   (eb)
 ( 8   2) <--> ( 8   1)        4.297515      1.086390      1.086390   WU    74.149569     74.149569
 ( 8   2) <--> ( 8   2)       -4.322299     -2.784408   (eb)
 ( 8   3) <--> ( 8   1)       -2.981657      0.522958      0.522958   WU    35.693503     35.693503
 ( 8   3) <--> ( 8   2)        5.812932      1.987657      1.987657   WU   135.663880    135.663880
 ( 8   3) <--> ( 8   3)       -5.313444     -3.422899   (eb)
 ( 8   4) <--> ( 8   1)        0.484572      0.013812      0.013812   WU     0.942735      0.942735
 ( 8   4) <--> ( 8   2)        1.122296      0.074091      0.074091   WU     5.056947      5.056947
 ( 8   4) <--> ( 8   3)       -3.060247      0.550889      0.550889   WU    37.599910     37.599910
 ( 8   4) <--> ( 8   4)      -13.889349     -8.947463   (eb)
 ( 8   1) <--> ( 9   1)       -0.274423      0.004430      0.003964   WU     0.302353      0.270527
 ( 8   1) <--> ( 9   2)        0.089313      0.000469      0.000420   WU     0.032026      0.028655
 ( 8   1) <--> ( 9   3)       -0.231406      0.003150      0.002818   WU     0.214992      0.192362
 ( 8   1) <--> ( 9   4)        0.032716      0.000063      0.000056   WU     0.004297      0.003845
 ( 8   2) <--> ( 9   1)        4.325955      1.100817      0.984942   WU    75.134238     67.225371
 ( 8   2) <--> ( 9   2)       -0.097697      0.000561      0.000502   WU     0.038321      0.034287
 ( 8   2) <--> ( 9   3)       -0.109555      0.000706      0.000632   WU     0.048188      0.043115
 ( 8   2) <--> ( 9   4)       -0.115060      0.000779      0.000697   WU     0.053152      0.047557
 ( 8   3) <--> ( 9   1)       -5.064305      1.508658      1.349852   WU   102.970676     92.131658
 ( 8   3) <--> ( 9   2)        1.640422      0.158293      0.141631   WU    10.804013      9.666749
 ( 8   3) <--> ( 9   3)       -0.376779      0.008351      0.007472   WU     0.569964      0.509968
 ( 8   3) <--> ( 9   4)       -0.257124      0.003889      0.003480   WU     0.265435      0.237495
 ( 8   4) <--> ( 9   1)       -6.297557      2.332896      2.087328   WU   159.227480    142.466693
 ( 8   4) <--> ( 9   2)        4.545822      1.215559      1.087605   WU    82.965712     74.232479
 ( 8   4) <--> ( 9   3)       -0.504094      0.014948      0.013374   WU     1.020228      0.912835
 ( 8   4) <--> ( 9   4)        0.852274      0.042728      0.038230   WU     2.916303      2.609323
 ( 8   1) <--> (10   1)       23.822878     33.384090     27.025216   WU  2278.569455   1844.556226
 ( 8   1) <--> (10   2)       -1.009138      0.059903      0.048493   WU     4.088600      3.309819
 ( 8   1) <--> (10   3)        0.690631      0.028057      0.022713   WU     1.914985      1.550226
 ( 8   1) <--> (10   4)       -0.717242      0.030261      0.024497   WU     2.065407      1.671996
 ( 8   2) <--> (10   1)       -2.320110      0.316642      0.256329   WU    21.611804     17.495270
 ( 8   2) <--> (10   2)       15.127551     13.461341     10.897276   WU   918.779011    743.773485
 ( 8   2) <--> (10   3)       -1.541974      0.139864      0.113223   WU     9.546142      7.727829
 ( 8   2) <--> (10   4)       -0.404807      0.009639      0.007803   WU     0.657915      0.532598
 ( 8   3) <--> (10   1)        0.151190      0.001345      0.001088   WU     0.091774      0.074293
 ( 8   3) <--> (10   2)      -14.517455     12.397441     10.036024   WU   846.164451    684.990270
 ( 8   3) <--> (10   3)       -4.058096      0.968714      0.784197   WU    66.117791     53.523926
 ( 8   3) <--> (10   4)       -2.107367      0.261235      0.211476   WU    17.830113     14.433901
 ( 8   4) <--> (10   1)       -4.205807      1.040518      0.842324   WU    71.018661     57.491297
 ( 8   4) <--> (10   2)        0.670754      0.026465      0.021424   WU     1.806346      1.462280
 ( 8   4) <--> (10   3)      -20.259547     24.144073     19.545202   WU  1647.909128   1334.021675
 ( 8   4) <--> (10   4)        4.958506      1.446282      1.170799   WU    98.713278     79.910748
 ( 9   1) <--> ( 9   1)      -12.692313     -7.880431   (eb)
 ( 9   2) <--> ( 9   1)        5.963353      1.871662      1.871662   WU   127.746839    127.746839
 ( 9   2) <--> ( 9   2)       -6.562035     -4.074250   (eb)
 ( 9   3) <--> ( 9   1)       -0.315098      0.005226      0.005226   WU     0.356665      0.356665
 ( 9   3) <--> ( 9   2)        1.472454      0.114112      0.114112   WU     7.788480      7.788480
 ( 9   3) <--> ( 9   3)      -11.961494     -7.426678   (eb)
 ( 9   4) <--> ( 9   1)        0.100737      0.000534      0.000534   WU     0.036454      0.036454
 ( 9   4) <--> ( 9   2)       -7.236548      2.756191      2.756191   WU   188.118717    188.118717
 ( 9   4) <--> ( 9   3)       -0.026593      0.000037      0.000037   WU     0.002540      0.002540
 ( 9   4) <--> ( 9   4)        1.700129      1.055580   (eb)
 ( 9   1) <--> (10   1)        4.661617      1.143719      1.034794   WU    78.062458     70.627938
 ( 9   1) <--> (10   2)        7.142362      2.684912      2.429206   WU   183.253733    165.800997
 ( 9   1) <--> (10   3)        4.279899      0.964081      0.872263   WU    65.801542     59.534728
 ( 9   1) <--> (10   4)        0.061651      0.000200      0.000181   WU     0.013654      0.012353
 ( 9   2) <--> (10   1)       -0.320880      0.005419      0.004903   WU     0.369874      0.334648
 ( 9   2) <--> (10   2)        3.778741      0.751520      0.679947   WU    51.293611     46.408506
 ( 9   2) <--> (10   3)       -5.262225      1.457421      1.318619   WU    99.473614     89.999937
 ( 9   2) <--> (10   4)       -9.178370      4.433814      4.011546   WU   302.621798    273.800675
 ( 9   3) <--> (10   1)        0.402716      0.008536      0.007723   WU     0.582596      0.527110
 ( 9   3) <--> (10   2)        0.489648      0.012619      0.011417   WU     0.861266      0.779241
 ( 9   3) <--> (10   3)        5.458298      1.568053      1.418715   WU   107.024582     96.831765
 ( 9   3) <--> (10   4)       -5.593704      1.646817      1.489978   WU   112.400472    101.695666
 ( 9   4) <--> (10   1)       -0.053465      0.000150      0.000136   WU     0.010269      0.009291
 ( 9   4) <--> (10   2)        0.169795      0.001517      0.001373   WU     0.103566      0.093703
 ( 9   4) <--> (10   3)        1.035463      0.056431      0.051056   WU     3.851574      3.484757
 ( 9   4) <--> (10   4)        2.667900      0.374615      0.338938   WU    25.568676     23.133564
 (10   1) <--> (10   1)      -18.309810    -10.978441   (eb)
 (10   2) <--> (10   1)        5.424572      1.401237      1.401237   WU    95.638853     95.638853
 (10   2) <--> (10   2)      -12.401267     -7.435717   (eb)
 (10   3) <--> (10   1)       -0.263380      0.003303      0.003303   WU     0.225461      0.225461
 (10   3) <--> (10   2)       -4.502245      0.965248      0.965248   WU    65.881232     65.881232
 (10   3) <--> (10   3)      -15.141614     -9.078812   (eb)
 (10   4) <--> (10   1)        0.827841      0.032634      0.032634   WU     2.227398      2.227398
 (10   4) <--> (10   2)       -5.406466      1.391899      1.391899   WU    95.001493     95.001493
 (10   4) <--> (10   3)        3.431952      0.560871      0.560871   WU    38.281226     38.281226
 (10   4) <--> (10   4)      -10.183279     -6.105827   (eb)
 
  quadrupole shape invariant: 01+, 02+, 03+, 04+
quadr2     2.37517802     4.12768491     6.64287866     8.53082539
quadr3     2.05242921     2.53729156     2.33491472    18.27054425
  effective deformation parameters:  01+, 02+, 03+, 04+
beteff     0.09026696     0.11899645     0.15095897     0.17107096
cos3ga     0.56069146     0.30255934     0.13637556     0.73327167
 
 ********* END Transition **************************
