 ********* BEGIN READER ****************************
 
 Nucleus            :  Ne  10  10
 Imin, Imax         :     0  10
 imu, remu          :     1 12.0000
 nlevel             :     4
 observables        :     2
 wave fun           :     1
 nbet, ngam, npar   :    16   7  10
 Finish reading parameters: V, B_k ...
 
 ********* END READER ******************************
 
 ********* BEGIN LEVELS ********************
 
 E_0 =  -157.418646
 
  I=   0   ntot= 127
   0   1    0.000000
   0   2   11.807767
   0   3   18.769495
   0   4   29.541811
 
  I=   2   ntot= 234
   2   1    4.713798
   2   2   14.738689
   2   3   20.726794
   2   4   28.392001
 
  I=   3   ntot= 108
   3   1   23.714458
   3   2   42.503625
   3   3   52.834249
   3   4   67.606896
 
  I=   4   ntot= 324
   4   1   10.962569
   4   2   24.487671
   4   3   30.594819
   4   4   36.481943
 
  I=   5   ntot= 198
   5   1   34.119984
   5   2   50.947704
   5   3   55.352316
   5   4   68.154153
 
  I=   6   ntot= 432
   6   1   18.832005
   6   2   35.744019
   6   3   42.394495
   6   4   49.439933
 
  I=   7   ntot= 306
   7   1   46.051525
   7   2   66.238396
   7   3   70.602808
   7   4   84.967405
 
  I=   8   ntot= 522
   8   1   28.214679
   8   2   48.492732
   8   3   55.518453
   8   4   63.792902
 
  I=   9   ntot= 397
   9   1   59.299566
   9   2   83.068260
   9   3   86.843612
   9   4  103.338755
 
  I=  10   ntot= 630
  10   1   39.103651
  10   2   62.825302
  10   3   70.521977
  10   4   79.974594
 
 ********* END LEVELS **********************
 
 ********* BEGIN Transition ************************
 
  Monopole moment 
 
   I   n    <In|E0|In>   ave \beta      del<b>   ave \gamma    del<g>  
     K=0       K=2       K=4   
   0   1      8.328694    0.398108    0.109511   20.685359   11.607399   99.9998    0.0000    0.0000
   0   2      8.303015    0.393223    0.160406   18.821335   11.070494   99.9996    0.0000    0.0000
   0   3      8.694007    0.464631    0.093668   30.273936   12.503114   99.9995    0.0000    0.0000
   0   4      8.378328    0.395873    0.177267   24.085329   10.959297   99.9991    0.0000    0.0000
   2   1      8.397929    0.440564    0.098019   17.628060   10.626297   96.7201    3.2796    0.0000
   2   2      8.508400    0.422256    0.105122   27.096156   11.616766   16.7246   83.2752    0.0000
   2   3      8.397891    0.414588    0.147439   22.239826   10.928327   84.8154   15.1842    0.0000
   2   4      8.692765    0.483658    0.088307   26.145647   11.233979   82.2127   17.7868    0.0000
   3   1      8.586710    0.459856    0.091613   23.927212    8.866235    0.0000   99.9997    0.0000
   3   2      8.596251    0.455068    0.138957   26.417592    8.451347    0.0000   99.9994    0.0000
   3   3      8.741008    0.502198    0.089792   25.566255   12.015879    0.0000   99.9995    0.0000
   3   4      8.542980    0.435115    0.154458   26.927244    8.935980    0.0000   99.9991    0.0000
   4   1      8.441770    0.468518    0.089355   15.655948    9.759637   97.0916    2.5999    0.3081
   4   2      8.569447    0.444821    0.100357   26.104920   11.611550   20.3224   66.6608   13.0164
   4   3      8.458237    0.438999    0.139935   22.103102   10.191365   85.8561   12.2475    1.8957
   4   4      8.680560    0.472363    0.094435   26.782678   11.182765   10.3104   43.8393   45.8499
   5   1      8.623950    0.483192    0.086649   21.759430    8.491382    0.0000   96.5328    3.4668
   5   2      8.749814    0.481611    0.089710   28.002266    8.863532    0.0000   11.1997   88.7998
   5   3      8.647256    0.475549    0.132707   25.667081    8.178469    0.0000   91.9119    8.0868
   5   4      8.731289    0.507257    0.093177   23.880874   10.525448    0.0000   87.5139   12.4854
   6   1      8.467607    0.487497    0.082403   14.098329    8.926202   97.6225    2.1999    0.1400
   6   2      8.609482    0.466604    0.094443   24.126675   11.045040   20.2107   69.3819    7.9339
   6   3      8.466375    0.453314    0.131409   19.965921    8.964447   88.7417   10.0398    0.9449
   6   4      8.696529    0.489548    0.091540   24.688207   11.978495   22.8565   50.9663   14.9383
   7   1      8.636229    0.499512    0.080998   19.661436    7.985264    0.0000   96.4804    3.3286
   7   2      8.780771    0.495366    0.087373   26.953798    9.166285    0.0000   15.2462   73.8737
   7   3      8.644187    0.485682    0.124885   23.459993    7.535873    0.0000   91.6178    7.7423
   7   4      8.741582    0.515195    0.092360   22.541644    9.125605    0.0000   73.8445   25.0193
   8   1      8.487577    0.501812    0.077081   13.009822    8.312800   97.9857    1.8890    0.0976
   8   2      8.642798    0.487757    0.088247   22.116982   10.169497   18.5571   73.7916    6.1294
   8   3      8.493339    0.469429    0.125392   18.981289    8.440558   90.1483    8.6599    0.8904
   8   4      8.690345    0.499602    0.091830   22.892334   11.892198   32.4916   50.2887    9.9486
   9   1      8.647227    0.513274    0.076461   18.105207    7.554367    0.0000   96.7806    2.9978
   9   2      8.828640    0.513940    0.082765   26.016113    8.754814    0.0000   19.6662   68.5177
   9   3      8.638511    0.494432    0.121240   21.654967    7.227441    0.0000   89.1378    9.6614
   9   4      8.737829    0.519466    0.091566   21.621098    8.915632    0.0000   62.7500   33.9117
  10   1      8.501158    0.512694    0.072718   12.089762    7.739898   98.3905    1.5317    0.0613
  10   2      8.647804    0.502198    0.082379   19.935541    9.410353   16.0309   78.3929    4.6999
  10   3      8.504025    0.481821    0.117919   17.342465    7.145111   92.1444    7.2088    0.5386
  10   4      8.672971    0.503788    0.091539   21.368732   11.605257   41.0980   46.1869    8.2306
 
  rho^2(E0) 
 
   I  n_1 n_2  <In_1|E0|In_2>  rho^2(E0) 
   0   1   1        8.328694   61.620051
   0   2   1       -0.240459    0.051363
   0   2   2        8.303015   61.240668
   0   3   1        0.164055    0.023908
   0   3   2       -0.088210    0.006912
   0   3   3        8.694007   67.144163
   0   4   1        0.073047    0.004740
   0   4   2       -0.282812    0.071050
   0   4   3        0.141663    0.017827
   0   4   4        8.378328   62.356676
   2   1   1        8.397929   62.648792
   2   2   1        0.016089    0.000230
   2   2   2        8.508400   64.307865
   2   3   1       -0.248377    0.054801
   2   3   2        0.124411    0.013749
   2   3   3        8.397891   62.648221
   2   4   1        0.119231    0.012628
   2   4   2       -0.006455    0.000037
   2   4   3       -0.131954    0.015467
   2   4   4        8.692765   67.124983
   3   1   1        8.586710   65.497071
   3   2   1        0.319389    0.090617
   3   2   2        8.596251   65.642700
   3   3   1        0.089110    0.007054
   3   3   2        0.205688    0.037582
   3   3   3        8.741008   67.872108
   3   4   1        0.034479    0.001056
   3   4   2        0.334750    0.099543
   3   4   3        0.015493    0.000213
   3   4   4        8.542980   64.831644
   4   1   1        8.441770   63.304606
   4   2   1        0.003721    0.000012
   4   2   2        8.569447   65.233980
   4   3   1        0.248189    0.054718
   4   3   2        0.151901    0.020497
   4   3   3        8.458237   63.551826
   4   4   1        0.044070    0.001725
   4   4   2        0.018514    0.000304
   4   4   3        0.071681    0.004564
   4   4   4        8.680560   66.936617
   5   1   1        8.623950   66.066414
   5   2   1       -0.031986    0.000909
   5   2   2        8.749814   68.008934
   5   3   1        0.309086    0.084865
   5   3   2       -0.093633    0.007788
   5   3   3        8.647256   66.423977
   5   4   1        0.065068    0.003761
   5   4   2        0.021510    0.000411
   5   4   3        0.214631    0.040922
   5   4   4        8.731289   67.721251
   6   1   1        8.467607   63.692702
   6   2   1       -0.009700    0.000084
   6   2   2        8.609482   65.844925
   6   3   1       -0.235813    0.049398
   6   3   2        0.141371    0.017754
   6   3   3        8.466375   63.674164
   6   4   1       -0.043431    0.001676
   6   4   2        0.024693    0.000542
   6   4   3        0.104236    0.009652
   6   4   4        8.696529   67.183126
   7   1   1        8.636229   66.254683
   7   2   1       -0.031981    0.000909
   7   2   2        8.780771   68.491020
   7   3   1        0.287242    0.073293
   7   3   2       -0.100810    0.009028
   7   3   3        8.644187   66.376837
   7   4   1       -0.052666    0.002464
   7   4   2       -0.067001    0.003988
   7   4   3       -0.185867    0.030688
   7   4   4        8.741582   67.881014
   8   1   1        8.487577   63.993476
   8   2   1        0.022155    0.000436
   8   2   2        8.642798   66.355519
   8   3   1       -0.226932    0.045747
   8   3   2       -0.134141    0.015984
   8   3   3        8.493339   64.080399
   8   4   1        0.031671    0.000891
   8   4   2        0.023905    0.000508
   8   4   3       -0.147227    0.019255
   8   4   4        8.690345   67.087610
   9   1   1        8.647227   66.423546
   9   2   1        0.075319    0.005039
   9   2   2        8.828640   69.239816
   9   3   1        0.264379    0.062090
   9   3   2        0.098823    0.008675
   9   3   3        8.638511   66.289708
   9   4   1       -0.035951    0.001148
   9   4   2        0.001843    0.000003
   9   4   3       -0.192147    0.032797
   9   4   4        8.737829   67.822754
  10   1   1        8.501158   64.198445
  10   2   1       -0.019045    0.000322
  10   2   2        8.647804   66.432409
  10   3   1       -0.216679    0.041706
  10   3   2        0.111466    0.011037
  10   3   3        8.504025   64.241747
  10   4   1        0.023187    0.000478
  10   4   2       -0.010723    0.000102
  10   4   3       -0.151550    0.020402
  10   4   4        8.672971   66.819632
 
  E2 transition 
 
  I1  n1        I2  n2       <f||E2||i>   B(E2,I1->I2)  B(E2,I2->I1)
 ( 0   1) <--> ( 2   1)       -0.097291      0.009466      0.001893   WU    29.353150      5.870630
 ( 0   1) <--> ( 2   2)        0.009896      0.000098      0.000020   WU     0.303714      0.060743
 ( 0   1) <--> ( 2   3)        0.011044      0.000122      0.000024   WU     0.378220      0.075644
 ( 0   1) <--> ( 2   4)       -0.000416      0.000000      0.000000   WU     0.000537      0.000107
 ( 0   2) <--> ( 2   1)        0.047318      0.002239      0.000448   WU     6.943333      1.388667
 ( 0   2) <--> ( 2   2)        0.025142      0.000632      0.000126   WU     1.960235      0.392047
 ( 0   2) <--> ( 2   3)       -0.080407      0.006465      0.001293   WU    20.049326      4.009865
 ( 0   2) <--> ( 2   4)       -0.009108      0.000083      0.000017   WU     0.257230      0.051446
 ( 0   3) <--> ( 2   1)        0.014696      0.000216      0.000043   WU     0.669713      0.133943
 ( 0   3) <--> ( 2   2)        0.051908      0.002694      0.000539   WU     8.355629      1.671126
 ( 0   3) <--> ( 2   3)        0.026331      0.000693      0.000139   WU     2.149983      0.429997
 ( 0   3) <--> ( 2   4)       -0.090370      0.008167      0.001633   WU    25.325211      5.065042
 ( 0   4) <--> ( 2   1)       -0.008098      0.000066      0.000013   WU     0.203378      0.040676
 ( 0   4) <--> ( 2   2)       -0.012223      0.000149      0.000030   WU     0.463305      0.092661
 ( 0   4) <--> ( 2   3)        0.047910      0.002295      0.000459   WU     7.118032      1.423606
 ( 0   4) <--> ( 2   4)       -0.011652      0.000136      0.000027   WU     0.420998      0.084200
 ( 2   1) <--> ( 2   1)       -0.109368     -0.082894   (eb)
 ( 2   2) <--> ( 2   1)       -0.072043      0.001038      0.001038   WU     3.218970      3.218970
 ( 2   2) <--> ( 2   2)        0.075476      0.057205   (eb)
 ( 2   3) <--> ( 2   1)        0.010559      0.000022      0.000022   WU     0.069153      0.069153
 ( 2   3) <--> ( 2   2)        0.057133      0.000653      0.000653   WU     2.024452      2.024452
 ( 2   3) <--> ( 2   3)       -0.054176     -0.041062   (eb)
 ( 2   4) <--> ( 2   1)       -0.002551      0.000001      0.000001   WU     0.004036      0.004036
 ( 2   4) <--> ( 2   2)        0.023453      0.000110      0.000110   WU     0.341128      0.341128
 ( 2   4) <--> ( 2   3)        0.012087      0.000029      0.000029   WU     0.090614      0.090614
 ( 2   4) <--> ( 2   4)       -0.084653     -0.064161   (eb)
 ( 2   1) <--> ( 3   1)        0.018982      0.000072      0.000051   WU     0.223481      0.159630
 ( 2   1) <--> ( 3   2)        0.002233      0.000001      0.000001   WU     0.003092      0.002209
 ( 2   1) <--> ( 3   3)       -0.004789      0.000005      0.000003   WU     0.014224      0.010160
 ( 2   1) <--> ( 3   4)        0.000840      0.000000      0.000000   WU     0.000438      0.000313
 ( 2   2) <--> ( 3   1)        0.128938      0.003325      0.002375   WU    10.310938      7.364956
 ( 2   2) <--> ( 3   2)        0.012949      0.000034      0.000024   WU     0.103998      0.074284
 ( 2   2) <--> ( 3   3)        0.002542      0.000001      0.000001   WU     0.004007      0.002862
 ( 2   2) <--> ( 3   4)        0.003953      0.000003      0.000002   WU     0.009694      0.006924
 ( 2   3) <--> ( 3   1)        0.037386      0.000280      0.000200   WU     0.866857      0.619184
 ( 2   3) <--> ( 3   2)        0.000847      0.000000      0.000000   WU     0.000445      0.000318
 ( 2   3) <--> ( 3   3)        0.004414      0.000004      0.000003   WU     0.012085      0.008632
 ( 2   3) <--> ( 3   4)        0.000978      0.000000      0.000000   WU     0.000593      0.000423
 ( 2   4) <--> ( 3   1)        0.096163      0.001849      0.001321   WU     5.735220      4.096585
 ( 2   4) <--> ( 3   2)        0.027604      0.000152      0.000109   WU     0.472592      0.337565
 ( 2   4) <--> ( 3   3)        0.004292      0.000004      0.000003   WU     0.011423      0.008160
 ( 2   4) <--> ( 3   4)        0.004760      0.000005      0.000003   WU     0.014052      0.010037
 ( 2   1) <--> ( 4   1)       -0.174835      0.006113      0.003396   WU    18.957972     10.532207
 ( 2   1) <--> ( 4   2)       -0.010253      0.000021      0.000012   WU     0.065203      0.036224
 ( 2   1) <--> ( 4   3)       -0.017477      0.000061      0.000034   WU     0.189440      0.105244
 ( 2   1) <--> ( 4   4)        0.003633      0.000003      0.000001   WU     0.008188      0.004549
 ( 2   2) <--> ( 4   1)       -0.028589      0.000163      0.000091   WU     0.506912      0.281618
 ( 2   2) <--> ( 4   2)        0.122879      0.003020      0.001678   WU     9.364617      5.202565
 ( 2   2) <--> ( 4   3)       -0.004596      0.000004      0.000002   WU     0.013103      0.007280
 ( 2   2) <--> ( 4   4)        0.019216      0.000074      0.000041   WU     0.229026      0.127237
 ( 2   3) <--> ( 4   1)        0.055215      0.000610      0.000339   WU     1.890799      1.050444
 ( 2   3) <--> ( 4   2)        0.007720      0.000012      0.000007   WU     0.036968      0.020538
 ( 2   3) <--> ( 4   3)        0.149977      0.004499      0.002499   WU    13.950298      7.750166
 ( 2   3) <--> ( 4   4)        0.000059      0.000000      0.000000   WU     0.000002      0.000001
 ( 2   4) <--> ( 4   1)        0.024919      0.000124      0.000069   WU     0.385107      0.213948
 ( 2   4) <--> ( 4   2)       -0.047118      0.000444      0.000247   WU     1.376911      0.764950
 ( 2   4) <--> ( 4   3)       -0.037451      0.000281      0.000156   WU     0.869867      0.483260
 ( 2   4) <--> ( 4   4)       -0.074070      0.001097      0.000610   WU     3.402680      1.890378
 ( 3   1) <--> ( 3   1)        0.000000      0.000000   (eb)
 ( 3   2) <--> ( 3   1)        0.000000      0.000000      0.000000   WU     0.000000      0.000000
 ( 3   2) <--> ( 3   2)        0.000000      0.000000   (eb)
 ( 3   3) <--> ( 3   1)        0.000000      0.000000      0.000000   WU     0.000000      0.000000
 ( 3   3) <--> ( 3   2)        0.000000      0.000000      0.000000   WU     0.000000      0.000000
 ( 3   3) <--> ( 3   3)        0.000000      0.000000   (eb)
 ( 3   4) <--> ( 3   1)        0.000000      0.000000      0.000000   WU     0.000000      0.000000
 ( 3   4) <--> ( 3   2)        0.000000      0.000000      0.000000   WU     0.000000      0.000000
 ( 3   4) <--> ( 3   3)        0.000000      0.000000      0.000000   WU     0.000000      0.000000
 ( 3   4) <--> ( 3   4)        0.000000      0.000000   (eb)
 ( 3   1) <--> ( 4   1)        0.043102      0.000265      0.000206   WU     0.823005      0.640115
 ( 3   1) <--> ( 4   2)        0.118415      0.002003      0.001558   WU     6.211823      4.831418
 ( 3   1) <--> ( 4   3)        0.040971      0.000240      0.000187   WU     0.743638      0.578385
 ( 3   1) <--> ( 4   4)       -0.111377      0.001772      0.001378   WU     5.495372      4.274178
 ( 3   2) <--> ( 4   1)        0.002292      0.000001      0.000001   WU     0.002326      0.001809
 ( 3   2) <--> ( 4   2)        0.017065      0.000042      0.000032   WU     0.129008      0.100340
 ( 3   2) <--> ( 4   3)        0.064653      0.000597      0.000464   WU     1.851770      1.440266
 ( 3   2) <--> ( 4   4)       -0.033145      0.000157      0.000122   WU     0.486670      0.378521
 ( 3   3) <--> ( 4   1)       -0.001023      0.000000      0.000000   WU     0.000463      0.000360
 ( 3   3) <--> ( 4   2)       -0.000083      0.000000      0.000000   WU     0.000003      0.000002
 ( 3   3) <--> ( 4   3)       -0.001192      0.000000      0.000000   WU     0.000629      0.000489
 ( 3   3) <--> ( 4   4)        0.056278      0.000452      0.000352   WU     1.403097      1.091298
 ( 3   4) <--> ( 4   1)        0.000925      0.000000      0.000000   WU     0.000379      0.000295
 ( 3   4) <--> ( 4   2)        0.005496      0.000004      0.000003   WU     0.013383      0.010409
 ( 3   4) <--> ( 4   3)        0.006021      0.000005      0.000004   WU     0.016060      0.012491
 ( 3   4) <--> ( 4   4)       -0.012423      0.000022      0.000017   WU     0.068366      0.053174
 ( 3   1) <--> ( 5   1)        0.161116      0.003708      0.002360   WU    11.499650      7.317959
 ( 3   1) <--> ( 5   2)       -0.023574      0.000079      0.000051   WU     0.246190      0.156666
 ( 3   1) <--> ( 5   3)        0.015009      0.000032      0.000020   WU     0.099794      0.063505
 ( 3   1) <--> ( 5   4)       -0.001706      0.000000      0.000000   WU     0.001289      0.000820
 ( 3   2) <--> ( 5   1)        0.044257      0.000280      0.000178   WU     0.867704      0.552176
 ( 3   2) <--> ( 5   2)       -0.010822      0.000017      0.000011   WU     0.051878      0.033013
 ( 3   2) <--> ( 5   3)        0.152727      0.003332      0.002121   WU    10.333359      6.575774
 ( 3   2) <--> ( 5   4)       -0.001935      0.000001      0.000000   WU     0.001658      0.001055
 ( 3   3) <--> ( 5   1)       -0.036666      0.000192      0.000122   WU     0.595583      0.379007
 ( 3   3) <--> ( 5   2)       -0.080046      0.000915      0.000582   WU     2.838513      1.806326
 ( 3   3) <--> ( 5   3)        0.025465      0.000093      0.000059   WU     0.287270      0.182808
 ( 3   3) <--> ( 5   4)        0.147815      0.003121      0.001986   WU     9.679328      6.159573
 ( 3   4) <--> ( 5   1)        0.014145      0.000029      0.000018   WU     0.088642      0.056409
 ( 3   4) <--> ( 5   2)        0.012028      0.000021      0.000013   WU     0.064090      0.040785
 ( 3   4) <--> ( 5   3)        0.054400      0.000423      0.000269   WU     1.310993      0.834268
 ( 3   4) <--> ( 5   4)        0.004592      0.000003      0.000002   WU     0.009341      0.005944
 ( 4   1) <--> ( 4   1)       -0.157959     -0.119116   (eb)
 ( 4   2) <--> ( 4   1)        0.070015      0.000545      0.000545   WU     1.689052      1.689052
 ( 4   2) <--> ( 4   2)       -0.014894     -0.011231   (eb)
 ( 4   3) <--> ( 4   1)       -0.016879      0.000032      0.000032   WU     0.098163      0.098163
 ( 4   3) <--> ( 4   2)        0.030593      0.000104      0.000104   WU     0.322476      0.322476
 ( 4   3) <--> ( 4   3)       -0.100560     -0.075832   (eb)
 ( 4   4) <--> ( 4   1)       -0.007338      0.000006      0.000006   WU     0.018551      0.018551
 ( 4   4) <--> ( 4   2)        0.087647      0.000854      0.000854   WU     2.646887      2.646887
 ( 4   4) <--> ( 4   3)        0.004079      0.000002      0.000002   WU     0.005732      0.005732
 ( 4   4) <--> ( 4   4)        0.033514      0.025273   (eb)
 ( 4   1) <--> ( 5   1)       -0.023285      0.000060      0.000049   WU     0.186819      0.152852
 ( 4   1) <--> ( 5   2)       -0.003608      0.000001      0.000001   WU     0.004486      0.003671
 ( 4   1) <--> ( 5   3)       -0.001445      0.000000      0.000000   WU     0.000720      0.000589
 ( 4   1) <--> ( 5   4)        0.004920      0.000003      0.000002   WU     0.008341      0.006824
 ( 4   2) <--> ( 5   1)        0.115078      0.001471      0.001204   WU     4.562970      3.733339
 ( 4   2) <--> ( 5   2)        0.014286      0.000023      0.000019   WU     0.070316      0.057532
 ( 4   2) <--> ( 5   3)        0.010259      0.000012      0.000010   WU     0.036265      0.029671
 ( 4   2) <--> ( 5   4)        0.002078      0.000000      0.000000   WU     0.001487      0.001217
 ( 4   3) <--> ( 5   1)        0.018783      0.000039      0.000032   WU     0.121564      0.099462
 ( 4   3) <--> ( 5   2)        0.003860      0.000002      0.000001   WU     0.005133      0.004200
 ( 4   3) <--> ( 5   3)       -0.003949      0.000002      0.000001   WU     0.005374      0.004397
 ( 4   3) <--> ( 5   4)        0.004095      0.000002      0.000002   WU     0.005778      0.004727
 ( 4   4) <--> ( 5   1)       -0.082864      0.000763      0.000624   WU     2.365893      1.935731
 ( 4   4) <--> ( 5   2)       -0.154452      0.002651      0.002169   WU     8.219600      6.725127
 ( 4   4) <--> ( 5   3)       -0.018244      0.000037      0.000030   WU     0.114683      0.093831
 ( 4   4) <--> ( 5   4)       -0.007773      0.000007      0.000005   WU     0.020817      0.017032
 ( 4   1) <--> ( 6   1)       -0.237034      0.006243      0.004322   WU    19.359112     13.402462
 ( 4   1) <--> ( 6   2)        0.015470      0.000027      0.000018   WU     0.082463      0.057090
 ( 4   1) <--> ( 6   3)        0.024017      0.000064      0.000044   WU     0.198754      0.137599
 ( 4   1) <--> ( 6   4)       -0.003289      0.000001      0.000001   WU     0.003726      0.002580
 ( 4   2) <--> ( 6   1)        0.028278      0.000089      0.000062   WU     0.275527      0.190749
 ( 4   2) <--> ( 6   2)        0.196061      0.004271      0.002957   WU    13.244897      9.169544
 ( 4   2) <--> ( 6   3)        0.002266      0.000001      0.000000   WU     0.001769      0.001225
 ( 4   2) <--> ( 6   4)        0.023177      0.000060      0.000041   WU     0.185087      0.128137
 ( 4   3) <--> ( 6   1)       -0.056864      0.000359      0.000249   WU     1.114156      0.771339
 ( 4   3) <--> ( 6   2)        0.027858      0.000086      0.000060   WU     0.267401      0.185124
 ( 4   3) <--> ( 6   3)        0.210997      0.004947      0.003425   WU    15.339633     10.619746
 ( 4   3) <--> ( 6   4)        0.002316      0.000001      0.000000   WU     0.001849      0.001280
 ( 4   4) <--> ( 6   1)        0.020334      0.000046      0.000032   WU     0.142471      0.098634
 ( 4   4) <--> ( 6   2)       -0.031401      0.000110      0.000076   WU     0.339750      0.235211
 ( 4   4) <--> ( 6   3)        0.008111      0.000007      0.000005   WU     0.022666      0.015692
 ( 4   4) <--> ( 6   4)        0.168053      0.003138      0.002172   WU     9.730932      6.736799
 ( 5   1) <--> ( 5   1)       -0.095410     -0.069280   (eb)
 ( 5   2) <--> ( 5   1)       -0.071779      0.000468      0.000468   WU     1.452469      1.452469
 ( 5   2) <--> ( 5   2)        0.082657      0.060020   (eb)
 ( 5   3) <--> ( 5   1)       -0.014032      0.000018      0.000018   WU     0.055505      0.055505
 ( 5   3) <--> ( 5   2)       -0.021059      0.000040      0.000040   WU     0.125018      0.125018
 ( 5   3) <--> ( 5   3)       -0.071661     -0.052035   (eb)
 ( 5   4) <--> ( 5   1)       -0.002421      0.000001      0.000001   WU     0.001653      0.001653
 ( 5   4) <--> ( 5   2)        0.033121      0.000100      0.000100   WU     0.309263      0.309263
 ( 5   4) <--> ( 5   3)       -0.013717      0.000017      0.000017   WU     0.053044      0.053044
 ( 5   4) <--> ( 5   4)       -0.088987     -0.064616   (eb)
 ( 5   1) <--> ( 6   1)       -0.048696      0.000216      0.000182   WU     0.668489      0.565645
 ( 5   1) <--> ( 6   2)        0.126561      0.001456      0.001232   WU     4.515565      3.820862
 ( 5   1) <--> ( 6   3)        0.037602      0.000129      0.000109   WU     0.398600      0.337277
 ( 5   1) <--> ( 6   4)       -0.076352      0.000530      0.000448   WU     1.643451      1.390612
 ( 5   2) <--> ( 6   1)       -0.001462      0.000000      0.000000   WU     0.000603      0.000510
 ( 5   2) <--> ( 6   2)       -0.039106      0.000139      0.000118   WU     0.431130      0.364802
 ( 5   2) <--> ( 6   3)       -0.004413      0.000002      0.000001   WU     0.005490      0.004645
 ( 5   2) <--> ( 6   4)       -0.089743      0.000732      0.000620   WU     2.270443      1.921144
 ( 5   3) <--> ( 6   1)       -0.000666      0.000000      0.000000   WU     0.000125      0.000106
 ( 5   3) <--> ( 6   2)        0.015323      0.000021      0.000018   WU     0.066194      0.056010
 ( 5   3) <--> ( 6   3)        0.069942      0.000445      0.000376   WU     1.379093      1.166925
 ( 5   3) <--> ( 6   4)       -0.012175      0.000013      0.000011   WU     0.041785      0.035357
 ( 5   4) <--> ( 6   1)        0.001600      0.000000      0.000000   WU     0.000721      0.000610
 ( 5   4) <--> ( 6   2)       -0.005351      0.000003      0.000002   WU     0.008072      0.006830
 ( 5   4) <--> ( 6   3)       -0.003102      0.000001      0.000001   WU     0.002712      0.002295
 ( 5   4) <--> ( 6   4)        0.054056      0.000266      0.000225   WU     0.823749      0.697018
 ( 5   1) <--> ( 7   1)       -0.233353      0.004950      0.003630   WU    15.351172     11.257526
 ( 5   1) <--> ( 7   2)        0.029012      0.000077      0.000056   WU     0.237290      0.174013
 ( 5   1) <--> ( 7   3)       -0.025461      0.000059      0.000043   WU     0.182749      0.134016
 ( 5   1) <--> ( 7   4)       -0.002527      0.000001      0.000000   WU     0.001801      0.001321
 ( 5   2) <--> ( 7   1)       -0.024836      0.000056      0.000041   WU     0.173890      0.127519
 ( 5   2) <--> ( 7   2)       -0.172984      0.002720      0.001995   WU     8.435792      6.186247
 ( 5   2) <--> ( 7   3)        0.005744      0.000003      0.000002   WU     0.009303      0.006822
 ( 5   2) <--> ( 7   4)       -0.006479      0.000004      0.000003   WU     0.011834      0.008679
 ( 5   3) <--> ( 7   1)       -0.046761      0.000199      0.000146   WU     0.616418      0.452040
 ( 5   3) <--> ( 7   2)        0.021767      0.000043      0.000032   WU     0.133565      0.097948
 ( 5   3) <--> ( 7   3)       -0.220386      0.004415      0.003238   WU    13.692470     10.041145
 ( 5   3) <--> ( 7   4)        0.004223      0.000002      0.000001   WU     0.005028      0.003687
 ( 5   4) <--> ( 7   1)        0.048752      0.000216      0.000158   WU     0.670039      0.491362
 ( 5   4) <--> ( 7   2)        0.059326      0.000320      0.000235   WU     0.992214      0.727624
 ( 5   4) <--> ( 7   3)       -0.026169      0.000062      0.000046   WU     0.193054      0.141573
 ( 5   4) <--> ( 7   4)        0.204460      0.003800      0.002787   WU    11.785015      8.642344
 ( 6   1) <--> ( 6   1)       -0.202834     -0.141415   (eb)
 ( 6   2) <--> ( 6   1)       -0.069100      0.000367      0.000367   WU     1.138983      1.138983
 ( 6   2) <--> ( 6   2)       -0.077893     -0.054307   (eb)
 ( 6   3) <--> ( 6   1)        0.023037      0.000041      0.000041   WU     0.126596      0.126596
 ( 6   3) <--> ( 6   2)        0.021731      0.000036      0.000036   WU     0.112644      0.112644
 ( 6   3) <--> ( 6   3)       -0.146262     -0.101974   (eb)
 ( 6   4) <--> ( 6   1)        0.008315      0.000005      0.000005   WU     0.016493      0.016493
 ( 6   4) <--> ( 6   2)        0.093470      0.000672      0.000672   WU     2.084027      2.084027
 ( 6   4) <--> ( 6   3)       -0.005432      0.000002      0.000002   WU     0.007038      0.007038
 ( 6   4) <--> ( 6   4)       -0.079450     -0.055392   (eb)
 ( 6   1) <--> ( 7   1)       -0.028247      0.000061      0.000053   WU     0.190329      0.164952
 ( 6   1) <--> ( 7   2)       -0.003724      0.000001      0.000001   WU     0.003308      0.002867
 ( 6   1) <--> ( 7   3)       -0.001783      0.000000      0.000000   WU     0.000758      0.000657
 ( 6   1) <--> ( 7   4)       -0.004260      0.000001      0.000001   WU     0.004329      0.003752
 ( 6   2) <--> ( 7   1)       -0.109156      0.000917      0.000794   WU     2.842217      2.463255
 ( 6   2) <--> ( 7   2)       -0.018641      0.000027      0.000023   WU     0.082887      0.071836
 ( 6   2) <--> ( 7   3)       -0.010367      0.000008      0.000007   WU     0.025636      0.022218
 ( 6   2) <--> ( 7   4)        0.004486      0.000002      0.000001   WU     0.004800      0.004160
 ( 6   3) <--> ( 7   1)       -0.003474      0.000001      0.000001   WU     0.002879      0.002495
 ( 6   3) <--> ( 7   2)       -0.003256      0.000001      0.000001   WU     0.002528      0.002191
 ( 6   3) <--> ( 7   3)        0.012058      0.000011      0.000010   WU     0.034681      0.030057
 ( 6   3) <--> ( 7   4)        0.002612      0.000001      0.000000   WU     0.001627      0.001410
 ( 6   4) <--> ( 7   1)        0.091201      0.000640      0.000555   WU     1.984096      1.719550
 ( 6   4) <--> ( 7   2)        0.114865      0.001015      0.000880   WU     3.147311      2.727669
 ( 6   4) <--> ( 7   3)        0.019309      0.000029      0.000025   WU     0.088935      0.077077
 ( 6   4) <--> ( 7   4)       -0.014544      0.000016      0.000014   WU     0.050460      0.043732
 ( 6   1) <--> ( 8   1)       -0.290495      0.006491      0.004964   WU    20.129829     15.393398
 ( 6   1) <--> ( 8   2)       -0.018551      0.000026      0.000020   WU     0.082092      0.062777
 ( 6   1) <--> ( 8   3)        0.025811      0.000051      0.000039   WU     0.158914      0.121523
 ( 6   1) <--> ( 8   4)        0.006626      0.000003      0.000003   WU     0.010474      0.008009
 ( 6   2) <--> ( 8   1)       -0.022617      0.000039      0.000030   WU     0.122016      0.093306
 ( 6   2) <--> ( 8   2)        0.258607      0.005144      0.003934   WU    15.953076     12.199411
 ( 6   2) <--> ( 8   3)       -0.001924      0.000000      0.000000   WU     0.000883      0.000675
 ( 6   2) <--> ( 8   4)        0.027823      0.000060      0.000046   WU     0.184665      0.141215
 ( 6   3) <--> ( 8   1)        0.059431      0.000272      0.000208   WU     0.842532      0.644289
 ( 6   3) <--> ( 8   2)        0.042910      0.000142      0.000108   WU     0.439216      0.335871
 ( 6   3) <--> ( 8   3)       -0.261729      0.005269      0.004030   WU    16.340627     12.495774
 ( 6   3) <--> ( 8   4)       -0.006769      0.000004      0.000003   WU     0.010929      0.008357
 ( 6   4) <--> ( 8   1)       -0.029220      0.000066      0.000050   WU     0.203669      0.155747
 ( 6   4) <--> ( 8   2)       -0.035208      0.000095      0.000073   WU     0.295695      0.226120
 ( 6   4) <--> ( 8   3)       -0.028494      0.000062      0.000048   WU     0.193673      0.148103
 ( 6   4) <--> ( 8   4)        0.243945      0.004578      0.003501   WU    14.195341     10.855260
 ( 7   1) <--> ( 7   1)       -0.161849     -0.108384   (eb)
 ( 7   2) <--> ( 7   1)       -0.076496      0.000390      0.000390   WU     1.209731      1.209731
 ( 7   2) <--> ( 7   2)        0.000722      0.000484   (eb)
 ( 7   3) <--> ( 7   1)       -0.022014      0.000032      0.000032   WU     0.100190      0.100190
 ( 7   3) <--> ( 7   2)       -0.020755      0.000029      0.000029   WU     0.089052      0.089052
 ( 7   3) <--> ( 7   3)       -0.132128     -0.088481   (eb)
 ( 7   4) <--> ( 7   1)        0.004297      0.000001      0.000001   WU     0.003818      0.003818
 ( 7   4) <--> ( 7   2)       -0.003432      0.000001      0.000001   WU     0.002436      0.002436
 ( 7   4) <--> ( 7   3)        0.033046      0.000073      0.000073   WU     0.225759      0.225759
 ( 7   4) <--> ( 7   4)       -0.149544     -0.100144   (eb)
 ( 7   1) <--> ( 8   1)       -0.051209      0.000175      0.000154   WU     0.542128      0.478348
 ( 7   1) <--> ( 8   2)       -0.127621      0.001086      0.000958   WU     3.367108      2.970978
 ( 7   1) <--> ( 8   3)        0.026652      0.000047      0.000042   WU     0.146855      0.129578
 ( 7   1) <--> ( 8   4)        0.058192      0.000226      0.000199   WU     0.700064      0.617704
 ( 7   2) <--> ( 8   1)       -0.000836      0.000000      0.000000   WU     0.000145      0.000128
 ( 7   2) <--> ( 8   2)        0.049567      0.000164      0.000145   WU     0.507930      0.448173
 ( 7   2) <--> ( 8   3)       -0.007994      0.000004      0.000004   WU     0.013211      0.011657
 ( 7   2) <--> ( 8   4)        0.093331      0.000581      0.000512   WU     1.800800      1.588941
 ( 7   3) <--> ( 8   1)       -0.000502      0.000000      0.000000   WU     0.000052      0.000046
 ( 7   3) <--> ( 8   2)       -0.018337      0.000022      0.000020   WU     0.069510      0.061333
 ( 7   3) <--> ( 8   3)        0.073287      0.000358      0.000316   WU     1.110366      0.979735
 ( 7   3) <--> ( 8   4)        0.007140      0.000003      0.000003   WU     0.010539      0.009299
 ( 7   4) <--> ( 8   1)       -0.000992      0.000000      0.000000   WU     0.000204      0.000180
 ( 7   4) <--> ( 8   2)       -0.007054      0.000003      0.000003   WU     0.010288      0.009078
 ( 7   4) <--> ( 8   3)       -0.001310      0.000000      0.000000   WU     0.000355      0.000313
 ( 7   4) <--> ( 8   4)        0.057105      0.000217      0.000192   WU     0.674163      0.594850
 ( 7   1) <--> ( 9   1)        0.292008      0.005685      0.004488   WU    17.628067     13.916895
 ( 7   1) <--> ( 9   2)        0.032658      0.000071      0.000056   WU     0.220495      0.174075
 ( 7   1) <--> ( 9   3)        0.023681      0.000037      0.000030   WU     0.115932      0.091525
 ( 7   1) <--> ( 9   4)        0.006658      0.000003      0.000002   WU     0.009163      0.007234
 ( 7   2) <--> ( 9   1)        0.026816      0.000048      0.000038   WU     0.148662      0.117365
 ( 7   2) <--> ( 9   2)       -0.246834      0.004062      0.003207   WU    12.595746      9.944010
 ( 7   2) <--> ( 9   3)        0.025545      0.000044      0.000034   WU     0.134903      0.106502
 ( 7   2) <--> ( 9   4)        0.010924      0.000008      0.000006   WU     0.024671      0.019477
 ( 7   3) <--> ( 9   1)        0.051729      0.000178      0.000141   WU     0.553194      0.436732
 ( 7   3) <--> ( 9   2)        0.066808      0.000298      0.000235   WU     0.922729      0.728470
 ( 7   3) <--> ( 9   3)        0.269635      0.004847      0.003826   WU    15.030276     11.866008
 ( 7   3) <--> ( 9   4)       -0.002242      0.000000      0.000000   WU     0.001040      0.000821
 ( 7   4) <--> ( 9   1)        0.050634      0.000171      0.000135   WU     0.530035      0.418449
 ( 7   4) <--> ( 9   2)       -0.039247      0.000103      0.000081   WU     0.318434      0.251396
 ( 7   4) <--> ( 9   3)       -0.031207      0.000065      0.000051   WU     0.201335      0.158949
 ( 7   4) <--> ( 9   4)        0.254708      0.004325      0.003415   WU    13.412175     10.588560
 ( 8   1) <--> ( 8   1)       -0.243003     -0.156541   (eb)
 ( 8   2) <--> ( 8   1)        0.068944      0.000280      0.000280   WU     0.867075      0.867075
 ( 8   2) <--> ( 8   2)       -0.133163     -0.085783   (eb)
 ( 8   3) <--> ( 8   1)        0.029127      0.000050      0.000050   WU     0.154760      0.154760
 ( 8   3) <--> ( 8   2)       -0.021408      0.000027      0.000027   WU     0.083598      0.083598
 ( 8   3) <--> ( 8   3)       -0.185334     -0.119391   (eb)
 ( 8   4) <--> ( 8   1)       -0.004160      0.000001      0.000001   WU     0.003157      0.003157
 ( 8   4) <--> ( 8   2)        0.093263      0.000512      0.000512   WU     1.586634      1.586634
 ( 8   4) <--> ( 8   3)        0.012063      0.000009      0.000009   WU     0.026546      0.026546
 ( 8   4) <--> ( 8   4)       -0.145472     -0.093713   (eb)
 ( 8   1) <--> ( 9   1)        0.032372      0.000062      0.000055   WU     0.191155      0.171034
 ( 8   1) <--> ( 9   2)       -0.003937      0.000001      0.000001   WU     0.002827      0.002530
 ( 8   1) <--> ( 9   3)        0.001952      0.000000      0.000000   WU     0.000695      0.000622
 ( 8   1) <--> ( 9   4)        0.003853      0.000001      0.000001   WU     0.002708      0.002423
 ( 8   2) <--> ( 9   1)       -0.105026      0.000649      0.000581   WU     2.012120      1.800318
 ( 8   2) <--> ( 9   2)        0.023625      0.000033      0.000029   WU     0.101814      0.091097
 ( 8   2) <--> ( 9   3)       -0.012625      0.000009      0.000008   WU     0.029074      0.026013
 ( 8   2) <--> ( 9   4)        0.006898      0.000003      0.000003   WU     0.008680      0.007766
 ( 8   3) <--> ( 9   1)       -0.014098      0.000012      0.000010   WU     0.036255      0.032439
 ( 8   3) <--> ( 9   2)       -0.000389      0.000000      0.000000   WU     0.000028      0.000025
 ( 8   3) <--> ( 9   3)       -0.017684      0.000018      0.000016   WU     0.057046      0.051041
 ( 8   3) <--> ( 9   4)       -0.002048      0.000000      0.000000   WU     0.000765      0.000685
 ( 8   4) <--> ( 9   1)        0.087379      0.000449      0.000402   WU     1.392750      1.246144
 ( 8   4) <--> ( 9   2)       -0.086914      0.000444      0.000398   WU     1.377950      1.232903
 ( 8   4) <--> ( 9   3)        0.030679      0.000055      0.000050   WU     0.171684      0.153612
 ( 8   4) <--> ( 9   4)       -0.019054      0.000021      0.000019   WU     0.066227      0.059256
 ( 8   1) <--> (10   1)        0.337737      0.006710      0.005432   WU    20.807283     16.843991
 ( 8   1) <--> (10   2)       -0.022900      0.000031      0.000025   WU     0.095661      0.077440
 ( 8   1) <--> (10   3)       -0.029775      0.000052      0.000042   WU     0.161719      0.130915
 ( 8   1) <--> (10   4)       -0.005776      0.000002      0.000002   WU     0.006086      0.004927
 ( 8   2) <--> (10   1)       -0.017829      0.000019      0.000015   WU     0.057983      0.046938
 ( 8   2) <--> (10   2)       -0.314255      0.005809      0.004703   WU    18.014469     14.583142
 ( 8   2) <--> (10   3)       -0.016737      0.000016      0.000013   WU     0.051098      0.041365
 ( 8   2) <--> (10   4)        0.033869      0.000067      0.000055   WU     0.209249      0.169392
 ( 8   3) <--> (10   1)       -0.057058      0.000192      0.000155   WU     0.593867      0.480749
 ( 8   3) <--> (10   2)        0.033049      0.000064      0.000052   WU     0.199236      0.161286
 ( 8   3) <--> (10   3)        0.308481      0.005598      0.004531   WU    17.358581     14.052185
 ( 8   3) <--> (10   4)       -0.005490      0.000002      0.000001   WU     0.005498      0.004451
 ( 8   4) <--> (10   1)       -0.039832      0.000093      0.000076   WU     0.289411      0.234285
 ( 8   4) <--> (10   2)        0.042315      0.000105      0.000085   WU     0.326622      0.264409
 ( 8   4) <--> (10   3)       -0.024378      0.000035      0.000028   WU     0.108407      0.087758
 ( 8   4) <--> (10   4)        0.299969      0.005293      0.004285   WU    16.413889     13.287434
 ( 9   1) <--> ( 9   1)       -0.214413     -0.133126   (eb)
 ( 9   2) <--> ( 9   1)        0.073619      0.000285      0.000285   WU     0.884576      0.884576
 ( 9   2) <--> ( 9   2)       -0.062620     -0.038880   (eb)
 ( 9   3) <--> ( 9   1)       -0.037354      0.000073      0.000073   WU     0.227736      0.227736
 ( 9   3) <--> ( 9   2)        0.003490      0.000001      0.000001   WU     0.001988      0.001988
 ( 9   3) <--> ( 9   3)       -0.180629     -0.112149   (eb)
 ( 9   4) <--> ( 9   1)        0.005416      0.000002      0.000002   WU     0.004787      0.004787
 ( 9   4) <--> ( 9   2)       -0.019688      0.000020      0.000020   WU     0.063263      0.063263
 ( 9   4) <--> ( 9   3)        0.031479      0.000052      0.000052   WU     0.161734      0.161734
 ( 9   4) <--> ( 9   4)       -0.187797     -0.116600   (eb)
 ( 9   1) <--> (10   1)       -0.051981      0.000142      0.000129   WU     0.441005      0.399005
 ( 9   1) <--> (10   2)        0.126266      0.000839      0.000759   WU     2.602122      2.354301
 ( 9   1) <--> (10   3)        0.025790      0.000035      0.000032   WU     0.108558      0.098220
 ( 9   1) <--> (10   4)        0.041995      0.000093      0.000084   WU     0.287843      0.260429
 ( 9   2) <--> (10   1)        0.001356      0.000000      0.000000   WU     0.000300      0.000271
 ( 9   2) <--> (10   2)        0.052662      0.000146      0.000132   WU     0.452635      0.409527
 ( 9   2) <--> (10   3)        0.018020      0.000017      0.000015   WU     0.052996      0.047949
 ( 9   2) <--> (10   4)       -0.090621      0.000432      0.000391   WU     1.340331      1.212680
 ( 9   3) <--> (10   1)        0.000397      0.000000      0.000000   WU     0.000026      0.000023
 ( 9   3) <--> (10   2)        0.007761      0.000003      0.000003   WU     0.009831      0.008895
 ( 9   3) <--> (10   3)        0.070531      0.000262      0.000237   WU     0.811910      0.734585
 ( 9   3) <--> (10   4)        0.017189      0.000016      0.000014   WU     0.048223      0.043630
 ( 9   4) <--> (10   1)       -0.000641      0.000000      0.000000   WU     0.000067      0.000061
 ( 9   4) <--> (10   2)        0.010977      0.000006      0.000006   WU     0.019665      0.017792
 ( 9   4) <--> (10   3)       -0.001453      0.000000      0.000000   WU     0.000345      0.000312
 ( 9   4) <--> (10   4)        0.061403      0.000198      0.000180   WU     0.615357      0.556752
 (10   1) <--> (10   1)       -0.280273     -0.168050   (eb)
 (10   2) <--> (10   1)       -0.068698      0.000225      0.000225   WU     0.696900      0.696900
 (10   2) <--> (10   2)       -0.185380     -0.111153   (eb)
 (10   3) <--> (10   1)        0.032203      0.000049      0.000049   WU     0.153134      0.153134
 (10   3) <--> (10   2)        0.022351      0.000024      0.000024   WU     0.073770      0.073770
 (10   3) <--> (10   3)       -0.227259     -0.136263   (eb)
 (10   4) <--> (10   1)       -0.001600      0.000000      0.000000   WU     0.000378      0.000378
 (10   4) <--> (10   2)       -0.094558      0.000426      0.000426   WU     1.320323      1.320323
 (10   4) <--> (10   3)        0.021824      0.000023      0.000023   WU     0.070333      0.070333
 (10   4) <--> (10   4)       -0.192447     -0.115390   (eb)
 
  quadrupole shape invariant: 01+, 02+, 03+, 04+
quadr2     0.00971774     0.00958215     0.01225155     0.00937668
quadr3     0.00076186     0.00090298     0.00052222     0.00070957
  effective deformation parameters:  01+, 02+, 03+, 04+
beteff     0.38918438     0.38645979     0.43698675     0.38229391
cos3ga     0.79528874     0.96268094     0.38509243     0.78148377
 
 ********* END Transition **************************
