nucleus  E(21+)  E(41+)  E(02+)  E(22+)  E(03+)  E(23+)   E(04+)   E(24+)
Sn100	2.316241  5.035365  4.541854  5.214095  6.188151  5.946186  8.764530  6.987958
Sn102	2.280658  4.256931  3.201460  4.854006  6.061832  5.706974  8.108590  7.490855
Sn104	1.446341  2.995439  2.703501  2.949161  4.693114  4.056539  5.394266  5.549369
Sn106	1.309171  2.808735  2.437449  2.614354  3.561079  3.614592  4.557815  5.054673
Sn108	1.309167  2.696534  2.134647  2.437761  3.190450  3.159354  3.906198  4.474637
Sn110	1.358786  2.567573  1.881246  2.311428  2.908973  2.824759  3.374918  3.866178
Sn112	1.434368  2.461317  1.681983  2.169032  2.665308  2.778003  3.227676  3.546488
Sn114	1.482360  2.338327  1.545206  2.025646  2.511761  2.762459  3.146591  3.340293
Sn116	1.545474  2.458152  1.680003  2.122964  2.418655  2.772917  3.139191  3.318272
Sn118	1.625725  2.714465  1.841005  2.396135  2.600392  2.886633  3.276763  3.613858
Sn120	1.762328  3.054681  2.100097  2.775899  3.190721  3.230426  3.644429  4.068837
Sn122	1.849183  3.389779  2.484704  3.140774  4.022013  3.812233  4.405256  4.844373
Sn124	1.842665  3.585257  2.863144  3.367628  4.702482  4.330977  5.186546  5.571139
Sn126	2.001168  3.947970  3.449543  3.755810  5.196574  4.944113  5.925196  6.213937
Sn128	2.119946  4.266855  3.743659  4.297106  5.594802  5.561257  6.530348  7.221357
Sn130	2.771436  5.412776  4.099591  5.731749  7.137963  6.630145  7.646679  8.657106
Sn132	2.089446  4.319773  4.971724  4.225511  6.034589  6.114280  7.526153  8.106047
Sn134	2.694940  5.140906  3.399769  5.352952  6.320922  6.089509  8.278540  7.974079
Sn136	1.727286  3.369470  2.726137  3.537179  5.085429  4.621388  5.807207  6.333096
Sn138	1.278966  2.603519  2.375097  2.692220  3.872322  3.905910  4.756826  5.325019
Sn140	1.065989  2.235729  2.162847  2.220483  3.161403  3.464066  4.299133  4.447472
Sn142	0.930218  1.985763  1.957635  1.923116  2.753949  3.077296  3.890180  3.876305
Sn144	0.829386  1.774553  1.727275  1.699687  2.437791  2.688939  3.465946  3.413934
Sn146	0.758715  1.607609  1.521777  1.526415  2.155141  2.385025  3.179747  3.047148
Sn148	0.719509  1.500810  1.372610  1.400405  1.914462  2.205532  3.011870  2.781506
Sn150	0.715973  1.459819  1.275671  1.332935  1.750206  2.112619  2.892495  2.620452
Sn152	0.753732  1.492146  1.229927  1.351235  1.718303  2.104649  2.878333  2.584438
Sn154	0.826102  1.576624  1.218963  1.437793  1.818071  2.121645  2.788477  2.638344
Sn156	0.926748  1.716549  1.286303  1.589671  2.049369  2.246524  2.849182  2.842106
Sn158	1.033572  1.887951  1.416532  1.777837  2.376582  2.453066  2.977679  3.159753
Sn160	1.142328  2.074794  1.579067  1.985229  2.741725  2.694138  3.201969  3.465781
Sn162	1.263264  2.304621  1.814558  2.245068  3.173061  2.948418  3.543620  3.784272
Sn164	1.373757  2.557483  2.132446  2.563094  3.660317  3.235281  4.008928  4.161064
Sn166	1.415707  2.722444  2.446469  2.859254  4.110646  3.503287  4.485161  4.552147
Sn168	1.404814  2.778813  2.649325  3.110835  4.484042  3.687791  4.808868  4.877882
Sn170	1.426538  2.831563  2.695778  3.320351  4.704849  3.854495  5.117177  5.138454
Sn172	1.513107  3.001544  2.786304  3.537996  5.027567  4.358281  5.979338  6.010006
Sn174	1.645171  3.003175  2.382224  3.353591  4.465983  4.125375  5.476824  5.317378
Sn176	1.637980  2.880263  2.112043  3.166664  4.102321  3.961604  5.277348  5.110119
nucleus  E(21+)  E(41+)  E(02+)  E(22+)  E(03+)  E(23+)   E(04+)   E(24+)
Sn100	2.316241  5.035365  4.541854  5.214095  6.188151  5.946186  8.764530  6.987958
Sn102	2.280658  4.256931  3.201460  4.854006  6.061832  5.706974  8.108590  7.490855
Sn104	1.446341  2.995439  2.703501  2.949161  4.693114  4.056539  5.394266  5.549369
Sn106	1.309171  2.808735  2.437449  2.614354  3.561079  3.614592  4.557815  5.054673
Sn108	1.309167  2.696534  2.134647  2.437761  3.190450  3.159354  3.906198  4.474637
Sn110	1.358786  2.567573  1.881246  2.311428  2.908973  2.824759  3.374918  3.866178
Sn112	1.434368  2.461317  1.681983  2.169032  2.665308  2.778003  3.227676  3.546488
Sn114	1.482360  2.338327  1.545206  2.025646  2.511761  2.762459  3.146591  3.340293
Sn116	1.545474  2.458152  1.680003  2.122964  2.418655  2.772917  3.139191  3.318272
Sn118	1.625725  2.714465  1.841005  2.396135  2.600392  2.886633  3.276763  3.613858
Sn120	1.762328  3.054681  2.100097  2.775899  3.190721  3.230426  3.644429  4.068837
Sn122	1.849183  3.389779  2.484704  3.140774  4.022013  3.812233  4.405256  4.844373
Sn124	1.842665  3.585257  2.863144  3.367628  4.702482  4.330977  5.186546  5.571139
Sn126	2.001168  3.947970  3.449543  3.755810  5.196574  4.944113  5.925196  6.213937
Sn128	2.119946  4.266855  3.743659  4.297106  5.594802  5.561257  6.530348  7.221357
Sn130	2.771436  5.412776  4.099591  5.731749  7.137963  6.630145  7.646679  8.657106
Sn132	2.089446  4.319773  4.971724  4.225511  6.034589  6.114280  7.526153  8.106047
Sn134	2.694940  5.140906  3.399769  5.352952  6.320922  6.089509  8.278540  7.974079
Sn136	1.727286  3.369470  2.726137  3.537179  5.085429  4.621388  5.807207  6.333096
Sn138	1.278966  2.603519  2.375097  2.692220  3.872322  3.905910  4.756826  5.325019
Sn140	1.065989  2.235729  2.162847  2.220483  3.161403  3.464066  4.299133  4.447472
Sn142	0.930218  1.985763  1.957635  1.923116  2.753949  3.077296  3.890180  3.876305
Sn144	0.829386  1.774553  1.727275  1.699687  2.437791  2.688939  3.465946  3.413934
Sn146	0.758715  1.607609  1.521777  1.526415  2.155141  2.385025  3.179747  3.047148
Sn148	0.719509  1.500810  1.372610  1.400405  1.914462  2.205532  3.011870  2.781506
Sn150	0.715973  1.459819  1.275671  1.332935  1.750206  2.112619  2.892495  2.620452
Sn152	0.753732  1.492146  1.229927  1.351235  1.718303  2.104649  2.878333  2.584438
Sn154	0.826102  1.576624  1.218963  1.437793  1.818071  2.121645  2.788477  2.638344
Sn156	0.926748  1.716549  1.286303  1.589671  2.049369  2.246524  2.849182  2.842106
Sn158	1.033572  1.887951  1.416532  1.777837  2.376582  2.453066  2.977679  3.159753
Sn160	1.142328  2.074794  1.579067  1.985229  2.741725  2.694138  3.201969  3.465781
Sn162	1.263264  2.304621  1.814558  2.245068  3.173061  2.948418  3.543620  3.784272
Sn164	1.373757  2.557483  2.132446  2.563094  3.660317  3.235281  4.008928  4.161064
Sn166	1.415707  2.722444  2.446469  2.859254  4.110646  3.503287  4.485161  4.552147
Sn168	1.404814  2.778813  2.649325  3.110835  4.484042  3.687791  4.808868  4.877882
Sn170	1.426538  2.831563  2.695778  3.320351  4.704849  3.854495  5.117177  5.138454
Sn172	1.513107  3.001544  2.786304  3.537996  5.027567  4.358281  5.979338  6.010006
Sn174	1.645171  3.003175  2.382224  3.353591  4.465983  4.125375  5.476824  5.317378
Sn176	1.637980  2.880263  2.112043  3.166664  4.102321  3.961604  5.277348  5.110119
