 ********* BEGIN READER ****************************
 
 Nucleus            :  Pt  78 168
 Imin, Imax         :     0  10
 imu, remu          :     1 12.0000
 nlevel             :     4
 observables        :     2
 wave fun           :     1
 nbet, ngam, npar   :    10   7  10
 Finish reading parameters: V, B_k ...
 
 ********* END READER ******************************
 
 ********* BEGIN LEVELS ********************
 
 E_0 = -1728.051751
 
  I=   0   ntot= 127
   0   1    0.000000
   0   2    1.106813
   0   3    1.730241
   0   4    2.637003
 
  I=   2   ntot= 234
   2   1    0.291513
   2   2    0.691804
   2   3    1.606666
   2   4    2.086582
 
  I=   3   ntot= 108
   3   1    1.148406
   3   2    2.920089
   3   3    3.137153
   3   4    4.318047
 
  I=   4   ntot= 324
   4   1    0.735059
   4   2    1.208324
   4   3    1.704102
   4   4    2.237309
 
  I=   5   ntot= 198
   5   1    1.754474
   5   2    2.328531
   5   3    3.609629
   5   4    3.797652
 
  I=   6   ntot= 432
   6   1    1.302296
   6   2    1.835646
   6   3    2.412850
   6   4    2.955458
 
  I=   7   ntot= 306
   7   1    2.467809
   7   2    3.120863
   7   3    3.755162
   7   4    4.340447
 
  I=   8   ntot= 522
   8   1    1.978287
   8   2    2.558743
   8   3    3.231989
   8   4    3.750926
 
  I=   9   ntot= 397
   9   1    3.279909
   9   2    4.002760
   9   3    4.699089
   9   4    5.090090
 
  I=  10   ntot= 630
  10   1    2.755638
  10   2    3.370024
  10   3    4.142093
  10   4    4.504323
 
 ********* END LEVELS **********************
 
 ********* BEGIN Transition ************************
 
  Monopole moment 
 
   I   n    <In|E0|In>   ave \beta      del<b>   ave \gamma    del<g>  
     K=0       K=2       K=4   
   0   1     33.836078    0.203991    0.042619   29.395057   11.078374  100.0000    0.0000    0.0000
   0   2     34.067545    0.234015    0.045884   19.537114   14.434473  100.0000    0.0000    0.0000
   0   3     33.890346    0.215796    0.069800   30.159567   10.495176  100.0000    0.0000    0.0000
   0   4     34.268773    0.271453    0.069636   15.140888   14.367822  100.0000    0.0000    0.0000
   2   1     33.866130    0.208639    0.041736   30.068478   10.916366   56.6870   43.3130    0.0000
   2   2     33.968823    0.222133    0.041862   24.859952   11.218390   49.8364   50.1637    0.0000
   2   3     34.100474    0.240186    0.045705   21.314644   13.595854   78.2081   21.7919    0.0000
   2   4     33.971742    0.228302    0.065089   28.828155    9.443604   59.6301   40.3699    0.0000
   3   1     33.985136    0.226148    0.039803   27.940340    8.713913    0.0000  100.0000    0.0000
   3   2     34.189756    0.257689    0.053395   20.723845   11.309749    0.0000  100.0000    0.0000
   3   3     34.118295    0.247804    0.061596   30.154885    8.505462    0.0000  100.0000    0.0000
   3   4     34.623003    0.329701    0.083360   16.407684    8.927736    0.0000   99.9999    0.0000
   4   1     33.917572    0.215894    0.041399   29.034360   11.068139   51.4562   33.2463   15.2975
   4   2     34.024187    0.229411    0.042576   23.671267   12.570874   54.8344   12.3069   32.8586
   4   3     34.042060    0.233857    0.040324   26.932851   10.098891    9.6611   45.1973   45.1416
   4   4     34.135966    0.247008    0.046986   21.733038   12.446833   59.9790   32.6127    7.4083
   5   1     34.030719    0.232781    0.039476   27.795680    8.692209    0.0000   70.3447   29.6553
   5   2     34.085899    0.240760    0.039396   26.895540    8.665104    0.0000   32.5772   67.4228
   5   3     34.261710    0.271643    0.061353   20.327867   10.289138    0.0000   77.7000   22.2999
   5   4     34.198488    0.256822    0.055242   29.732405    8.562572    0.0000   81.9162   18.0838
   6   1     33.977520    0.224245    0.041249   27.496750   11.112197   50.5773   33.0892   10.8863
   6   2     34.082000    0.237183    0.043565   22.552925   13.510868   57.4022    9.4855   17.1113
   6   3     34.084538    0.239733    0.041734   27.081870   11.525087   15.0838   36.6844    3.8710
   6   4     34.159927    0.252628    0.048943   23.374329   11.428047   35.7426   11.8823   49.2541
   7   1     34.078547    0.239741    0.039454   27.381135    8.693020    0.0000   57.1195   34.2427
   7   2     34.139034    0.248242    0.040395   26.231606    9.579237    0.0000   42.1991   20.7216
   7   3     34.175046    0.254203    0.039804   26.863861    8.362652    0.0000    7.8029   41.6540
   7   4     34.379128    0.291505    0.069302   20.329225    9.750326    0.0000   68.0617   26.7235
   8   1     34.038378    0.232787    0.041251   26.046299   11.045821   50.0778   33.7192   10.6262
   8   2     34.143637    0.245732    0.044692   21.440630   13.992124   59.9530    9.8443   14.2804
   8   3     34.128449    0.246098    0.043993   26.950927   12.522166   17.9970   32.0760    2.9167
   8   4     34.286909    0.275494    0.066895   19.543378   12.262159   45.2767   20.7486   26.1362
   9   1     34.127752    0.246987    0.039784   26.847638    8.689886    0.0000   49.2086   36.0024
   9   2     34.198635    0.256853    0.042368   25.264551   10.379096    0.0000   46.8403    8.8682
   9   3     34.237166    0.263210    0.043515   26.183268   10.013227    0.0000   15.2993   37.0554
   9   4     34.534913    0.313928    0.073217   19.828347    9.717984    0.0000   66.2810   25.6459
  10   1     34.097963    0.241303    0.041533   24.808036   10.940896   49.4024   34.3140   10.9085
  10   2     34.206638    0.254843    0.046265   20.480251   14.198842   61.8618   10.6164   13.1061
  10   3     34.184902    0.254601    0.047805   26.021245   13.369337   20.6511   30.7553    3.9910
  10   4     34.526825    0.312212    0.076215   15.959488   11.813191   68.2245   21.1013    7.6493
 
  rho^2(E0) 
 
   I  n_1 n_2  <In_1|E0|In_2>  rho^2(E0) 
   0   1   1       33.836078 2179.268206
   0   2   1       -0.126723    0.030568
   0   2   2       34.067545 2209.186222
   0   3   1       -0.254582    0.123369
   0   3   2        0.002629    0.000013
   0   3   3       33.890346 2186.264239
   0   4   1        0.007542    0.000108
   0   4   2        0.253925    0.122733
   0   4   3        0.074437    0.010547
   0   4   4       34.268773 2235.361435
   2   1   1       33.866130 2183.140941
   2   2   1        0.055228    0.005806
   2   2   2       33.968823 2196.401043
   2   3   1        0.114767    0.025072
   2   3   2        0.055493    0.005862
   2   3   3       34.100474 2213.458915
   2   4   1        0.240946    0.110507
   2   4   2       -0.029644    0.001673
   2   4   3       -0.018267    0.000635
   2   4   4       33.971742 2196.778502
   3   1   1       33.985136 2198.511118
   3   2   1        0.162482    0.050253
   3   2   2       34.189756 2225.064648
   3   3   1       -0.207848    0.082232
   3   3   2        0.002955    0.000017
   3   3   3       34.118295 2215.773042
   3   4   1        0.048765    0.004527
   3   4   2       -0.290738    0.160900
   3   4   3        0.210938    0.084696
   3   4   4       34.623003 2281.813247
   4   1   1       33.917572 2189.778296
   4   2   1        0.079988    0.012179
   4   2   2       34.024187 2203.566428
   4   3   1        0.004703    0.000042
   4   3   2        0.057461    0.006285
   4   3   3       34.042060 2205.882137
   4   4   1        0.119733    0.027289
   4   4   2        0.049401    0.004645
   4   4   3        0.012830    0.000313
   4   4   4       34.135966 2218.068903
   5   1   1       34.030719 2204.412610
   5   2   1        0.028676    0.001565
   5   2   2       34.085899 2211.567186
   5   3   1        0.199063    0.075428
   5   3   2        0.031426    0.001880
   5   3   3       34.261710 2234.440045
   5   4   1       -0.159638    0.048509
   5   4   2        0.000453    0.000000
   5   4   3       -0.006821    0.000089
   5   4   4       34.198488 2226.201389
   6   1   1       33.977520 2197.525786
   6   2   1        0.095277    0.017279
   6   2   2       34.082000 2211.061310
   6   3   1        0.000331    0.000000
   6   3   2       -0.084842    0.013702
   6   3   3       34.084538 2211.390675
   6   4   1        0.120282    0.027539
   6   4   2        0.038023    0.002752
   6   4   3       -0.030017    0.001715
   6   4   4       34.159927 2221.183861
   7   1   1       34.078547 2210.613296
   7   2   1        0.040449    0.003114
   7   2   2       34.139034 2218.467561
   7   3   1       -0.005828    0.000065
   7   3   2       -0.033523    0.002139
   7   3   3       34.175046 2223.150413
   7   4   1       -0.226986    0.098073
   7   4   2       -0.051351    0.005019
   7   4   3        0.021370    0.000869
   7   4   4       34.379128 2249.781612
   8   1   1       34.038378 2205.404986
   8   2   1        0.103701    0.020470
   8   2   2       34.143637 2219.065939
   8   3   1        0.006035    0.000069
   8   3   2       -0.102549    0.020018
   8   3   3       34.128449 2217.092180
   8   4   1        0.195077    0.072437
   8   4   2        0.058641    0.006546
   8   4   3       -0.036707    0.002565
   8   4   4       34.286909 2237.728113
   9   1   1       34.127752 2217.001596
   9   2   1        0.050521    0.004858
   9   2   2       34.198635 2226.220546
   9   3   1        0.015356    0.000449
   9   3   2        0.057533    0.006301
   9   3   3       34.237166 2231.239848
   9   4   1        0.224229    0.095705
   9   4   2        0.075687    0.010904
   9   4   3        0.050728    0.004898
   9   4   4       34.534913 2270.216971
  10   1   1       34.097963 2213.132952
  10   2   1       -0.109228    0.022710
  10   2   2       34.206638 2227.262583
  10   3   1       -0.007336    0.000102
  10   3   2       -0.116434    0.025805
  10   3   3       34.184902 2224.432992
  10   4   1        0.215721    0.088580
  10   4   2       -0.100660    0.019287
  10   4   3        0.051890    0.005125
  10   4   4       34.526825 2269.153798
 
  E2 transition 
 
  I1  n1        I2  n2       <f||E2||i>   B(E2,I1->I2)  B(E2,I2->I1)
 ( 0   1) <--> ( 2   1)       -1.871553      3.502710      0.700542   WU   382.564073     76.512815
 ( 0   1) <--> ( 2   2)       -0.665652      0.443093      0.088619   WU    48.394322      9.678864
 ( 0   1) <--> ( 2   3)        0.057180      0.003270      0.000654   WU     0.357098      0.071420
 ( 0   1) <--> ( 2   4)       -0.273195      0.074635      0.014927   WU     8.151620      1.630324
 ( 0   2) <--> ( 2   1)        0.237527      0.056419      0.011284   WU     6.162069      1.232414
 ( 0   2) <--> ( 2   2)        1.281827      1.643081      0.328616   WU   179.456427     35.891285
 ( 0   2) <--> ( 2   3)        1.970280      3.882003      0.776401   WU   423.990226     84.798045
 ( 0   2) <--> ( 2   4)       -0.074649      0.005573      0.001115   WU     0.608631      0.121726
 ( 0   3) <--> ( 2   1)        0.492902      0.242952      0.048590   WU    26.535107      5.307021
 ( 0   3) <--> ( 2   2)        0.111365      0.012402      0.002480   WU     1.354554      0.270911
 ( 0   3) <--> ( 2   3)       -0.025868      0.000669      0.000134   WU     0.073085      0.014617
 ( 0   3) <--> ( 2   4)        1.828699      3.344141      0.668828   WU   365.245209     73.049042
 ( 0   4) <--> ( 2   1)       -0.026141      0.000683      0.000137   WU     0.074635      0.014927
 ( 0   4) <--> ( 2   2)       -0.003954      0.000016      0.000003   WU     0.001708      0.000342
 ( 0   4) <--> ( 2   3)        0.798323      0.637320      0.127464   WU    69.607693     13.921539
 ( 0   4) <--> ( 2   4)       -0.272776      0.074407      0.014881   WU     8.126688      1.625338
 ( 2   1) <--> ( 2   1)        0.393727      0.298419   (eb)
 ( 2   2) <--> ( 2   1)       -2.394134      1.146375      1.146375   WU   125.206475    125.206475
 ( 2   2) <--> ( 2   2)       -0.778491     -0.590044   (eb)
 ( 2   3) <--> ( 2   1)        0.171550      0.005886      0.005886   WU     0.642849      0.642849
 ( 2   3) <--> ( 2   2)       -0.675619      0.091292      0.091292   WU     9.970896      9.970896
 ( 2   3) <--> ( 2   3)       -1.464562     -1.110040   (eb)
 ( 2   4) <--> ( 2   1)        0.062101      0.000771      0.000771   WU     0.084241      0.084241
 ( 2   4) <--> ( 2   2)       -0.598856      0.071726      0.071726   WU     7.833838      7.833838
 ( 2   4) <--> ( 2   3)        1.205288      0.290544      0.290544   WU    31.733015     31.733015
 ( 2   4) <--> ( 2   4)        0.177875      0.134817   (eb)
 ( 2   1) <--> ( 3   1)        0.976159      0.190577      0.136126   WU    20.814726     14.867661
 ( 2   1) <--> ( 3   2)       -0.079463      0.001263      0.000902   WU     0.137932      0.098523
 ( 2   1) <--> ( 3   3)       -0.031122      0.000194      0.000138   WU     0.021157      0.015112
 ( 2   1) <--> ( 3   4)       -0.020955      0.000088      0.000063   WU     0.009592      0.006852
 ( 2   2) <--> ( 3   1)       -2.690401      1.447652      1.034037   WU   158.111710    112.936935
 ( 2   2) <--> ( 3   2)       -0.092950      0.001728      0.001234   WU     0.188726      0.134804
 ( 2   2) <--> ( 3   3)        0.220700      0.009742      0.006958   WU     1.063981      0.759986
 ( 2   2) <--> ( 3   4)       -0.041545      0.000345      0.000247   WU     0.037702      0.026930
 ( 2   3) <--> ( 3   1)        1.820354      0.662738      0.473384   WU    72.383846     51.702747
 ( 2   3) <--> ( 3   2)        0.348810      0.024334      0.017381   WU     2.657717      1.898370
 ( 2   3) <--> ( 3   3)       -0.467098      0.043636      0.031169   WU     4.765905      3.404218
 ( 2   3) <--> ( 3   4)        0.118599      0.002813      0.002009   WU     0.307250      0.219464
 ( 2   4) <--> ( 3   1)        0.409518      0.033541      0.023958   WU     3.663326      2.616661
 ( 2   4) <--> ( 3   2)        1.228065      0.301629      0.215449   WU    32.943726     23.531233
 ( 2   4) <--> ( 3   3)       -0.434988      0.037843      0.027031   WU     4.133176      2.952269
 ( 2   4) <--> ( 3   4)        0.106187      0.002255      0.001611   WU     0.246307      0.175933
 ( 2   1) <--> ( 4   1)        3.140031      1.971959      1.095533   WU   215.376291    119.653495
 ( 2   1) <--> ( 4   2)        0.411436      0.033856      0.018809   WU     3.697719      2.054288
 ( 2   1) <--> ( 4   3)       -0.145046      0.004208      0.002338   WU     0.459562      0.255312
 ( 2   1) <--> ( 4   4)       -0.000012      0.000000      0.000000   WU     0.000000      0.000000
 ( 2   2) <--> ( 4   1)        0.610141      0.074454      0.041364   WU     8.131871      4.517706
 ( 2   2) <--> ( 4   2)        2.772763      1.537643      0.854246   WU   167.940501     93.300278
 ( 2   2) <--> ( 4   3)        0.638432      0.081519      0.045288   WU     8.903462      4.946368
 ( 2   2) <--> ( 4   4)       -0.098817      0.001953      0.001085   WU     0.213302      0.118501
 ( 2   3) <--> ( 4   1)        0.379973      0.028876      0.016042   WU     3.153812      1.752118
 ( 2   3) <--> ( 4   2)        1.405116      0.394870      0.219372   WU    43.127501     23.959723
 ( 2   3) <--> ( 4   3)        0.618759      0.076572      0.042540   WU     8.363204      4.646224
 ( 2   3) <--> ( 4   4)        3.226398      2.081929      1.156627   WU   227.387120    126.326178
 ( 2   4) <--> ( 4   1)        0.802694      0.128863      0.071591   WU    14.074400      7.819111
 ( 2   4) <--> ( 4   2)       -0.065037      0.000846      0.000470   WU     0.092394      0.051330
 ( 2   4) <--> ( 4   3)       -0.743580      0.110582      0.061435   WU    12.077731      6.709851
 ( 2   4) <--> ( 4   4)        0.150403      0.004524      0.002513   WU     0.494133      0.274518
 ( 3   1) <--> ( 3   1)        0.000000      0.000000   (eb)
 ( 3   2) <--> ( 3   1)        0.000000      0.000000      0.000000   WU     0.000000      0.000000
 ( 3   2) <--> ( 3   2)        0.000000      0.000000   (eb)
 ( 3   3) <--> ( 3   1)        0.000000      0.000000      0.000000   WU     0.000000      0.000000
 ( 3   3) <--> ( 3   2)        0.000000      0.000000      0.000000   WU     0.000000      0.000000
 ( 3   3) <--> ( 3   3)        0.000000      0.000000   (eb)
 ( 3   4) <--> ( 3   1)        0.000000      0.000000      0.000000   WU     0.000000      0.000000
 ( 3   4) <--> ( 3   2)        0.000000      0.000000      0.000000   WU     0.000000      0.000000
 ( 3   4) <--> ( 3   3)        0.000000      0.000000      0.000000   WU     0.000000      0.000000
 ( 3   4) <--> ( 3   4)        0.000000      0.000000   (eb)
 ( 3   1) <--> ( 4   1)        1.825088      0.475850      0.370105   WU    51.972033     40.422692
 ( 3   1) <--> ( 4   2)       -0.206869      0.006114      0.004755   WU     0.667718      0.519336
 ( 3   1) <--> ( 4   3)       -2.815352      1.132315      0.880690   WU   123.670872     96.188456
 ( 3   1) <--> ( 4   4)        0.873961      0.109115      0.084867   WU    11.917515      9.269178
 ( 3   2) <--> ( 4   1)        0.031950      0.000146      0.000113   WU     0.015927      0.012388
 ( 3   2) <--> ( 4   2)        0.049535      0.000351      0.000273   WU     0.038285      0.029777
 ( 3   2) <--> ( 4   3)       -0.536674      0.041146      0.032002   WU     4.493890      3.495248
 ( 3   2) <--> ( 4   4)        1.961596      0.549694      0.427540   WU    60.037307     46.695683
 ( 3   3) <--> ( 4   1)       -0.136574      0.002665      0.002072   WU     0.291030      0.226357
 ( 3   3) <--> ( 4   2)        0.012408      0.000022      0.000017   WU     0.002402      0.001869
 ( 3   3) <--> ( 4   3)        0.577790      0.047692      0.037094   WU     5.208860      4.051336
 ( 3   3) <--> ( 4   4)        0.162442      0.003770      0.002932   WU     0.411715      0.320223
 ( 3   4) <--> ( 4   1)        0.017982      0.000046      0.000036   WU     0.005045      0.003924
 ( 3   4) <--> ( 4   2)        0.003651      0.000002      0.000001   WU     0.000208      0.000162
 ( 3   4) <--> ( 4   3)       -0.125095      0.002236      0.001739   WU     0.244166      0.189907
 ( 3   4) <--> ( 4   4)        0.001950      0.000001      0.000000   WU     0.000059      0.000046
 ( 3   1) <--> ( 5   1)        3.176239      1.441213      0.917136   WU   157.408515    100.169055
 ( 3   1) <--> ( 5   2)        0.745900      0.079481      0.050579   WU     8.680877      5.524195
 ( 3   1) <--> ( 5   3)        0.108927      0.001695      0.001079   WU     0.185128      0.117809
 ( 3   1) <--> ( 5   4)       -0.244106      0.008513      0.005417   WU     0.929733      0.591648
 ( 3   2) <--> ( 5   1)        0.602647      0.051883      0.033017   WU     5.666669      3.606062
 ( 3   2) <--> ( 5   2)        1.369696      0.268009      0.170551   WU    29.271846     18.627538
 ( 3   2) <--> ( 5   3)        3.370459      1.622856      1.032727   WU   177.247463    112.793840
 ( 3   2) <--> ( 5   4)        0.710564      0.072129      0.045900   WU     7.877857      5.013182
 ( 3   3) <--> ( 5   1)       -0.621153      0.055119      0.035075   WU     6.020027      3.830926
 ( 3   3) <--> ( 5   2)        0.300407      0.012892      0.008204   WU     1.408062      0.896039
 ( 3   3) <--> ( 5   3)       -0.868565      0.107772      0.068582   WU    11.770808      7.490514
 ( 3   3) <--> ( 5   4)        3.315831      1.570677      0.999522   WU   171.548443    109.167191
 ( 3   4) <--> ( 5   1)        0.126588      0.002289      0.001457   WU     0.250027      0.159108
 ( 3   4) <--> ( 5   2)        0.009807      0.000014      0.000009   WU     0.001501      0.000955
 ( 3   4) <--> ( 5   3)       -1.413873      0.285577      0.181731   WU    31.190529     19.848518
 ( 3   4) <--> ( 5   4)        0.604253      0.052160      0.033193   WU     5.696908      3.625305
 ( 4   1) <--> ( 4   1)       -0.210515     -0.158749   (eb)
 ( 4   2) <--> ( 4   1)       -2.486090      0.686738      0.686738   WU    75.005154     75.005154
 ( 4   2) <--> ( 4   2)       -0.886261     -0.668325   (eb)
 ( 4   3) <--> ( 4   1)        0.543961      0.032877      0.032877   WU     3.590809      3.590809
 ( 4   3) <--> ( 4   2)       -2.818966      0.882952      0.882952   WU    96.435526     96.435526
 ( 4   3) <--> ( 4   3)        0.446954      0.337046   (eb)
 ( 4   4) <--> ( 4   1)        0.114942      0.001468      0.001468   WU     0.160330      0.160330
 ( 4   4) <--> ( 4   2)       -0.501870      0.027986      0.027986   WU     3.056605      3.056605
 ( 4   4) <--> ( 4   3)        0.851993      0.080655      0.080655   WU     8.809057      8.809057
 ( 4   4) <--> ( 4   4)       -2.111682     -1.592410   (eb)
 ( 4   1) <--> ( 5   1)        0.922361      0.094528      0.077341   WU    10.324261      8.447123
 ( 4   1) <--> ( 5   2)       -0.055311      0.000340      0.000278   WU     0.037127      0.030376
 ( 4   1) <--> ( 5   3)       -0.078470      0.000684      0.000560   WU     0.074726      0.061139
 ( 4   1) <--> ( 5   4)       -0.033089      0.000122      0.000100   WU     0.013287      0.010871
 ( 4   2) <--> ( 5   1)       -2.164442      0.520534      0.425892   WU    56.852477     46.515663
 ( 4   2) <--> ( 5   2)        0.466149      0.024144      0.019754   WU     2.636982      2.157530
 ( 4   2) <--> ( 5   3)       -0.117867      0.001544      0.001263   WU     0.168594      0.137941
 ( 4   2) <--> ( 5   4)        0.091682      0.000934      0.000764   WU     0.102007      0.083460
 ( 4   3) <--> ( 5   1)        0.072384      0.000582      0.000476   WU     0.063583      0.052022
 ( 4   3) <--> ( 5   2)       -3.919593      1.707023      1.396655   WU   186.440098    152.541898
 ( 4   3) <--> ( 5   3)       -0.001229      0.000000      0.000000   WU     0.000018      0.000015
 ( 4   3) <--> ( 5   4)        0.017417      0.000034      0.000028   WU     0.003681      0.003012
 ( 4   4) <--> ( 5   1)        2.251561      0.563281      0.460866   WU    61.521217     50.335541
 ( 4   4) <--> ( 5   2)        0.726470      0.058640      0.047978   WU     6.404619      5.240143
 ( 4   4) <--> ( 5   3)        0.671977      0.050173      0.041050   WU     5.479819      4.483489
 ( 4   4) <--> ( 5   4)       -0.355424      0.014036      0.011484   WU     1.533035      1.254301
 ( 4   1) <--> ( 6   1)        4.325423      2.078809      1.439176   WU   227.046390    157.185962
 ( 4   1) <--> ( 6   2)        0.311634      0.010791      0.007470   WU     1.178551      0.815920
 ( 4   1) <--> ( 6   3)        0.164696      0.003014      0.002087   WU     0.329174      0.227890
 ( 4   1) <--> ( 6   4)        0.065468      0.000476      0.000330   WU     0.052013      0.036009
 ( 4   2) <--> ( 6   1)        0.877156      0.085489      0.059185   WU     9.337073      6.464127
 ( 4   2) <--> ( 6   2)        4.067737      1.838498      1.272806   WU   200.799748    139.015210
 ( 4   2) <--> ( 6   3)       -0.397738      0.017577      0.012169   WU     1.919783      1.329081
 ( 4   2) <--> ( 6   4)       -0.078529      0.000685      0.000474   WU     0.074838      0.051811
 ( 4   3) <--> ( 6   1)       -0.421576      0.019747      0.013671   WU     2.156799      1.493168
 ( 4   3) <--> ( 6   2)        0.867615      0.083640      0.057904   WU     9.135067      6.324277
 ( 4   3) <--> ( 6   3)       -3.157058      1.107446      0.766693   WU   120.954655     83.737838
 ( 4   3) <--> ( 6   4)        0.244857      0.006662      0.004612   WU     0.727582      0.503710
 ( 4   4) <--> ( 6   1)        0.597838      0.039712      0.027493   WU     4.337344      3.002776
 ( 4   4) <--> ( 6   2)        1.348577      0.202073      0.139897   WU    22.070339     15.279465
 ( 4   4) <--> ( 6   3)       -0.392059      0.017079      0.011824   WU     1.865349      1.291396
 ( 4   4) <--> ( 6   4)        3.623449      1.458820      1.009953   WU   159.331563    110.306467
 ( 5   1) <--> ( 5   1)       -0.267371     -0.194145   (eb)
 ( 5   2) <--> ( 5   1)       -2.324427      0.491178      0.491178   WU    53.646213     53.646213
 ( 5   2) <--> ( 5   2)        0.113952      0.082744   (eb)
 ( 5   3) <--> ( 5   1)       -0.007223      0.000005      0.000005   WU     0.000518      0.000518
 ( 5   3) <--> ( 5   2)       -0.666679      0.040406      0.040406   WU     4.413067      4.413067
 ( 5   3) <--> ( 5   3)       -1.049634     -0.762167   (eb)
 ( 5   4) <--> ( 5   1)        0.038057      0.000132      0.000132   WU     0.014380      0.014380
 ( 5   4) <--> ( 5   2)        0.223332      0.004534      0.004534   WU     0.495231      0.495231
 ( 5   4) <--> ( 5   3)       -0.256948      0.006002      0.006002   WU     0.655538      0.655538
 ( 5   4) <--> ( 5   4)       -0.993943     -0.721729   (eb)
 ( 5   1) <--> ( 6   1)        2.238057      0.455354      0.385300   WU    49.733545     42.082230
 ( 5   1) <--> ( 6   2)       -0.673459      0.041232      0.034888   WU     4.503290      3.810476
 ( 5   1) <--> ( 6   3)        1.857694      0.313730      0.265464   WU    34.265377     28.993780
 ( 5   1) <--> ( 6   4)        1.237063      0.139121      0.117717   WU    15.194669     12.857027
 ( 5   2) <--> ( 6   1)       -0.076499      0.000532      0.000450   WU     0.058106      0.049166
 ( 5   2) <--> ( 6   2)        1.273948      0.147540      0.124842   WU    16.114261     13.635144
 ( 5   2) <--> ( 6   3)        0.996844      0.090336      0.076438   WU     9.866464      8.348547
 ( 5   2) <--> ( 6   4)       -2.797240      0.711323      0.601889   WU    77.690307     65.737952
 ( 5   3) <--> ( 6   1)        0.075802      0.000522      0.000442   WU     0.057052      0.048275
 ( 5   3) <--> ( 6   2)        0.034765      0.000110      0.000093   WU     0.012000      0.010154
 ( 5   3) <--> ( 6   3)        0.317671      0.009174      0.007763   WU     1.001989      0.847836
 ( 5   3) <--> ( 6   4)        2.460679      0.550449      0.465765   WU    60.119770     50.870575
 ( 5   4) <--> ( 6   1)       -0.120910      0.001329      0.001125   WU     0.145155      0.122823
 ( 5   4) <--> ( 6   2)        0.073366      0.000489      0.000414   WU     0.053444      0.045222
 ( 5   4) <--> ( 6   3)       -0.423676      0.016318      0.013808   WU     1.782272      1.508076
 ( 5   4) <--> ( 6   4)        0.705312      0.045224      0.038267   WU     4.939356      4.179455
 ( 5   1) <--> ( 7   1)        4.516474      1.854413      1.359903   WU   202.537934    148.527818
 ( 5   1) <--> ( 7   2)        0.615864      0.034481      0.025286   WU     3.765973      2.761714
 ( 5   1) <--> ( 7   3)        0.023981      0.000052      0.000038   WU     0.005710      0.004187
 ( 5   1) <--> ( 7   4)       -0.207175      0.003902      0.002861   WU     0.426171      0.312525
 ( 5   2) <--> ( 7   1)        0.351007      0.011201      0.008214   WU     1.223317      0.897099
 ( 5   2) <--> ( 7   2)        3.492186      1.108669      0.813024   WU   121.088256     88.798054
 ( 5   2) <--> ( 7   3)       -0.896770      0.073109      0.053613   WU     7.984899      5.855592
 ( 5   2) <--> ( 7   4)        0.006842      0.000004      0.000003   WU     0.000465      0.000341
 ( 5   3) <--> ( 7   1)        0.982428      0.087742      0.064344   WU     9.583165      7.027654
 ( 5   3) <--> ( 7   2)        1.288175      0.150854      0.110626   WU    16.476208     12.082552
 ( 5   3) <--> ( 7   3)       -0.405279      0.014932      0.010950   WU     1.630856      1.195961
 ( 5   3) <--> ( 7   4)       -4.855825      2.143549      1.571936   WU   234.117245    171.685980
 ( 5   4) <--> ( 7   1)       -0.642091      0.037480      0.027485   WU     4.093549      3.001936
 ( 5   4) <--> ( 7   2)        0.601098      0.032847      0.024088   WU     3.587553      2.630872
 ( 5   4) <--> ( 7   3)       -0.325107      0.009609      0.007046   WU     1.049447      0.769595
 ( 5   4) <--> ( 7   4)        1.672552      0.254312      0.186495   WU    27.775791     20.368913
 ( 6   1) <--> ( 6   1)       -0.931643     -0.649538   (eb)
 ( 6   2) <--> ( 6   1)       -2.541219      0.496753      0.496753   WU    54.255137     54.255137
 ( 6   2) <--> ( 6   2)       -1.558658     -1.086692   (eb)
 ( 6   3) <--> ( 6   1)       -0.643985      0.031901      0.031901   WU     3.484245      3.484245
 ( 6   3) <--> ( 6   2)        3.224591      0.799845      0.799845   WU    87.358653     87.358653
 ( 6   3) <--> ( 6   3)        0.669785      0.466972   (eb)
 ( 6   4) <--> ( 6   1)        0.020587      0.000033      0.000033   WU     0.003561      0.003561
 ( 6   4) <--> ( 6   2)       -0.260629      0.005225      0.005225   WU     0.570692      0.570692
 ( 6   4) <--> ( 6   3)        0.746115      0.042822      0.042822   WU     4.677006      4.677006
 ( 6   4) <--> ( 6   4)       -1.208381     -0.842480   (eb)
 ( 6   1) <--> ( 7   1)        0.872622      0.058575      0.050765   WU     6.397485      5.544487
 ( 6   1) <--> ( 7   2)       -0.053935      0.000224      0.000194   WU     0.024440      0.021181
 ( 6   1) <--> ( 7   3)        0.015612      0.000019      0.000016   WU     0.002048      0.001775
 ( 6   1) <--> ( 7   4)        0.068352      0.000359      0.000311   WU     0.039251      0.034018
 ( 6   2) <--> ( 7   1)       -1.972417      0.299264      0.259362   WU    32.685406     28.327352
 ( 6   2) <--> ( 7   2)        0.397375      0.012147      0.010527   WU     1.326651      1.149765
 ( 6   2) <--> ( 7   3)        0.013092      0.000013      0.000011   WU     0.001440      0.001248
 ( 6   2) <--> ( 7   4)        0.112204      0.000968      0.000839   WU     0.105773      0.091670
 ( 6   3) <--> ( 7   1)       -0.352241      0.009544      0.008272   WU     1.042404      0.903417
 ( 6   3) <--> ( 7   2)        3.325807      0.850846      0.737400   WU    92.928904     80.538383
 ( 6   3) <--> ( 7   3)        0.356142      0.009757      0.008456   WU     1.065624      0.923541
 ( 6   3) <--> ( 7   4)        0.006536      0.000003      0.000003   WU     0.000359      0.000311
 ( 6   4) <--> ( 7   1)        2.636979      0.534897      0.463577   WU    58.421116     50.631634
 ( 6   4) <--> ( 7   2)        0.383380      0.011306      0.009799   WU     1.234852      1.070205
 ( 6   4) <--> ( 7   3)        2.856488      0.627656      0.543968   WU    68.552219     59.411923
 ( 6   4) <--> ( 7   4)       -0.975490      0.073199      0.063439   WU     7.994707      6.928746
 ( 6   1) <--> ( 8   1)        5.460501      2.293621      1.753945   WU   250.507994    191.564936
 ( 6   1) <--> ( 8   2)        0.277435      0.005921      0.004528   WU     0.646664      0.494508
 ( 6   1) <--> ( 8   3)        0.180832      0.002515      0.001924   WU     0.274731      0.210088
 ( 6   1) <--> ( 8   4)        0.240373      0.004445      0.003399   WU     0.485432      0.371212
 ( 6   2) <--> ( 8   1)        0.944212      0.068580      0.052443   WU     7.490244      5.727834
 ( 6   2) <--> ( 8   2)        5.273614      2.139308      1.635942   WU   233.654083    178.676651
 ( 6   2) <--> ( 8   3)       -0.295010      0.006695      0.005119   WU     0.731192      0.559147
 ( 6   2) <--> ( 8   4)        0.026105      0.000052      0.000040   WU     0.005725      0.004378
 ( 6   3) <--> ( 8   1)        0.548129      0.023111      0.017673   WU     2.524187      1.930261
 ( 6   3) <--> ( 8   2)       -1.240355      0.118345      0.090499   WU    12.925539      9.884236
 ( 6   3) <--> ( 8   3)        4.388724      1.481608      1.132994   WU   161.820384    123.745000
 ( 6   3) <--> ( 8   4)       -0.000613      0.000000      0.000000   WU     0.000003      0.000002
 ( 6   4) <--> ( 8   1)        0.769150      0.045507      0.034799   WU     4.970252      3.800781
 ( 6   4) <--> ( 8   2)        0.872261      0.058526      0.044755   WU     6.392184      4.888141
 ( 6   4) <--> ( 8   3)       -0.498971      0.019152      0.014645   WU     2.091738      1.599564
 ( 6   4) <--> ( 8   4)        4.728573      1.719954      1.315259   WU   187.852432    143.651860
 ( 7   1) <--> ( 7   1)       -0.724362     -0.485078   (eb)
 ( 7   2) <--> ( 7   1)       -2.648147      0.467512      0.467512   WU    51.061440     51.061440
 ( 7   2) <--> ( 7   2)       -0.310338     -0.207822   (eb)
 ( 7   3) <--> ( 7   1)       -0.199926      0.002665      0.002665   WU     0.291038      0.291038
 ( 7   3) <--> ( 7   2)        2.943710      0.577695      0.577695   WU    63.095548     63.095548
 ( 7   3) <--> ( 7   3)        0.625584      0.418930   (eb)
 ( 7   4) <--> ( 7   1)        0.057345      0.000219      0.000219   WU     0.023944      0.023944
 ( 7   4) <--> ( 7   2)        0.717339      0.034305      0.034305   WU     3.746771      3.746771
 ( 7   4) <--> ( 7   3)        0.094206      0.000592      0.000592   WU     0.064619      0.064619
 ( 7   4) <--> ( 7   4)       -2.026844     -1.357300   (eb)
 ( 7   1) <--> ( 8   1)        2.465394      0.405211      0.357539   WU    44.256926     39.050229
 ( 7   1) <--> ( 8   2)       -0.987363      0.064992      0.057346   WU     7.098426      6.263317
 ( 7   1) <--> ( 8   3)        1.272655      0.107977      0.095274   WU    11.793149     10.405720
 ( 7   1) <--> ( 8   4)        1.307346      0.113943      0.100538   WU    12.444845     10.980745
 ( 7   2) <--> ( 8   1)       -0.056357      0.000212      0.000187   WU     0.023126      0.020405
 ( 7   2) <--> ( 8   2)        1.630959      0.177335      0.156472   WU    19.368452     17.089811
 ( 7   2) <--> ( 8   3)        1.705272      0.193864      0.171056   WU    21.173671     18.682651
 ( 7   2) <--> ( 8   4)       -1.494530      0.148908      0.131389   WU    16.263655     14.350284
 ( 7   3) <--> ( 8   1)       -0.022218      0.000033      0.000029   WU     0.003594      0.003171
 ( 7   3) <--> ( 8   2)       -0.071714      0.000343      0.000303   WU     0.037447      0.033042
 ( 7   3) <--> ( 8   3)        1.075928      0.077175      0.068095   WU     8.428983      7.437338
 ( 7   3) <--> ( 8   4)        0.234933      0.003680      0.003247   WU     0.401880      0.354600
 ( 7   4) <--> ( 8   1)       -0.108283      0.000782      0.000690   WU     0.085375      0.075331
 ( 7   4) <--> ( 8   2)       -0.002288      0.000000      0.000000   WU     0.000038      0.000034
 ( 7   4) <--> ( 8   3)       -0.271825      0.004926      0.004346   WU     0.538008      0.474713
 ( 7   4) <--> ( 8   4)       -2.785243      0.517172      0.456328   WU    56.485218     49.839898
 ( 7   1) <--> ( 9   1)        5.671926      2.144716      1.693197   WU   234.244719    184.930042
 ( 7   1) <--> ( 9   2)        0.554473      0.020496      0.016181   WU     2.238564      1.767287
 ( 7   1) <--> ( 9   3)       -0.044364      0.000131      0.000104   WU     0.014331      0.011314
 ( 7   1) <--> ( 9   4)        0.237524      0.003761      0.002969   WU     0.410795      0.324312
 ( 7   2) <--> ( 9   1)        0.507320      0.017158      0.013546   WU     1.874011      1.479482
 ( 7   2) <--> ( 9   2)        4.975049      1.650074      1.302690   WU   180.220221    142.279122
 ( 7   2) <--> ( 9   3)        0.715479      0.034127      0.026943   WU     3.727368      2.942659
 ( 7   2) <--> ( 9   4)       -0.030536      0.000062      0.000049   WU     0.006789      0.005360
 ( 7   3) <--> ( 9   1)        0.158635      0.001678      0.001324   WU     0.183235      0.144659
 ( 7   3) <--> ( 9   2)       -0.589343      0.023155      0.018280   WU     2.528976      1.996560
 ( 7   3) <--> ( 9   3)       -3.751631      0.938316      0.740776   WU   102.482344     80.907114
 ( 7   3) <--> ( 9   4)        0.103880      0.000719      0.000568   WU     0.078573      0.062031
 ( 7   4) <--> ( 9   1)       -1.350761      0.121637      0.096029   WU    13.285119     10.488252
 ( 7   4) <--> ( 9   2)       -1.185552      0.093702      0.073975   WU    10.234100      8.079552
 ( 7   4) <--> ( 9   3)       -0.647184      0.027923      0.022045   WU     3.049751      2.407698
 ( 7   4) <--> ( 9   4)       -6.578177      2.884827      2.277495   WU   315.079236    248.746765
 ( 8   1) <--> ( 8   1)       -1.628849     -1.049298   (eb)
 ( 8   2) <--> ( 8   1)       -2.574398      0.389854      0.389854   WU    42.579685     42.579685
 ( 8   2) <--> ( 8   2)       -2.400854     -1.546620   (eb)
 ( 8   3) <--> ( 8   1)       -0.693041      0.028253      0.028253   WU     3.085805      3.085805
 ( 8   3) <--> ( 8   2)        3.301400      0.641132      0.641132   WU    70.024051     70.024051
 ( 8   3) <--> ( 8   3)        0.368753      0.237549   (eb)
 ( 8   4) <--> ( 8   1)       -0.092582      0.000504      0.000504   WU     0.055068      0.055068
 ( 8   4) <--> ( 8   2)       -0.454566      0.012155      0.012155   WU     1.327531      1.327531
 ( 8   4) <--> ( 8   3)        0.321412      0.006077      0.006077   WU     0.663704      0.663704
 ( 8   4) <--> ( 8   4)       -2.619543     -1.687499   (eb)
 ( 8   1) <--> ( 9   1)        0.836717      0.041182      0.036847   WU     4.497884      4.024422
 ( 8   1) <--> ( 9   2)       -0.054983      0.000178      0.000159   WU     0.019423      0.017378
 ( 8   1) <--> ( 9   3)       -0.027829      0.000046      0.000041   WU     0.004975      0.004452
 ( 8   1) <--> ( 9   4)       -0.056673      0.000189      0.000169   WU     0.020635      0.018463
 ( 8   2) <--> ( 9   1)       -1.847127      0.200699      0.179573   WU    21.920204     19.612815
 ( 8   2) <--> ( 9   2)        0.310395      0.005667      0.005071   WU     0.618987      0.553830
 ( 8   2) <--> ( 9   3)       -0.026866      0.000042      0.000038   WU     0.004637      0.004149
 ( 8   2) <--> ( 9   4)       -0.087538      0.000451      0.000403   WU     0.049232      0.044049
 ( 8   3) <--> ( 9   1)       -0.659006      0.025546      0.022857   WU     2.790164      2.496462
 ( 8   3) <--> ( 9   2)        3.086494      0.560379      0.501392   WU    61.204311     54.761752
 ( 8   3) <--> ( 9   3)       -0.321719      0.006088      0.005448   WU     0.664973      0.594976
 ( 8   3) <--> ( 9   4)       -0.035161      0.000073      0.000065   WU     0.007943      0.007107
 ( 8   4) <--> ( 9   1)        2.454401      0.354358      0.317057   WU    38.702771     34.628795
 ( 8   4) <--> ( 9   2)        0.260380      0.003988      0.003568   WU     0.435579      0.389729
 ( 8   4) <--> ( 9   3)       -1.316687      0.101980      0.091246   WU    11.138237      9.965791
 ( 8   4) <--> ( 9   4)        1.000534      0.058886      0.052688   WU     6.431543      5.754539
 ( 8   1) <--> (10   1)        6.540110      2.516061      2.036811   WU   274.802814    222.459421
 ( 8   1) <--> (10   2)       -0.268835      0.004251      0.003442   WU     0.464327      0.375884
 ( 8   1) <--> (10   3)       -0.188297      0.002086      0.001688   WU     0.227791      0.184402
 ( 8   1) <--> (10   4)        0.335214      0.006610      0.005351   WU     0.721931      0.584420
 ( 8   2) <--> (10   1)        0.936280      0.051566      0.041744   WU     5.632003      4.559241
 ( 8   2) <--> (10   2)       -6.440851      2.440269      1.975456   WU   266.524790    215.758163
 ( 8   2) <--> (10   3)        0.275996      0.004481      0.003627   WU     0.489393      0.396175
 ( 8   2) <--> (10   4)        0.110231      0.000715      0.000579   WU     0.078065      0.063196
 ( 8   3) <--> (10   1)        0.619205      0.022554      0.018258   WU     2.463314      1.994111
 ( 8   3) <--> (10   2)        1.355977      0.108157      0.087556   WU    11.812883      9.562810
 ( 8   3) <--> (10   3)       -5.521121      1.793105      1.451561   WU   195.841912    158.538691
 ( 8   3) <--> (10   4)        0.133478      0.001048      0.000848   WU     0.114464      0.092662
 ( 8   4) <--> (10   1)        1.408576      0.116711      0.094480   WU    12.747113     10.319092
 ( 8   4) <--> (10   2)       -0.936032      0.051539      0.041722   WU     5.629021      4.556826
 ( 8   4) <--> (10   3)        0.367286      0.007935      0.006424   WU     0.866684      0.701601
 ( 8   4) <--> (10   4)        6.604217      2.565628      2.076937   WU   280.216481    226.841913
 ( 9   1) <--> ( 9   1)       -1.225664     -0.760993   (eb)
 ( 9   2) <--> ( 9   1)       -2.779209      0.406526      0.406526   WU    44.400595     44.400595
 ( 9   2) <--> ( 9   2)       -0.998776     -0.620122   (eb)
 ( 9   3) <--> ( 9   1)        0.300784      0.004762      0.004762   WU     0.520062      0.520062
 ( 9   3) <--> ( 9   2)       -3.590915      0.678667      0.678667   WU    74.123612     74.123612
 ( 9   3) <--> ( 9   3)        0.352097      0.218611   (eb)
 ( 9   4) <--> ( 9   1)       -0.096531      0.000490      0.000490   WU     0.053565      0.053565
 ( 9   4) <--> ( 9   2)       -0.586943      0.018132      0.018132   WU     1.980334      1.980334
 ( 9   4) <--> ( 9   3)       -0.375357      0.007415      0.007415   WU     0.809907      0.809907
 ( 9   4) <--> ( 9   4)       -3.245998     -2.015383   (eb)
 ( 9   1) <--> (10   1)        2.616818      0.360407      0.326083   WU    39.363463     35.614562
 ( 9   1) <--> (10   2)        1.178697      0.073122      0.066158   WU     7.986391      7.225783
 ( 9   1) <--> (10   3)       -0.872976      0.040110      0.036290   WU     4.380776      3.963559
 ( 9   1) <--> (10   4)        0.948357      0.047336      0.042828   WU     5.169991      4.677611
 ( 9   2) <--> (10   1)       -0.022575      0.000027      0.000024   WU     0.002930      0.002651
 ( 9   2) <--> (10   2)       -1.813347      0.173065      0.156582   WU    18.902019     17.101827
 ( 9   2) <--> (10   3)       -2.204825      0.255855      0.231488   WU    27.944386     25.283016
 ( 9   2) <--> (10   4)       -0.322468      0.005473      0.004952   WU     0.597751      0.540822
 ( 9   3) <--> (10   1)        0.042461      0.000095      0.000086   WU     0.010364      0.009377
 ( 9   3) <--> (10   2)       -0.121168      0.000773      0.000699   WU     0.084396      0.076358
 ( 9   3) <--> (10   3)        1.499806      0.118390      0.107115   WU    12.930541     11.699061
 ( 9   3) <--> (10   4)        0.051298      0.000138      0.000125   WU     0.015127      0.013686
 ( 9   4) <--> (10   1)        0.110402      0.000642      0.000580   WU     0.070065      0.063392
 ( 9   4) <--> (10   2)        0.028926      0.000044      0.000040   WU     0.004810      0.004352
 ( 9   4) <--> (10   3)       -0.284754      0.004268      0.003861   WU     0.466109      0.421718
 ( 9   4) <--> (10   4)        2.579155      0.350107      0.316764   WU    38.238529     34.596765
 (10   1) <--> (10   1)       -2.277327     -1.365470   (eb)
 (10   2) <--> (10   1)        2.624258      0.327940      0.327940   WU    35.817372     35.817372
 (10   2) <--> (10   2)       -3.212316     -1.926083   (eb)
 (10   3) <--> (10   1)        0.707163      0.023813      0.023813   WU     2.600880      2.600880
 (10   3) <--> (10   2)        3.300620      0.518766      0.518766   WU    56.659375     56.659375
 (10   3) <--> (10   3)       -0.397924     -0.238593   (eb)
 (10   4) <--> (10   1)       -0.208394      0.002068      0.002068   WU     0.225865      0.225865
 (10   4) <--> (10   2)        0.631699      0.019002      0.019002   WU     2.075395      2.075395
 (10   4) <--> (10   3)       -0.296453      0.004185      0.004185   WU     0.457081      0.457081
 (10   4) <--> (10   4)       -4.933706     -2.958218   (eb)
 
  quadrupole shape invariant: 01+, 02+, 03+, 04+
quadr2     4.02863792     5.76840710     4.44402007     7.76277227
quadr3     4.27791429    11.62807998     4.84877731    20.99076068
  effective deformation parameters:  01+, 02+, 03+, 04+
beteff     0.19065750     0.22814068     0.20024551     0.26465689
cos3ga     0.52904757     0.83931340     0.51756896     0.97051647
 
 ********* END Transition **************************
