 ********* BEGIN READER ****************************
 
 Nucleus            :  Xe  54  90
 Imin, Imax         :     0  10
 imu, remu          :     1 12.0000
 nlevel             :     4
 observables        :     2
 wave fun           :     1
 nbet, ngam, npar   :    10   7  10
 Finish reading parameters: V, B_k ...
 
 ********* END READER ******************************
 
 ********* BEGIN LEVELS ********************
 
 E_0 = -1178.967537
 
  I=   0   ntot= 127
   0   1    0.000000
   0   2    2.196182
   0   3    2.842735
   0   4    4.290486
 
  I=   2   ntot= 234
   2   1    0.379758
   2   2    1.512697
   2   3    2.847027
   2   4    3.401537
 
  I=   3   ntot= 108
   3   1    1.997729
   3   2    4.656355
   3   3    5.266015
   3   4    6.850972
 
  I=   4   ntot= 324
   4   1    1.046391
   4   2    2.343486
   4   3    3.389538
   4   4    3.658450
 
  I=   5   ntot= 198
   5   1    2.908821
   5   2    4.225899
   5   3    5.668338
   5   4    6.432560
 
  I=   6   ntot= 432
   6   1    1.957308
   6   2    3.382105
   6   3    4.559369
   6   4    4.695783
 
  I=   7   ntot= 306
   7   1    4.039909
   7   2    5.510489
   7   3    6.816133
   7   4    6.853976
 
  I=   8   ntot= 522
   8   1    3.084261
   8   2    4.650337
   8   3    5.700759
   8   4    6.023417
 
  I=   9   ntot= 397
   9   1    5.380747
   9   2    6.984487
   9   3    8.104565
   9   4    8.424484
 
  I=  10   ntot= 630
  10   1    4.409368
  10   2    6.127532
  10   3    6.931732
  10   4    7.545824
 
 ********* END LEVELS **********************
 
 ********* BEGIN Transition ************************
 
  Monopole moment 
 
   I   n    <In|E0|In>   ave \beta      del<b>   ave \gamma    del<g>  
     K=0       K=2       K=4   
   0   1     23.584125    0.208815    0.041702   19.633891   10.417119  100.0000    0.0000    0.0000
   0   2     23.639322    0.218428    0.068912   18.154436   12.590389  100.0000    0.0000    0.0000
   0   3     23.694690    0.225987    0.044816   30.979648    9.898305  100.0000    0.0000    0.0000
   0   4     23.869087    0.269830    0.092658   13.858760   11.662113  100.0000    0.0000    0.0000
   2   1     23.605555    0.215380    0.040388   18.460967    9.916599   98.6395    1.3605    0.0000
   2   2     23.634446    0.218617    0.039252   24.888312    9.665054    3.3533   96.6467    0.0000
   2   3     23.703699    0.234696    0.069625   16.981553   11.078847   91.5683    8.4317    0.0000
   2   4     23.709318    0.231499    0.043588   28.182632   10.634056   74.8400   25.1600    0.0000
   3   1     23.662475    0.226819    0.037667   22.835832    8.654674    0.0000  100.0000    0.0000
   3   2     23.783052    0.249389    0.066406   21.061620    9.116475    0.0000  100.0000    0.0000
   3   3     23.799641    0.248953    0.039783   29.625597   10.149324    0.0000  100.0000    0.0000
   3   4     24.198567    0.325307    0.092925   19.329887    9.902025    0.0000   99.9999    0.0000
   4   1     23.627603    0.221406    0.039663   17.839019    9.687127   95.5275    4.2904    0.1821
   4   2     23.665587    0.227123    0.038562   23.080160    9.704517    8.3991   86.4182    5.1827
   4   3     23.690574    0.228992    0.041139   27.349595   10.174419    5.4127   14.7810   79.8063
   4   4     23.766440    0.248799    0.068763   17.238950   10.980427   87.0867    5.3721    7.5412
   5   1     23.687839    0.233253    0.037219   21.727113    8.389325    0.0000   95.9713    4.0287
   5   2     23.725798    0.238274    0.036851   25.549018    8.266452    0.0000    6.0049   93.9952
   5   3     23.848827    0.262684    0.067515   20.856965    9.000003    0.0000   93.4172    6.5828
   5   4     23.827279    0.255547    0.040821   27.751630   10.640181    0.0000   79.5699   20.4301
   6   1     23.651047    0.227246    0.039306   17.611114    9.581803   90.2308    9.2996    0.4134
   6   2     23.693193    0.233950    0.038589   21.957997   10.016264   15.8395   74.9275    8.2348
   6   3     23.784838    0.252724    0.065885   18.472048   12.008392   58.6054   21.7761   14.2729
   6   4     23.771268    0.247501    0.054304   23.524443   12.212446   33.0654   13.4757   42.3826
   7   1     23.712570    0.239022    0.037129   21.016411    8.227107    0.0000   91.0599    8.5488
   7   2     23.754830    0.244762    0.037139   24.570465    8.540692    0.0000   12.2713   77.1205
   7   3     23.897213    0.272513    0.067931   20.659712    9.416729    0.0000   73.1415   14.4516
   7   4     23.829116    0.256686    0.047348   26.550330    9.348049    0.0000   15.6916   14.4211
   8   1     23.676283    0.233083    0.039312   17.623136    9.529961   83.3800   15.5649    0.9454
   8   2     23.723101    0.240685    0.039735   21.235088   10.611582   24.8909   60.5245   12.7093
   8   3     23.904225    0.278454    0.074600   15.172581   11.098592   80.9752   17.1638    1.2613
   8   4     23.772827    0.246709    0.043202   26.097250   11.687787    8.9521   34.6485   37.3442
   9   1     23.738127    0.244576    0.037434   20.562771    8.138909    0.0000   85.0572   13.8375
   9   2     23.785604    0.251154    0.038174   23.907442    8.855450    0.0000   19.0615   61.9860
   9   3     24.045815    0.300684    0.078037   18.935705    9.691983    0.0000   83.6970   14.6317
   9   4     23.851822    0.260109    0.041305   27.802800    9.051471    0.0000    1.5222   31.5163
  10   1     23.703910    0.239118    0.039792   17.727688    9.523303   76.0010   21.9833    1.8107
  10   2     23.763228    0.249141    0.043801   20.644928   11.686600   34.3377   45.2965   17.0374
  10   3     24.039285    0.304895    0.079727   13.900721   11.334699   81.5106   16.8669    1.4499
  10   4     23.814063    0.254915    0.046384   25.654272   12.560232    8.2228   48.4287   22.0137
 
  rho^2(E0) 
 
   I  n_1 n_2  <In_1|E0|In_2>  rho^2(E0) 
   0   1   1       23.584125 1036.299555
   0   2   1        0.129722    0.031353
   0   2   2       23.639322 1041.156058
   0   3   1        0.075227    0.010544
   0   3   2        0.015325    0.000438
   0   3   3       23.694690 1046.038925
   0   4   1        0.032127    0.001923
   0   4   2        0.221602    0.091494
   0   4   3        0.043171    0.003472
   0   4   4       23.869087 1061.493678
   2   1   1       23.605555 1038.183695
   2   2   1        0.009800    0.000179
   2   2   2       23.634446 1040.726533
   2   3   1        0.145880    0.039649
   2   3   2       -0.016641    0.000516
   2   3   3       23.703699 1046.834540
   2   4   1       -0.051944    0.005027
   2   4   2       -0.038440    0.002753
   2   4   3       -0.025698    0.001230
   2   4   4       23.709318 1047.330863
   3   1   1       23.662475 1043.196498
   3   2   1       -0.161536    0.048617
   3   2   2       23.783052 1053.855234
   3   3   1       -0.040273    0.003022
   3   3   2        0.034962    0.002277
   3   3   3       23.799641 1055.325884
   3   4   1        0.008353    0.000130
   3   4   2       -0.265488    0.131321
   3   4   3       -0.044144    0.003631
   3   4   4       24.198567 1091.000806
   4   1   1       23.627603 1040.123967
   4   2   1        0.009280    0.000160
   4   2   2       23.665587 1043.470889
   4   3   1       -0.034322    0.002195
   4   3   2        0.015504    0.000448
   4   3   3       23.690574 1045.675568
   4   4   1       -0.154189    0.044295
   4   4   2        0.003401    0.000022
   4   4   3        0.007299    0.000099
   4   4   4       23.766440 1052.383565
   5   1   1       23.687839 1045.434143
   5   2   1        0.004483    0.000037
   5   2   2       23.725798 1048.787342
   5   3   1       -0.170475    0.054146
   5   3   2        0.009034    0.000152
   5   3   3       23.848827 1059.692390
   5   4   1       -0.018210    0.000618
   5   4   2        0.001053    0.000002
   5   4   3        0.029926    0.001669
   5   4   4       23.827279 1057.778359
   6   1   1       23.651047 1042.189071
   6   2   1       -0.007805    0.000114
   6   2   2       23.693193 1045.906758
   6   3   1       -0.136078    0.034500
   6   3   2       -0.005054    0.000048
   6   3   3       23.784838 1054.013479
   6   4   1       -0.094338    0.016581
   6   4   2        0.012133    0.000274
   6   4   3        0.053426    0.005318
   6   4   4       23.771268 1052.811161
   7   1   1       23.712570 1047.618214
   7   2   1        0.002406    0.000011
   7   2   2       23.754830 1051.355606
   7   3   1       -0.161111    0.048361
   7   3   2        0.006441    0.000077
   7   3   3       23.897213 1063.996688
   7   4   1       -0.072403    0.009767
   7   4   2        0.006678    0.000083
   7   4   3        0.052129    0.005063
   7   4   4       23.829116 1057.941480
   8   1   1       23.676283 1044.414361
   8   2   1       -0.007666    0.000109
   8   2   2       23.723101 1048.548898
   8   3   1        0.169405    0.053469
   8   3   2       -0.016730    0.000521
   8   3   3       23.904225 1064.621242
   8   4   1       -0.030901    0.001779
   8   4   2        0.011057    0.000228
   8   4   3       -0.044023    0.003611
   8   4   4       23.772827 1052.949269
   9   1   1       23.738127 1049.877649
   9   2   1       -0.000679    0.000001
   9   2   2       23.785604 1054.081401
   9   3   1       -0.181152    0.061141
   9   3   2        0.003154    0.000019
   9   3   3       24.045815 1077.270576
   9   4   1        0.001612    0.000005
   9   4   2       -0.018378    0.000629
   9   4   3       -0.019226    0.000689
   9   4   4       23.851822 1059.958634
  10   1   1       23.703910 1046.853160
  10   2   1       -0.013046    0.000317
  10   2   2       23.763228 1052.099095
  10   3   1        0.176550    0.058074
  10   3   2       -0.053687    0.005370
  10   3   3       24.039285 1076.685558
  10   4   1       -0.008496    0.000134
  10   4   2        0.009256    0.000160
  10   4   3       -0.053669    0.005366
  10   4   4       23.814063 1056.605253
 
  E2 transition 
 
  I1  n1        I2  n2       <f||E2||i>   B(E2,I1->I2)  B(E2,I2->I1)
 ( 0   1) <--> ( 2   1)       -0.935420      0.875011      0.175002   WU   195.168879     39.033776
 ( 0   1) <--> ( 2   2)        0.141672      0.020071      0.004014   WU     4.476746      0.895349
 ( 0   1) <--> ( 2   3)       -0.137933      0.019026      0.003805   WU     4.243596      0.848719
 ( 0   1) <--> ( 2   4)        0.016200      0.000262      0.000052   WU     0.058540      0.011708
 ( 0   2) <--> ( 2   1)       -0.286855      0.082286      0.016457   WU    18.353563      3.670713
 ( 0   2) <--> ( 2   2)       -0.159739      0.025516      0.005103   WU     5.691363      1.138273
 ( 0   2) <--> ( 2   3)       -0.929842      0.864605      0.172921   WU   192.847807     38.569561
 ( 0   2) <--> ( 2   4)       -0.146730      0.021530      0.004306   WU     4.802145      0.960429
 ( 0   3) <--> ( 2   1)       -0.029728      0.000884      0.000177   WU     0.197115      0.039423
 ( 0   3) <--> ( 2   2)        0.269641      0.072706      0.014541   WU    16.216937      3.243387
 ( 0   3) <--> ( 2   3)       -0.241364      0.058257      0.011651   WU    12.993973      2.598795
 ( 0   3) <--> ( 2   4)        0.856967      0.734392      0.146878   WU   163.804198     32.760840
 ( 0   4) <--> ( 2   1)       -0.006910      0.000048      0.000010   WU     0.010651      0.002130
 ( 0   4) <--> ( 2   2)       -0.039195      0.001536      0.000307   WU     0.342660      0.068532
 ( 0   4) <--> ( 2   3)       -0.482302      0.232615      0.046523   WU    51.884237     10.376847
 ( 0   4) <--> ( 2   4)        0.072405      0.005242      0.001048   WU     1.169318      0.233864
 ( 2   1) <--> ( 2   1)       -1.037274     -0.786184   (eb)
 ( 2   2) <--> ( 2   1)       -0.533752      0.056978      0.056978   WU    12.708828     12.708828
 ( 2   2) <--> ( 2   2)        1.003899      0.760888   (eb)
 ( 2   3) <--> ( 2   1)       -0.199983      0.007999      0.007999   WU     1.784077      1.784077
 ( 2   3) <--> ( 2   2)       -0.262986      0.013832      0.013832   WU     3.085261      3.085261
 ( 2   3) <--> ( 2   3)       -0.870831     -0.660032   (eb)
 ( 2   4) <--> ( 2   1)        0.006338      0.000008      0.000008   WU     0.001792      0.001792
 ( 2   4) <--> ( 2   2)        0.007881      0.000012      0.000012   WU     0.002770      0.002770
 ( 2   4) <--> ( 2   3)        0.403746      0.032602      0.032602   WU     7.271808      7.271808
 ( 2   4) <--> ( 2   4)       -0.411281     -0.311724   (eb)
 ( 2   1) <--> ( 3   1)       -0.240188      0.011538      0.008241   WU     2.573527      1.838234
 ( 2   1) <--> ( 3   2)       -0.006062      0.000007      0.000005   WU     0.001640      0.001171
 ( 2   1) <--> ( 3   3)        0.006896      0.000010      0.000007   WU     0.002121      0.001515
 ( 2   1) <--> ( 3   4)        0.000247      0.000000      0.000000   WU     0.000003      0.000002
 ( 2   2) <--> ( 3   1)       -1.454091      0.422876      0.302054   WU    94.321286     67.372347
 ( 2   2) <--> ( 3   2)        0.167484      0.005610      0.004007   WU     1.251336      0.893811
 ( 2   2) <--> ( 3   3)        0.013518      0.000037      0.000026   WU     0.008151      0.005822
 ( 2   2) <--> ( 3   4)        0.003780      0.000003      0.000002   WU     0.000637      0.000455
 ( 2   3) <--> ( 3   1)        0.232475      0.010809      0.007721   WU     2.410892      1.722065
 ( 2   3) <--> ( 3   2)        0.041556      0.000345      0.000247   WU     0.077037      0.055026
 ( 2   3) <--> ( 3   3)        0.058328      0.000680      0.000486   WU     0.151766      0.108404
 ( 2   3) <--> ( 3   4)        0.000961      0.000000      0.000000   WU     0.000041      0.000029
 ( 2   4) <--> ( 3   1)        0.621273      0.077196      0.055140   WU    17.218372     12.298837
 ( 2   4) <--> ( 3   2)       -0.563143      0.063426      0.045304   WU    14.146983     10.104988
 ( 2   4) <--> ( 3   3)        0.012101      0.000029      0.000021   WU     0.006533      0.004666
 ( 2   4) <--> ( 3   4)        0.003071      0.000002      0.000001   WU     0.000421      0.000300
 ( 2   1) <--> ( 4   1)        1.565606      0.490224      0.272347   WU   109.343208     60.746227
 ( 2   1) <--> ( 4   2)       -0.005553      0.000006      0.000003   WU     0.001376      0.000764
 ( 2   1) <--> ( 4   3)       -0.044713      0.000400      0.000222   WU     0.089185      0.049547
 ( 2   1) <--> ( 4   4)       -0.186652      0.006968      0.003871   WU     1.554150      0.863417
 ( 2   2) <--> ( 4   1)       -0.057203      0.000654      0.000364   WU     0.145971      0.081095
 ( 2   2) <--> ( 4   2)        1.062319      0.225704      0.125391   WU    50.342742     27.968190
 ( 2   2) <--> ( 4   3)       -0.277972      0.015454      0.008585   WU     3.446901      1.914945
 ( 2   2) <--> ( 4   4)        0.066487      0.000884      0.000491   WU     0.197194      0.109552
 ( 2   3) <--> ( 4   1)        0.450246      0.040544      0.022525   WU     9.043296      5.024053
 ( 2   3) <--> ( 4   2)        0.073653      0.001085      0.000603   WU     0.241992      0.134440
 ( 2   3) <--> ( 4   3)       -0.462999      0.042874      0.023819   WU     9.562854      5.312697
 ( 2   3) <--> ( 4   4)       -1.593257      0.507694      0.282052   WU   113.239653     62.910918
 ( 2   4) <--> ( 4   1)        0.003089      0.000002      0.000001   WU     0.000426      0.000236
 ( 2   4) <--> ( 4   2)        0.178982      0.006407      0.003559   WU     1.429047      0.793915
 ( 2   4) <--> ( 4   3)       -0.273391      0.014948      0.008305   WU     3.334219      1.852344
 ( 2   4) <--> ( 4   4)        0.397297      0.031569      0.017538   WU     7.041373      3.911874
 ( 3   1) <--> ( 3   1)        0.000000      0.000000   (eb)
 ( 3   2) <--> ( 3   1)        0.000000      0.000000      0.000000   WU     0.000000      0.000000
 ( 3   2) <--> ( 3   2)        0.000000      0.000000   (eb)
 ( 3   3) <--> ( 3   1)        0.000000      0.000000      0.000000   WU     0.000000      0.000000
 ( 3   3) <--> ( 3   2)        0.000000      0.000000      0.000000   WU     0.000000      0.000000
 ( 3   3) <--> ( 3   3)        0.000000      0.000000   (eb)
 ( 3   4) <--> ( 3   1)        0.000000      0.000000      0.000000   WU     0.000000      0.000000
 ( 3   4) <--> ( 3   2)        0.000000      0.000000      0.000000   WU     0.000000      0.000000
 ( 3   4) <--> ( 3   3)        0.000000      0.000000      0.000000   WU     0.000000      0.000000
 ( 3   4) <--> ( 3   4)        0.000000      0.000000   (eb)
 ( 3   1) <--> ( 4   1)        0.506866      0.036702      0.028546   WU     8.186259      6.367090
 ( 3   1) <--> ( 4   2)       -1.297821      0.240620      0.187149   WU    53.669593     41.743016
 ( 3   1) <--> ( 4   3)       -0.771634      0.085060      0.066158   WU    18.972357     14.756278
 ( 3   1) <--> ( 4   4)       -0.049745      0.000354      0.000275   WU     0.078849      0.061327
 ( 3   2) <--> ( 4   1)       -0.014626      0.000031      0.000024   WU     0.006817      0.005302
 ( 3   2) <--> ( 4   2)        0.259960      0.009654      0.007509   WU     2.153335      1.674816
 ( 3   2) <--> ( 4   3)        0.403419      0.023250      0.018083   WU     5.185755      4.033365
 ( 3   2) <--> ( 4   4)        0.540294      0.041703      0.032435   WU     9.301636      7.234605
 ( 3   3) <--> ( 4   1)       -0.015738      0.000035      0.000028   WU     0.007892      0.006139
 ( 3   3) <--> ( 4   2)       -0.036823      0.000194      0.000151   WU     0.043205      0.033604
 ( 3   3) <--> ( 4   3)       -0.046464      0.000308      0.000240   WU     0.068792      0.053505
 ( 3   3) <--> ( 4   4)       -0.006108      0.000005      0.000004   WU     0.001189      0.000925
 ( 3   4) <--> ( 4   1)        0.003346      0.000002      0.000001   WU     0.000357      0.000278
 ( 3   4) <--> ( 4   2)        0.008960      0.000011      0.000009   WU     0.002558      0.001989
 ( 3   4) <--> ( 4   3)        0.008121      0.000009      0.000007   WU     0.002101      0.001634
 ( 3   4) <--> ( 4   4)       -0.041972      0.000252      0.000196   WU     0.056132      0.043658
 ( 3   1) <--> ( 5   1)        1.484696      0.314903      0.200393   WU    70.238314     44.697109
 ( 3   1) <--> ( 5   2)       -0.157895      0.003562      0.002266   WU     0.794398      0.505526
 ( 3   1) <--> ( 5   3)       -0.145938      0.003043      0.001936   WU     0.678635      0.431858
 ( 3   1) <--> ( 5   4)        0.004120      0.000002      0.000002   WU     0.000541      0.000344
 ( 3   2) <--> ( 5   1)       -0.405845      0.023530      0.014974   WU     5.248297      3.339826
 ( 3   2) <--> ( 5   2)       -0.104637      0.001564      0.000995   WU     0.348877      0.222012
 ( 3   2) <--> ( 5   3)        1.606396      0.368644      0.234592   WU    82.225003     52.325002
 ( 3   2) <--> ( 5   4)       -0.165998      0.003936      0.002505   WU     0.878017      0.558738
 ( 3   3) <--> ( 5   1)        0.083466      0.000995      0.000633   WU     0.221982      0.141262
 ( 3   3) <--> ( 5   2)        0.468573      0.031366      0.019960   WU     6.996043      4.452027
 ( 3   3) <--> ( 5   3)        0.236138      0.007966      0.005069   WU     1.776763      1.130668
 ( 3   3) <--> ( 5   4)        1.505589      0.323828      0.206073   WU    72.228988     45.963901
 ( 3   4) <--> ( 5   1)       -0.014620      0.000031      0.000019   WU     0.006811      0.004334
 ( 3   4) <--> ( 5   2)        0.040741      0.000237      0.000151   WU     0.052888      0.033656
 ( 3   4) <--> ( 5   3)       -0.673091      0.064722      0.041187   WU    14.435985      9.186536
 ( 3   4) <--> ( 5   4)        0.014025      0.000028      0.000018   WU     0.006267      0.003988
 ( 4   1) <--> ( 4   1)       -1.278749     -0.964299   (eb)
 ( 4   2) <--> ( 4   1)       -0.639383      0.045423      0.045423   WU    10.131569     10.131569
 ( 4   2) <--> ( 4   2)       -0.511277     -0.385552   (eb)
 ( 4   3) <--> ( 4   1)        0.081793      0.000743      0.000743   WU     0.165800      0.165800
 ( 4   3) <--> ( 4   2)       -0.710021      0.056014      0.056014   WU    12.493868     12.493868
 ( 4   3) <--> ( 4   3)        1.395519      1.052355   (eb)
 ( 4   4) <--> ( 4   1)        0.223788      0.005565      0.005565   WU     1.241158      1.241158
 ( 4   4) <--> ( 4   2)        0.353513      0.013886      0.013886   WU     3.097168      3.097168
 ( 4   4) <--> ( 4   3)       -0.707713      0.055651      0.055651   WU    12.412755     12.412755
 ( 4   4) <--> ( 4   4)       -1.128034     -0.850645   (eb)
 ( 4   1) <--> ( 5   1)       -0.168412      0.003151      0.002578   WU     0.702908      0.575107
 ( 4   1) <--> ( 5   2)        0.017134      0.000033      0.000027   WU     0.007276      0.005953
 ( 4   1) <--> ( 5   3)       -0.010713      0.000013      0.000010   WU     0.002844      0.002327
 ( 4   1) <--> ( 5   4)        0.006954      0.000005      0.000004   WU     0.001199      0.000981
 ( 4   2) <--> ( 5   1)       -1.336832      0.198569      0.162466   WU    44.290265     36.237489
 ( 4   2) <--> ( 5   2)       -0.367826      0.015033      0.012300   WU     3.353046      2.743401
 ( 4   2) <--> ( 5   3)        0.150337      0.002511      0.002055   WU     0.560127      0.458286
 ( 4   2) <--> ( 5   4)        0.005512      0.000003      0.000003   WU     0.000753      0.000616
 ( 4   3) <--> ( 5   1)       -0.073007      0.000592      0.000485   WU     0.132093      0.108076
 ( 4   3) <--> ( 5   2)       -1.721297      0.329207      0.269351   WU    73.428687     60.078017
 ( 4   3) <--> ( 5   3)        0.015877      0.000028      0.000023   WU     0.006247      0.005111
 ( 4   3) <--> ( 5   4)       -0.011105      0.000014      0.000011   WU     0.003056      0.002501
 ( 4   4) <--> ( 5   1)       -0.137584      0.002103      0.001721   WU     0.469130      0.383834
 ( 4   4) <--> ( 5   2)        0.458349      0.023343      0.019099   WU     5.206510      4.259872
 ( 4   4) <--> ( 5   3)       -0.073407      0.000599      0.000490   WU     0.133544      0.109263
 ( 4   4) <--> ( 5   4)       -0.038336      0.000163      0.000134   WU     0.036422      0.029800
 ( 4   1) <--> ( 6   1)        2.067525      0.474962      0.328820   WU   105.939001     73.342386
 ( 4   1) <--> ( 6   2)       -0.067189      0.000502      0.000347   WU     0.111878      0.077454
 ( 4   1) <--> ( 6   3)       -0.184154      0.003768      0.002609   WU     0.840457      0.581855
 ( 4   1) <--> ( 6   4)       -0.126428      0.001776      0.001230   WU     0.396133      0.274246
 ( 4   2) <--> ( 6   1)       -0.162779      0.002944      0.002038   WU     0.656674      0.454620
 ( 4   2) <--> ( 6   2)       -1.784863      0.353971      0.245057   WU    78.952212     54.659224
 ( 4   2) <--> ( 6   3)       -0.010453      0.000012      0.000008   WU     0.002708      0.001875
 ( 4   2) <--> ( 6   4)        0.049958      0.000277      0.000192   WU     0.061853      0.042821
 ( 4   3) <--> ( 6   1)       -0.209158      0.004861      0.003365   WU     1.084183      0.750588
 ( 4   3) <--> ( 6   2)       -0.042310      0.000199      0.000138   WU     0.044365      0.030714
 ( 4   3) <--> ( 6   3)        1.112100      0.137419      0.095136   WU    30.650832     21.219807
 ( 4   3) <--> ( 6   4)       -0.687410      0.052504      0.036349   WU    11.710790      8.107470
 ( 4   4) <--> ( 6   1)       -0.534905      0.031791      0.022009   WU     7.091004      4.909156
 ( 4   4) <--> ( 6   2)        0.054353      0.000328      0.000227   WU     0.073216      0.050688
 ( 4   4) <--> ( 6   3)        1.730755      0.332835      0.230424   WU    74.237855     51.395438
 ( 4   4) <--> ( 6   4)        1.439538      0.230252      0.159405   WU    51.357088     35.554907
 ( 5   1) <--> ( 5   1)       -0.823581     -0.598024   (eb)
 ( 5   2) <--> ( 5   1)       -0.681098      0.042172      0.042172   WU     9.406398      9.406398
 ( 5   2) <--> ( 5   2)        0.807748      0.586527   (eb)
 ( 5   3) <--> ( 5   1)        0.133746      0.001626      0.001626   WU     0.362714      0.362714
 ( 5   3) <--> ( 5   2)        0.231850      0.004887      0.004887   WU     1.089984      1.089984
 ( 5   3) <--> ( 5   3)       -0.836256     -0.607228   (eb)
 ( 5   4) <--> ( 5   1)       -0.020567      0.000038      0.000038   WU     0.008578      0.008578
 ( 5   4) <--> ( 5   2)       -0.062950      0.000360      0.000360   WU     0.080351      0.080351
 ( 5   4) <--> ( 5   3)       -0.051666      0.000243      0.000243   WU     0.054128      0.054128
 ( 5   4) <--> ( 5   4)       -0.398654     -0.289473   (eb)
 ( 5   1) <--> ( 6   1)        0.699653      0.044501      0.037655   WU     9.925894      8.398833
 ( 5   1) <--> ( 6   2)        1.107779      0.111561      0.094398   WU    24.883419     21.055201
 ( 5   1) <--> ( 6   3)       -0.517666      0.024362      0.020614   WU     5.433791      4.597823
 ( 5   1) <--> ( 6   4)        0.333233      0.010095      0.008542   WU     2.251645      1.905238
 ( 5   2) <--> ( 6   1)       -0.014110      0.000018      0.000015   WU     0.004037      0.003416
 ( 5   2) <--> ( 6   2)       -0.446683      0.018139      0.015348   WU     4.045790      3.423361
 ( 5   2) <--> ( 6   3)       -0.783848      0.055856      0.047263   WU    12.458572     10.541869
 ( 5   2) <--> ( 6   4)        1.310913      0.156227      0.132192   WU    34.845903     29.484995
 ( 5   3) <--> ( 6   1)       -0.025299      0.000058      0.000049   WU     0.012978      0.010982
 ( 5   3) <--> ( 6   2)       -0.214051      0.004165      0.003524   WU     0.929049      0.786118
 ( 5   3) <--> ( 6   3)        0.724334      0.047696      0.040358   WU    10.638545      9.001846
 ( 5   3) <--> ( 6   4)        0.317881      0.009186      0.007773   WU     2.048961      1.733736
 ( 5   4) <--> ( 6   1)       -0.017748      0.000029      0.000024   WU     0.006387      0.005404
 ( 5   4) <--> ( 6   2)        0.052403      0.000250      0.000211   WU     0.055683      0.047117
 ( 5   4) <--> ( 6   3)       -0.032672      0.000097      0.000082   WU     0.021645      0.018315
 ( 5   4) <--> ( 6   4)       -0.029436      0.000079      0.000067   WU     0.017570      0.014867
 ( 5   1) <--> ( 7   1)        2.111227      0.405207      0.297152   WU    90.380322     66.278903
 ( 5   1) <--> ( 7   2)       -0.037301      0.000126      0.000093   WU     0.028212      0.020689
 ( 5   1) <--> ( 7   3)       -0.175014      0.002785      0.002042   WU     0.621085      0.455462
 ( 5   1) <--> ( 7   4)       -0.085814      0.000669      0.000491   WU     0.149322      0.109503
 ( 5   2) <--> ( 7   1)       -0.015422      0.000022      0.000016   WU     0.004822      0.003536
 ( 5   2) <--> ( 7   2)        1.521042      0.210324      0.154238   WU    46.912284     34.402341
 ( 5   2) <--> ( 7   3)       -0.108456      0.001069      0.000784   WU     0.238514      0.174910
 ( 5   2) <--> ( 7   4)        0.209014      0.003972      0.002912   WU     0.885836      0.649613
 ( 5   3) <--> ( 7   1)       -0.528208      0.025364      0.018600   WU     5.657366      4.148735
 ( 5   3) <--> ( 7   2)       -0.014341      0.000019      0.000014   WU     0.004170      0.003058
 ( 5   3) <--> ( 7   3)        2.168964      0.427673      0.313627   WU    95.391345     69.953653
 ( 5   3) <--> ( 7   4)        0.949216      0.081910      0.060067   WU    18.269835     13.397879
 ( 5   4) <--> ( 7   1)        0.151697      0.002092      0.001534   WU     0.466615      0.342184
 ( 5   4) <--> ( 7   2)        0.402116      0.014700      0.010780   WU     3.278741      2.404410
 ( 5   4) <--> ( 7   3)       -0.049053      0.000219      0.000160   WU     0.048791      0.035780
 ( 5   4) <--> ( 7   4)        0.439092      0.017527      0.012853   WU     3.909448      2.866928
 ( 6   1) <--> ( 6   1)       -1.460443     -1.018217   (eb)
 ( 6   2) <--> ( 6   1)        0.713830      0.039196      0.039196   WU     8.742649      8.742649
 ( 6   2) <--> ( 6   2)       -1.126500     -0.785393   (eb)
 ( 6   3) <--> ( 6   1)        0.256501      0.005061      0.005061   WU     1.128838      1.128838
 ( 6   3) <--> ( 6   2)        0.383881      0.011336      0.011336   WU     2.528409      2.528409
 ( 6   3) <--> ( 6   3)       -1.051036     -0.732779   (eb)
 ( 6   4) <--> ( 6   1)        0.094491      0.000687      0.000687   WU     0.153193      0.153193
 ( 6   4) <--> ( 6   2)       -0.914704      0.064360      0.064360   WU    14.355362     14.355362
 ( 6   4) <--> ( 6   3)       -0.900233      0.062340      0.062340   WU    13.904768     13.904768
 ( 6   4) <--> ( 6   4)       -0.341422     -0.238039   (eb)
 ( 6   1) <--> ( 7   1)       -0.104352      0.000838      0.000726   WU     0.186834      0.161923
 ( 6   1) <--> ( 7   2)        0.028141      0.000061      0.000053   WU     0.013588      0.011776
 ( 6   1) <--> ( 7   3)       -0.012699      0.000012      0.000011   WU     0.002767      0.002398
 ( 6   1) <--> ( 7   4)       -0.007607      0.000004      0.000004   WU     0.000993      0.000860
 ( 6   2) <--> ( 7   1)        1.211217      0.112850      0.097803   WU    25.170803     21.814696
 ( 6   2) <--> ( 7   2)        0.291086      0.006518      0.005649   WU     1.453774      1.259938
 ( 6   2) <--> ( 7   3)       -0.130088      0.001302      0.001128   WU     0.290354      0.251640
 ( 6   2) <--> ( 7   4)       -0.037248      0.000107      0.000092   WU     0.023804      0.020630
 ( 6   3) <--> ( 7   1)       -0.059467      0.000272      0.000236   WU     0.060675      0.052585
 ( 6   3) <--> ( 7   2)       -0.964721      0.071591      0.062046   WU    15.968223     13.839126
 ( 6   3) <--> ( 7   3)       -0.101025      0.000785      0.000680   WU     0.175109      0.151761
 ( 6   3) <--> ( 7   4)        0.143934      0.001594      0.001381   WU     0.355452      0.308058
 ( 6   4) <--> ( 7   1)       -0.111019      0.000948      0.000822   WU     0.211472      0.183275
 ( 6   4) <--> ( 7   2)        1.518938      0.177475      0.153811   WU    39.585262     34.307227
 ( 6   4) <--> ( 7   3)        0.104245      0.000836      0.000724   WU     0.186451      0.161591
 ( 6   4) <--> ( 7   4)       -0.339639      0.008873      0.007690   WU     1.979193      1.715301
 ( 6   1) <--> ( 8   1)        2.525627      0.490676      0.375223   WU   109.443971     83.692448
 ( 6   1) <--> ( 8   2)       -0.116240      0.001039      0.000795   WU     0.231826      0.177279
 ( 6   1) <--> ( 8   3)        0.239968      0.004430      0.003387   WU     0.988003      0.755532
 ( 6   1) <--> ( 8   4)       -0.047209      0.000171      0.000131   WU     0.038239      0.029242
 ( 6   2) <--> ( 8   1)        0.218326      0.003667      0.002804   WU     0.817834      0.625402
 ( 6   2) <--> ( 8   2)        2.316060      0.412626      0.315537   WU    92.034998     70.379704
 ( 6   2) <--> ( 8   3)        0.039071      0.000117      0.000090   WU     0.026191      0.020028
 ( 6   2) <--> ( 8   4)        0.075575      0.000439      0.000336   WU     0.097998      0.074939
 ( 6   3) <--> ( 8   1)       -0.621015      0.029666      0.022686   WU     6.616939      5.060012
 ( 6   3) <--> ( 8   2)        0.115337      0.001023      0.000783   WU     0.228238      0.174535
 ( 6   3) <--> ( 8   3)       -2.564069      0.505727      0.386732   WU   112.800946     86.259547
 ( 6   3) <--> ( 8   4)       -0.691780      0.036812      0.028151   WU     8.210875      6.278905
 ( 6   4) <--> ( 8   1)       -0.279750      0.006020      0.004604   WU     1.342743      1.026803
 ( 6   4) <--> ( 8   2)       -0.022446      0.000039      0.000030   WU     0.008644      0.006610
 ( 6   4) <--> ( 8   3)       -1.340926      0.138314      0.105770   WU    30.850547     23.591595
 ( 6   4) <--> ( 8   4)        1.888094      0.274223      0.209700   WU    61.164653     46.772970
 ( 7   1) <--> ( 7   1)       -1.232924     -0.825642   (eb)
 ( 7   2) <--> ( 7   1)       -0.815588      0.044346      0.044346   WU     9.891155      9.891155
 ( 7   2) <--> ( 7   2)       -0.188080     -0.125950   (eb)
 ( 7   3) <--> ( 7   1)        0.192923      0.002481      0.002481   WU     0.553442      0.553442
 ( 7   3) <--> ( 7   2)       -0.173322      0.002003      0.002003   WU     0.446696      0.446696
 ( 7   3) <--> ( 7   3)       -0.948395     -0.635104   (eb)
 ( 7   4) <--> ( 7   1)        0.063338      0.000267      0.000267   WU     0.059653      0.059653
 ( 7   4) <--> ( 7   2)        0.957084      0.061067      0.061067   WU    13.620898     13.620898
 ( 7   4) <--> ( 7   3)       -0.967005      0.062340      0.062340   WU    13.904734     13.904734
 ( 7   4) <--> ( 7   4)        0.923730      0.618586   (eb)
 ( 7   1) <--> ( 8   1)        0.843079      0.047385      0.041811   WU    10.569202      9.325767
 ( 7   1) <--> ( 8   2)        0.933879      0.058142      0.051302   WU    12.968421     11.442725
 ( 7   1) <--> ( 8   3)        0.330454      0.007280      0.006424   WU     1.623778      1.432745
 ( 7   1) <--> ( 8   4)        0.421408      0.011839      0.010446   WU     2.640657      2.329991
 ( 7   2) <--> ( 8   1)       -0.030030      0.000060      0.000053   WU     0.013409      0.011832
 ( 7   2) <--> ( 8   2)       -0.675046      0.030379      0.026805   WU     6.775980      5.978806
 ( 7   2) <--> ( 8   3)        0.179498      0.002148      0.001895   WU     0.479100      0.422736
 ( 7   2) <--> ( 8   4)        1.469973      0.144055      0.127107   WU    32.130992     28.350876
 ( 7   3) <--> ( 8   1)       -0.031913      0.000068      0.000060   WU     0.015144      0.013363
 ( 7   3) <--> ( 8   2)       -0.159924      0.001705      0.001504   WU     0.380306      0.335564
 ( 7   3) <--> ( 8   3)       -0.858143      0.049094      0.043318   WU    10.950260      9.661994
 ( 7   3) <--> ( 8   4)       -0.141006      0.001326      0.001170   WU     0.295653      0.260871
 ( 7   4) <--> ( 8   1)       -0.017458      0.000020      0.000018   WU     0.004532      0.003999
 ( 7   4) <--> ( 8   2)       -0.069761      0.000324      0.000286   WU     0.072366      0.063853
 ( 7   4) <--> ( 8   3)       -0.284965      0.005414      0.004777   WU     1.207500      1.065441
 ( 7   4) <--> ( 8   4)        0.426171      0.012108      0.010684   WU     2.700687      2.382959
 ( 7   1) <--> ( 9   1)        2.617638      0.456802      0.360633   WU   101.888407     80.438216
 ( 7   1) <--> ( 9   2)        0.032495      0.000070      0.000056   WU     0.015701      0.012396
 ( 7   1) <--> ( 9   3)       -0.223884      0.003342      0.002638   WU     0.745333      0.588421
 ( 7   1) <--> ( 9   4)        0.010880      0.000008      0.000006   WU     0.001760      0.001390
 ( 7   2) <--> ( 9   1)       -0.069038      0.000318      0.000251   WU     0.070872      0.055952
 ( 7   2) <--> ( 9   2)        2.219170      0.328314      0.259196   WU    73.229615     57.812854
 ( 7   2) <--> ( 9   3)       -0.016419      0.000018      0.000014   WU     0.004009      0.003165
 ( 7   2) <--> ( 9   4)       -0.080449      0.000431      0.000341   WU     0.096238      0.075978
 ( 7   3) <--> ( 9   1)       -0.603780      0.024303      0.019187   WU     5.420790      4.279571
 ( 7   3) <--> ( 9   2)        0.005126      0.000002      0.000001   WU     0.000391      0.000309
 ( 7   3) <--> ( 9   3)        2.794419      0.520585      0.410988   WU   116.115048     91.669775
 ( 7   3) <--> ( 9   4)        0.646726      0.027884      0.022013   WU     6.219376      4.910034
 ( 7   4) <--> ( 9   1)       -0.188313      0.002364      0.001866   WU     0.527309      0.416296
 ( 7   4) <--> ( 9   2)        0.016637      0.000018      0.000015   WU     0.004116      0.003249
 ( 7   4) <--> ( 9   3)        1.235481      0.101761      0.080338   WU    22.697476     17.919060
 ( 7   4) <--> ( 9   4)       -1.539405      0.157985      0.124725   WU    35.238014     27.819485
 ( 8   1) <--> ( 8   1)       -1.603499     -1.032968   (eb)
 ( 8   2) <--> ( 8   1)        0.770735      0.034943      0.034943   WU     7.793954      7.793954
 ( 8   2) <--> ( 8   2)       -1.488006     -0.958568   (eb)
 ( 8   3) <--> ( 8   1)       -0.297199      0.005196      0.005196   WU     1.158894      1.158894
 ( 8   3) <--> ( 8   2)        0.039059      0.000090      0.000090   WU     0.020017      0.020017
 ( 8   3) <--> ( 8   3)       -1.994099     -1.284591   (eb)
 ( 8   4) <--> ( 8   1)       -0.040402      0.000096      0.000096   WU     0.021417      0.021417
 ( 8   4) <--> ( 8   2)       -1.135781      0.075882      0.075882   WU    16.925319     16.925319
 ( 8   4) <--> ( 8   3)        0.268441      0.004239      0.004239   WU     0.945466      0.945466
 ( 8   4) <--> ( 8   4)       -0.540575     -0.348236   (eb)
 ( 8   1) <--> ( 9   1)       -0.047947      0.000135      0.000121   WU     0.030163      0.026988
 ( 8   1) <--> ( 9   2)        0.036911      0.000080      0.000072   WU     0.017876      0.015994
 ( 8   1) <--> ( 9   3)       -0.017623      0.000018      0.000016   WU     0.004075      0.003646
 ( 8   1) <--> ( 9   4)        0.004264      0.000001      0.000001   WU     0.000239      0.000213
 ( 8   2) <--> ( 9   1)        1.125392      0.074500      0.066658   WU    16.617113     14.867944
 ( 8   2) <--> ( 9   2)        0.200323      0.002361      0.002112   WU     0.526513      0.471091
 ( 8   2) <--> ( 9   3)       -0.124644      0.000914      0.000818   WU     0.203841      0.182384
 ( 8   2) <--> ( 9   4)       -0.025851      0.000039      0.000035   WU     0.008768      0.007845
 ( 8   3) <--> ( 9   1)        0.094180      0.000522      0.000467   WU     0.116377      0.104127
 ( 8   3) <--> ( 9   2)        0.254409      0.003807      0.003407   WU     0.849208      0.759817
 ( 8   3) <--> ( 9   3)        0.029360      0.000051      0.000045   WU     0.011310      0.010120
 ( 8   3) <--> ( 9   4)        0.023143      0.000032      0.000028   WU     0.007027      0.006287
 ( 8   4) <--> ( 9   1)       -0.078865      0.000366      0.000327   WU     0.081606      0.073016
 ( 8   4) <--> ( 9   2)        1.638149      0.157855      0.141238   WU    35.209068     31.502850
 ( 8   4) <--> ( 9   3)       -0.025320      0.000038      0.000034   WU     0.008412      0.007526
 ( 8   4) <--> ( 9   4)        0.306991      0.005544      0.004960   WU     1.236515      1.106355
 ( 8   1) <--> (10   1)        2.961960      0.516071      0.417772   WU   115.108224     93.182848
 ( 8   1) <--> (10   2)       -0.149457      0.001314      0.001064   WU     0.293076      0.237252
 ( 8   1) <--> (10   3)        0.246009      0.003560      0.002882   WU     0.794056      0.642807
 ( 8   1) <--> (10   4)       -0.018527      0.000020      0.000016   WU     0.004503      0.003646
 ( 8   2) <--> (10   1)        0.227848      0.003054      0.002472   WU     0.681140      0.551399
 ( 8   2) <--> (10   2)        2.792398      0.458676      0.371309   WU   102.306332     82.819412
 ( 8   2) <--> (10   3)        0.076793      0.000347      0.000281   WU     0.077374      0.062636
 ( 8   2) <--> (10   4)        0.179987      0.001906      0.001543   WU     0.425043      0.344082
 ( 8   3) <--> (10   1)        0.788378      0.036561      0.029597   WU     8.154870      6.601562
 ( 8   3) <--> (10   2)       -0.296007      0.005154      0.004172   WU     1.149612      0.930638
 ( 8   3) <--> (10   3)        3.520774      0.729168      0.590279   WU   162.638822    131.659999
 ( 8   3) <--> (10   4)        0.247235      0.003596      0.002911   WU     0.801989      0.649229
 ( 8   4) <--> (10   1)        0.012681      0.000009      0.000008   WU     0.002110      0.001708
 ( 8   4) <--> (10   2)       -0.170723      0.001714      0.001388   WU     0.382410      0.309570
 ( 8   4) <--> (10   3)       -0.531469      0.016615      0.013450   WU     3.705987      3.000085
 ( 8   4) <--> (10   4)        2.579606      0.391433      0.316875   WU    87.308103     70.677988
 ( 9   1) <--> ( 9   1)       -1.498706     -0.930520   (eb)
 ( 9   2) <--> ( 9   1)       -0.889181      0.041613      0.041613   WU     9.281618      9.281618
 ( 9   2) <--> ( 9   2)       -0.775931     -0.481762   (eb)
 ( 9   3) <--> ( 9   1)        0.250416      0.003300      0.003300   WU     0.736154      0.736154
 ( 9   3) <--> ( 9   2)        0.231572      0.002822      0.002822   WU     0.629529      0.629529
 ( 9   3) <--> ( 9   3)       -1.860588     -1.155206   (eb)
 ( 9   4) <--> ( 9   1)        0.037298      0.000073      0.000073   WU     0.016331      0.016331
 ( 9   4) <--> ( 9   2)       -1.172749      0.072386      0.072386   WU    16.145578     16.145578
 ( 9   4) <--> ( 9   3)       -0.084551      0.000376      0.000376   WU     0.083922      0.083922
 ( 9   4) <--> ( 9   4)        0.473692      0.294107   (eb)
 ( 9   1) <--> (10   1)        0.955451      0.048047      0.043471   WU    10.716665      9.696030
 ( 9   1) <--> (10   2)        0.791314      0.032957      0.029818   WU     7.350902      6.650816
 ( 9   1) <--> (10   3)        0.292775      0.004511      0.004082   WU     1.006265      0.910430
 ( 9   1) <--> (10   4)        0.404494      0.008611      0.007791   WU     1.920735      1.737808
 ( 9   2) <--> (10   1)       -0.042865      0.000097      0.000087   WU     0.021570      0.019516
 ( 9   2) <--> (10   2)       -0.861611      0.039072      0.035351   WU     8.714966      7.884969
 ( 9   2) <--> (10   3)       -0.040341      0.000086      0.000077   WU     0.019105      0.017285
 ( 9   2) <--> (10   4)        1.267651      0.084576      0.076521   WU    18.864370     17.067763
 ( 9   3) <--> (10   1)       -0.047502      0.000119      0.000107   WU     0.026490      0.023967
 ( 9   3) <--> (10   2)       -0.119681      0.000754      0.000682   WU     0.168149      0.152134
 ( 9   3) <--> (10   3)       -0.982922      0.050849      0.046006   WU    11.341780     10.261611
 ( 9   3) <--> (10   4)       -0.072664      0.000278      0.000251   WU     0.061985      0.056081
 ( 9   4) <--> (10   1)        0.005152      0.000001      0.000001   WU     0.000312      0.000282
 ( 9   4) <--> (10   2)        0.024096      0.000031      0.000028   WU     0.006816      0.006167
 ( 9   4) <--> (10   3)       -0.035859      0.000068      0.000061   WU     0.015095      0.013658
 ( 9   4) <--> (10   4)       -0.721626      0.027408      0.024797   WU     6.113185      5.530976
 (10   1) <--> (10   1)       -1.732451     -1.038766   (eb)
 (10   2) <--> (10   1)        0.826391      0.032520      0.032520   WU     7.253511      7.253511
 (10   2) <--> (10   2)       -1.732317     -1.038686   (eb)
 (10   3) <--> (10   1)       -0.285029      0.003869      0.003869   WU     0.862890      0.862890
 (10   3) <--> (10   2)        0.269174      0.003450      0.003450   WU     0.769559      0.769559
 (10   3) <--> (10   3)       -2.553454     -1.531034   (eb)
 (10   4) <--> (10   1)       -0.086613      0.000357      0.000357   WU     0.079679      0.079679
 (10   4) <--> (10   2)       -1.243331      0.073613      0.073613   WU    16.419153     16.419153
 (10   4) <--> (10   3)        0.087172      0.000362      0.000362   WU     0.080711      0.080711
 (10   4) <--> (10   4)       -0.976684     -0.585613   (eb)
 
  quadrupole shape invariant: 01+, 02+, 03+, 04+
quadr2     0.91499793     1.01607029     1.00416876     1.66802270
quadr3     0.67846332     0.93838081     0.36110596     2.29120832
  effective deformation parameters:  01+, 02+, 03+, 04+
beteff     0.18755735     0.19764503     0.19648409     0.25323575
cos3ga     0.77516866     0.91620676     0.35885962     1.06355914
 
 ********* END Transition **************************
