 ********* BEGIN READER ****************************
 
 Nucleus            :  Ra  88 182
 Imin, Imax         :     0  10
 imu, remu          :     1 12.0000
 nlevel             :     4
 observables        :     2
 wave fun           :     1
 nbet, ngam, npar   :    10   7  10
 Finish reading parameters: V, B_k ...
 
 ********* END READER ******************************
 
 ********* BEGIN LEVELS ********************
 
 E_0 = -1902.678105
 
  I=   0   ntot= 127
   0   1    0.000000
   0   2    2.745959
   0   3    5.414595
   0   4    7.310552
 
  I=   2   ntot= 234
   2   1    1.866151
   2   2    4.037658
   2   3    4.838222
   2   4    6.531833
 
  I=   3   ntot= 108
   3   1    6.102675
   3   2    8.518284
   3   3   10.369550
   3   4   11.530979
 
  I=   4   ntot= 324
   4   1    3.607006
   4   2    5.919657
   4   3    6.700786
   4   4    8.111188
 
  I=   5   ntot= 198
   5   1    7.939720
   5   2   10.110982
   5   3   10.213816
   5   4   11.451526
 
  I=   6   ntot= 432
   6   1    5.375191
   6   2    7.779304
   6   3    8.453124
   6   4    9.901021
 
  I=   7   ntot= 306
   7   1    9.809209
   7   2   11.599522
   7   3   11.920150
   7   4   11.980360
 
  I=   8   ntot= 522
   8   1    7.227051
   8   2    9.654676
   8   3   10.186238
   8   4   11.207902
 
  I=   9   ntot= 397
   9   1   11.719670
   9   2   12.219311
   9   3   12.664592
   9   4   13.021852
 
  I=  10   ntot= 630
  10   1    9.189949
  10   2   11.441420
  10   3   11.457359
  10   4   11.950326
 
 ********* END LEVELS **********************
 
 ********* BEGIN Transition ************************
 
  Monopole moment 
 
   I   n    <In|E0|In>   ave \beta      del<b>   ave \gamma    del<g>  
     K=0       K=2       K=4   
   0   1     35.559165    0.067641    0.023261   26.086298   13.573077  100.0000    0.0000    0.0000
   0   2     35.660511    0.092694    0.036832   31.736870   14.594893  100.0000    0.0000    0.0000
   0   3     35.793672    0.115367    0.046235   36.389636   13.153284  100.0000    0.0000    0.0000
   0   4     35.786101    0.124665    0.038392   23.032702   13.949068  100.0000    0.0000    0.0000
   2   1     35.612006    0.082799    0.023616   29.352708   14.129238   50.3953   49.6047    0.0000
   2   2     35.673102    0.095713    0.030695   30.771764   14.636995   46.3840   53.6160    0.0000
   2   3     35.707522    0.104378    0.036284   28.588462   13.550308   61.5071   38.4928    0.0000
   2   4     35.808086    0.119392    0.042526   34.590916   13.173294   42.2390   57.7609    0.0000
   3   1     35.718564    0.107379    0.024489   27.366128   10.386562    0.0000  100.0000    0.0000
   3   2     35.875944    0.134190    0.041965   30.832218   10.598119    0.0000  100.0000    0.0000
   3   3     36.217402    0.189479    0.055406   32.632099    8.673759    0.0000  100.0000    0.0000
   3   4     36.721631    0.265833    0.097744   29.013428   13.190899    0.0000   99.9999    0.0000
   4   1     35.667258    0.094718    0.024635   32.288331   13.620224   30.9230   37.3744   31.7026
   4   2     35.746790    0.108546    0.033890   34.477853   13.714758   40.1419   21.1029   38.7551
   4   3     35.771972    0.117325    0.036553   28.714250   12.600624   50.7006   18.9045   30.3949
   4   4     35.838404    0.125463    0.040216   33.998774   13.850207   27.1402   31.9513   40.9085
   5   1     35.784588    0.118651    0.026017   29.417536    9.743982    0.0000   50.1096   49.8904
   5   2     35.931269    0.143354    0.039909   31.644149    9.339474    0.0000   38.9040   61.0960
   5   3     35.975220    0.153690    0.043706   28.686219    9.161690    0.0000   67.4424   32.5576
   5   4     36.473728    0.227627    0.063984   33.539506    8.156372    0.0000   40.5927   59.4072
   6   1     35.721287    0.104422    0.025536   34.243545   13.190906   22.1308   32.0532   22.5880
   6   2     35.827094    0.121078    0.036632   37.079956   12.823988   28.2275   24.4218   18.2379
   6   3     35.835912    0.129133    0.036324   28.487742   12.233737   44.5807   20.9303    7.5201
   6   4     36.053927    0.157044    0.051174   40.097403   10.251007   24.2966   24.6203   17.8344
   7   1     35.856959    0.130149    0.028918   30.861330    9.565947    0.0000   31.2659   42.5216
   7   2     36.293028    0.200503    0.055427   32.676114    8.162650    0.0000   36.1094   42.6912
   7   3     36.039623    0.164336    0.048908   27.922345   12.208871    0.0000   55.1682    3.8075
   7   4     39.235468    0.541178    0.054168    9.141331    7.068575    0.0000   99.7846    0.1655
   8   1     35.773801    0.112861    0.025003   35.880232   11.029745   17.7074   28.2735   20.4240
   8   2     35.929124    0.136607    0.041926   38.910374   11.544973   19.8474   26.4611   18.5136
   8   3     35.906649    0.141862    0.037730   28.081312   10.618451   41.5429   23.9531    3.5295
   8   4     39.406805    0.558451    0.051690    5.896169    7.569969   99.8492    0.1304    0.0076
   9   1     35.965515    0.147827    0.038094   31.785184    8.575646    0.0000   24.0010   36.0716
   9   2     39.271583    0.544350    0.052354    8.985253    6.829704    0.0000   99.6733    0.3129
   9   3     36.786187    0.269875    0.077971   31.526970   10.850209    0.0000   24.1087   38.8725
   9   4     38.725192    0.491338    0.087795   14.115586   10.017106    0.0000   14.1499   80.7314
  10   1     35.825626    0.120762    0.025282   36.827604   10.298356   15.3602   25.8108   19.1626
  10   2     36.150355    0.173704    0.065920   35.567554   15.369398   18.3385   29.6849   20.0232
  10   3     39.418607    0.559567    0.052838    5.856861    7.561215   99.5240    0.3319    0.0537
  10   4     35.999091    0.156946    0.050349   29.094020   10.569905   36.5199   24.8338    4.4369
 
  rho^2(E0) 
 
   I  n_1 n_2  <In_1|E0|In_2>  rho^2(E0) 
   0   1   1       35.559165 2705.982658
   0   2   1        0.056793    0.006903
   0   2   2       35.660511 2721.429093
   0   3   1       -0.003484    0.000026
   0   3   2        0.106929    0.024469
   0   3   3       35.793672 2741.791367
   0   4   1        0.013972    0.000418
   0   4   2        0.026047    0.001452
   0   4   3        0.062278    0.008300
   0   4   4       35.786101 2740.631565
   2   1   1       35.612006 2714.030868
   2   2   1       -0.050939    0.005553
   2   2   2       35.673102 2723.351145
   2   3   1        0.061382    0.008063
   2   3   2       -0.032880    0.002314
   2   3   3       35.707522 2728.609125
   2   4   1       -0.003583    0.000027
   2   4   2        0.109500    0.025659
   2   4   3       -0.035112    0.002638
   2   4   4       35.808086 2744.000050
   3   1   1       35.718564 2730.296888
   3   2   1        0.115406    0.028502
   3   2   2       35.875944 2754.409954
   3   3   1       -0.009211    0.000182
   3   3   2        0.189468    0.076824
   3   3   3       36.217402 2807.090947
   3   4   1       -0.001942    0.000008
   3   4   2        0.057279    0.007021
   3   4   3       -0.288040    0.177553
   3   4   4       36.721631 2885.797282
   4   1   1       35.667258 2722.459045
   4   2   1       -0.076837    0.012635
   4   2   2       35.746790 2734.613819
   4   3   1        0.062312    0.008309
   4   3   2       -0.044631    0.004263
   4   3   3       35.771972 2738.468018
   4   4   1        0.005190    0.000058
   4   4   2       -0.104075    0.023180
   4   4   3        0.014833    0.000471
   4   4   4       35.838404 2748.648583
   5   1   1       35.784588 2740.399855
   5   2   1       -0.091797    0.018033
   5   2   2       35.931269 2762.911738
   5   3   1        0.095843    0.019658
   5   3   2       -0.066625    0.009499
   5   3   3       35.975220 2769.675020
   5   4   1        0.025973    0.001444
   5   4   2        0.165529    0.058637
   5   4   3       -0.161062    0.055515
   5   4   4       36.473728 2846.965462
   6   1   1       35.721287 2730.713255
   6   2   1       -0.099949    0.021379
   6   2   2       35.827094 2746.914085
   6   3   1        0.056970    0.006946
   6   3   2       -0.051021    0.005571
   6   3   3       35.835912 2748.266342
   6   4   1       -0.005036    0.000054
   6   4   2       -0.158693    0.053893
   6   4   3        0.050582    0.005475
   6   4   4       36.053927 2781.807276
   7   1   1       35.856959 2751.495554
   7   2   1        0.141834    0.043051
   7   2   2       36.293028 2818.826220
   7   3   1       -0.020324    0.000884
   7   3   2       -0.022849    0.001117
   7   3   3       36.039623 2779.600417
   7   4   1        0.001969    0.000008
   7   4   2       -0.037650    0.003034
   7   4   3       -0.093867    0.018856
   7   4   4       39.235468 3294.424546
   8   1   1       35.773801 2738.748075
   8   2   1       -0.121335    0.031506
   8   2   2       35.929124 2762.581898
   8   3   1        0.037676    0.003038
   8   3   2       -0.063457    0.008617
   8   3   3       35.906649 2759.126817
   8   4   1        0.000248    0.000000
   8   4   2        0.000208    0.000000
   8   4   3       -0.004813    0.000050
   8   4   4       39.406805 3323.260247
   9   1   1       35.965515 2768.180958
   9   2   1       -0.006561    0.000092
   9   2   2       39.271583 3300.492271
   9   3   1       -0.179364    0.068848
   9   3   2       -0.095592    0.019555
   9   3   3       36.786187 2895.952585
   9   4   1       -0.041463    0.003679
   9   4   2        0.143694    0.044188
   9   4   3       -0.378034    0.305832
   9   4   4       38.725192 3209.290733
  10   1   1       35.825626 2746.688887
  10   2   1        0.132203    0.037403
  10   2   2       36.150355 2796.707451
  10   3   1       -0.006641    0.000094
  10   3   2        0.166256    0.059153
  10   3   3       39.418607 3325.251051
  10   4   1       -0.020401    0.000891
  10   4   2        0.094312    0.019035
  10   4   3       -0.010143    0.000220
  10   4   4       35.999091 2773.351901
 
  E2 transition 
 
  I1  n1        I2  n2       <f||E2||i>   B(E2,I1->I2)  B(E2,I2->I1)
 ( 0   1) <--> ( 2   1)        0.756425      0.572180      0.114436   WU    55.198517     11.039703
 ( 0   1) <--> ( 2   2)        0.371640      0.138116      0.027623   WU    13.324158      2.664832
 ( 0   1) <--> ( 2   3)        0.155480      0.024174      0.004835   WU     2.332086      0.466417
 ( 0   1) <--> ( 2   4)       -0.096769      0.009364      0.001873   WU     0.903373      0.180675
 ( 0   2) <--> ( 2   1)        0.513538      0.263722      0.052744   WU    25.441391      5.088278
 ( 0   2) <--> ( 2   2)       -0.355942      0.126695      0.025339   WU    12.222310      2.444462
 ( 0   2) <--> ( 2   3)        0.828737      0.686805      0.137361   WU    66.256511     13.251302
 ( 0   2) <--> ( 2   4)        0.327387      0.107182      0.021436   WU    10.339954      2.067991
 ( 0   3) <--> ( 2   1)       -0.023341      0.000545      0.000109   WU     0.052558      0.010512
 ( 0   3) <--> ( 2   2)       -0.498490      0.248492      0.049698   WU    23.972217      4.794443
 ( 0   3) <--> ( 2   3)        0.502498      0.252504      0.050501   WU    24.359195      4.871839
 ( 0   3) <--> ( 2   4)       -0.475222      0.225836      0.045167   WU    21.786504      4.357301
 ( 0   4) <--> ( 2   1)        0.068076      0.004634      0.000927   WU     0.447078      0.089416
 ( 0   4) <--> ( 2   2)        0.338750      0.114751      0.022950   WU    11.070135      2.214027
 ( 0   4) <--> ( 2   3)        0.521752      0.272225      0.054445   WU    26.261721      5.252344
 ( 0   4) <--> ( 2   4)        0.031429      0.000988      0.000198   WU     0.095292      0.019058
 ( 2   1) <--> ( 2   1)        0.323163      0.244936   (eb)
 ( 2   2) <--> ( 2   1)       -1.006165      0.202473      0.202473   WU    19.532742     19.532742
 ( 2   2) <--> ( 2   2)        0.279203      0.211617   (eb)
 ( 2   3) <--> ( 2   1)       -0.595342      0.070886      0.070886   WU     6.838448      6.838448
 ( 2   3) <--> ( 2   2)       -0.540838      0.058501      0.058501   WU     5.643645      5.643645
 ( 2   3) <--> ( 2   3)       -0.374128     -0.283564   (eb)
 ( 2   4) <--> ( 2   1)        0.016482      0.000054      0.000054   WU     0.005242      0.005242
 ( 2   4) <--> ( 2   2)        0.532197      0.056647      0.056647   WU     5.464752      5.464752
 ( 2   4) <--> ( 2   3)       -1.064981      0.226837      0.226837   WU    21.883102     21.883102
 ( 2   4) <--> ( 2   4)        0.490726      0.371937   (eb)
 ( 2   1) <--> ( 3   1)        0.663359      0.088009      0.062864   WU     8.490296      6.064497
 ( 2   1) <--> ( 3   2)       -0.185657      0.006894      0.004924   WU     0.665040      0.475029
 ( 2   1) <--> ( 3   3)        0.059096      0.000698      0.000499   WU     0.067382      0.048130
 ( 2   1) <--> ( 3   4)        0.034096      0.000233      0.000166   WU     0.022430      0.016022
 ( 2   2) <--> ( 3   1)       -1.289630      0.332629      0.237592   WU    32.088952     22.920680
 ( 2   2) <--> ( 3   2)       -0.170765      0.005832      0.004166   WU     0.562632      0.401880
 ( 2   2) <--> ( 3   3)        0.098431      0.001938      0.001384   WU     0.186933      0.133523
 ( 2   2) <--> ( 3   4)        0.049279      0.000486      0.000347   WU     0.046853      0.033467
 ( 2   3) <--> ( 3   1)       -0.639129      0.081697      0.058355   WU     7.881374      5.629553
 ( 2   3) <--> ( 3   2)        0.520284      0.054139      0.038671   WU     5.222832      3.730595
 ( 2   3) <--> ( 3   3)       -0.187110      0.007002      0.005001   WU     0.675493      0.482495
 ( 2   3) <--> ( 3   4)       -0.084605      0.001432      0.001023   WU     0.138107      0.098648
 ( 2   4) <--> ( 3   1)       -0.625871      0.078343      0.055959   WU     7.557795      5.398425
 ( 2   4) <--> ( 3   2)       -1.442369      0.416085      0.297204   WU    40.140022     28.671444
 ( 2   4) <--> ( 3   3)        0.024460      0.000120      0.000085   WU     0.011544      0.008246
 ( 2   4) <--> ( 3   4)       -0.064367      0.000829      0.000592   WU     0.079938      0.057099
 ( 2   1) <--> ( 4   1)        1.432676      0.410512      0.228062   WU    39.602334     22.001297
 ( 2   1) <--> ( 4   2)        0.450739      0.040633      0.022574   WU     3.919911      2.177729
 ( 2   1) <--> ( 4   3)        0.296779      0.017616      0.009786   WU     1.699389      0.944105
 ( 2   1) <--> ( 4   4)        0.074431      0.001108      0.000616   WU     0.106890      0.059383
 ( 2   2) <--> ( 4   1)       -0.423352      0.035845      0.019914   WU     3.458032      1.921129
 ( 2   2) <--> ( 4   2)        1.291784      0.333741      0.185412   WU    32.196224     17.886791
 ( 2   2) <--> ( 4   3)       -0.014994      0.000045      0.000025   WU     0.004337      0.002410
 ( 2   2) <--> ( 4   4)        0.651196      0.084811      0.047117   WU     8.181793      4.545441
 ( 2   3) <--> ( 4   1)        0.667816      0.089196      0.049553   WU     8.604763      4.780424
 ( 2   3) <--> ( 4   2)       -0.295212      0.017430      0.009683   WU     1.681480      0.934156
 ( 2   3) <--> ( 4   3)        1.618104      0.523652      0.290918   WU    50.517079     28.065044
 ( 2   3) <--> ( 4   4)        0.118186      0.002794      0.001552   WU     0.269498      0.149721
 ( 2   4) <--> ( 4   1)        0.023341      0.000109      0.000061   WU     0.010511      0.005840
 ( 2   4) <--> ( 4   2)        0.813189      0.132255      0.073475   WU    12.758754      7.088197
 ( 2   4) <--> ( 4   3)       -0.116158      0.002699      0.001499   WU     0.260330      0.144628
 ( 2   4) <--> ( 4   4)       -0.839390      0.140915      0.078286   WU    13.594177      7.552321
 ( 3   1) <--> ( 3   1)        0.000000      0.000000   (eb)
 ( 3   2) <--> ( 3   1)        0.000000      0.000000      0.000000   WU     0.000000      0.000000
 ( 3   2) <--> ( 3   2)        0.000000      0.000000   (eb)
 ( 3   3) <--> ( 3   1)        0.000000      0.000000      0.000000   WU     0.000000      0.000000
 ( 3   3) <--> ( 3   2)        0.000000      0.000000      0.000000   WU     0.000000      0.000000
 ( 3   3) <--> ( 3   3)        0.000000      0.000000   (eb)
 ( 3   4) <--> ( 3   1)        0.000000      0.000000      0.000000   WU     0.000000      0.000000
 ( 3   4) <--> ( 3   2)        0.000000      0.000000      0.000000   WU     0.000000      0.000000
 ( 3   4) <--> ( 3   3)        0.000000      0.000000      0.000000   WU     0.000000      0.000000
 ( 3   4) <--> ( 3   4)        0.000000      0.000000   (eb)
 ( 3   1) <--> ( 4   1)        0.910879      0.118529      0.092189   WU    11.434528      8.893522
 ( 3   1) <--> ( 4   2)        0.116183      0.001928      0.001500   WU     0.186030      0.144690
 ( 3   1) <--> ( 4   3)        0.755916      0.081630      0.063490   WU     7.874884      6.124910
 ( 3   1) <--> ( 4   4)       -1.157023      0.191243      0.148745   WU    18.449365     14.349506
 ( 3   2) <--> ( 4   1)       -0.079727      0.000908      0.000706   WU     0.087602      0.068135
 ( 3   2) <--> ( 4   2)       -0.594879      0.050554      0.039320   WU     4.877011      3.793231
 ( 3   2) <--> ( 4   3)        0.872677      0.108795      0.084618   WU    10.495533      8.163192
 ( 3   2) <--> ( 4   4)       -0.528240      0.039863      0.031004   WU     3.845563      2.990993
 ( 3   3) <--> ( 4   1)        0.010106      0.000015      0.000011   WU     0.001407      0.001095
 ( 3   3) <--> ( 4   2)        0.136615      0.002666      0.002074   WU     0.257215      0.200056
 ( 3   3) <--> ( 4   3)       -0.069274      0.000686      0.000533   WU     0.066135      0.051439
 ( 3   3) <--> ( 4   4)        0.296753      0.012580      0.009785   WU     1.213637      0.943940
 ( 3   4) <--> ( 4   1)        0.006910      0.000007      0.000005   WU     0.000658      0.000512
 ( 3   4) <--> ( 4   2)        0.046978      0.000315      0.000245   WU     0.030415      0.023656
 ( 3   4) <--> ( 4   3)       -0.008506      0.000010      0.000008   WU     0.000997      0.000776
 ( 3   4) <--> ( 4   4)        0.162641      0.003779      0.002939   WU     0.364550      0.283539
 ( 3   1) <--> ( 5   1)        1.683323      0.404796      0.257598   WU    39.050966     24.850615
 ( 3   1) <--> ( 5   2)        0.645769      0.059574      0.037911   WU     5.747137      3.657269
 ( 3   1) <--> ( 5   3)        0.415358      0.024646      0.015684   WU     2.377613      1.513027
 ( 3   1) <--> ( 5   4)       -0.062289      0.000554      0.000353   WU     0.053472      0.034027
 ( 3   2) <--> ( 5   1)        0.787393      0.088570      0.056363   WU     8.544374      5.437329
 ( 3   2) <--> ( 5   2)       -0.953195      0.129797      0.082598   WU    12.521624      7.968306
 ( 3   2) <--> ( 5   3)        1.721615      0.423422      0.269451   WU    40.847832     25.994075
 ( 3   2) <--> ( 5   4)        0.405005      0.023433      0.014912   WU     2.260565      1.438541
 ( 3   3) <--> ( 5   1)       -0.009751      0.000014      0.000009   WU     0.001310      0.000834
 ( 3   3) <--> ( 5   2)       -0.799340      0.091278      0.058086   WU     8.805624      5.603579
 ( 3   3) <--> ( 5   3)        1.362972      0.265385      0.168881   WU    25.601839     16.292079
 ( 3   3) <--> ( 5   4)       -2.185465      0.682322      0.434205   WU    65.824051     41.888033
 ( 3   4) <--> ( 5   1)       -0.011667      0.000019      0.000012   WU     0.001876      0.001194
 ( 3   4) <--> ( 5   2)       -0.145916      0.003042      0.001936   WU     0.293431      0.186729
 ( 3   4) <--> ( 5   3)       -0.055176      0.000435      0.000277   WU     0.041956      0.026699
 ( 3   4) <--> ( 5   4)        2.385960      0.813258      0.517528   WU    78.455466     49.926205
 ( 4   1) <--> ( 4   1)        0.580060      0.437421   (eb)
 ( 4   2) <--> ( 4   1)       -1.049602      0.122407      0.122407   WU    11.808684     11.808684
 ( 4   2) <--> ( 4   2)        0.695975      0.524831   (eb)
 ( 4   3) <--> ( 4   1)       -0.891682      0.088344      0.088344   WU     8.522609      8.522609
 ( 4   3) <--> ( 4   2)       -0.319729      0.011358      0.011358   WU     1.095760      1.095760
 ( 4   3) <--> ( 4   3)       -0.141729     -0.106877   (eb)
 ( 4   4) <--> ( 4   1)        0.178321      0.003533      0.003533   WU     0.340846      0.340846
 ( 4   4) <--> ( 4   2)       -1.433375      0.228285      0.228285   WU    22.022773     22.022773
 ( 4   4) <--> ( 4   3)        0.016020      0.000029      0.000029   WU     0.002751      0.002751
 ( 4   4) <--> ( 4   4)        0.728692      0.549503   (eb)
 ( 4   1) <--> ( 5   1)        0.858067      0.081809      0.066934   WU     7.892144      6.457209
 ( 4   1) <--> ( 5   2)        0.133382      0.001977      0.001617   WU     0.190699      0.156027
 ( 4   1) <--> ( 5   3)       -0.215116      0.005142      0.004207   WU     0.496018      0.405833
 ( 4   1) <--> ( 5   4)       -0.092939      0.000960      0.000785   WU     0.092587      0.075753
 ( 4   2) <--> ( 5   1)       -1.079438      0.129465      0.105926   WU    12.489592     10.218757
 ( 4   2) <--> ( 5   2)        0.569525      0.036040      0.029487   WU     3.476787      2.844644
 ( 4   2) <--> ( 5   3)        0.021318      0.000050      0.000041   WU     0.004871      0.003985
 ( 4   2) <--> ( 5   4)       -0.212282      0.005007      0.004097   WU     0.483035      0.395211
 ( 4   3) <--> ( 5   1)       -0.680580      0.051465      0.042108   WU     4.964904      4.062194
 ( 4   3) <--> ( 5   2)        0.039582      0.000174      0.000142   WU     0.016793      0.013740
 ( 4   3) <--> ( 5   3)        0.737733      0.060472      0.049477   WU     5.833798      4.773107
 ( 4   3) <--> ( 5   4)        0.204179      0.004632      0.003790   WU     0.446863      0.365616
 ( 4   4) <--> ( 5   1)        0.436482      0.021169      0.017320   WU     2.042142      1.670844
 ( 4   4) <--> ( 5   2)       -1.946569      0.421015      0.344467   WU    40.615553     33.230907
 ( 4   4) <--> ( 5   3)       -0.384674      0.016442      0.013452   WU     1.586126      1.297740
 ( 4   4) <--> ( 5   4)        0.024244      0.000065      0.000053   WU     0.006300      0.005155
 ( 4   1) <--> ( 6   1)        2.084506      0.482796      0.334244   WU    46.575667     32.244693
 ( 4   1) <--> ( 6   2)        0.423394      0.019918      0.013789   WU     1.921504      1.330272
 ( 4   1) <--> ( 6   3)        0.419663      0.019569      0.013547   WU     1.887788      1.306930
 ( 4   1) <--> ( 6   4)        0.073091      0.000594      0.000411   WU     0.057265      0.039645
 ( 4   2) <--> ( 6   1)       -0.564659      0.035427      0.024526   WU     3.417625      2.366048
 ( 4   2) <--> ( 6   2)        2.071725      0.476894      0.330157   WU    46.006231     31.850467
 ( 4   2) <--> ( 6   3)        0.046073      0.000236      0.000163   WU     0.022753      0.015752
 ( 4   2) <--> ( 6   4)        0.514373      0.029398      0.020352   WU     2.836020      1.963398
 ( 4   3) <--> ( 6   1)        0.828601      0.076287      0.052814   WU     7.359411      5.094977
 ( 4   3) <--> ( 6   2)       -0.446892      0.022190      0.015362   WU     2.140706      1.482027
 ( 4   3) <--> ( 6   3)        2.427002      0.654482      0.453103   WU    63.138299     43.711130
 ( 4   3) <--> ( 6   4)       -0.044647      0.000221      0.000153   WU     0.021366      0.014792
 ( 4   4) <--> ( 6   1)       -0.157343      0.002751      0.001904   WU     0.265369      0.183717
 ( 4   4) <--> ( 6   2)       -0.718649      0.057384      0.039727   WU     5.535879      3.832532
 ( 4   4) <--> ( 6   3)       -0.086755      0.000836      0.000579   WU     0.080675      0.055852
 ( 4   4) <--> ( 6   4)        1.870291      0.388666      0.269076   WU    37.494808     25.957944
 ( 5   1) <--> ( 5   1)        0.421552      0.306100   (eb)
 ( 5   2) <--> ( 5   1)       -1.059717      0.102091      0.102091   WU     9.848784      9.848784
 ( 5   2) <--> ( 5   2)        0.587215      0.426393   (eb)
 ( 5   3) <--> ( 5   1)       -0.804347      0.058816      0.058816   WU     5.674004      5.674004
 ( 5   3) <--> ( 5   2)       -0.635978      0.036770      0.036770   WU     3.547211      3.547211
 ( 5   3) <--> ( 5   3)       -0.663951     -0.482112   (eb)
 ( 5   4) <--> ( 5   1)        0.004049      0.000001      0.000001   WU     0.000144      0.000144
 ( 5   4) <--> ( 5   2)        0.297591      0.008051      0.008051   WU     0.776678      0.776678
 ( 5   4) <--> ( 5   3)       -0.406847      0.015048      0.015048   WU     1.451656      1.451656
 ( 5   4) <--> ( 5   4)        1.488897      1.081128   (eb)
 ( 5   1) <--> ( 6   1)        1.210626      0.133238      0.112740   WU    12.853531     10.876065
 ( 5   1) <--> ( 6   2)       -0.055480      0.000280      0.000237   WU     0.026995      0.022842
 ( 5   1) <--> ( 6   3)        0.871125      0.068987      0.058374   WU     6.655239      5.631356
 ( 5   1) <--> ( 6   4)       -0.487117      0.021571      0.018253   WU     2.080985      1.760834
 ( 5   2) <--> ( 6   1)        0.021611      0.000042      0.000036   WU     0.004096      0.003466
 ( 5   2) <--> ( 6   2)        0.965571      0.084757      0.071718   WU     8.176566      6.918633
 ( 5   2) <--> ( 6   3)       -0.192830      0.003380      0.002860   WU     0.326102      0.275932
 ( 5   2) <--> ( 6   4)       -0.261720      0.006227      0.005269   WU     0.600724      0.508305
 ( 5   3) <--> ( 6   1)       -0.163828      0.002440      0.002065   WU     0.235384      0.199171
 ( 5   3) <--> ( 6   2)       -0.378620      0.013032      0.011027   WU     1.257218      1.063800
 ( 5   3) <--> ( 6   3)        1.121302      0.114302      0.096717   WU    11.026756      9.330332
 ( 5   3) <--> ( 6   4)        0.121235      0.001336      0.001131   WU     0.128903      0.109071
 ( 5   4) <--> ( 6   1)       -0.028257      0.000073      0.000061   WU     0.007002      0.005925
 ( 5   4) <--> ( 6   2)       -0.267643      0.006512      0.005510   WU     0.628223      0.531574
 ( 5   4) <--> ( 6   3)        0.133544      0.001621      0.001372   WU     0.156404      0.132342
 ( 5   4) <--> ( 6   4)       -0.974967      0.086415      0.073120   WU     8.336480      7.053944
 ( 5   1) <--> ( 7   1)        2.542568      0.587696      0.430977   WU    56.695355     41.576594
 ( 5   1) <--> ( 7   2)       -0.068624      0.000428      0.000314   WU     0.041300      0.030287
 ( 5   1) <--> ( 7   3)        0.653134      0.038780      0.028439   WU     3.741167      2.743523
 ( 5   1) <--> ( 7   4)        0.020973      0.000040      0.000029   WU     0.003858      0.002829
 ( 5   2) <--> ( 7   1)       -0.649631      0.038366      0.028135   WU     3.701146      2.714174
 ( 5   2) <--> ( 7   2)       -1.748955      0.278077      0.203923   WU    26.826247     19.672581
 ( 5   2) <--> ( 7   3)        1.612760      0.236454      0.173400   WU    22.810878     16.727977
 ( 5   2) <--> ( 7   4)        0.017503      0.000028      0.000020   WU     0.002687      0.001970
 ( 5   3) <--> ( 7   1)        0.963338      0.084365      0.061868   WU     8.138784      5.968442
 ( 5   3) <--> ( 7   2)        2.578294      0.604327      0.443173   WU    58.299848     42.753222
 ( 5   3) <--> ( 7   3)        1.665474      0.252164      0.184920   WU    24.326425     17.839378
 ( 5   3) <--> ( 7   4)        0.090631      0.000747      0.000548   WU     0.072037      0.052827
 ( 5   4) <--> ( 7   1)        0.087443      0.000695      0.000510   WU     0.067058      0.049176
 ( 5   4) <--> ( 7   2)       -2.883836      0.756047      0.554434   WU    72.936284     53.486608
 ( 5   4) <--> ( 7   3)        0.354423      0.011420      0.008374   WU     1.101654      0.807880
 ( 5   4) <--> ( 7   4)        0.409766      0.015264      0.011194   WU     1.472561      1.079878
 ( 6   1) <--> ( 6   1)        0.796160      0.555080   (eb)
 ( 6   2) <--> ( 6   1)       -1.040347      0.083256      0.083256   WU     8.031716      8.031716
 ( 6   2) <--> ( 6   2)        1.085678      0.756931   (eb)
 ( 6   3) <--> ( 6   1)       -1.187569      0.108486      0.108486   WU    10.465734     10.465734
 ( 6   3) <--> ( 6   2)       -0.140116      0.001510      0.001510   WU     0.145688      0.145688
 ( 6   3) <--> ( 6   3)       -0.057807     -0.040303   (eb)
 ( 6   4) <--> ( 6   1)        0.121560      0.001137      0.001137   WU     0.109656      0.109656
 ( 6   4) <--> ( 6   2)       -1.266219      0.123332      0.123332   WU    11.897874     11.897874
 ( 6   4) <--> ( 6   3)        0.239604      0.004416      0.004416   WU     0.426028      0.426028
 ( 6   4) <--> ( 6   4)        1.809025      1.261247   (eb)
 ( 6   1) <--> ( 7   1)        0.981522      0.074107      0.064226   WU     7.149101      6.195887
 ( 6   1) <--> ( 7   2)       -0.291021      0.006515      0.005646   WU     0.628495      0.544696
 ( 6   1) <--> ( 7   3)       -0.052048      0.000208      0.000181   WU     0.020103      0.017423
 ( 6   1) <--> ( 7   4)       -0.009425      0.000007      0.000006   WU     0.000659      0.000571
 ( 6   2) <--> ( 7   1)       -0.983469      0.074401      0.064481   WU     7.177492      6.220493
 ( 6   2) <--> ( 7   2)       -0.337853      0.008780      0.007610   WU     0.847048      0.734108
 ( 6   2) <--> ( 7   3)        0.525561      0.021247      0.018414   WU     2.049739      1.776441
 ( 6   2) <--> ( 7   4)        0.006462      0.000003      0.000003   WU     0.000310      0.000269
 ( 6   3) <--> ( 7   1)       -0.701467      0.037850      0.032804   WU     3.651454      3.164594
 ( 6   3) <--> ( 7   2)        0.505723      0.019674      0.017050   WU     1.897918      1.644862
 ( 6   3) <--> ( 7   3)        0.596266      0.027349      0.023702   WU     2.638343      2.286564
 ( 6   3) <--> ( 7   4)        0.033099      0.000084      0.000073   WU     0.008130      0.007046
 ( 6   4) <--> ( 7   1)        0.412632      0.013097      0.011351   WU     1.263509      1.095041
 ( 6   4) <--> ( 7   2)        1.169716      0.105249      0.091216   WU    10.153419      8.799630
 ( 6   4) <--> ( 7   3)       -1.031437      0.081836      0.070924   WU     7.894729      6.842099
 ( 6   4) <--> ( 7   4)       -0.012735      0.000012      0.000011   WU     0.001204      0.001043
 ( 6   1) <--> ( 8   1)        2.718010      0.568275      0.434563   WU    54.821851     41.922592
 ( 6   1) <--> ( 8   2)        0.308627      0.007327      0.005603   WU     0.706838      0.540523
 ( 6   1) <--> ( 8   3)        0.532076      0.021777      0.016653   WU     2.100869      1.606547
 ( 6   1) <--> ( 8   4)        0.003935      0.000001      0.000001   WU     0.000115      0.000088
 ( 6   2) <--> ( 8   1)       -0.732034      0.041221      0.031522   WU     3.976627      3.040950
 ( 6   2) <--> ( 8   2)        2.832103      0.616985      0.471812   WU    59.520964     45.516031
 ( 6   2) <--> ( 8   3)        0.305288      0.007169      0.005482   WU     0.691626      0.528890
 ( 6   2) <--> ( 8   4)        0.001616      0.000000      0.000000   WU     0.000019      0.000015
 ( 6   3) <--> ( 8   1)        0.936728      0.067497      0.051615   WU     6.511465      4.979355
 ( 6   3) <--> ( 8   2)       -0.862546      0.057230      0.043764   WU     5.520981      4.221926
 ( 6   3) <--> ( 8   3)        3.188810      0.782193      0.598147   WU    75.458635     57.703662
 ( 6   3) <--> ( 8   4)        0.000265      0.000000      0.000000   WU     0.000001      0.000000
 ( 6   4) <--> ( 8   1)       -0.196752      0.002978      0.002277   WU     0.287270      0.219677
 ( 6   4) <--> ( 8   2)       -1.394321      0.149549      0.114361   WU    14.427050     11.032450
 ( 6   4) <--> ( 8   3)        0.197798      0.003010      0.002301   WU     0.290333      0.222019
 ( 6   4) <--> ( 8   4)       -0.058402      0.000262      0.000201   WU     0.025311      0.019355
 ( 7   1) <--> ( 7   1)        0.633708      0.424370   (eb)
 ( 7   2) <--> ( 7   1)       -0.055197      0.000203      0.000203   WU     0.019595      0.019595
 ( 7   2) <--> ( 7   2)        0.765336      0.512516   (eb)
 ( 7   3) <--> ( 7   1)       -1.632536      0.177678      0.177678   WU    17.140726     17.140726
 ( 7   3) <--> ( 7   2)       -1.301124      0.112862      0.112862   WU    10.887834     10.887834
 ( 7   3) <--> ( 7   3)       -0.276830     -0.185382   (eb)
 ( 7   4) <--> ( 7   1)       -0.051953      0.000180      0.000180   WU     0.017359      0.017359
 ( 7   4) <--> ( 7   2)        0.079544      0.000422      0.000422   WU     0.040693      0.040693
 ( 7   4) <--> ( 7   3)        0.281102      0.005268      0.005268   WU     0.508197      0.508197
 ( 7   4) <--> ( 7   4)      -10.236866     -6.855238   (eb)
 ( 7   1) <--> ( 8   1)        1.430763      0.136472      0.120417   WU    13.165566     11.616676
 ( 7   1) <--> ( 8   2)       -0.361364      0.008706      0.007681   WU     0.839833      0.741029
 ( 7   1) <--> ( 8   3)        0.910888      0.055315      0.048807   WU     5.336225      4.708434
 ( 7   1) <--> ( 8   4)        0.001063      0.000000      0.000000   WU     0.000007      0.000006
 ( 7   2) <--> ( 8   1)       -0.219856      0.003222      0.002843   WU     0.310870      0.274297
 ( 7   2) <--> ( 8   2)       -1.133476      0.085651      0.075575   WU     8.262819      7.290723
 ( 7   2) <--> ( 8   3)        1.015532      0.068754      0.060665   WU     6.632713      5.852394
 ( 7   2) <--> ( 8   4)       -0.042717      0.000122      0.000107   WU     0.011736      0.010355
 ( 7   3) <--> ( 8   1)       -0.118699      0.000939      0.000829   WU     0.090614      0.079953
 ( 7   3) <--> ( 8   2)        0.639135      0.027233      0.024029   WU     2.627176      2.318096
 ( 7   3) <--> ( 8   3)        0.864221      0.049792      0.043934   WU     4.803448      4.238337
 ( 7   3) <--> ( 8   4)       -0.021641      0.000031      0.000028   WU     0.003012      0.002658
 ( 7   4) <--> ( 8   1)       -0.009174      0.000006      0.000005   WU     0.000541      0.000478
 ( 7   4) <--> ( 8   2)       -0.007969      0.000004      0.000004   WU     0.000408      0.000360
 ( 7   4) <--> ( 8   3)        0.045502      0.000138      0.000122   WU     0.013316      0.011749
 ( 7   4) <--> ( 8   4)        0.993870      0.065852      0.058105   WU     6.352773      5.605388
 ( 7   1) <--> ( 9   1)        3.371610      0.757850      0.598303   WU    73.110312     57.718667
 ( 7   1) <--> ( 9   2)        0.007515      0.000004      0.000003   WU     0.000363      0.000287
 ( 7   1) <--> ( 9   3)        0.306862      0.006278      0.004956   WU     0.605608      0.478111
 ( 7   1) <--> ( 9   4)        0.064575      0.000278      0.000219   WU     0.026818      0.021172
 ( 7   2) <--> ( 9   1)        1.897059      0.239922      0.189412   WU    23.145437     18.272714
 ( 7   2) <--> ( 9   2)       -0.245099      0.004005      0.003162   WU     0.386354      0.305017
 ( 7   2) <--> ( 9   3)       -4.544314      1.376720      1.086884   WU   132.812998    104.852367
 ( 7   2) <--> ( 9   4)       -0.858123      0.049092      0.038757   WU     4.735907      3.738874
 ( 7   3) <--> ( 9   1)        0.209808      0.002935      0.002317   WU     0.283106      0.223504
 ( 7   3) <--> ( 9   2)       -0.476952      0.015166      0.011973   WU     1.463033      1.155026
 ( 7   3) <--> ( 9   3)        0.082089      0.000449      0.000355   WU     0.043338      0.034215
 ( 7   3) <--> ( 9   4)        0.031309      0.000065      0.000052   WU     0.006304      0.004977
 ( 7   4) <--> ( 9   1)        0.010218      0.000007      0.000005   WU     0.000671      0.000530
 ( 7   4) <--> ( 9   2)       16.128704     17.342339     13.691320   WU  1673.026309   1320.810244
 ( 7   4) <--> ( 9   3)       -0.257757      0.004429      0.003497   WU     0.427292      0.337336
 ( 7   4) <--> ( 9   4)       -0.222155      0.003290      0.002598   WU     0.317406      0.250584
 ( 8   1) <--> ( 8   1)        0.969558      0.624586   (eb)
 ( 8   2) <--> ( 8   1)       -0.845403      0.042042      0.042042   WU     4.055774      4.055774
 ( 8   2) <--> ( 8   2)        1.375658      0.886193   (eb)
 ( 8   3) <--> ( 8   1)       -1.501493      0.132617      0.132617   WU    12.793601     12.793601
 ( 8   3) <--> ( 8   2)        0.150899      0.001339      0.001339   WU     0.129217      0.129217
 ( 8   3) <--> ( 8   3)       -0.119548     -0.077012   (eb)
 ( 8   4) <--> ( 8   1)       -0.004045      0.000001      0.000001   WU     0.000093      0.000093
 ( 8   4) <--> ( 8   2)        0.019983      0.000023      0.000023   WU     0.002266      0.002266
 ( 8   4) <--> ( 8   3)        0.005234      0.000002      0.000002   WU     0.000155      0.000155
 ( 8   4) <--> ( 8   4)      -14.480476     -9.328265   (eb)
 ( 8   1) <--> ( 9   1)        1.021910      0.061429      0.054963   WU     5.926133      5.302330
 ( 8   1) <--> ( 9   2)        0.006402      0.000002      0.000002   WU     0.000233      0.000208
 ( 8   1) <--> ( 9   3)        0.327558      0.006311      0.005647   WU     0.608866      0.544774
 ( 8   1) <--> ( 9   4)        0.112643      0.000746      0.000668   WU     0.072003      0.064424
 ( 8   2) <--> ( 9   1)       -0.905144      0.048193      0.043120   WU     4.649238      4.159845
 ( 8   2) <--> ( 9   2)        0.001304      0.000000      0.000000   WU     0.000010      0.000009
 ( 8   2) <--> ( 9   3)        0.206383      0.002506      0.002242   WU     0.241709      0.216266
 ( 8   2) <--> ( 9   4)        0.103798      0.000634      0.000567   WU     0.061139      0.054704
 ( 8   3) <--> ( 9   1)       -0.705482      0.029277      0.026195   WU     2.824344      2.527045
 ( 8   3) <--> ( 9   2)       -0.007914      0.000004      0.000003   WU     0.000355      0.000318
 ( 8   3) <--> ( 9   3)       -0.409468      0.009863      0.008824   WU     0.951449      0.851297
 ( 8   3) <--> ( 9   4)       -0.136838      0.001101      0.000986   WU     0.106258      0.095073
 ( 8   4) <--> ( 9   1)       -0.008146      0.000004      0.000003   WU     0.000377      0.000337
 ( 8   4) <--> ( 9   2)       -0.713735      0.029966      0.026811   WU     2.890816      2.586519
 ( 8   4) <--> ( 9   3)        0.036874      0.000080      0.000072   WU     0.007716      0.006904
 ( 8   4) <--> ( 9   4)        0.003761      0.000001      0.000001   WU     0.000080      0.000072
 ( 8   1) <--> (10   1)        3.348526      0.659566      0.533935   WU    63.628766     51.509001
 ( 8   1) <--> (10   2)       -0.061967      0.000226      0.000183   WU     0.021790      0.017640
 ( 8   1) <--> (10   3)        0.003755      0.000001      0.000001   WU     0.000080      0.000065
 ( 8   1) <--> (10   4)        0.567273      0.018929      0.015324   WU     1.826124      1.478291
 ( 8   2) <--> (10   1)       -1.003355      0.059219      0.047939   WU     5.712889      4.624720
 ( 8   2) <--> (10   2)       -3.561433      0.746106      0.603991   WU    71.977348     58.267377
 ( 8   2) <--> (10   3)        0.195661      0.002252      0.001823   WU     0.217248      0.175867
 ( 8   2) <--> (10   4)        1.197961      0.084418      0.068339   WU     8.143884      6.592668
 ( 8   3) <--> (10   1)        0.941638      0.052158      0.042223   WU     5.031694      4.073276
 ( 8   3) <--> (10   2)        2.051736      0.247625      0.200458   WU    23.888523     19.338328
 ( 8   3) <--> (10   3)       -0.090279      0.000479      0.000388   WU     0.046250      0.037441
 ( 8   3) <--> (10   4)        3.601839      0.763132      0.617774   WU    73.619840     59.597013
 ( 8   4) <--> (10   1)        0.003945      0.000001      0.000001   WU     0.000088      0.000071
 ( 8   4) <--> (10   2)       -1.009768      0.059978      0.048554   WU     5.786145      4.684022
 ( 8   4) <--> (10   3)      -18.759796     20.701762     16.758570   WU  1997.112024   1616.709734
 ( 8   4) <--> (10   4)       -0.000113      0.000000      0.000000   WU     0.000000      0.000000
 ( 9   1) <--> ( 9   1)        0.655391      0.406920   (eb)
 ( 9   2) <--> ( 9   1)        0.019074      0.000019      0.000019   WU     0.001847      0.001847
 ( 9   2) <--> ( 9   2)      -12.725763     -7.901200   (eb)
 ( 9   3) <--> ( 9   1)        0.035102      0.000065      0.000065   WU     0.006256      0.006256
 ( 9   3) <--> ( 9   2)        0.527652      0.014653      0.014653   WU     1.413632      1.413632
 ( 9   3) <--> ( 9   3)        1.179296      0.732204   (eb)
 ( 9   4) <--> ( 9   1)       -0.002124      0.000000      0.000000   WU     0.000023      0.000023
 ( 9   4) <--> ( 9   2)       -1.711719      0.154210      0.154210   WU    14.876702     14.876702
 ( 9   4) <--> ( 9   3)        0.900529      0.042682      0.042682   WU     4.117530      4.117530
 ( 9   4) <--> ( 9   4)       -5.212239     -3.236186   (eb)
 ( 9   1) <--> (10   1)        1.578723      0.131177      0.118684   WU    12.654740     11.449526
 ( 9   1) <--> (10   2)        1.038844      0.056800      0.051390   WU     5.479512      4.957654
 ( 9   1) <--> (10   3)       -0.050595      0.000135      0.000122   WU     0.012997      0.011759
 ( 9   1) <--> (10   4)        0.775588      0.031660      0.028645   WU     3.054246      2.763366
 ( 9   2) <--> (10   1)        0.007549      0.000003      0.000003   WU     0.000289      0.000262
 ( 9   2) <--> (10   2)       -0.095313      0.000478      0.000433   WU     0.046126      0.041733
 ( 9   2) <--> (10   3)       -1.185448      0.073963      0.066918   WU     7.135212      6.455668
 ( 9   2) <--> (10   4)       -0.064889      0.000222      0.000201   WU     0.021379      0.019343
 ( 9   3) <--> (10   1)        0.347538      0.006357      0.005752   WU     0.613263      0.554857
 ( 9   3) <--> (10   2)       -1.567762      0.129362      0.117042   WU    12.479629     11.291093
 ( 9   3) <--> (10   3)        0.103708      0.000566      0.000512   WU     0.054609      0.049408
 ( 9   3) <--> (10   4)       -0.924592      0.044993      0.040708   WU     4.340521      3.927138
 ( 9   4) <--> (10   1)        0.106895      0.000601      0.000544   WU     0.058017      0.052492
 ( 9   4) <--> (10   2)       -0.431717      0.009809      0.008875   WU     0.946326      0.856200
 ( 9   4) <--> (10   3)        0.007623      0.000003      0.000003   WU     0.000295      0.000267
 ( 9   4) <--> (10   4)       -0.090243      0.000429      0.000388   WU     0.041349      0.037411
 (10   1) <--> (10   1)        1.089519      0.653268   (eb)
 (10   2) <--> (10   1)        0.209804      0.002096      0.002096   WU     0.202211      0.202211
 (10   2) <--> (10   2)        1.174932      0.704481   (eb)
 (10   3) <--> (10   1)       -0.010883      0.000006      0.000006   WU     0.000544      0.000544
 (10   3) <--> (10   2)       -0.875805      0.036525      0.036525   WU     3.523636      3.523636
 (10   3) <--> (10   3)      -16.039489     -9.617172   (eb)
 (10   4) <--> (10   1)       -1.739167      0.144033      0.144033   WU    13.894987     13.894987
 (10   4) <--> (10   2)       -0.848882      0.034314      0.034314   WU     3.310324      3.310324
 (10   4) <--> (10   3)        0.070980      0.000240      0.000240   WU     0.023144      0.023144
 (10   4) <--> (10   4)        0.050454      0.030252   (eb)
 
  quadrupole shape invariant: 01+, 02+, 03+, 04+
quadr2     0.74990534     1.21079549     1.70532994     2.22826479
quadr3     0.48645050     0.63918530     0.38881057     2.45051401
  effective deformation parameters:  01+, 02+, 03+, 04+
beteff     0.06852318     0.08707022     0.10333287     0.11811843
cos3ga     0.74908135     0.47975619     0.17459244     0.73672769
 
 ********* END Transition **************************
