 ********* BEGIN READER ****************************
 
 Nucleus            :  Nd  60 142
 Imin, Imax         :     0  10
 imu, remu          :     1 12.0000
 nlevel             :     4
 observables        :     2
 wave fun           :     1
 nbet, ngam, npar   :    10   7  10
 Finish reading parameters: V, B_k ...
 
 ********* END READER ******************************
 
 ********* BEGIN LEVELS ********************
 
 E_0 = -1390.761122
 
  I=   0   ntot= 127
   0   1    0.000000
   0   2    1.078952
   0   3    1.674624
   0   4    2.592806
 
  I=   2   ntot= 234
   2   1    0.360622
   2   2    0.787193
   2   3    1.755108
   2   4    2.004017
 
  I=   3   ntot= 108
   3   1    1.474790
   3   2    3.190803
   3   3    3.535899
   3   4    4.784130
 
  I=   4   ntot= 324
   4   1    0.873373
   4   2    1.312316
   4   3    2.058219
   4   4    2.416505
 
  I=   5   ntot= 198
   5   1    2.201460
   5   2    2.884610
   5   3    3.950964
   5   4    4.325021
 
  I=   6   ntot= 432
   6   1    1.518158
   6   2    1.940470
   6   3    2.693064
   6   4    3.164058
 
  I=   7   ntot= 306
   7   1    3.032478
   7   2    3.706688
   7   3    4.564871
   7   4    4.790983
 
  I=   8   ntot= 522
   8   1    2.273162
   8   2    2.662324
   8   3    3.404711
   8   4    4.006891
 
  I=   9   ntot= 397
   9   1    3.951834
   9   2    4.595953
   9   3    5.428110
   9   4    5.719911
 
  I=  10   ntot= 630
  10   1    3.109386
  10   2    3.485362
  10   3    4.214881
  10   4    4.902324
 
 ********* END LEVELS **********************
 
 ********* BEGIN Transition ************************
 
  Monopole moment 
 
   I   n    <In|E0|In>   ave \beta      del<b>   ave \gamma    del<g>  
     K=0       K=2       K=4   
   0   1     29.169468    0.247525    0.053988   26.163570   12.368332  100.0000    0.0000    0.0000
   0   2     29.426811    0.291872    0.063078   23.619011   15.770761  100.0000    0.0000    0.0000
   0   3     29.433240    0.294322    0.094192   22.060492   15.008833  100.0000    0.0000    0.0000
   0   4     29.699872    0.340789    0.106031   15.544887   15.392419   99.9999    0.0000    0.0000
   2   1     29.226093    0.257086    0.053850   26.026539   12.658554   71.3254   28.6746    0.0000
   2   2     29.299314    0.269402    0.055730   25.440927   13.411936   39.8198   60.1802    0.0000
   2   3     29.540751    0.312306    0.074827   18.603364   14.671777   66.6641   33.3359    0.0000
   2   4     29.523827    0.306988    0.084126   23.296002   15.696138   60.0552   39.9448    0.0000
   3   1     29.326275    0.272088    0.050234   25.325670    9.511729    0.0000  100.0000    0.0000
   3   2     29.682926    0.332855    0.072348   18.117963   11.658536    0.0000   99.9999    0.0000
   3   3     29.566363    0.303061    0.070196   31.209820    9.642439    0.0000  100.0000    0.0000
   3   4     29.976602    0.378723    0.104191   15.205783   11.903835    0.0000   99.9999    0.0000
   4   1     29.293885    0.268183    0.054799   25.833598   13.078293   60.2241   25.6794   14.0965
   4   2     29.399436    0.286341    0.060303   24.328831   14.753943   50.2128   16.2264   33.5608
   4   3     29.451402    0.293859    0.063813   23.206894   13.407767   15.8709   50.5540   33.5750
   4   4     29.675062    0.337051    0.088037   13.690675   12.847228   73.6857   25.2848    1.0294
   5   1     29.398765    0.283396    0.051461   24.832073    9.780841    0.0000   75.1512   24.8488
   5   2     29.474873    0.294878    0.053780   24.712646   10.382502    0.0000   31.5103   68.4897
   5   3     29.788035    0.349280    0.082140   16.829993   10.410929    0.0000   86.0628   13.9372
   5   4     29.670603    0.315079    0.060031   32.411311    9.711343    0.0000   55.3592   44.6408
   6   1     29.375560    0.281580    0.057372   24.803610   13.515269   55.3913   25.7648   10.4010
   6   2     29.503166    0.303122    0.064727   23.362676   15.464442   52.3973   10.3553   15.5116
   6   3     29.590361    0.317381    0.075948   21.104400   15.199162   33.3978   37.5949    3.3079
   6   4     29.710547    0.341494    0.090606   14.328391   12.732702   62.1132   32.5725    3.7427
   7   1     29.482652    0.296427    0.053731   23.995946   10.130854    0.0000   63.7559   28.0349
   7   2     29.581216    0.311540    0.059297   23.806611   11.804136    0.0000   42.0036   24.2693
   7   3     29.673499    0.325073    0.067889   22.978570   11.787819    0.0000   22.1012   32.4399
   7   4     29.834932    0.353784    0.084876   18.092124   10.337187    0.0000   61.3167   36.3954
   8   1     29.485822    0.300089    0.061964   22.224175   13.885937   57.2389   24.2782    8.8489
   8   2     29.591922    0.316447    0.068958   23.386361   15.940324   49.0308   10.7061   12.6001
   8   3     29.683280    0.331347    0.081223   20.806376   15.831170   39.2660   31.1081    4.2162
   8   4     29.799889    0.353573    0.091744   14.746642   12.777800   57.5791   32.4611    6.6745
   9   1     29.585596    0.312494    0.057087   22.583806   10.463258    0.0000   59.7116   27.5710
   9   2     29.689766    0.327884    0.064782   23.068643   12.687521    0.0000   44.2910   14.1706
   9   3     29.812848    0.345527    0.078156   22.234407   13.206746    0.0000   34.8627   27.0387
   9   4     29.930711    0.364016    0.084065   19.568539   10.021906    0.0000   43.2593   47.5721
  10   1     29.646762    0.327175    0.066533   17.987783   13.729494   66.4297   20.6469    6.1926
  10   2     29.636181    0.321091    0.072438   25.423287   16.227169   39.6030   13.8477   13.5225
  10   3     29.764727    0.341874    0.083839   21.354707   16.175345   39.2703   29.1431    5.6885
  10   4     29.942396    0.373072    0.093146   14.636855   12.744763   56.3094   32.0083    7.5006
 
  rho^2(E0) 
 
   I  n_1 n_2  <In_1|E0|In_2>  rho^2(E0) 
   0   1   1       29.169468 1246.328756
   0   2   1       -0.073239    0.007857
   0   2   2       29.426811 1268.416826
   0   3   1        0.287429    0.121014
   0   3   2       -0.135689    0.026969
   0   3   3       29.433240 1268.971131
   0   4   1       -0.072131    0.007621
   0   4   2       -0.307702    0.138687
   0   4   3        0.276985    0.112380
   0   4   4       29.699872 1292.066155
   2   1   1       29.226093 1251.172292
   2   2   1        0.041110    0.002476
   2   2   2       29.299314 1257.449363
   2   3   1       -0.137226    0.027583
   2   3   2       -0.126246    0.023346
   2   3   3       29.540751 1278.258378
   2   4   1        0.226222    0.074963
   2   4   2        0.105321    0.016248
   2   4   3       -0.127839    0.023939
   2   4   4       29.523827 1276.794149
   3   1   1       29.326275 1259.764551
   3   2   1        0.200983    0.059169
   3   2   2       29.682926 1290.592098
   3   3   1       -0.235511    0.081245
   3   3   2       -0.051404    0.003871
   3   3   3       29.566363 1280.475845
   3   4   1        0.049137    0.003537
   3   4   2       -0.417332    0.255116
   3   4   3        0.082659    0.010008
   3   4   4       29.976602 1316.256109
   4   1   1       29.293885 1256.983393
   4   2   1       -0.071622    0.007514
   4   2   2       29.399436 1266.057992
   4   3   1       -0.083207    0.010141
   4   3   2        0.089885    0.011835
   4   3   3       29.451402 1270.537666
   4   4   1        0.220830    0.071432
   4   4   2       -0.197356    0.057053
   4   4   3       -0.100676    0.014847
   4   4   4       29.675062 1289.908371
   5   1   1       29.398765 1266.000149
   5   2   1        0.048616    0.003462
   5   2   2       29.474873 1272.563522
   5   3   1       -0.266377    0.103937
   5   3   2       -0.116490    0.019877
   5   3   3       29.788035 1299.748439
   5   4   1       -0.158880    0.036976
   5   4   2        0.017020    0.000424
   5   4   3        0.025495    0.000952
   5   4   4       29.670603 1289.520717
   6   1   1       29.375560 1264.002398
   6   2   1       -0.110324    0.017829
   6   2   2       29.503166 1275.007808
   6   3   1        0.141782    0.029445
   6   3   2       -0.153315    0.034430
   6   3   3       29.590361 1282.555322
   6   4   1       -0.227318    0.075691
   6   4   2        0.191804    0.053888
   6   4   3       -0.130147    0.024811
   6   4   4       29.710547 1292.995133
   7   1   1       29.482652 1273.235304
   7   2   1       -0.087235    0.011147
   7   2   2       29.581216 1281.762704
   7   3   1       -0.116504    0.019882
   7   3   2        0.112113    0.018412
   7   3   3       29.673499 1289.772501
   7   4   1       -0.276474    0.111965
   7   4   2        0.113569    0.018893
   7   4   3        0.092060    0.012414
   7   4   4       29.834932 1303.844168
   8   1   1       29.485822 1273.509139
   8   2   1        0.159502    0.037265
   8   2   2       29.591922 1282.690693
   8   3   1        0.179438    0.047163
   8   3   2        0.171779    0.043223
   8   3   3       29.683280 1290.622927
   8   4   1        0.241626    0.085519
   8   4   2        0.167385    0.041040
   8   4   3        0.122795    0.022087
   8   4   4       29.799889 1300.783124
   9   1   1       29.585596 1282.142329
   9   2   1        0.130477    0.024937
   9   2   2       29.689766 1291.186965
   9   3   1       -0.172426    0.043549
   9   3   2       -0.151656    0.033690
   9   3   3       29.812848 1301.914682
   9   4   1        0.281200    0.115826
   9   4   2        0.062891    0.005794
   9   4   3       -0.097948    0.014053
   9   4   4       29.930711 1312.229090
  10   1   1       29.646762 1287.449223
  10   2   1        0.204186    0.061070
  10   2   2       29.636181 1286.530463
  10   3   1       -0.213286    0.066635
  10   3   2       -0.147569    0.031898
  10   3   3       29.764727 1297.715168
  10   4   1        0.271767    0.108185
  10   4   2        0.117914    0.020366
  10   4   3       -0.120603    0.021305
  10   4   4       29.942396 1313.253826
 
  E2 transition 
 
  I1  n1        I2  n2       <f||E2||i>   B(E2,I1->I2)  B(E2,I2->I1)
 ( 0   1) <--> ( 2   1)        1.486976      2.211097      0.442219   WU   314.064916     62.812983
 ( 0   1) <--> ( 2   2)        0.287227      0.082499      0.016500   WU    11.718213      2.343643
 ( 0   1) <--> ( 2   3)       -0.036118      0.001304      0.000261   WU     0.185288      0.037058
 ( 0   1) <--> ( 2   4)        0.144078      0.020759      0.004152   WU     2.948560      0.589712
 ( 0   2) <--> ( 2   1)       -0.226182      0.051158      0.010232   WU     7.266548      1.453310
 ( 0   2) <--> ( 2   2)       -1.140799      1.301423      0.260285   WU   184.854533     36.970907
 ( 0   2) <--> ( 2   3)        1.397541      1.953120      0.390624   WU   277.421805     55.484361
 ( 0   2) <--> ( 2   4)        0.017621      0.000310      0.000062   WU     0.044103      0.008821
 ( 0   3) <--> ( 2   1)        0.465110      0.216327      0.043265   WU    30.727143      6.145429
 ( 0   3) <--> ( 2   2)        0.111959      0.012535      0.002507   WU     1.780443      0.356089
 ( 0   3) <--> ( 2   3)       -0.722810      0.522454      0.104491   WU    74.209534     14.841907
 ( 0   3) <--> ( 2   4)        1.537449      2.363750      0.472750   WU   335.747793     67.149559
 ( 0   4) <--> ( 2   1)       -0.104687      0.010959      0.002192   WU     1.556665      0.311333
 ( 0   4) <--> ( 2   2)        0.083263      0.006933      0.001387   WU     0.984717      0.196943
 ( 0   4) <--> ( 2   3)       -0.808067      0.652972      0.130594   WU    92.748310     18.549662
 ( 0   4) <--> ( 2   4)        0.675721      0.456598      0.091320   WU    64.855373     12.971075
 ( 2   1) <--> ( 2   1)       -0.325827     -0.246955   (eb)
 ( 2   2) <--> ( 2   1)       -1.859730      0.691719      0.691719   WU    98.252021     98.252021
 ( 2   2) <--> ( 2   2)       -0.018250     -0.013832   (eb)
 ( 2   3) <--> ( 2   1)       -0.079166      0.001253      0.001253   WU     0.178040      0.178040
 ( 2   3) <--> ( 2   2)        0.574654      0.066045      0.066045   WU     9.381118      9.381118
 ( 2   3) <--> ( 2   3)       -0.770261     -0.583806   (eb)
 ( 2   4) <--> ( 2   1)       -0.158764      0.005041      0.005041   WU     0.716055      0.716055
 ( 2   4) <--> ( 2   2)       -0.451915      0.040845      0.040845   WU     5.801702      5.801702
 ( 2   4) <--> ( 2   3)        1.636535      0.535650      0.535650   WU    76.083841     76.083841
 ( 2   4) <--> ( 2   4)       -0.267326     -0.202615   (eb)
 ( 2   1) <--> ( 3   1)       -0.373786      0.027943      0.019959   WU     3.969062      2.835044
 ( 2   1) <--> ( 3   2)        0.094953      0.001803      0.001288   WU     0.256127      0.182948
 ( 2   1) <--> ( 3   3)        0.102285      0.002092      0.001495   WU     0.297209      0.212292
 ( 2   1) <--> ( 3   4)        0.019013      0.000072      0.000052   WU     0.010270      0.007336
 ( 2   2) <--> ( 3   1)        1.880784      0.707469      0.505335   WU   100.489177     71.777984
 ( 2   2) <--> ( 3   2)        0.013216      0.000035      0.000025   WU     0.004962      0.003544
 ( 2   2) <--> ( 3   3)       -0.240613      0.011579      0.008271   WU     1.644676      1.174769
 ( 2   2) <--> ( 3   4)        0.013804      0.000038      0.000027   WU     0.005414      0.003867
 ( 2   3) <--> ( 3   1)        1.538805      0.473584      0.338274   WU    67.268005     48.048575
 ( 2   3) <--> ( 3   2)        0.341430      0.023315      0.016653   WU     3.311655      2.365468
 ( 2   3) <--> ( 3   3)        0.014054      0.000040      0.000028   WU     0.005611      0.004008
 ( 2   3) <--> ( 3   4)        0.124283      0.003089      0.002207   WU     0.438798      0.313427
 ( 2   4) <--> ( 3   1)        0.767073      0.117680      0.084057   WU    16.715325     11.939518
 ( 2   4) <--> ( 3   2)        0.993512      0.197413      0.141009   WU    28.040640     20.029029
 ( 2   4) <--> ( 3   3)        0.347128      0.024100      0.017214   WU     3.423112      2.445080
 ( 2   4) <--> ( 3   4)       -0.010389      0.000022      0.000015   WU     0.003066      0.002190
 ( 2   1) <--> ( 4   1)        2.491012      1.241028      0.689460   WU   176.276063     97.931146
 ( 2   1) <--> ( 4   2)       -0.426299      0.036346      0.020192   WU     5.162629      2.868127
 ( 2   1) <--> ( 4   3)        0.044827      0.000402      0.000223   WU     0.057085      0.031714
 ( 2   1) <--> ( 4   4)        0.130655      0.003414      0.001897   WU     0.484950      0.269417
 ( 2   2) <--> ( 4   1)        0.267718      0.014335      0.007964   WU     2.036095      1.131164
 ( 2   2) <--> ( 4   2)       -2.197463      0.965769      0.536538   WU   137.178110     76.210061
 ( 2   2) <--> ( 4   3)       -0.463836      0.043029      0.023905   WU     6.111810      3.395450
 ( 2   2) <--> ( 4   4)        0.027833      0.000155      0.000086   WU     0.022007      0.012226
 ( 2   3) <--> ( 4   1)       -0.476645      0.045438      0.025243   WU     6.454034      3.585575
 ( 2   3) <--> ( 4   2)        1.278533      0.326929      0.181627   WU    46.437112     25.798395
 ( 2   3) <--> ( 4   3)        0.447555      0.040061      0.022256   WU     5.690299      3.161277
 ( 2   3) <--> ( 4   4)       -2.517764      1.267827      0.704349   WU   180.082600    100.045889
 ( 2   4) <--> ( 4   1)        0.614191      0.075446      0.041914   WU    10.716378      5.953544
 ( 2   4) <--> ( 4   2)       -0.196078      0.007689      0.004272   WU     1.092194      0.606774
 ( 2   4) <--> ( 4   3)       -1.445335      0.417798      0.232110   WU    59.344224     32.969014
 ( 2   4) <--> ( 4   4)        1.532146      0.469494      0.260830   WU    66.687097     37.048387
 ( 3   1) <--> ( 3   1)        0.000000      0.000000   (eb)
 ( 3   2) <--> ( 3   1)        0.000000      0.000000      0.000000   WU     0.000000      0.000000
 ( 3   2) <--> ( 3   2)        0.000000      0.000000   (eb)
 ( 3   3) <--> ( 3   1)        0.000000      0.000000      0.000000   WU     0.000000      0.000000
 ( 3   3) <--> ( 3   2)        0.000000      0.000000      0.000000   WU     0.000000      0.000000
 ( 3   3) <--> ( 3   3)        0.000000      0.000000   (eb)
 ( 3   4) <--> ( 3   1)        0.000000      0.000000      0.000000   WU     0.000000      0.000000
 ( 3   4) <--> ( 3   2)        0.000000      0.000000      0.000000   WU     0.000000      0.000000
 ( 3   4) <--> ( 3   3)        0.000000      0.000000      0.000000   WU     0.000000      0.000000
 ( 3   4) <--> ( 3   4)        0.000000      0.000000   (eb)
 ( 3   1) <--> ( 4   1)       -1.210445      0.209311      0.162798   WU    29.730615     23.123811
 ( 3   1) <--> ( 4   2)       -0.216202      0.006678      0.005194   WU     0.948489      0.737714
 ( 3   1) <--> ( 4   3)       -2.127348      0.646516      0.502846   WU    91.831293     71.424339
 ( 3   1) <--> ( 4   4)       -0.934109      0.124651      0.096951   WU    17.705532     13.770970
 ( 3   2) <--> ( 4   1)       -0.024321      0.000085      0.000066   WU     0.012003      0.009336
 ( 3   2) <--> ( 4   2)        0.151121      0.003262      0.002537   WU     0.463406      0.360427
 ( 3   2) <--> ( 4   3)       -0.514162      0.037766      0.029374   WU     5.364315      4.172245
 ( 3   2) <--> ( 4   4)       -1.268989      0.230048      0.178926   WU    32.676057     25.414711
 ( 3   3) <--> ( 4   1)        0.148921      0.003168      0.002464   WU     0.450010      0.350008
 ( 3   3) <--> ( 4   2)        0.138410      0.002737      0.002129   WU     0.388728      0.302344
 ( 3   3) <--> ( 4   3)        0.229011      0.007492      0.005827   WU     1.064208      0.827718
 ( 3   3) <--> ( 4   4)        0.251262      0.009019      0.007015   WU     1.281051      0.996373
 ( 3   4) <--> ( 4   1)       -0.011174      0.000018      0.000014   WU     0.002534      0.001971
 ( 3   4) <--> ( 4   2)        0.005337      0.000004      0.000003   WU     0.000578      0.000449
 ( 3   4) <--> ( 4   3)       -0.109090      0.001700      0.001322   WU     0.241479      0.187817
 ( 3   4) <--> ( 4   4)        0.054348      0.000422      0.000328   WU     0.059935      0.046616
 ( 3   1) <--> ( 5   1)        2.440169      0.850632      0.541311   WU   120.824023     76.888015
 ( 3   1) <--> ( 5   2)        0.437295      0.027318      0.017384   WU     3.880275      2.469266
 ( 3   1) <--> ( 5   3)       -0.076851      0.000844      0.000537   WU     0.119844      0.076264
 ( 3   1) <--> ( 5   4)       -0.132975      0.002526      0.001607   WU     0.358800      0.228327
 ( 3   2) <--> ( 5   1)        0.647546      0.059902      0.038120   WU     8.508532      5.414521
 ( 3   2) <--> ( 5   2)        1.386080      0.274460      0.174656   WU    38.984364     24.808232
 ( 3   2) <--> ( 5   3)       -2.690289      1.033951      0.657969   WU   146.862691     93.458076
 ( 3   2) <--> ( 5   4)        0.616847      0.054357      0.034591   WU     7.720906      4.913304
 ( 3   3) <--> ( 5   1)       -0.489824      0.034275      0.021812   WU     4.868476      3.098121
 ( 3   3) <--> ( 5   2)        0.409770      0.023987      0.015265   WU     3.407166      2.168197
 ( 3   3) <--> ( 5   3)        1.031320      0.151946      0.096693   WU    21.582430     13.734274
 ( 3   3) <--> ( 5   4)        2.305454      0.759303      0.483193   WU   107.851608     68.632842
 ( 3   4) <--> ( 5   1)        0.087976      0.001106      0.000704   WU     0.157053      0.099943
 ( 3   4) <--> ( 5   2)       -0.088578      0.001121      0.000713   WU     0.159210      0.101315
 ( 3   4) <--> ( 5   3)        1.414853      0.285973      0.181983   WU    40.619680     25.848888
 ( 3   4) <--> ( 5   4)       -0.042206      0.000254      0.000162   WU     0.036146      0.023002
 ( 4   1) <--> ( 4   1)       -0.491995     -0.371011   (eb)
 ( 4   2) <--> ( 4   1)        2.077391      0.479506      0.479506   WU    68.109196     68.109196
 ( 4   2) <--> ( 4   2)       -0.404536     -0.305059   (eb)
 ( 4   3) <--> ( 4   1)       -0.145968      0.002367      0.002367   WU     0.336265      0.336265
 ( 4   3) <--> ( 4   2)       -2.013410      0.450425      0.450425   WU    63.978446     63.978446
 ( 4   3) <--> ( 4   3)       -0.241383     -0.182026   (eb)
 ( 4   4) <--> ( 4   1)       -0.031379      0.000109      0.000109   WU     0.015540      0.015540
 ( 4   4) <--> ( 4   2)        0.408374      0.018530      0.018530   WU     2.632001      2.632001
 ( 4   4) <--> ( 4   3)        0.306350      0.010428      0.010428   WU     1.481172      1.481172
 ( 4   4) <--> ( 4   4)       -2.659915     -2.005830   (eb)
 ( 4   1) <--> ( 5   1)       -0.475749      0.025149      0.020576   WU     3.572109      2.922635
 ( 4   1) <--> ( 5   2)        0.158892      0.002805      0.002295   WU     0.398451      0.326005
 ( 4   1) <--> ( 5   3)       -0.056004      0.000348      0.000285   WU     0.049500      0.040500
 ( 4   1) <--> ( 5   4)        0.132069      0.001938      0.001586   WU     0.275279      0.225228
 ( 4   2) <--> ( 5   1)       -1.385000      0.213136      0.174384   WU    30.273910     24.769562
 ( 4   2) <--> ( 5   2)        0.359699      0.014376      0.011762   WU     2.041961      1.670696
 ( 4   2) <--> ( 5   3)        0.077124      0.000661      0.000541   WU     0.093876      0.076807
 ( 4   2) <--> ( 5   4)        0.202628      0.004562      0.003733   WU     0.647992      0.530175
 ( 4   3) <--> ( 5   1)       -0.380115      0.016054      0.013135   WU     2.280337      1.865730
 ( 4   3) <--> ( 5   2)       -2.691764      0.805066      0.658690   WU   114.351802     93.560565
 ( 4   3) <--> ( 5   3)        0.043568      0.000211      0.000173   WU     0.029957      0.024510
 ( 4   3) <--> ( 5   4)       -0.052949      0.000312      0.000255   WU     0.044247      0.036202
 ( 4   4) <--> ( 5   1)       -1.272092      0.179802      0.147111   WU    25.539142     20.895662
 ( 4   4) <--> ( 5   2)       -0.797099      0.070596      0.057761   WU    10.027525      8.204339
 ( 4   4) <--> ( 5   3)        0.065434      0.000476      0.000389   WU     0.067574      0.055288
 ( 4   4) <--> ( 5   4)        0.077688      0.000671      0.000549   WU     0.095254      0.077935
 ( 4   1) <--> ( 6   1)       -3.386613      1.274349      0.882242   WU   181.009002    125.313924
 ( 4   1) <--> ( 6   2)        0.453280      0.022829      0.015805   WU     3.242661      2.244919
 ( 4   1) <--> ( 6   3)        0.071360      0.000566      0.000392   WU     0.080368      0.055639
 ( 4   1) <--> ( 6   4)        0.166798      0.003091      0.002140   WU     0.439085      0.303982
 ( 4   2) <--> ( 6   1)        0.570168      0.036121      0.025007   WU     5.130685      3.552013
 ( 4   2) <--> ( 6   2)       -3.291030      1.203431      0.833145   WU   170.935748    118.340133
 ( 4   2) <--> ( 6   3)        0.501379      0.027931      0.019337   WU     3.967353      2.746629
 ( 4   2) <--> ( 6   4)        0.053187      0.000314      0.000218   WU     0.044646      0.030909
 ( 4   3) <--> ( 6   1)        0.060675      0.000409      0.000283   WU     0.058103      0.040225
 ( 4   3) <--> ( 6   2)       -0.585411      0.038078      0.026362   WU     5.408672      3.744465
 ( 4   3) <--> ( 6   3)        2.939884      0.960325      0.664840   WU   136.404803     94.434095
 ( 4   3) <--> ( 6   4)        0.209409      0.004872      0.003373   WU     0.692083      0.479135
 ( 4   4) <--> ( 6   1)       -0.993449      0.109660      0.075919   WU    15.576159     10.783494
 ( 4   4) <--> ( 6   2)        1.376257      0.210454      0.145699   WU    29.892894     20.695081
 ( 4   4) <--> ( 6   3)       -1.344580      0.200877      0.139069   WU    28.532683     19.753396
 ( 4   4) <--> ( 6   4)        3.809949      1.612857      1.116593   WU   229.090687    158.601245
 ( 5   1) <--> ( 5   1)       -0.433497     -0.314774   (eb)
 ( 5   2) <--> ( 5   1)       -1.751485      0.278882      0.278882   WU    39.612438     39.612438
 ( 5   2) <--> ( 5   2)        0.188549      0.136911   (eb)
 ( 5   3) <--> ( 5   1)       -0.024277      0.000054      0.000054   WU     0.007610      0.007610
 ( 5   3) <--> ( 5   2)        0.670220      0.040836      0.040836   WU     5.800341      5.800341
 ( 5   3) <--> ( 5   3)       -1.404578     -1.019902   (eb)
 ( 5   4) <--> ( 5   1)        0.104968      0.001002      0.001002   WU     0.142277      0.142277
 ( 5   4) <--> ( 5   2)        0.089483      0.000728      0.000728   WU     0.103395      0.103395
 ( 5   4) <--> ( 5   3)       -0.213380      0.004139      0.004139   WU     0.587930      0.587930
 ( 5   4) <--> ( 5   4)        0.393229      0.285534   (eb)
 ( 5   1) <--> ( 6   1)        1.482499      0.199800      0.169062   WU    28.379691     24.013585
 ( 5   1) <--> ( 6   2)        0.252565      0.005799      0.004907   WU     0.823696      0.696973
 ( 5   1) <--> ( 6   3)       -1.499183      0.204323      0.172888   WU    29.022063     24.557130
 ( 5   1) <--> ( 6   4)       -1.192046      0.129179      0.109306   WU    18.348695     15.525819
 ( 5   2) <--> ( 6   1)       -0.097976      0.000873      0.000738   WU     0.123954      0.104884
 ( 5   2) <--> ( 6   2)       -0.830163      0.062652      0.053013   WU     8.899095      7.530003
 ( 5   2) <--> ( 6   3)       -0.385750      0.013528      0.011446   WU     1.921460      1.625851
 ( 5   2) <--> ( 6   4)       -0.037825      0.000130      0.000110   WU     0.018475      0.015632
 ( 5   3) <--> ( 6   1)       -0.091513      0.000761      0.000644   WU     0.108140      0.091503
 ( 5   3) <--> ( 6   2)        0.103636      0.000976      0.000826   WU     0.138689      0.117352
 ( 5   3) <--> ( 6   3)        0.095300      0.000826      0.000699   WU     0.117274      0.099232
 ( 5   3) <--> ( 6   4)        1.514171      0.208429      0.176363   WU    29.605262     25.050606
 ( 5   4) <--> ( 6   1)       -0.150171      0.002050      0.001735   WU     0.291201      0.246401
 ( 5   4) <--> ( 6   2)       -0.195117      0.003461      0.002929   WU     0.491596      0.415966
 ( 5   4) <--> ( 6   3)       -0.115714      0.001217      0.001030   WU     0.172898      0.146298
 ( 5   4) <--> ( 6   4)        0.050367      0.000231      0.000195   WU     0.032758      0.027718
 ( 5   1) <--> ( 7   1)        3.518803      1.125634      0.825465   WU   159.885385    117.249282
 ( 5   1) <--> ( 7   2)       -0.431418      0.016920      0.012408   WU     2.403341      1.762450
 ( 5   1) <--> ( 7   3)        0.058566      0.000312      0.000229   WU     0.044291      0.032480
 ( 5   1) <--> ( 7   4)       -0.112611      0.001153      0.000845   WU     0.163749      0.120083
 ( 5   2) <--> ( 7   1)        0.383097      0.013342      0.009784   WU     1.895114      1.389750
 ( 5   2) <--> ( 7   2)       -2.862908      0.745113      0.546416   WU   105.836072     77.613120
 ( 5   2) <--> ( 7   3)       -0.562312      0.028745      0.021080   WU     4.082943      2.994158
 ( 5   2) <--> ( 7   4)        0.199121      0.003604      0.002643   WU     0.511979      0.375452
 ( 5   3) <--> ( 7   1)       -1.083749      0.106774      0.078301   WU    15.166175     11.121862
 ( 5   3) <--> ( 7   2)        1.434653      0.187112      0.137215   WU    26.577415     19.490104
 ( 5   3) <--> ( 7   3)        1.642135      0.245146      0.179774   WU    34.820615     25.535117
 ( 5   3) <--> ( 7   4)        3.739998      1.271598      0.932505   WU   180.618230    132.453368
 ( 5   4) <--> ( 7   1)       -0.373541      0.012685      0.009302   WU     1.801751      1.321284
 ( 5   4) <--> ( 7   2)       -0.673153      0.041194      0.030209   WU     5.851218      4.290894
 ( 5   4) <--> ( 7   3)        0.857447      0.066838      0.049014   WU     9.493656      6.962014
 ( 5   4) <--> ( 7   4)        0.561760      0.028689      0.021038   WU     4.074938      2.988288
 ( 6   1) <--> ( 6   1)       -0.814218     -0.567670   (eb)
 ( 6   2) <--> ( 6   1)        2.387841      0.438599      0.438599   WU    62.298731     62.298731
 ( 6   2) <--> ( 6   2)       -0.718522     -0.500951   (eb)
 ( 6   3) <--> ( 6   1)        0.137309      0.001450      0.001450   WU     0.205998      0.205998
 ( 6   3) <--> ( 6   2)        2.487807      0.476091      0.476091   WU    67.624124     67.624124
 ( 6   3) <--> ( 6   3)       -0.980916     -0.683892   (eb)
 ( 6   4) <--> ( 6   1)        0.111890      0.000963      0.000963   WU     0.136788      0.136788
 ( 6   4) <--> ( 6   2)       -0.012790      0.000013      0.000013   WU     0.001787      0.001787
 ( 6   4) <--> ( 6   3)        0.858985      0.056758      0.056758   WU     8.061932      8.061932
 ( 6   4) <--> ( 6   4)       -3.138296     -2.188010   (eb)
 ( 6   1) <--> ( 7   1)        0.516961      0.020558      0.017817   WU     2.920003      2.530669
 ( 6   1) <--> ( 7   2)        0.246908      0.004689      0.004064   WU     0.666097      0.577284
 ( 6   1) <--> ( 7   3)       -0.042692      0.000140      0.000122   WU     0.019914      0.017259
 ( 6   1) <--> ( 7   4)        0.047893      0.000176      0.000153   WU     0.025062      0.021720
 ( 6   2) <--> ( 7   1)        1.166764      0.104718      0.090756   WU    14.874215     12.890987
 ( 6   2) <--> ( 7   2)        0.464045      0.016564      0.014356   WU     2.352822      2.039112
 ( 6   2) <--> ( 7   3)       -0.184833      0.002628      0.002278   WU     0.373276      0.323506
 ( 6   2) <--> ( 7   4)       -0.059583      0.000273      0.000237   WU     0.038789      0.033617
 ( 6   3) <--> ( 7   1)       -0.322823      0.008016      0.006948   WU     1.138666      0.986844
 ( 6   3) <--> ( 7   2)        1.972701      0.299350      0.259437   WU    42.519776     36.850473
 ( 6   3) <--> ( 7   3)       -0.288625      0.006408      0.005554   WU     0.910201      0.788841
 ( 6   3) <--> ( 7   4)        0.068618      0.000362      0.000314   WU     0.051446      0.044586
 ( 6   4) <--> ( 7   1)       -1.260883      0.122294      0.105988   WU    17.370728     15.054631
 ( 6   4) <--> ( 7   2)        1.156491      0.102882      0.089165   WU    14.613448     12.664988
 ( 6   4) <--> ( 7   3)       -0.202101      0.003142      0.002723   WU     0.446280      0.386776
 ( 6   4) <--> ( 7   4)        0.131032      0.001321      0.001145   WU     0.187595      0.162582
 ( 6   1) <--> ( 8   1)       -4.289413      1.415313      1.082298   WU   201.031466    153.729944
 ( 6   1) <--> ( 8   2)       -0.307572      0.007277      0.005565   WU     1.033622      0.790417
 ( 6   1) <--> ( 8   3)        0.125885      0.001219      0.000932   WU     0.173148      0.132407
 ( 6   1) <--> ( 8   4)       -0.195318      0.002935      0.002244   WU     0.416824      0.318748
 ( 6   2) <--> ( 8   1)        1.087686      0.091005      0.069592   WU    12.926338      9.884846
 ( 6   2) <--> ( 8   2)        4.222166      1.371283      1.048628   WU   194.777522    148.947517
 ( 6   2) <--> ( 8   3)        0.476635      0.017475      0.013364   WU     2.482217      1.898166
 ( 6   2) <--> ( 8   4)       -0.070183      0.000379      0.000290   WU     0.053818      0.041155
 ( 6   3) <--> ( 8   1)       -0.430054      0.014227      0.010879   WU     2.020757      1.545285
 ( 6   3) <--> ( 8   2)       -1.110684      0.094894      0.072566   WU    13.478737     10.307269
 ( 6   3) <--> ( 8   3)       -4.278813      1.408326      1.076955   WU   200.039097    152.971074
 ( 6   3) <--> ( 8   4)       -0.099362      0.000759      0.000581   WU     0.107871      0.082490
 ( 6   4) <--> ( 8   1)        1.320053      0.134042      0.102502   WU    19.039301     14.559465
 ( 6   4) <--> ( 8   2)        1.182149      0.107498      0.082204   WU    15.269074     11.676351
 ( 6   4) <--> ( 8   3)        1.100899      0.093229      0.071293   WU    13.242290     10.126457
 ( 6   4) <--> ( 8   4)        4.804448      1.775594      1.357807   WU   252.205919    192.863350
 ( 7   1) <--> ( 7   1)       -0.881808     -0.590513   (eb)
 ( 7   2) <--> ( 7   1)        2.148780      0.307817      0.307817   WU    43.722417     43.722417
 ( 7   2) <--> ( 7   2)       -0.344290     -0.230558   (eb)
 ( 7   3) <--> ( 7   1)       -0.076834      0.000394      0.000394   WU     0.055902      0.055902
 ( 7   3) <--> ( 7   2)       -2.264272      0.341795      0.341795   WU    48.548695     48.548695
 ( 7   3) <--> ( 7   3)        0.059605      0.039915   (eb)
 ( 7   4) <--> ( 7   1)       -0.004652      0.000001      0.000001   WU     0.000205      0.000205
 ( 7   4) <--> ( 7   2)       -0.092987      0.000576      0.000576   WU     0.081878      0.081878
 ( 7   4) <--> ( 7   3)       -0.814856      0.044266      0.044266   WU     6.287562      6.287562
 ( 7   4) <--> ( 7   4)       -1.923557     -1.288132   (eb)
 ( 7   1) <--> ( 8   1)       -1.628817      0.176870      0.156061   WU    25.122618     22.167016
 ( 7   1) <--> ( 8   2)        0.406529      0.011018      0.009722   WU     1.564959      1.380846
 ( 7   1) <--> ( 8   3)        1.261609      0.106110      0.093627   WU    15.071966     13.298793
 ( 7   1) <--> ( 8   4)       -1.227287      0.100416      0.088602   WU    14.263062     12.585055
 ( 7   2) <--> ( 8   1)       -0.090062      0.000541      0.000477   WU     0.076808      0.067771
 ( 7   2) <--> ( 8   2)        1.126986      0.084673      0.074712   WU    12.027000     10.612058
 ( 7   2) <--> ( 8   3)       -0.456512      0.013894      0.012259   WU     1.973441      1.741272
 ( 7   2) <--> ( 8   4)        0.118420      0.000935      0.000825   WU     0.132791      0.117169
 ( 7   3) <--> ( 8   1)        0.115587      0.000891      0.000786   WU     0.126514      0.111630
 ( 7   3) <--> ( 8   2)       -0.082269      0.000451      0.000398   WU     0.064091      0.056551
 ( 7   3) <--> ( 8   3)        0.642067      0.027483      0.024250   WU     3.903737      3.444474
 ( 7   3) <--> ( 8   4)        0.254458      0.004317      0.003809   WU     0.613131      0.540998
 ( 7   4) <--> ( 8   1)        0.099599      0.000661      0.000584   WU     0.093936      0.082885
 ( 7   4) <--> ( 8   2)        0.069272      0.000320      0.000282   WU     0.045439      0.040093
 ( 7   4) <--> ( 8   3)       -0.051578      0.000177      0.000156   WU     0.025191      0.022227
 ( 7   4) <--> ( 8   4)        1.657624      0.183181      0.161630   WU    26.019096     22.958026
 ( 7   1) <--> ( 9   1)       -4.500845      1.350507      1.066190   WU   191.826452    151.441936
 ( 7   1) <--> ( 9   2)       -0.336260      0.007538      0.005951   WU     1.070709      0.845297
 ( 7   1) <--> ( 9   3)       -0.096131      0.000616      0.000486   WU     0.087507      0.069085
 ( 7   1) <--> ( 9   4)       -0.140191      0.001310      0.001034   WU     0.186106      0.146926
 ( 7   2) <--> ( 9   1)        0.785391      0.041123      0.032465   WU     5.841069      4.611370
 ( 7   2) <--> ( 9   2)        4.134908      1.139831      0.899867   WU   161.901973    127.817347
 ( 7   2) <--> ( 9   3)       -0.483025      0.015554      0.012280   WU     2.209328      1.744207
 ( 7   2) <--> ( 9   4)       -0.255207      0.004342      0.003428   WU     0.616743      0.486903
 ( 7   3) <--> ( 9   1)        0.461899      0.014223      0.011229   WU     2.020294      1.594969
 ( 7   3) <--> ( 9   2)        0.943902      0.059397      0.046892   WU     8.436738      6.660583
 ( 7   3) <--> ( 9   3)       -3.639989      0.883301      0.697343   WU   125.464369     99.050818
 ( 7   3) <--> ( 9   4)        0.026468      0.000047      0.000037   WU     0.006634      0.005237
 ( 7   4) <--> ( 9   1)        1.383065      0.127525      0.100677   WU    18.113640     14.300242
 ( 7   4) <--> ( 9   2)        1.186425      0.093840      0.074084   WU    13.329100     10.522974
 ( 7   4) <--> ( 9   3)       -1.539461      0.157996      0.124734   WU    22.441810     17.717219
 ( 7   4) <--> ( 9   4)        4.678858      1.459448      1.152196   WU   207.300424    163.658229
 ( 8   1) <--> ( 8   1)       -1.518809     -0.978410   (eb)
 ( 8   2) <--> ( 8   1)       -2.717638      0.434444      0.434444   WU    61.708631     61.708631
 ( 8   2) <--> ( 8   2)       -0.833087     -0.536672   (eb)
 ( 8   3) <--> ( 8   1)        0.017721      0.000018      0.000018   WU     0.002624      0.002624
 ( 8   3) <--> ( 8   2)       -2.812938      0.465448      0.465448   WU    66.112422     66.112422
 ( 8   3) <--> ( 8   3)       -1.358242     -0.874974   (eb)
 ( 8   4) <--> ( 8   1)       -0.154303      0.001401      0.001401   WU     0.198936      0.198936
 ( 8   4) <--> ( 8   2)        0.169629      0.001693      0.001693   WU     0.240416      0.240416
 ( 8   4) <--> ( 8   3)       -1.081306      0.068778      0.068778   WU     9.769214      9.769214
 ( 8   4) <--> ( 8   4)       -3.562976     -2.295255   (eb)
 ( 8   1) <--> ( 9   1)        0.474747      0.013258      0.011862   WU     1.883163      1.684935
 ( 8   1) <--> ( 9   2)       -0.311460      0.005706      0.005106   WU     0.810526      0.725207
 ( 8   1) <--> ( 9   3)       -0.064790      0.000247      0.000221   WU     0.035073      0.031381
 ( 8   1) <--> ( 9   4)       -0.054141      0.000172      0.000154   WU     0.024492      0.021914
 ( 8   2) <--> ( 9   1)       -1.064760      0.066689      0.059669   WU     9.472527      8.475419
 ( 8   2) <--> ( 9   2)        0.544463      0.017438      0.015602   WU     2.476848      2.216127
 ( 8   2) <--> ( 9   3)        0.281107      0.004648      0.004159   WU     0.660247      0.590748
 ( 8   2) <--> ( 9   4)       -0.008628      0.000004      0.000004   WU     0.000622      0.000557
 ( 8   3) <--> ( 9   1)       -0.335589      0.006625      0.005927   WU     0.940977      0.841927
 ( 8   3) <--> ( 9   2)       -1.620815      0.154532      0.138265   WU    21.949763     19.639262
 ( 8   3) <--> ( 9   3)       -0.415169      0.010139      0.009072   WU     1.440164      1.288568
 ( 8   3) <--> ( 9   4)       -0.070099      0.000289      0.000259   WU     0.041057      0.036735
 ( 8   4) <--> ( 9   1)        1.306339      0.100384      0.089817   WU    14.258522     12.757625
 ( 8   4) <--> ( 9   2)        1.118245      0.073557      0.065814   WU    10.448086      9.348288
 ( 8   4) <--> ( 9   3)        0.266476      0.004177      0.003737   WU     0.593306      0.530853
 ( 8   4) <--> ( 9   4)        0.218901      0.002819      0.002522   WU     0.400366      0.358222
 ( 8   1) <--> (10   1)        5.292941      1.647955      1.334059   WU   234.076007    189.490101
 ( 8   1) <--> (10   2)       -0.067569      0.000269      0.000217   WU     0.038147      0.030881
 ( 8   1) <--> (10   3)        0.159240      0.001492      0.001207   WU     0.211868      0.171512
 ( 8   1) <--> (10   4)        0.229117      0.003088      0.002500   WU     0.438609      0.355064
 ( 8   2) <--> (10   1)        1.830223      0.197042      0.159510   WU    27.987920     22.656888
 ( 8   2) <--> (10   2)        4.922541      1.425377      1.153877   WU   202.461041    163.897033
 ( 8   2) <--> (10   3)       -0.465345      0.012738      0.010312   WU     1.809311      1.464680
 ( 8   2) <--> (10   4)       -0.051627      0.000157      0.000127   WU     0.022270      0.018028
 ( 8   3) <--> (10   1)        0.824646      0.040002      0.032383   WU     5.681949      4.599673
 ( 8   3) <--> (10   2)        1.337517      0.105232      0.085188   WU    14.947254     12.100158
 ( 8   3) <--> (10   3)       -5.233031      1.610860      1.304029   WU   228.807014    185.224726
 ( 8   3) <--> (10   4)        0.271463      0.004335      0.003509   WU     0.615720      0.498440
 ( 8   4) <--> (10   1)        1.607035      0.151915      0.122979   WU    21.578121     17.468002
 ( 8   4) <--> (10   2)        0.829391      0.040464      0.032757   WU     5.747527      4.652760
 ( 8   4) <--> (10   3)       -0.849275      0.042428      0.034346   WU     6.026419      4.878530
 ( 8   4) <--> (10   4)        5.874163      2.029752      1.643133   WU   288.306680    233.391122
 ( 9   1) <--> ( 9   1)       -1.510126     -0.937610   (eb)
 ( 9   2) <--> ( 9   1)       -2.436666      0.312492      0.312492   WU    44.386401     44.386401
 ( 9   2) <--> ( 9   2)       -0.798749     -0.495929   (eb)
 ( 9   3) <--> ( 9   1)       -0.053611      0.000151      0.000151   WU     0.021487      0.021487
 ( 9   3) <--> ( 9   2)        2.810959      0.415868      0.415868   WU    59.070021     59.070021
 ( 9   3) <--> ( 9   3)       -0.676272     -0.419885   (eb)
 ( 9   4) <--> ( 9   1)       -0.006303      0.000002      0.000002   WU     0.000297      0.000297
 ( 9   4) <--> ( 9   2)        0.367940      0.007125      0.007125   WU     1.012074      1.012074
 ( 9   4) <--> ( 9   3)        0.866127      0.039483      0.039483   WU     5.608168      5.608168
 ( 9   4) <--> ( 9   4)       -2.153166     -1.336862   (eb)
 ( 9   1) <--> (10   1)        1.659637      0.144968      0.131162   WU    20.591314     18.630237
 ( 9   1) <--> (10   2)       -0.694562      0.025390      0.022972   WU     3.606448      3.262976
 ( 9   1) <--> (10   3)        1.187824      0.074259      0.067187   WU    10.547805      9.543252
 ( 9   1) <--> (10   4)        1.231111      0.079770      0.072173   WU    11.330583     10.251480
 ( 9   2) <--> (10   1)        0.011861      0.000007      0.000007   WU     0.001052      0.000952
 ( 9   2) <--> (10   2)        1.340684      0.094602      0.085592   WU    13.437259     12.157520
 ( 9   2) <--> (10   3)        0.479598      0.012106      0.010953   WU     1.719539      1.555773
 ( 9   2) <--> (10   4)        0.219256      0.002530      0.002289   WU     0.359387      0.325160
 ( 9   3) <--> (10   1)       -0.160592      0.001357      0.001228   WU     0.192800      0.174438
 ( 9   3) <--> (10   2)        0.175728      0.001625      0.001470   WU     0.230855      0.208869
 ( 9   3) <--> (10   3)        0.946895      0.047190      0.042696   WU     6.702888      6.064518
 ( 9   3) <--> (10   4)       -0.425808      0.009543      0.008634   WU     1.355457      1.226365
 ( 9   4) <--> (10   1)        0.077616      0.000317      0.000287   WU     0.045036      0.040747
 ( 9   4) <--> (10   2)        0.035608      0.000067      0.000060   WU     0.009479      0.008576
 ( 9   4) <--> (10   3)        0.124795      0.000820      0.000742   WU     0.116426      0.105338
 ( 9   4) <--> (10   4)        1.735043      0.158441      0.143351   WU    22.504980     20.361648
 (10   1) <--> (10   1)       -2.851648     -1.709830   (eb)
 (10   2) <--> (10   1)       -2.865558      0.391020      0.391020   WU    55.540631     55.540631
 (10   2) <--> (10   2)       -0.452195     -0.271133   (eb)
 (10   3) <--> (10   1)        0.319079      0.004848      0.004848   WU     0.688635      0.688635
 (10   3) <--> (10   2)        3.056291      0.444806      0.444806   WU    63.180329     63.180329
 (10   3) <--> (10   3)       -1.532247     -0.918725   (eb)
 (10   4) <--> (10   1)       -0.165064      0.001297      0.001297   WU     0.184289      0.184289
 (10   4) <--> (10   2)        0.237808      0.002693      0.002693   WU     0.382513      0.382513
 (10   4) <--> (10   3)        1.127733      0.060561      0.060561   WU     8.602112      8.602112
 (10   4) <--> (10   4)       -4.175825     -2.503797   (eb)
 
  quadrupole shape invariant: 01+, 02+, 03+, 04+
quadr2     2.34817536     3.40860682     3.54914015     5.12148367
quadr3     2.10925502     4.45644417     5.58249431    11.90321444
  effective deformation parameters:  01+, 02+, 03+, 04+
beteff     0.21579393     0.25999345     0.26529895     0.31869251
cos3ga     0.58618311     0.70814649     0.83491750     1.02700030
 
 ********* END Transition **************************
