 ********* BEGIN READER ****************************
 
 Nucleus            :  Ra  88 230
 Imin, Imax         :     0  10
 imu, remu          :     1 12.0000
 nlevel             :     4
 observables        :     2
 wave fun           :     1
 nbet, ngam, npar   :    10   7  10
 Finish reading parameters: V, B_k ...
 
 ********* END READER ******************************
 
 ********* BEGIN LEVELS ********************
 
 E_0 = -1937.038260
 
  I=   0   ntot= 127
   0   1    0.000000
   0   2    0.997658
   0   3    1.395069
   0   4    1.882376
 
  I=   2   ntot= 234
   2   1    0.264860
   2   2    0.667742
   2   3    1.489662
   2   4    1.661511
 
  I=   3   ntot= 108
   3   1    1.107960
   3   2    2.285350
   3   3    2.582845
   3   4    2.945226
 
  I=   4   ntot= 324
   4   1    0.659674
   4   2    1.118697
   4   3    1.601244
   4   4    1.893982
 
  I=   5   ntot= 198
   5   1    1.638767
   5   2    2.154632
   5   3    2.645923
   5   4    3.024340
 
  I=   6   ntot= 432
   6   1    1.158801
   6   2    1.644549
   6   3    2.121905
   6   4    2.250221
 
  I=   7   ntot= 306
   7   1    2.235250
   7   2    2.731771
   7   3    3.054019
   7   4    3.276882
 
  I=   8   ntot= 522
   8   1    1.739942
   8   2    2.204776
   8   3    2.539700
   8   4    2.796398
 
  I=   9   ntot= 397
   9   1    2.869312
   9   2    3.258326
   9   3    3.578305
   9   4    3.752839
 
  I=  10   ntot= 630
  10   1    2.377416
  10   2    2.710228
  10   3    3.053675
  10   4    3.311195
 
 ********* END LEVELS **********************
 
 ********* BEGIN Transition ************************
 
  Monopole moment 
 
   I   n    <In|E0|In>   ave \beta      del<b>   ave \gamma    del<g>  
     K=0       K=2       K=4   
   0   1     40.353832    0.225584    0.047231   31.182472   10.906985  100.0000    0.0000    0.0000
   0   2     40.571078    0.257225    0.056384   23.858217   14.924992  100.0000    0.0000    0.0000
   0   3     40.750291    0.287214    0.098023   22.425995   13.201870  100.0000    0.0000    0.0000
   0   4     41.781241    0.406652    0.109328   11.457463   12.301705   99.9999    0.0000    0.0000
   2   1     40.406709    0.232421    0.045887   32.539028   10.616137   50.9004   49.0996    0.0000
   2   2     40.492969    0.246286    0.050253   25.311608   11.324145   56.9728   43.0272    0.0000
   2   3     40.775355    0.287154    0.073687   21.063660   14.285998   68.8139   31.1861    0.0000
   2   4     41.052185    0.323487    0.103373   19.723907   13.904334   86.4790   13.5209    0.0000
   3   1     40.567668    0.255608    0.048606   28.222364    8.860968    0.0000  100.0000    0.0000
   3   2     41.468613    0.369438    0.084582   18.615215    9.675020    0.0000   99.9999    0.0000
   3   3     40.921806    0.296247    0.063788   30.422734   10.309113    0.0000  100.0000    0.0000
   3   4     42.043645    0.428543    0.123277   14.201027   10.582248    0.0000   99.9998    0.0000
   4   1     40.470216    0.240898    0.045914   32.453172   10.702435   41.5297   35.9259   22.5444
   4   2     40.583546    0.259189    0.054688   24.001512   12.791025   62.8097    5.8007   31.3897
   4   3     40.689974    0.273110    0.058840   25.503378   11.788840   13.6493   50.2639   36.0867
   4   4     41.582307    0.385609    0.096124   13.204013   12.036581   84.1532   14.2123    1.6344
   5   1     40.659095    0.267733    0.051082   27.971790    9.102295    0.0000   67.7412   32.2588
   5   2     40.809989    0.288477    0.060632   25.413634   10.146677    0.0000   38.5261   61.4738
   5   3     41.749189    0.397008    0.089845   17.652213   10.071825    0.0000   88.5646   11.4353
   5   4     41.825702    0.398995    0.093887   21.315041   11.366780    0.0000   24.2121   75.7878
   6   1     40.546370    0.251281    0.047665   31.443330   10.948410   38.4205   34.8149   15.7119
   6   2     40.726577    0.279559    0.066683   22.118074   14.076921   63.3178    4.5945   12.3499
   6   3     41.313586    0.354198    0.105653   16.193162   14.853688   51.0814   21.7043    1.5296
   6   4     41.430862    0.366400    0.112812   15.558080   13.652023   58.4413   31.3764    1.8930
   7   1     40.786027    0.284488    0.057404   26.883880    9.687770    0.0000   55.2897   34.0502
   7   2     41.156727    0.332522    0.083690   21.330790   11.946429    0.0000   54.8291   16.8303
   7   3     41.825562    0.403413    0.106028   17.465639   11.232003    0.0000   77.8542    9.6597
   7   4     41.459179    0.362901    0.084542   22.639835   10.060538    0.0000    7.4775   64.4080
   8   1     40.646340    0.265154    0.052922   29.517050   11.529659   38.0051   35.0489   14.7049
   8   2     41.106459    0.329907    0.092759   17.481972   14.714004   68.0563    6.2816    8.0994
   8   3     41.889852    0.414634    0.119254   12.252087   13.909650   77.5569    6.3101    2.0662
   8   4     41.237301    0.341352    0.090727   20.804455   11.734227   26.8445   51.0204    6.2542
   9   1     41.026523    0.315250    0.071918   24.110026   10.750736    0.0000   53.5402   31.8720
   9   2     41.764135    0.398971    0.100202   16.948679   11.835390    0.0000   67.0633   11.4048
   9   3     41.726270    0.390892    0.118949   19.707880   12.658132    0.0000   60.2866   13.1854
   9   4     42.057783    0.422089    0.100002   19.635181   11.707983    0.0000   20.5208   58.0023
  10   1     40.831416    0.290971    0.069620   25.408630   13.101748   41.7928   34.4845   13.3157
  10   2     41.872779    0.413536    0.103738   12.605537   13.706492   77.4976    7.7810    5.7339
  10   3     41.703367    0.395285    0.144586   13.878488   15.686773   67.0796    8.7790    4.8247
  10   4     41.853883    0.404989    0.088299   18.655531   10.692270   23.2394   62.7060   10.0881
 
  rho^2(E0) 
 
   I  n_1 n_2  <In_1|E0|In_2>  rho^2(E0) 
   0   1   1       40.353832 2801.820523
   0   2   1       -0.000874    0.000001
   0   2   2       40.571078 2832.069178
   0   3   1       -0.316597    0.172458
   0   3   2        0.147866    0.037619
   0   3   3       40.750291 2857.144369
   0   4   1       -0.097656    0.016409
   0   4   2       -0.250459    0.107931
   0   4   3       -0.535241    0.492912
   0   4   4       41.781241 3003.539978
   2   1   1       40.406709 2809.168068
   2   2   1        0.004716    0.000038
   2   2   2       40.492969 2821.174873
   2   3   1        0.062852    0.006797
   2   3   2        0.047034    0.003806
   2   3   3       40.775355 2860.660094
   2   4   1        0.255010    0.111888
   2   4   2        0.161795    0.045040
   2   4   3        0.258199    0.114704
   2   4   4       41.052185 2899.634912
   3   1   1       40.567668 2831.593021
   3   2   1        0.286628    0.141354
   3   2   2       41.468613 2958.760210
   3   3   1       -0.150774    0.039113
   3   3   2       -0.026209    0.001182
   3   3   3       40.921806 2881.245978
   3   4   1        0.118698    0.024241
   3   4   2       -0.731554    0.920797
   3   4   3       -0.091083    0.014274
   3   4   4       42.043645 3041.385585
   4   1   1       40.470216 2818.005311
   4   2   1        0.021420    0.000789
   4   2   2       40.583546 2833.810107
   4   3   1        0.006579    0.000074
   4   3   2        0.045888    0.003623
   4   3   3       40.689974 2848.692611
   4   4   1        0.195868    0.066008
   4   4   2        0.233095    0.093484
   4   4   3        0.148768    0.038080
   4   4   4       41.582307 2975.006508
   5   1   1       40.659095 2844.370549
   5   2   1        0.046842    0.003775
   5   2   2       40.809989 2865.521759
   5   3   1        0.304602    0.159638
   5   3   2        0.231327    0.092071
   5   3   3       41.749189 2998.933529
   5   4   1       -0.145191    0.036270
   5   4   2        0.347144    0.207344
   5   4   3        0.234823    0.094875
   5   4   4       41.825702 3009.935796
   6   1   1       40.546370 2828.620755
   6   2   1       -0.053528    0.004930
   6   2   2       40.726577 2853.820051
   6   3   1       -0.090387    0.014057
   6   3   2        0.275859    0.130932
   6   3   3       41.313586 2936.679397
   6   4   1       -0.176067    0.053337
   6   4   2        0.267221    0.122860
   6   4   3        0.563368    0.546079
   6   4   4       41.430862 2953.375687
   7   1   1       40.786027 2862.157647
   7   2   1        0.154993    0.041333
   7   2   2       41.156727 2914.421908
   7   3   1       -0.332733    0.190485
   7   3   2       -0.495621    0.422639
   7   3   3       41.825562 3009.915662
   7   4   1       -0.127261    0.027865
   7   4   2        0.175654    0.053087
   7   4   3        0.018348    0.000579
   7   4   4       41.459179 2957.414228
   8   1   1       40.646340 2842.586281
   8   2   1        0.137283    0.032427
   8   2   2       41.106459 2907.306961
   8   3   1        0.167797    0.048444
   8   3   2        0.665942    0.763033
   8   3   3       41.889852 3019.175838
   8   4   1        0.171886    0.050834
   8   4   2        0.126468    0.027519
   8   4   3        0.233142    0.093522
   8   4   4       41.237301 2925.844362
   9   1   1       41.026523 2896.010810
   9   2   1       -0.397466    0.271814
   9   2   2       41.764135 3001.081185
   9   3   1       -0.378369    0.246321
   9   3   2        0.574411    0.567696
   9   3   3       41.726270 2995.641786
   9   4   1       -0.164961    0.046820
   9   4   2       -0.463586    0.369769
   9   4   3        0.009727    0.000163
   9   4   4       42.057783 3043.431341
  10   1   1       40.831416 2868.531604
  10   2   1        0.361759    0.225170
  10   2   2       41.872779 3016.715315
  10   3   1       -0.175024    0.052707
  10   3   2       -0.854539    1.256419
  10   3   3       41.703367 2992.354138
  10   4   1        0.259869    0.116193
  10   4   2       -0.020259    0.000706
  10   4   3        0.108686    0.020324
  10   4   4       41.853883 3013.993252
 
  E2 transition 
 
  I1  n1        I2  n2       <f||E2||i>   B(E2,I1->I2)  B(E2,I2->I1)
 ( 0   1) <--> ( 2   1)       -2.621445      6.871976      1.374395   WU   532.998023    106.599605
 ( 0   1) <--> ( 2   2)       -0.973640      0.947974      0.189595   WU    73.525943     14.705189
 ( 0   1) <--> ( 2   3)        0.165080      0.027251      0.005450   WU     2.113643      0.422729
 ( 0   1) <--> ( 2   4)       -0.359589      0.129304      0.025861   WU    10.028976      2.005795
 ( 0   2) <--> ( 2   1)       -0.013676      0.000187      0.000037   WU     0.014507      0.002901
 ( 0   2) <--> ( 2   2)        1.854697      3.439901      0.687980   WU   266.802505     53.360501
 ( 0   2) <--> ( 2   3)        2.690059      7.236418      1.447284   WU   561.264554    112.252911
 ( 0   2) <--> ( 2   4)       -0.164111      0.026932      0.005386   WU     2.088905      0.417781
 ( 0   3) <--> ( 2   1)        0.775337      0.601147      0.120229   WU    46.625639      9.325128
 ( 0   3) <--> ( 2   2)        0.520267      0.270678      0.054136   WU    20.994104      4.198821
 ( 0   3) <--> ( 2   3)        1.048327      1.098989      0.219798   WU    85.238790     17.047758
 ( 0   3) <--> ( 2   4)        3.491453     12.190241      2.438048   WU   945.488492    189.097698
 ( 0   4) <--> ( 2   1)        0.227986      0.051978      0.010396   WU     4.031432      0.806286
 ( 0   4) <--> ( 2   2)        0.062217      0.003871      0.000774   WU     0.300236      0.060047
 ( 0   4) <--> ( 2   3)       -1.430449      2.046184      0.409237   WU   158.704276     31.740855
 ( 0   4) <--> ( 2   4)       -2.242693      5.029673      1.005935   WU   390.106955     78.021391
 ( 2   1) <--> ( 2   1)        1.104306      0.836990   (eb)
 ( 2   2) <--> ( 2   1)       -3.250089      2.112616      2.112616   WU   163.856794    163.856794
 ( 2   2) <--> ( 2   2)       -1.512489     -1.146366   (eb)
 ( 2   3) <--> ( 2   1)        0.361598      0.026151      0.026151   WU     2.028266      2.028266
 ( 2   3) <--> ( 2   2)       -0.846693      0.143378      0.143378   WU    11.120553     11.120553
 ( 2   3) <--> ( 2   3)       -1.312518     -0.994801   (eb)
 ( 2   4) <--> ( 2   1)       -0.045744      0.000418      0.000418   WU     0.032459      0.032459
 ( 2   4) <--> ( 2   2)       -0.870987      0.151724      0.151724   WU    11.767855     11.767855
 ( 2   4) <--> ( 2   3)       -1.064620      0.226683      0.226683   WU    17.581803     17.581803
 ( 2   4) <--> ( 2   4)       -3.134420     -2.375681   (eb)
 ( 2   1) <--> ( 3   1)        1.519808      0.461963      0.329974   WU    35.830376     25.593126
 ( 2   1) <--> ( 3   2)       -0.121368      0.002946      0.002104   WU     0.228499      0.163214
 ( 2   1) <--> ( 3   3)       -0.219313      0.009620      0.006871   WU     0.746110      0.532936
 ( 2   1) <--> ( 3   4)       -0.080762      0.001305      0.000932   WU     0.101179      0.072271
 ( 2   2) <--> ( 3   1)       -3.709603      2.752230      1.965879   WU   213.466025    152.475732
 ( 2   2) <--> ( 3   2)       -0.164315      0.005400      0.003857   WU     0.418821      0.299158
 ( 2   2) <--> ( 3   3)        0.260882      0.013612      0.009723   WU     1.055754      0.754110
 ( 2   2) <--> ( 3   4)       -0.105254      0.002216      0.001583   WU     0.171851      0.122751
 ( 2   3) <--> ( 3   1)        2.865903      1.642680      1.173343   WU   127.408052     91.005752
 ( 2   3) <--> ( 3   2)        0.960343      0.184452      0.131751   WU    14.306267     10.218762
 ( 2   3) <--> ( 3   3)        0.020230      0.000082      0.000058   WU     0.006348      0.004535
 ( 2   3) <--> ( 3   4)        0.448307      0.040196      0.028711   WU     3.117637      2.226884
 ( 2   4) <--> ( 3   1)       -0.665255      0.088513      0.063223   WU     6.865158      4.903684
 ( 2   4) <--> ( 3   2)       -0.546175      0.059661      0.042615   WU     4.627408      3.305291
 ( 2   4) <--> ( 3   3)       -0.409193      0.033488      0.023920   WU     2.597345      1.855246
 ( 2   4) <--> ( 3   4)        0.096490      0.001862      0.001330   WU     0.144425      0.103161
 ( 2   1) <--> ( 4   1)        4.413096      3.895083      2.163935   WU   302.106894    167.837163
 ( 2   1) <--> ( 4   2)        0.719526      0.103544      0.057524   WU     8.030960      4.461645
 ( 2   1) <--> ( 4   3)       -0.277319      0.015381      0.008545   WU     1.192978      0.662766
 ( 2   1) <--> ( 4   4)        0.181209      0.006567      0.003649   WU     0.509368      0.282982
 ( 2   2) <--> ( 4   1)        0.556474      0.061933      0.034407   WU     4.803560      2.668644
 ( 2   2) <--> ( 4   2)        4.041920      3.267423      1.815235   WU   253.424919    140.791622
 ( 2   2) <--> ( 4   3)        1.081154      0.233779      0.129877   WU    18.132133     10.073407
 ( 2   2) <--> ( 4   4)        0.034402      0.000237      0.000132   WU     0.018359      0.010199
 ( 2   3) <--> ( 4   1)        0.230745      0.010649      0.005916   WU     0.825925      0.458847
 ( 2   3) <--> ( 4   2)        2.117358      0.896641      0.498134   WU    69.544437     38.635798
 ( 2   3) <--> ( 4   3)        0.827994      0.137115      0.076175   WU    10.634788      5.908216
 ( 2   3) <--> ( 4   4)        3.928336      3.086365      1.714647   WU   239.381833    132.989907
 ( 2   4) <--> ( 4   1)        1.147404      0.263307      0.146282   WU    20.422400     11.345778
 ( 2   4) <--> ( 4   2)        0.720648      0.103867      0.057704   WU     8.056025      4.475569
 ( 2   4) <--> ( 4   3)        0.735918      0.108315      0.060175   WU     8.401045      4.667247
 ( 2   4) <--> ( 4   4)        5.833478      6.805894      3.781052   WU   527.872599    293.262555
 ( 3   1) <--> ( 3   1)        0.000000      0.000000   (eb)
 ( 3   2) <--> ( 3   1)        0.000000      0.000000      0.000000   WU     0.000000      0.000000
 ( 3   2) <--> ( 3   2)        0.000000      0.000000   (eb)
 ( 3   3) <--> ( 3   1)        0.000000      0.000000      0.000000   WU     0.000000      0.000000
 ( 3   3) <--> ( 3   2)        0.000000      0.000000      0.000000   WU     0.000000      0.000000
 ( 3   3) <--> ( 3   3)        0.000000      0.000000   (eb)
 ( 3   4) <--> ( 3   1)        0.000000      0.000000      0.000000   WU     0.000000      0.000000
 ( 3   4) <--> ( 3   2)        0.000000      0.000000      0.000000   WU     0.000000      0.000000
 ( 3   4) <--> ( 3   3)        0.000000      0.000000      0.000000   WU     0.000000      0.000000
 ( 3   4) <--> ( 3   4)        0.000000      0.000000   (eb)
 ( 3   1) <--> ( 4   1)        2.530615      0.914859      0.711557   WU    70.957474     55.189146
 ( 3   1) <--> ( 4   2)        0.462001      0.030492      0.023716   WU     2.365008      1.839451
 ( 3   1) <--> ( 4   3)       -4.183981      2.500814      1.945077   WU   193.965848    150.862326
 ( 3   1) <--> ( 4   4)        1.172357      0.196346      0.152713   WU    15.228788     11.844613
 ( 3   2) <--> ( 4   1)        0.054804      0.000429      0.000334   WU     0.033279      0.025883
 ( 3   2) <--> ( 4   2)        0.196282      0.005504      0.004281   WU     0.426880      0.332018
 ( 3   2) <--> ( 4   3)       -1.258881      0.226397      0.176087   WU    17.559629     13.657489
 ( 3   2) <--> ( 4   4)        2.635779      0.992476      0.771926   WU    76.977536     59.871417
 ( 3   3) <--> ( 4   1)       -0.229512      0.007525      0.005853   WU     0.583657      0.453956
 ( 3   3) <--> ( 4   2)        0.145851      0.003039      0.002364   WU     0.235704      0.183325
 ( 3   3) <--> ( 4   3)        0.321030      0.014723      0.011451   WU     1.141920      0.888160
 ( 3   3) <--> ( 4   4)        0.128771      0.002369      0.001842   WU     0.183731      0.142902
 ( 3   4) <--> ( 4   1)        0.035356      0.000179      0.000139   WU     0.013850      0.010773
 ( 3   4) <--> ( 4   2)        0.086141      0.001060      0.000824   WU     0.082217      0.063947
 ( 3   4) <--> ( 4   3)       -0.478881      0.032761      0.025481   WU     2.540974      1.976313
 ( 3   4) <--> ( 4   4)       -0.020372      0.000059      0.000046   WU     0.004599      0.003577
 ( 3   1) <--> ( 5   1)        4.646302      3.084018      1.962557   WU   239.199815    152.218064
 ( 3   1) <--> ( 5   2)        1.111785      0.176581      0.112370   WU    13.695798      8.715508
 ( 3   1) <--> ( 5   3)       -0.011280      0.000018      0.000012   WU     0.001410      0.000897
 ( 3   1) <--> ( 5   4)       -0.246217      0.008660      0.005511   WU     0.671709      0.427451
 ( 3   2) <--> ( 5   1)        1.417396      0.287002      0.182637   WU    22.260159     14.165556
 ( 3   2) <--> ( 5   2)        2.279952      0.742597      0.472562   WU    57.596661     36.652421
 ( 3   2) <--> ( 5   3)        6.732629      6.475471      4.120754   WU   502.244671    319.610245
 ( 3   2) <--> ( 5   4)        0.142729      0.002910      0.001852   WU     0.225721      0.143641
 ( 3   3) <--> ( 5   1)       -0.440554      0.027727      0.017644   WU     2.150526      1.368516
 ( 3   3) <--> ( 5   2)        1.719274      0.422272      0.268718   WU    32.751854     20.842089
 ( 3   3) <--> ( 5   3)       -0.619222      0.054776      0.034858   WU     4.248526      2.703607
 ( 3   3) <--> ( 5   4)        1.482772      0.314087      0.199874   WU    24.360963     15.502431
 ( 3   4) <--> ( 5   1)        0.479005      0.032778      0.020859   WU     2.542298      1.617826
 ( 3   4) <--> ( 5   2)        0.104692      0.001566      0.000996   WU     0.121442      0.077281
 ( 3   4) <--> ( 5   3)       -3.757824      2.017320      1.283749   WU   156.465591     99.569013
 ( 3   4) <--> ( 5   4)       -3.694056      1.949436      1.240550   WU   151.200405     96.218440
 ( 4   1) <--> ( 4   1)        0.787784      0.594065   (eb)
 ( 4   2) <--> ( 4   1)       -3.515550      1.373232      1.373232   WU   106.509419    106.509419
 ( 4   2) <--> ( 4   2)       -1.458308     -1.099703   (eb)
 ( 4   3) <--> ( 4   1)        0.952219      0.100747      0.100747   WU     7.814026      7.814026
 ( 4   3) <--> ( 4   2)       -3.991833      1.770525      1.770525   WU   137.323901    137.323901
 ( 4   3) <--> ( 4   3)       -0.384887     -0.290242   (eb)
 ( 4   4) <--> ( 4   1)        0.096108      0.001026      0.001026   WU     0.079601      0.079601
 ( 4   4) <--> ( 4   2)       -0.942047      0.098606      0.098606   WU     7.647982      7.647982
 ( 4   4) <--> ( 4   3)       -0.418793      0.019488      0.019488   WU     1.511473      1.511473
 ( 4   4) <--> ( 4   4)       -6.270947     -4.728893   (eb)
 ( 4   1) <--> ( 5   1)        1.561352      0.270869      0.221620   WU    21.008897     17.189098
 ( 4   1) <--> ( 5   2)       -0.259982      0.007510      0.006145   WU     0.582491      0.476583
 ( 4   1) <--> ( 5   3)       -0.105974      0.001248      0.001021   WU     0.096783      0.079186
 ( 4   1) <--> ( 5   4)        0.088287      0.000866      0.000709   WU     0.067173      0.054960
 ( 4   2) <--> ( 5   1)       -2.872854      0.917032      0.750299   WU    71.126032     58.194026
 ( 4   2) <--> ( 5   2)        0.929671      0.096032      0.078572   WU     7.448346      6.094102
 ( 4   2) <--> ( 5   3)       -0.185033      0.003804      0.003112   WU     0.295053      0.241407
 ( 4   2) <--> ( 5   4)       -0.052501      0.000306      0.000251   WU     0.023754      0.019435
 ( 4   3) <--> ( 5   1)       -0.148457      0.002449      0.002004   WU     0.189935      0.155401
 ( 4   3) <--> ( 5   2)       -5.722170      3.638137      2.976658   WU   282.177920    230.872843
 ( 4   3) <--> ( 5   3)        0.241931      0.006503      0.005321   WU     0.504410      0.412699
 ( 4   3) <--> ( 5   4)       -0.029001      0.000093      0.000076   WU     0.007248      0.005930
 ( 4   4) <--> ( 5   1)        1.431664      0.227740      0.186333   WU    17.663787     14.452189
 ( 4   4) <--> ( 5   2)        0.815725      0.073934      0.060492   WU     5.734413      4.691792
 ( 4   4) <--> ( 5   3)        0.032807      0.000120      0.000098   WU     0.009275      0.007589
 ( 4   4) <--> ( 5   4)       -0.233524      0.006059      0.004958   WU     0.469964      0.384516
 ( 4   1) <--> ( 6   1)        6.057519      4.077059      2.822580   WU   316.221218    218.922382
 ( 4   1) <--> ( 6   2)       -0.610658      0.041434      0.028685   WU     3.213640      2.224827
 ( 4   1) <--> ( 6   3)        0.222379      0.005495      0.003804   WU     0.426176      0.295045
 ( 4   1) <--> ( 6   4)       -0.301779      0.010119      0.007005   WU     0.784836      0.543348
 ( 4   2) <--> ( 6   1)        1.008944      0.113108      0.078305   WU     8.772743      6.073438
 ( 4   2) <--> ( 6   2)       -6.052481      4.070281      2.817887   WU   315.695461    218.558396
 ( 4   2) <--> ( 6   3)       -0.676742      0.050887      0.035229   WU     3.946827      2.732419
 ( 4   2) <--> ( 6   4)        0.485528      0.026193      0.018134   WU     2.031562      1.406466
 ( 4   3) <--> ( 6   1)       -0.622908      0.043113      0.029847   WU     3.343874      2.314989
 ( 4   3) <--> ( 6   2)       -0.967840      0.104079      0.072055   WU     8.072505      5.588657
 ( 4   3) <--> ( 6   3)       -4.636064      2.388121      1.653314   WU   185.225269    128.232879
 ( 4   3) <--> ( 6   4)        2.246089      0.560546      0.388070   WU    43.476580     30.099171
 ( 4   4) <--> ( 6   1)        1.340934      0.199789      0.138316   WU    15.495883     10.727919
 ( 4   4) <--> ( 6   2)       -2.971170      0.980872      0.679065   WU    76.077519     52.669051
 ( 4   4) <--> ( 6   3)       -6.205473      4.278654      2.962145   WU   331.857146    229.747255
 ( 4   4) <--> ( 6   4)       -8.135557      7.354144      5.091330   WU   570.395499    394.889191
 ( 5   1) <--> ( 5   1)       -0.178540     -0.129643   (eb)
 ( 5   2) <--> ( 5   1)       -3.481663      1.101998      1.101998   WU    85.472190     85.472190
 ( 5   2) <--> ( 5   2)       -0.304561     -0.221150   (eb)
 ( 5   3) <--> ( 5   1)        0.221807      0.004473      0.004473   WU     0.346899      0.346899
 ( 5   3) <--> ( 5   2)       -1.454914      0.192434      0.192434   WU    14.925407     14.925407
 ( 5   3) <--> ( 5   3)       -3.519745     -2.555782   (eb)
 ( 5   4) <--> ( 5   1)       -0.028599      0.000074      0.000074   WU     0.005767      0.005767
 ( 5   4) <--> ( 5   2)        0.182487      0.003027      0.003027   WU     0.234808      0.234808
 ( 5   4) <--> ( 5   3)       -3.845221      1.344157      1.344157   WU   104.254302    104.254302
 ( 5   4) <--> ( 5   4)        2.094327      1.520747   (eb)
 ( 5   1) <--> ( 6   1)        3.244113      0.956752      0.809559   WU    74.206728     62.790308
 ( 5   1) <--> ( 6   2)       -0.154286      0.002164      0.001831   WU     0.167844      0.142022
 ( 5   1) <--> ( 6   3)        2.156659      0.422835      0.357783   WU    32.795512     27.750049
 ( 5   1) <--> ( 6   4)       -2.531621      0.582646      0.493008   WU    45.190662     38.238252
 ( 5   2) <--> ( 6   1)       -0.317663      0.009174      0.007762   WU     0.711518      0.602053
 ( 5   2) <--> ( 6   2)       -1.940355      0.342271      0.289614   WU    26.546893     22.462755
 ( 5   2) <--> ( 6   3)        0.672897      0.041163      0.034830   WU     3.192633      2.701458
 ( 5   2) <--> ( 6   4)       -0.525149      0.025071      0.021214   WU     1.944535      1.645375
 ( 5   3) <--> ( 6   1)        0.081167      0.000599      0.000507   WU     0.046452      0.039306
 ( 5   3) <--> ( 6   2)       -0.148796      0.002013      0.001703   WU     0.156111      0.132094
 ( 5   3) <--> ( 6   3)       -0.414156      0.015593      0.013194   WU     1.209425      1.023360
 ( 5   3) <--> ( 6   4)       -3.063935      0.853427      0.722131   WU    66.192747     56.009248
 ( 5   4) <--> ( 6   1)       -0.019023      0.000033      0.000028   WU     0.002551      0.002159
 ( 5   4) <--> ( 6   2)        0.031659      0.000091      0.000077   WU     0.007067      0.005980
 ( 5   4) <--> ( 6   3)       -0.451733      0.018551      0.015697   WU     1.438849      1.217488
 ( 5   4) <--> ( 6   4)        0.252924      0.005815      0.004921   WU     0.451055      0.381662
 ( 5   1) <--> ( 7   1)        6.752382      4.144969      3.039644   WU   321.488365    235.758134
 ( 5   1) <--> ( 7   2)        0.775686      0.054699      0.040113   WU     4.242514      3.111177
 ( 5   1) <--> ( 7   3)        0.335285      0.010220      0.007494   WU     0.792648      0.581275
 ( 5   1) <--> ( 7   4)       -0.239184      0.005201      0.003814   WU     0.403382      0.295813
 ( 5   2) <--> ( 7   1)        0.843824      0.064731      0.047469   WU     5.020589      3.681765
 ( 5   2) <--> ( 7   2)        5.741947      2.997268      2.197997   WU   232.471437    170.479054
 ( 5   2) <--> ( 7   3)        0.584129      0.031019      0.022747   WU     2.405848      1.764288
 ( 5   2) <--> ( 7   4)        0.992136      0.089485      0.065622   WU     6.940541      5.089730
 ( 5   3) <--> ( 7   1)        2.279794      0.472496      0.346497   WU    36.647339     26.874715
 ( 5   3) <--> ( 7   2)        4.580504      1.907365      1.398734   WU   147.937328    108.487374
 ( 5   3) <--> ( 7   3)       -9.304451      7.870255      5.771521   WU   610.425676    447.645496
 ( 5   3) <--> ( 7   4)       -1.123926      0.114837      0.084214   WU     8.906898      6.531725
 ( 5   4) <--> ( 7   1)       -0.722611      0.047470      0.034811   WU     3.681798      2.699985
 ( 5   4) <--> ( 7   2)        2.161109      0.424581      0.311360   WU    32.930986     24.149390
 ( 5   4) <--> ( 7   3)       -1.662653      0.251310      0.184294   WU    19.491906     14.294064
 ( 5   4) <--> ( 7   4)        5.007846      2.279865      1.671901   WU   176.828850    129.674490
 ( 6   1) <--> ( 6   1)        0.181043      0.126223   (eb)
 ( 6   2) <--> ( 6   1)        3.801722      1.111776      1.111776   WU    86.230592     86.230592
 ( 6   2) <--> ( 6   2)       -2.197140     -1.531839   (eb)
 ( 6   3) <--> ( 6   1)       -1.051184      0.084999      0.084999   WU     6.592621      6.592621
 ( 6   3) <--> ( 6   2)       -4.862589      1.818828      1.818828   WU   141.070333    141.070333
 ( 6   3) <--> ( 6   3)       -4.036440     -2.814194   (eb)
 ( 6   4) <--> ( 6   1)        0.464675      0.016609      0.016609   WU     1.288245      1.288245
 ( 6   4) <--> ( 6   2)        1.287364      0.127485      0.127485   WU     9.887889      9.887889
 ( 6   4) <--> ( 6   3)       -3.911165      1.176708      1.176708   WU    91.266793     91.266793
 ( 6   4) <--> ( 6   4)       -5.709078     -3.980352   (eb)
 ( 6   1) <--> ( 7   1)        1.566298      0.188715      0.163553   WU    14.636918     12.685329
 ( 6   1) <--> ( 7   2)       -0.379247      0.011064      0.009589   WU     0.858114      0.743699
 ( 6   1) <--> ( 7   3)        0.059608      0.000273      0.000237   WU     0.021199      0.018372
 ( 6   1) <--> ( 7   4)        0.123409      0.001172      0.001015   WU     0.090865      0.078749
 ( 6   2) <--> ( 7   1)        2.511770      0.485307      0.420599   WU    37.640922     32.622132
 ( 6   2) <--> ( 7   2)       -0.995045      0.076163      0.066008   WU     5.907258      5.119624
 ( 6   2) <--> ( 7   3)       -0.371464      0.010614      0.009199   WU     0.823254      0.713487
 ( 6   2) <--> ( 7   4)        0.183454      0.002589      0.002244   WU     0.200797      0.174024
 ( 6   3) <--> ( 7   1)       -0.177696      0.002429      0.002105   WU     0.188389      0.163271
 ( 6   3) <--> ( 7   2)        3.831740      1.129402      0.978815   WU    87.597683     75.917992
 ( 6   3) <--> ( 7   3)        0.695435      0.037202      0.032242   WU     2.885449      2.500722
 ( 6   3) <--> ( 7   4)       -0.496626      0.018972      0.016442   WU     1.471495      1.275295
 ( 6   4) <--> ( 7   1)       -1.154643      0.102554      0.088880   WU     7.954193      6.893634
 ( 6   4) <--> ( 7   2)       -2.904994      0.649153      0.562599   WU    50.349024     43.635821
 ( 6   4) <--> ( 7   3)       -0.798929      0.049099      0.042553   WU     3.808179      3.300421
 ( 6   4) <--> ( 7   4)        0.617257      0.029308      0.025400   WU     2.273171      1.970082
 ( 6   1) <--> ( 8   1)       -7.712164      4.575190      3.498675   WU   354.856778    271.361066
 ( 6   1) <--> ( 8   2)       -0.420118      0.013577      0.010382   WU     1.053036      0.805263
 ( 6   1) <--> ( 8   3)        0.238529      0.004377      0.003347   WU     0.339456      0.259584
 ( 6   1) <--> ( 8   4)       -0.339952      0.008890      0.006798   WU     0.689503      0.527267
 ( 6   2) <--> ( 8   1)        1.587582      0.193878      0.148260   WU    15.037406     11.499193
 ( 6   2) <--> ( 8   2)        8.095068      5.040778      3.854713   WU   390.968320    298.975774
 ( 6   2) <--> ( 8   3)       -0.739980      0.042121      0.032210   WU     3.266935      2.498245
 ( 6   2) <--> ( 8   4)       -0.669640      0.034494      0.026377   WU     2.675365      2.045868
 ( 6   3) <--> ( 8   1)        0.171942      0.002274      0.001739   WU     0.176386      0.134884
 ( 6   3) <--> ( 8   2)        4.833062      1.796807      1.374029   WU   139.362324    106.571189
 ( 6   3) <--> ( 8   3)        9.124041      6.403701      4.896948   WU   496.678133    379.812690
 ( 6   3) <--> ( 8   4)       -2.809613      0.607225      0.464349   WU    47.097038     36.015382
 ( 6   4) <--> ( 8   1)        2.075214      0.331270      0.253324   WU    25.693685     19.648112
 ( 6   4) <--> ( 8   2)        3.842034      1.135479      0.868308   WU    88.069013     67.346892
 ( 6   4) <--> ( 8   3)        7.671388      4.526938      3.461776   WU   351.114327    268.499192
 ( 6   4) <--> ( 8   4)        7.650004      4.501736      3.442504   WU   349.159562    267.004371
 ( 7   1) <--> ( 7   1)       -0.892240     -0.597499   (eb)
 ( 7   2) <--> ( 7   1)       -4.134782      1.139761      1.139761   WU    88.401155     88.401155
 ( 7   2) <--> ( 7   2)       -2.370967     -1.587746   (eb)
 ( 7   3) <--> ( 7   1)       -0.974094      0.063257      0.063257   WU     4.906304      4.906304
 ( 7   3) <--> ( 7   2)        3.433317      0.785844      0.785844   WU    60.950960     60.950960
 ( 7   3) <--> ( 7   3)       -4.764278     -3.190455   (eb)
 ( 7   4) <--> ( 7   1)        0.313564      0.006555      0.006555   WU     0.508398      0.508398
 ( 7   4) <--> ( 7   2)       -3.659473      0.892783      0.892783   WU    69.245218     69.245218
 ( 7   4) <--> ( 7   3)        0.324571      0.007023      0.007023   WU     0.544719      0.544719
 ( 7   4) <--> ( 7   4)       -0.345007     -0.231038   (eb)
 ( 7   1) <--> ( 8   1)       -3.742930      0.933968      0.824090   WU    72.439595     63.917290
 ( 7   1) <--> ( 8   2)        0.129583      0.001119      0.000988   WU     0.086825      0.076611
 ( 7   1) <--> ( 8   3)        0.386786      0.009974      0.008800   WU     0.773562      0.682555
 ( 7   1) <--> ( 8   4)       -2.962189      0.584971      0.516151   WU    45.370979     40.033216
 ( 7   2) <--> ( 8   1)        0.411143      0.011269      0.009943   WU     0.874053      0.771223
 ( 7   2) <--> ( 8   2)       -2.659673      0.471591      0.416110   WU    36.577103     32.273914
 ( 7   2) <--> ( 8   3)        0.640974      0.027390      0.024167   WU     2.124385      1.874457
 ( 7   2) <--> ( 8   4)       -1.983116      0.262183      0.231338   WU    20.335226     17.942846
 ( 7   3) <--> ( 8   1)        0.128489      0.001101      0.000971   WU     0.085366      0.075323
 ( 7   3) <--> ( 8   2)        0.012908      0.000011      0.000010   WU     0.000862      0.000760
 ( 7   3) <--> ( 8   3)        2.132920      0.303290      0.267609   WU    23.523496     20.756026
 ( 7   3) <--> ( 8   4)        2.984320      0.593744      0.523892   WU    46.051464     40.633645
 ( 7   4) <--> ( 8   1)       -0.049148      0.000161      0.000142   WU     0.012490      0.011021
 ( 7   4) <--> ( 8   2)        0.154304      0.001587      0.001401   WU     0.123114      0.108630
 ( 7   4) <--> ( 8   3)       -0.533643      0.018985      0.016751   WU     1.472495      1.299260
 ( 7   4) <--> ( 8   4)        2.123603      0.300646      0.265276   WU    23.318434     20.575088
 ( 7   1) <--> ( 9   1)        8.799295      5.161840      4.075137   WU   400.357966    316.072079
 ( 7   1) <--> ( 9   2)        0.112386      0.000842      0.000665   WU     0.065309      0.051560
 ( 7   1) <--> ( 9   3)        0.662545      0.029264      0.023103   WU     2.269777      1.791929
 ( 7   1) <--> ( 9   4)       -0.191151      0.002436      0.001923   WU     0.188932      0.149157
 ( 7   2) <--> ( 9   1)        2.671354      0.475742      0.375586   WU    36.899080     29.130852
 ( 7   2) <--> ( 9   2)       -9.139915      5.569203      4.396739   WU   431.953510    341.015929
 ( 7   2) <--> ( 9   3)        1.827515      0.222654      0.175780   WU    17.269302     13.633660
 ( 7   2) <--> ( 9   4)        0.079621      0.000423      0.000334   WU     0.032780      0.025879
 ( 7   3) <--> ( 9   1)       -3.459571      0.797909      0.629928   WU    61.886692     48.857915
 ( 7   3) <--> ( 9   2)        7.415442      3.665919      2.894146   WU   284.332684    224.473172
 ( 7   3) <--> ( 9   3)        9.921909      6.562952      5.181278   WU   509.029755    401.865596
 ( 7   3) <--> ( 9   4)       -0.174127      0.002021      0.001596   WU     0.156778      0.123772
 ( 7   4) <--> ( 9   1)       -1.213070      0.098103      0.077449   WU     7.608940      6.007058
 ( 7   4) <--> ( 9   2)       -1.598807      0.170412      0.134536   WU    13.217361     10.434758
 ( 7   4) <--> ( 9   3)        1.371650      0.125428      0.099022   WU     9.728347      7.680274
 ( 7   4) <--> ( 9   4)        8.435191      4.743496      3.744866   WU   367.910797    290.455893
 ( 8   1) <--> ( 8   1)       -0.732357     -0.471781   (eb)
 ( 8   2) <--> ( 8   1)       -3.989937      0.936447      0.936447   WU    72.631863     72.631863
 ( 8   2) <--> ( 8   2)       -4.752531     -3.061561   (eb)
 ( 8   3) <--> ( 8   1)        1.295246      0.098686      0.098686   WU     7.654194      7.654194
 ( 8   3) <--> ( 8   2)       -5.234906      1.612014      1.612014   WU   125.029582    125.029582
 ( 8   3) <--> ( 8   3)       -8.254104     -5.317261   (eb)
 ( 8   4) <--> ( 8   1)       -0.722096      0.030672      0.030672   WU     2.378945      2.378945
 ( 8   4) <--> ( 8   2)        2.995367      0.527778      0.527778   WU    40.935025     40.935025
 ( 8   4) <--> ( 8   3)       -2.412066      0.342239      0.342239   WU    26.544424     26.544424
 ( 8   4) <--> ( 8   4)       -4.011491     -2.584186   (eb)
 ( 8   1) <--> ( 9   1)       -1.489238      0.130461      0.116728   WU    10.118664      9.053542
 ( 8   1) <--> ( 9   2)       -0.555569      0.018156      0.016245   WU     1.408223      1.259989
 ( 8   1) <--> ( 9   3)        0.014372      0.000012      0.000011   WU     0.000942      0.000843
 ( 8   1) <--> ( 9   4)       -0.244626      0.003520      0.003150   WU     0.273024      0.244285
 ( 8   2) <--> ( 9   1)        2.125236      0.265684      0.237717   WU    20.606748     18.437616
 ( 8   2) <--> ( 9   2)        0.815113      0.039083      0.034969   WU     3.031312      2.712227
 ( 8   2) <--> ( 9   3)       -0.501277      0.014781      0.013225   WU     1.146439      1.025761
 ( 8   2) <--> ( 9   4)        0.336779      0.006672      0.005969   WU     0.517468      0.462998
 ( 8   3) <--> ( 9   1)       -0.825352      0.040071      0.035853   WU     3.107942      2.780790
 ( 8   3) <--> ( 9   2)       -1.956622      0.225198      0.201493   WU    17.466627     15.628034
 ( 8   3) <--> ( 9   3)        0.696267      0.028517      0.025515   WU     2.211805      1.978983
 ( 8   3) <--> ( 9   4)       -0.281363      0.004657      0.004167   WU     0.361184      0.323165
 ( 8   4) <--> ( 9   1)       -1.871368      0.206001      0.184317   WU    15.977676     14.295815
 ( 8   4) <--> ( 9   2)        3.852080      0.872854      0.780975   WU    67.699524     60.573258
 ( 8   4) <--> ( 9   3)       -1.254889      0.092632      0.082881   WU     7.184646      6.428368
 ( 8   4) <--> ( 9   4)        0.772906      0.035140      0.031441   WU     2.725514      2.438618
 ( 8   1) <--> (10   1)        9.483344      5.290225      4.282563   WU   410.315644    332.160283
 ( 8   1) <--> (10   2)       -0.362522      0.007731      0.006258   WU     0.599603      0.485393
 ( 8   1) <--> (10   3)        0.380615      0.008522      0.006898   WU     0.660948      0.535053
 ( 8   1) <--> (10   4)        0.144462      0.001228      0.000994   WU     0.095214      0.077078
 ( 8   2) <--> (10   1)        3.252184      0.622159      0.503652   WU    48.255316     39.063827
 ( 8   2) <--> (10   2)       11.020019      7.143578      5.782896   WU   554.063765    448.527809
 ( 8   2) <--> (10   3)        2.472331      0.359554      0.291068   WU    27.887411     22.575523
 ( 8   2) <--> (10   4)       -0.484584      0.013813      0.011182   WU     1.071356      0.867288
 ( 8   3) <--> (10   1)        1.937753      0.220876      0.178804   WU    17.131360     13.868244
 ( 8   3) <--> (10   2)        9.965022      5.841274      4.728650   WU   453.055641    366.759328
 ( 8   3) <--> (10   3)      -11.354473      7.583768      6.139241   WU   588.205427    476.166298
 ( 8   3) <--> (10   4)        0.300948      0.005328      0.004313   WU     0.413218      0.334509
 ( 8   4) <--> (10   1)        2.611475      0.401165      0.324752   WU    31.114787     25.188161
 ( 8   4) <--> (10   2)        1.444006      0.122656      0.099293   WU     9.513342      7.701277
 ( 8   4) <--> (10   3)       -1.789335      0.188336      0.152463   WU    14.607577     11.825182
 ( 8   4) <--> (10   4)       10.758688      6.808786      5.511875   WU   528.096956    427.507060
 ( 9   1) <--> ( 9   1)       -2.537381     -1.575415   (eb)
 ( 9   2) <--> ( 9   1)        4.587176      1.107483      1.107483   WU    85.897632     85.897632
 ( 9   2) <--> ( 9   2)       -6.240227     -3.874445   (eb)
 ( 9   3) <--> ( 9   1)       -1.960664      0.202327      0.202327   WU    15.692667     15.692667
 ( 9   3) <--> ( 9   2)       -3.984358      0.835532      0.835532   WU    64.804777     64.804777
 ( 9   3) <--> ( 9   3)       -3.761903     -2.335698   (eb)
 ( 9   4) <--> ( 9   1)        0.295817      0.004606      0.004606   WU     0.357220      0.357220
 ( 9   4) <--> ( 9   2)        4.476037      1.054469      1.054469   WU    81.785777     81.785777
 ( 9   4) <--> ( 9   3)        1.117401      0.065715      0.065715   WU     5.096924      5.096924
 ( 9   4) <--> ( 9   4)       -3.742181     -2.323454   (eb)
 ( 9   1) <--> (10   1)       -4.112980      0.890347      0.805552   WU    69.056329     62.479536
 ( 9   1) <--> (10   2)        0.338672      0.006037      0.005462   WU     0.468219      0.423627
 ( 9   1) <--> (10   3)       -0.079715      0.000334      0.000303   WU     0.025940      0.023469
 ( 9   1) <--> (10   4)       -3.133661      0.516833      0.467611   WU    40.086164     36.268434
 ( 9   2) <--> (10   1)       -0.504541      0.013398      0.012122   WU     1.039163      0.940195
 ( 9   2) <--> (10   2)        2.949847      0.457979      0.414362   WU    35.521334     32.138350
 ( 9   2) <--> (10   3)        1.115390      0.065479      0.059243   WU     5.078596      4.594920
 ( 9   2) <--> (10   4)        3.408257      0.611380      0.553153   WU    47.419285     42.903163
 ( 9   3) <--> (10   1)        0.184583      0.001793      0.001622   WU     0.139083      0.125837
 ( 9   3) <--> (10   2)       -0.059813      0.000188      0.000170   WU     0.014604      0.013214
 ( 9   3) <--> (10   3)       -2.576088      0.349275      0.316011   WU    27.090163     24.510147
 ( 9   3) <--> (10   4)        3.508330      0.647809      0.586113   WU    50.244809     45.459589
 ( 9   4) <--> (10   1)       -0.141834      0.001059      0.000958   WU     0.082121      0.074300
 ( 9   4) <--> (10   2)        0.120528      0.000765      0.000692   WU     0.059302      0.053654
 ( 9   4) <--> (10   3)        1.072840      0.060578      0.054809   WU     4.698514      4.251037
 ( 9   4) <--> (10   4)        2.590106      0.353087      0.319460   WU    27.385803     24.777632
 (10   1) <--> (10   1)       -2.431150     -1.457701   (eb)
 (10   2) <--> (10   1)       -4.385260      0.915738      0.915738   WU    71.025667     71.025667
 (10   2) <--> (10   2)       -9.665466     -5.795349   (eb)
 (10   3) <--> (10   1)       -2.066068      0.203268      0.203268   WU    15.765720     15.765720
 (10   3) <--> (10   2)        5.860723      1.635622      1.635622   WU   126.860677    126.860677
 (10   3) <--> (10   3)       -7.138642     -4.280283   (eb)
 (10   4) <--> (10   1)       -0.069011      0.000227      0.000227   WU     0.017590      0.017590
 (10   4) <--> (10   2)        2.335343      0.259706      0.259706   WU    20.143082     20.143082
 (10   4) <--> (10   3)        0.147100      0.001030      0.001030   WU     0.079919      0.079919
 (10   4) <--> (10   4)       -7.440426     -4.461230   (eb)
 
  quadrupole shape invariant: 01+, 02+, 03+, 04+
quadr2     8.06774967    11.13811779    14.41704550    31.93773375
quadr3     9.77267393    25.92581792    45.67974351   189.23311913
  effective deformation parameters:  01+, 02+, 03+, 04+
beteff     0.20152777     0.23679068     0.26939953     0.40096895
cos3ga     0.42646637     0.69745270     0.83446717     1.04843378
 
 ********* END Transition **************************
