 ********* BEGIN READER ****************************
 
 Nucleus            :  Ce  58 102
 Imin, Imax         :     0  10
 imu, remu          :     1 12.0000
 nlevel             :     4
 observables        :     2
 wave fun           :     1
 nbet, ngam, npar   :    10   7  10
 Finish reading parameters: V, B_k ...
 
 ********* END READER ******************************
 
 ********* BEGIN LEVELS ********************
 
 E_0 = -1275.414029
 
  I=   0   ntot= 127
   0   1    0.000000
   0   2    0.994857
   0   3    1.584519
   0   4    2.385859
 
  I=   2   ntot= 234
   2   1    0.135279
   2   2    1.174201
   2   3    1.326263
   2   4    1.871049
 
  I=   3   ntot= 108
   3   1    1.542525
   3   2    2.646295
   3   3    3.469954
   3   4    4.033621
 
  I=   4   ntot= 324
   4   1    0.430549
   4   2    1.543192
   4   3    1.777816
   4   4    2.139495
 
  I=   5   ntot= 198
   5   1    2.058680
   5   2    2.809971
   5   3    3.409717
   5   4    4.008606
 
  I=   6   ntot= 432
   6   1    0.869584
   6   2    2.029424
   6   3    2.336073
   6   4    2.748563
 
  I=   7   ntot= 306
   7   1    2.701661
   7   2    3.528691
   7   3    4.230990
   7   4    4.278807
 
  I=   8   ntot= 522
   8   1    1.439227
   8   2    2.632640
   8   3    3.007344
   8   4    3.479775
 
  I=   9   ntot= 397
   9   1    3.465708
   9   2    4.356784
   9   3    5.085632
   9   4    5.159017
 
  I=  10   ntot= 630
  10   1    2.130015
  10   2    3.350847
  10   3    3.791823
  10   4    4.322527
 
 ********* END LEVELS **********************
 
 ********* BEGIN Transition ************************
 
  Monopole moment 
 
   I   n    <In|E0|In>   ave \beta      del<b>   ave \gamma    del<g>  
     K=0       K=2       K=4   
   0   1     26.045579    0.366901    0.059118   10.494417   10.408799   99.9999    0.0000    0.0000
   0   2     25.992715    0.348210    0.097373   16.501742   15.898128  100.0000    0.0000    0.0000
   0   3     26.113429    0.367269    0.100682   16.730471   16.478389   99.9999    0.0000    0.0000
   0   4     25.950142    0.331561    0.097581   20.825331   13.139255   99.9999    0.0000    0.0000
   2   1     26.071028    0.371588    0.058167   10.097076   10.037862   99.9330    0.0669    0.0000
   2   2     25.943181    0.336343    0.085236   19.199711   15.060093   48.6286   51.3713    0.0000
   2   3     26.062704    0.362800    0.087843   14.750209   14.339374   54.0776   45.9223    0.0000
   2   4     26.035515    0.350954    0.086694   19.256872   15.524705   56.1118   43.8881    0.0000
   3   1     25.942454    0.337100    0.053541   19.081850    9.559923    0.0000   99.9999    0.0000
   3   2     26.035429    0.350073    0.073284   19.749944   13.627787    0.0000   99.9999    0.0000
   3   3     26.141658    0.356872    0.077531   24.044795   11.435122    0.0000   99.9999    0.0000
   3   4     26.232026    0.383799    0.096157   16.430485   13.321415    0.0000   99.9999    0.0000
   4   1     26.112428    0.378858    0.057298    9.633274    9.716644   99.7248    0.2693    0.0058
   4   2     26.067719    0.362364    0.090498   15.523184   15.017131   64.0917   32.2990    3.6093
   4   3     26.106704    0.369998    0.084886   14.676118   14.133191   43.1796   51.3460    5.4743
   4   4     25.933958    0.325958    0.064152   25.105741   13.600520    9.3960   38.7618   51.8421
   5   1     26.007195    0.350033    0.052747   17.400076    9.139009    0.0000   97.0486    2.9513
   5   2     25.970513    0.333094    0.054220   24.603012   10.369567    0.0000   15.0198   84.9802
   5   3     26.114315    0.365249    0.074916   17.790975   12.538218    0.0000   82.8631   17.1368
   5   4     26.208166    0.371212    0.073827   21.679803   12.424657    0.0000   65.0513   34.9486
   6   1     26.163113    0.387422    0.056616    9.189077    9.451016   99.3741    0.6151    0.0094
   6   2     26.164700    0.380960    0.090207   13.470102   14.588310   70.2317   26.7522    2.3828
   6   3     26.143992    0.375709    0.083037   14.756925   14.042533   41.1801   51.2520    5.7911
   6   4     25.988195    0.334771    0.065211   24.682157   14.109342   11.1787   47.7692   20.8832
   7   1     26.069242    0.361611    0.052120   16.176727    8.818292    0.0000   95.1178    4.6061
   7   2     26.030238    0.343079    0.056906   23.910899   11.143064    0.0000   21.0823   62.3385
   7   3     26.213393    0.381988    0.079595   16.482859   12.471248    0.0000   78.7584    7.2932
   7   4     26.085679    0.350258    0.052908   24.326984   10.008467    0.0000    2.3981   44.7983
   8   1     26.220042    0.396713    0.056129    8.783781    9.236085   98.9373    1.0439    0.0172
   8   2     26.244065    0.395295    0.089109   12.117202   14.151894   74.2641   23.1573    2.0987
   8   3     26.175052    0.380092    0.080726   14.961634   13.840433   40.4686   50.5190    6.8930
   8   4     26.049340    0.345089    0.065406   23.938720   14.226214   11.5147   52.8606   16.1746
   9   1     26.129390    0.372236    0.051780   15.239319    8.583873    0.0000   93.3967    6.1049
   9   2     26.095583    0.354081    0.059009   22.993499   11.517472    0.0000   24.8569   52.5535
   9   3     26.280628    0.388217    0.081556   18.237708   13.587672    0.0000   63.0101    2.9901
   9   4     26.202115    0.373650    0.064327   20.140143   11.382955    0.0000   20.2050   56.0439
  10   1     26.281268    0.406399    0.055732    8.419148    9.049606   98.4718    1.4981    0.0280
  10   2     26.305544    0.405887    0.088104   11.245302   13.787481   76.7278   20.9003    1.9960
  10   3     26.209154    0.384911    0.078401   15.084429   13.553977   40.5980   49.1908    7.9489
  10   4     26.115745    0.356089    0.065639   23.164078   14.230826   11.5299   56.0317   14.6893
 
  rho^2(E0) 
 
   I  n_1 n_2  <In_1|E0|In_2>  rho^2(E0) 
   0   1   1       26.045579 1266.987429
   0   2   1       -0.263404    0.129584
   0   2   2       25.992715 1261.849460
   0   3   1        0.201574    0.075888
   0   3   2       -0.276275    0.142557
   0   3   3       26.113429 1273.597141
   0   4   1        0.072623    0.009850
   0   4   2        0.292163    0.159425
   0   4   3       -0.061763    0.007125
   0   4   4       25.950142 1257.719345
   2   1   1       26.071028 1269.464581
   2   2   1       -0.195255    0.071205
   2   2   2       25.943181 1257.044718
   2   3   1       -0.229644    0.098495
   2   3   2        0.137470    0.035296
   2   3   3       26.062704 1268.654036
   2   4   1       -0.122854    0.028189
   2   4   2        0.201935    0.076160
   2   4   3        0.106590    0.021220
   2   4   4       26.035515 1266.008499
   3   1   1       25.942454 1256.974245
   3   2   1       -0.177711    0.058984
   3   2   2       26.035429 1266.000098
   3   3   1        0.245870    0.112905
   3   3   2       -0.033186    0.002057
   3   3   3       26.141658 1276.352207
   3   4   1        0.014802    0.000409
   3   4   2        0.316247    0.186791
   3   4   3       -0.102879    0.019768
   3   4   4       26.232026 1285.191730
   4   1   1       26.112428 1273.499509
   4   2   1        0.244575    0.111720
   4   2   2       26.067719 1269.142334
   4   3   1        0.211223    0.083327
   4   3   2        0.179071    0.059890
   4   3   3       26.106704 1272.941181
   4   4   1       -0.035552    0.002361
   4   4   2       -0.113372    0.024006
   4   4   3        0.023147    0.001001
   4   4   4       25.933958 1256.151033
   5   1   1       26.007195 1263.255792
   5   2   1        0.067917    0.008615
   5   2   2       25.970513 1259.694738
   5   3   1       -0.193235    0.069739
   5   3   2       -0.027914    0.001455
   5   3   3       26.114315 1273.683581
   5   4   1        0.197838    0.073101
   5   4   2        0.072884    0.009921
   5   4   3       -0.066631    0.008292
   5   4   4       26.208166 1282.854877
   6   1   1       26.163113 1278.448107
   6   2   1        0.270948    0.137113
   6   2   2       26.164700 1278.603196
   6   3   1       -0.201124    0.075550
   6   3   2       -0.192792    0.069420
   6   3   3       26.143992 1276.580122
   6   4   1       -0.019803    0.000732
   6   4   2       -0.109307    0.022315
   6   4   3       -0.050169    0.004701
   6   4   4       25.988195 1261.410679
   7   1   1       26.069242 1269.290610
   7   2   1        0.083832    0.013126
   7   2   2       26.030238 1265.495263
   7   3   1        0.223089    0.092953
   7   3   2        0.057628    0.006203
   7   3   3       26.213393 1283.366600
   7   4   1       -0.034714    0.002251
   7   4   2        0.044111    0.003634
   7   4   3       -0.029751    0.001653
   7   4   4       26.085679 1270.891722
   8   1   1       26.220042 1284.017723
   8   2   1        0.291090    0.158256
   8   2   2       26.244065 1286.371631
   8   3   1        0.191054    0.068174
   8   3   2        0.190659    0.067892
   8   3   3       26.175052 1279.615100
   8   4   1        0.006311    0.000074
   8   4   2        0.097113    0.017614
   8   4   3       -0.069432    0.009004
   8   4   4       26.049340 1267.353351
   9   1   1       26.129390 1275.154506
   9   2   1        0.094625    0.016723
   9   2   2       26.095583 1271.856989
   9   3   1       -0.221138    0.091334
   9   3   2       -0.090497    0.015296
   9   3   3       26.280628 1289.958490
   9   4   1        0.136726    0.034915
   9   4   2       -0.015671    0.000459
   9   4   3       -0.083120    0.012904
   9   4   4       26.202115 1282.262581
  10   1   1       26.281268 1290.021289
  10   2   1        0.306357    0.175292
  10   2   2       26.305544 1292.405633
  10   3   1       -0.183336    0.062777
  10   3   2       -0.180857    0.061091
  10   3   3       26.209154 1282.951593
  10   4   1       -0.003308    0.000020
  10   4   2        0.085962    0.013801
  10   4   3        0.081268    0.012335
  10   4   4       26.115745 1273.823003
 
  E2 transition 
 
  I1  n1        I2  n2       <f||E2||i>   B(E2,I1->I2)  B(E2,I2->I1)
 ( 0   1) <--> ( 2   1)       -2.048617      4.196833      0.839367   WU   813.408057    162.681611
 ( 0   1) <--> ( 2   2)        0.039709      0.001577      0.000315   WU     0.305610      0.061122
 ( 0   1) <--> ( 2   3)        0.338346      0.114478      0.022896   WU    22.187526      4.437505
 ( 0   1) <--> ( 2   4)       -0.010284      0.000106      0.000021   WU     0.020498      0.004100
 ( 0   2) <--> ( 2   1)        0.417383      0.174208      0.034842   WU    33.764124      6.752825
 ( 0   2) <--> ( 2   2)       -1.529625      2.339751      0.467950   WU   453.478296     90.695659
 ( 0   2) <--> ( 2   3)       -1.078640      1.163465      0.232693   WU   225.496599     45.099320
 ( 0   2) <--> ( 2   4)        0.062997      0.003969      0.000794   WU     0.769181      0.153836
 ( 0   3) <--> ( 2   1)       -0.164158      0.026948      0.005390   WU     5.222894      1.044579
 ( 0   3) <--> ( 2   2)        0.238220      0.056749      0.011350   WU    10.998706      2.199741
 ( 0   3) <--> ( 2   3)        1.057426      1.118151      0.223630   WU   216.714116     43.342823
 ( 0   3) <--> ( 2   4)        1.513184      2.289727      0.457945   WU   443.782856     88.756571
 ( 0   4) <--> ( 2   1)       -0.060186      0.003622      0.000724   WU     0.702075      0.140415
 ( 0   4) <--> ( 2   2)       -0.378315      0.143122      0.028624   WU    27.739162      5.547832
 ( 0   4) <--> ( 2   3)       -0.179824      0.032337      0.006467   WU     6.267316      1.253463
 ( 0   4) <--> ( 2   4)       -0.056287      0.003168      0.000634   WU     0.614042      0.122808
 ( 2   1) <--> ( 2   1)       -2.451702     -1.858226   (eb)
 ( 2   2) <--> ( 2   1)        0.538845      0.058071      0.058071   WU    11.254957     11.254957
 ( 2   2) <--> ( 2   2)        0.268482      0.203491   (eb)
 ( 2   3) <--> ( 2   1)        0.060277      0.000727      0.000727   WU     0.140839      0.140839
 ( 2   3) <--> ( 2   2)       -2.110967      0.891236      0.891236   WU   172.734734    172.734734
 ( 2   3) <--> ( 2   3)       -0.693645     -0.525737   (eb)
 ( 2   4) <--> ( 2   1)        0.211784      0.008971      0.008971   WU     1.738617      1.738617
 ( 2   4) <--> ( 2   2)       -0.195444      0.007640      0.007640   WU     1.480688      1.480688
 ( 2   4) <--> ( 2   3)       -0.814449      0.132665      0.132665   WU    25.712519     25.712519
 ( 2   4) <--> ( 2   4)       -0.017148     -0.012997   (eb)
 ( 2   1) <--> ( 3   1)       -0.328729      0.021613      0.015438   WU     4.188830      2.992022
 ( 2   1) <--> ( 3   2)        0.110958      0.002462      0.001759   WU     0.477241      0.340886
 ( 2   1) <--> ( 3   3)       -0.012766      0.000033      0.000023   WU     0.006317      0.004512
 ( 2   1) <--> ( 3   4)        0.021628      0.000094      0.000067   WU     0.018132      0.012951
 ( 2   2) <--> ( 3   1)        1.467783      0.430877      0.307769   WU    83.510362     59.650259
 ( 2   2) <--> ( 3   2)       -0.140918      0.003972      0.002837   WU     0.769746      0.549819
 ( 2   2) <--> ( 3   3)        0.184506      0.006808      0.004863   WU     1.319585      0.942560
 ( 2   2) <--> ( 3   4)       -0.100324      0.002013      0.001438   WU     0.390149      0.278678
 ( 2   3) <--> ( 3   1)       -2.047461      0.838420      0.598871   WU   162.498093    116.070066
 ( 2   3) <--> ( 3   2)       -0.113311      0.002568      0.001834   WU     0.497693      0.355495
 ( 2   3) <--> ( 3   3)       -0.097454      0.001899      0.001357   WU     0.368143      0.262959
 ( 2   3) <--> ( 3   4)       -0.101327      0.002053      0.001467   WU     0.397983      0.284273
 ( 2   4) <--> ( 3   1)        1.394963      0.389184      0.277989   WU    75.429693     53.878352
 ( 2   4) <--> ( 3   2)       -1.058846      0.224231      0.160165   WU    43.459231     31.042308
 ( 2   4) <--> ( 3   3)        0.259397      0.013457      0.009612   WU     2.608230      1.863022
 ( 2   4) <--> ( 3   4)       -0.051515      0.000531      0.000379   WU     0.102869      0.073478
 ( 2   1) <--> ( 4   1)       -3.350069      2.244593      1.246996   WU   435.035181    241.686212
 ( 2   1) <--> ( 4   2)       -0.195729      0.007662      0.004257   WU     1.484998      0.824999
 ( 2   1) <--> ( 4   3)       -0.310637      0.019299      0.010722   WU     3.740454      2.078030
 ( 2   1) <--> ( 4   4)       -0.042732      0.000365      0.000203   WU     0.070781      0.039323
 ( 2   2) <--> ( 4   1)        0.466822      0.043585      0.024214   WU     8.447325      4.692958
 ( 2   2) <--> ( 4   2)        2.675901      1.432089      0.795605   WU   277.559946    154.199970
 ( 2   2) <--> ( 4   3)        0.087425      0.001529      0.000849   WU     0.296268      0.164593
 ( 2   2) <--> ( 4   4)        0.173780      0.006040      0.003356   WU     1.170623      0.650346
 ( 2   3) <--> ( 4   1)        0.622279      0.077446      0.043026   WU    15.010238      8.339021
 ( 2   3) <--> ( 4   2)        1.245149      0.310079      0.172266   WU    60.097916     33.387731
 ( 2   3) <--> ( 4   3)        2.455882      1.206271      0.670151   WU   233.793198    129.885110
 ( 2   3) <--> ( 4   4)       -0.122507      0.003002      0.001668   WU     0.581754      0.323197
 ( 2   4) <--> ( 4   1)        0.109205      0.002385      0.001325   WU     0.462280      0.256822
 ( 2   4) <--> ( 4   2)        0.638751      0.081600      0.045334   WU    15.815370      8.786317
 ( 2   4) <--> ( 4   3)        0.838319      0.140556      0.078087   WU    27.241779     15.134322
 ( 2   4) <--> ( 4   4)       -1.650152      0.544600      0.302556   WU   105.551535     58.639742
 ( 3   1) <--> ( 3   1)        0.000000      0.000000   (eb)
 ( 3   2) <--> ( 3   1)        0.000000      0.000000      0.000000   WU     0.000000      0.000000
 ( 3   2) <--> ( 3   2)        0.000000      0.000000   (eb)
 ( 3   3) <--> ( 3   1)        0.000000      0.000000      0.000000   WU     0.000000      0.000000
 ( 3   3) <--> ( 3   2)        0.000000      0.000000      0.000000   WU     0.000000      0.000000
 ( 3   3) <--> ( 3   3)        0.000000      0.000000   (eb)
 ( 3   4) <--> ( 3   1)        0.000000      0.000000      0.000000   WU     0.000000      0.000000
 ( 3   4) <--> ( 3   2)        0.000000      0.000000      0.000000   WU     0.000000      0.000000
 ( 3   4) <--> ( 3   3)        0.000000      0.000000      0.000000   WU     0.000000      0.000000
 ( 3   4) <--> ( 3   4)        0.000000      0.000000   (eb)
 ( 3   1) <--> ( 4   1)       -0.358495      0.018360      0.014280   WU     3.558402      2.767646
 ( 3   1) <--> ( 4   2)        1.584110      0.358486      0.278823   WU    69.479944     54.039956
 ( 3   1) <--> ( 4   3)       -1.799834      0.462772      0.359934   WU    89.691988     69.760435
 ( 3   1) <--> ( 4   4)       -1.522027      0.330938      0.257396   WU    64.140689     49.887202
 ( 3   2) <--> ( 4   1)        0.092158      0.001213      0.000944   WU     0.235155      0.182898
 ( 3   2) <--> ( 4   2)        0.110495      0.001744      0.001357   WU     0.338045      0.262924
 ( 3   2) <--> ( 4   3)        0.477624      0.032589      0.025347   WU     6.316276      4.912659
 ( 3   2) <--> ( 4   4)        1.082230      0.167317      0.130136   WU    32.428557     25.222211
 ( 3   3) <--> ( 4   1)       -0.017261      0.000043      0.000033   WU     0.008249      0.006416
 ( 3   3) <--> ( 4   2)        0.098763      0.001393      0.001084   WU     0.270068      0.210053
 ( 3   3) <--> ( 4   3)       -0.309989      0.013728      0.010677   WU     2.660612      2.069365
 ( 3   3) <--> ( 4   4)       -0.131433      0.002468      0.001919   WU     0.478300      0.372011
 ( 3   4) <--> ( 4   1)        0.020206      0.000058      0.000045   WU     0.011305      0.008793
 ( 3   4) <--> ( 4   2)        0.079405      0.000901      0.000701   WU     0.174577      0.135782
 ( 3   4) <--> ( 4   3)        0.092518      0.001223      0.000951   WU     0.236994      0.184329
 ( 3   4) <--> ( 4   4)       -0.024368      0.000085      0.000066   WU     0.016441      0.012787
 ( 3   1) <--> ( 5   1)        2.684626      1.029602      0.655201   WU   199.552095    126.987697
 ( 3   1) <--> ( 5   2)       -0.184889      0.004883      0.003108   WU     0.946478      0.602304
 ( 3   1) <--> ( 5   3)       -0.143918      0.002959      0.001883   WU     0.573483      0.364944
 ( 3   1) <--> ( 5   4)        0.077275      0.000853      0.000543   WU     0.165334      0.105213
 ( 3   2) <--> ( 5   1)       -0.760715      0.082670      0.052608   WU    16.022581     10.196188
 ( 3   2) <--> ( 5   2)       -1.399602      0.279841      0.178081   WU    54.237298     34.514644
 ( 3   2) <--> ( 5   3)        2.291982      0.750455      0.477562   WU   145.449199     92.558581
 ( 3   2) <--> ( 5   4)        0.109741      0.001720      0.001095   WU     0.333444      0.212192
 ( 3   3) <--> ( 5   1)        0.359797      0.018493      0.011769   WU     3.584293      2.280913
 ( 3   3) <--> ( 5   2)       -0.318465      0.014489      0.009220   WU     2.808096      1.786970
 ( 3   3) <--> ( 5   3)       -0.614259      0.053902      0.034301   WU    10.447019      6.648103
 ( 3   3) <--> ( 5   4)        2.333903      0.778157      0.495191   WU   150.818381     95.975333
 ( 3   4) <--> ( 5   1)       -0.000497      0.000000      0.000000   WU     0.000007      0.000004
 ( 3   4) <--> ( 5   2)       -0.262968      0.009879      0.006287   WU     1.914671      1.218427
 ( 3   4) <--> ( 5   3)        1.071650      0.164062      0.104403   WU    31.797633     20.234858
 ( 3   4) <--> ( 5   4)       -0.848235      0.102786      0.065409   WU    19.921453     12.677289
 ( 4   1) <--> ( 4   1)       -3.184605     -2.401496   (eb)
 ( 4   2) <--> ( 4   1)       -0.713113      0.056503      0.056503   WU    10.951188     10.951188
 ( 4   2) <--> ( 4   2)       -1.704324     -1.285223   (eb)
 ( 4   3) <--> ( 4   1)        0.037625      0.000157      0.000157   WU     0.030487      0.030487
 ( 4   3) <--> ( 4   2)       -1.529140      0.259808      0.259808   WU    50.354547     50.354547
 ( 4   3) <--> ( 4   3)       -1.921459     -1.448964   (eb)
 ( 4   4) <--> ( 4   1)        0.225860      0.005668      0.005668   WU     1.098557      1.098557
 ( 4   4) <--> ( 4   2)        0.994398      0.109870      0.109870   WU    21.294375     21.294375
 ( 4   4) <--> ( 4   3)       -0.869264      0.083958      0.083958   WU    16.272245     16.272245
 ( 4   4) <--> ( 4   4)        1.138908      0.858846   (eb)
 ( 4   1) <--> ( 5   1)        0.312589      0.010857      0.008883   WU     2.104229      1.721642
 ( 4   1) <--> ( 5   2)        0.063412      0.000447      0.000366   WU     0.086593      0.070849
 ( 4   1) <--> ( 5   3)       -0.087566      0.000852      0.000697   WU     0.165127      0.135104
 ( 4   1) <--> ( 5   4)        0.014699      0.000024      0.000020   WU     0.004653      0.003807
 ( 4   2) <--> ( 5   1)        1.056573      0.124039      0.101486   WU    24.040492     19.669493
 ( 4   2) <--> ( 5   2)        0.212079      0.004998      0.004089   WU     0.968593      0.792485
 ( 4   2) <--> ( 5   3)       -0.120318      0.001608      0.001316   WU     0.311749      0.255068
 ( 4   2) <--> ( 5   4)        0.205036      0.004671      0.003822   WU     0.905325      0.740721
 ( 4   3) <--> ( 5   1)       -1.995809      0.442584      0.362114   WU    85.779251     70.183024
 ( 4   3) <--> ( 5   2)       -0.207875      0.004801      0.003928   WU     0.930568      0.761374
 ( 4   3) <--> ( 5   3)       -0.165133      0.003030      0.002479   WU     0.587233      0.480463
 ( 4   3) <--> ( 5   4)       -0.104614      0.001216      0.000995   WU     0.235681      0.192830
 ( 4   4) <--> ( 5   1)       -1.057782      0.124323      0.101719   WU    24.095562     19.714551
 ( 4   4) <--> ( 5   2)       -2.289070      0.582205      0.476349   WU   112.839855     92.323517
 ( 4   4) <--> ( 5   3)        0.098082      0.001069      0.000875   WU     0.207168      0.169501
 ( 4   4) <--> ( 5   4)       -0.120163      0.001604      0.001313   WU     0.310946      0.254410
 ( 4   1) <--> ( 6   1)        4.334882      2.087911      1.445477   WU   404.667992    280.154764
 ( 4   1) <--> ( 6   2)        0.245662      0.006706      0.004642   WU     1.299630      0.899744
 ( 4   1) <--> ( 6   3)       -0.277445      0.008553      0.005921   WU     1.657676      1.147622
 ( 4   1) <--> ( 6   4)        0.047299      0.000249      0.000172   WU     0.048178      0.033354
 ( 4   2) <--> ( 6   1)        0.729276      0.059094      0.040911   WU    11.453233      7.929161
 ( 4   2) <--> ( 6   2)        3.992900      1.771472      1.226404   WU   343.337386    237.695113
 ( 4   2) <--> ( 6   3)       -0.131365      0.001917      0.001327   WU     0.371625      0.257279
 ( 4   2) <--> ( 6   4)        0.043897      0.000214      0.000148   WU     0.041496      0.028728
 ( 4   3) <--> ( 6   1)        0.750817      0.062636      0.043364   WU    12.139822      8.404492
 ( 4   3) <--> ( 6   2)        1.013012      0.114021      0.078938   WU    22.099047     15.299340
 ( 4   3) <--> ( 6   3)       -3.672117      1.498271      1.037265   WU   290.387037    201.037180
 ( 4   3) <--> ( 6   4)        0.136208      0.002061      0.001427   WU     0.399532      0.276599
 ( 4   4) <--> ( 6   1)        0.046835      0.000244      0.000169   WU     0.047237      0.032703
 ( 4   4) <--> ( 6   2)       -0.622071      0.042997      0.029767   WU     8.333437      5.769302
 ( 4   4) <--> ( 6   3)       -0.050242      0.000280      0.000194   WU     0.054360      0.037634
 ( 4   4) <--> ( 6   4)        2.741837      0.835297      0.578282   WU   161.892845    112.079662
 ( 5   1) <--> ( 5   1)       -1.659427     -1.204955   (eb)
 ( 5   2) <--> ( 5   1)       -1.027131      0.095909      0.095909   WU    18.588556     18.588556
 ( 5   2) <--> ( 5   2)        1.238599      0.899380   (eb)
 ( 5   3) <--> ( 5   1)       -0.013436      0.000016      0.000016   WU     0.003181      0.003181
 ( 5   3) <--> ( 5   2)        0.823386      0.061633      0.061633   WU    11.945412     11.945412
 ( 5   3) <--> ( 5   3)       -1.310316     -0.951455   (eb)
 ( 5   4) <--> ( 5   1)       -0.209589      0.003993      0.003993   WU     0.773979      0.773979
 ( 5   4) <--> ( 5   2)       -0.148321      0.002000      0.002000   WU     0.387616      0.387616
 ( 5   4) <--> ( 5   3)        0.848247      0.065411      0.065411   WU    12.677640     12.677640
 ( 5   4) <--> ( 5   4)       -0.429229     -0.311675   (eb)
 ( 5   1) <--> ( 6   1)       -0.498386      0.022581      0.019107   WU     4.376487      3.703181
 ( 5   1) <--> ( 6   2)        1.443598      0.189452      0.160306   WU    36.718673     31.069647
 ( 5   1) <--> ( 6   3)        1.751364      0.278843      0.235944   WU    54.043928     45.729477
 ( 5   1) <--> ( 6   4)       -1.204096      0.131804      0.111527   WU    25.545601     21.615509
 ( 5   2) <--> ( 6   1)       -0.075774      0.000522      0.000442   WU     0.101166      0.085602
 ( 5   2) <--> ( 6   2)       -0.378602      0.013031      0.011026   WU     2.525579      2.137029
 ( 5   2) <--> ( 6   3)       -0.448994      0.018327      0.015507   WU     3.552021      3.005556
 ( 5   2) <--> ( 6   4)       -1.566554      0.223099      0.188776   WU    43.239938     36.587639
 ( 5   3) <--> ( 6   1)        0.094462      0.000811      0.000686   WU     0.157221      0.133033
 ( 5   3) <--> ( 6   2)        0.136599      0.001696      0.001435   WU     0.328767      0.278188
 ( 5   3) <--> ( 6   3)       -0.533781      0.025902      0.021917   WU     5.020198      4.247860
 ( 5   3) <--> ( 6   4)        0.721246      0.047291      0.040015   WU     9.165600      7.755508
 ( 5   4) <--> ( 6   1)       -0.024984      0.000057      0.000048   WU     0.010998      0.009306
 ( 5   4) <--> ( 6   2)       -0.018739      0.000032      0.000027   WU     0.006187      0.005235
 ( 5   4) <--> ( 6   3)        0.288527      0.007568      0.006404   WU     1.466788      1.241128
 ( 5   4) <--> ( 6   4)        0.071802      0.000469      0.000397   WU     0.090838      0.076863
 ( 5   1) <--> ( 7   1)       -3.858749      1.353632      0.992663   WU   262.353763    192.392760
 ( 5   1) <--> ( 7   2)        0.059061      0.000317      0.000233   WU     0.061460      0.045071
 ( 5   1) <--> ( 7   3)       -0.160204      0.002333      0.001711   WU     0.452208      0.331619
 ( 5   1) <--> ( 7   4)        0.092108      0.000771      0.000566   WU     0.149481      0.109620
 ( 5   2) <--> ( 7   1)       -0.366329      0.012200      0.008946   WU     2.364487      1.733957
 ( 5   2) <--> ( 7   2)       -2.820131      0.723013      0.530209   WU   140.130494    102.762362
 ( 5   2) <--> ( 7   3)       -0.100332      0.000915      0.000671   WU     0.177368      0.130070
 ( 5   2) <--> ( 7   4)        0.029779      0.000081      0.000059   WU     0.015625      0.011458
 ( 5   3) <--> ( 7   1)        0.949905      0.082029      0.060155   WU    15.898425     11.658845
 ( 5   3) <--> ( 7   2)        1.027686      0.096013      0.070409   WU    18.608667     13.646356
 ( 5   3) <--> ( 7   3)        3.393435      1.046855      0.767693   WU   202.895885    148.790315
 ( 5   3) <--> ( 7   4)       -0.922612      0.077383      0.056748   WU    14.997967     10.998509
 ( 5   4) <--> ( 7   1)       -0.374867      0.012775      0.009368   WU     2.475990      1.815726
 ( 5   4) <--> ( 7   2)       -0.052132      0.000247      0.000181   WU     0.047886      0.035116
 ( 5   4) <--> ( 7   3)       -1.348333      0.165273      0.121200   WU    32.032347     23.490388
 ( 5   4) <--> ( 7   4)       -1.001916      0.091258      0.066922   WU    17.687119     12.970554
 ( 6   1) <--> ( 6   1)       -3.863344     -2.693512   (eb)
 ( 6   2) <--> ( 6   1)       -0.843389      0.054716      0.054716   WU    10.604726     10.604726
 ( 6   2) <--> ( 6   2)       -2.783424     -1.940595   (eb)
 ( 6   3) <--> ( 6   1)       -0.085716      0.000565      0.000565   WU     0.109539      0.109539
 ( 6   3) <--> ( 6   2)        1.438208      0.159111      0.159111   WU    30.838067     30.838067
 ( 6   3) <--> ( 6   3)       -2.629784     -1.833478   (eb)
 ( 6   4) <--> ( 6   1)        0.249326      0.004782      0.004782   WU     0.926786      0.926786
 ( 6   4) <--> ( 6   2)        1.006966      0.077999      0.077999   WU    15.117273     15.117273
 ( 6   4) <--> ( 6   3)        1.217458      0.114016      0.114016   WU    22.097920     22.097920
 ( 6   4) <--> ( 6   4)        0.004214      0.002938   (eb)
 ( 6   1) <--> ( 7   1)       -0.297028      0.006787      0.005882   WU     1.315342      1.139963
 ( 6   1) <--> ( 7   2)       -0.072159      0.000401      0.000347   WU     0.077629      0.067278
 ( 6   1) <--> ( 7   3)       -0.078706      0.000477      0.000413   WU     0.092356      0.080042
 ( 6   1) <--> ( 7   4)        0.009321      0.000007      0.000006   WU     0.001295      0.001123
 ( 6   2) <--> ( 7   1)       -0.848234      0.055346      0.047967   WU    10.726922      9.296665
 ( 6   2) <--> ( 7   2)       -0.187525      0.002705      0.002344   WU     0.524281      0.454377
 ( 6   2) <--> ( 7   3)       -0.171934      0.002274      0.001971   WU     0.440723      0.381960
 ( 6   2) <--> ( 7   4)       -0.057680      0.000256      0.000222   WU     0.049602      0.042988
 ( 6   3) <--> ( 7   1)       -1.786841      0.245600      0.212853   WU    47.600893     41.254108
 ( 6   3) <--> ( 7   2)       -0.103318      0.000821      0.000712   WU     0.159145      0.137925
 ( 6   3) <--> ( 7   3)        0.135341      0.001409      0.001221   WU     0.273089      0.236677
 ( 6   3) <--> ( 7   4)       -0.134695      0.001396      0.001210   WU     0.270486      0.234421
 ( 6   4) <--> ( 7   1)        1.066315      0.087464      0.075802   WU    16.951741     14.691509
 ( 6   4) <--> ( 7   2)        1.946132      0.291341      0.252495   WU    56.466123     48.937307
 ( 6   4) <--> ( 7   3)        0.090823      0.000635      0.000550   WU     0.122981      0.106584
 ( 6   4) <--> ( 7   4)        0.066532      0.000341      0.000295   WU     0.065995      0.057195
 ( 6   1) <--> ( 8   1)       -5.213559      2.090861      1.598894   WU   405.239738    309.889212
 ( 6   1) <--> ( 8   2)       -0.265276      0.005413      0.004139   WU     1.049153      0.802294
 ( 6   1) <--> ( 8   3)       -0.249236      0.004778      0.003654   WU     0.926117      0.708207
 ( 6   1) <--> ( 8   4)        0.053497      0.000220      0.000168   WU     0.042669      0.032629
 ( 6   2) <--> ( 8   1)       -0.942537      0.068337      0.052257   WU    13.244641     10.128255
 ( 6   2) <--> ( 8   2)       -5.019445      1.938064      1.482049   WU   375.625401    287.242954
 ( 6   2) <--> ( 8   3)       -0.113317      0.000988      0.000755   WU     0.191442      0.146396
 ( 6   2) <--> ( 8   4)        0.012660      0.000012      0.000009   WU     0.002389      0.001827
 ( 6   3) <--> ( 8   1)        0.835971      0.053758      0.041109   WU    10.418999      7.967470
 ( 6   3) <--> ( 8   2)        0.990407      0.075454      0.057700   WU    14.624146     11.183170
 ( 6   3) <--> ( 8   3)        4.629635      1.648733      1.260796   WU   319.548705    244.360774
 ( 6   3) <--> ( 8   4)       -0.215220      0.003563      0.002725   WU     0.690570      0.528083
 ( 6   4) <--> ( 8   1)       -0.128923      0.001279      0.000978   WU     0.247801      0.189495
 ( 6   4) <--> ( 8   2)        0.638962      0.031406      0.024016   WU     6.086868      4.654664
 ( 6   4) <--> ( 8   3)       -0.196139      0.002959      0.002263   WU     0.573549      0.438597
 ( 6   4) <--> ( 8   4)        3.805576      1.114031      0.851906   WU   215.915672    165.111985
 ( 7   1) <--> ( 7   1)       -2.645965     -1.771902   (eb)
 ( 7   2) <--> ( 7   1)       -1.204987      0.096799      0.096799   WU    18.761171     18.761171
 ( 7   2) <--> ( 7   2)        0.072150      0.048316   (eb)
 ( 7   3) <--> ( 7   1)       -0.094022      0.000589      0.000589   WU     0.114223      0.114223
 ( 7   3) <--> ( 7   2)       -1.230228      0.100897      0.100897   WU    19.555401     19.555401
 ( 7   3) <--> ( 7   3)       -2.077660     -1.391330   (eb)
 ( 7   4) <--> ( 7   1)       -0.195172      0.002539      0.002539   WU     0.492190      0.492190
 ( 7   4) <--> ( 7   2)       -1.358173      0.122976      0.122976   WU    23.834494     23.834494
 ( 7   4) <--> ( 7   3)        1.205624      0.096902      0.096902   WU    18.781037     18.781037
 ( 7   4) <--> ( 7   4)        1.089866      0.729842   (eb)
 ( 7   1) <--> ( 8   1)       -0.595861      0.023670      0.020885   WU     4.587595      4.047878
 ( 7   1) <--> ( 8   2)        1.312107      0.114775      0.101272   WU    22.245093     19.628023
 ( 7   1) <--> ( 8   3)       -1.690229      0.190458      0.168051   WU    36.913619     32.570840
 ( 7   1) <--> ( 8   4)        1.044836      0.072779      0.064217   WU    14.105609     12.446125
 ( 7   2) <--> ( 8   1)       -0.100866      0.000678      0.000598   WU     0.131458      0.115992
 ( 7   2) <--> ( 8   2)       -0.470034      0.014729      0.012996   WU     2.854657      2.518815
 ( 7   2) <--> ( 8   3)        0.672866      0.030183      0.026632   WU     5.849957      5.161727
 ( 7   2) <--> ( 8   4)        1.781899      0.211678      0.186774   WU    41.026232     36.199617
 ( 7   3) <--> ( 8   1)       -0.098754      0.000650      0.000574   WU     0.126011      0.111186
 ( 7   3) <--> ( 8   2)       -0.202921      0.002745      0.002422   WU     0.532045      0.469451
 ( 7   3) <--> ( 8   3)       -0.573650      0.021938      0.019357   WU     4.251958      3.751728
 ( 7   3) <--> ( 8   4)        0.412424      0.011340      0.010006   WU     2.197781      1.939219
 ( 7   4) <--> ( 8   1)        0.007936      0.000004      0.000004   WU     0.000814      0.000718
 ( 7   4) <--> ( 8   2)       -0.026733      0.000048      0.000042   WU     0.009234      0.008147
 ( 7   4) <--> ( 8   3)        0.158211      0.001669      0.001472   WU     0.323423      0.285373
 ( 7   4) <--> ( 8   4)       -0.676085      0.030473      0.026888   WU     5.906067      5.211236
 ( 7   1) <--> ( 9   1)        4.813003      1.544333      1.219211   WU   299.314607    236.301006
 ( 7   1) <--> ( 9   2)        0.006378      0.000003      0.000002   WU     0.000526      0.000415
 ( 7   1) <--> ( 9   3)       -0.151755      0.001535      0.001212   WU     0.297565      0.234920
 ( 7   1) <--> ( 9   4)        0.163288      0.001778      0.001403   WU     0.344514      0.271984
 ( 7   2) <--> ( 9   1)        0.461224      0.014182      0.011196   WU     2.748648      2.169985
 ( 7   2) <--> ( 9   2)        3.984843      1.058598      0.835736   WU   205.171976    161.977876
 ( 7   2) <--> ( 9   3)       -0.126047      0.001059      0.000836   WU     0.205287      0.162069
 ( 7   2) <--> ( 9   4)        0.014802      0.000015      0.000012   WU     0.002831      0.002235
 ( 7   3) <--> ( 9   1)        1.093286      0.079685      0.062909   WU    15.444119     12.192726
 ( 7   3) <--> ( 9   2)        0.980623      0.064108      0.050612   WU    12.425108      9.809295
 ( 7   3) <--> ( 9   3)       -4.056349      1.096931      0.865998   WU   212.601392    167.843204
 ( 7   3) <--> ( 9   4)        2.137776      0.304672      0.240531   WU    59.050015     46.618433
 ( 7   4) <--> ( 9   1)       -0.308659      0.006351      0.005014   WU     1.230989      0.971833
 ( 7   4) <--> ( 9   2)        0.237545      0.003762      0.002970   WU     0.729099      0.575605
 ( 7   4) <--> ( 9   3)       -0.922339      0.056714      0.044774   WU    10.992006      8.677899
 ( 7   4) <--> ( 9   4)       -3.068067      0.627536      0.495423   WU   121.625673     96.020268
 ( 8   1) <--> ( 8   1)       -4.499724     -2.898704   (eb)
 ( 8   2) <--> ( 8   1)       -0.947709      0.052832      0.052832   WU    10.239711     10.239711
 ( 8   2) <--> ( 8   2)       -3.644385     -2.347698   (eb)
 ( 8   3) <--> ( 8   1)        0.127127      0.000951      0.000951   WU     0.184251      0.184251
 ( 8   3) <--> ( 8   2)       -1.415390      0.117843      0.117843   WU    22.839691     22.839691
 ( 8   3) <--> ( 8   3)       -3.132088     -2.017679   (eb)
 ( 8   4) <--> ( 8   1)       -0.259595      0.003964      0.003964   WU     0.768300      0.768300
 ( 8   4) <--> ( 8   2)       -0.955362      0.053689      0.053689   WU    10.405769     10.405769
 ( 8   4) <--> ( 8   3)        1.432395      0.120691      0.120691   WU    23.391780     23.391780
 ( 8   4) <--> ( 8   4)       -0.780706     -0.502928   (eb)
 ( 8   1) <--> ( 9   1)        0.284253      0.004753      0.004253   WU     0.921189      0.824222
 ( 8   1) <--> ( 9   2)        0.077444      0.000353      0.000316   WU     0.068378      0.061180
 ( 8   1) <--> ( 9   3)       -0.067305      0.000266      0.000238   WU     0.051646      0.046209
 ( 8   1) <--> ( 9   4)        0.033822      0.000067      0.000060   WU     0.013042      0.011669
 ( 8   2) <--> ( 9   1)        0.706667      0.029375      0.026283   WU     5.693341      5.094042
 ( 8   2) <--> ( 9   2)        0.174337      0.001788      0.001600   WU     0.346512      0.310037
 ( 8   2) <--> ( 9   3)       -0.212553      0.002658      0.002378   WU     0.515077      0.460858
 ( 8   2) <--> ( 9   4)        0.021892      0.000028      0.000025   WU     0.005464      0.004889
 ( 8   3) <--> ( 9   1)       -1.617588      0.153917      0.137715   WU    29.831404     26.691257
 ( 8   3) <--> ( 9   2)       -0.031857      0.000060      0.000053   WU     0.011570      0.010352
 ( 8   3) <--> ( 9   3)       -0.058958      0.000204      0.000183   WU     0.039630      0.035459
 ( 8   3) <--> ( 9   4)        0.183112      0.001972      0.001765   WU     0.382271      0.342032
 ( 8   4) <--> ( 9   1)        1.021801      0.061416      0.054951   WU    11.903384     10.650396
 ( 8   4) <--> ( 9   2)        1.778640      0.186092      0.166503   WU    36.067315     32.270756
 ( 8   4) <--> ( 9   3)       -0.067095      0.000265      0.000237   WU     0.051324      0.045922
 ( 8   4) <--> ( 9   4)       -0.015797      0.000015      0.000013   WU     0.002845      0.002545
 ( 8   1) <--> (10   1)        6.039192      2.145402      1.736754   WU   415.810644    336.608617
 ( 8   1) <--> (10   2)        0.271445      0.004334      0.003509   WU     0.840044      0.680036
 ( 8   1) <--> (10   3)       -0.230866      0.003135      0.002538   WU     0.607654      0.491910
 ( 8   1) <--> (10   4)       -0.059383      0.000207      0.000168   WU     0.040204      0.032546
 ( 8   2) <--> (10   1)        1.137215      0.076074      0.061584   WU    14.744253     11.935824
 ( 8   2) <--> (10   2)        5.916490      2.059109      1.666898   WU   399.085752    323.069418
 ( 8   2) <--> (10   3)       -0.126202      0.000937      0.000758   WU     0.181581      0.146994
 ( 8   2) <--> (10   4)        0.004753      0.000001      0.000001   WU     0.000258      0.000209
 ( 8   3) <--> (10   1)        0.883376      0.045903      0.037160   WU     8.896703      7.202093
 ( 8   3) <--> (10   2)        0.934552      0.051376      0.041590   WU     9.957379      8.060735
 ( 8   3) <--> (10   3)       -5.465535      1.757181      1.422480   WU   340.567527    275.697522
 ( 8   3) <--> (10   4)       -0.246238      0.003567      0.002887   WU     0.691273      0.559602
 ( 8   4) <--> (10   1)       -0.196075      0.002262      0.001831   WU     0.438313      0.354825
 ( 8   4) <--> (10   2)        0.598079      0.021041      0.017033   WU     4.078069      3.301294
 ( 8   4) <--> (10   3)        0.319759      0.006014      0.004869   WU     1.165690      0.943654
 ( 8   4) <--> (10   4)        4.721446      1.311297      1.061526   WU   254.148709    205.739431
 ( 9   1) <--> ( 9   1)       -3.403754     -2.113330   (eb)
 ( 9   2) <--> ( 9   1)       -1.307017      0.089910      0.089910   WU    17.425914     17.425914
 ( 9   2) <--> ( 9   2)       -0.790515     -0.490816   (eb)
 ( 9   3) <--> ( 9   1)        0.263951      0.003667      0.003667   WU     0.710692      0.710692
 ( 9   3) <--> ( 9   2)        1.884437      0.186900      0.186900   WU    36.224022     36.224022
 ( 9   3) <--> ( 9   3)       -1.698814     -1.054763   (eb)
 ( 9   4) <--> ( 9   1)        0.154041      0.001249      0.001249   WU     0.242051      0.242051
 ( 9   4) <--> ( 9   2)        1.040814      0.057015      0.057015   WU    11.050438     11.050438
 ( 9   4) <--> ( 9   3)        2.047990      0.220751      0.220751   WU    42.784719     42.784719
 ( 9   4) <--> ( 9   4)       -1.223923     -0.759912   (eb)
 ( 9   1) <--> (10   1)       -0.667784      0.023470      0.021235   WU     4.548895      4.115666
 ( 9   1) <--> (10   2)        1.218349      0.078125      0.070685   WU    15.141772     13.699699
 ( 9   1) <--> (10   3)        1.640041      0.141565      0.128083   WU    27.437379     24.824295
 ( 9   1) <--> (10   4)        0.947909      0.047291      0.042787   WU     9.165724      8.292798
 ( 9   2) <--> (10   1)       -0.119747      0.000755      0.000683   WU     0.146272      0.132342
 ( 9   2) <--> (10   2)       -0.519638      0.014212      0.012858   WU     2.754448      2.492119
 ( 9   2) <--> (10   3)       -0.825789      0.035891      0.032473   WU     6.956185      6.293691
 ( 9   2) <--> (10   4)        1.870038      0.184055      0.166526   WU    35.672553     32.275167
 ( 9   3) <--> (10   1)        0.095035      0.000475      0.000430   WU     0.092129      0.083355
 ( 9   3) <--> (10   2)        0.271537      0.003881      0.003511   WU     0.752127      0.680496
 ( 9   3) <--> (10   3)       -0.514695      0.013943      0.012615   WU     2.702295      2.444933
 ( 9   3) <--> (10   4)        0.115862      0.000707      0.000639   WU     0.136936      0.123895
 ( 9   4) <--> (10   1)       -0.041715      0.000092      0.000083   WU     0.017751      0.016061
 ( 9   4) <--> (10   2)       -0.063684      0.000213      0.000193   WU     0.041370      0.037430
 ( 9   4) <--> (10   3)        0.413906      0.009017      0.008158   WU     1.747579      1.581143
 ( 9   4) <--> (10   4)        0.908887      0.043478      0.039337   WU     8.426613      7.624078
 (10   1) <--> (10   1)       -5.111914     -3.065070   (eb)
 (10   2) <--> (10   1)       -1.034844      0.050995      0.050995   WU     9.883649      9.883649
 (10   2) <--> (10   2)       -4.362450     -2.615696   (eb)
 (10   3) <--> (10   1)       -0.157961      0.001188      0.001188   WU     0.230287      0.230287
 (10   3) <--> (10   2)        1.405551      0.094075      0.094075   WU    18.233119     18.233119
 (10   3) <--> (10   3)       -3.567066     -2.138789   (eb)
 (10   4) <--> (10   1)       -0.269573      0.003460      0.003460   WU     0.670685      0.670685
 (10   4) <--> (10   2)       -0.906034      0.039090      0.039090   WU     7.576295      7.576295
 (10   4) <--> (10   3)       -1.578471      0.118646      0.118646   WU    22.995376     22.995376
 (10   4) <--> (10   4)       -1.426385     -0.855251   (eb)
 
  quadrupole shape invariant: 01+, 02+, 03+, 04+
quadr2     4.32787167     3.75580598     4.16922061     3.33393497
quadr3     8.82089145     7.02655448     8.14674583     5.05421005
  effective deformation parameters:  01+, 02+, 03+, 04+
beteff     0.35401527     0.32978916     0.34746594     0.31071582
cos3ga     0.97971761     0.96535643     0.95697778     0.83026666
 
 ********* END Transition **************************
