 ********* BEGIN READER ****************************
 
 Nucleus            :  _U  92 186
 Imin, Imax         :     0  10
 imu, remu          :     1 12.0000
 nlevel             :     4
 observables        :     2
 wave fun           :     1
 nbet, ngam, npar   :    10   7  10
 Finish reading parameters: V, B_k ...
 
 ********* END READER ******************************
 
 ********* BEGIN LEVELS ********************
 
 E_0 = -1960.362003
 
  I=   0   ntot= 127
   0   1    0.000000
   0   2    3.694041
   0   3    6.411100
   0   4    6.667483
 
  I=   2   ntot= 234
   2   1    2.298426
   2   2    4.563869
   2   3    5.334987
   2   4    7.023524
 
  I=   3   ntot= 108
   3   1    6.499848
   3   2    8.539900
   3   3    9.887601
   3   4   10.022284
 
  I=   4   ntot= 324
   4   1    4.397246
   4   2    6.453304
   4   3    6.930697
   4   4    8.211353
 
  I=   5   ntot= 198
   5   1    8.189441
   5   2    9.705514
   5   3    9.868861
   5   4   10.139338
 
  I=   6   ntot= 432
   6   1    6.332061
   6   2    8.171401
   6   3    8.487886
   6   4    9.481956
 
  I=   7   ntot= 306
   7   1    9.724869
   7   2   10.310654
   7   3   10.752279
   7   4   10.999638
 
  I=   8   ntot= 522
   8   1    8.118296
   8   2    9.668121
   8   3    9.750700
   8   4    9.939802
 
  I=   9   ntot= 397
   9   1   10.532164
   9   2   11.075441
   9   3   11.276201
   9   4   11.378974
 
  I=  10   ntot= 630
  10   1    9.785499
  10   2    9.902527
  10   3   10.656562
  10   4   10.879084
 
 ********* END LEVELS **********************
 
 ********* BEGIN Transition ************************
 
  Monopole moment 
 
   I   n    <In|E0|In>   ave \beta      del<b>   ave \gamma    del<g>  
     K=0       K=2       K=4   
   0   1     36.467176    0.067850    0.027218   28.458983    7.288105  100.0000    0.0000    0.0000
   0   2     36.587390    0.099666    0.037474   29.109562   10.500422  100.0000    0.0000    0.0000
   0   3     36.741153    0.127955    0.044062   34.790490   11.110929   99.9999    0.0000    0.0000
   0   4     36.669252    0.121488    0.038322   21.594342   10.510380  100.0000    0.0000    0.0000
   2   1     36.512160    0.081002    0.028233   28.350101    9.962958   72.2598   27.7402    0.0000
   2   2     36.574093    0.096548    0.026614   28.563370    8.672951   32.3576   67.6425    0.0000
   2   3     36.647858    0.113168    0.039564   28.983032   11.917222   71.3916   28.6084    0.0000
   2   4     36.731476    0.129587    0.040285   29.883726   10.489454   32.3294   67.6706    0.0000
   3   1     36.643653    0.112674    0.027612   28.199590    7.239771    0.0000  100.0000    0.0000
   3   2     36.838959    0.150126    0.045360   29.521577    8.417975    0.0000  100.0000    0.0000
   3   3     37.487658    0.249155    0.087028   28.604424   12.971987    0.0000  100.0000    0.0000
   3   4     40.226050    0.549806    0.064576    8.973765    7.160491    0.0000   99.9996    0.0000
   4   1     36.563607    0.094374    0.026279   27.942533   10.845152   63.0503   26.8795   10.0703
   4   2     36.643850    0.111723    0.028214   28.993108   11.240842   40.9839   23.4113   35.6048
   4   3     36.713626    0.126998    0.039383   28.478713   11.763224   63.1691   26.5114   10.3195
   4   4     36.735773    0.130717    0.030181   28.792268    8.913234    4.2407   50.3305   45.4288
   5   1     36.727074    0.129888    0.029883   27.968235    8.143141    0.0000   78.4761   21.5239
   5   2     36.875357    0.155465    0.039324   30.170682    8.215931    0.0000   21.5133   78.4866
   5   3     37.055415    0.186600    0.060577   29.576226    8.994457    0.0000   76.2216   23.7784
   5   4     40.293040    0.555069    0.055451    8.890936    6.916173    0.0000   99.9222    0.0774
   6   1     36.624685    0.108806    0.027247   27.383945   11.586653   57.8629   29.4464    8.3747
   6   2     36.724255    0.127463    0.029400   29.604280   12.763379   44.4044   16.7983   20.4923
   6   3     36.801540    0.144217    0.043578   28.018096   11.431774   58.1220   28.8013    8.5122
   6   4     40.446254    0.569591    0.049743    6.056364    7.073283   99.9438    0.0512    0.0018
   7   1     36.836722    0.150400    0.035926   27.901551    8.406354    0.0000   67.8322   26.6807
   7   2     40.334775    0.558583    0.052918    8.745334    6.608290    0.0000   99.8810    0.1116
   7   3     37.792210    0.288744    0.093191   27.165886   13.004753    0.0000   43.0286   40.8153
   7   4     38.074111    0.336347    0.148308   17.988820   13.867357    0.0000   58.7007   19.9933
   8   1     36.696752    0.124312    0.028200   26.909000   10.596525   54.3265   31.7972    8.8646
   8   2     40.464753    0.571102    0.049346    6.012718    6.990943   99.8564    0.1377    0.0014
   8   3     36.894121    0.156051    0.044110   33.786548   10.917083   39.4644   22.0821   18.7556
   8   4     36.922200    0.167548    0.055464   26.664558   10.669363   57.7762   24.6929    9.5021
   9   1     40.372950    0.561812    0.051294    8.612005    6.334628    0.0000   99.7740    0.2170
   9   2     37.251127    0.219739    0.097210   26.459315   13.213043    0.0000   53.5539   33.2815
   9   3     39.144006    0.449626    0.119935   14.712665   11.776712    0.0000   45.7661   50.7362
   9   4     39.794073    0.510466    0.094882   12.048398    9.555958    0.0000   35.4657   63.4439
  10   1     36.794168    0.143204    0.033805   26.982407   10.291038   50.7733   34.2186    9.7763
  10   2     40.486693    0.572887    0.048901    5.966381    6.903416   99.6978    0.2959    0.0014
  10   3     40.367342    0.561324    0.053244    8.649666    6.660684    1.9348   97.6806    0.3577
  10   4     37.767099    0.285630    0.116268   26.253959   15.952951   32.4903   34.8525   17.2239
 
  rho^2(E0) 
 
   I  n_1 n_2  <In_1|E0|In_2>  rho^2(E0) 
   0   1   1       36.467176 2991.771645
   0   2   1        0.052778    0.006267
   0   2   2       36.587390 3011.528903
   0   3   1       -0.008542    0.000164
   0   3   2        0.097433    0.021357
   0   3   3       36.741153 3036.894682
   0   4   1       -0.013283    0.000397
   0   4   2        0.028736    0.001858
   0   4   3        0.037057    0.003089
   0   4   4       36.669252 3025.020139
   2   1   1       36.512160 2999.157178
   2   2   1       -0.014733    0.000488
   2   2   2       36.574093 3009.340248
   2   3   1        0.065167    0.009554
   2   3   2       -0.013672    0.000421
   2   3   3       36.647858 3021.491428
   2   4   1        0.006867    0.000106
   2   4   2        0.086897    0.016988
   2   4   3       -0.025319    0.001442
   2   4   4       36.731476 3035.295103
   3   1   1       36.643653 3020.798017
   3   2   1        0.112738    0.028593
   3   2   2       36.838959 3053.084810
   3   3   1        0.013189    0.000391
   3   3   2       -0.201309    0.091169
   3   3   3       37.487658 3161.555396
   3   4   1        0.002429    0.000013
   3   4   2       -0.031543    0.002238
   3   4   3       -0.364130    0.298289
   3   4   4       40.226050 3640.314843
   4   1   1       36.563607 3007.614912
   4   2   1       -0.023696    0.001263
   4   2   2       36.643850 3020.830533
   4   3   1        0.081448    0.014924
   4   3   2       -0.020971    0.000989
   4   3   3       36.713626 3032.345744
   4   4   1        0.000083    0.000000
   4   4   2       -0.012975    0.000379
   4   4   3       -0.002661    0.000016
   4   4   4       36.735773 3036.005355
   5   1   1       36.727074 3034.567606
   5   2   1       -0.030781    0.002131
   5   2   2       36.875357 3059.120882
   5   3   1        0.137636    0.042617
   5   3   2       -0.061550    0.008523
   5   3   3       37.055415 3089.068444
   5   4   1       -0.004193    0.000040
   5   4   2       -0.001128    0.000003
   5   4   3        0.073084    0.012016
   5   4   4       40.293040 3652.449597
   6   1   1       36.624685 3017.671572
   6   2   1       -0.035010    0.002757
   6   2   2       36.724255 3034.101855
   6   3   1        0.100974    0.022937
   6   3   2       -0.034402    0.002663
   6   3   3       36.801540 3046.885679
   6   4   1       -0.001128    0.000003
   6   4   2       -0.000194    0.000000
   6   4   3        0.004823    0.000052
   6   4   4       40.446254 3680.279233
   7   1   1       36.836722 3052.713944
   7   2   1        0.008523    0.000163
   7   2   2       40.334775 3660.019855
   7   3   1       -0.150748    0.051124
   7   3   2        0.179439    0.072436
   7   3   3       37.792210 3213.133337
   7   4   1       -0.016458    0.000609
   7   4   2       -0.299227    0.201431
   7   4   3       -0.446405    0.448315
   7   4   4       38.074111 3261.247073
   8   1   1       36.696752 3029.559058
   8   2   1        0.000231    0.000000
   8   2   2       40.464753 3683.646650
   8   3   1       -0.080918    0.014730
   8   3   2       -0.003433    0.000027
   8   3   3       36.894121 3062.234952
   8   4   1        0.103096    0.023912
   8   4   2       -0.019691    0.000872
   8   4   3       -0.107434    0.025966
   8   4   4       36.922200 3066.897831
   9   1   1       40.372950 3666.951294
   9   2   1       -0.096089    0.020772
   9   2   2       37.251127 3121.785093
   9   3   1        0.284653    0.182286
   9   3   2       -0.534918    0.643722
   9   3   3       39.144006 3447.106597
   9   4   1        0.267616    0.161120
   9   4   2       -0.165147    0.061357
   9   4   3       -0.624189    0.876508
   9   4   4       39.794073 3562.549842
  10   1   1       36.794168 3045.665120
  10   2   1        0.009466    0.000202
  10   2   2       40.486693 3687.642268
  10   3   1        0.008052    0.000146
  10   3   2       -0.054549    0.006694
  10   3   3       40.367342 3665.932607
  10   4   1       -0.137192    0.042343
  10   4   2        0.124131    0.034664
  10   4   3        0.197791    0.088011
  10   4   4       37.767099 3208.864804
 
  E2 transition 
 
  I1  n1        I2  n2       <f||E2||i>   B(E2,I1->I2)  B(E2,I2->I1)
 ( 0   1) <--> ( 2   1)        0.851465      0.724993      0.144999   WU    67.269951     13.453990
 ( 0   1) <--> ( 2   2)        0.120312      0.014475      0.002895   WU     1.343088      0.268618
 ( 0   1) <--> ( 2   3)       -0.087589      0.007672      0.001534   WU     0.711847      0.142369
 ( 0   1) <--> ( 2   4)       -0.050601      0.002560      0.000512   WU     0.237581      0.047516
 ( 0   2) <--> ( 2   1)        0.547249      0.299482      0.059896   WU    27.787993      5.557599
 ( 0   2) <--> ( 2   2)        0.061897      0.003831      0.000766   WU     0.355484      0.071097
 ( 0   2) <--> ( 2   3)        1.092922      1.194478      0.238896   WU   110.831994     22.166399
 ( 0   2) <--> ( 2   4)        0.154659      0.023919      0.004784   WU     2.219414      0.443883
 ( 0   3) <--> ( 2   1)       -0.105115      0.011049      0.002210   WU     1.025224      0.205045
 ( 0   3) <--> ( 2   2)       -0.319897      0.102334      0.020467   WU     9.495294      1.899059
 ( 0   3) <--> ( 2   3)        0.677674      0.459242      0.091848   WU    42.611719      8.522344
 ( 0   3) <--> ( 2   4)       -0.216576      0.046905      0.009381   WU     4.352188      0.870438
 ( 0   4) <--> ( 2   1)        0.035596      0.001267      0.000253   WU     0.117568      0.023514
 ( 0   4) <--> ( 2   2)        0.557444      0.310744      0.062149   WU    28.832992      5.766598
 ( 0   4) <--> ( 2   3)        0.506907      0.256955      0.051391   WU    23.842082      4.768416
 ( 0   4) <--> ( 2   4)        0.410848      0.168796      0.033759   WU    15.662069      3.132414
 ( 2   1) <--> ( 2   1)       -0.162193     -0.122931   (eb)
 ( 2   2) <--> ( 2   1)       -1.195143      0.285673      0.285673   WU    26.506762     26.506762
 ( 2   2) <--> ( 2   2)        0.173274      0.131330   (eb)
 ( 2   3) <--> ( 2   1)       -0.115718      0.002678      0.002678   WU     0.248497      0.248497
 ( 2   3) <--> ( 2   2)       -0.772743      0.119426      0.119426   WU    11.081220     11.081220
 ( 2   3) <--> ( 2   3)       -0.213590     -0.161887   (eb)
 ( 2   4) <--> ( 2   1)        0.193042      0.007453      0.007453   WU     0.691549      0.691549
 ( 2   4) <--> ( 2   2)        0.048658      0.000474      0.000474   WU     0.043936      0.043936
 ( 2   4) <--> ( 2   3)       -1.435860      0.412339      0.412339   WU    38.259649     38.259649
 ( 2   4) <--> ( 2   4)        0.288770      0.218869   (eb)
 ( 2   1) <--> ( 3   1)        0.198709      0.007897      0.005641   WU     0.732745      0.523389
 ( 2   1) <--> ( 3   2)       -0.085087      0.001448      0.001034   WU     0.134351      0.095965
 ( 2   1) <--> ( 3   3)       -0.036240      0.000263      0.000188   WU     0.024372      0.017408
 ( 2   1) <--> ( 3   4)       -0.007200      0.000010      0.000007   WU     0.000962      0.000687
 ( 2   2) <--> ( 3   1)       -1.586208      0.503211      0.359437   WU    46.691449     33.351035
 ( 2   2) <--> ( 3   2)        0.227067      0.010312      0.007366   WU     0.956808      0.683435
 ( 2   2) <--> ( 3   3)        0.070838      0.001004      0.000717   WU     0.093122      0.066516
 ( 2   2) <--> ( 3   4)        0.013123      0.000034      0.000025   WU     0.003196      0.002283
 ( 2   3) <--> ( 3   1)        0.137486      0.003780      0.002700   WU     0.350780      0.250557
 ( 2   3) <--> ( 3   2)        0.223094      0.009954      0.007110   WU     0.923618      0.659727
 ( 2   3) <--> ( 3   3)        0.086256      0.001488      0.001063   WU     0.138069      0.098620
 ( 2   3) <--> ( 3   4)        0.015979      0.000051      0.000036   WU     0.004738      0.003385
 ( 2   4) <--> ( 3   1)       -0.916292      0.167918      0.119942   WU    15.580637     11.129027
 ( 2   4) <--> ( 3   2)       -1.857628      0.690157      0.492969   WU    64.037549     45.741106
 ( 2   4) <--> ( 3   3)       -0.239907      0.011511      0.008222   WU     1.068082      0.762916
 ( 2   4) <--> ( 3   4)       -0.041047      0.000337      0.000241   WU     0.031266      0.022333
 ( 2   1) <--> ( 4   1)        1.622076      0.526226      0.292348   WU    48.826951     27.126084
 ( 2   1) <--> ( 4   2)        0.152384      0.004644      0.002580   WU     0.430917      0.239398
 ( 2   1) <--> ( 4   3)       -0.177706      0.006316      0.003509   WU     0.586029      0.325572
 ( 2   1) <--> ( 4   4)       -0.021986      0.000097      0.000054   WU     0.008970      0.004983
 ( 2   2) <--> ( 4   1)        0.085623      0.001466      0.000815   WU     0.136049      0.075583
 ( 2   2) <--> ( 4   2)        1.466485      0.430116      0.238953   WU    39.909131     22.171739
 ( 2   2) <--> ( 4   3)        0.096667      0.001869      0.001038   WU     0.173410      0.096339
 ( 2   2) <--> ( 4   4)        0.197388      0.007792      0.004329   WU     0.723035      0.401686
 ( 2   3) <--> ( 4   1)        0.968439      0.187575      0.104208   WU    17.404497      9.669165
 ( 2   3) <--> ( 4   2)       -0.008846      0.000016      0.000009   WU     0.001452      0.000807
 ( 2   3) <--> ( 4   3)        2.004023      0.803221      0.446234   WU    74.528478     41.404710
 ( 2   3) <--> ( 4   4)       -0.038916      0.000303      0.000168   WU     0.028104      0.015613
 ( 2   4) <--> ( 4   1)        0.081827      0.001339      0.000744   WU     0.124254      0.069030
 ( 2   4) <--> ( 4   2)        0.879701      0.154775      0.085986   WU    14.361073      7.978374
 ( 2   4) <--> ( 4   3)        0.087971      0.001548      0.000860   WU     0.143614      0.079785
 ( 2   4) <--> ( 4   4)        0.127630      0.003258      0.001810   WU     0.302287      0.167937
 ( 3   1) <--> ( 3   1)        0.000000      0.000000   (eb)
 ( 3   2) <--> ( 3   1)        0.000000      0.000000      0.000000   WU     0.000000      0.000000
 ( 3   2) <--> ( 3   2)        0.000000      0.000000   (eb)
 ( 3   3) <--> ( 3   1)        0.000000      0.000000      0.000000   WU     0.000000      0.000000
 ( 3   3) <--> ( 3   2)        0.000000      0.000000      0.000000   WU     0.000000      0.000000
 ( 3   3) <--> ( 3   3)        0.000000      0.000000   (eb)
 ( 3   4) <--> ( 3   1)        0.000000      0.000000      0.000000   WU     0.000000      0.000000
 ( 3   4) <--> ( 3   2)        0.000000      0.000000      0.000000   WU     0.000000      0.000000
 ( 3   4) <--> ( 3   3)        0.000000      0.000000      0.000000   WU     0.000000      0.000000
 ( 3   4) <--> ( 3   4)        0.000000      0.000000   (eb)
 ( 3   1) <--> ( 4   1)        0.958802      0.131329      0.102145   WU    12.185607      9.477694
 ( 3   1) <--> ( 4   2)       -0.394648      0.022250      0.017305   WU     2.064471      1.605700
 ( 3   1) <--> ( 4   3)        0.589108      0.049578      0.038561   WU     4.600226      3.577954
 ( 3   1) <--> ( 4   4)       -1.801370      0.463562      0.360548   WU    43.012498     33.454165
 ( 3   2) <--> ( 4   1)       -0.185984      0.004941      0.003843   WU     0.458502      0.356613
 ( 3   2) <--> ( 4   2)       -0.174336      0.004342      0.003377   WU     0.402868      0.313342
 ( 3   2) <--> ( 4   3)        1.089372      0.169533      0.131859   WU    15.730467     12.234807
 ( 3   2) <--> ( 4   4)       -1.098349      0.172339      0.134041   WU    15.990783     12.437276
 ( 3   3) <--> ( 4   1)       -0.063171      0.000570      0.000443   WU     0.052897      0.041142
 ( 3   3) <--> ( 4   2)       -0.041788      0.000249      0.000194   WU     0.023147      0.018003
 ( 3   3) <--> ( 4   3)        0.188104      0.005055      0.003931   WU     0.469015      0.364790
 ( 3   3) <--> ( 4   4)        0.011992      0.000021      0.000016   WU     0.001906      0.001483
 ( 3   4) <--> ( 4   1)       -0.011657      0.000019      0.000015   WU     0.001801      0.001401
 ( 3   4) <--> ( 4   2)       -0.007035      0.000007      0.000005   WU     0.000656      0.000510
 ( 3   4) <--> ( 4   3)        0.032861      0.000154      0.000120   WU     0.014314      0.011133
 ( 3   4) <--> ( 4   4)        0.001010      0.000000      0.000000   WU     0.000014      0.000011
 ( 3   1) <--> ( 5   1)        2.023351      0.584850      0.372177   WU    54.266449     34.533195
 ( 3   1) <--> ( 5   2)        0.210619      0.006337      0.004033   WU     0.588007      0.374186
 ( 3   1) <--> ( 5   3)       -0.200257      0.005729      0.003646   WU     0.531574      0.338274
 ( 3   1) <--> ( 5   4)        0.008943      0.000011      0.000007   WU     0.001060      0.000675
 ( 3   2) <--> ( 5   1)        1.163258      0.193310      0.123015   WU    17.936645     11.414229
 ( 3   2) <--> ( 5   2)       -0.224867      0.007224      0.004597   WU     0.670258      0.426528
 ( 3   2) <--> ( 5   3)        2.318165      0.767698      0.488535   WU    71.232399     45.329708
 ( 3   2) <--> ( 5   4)       -0.068227      0.000665      0.000423   WU     0.061703      0.039265
 ( 3   3) <--> ( 5   1)        0.013264      0.000025      0.000016   WU     0.002332      0.001484
 ( 3   3) <--> ( 5   2)        0.474312      0.032139      0.020452   WU     2.982071      1.897682
 ( 3   3) <--> ( 5   3)       -2.301007      0.756376      0.481330   WU    70.181871     44.661190
 ( 3   3) <--> ( 5   4)       -1.501228      0.321955      0.204881   WU    29.873252     19.010251
 ( 3   4) <--> ( 5   1)        0.003028      0.000001      0.000001   WU     0.000122      0.000077
 ( 3   4) <--> ( 5   2)        0.066831      0.000638      0.000406   WU     0.059203      0.037674
 ( 3   4) <--> ( 5   3)       -0.109732      0.001720      0.001095   WU     0.159609      0.101569
 ( 3   4) <--> ( 5   4)       10.607993     16.075645     10.229956   WU  1491.610598    949.206744
 ( 4   1) <--> ( 4   1)       -0.368154     -0.277623   (eb)
 ( 4   2) <--> ( 4   1)       -1.335494      0.198172      0.198172   WU    18.387737     18.387737
 ( 4   2) <--> ( 4   2)       -0.009965     -0.007514   (eb)
 ( 4   3) <--> ( 4   1)       -0.233820      0.006075      0.006075   WU     0.563646      0.563646
 ( 4   3) <--> ( 4   2)       -0.867505      0.083618      0.083618   WU     7.758688      7.758688
 ( 4   3) <--> ( 4   3)       -0.515521     -0.388752   (eb)
 ( 4   4) <--> ( 4   1)        0.131955      0.001935      0.001935   WU     0.179513      0.179513
 ( 4   4) <--> ( 4   2)       -1.703956      0.322607      0.322607   WU    29.933765     29.933765
 ( 4   4) <--> ( 4   3)        0.065674      0.000479      0.000479   WU     0.044466      0.044466
 ( 4   4) <--> ( 4   4)        0.385025      0.290346   (eb)
 ( 4   1) <--> ( 5   1)        0.246048      0.006727      0.005504   WU     0.624142      0.510661
 ( 4   1) <--> ( 5   2)       -0.015416      0.000026      0.000022   WU     0.002450      0.002005
 ( 4   1) <--> ( 5   3)       -0.108522      0.001309      0.001071   WU     0.121416      0.099341
 ( 4   1) <--> ( 5   4)        0.004402      0.000002      0.000002   WU     0.000200      0.000163
 ( 4   2) <--> ( 5   1)       -1.418872      0.223689      0.183018   WU    20.755396     16.981687
 ( 4   2) <--> ( 5   2)        0.168587      0.003158      0.002584   WU     0.293018      0.239742
 ( 4   2) <--> ( 5   3)        0.215449      0.005158      0.004220   WU     0.478555      0.391545
 ( 4   2) <--> ( 5   4)       -0.007727      0.000007      0.000005   WU     0.000616      0.000504
 ( 4   3) <--> ( 5   1)        0.124838      0.001732      0.001417   WU     0.160672      0.131459
 ( 4   3) <--> ( 5   2)       -0.084894      0.000801      0.000655   WU     0.074302      0.060793
 ( 4   3) <--> ( 5   3)        0.227540      0.005753      0.004707   WU     0.533776      0.436726
 ( 4   3) <--> ( 5   4)       -0.009363      0.000010      0.000008   WU     0.000904      0.000739
 ( 4   4) <--> ( 5   1)       -0.255747      0.007267      0.005946   WU     0.674320      0.551716
 ( 4   4) <--> ( 5   2)       -2.707901      0.814748      0.666612   WU    75.597992     61.852903
 ( 4   4) <--> ( 5   3)       -0.497153      0.027462      0.022469   WU     2.548150      2.084850
 ( 4   4) <--> ( 5   4)        0.010349      0.000012      0.000010   WU     0.001104      0.000904
 ( 4   1) <--> ( 6   1)        2.446205      0.664880      0.460302   WU    61.692206     42.709989
 ( 4   1) <--> ( 6   2)        0.180583      0.003623      0.002508   WU     0.336200      0.232754
 ( 4   1) <--> ( 6   3)       -0.259142      0.007462      0.005166   WU     0.692343      0.479315
 ( 4   1) <--> ( 6   4)        0.000779      0.000000      0.000000   WU     0.000006      0.000004
 ( 4   2) <--> ( 6   1)        0.090303      0.000906      0.000627   WU     0.084071      0.058203
 ( 4   2) <--> ( 6   2)        2.438113      0.660488      0.457261   WU    61.284723     42.427885
 ( 4   2) <--> ( 6   3)        0.209537      0.004878      0.003377   WU     0.452653      0.313375
 ( 4   2) <--> ( 6   4)       -0.000290      0.000000      0.000000   WU     0.000001      0.000001
 ( 4   3) <--> ( 6   1)        1.411017      0.221219      0.153151   WU    20.526222     14.210462
 ( 4   3) <--> ( 6   2)       -0.158612      0.002795      0.001935   WU     0.259367      0.179562
 ( 4   3) <--> ( 6   3)        2.911299      0.941740      0.651974   WU    87.381236     60.494702
 ( 4   3) <--> ( 6   4)       -0.003866      0.000002      0.000001   WU     0.000154      0.000107
 ( 4   4) <--> ( 6   1)       -0.278805      0.008637      0.005979   WU     0.801394      0.554811
 ( 4   4) <--> ( 6   2)        0.283230      0.008913      0.006171   WU     0.827031      0.572560
 ( 4   4) <--> ( 6   3)       -0.225905      0.005670      0.003926   WU     0.526133      0.364246
 ( 4   4) <--> ( 6   4)       -0.000308      0.000000      0.000000   WU     0.000001      0.000001
 ( 5   1) <--> ( 5   1)       -0.430089     -0.312300   (eb)
 ( 5   2) <--> ( 5   1)       -1.513139      0.208144      0.208144   WU    19.313100     19.313100
 ( 5   2) <--> ( 5   2)        0.720718      0.523333   (eb)
 ( 5   3) <--> ( 5   1)       -0.356707      0.011567      0.011567   WU     1.073289      1.073289
 ( 5   3) <--> ( 5   2)       -0.859551      0.067166      0.067166   WU     6.232151      6.232151
 ( 5   3) <--> ( 5   3)       -0.542110     -0.393640   (eb)
 ( 5   4) <--> ( 5   1)        0.008653      0.000007      0.000007   WU     0.000632      0.000632
 ( 5   4) <--> ( 5   2)        0.025701      0.000060      0.000060   WU     0.005572      0.005572
 ( 5   4) <--> ( 5   3)       -0.145369      0.001921      0.001921   WU     0.178254      0.178254
 ( 5   4) <--> ( 5   4)       -7.425807     -5.392079   (eb)
 ( 5   1) <--> ( 6   1)        1.290575      0.151417      0.128122   WU    14.049510     11.888047
 ( 5   1) <--> ( 6   2)       -0.600324      0.032763      0.027722   WU     3.039944      2.572261
 ( 5   1) <--> ( 6   3)        0.789098      0.056607      0.047898   WU     5.252377      4.444319
 ( 5   1) <--> ( 6   4)        0.000166      0.000000      0.000000   WU     0.000000      0.000000
 ( 5   2) <--> ( 6   1)       -0.037755      0.000130      0.000110   WU     0.012024      0.010174
 ( 5   2) <--> ( 6   2)        0.925287      0.077832      0.065858   WU     7.221836      6.110784
 ( 5   2) <--> ( 6   3)       -0.199579      0.003621      0.003064   WU     0.335987      0.284297
 ( 5   2) <--> ( 6   4)       -0.001133      0.000000      0.000000   WU     0.000011      0.000009
 ( 5   3) <--> ( 6   1)       -0.255803      0.005949      0.005033   WU     0.551957      0.467040
 ( 5   3) <--> ( 6   2)       -0.134899      0.001654      0.001400   WU     0.153501      0.129885
 ( 5   3) <--> ( 6   3)        1.405384      0.179555      0.151931   WU    16.660352     14.097221
 ( 5   3) <--> ( 6   4)        0.026254      0.000063      0.000053   WU     0.005814      0.004920
 ( 5   4) <--> ( 6   1)        0.010163      0.000009      0.000008   WU     0.000871      0.000737
 ( 5   4) <--> ( 6   2)        0.006934      0.000004      0.000004   WU     0.000406      0.000343
 ( 5   4) <--> ( 6   3)       -0.045690      0.000190      0.000161   WU     0.017609      0.014900
 ( 5   4) <--> ( 6   4)        0.889762      0.071971      0.060898   WU     6.677937      5.650562
 ( 5   1) <--> ( 7   1)        3.191466      0.925951      0.679030   WU    85.916171     63.005192
 ( 5   1) <--> ( 7   2)       -0.010530      0.000010      0.000007   WU     0.000935      0.000686
 ( 5   1) <--> ( 7   3)        0.320779      0.009354      0.006860   WU     0.867976      0.636515
 ( 5   1) <--> ( 7   4)        0.139991      0.001782      0.001306   WU     0.165308      0.121226
 ( 5   2) <--> ( 7   1)       -0.128837      0.001509      0.001107   WU     0.140015      0.102678
 ( 5   2) <--> ( 7   2)       -0.020059      0.000037      0.000027   WU     0.003394      0.002489
 ( 5   2) <--> ( 7   3)        1.351978      0.166168      0.121856   WU    15.418201     11.306680
 ( 5   2) <--> ( 7   4)        1.896235      0.326883      0.239714   WU    30.330444     22.242326
 ( 5   3) <--> ( 7   1)        1.870623      0.318112      0.233282   WU    29.516628     21.645527
 ( 5   3) <--> ( 7   2)        0.369188      0.012391      0.009087   WU     1.149716      0.843125
 ( 5   3) <--> ( 7   3)       -3.205107      0.933883      0.684847   WU    86.652182     63.544934
 ( 5   3) <--> ( 7   4)        0.456870      0.018976      0.013915   WU     1.760680      1.291165
 ( 5   4) <--> ( 7   1)       -0.022391      0.000046      0.000033   WU     0.004229      0.003101
 ( 5   4) <--> ( 7   2)       14.788846     19.882725     14.580665   WU  1844.858103   1352.895942
 ( 5   4) <--> ( 7   3)        0.335820      0.010252      0.007518   WU     0.951276      0.697603
 ( 5   4) <--> ( 7   4)       -0.385794      0.013531      0.009922   WU     1.255469      0.920677
 ( 6   1) <--> ( 6   1)       -0.659507     -0.459806   (eb)
 ( 6   2) <--> ( 6   1)       -1.505048      0.174244      0.174244   WU    16.167564     16.167564
 ( 6   2) <--> ( 6   2)       -0.258732     -0.180387   (eb)
 ( 6   3) <--> ( 6   1)       -0.415152      0.013258      0.013258   WU     1.230150      1.230150
 ( 6   3) <--> ( 6   2)       -0.901737      0.062548      0.062548   WU     5.803679      5.803679
 ( 6   3) <--> ( 6   3)       -0.890102     -0.620576   (eb)
 ( 6   4) <--> ( 6   1)        0.003519      0.000001      0.000001   WU     0.000088      0.000088
 ( 6   4) <--> ( 6   2)        0.001667      0.000000      0.000000   WU     0.000020      0.000020
 ( 6   4) <--> ( 6   3)       -0.014443      0.000016      0.000016   WU     0.001489      0.001489
 ( 6   4) <--> ( 6   4)      -13.896729     -9.688758   (eb)
 ( 6   1) <--> ( 7   1)        0.275023      0.005818      0.005042   WU     0.539859      0.467878
 ( 6   1) <--> ( 7   2)       -0.001586      0.000000      0.000000   WU     0.000018      0.000016
 ( 6   1) <--> ( 7   3)        0.064545      0.000320      0.000278   WU     0.029735      0.025770
 ( 6   1) <--> ( 7   4)       -0.013914      0.000015      0.000013   WU     0.001382      0.001197
 ( 6   2) <--> ( 7   1)       -1.409254      0.152769      0.132400   WU    14.174967     12.284971
 ( 6   2) <--> ( 7   2)        0.005609      0.000002      0.000002   WU     0.000225      0.000195
 ( 6   2) <--> ( 7   3)       -0.073581      0.000416      0.000361   WU     0.038643      0.033491
 ( 6   2) <--> ( 7   4)        0.145759      0.001634      0.001416   WU     0.151639      0.131421
 ( 6   3) <--> ( 7   1)        0.080614      0.000500      0.000433   WU     0.046384      0.040199
 ( 6   3) <--> ( 7   2)        0.004894      0.000002      0.000002   WU     0.000171      0.000148
 ( 6   3) <--> ( 7   3)       -0.197104      0.002988      0.002590   WU     0.277291      0.240319
 ( 6   3) <--> ( 7   4)       -0.053473      0.000220      0.000191   WU     0.020409      0.017688
 ( 6   4) <--> ( 7   1)       -0.002115      0.000000      0.000000   WU     0.000032      0.000028
 ( 6   4) <--> ( 7   2)       -0.803388      0.049649      0.043029   WU     4.606744      3.992511
 ( 6   4) <--> ( 7   3)       -0.019199      0.000028      0.000025   WU     0.002631      0.002280
 ( 6   4) <--> ( 7   4)        0.005403      0.000002      0.000002   WU     0.000208      0.000181
 ( 6   1) <--> ( 8   1)        3.365260      0.871152      0.666175   WU    80.831545     61.812358
 ( 6   1) <--> ( 8   2)       -0.004622      0.000002      0.000001   WU     0.000152      0.000117
 ( 6   1) <--> ( 8   3)        0.281676      0.006103      0.004667   WU     0.566297      0.433050
 ( 6   1) <--> ( 8   4)       -0.226724      0.003954      0.003024   WU     0.366892      0.280565
 ( 6   2) <--> ( 8   1)       -0.010197      0.000008      0.000006   WU     0.000742      0.000567
 ( 6   2) <--> ( 8   2)        0.009284      0.000007      0.000005   WU     0.000615      0.000470
 ( 6   2) <--> ( 8   3)        3.244287      0.809646      0.619141   WU    75.124619     57.448238
 ( 6   2) <--> ( 8   4)        1.236172      0.117548      0.089890   WU    10.906913      8.340580
 ( 6   3) <--> ( 8   1)        1.866031      0.267852      0.204828   WU    24.853150     19.005350
 ( 6   3) <--> ( 8   2)        0.032563      0.000082      0.000062   WU     0.007568      0.005787
 ( 6   3) <--> ( 8   3)       -1.401331      0.151056      0.115513   WU    14.016030     10.718140
 ( 6   3) <--> ( 8   4)        3.653180      1.026594      0.785043   WU    95.254576     72.841735
 ( 6   4) <--> ( 8   1)       -0.001145      0.000000      0.000000   WU     0.000009      0.000007
 ( 6   4) <--> ( 8   2)       18.188285     25.447209     19.459630   WU  2361.169762   1805.600406
 ( 6   4) <--> ( 8   3)       -0.025042      0.000048      0.000037   WU     0.004476      0.003423
 ( 6   4) <--> ( 8   4)       -0.079579      0.000487      0.000373   WU     0.045200      0.034565
 ( 7   1) <--> ( 7   1)       -0.880985     -0.589962   (eb)
 ( 7   2) <--> ( 7   1)       -0.018256      0.000022      0.000022   WU     0.002062      0.002062
 ( 7   2) <--> ( 7   2)      -11.348270     -7.599503   (eb)
 ( 7   3) <--> ( 7   1)       -0.480118      0.015368      0.015368   WU     1.425907      1.425907
 ( 7   3) <--> ( 7   2)       -0.662629      0.029272      0.029272   WU     2.716042      2.716042
 ( 7   3) <--> ( 7   3)        0.285042      0.190882   (eb)
 ( 7   4) <--> ( 7   1)       -1.398626      0.130410      0.130410   WU    12.100388     12.100388
 ( 7   4) <--> ( 7   2)        0.827009      0.045596      0.045596   WU     4.230742      4.230742
 ( 7   4) <--> ( 7   3)        2.752463      0.505070      0.505070   WU    46.863944     46.863944
 ( 7   4) <--> ( 7   4)       -3.136271     -2.100241   (eb)
 ( 7   1) <--> ( 8   1)        1.571982      0.164742      0.145360   WU    15.285895     13.487555
 ( 7   1) <--> ( 8   2)        0.004218      0.000001      0.000001   WU     0.000110      0.000097
 ( 7   1) <--> ( 8   3)       -1.059842      0.074884      0.066074   WU     6.948297      6.130850
 ( 7   1) <--> ( 8   4)        0.731026      0.035627      0.031435   WU     3.305686      2.916782
 ( 7   2) <--> ( 8   1)       -0.007353      0.000004      0.000003   WU     0.000334      0.000295
 ( 7   2) <--> ( 8   2)        1.139253      0.086527      0.076347   WU     8.028539      7.084005
 ( 7   2) <--> ( 8   3)       -0.036073      0.000087      0.000077   WU     0.008050      0.007103
 ( 7   2) <--> ( 8   4)        0.071954      0.000345      0.000305   WU     0.032026      0.028258
 ( 7   3) <--> ( 8   1)        0.187756      0.002350      0.002074   WU     0.218064      0.192409
 ( 7   3) <--> ( 8   2)        0.023079      0.000036      0.000031   WU     0.003295      0.002907
 ( 7   3) <--> ( 8   3)        1.161244      0.089899      0.079323   WU     8.341471      7.360121
 ( 7   3) <--> ( 8   4)       -1.289200      0.110803      0.097767   WU    10.281032      9.071499
 ( 7   4) <--> ( 8   1)       -0.045007      0.000135      0.000119   WU     0.012530      0.011056
 ( 7   4) <--> ( 8   2)       -0.014840      0.000015      0.000013   WU     0.001362      0.001202
 ( 7   4) <--> ( 8   3)        0.929681      0.057620      0.050842   WU     5.346429      4.717437
 ( 7   4) <--> ( 8   4)        0.241179      0.003878      0.003422   WU     0.359811      0.317480
 ( 7   1) <--> ( 9   1)        0.051738      0.000178      0.000141   WU     0.016558      0.013072
 ( 7   1) <--> ( 9   2)        4.118955      1.131052      0.892936   WU   104.946949     82.852855
 ( 7   1) <--> ( 9   3)        1.335501      0.118904      0.093872   WU    11.032760      8.710073
 ( 7   1) <--> ( 9   4)        0.594634      0.023573      0.018610   WU     2.187231      1.726761
 ( 7   2) <--> ( 9   1)       17.832039     21.198775     16.735875   WU  1966.970451   1552.871409
 ( 7   2) <--> ( 9   2)       -0.149017      0.001480      0.001169   WU     0.137362      0.108444
 ( 7   2) <--> ( 9   3)        0.143987      0.001382      0.001091   WU     0.128246      0.101247
 ( 7   2) <--> ( 9   4)        0.976668      0.063592      0.050204   WU     5.900509      4.658297
 ( 7   3) <--> ( 9   1)        0.802563      0.042940      0.033900   WU     3.984320      3.145515
 ( 7   3) <--> ( 9   2)       -4.703753      1.475019      1.164489   WU   136.862602    108.049422
 ( 7   3) <--> ( 9   3)        5.471122      1.995545      1.575430   WU   185.160619    146.179436
 ( 7   3) <--> ( 9   4)        2.700258      0.486093      0.383758   WU    45.103106     35.607715
 ( 7   4) <--> ( 9   1)       -1.205260      0.096843      0.076455   WU     8.985811      7.094061
 ( 7   4) <--> ( 9   2)        1.856424      0.229754      0.181385   WU    21.318173     16.830136
 ( 7   4) <--> ( 9   3)       -7.235927      3.490576      2.755718   WU   323.880060    255.694784
 ( 7   4) <--> ( 9   4)       -3.323447      0.736353      0.581331   WU    68.323989     53.939991
 ( 8   1) <--> ( 8   1)       -1.017652     -0.655568   (eb)
 ( 8   2) <--> ( 8   1)       -0.006221      0.000002      0.000002   WU     0.000211      0.000211
 ( 8   2) <--> ( 8   2)      -15.839956    -10.204036   (eb)
 ( 8   3) <--> ( 8   1)       -1.415083      0.117792      0.117792   WU    10.929538     10.929538
 ( 8   3) <--> ( 8   2)        0.009452      0.000005      0.000005   WU     0.000488      0.000488
 ( 8   3) <--> ( 8   3)       -0.054450     -0.035076   (eb)
 ( 8   4) <--> ( 8   1)       -1.059339      0.066012      0.066012   WU     6.125033      6.125033
 ( 8   4) <--> ( 8   2)        0.081183      0.000388      0.000388   WU     0.035972      0.035972
 ( 8   4) <--> ( 8   3)       -0.688467      0.027882      0.027882   WU     2.587045      2.587045
 ( 8   4) <--> ( 8   4)       -1.619245     -1.043111   (eb)
 ( 8   1) <--> ( 9   1)        0.001189      0.000000      0.000000   WU     0.000008      0.000007
 ( 8   1) <--> ( 9   2)        0.257087      0.003888      0.003479   WU     0.360742      0.322769
 ( 8   1) <--> ( 9   3)        0.108681      0.000695      0.000622   WU     0.064468      0.057682
 ( 8   1) <--> ( 9   4)        0.055419      0.000181      0.000162   WU     0.016763      0.014999
 ( 8   2) <--> ( 9   1)       -0.797121      0.037377      0.033442   WU     3.468063      3.103004
 ( 8   2) <--> ( 9   2)        0.002676      0.000000      0.000000   WU     0.000039      0.000035
 ( 8   2) <--> ( 9   3)        0.008597      0.000004      0.000004   WU     0.000403      0.000361
 ( 8   2) <--> ( 9   4)       -0.005868      0.000002      0.000002   WU     0.000188      0.000168
 ( 8   3) <--> ( 9   1)       -0.022457      0.000030      0.000027   WU     0.002753      0.002463
 ( 8   3) <--> ( 9   2)       -1.403508      0.115873      0.103676   WU    10.751473      9.619739
 ( 8   3) <--> ( 9   3)       -0.372735      0.008172      0.007312   WU     0.758295      0.678474
 ( 8   3) <--> ( 9   4)       -0.153520      0.001386      0.001240   WU     0.128638      0.115098
 ( 8   4) <--> ( 9   1)        0.033129      0.000065      0.000058   WU     0.005990      0.005360
 ( 8   4) <--> ( 9   2)       -0.202681      0.002416      0.002162   WU     0.224214      0.200612
 ( 8   4) <--> ( 9   3)       -0.274478      0.004432      0.003965   WU     0.411200      0.367916
 ( 8   4) <--> ( 9   4)       -0.170342      0.001707      0.001527   WU     0.158373      0.141702
 ( 8   1) <--> (10   1)        4.375667      1.126263      0.911736   WU   104.502517     84.597275
 ( 8   1) <--> (10   2)       -0.012084      0.000009      0.000007   WU     0.000797      0.000645
 ( 8   1) <--> (10   3)       -0.018731      0.000021      0.000017   WU     0.001915      0.001550
 ( 8   1) <--> (10   4)        0.398700      0.009351      0.007570   WU     0.867622      0.702361
 ( 8   2) <--> (10   1)        0.061847      0.000225      0.000182   WU     0.020877      0.016901
 ( 8   2) <--> (10   2)       20.562738     24.872129     20.134580   WU  2307.809832   1868.227007
 ( 8   2) <--> (10   3)        0.087162      0.000447      0.000362   WU     0.041466      0.033568
 ( 8   2) <--> (10   4)        0.309900      0.005649      0.004573   WU     0.524180      0.424336
 ( 8   3) <--> (10   1)       -0.970758      0.055434      0.044875   WU     5.143511      4.163795
 ( 8   3) <--> (10   2)       -0.020671      0.000025      0.000020   WU     0.002332      0.001888
 ( 8   3) <--> (10   3)       -0.173783      0.001776      0.001438   WU     0.164836      0.133439
 ( 8   3) <--> (10   4)        3.446398      0.698686      0.565603   WU    64.828967     52.480592
 ( 8   4) <--> (10   1)        2.312555      0.314583      0.254662   WU    29.189212     23.629362
 ( 8   4) <--> (10   2)       -0.106154      0.000663      0.000537   WU     0.061505      0.049790
 ( 8   4) <--> (10   3)        0.265987      0.004162      0.003369   WU     0.386153      0.312600
 ( 8   4) <--> (10   4)       -3.209925      0.606095      0.490648   WU    56.237735     45.525785
 ( 9   1) <--> ( 9   1)      -14.107253     -8.758942   (eb)
 ( 9   2) <--> ( 9   1)        0.422922      0.009414      0.009414   WU     0.873482      0.873482
 ( 9   2) <--> ( 9   2)       -1.201092     -0.745737   (eb)
 ( 9   3) <--> ( 9   1)       -1.716810      0.155128      0.155128   WU    14.393878     14.393878
 ( 9   3) <--> ( 9   2)        0.852562      0.038256      0.038256   WU     3.549653      3.549653
 ( 9   3) <--> ( 9   3)       -5.959154     -3.699932   (eb)
 ( 9   4) <--> ( 9   1)        0.517693      0.014106      0.014106   WU     1.308813      1.308813
 ( 9   4) <--> ( 9   2)        0.471725      0.011712      0.011712   WU     1.086704      1.086704
 ( 9   4) <--> ( 9   3)       -0.211043      0.002344      0.002344   WU     0.217508      0.217508
 ( 9   4) <--> ( 9   4)       -8.409153     -5.221093   (eb)
 ( 9   1) <--> (10   1)        0.018293      0.000018      0.000016   WU     0.001634      0.001479
 ( 9   1) <--> (10   2)        1.365074      0.098075      0.088735   WU     9.100088      8.233413
 ( 9   1) <--> (10   3)        8.050216      3.410841      3.085999   WU   316.481630    286.340522
 ( 9   1) <--> (10   4)        0.536320      0.015139      0.013697   WU     1.404691      1.270911
 ( 9   2) <--> (10   1)        1.732861      0.158043      0.142991   WU    14.664288     13.267689
 ( 9   2) <--> (10   2)       -0.016129      0.000014      0.000012   WU     0.001270      0.001149
 ( 9   2) <--> (10   3)        0.058880      0.000182      0.000165   WU     0.016930      0.015318
 ( 9   2) <--> (10   4)       -2.479989      0.323703      0.292874   WU    30.035381     27.174868
 ( 9   3) <--> (10   1)        0.600342      0.018969      0.017162   WU     1.760074      1.592448
 ( 9   3) <--> (10   2)        0.005449      0.000002      0.000001   WU     0.000145      0.000131
 ( 9   3) <--> (10   3)       -0.484339      0.012347      0.011171   WU     1.145597      1.036493
 ( 9   3) <--> (10   4)        1.936429      0.197356      0.178560   WU    18.312041     16.568037
 ( 9   4) <--> (10   1)        0.280371      0.004137      0.003743   WU     0.383884      0.347324
 ( 9   4) <--> (10   2)        0.016065      0.000014      0.000012   WU     0.001260      0.001140
 ( 9   4) <--> (10   3)        1.195803      0.075260      0.068093   WU     6.983170      6.318106
 ( 9   4) <--> (10   4)        1.246653      0.081797      0.074007   WU     7.589704      6.866875
 (10   1) <--> (10   1)       -1.394973     -0.836417   (eb)
 (10   2) <--> (10   1)       -0.040343      0.000078      0.000078   WU     0.007191      0.007191
 (10   2) <--> (10   2)      -17.584609    -10.543615   (eb)
 (10   3) <--> (10   1)        0.005882      0.000002      0.000002   WU     0.000153      0.000153
 (10   3) <--> (10   2)        1.563333      0.116381      0.116381   WU    10.798685     10.798685
 (10   3) <--> (10   3)      -15.013829     -9.002193   (eb)
 (10   4) <--> (10   1)       -0.497015      0.011763      0.011763   WU     1.091459      1.091459
 (10   4) <--> (10   2)       -0.259292      0.003202      0.003202   WU     0.297062      0.297062
 (10   4) <--> (10   3)       -1.152728      0.063275      0.063275   WU     5.871131      5.871131
 (10   4) <--> (10   4)       -0.800108     -0.479739   (eb)
 
  quadrupole shape invariant: 01+, 02+, 03+, 04+
quadr2     0.75232924     1.54392358     2.36637440     2.40532776
quadr3     0.30146197     0.87775981     0.61504606     2.87365849
  effective deformation parameters:  01+, 02+, 03+, 04+
beteff     0.06438416     0.09223335     0.11418704     0.11512303
cos3ga     0.46197729     0.45754835     0.16895944     0.77032459
 
 ********* END Transition **************************
