 ********* BEGIN READER ****************************
 
 Nucleus            :  Ra  88 214
 Imin, Imax         :     0  10
 imu, remu          :     1 12.0000
 nlevel             :     4
 observables        :     2
 wave fun           :     1
 nbet, ngam, npar   :    10   7  10
 Finish reading parameters: V, B_k ...
 
 ********* END READER ******************************
 
 ********* BEGIN LEVELS ********************
 
 E_0 = -1932.254725
 
  I=   0   ntot= 127
   0   1    0.000000
   0   2    0.849707
   0   3    1.133833
   0   4    1.655671
 
  I=   2   ntot= 234
   2   1    0.136641
   2   2    0.687471
   2   3    1.146177
   2   4    1.283559
 
  I=   3   ntot= 108
   3   1    0.932773
   3   2    1.856932
   3   3    2.057532
   3   4    2.430950
 
  I=   4   ntot= 324
   4   1    0.396235
   4   2    1.007995
   4   3    1.361474
   4   4    1.430907
 
  I=   5   ntot= 198
   5   1    1.312821
   5   2    1.817941
   5   3    2.146132
   5   4    2.525709
 
  I=   6   ntot= 432
   6   1    0.753517
   6   2    1.389954
   6   3    1.722853
   6   4    1.764845
 
  I=   7   ntot= 306
   7   1    1.760302
   7   2    2.285726
   7   3    2.469243
   7   4    2.759272
 
  I=   8   ntot= 522
   8   1    1.190334
   8   2    1.834461
   8   3    2.056835
   8   4    2.213741
 
  I=   9   ntot= 397
   9   1    2.257443
   9   2    2.740847
   9   3    2.893232
   9   4    3.208238
 
  I=  10   ntot= 630
  10   1    1.691795
  10   2    2.323659
  10   3    2.441170
  10   4    2.697800
 
 ********* END LEVELS **********************
 
 ********* BEGIN Transition ************************
 
  Monopole moment 
 
   I   n    <In|E0|In>   ave \beta      del<b>   ave \gamma    del<g>  
     K=0       K=2       K=4   
   0   1     39.405751    0.282701    0.054264   16.299088   10.635648  100.0000    0.0000    0.0000
   0   2     39.558533    0.295597    0.070147   25.470482   15.510545  100.0000    0.0000    0.0000
   0   3     39.955419    0.345591    0.094580   19.001911   13.553679   99.9999    0.0000    0.0000
   0   4     40.475714    0.403487    0.124803   15.519394   14.252631   99.9999    0.0000    0.0000
   2   1     39.455240    0.289222    0.054032   15.230038   10.095375   99.2500    0.7500    0.0000
   2   2     39.475159    0.283765    0.053725   26.022159   11.069879    6.4106   93.5893    0.0000
   2   3     39.832065    0.334006    0.090124   16.506139   14.104361   83.5795   16.4205    0.0000
   2   4     39.945475    0.340626    0.087762   21.996303   14.169639   71.3023   28.6977    0.0000
   3   1     39.573998    0.297479    0.054948   21.513223    9.299673    0.0000  100.0000    0.0000
   3   2     40.450128    0.398870    0.097130   15.600438    9.820483    0.0000   99.9999    0.0000
   3   3     39.918993    0.329041    0.064984   29.146893   10.691886    0.0000   99.9999    0.0000
   3   4     40.851732    0.440736    0.128654   14.166440   10.748642    0.0000   99.9998    0.0000
   4   1     39.524806    0.297848    0.054479   14.515111    9.880731   97.4277    2.4449    0.1274
   4   2     39.569002    0.294972    0.056398   25.273449   11.987593   13.6284   71.7050   14.6666
   4   3     39.678204    0.305132    0.057157   27.759383   12.399716    3.9154   39.3233   56.7612
   4   4     40.293173    0.387093    0.097393   12.467898   10.619446   93.7393    3.0154    3.2452
   5   1     39.690328    0.311579    0.057970   20.080669    9.264366    0.0000   94.1332    5.8668
   5   2     39.784900    0.318117    0.061323   24.712016   10.240563    0.0000   12.2961   87.7038
   5   3     40.807343    0.433765    0.095552   14.621082    8.982978    0.0000   95.5026    4.4972
   5   4     40.119840    0.353043    0.072403   25.010653   11.647151    0.0000   60.6310   39.3690
   6   1     39.610753    0.308130    0.055853   14.034077    9.822895   94.6134    5.0850    0.2513
   6   2     39.680261    0.308124    0.061147   24.277409   12.850748   20.5448   59.8569   13.7150
   6   3     40.568675    0.414254    0.096639   12.230888   10.286693   92.8658    5.1182    1.1132
   6   4     39.829955    0.321165    0.062468   28.085833   13.651368    4.4234   47.8218   17.3904
   7   1     39.840644    0.329238    0.063624   18.853376    9.430974    0.0000   89.5796    9.5988
   7   2     40.061908    0.350680    0.083242   21.879855   12.334187    0.0000   26.4592   54.8535
   7   3     40.906962    0.442806    0.101314   14.687020    9.639274    0.0000   86.2267   10.3750
   7   4     40.241540    0.367456    0.080911   22.742991   11.308759    0.0000    1.4025   46.3199
   8   1     39.716449    0.320467    0.058596   13.688368    9.849767   91.2231    8.1965    0.4901
   8   2     39.835109    0.326476    0.071153   22.596538   13.831790   28.0717   49.6430   14.5237
   8   3     40.793263    0.435256    0.097454   12.229548   10.325032   88.4306    9.1458    1.3422
   8   4     40.028584    0.342487    0.072209   26.998707   14.411706    5.6960   49.7027   11.4129
   9   1     40.068140    0.355134    0.073226   17.495030    9.705329    0.0000   86.2115   12.2746
   9   2     40.769648    0.428386    0.105642   15.793860   11.583228    0.0000   63.2896   24.3740
   9   3     40.525013    0.401769    0.106629   18.278122   11.830943    0.0000   50.3411   31.5147
   9   4     40.754716    0.421657    0.095571   19.181371   11.663803    0.0000    4.2546   62.4526
  10   1     39.854852    0.336295    0.063528   13.382662    9.926665   87.6746   11.3746    0.8134
  10   2     40.186751    0.368452    0.096593   18.081712   14.678719   44.3677   35.9892   12.5740
  10   3     40.825769    0.436596    0.103801   13.598326   11.512141   72.7374   20.5220    4.0610
  10   4     40.334014    0.375644    0.087590   24.109555   14.874937    7.8946   51.0125   10.0829
 
  rho^2(E0) 
 
   I  n_1 n_2  <In_1|E0|In_2>  rho^2(E0) 
   0   1   1       39.405751 2862.091679
   0   2   1        0.194091    0.069435
   0   2   2       39.558533 2884.328238
   0   3   1        0.379809    0.265885
   0   3   2        0.108933    0.021872
   0   3   3       39.955419 2942.494849
   0   4   1        0.065325    0.007866
   0   4   2       -0.450349    0.373820
   0   4   3       -0.564256    0.586837
   0   4   4       40.475714 3019.627419
   2   1   1       39.455240 2869.285134
   2   2   1        0.039843    0.002926
   2   2   2       39.475159 2872.183006
   2   3   1        0.310755    0.177993
   2   3   2       -0.005883    0.000064
   2   3   3       39.832065 2924.354145
   2   4   1        0.279918    0.144419
   2   4   2        0.045559    0.003826
   2   4   3        0.228720    0.096421
   2   4   4       39.945475 2941.030359
   3   1   1       39.573998 2886.583910
   3   2   1        0.398146    0.292179
   3   2   2       40.450128 3015.811029
   3   3   1        0.173131    0.055248
   3   3   2        0.206194    0.078364
   3   3   3       39.918993 2937.132100
   3   4   1        0.165041    0.050205
   3   4   2       -0.856465    1.352023
   3   4   3       -0.152512    0.042872
   3   4   4       40.851732 3075.992498
   4   1   1       39.524806 2879.412134
   4   2   1        0.064414    0.007648
   4   2   2       39.569002 2885.855160
   4   3   1       -0.032782    0.001981
   4   3   2        0.046426    0.003973
   4   3   3       39.678204 2901.805725
   4   4   1        0.413268    0.314794
   4   4   2        0.056940    0.005976
   4   4   3       -0.049977    0.004604
   4   4   4       40.293173 2992.452511
   5   1   1       39.690328 2903.579308
   5   2   1       -0.072805    0.009770
   5   2   2       39.784900 2917.432790
   5   3   1        0.441540    0.359339
   5   3   2       -0.158683    0.046412
   5   3   3       40.807343 3069.311548
   5   4   1        0.058733    0.006358
   5   4   2       -0.119770    0.026440
   5   4   3        0.046509    0.003987
   5   4   4       40.119840 2966.762055
   6   1   1       39.610753 2891.948304
   6   2   1       -0.089665    0.014819
   6   2   2       39.680261 2902.106666
   6   3   1        0.425265    0.333337
   6   3   2       -0.116054    0.024825
   6   3   3       40.568675 3033.513740
   6   4   1       -0.023272    0.000998
   6   4   2       -0.061417    0.006952
   6   4   3       -0.053982    0.005371
   6   4   4       39.829955 2924.044403
   7   1   1       39.840644 2925.613977
   7   2   1        0.192197    0.068086
   7   2   2       40.061908 2958.200286
   7   3   1       -0.472217    0.411006
   7   3   2       -0.398699    0.292992
   7   3   3       40.906962 3084.315422
   7   4   1       -0.026482    0.001293
   7   4   2        0.166004    0.050793
   7   4   3        0.027875    0.001432
   7   4   4       40.241540 2984.788187
   8   1   1       39.716449 2907.402420
   8   2   1       -0.135053    0.033618
   8   2   2       39.835109 2924.801104
   8   3   1       -0.441151    0.358706
   8   3   2        0.219420    0.088739
   8   3   3       40.793263 3067.193810
   8   4   1        0.013469    0.000334
   8   4   2        0.094615    0.016500
   8   4   3       -0.062448    0.007188
   8   4   4       40.028584 2953.281131
   9   1   1       40.068140 2959.120707
   9   2   1       -0.497694    0.456551
   9   2   2       40.769648 3063.643613
   9   3   1       -0.390300    0.280777
   9   3   2        0.524696    0.507435
   9   3   3       40.525013 3026.987613
   9   4   1       -0.044689    0.003681
   9   4   2       -0.300930    0.166915
   9   4   3        0.203437    0.076283
   9   4   4       40.754716 3061.400005
  10   1   1       39.854852 2927.701000
  10   2   1       -0.276909    0.141331
  10   2   2       40.186751 2976.666089
  10   3   1       -0.437971    0.353553
  10   3   2        0.457413    0.385639
  10   3   3       40.825769 3072.083899
  10   4   1       -0.003045    0.000017
  10   4   2       -0.173353    0.055389
  10   4   3        0.103375    0.019697
  10   4   4       40.334014 2998.521904
 
  E2 transition 
 
  I1  n1        I2  n2       <f||E2||i>   B(E2,I1->I2)  B(E2,I2->I1)
 ( 0   1) <--> ( 2   1)        3.568539     12.734468      2.546894   WU  1058.079565    211.615913
 ( 0   1) <--> ( 2   2)       -0.438113      0.191943      0.038389   WU    15.948159      3.189632
 ( 0   1) <--> ( 2   3)        0.568380      0.323056      0.064611   WU    26.842015      5.368403
 ( 0   1) <--> ( 2   4)        0.246468      0.060747      0.012149   WU     5.047312      1.009462
 ( 0   2) <--> ( 2   1)        0.785208      0.616551      0.123310   WU    51.227912     10.245582
 ( 0   2) <--> ( 2   2)        1.553626      2.413755      0.482751   WU   200.553690     40.110738
 ( 0   2) <--> ( 2   3)        3.134840      9.827223      1.965445   WU   816.522870    163.304574
 ( 0   2) <--> ( 2   4)       -0.667484      0.445535      0.089107   WU    37.018529      7.403706
 ( 0   3) <--> ( 2   1)        0.696073      0.484518      0.096904   WU    40.257521      8.051504
 ( 0   3) <--> ( 2   2)       -0.461319      0.212815      0.042563   WU    17.682344      3.536469
 ( 0   3) <--> ( 2   3)        2.080622      4.328990      0.865798   WU   359.686477     71.937295
 ( 0   3) <--> ( 2   4)        3.636591     13.224795      2.644959   WU  1098.819778    219.763956
 ( 0   4) <--> ( 2   1)        0.173967      0.030265      0.006053   WU     2.514626      0.502925
 ( 0   4) <--> ( 2   2)       -0.188757      0.035629      0.007126   WU     2.960354      0.592071
 ( 0   4) <--> ( 2   3)       -1.467819      2.154491      0.430898   WU   179.012046     35.802409
 ( 0   4) <--> ( 2   4)       -1.044701      1.091400      0.218280   WU    90.682046     18.136409
 ( 2   1) <--> ( 2   1)       -4.110812     -3.115720   (eb)
 ( 2   2) <--> ( 2   1)       -1.613723      0.520820      0.520820   WU    43.273838     43.273838
 ( 2   2) <--> ( 2   2)        3.722564      2.821455   (eb)
 ( 2   3) <--> ( 2   1)       -0.543615      0.059103      0.059103   WU     4.910782      4.910782
 ( 2   3) <--> ( 2   2)       -1.010314      0.204147      0.204147   WU    16.962111     16.962111
 ( 2   3) <--> ( 2   3)       -3.007440     -2.279438   (eb)
 ( 2   4) <--> ( 2   1)       -0.585754      0.068621      0.068621   WU     5.701611      5.701611
 ( 2   4) <--> ( 2   2)       -0.170573      0.005819      0.005819   WU     0.483491      0.483491
 ( 2   4) <--> ( 2   3)       -2.736396      1.497573      1.497573   WU   124.430096    124.430096
 ( 2   4) <--> ( 2   4)       -1.820166     -1.379564   (eb)
 ( 2   1) <--> ( 3   1)       -0.815421      0.132982      0.094987   WU    11.049225      7.892304
 ( 2   1) <--> ( 3   2)       -0.031507      0.000199      0.000142   WU     0.016496      0.011783
 ( 2   1) <--> ( 3   3)        0.132083      0.003489      0.002492   WU     0.289908      0.207077
 ( 2   1) <--> ( 3   4)       -0.030227      0.000183      0.000131   WU     0.015183      0.010845
 ( 2   2) <--> ( 3   1)       -4.895069      4.792341      3.423100   WU   398.185284    284.418060
 ( 2   2) <--> ( 3   2)       -0.440356      0.038783      0.027702   WU     3.222368      2.301691
 ( 2   2) <--> ( 3   3)       -0.347536      0.024156      0.017254   WU     2.007092      1.433637
 ( 2   2) <--> ( 3   4)       -0.295164      0.017424      0.012446   WU     1.447755      1.034111
 ( 2   3) <--> ( 3   1)        2.283403      1.042786      0.744847   WU    86.642832     61.887737
 ( 2   3) <--> ( 3   2)        0.237389      0.011271      0.008050   WU     0.936455      0.668896
 ( 2   3) <--> ( 3   3)       -0.213455      0.009113      0.006509   WU     0.757149      0.540821
 ( 2   3) <--> ( 3   4)        0.114647      0.002629      0.001878   WU     0.218421      0.156015
 ( 2   4) <--> ( 3   1)       -2.121295      0.899978      0.642842   WU    74.777267     53.412334
 ( 2   4) <--> ( 3   2)       -1.929804      0.744829      0.532021   WU    61.886229     44.204449
 ( 2   4) <--> ( 3   3)        0.605021      0.073210      0.052293   WU     6.082872      4.344908
 ( 2   4) <--> ( 3   4)       -0.229663      0.010549      0.007535   WU     0.876494      0.626067
 ( 2   1) <--> ( 4   1)        5.943400      7.064801      3.924890   WU   586.999159    326.110644
 ( 2   1) <--> ( 4   2)        0.028118      0.000158      0.000088   WU     0.013138      0.007299
 ( 2   1) <--> ( 4   3)       -0.161681      0.005228      0.002905   WU     0.434396      0.241331
 ( 2   1) <--> ( 4   4)        0.713201      0.101731      0.056517   WU     8.452630      4.695905
 ( 2   2) <--> ( 4   1)       -0.028982      0.000168      0.000093   WU     0.013958      0.007754
 ( 2   2) <--> ( 4   2)        4.185199      3.503178      1.946210   WU   291.071498    161.706388
 ( 2   2) <--> ( 4   3)       -0.313825      0.019697      0.010943   WU     1.636603      0.909224
 ( 2   2) <--> ( 4   4)       -0.096770      0.001873      0.001040   WU     0.155614      0.086452
 ( 2   3) <--> ( 4   1)        1.628541      0.530429      0.294683   WU    44.072195     24.484553
 ( 2   3) <--> ( 4   2)        1.407670      0.396307      0.220170   WU    32.928277     18.293487
 ( 2   3) <--> ( 4   3)       -1.923423      0.739911      0.411062   WU    61.477646     34.154248
 ( 2   3) <--> ( 4   4)        5.714477      6.531050      3.628361   WU   542.650912    301.472729
 ( 2   4) <--> ( 4   1)        0.750341      0.112602      0.062557   WU     9.355886      5.197714
 ( 2   4) <--> ( 4   2)       -0.377296      0.028470      0.015817   WU     2.365549      1.314194
 ( 2   4) <--> ( 4   3)        1.756979      0.617395      0.342997   WU    51.298051     28.498917
 ( 2   4) <--> ( 4   4)        4.760896      4.533226      2.518459   WU   376.656034    209.253352
 ( 3   1) <--> ( 3   1)        0.000000      0.000000   (eb)
 ( 3   2) <--> ( 3   1)        0.000000      0.000000      0.000000   WU     0.000000      0.000000
 ( 3   2) <--> ( 3   2)        0.000000      0.000000   (eb)
 ( 3   3) <--> ( 3   1)        0.000000      0.000000      0.000000   WU     0.000000      0.000000
 ( 3   3) <--> ( 3   2)        0.000000      0.000000      0.000000   WU     0.000000      0.000000
 ( 3   3) <--> ( 3   3)        0.000000      0.000000   (eb)
 ( 3   4) <--> ( 3   1)        0.000000      0.000000      0.000000   WU     0.000000      0.000000
 ( 3   4) <--> ( 3   2)        0.000000      0.000000      0.000000   WU     0.000000      0.000000
 ( 3   4) <--> ( 3   3)        0.000000      0.000000      0.000000   WU     0.000000      0.000000
 ( 3   4) <--> ( 3   4)        0.000000      0.000000   (eb)
 ( 3   1) <--> ( 4   1)        1.474808      0.310723      0.241673   WU    25.817274     20.080102
 ( 3   1) <--> ( 4   2)       -4.227361      2.552940      1.985620   WU   212.118274    164.980880
 ( 3   1) <--> ( 4   3)       -3.722586      1.979664      1.539739   WU   164.486023    127.933573
 ( 3   1) <--> ( 4   4)        0.474402      0.032151      0.025006   WU     2.671358      2.077723
 ( 3   2) <--> ( 4   1)        0.069297      0.000686      0.000534   WU     0.056999      0.044333
 ( 3   2) <--> ( 4   2)       -0.653111      0.060936      0.047395   WU     5.063062      3.937937
 ( 3   2) <--> ( 4   3)       -1.913932      0.523305      0.407015   WU    43.480318     33.818025
 ( 3   2) <--> ( 4   4)        1.700695      0.413195      0.321374   WU    34.331467     26.702252
 ( 3   3) <--> ( 4   1)       -0.051241      0.000375      0.000292   WU     0.031165      0.024240
 ( 3   3) <--> ( 4   2)       -0.410376      0.024058      0.018712   WU     1.998952      1.554741
 ( 3   3) <--> ( 4   3)        0.553690      0.043796      0.034064   WU     3.638923      2.830273
 ( 3   3) <--> ( 4   4)        0.228030      0.007428      0.005778   WU     0.617195      0.480041
 ( 3   4) <--> ( 4   1)        0.060936      0.000530      0.000413   WU     0.044074      0.034280
 ( 3   4) <--> ( 4   2)       -0.328257      0.015393      0.011972   WU     1.278987      0.994768
 ( 3   4) <--> ( 4   3)       -0.356607      0.018167      0.014130   WU     1.509450      1.174017
 ( 3   4) <--> ( 4   4)        0.098976      0.001399      0.001088   WU     0.116279      0.090439
 ( 3   1) <--> ( 5   1)        5.507302      4.332911      2.757307   WU   360.012245    229.098701
 ( 3   1) <--> ( 5   2)        0.220270      0.006931      0.004411   WU     0.575905      0.366485
 ( 3   1) <--> ( 5   3)        0.362407      0.018763      0.011940   WU     1.558951      0.992060
 ( 3   1) <--> ( 5   4)        0.003363      0.000002      0.000001   WU     0.000134      0.000085
 ( 3   2) <--> ( 5   1)        1.859327      0.493871      0.314282   WU    41.034696     26.112988
 ( 3   2) <--> ( 5   2)       -1.898442      0.514869      0.327644   WU    42.779335     27.223213
 ( 3   2) <--> ( 5   3)        7.070266      7.141238      4.544424   WU   593.350148    377.586458
 ( 3   2) <--> ( 5   4)       -1.227877      0.215383      0.137062   WU    17.895717     11.388184
 ( 3   3) <--> ( 5   1)        0.089783      0.001152      0.000733   WU     0.095680      0.060888
 ( 3   3) <--> ( 5   2)        1.844389      0.485967      0.309252   WU    40.377971     25.695072
 ( 3   3) <--> ( 5   3)        2.209532      0.697433      0.443821   WU    57.948230     36.876146
 ( 3   3) <--> ( 5   4)        4.681455      3.130860      1.992366   WU   260.136443    165.541373
 ( 3   4) <--> ( 5   1)        0.537919      0.041337      0.026305   WU     3.434573      2.185637
 ( 3   4) <--> ( 5   2)        0.325994      0.015182      0.009661   WU     1.261420      0.802722
 ( 3   4) <--> ( 5   3)       -3.692584      1.947883      1.239562   WU   161.845383    102.992516
 ( 3   4) <--> ( 5   4)        0.025809      0.000095      0.000061   WU     0.007906      0.005031
 ( 4   1) <--> ( 4   1)       -5.243509     -3.954107   (eb)
 ( 4   2) <--> ( 4   1)       -2.041517      0.463088      0.463088   WU    38.476994     38.476994
 ( 4   2) <--> ( 4   2)       -0.278203     -0.209792   (eb)
 ( 4   3) <--> ( 4   1)       -0.318880      0.011298      0.011298   WU     0.938747      0.938747
 ( 4   3) <--> ( 4   2)       -3.429349      1.306715      1.306715   WU   108.572158    108.572158
 ( 4   3) <--> ( 4   3)        2.854357      2.152458   (eb)
 ( 4   4) <--> ( 4   1)       -0.884817      0.086989      0.086989   WU     7.227738      7.227738
 ( 4   4) <--> ( 4   2)       -1.429569      0.227074      0.227074   WU    18.867104     18.867104
 ( 4   4) <--> ( 4   3)        1.460184      0.236904      0.236904   WU    19.683845     19.683845
 ( 4   4) <--> ( 4   4)       -6.575042     -4.958209   (eb)
 ( 4   1) <--> ( 5   1)       -0.614802      0.041998      0.034362   WU     3.489515      2.855057
 ( 4   1) <--> ( 5   2)        0.064485      0.000462      0.000378   WU     0.038390      0.031410
 ( 4   1) <--> ( 5   3)        0.044506      0.000220      0.000180   WU     0.018287      0.014962
 ( 4   1) <--> ( 5   4)        0.120751      0.001620      0.001326   WU     0.134609      0.110135
 ( 4   2) <--> ( 5   1)       -4.251459      2.008323      1.643173   WU   166.867219    136.527724
 ( 4   2) <--> ( 5   2)        0.508122      0.028688      0.023472   WU     2.383586      1.950207
 ( 4   2) <--> ( 5   3)       -0.288611      0.009255      0.007572   WU     0.768990      0.629174
 ( 4   2) <--> ( 5   4)       -0.318713      0.011286      0.009234   WU     0.937763      0.767261
 ( 4   3) <--> ( 5   1)       -1.849904      0.380238      0.311104   WU    31.593176     25.848962
 ( 4   3) <--> ( 5   2)        5.633618      3.526406      2.885241   WU   293.001506    239.728505
 ( 4   3) <--> ( 5   3)       -0.103523      0.001191      0.000974   WU     0.098938      0.080950
 ( 4   3) <--> ( 5   4)        0.180617      0.003625      0.002966   WU     0.301170      0.246412
 ( 4   4) <--> ( 5   1)        0.925863      0.095247      0.077929   WU     7.913869      6.474983
 ( 4   4) <--> ( 5   2)        0.828791      0.076322      0.062445   WU     6.341399      5.188417
 ( 4   4) <--> ( 5   3)       -0.394336      0.017278      0.014136   WU     1.435580      1.174565
 ( 4   4) <--> ( 5   4)        0.073193      0.000595      0.000487   WU     0.049458      0.040466
 ( 4   1) <--> ( 6   1)        7.858762      6.862237      4.750780   WU   570.168563    394.732082
 ( 4   1) <--> ( 6   2)       -0.245256      0.006683      0.004627   WU     0.555310      0.384446
 ( 4   1) <--> ( 6   3)        0.686489      0.052363      0.036251   WU     4.350726      3.012041
 ( 4   1) <--> ( 6   4)       -0.099594      0.001102      0.000763   WU     0.091571      0.063396
 ( 4   2) <--> ( 6   1)       -0.034267      0.000130      0.000090   WU     0.010841      0.007505
 ( 4   2) <--> ( 6   2)       -6.768705      5.090597      3.524259   WU   422.966772    292.823150
 ( 4   2) <--> ( 6   3)       -0.079752      0.000707      0.000489   WU     0.058719      0.040651
 ( 4   2) <--> ( 6   4)        0.403456      0.018086      0.012521   WU     1.502750      1.040366
 ( 4   3) <--> ( 6   1)       -0.658639      0.048201      0.033370   WU     4.004889      2.772616
 ( 4   3) <--> ( 6   2)       -0.284549      0.008996      0.006228   WU     0.747498      0.517499
 ( 4   3) <--> ( 6   3)       -0.650230      0.046978      0.032523   WU     3.903276      2.702268
 ( 4   3) <--> ( 6   4)        5.669245      3.571149      2.472334   WU   296.719101    205.420916
 ( 4   4) <--> ( 6   1)        2.329500      0.602952      0.417428   WU    50.098000     34.683231
 ( 4   4) <--> ( 6   2)       -1.282243      0.182683      0.126473   WU    15.178738     10.508357
 ( 4   4) <--> ( 6   3)       10.052522     11.228132      7.773322   WU   932.921391    645.868655
 ( 4   4) <--> ( 6   4)       -0.339206      0.012785      0.008851   WU     1.062241      0.735397
 ( 5   1) <--> ( 5   1)       -2.968245     -2.155323   (eb)
 ( 5   2) <--> ( 5   1)        2.741549      0.683281      0.683281   WU    56.772361     56.772361
 ( 5   2) <--> ( 5   2)        2.531023      1.837844   (eb)
 ( 5   3) <--> ( 5   1)       -0.315304      0.009038      0.009038   WU     0.750936      0.750936
 ( 5   3) <--> ( 5   2)        1.479745      0.199059      0.199059   WU    16.539367     16.539367
 ( 5   3) <--> ( 5   3)       -4.819385     -3.499486   (eb)
 ( 5   4) <--> ( 5   1)       -0.212280      0.004097      0.004097   WU     0.340380      0.340380
 ( 5   4) <--> ( 5   2)       -0.467833      0.019897      0.019897   WU     1.653206      1.653206
 ( 5   4) <--> ( 5   3)       -1.076166      0.105285      0.105285   WU     8.747899      8.747899
 ( 5   4) <--> ( 5   4)        0.053027      0.038505   (eb)
 ( 5   1) <--> ( 6   1)        2.036198      0.376918      0.318931   WU    31.317340     26.499288
 ( 5   1) <--> ( 6   2)        3.871955      1.362913      1.153234   WU   113.241475     95.819710
 ( 5   1) <--> ( 6   3)        0.916610      0.076379      0.064629   WU     6.346205      5.369866
 ( 5   1) <--> ( 6   4)       -2.987032      0.811123      0.686335   WU    67.394509     57.026123
 ( 5   2) <--> ( 6   1)       -0.103635      0.000976      0.000826   WU     0.081126      0.068645
 ( 5   2) <--> ( 6   2)        1.731782      0.272643      0.230698   WU    22.653303     19.168179
 ( 5   2) <--> ( 6   3)        0.139123      0.001760      0.001489   WU     0.146199      0.123707
 ( 5   2) <--> ( 6   4)        2.631728      0.629636      0.532769   WU    52.315068     44.266596
 ( 5   3) <--> ( 6   1)        0.000638      0.000000      0.000000   WU     0.000003      0.000003
 ( 5   3) <--> ( 6   2)        0.627990      0.035852      0.030336   WU     2.978861      2.520575
 ( 5   3) <--> ( 6   3)        2.353364      0.503484      0.426025   WU    41.833391     35.397485
 ( 5   3) <--> ( 6   4)       -1.432098      0.186446      0.157762   WU    15.491386     13.108096
 ( 5   4) <--> ( 6   1)       -0.063144      0.000362      0.000307   WU     0.030117      0.025484
 ( 5   4) <--> ( 6   2)        0.221461      0.004459      0.003773   WU     0.370457      0.313463
 ( 5   4) <--> ( 6   3)        0.134564      0.001646      0.001393   WU     0.136774      0.115732
 ( 5   4) <--> ( 6   4)        0.892864      0.072473      0.061324   WU     6.021654      5.095245
 ( 5   1) <--> ( 7   1)        8.006788      5.828059      4.273910   WU   484.240931    355.110016
 ( 5   1) <--> ( 7   2)        0.111200      0.001124      0.000824   WU     0.093402      0.068495
 ( 5   1) <--> ( 7   3)       -0.231986      0.004892      0.003588   WU     0.406506      0.298104
 ( 5   1) <--> ( 7   4)       -0.099186      0.000894      0.000656   WU     0.074310      0.054494
 ( 5   2) <--> ( 7   1)       -0.560613      0.028572      0.020952   WU     2.373952      1.740898
 ( 5   2) <--> ( 7   2)       -6.013800      3.287800      2.411053   WU   273.176211    200.329221
 ( 5   2) <--> ( 7   3)       -0.688216      0.043058      0.031576   WU     3.577627      2.623593
 ( 5   2) <--> ( 7   4)       -0.117491      0.001255      0.000920   WU     0.104269      0.076464
 ( 5   3) <--> ( 7   1)        2.773062      0.699079      0.512658   WU    58.085009     42.595673
 ( 5   3) <--> ( 7   2)        3.548042      1.144419      0.839240   WU    95.087288     69.730678
 ( 5   3) <--> ( 7   3)      -10.468683      9.963029      7.306221   WU   827.806640    607.058203
 ( 5   3) <--> ( 7   4)       -0.442060      0.017765      0.013028   WU     1.476072      1.082453
 ( 5   4) <--> ( 7   1)       -0.386239      0.013562      0.009945   WU     1.126829      0.826341
 ( 5   4) <--> ( 7   2)       -0.971229      0.085753      0.062886   WU     7.125050      5.225037
 ( 5   4) <--> ( 7   3)       -1.020990      0.094766      0.069495   WU     7.873869      5.774170
 ( 5   4) <--> ( 7   4)        3.108368      0.878359      0.644130   WU    72.981003     53.519402
 ( 6   1) <--> ( 6   1)       -6.283021     -4.380504   (eb)
 ( 6   2) <--> ( 6   1)        2.407029      0.445676      0.445676   WU    37.030277     37.030277
 ( 6   2) <--> ( 6   2)       -1.983243     -1.382711   (eb)
 ( 6   3) <--> ( 6   1)       -0.938609      0.067768      0.067768   WU     5.630721      5.630721
 ( 6   3) <--> ( 6   2)        1.679434      0.216961      0.216961   WU    18.026853     18.026853
 ( 6   3) <--> ( 6   3)       -8.551219     -5.961885   (eb)
 ( 6   4) <--> ( 6   1)       -0.439157      0.014835      0.014835   WU     1.232634      1.232634
 ( 6   4) <--> ( 6   2)        4.274174      1.405274      1.405274   WU   116.761208    116.761208
 ( 6   4) <--> ( 6   3)        1.106649      0.094206      0.094206   WU     7.827342      7.827342
 ( 6   4) <--> ( 6   4)        1.061951      0.740389   (eb)
 ( 6   1) <--> ( 7   1)       -0.453497      0.015820      0.013711   WU     1.314449      1.139189
 ( 6   1) <--> ( 7   2)       -0.053105      0.000217      0.000188   WU     0.018024      0.015621
 ( 6   1) <--> ( 7   3)       -0.091938      0.000650      0.000564   WU     0.054024      0.046821
 ( 6   1) <--> ( 7   4)        0.029998      0.000069      0.000060   WU     0.005752      0.004985
 ( 6   2) <--> ( 7   1)        3.776325      1.096972      0.950709   WU    91.145021     78.992352
 ( 6   2) <--> ( 7   2)        0.173906      0.002326      0.002016   WU     0.193296      0.167523
 ( 6   2) <--> ( 7   3)       -0.149853      0.001727      0.001497   WU     0.143523      0.124387
 ( 6   2) <--> ( 7   4)        0.250913      0.004843      0.004197   WU     0.402384      0.348733
 ( 6   3) <--> ( 7   1)        0.737074      0.041791      0.036219   WU     3.472292      3.009320
 ( 6   3) <--> ( 7   2)       -0.471885      0.017129      0.014845   WU     1.423204      1.233443
 ( 6   3) <--> ( 7   3)        0.282002      0.006117      0.005302   WU     0.508274      0.440504
 ( 6   3) <--> ( 7   4)        0.150977      0.001753      0.001520   WU     0.145685      0.126261
 ( 6   4) <--> ( 7   1)       -1.937719      0.288827      0.250317   WU    23.998032     20.798294
 ( 6   4) <--> ( 7   2)       -4.758450      1.741757      1.509523   WU   144.718857    125.423009
 ( 6   4) <--> ( 7   3)       -0.656836      0.033187      0.028762   WU     2.757452      2.389792
 ( 6   4) <--> ( 7   4)        0.347924      0.009312      0.008070   WU     0.773685      0.670527
 ( 6   1) <--> ( 8   1)        9.666887      7.188361      5.496982   WU   597.265494    456.732436
 ( 6   1) <--> ( 8   2)       -0.392962      0.011878      0.009083   WU     0.986950      0.754726
 ( 6   1) <--> ( 8   3)       -0.558631      0.024005      0.018357   WU     1.994549      1.525244
 ( 6   1) <--> ( 8   4)        0.043513      0.000146      0.000111   WU     0.012101      0.009254
 ( 6   2) <--> ( 8   1)       -0.126697      0.001235      0.000944   WU     0.102595      0.078455
 ( 6   2) <--> ( 8   2)        8.879213      6.064648      4.637672   WU   503.898592    385.334217
 ( 6   2) <--> ( 8   3)       -0.356581      0.009781      0.007479   WU     0.812661      0.621447
 ( 6   2) <--> ( 8   4)        0.677678      0.035327      0.027015   WU     2.935224      2.244583
 ( 6   3) <--> ( 8   1)        2.913456      0.652940      0.499307   WU    54.251419     41.486379
 ( 6   3) <--> ( 8   2)       -2.051869      0.323859      0.247657   WU    26.908732     20.577266
 ( 6   3) <--> ( 8   3)      -12.732075     12.469672      9.535631   WU  1036.078239    792.295124
 ( 6   3) <--> ( 8   4)        0.073262      0.000413      0.000316   WU     0.034304      0.026233
 ( 6   4) <--> ( 8   1)       -0.777667      0.046521      0.035575   WU     3.865289      2.955809
 ( 6   4) <--> ( 8   2)       -0.502476      0.019422      0.014852   WU     1.613707      1.234011
 ( 6   4) <--> ( 8   3)        0.823723      0.052194      0.039913   WU     4.336676      3.316282
 ( 6   4) <--> ( 8   4)       -8.147627      5.106448      3.904931   WU   424.283835    324.452344
 ( 7   1) <--> ( 7   1)       -4.826831     -3.232345   (eb)
 ( 7   2) <--> ( 7   1)       -3.379401      0.761357      0.761357   WU    63.259494     63.259494
 ( 7   2) <--> ( 7   2)       -0.890259     -0.596173   (eb)
 ( 7   3) <--> ( 7   1)        0.034512      0.000079      0.000079   WU     0.006598      0.006598
 ( 7   3) <--> ( 7   2)        3.192952      0.679663      0.679663   WU    56.471730     56.471730
 ( 7   3) <--> ( 7   3)       -6.878376     -4.606186   (eb)
 ( 7   4) <--> ( 7   1)       -0.224546      0.003361      0.003361   WU     0.279290      0.279290
 ( 7   4) <--> ( 7   2)       -3.769330      0.947190      0.947190   WU    78.699973     78.699973
 ( 7   4) <--> ( 7   3)       -0.469700      0.014708      0.014708   WU     1.222043      1.222043
 ( 7   4) <--> ( 7   4)        2.345526      1.570710   (eb)
 ( 7   1) <--> ( 8   1)        2.466142      0.405457      0.357756   WU    33.688560     29.725200
 ( 7   1) <--> ( 8   2)        3.499112      0.816252      0.720223   WU    67.820643     59.841744
 ( 7   1) <--> ( 8   3)       -1.422850      0.134967      0.119088   WU    11.214109      9.894802
 ( 7   1) <--> ( 8   4)        2.672479      0.476143      0.420126   WU    39.561707     34.907389
 ( 7   2) <--> ( 8   1)        0.083904      0.000469      0.000414   WU     0.038996      0.034408
 ( 7   2) <--> ( 8   2)       -2.338470      0.364563      0.321673   WU    30.290736     26.727120
 ( 7   2) <--> ( 8   3)       -0.351033      0.008215      0.007248   WU     0.682563      0.602262
 ( 7   2) <--> ( 8   4)        2.993591      0.597439      0.527152   WU    49.639922     43.799931
 ( 7   3) <--> ( 8   1)        0.108471      0.000784      0.000692   WU     0.065174      0.057506
 ( 7   3) <--> ( 8   2)       -0.814686      0.044248      0.039042   WU     3.676432      3.243911
 ( 7   3) <--> ( 8   3)        2.900346      0.560800      0.494824   WU    46.595699     41.113852
 ( 7   3) <--> ( 8   4)       -0.933280      0.058067      0.051236   WU     4.824695      4.257084
 ( 7   4) <--> ( 8   1)       -0.007439      0.000004      0.000003   WU     0.000307      0.000270
 ( 7   4) <--> ( 8   2)        0.054948      0.000201      0.000178   WU     0.016724      0.014757
 ( 7   4) <--> ( 8   3)       -0.010920      0.000008      0.000007   WU     0.000660      0.000583
 ( 7   4) <--> ( 8   4)       -1.832189      0.223794      0.197466   WU    18.594590     16.406991
 ( 7   1) <--> ( 9   1)       10.274735      7.038012      5.556325   WU   584.773306    461.663136
 ( 7   1) <--> ( 9   2)        0.008832      0.000005      0.000004   WU     0.000432      0.000341
 ( 7   1) <--> ( 9   3)        0.136007      0.001233      0.000974   WU     0.102464      0.080892
 ( 7   1) <--> ( 9   4)       -0.108742      0.000788      0.000622   WU     0.065500      0.051711
 ( 7   2) <--> ( 9   1)        1.690916      0.190613      0.150484   WU    15.837631     12.503393
 ( 7   2) <--> ( 9   2)       -8.867872      5.242610      4.138903   WU   435.597243    343.892561
 ( 7   2) <--> ( 9   3)        3.334446      0.741235      0.585186   WU    61.587651     48.621830
 ( 7   2) <--> ( 9   4)        0.088104      0.000517      0.000409   WU     0.042997      0.033945
 ( 7   3) <--> ( 9   1)       -3.896800      1.012337      0.799213   WU    84.112891     66.404914
 ( 7   3) <--> ( 9   2)        8.451536      4.761898      3.759393   WU   395.655845    312.359877
 ( 7   3) <--> ( 9   3)       10.304474      7.078813      5.588536   WU   588.163351    464.339487
 ( 7   3) <--> ( 9   4)        0.094644      0.000597      0.000471   WU     0.049617      0.039172
 ( 7   4) <--> ( 9   1)       -0.555604      0.020580      0.016247   WU     1.709928      1.349943
 ( 7   4) <--> ( 9   2)       -0.874799      0.051018      0.040278   WU     4.238998      3.346577
 ( 7   4) <--> ( 9   3)        1.005451      0.067395      0.053207   WU     5.599739      4.420847
 ( 7   4) <--> ( 9   4)        7.900603      4.161302      3.285238   WU   345.753653    272.963410
 ( 8   1) <--> ( 8   1)       -7.294006     -4.698770   (eb)
 ( 8   2) <--> ( 8   1)        2.784783      0.456178      0.456178   WU    37.902811     37.902811
 ( 8   2) <--> ( 8   2)       -3.461074     -2.229610   (eb)
 ( 8   3) <--> ( 8   1)        0.860524      0.043559      0.043559   WU     3.619214      3.619214
 ( 8   3) <--> ( 8   2)       -2.284380      0.306964      0.306964   WU    25.504988     25.504988
 ( 8   3) <--> ( 8   3)      -10.010212     -6.448539   (eb)
 ( 8   4) <--> ( 8   1)        0.518791      0.015832      0.015832   WU     1.315445      1.315445
 ( 8   4) <--> ( 8   2)       -4.904295      1.414830      1.414830   WU   117.555205    117.555205
 ( 8   4) <--> ( 8   3)        1.114737      0.073096      0.073096   WU     6.073420      6.073420
 ( 8   4) <--> ( 8   4)       -0.167647     -0.107997   (eb)
 ( 8   1) <--> ( 9   1)       -0.314073      0.005802      0.005192   WU     0.482113      0.431364
 ( 8   1) <--> ( 9   2)       -0.018582      0.000020      0.000018   WU     0.001688      0.001510
 ( 8   1) <--> ( 9   3)       -0.123858      0.000902      0.000807   WU     0.074979      0.067086
 ( 8   1) <--> ( 9   4)        0.043480      0.000111      0.000100   WU     0.009240      0.008267
 ( 8   2) <--> ( 9   1)        3.452166      0.701026      0.627234   WU    58.246778     52.115538
 ( 8   2) <--> ( 9   2)        0.114792      0.000775      0.000694   WU     0.064404      0.057625
 ( 8   2) <--> ( 9   3)       -0.123567      0.000898      0.000804   WU     0.074627      0.066771
 ( 8   2) <--> ( 9   4)        0.293794      0.005077      0.004543   WU     0.421865      0.377459
 ( 8   3) <--> ( 9   1)       -0.912175      0.048945      0.043793   WU     4.066727      3.638650
 ( 8   3) <--> ( 9   2)       -0.350020      0.007207      0.006448   WU     0.598790      0.535759
 ( 8   3) <--> ( 9   3)       -0.040079      0.000094      0.000085   WU     0.007851      0.007025
 ( 8   3) <--> ( 9   4)       -0.232394      0.003177      0.002842   WU     0.263959      0.236174
 ( 8   4) <--> ( 9   1)        2.101331      0.259741      0.232400   WU    21.581296     19.309581
 ( 8   4) <--> ( 9   2)       -3.657112      0.786733      0.703919   WU    65.367987     58.487147
 ( 8   4) <--> ( 9   3)        2.348311      0.324386      0.290240   WU    26.952557     24.115445
 ( 8   4) <--> ( 9   4)       -0.734677      0.031750      0.028408   WU     2.638039      2.360351
 ( 8   1) <--> (10   1)       11.486204      7.760757      6.282518   WU   644.824655    522.000911
 ( 8   1) <--> (10   2)       -0.494684      0.014395      0.011653   WU     1.196035      0.968219
 ( 8   1) <--> (10   3)       -0.234364      0.003231      0.002616   WU     0.268455      0.217321
 ( 8   1) <--> (10   4)       -0.007058      0.000003      0.000002   WU     0.000243      0.000197
 ( 8   2) <--> (10   1)       -0.576959      0.019581      0.015852   WU     1.626968      1.317070
 ( 8   2) <--> (10   2)       10.804957      6.867476      5.559385   WU   570.603831    461.917387
 ( 8   2) <--> (10   3)       -2.190283      0.282196      0.228445   WU    23.447098     18.980984
 ( 8   2) <--> (10   4)       -0.706541      0.029365      0.023771   WU     2.439850      1.975117
 ( 8   3) <--> (10   1)       -3.689580      0.800765      0.648238   WU    66.533804     53.860699
 ( 8   3) <--> (10   2)        5.438157      1.739620      1.408264   WU   144.541330    117.009648
 ( 8   3) <--> (10   3)       14.336879     12.090947      9.787909   WU  1004.610819    813.256377
 ( 8   3) <--> (10   4)       -0.194953      0.002236      0.001810   WU     0.185758      0.150375
 ( 8   4) <--> (10   1)        0.821134      0.039662      0.032108   WU     3.295461      2.667754
 ( 8   4) <--> (10   2)        0.763832      0.034320      0.027783   WU     2.851568      2.308412
 ( 8   4) <--> (10   3)       -1.402212      0.115659      0.093629   WU     9.609840      7.779394
 ( 8   4) <--> (10   4)      -10.447659      6.420799      5.197789   WU   533.490374    431.873160
 ( 9   1) <--> ( 9   1)       -6.625539     -4.113679   (eb)
 ( 9   2) <--> ( 9   1)        3.618216      0.689026      0.689026   WU    57.249653     57.249653
 ( 9   2) <--> ( 9   2)       -7.059977     -4.383414   (eb)
 ( 9   3) <--> ( 9   1)       -1.433215      0.108111      0.108111   WU     8.982692      8.982692
 ( 9   3) <--> ( 9   2)       -4.294002      0.970445      0.970445   WU    80.632180     80.632180
 ( 9   3) <--> ( 9   3)       -4.679845     -2.905632   (eb)
 ( 9   4) <--> ( 9   1)       -0.195924      0.002020      0.002020   WU     0.167865      0.167865
 ( 9   4) <--> ( 9   2)        4.265287      0.957509      0.957509   WU    79.557363     79.557363
 ( 9   4) <--> ( 9   3)       -2.114406      0.235301      0.235301   WU    19.550635     19.550635
 ( 9   4) <--> ( 9   4)       -2.002265     -1.243171   (eb)
 ( 9   1) <--> (10   1)        2.831358      0.421926      0.381742   WU    35.056905     31.718152
 ( 9   1) <--> (10   2)        2.747902      0.397419      0.359570   WU    33.020707     29.875878
 ( 9   1) <--> (10   3)       -2.570864      0.347860      0.314731   WU    28.902952     26.150290
 ( 9   1) <--> (10   4)       -2.583892      0.351395      0.317928   WU    29.196625     26.415994
 ( 9   2) <--> (10   1)        0.125619      0.000831      0.000751   WU     0.069008      0.062436
 ( 9   2) <--> (10   2)        2.591021      0.353336      0.319685   WU    29.357959     26.561963
 ( 9   2) <--> (10   3)        1.426019      0.107028      0.096835   WU     8.892715      8.045789
 ( 9   2) <--> (10   4)        3.272621      0.563687      0.510002   WU    46.835519     42.374993
 ( 9   3) <--> (10   1)        0.222111      0.002596      0.002349   WU     0.215737      0.195191
 ( 9   3) <--> (10   2)       -1.341705      0.094746      0.085722   WU     7.872232      7.122496
 ( 9   3) <--> (10   3)        3.113982      0.510362      0.461756   WU    42.404904     38.366341
 ( 9   3) <--> (10   4)       -0.303479      0.004847      0.004386   WU     0.402755      0.364397
 ( 9   4) <--> (10   1)       -0.018487      0.000018      0.000016   WU     0.001495      0.001352
 ( 9   4) <--> (10   2)        0.187623      0.001853      0.001676   WU     0.153942      0.139281
 ( 9   4) <--> (10   3)        0.000670      0.000000      0.000000   WU     0.000002      0.000002
 ( 9   4) <--> (10   4)        2.493710      0.327294      0.296123   WU    27.194170     24.604249
 (10   1) <--> (10   1)       -8.380065     -5.024632   (eb)
 (10   2) <--> (10   1)        3.266299      0.508034      0.508034   WU    42.211446     42.211446
 (10   2) <--> (10   2)       -6.337421     -3.799876   (eb)
 (10   3) <--> (10   1)        0.208207      0.002064      0.002064   WU     0.171518      0.171518
 (10   3) <--> (10   2)       -3.695121      0.650187      0.650187   WU    54.022608     54.022608
 (10   3) <--> (10   3)       -9.959434     -5.971611   (eb)
 (10   4) <--> (10   1)       -0.518335      0.012794      0.012794   WU     1.063013      1.063013
 (10   4) <--> (10   2)        5.320997      1.348239      1.348239   WU   112.022261    112.022261
 (10   4) <--> (10   3)       -2.009031      0.192200      0.192200   WU    15.969501     15.969501
 (10   4) <--> (10   4)       -2.124215     -1.273666   (eb)
 
  quadrupole shape invariant: 01+, 02+, 03+, 04+
quadr2    13.38497489    13.74091192    20.18688922    28.27478655
quadr3    42.87684589    33.60096290    80.55426281   152.99704682
  effective deformation parameters:  01+, 02+, 03+, 04+
beteff     0.26866696     0.27221576     0.32994396     0.39048571
cos3ga     0.87558132     0.65967251     0.88814613     1.01761628
 
 ********* END Transition **************************
