 ********* BEGIN READER ****************************
 
 Nucleus            :  Fm 100 176
 Imin, Imax         :     0  10
 imu, remu          :     1 12.0000
 nlevel             :     4
 observables        :     2
 wave fun           :     1
 nbet, ngam, npar   :    10   7  10
 Finish reading parameters: V, B_k ...
 
 ********* END READER ******************************
 
 ********* BEGIN LEVELS ********************
 
 E_0 = -2001.140893
 
  I=   0   ntot= 127
   0   1    0.000000
   0   2    1.145541
   0   3    2.212638
   0   4    2.276983
 
  I=   2   ntot= 234
   2   1    0.620068
   2   2    1.543775
   2   3    1.938677
   2   4    2.379951
 
  I=   3   ntot= 108
   3   1    2.511417
   3   2    2.904240
   3   3    3.558111
   3   4    3.665544
 
  I=   4   ntot= 324
   4   1    1.383033
   4   2    2.381592
   4   3    2.470784
   4   4    2.718781
 
  I=   5   ntot= 198
   5   1    3.025655
   5   2    3.410030
   5   3    3.563583
   5   4    3.789170
 
  I=   6   ntot= 432
   6   1    2.251635
   6   2    2.612424
   6   3    3.105400
   6   4    3.182552
 
  I=   7   ntot= 306
   7   1    3.198903
   7   2    3.744038
   7   3    3.986616
   7   4    4.200348
 
  I=   8   ntot= 522
   8   1    2.803698
   8   2    3.185772
   8   3    3.303544
   8   4    3.647346
 
  I=   9   ntot= 397
   9   1    3.422437
   9   2    3.975226
   9   3    4.230814
   9   4    4.443869
 
  I=  10   ntot= 630
  10   1    3.043243
  10   2    3.550957
  10   3    3.894783
  10   4    4.049451
 
 ********* END LEVELS **********************
 
 ********* BEGIN Transition ************************
 
  Monopole moment 
 
   I   n    <In|E0|In>   ave \beta      del<b>   ave \gamma    del<g>  
     K=0       K=2       K=4   
   0   1     36.960845    0.115398    0.032377   34.502165   11.064261  100.0000    0.0000    0.0000
   0   2     37.099515    0.148046    0.046029   40.661020    9.441385  100.0000    0.0000    0.0000
   0   3     37.323948    0.187837    0.057513   41.541806    9.697917  100.0000    0.0000    0.0000
   0   4     37.098423    0.149934    0.043764   23.954683   13.982093  100.0000    0.0000    0.0000
   2   1     37.024448    0.134265    0.031563   37.930629   10.238837   40.1770   59.8230    0.0000
   2   2     37.069606    0.142489    0.041702   34.297218   12.427917   62.2780   37.7220    0.0000
   2   3     37.181620    0.165234    0.048203   37.746981   11.224832   44.6375   55.3625    0.0000
   2   4     40.232270    0.539941    0.056726    8.082256    7.183409   99.9947    0.0049    0.0000
   3   1     37.136546    0.159206    0.034350   31.677594    8.424320    0.0000  100.0000    0.0000
   3   2     40.267146    0.537219    0.058425   11.013586    6.520384    0.0000   99.9996    0.0000
   3   3     37.911788    0.287534    0.148682   21.749141   15.018313    0.0000   99.9999    0.0000
   3   4     39.616585    0.481914    0.138623   12.702188   10.851368    0.0000   99.9993    0.0000
   4   1     37.097581    0.151116    0.031436   39.998592    9.549850   24.2935   37.2077   38.4989
   4   2     37.221195    0.171449    0.050027   39.671679   11.644454   40.9708   23.5289   35.5003
   4   3     40.247415    0.541237    0.056577    8.040853    7.140037   99.9445    0.0544    0.0007
   4   4     37.258217    0.180087    0.052908   34.999775   12.313105   48.3329   17.9998   33.6673
   5   1     40.293635    0.539518    0.057981   10.922516    6.425230    0.0000   99.9409    0.0587
   5   2     37.252689    0.180950    0.042004   32.851426    9.625187    0.0000   47.0409   52.9591
   5   3     40.348389    0.538268    0.059040   13.324097    6.255115    0.0000    0.2147   99.7850
   5   4     40.089272    0.522094    0.103798   12.252696   10.064986    0.0000   99.2289    0.7702
   6   1     37.185455    0.167810    0.032645   41.279112    9.102929   17.7733   29.8966   24.2542
   6   2     40.270071    0.543158    0.056391    7.988605    7.083678   99.7637    0.2352    0.0004
   6   3     40.307432    0.540711    0.058021   10.876521    6.430957    0.5813   99.2682    0.1412
   6   4     37.472015    0.209972    0.057525   42.911474    9.986850   20.1885   26.3077   21.8360
   7   1     40.328214    0.542486    0.057535   10.816542    6.321424    0.0000   99.7398    0.2581
   7   2     40.394947    0.542326    0.057925   13.140721    6.103466    0.0000    0.6916   99.1110
   7   3     40.224464    0.534324    0.099005   11.761766    9.155893    0.0000   98.7502    1.2008
   7   4     40.344696    0.533948    0.064163   14.823826    6.836972    0.0000   97.4362    2.2215
   8   1     40.298925    0.545574    0.056214    7.938304    7.020973   99.3492    0.6487    0.0011
   8   2     37.306282    0.187471    0.036782   42.120823    8.950843   14.4071   25.5188   20.6871
   8   3     40.344153    0.543850    0.057532   10.767395    6.373748    1.4966   98.0592    0.4396
   8   4     40.345668    0.551007    0.094524    8.715495    9.516567   98.2599    1.7044    0.0190
   9   1     40.368701    0.545915    0.057097   10.709615    6.214406    0.0000   99.3065    0.6891
   9   2     40.443439    0.546487    0.057076   12.970118    5.986421    0.0000    1.5581   97.7127
   9   3     40.327640    0.543390    0.095152   11.453911    8.320055    0.0000   98.1135    1.8440
   9   4     40.417124    0.539946    0.057466   14.609216    6.832463    0.0000   96.7122    3.1145
  10   1     40.333281    0.548411    0.056059    7.900048    6.956188   98.6023    1.3919    0.0047
  10   2     40.385381    0.547332    0.057161   10.660622    6.350223    3.0680   95.9200    1.0060
  10   3     40.415695    0.556807    0.092149    8.631782    8.823589   97.1059    2.8481    0.0307
  10   4     40.409657    0.544786    0.057451   12.555004    6.793256   94.2455    5.4258    0.2558
 
  rho^2(E0) 
 
   I  n_1 n_2  <In_1|E0|In_2>  rho^2(E0) 
   0   1   1       36.960845 3666.175458
   0   2   1       -0.093891    0.023658
   0   2   2       37.099515 3693.736654
   0   3   1        0.018735    0.000942
   0   3   2       -0.173890    0.081148
   0   3   3       37.323948 3738.562345
   0   4   1        0.035631    0.003407
   0   4   2        0.048773    0.006384
   0   4   3       -0.053907    0.007799
   0   4   4       37.098423 3693.519186
   2   1   1       37.024448 3678.803988
   2   2   1       -0.072724    0.014193
   2   2   2       37.069606 3687.783440
   2   3   1       -0.101734    0.027775
   2   3   2        0.074348    0.014834
   2   3   3       37.181620 3710.103931
   2   4   1        0.000102    0.000000
   2   4   2       -0.000120    0.000000
   2   4   3        0.002777    0.000021
   2   4   4       40.232270 4343.887103
   3   1   1       37.136546 3701.114204
   3   2   1       -0.007275    0.000142
   3   2   2       40.267146 4351.421627
   3   3   1       -0.148618    0.059275
   3   3   2       -0.272133    0.198744
   3   3   3       37.911788 3857.251964
   3   4   1       -0.066852    0.011994
   3   4   2        0.592556    0.942298
   3   4   3       -0.919100    2.267019
   3   4   4       39.616585 4211.953254
   4   1   1       37.097581 3693.351475
   4   2   1       -0.122901    0.040536
   4   2   2       37.221195 3718.006012
   4   3   1       -0.000238    0.000000
   4   3   2        0.002703    0.000020
   4   3   3       40.247415 4347.158237
   4   4   1        0.088708    0.021118
   4   4   2       -0.131986    0.046750
   4   4   3        0.018035    0.000873
   4   4   4       37.258217 3725.405910
   5   1   1       40.293635 4357.148593
   5   2   1       -0.023502    0.001482
   5   2   2       37.252689 3724.300576
   5   3   1        0.014570    0.000570
   5   3   2       -0.044702    0.005363
   5   3   3       40.348389 4368.998116
   5   4   1        0.660676    1.171403
   5   4   2       -0.068301    0.012519
   5   4   3       -0.034656    0.003223
   5   4   4       40.089272 4313.063011
   6   1   1       37.185455 3710.869344
   6   2   1       -0.000990    0.000003
   6   2   2       40.270071 4352.053832
   6   3   1       -0.003652    0.000036
   6   3   2       -0.014546    0.000568
   6   3   3       40.307432 4360.132788
   6   4   1       -0.173622    0.080899
   6   4   2       -0.005876    0.000093
   6   4   3       -0.052551    0.007411
   6   4   4       37.472015 3768.283506
   7   1   1       40.328214 4364.630168
   7   2   1        0.023377    0.001467
   7   2   2       40.394947 4379.086823
   7   3   1        0.675952    1.226201
   7   3   2       -0.041375    0.004594
   7   3   3       40.224464 4342.201635
   7   4   1       -0.138013    0.051118
   7   4   2       -0.061822    0.010257
   7   4   3       -0.220875    0.130925
   7   4   4       40.344696 4368.198449
   8   1   1       40.298925 4358.292704
   8   2   1        0.004388    0.000052
   8   2   2       37.306282 3735.024104
   8   3   1        0.019745    0.001046
   8   3   2        0.016543    0.000734
   8   3   3       40.344153 4368.080870
   8   4   1       -0.668840    1.200532
   8   4   2       -0.013573    0.000494
   8   4   3        0.042858    0.004929
   8   4   4       40.345668 4368.408879
   9   1   1       40.368701 4373.398156
   9   2   1        0.027773    0.002070
   9   2   2       40.443439 4389.606743
   9   3   1       -0.684572    1.257671
   9   3   2        0.042878    0.004934
   9   3   3       40.327640 4364.505820
   9   4   1        0.083134    0.018548
   9   4   2        0.063721    0.010897
   9   4   3       -0.172529    0.079883
   9   4   4       40.417124 4383.896329
  10   1   1       40.333281 4365.726909
  10   2   1        0.023271    0.001453
  10   2   2       40.385381 4377.012866
  10   3   1        0.673454    1.217152
  10   3   2       -0.049725    0.006636
  10   3   3       40.415695 4383.586381
  10   4   1       -0.039511    0.004190
  10   4   2       -0.054334    0.007923
  10   4   3       -0.168665    0.076345
  10   4   4       40.409657 4382.276687
 
  E2 transition 
 
  I1  n1        I2  n2       <f||E2||i>   B(E2,I1->I2)  B(E2,I2->I1)
 ( 0   1) <--> ( 2   1)        1.407014      1.979689      0.395938   WU   185.466277     37.093255
 ( 0   1) <--> ( 2   2)        0.549842      0.302326      0.060465   WU    28.323297      5.664659
 ( 0   1) <--> ( 2   3)       -0.337656      0.114012      0.022802   WU    10.681119      2.136224
 ( 0   1) <--> ( 2   4)        0.000412      0.000000      0.000000   WU     0.000016      0.000003
 ( 0   2) <--> ( 2   1)       -0.808022      0.652900      0.130580   WU    61.166675     12.233335
 ( 0   2) <--> ( 2   2)        0.955939      0.913819      0.182764   WU    85.610713     17.122143
 ( 0   2) <--> ( 2   3)        1.244391      1.548509      0.309702   WU   145.071376     29.014275
 ( 0   2) <--> ( 2   4)        0.000434      0.000000      0.000000   WU     0.000018      0.000004
 ( 0   3) <--> ( 2   1)        0.029546      0.000873      0.000175   WU     0.081784      0.016357
 ( 0   3) <--> ( 2   2)       -0.262975      0.069156      0.013831   WU     6.478852      1.295770
 ( 0   3) <--> ( 2   3)       -1.410319      1.988998      0.397800   WU   186.338444     37.267689
 ( 0   3) <--> ( 2   4)       -0.073383      0.005385      0.001077   WU     0.504496      0.100899
 ( 0   4) <--> ( 2   1)        0.157236      0.024723      0.004945   WU     2.316180      0.463236
 ( 0   4) <--> ( 2   2)        1.010405      1.020919      0.204184   WU    95.644372     19.128874
 ( 0   4) <--> ( 2   3)       -0.480626      0.231001      0.046200   WU    21.641268      4.328254
 ( 0   4) <--> ( 2   4)       -0.074375      0.005532      0.001106   WU     0.518228      0.103646
 ( 2   1) <--> ( 2   1)        1.229194      0.931647   (eb)
 ( 2   2) <--> ( 2   1)       -1.559532      0.486428      0.486428   WU    45.570801     45.570801
 ( 2   2) <--> ( 2   2)       -0.249153     -0.188841   (eb)
 ( 2   3) <--> ( 2   1)        0.608872      0.074145      0.074145   WU     6.946245      6.946245
 ( 2   3) <--> ( 2   2)        1.480165      0.438178      0.438178   WU    41.050482     41.050482
 ( 2   3) <--> ( 2   3)        0.562783      0.426552   (eb)
 ( 2   4) <--> ( 2   1)       -0.000561      0.000000      0.000000   WU     0.000006      0.000006
 ( 2   4) <--> ( 2   2)       -0.003190      0.000002      0.000002   WU     0.000191      0.000191
 ( 2   4) <--> ( 2   3)       -0.014039      0.000039      0.000039   WU     0.003693      0.003693
 ( 2   4) <--> ( 2   4)       -9.330074     -7.071573   (eb)
 ( 2   1) <--> ( 3   1)        1.091416      0.238238      0.170170   WU    22.319181     15.942272
 ( 2   1) <--> ( 3   2)        0.004337      0.000004      0.000003   WU     0.000352      0.000252
 ( 2   1) <--> ( 3   3)        0.096395      0.001858      0.001327   WU     0.174104      0.124360
 ( 2   1) <--> ( 3   4)        0.040792      0.000333      0.000238   WU     0.031178      0.022270
 ( 2   2) <--> ( 3   1)       -1.860575      0.692348      0.494534   WU    64.862311     46.330222
 ( 2   2) <--> ( 3   2)       -0.002045      0.000001      0.000001   WU     0.000078      0.000056
 ( 2   2) <--> ( 3   3)        0.290272      0.016852      0.012037   WU     1.578728      1.127663
 ( 2   2) <--> ( 3   4)        0.162629      0.005290      0.003778   WU     0.495559      0.353971
 ( 2   3) <--> ( 3   1)        0.918576      0.168756      0.120540   WU    15.809875     11.292768
 ( 2   3) <--> ( 3   2)        0.013322      0.000035      0.000025   WU     0.003325      0.002375
 ( 2   3) <--> ( 3   3)        0.963082      0.185505      0.132504   WU    17.378992     12.413566
 ( 2   3) <--> ( 3   4)        0.489952      0.048011      0.034293   WU     4.497857      3.212755
 ( 2   4) <--> ( 3   1)        0.003227      0.000002      0.000001   WU     0.000195      0.000139
 ( 2   4) <--> ( 3   2)       -1.100697      0.242307      0.173076   WU    22.700408     16.214577
 ( 2   4) <--> ( 3   3)       -0.007555      0.000011      0.000008   WU     0.001070      0.000764
 ( 2   4) <--> ( 3   4)        0.018597      0.000069      0.000049   WU     0.006480      0.004629
 ( 2   1) <--> ( 4   1)        2.610854      1.363312      0.757396   WU   127.721292     70.956273
 ( 2   1) <--> ( 4   2)        0.513357      0.052707      0.029282   WU     4.937843      2.743246
 ( 2   1) <--> ( 4   3)       -0.001915      0.000001      0.000000   WU     0.000069      0.000038
 ( 2   1) <--> ( 4   4)        0.467522      0.043715      0.024286   WU     4.095453      2.275252
 ( 2   2) <--> ( 4   1)       -0.690637      0.095396      0.052998   WU     8.937122      4.965068
 ( 2   2) <--> ( 4   2)        2.337215      1.092514      0.606952   WU   102.351724     56.862069
 ( 2   2) <--> ( 4   3)       -0.003685      0.000003      0.000002   WU     0.000254      0.000141
 ( 2   2) <--> ( 4   4)        0.643759      0.082885      0.046047   WU     7.765057      4.313921
 ( 2   3) <--> ( 4   1)       -1.153338      0.266038      0.147799   WU    24.923636     13.846464
 ( 2   3) <--> ( 4   2)        1.210516      0.293070      0.162816   WU    27.456092     15.253385
 ( 2   3) <--> ( 4   3)        0.022348      0.000100      0.000055   WU     0.009358      0.005199
 ( 2   3) <--> ( 4   4)       -2.694161      1.451701      0.806501   WU   136.001972     75.556651
 ( 2   4) <--> ( 4   1)        0.000948      0.000000      0.000000   WU     0.000017      0.000009
 ( 2   4) <--> ( 4   2)        0.007196      0.000010      0.000006   WU     0.000970      0.000539
 ( 2   4) <--> ( 4   3)       12.565750     31.579615     17.544231   WU  2958.522323   1643.623513
 ( 2   4) <--> ( 4   4)        0.056108      0.000630      0.000350   WU     0.058986      0.032770
 ( 3   1) <--> ( 3   1)        0.000000      0.000000   (eb)
 ( 3   2) <--> ( 3   1)        0.000000      0.000000      0.000000   WU     0.000000      0.000000
 ( 3   2) <--> ( 3   2)        0.000000      0.000000   (eb)
 ( 3   3) <--> ( 3   1)        0.000000      0.000000      0.000000   WU     0.000000      0.000000
 ( 3   3) <--> ( 3   2)        0.000000      0.000000      0.000000   WU     0.000000      0.000000
 ( 3   3) <--> ( 3   3)        0.000000      0.000000   (eb)
 ( 3   4) <--> ( 3   1)        0.000000      0.000000      0.000000   WU     0.000000      0.000000
 ( 3   4) <--> ( 3   2)        0.000000      0.000000      0.000000   WU     0.000000      0.000000
 ( 3   4) <--> ( 3   3)        0.000000      0.000000      0.000000   WU     0.000000      0.000000
 ( 3   4) <--> ( 3   4)        0.000000      0.000000   (eb)
 ( 3   1) <--> ( 4   1)        1.349406      0.260128      0.202322   WU    24.369982     18.954430
 ( 3   1) <--> ( 4   2)        0.604486      0.052201      0.040600   WU     4.890385      3.803633
 ( 3   1) <--> ( 4   3)       -0.007507      0.000008      0.000006   WU     0.000754      0.000587
 ( 3   1) <--> ( 4   4)        1.283997      0.235521      0.183183   WU    22.064710     17.161441
 ( 3   2) <--> ( 4   1)        0.003580      0.000002      0.000001   WU     0.000171      0.000133
 ( 3   2) <--> ( 4   2)        0.017364      0.000043      0.000034   WU     0.004035      0.003139
 ( 3   2) <--> ( 4   3)        1.010935      0.145999      0.113554   WU    13.677806     10.638293
 ( 3   2) <--> ( 4   4)       -0.063897      0.000583      0.000454   WU     0.054643      0.042500
 ( 3   3) <--> ( 4   1)       -0.033959      0.000165      0.000128   WU     0.015434      0.012004
 ( 3   3) <--> ( 4   2)        0.826460      0.097577      0.075893   WU     9.141426      7.109998
 ( 3   3) <--> ( 4   3)       -0.002705      0.000001      0.000001   WU     0.000098      0.000076
 ( 3   3) <--> ( 4   4)       -1.130003      0.182415      0.141879   WU    17.089502     13.291835
 ( 3   4) <--> ( 4   1)       -0.027917      0.000111      0.000087   WU     0.010431      0.008113
 ( 3   4) <--> ( 4   2)        0.398545      0.022691      0.017649   WU     2.125810      1.653408
 ( 3   4) <--> ( 4   3)        0.003005      0.000001      0.000001   WU     0.000121      0.000094
 ( 3   4) <--> ( 4   4)       -0.467400      0.031209      0.024274   WU     2.923795      2.274062
 ( 3   1) <--> ( 5   1)        0.036027      0.000185      0.000118   WU     0.017371      0.011054
 ( 3   1) <--> ( 5   2)        2.904989      1.205566      0.767178   WU   112.942890     71.872748
 ( 3   1) <--> ( 5   3)        0.047231      0.000319      0.000203   WU     0.029856      0.018999
 ( 3   1) <--> ( 5   4)        0.032704      0.000153      0.000097   WU     0.014314      0.009109
 ( 3   2) <--> ( 5   1)      -11.222222     17.991181     11.448933   WU  1685.495819   1072.588249
 ( 3   2) <--> ( 5   2)        0.041709      0.000249      0.000158   WU     0.023282      0.014816
 ( 3   2) <--> ( 5   3)        1.248889      0.222818      0.141793   WU    20.874578     13.283823
 ( 3   2) <--> ( 5   4)       -1.108740      0.175615      0.111755   WU    16.452397     10.469707
 ( 3   3) <--> ( 5   1)        0.681451      0.066339      0.042216   WU     6.214977      3.954985
 ( 3   3) <--> ( 5   2)       -1.516714      0.328631      0.209129   WU    30.787691     19.592167
 ( 3   3) <--> ( 5   3)        0.259986      0.009656      0.006145   WU     0.904625      0.575671
 ( 3   3) <--> ( 5   4)        4.486698      2.875780      1.830042   WU   269.416196    171.446670
 ( 3   4) <--> ( 5   1)       -1.360584      0.264456      0.168290   WU    24.775413     15.766172
 ( 3   4) <--> ( 5   2)       -0.470895      0.031677      0.020158   WU     2.967686      1.888527
 ( 3   4) <--> ( 5   3)       -0.421331      0.025360      0.016138   WU     2.375840      1.511898
 ( 3   4) <--> ( 5   4)       -9.530221     12.975017      8.256829   WU  1215.558756    773.537390
 ( 4   1) <--> ( 4   1)        1.803074      1.359690   (eb)
 ( 4   2) <--> ( 4   1)       -1.522717      0.257630      0.257630   WU    24.135921     24.135921
 ( 4   2) <--> ( 4   2)        1.391595      1.049396   (eb)
 ( 4   3) <--> ( 4   1)        0.005754      0.000004      0.000004   WU     0.000345      0.000345
 ( 4   3) <--> ( 4   2)       -0.002901      0.000001      0.000001   WU     0.000088      0.000088
 ( 4   3) <--> ( 4   3)      -11.917867     -8.987210   (eb)
 ( 4   4) <--> ( 4   1)       -1.180500      0.154842      0.154842   WU    14.506322     14.506322
 ( 4   4) <--> ( 4   2)       -1.597073      0.283405      0.283405   WU    26.550635     26.550635
 ( 4   4) <--> ( 4   3)       -0.067647      0.000508      0.000508   WU     0.047635      0.047635
 ( 4   4) <--> ( 4   4)        0.336011      0.253384   (eb)
 ( 4   1) <--> ( 5   1)        0.004064      0.000002      0.000002   WU     0.000172      0.000141
 ( 4   1) <--> ( 5   2)        1.326672      0.195562      0.160005   WU    18.321150     14.990032
 ( 4   1) <--> ( 5   3)        0.023435      0.000061      0.000050   WU     0.005717      0.004677
 ( 4   1) <--> ( 5   4)        0.053264      0.000315      0.000258   WU     0.029532      0.024162
 ( 4   2) <--> ( 5   1)       -0.014285      0.000023      0.000019   WU     0.002124      0.001738
 ( 4   2) <--> ( 5   2)       -1.471402      0.240558      0.196820   WU    22.536598     18.439035
 ( 4   2) <--> ( 5   3)       -0.002523      0.000001      0.000001   WU     0.000066      0.000054
 ( 4   2) <--> ( 5   4)        0.013824      0.000021      0.000017   WU     0.001989      0.001628
 ( 4   3) <--> ( 5   1)        1.127604      0.141277      0.115590   WU    13.235460     10.829013
 ( 4   3) <--> ( 5   2)        0.001427      0.000000      0.000000   WU     0.000021      0.000017
 ( 4   3) <--> ( 5   3)       -0.009511      0.000010      0.000008   WU     0.000942      0.000770
 ( 4   3) <--> ( 5   4)       -0.032165      0.000115      0.000094   WU     0.010770      0.008812
 ( 4   4) <--> ( 5   1)        0.055970      0.000348      0.000285   WU     0.032609      0.026680
 ( 4   4) <--> ( 5   2)       -0.901834      0.090367      0.073937   WU     8.466011      6.926737
 ( 4   4) <--> ( 5   3)       -0.036269      0.000146      0.000120   WU     0.013693      0.011203
 ( 4   4) <--> ( 5   4)       -0.148973      0.002466      0.002018   WU     0.231016      0.189013
 ( 4   1) <--> ( 6   1)        3.763375      1.573665      1.089461   WU   147.428157    102.065647
 ( 4   1) <--> ( 6   2)        0.001072      0.000000      0.000000   WU     0.000012      0.000008
 ( 4   1) <--> ( 6   3)        0.006919      0.000005      0.000004   WU     0.000498      0.000345
 ( 4   1) <--> ( 6   4)        0.499915      0.027768      0.019224   WU     2.601467      1.801016
 ( 4   2) <--> ( 6   1)       -1.244035      0.171958      0.119048   WU    16.109816     11.152949
 ( 4   2) <--> ( 6   2)        0.012057      0.000016      0.000011   WU     0.001513      0.001048
 ( 4   2) <--> ( 6   3)        0.069590      0.000538      0.000373   WU     0.050410      0.034899
 ( 4   2) <--> ( 6   4)        3.694224      1.516365      1.049791   WU   142.060017     98.349243
 ( 4   3) <--> ( 6   1)       -0.010093      0.000011      0.000008   WU     0.001060      0.000734
 ( 4   3) <--> ( 6   2)       15.921895     28.167416     19.500518   WU  2638.851896   1826.897467
 ( 4   3) <--> ( 6   3)        0.332344      0.012273      0.008496   WU     1.149745      0.795977
 ( 4   3) <--> ( 6   4)       -0.019931      0.000044      0.000031   WU     0.004135      0.002863
 ( 4   4) <--> ( 6   1)        1.342133      0.200147      0.138563   WU    18.750662     12.981227
 ( 4   4) <--> ( 6   2)        0.076151      0.000644      0.000446   WU     0.060363      0.041790
 ( 4   4) <--> ( 6   3)       -0.127223      0.001798      0.001245   WU     0.168483      0.116642
 ( 4   4) <--> ( 6   4)       -1.875162      0.390692      0.270479   WU    36.601851     25.339743
 ( 5   1) <--> ( 5   1)       -7.743472     -5.622744   (eb)
 ( 5   2) <--> ( 5   1)        0.071245      0.000461      0.000461   WU     0.043230      0.043230
 ( 5   2) <--> ( 5   2)        1.026667      0.745490   (eb)
 ( 5   3) <--> ( 5   1)       -1.446632      0.190249      0.190249   WU    17.823437     17.823437
 ( 5   3) <--> ( 5   2)       -0.093185      0.000789      0.000789   WU     0.073954      0.073954
 ( 5   3) <--> ( 5   3)        7.664642      5.565503   (eb)
 ( 5   4) <--> ( 5   1)       -0.866883      0.068317      0.068317   WU     6.400237      6.400237
 ( 5   4) <--> ( 5   2)        0.199647      0.003624      0.003624   WU     0.339471      0.339471
 ( 5   4) <--> ( 5   3)       -0.378930      0.013053      0.013053   WU     1.222905      1.222905
 ( 5   4) <--> ( 5   4)       -7.154174     -5.194839   (eb)
 ( 5   1) <--> ( 6   1)        0.009467      0.000008      0.000007   WU     0.000763      0.000646
 ( 5   1) <--> ( 6   2)       -1.535864      0.214444      0.181452   WU    20.090050     16.999273
 ( 5   1) <--> ( 6   3)      -10.412856      9.857053      8.340583   WU   923.453615    781.383828
 ( 5   1) <--> ( 6   4)        0.192311      0.003362      0.002845   WU     0.314980      0.266521
 ( 5   2) <--> ( 6   1)        1.864753      0.316119      0.267485   WU    29.615426     25.059206
 ( 5   2) <--> ( 6   2)        0.005308      0.000003      0.000002   WU     0.000240      0.000203
 ( 5   2) <--> ( 6   3)        0.045070      0.000185      0.000156   WU     0.017300      0.014638
 ( 5   2) <--> ( 6   4)        0.091330      0.000758      0.000642   WU     0.071040      0.060111
 ( 5   3) <--> ( 6   1)        0.026350      0.000063      0.000053   WU     0.005913      0.005004
 ( 5   3) <--> ( 6   2)        0.006254      0.000004      0.000003   WU     0.000333      0.000282
 ( 5   3) <--> ( 6   3)        0.837900      0.063825      0.054006   WU     5.979422      5.059511
 ( 5   3) <--> ( 6   4)        0.079603      0.000576      0.000487   WU     0.053967      0.045665
 ( 5   4) <--> ( 6   1)        0.049068      0.000219      0.000185   WU     0.020506      0.017351
 ( 5   4) <--> ( 6   2)       -0.011297      0.000012      0.000010   WU     0.001087      0.000920
 ( 5   4) <--> ( 6   3)       -1.308760      0.155714      0.131758   WU    14.587990     12.343684
 ( 5   4) <--> ( 6   4)        0.251614      0.005755      0.004870   WU     0.539196      0.456243
 ( 5   1) <--> ( 7   1)      -15.506926     21.860432     16.030984   WU  2047.984962   1501.855639
 ( 5   1) <--> ( 7   2)        0.822782      0.061543      0.045131   WU     5.765603      4.228109
 ( 5   1) <--> ( 7   3)       -1.412803      0.181456      0.133067   WU    16.999595     12.466369
 ( 5   1) <--> ( 7   4)       -0.011837      0.000013      0.000009   WU     0.001193      0.000875
 ( 5   2) <--> ( 7   1)        0.094498      0.000812      0.000595   WU     0.076053      0.055772
 ( 5   2) <--> ( 7   2)        0.188407      0.003227      0.002366   WU     0.302321      0.221702
 ( 5   2) <--> ( 7   3)        0.471463      0.020207      0.014818   WU     1.893086      1.388263
 ( 5   2) <--> ( 7   4)        0.532138      0.025743      0.018878   WU     2.411701      1.768581
 ( 5   3) <--> ( 7   1)        0.268023      0.006531      0.004789   WU     0.611812      0.448662
 ( 5   3) <--> ( 7   2)      -10.434760      9.898565      7.258948   WU   927.342689    680.051305
 ( 5   3) <--> ( 7   3)        0.113191      0.001165      0.000854   WU     0.109119      0.080021
 ( 5   3) <--> ( 7   4)        0.048832      0.000217      0.000159   WU     0.020309      0.014893
 ( 5   4) <--> ( 7   1)       -2.179393      0.431796      0.316650   WU    40.452609     29.665246
 ( 5   4) <--> ( 7   2)       -0.462671      0.019460      0.014271   WU     1.823136      1.336966
 ( 5   4) <--> ( 7   3)      -14.760740     19.807222     14.525296   WU  1855.630806   1360.795924
 ( 5   4) <--> ( 7   4)       -0.494005      0.022186      0.016269   WU     2.078439      1.524189
 ( 6   1) <--> ( 6   1)        2.323896      1.620214   (eb)
 ( 6   2) <--> ( 6   1)        0.006667      0.000003      0.000003   WU     0.000320      0.000320
 ( 6   2) <--> ( 6   2)      -14.149564     -9.865035   (eb)
 ( 6   3) <--> ( 6   1)       -0.011316      0.000010      0.000010   WU     0.000923      0.000923
 ( 6   3) <--> ( 6   2)        1.849967      0.263260      0.263260   WU    24.663375     24.663375
 ( 6   3) <--> ( 6   3)       -9.977611     -6.956361   (eb)
 ( 6   4) <--> ( 6   1)       -1.309604      0.131928      0.131928   WU    12.359614     12.359614
 ( 6   4) <--> ( 6   2)       -0.010206      0.000008      0.000008   WU     0.000751      0.000751
 ( 6   4) <--> ( 6   3)        0.248506      0.004750      0.004750   WU     0.445038      0.445038
 ( 6   4) <--> ( 6   4)        3.138540      2.188181   (eb)
 ( 6   1) <--> ( 7   1)       -0.002675      0.000001      0.000000   WU     0.000052      0.000045
 ( 6   1) <--> ( 7   2)        0.010921      0.000009      0.000008   WU     0.000859      0.000745
 ( 6   1) <--> ( 7   3)        0.054595      0.000229      0.000199   WU     0.021479      0.018616
 ( 6   1) <--> ( 7   4)        0.130955      0.001319      0.001143   WU     0.123586      0.107108
 ( 6   2) <--> ( 7   1)       -1.088806      0.091192      0.079033   WU     8.543308      7.404200
 ( 6   2) <--> ( 7   2)        0.023834      0.000044      0.000038   WU     0.004094      0.003548
 ( 6   2) <--> ( 7   3)        0.043998      0.000149      0.000129   WU     0.013950      0.012090
 ( 6   2) <--> ( 7   4)        0.076323      0.000448      0.000388   WU     0.041979      0.036382
 ( 6   3) <--> ( 7   1)        9.765444      7.335684      6.357593   WU   687.240345    595.608299
 ( 6   3) <--> ( 7   2)        1.750746      0.235778      0.204341   WU    22.088734     19.143569
 ( 6   3) <--> ( 7   3)        0.957322      0.070497      0.061098   WU     6.604510      5.723909
 ( 6   3) <--> ( 7   4)       -0.007133      0.000004      0.000003   WU     0.000367      0.000318
 ( 6   4) <--> ( 7   1)       -0.182997      0.002576      0.002233   WU     0.241330      0.209153
 ( 6   4) <--> ( 7   2)       -0.110845      0.000945      0.000819   WU     0.088544      0.076738
 ( 6   4) <--> ( 7   3)       -0.161365      0.002003      0.001736   WU     0.187648      0.162628
 ( 6   4) <--> ( 7   4)       -0.205712      0.003255      0.002821   WU     0.304962      0.264300
 ( 6   1) <--> ( 8   1)       -0.009713      0.000007      0.000006   WU     0.000680      0.000520
 ( 6   1) <--> ( 8   2)        4.941533      1.878365      1.436397   WU   175.973811    134.568208
 ( 6   1) <--> ( 8   3)       -0.025417      0.000050      0.000038   WU     0.004655      0.003560
 ( 6   1) <--> ( 8   4)        0.011902      0.000011      0.000008   WU     0.001021      0.000781
 ( 6   2) <--> ( 8   1)       18.743263     27.023839     20.665289   WU  2531.716435   1936.018450
 ( 6   2) <--> ( 8   2)        0.017489      0.000024      0.000018   WU     0.002204      0.001686
 ( 6   2) <--> ( 8   3)       -0.143889      0.001593      0.001218   WU     0.149204      0.114097
 ( 6   2) <--> ( 8   4)       -1.663658      0.212904      0.162809   WU    19.945859     15.252716
 ( 6   3) <--> ( 8   1)        0.902144      0.062605      0.047874   WU     5.865118      4.485090
 ( 6   3) <--> ( 8   2)       -0.138198      0.001469      0.001123   WU     0.137635      0.105250
 ( 6   3) <--> ( 8   3)      -17.179289     22.702151     17.360469   WU  2126.841017   1626.407837
 ( 6   3) <--> ( 8   4)       -0.254883      0.004997      0.003821   WU     0.468171      0.358013
 ( 6   4) <--> ( 8   1)       -0.043154      0.000143      0.000110   WU     0.013420      0.010262
 ( 6   4) <--> ( 8   2)       -2.124859      0.347310      0.265590   WU    32.537564     24.881666
 ( 6   4) <--> ( 8   3)        0.301565      0.006996      0.005350   WU     0.655371      0.501166
 ( 6   4) <--> ( 8   4)        0.232652      0.004164      0.003184   WU     0.390067      0.298286
 ( 7   1) <--> ( 7   1)      -11.762195     -7.876693   (eb)
 ( 7   2) <--> ( 7   1)       -2.033786      0.275752      0.275752   WU    25.833742     25.833742
 ( 7   2) <--> ( 7   2)       -2.127880     -1.424960   (eb)
 ( 7   3) <--> ( 7   1)       -1.295435      0.111877      0.111877   WU    10.481120     10.481120
 ( 7   3) <--> ( 7   2)       -0.351246      0.008225      0.008225   WU     0.770548      0.770548
 ( 7   3) <--> ( 7   3)      -11.143894     -7.462640   (eb)
 ( 7   4) <--> ( 7   1)       -0.008918      0.000005      0.000005   WU     0.000497      0.000497
 ( 7   4) <--> ( 7   2)        0.694856      0.032188      0.032188   WU     3.015547      3.015547
 ( 7   4) <--> ( 7   3)        0.773164      0.039852      0.039852   WU     3.733535      3.733535
 ( 7   4) <--> ( 7   4)      -11.066116     -7.410555   (eb)
 ( 7   1) <--> ( 8   1)        1.996979      0.265862      0.234584   WU    24.907135     21.976884
 ( 7   1) <--> ( 8   2)       -0.049729      0.000165      0.000145   WU     0.015445      0.013628
 ( 7   1) <--> ( 8   3)       -9.204318      5.647965      4.983499   WU   529.127116    466.876867
 ( 7   1) <--> ( 8   4)       -0.387882      0.010030      0.008850   WU     0.939672      0.829122
 ( 7   2) <--> ( 8   1)       -0.017351      0.000020      0.000018   WU     0.001880      0.001659
 ( 7   2) <--> ( 8   2)        0.041717      0.000116      0.000102   WU     0.010869      0.009591
 ( 7   2) <--> ( 8   3)        1.398207      0.130332      0.114999   WU    12.210116     10.773632
 ( 7   2) <--> ( 8   4)       -0.147666      0.001454      0.001283   WU     0.136188      0.120165
 ( 7   3) <--> ( 8   1)        0.022054      0.000032      0.000029   WU     0.003038      0.002680
 ( 7   3) <--> ( 8   2)        0.119284      0.000949      0.000837   WU     0.088866      0.078412
 ( 7   3) <--> ( 8   3)       -1.174101      0.091901      0.081089   WU     8.609696      7.596791
 ( 7   3) <--> ( 8   4)       -2.487715      0.412582      0.364043   WU    38.652537     34.105179
 ( 7   4) <--> ( 8   1)       -0.060237      0.000242      0.000213   WU     0.022662      0.019996
 ( 7   4) <--> ( 8   2)        0.233244      0.003627      0.003200   WU     0.339780      0.299806
 ( 7   4) <--> ( 8   3)       -0.048851      0.000159      0.000140   WU     0.014904      0.013151
 ( 7   4) <--> ( 8   4)        0.007844      0.000004      0.000004   WU     0.000384      0.000339
 ( 7   1) <--> ( 9   1)      -18.704250     23.323264     18.413103   WU  2185.029692   1725.023441
 ( 7   1) <--> ( 9   2)        0.512418      0.017505      0.013820   WU     1.639930      1.294682
 ( 7   1) <--> ( 9   3)        1.571067      0.164550      0.129908   WU    15.415795     12.170365
 ( 7   1) <--> ( 9   4)        0.123258      0.001013      0.000800   WU     0.094888      0.074911
 ( 7   2) <--> ( 9   1)        0.487773      0.015861      0.012522   WU     1.485975      1.173138
 ( 7   2) <--> ( 9   2)      -15.307728     15.621770     12.332976   WU  1463.518618   1155.409435
 ( 7   2) <--> ( 9   3)       -0.138524      0.001279      0.001010   WU     0.119847      0.094616
 ( 7   2) <--> ( 9   4)       -0.123968      0.001025      0.000809   WU     0.095984      0.075777
 ( 7   3) <--> ( 9   1)       -2.698852      0.485587      0.383358   WU    45.491973     35.914715
 ( 7   3) <--> ( 9   2)       -0.307003      0.006283      0.004961   WU     0.588657      0.464729
 ( 7   3) <--> ( 9   3)       18.159257     21.983907     17.355716   WU  2059.552625   1625.962599
 ( 7   3) <--> ( 9   4)        0.785591      0.041144      0.032482   WU     3.854512      3.043036
 ( 7   4) <--> ( 9   1)       -0.151160      0.001523      0.001203   WU     0.142708      0.112664
 ( 7   4) <--> ( 9   2)       -1.310685      0.114526      0.090415   WU    10.729342      8.470533
 ( 7   4) <--> ( 9   3)       -2.238667      0.334109      0.263770   WU    31.300812     24.711167
 ( 7   4) <--> ( 9   4)       17.909304     21.382877     16.881219   WU  2003.245409   1581.509533
 ( 8   1) <--> ( 8   1)      -16.075966    -10.356073   (eb)
 ( 8   2) <--> ( 8   1)       -0.031544      0.000059      0.000059   WU     0.005484      0.005484
 ( 8   2) <--> ( 8   2)        2.864186      1.845097   (eb)
 ( 8   3) <--> ( 8   1)       -2.140249      0.269451      0.269451   WU    25.243381     25.243381
 ( 8   3) <--> ( 8   2)       -0.088356      0.000459      0.000459   WU     0.043022      0.043022
 ( 8   3) <--> ( 8   3)      -13.254684     -8.538615   (eb)
 ( 8   4) <--> ( 8   1)        1.762403      0.182710      0.182710   WU    17.117078     17.117078
 ( 8   4) <--> ( 8   2)        0.075975      0.000340      0.000340   WU     0.031810      0.031810
 ( 8   4) <--> ( 8   3)       -0.109863      0.000710      0.000710   WU     0.066516      0.066516
 ( 8   4) <--> ( 8   4)      -15.803730    -10.180700   (eb)
 ( 8   1) <--> ( 9   1)        1.006730      0.059618      0.053342   WU     5.585287      4.997362
 ( 8   1) <--> ( 9   2)       -0.041895      0.000103      0.000092   WU     0.009673      0.008654
 ( 8   1) <--> ( 9   3)        0.053574      0.000169      0.000151   WU     0.015817      0.014152
 ( 8   1) <--> ( 9   4)        0.092277      0.000501      0.000448   WU     0.046926      0.041986
 ( 8   2) <--> ( 9   1)        0.045774      0.000123      0.000110   WU     0.011547      0.010331
 ( 8   2) <--> ( 9   2)       -0.010607      0.000007      0.000006   WU     0.000620      0.000555
 ( 8   2) <--> ( 9   3)        0.029931      0.000053      0.000047   WU     0.004937      0.004417
 ( 8   2) <--> ( 9   4)        0.031305      0.000058      0.000052   WU     0.005401      0.004832
 ( 8   3) <--> ( 9   1)        8.728222      4.481285      4.009571   WU   419.827248    375.634906
 ( 8   3) <--> ( 9   2)        1.706939      0.171391      0.153350   WU    16.056657     14.366483
 ( 8   3) <--> ( 9   3)       -0.817364      0.039299      0.035162   WU     3.681717      3.294168
 ( 8   3) <--> ( 9   4)       -0.048198      0.000137      0.000122   WU     0.012802      0.011454
 ( 8   4) <--> ( 9   1)        0.527036      0.016339      0.014619   WU     1.530732      1.369602
 ( 8   4) <--> ( 9   2)        0.103008      0.000624      0.000558   WU     0.058474      0.052319
 ( 8   4) <--> ( 9   3)        0.829827      0.040507      0.036243   WU     3.794843      3.395386
 ( 8   4) <--> ( 9   4)       -0.002761      0.000000      0.000000   WU     0.000042      0.000038
 ( 8   1) <--> (10   1)      -21.268809     26.609545     21.541060   WU  2492.903438   2018.064688
 ( 8   1) <--> (10   2)       -0.049220      0.000143      0.000115   WU     0.013351      0.010808
 ( 8   1) <--> (10   3)       -1.760464      0.182308      0.147583   WU    17.079433     13.826207
 ( 8   1) <--> (10   4)       -0.133276      0.001045      0.000846   WU     0.097886      0.079241
 ( 8   2) <--> (10   1)       -0.017745      0.000019      0.000015   WU     0.001735      0.001405
 ( 8   2) <--> (10   2)       -0.125602      0.000928      0.000751   WU     0.086938      0.070378
 ( 8   2) <--> (10   3)       -0.160411      0.001514      0.001225   WU     0.141803      0.114793
 ( 8   2) <--> (10   4)       -0.281891      0.004674      0.003784   WU     0.437906      0.354495
 ( 8   3) <--> (10   1)        1.136859      0.076026      0.061545   WU     7.122493      5.765827
 ( 8   3) <--> (10   2)      -20.096898     23.757960     19.232634   WU  2225.754021   1801.800874
 ( 8   3) <--> (10   3)        0.297879      0.005220      0.004225   WU     0.488989      0.395848
 ( 8   3) <--> (10   4)        0.214248      0.002700      0.002186   WU     0.252960      0.204777
 ( 8   4) <--> (10   1)        2.910918      0.498438      0.403497   WU    46.695917     37.801457
 ( 8   4) <--> (10   2)        0.205958      0.002495      0.002020   WU     0.233764      0.189237
 ( 8   4) <--> (10   3)       21.267253     26.605650     21.537908   WU  2492.538624   2017.769363
 ( 8   4) <--> (10   4)        0.790185      0.036729      0.029733   WU     3.440940      2.785523
 ( 9   1) <--> ( 9   1)      -14.546366     -9.031579   (eb)
 ( 9   2) <--> ( 9   1)       -2.445893      0.314863      0.314863   WU    29.497778     29.497778
 ( 9   2) <--> ( 9   2)       -7.786766     -4.834664   (eb)
 ( 9   3) <--> ( 9   1)        1.573363      0.130288      0.130288   WU    12.205968     12.205968
 ( 9   3) <--> ( 9   2)        0.323422      0.005505      0.005505   WU     0.515768      0.515768
 ( 9   3) <--> ( 9   3)      -14.009847     -8.698464   (eb)
 ( 9   4) <--> ( 9   1)        0.116284      0.000712      0.000712   WU     0.066674      0.066674
 ( 9   4) <--> ( 9   2)       -0.978420      0.050384      0.050384   WU     4.720246      4.720246
 ( 9   4) <--> ( 9   3)        0.721915      0.027430      0.027430   WU     2.569723      2.569723
 ( 9   4) <--> ( 9   4)      -13.901637     -8.631278   (eb)
 ( 9   1) <--> (10   1)        2.424409      0.309356      0.279893   WU    28.981851     26.221675
 ( 9   1) <--> (10   2)       -8.299727      3.625551      3.280260   WU   339.658149    307.309754
 ( 9   1) <--> (10   3)        0.491143      0.012696      0.011487   WU     1.189405      1.076129
 ( 9   1) <--> (10   4)       -0.276924      0.004036      0.003652   WU     0.378126      0.342114
 ( 9   2) <--> (10   1)       -0.032602      0.000056      0.000051   WU     0.005241      0.004742
 ( 9   2) <--> (10   2)        1.889038      0.187814      0.169927   WU    17.595259     15.919520
 ( 9   2) <--> (10   3)        0.189040      0.001881      0.001702   WU     0.176207      0.159425
 ( 9   2) <--> (10   4)        0.900458      0.042675      0.038611   WU     3.997991      3.617230
 ( 9   3) <--> (10   1)       -0.035218      0.000065      0.000059   WU     0.006116      0.005533
 ( 9   3) <--> (10   2)        1.057700      0.058880      0.053273   WU     5.516192      4.990841
 ( 9   3) <--> (10   3)       -2.911594      0.446178      0.403685   WU    41.799977     37.819027
 ( 9   3) <--> (10   4)       -0.680122      0.024346      0.022027   WU     2.280802      2.063583
 ( 9   4) <--> (10   1)        0.067761      0.000242      0.000219   WU     0.022640      0.020484
 ( 9   4) <--> (10   2)        0.122918      0.000795      0.000719   WU     0.074498      0.067403
 ( 9   4) <--> (10   3)        0.016207      0.000014      0.000013   WU     0.001295      0.001172
 ( 9   4) <--> (10   4)       -3.203994      0.540294      0.488837   WU    50.617159     45.796477
 (10   1) <--> (10   1)      -17.779323    -10.660365   (eb)
 (10   2) <--> (10   1)       -2.394232      0.272969      0.272969   WU    25.572968     25.572968
 (10   2) <--> (10   2)      -15.703164     -9.415513   (eb)
 (10   3) <--> (10   1)       -1.925898      0.176623      0.176623   WU    16.546846     16.546846
 (10   3) <--> (10   2)        0.037412      0.000067      0.000067   WU     0.006244      0.006244
 (10   3) <--> (10   3)      -17.573530    -10.536973   (eb)
 (10   4) <--> (10   1)       -0.238804      0.002716      0.002716   WU     0.254409      0.254409
 (10   4) <--> (10   2)        2.192090      0.228822      0.228822   WU    21.437078     21.437078
 (10   4) <--> (10   3)        0.680172      0.022030      0.022030   WU     2.063889      2.063889
 (10   4) <--> (10   4)      -17.281832    -10.362072   (eb)
 
  quadrupole shape invariant: 01+, 02+, 03+, 04+
quadr2     2.42468712     3.70608078     5.84045055     4.63193710
quadr3     1.11457120    -0.42045861    -2.07813718     7.35453820
  effective deformation parameters:  01+, 02+, 03+, 04+
beteff     0.10685165     0.13210244     0.16583514     0.14768443
cos3ga     0.29520537    -0.05893197    -0.14723284     0.73775375
 
 ********* END Transition **************************
