 ********* BEGIN READER ****************************
 
 Nucleus            :  _U  92 250
 Imin, Imax         :     0  10
 imu, remu          :     1 12.0000
 nlevel             :     4
 observables        :     2
 wave fun           :     1
 nbet, ngam, npar   :    10   7  10
 Finish reading parameters: V, B_k ...
 
 ********* END READER ******************************
 
 ********* BEGIN LEVELS ********************
 
 E_0 = -2012.007430
 
  I=   0   ntot= 127
   0   1    0.000000
   0   2    2.835171
   0   3    5.003969
   0   4    5.271647
 
  I=   2   ntot= 234
   2   1    1.594604
   2   2    3.226253
   2   3    4.277427
   2   4    5.539000
 
  I=   3   ntot= 108
   3   1    4.754200
   3   2    6.599447
   3   3    7.295088
   3   4    7.699648
 
  I=   4   ntot= 324
   4   1    3.202427
   4   2    4.867969
   4   3    5.609747
   4   4    6.289338
 
  I=   5   ntot= 198
   5   1    6.279496
   5   2    7.367468
   5   3    7.541715
   5   4    7.743398
 
  I=   6   ntot= 432
   6   1    4.812390
   6   2    6.416112
   6   3    6.787083
   6   4    7.259105
 
  I=   7   ntot= 306
   7   1    7.583642
   7   2    7.848698
   7   3    8.049294
   7   4    8.280756
 
  I=   8   ntot= 522
   8   1    6.379355
   8   2    7.431962
   8   3    7.517561
   8   4    7.829016
 
  I=   9   ntot= 397
   9   1    8.103436
   9   2    8.319031
   9   3    8.693206
   9   4    8.717265
 
  I=  10   ntot= 630
  10   1    7.657875
  10   2    7.746828
  10   3    8.077836
  10   4    8.349758
 
 ********* END LEVELS **********************
 
 ********* BEGIN Transition ************************
 
  Monopole moment 
 
   I   n    <In|E0|In>   ave \beta      del<b>   ave \gamma    del<g>  
     K=0       K=2       K=4   
   0   1     41.762972    0.084803    0.026843   28.281850   11.142166  100.0000    0.0000    0.0000
   0   2     41.884180    0.119659    0.040973   31.641211   10.935430  100.0000    0.0000    0.0000
   0   3     42.049233    0.150996    0.049974   35.659715   10.627450  100.0000    0.0000    0.0000
   0   4     42.016222    0.158979    0.052772   24.651798   10.473697  100.0000    0.0000    0.0000
   2   1     41.813150    0.100961    0.027805   29.106040   11.053477   70.3595   29.6405    0.0000
   2   2     41.872045    0.117283    0.030386   29.912803   10.894638   32.6343   67.3657    0.0000
   2   3     41.965385    0.139893    0.045246   30.631225   10.716687   71.8950   28.1050    0.0000
   2   4     42.113808    0.167583    0.052876   32.290000   10.106561   29.1331   70.8670    0.0000
   3   1     41.933103    0.134383    0.033394   29.032545    8.675996    0.0000  100.0000    0.0000
   3   2     42.366353    0.213425    0.067514   29.455172    8.523230    0.0000  100.0000    0.0000
   3   3     43.633129    0.362866    0.099565   23.289532   10.709387    0.0000   99.9999    0.0000
   3   4     44.821832    0.475562    0.120447   13.719350   10.606973    0.0000   99.9997    0.0000
   4   1     41.868609    0.116284    0.029614   30.038314   10.852030   56.2661   31.1400   12.5939
   4   2     41.953302    0.135286    0.035326   31.723324   11.614333   42.2467   17.5295   40.2237
   4   3     42.086828    0.165877    0.051860   30.004365   10.398279   58.6099   29.0005   12.3896
   4   4     42.064269    0.160552    0.044673   30.958968    9.565082    8.5277   44.5091   46.9632
   5   1     42.044216    0.158175    0.042137   29.586540    8.449974    0.0000   68.1924   31.8076
   5   2     43.122594    0.309434    0.093188   26.472111   10.392371    0.0000   60.4960   39.5039
   5   3     42.855188    0.283853    0.124703   22.435642   12.057503    0.0000   48.0315   51.9685
   5   4     44.278613    0.431136    0.140136   14.645209   10.479799    0.0000   87.3958   12.6040
   6   1     41.938085    0.132954    0.033039   30.882156   10.543307   46.0361   35.0034   12.2336
   6   2     42.129691    0.166763    0.050844   35.143852   10.422465   39.3865   15.5347   20.7242
   6   3     42.301599    0.206230    0.070239   28.177673   10.118085   52.7535   28.0241   10.3477
   6   4     45.739437    0.548960    0.079887    8.806144   10.296878   97.4333    2.1820    0.2505
   7   1     42.574134    0.243839    0.095067   27.468731   10.633812    0.0000   49.2692   38.2108
   7   2     44.446348    0.441421    0.115436   16.389564   10.961204    0.0000   83.5434   13.7310
   7   3     44.230026    0.420070    0.124937   19.185306   13.389667    0.0000   40.5564   41.3608
   7   4     44.267179    0.426269    0.127251   18.081506   13.845038    0.0000   63.7147    3.9783
   8   1     42.049051    0.155932    0.041307   31.620627   10.035717   38.1415   37.3067   14.4677
   8   2     45.535246    0.534170    0.098172    9.416862   11.713266   90.2536    7.0615    1.7648
   8   3     43.424809    0.345482    0.157212   19.721492   16.626355   40.5195   33.2063   15.3005
   8   4     43.307952    0.333508    0.150902   19.642449   14.408411   41.6745   25.8145    8.8120
   9   1     44.906855    0.478569    0.092209   15.498059   10.955675    0.0000   82.3301   14.3754
   9   2     44.433472    0.438942    0.123635   17.893744   13.727961    0.0000   46.4716   32.9241
   9   3     44.281667    0.425305    0.125399   18.117007    9.856323    0.0000   17.6654   70.3120
   9   4     44.502818    0.441238    0.110335   19.758434   13.912126    0.0000   53.3342    1.4907
  10   1     45.918167    0.562449    0.075854    8.117744    9.520692   95.6052    3.4918    0.5817
  10   2     42.639523    0.252857    0.141745   23.574401   16.743088   33.9457   37.2451   16.5653
  10   3     44.049112    0.403671    0.124393   19.668091   13.435598   34.4856   48.7374   11.9719
  10   4     44.928529    0.482257    0.122057   14.694828   12.812587    9.8656   72.0616    8.3588
 
  rho^2(E0) 
 
   I  n_1 n_2  <In_1|E0|In_2>  rho^2(E0) 
   0   1   1       41.762972 2976.678075
   0   2   1        0.074349    0.009434
   0   2   2       41.884180 2993.981508
   0   3   1        0.001782    0.000005
   0   3   2       -0.130669    0.029140
   0   3   3       42.049233 3017.624802
   0   4   1        0.006550    0.000073
   0   4   2       -0.071708    0.008776
   0   4   3        0.096373    0.015851
   0   4   4       42.016222 3012.888698
   2   1   1       41.813150 2983.835351
   2   2   1       -0.028038    0.001342
   2   2   2       41.872045 2992.246973
   2   3   1        0.086885    0.012884
   2   3   2       -0.028880    0.001423
   2   3   3       41.965385 3005.602211
   2   4   1       -0.002843    0.000014
   2   4   2        0.111796    0.021330
   2   4   3       -0.060860    0.006321
   2   4   4       42.113808 3026.900288
   3   1   1       41.933103 3000.979880
   3   2   1        0.133603    0.030464
   3   2   2       42.366353 3063.312038
   3   3   1       -0.034803    0.002067
   3   3   2        0.386612    0.255094
   3   3   3       43.633129 3249.240058
   3   4   1        0.017053    0.000496
   3   4   2       -0.120023    0.024585
   3   4   3        0.848687    1.229260
   3   4   4       44.821832 3428.690565
   4   1   1       41.868609 2991.755898
   4   2   1       -0.055726    0.005300
   4   2   2       41.953302 3003.871716
   4   3   1        0.098624    0.016600
   4   3   2       -0.058449    0.005831
   4   3   3       42.086828 3023.023214
   4   4   1        0.004609    0.000036
   4   4   2       -0.064371    0.007072
   4   4   3        0.011660    0.000232
   4   4   4       42.064269 3019.783243
   5   1   1       42.044216 3016.904821
   5   2   1       -0.179227    0.054822
   5   2   2       43.122594 3173.648608
   5   3   1       -0.016115    0.000443
   5   3   2       -0.326199    0.181599
   5   3   3       42.855188 3134.410670
   5   4   1        0.063867    0.006961
   5   4   2        0.550730    0.517639
   5   4   3       -0.867418    1.284120
   5   4   4       44.278613 3346.085985
   6   1   1       41.938085 3001.692994
   6   2   1       -0.108828    0.020213
   6   2   2       42.129691 3029.183865
   6   3   1        0.093151    0.014809
   6   3   2       -0.141393    0.034119
   6   3   3       42.301599 3053.955076
   6   4   1       -0.010246    0.000179
   6   4   2       -0.015623    0.000417
   6   4   3        0.175295    0.052443
   6   4   4       45.739437 3570.513784
   7   1   1       42.574134 3093.433037
   7   2   1       -0.632309    0.682350
   7   2   2       44.446348 3371.485133
   7   3   1       -0.253467    0.109645
   7   3   2       -0.839996    1.204213
   7   3   3       44.230026 3338.746769
   7   4   1       -0.044763    0.003420
   7   4   2        0.695896    0.826490
   7   4   3       -0.466171    0.370886
   7   4   4       44.267179 3344.358083
   8   1   1       42.049051 3017.598664
   8   2   1       -0.069612    0.008270
   8   2   2       45.535246 3538.705829
   8   3   1       -0.178791    0.054555
   8   3   2       -1.068976    1.950225
   8   3   3       43.424809 3218.288157
   8   4   1       -0.064323    0.007061
   8   4   2        0.247534    0.104573
   8   4   3       -0.647986    0.716606
   8   4   4       43.307952 3200.990398
   9   1   1       44.906855 3441.710687
   9   2   1        0.878580    1.317383
   9   2   2       44.433472 3369.532020
   9   3   1        0.341880    0.199478
   9   3   2       -0.655794    0.733980
   9   3   3       44.281667 3346.547632
   9   4   1       -0.460301    0.361604
   9   4   2       -0.506245    0.437392
   9   4   3       -0.000530    0.000000
   9   4   4       44.502818 3380.057718
  10   1   1       45.918167 3598.472383
  10   2   1       -0.674503    0.776456
  10   2   2       42.639523 3102.942688
  10   3   1        0.310063    0.164077
  10   3   2       -0.656026    0.734499
  10   3   3       44.049112 3311.489563
  10   4   1       -0.052274    0.004664
  10   4   2       -0.113068    0.021819
  10   4   3       -0.884540    1.335317
  10   4   4       44.928529 3445.033738
 
  E2 transition 
 
  I1  n1        I2  n2       <f||E2||i>   B(E2,I1->I2)  B(E2,I2->I1)
 ( 0   1) <--> ( 2   1)        1.095858      1.200906      0.240181   WU    84.531949     16.906390
 ( 0   1) <--> ( 2   2)        0.259194      0.067182      0.013436   WU     4.728918      0.945784
 ( 0   1) <--> ( 2   3)        0.043813      0.001920      0.000384   WU     0.135120      0.027024
 ( 0   1) <--> ( 2   4)       -0.047820      0.002287      0.000457   WU     0.160962      0.032192
 ( 0   2) <--> ( 2   1)        0.702798      0.493926      0.098785   WU    34.767511      6.953502
 ( 0   2) <--> ( 2   2)       -0.103773      0.010769      0.002154   WU     0.758025      0.151605
 ( 0   2) <--> ( 2   3)        1.404554      1.972771      0.394554   WU   138.863679     27.772736
 ( 0   2) <--> ( 2   4)        0.250731      0.062866      0.012573   WU     4.425151      0.885030
 ( 0   3) <--> ( 2   1)        0.130857      0.017124      0.003425   WU     1.205327      0.241065
 ( 0   3) <--> ( 2   2)        0.642651      0.413000      0.082600   WU    29.071117      5.814223
 ( 0   3) <--> ( 2   3)       -0.697516      0.486528      0.097306   WU    34.246806      6.849361
 ( 0   3) <--> ( 2   4)        0.478289      0.228760      0.045752   WU    16.102459      3.220492
 ( 0   4) <--> ( 2   1)       -0.121521      0.014767      0.002953   WU     1.039479      0.207896
 ( 0   4) <--> ( 2   2)       -0.479583      0.230000      0.046000   WU    16.189727      3.237945
 ( 0   4) <--> ( 2   3)       -1.006393      1.012827      0.202565   WU    71.293078     14.258616
 ( 0   4) <--> ( 2   4)       -0.109651      0.012023      0.002405   WU     0.846327      0.169265
 ( 2   1) <--> ( 2   1)       -0.208253     -0.157842   (eb)
 ( 2   2) <--> ( 2   1)       -1.576510      0.497077      0.497077   WU    34.989321     34.989321
 ( 2   2) <--> ( 2   2)        0.357606      0.271042   (eb)
 ( 2   3) <--> ( 2   1)       -0.256253      0.013133      0.013133   WU     0.924446      0.924446
 ( 2   3) <--> ( 2   2)       -0.830469      0.137936      0.137936   WU     9.709312      9.709312
 ( 2   3) <--> ( 2   3)       -0.427950     -0.324357   (eb)
 ( 2   4) <--> ( 2   1)       -0.001230      0.000000      0.000000   WU     0.000021      0.000021
 ( 2   4) <--> ( 2   2)        0.248880      0.012388      0.012388   WU     0.872009      0.872009
 ( 2   4) <--> ( 2   3)       -1.983136      0.786566      0.786566   WU    55.366482     55.366482
 ( 2   4) <--> ( 2   4)        0.846364      0.641487   (eb)
 ( 2   1) <--> ( 3   1)        0.446522      0.039876      0.028483   WU     2.806906      2.004933
 ( 2   1) <--> ( 3   2)       -0.090048      0.001622      0.001158   WU     0.114154      0.081539
 ( 2   1) <--> ( 3   3)        0.036334      0.000264      0.000189   WU     0.018586      0.013275
 ( 2   1) <--> ( 3   4)       -0.023753      0.000113      0.000081   WU     0.007943      0.005674
 ( 2   2) <--> ( 3   1)       -2.094706      0.877558      0.626827   WU    61.771470     44.122478
 ( 2   2) <--> ( 3   2)        0.016884      0.000057      0.000041   WU     0.004013      0.002867
 ( 2   2) <--> ( 3   3)        0.014075      0.000040      0.000028   WU     0.002789      0.001992
 ( 2   2) <--> ( 3   4)       -0.014461      0.000042      0.000030   WU     0.002944      0.002103
 ( 2   3) <--> ( 3   1)       -0.109940      0.002417      0.001727   WU     0.170158      0.121542
 ( 2   3) <--> ( 3   2)        0.408224      0.033329      0.023807   WU     2.346061      1.675758
 ( 2   3) <--> ( 3   3)       -0.155915      0.004862      0.003473   WU     0.342229      0.244449
 ( 2   3) <--> ( 3   4)        0.098013      0.001921      0.001372   WU     0.135240      0.096600
 ( 2   4) <--> ( 3   1)       -1.234235      0.304667      0.217620   WU    21.445586     15.318275
 ( 2   4) <--> ( 3   2)       -2.814987      1.584830      1.132021   WU   111.556434     79.683167
 ( 2   4) <--> ( 3   3)        0.442952      0.039241      0.028029   WU     2.762196      1.972997
 ( 2   4) <--> ( 3   4)       -0.175847      0.006184      0.004417   WU     0.435324      0.310946
 ( 2   1) <--> ( 4   1)        2.096866      0.879369      0.488539   WU    61.898954     34.388308
 ( 2   1) <--> ( 4   2)        0.363158      0.026377      0.014654   WU     1.856667      1.031482
 ( 2   1) <--> ( 4   3)        0.089505      0.001602      0.000890   WU     0.112781      0.062656
 ( 2   1) <--> ( 4   4)        0.021829      0.000095      0.000053   WU     0.006708      0.003727
 ( 2   2) <--> ( 4   1)       -0.077923      0.001214      0.000675   WU     0.085482      0.047490
 ( 2   2) <--> ( 4   2)        1.850377      0.684779      0.380433   WU    48.201722     26.778734
 ( 2   2) <--> ( 4   3)        0.122751      0.003014      0.001674   WU     0.212126      0.117848
 ( 2   2) <--> ( 4   4)        0.529729      0.056122      0.031179   WU     3.950472      2.194707
 ( 2   3) <--> ( 4   1)        1.218875      0.297131      0.165073   WU    20.915103     11.619502
 ( 2   3) <--> ( 4   2)       -0.257181      0.013228      0.007349   WU     0.931148      0.517304
 ( 2   3) <--> ( 4   3)        2.704698      1.463078      0.812821   WU   102.986304     57.214613
 ( 2   3) <--> ( 4   4)        0.055720      0.000621      0.000345   WU     0.043709      0.024283
 ( 2   4) <--> ( 4   1)        0.034571      0.000239      0.000133   WU     0.016826      0.009348
 ( 2   4) <--> ( 4   2)        1.039612      0.216159      0.120088   WU    15.215442      8.453023
 ( 2   4) <--> ( 4   3)       -0.226297      0.010242      0.005690   WU     0.720938      0.400521
 ( 2   4) <--> ( 4   4)       -0.300827      0.018099      0.010055   WU     1.274021      0.707789
 ( 3   1) <--> ( 3   1)        0.000000      0.000000   (eb)
 ( 3   2) <--> ( 3   1)        0.000000      0.000000      0.000000   WU     0.000000      0.000000
 ( 3   2) <--> ( 3   2)        0.000000      0.000000   (eb)
 ( 3   3) <--> ( 3   1)        0.000000      0.000000      0.000000   WU     0.000000      0.000000
 ( 3   3) <--> ( 3   2)        0.000000      0.000000      0.000000   WU     0.000000      0.000000
 ( 3   3) <--> ( 3   3)        0.000000      0.000000   (eb)
 ( 3   4) <--> ( 3   1)        0.000000      0.000000      0.000000   WU     0.000000      0.000000
 ( 3   4) <--> ( 3   2)        0.000000      0.000000      0.000000   WU     0.000000      0.000000
 ( 3   4) <--> ( 3   3)        0.000000      0.000000      0.000000   WU     0.000000      0.000000
 ( 3   4) <--> ( 3   4)        0.000000      0.000000   (eb)
 ( 3   1) <--> ( 4   1)        1.334265      0.254323      0.197807   WU    17.901846     13.923658
 ( 3   1) <--> ( 4   2)       -0.367526      0.019296      0.015008   WU     1.358283      1.056442
 ( 3   1) <--> ( 4   3)        0.777234      0.086299      0.067121   WU     6.074601      4.724690
 ( 3   1) <--> ( 4   4)       -2.221897      0.705261      0.548536   WU    49.643443     38.611567
 ( 3   2) <--> ( 4   1)       -0.048171      0.000331      0.000258   WU     0.023334      0.018148
 ( 3   2) <--> ( 4   2)       -0.354212      0.017924      0.013941   WU     1.261653      0.981286
 ( 3   2) <--> ( 4   3)        1.795954      0.460779      0.358383   WU    32.434285     25.226666
 ( 3   2) <--> ( 4   4)       -1.270295      0.230521      0.179294   WU    16.226424     12.620552
 ( 3   3) <--> ( 4   1)        0.008141      0.000009      0.000007   WU     0.000666      0.000518
 ( 3   3) <--> ( 4   2)        0.112227      0.001799      0.001399   WU     0.126650      0.098506
 ( 3   3) <--> ( 4   3)       -0.293664      0.012320      0.009582   WU     0.867194      0.674484
 ( 3   3) <--> ( 4   4)        0.172547      0.004253      0.003308   WU     0.299383      0.232854
 ( 3   4) <--> ( 4   1)       -0.002452      0.000001      0.000001   WU     0.000060      0.000047
 ( 3   4) <--> ( 4   2)       -0.065011      0.000604      0.000470   WU     0.042500      0.033056
 ( 3   4) <--> ( 4   3)        0.122140      0.002131      0.001658   WU     0.150012      0.116676
 ( 3   4) <--> ( 4   4)       -0.096197      0.001322      0.001028   WU     0.093055      0.072376
 ( 3   1) <--> ( 5   1)        2.564821      0.939758      0.598028   WU    66.149728     42.095281
 ( 3   1) <--> ( 5   2)        0.299396      0.012805      0.008149   WU     0.901373      0.573601
 ( 3   1) <--> ( 5   3)        0.448483      0.028734      0.018285   WU     2.022580      1.287096
 ( 3   1) <--> ( 5   4)        0.155274      0.003444      0.002192   WU     0.242444      0.154283
 ( 3   2) <--> ( 5   1)        1.652967      0.390329      0.248391   WU    27.475295     17.484278
 ( 3   2) <--> ( 5   2)       -3.387251      1.639067      1.043043   WU   115.374183     73.419934
 ( 3   2) <--> ( 5   3)        0.965376      0.133136      0.084723   WU     9.371458      5.963655
 ( 3   2) <--> ( 5   4)        1.283819      0.235456      0.149836   WU    16.573787     10.546955
 ( 3   3) <--> ( 5   1)       -0.156895      0.003517      0.002238   WU     0.247531      0.157520
 ( 3   3) <--> ( 5   2)       -5.093213      3.705831      2.358256   WU   260.854056    165.998036
 ( 3   3) <--> ( 5   3)        3.096324      1.369603      0.871565   WU    96.406572     61.349637
 ( 3   3) <--> ( 5   4)       -4.251559      2.582250      1.643250   WU   181.765012    115.668644
 ( 3   4) <--> ( 5   1)        0.076786      0.000842      0.000536   WU     0.059290      0.037730
 ( 3   4) <--> ( 5   2)       -0.462826      0.030601      0.019473   WU     2.154021      1.370740
 ( 3   4) <--> ( 5   3)        2.526246      0.911702      0.580174   WU    64.174887     40.838564
 ( 3   4) <--> ( 5   4)       -8.052776      9.263886      5.895200   WU   652.086461    414.964111
 ( 4   1) <--> ( 4   1)       -0.314063     -0.236833   (eb)
 ( 4   2) <--> ( 4   1)       -1.752907      0.341409      0.341409   WU    24.031851     24.031851
 ( 4   2) <--> ( 4   2)        0.411032      0.309958   (eb)
 ( 4   3) <--> ( 4   1)       -0.489705      0.026646      0.026646   WU     1.875590      1.875590
 ( 4   3) <--> ( 4   2)       -0.770124      0.065899      0.065899   WU     4.638644      4.638644
 ( 4   3) <--> ( 4   3)       -0.674716     -0.508800   (eb)
 ( 4   4) <--> ( 4   1)        0.221759      0.005464      0.005464   WU     0.384622      0.384622
 ( 4   4) <--> ( 4   2)       -2.385740      0.632417      0.632417   WU    44.515960     44.515960
 ( 4   4) <--> ( 4   3)        0.130109      0.001881      0.001881   WU     0.132400      0.132400
 ( 4   4) <--> ( 4   4)        0.908611      0.685179   (eb)
 ( 4   1) <--> ( 5   1)        0.604354      0.040583      0.033204   WU     2.856614      2.337230
 ( 4   1) <--> ( 5   2)        0.133441      0.001979      0.001619   WU     0.139267      0.113946
 ( 4   1) <--> ( 5   3)        0.008731      0.000008      0.000007   WU     0.000596      0.000488
 ( 4   1) <--> ( 5   4)       -0.074581      0.000618      0.000506   WU     0.043504      0.035594
 ( 4   2) <--> ( 5   1)       -1.912938      0.406592      0.332667   WU    28.620106     23.416450
 ( 4   2) <--> ( 5   2)        0.013518      0.000020      0.000017   WU     0.001429      0.001169
 ( 4   2) <--> ( 5   3)        0.339377      0.012797      0.010471   WU     0.900810      0.737026
 ( 4   2) <--> ( 5   4)        0.188876      0.003964      0.003243   WU     0.279013      0.228283
 ( 4   3) <--> ( 5   1)       -0.093794      0.000977      0.000800   WU     0.068805      0.056295
 ( 4   3) <--> ( 5   2)       -0.421251      0.019717      0.016132   WU     1.387875      1.135534
 ( 4   3) <--> ( 5   3)        0.182751      0.003711      0.003036   WU     0.261210      0.213717
 ( 4   3) <--> ( 5   4)        0.354404      0.013956      0.011418   WU     0.982350      0.803741
 ( 4   4) <--> ( 5   1)        0.313339      0.010909      0.008926   WU     0.767887      0.628271
 ( 4   4) <--> ( 5   2)       -1.223130      0.166228      0.136004   WU    11.700786      9.573370
 ( 4   4) <--> ( 5   3)       -3.106289      1.072115      0.877185   WU    75.466320     61.745171
 ( 4   4) <--> ( 5   4)       -1.158523      0.149131      0.122016   WU    10.497333      8.588727
 ( 4   1) <--> ( 6   1)        3.156474      1.107037      0.766410   WU    77.924483     53.947719
 ( 4   1) <--> ( 6   2)        0.420480      0.019645      0.013600   WU     1.382800      0.957323
 ( 4   1) <--> ( 6   3)        0.154662      0.002658      0.001840   WU     0.187083      0.129519
 ( 4   1) <--> ( 6   4)       -0.014917      0.000025      0.000017   WU     0.001740      0.001205
 ( 4   2) <--> ( 6   1)       -0.307824      0.010528      0.007289   WU     0.741094      0.513065
 ( 4   2) <--> ( 6   2)        2.982947      0.988664      0.684459   WU    69.592196     48.179213
 ( 4   2) <--> ( 6   3)        0.683764      0.051948      0.035964   WU     3.656639      2.531520
 ( 4   2) <--> ( 6   4)       -0.026885      0.000080      0.000056   WU     0.005653      0.003914
 ( 4   3) <--> ( 6   1)        1.794525      0.357813      0.247717   WU    25.186540     17.436835
 ( 4   3) <--> ( 6   2)       -1.235229      0.169532      0.117368   WU    11.933401      8.261585
 ( 4   3) <--> ( 6   3)        4.042534      1.815787      1.257083   WU   127.813556     88.486308
 ( 4   3) <--> ( 6   4)       -0.262226      0.007640      0.005289   WU     0.537802      0.372325
 ( 4   4) <--> ( 6   1)       -0.305150      0.010346      0.007163   WU     0.728277      0.504192
 ( 4   4) <--> ( 6   2)       -0.262664      0.007666      0.005307   WU     0.539597      0.373567
 ( 4   4) <--> ( 6   3)       -0.197988      0.004355      0.003015   WU     0.306581      0.212248
 ( 4   4) <--> ( 6   4)       -0.009873      0.000011      0.000007   WU     0.000762      0.000528
 ( 5   1) <--> ( 5   1)       -0.087353     -0.063429   (eb)
 ( 5   2) <--> ( 5   1)       -0.431857      0.016955      0.016955   WU     1.193435      1.193435
 ( 5   2) <--> ( 5   2)        0.369513      0.268313   (eb)
 ( 5   3) <--> ( 5   1)       -1.831031      0.304789      0.304789   WU    21.454129     21.454129
 ( 5   3) <--> ( 5   2)        2.982673      0.808758      0.808758   WU    56.928606     56.928606
 ( 5   3) <--> ( 5   3)       -1.500766     -1.089746   (eb)
 ( 5   4) <--> ( 5   1)       -0.822894      0.061559      0.061559   WU     4.333180      4.333180
 ( 5   4) <--> ( 5   2)       -1.541068      0.215899      0.215899   WU    15.197186     15.197186
 ( 5   4) <--> ( 5   3)        1.569016      0.223801      0.223801   WU    15.753383     15.753383
 ( 5   4) <--> ( 5   4)       -5.452576     -3.959262   (eb)
 ( 5   1) <--> ( 6   1)        1.842977      0.308778      0.261274   WU    21.734964     18.391123
 ( 5   1) <--> ( 6   2)       -0.779953      0.055302      0.046794   WU     3.892747      3.293863
 ( 5   1) <--> ( 6   3)        1.046090      0.099482      0.084177   WU     7.002575      5.925255
 ( 5   1) <--> ( 6   4)       -0.049206      0.000220      0.000186   WU     0.015494      0.013110
 ( 5   2) <--> ( 6   1)        0.141102      0.001810      0.001532   WU     0.127405      0.107804
 ( 5   2) <--> ( 6   2)        1.205778      0.132173      0.111839   WU     9.303664      7.872331
 ( 5   2) <--> ( 6   3)       -2.376041      0.513234      0.434275   WU    36.126610     30.568670
 ( 5   2) <--> ( 6   4)       -1.097284      0.109458      0.092618   WU     7.704733      6.519389
 ( 5   3) <--> ( 6   1)       -0.062599      0.000356      0.000301   WU     0.025076      0.021218
 ( 5   3) <--> ( 6   2)        0.975380      0.086488      0.073182   WU     6.087893      5.151294
 ( 5   3) <--> ( 6   3)        0.717783      0.046837      0.039632   WU     3.296898      2.789683
 ( 5   3) <--> ( 6   4)        0.923070      0.077460      0.065543   WU     5.452412      4.613579
 ( 5   4) <--> ( 6   1)       -0.104537      0.000993      0.000841   WU     0.069929      0.059171
 ( 5   4) <--> ( 6   2)        0.017856      0.000029      0.000025   WU     0.002040      0.001726
 ( 5   4) <--> ( 6   3)        0.999227      0.090769      0.076804   WU     6.389214      5.406258
 ( 5   4) <--> ( 6   4)       -1.699368      0.262532      0.222142   WU    18.479659     15.636635
 ( 5   1) <--> ( 7   1)        3.791370      1.306772      0.958299   WU    91.983865     67.454834
 ( 5   1) <--> ( 7   2)        1.307858      0.155499      0.114033   WU    10.945615      8.026784
 ( 5   1) <--> ( 7   3)        1.041288      0.098571      0.072285   WU     6.938424      5.088178
 ( 5   1) <--> ( 7   4)        0.047879      0.000208      0.000153   WU     0.014669      0.010758
 ( 5   2) <--> ( 7   1)       -5.303365      2.556880      1.875045   WU   179.979176    131.984729
 ( 5   2) <--> ( 7   2)        5.931046      3.197937      2.345154   WU   225.103301    165.075754
 ( 5   2) <--> ( 7   3)        2.734906      0.679974      0.498648   WU    47.863478     35.099884
 ( 5   2) <--> ( 7   4)       -0.993436      0.089720      0.065794   WU     6.315374      4.631275
 ( 5   3) <--> ( 7   1)        1.343193      0.164015      0.120278   WU    11.545059      8.466376
 ( 5   3) <--> ( 7   2)       -5.226769      2.483556      1.821274   WU   174.817884    128.199781
 ( 5   3) <--> ( 7   3)        2.981463      0.808102      0.592608   WU    56.882448     41.713795
 ( 5   3) <--> ( 7   4)        2.443991      0.543008      0.398206   WU    38.222449     28.029796
 ( 5   4) <--> ( 7   1)       -0.542873      0.026792      0.019647   WU     1.885890      1.382986
 ( 5   4) <--> ( 7   2)       10.128079      9.325271      6.838532   WU   656.407348    481.365389
 ( 5   4) <--> ( 7   3)       -6.155626      3.444703      2.526116   WU   242.473212    177.813689
 ( 5   4) <--> ( 7   4)        4.380656      1.744559      1.279343   WU   122.799792     90.053180
 ( 6   1) <--> ( 6   1)       -0.412158     -0.287356   (eb)
 ( 6   2) <--> ( 6   1)       -1.806882      0.251140      0.251140   WU    17.677792     17.677792
 ( 6   2) <--> ( 6   2)        0.944336      0.658388   (eb)
 ( 6   3) <--> ( 6   1)       -1.061824      0.086729      0.086729   WU     6.104837      6.104837
 ( 6   3) <--> ( 6   2)       -0.463749      0.016543      0.016543   WU     1.164488      1.164488
 ( 6   3) <--> ( 6   3)       -1.313993     -0.916112   (eb)
 ( 6   4) <--> ( 6   1)        0.080723      0.000501      0.000501   WU     0.035283      0.035283
 ( 6   4) <--> ( 6   2)        0.123744      0.001178      0.001178   WU     0.082912      0.082912
 ( 6   4) <--> ( 6   3)       -0.516851      0.020549      0.020549   WU     1.446437      1.446437
 ( 6   4) <--> ( 6   4)      -14.655358    -10.217672   (eb)
 ( 6   1) <--> ( 7   1)        0.612740      0.028881      0.025030   WU     2.032923      1.761867
 ( 6   1) <--> ( 7   2)        0.298294      0.006845      0.005932   WU     0.481790      0.417552
 ( 6   1) <--> ( 7   3)        0.258776      0.005151      0.004464   WU     0.362590      0.314245
 ( 6   1) <--> ( 7   4)       -0.062122      0.000297      0.000257   WU     0.020896      0.018110
 ( 6   2) <--> ( 7   1)       -1.952346      0.293204      0.254110   WU    20.638695     17.886869
 ( 6   2) <--> ( 7   2)       -0.562767      0.024362      0.021114   WU     1.714851      1.486204
 ( 6   2) <--> ( 7   3)       -0.210272      0.003401      0.002948   WU     0.239403      0.207483
 ( 6   2) <--> ( 7   4)        0.242356      0.004518      0.003916   WU     0.318037      0.275632
 ( 6   3) <--> ( 7   1)       -0.072740      0.000407      0.000353   WU     0.028650      0.024830
 ( 6   3) <--> ( 7   2)       -0.563864      0.024457      0.021196   WU     1.721544      1.492005
 ( 6   3) <--> ( 7   3)       -0.390149      0.011709      0.010148   WU     0.824193      0.714300
 ( 6   3) <--> ( 7   4)        0.412615      0.013096      0.011350   WU     0.921847      0.798934
 ( 6   4) <--> ( 7   1)       -0.149800      0.001726      0.001496   WU     0.121504      0.105303
 ( 6   4) <--> ( 7   2)        0.631174      0.030645      0.026559   WU     2.157086      1.869474
 ( 6   4) <--> ( 7   3)       -0.359681      0.009952      0.008625   WU     0.700494      0.607095
 ( 6   4) <--> ( 7   4)        0.371073      0.010592      0.009180   WU     0.745569      0.646160
 ( 6   1) <--> ( 8   1)        4.334977      1.445541      1.105414   WU   101.751852     77.810239
 ( 6   1) <--> ( 8   2)        0.139500      0.001497      0.001145   WU     0.105371      0.080577
 ( 6   1) <--> ( 8   3)        0.401102      0.012376      0.009464   WU     0.871121      0.666151
 ( 6   1) <--> ( 8   4)        0.362644      0.010116      0.007736   WU     0.712083      0.544534
 ( 6   2) <--> ( 8   1)       -1.236119      0.117538      0.089882   WU     8.273493      6.326789
 ( 6   2) <--> ( 8   2)        1.036616      0.082660      0.063210   WU     5.818417      4.449378
 ( 6   2) <--> ( 8   3)        3.121394      0.749469      0.573123   WU    52.755253     40.342252
 ( 6   2) <--> ( 8   4)        2.857388      0.628051      0.480275   WU    44.208642     33.806609
 ( 6   3) <--> ( 8   1)        2.512078      0.485426      0.371208   WU    34.169199     26.129388
 ( 6   3) <--> ( 8   2)       -2.567198      0.506962      0.387677   WU    35.685135     27.288632
 ( 6   3) <--> ( 8   3)       -4.491139      1.551564      1.186490   WU   109.214832     83.517224
 ( 6   3) <--> ( 8   4)        2.053455      0.324360      0.248040   WU    22.831733     17.459560
 ( 6   4) <--> ( 8   1)       -0.118849      0.001087      0.000831   WU     0.076482      0.058486
 ( 6   4) <--> ( 8   2)      -19.209404     28.384709     21.705954   WU  1998.004330   1527.885664
 ( 6   4) <--> ( 8   3)        6.167253      2.925770      2.237354   WU   205.945454    157.487700
 ( 6   4) <--> ( 8   4)       -0.336598      0.008715      0.006665   WU     0.613466      0.469121
 ( 7   1) <--> ( 7   1)       -0.253352     -0.169660   (eb)
 ( 7   2) <--> ( 7   1)        1.587623      0.168036      0.168036   WU    11.828110     11.828110
 ( 7   2) <--> ( 7   2)       -7.323762     -4.904444   (eb)
 ( 7   3) <--> ( 7   1)       -1.931380      0.248682      0.248682   WU    17.504769     17.504769
 ( 7   3) <--> ( 7   2)        5.342094      1.902531      1.902531   WU   133.919466    133.919466
 ( 7   3) <--> ( 7   3)       -2.119830     -1.419569   (eb)
 ( 7   4) <--> ( 7   1)       -2.361482      0.371773      0.371773   WU    26.169163     26.169163
 ( 7   4) <--> ( 7   2)       -0.813271      0.044094      0.044094   WU     3.103779      3.103779
 ( 7   4) <--> ( 7   3)        5.247848      1.835994      1.835994   WU   129.235895    129.235895
 ( 7   4) <--> ( 7   4)       -3.530883     -2.364498   (eb)
 ( 7   1) <--> ( 8   1)        2.172319      0.314598      0.277587   WU    22.144614     19.539365
 ( 7   1) <--> ( 8   2)       -1.487394      0.147489      0.130138   WU    10.381806      9.160417
 ( 7   1) <--> ( 8   3)       -2.872655      0.550143      0.485420   WU    38.724670     34.168826
 ( 7   1) <--> ( 8   4)        1.049419      0.073419      0.064781   WU     5.167951      4.559957
 ( 7   2) <--> ( 8   1)        0.789073      0.041509      0.036626   WU     2.921828      2.578084
 ( 7   2) <--> ( 8   2)        2.623958      0.459010      0.405009   WU    32.309815     28.508661
 ( 7   2) <--> ( 8   3)        1.723570      0.198046      0.174747   WU    13.940511     12.300451
 ( 7   2) <--> ( 8   4)       -4.187989      1.169284      1.031721   WU    82.306067     72.623000
 ( 7   3) <--> ( 8   1)        0.539818      0.019427      0.017141   WU     1.367465      1.206586
 ( 7   3) <--> ( 8   2)       -0.077837      0.000404      0.000356   WU     0.028431      0.025086
 ( 7   3) <--> ( 8   3)        2.637450      0.463743      0.409185   WU    32.642942     28.802596
 ( 7   3) <--> ( 8   4)        0.437248      0.012746      0.011246   WU     0.897175      0.791625
 ( 7   4) <--> ( 8   1)       -0.155356      0.001609      0.001420   WU     0.113260      0.099935
 ( 7   4) <--> ( 8   2)        0.401198      0.010731      0.009468   WU     0.755333      0.666470
 ( 7   4) <--> ( 8   3)       -0.249941      0.004165      0.003675   WU     0.293154      0.258666
 ( 7   4) <--> ( 8   4)        1.259082      0.105686      0.093252   WU     7.439249      6.564043
 ( 7   1) <--> ( 9   1)       -5.716690      2.178703      1.720028   WU   153.359241    121.073085
 ( 7   1) <--> ( 9   2)        4.308396      1.237485      0.976962   WU    87.106773     68.768505
 ( 7   1) <--> ( 9   3)        2.837804      0.536875      0.423849   WU    37.790743     29.834797
 ( 7   1) <--> ( 9   4)       -0.263545      0.004630      0.003656   WU     0.325935      0.257317
 ( 7   2) <--> ( 9   1)       15.240249     15.484346     12.224483   WU  1089.945628    860.483390
 ( 7   2) <--> ( 9   2)        3.636536      0.881626      0.696021   WU    62.057802     48.993002
 ( 7   2) <--> ( 9   3)        2.597232      0.449708      0.355032   WU    31.654990     24.990782
 ( 7   2) <--> ( 9   4)        0.326094      0.007089      0.005597   WU     0.499006      0.393952
 ( 7   3) <--> ( 9   1)       -4.256643      1.207934      0.953632   WU    85.026663     67.126313
 ( 7   3) <--> ( 9   2)      -12.289432     10.068676      7.948955   WU   708.735755    559.528228
 ( 7   3) <--> ( 9   3)        3.806801      0.966116      0.762723   WU    68.005040     53.688189
 ( 7   3) <--> ( 9   4)        0.342980      0.007842      0.006191   WU     0.552024      0.435808
 ( 7   4) <--> ( 9   1)        4.070038      1.104347      0.871853   WU    77.735178     61.369877
 ( 7   4) <--> ( 9   2)        5.491425      2.010383      1.587145   WU   141.511199    111.719368
 ( 7   4) <--> ( 9   3)        2.216504      0.327526      0.258573   WU    23.054604     18.201003
 ( 7   4) <--> ( 9   4)      -11.613922      8.992212      7.099115   WU   632.963289    499.707860
 ( 8   1) <--> ( 8   1)       -0.484193     -0.311915   (eb)
 ( 8   2) <--> ( 8   1)       -0.060433      0.000215      0.000215   WU     0.015122      0.015122
 ( 8   2) <--> ( 8   2)      -15.143023     -9.755075   (eb)
 ( 8   3) <--> ( 8   1)       -0.548551      0.017700      0.017700   WU     1.245938      1.245938
 ( 8   3) <--> ( 8   2)        6.117078      2.201097      2.201097   WU   154.935579    154.935579
 ( 8   3) <--> ( 8   3)       -2.863528     -1.844673   (eb)
 ( 8   4) <--> ( 8   1)       -1.783501      0.187110      0.187110   WU    13.170734     13.170734
 ( 8   4) <--> ( 8   2)       -1.340108      0.105641      0.105641   WU     7.436054      7.436054
 ( 8   4) <--> ( 8   3)        3.874525      0.883055      0.883055   WU    62.158412     62.158412
 ( 8   4) <--> ( 8   4)       -2.872607     -1.850522   (eb)
 ( 8   1) <--> ( 9   1)       -0.173133      0.001763      0.001578   WU     0.124114      0.111050
 ( 8   1) <--> ( 9   2)        0.324403      0.006190      0.005539   WU     0.435745      0.389877
 ( 8   1) <--> ( 9   3)        0.470048      0.012997      0.011629   WU     0.914846      0.818546
 ( 8   1) <--> ( 9   4)        0.044962      0.000119      0.000106   WU     0.008370      0.007489
 ( 8   2) <--> ( 9   1)       -0.180044      0.001907      0.001706   WU     0.134220      0.120092
 ( 8   2) <--> ( 9   2)       -0.758299      0.033825      0.030264   WU     2.380914      2.130292
 ( 8   2) <--> ( 9   3)       -0.156917      0.001448      0.001296   WU     0.101953      0.091222
 ( 8   2) <--> ( 9   4)        0.238207      0.003338      0.002986   WU     0.234948      0.210217
 ( 8   3) <--> ( 9   1)        2.093208      0.257736      0.230606   WU    18.142108     16.232413
 ( 8   3) <--> ( 9   2)       -1.049909      0.064842      0.058016   WU     4.564216      4.083772
 ( 8   3) <--> ( 9   3)       -0.508213      0.015193      0.013594   WU     1.069434      0.956862
 ( 8   3) <--> ( 9   4)       -0.086393      0.000439      0.000393   WU     0.030904      0.027651
 ( 8   4) <--> ( 9   1)       -1.596538      0.149937      0.134154   WU    10.554103      9.443145
 ( 8   4) <--> ( 9   2)       -2.649754      0.413012      0.369537   WU    29.071949     26.011744
 ( 8   4) <--> ( 9   3)       -0.871512      0.044678      0.039975   WU     3.144919      2.813875
 ( 8   4) <--> ( 9   4)       -0.926806      0.050528      0.045209   WU     3.556647      3.182263
 ( 8   1) <--> (10   1)        0.919692      0.049755      0.040278   WU     3.502257      2.835161
 ( 8   1) <--> (10   2)        5.366835      1.694289      1.371568   WU   119.261301     96.544863
 ( 8   1) <--> (10   3)        1.905815      0.213655      0.172959   WU    15.039195     12.174586
 ( 8   1) <--> (10   4)        0.917202      0.049486      0.040060   WU     3.483319      2.819830
 ( 8   2) <--> (10   1)      -22.040280     28.574939     23.132093   WU  2011.394637   1628.271849
 ( 8   2) <--> (10   2)        1.629367      0.156167      0.126421   WU    10.992606      8.898776
 ( 8   2) <--> (10   3)        1.707517      0.171507      0.138839   WU    12.072382      9.772880
 ( 8   2) <--> (10   4)        0.708163      0.029500      0.023881   WU     2.076489      1.680967
 ( 8   3) <--> (10   1)        6.979149      2.865207      2.319453   WU   201.682409    163.266712
 ( 8   3) <--> (10   2)       -7.838066      3.613840      2.925489   WU   254.378773    205.925673
 ( 8   3) <--> (10   3)        8.225704      3.980129      3.222010   WU   280.161965    226.797781
 ( 8   3) <--> (10   4)        2.753441      0.445967      0.361021   WU    31.391672     25.412306
 ( 8   4) <--> (10   1)       -1.453113      0.124208      0.100549   WU     8.743027      7.077689
 ( 8   4) <--> (10   2)        2.604707      0.399088      0.323071   WU    28.091880     22.741045
 ( 8   4) <--> (10   3)      -10.216948      6.140355      4.970764   WU   432.220597    349.892864
 ( 8   4) <--> (10   4)        4.952339      1.442686      1.167889   WU   101.550917     82.207885
 ( 9   1) <--> ( 9   1)      -10.343965     -6.422383   (eb)
 ( 9   2) <--> ( 9   1)       -6.548243      2.256815      2.256815   WU   158.857571    158.857571
 ( 9   2) <--> ( 9   2)       -5.261094     -3.266519   (eb)
 ( 9   3) <--> ( 9   1)        1.345822      0.095328      0.095328   WU     6.710168      6.710168
 ( 9   3) <--> ( 9   2)        2.237111      0.263403      0.263403   WU    18.541011     18.541011
 ( 9   3) <--> ( 9   3)       -4.223058     -2.622021   (eb)
 ( 9   4) <--> ( 9   1)       -0.664032      0.023207      0.023207   WU     1.633563      1.633563
 ( 9   4) <--> ( 9   2)        6.477045      2.208006      2.208006   WU   155.421883    155.421883
 ( 9   4) <--> ( 9   3)        0.562811      0.016671      0.016671   WU     1.173501      1.173501
 ( 9   4) <--> ( 9   4)       -3.338941     -2.073089   (eb)
 ( 9   1) <--> (10   1)       -2.677137      0.377214      0.341289   WU    26.552134     24.023360
 ( 9   1) <--> (10   2)       -1.765055      0.163969      0.148353   WU    11.541835     10.442613
 ( 9   1) <--> (10   3)        5.873243      1.815525      1.642618   WU   127.795115    115.624152
 ( 9   1) <--> (10   4)       -4.558892      1.093868      0.989690   WU    76.997572     69.664470
 ( 9   2) <--> (10   1)       -0.574406      0.017365      0.015712   WU     1.222351      1.105936
 ( 9   2) <--> (10   2)        2.701816      0.384201      0.347610   WU    27.043945     24.468331
 ( 9   2) <--> (10   3)       -1.615908      0.137429      0.124341   WU     9.673679      8.752377
 ( 9   2) <--> (10   4)       -6.224674      2.039293      1.845074   WU   143.546158    129.875095
 ( 9   3) <--> (10   1)        0.148089      0.001154      0.001044   WU     0.081246      0.073509
 ( 9   3) <--> (10   2)        1.438746      0.108947      0.098571   WU     7.668781      6.938421
 ( 9   3) <--> (10   3)        2.245549      0.265394      0.240119   WU    18.681145     16.901989
 ( 9   3) <--> (10   4)       -0.675042      0.023983      0.021699   WU     1.688187      1.527407
 ( 9   4) <--> (10   1)        0.329370      0.005710      0.005166   WU     0.401908      0.363631
 ( 9   4) <--> (10   2)        0.188569      0.001871      0.001693   WU     0.131734      0.119188
 ( 9   4) <--> (10   3)        0.176088      0.001632      0.001477   WU     0.114872      0.103932
 ( 9   4) <--> (10   4)        0.164140      0.001418      0.001283   WU     0.099813      0.090307
 (10   1) <--> (10   1)      -18.914619    -11.341081   (eb)
 (10   2) <--> (10   1)        3.729160      0.662221      0.662221   WU    46.613824     46.613824
 (10   2) <--> (10   2)       -1.546569     -0.927312   (eb)
 (10   3) <--> (10   1)       -2.733303      0.355759      0.355759   WU    25.041952     25.041952
 (10   3) <--> (10   2)        1.756326      0.146890      0.146890   WU    10.339583     10.339583
 (10   3) <--> (10   3)       -6.212029     -3.724692   (eb)
 (10   4) <--> (10   1)        1.398938      0.093192      0.093192   WU     6.559782      6.559782
 (10   4) <--> (10   2)       -1.568700      0.117182      0.117182   WU     8.248455      8.248455
 (10   4) <--> (10   3)        5.712504      1.553938      1.553938   WU   109.381948    109.381948
 (10   4) <--> (10   4)      -10.125454     -6.071155   (eb)
 
  quadrupole shape invariant: 01+, 02+, 03+, 04+
quadr2     1.27402756     2.55437978     4.06239662     4.93796130
quadr3     0.97671032     2.01728127     1.68074169     8.17955647
  effective deformation parameters:  01+, 02+, 03+, 04+
beteff     0.07297548     0.10333092     0.13031029     0.14366845
cos3ga     0.67919979     0.49412662     0.20527095     0.74543234
 
 ********* END Transition **************************
