 ********* BEGIN READER ****************************
 
 Nucleus            :  Ra  88 156
 Imin, Imax         :     0  10
 imu, remu          :     1 12.0000
 nlevel             :     4
 observables        :     2
 wave fun           :     1
 nbet, ngam, npar   :    10   7  10
 Finish reading parameters: V, B_k ...
 
 ********* END READER ******************************
 
 ********* BEGIN LEVELS ********************
 
 E_0 = -1816.753017
 
  I=   0   ntot= 127
   0   1    0.000000
   0   2    1.052879
   0   3    1.387917
   0   4    1.908546
 
  I=   2   ntot= 234
   2   1    0.118933
   2   2    0.876952
   2   3    1.185848
   2   4    1.567707
 
  I=   3   ntot= 108
   3   1    1.017953
   3   2    2.040216
   3   3    2.413415
   3   4    2.785800
 
  I=   4   ntot= 324
   4   1    0.377521
   4   2    1.164301
   4   3    1.435286
   4   4    1.808850
 
  I=   5   ntot= 198
   5   1    1.371577
   5   2    2.101442
   5   3    2.352586
   5   4    2.849550
 
  I=   6   ntot= 432
   6   1    0.755106
   6   2    1.555906
   6   3    1.784043
   6   4    2.247447
 
  I=   7   ntot= 306
   7   1    1.831046
   7   2    2.597025
   7   3    2.737379
   7   4    3.217631
 
  I=   8   ntot= 522
   8   1    1.233163
   8   2    2.034935
   8   3    2.219615
   8   4    2.742382
 
  I=   9   ntot= 397
   9   1    2.378128
   9   2    3.126078
   9   3    3.220048
   9   4    3.755643
 
  I=  10   ntot= 630
  10   1    1.795227
  10   2    2.582750
  10   3    2.732233
  10   4    3.284679
 
 ********* END LEVELS **********************
 
 ********* BEGIN Transition ************************
 
  Monopole moment 
 
   I   n    <In|E0|In>   ave \beta      del<b>   ave \gamma    del<g>  
     K=0       K=2       K=4   
   0   1     34.606343    0.287832    0.050733   13.461827    9.462988  100.0000    0.0000    0.0000
   0   2     34.902437    0.329856    0.084831   12.263982   12.060658   99.9999    0.0000    0.0000
   0   3     34.773801    0.301135    0.062601   23.570792   11.166149  100.0000    0.0000    0.0000
   0   4     35.139605    0.359711    0.114375   12.450001   12.710291   99.9999    0.0000    0.0000
   2   1     34.629710    0.291314    0.050669   13.148154    9.299070   99.9074    0.0926    0.0000
   2   2     34.692449    0.294048    0.049929   19.131132    9.010585    0.8230   99.1770    0.0000
   2   3     34.980535    0.340878    0.083693   11.442571   10.748929   99.2075    0.7924    0.0000
   2   4     34.810789    0.306603    0.058650   22.448993   10.338306   93.4056    6.5944    0.0000
   3   1     34.728001    0.299500    0.049686   18.270941    8.442868    0.0000  100.0000    0.0000
   3   2     35.223537    0.365423    0.084898   15.549137    9.055281    0.0000   99.9999    0.0000
   3   3     34.946794    0.319837    0.061532   25.555027   10.235427    0.0000  100.0000    0.0000
   3   4     35.693840    0.420477    0.114175   14.578127    9.620473    0.0000   99.9999    0.0000
   4   1     34.674165    0.297694    0.050944   12.747872    9.179262   99.2687    0.7261    0.0052
   4   2     34.750714    0.302702    0.051360   18.060657    9.108934    4.1111   95.0856    0.8033
   4   3     35.066827    0.352113    0.083254   11.181484    9.978433   97.0584    2.9117    0.0299
   4   4     34.773886    0.299380    0.054898   24.586974   10.544295   16.2784   10.5711   73.1505
   5   1     34.791806    0.308547    0.050745   17.430833    8.227347    0.0000   98.8382    1.1617
   5   2     34.854219    0.311720    0.052745   21.970749    8.677486    0.0000    4.4710   95.5290
   5   3     35.385384    0.384766    0.084499   15.052712    8.360756    0.0000   97.1266    2.8733
   5   4     35.060106    0.336055    0.067997   22.914213   10.574148    0.0000   82.3036   17.6964
   6   1     34.735732    0.306246    0.051665   12.381787    9.124148   97.7682    2.2061    0.0242
   6   2     34.825111    0.313355    0.054978   17.069679    9.879580   11.2082   86.3494    2.3318
   6   3     35.160766    0.363548    0.083636   11.277365    9.505629   92.6306    7.2935    0.0735
   6   4     34.912172    0.319829    0.064315   21.637942   11.665538   41.9965   25.1640   28.0946
   7   1     34.873164    0.319611    0.052768   16.718275    8.137075    0.0000   96.8077    3.1333
   7   2     34.995917    0.331515    0.063705   19.933381    9.917862    0.0000   15.6495   79.5386
   7   3     35.501465    0.397624    0.086264   15.095833    8.430740    0.0000   88.3341   11.2641
   7   4     35.095098    0.339270    0.070627   23.374226   10.541320    0.0000    5.5613   24.9305
   8   1     34.814143    0.316829    0.052878   12.075893    9.106552   95.4394    4.4719    0.0850
   8   2     34.929413    0.328099    0.061684   15.798517   11.037766   23.1493   72.4800    4.1345
   8   3     35.258514    0.374492    0.084740   11.804524    9.289358   84.2260   15.2749    0.4886
   8   4     35.086450    0.344251    0.076628   18.993824   12.329133   38.0758   39.9483   16.9972
   9   1     34.981103    0.333800    0.056001   16.064205    8.115834    0.0000   94.1615    5.6421
   9   2     35.408638    0.386296    0.088783   15.660224   10.153142    0.0000   61.4973   34.1482
   9   3     35.384925    0.380900    0.085818   17.300464    9.365188    0.0000   44.6106   50.0426
   9   4     35.661196    0.411836    0.102434   17.235067   10.944977    0.0000   21.7254   54.2072
  10   1     34.911937    0.329688    0.054582   11.809781    9.076538   92.5879    7.1941    0.2091
  10   2     35.075356    0.348295    0.071762   14.175326   12.037356   39.9896   54.4279    5.2046
  10   3     35.361951    0.385009    0.085794   12.780865    9.181639   70.4945   27.7117    1.7130
  10   4     35.384539    0.383493    0.092101   15.772506   12.230599   30.8837   54.6228   10.5298
 
  rho^2(E0) 
 
   I  n_1 n_2  <In_1|E0|In_2>  rho^2(E0) 
   0   1   1       34.606343 2933.359185
   0   2   1        0.326892    0.261736
   0   2   2       34.902437 2983.769809
   0   3   1       -0.129838    0.041291
   0   3   2       -0.134033    0.044002
   0   3   3       34.773801 2961.816434
   0   4   1       -0.049294    0.005952
   0   4   2        0.500742    0.614160
   0   4   3       -0.099024    0.024018
   0   4   4       35.139605 3024.458030
   2   1   1       34.629710 2937.321852
   2   2   1        0.016440    0.000662
   2   2   2       34.692449 2947.974518
   2   3   1        0.340094    0.283304
   2   3   2        0.002757    0.000019
   2   3   3       34.980535 2997.137824
   2   4   1        0.096184    0.022660
   2   4   2        0.046018    0.005187
   2   4   3        0.100667    0.024822
   2   4   4       34.810789 2968.120669
   3   1   1       34.728001 2954.019784
   3   2   1        0.341837    0.286215
   3   2   2       35.223537 3038.923409
   3   3   1        0.085249    0.017801
   3   3   2        0.175661    0.075580
   3   3   3       34.946794 2991.358739
   3   4   1       -0.096537    0.022827
   3   4   2        0.588294    0.847702
   3   4   3        0.167918    0.069063
   3   4   4       35.693840 3120.616156
   4   1   1       34.674165 2944.868041
   4   2   1        0.040131    0.003945
   4   2   2       34.750714 2957.885061
   4   3   1        0.350002    0.300051
   4   3   2        0.023034    0.001300
   4   3   3       35.066827 3011.943083
   4   4   1        0.037366    0.003420
   4   4   2        0.063314    0.009819
   4   4   3        0.051129    0.006403
   4   4   4       34.773886 2961.830919
   5   1   1       34.791806 2964.884412
   5   2   1       -0.047056    0.005424
   5   2   2       34.854219 2975.531408
   5   3   1        0.357869    0.313691
   5   3   2       -0.050510    0.006249
   5   3   3       35.385384 3066.914278
   5   4   1        0.034652    0.002941
   5   4   2       -0.110451    0.029881
   5   4   3        0.153331    0.057585
   5   4   4       35.060106 3010.788594
   6   1   1       34.735732 2955.335023
   6   2   1       -0.075044    0.013794
   6   2   2       34.825111 2970.563411
   6   3   1        0.358287    0.314424
   6   3   2       -0.054593    0.007300
   6   3   3       35.160766 3028.101830
   6   4   1        0.039431    0.003808
   6   4   2       -0.114593    0.032164
   6   4   3        0.072481    0.012868
   6   4   4       34.912172 2985.434558
   7   1   1       34.873164 2978.766995
   7   2   1        0.119942    0.035237
   7   2   2       34.995917 2999.774213
   7   3   1        0.363871    0.324301
   7   3   2        0.152112    0.056674
   7   3   3       35.501465 3087.069257
   7   4   1       -0.000230    0.000000
   7   4   2        0.156229    0.059783
   7   4   3        0.036024    0.003179
   7   4   4       35.095098 3016.801524
   8   1   1       34.814143 2968.692655
   8   2   1       -0.129759    0.041241
   8   2   2       34.929413 2988.383903
   8   3   1       -0.360933    0.319086
   8   3   2        0.096847    0.022973
   8   3   3       35.258514 3044.961674
   8   4   1        0.022241    0.001212
   8   4   2       -0.193200    0.091426
   8   4   3       -0.065938    0.010649
   8   4   4       35.086450 3015.314962
   9   1   1       34.981103 2997.235098
   9   2   1       -0.322144    0.254188
   9   2   2       35.408638 3070.946605
   9   3   1       -0.267482    0.175244
   9   3   2        0.300824    0.221655
   9   3   3       35.384925 3066.834683
   9   4   1       -0.033631    0.002770
   9   4   2       -0.413202    0.418195
   9   4   3        0.060384    0.008931
   9   4   4       35.661196 3114.910936
  10   1   1       34.911937 2985.394394
  10   2   1       -0.209290    0.107288
  10   2   2       35.075356 3013.408341
  10   3   1       -0.348195    0.296961
  10   3   2        0.143847    0.050682
  10   3   3       35.361951 3062.853691
  10   4   1        0.007737    0.000147
  10   4   2       -0.316976    0.246098
  10   4   3       -0.015444    0.000584
  10   4   4       35.384539 3066.767802
 
  E2 transition 
 
  I1  n1        I2  n2       <f||E2||i>   B(E2,I1->I2)  B(E2,I2->I1)
 ( 0   1) <--> ( 2   1)       -3.243272     10.518814      2.103763   WU  1161.432088    232.286418
 ( 0   1) <--> ( 2   2)        0.461493      0.212976      0.042595   WU    23.515641      4.703128
 ( 0   1) <--> ( 2   3)       -0.562464      0.316365      0.063273   WU    34.931401      6.986280
 ( 0   1) <--> ( 2   4)       -0.016279      0.000265      0.000053   WU     0.029259      0.005852
 ( 0   2) <--> ( 2   1)       -0.770747      0.594051      0.118810   WU    65.591961     13.118392
 ( 0   2) <--> ( 2   2)       -0.357461      0.127778      0.025556   WU    14.108616      2.821723
 ( 0   2) <--> ( 2   3)       -3.673477     13.494433      2.698887   WU  1489.984182    297.996836
 ( 0   2) <--> ( 2   4)        0.187779      0.035261      0.007052   WU     3.893344      0.778669
 ( 0   3) <--> ( 2   1)        0.077692      0.006036      0.001207   WU     0.666469      0.133294
 ( 0   3) <--> ( 2   2)       -0.709360      0.503191      0.100638   WU    55.559754     11.111951
 ( 0   3) <--> ( 2   3)        0.677249      0.458666      0.091733   WU    50.643480     10.128696
 ( 0   3) <--> ( 2   4)        3.128799      9.789383      1.957877   WU  1080.892094    216.178419
 ( 0   4) <--> ( 2   1)        0.130388      0.017001      0.003400   WU     1.877171      0.375434
 ( 0   4) <--> ( 2   2)       -0.154337      0.023820      0.004764   WU     2.630073      0.526015
 ( 0   4) <--> ( 2   3)       -1.188754      1.413135      0.282627   WU   156.030933     31.206187
 ( 0   4) <--> ( 2   4)        0.103900      0.010795      0.002159   WU     1.191960      0.238392
 ( 2   1) <--> ( 2   1)       -3.848440     -2.916860   (eb)
 ( 2   2) <--> ( 2   1)       -0.940141      0.176773      0.176773   WU    19.518361     19.518361
 ( 2   2) <--> ( 2   2)        3.792132      2.874182   (eb)
 ( 2   3) <--> ( 2   1)       -0.729981      0.106575      0.106575   WU    11.767405     11.767405
 ( 2   3) <--> ( 2   2)       -0.442936      0.039238      0.039238   WU     4.332496      4.332496
 ( 2   3) <--> ( 2   3)       -4.395728     -3.331668   (eb)
 ( 2   4) <--> ( 2   1)       -0.051640      0.000533      0.000533   WU     0.058889      0.058889
 ( 2   4) <--> ( 2   2)       -0.243423      0.011851      0.011851   WU     1.308525      1.308525
 ( 2   4) <--> ( 2   3)       -0.451458      0.040763      0.040763   WU     4.500819      4.500819
 ( 2   4) <--> ( 2   4)       -3.182538     -2.412151   (eb)
 ( 2   1) <--> ( 3   1)       -0.780069      0.121701      0.086930   WU    13.437636      9.598312
 ( 2   1) <--> ( 3   2)        0.018465      0.000068      0.000049   WU     0.007530      0.005378
 ( 2   1) <--> ( 3   3)        0.038659      0.000299      0.000214   WU     0.033004      0.023574
 ( 2   1) <--> ( 3   4)       -0.003688      0.000003      0.000002   WU     0.000300      0.000215
 ( 2   2) <--> ( 3   1)       -5.044845      5.090091      3.635780   WU   562.021089    401.443635
 ( 2   2) <--> ( 3   2)       -0.742717      0.110326      0.078804   WU    12.181573      8.701124
 ( 2   2) <--> ( 3   3)        0.020244      0.000082      0.000059   WU     0.009050      0.006465
 ( 2   2) <--> ( 3   4)        0.252239      0.012725      0.009089   WU     1.405014      1.003582
 ( 2   3) <--> ( 3   1)        0.444034      0.039433      0.028167   WU     4.354005      3.110004
 ( 2   3) <--> ( 3   2)       -0.632594      0.080035      0.057168   WU     8.837050      6.312179
 ( 2   3) <--> ( 3   3)        0.008449      0.000014      0.000010   WU     0.001576      0.001126
 ( 2   3) <--> ( 3   4)        0.064274      0.000826      0.000590   WU     0.091228      0.065163
 ( 2   4) <--> ( 3   1)       -1.415537      0.400749      0.286249   WU    44.248596     31.606140
 ( 2   4) <--> ( 3   2)       -0.875960      0.153461      0.109615   WU    16.944369     12.103121
 ( 2   4) <--> ( 3   3)       -0.575831      0.066316      0.047369   WU     7.322292      5.230209
 ( 2   4) <--> ( 3   4)        0.162778      0.005299      0.003785   WU     0.585124      0.417946
 ( 2   1) <--> ( 4   1)        5.322502      5.665806      3.147670   WU   625.588410    347.549117
 ( 2   1) <--> ( 4   2)       -0.147058      0.004325      0.002403   WU     0.477564      0.265313
 ( 2   1) <--> ( 4   3)        0.707735      0.100178      0.055654   WU    11.061093      6.145052
 ( 2   1) <--> ( 4   4)        0.002338      0.000001      0.000001   WU     0.000121      0.000067
 ( 2   2) <--> ( 4   1)       -0.191860      0.007362      0.004090   WU     0.812876      0.451598
 ( 2   2) <--> ( 4   2)        3.475983      2.416492      1.342496   WU   266.816327    148.231293
 ( 2   2) <--> ( 4   3)       -0.143137      0.004098      0.002276   WU     0.452441      0.251356
 ( 2   2) <--> ( 4   4)       -0.847209      0.143552      0.079751   WU    15.850310      8.805728
 ( 2   3) <--> ( 4   1)        1.410837      0.398092      0.221162   WU    43.955260     24.419589
 ( 2   3) <--> ( 4   2)        0.724591      0.105006      0.058337   WU    11.594258      6.441255
 ( 2   3) <--> ( 4   3)        6.116562      7.482465      4.156925   WU   826.174395    458.985775
 ( 2   3) <--> ( 4   4)        0.050843      0.000517      0.000287   WU     0.057084      0.031713
 ( 2   4) <--> ( 4   1)        0.026108      0.000136      0.000076   WU     0.015053      0.008363
 ( 2   4) <--> ( 4   2)       -0.747210      0.111664      0.062036   WU    12.329404      6.849669
 ( 2   4) <--> ( 4   3)        0.779480      0.121518      0.067510   WU    13.417364      7.454091
 ( 2   4) <--> ( 4   4)        2.512317      1.262347      0.701304   WU   139.381698     77.434276
 ( 3   1) <--> ( 3   1)        0.000000      0.000000   (eb)
 ( 3   2) <--> ( 3   1)        0.000000      0.000000      0.000000   WU     0.000000      0.000000
 ( 3   2) <--> ( 3   2)        0.000000      0.000000   (eb)
 ( 3   3) <--> ( 3   1)        0.000000      0.000000      0.000000   WU     0.000000      0.000000
 ( 3   3) <--> ( 3   2)        0.000000      0.000000      0.000000   WU     0.000000      0.000000
 ( 3   3) <--> ( 3   3)        0.000000      0.000000   (eb)
 ( 3   4) <--> ( 3   1)        0.000000      0.000000      0.000000   WU     0.000000      0.000000
 ( 3   4) <--> ( 3   2)        0.000000      0.000000      0.000000   WU     0.000000      0.000000
 ( 3   4) <--> ( 3   3)        0.000000      0.000000      0.000000   WU     0.000000      0.000000
 ( 3   4) <--> ( 3   4)        0.000000      0.000000   (eb)
 ( 3   1) <--> ( 4   1)        0.963773      0.132694      0.103207   WU    14.651388     11.395524
 ( 3   1) <--> ( 4   2)       -4.920355      3.458557      2.689988   WU   381.875605    297.014360
 ( 3   1) <--> ( 4   3)        0.752815      0.080961      0.062970   WU     8.939332      6.952813
 ( 3   1) <--> ( 4   4)       -1.388983      0.275611      0.214364   WU    30.431477     23.668926
 ( 3   2) <--> ( 4   1)        0.020470      0.000060      0.000047   WU     0.006610      0.005141
 ( 3   2) <--> ( 4   2)       -0.997130      0.142038      0.110474   WU    15.683121     12.197983
 ( 3   2) <--> ( 4   3)        1.221738      0.213235      0.165849   WU    23.544279     18.312217
 ( 3   2) <--> ( 4   4)       -1.028373      0.151079      0.117506   WU    16.681308     12.974350
 ( 3   3) <--> ( 4   1)       -0.023140      0.000076      0.000059   WU     0.008446      0.006569
 ( 3   3) <--> ( 4   2)        0.049894      0.000356      0.000277   WU     0.039266      0.030541
 ( 3   3) <--> ( 4   3)       -0.047828      0.000327      0.000254   WU     0.036083      0.028065
 ( 3   3) <--> ( 4   4)        0.488005      0.034021      0.026461   WU     3.756445      2.921680
 ( 3   4) <--> ( 4   1)       -0.012891      0.000024      0.000018   WU     0.002621      0.002039
 ( 3   4) <--> ( 4   2)        0.271677      0.010544      0.008201   WU     1.164217      0.905502
 ( 3   4) <--> ( 4   3)       -0.089406      0.001142      0.000888   WU     0.126084      0.098065
 ( 3   4) <--> ( 4   4)        0.007191      0.000007      0.000006   WU     0.000816      0.000634
 ( 3   1) <--> ( 5   1)        4.912771      3.447903      2.194120   WU   380.699266    242.263169
 ( 3   1) <--> ( 5   2)        0.611785      0.053469      0.034026   WU     5.903741      3.756926
 ( 3   1) <--> ( 5   3)        0.503399      0.036202      0.023037   WU     3.997183      2.543662
 ( 3   1) <--> ( 5   4)       -0.105592      0.001593      0.001014   WU     0.175868      0.111916
 ( 3   2) <--> ( 5   1)        1.374330      0.269826      0.171708   WU    29.792791     18.959049
 ( 3   2) <--> ( 5   2)       -0.941899      0.126739      0.080652   WU    13.993853      8.905179
 ( 3   2) <--> ( 5   3)        5.855339      4.897857      3.116818   WU   540.795553    344.142625
 ( 3   2) <--> ( 5   4)       -0.579131      0.047913      0.030490   WU     5.290327      3.366572
 ( 3   3) <--> ( 5   1)       -0.142029      0.002882      0.001834   WU     0.318189      0.202484
 ( 3   3) <--> ( 5   2)        1.271758      0.231053      0.147033   WU    25.511605     16.234658
 ( 3   3) <--> ( 5   3)        1.303842      0.242858      0.154546   WU    26.815065     17.064132
 ( 3   3) <--> ( 5   4)        4.588419      3.007655      1.913962   WU   332.089448    211.329649
 ( 3   4) <--> ( 5   1)       -0.282803      0.011425      0.007271   WU     1.261530      0.802792
 ( 3   4) <--> ( 5   2)       -0.368728      0.019423      0.012360   WU     2.144570      1.364727
 ( 3   4) <--> ( 5   3)        2.227162      0.708607      0.450932   WU    78.240674     49.789520
 ( 3   4) <--> ( 5   4)        0.568483      0.046167      0.029379   WU     5.097572      3.243909
 ( 4   1) <--> ( 4   1)       -4.928771     -3.716764   (eb)
 ( 4   2) <--> ( 4   1)       -1.397947      0.217140      0.217140   WU    23.975414     23.975414
 ( 4   2) <--> ( 4   2)       -1.913481     -1.442947   (eb)
 ( 4   3) <--> ( 4   1)       -0.826616      0.075922      0.075922   WU     8.382868      8.382868
 ( 4   3) <--> ( 4   2)       -0.461143      0.023628      0.023628   WU     2.608894      2.608894
 ( 4   3) <--> ( 4   3)       -5.732397     -4.322774   (eb)
 ( 4   4) <--> ( 4   1)       -0.037033      0.000152      0.000152   WU     0.016825      0.016825
 ( 4   4) <--> ( 4   2)       -1.539424      0.263314      0.263314   WU    29.073752     29.073752
 ( 4   4) <--> ( 4   3)       -0.428332      0.020385      0.020385   WU     2.250843      2.250843
 ( 4   4) <--> ( 4   4)        4.015711      3.028229   (eb)
 ( 4   1) <--> ( 5   1)       -0.686459      0.052358      0.042839   WU     5.781141      4.730025
 ( 4   1) <--> ( 5   2)       -0.007724      0.000007      0.000005   WU     0.000732      0.000599
 ( 4   1) <--> ( 5   3)        0.037495      0.000156      0.000128   WU     0.017248      0.014112
 ( 4   1) <--> ( 5   4)        0.033412      0.000124      0.000101   WU     0.013696      0.011206
 ( 4   2) <--> ( 5   1)       -4.608781      2.360096      1.930988   WU   260.589362    213.209478
 ( 4   2) <--> ( 5   2)        1.311976      0.191254      0.156480   WU    21.117211     17.277718
 ( 4   2) <--> ( 5   3)       -0.485267      0.026165      0.021408   WU     2.888992      2.363721
 ( 4   2) <--> ( 5   4)        0.028385      0.000090      0.000073   WU     0.009885      0.008087
 ( 4   3) <--> ( 5   1)        0.733295      0.059747      0.048884   WU     6.596939      5.397495
 ( 4   3) <--> ( 5   2)       -0.177613      0.003505      0.002868   WU     0.387019      0.316652
 ( 4   3) <--> ( 5   3)       -0.536035      0.031926      0.026121   WU     3.525090      2.884165
 ( 4   3) <--> ( 5   4)        0.038895      0.000168      0.000138   WU     0.018560      0.015186
 ( 4   4) <--> ( 5   1)       -0.578892      0.037235      0.030465   WU     4.111305      3.363795
 ( 4   4) <--> ( 5   2)        5.166492      2.965849      2.426604   WU   327.473456    267.932827
 ( 4   4) <--> ( 5   3)       -0.233147      0.006040      0.004942   WU     0.666876      0.545626
 ( 4   4) <--> ( 5   4)       -0.291411      0.009436      0.007720   WU     1.041832      0.852408
 ( 4   1) <--> ( 6   1)        6.948269      5.364271      3.713726   WU   592.294562    410.050081
 ( 4   1) <--> ( 6   2)       -0.087325      0.000847      0.000587   WU     0.093555      0.064769
 ( 4   1) <--> ( 6   3)        0.683858      0.051962      0.035974   WU     5.737413      3.972055
 ( 4   1) <--> ( 6   4)       -0.026550      0.000078      0.000054   WU     0.008648      0.005987
 ( 4   2) <--> ( 6   1)       -0.292096      0.009480      0.006563   WU     1.046734      0.724662
 ( 4   2) <--> ( 6   2)       -6.063225      4.084744      2.827899   WU   451.015877    312.241761
 ( 4   2) <--> ( 6   3)       -0.449092      0.022409      0.015514   WU     2.474315      1.712987
 ( 4   2) <--> ( 6   4)       -0.001499      0.000000      0.000000   WU     0.000028      0.000019
 ( 4   3) <--> ( 6   1)        1.982426      0.436668      0.302309   WU    48.214589     33.379331
 ( 4   3) <--> ( 6   2)       -1.166307      0.151141      0.104636   WU    16.688226     11.553387
 ( 4   3) <--> ( 6   3)        7.994175      7.100760      4.915911   WU   784.028494    542.788957
 ( 4   3) <--> ( 6   4)       -0.078831      0.000690      0.000478   WU     0.076239      0.052781
 ( 4   4) <--> ( 6   1)       -0.032538      0.000118      0.000081   WU     0.012989      0.008992
 ( 4   4) <--> ( 6   2)        0.137309      0.002095      0.001450   WU     0.231303      0.160133
 ( 4   4) <--> ( 6   3)        0.446951      0.022196      0.015367   WU     2.450783      1.696696
 ( 4   4) <--> ( 6   4)        4.514512      2.264535      1.567755   WU   250.038071    173.103280
 ( 5   1) <--> ( 5   1)       -3.193675     -2.319014   (eb)
 ( 5   2) <--> ( 5   1)        1.567465      0.223359      0.223359   WU    24.662090     24.662090
 ( 5   2) <--> ( 5   2)        2.979840      2.163742   (eb)
 ( 5   3) <--> ( 5   1)       -0.409810      0.015268      0.015268   WU     1.685778      1.685778
 ( 5   3) <--> ( 5   2)        1.091332      0.108273      0.108273   WU    11.954959     11.954959
 ( 5   3) <--> ( 5   3)       -3.885543     -2.821397   (eb)
 ( 5   4) <--> ( 5   1)        0.012709      0.000015      0.000015   WU     0.001621      0.001621
 ( 5   4) <--> ( 5   2)       -0.250529      0.005706      0.005706   WU     0.630015      0.630015
 ( 5   4) <--> ( 5   3)       -0.773946      0.054454      0.054454   WU     6.012510      6.012510
 ( 5   4) <--> ( 5   4)       -1.951999     -1.417399   (eb)
 ( 5   1) <--> ( 6   1)        1.424379      0.184441      0.156066   WU    20.365042     17.231959
 ( 5   1) <--> ( 6   2)        4.258189      1.648379      1.394782   WU   182.005350    154.004527
 ( 5   1) <--> ( 6   3)        1.146586      0.119515      0.101128   WU    13.196165     11.165986
 ( 5   1) <--> ( 6   4)       -1.097416      0.109484      0.092640   WU    12.088621     10.228833
 ( 5   2) <--> ( 6   1)       -0.010845      0.000011      0.000009   WU     0.001181      0.000999
 ( 5   2) <--> ( 6   2)        0.815502      0.060459      0.051157   WU     6.675512      5.648510
 ( 5   2) <--> ( 6   3)       -0.098996      0.000891      0.000754   WU     0.098371      0.083237
 ( 5   2) <--> ( 6   4)        3.807700      1.318053      1.115276   WU   145.532466    123.142855
 ( 5   3) <--> ( 6   1)        0.021280      0.000041      0.000035   WU     0.004545      0.003846
 ( 5   3) <--> ( 6   2)        0.766749      0.053446      0.045223   WU     5.901199      4.993322
 ( 5   3) <--> ( 6   3)        1.736209      0.274038      0.231879   WU    30.257885     25.602826
 ( 5   3) <--> ( 6   4)       -0.965571      0.084757      0.071717   WU     9.358423      7.918666
 ( 5   4) <--> ( 6   1)       -0.031503      0.000090      0.000076   WU     0.009962      0.008429
 ( 5   4) <--> ( 6   2)       -0.122771      0.001370      0.001159   WU     0.151297      0.128020
 ( 5   4) <--> ( 6   3)       -0.125201      0.001425      0.001206   WU     0.157343      0.133136
 ( 5   4) <--> ( 6   4)        0.920695      0.077062      0.065206   WU     8.508754      7.199715
 ( 5   1) <--> ( 7   1)        7.019357      4.479216      3.284758   WU   494.571435    362.685719
 ( 5   1) <--> ( 7   2)       -0.145044      0.001913      0.001403   WU     0.211171      0.154858
 ( 5   1) <--> ( 7   3)        0.485269      0.021408      0.015699   WU     2.363742      1.733411
 ( 5   1) <--> ( 7   4)       -0.061893      0.000348      0.000255   WU     0.038452      0.028198
 ( 5   2) <--> ( 7   1)       -0.106988      0.001041      0.000763   WU     0.114897      0.084258
 ( 5   2) <--> ( 7   2)       -4.962263      2.238550      1.641603   WU   247.168910    181.257201
 ( 5   2) <--> ( 7   3)        0.557105      0.028215      0.020691   WU     3.115364      2.284600
 ( 5   2) <--> ( 7   4)        0.771218      0.054071      0.039652   WU     5.970194      4.378142
 ( 5   3) <--> ( 7   1)        2.029478      0.374435      0.274585   WU    41.343093     30.318268
 ( 5   3) <--> ( 7   2)        2.123923      0.410095      0.300736   WU    45.280551     33.205738
 ( 5   3) <--> ( 7   3)        8.340351      6.323768      4.637430   WU   698.237185    512.040602
 ( 5   3) <--> ( 7   4)       -0.025137      0.000057      0.000042   WU     0.006342      0.004651
 ( 5   4) <--> ( 7   1)       -0.389142      0.013767      0.010095   WU     1.520026      1.114686
 ( 5   4) <--> ( 7   2)       -0.565097      0.029030      0.021289   WU     3.205388      2.350618
 ( 5   4) <--> ( 7   3)        1.239602      0.139692      0.102441   WU    15.424076     11.310989
 ( 5   4) <--> ( 7   4)        2.666734      0.646497      0.474098   WU    71.382841     52.347417
 ( 6   1) <--> ( 6   1)       -5.901417     -4.114451   (eb)
 ( 6   2) <--> ( 6   1)        1.764703      0.239552      0.239552   WU    26.450089     26.450089
 ( 6   2) <--> ( 6   2)       -4.153167     -2.895576   (eb)
 ( 6   3) <--> ( 6   1)       -0.821543      0.051918      0.051918   WU     5.732502      5.732502
 ( 6   3) <--> ( 6   2)        0.653579      0.032859      0.032859   WU     3.628110      3.628110
 ( 6   3) <--> ( 6   3)       -6.887879     -4.802209   (eb)
 ( 6   4) <--> ( 6   1)       -0.009444      0.000007      0.000007   WU     0.000758      0.000758
 ( 6   4) <--> ( 6   2)        2.184725      0.367156      0.367156   WU    40.539397     40.539397
 ( 6   4) <--> ( 6   3)       -0.349951      0.009420      0.009420   WU     1.040158      1.040158
 ( 6   4) <--> ( 6   4)       -2.634621     -1.836850   (eb)
 ( 6   1) <--> ( 7   1)       -0.578641      0.025756      0.022322   WU     2.843818      2.464642
 ( 6   1) <--> ( 7   2)        0.027438      0.000058      0.000050   WU     0.006394      0.005542
 ( 6   1) <--> ( 7   3)        0.044028      0.000149      0.000129   WU     0.016464      0.014269
 ( 6   1) <--> ( 7   4)        0.012700      0.000012      0.000011   WU     0.001370      0.001187
 ( 6   2) <--> ( 7   1)        3.996701      1.228740      1.064908   WU   135.670979    117.581515
 ( 6   2) <--> ( 7   2)        1.179031      0.106932      0.092674   WU    11.806861     10.232613
 ( 6   2) <--> ( 7   3)        0.177103      0.002413      0.002091   WU     0.266400      0.230880
 ( 6   2) <--> ( 7   4)        0.004307      0.000001      0.000001   WU     0.000158      0.000137
 ( 6   3) <--> ( 7   1)        1.020764      0.080151      0.069464   WU     8.849820      7.669844
 ( 6   3) <--> ( 7   2)        0.181529      0.002535      0.002197   WU     0.279882      0.242565
 ( 6   3) <--> ( 7   3)       -0.470515      0.017030      0.014759   WU     1.880317      1.629608
 ( 6   3) <--> ( 7   4)        0.031679      0.000077      0.000067   WU     0.008524      0.007387
 ( 6   4) <--> ( 7   1)       -1.290027      0.128013      0.110945   WU    14.134520     12.249917
 ( 6   4) <--> ( 7   2)       -4.221995      1.371172      1.188349   WU   151.397624    131.211274
 ( 6   4) <--> ( 7   3)       -0.158929      0.001943      0.001684   WU     0.214530      0.185926
 ( 6   4) <--> ( 7   4)       -0.943690      0.068504      0.059370   WU     7.563844      6.555331
 ( 6   1) <--> ( 8   1)        8.470022      5.518560      4.220075   WU   609.330290    465.958457
 ( 6   1) <--> ( 8   2)       -0.273849      0.005769      0.004411   WU     0.636953      0.487082
 ( 6   1) <--> ( 8   3)       -0.553557      0.023571      0.018025   WU     2.602604      1.990227
 ( 6   1) <--> ( 8   4)       -0.062774      0.000303      0.000232   WU     0.033469      0.025594
 ( 6   2) <--> ( 8   1)        0.144353      0.001603      0.001226   WU     0.176985      0.135342
 ( 6   2) <--> ( 8   2)        7.965594      4.880822      3.732394   WU   538.914702    412.111243
 ( 6   2) <--> ( 8   3)       -0.879188      0.059459      0.045469   WU     6.565191      5.020440
 ( 6   2) <--> ( 8   4)       -0.314329      0.007600      0.005812   WU     0.839177      0.641724
 ( 6   3) <--> ( 8   1)        2.552355      0.501117      0.383207   WU    55.330663     42.311684
 ( 6   3) <--> ( 8   2)       -1.901769      0.278210      0.212748   WU    30.718429     23.490564
 ( 6   3) <--> ( 8   3)       -9.624906      7.126062      5.449342   WU   786.822272    601.687619
 ( 6   3) <--> ( 8   4)       -0.079833      0.000490      0.000375   WU     0.054131      0.041395
 ( 6   4) <--> ( 8   1)       -0.179135      0.002468      0.001888   WU     0.272550      0.208421
 ( 6   4) <--> ( 8   2)        0.184971      0.002632      0.002013   WU     0.290597      0.222221
 ( 6   4) <--> ( 8   3)       -0.694344      0.037086      0.028360   WU     4.094798      3.131316
 ( 6   4) <--> ( 8   4)        7.645228      4.496117      3.438207   WU   496.437515    379.628688
 ( 7   1) <--> ( 7   1)       -4.920670     -3.295185   (eb)
 ( 7   2) <--> ( 7   1)       -2.132265      0.303104      0.303104   WU    33.467115     33.467115
 ( 7   2) <--> ( 7   2)       -1.296721     -0.868365   (eb)
 ( 7   3) <--> ( 7   1)       -0.290828      0.005639      0.005639   WU     0.622597      0.622597
 ( 7   3) <--> ( 7   2)       -1.867550      0.232516      0.232516   WU    25.673214     25.673214
 ( 7   3) <--> ( 7   3)       -5.696145     -3.814491   (eb)
 ( 7   4) <--> ( 7   1)       -0.026645      0.000047      0.000047   WU     0.005226      0.005226
 ( 7   4) <--> ( 7   2)       -2.359453      0.371134      0.371134   WU    40.978709     40.978709
 ( 7   4) <--> ( 7   3)       -0.252820      0.004261      0.004261   WU     0.470500      0.470500
 ( 7   4) <--> ( 7   4)        3.495435      2.340759   (eb)
 ( 7   1) <--> ( 8   1)        1.794579      0.214701      0.189442   WU    23.706152     20.917193
 ( 7   1) <--> ( 8   2)        3.642860      0.884695      0.780613   WU    97.683387     86.191224
 ( 7   1) <--> ( 8   3)       -1.623641      0.175747      0.155071   WU    19.405107     17.122153
 ( 7   1) <--> ( 8   4)       -1.051950      0.073773      0.065094   WU     8.145662      7.187349
 ( 7   2) <--> ( 8   1)        0.010868      0.000008      0.000007   WU     0.000869      0.000767
 ( 7   2) <--> ( 8   2)       -1.212567      0.098021      0.086489   WU    10.822986      9.549694
 ( 7   2) <--> ( 8   3)       -0.260628      0.004528      0.003996   WU     0.500007      0.441183
 ( 7   2) <--> ( 8   4)       -3.636127      0.881428      0.777731   WU    97.322631     85.872909
 ( 7   3) <--> ( 8   1)        0.013820      0.000013      0.000011   WU     0.001406      0.001241
 ( 7   3) <--> ( 8   2)        0.613147      0.025063      0.022115   WU     2.767360      2.441788
 ( 7   3) <--> ( 8   3)       -2.214019      0.326792      0.288346   WU    36.082641     31.837624
 ( 7   3) <--> ( 8   4)       -0.937481      0.058591      0.051698   WU     6.469347      5.708248
 ( 7   4) <--> ( 8   1)       -0.015373      0.000016      0.000014   WU     0.001740      0.001535
 ( 7   4) <--> ( 8   2)       -0.086056      0.000494      0.000436   WU     0.054513      0.048099
 ( 7   4) <--> ( 8   3)        0.088155      0.000518      0.000457   WU     0.057204      0.050474
 ( 7   4) <--> ( 8   4)        1.023994      0.069904      0.061680   WU     7.718452      6.810399
 ( 7   1) <--> ( 9   1)        8.796790      5.158901      4.072816   WU   569.618653    449.698937
 ( 7   1) <--> ( 9   2)       -0.150014      0.001500      0.001184   WU     0.165652      0.130778
 ( 7   1) <--> ( 9   3)       -0.237782      0.003769      0.002976   WU     0.416190      0.328571
 ( 7   1) <--> ( 9   4)       -0.132680      0.001174      0.000927   WU     0.129582      0.102301
 ( 7   2) <--> ( 9   1)        0.592599      0.023412      0.018483   WU     2.584985      2.040778
 ( 7   2) <--> ( 9   2)       -6.977144      3.245369      2.562133   WU   358.336550    282.897276
 ( 7   2) <--> ( 9   3)        3.373783      0.758827      0.599074   WU    83.785723     66.146623
 ( 7   2) <--> ( 9   4)       -0.193301      0.002491      0.001967   WU     0.275045      0.217141
 ( 7   3) <--> ( 9   1)        2.682132      0.479589      0.378623   WU    52.953653     41.805516
 ( 7   3) <--> ( 9   2)       -6.489300      2.807401      2.216369   WU   309.978452    244.719830
 ( 7   3) <--> ( 9   3)       -8.389762      4.692541      3.704638   WU   518.125643    409.046560
 ( 7   3) <--> ( 9   4)        0.053618      0.000192      0.000151   WU     0.021162      0.016707
 ( 7   4) <--> ( 9   1)       -0.251252      0.004209      0.003323   WU     0.464683      0.366855
 ( 7   4) <--> ( 9   2)       -0.733494      0.035868      0.028317   WU     3.960310      3.126561
 ( 7   4) <--> ( 9   3)        0.191052      0.002433      0.001921   WU     0.268682      0.212118
 ( 7   4) <--> ( 9   4)        5.705849      2.170447      1.713511   WU   239.649342    189.196849
 ( 8   1) <--> ( 8   1)       -6.817677     -4.391920   (eb)
 ( 8   2) <--> ( 8   1)        2.128795      0.266575      0.266575   WU    29.433757     29.433757
 ( 8   2) <--> ( 8   2)       -5.767435     -3.715358   (eb)
 ( 8   3) <--> ( 8   1)        0.665832      0.026078      0.026078   WU     2.879437      2.879437
 ( 8   3) <--> ( 8   2)       -0.942405      0.052243      0.052243   WU     5.768371      5.768371
 ( 8   3) <--> ( 8   3)       -7.789935     -5.018245   (eb)
 ( 8   4) <--> ( 8   1)        0.039237      0.000091      0.000091   WU     0.010000      0.010000
 ( 8   4) <--> ( 8   2)        2.687640      0.424907      0.424907   WU    46.915940     46.915940
 ( 8   4) <--> ( 8   3)        0.290875      0.004977      0.004977   WU     0.549530      0.549530
 ( 8   4) <--> ( 8   4)       -5.131582     -3.305744   (eb)
 ( 8   1) <--> ( 9   1)       -0.472718      0.013145      0.011761   WU     1.451386      1.298609
 ( 8   1) <--> ( 9   2)       -0.059940      0.000211      0.000189   WU     0.023335      0.020879
 ( 8   1) <--> ( 9   3)       -0.021780      0.000028      0.000025   WU     0.003081      0.002757
 ( 8   1) <--> ( 9   4)        0.006617      0.000003      0.000002   WU     0.000284      0.000254
 ( 8   2) <--> ( 9   1)        3.468314      0.707600      0.633116   WU    78.129491     69.905334
 ( 8   2) <--> ( 9   2)       -0.879375      0.045488      0.040700   WU     5.022572      4.493880
 ( 8   2) <--> ( 9   3)        0.371525      0.008119      0.007265   WU     0.896510      0.802141
 ( 8   2) <--> ( 9   4)       -0.117124      0.000807      0.000722   WU     0.089099      0.079720
 ( 8   3) <--> ( 9   1)       -1.391199      0.113849      0.101865   WU    12.570625     11.247402
 ( 8   3) <--> ( 9   2)        0.056658      0.000189      0.000169   WU     0.020849      0.018655
 ( 8   3) <--> ( 9   3)       -0.460257      0.012461      0.011149   WU     1.375875      1.231046
 ( 8   3) <--> ( 9   4)       -0.053617      0.000169      0.000151   WU     0.018672      0.016706
 ( 8   4) <--> ( 9   1)       -1.601556      0.150881      0.134999   WU    16.659519     14.905885
 ( 8   4) <--> ( 9   2)        3.785967      0.843150      0.754397   WU    93.096145     83.296551
 ( 8   4) <--> ( 9   3)       -1.256571      0.092881      0.083104   WU    10.255396      9.175881
 ( 8   4) <--> ( 9   4)       -0.681466      0.027317      0.024442   WU     3.016240      2.698741
 ( 8   1) <--> (10   1)        9.986503      5.866484      4.749059   WU   647.746295    524.366048
 ( 8   1) <--> (10   2)       -0.374469      0.008249      0.006677   WU     0.910771      0.737291
 ( 8   1) <--> (10   3)       -0.322112      0.006103      0.004941   WU     0.673894      0.545533
 ( 8   1) <--> (10   4)       -0.094936      0.000530      0.000429   WU     0.058539      0.047389
 ( 8   2) <--> (10   1)       -0.333703      0.006550      0.005303   WU     0.723267      0.585501
 ( 8   2) <--> (10   2)        9.731017      5.570159      4.509176   WU   615.027567    497.879459
 ( 8   2) <--> (10   3)       -1.519205      0.135764      0.109904   WU    14.990316     12.135018
 ( 8   2) <--> (10   4)       -0.436164      0.011191      0.009059   WU     1.235601      1.000248
 ( 8   3) <--> (10   1)       -3.116996      0.571510      0.462651   WU    63.103105     51.083466
 ( 8   3) <--> (10   2)        2.913515      0.499328      0.404218   WU    55.133145     44.631593
 ( 8   3) <--> (10   3)       11.060440      7.196078      5.825396   WU   794.553004    643.209575
 ( 8   3) <--> (10   4)       -0.037778      0.000084      0.000068   WU     0.009269      0.007504
 ( 8   4) <--> (10   1)       -0.324788      0.006205      0.005023   WU     0.685140      0.554637
 ( 8   4) <--> (10   2)       -0.458645      0.012374      0.010017   WU     1.366257      1.106017
 ( 8   4) <--> (10   3)       -0.484008      0.013780      0.011155   WU     1.521541      1.231724
 ( 8   4) <--> (10   4)        9.614715      5.437809      4.402036   WU   600.414224    486.049610
 ( 9   1) <--> ( 9   1)       -6.260911     -3.887288   (eb)
 ( 9   2) <--> ( 9   1)        2.360801      0.293336      0.293336   WU    32.388614     32.388614
 ( 9   2) <--> ( 9   2)       -6.273436     -3.895065   (eb)
 ( 9   3) <--> ( 9   1)       -0.916796      0.044238      0.044238   WU     4.884489      4.884489
 ( 9   3) <--> ( 9   2)       -2.445682      0.314808      0.314808   WU    34.759489     34.759489
 ( 9   3) <--> ( 9   3)       -4.835350     -3.002183   (eb)
 ( 9   4) <--> ( 9   1)        0.149942      0.001183      0.001183   WU     0.130653      0.130653
 ( 9   4) <--> ( 9   2)        3.133337      0.516726      0.516726   WU    57.054193     57.054193
 ( 9   4) <--> ( 9   3)       -0.001067      0.000000      0.000000   WU     0.000007      0.000007
 ( 9   4) <--> ( 9   4)       -3.916023     -2.431389   (eb)
 ( 9   1) <--> (10   1)        2.109108      0.234123      0.211826   WU    25.850638     23.388672
 ( 9   1) <--> (10   2)        3.001299      0.474094      0.428943   WU    52.347001     47.361573
 ( 9   1) <--> (10   3)       -2.215311      0.258295      0.233695   WU    28.519572     25.803423
 ( 9   1) <--> (10   4)       -1.021450      0.054914      0.049684   WU     6.063283      5.485828
 ( 9   2) <--> (10   1)        0.005108      0.000001      0.000001   WU     0.000152      0.000137
 ( 9   2) <--> (10   2)        1.333203      0.093549      0.084640   WU    10.329183      9.345451
 ( 9   2) <--> (10   3)        1.383036      0.100673      0.091085   WU    11.115792     10.057146
 ( 9   2) <--> (10   4)        3.666193      0.707419      0.640046   WU    78.109532     70.670529
 ( 9   3) <--> (10   1)        0.005772      0.000002      0.000002   WU     0.000194      0.000175
 ( 9   3) <--> (10   2)       -0.906665      0.043265      0.039145   WU     4.777134      4.322169
 ( 9   3) <--> (10   3)        2.325196      0.284555      0.257454   WU    31.419027     28.426739
 ( 9   3) <--> (10   4)       -0.021166      0.000024      0.000021   WU     0.002603      0.002355
 ( 9   4) <--> (10   1)       -0.031877      0.000053      0.000048   WU     0.005905      0.005343
 ( 9   4) <--> (10   2)       -0.041055      0.000089      0.000080   WU     0.009795      0.008862
 ( 9   4) <--> (10   3)        0.190333      0.001907      0.001725   WU     0.210523      0.190473
 ( 9   4) <--> (10   4)        1.363105      0.097792      0.088479   WU    10.797725      9.769370
 (10   1) <--> (10   1)       -7.747957     -4.645624   (eb)
 (10   2) <--> (10   1)        2.481892      0.293323      0.293323   WU    32.387218     32.387218
 (10   2) <--> (10   2)       -7.355827     -4.410505   (eb)
 (10   3) <--> (10   1)        0.300590      0.004303      0.004303   WU     0.475069      0.475069
 (10   3) <--> (10   2)       -1.180729      0.066387      0.066387   WU     7.330074      7.330074
 (10   3) <--> (10   3)       -8.422251     -5.049926   (eb)
 (10   4) <--> (10   1)        0.103434      0.000509      0.000509   WU     0.056251      0.056251
 (10   4) <--> (10   2)        3.209151      0.490412      0.490412   WU    54.148695     54.148695
 (10   4) <--> (10   3)        0.276561      0.003642      0.003642   WU     0.402151      0.402151
 (10   4) <--> (10   4)       -7.756663     -4.650844   (eb)
 
  quadrupole shape invariant: 01+, 02+, 03+, 04+
quadr2    11.07448281    14.88266417    11.40425596    17.69325588
quadr3    34.13227618    58.49400524    26.15758728    79.74493467
  effective deformation parameters:  01+, 02+, 03+, 04+
beteff     0.28171629     0.32658074     0.28587996     0.35608535
cos3ga     0.92614731     1.01880328     0.67919933     1.07149826
 
 ********* END Transition **************************
