 ********* BEGIN READER ****************************
 
 Nucleus            :  Mo  42  90
 Imin, Imax         :     0  10
 imu, remu          :     1 12.0000
 nlevel             :     4
 observables        :     2
 wave fun           :     1
 nbet, ngam, npar   :    10   7  10
 Finish reading parameters: V, B_k ...
 
 ********* END READER ******************************
 
 ********* BEGIN LEVELS ********************
 
 E_0 =  -990.097582
 
  I=   0   ntot= 127
   0   1    0.000000
   0   2    2.076071
   0   3    2.373816
   0   4    3.836826
 
  I=   2   ntot= 234
   2   1    0.795777
   2   2    1.610518
   2   3    3.071013
   2   4    3.443974
 
  I=   3   ntot= 108
   3   1    2.607176
   3   2    4.794099
   3   3    5.616936
   3   4    6.659897
 
  I=   4   ntot= 324
   4   1    1.813448
   4   2    2.736787
   4   3    3.728689
   4   4    4.051461
 
  I=   5   ntot= 198
   5   1    3.862120
   5   2    4.935045
   5   3    5.837105
   5   4    6.711441
 
  I=   6   ntot= 432
   6   1    3.025186
   6   2    4.008468
   6   3    5.003716
   6   4    5.139161
 
  I=   7   ntot= 306
   7   1    5.251762
   7   2    6.308418
   7   3    7.013354
   7   4    7.410317
 
  I=   8   ntot= 522
   8   1    4.398680
   8   2    5.373695
   8   3    6.219688
   8   4    6.457025
 
  I=   9   ntot= 397
   9   1    6.718090
   9   2    7.711962
   9   3    8.338780
   9   4    8.762116
 
  I=  10   ntot= 630
  10   1    5.881632
  10   2    6.784074
  10   3    7.548035
  10   4    7.827069
 
 ********* END LEVELS **********************
 
 ********* BEGIN Transition ************************
 
  Monopole moment 
 
   I   n    <In|E0|In>   ave \beta      del<b>   ave \gamma    del<g>  
     K=0       K=2       K=4   
   0   1     21.634299    0.220482    0.059992   26.868539   11.259900  100.0000    0.0000    0.0000
   0   2     21.792590    0.257555    0.102136   23.938659   11.922660  100.0000    0.0000    0.0000
   0   3     21.923768    0.277237    0.065554   26.248252   15.219447  100.0000    0.0000    0.0000
   0   4     22.235698    0.347087    0.125105   17.820102   12.373887   99.9999    0.0000    0.0000
   2   1     21.743783    0.242423    0.058242   26.548969   11.375438   72.2865   27.7135    0.0000
   2   2     21.838441    0.260592    0.059184   26.069101   11.602491   34.6710   65.3290    0.0000
   2   3     22.058984    0.309545    0.102167   20.686946   12.104800   78.6267   21.3733    0.0000
   2   4     22.012528    0.291310    0.065687   27.851357   13.759972   57.3043   42.6956    0.0000
   3   1     21.933794    0.277653    0.059352   25.737519    9.176931    0.0000  100.0000    0.0000
   3   2     22.386542    0.363569    0.096141   21.418866    9.685689    0.0000   99.9999    0.0000
   3   3     22.313401    0.341003    0.072351   27.432627   12.742171    0.0000   99.9999    0.0000
   3   4     22.699035    0.424285    0.129974   17.592526    9.951910    0.0000   99.9998    0.0000
   4   1     21.843542    0.261627    0.059359   25.882259   11.552466   62.5219   27.5935    9.8846
   4   2     21.947124    0.281503    0.064676   25.143607   13.243861   45.2480   19.9064   34.8456
   4   3     22.052905    0.299908    0.066778   24.787535   11.202720    7.1588   51.8639   40.9773
   4   4     22.278869    0.348905    0.103043   19.119848   12.269615   72.8375   22.4995    4.6629
   5   1     22.049301    0.298769    0.063685   24.827099    9.413372    0.0000   77.9402   22.0598
   5   2     22.180545    0.321596    0.069468   24.707678    9.884101    0.0000   28.2269   71.7731
   5   3     22.517260    0.385287    0.100299   21.203963   10.066250    0.0000   79.8923   20.1076
   5   4     22.611807    0.398084    0.104604   22.678127   11.245402    0.0000   30.1415   69.8584
   6   1     21.950403    0.281869    0.063062   24.739165   11.710022   57.1655   30.2888    8.3631
   6   2     22.085529    0.308001    0.074786   23.433322   14.351469   50.2606   12.6344   18.5355
   6   3     22.307744    0.350724    0.098850   20.307264   14.555730   40.9165   26.5559    5.2866
   6   4     22.356406    0.358943    0.097181   20.324780   11.233347   40.5158   50.0797    3.6999
   7   1     22.200038    0.325988    0.069899   23.475596    9.692117    0.0000   68.6231   25.9493
   7   2     22.373903    0.356163    0.080265   22.963890   11.285559    0.0000   39.8993   31.0443
   7   3     22.619571    0.401785    0.106467   21.233147   10.528617    0.0000   67.4607   24.4873
   7   4     22.539698    0.381496    0.078591   23.626141    9.704196    0.0000    4.3174   46.9358
   8   1     22.084359    0.307110    0.069794   22.930542   11.922412   55.2471   31.6688    8.4239
   8   2     22.279091    0.344540    0.089423   20.777612   14.949357   54.0199   12.0856   14.5363
   8   3     22.550252    0.394467    0.115985   18.475296   14.491466   63.6997   14.7525    5.6674
   8   4     22.448285    0.371657    0.085470   21.203967   10.598440   16.1673   60.9244    6.5473
   9   1     22.402810    0.361844    0.076301   21.680933    9.906214    0.0000   65.4421   26.6028
   9   2     22.597459    0.394399    0.089691   21.353221   12.115684    0.0000   44.7778   20.5703
   9   3     22.712195    0.416149    0.112201   21.312509   10.871807    0.0000   59.1981   25.8921
   9   4     22.753311    0.416818    0.085361   22.275204   10.952865    0.0000    8.2182   52.1324
  10   1     22.276886    0.342979    0.079127   20.254496   12.130158   57.2498   31.1529    7.7100
  10   2     22.515852    0.387220    0.103411   18.217076   15.137517   56.7516   14.1647   12.9572
  10   3     22.644965    0.407106    0.120432   19.887259   14.788035   58.1207   17.4106    7.6461
  10   4     22.661429    0.408983    0.094868   19.328905   11.713095   18.0775   57.3391    9.3252
 
  rho^2(E0) 
 
   I  n_1 n_2  <In_1|E0|In_2>  rho^2(E0) 
   0   1   1       21.634299  592.416656
   0   2   1       -0.278501    0.098174
   0   2   2       21.792590  601.117406
   0   3   1        0.009993    0.000126
   0   3   2       -0.072509    0.006655
   0   3   3       21.923768  608.375908
   0   4   1        0.009712    0.000119
   0   4   2       -0.420751    0.224074
   0   4   3        0.108259    0.014834
   0   4   4       22.235698  625.810894
   2   1   1       21.743783  598.427836
   2   2   1        0.020605    0.000537
   2   2   2       21.838441  603.649524
   2   3   1       -0.282779    0.101213
   2   3   2       -0.051939    0.003415
   2   3   3       22.058984  615.903383
   2   4   1       -0.027576    0.000962
   2   4   2        0.005514    0.000038
   2   4   3       -0.078558    0.007811
   2   4   4       22.012528  613.311949
   3   1   1       21.933794  608.932436
   3   2   1       -0.306689    0.119052
   3   2   2       22.386542  634.330523
   3   3   1       -0.042293    0.002264
   3   3   2       -0.046359    0.002720
   3   3   3       22.313401  630.192370
   3   4   1       -0.062808    0.004993
   3   4   2       -0.494122    0.309037
   3   4   3        0.065782    0.005477
   3   4   4       22.699035  652.163354
   4   1   1       21.843542  603.931522
   4   2   1        0.043237    0.002366
   4   2   2       21.947124  609.672834
   4   3   1        0.018667    0.000441
   4   3   2        0.048871    0.003023
   4   3   3       22.052905  615.563988
   4   4   1       -0.286849    0.104148
   4   4   2       -0.098208    0.012208
   4   4   3       -0.029769    0.001122
   4   4   4       22.278869  628.243298
   5   1   1       22.049301  615.362813
   5   2   1        0.051291    0.003330
   5   2   2       22.180545  622.710281
   5   3   1       -0.333145    0.140478
   5   3   2       -0.060198    0.004587
   5   3   3       22.517260  641.760068
   5   4   1        0.031507    0.001257
   5   4   2       -0.362013    0.165878
   5   4   3        0.059252    0.004444
   5   4   4       22.611807  647.160721
   6   1   1       21.950403  609.854981
   6   2   1       -0.079924    0.008085
   6   2   2       22.085529  617.386604
   6   3   1       -0.163312    0.033758
   6   3   2        0.158594    0.031836
   6   3   3       22.307744  629.872836
   6   4   1       -0.254118    0.081736
   6   4   2        0.070661    0.006320
   6   4   3        0.117584    0.017500
   6   4   4       22.356406  632.623874
   7   1   1       22.200038  623.805233
   7   2   1       -0.106074    0.014242
   7   2   2       22.373903  633.614454
   7   3   1       -0.366746    0.170244
   7   3   2        0.083547    0.008835
   7   3   3       22.619571  647.605187
   7   4   1       -0.021923    0.000608
   7   4   2       -0.101662    0.013082
   7   4   3       -0.001114    0.000002
   7   4   4       22.539698  643.039679
   8   1   1       22.084359  617.321174
   8   2   1        0.143218    0.025962
   8   2   2       22.279091  628.255835
   8   3   1       -0.285898    0.103458
   8   3   2       -0.237989    0.071690
   8   3   3       22.550252  643.642024
   8   4   1       -0.160513    0.032611
   8   4   2        0.079381    0.007976
   8   4   3        0.040676    0.002094
   8   4   4       22.448285  637.834357
   9   1   1       22.402810  635.252814
   9   2   1        0.166820    0.035224
   9   2   2       22.597459  646.339648
   9   3   1        0.399286    0.201794
   9   3   2        0.072722    0.006694
   9   3   3       22.712195  652.919736
   9   4   1        0.030431    0.001172
   9   4   2       -0.157715    0.031484
   9   4   3       -0.010641    0.000143
   9   4   4       22.753311  655.285880
  10   1   1       22.276886  628.131458
  10   2   1       -0.233573    0.069054
  10   2   2       22.515852  641.679811
  10   3   1       -0.323765    0.132679
  10   3   2        0.242960    0.074715
  10   3   3       22.644965  649.060085
  10   4   1        0.148895    0.028061
  10   4   2        0.197770    0.049507
  10   4   3       -0.001881    0.000004
  10   4   4       22.661429  650.004201
 
  E2 transition 
 
  I1  n1        I2  n2       <f||E2||i>   B(E2,I1->I2)  B(E2,I2->I1)
 ( 0   1) <--> ( 2   1)        0.675419      0.456191      0.091238   WU   114.268871     22.853774
 ( 0   1) <--> ( 2   2)        0.112614      0.012682      0.002536   WU     3.176641      0.635328
 ( 0   1) <--> ( 2   3)       -0.071068      0.005051      0.001010   WU     1.265103      0.253021
 ( 0   1) <--> ( 2   4)       -0.021175      0.000448      0.000090   WU     0.112311      0.022462
 ( 0   2) <--> ( 2   1)       -0.346610      0.120138      0.024028   WU    30.092877      6.018575
 ( 0   2) <--> ( 2   2)       -0.126678      0.016047      0.003209   WU     4.019607      0.803921
 ( 0   2) <--> ( 2   3)        0.747811      0.559221      0.111844   WU   140.076507     28.015301
 ( 0   2) <--> ( 2   4)        0.075812      0.005747      0.001149   WU     1.439658      0.287932
 ( 0   3) <--> ( 2   1)        0.053408      0.002852      0.000570   WU     0.714480      0.142896
 ( 0   3) <--> ( 2   2)        0.447908      0.200622      0.040124   WU    50.252781     10.050556
 ( 0   3) <--> ( 2   3)       -0.201067      0.040428      0.008086   WU    10.126554      2.025311
 ( 0   3) <--> ( 2   4)        0.697730      0.486827      0.097365   WU   121.942919     24.388584
 ( 0   4) <--> ( 2   1)        0.009574      0.000092      0.000018   WU     0.022961      0.004592
 ( 0   4) <--> ( 2   2)        0.026928      0.000725      0.000145   WU     0.181633      0.036327
 ( 0   4) <--> ( 2   3)       -0.663348      0.440031      0.088006   WU   110.221060     22.044212
 ( 0   4) <--> ( 2   4)        0.026847      0.000721      0.000144   WU     0.180546      0.036109
 ( 2   1) <--> ( 2   1)       -0.141244     -0.107053   (eb)
 ( 2   2) <--> ( 2   1)       -0.901831      0.162660      0.162660   WU    40.743832     40.743832
 ( 2   2) <--> ( 2   2)        0.047694      0.036149   (eb)
 ( 2   3) <--> ( 2   1)        0.054147      0.000586      0.000586   WU     0.146879      0.146879
 ( 2   3) <--> ( 2   2)        0.415016      0.034448      0.034448   WU     8.628615      8.628615
 ( 2   3) <--> ( 2   3)       -0.445714     -0.337821   (eb)
 ( 2   4) <--> ( 2   1)        0.049710      0.000494      0.000494   WU     0.123793      0.123793
 ( 2   4) <--> ( 2   2)       -0.090920      0.001653      0.001653   WU     0.414128      0.414128
 ( 2   4) <--> ( 2   3)        0.022029      0.000097      0.000097   WU     0.024311      0.024311
 ( 2   4) <--> ( 2   4)        0.065270      0.049470   (eb)
 ( 2   1) <--> ( 3   1)        0.174495      0.006090      0.004350   WU     1.525379      1.089557
 ( 2   1) <--> ( 3   2)        0.002113      0.000001      0.000001   WU     0.000224      0.000160
 ( 2   1) <--> ( 3   3)       -0.046106      0.000425      0.000304   WU     0.106495      0.076068
 ( 2   1) <--> ( 3   4)        0.004272      0.000004      0.000003   WU     0.000914      0.000653
 ( 2   2) <--> ( 3   1)       -1.080255      0.233390      0.166707   WU    58.460753     41.757681
 ( 2   2) <--> ( 3   2)        0.075309      0.001134      0.000810   WU     0.284123      0.202945
 ( 2   2) <--> ( 3   3)        0.055199      0.000609      0.000435   WU     0.152644      0.109031
 ( 2   2) <--> ( 3   4)        0.033915      0.000230      0.000164   WU     0.057623      0.041159
 ( 2   3) <--> ( 3   1)       -0.223105      0.009955      0.007111   WU     2.493624      1.781160
 ( 2   3) <--> ( 3   2)        0.144693      0.004187      0.002991   WU     1.048840      0.749172
 ( 2   3) <--> ( 3   3)        0.068256      0.000932      0.000666   WU     0.233395      0.166711
 ( 2   3) <--> ( 3   4)        0.026673      0.000142      0.000102   WU     0.035641      0.025458
 ( 2   4) <--> ( 3   1)        0.740612      0.109701      0.078358   WU    27.478470     19.627478
 ( 2   4) <--> ( 3   2)       -0.284418      0.016179      0.011556   WU     4.052528      2.894663
 ( 2   4) <--> ( 3   3)        0.245767      0.012080      0.008629   WU     3.025924      2.161375
 ( 2   4) <--> ( 3   4)       -0.059421      0.000706      0.000504   WU     0.176884      0.126346
 ( 2   1) <--> ( 4   1)        1.212489      0.294026      0.163348   WU    73.649090     40.916161
 ( 2   1) <--> ( 4   2)        0.144958      0.004203      0.002335   WU     1.052680      0.584822
 ( 2   1) <--> ( 4   3)       -0.006996      0.000010      0.000005   WU     0.002452      0.001362
 ( 2   1) <--> ( 4   4)       -0.094496      0.001786      0.000992   WU     0.447343      0.248524
 ( 2   2) <--> ( 4   1)        0.116377      0.002709      0.001505   WU     0.678498      0.376943
 ( 2   2) <--> ( 4   2)        1.020058      0.208104      0.115613   WU    52.126859     28.959366
 ( 2   2) <--> ( 4   3)        0.195855      0.007672      0.004262   WU     1.921686      1.067603
 ( 2   2) <--> ( 4   4)       -0.011081      0.000025      0.000014   WU     0.006152      0.003418
 ( 2   3) <--> ( 4   1)       -0.548377      0.060143      0.033413   WU    15.065010      8.369450
 ( 2   3) <--> ( 4   2)       -0.316186      0.019995      0.011108   WU     5.008382      2.782434
 ( 2   3) <--> ( 4   3)       -0.134105      0.003597      0.001998   WU     0.900948      0.500527
 ( 2   3) <--> ( 4   4)        1.513971      0.458421      0.254679   WU   114.827635     63.793130
 ( 2   4) <--> ( 4   1)        0.004669      0.000004      0.000002   WU     0.001092      0.000607
 ( 2   4) <--> ( 4   2)        0.473043      0.044754      0.024863   WU    11.210191      6.227884
 ( 2   4) <--> ( 4   3)       -0.144230      0.004160      0.002311   WU     1.042139      0.578966
 ( 2   4) <--> ( 4   4)       -0.162122      0.005257      0.002920   WU     1.316729      0.731516
 ( 3   1) <--> ( 3   1)        0.000000      0.000000   (eb)
 ( 3   2) <--> ( 3   1)        0.000000      0.000000      0.000000   WU     0.000000      0.000000
 ( 3   2) <--> ( 3   2)        0.000000      0.000000   (eb)
 ( 3   3) <--> ( 3   1)        0.000000      0.000000      0.000000   WU     0.000000      0.000000
 ( 3   3) <--> ( 3   2)        0.000000      0.000000      0.000000   WU     0.000000      0.000000
 ( 3   3) <--> ( 3   3)        0.000000      0.000000   (eb)
 ( 3   4) <--> ( 3   1)        0.000000      0.000000      0.000000   WU     0.000000      0.000000
 ( 3   4) <--> ( 3   2)        0.000000      0.000000      0.000000   WU     0.000000      0.000000
 ( 3   4) <--> ( 3   3)        0.000000      0.000000      0.000000   WU     0.000000      0.000000
 ( 3   4) <--> ( 3   4)        0.000000      0.000000   (eb)
 ( 3   1) <--> ( 4   1)        0.698101      0.069621      0.054149   WU    17.438945     13.563624
 ( 3   1) <--> ( 4   2)       -0.187936      0.005046      0.003924   WU     1.263869      0.983009
 ( 3   1) <--> ( 4   3)       -1.136454      0.184504      0.143503   WU    46.215455     35.945354
 ( 3   1) <--> ( 4   4)       -0.377012      0.020305      0.015793   WU     5.086199      3.955932
 ( 3   2) <--> ( 4   1)       -0.053382      0.000407      0.000317   WU     0.101970      0.079310
 ( 3   2) <--> ( 4   2)        0.030585      0.000134      0.000104   WU     0.033473      0.026035
 ( 3   2) <--> ( 4   3)        0.469638      0.031508      0.024507   WU     7.892401      6.138534
 ( 3   2) <--> ( 4   4)        0.844009      0.101764      0.079150   WU    25.490454     19.825909
 ( 3   3) <--> ( 4   1)       -0.033799      0.000163      0.000127   WU     0.040878      0.031794
 ( 3   3) <--> ( 4   2)        0.070095      0.000702      0.000546   WU     0.175816      0.136746
 ( 3   3) <--> ( 4   3)       -0.096703      0.001336      0.001039   WU     0.334626      0.260265
 ( 3   3) <--> ( 4   4)        0.007568      0.000008      0.000006   WU     0.002049      0.001594
 ( 3   4) <--> ( 4   1)       -0.022567      0.000073      0.000057   WU     0.018224      0.014174
 ( 3   4) <--> ( 4   2)        0.005251      0.000004      0.000003   WU     0.000987      0.000767
 ( 3   4) <--> ( 4   3)        0.067259      0.000646      0.000503   WU     0.161879      0.125906
 ( 3   4) <--> ( 4   4)       -0.031592      0.000143      0.000111   WU     0.035714      0.027778
 ( 3   1) <--> ( 5   1)        1.300519      0.241621      0.153759   WU    60.522496     38.514316
 ( 3   1) <--> ( 5   2)        0.174328      0.004341      0.002763   WU     1.087477      0.692031
 ( 3   1) <--> ( 5   3)       -0.035748      0.000183      0.000116   WU     0.045728      0.029100
 ( 3   1) <--> ( 5   4)        0.034103      0.000166      0.000106   WU     0.041617      0.026484
 ( 3   2) <--> ( 5   1)       -0.563869      0.045421      0.028904   WU    11.377310      7.240106
 ( 3   2) <--> ( 5   2)       -0.428487      0.026229      0.016691   WU     6.569891      4.180840
 ( 3   2) <--> ( 5   3)        1.623975      0.376757      0.239754   WU    94.371840     60.054808
 ( 3   2) <--> ( 5   4)        0.177984      0.004525      0.002880   WU     1.133565      0.721360
 ( 3   3) <--> ( 5   1)        0.034293      0.000168      0.000107   WU     0.042083      0.026780
 ( 3   3) <--> ( 5   2)        0.610355      0.053219      0.033867   WU    13.330559      8.483083
 ( 3   3) <--> ( 5   3)       -0.026448      0.000100      0.000064   WU     0.025031      0.015929
 ( 3   3) <--> ( 5   4)       -0.593390      0.050302      0.032010   WU    12.599814      8.018063
 ( 3   4) <--> ( 5   1)       -0.066493      0.000632      0.000402   WU     0.158213      0.100681
 ( 3   4) <--> ( 5   2)        0.053774      0.000413      0.000263   WU     0.103473      0.065846
 ( 3   4) <--> ( 5   3)       -0.886256      0.112207      0.071405   WU    28.106186     17.885755
 ( 3   4) <--> ( 5   4)       -0.632362      0.057126      0.036353   WU    14.309174      9.105838
 ( 4   1) <--> ( 4   1)       -0.290648     -0.219176   (eb)
 ( 4   2) <--> ( 4   1)       -0.954503      0.101231      0.101231   WU    25.356756     25.356756
 ( 4   2) <--> ( 4   2)       -0.151879     -0.114531   (eb)
 ( 4   3) <--> ( 4   1)        0.074674      0.000620      0.000620   WU     0.155194      0.155194
 ( 4   3) <--> ( 4   2)       -1.136326      0.143471      0.143471   WU    35.937242     35.937242
 ( 4   3) <--> ( 4   3)        0.041865      0.031570   (eb)
 ( 4   4) <--> ( 4   1)        0.078986      0.000693      0.000693   WU     0.173637      0.173637
 ( 4   4) <--> ( 4   2)        0.364461      0.014759      0.014759   WU     3.696935      3.696935
 ( 4   4) <--> ( 4   3)        0.029611      0.000097      0.000097   WU     0.024404      0.024404
 ( 4   4) <--> ( 4   4)       -0.886760     -0.668701   (eb)
 ( 4   1) <--> ( 5   1)        0.219382      0.005348      0.004375   WU     1.339500      1.095955
 ( 4   1) <--> ( 5   2)       -0.025256      0.000071      0.000058   WU     0.017752      0.014525
 ( 4   1) <--> ( 5   3)        0.007284      0.000006      0.000005   WU     0.001477      0.001208
 ( 4   1) <--> ( 5   4)        0.008048      0.000007      0.000006   WU     0.001803      0.001475
 ( 4   2) <--> ( 5   1)       -0.878258      0.085704      0.070121   WU    21.467569     17.564375
 ( 4   2) <--> ( 5   2)        0.174500      0.003383      0.002768   WU     0.847482      0.693394
 ( 4   2) <--> ( 5   3)        0.055373      0.000341      0.000279   WU     0.085336      0.069821
 ( 4   2) <--> ( 5   4)       -0.001533      0.000000      0.000000   WU     0.000065      0.000054
 ( 4   3) <--> ( 5   1)       -0.256815      0.007328      0.005996   WU     1.835606      1.501860
 ( 4   3) <--> ( 5   2)       -1.620361      0.291730      0.238688   WU    73.073921     59.787754
 ( 4   3) <--> ( 5   3)       -0.015471      0.000027      0.000022   WU     0.006661      0.005450
 ( 4   3) <--> ( 5   4)        0.015650      0.000027      0.000022   WU     0.006817      0.005577
 ( 4   4) <--> ( 5   1)       -0.325594      0.011779      0.009637   WU     2.950483      2.414031
 ( 4   4) <--> ( 5   2)       -0.139102      0.002150      0.001759   WU     0.538527      0.440613
 ( 4   4) <--> ( 5   3)        0.166672      0.003087      0.002525   WU     0.773154      0.632581
 ( 4   4) <--> ( 5   4)       -0.038035      0.000161      0.000132   WU     0.040264      0.032943
 ( 4   1) <--> ( 6   1)        1.730370      0.332687      0.230321   WU    83.332952     57.692044
 ( 4   1) <--> ( 6   2)       -0.152936      0.002599      0.001799   WU     0.650964      0.450668
 ( 4   1) <--> ( 6   3)       -0.018424      0.000038      0.000026   WU     0.009448      0.006541
 ( 4   1) <--> ( 6   4)       -0.088246      0.000865      0.000599   WU     0.216737      0.150049
 ( 4   2) <--> ( 6   1)        0.230879      0.005923      0.004100   WU     1.483565      1.027083
 ( 4   2) <--> ( 6   2)       -1.607178      0.287002      0.198694   WU    71.889752     49.769828
 ( 4   2) <--> ( 6   3)       -0.175080      0.003406      0.002358   WU     0.853127      0.590627
 ( 4   2) <--> ( 6   4)        0.122336      0.001663      0.001151   WU     0.416533      0.288369
 ( 4   3) <--> ( 6   1)       -0.121288      0.001635      0.001132   WU     0.409425      0.283448
 ( 4   3) <--> ( 6   2)       -0.236482      0.006214      0.004302   WU     1.556456      1.077546
 ( 4   3) <--> ( 6   3)       -1.216750      0.164498      0.113883   WU    41.204240     28.526013
 ( 4   3) <--> ( 6   4)        0.700733      0.054558      0.037771   WU    13.666076      9.461130
 ( 4   4) <--> ( 6   1)       -0.747193      0.062033      0.042946   WU    15.538326     10.757303
 ( 4   4) <--> ( 6   2)        0.538630      0.032236      0.022317   WU     8.074588      5.590099
 ( 4   4) <--> ( 6   3)        1.220885      0.165618      0.114658   WU    41.484749     28.720211
 ( 4   4) <--> ( 6   4)        1.883387      0.394127      0.272857   WU    98.722970     68.346671
 ( 5   1) <--> ( 5   1)       -0.286617     -0.208120   (eb)
 ( 5   2) <--> ( 5   1)       -0.950845      0.082191      0.082191   WU    20.587710     20.587710
 ( 5   2) <--> ( 5   2)        0.158723      0.115253   (eb)
 ( 5   3) <--> ( 5   1)        0.012072      0.000013      0.000013   WU     0.003319      0.003319
 ( 5   3) <--> ( 5   2)        0.465909      0.019734      0.019734   WU     4.943004      4.943004
 ( 5   3) <--> ( 5   3)       -0.478352     -0.347344   (eb)
 ( 5   4) <--> ( 5   1)        0.000476      0.000000      0.000000   WU     0.000005      0.000005
 ( 5   4) <--> ( 5   2)        0.011878      0.000013      0.000013   WU     0.003213      0.003213
 ( 5   4) <--> ( 5   3)       -1.095289      0.109060      0.109060   WU    27.317836     27.317836
 ( 5   4) <--> ( 5   4)        0.246585      0.179052   (eb)
 ( 5   1) <--> ( 6   1)        0.888006      0.071687      0.060658   WU    17.956452     15.193921
 ( 5   1) <--> ( 6   2)        0.224178      0.004569      0.003866   WU     1.144396      0.968335
 ( 5   1) <--> ( 6   3)        0.532000      0.025729      0.021771   WU     6.444829      5.453317
 ( 5   1) <--> ( 6   4)       -0.814663      0.060334      0.051052   WU    15.112801     12.787755
 ( 5   2) <--> ( 6   1)       -0.044631      0.000181      0.000153   WU     0.045358      0.038380
 ( 5   2) <--> ( 6   2)       -0.560037      0.028513      0.024126   WU     7.142029      6.043255
 ( 5   2) <--> ( 6   3)        0.288565      0.007570      0.006405   WU     1.896159      1.604443
 ( 5   2) <--> ( 6   4)       -0.214087      0.004167      0.003526   WU     1.043680      0.883114
 ( 5   3) <--> ( 6   1)       -0.052218      0.000248      0.000210   WU     0.062091      0.052538
 ( 5   3) <--> ( 6   2)       -0.029693      0.000080      0.000068   WU     0.020076      0.016988
 ( 5   3) <--> ( 6   3)        0.188090      0.003216      0.002721   WU     0.805602      0.681663
 ( 5   3) <--> ( 6   4)        1.106315      0.111267      0.094149   WU    27.870607     23.582822
 ( 5   4) <--> ( 6   1)        0.009281      0.000008      0.000007   WU     0.001961      0.001660
 ( 5   4) <--> ( 6   2)        0.037347      0.000127      0.000107   WU     0.031762      0.026876
 ( 5   4) <--> ( 6   3)       -0.032567      0.000096      0.000082   WU     0.024152      0.020436
 ( 5   4) <--> ( 6   4)        0.014200      0.000018      0.000016   WU     0.004592      0.003885
 ( 5   1) <--> ( 7   1)        1.948491      0.345147      0.253108   WU    86.454143     63.399705
 ( 5   1) <--> ( 7   2)       -0.140121      0.001785      0.001309   WU     0.447092      0.327867
 ( 5   1) <--> ( 7   3)        0.016493      0.000025      0.000018   WU     0.006194      0.004542
 ( 5   1) <--> ( 7   4)       -0.035795      0.000116      0.000085   WU     0.029176      0.021396
 ( 5   2) <--> ( 7   1)        0.251879      0.005768      0.004230   WU     1.444688      1.059438
 ( 5   2) <--> ( 7   2)       -1.597089      0.231881      0.170046   WU    58.082743     42.594012
 ( 5   2) <--> ( 7   3)        0.044038      0.000176      0.000129   WU     0.044161      0.032384
 ( 5   2) <--> ( 7   4)        0.220307      0.004412      0.003236   WU     1.105213      0.810489
 ( 5   3) <--> ( 7   1)       -0.879678      0.070349      0.051589   WU    17.621252     12.922252
 ( 5   3) <--> ( 7   2)        0.595637      0.032253      0.023652   WU     8.078903      5.924529
 ( 5   3) <--> ( 7   3)        2.323405      0.490747      0.359881   WU   122.924607     90.144712
 ( 5   3) <--> ( 7   4)        0.106301      0.001027      0.000753   WU     0.257316      0.188698
 ( 5   4) <--> ( 7   1)       -0.022447      0.000046      0.000034   WU     0.011474      0.008414
 ( 5   4) <--> ( 7   2)        0.886950      0.071516      0.052445   WU    17.913789     13.136779
 ( 5   4) <--> ( 7   3)        0.183624      0.003065      0.002248   WU     0.767803      0.563055
 ( 5   4) <--> ( 7   4)       -0.618731      0.034803      0.025522   WU     8.717525      6.392851
 ( 6   1) <--> ( 6   1)       -0.501904     -0.349926   (eb)
 ( 6   2) <--> ( 6   1)        1.040682      0.083309      0.083309   WU    20.867681     20.867681
 ( 6   2) <--> ( 6   2)       -0.425793     -0.296861   (eb)
 ( 6   3) <--> ( 6   1)       -0.035871      0.000099      0.000099   WU     0.024792      0.024792
 ( 6   3) <--> ( 6   2)       -1.432660      0.157886      0.157886   WU    39.547981     39.547981
 ( 6   3) <--> ( 6   3)       -0.625982     -0.436433   (eb)
 ( 6   4) <--> ( 6   1)        0.105385      0.000854      0.000854   WU     0.213990      0.213990
 ( 6   4) <--> ( 6   2)        0.305021      0.007157      0.007157   WU     1.792657      1.792657
 ( 6   4) <--> ( 6   3)       -0.380356      0.011128      0.011128   WU     2.787518      2.787518
 ( 6   4) <--> ( 6   4)       -1.003727     -0.699796   (eb)
 ( 6   1) <--> ( 7   1)        0.246543      0.004676      0.004052   WU     1.171180      1.015023
 ( 6   1) <--> ( 7   2)        0.051772      0.000206      0.000179   WU     0.051645      0.044759
 ( 6   1) <--> ( 7   3)        0.014813      0.000017      0.000015   WU     0.004228      0.003664
 ( 6   1) <--> ( 7   4)        0.015036      0.000017      0.000015   WU     0.004356      0.003775
 ( 6   2) <--> ( 7   1)        0.788621      0.047840      0.041462   WU    11.983255     10.385488
 ( 6   2) <--> ( 7   2)        0.240201      0.004438      0.003846   WU     1.111702      0.963475
 ( 6   2) <--> ( 7   3)       -0.050088      0.000193      0.000167   WU     0.048340      0.041894
 ( 6   2) <--> ( 7   4)        0.045162      0.000157      0.000136   WU     0.039299      0.034059
 ( 6   3) <--> ( 7   1)        0.109031      0.000914      0.000793   WU     0.229054      0.198513
 ( 6   3) <--> ( 7   2)       -1.142234      0.100361      0.086980   WU    25.139024     21.787154
 ( 6   3) <--> ( 7   3)        0.140466      0.001518      0.001315   WU     0.380174      0.329484
 ( 6   3) <--> ( 7   4)       -0.146599      0.001653      0.001433   WU     0.414093      0.358880
 ( 6   4) <--> ( 7   1)       -0.558460      0.023991      0.020792   WU     6.009290      5.208051
 ( 6   4) <--> ( 7   2)        0.801422      0.049406      0.042818   WU    12.375445     10.725385
 ( 6   4) <--> ( 7   3)        0.140836      0.001526      0.001322   WU     0.382176      0.331219
 ( 6   4) <--> ( 7   4)        0.094356      0.000685      0.000594   WU     0.171546      0.148673
 ( 6   1) <--> ( 8   1)       -2.264126      0.394328      0.301545   WU    98.773223     75.532465
 ( 6   1) <--> ( 8   2)       -0.116121      0.001037      0.000793   WU     0.259810      0.198679
 ( 6   1) <--> ( 8   3)        0.006258      0.000003      0.000002   WU     0.000755      0.000577
 ( 6   1) <--> ( 8   4)        0.069814      0.000375      0.000287   WU     0.093912      0.071815
 ( 6   2) <--> ( 8   1)        0.433276      0.014441      0.011043   WU     3.617152      2.766058
 ( 6   2) <--> ( 8   2)        2.217222      0.378160      0.289181   WU    94.723263     72.435436
 ( 6   2) <--> ( 8   3)        0.011414      0.000010      0.000008   WU     0.002510      0.001920
 ( 6   2) <--> ( 8   4)        0.190197      0.002783      0.002128   WU     0.697023      0.533017
 ( 6   3) <--> ( 8   1)        0.366218      0.010317      0.007889   WU     2.584150      1.976115
 ( 6   3) <--> ( 8   2)        0.859933      0.056883      0.043499   WU    14.248445     10.895869
 ( 6   3) <--> ( 8   3)       -2.157336      0.358008      0.273771   WU    89.675504     68.575385
 ( 6   3) <--> ( 8   4)        0.950335      0.069472      0.053126   WU    17.401697     13.307180
 ( 6   4) <--> ( 8   1)        0.926225      0.065992      0.050464   WU    16.529942     12.640544
 ( 6   4) <--> ( 8   2)        0.457687      0.016114      0.012322   WU     4.036228      3.086527
 ( 6   4) <--> ( 8   3)       -1.649543      0.209307      0.160058   WU    52.428292     40.092223
 ( 6   4) <--> ( 8   4)       -2.106961      0.341483      0.261134   WU    85.536453     65.410229
 ( 7   1) <--> ( 7   1)       -0.633507     -0.424235   (eb)
 ( 7   2) <--> ( 7   1)        1.160818      0.089833      0.089833   WU    22.501877     22.501877
 ( 7   2) <--> ( 7   2)       -0.322151     -0.215732   (eb)
 ( 7   3) <--> ( 7   1)       -0.014411      0.000014      0.000014   WU     0.003468      0.003468
 ( 7   3) <--> ( 7   2)       -0.690086      0.031748      0.031748   WU     7.952370      7.952370
 ( 7   3) <--> ( 7   3)       -0.750669     -0.502695   (eb)
 ( 7   4) <--> ( 7   1)        0.051730      0.000178      0.000178   WU     0.044686      0.044686
 ( 7   4) <--> ( 7   2)        1.233223      0.101389      0.101389   WU    25.396490     25.396490
 ( 7   4) <--> ( 7   3)       -0.104484      0.000728      0.000728   WU     0.182301      0.182301
 ( 7   4) <--> ( 7   4)        0.345095      0.231097   (eb)
 ( 7   1) <--> ( 8   1)       -1.024334      0.069951      0.061721   WU    17.521594     15.460230
 ( 7   1) <--> ( 8   2)        0.257667      0.004426      0.003905   WU     1.108682      0.978249
 ( 7   1) <--> ( 8   3)        0.070434      0.000331      0.000292   WU     0.082843      0.073097
 ( 7   1) <--> ( 8   4)        0.916150      0.055955      0.049372   WU    14.015995     12.367054
 ( 7   2) <--> ( 8   1)       -0.065524      0.000286      0.000253   WU     0.071695      0.063261
 ( 7   2) <--> ( 8   2)        0.781115      0.040676      0.035891   WU    10.188725      8.990052
 ( 7   2) <--> ( 8   3)        0.222337      0.003296      0.002908   WU     0.825491      0.728375
 ( 7   2) <--> ( 8   4)       -0.438242      0.012804      0.011297   WU     3.207140      2.829829
 ( 7   3) <--> ( 8   1)        0.040689      0.000110      0.000097   WU     0.027647      0.024395
 ( 7   3) <--> ( 8   2)       -0.025198      0.000042      0.000037   WU     0.010603      0.009356
 ( 7   3) <--> ( 8   3)       -0.855239      0.048762      0.043026   WU    12.214208     10.777243
 ( 7   3) <--> ( 8   4)       -0.920710      0.056514      0.049865   WU    14.155837     12.490445
 ( 7   4) <--> ( 8   1)       -0.009218      0.000006      0.000005   WU     0.001419      0.001252
 ( 7   4) <--> ( 8   2)        0.053527      0.000191      0.000169   WU     0.047845      0.042216
 ( 7   4) <--> ( 8   3)        0.185945      0.002305      0.002034   WU     0.577378      0.509451
 ( 7   4) <--> ( 8   4)       -0.467287      0.014557      0.012845   WU     3.646349      3.217367
 ( 7   1) <--> ( 9   1)       -2.607206      0.453168      0.357764   WU   113.511834     89.614606
 ( 7   1) <--> ( 9   2)       -0.054233      0.000196      0.000155   WU     0.049115      0.038775
 ( 7   1) <--> ( 9   3)        0.105820      0.000747      0.000589   WU     0.186994      0.147627
 ( 7   1) <--> ( 9   4)       -0.042409      0.000120      0.000095   WU     0.030034      0.023711
 ( 7   2) <--> ( 9   1)        0.550980      0.020239      0.015978   WU     5.069468      4.002212
 ( 7   2) <--> ( 9   2)        2.443251      0.397965      0.314183   WU    99.684240     78.698084
 ( 7   2) <--> ( 9   3)       -0.060661      0.000245      0.000194   WU     0.061449      0.048512
 ( 7   2) <--> ( 9   4)       -0.166930      0.001858      0.001467   WU     0.465329      0.367365
 ( 7   3) <--> ( 9   1)        1.204867      0.096780      0.076405   WU    24.241994     19.138416
 ( 7   3) <--> ( 9   2)        0.643699      0.027623      0.021808   WU     6.919210      5.462534
 ( 7   3) <--> ( 9   3)        2.891380      0.557338      0.440004   WU   139.604873    110.214373
 ( 7   3) <--> ( 9   4)        0.125589      0.001052      0.000830   WU     0.263387      0.207937
 ( 7   4) <--> ( 9   1)        0.133271      0.001184      0.000935   WU     0.296593      0.234153
 ( 7   4) <--> ( 9   2)       -0.430089      0.012332      0.009736   WU     3.088925      2.438625
 ( 7   4) <--> ( 9   3)        0.062847      0.000263      0.000208   WU     0.065958      0.052072
 ( 7   4) <--> ( 9   4)        2.025784      0.273587      0.215990   WU    68.529362     54.102128
 ( 8   1) <--> ( 8   1)       -0.816905     -0.526247   (eb)
 ( 8   2) <--> ( 8   1)       -1.151049      0.077936      0.077936   WU    19.521803     19.521803
 ( 8   2) <--> ( 8   2)       -0.885359     -0.570345   (eb)
 ( 8   3) <--> ( 8   1)       -0.016300      0.000016      0.000016   WU     0.003915      0.003915
 ( 8   3) <--> ( 8   2)        1.318988      0.102337      0.102337   WU    25.633863     25.633863
 ( 8   3) <--> ( 8   3)       -1.255090     -0.808524   (eb)
 ( 8   4) <--> ( 8   1)        0.091774      0.000495      0.000495   WU     0.124101      0.124101
 ( 8   4) <--> ( 8   2)       -1.073482      0.067786      0.067786   WU    16.979379     16.979379
 ( 8   4) <--> ( 8   3)       -0.233104      0.003196      0.003196   WU     0.800632      0.800632
 ( 8   4) <--> ( 8   4)       -1.070684     -0.689730   (eb)
 ( 8   1) <--> ( 9   1)        0.253790      0.003789      0.003390   WU     0.949037      0.849138
 ( 8   1) <--> ( 9   2)       -0.079834      0.000375      0.000335   WU     0.093910      0.084024
 ( 8   1) <--> ( 9   3)       -0.023247      0.000032      0.000028   WU     0.007963      0.007125
 ( 8   1) <--> ( 9   4)       -0.029530      0.000051      0.000046   WU     0.012848      0.011496
 ( 8   2) <--> ( 9   1)       -0.723539      0.030795      0.027553   WU     7.713592      6.901635
 ( 8   2) <--> ( 9   2)        0.276628      0.004501      0.004028   WU     1.127519      1.008833
 ( 8   2) <--> ( 9   3)       -0.037563      0.000083      0.000074   WU     0.020790      0.018602
 ( 8   2) <--> ( 9   4)        0.081024      0.000386      0.000346   WU     0.096731      0.086549
 ( 8   3) <--> ( 9   1)       -0.248038      0.003619      0.003238   WU     0.906501      0.811080
 ( 8   3) <--> ( 9   2)        0.581029      0.019858      0.017768   WU     4.974254      4.450648
 ( 8   3) <--> ( 9   3)       -0.223352      0.002934      0.002626   WU     0.735042      0.657669
 ( 8   3) <--> ( 9   4)        0.122771      0.000887      0.000793   WU     0.222089      0.198711
 ( 8   4) <--> ( 9   1)       -0.702044      0.028992      0.025940   WU     7.262081      6.497652
 ( 8   4) <--> ( 9   2)       -1.116819      0.073370      0.065647   WU    18.378003     16.443477
 ( 8   4) <--> ( 9   3)       -0.086618      0.000441      0.000395   WU     0.110546      0.098910
 ( 8   4) <--> ( 9   4)       -0.198167      0.002310      0.002067   WU     0.578625      0.517717
 ( 8   1) <--> (10   1)        2.859100      0.480850      0.389260   WU   120.445710     97.503670
 ( 8   1) <--> (10   2)        0.017431      0.000018      0.000014   WU     0.004477      0.003624
 ( 8   1) <--> (10   3)        0.062042      0.000226      0.000183   WU     0.056716      0.045913
 ( 8   1) <--> (10   4)        0.051366      0.000155      0.000126   WU     0.038877      0.031472
 ( 8   2) <--> (10   1)        0.825667      0.040102      0.032463   WU    10.044822      8.131522
 ( 8   2) <--> (10   2)       -2.905680      0.496646      0.402046   WU   124.402240    100.706575
 ( 8   2) <--> (10   3)        0.149191      0.001309      0.001060   WU     0.327957      0.265489
 ( 8   2) <--> (10   4)       -0.108485      0.000692      0.000560   WU     0.173409      0.140379
 ( 8   3) <--> (10   1)       -1.043195      0.064015      0.051822   WU    16.034789     12.980543
 ( 8   3) <--> (10   2)        1.313027      0.101414      0.082097   WU    25.402718     20.564105
 ( 8   3) <--> (10   3)        3.175227      0.593063      0.480098   WU   148.553265    120.257405
 ( 8   3) <--> (10   4)        0.142203      0.001190      0.000963   WU     0.297956      0.241202
 ( 8   4) <--> (10   1)       -0.756302      0.033647      0.027238   WU     8.427977      6.822648
 ( 8   4) <--> (10   2)       -0.362291      0.007721      0.006250   WU     1.933958      1.565585
 ( 8   4) <--> (10   3)        0.576437      0.019546      0.015823   WU     4.895942      3.963381
 ( 8   4) <--> (10   4)       -3.043052      0.544716      0.440960   WU   136.443026    110.453878
 ( 9   1) <--> ( 9   1)       -1.112726     -0.690872   (eb)
 ( 9   2) <--> ( 9   1)       -1.319753      0.091671      0.091671   WU    22.962190     22.962190
 ( 9   2) <--> ( 9   2)       -0.834724     -0.518265   (eb)
 ( 9   3) <--> ( 9   1)        0.032077      0.000054      0.000054   WU     0.013565      0.013565
 ( 9   3) <--> ( 9   2)       -0.831519      0.036391      0.036391   WU     9.115318      9.115318
 ( 9   3) <--> ( 9   3)       -0.986245     -0.612342   (eb)
 ( 9   4) <--> ( 9   1)       -0.050395      0.000134      0.000134   WU     0.033482      0.033482
 ( 9   4) <--> ( 9   2)        1.576217      0.130761      0.130761   WU    32.753655     32.753655
 ( 9   4) <--> ( 9   3)       -0.238786      0.003001      0.003001   WU     0.751699      0.751699
 ( 9   4) <--> ( 9   4)       -0.244545     -0.151833   (eb)
 ( 9   1) <--> (10   1)        1.132847      0.067544      0.061112   WU    16.918833     15.307516
 ( 9   1) <--> (10   2)        0.322204      0.005464      0.004944   WU     1.368642      1.238296
 ( 9   1) <--> (10   3)       -0.264543      0.003683      0.003333   WU     0.922613      0.834745
 ( 9   1) <--> (10   4)        0.904389      0.043048      0.038949   WU    10.782971      9.756022
 ( 9   2) <--> (10   1)       -0.073862      0.000287      0.000260   WU     0.071924      0.065074
 ( 9   2) <--> (10   2)       -0.923633      0.044900      0.040624   WU    11.246745     10.175626
 ( 9   2) <--> (10   3)        0.314710      0.005213      0.004716   WU     1.305718      1.181364
 ( 9   2) <--> (10   4)        0.538546      0.015265      0.013811   WU     3.823616      3.459462
 ( 9   3) <--> (10   1)        0.022025      0.000026      0.000023   WU     0.006395      0.005786
 ( 9   3) <--> (10   2)        0.003535      0.000001      0.000001   WU     0.000165      0.000149
 ( 9   3) <--> (10   3)       -1.064284      0.059616      0.053938   WU    14.932854     13.510677
 ( 9   3) <--> (10   4)        0.837213      0.036891      0.033377   WU     9.240601      8.360544
 ( 9   4) <--> (10   1)       -0.017564      0.000016      0.000015   WU     0.004067      0.003680
 ( 9   4) <--> (10   2)       -0.078084      0.000321      0.000290   WU     0.080380      0.072725
 ( 9   4) <--> (10   3)        0.229648      0.002776      0.002511   WU     0.695268      0.629052
 ( 9   4) <--> (10   4)        0.678304      0.024216      0.021909   WU     6.065644      5.487964
 (10   1) <--> (10   1)       -1.325697     -0.794879   (eb)
 (10   2) <--> (10   1)        1.299714      0.080441      0.080441   WU    20.149195     20.149195
 (10   2) <--> (10   2)       -1.504455     -0.902061   (eb)
 (10   3) <--> (10   1)       -0.041672      0.000083      0.000083   WU     0.020714      0.020714
 (10   3) <--> (10   2)       -1.370983      0.089504      0.089504   WU    22.419521     22.419521
 (10   3) <--> (10   3)       -1.312417     -0.786917   (eb)
 (10   4) <--> (10   1)       -0.055735      0.000148      0.000148   WU     0.037053      0.037053
 (10   4) <--> (10   2)       -1.311087      0.081855      0.081855   WU    20.503360     20.503360
 (10   4) <--> (10   3)        0.150516      0.001079      0.001079   WU     0.270226      0.270226
 (10   4) <--> (10   4)       -1.575402     -0.944600   (eb)
 
  quadrupole shape invariant: 01+, 02+, 03+, 04+
quadr2     0.47598203     0.71058697     0.78619982     1.41027512
quadr3     0.18236795     0.48025140     0.42066551     1.65787346
  effective deformation parameters:  01+, 02+, 03+, 04+
beteff     0.18431308     0.22520057     0.23687943     0.31725816
cos3ga     0.55534477     0.80175704     0.60344472     0.98990977
 
 ********* END Transition **************************
