 ********* BEGIN READER ****************************
 
 Nucleus            :  Ru  44  48
 Imin, Imax         :     0  10
 imu, remu          :     1 12.0000
 nlevel             :     4
 observables        :     2
 wave fun           :     1
 nbet, ngam, npar   :    10   7  10
 Finish reading parameters: V, B_k ...
 
 ********* END READER ******************************
 
 ********* BEGIN LEVELS ********************
 
 E_0 =  -783.231636
 
  I=   0   ntot= 127
   0   1    0.000000
   0   2    2.632527
   0   3    4.001515
   0   4    4.591106
 
  I=   2   ntot= 234
   2   1    1.221048
   2   2    3.202263
   2   3    3.837985
   2   4    5.026984
 
  I=   3   ntot= 108
   3   1    4.433853
   3   2    6.158681
   3   3    7.859986
   3   4    8.114047
 
  I=   4   ntot= 324
   4   1    2.725096
   4   2    4.789949
   4   3    5.025782
   4   4    5.970773
 
  I=   5   ntot= 198
   5   1    5.908101
   5   2    7.300845
   5   3    7.657170
   5   4    9.087775
 
  I=   6   ntot= 432
   6   1    4.547200
   6   2    6.369226
   6   3    6.541584
   6   4    7.593241
 
  I=   7   ntot= 306
   7   1    7.522704
   7   2    8.947603
   7   3    9.392199
   7   4   10.340352
 
  I=   8   ntot= 522
   8   1    6.617742
   8   2    8.107899
   8   3    8.388007
   8   4    9.432763
 
  I=   9   ntot= 397
   9   1    9.319497
   9   2   10.791659
   9   3   11.303570
   9   4   12.254434
 
  I=  10   ntot= 630
  10   1    8.790787
  10   2   10.273298
  10   3   10.435151
  10   4   11.507830
 
 ********* END LEVELS **********************
 
 ********* BEGIN Transition ************************
 
  Monopole moment 
 
   I   n    <In|E0|In>   ave \beta      del<b>   ave \gamma    del<g>  
     K=0       K=2       K=4   
   0   1     18.483166    0.163520    0.050280   25.988294   10.929162  100.0000    0.0000    0.0000
   0   2     18.676226    0.225453    0.077226   21.624100    9.702196  100.0000    0.0000    0.0000
   0   3     18.750378    0.243057    0.054673   35.774170   10.464695  100.0000    0.0000    0.0000
   0   4     18.935301    0.291628    0.090784   19.456222    9.510155  100.0000    0.0000    0.0000
   2   1     18.549777    0.188773    0.049849   22.961960   10.215877   95.9031    4.0969    0.0000
   2   2     18.662689    0.220635    0.056856   30.141717   10.610701   15.3817   84.6183    0.0000
   2   3     18.844986    0.269543    0.074540   22.366266    9.840322   88.5245   11.4755    0.0000
   2   4     18.934797    0.289453    0.077625   24.146673    8.803775   25.9241   74.0759    0.0000
   3   1     18.806431    0.259583    0.058117   26.379259    8.507460    0.0000  100.0000    0.0000
   3   2     19.023967    0.309381    0.086862   22.961951    8.415269    0.0000   99.9999    0.0000
   3   3     19.087910    0.317461    0.071467   27.640239   12.715290    0.0000  100.0000    0.0000
   3   4     19.321595    0.365194    0.102884   22.351174    9.024819    0.0000   99.9999    0.0000
   4   1     18.610628    0.208409    0.051354   21.456305    9.649049   93.8959    5.5360    0.5681
   4   2     18.782741    0.252691    0.056966   29.308280   10.349710   15.9459   68.4637   15.5904
   4   3     18.958003    0.296301    0.074244   20.346622    8.989050   92.8330    6.6674    0.4996
   4   4     18.941097    0.290314    0.061834   27.140103   10.318596    5.4963   47.0789   47.4247
   5   1     18.941631    0.291579    0.057791   24.146581    8.227173    0.0000   94.3299    5.6701
   5   2     19.063857    0.315823    0.059396   25.752625    8.766064    0.0000   17.8902   82.1097
   5   3     19.084734    0.321736    0.091514   22.696014    8.674923    0.0000   83.7266   16.2733
   5   4     19.231818    0.349928    0.092376   23.100311    8.995091    0.0000   20.9003   79.0997
   6   1     18.684967    0.229746    0.055584   20.988478    9.197557   89.5119    9.6083    0.7188
   6   2     18.968110    0.297092    0.071538   24.481159    9.391720   50.3232   43.1579    5.3128
   6   3     18.975472    0.300009    0.070411   20.554613   10.765550   61.3192   28.6237    7.6291
   6   4     19.035023    0.310896    0.066438   25.788167   11.227894    9.8086   55.2641   19.2313
   7   1     19.062173    0.317742    0.055800   22.652633    7.972944    0.0000   90.6101    8.9236
   7   2     19.164458    0.336497    0.059102   24.014931    8.885465    0.0000   20.1830   72.1257
   7   3     19.201798    0.345726    0.096317   21.336447    8.718611    0.0000   80.2585   19.0962
   7   4     19.239821    0.347072    0.063912   26.514637    9.361796    0.0000    5.2728   24.8539
   8   1     18.805625    0.260844    0.061335   21.213131    8.872863   81.1050   17.1842    1.4518
   8   2     19.017061    0.308777    0.083862   21.958613    8.790504   65.1070   31.2881    3.1791
   8   3     19.080010    0.321669    0.065050   20.603768   10.943601   50.1179   35.8401   11.1602
   8   4     19.115716    0.326958    0.069499   25.073093   11.734871   12.4111   55.0519   17.2727
   9   1     19.157754    0.337290    0.054401   21.679301    7.832030    0.0000   86.4766   12.6447
   9   2     19.255164    0.354515    0.059133   22.542171    8.895503    0.0000   22.4126   66.5424
   9   3     19.384421    0.380982    0.097784   19.867457    8.692913    0.0000   77.9710   20.7620
   9   4     19.340993    0.366323    0.069252   24.943595   10.161137    0.0000    7.3726   30.3285
  10   1     18.981660    0.301041    0.061209   21.435157    8.646780   69.1494   27.5847    2.8589
  10   2     19.022963    0.310723    0.097666   20.762984    8.593438   67.1086   29.4901    3.1200
  10   3     19.193042    0.344336    0.063208   19.652763   10.780560   50.9696   31.8875   14.1262
  10   4     19.211857    0.345122    0.071541   24.073057   11.915012   14.0535   53.4113   17.9053
 
  rho^2(E0) 
 
   I  n_1 n_2  <In_1|E0|In_2>  rho^2(E0) 
   0   1   1       18.483166  767.978848
   0   2   1       -0.122770    0.033883
   0   2   2       18.676226  784.105989
   0   3   1       -0.026774    0.001611
   0   3   2        0.069490    0.010855
   0   3   3       18.750378  790.344711
   0   4   1       -0.012376    0.000344
   0   4   2       -0.228086    0.116948
   0   4   3       -0.042440    0.004049
   0   4   4       18.935301  806.010905
   2   1   1       18.549777  773.524141
   2   2   1        0.026311    0.001556
   2   2   2       18.662689  782.969717
   2   3   1       -0.142489    0.045642
   2   3   2       -0.002770    0.000017
   2   3   3       18.844986  798.340489
   2   4   1        0.005456    0.000067
   2   4   2        0.168870    0.064106
   2   4   3       -0.050645    0.005766
   2   4   4       18.934797  805.968022
   3   1   1       18.806431  795.077130
   3   2   1        0.234781    0.123915
   3   2   2       19.023967  813.576994
   3   3   1       -0.034893    0.002737
   3   3   2        0.115742    0.030115
   3   3   3       19.087910  819.055421
   3   4   1        0.005759    0.000075
   3   4   2        0.322497    0.233801
   3   4   3        0.047569    0.005087
   3   4   4       19.321595  839.232824
   4   1   1       18.610628  778.607508
   4   2   1       -0.003640    0.000030
   4   2   2       18.782741  793.075373
   4   3   1       -0.164382    0.060744
   4   3   2        0.012427    0.000347
   4   3   3       18.958003  807.944804
   4   4   1        0.007123    0.000114
   4   4   2        0.085081    0.016273
   4   4   3       -0.010923    0.000268
   4   4   4       18.941097  806.504408
   5   1   1       18.941631  806.549947
   5   2   1        0.075498    0.012814
   5   2   2       19.063857  816.992510
   5   3   1       -0.248420    0.138730
   5   3   2        0.001864    0.000008
   5   3   3       19.084734  818.782834
   5   4   1       -0.016453    0.000609
   5   4   2       -0.252587    0.143423
   5   4   3        0.002288    0.000012
   5   4   4       19.231818  831.451975
   6   1   1       18.684967  784.840088
   6   2   1       -0.157463    0.055739
   6   2   2       18.968110  808.806480
   6   3   1       -0.118831    0.031743
   6   3   2        0.061657    0.008546
   6   3   3       18.975472  809.434451
   6   4   1       -0.005485    0.000068
   6   4   2       -0.085477    0.016425
   6   4   3        0.095536    0.020518
   6   4   4       19.035023  814.522980
   7   1   1       19.062173  816.848142
   7   2   1        0.070120    0.011053
   7   2   2       19.164458  825.637879
   7   3   1        0.259963    0.151921
   7   3   2       -0.010704    0.000258
   7   3   3       19.201798  828.858282
   7   4   1       -0.021759    0.001064
   7   4   2       -0.089231    0.017899
   7   4   3       -0.014603    0.000479
   7   4   4       19.239821  832.144149
   8   1   1       18.805625  795.009014
   8   2   1        0.230774    0.119721
   8   2   2       19.017061  812.986460
   8   3   1       -0.089908    0.018172
   8   3   2       -0.031687    0.002257
   8   3   3       19.080010  818.377546
   8   4   1       -0.002699    0.000016
   8   4   2        0.086663    0.016883
   8   4   3        0.107979    0.026211
   8   4   4       19.115716  821.443385
   9   1   1       19.157754  825.060295
   9   2   1        0.060357    0.008189
   9   2   2       19.255164  833.471897
   9   3   1        0.268296    0.161818
   9   3   2        0.003427    0.000026
   9   3   3       19.384421  844.699402
   9   4   1        0.022364    0.001124
   9   4   2        0.098317    0.021730
   9   4   3        0.049927    0.005604
   9   4   4       19.340993  840.918768
  10   1   1       18.981660  809.962464
  10   2   1       -0.267162    0.160452
  10   2   2       19.022963  813.491132
  10   3   1        0.079058    0.014050
  10   3   2       -0.013599    0.000416
  10   3   3       19.193042  828.102616
  10   4   1       -0.001467    0.000005
  10   4   2       -0.101116    0.022985
  10   4   3       -0.089202    0.017887
  10   4   4       19.211857  829.726986
 
  E2 transition 
 
  I1  n1        I2  n2       <f||E2||i>   B(E2,I1->I2)  B(E2,I2->I1)
 ( 0   1) <--> ( 2   1)        0.488576      0.238707      0.047741   WU    96.759601     19.351920
 ( 0   1) <--> ( 2   2)       -0.077553      0.006014      0.001203   WU     2.437960      0.487592
 ( 0   1) <--> ( 2   3)       -0.031457      0.000990      0.000198   WU     0.401117      0.080223
 ( 0   1) <--> ( 2   4)        0.013616      0.000185      0.000037   WU     0.075152      0.015030
 ( 0   2) <--> ( 2   1)       -0.298818      0.089292      0.017858   WU    36.194490      7.238898
 ( 0   2) <--> ( 2   2)       -0.110050      0.012111      0.002422   WU     4.909162      0.981832
 ( 0   2) <--> ( 2   3)        0.604324      0.365208      0.073042   WU   148.036861     29.607372
 ( 0   2) <--> ( 2   4)        0.074953      0.005618      0.001124   WU     2.277261      0.455452
 ( 0   3) <--> ( 2   1)        0.041448      0.001718      0.000344   WU     0.696374      0.139275
 ( 0   3) <--> ( 2   2)        0.300956      0.090574      0.018115   WU    36.714317      7.342863
 ( 0   3) <--> ( 2   3)        0.236005      0.055698      0.011140   WU    22.577303      4.515461
 ( 0   3) <--> ( 2   4)       -0.201841      0.040740      0.008148   WU    16.513873      3.302775
 ( 0   4) <--> ( 2   1)       -0.024371      0.000594      0.000119   WU     0.240754      0.048151
 ( 0   4) <--> ( 2   2)        0.129394      0.016743      0.003349   WU     6.786668      1.357334
 ( 0   4) <--> ( 2   3)       -0.486643      0.236821      0.047364   WU    95.995278     19.199056
 ( 0   4) <--> ( 2   4)        0.131885      0.017394      0.003479   WU     7.050468      1.410094
 ( 2   1) <--> ( 2   1)       -0.524516     -0.397548   (eb)
 ( 2   2) <--> ( 2   1)       -0.444771      0.039564      0.039564   WU    16.037385     16.037385
 ( 2   2) <--> ( 2   2)        0.449063      0.340360   (eb)
 ( 2   3) <--> ( 2   1)        0.074795      0.001119      0.001119   WU     0.453534      0.453534
 ( 2   3) <--> ( 2   2)        0.448781      0.040281      0.040281   WU    16.327813     16.327813
 ( 2   3) <--> ( 2   3)       -0.538465     -0.408121   (eb)
 ( 2   4) <--> ( 2   1)        0.043901      0.000385      0.000385   WU     0.156249      0.156249
 ( 2   4) <--> ( 2   2)        0.085610      0.001466      0.001466   WU     0.594162      0.594162
 ( 2   4) <--> ( 2   3)        0.614319      0.075478      0.075478   WU    30.594789     30.594789
 ( 2   4) <--> ( 2   4)        0.329425      0.249682   (eb)
 ( 2   1) <--> ( 3   1)       -0.127617      0.003257      0.002327   WU     1.320312      0.943080
 ( 2   1) <--> ( 3   2)        0.056854      0.000646      0.000462   WU     0.262047      0.187177
 ( 2   1) <--> ( 3   3)       -0.029127      0.000170      0.000121   WU     0.068779      0.049128
 ( 2   1) <--> ( 3   4)       -0.012006      0.000029      0.000021   WU     0.011686      0.008347
 ( 2   2) <--> ( 3   1)       -0.867266      0.150430      0.107450   WU    60.976725     43.554804
 ( 2   2) <--> ( 3   2)        0.056860      0.000647      0.000462   WU     0.262105      0.187218
 ( 2   2) <--> ( 3   3)        0.020484      0.000084      0.000060   WU     0.034017      0.024298
 ( 2   2) <--> ( 3   4)       -0.008742      0.000015      0.000011   WU     0.006196      0.004426
 ( 2   3) <--> ( 3   1)       -0.105021      0.002206      0.001576   WU     0.894157      0.638683
 ( 2   3) <--> ( 3   2)        0.077562      0.001203      0.000859   WU     0.487707      0.348362
 ( 2   3) <--> ( 3   3)       -0.004516      0.000004      0.000003   WU     0.001653      0.001181
 ( 2   3) <--> ( 3   4)       -0.033952      0.000231      0.000165   WU     0.093450      0.066750
 ( 2   4) <--> ( 3   1)       -0.802028      0.128650      0.091893   WU    52.148167     37.248691
 ( 2   4) <--> ( 3   2)       -0.994619      0.197853      0.141324   WU    80.199706     57.285505
 ( 2   4) <--> ( 3   3)        0.014483      0.000042      0.000030   WU     0.017005      0.012147
 ( 2   4) <--> ( 3   4)        0.014489      0.000042      0.000030   WU     0.017019      0.012156
 ( 2   1) <--> ( 4   1)        0.922565      0.170225      0.094570   WU    69.000798     38.333777
 ( 2   1) <--> ( 4   2)       -0.044483      0.000396      0.000220   WU     0.160417      0.089121
 ( 2   1) <--> ( 4   3)       -0.037266      0.000278      0.000154   WU     0.112584      0.062547
 ( 2   1) <--> ( 4   4)        0.001738      0.000001      0.000000   WU     0.000245      0.000136
 ( 2   2) <--> ( 4   1)        0.092507      0.001712      0.000951   WU     0.693765      0.385425
 ( 2   2) <--> ( 4   2)        0.760305      0.115613      0.064229   WU    46.863550     26.035305
 ( 2   2) <--> ( 4   3)       -0.187313      0.007017      0.003898   WU     2.844446      1.580248
 ( 2   2) <--> ( 4   4)       -0.146795      0.004310      0.002394   WU     1.746952      0.970529
 ( 2   3) <--> ( 4   1)       -0.420158      0.035307      0.019615   WU    14.311507      7.950837
 ( 2   3) <--> ( 4   2)        0.205451      0.008442      0.004690   WU     3.421961      1.901090
 ( 2   3) <--> ( 4   3)        1.213844      0.294683      0.163713   WU   119.449750     66.360972
 ( 2   3) <--> ( 4   4)       -0.031970      0.000204      0.000114   WU     0.082858      0.046032
 ( 2   4) <--> ( 4   1)       -0.058347      0.000681      0.000378   WU     0.275996      0.153331
 ( 2   4) <--> ( 4   2)        0.215135      0.009257      0.005143   WU     3.752156      2.084531
 ( 2   4) <--> ( 4   3)       -0.237144      0.011247      0.006249   WU     4.559132      2.532851
 ( 2   4) <--> ( 4   4)        0.428104      0.036655      0.020364   WU    14.857929      8.254405
 ( 3   1) <--> ( 3   1)        0.000000      0.000000   (eb)
 ( 3   2) <--> ( 3   1)        0.000000      0.000000      0.000000   WU     0.000000      0.000000
 ( 3   2) <--> ( 3   2)        0.000000      0.000000   (eb)
 ( 3   3) <--> ( 3   1)        0.000000      0.000000      0.000000   WU     0.000000      0.000000
 ( 3   3) <--> ( 3   2)        0.000000      0.000000      0.000000   WU     0.000000      0.000000
 ( 3   3) <--> ( 3   3)        0.000000      0.000000   (eb)
 ( 3   4) <--> ( 3   1)        0.000000      0.000000      0.000000   WU     0.000000      0.000000
 ( 3   4) <--> ( 3   2)        0.000000      0.000000      0.000000   WU     0.000000      0.000000
 ( 3   4) <--> ( 3   3)        0.000000      0.000000      0.000000   WU     0.000000      0.000000
 ( 3   4) <--> ( 3   4)        0.000000      0.000000   (eb)
 ( 3   1) <--> ( 4   1)        0.344027      0.016908      0.013151   WU     6.853581      5.330563
 ( 3   1) <--> ( 4   2)       -0.781760      0.087307      0.067905   WU    35.389852     27.525441
 ( 3   1) <--> ( 4   3)       -0.301984      0.013028      0.010133   WU     5.280806      4.107294
 ( 3   1) <--> ( 4   4)       -0.788541      0.088828      0.069089   WU    36.006468     28.005031
 ( 3   2) <--> ( 4   1)       -0.085583      0.001046      0.000814   WU     0.424133      0.329882
 ( 3   2) <--> ( 4   2)       -0.183964      0.004835      0.003760   WU     1.959732      1.524236
 ( 3   2) <--> ( 4   3)       -0.426214      0.025951      0.020184   WU    10.519312      8.181687
 ( 3   2) <--> ( 4   4)       -0.647158      0.059830      0.046535   WU    24.252228     18.862844
 ( 3   3) <--> ( 4   1)        0.016960      0.000041      0.000032   WU     0.016656      0.012955
 ( 3   3) <--> ( 4   2)        0.040206      0.000231      0.000180   WU     0.093610      0.072808
 ( 3   3) <--> ( 4   3)        0.062767      0.000563      0.000438   WU     0.228136      0.177439
 ( 3   3) <--> ( 4   4)       -0.213873      0.006535      0.005082   WU     2.648772      2.060156
 ( 3   4) <--> ( 4   1)        0.017765      0.000045      0.000035   WU     0.018276      0.014215
 ( 3   4) <--> ( 4   2)        0.006992      0.000007      0.000005   WU     0.002831      0.002202
 ( 3   4) <--> ( 4   3)        0.037361      0.000199      0.000155   WU     0.080830      0.062868
 ( 3   4) <--> ( 4   4)        0.013166      0.000025      0.000019   WU     0.010038      0.007808
 ( 3   1) <--> ( 5   1)        1.121041      0.179533      0.114248   WU    72.773675     46.310521
 ( 3   1) <--> ( 5   2)       -0.144483      0.002982      0.001898   WU     1.208824      0.769252
 ( 3   1) <--> ( 5   3)        0.032907      0.000155      0.000098   WU     0.062707      0.039905
 ( 3   1) <--> ( 5   4)       -0.038359      0.000210      0.000134   WU     0.085205      0.054222
 ( 3   2) <--> ( 5   1)        0.580784      0.048187      0.030665   WU    19.532609     12.429842
 ( 3   2) <--> ( 5   2)        0.321530      0.014769      0.009398   WU     5.986510      3.809597
 ( 3   2) <--> ( 5   3)       -1.167731      0.194799      0.123963   WU    78.961803     50.248420
 ( 3   2) <--> ( 5   4)        0.086457      0.001068      0.000680   WU     0.432846      0.275447
 ( 3   3) <--> ( 5   1)        0.094087      0.001265      0.000805   WU     0.512616      0.326210
 ( 3   3) <--> ( 5   2)        0.463004      0.030625      0.019488   WU    12.413672      7.899609
 ( 3   3) <--> ( 5   3)       -0.162200      0.003758      0.002392   WU     1.523472      0.969482
 ( 3   3) <--> ( 5   4)        0.285460      0.011641      0.007408   WU     4.718703      3.002811
 ( 3   4) <--> ( 5   1)       -0.024125      0.000083      0.000053   WU     0.033701      0.021446
 ( 3   4) <--> ( 5   2)        0.040639      0.000236      0.000150   WU     0.095636      0.060859
 ( 3   4) <--> ( 5   3)       -0.661758      0.062560      0.039811   WU    25.358849     16.137449
 ( 3   4) <--> ( 5   4)       -0.419191      0.025103      0.015975   WU    10.175475      6.475302
 ( 4   1) <--> ( 4   1)       -0.740729     -0.558581   (eb)
 ( 4   2) <--> ( 4   1)       -0.460579      0.023570      0.023570   WU     9.554217      9.554217
 ( 4   2) <--> ( 4   2)       -0.066949     -0.050486   (eb)
 ( 4   3) <--> ( 4   1)        0.178667      0.003547      0.003547   WU     1.437732      1.437732
 ( 4   3) <--> ( 4   2)        0.259203      0.007465      0.007465   WU     3.025986      3.025986
 ( 4   3) <--> ( 4   3)       -1.017474     -0.767273   (eb)
 ( 4   4) <--> ( 4   1)       -0.001354      0.000000      0.000000   WU     0.000083      0.000083
 ( 4   4) <--> ( 4   2)       -0.732045      0.059543      0.059543   WU    24.135832     24.135832
 ( 4   4) <--> ( 4   3)        0.302818      0.010189      0.010189   WU     4.130017      4.130017
 ( 4   4) <--> ( 4   4)        0.267959      0.202066   (eb)
 ( 4   1) <--> ( 5   1)       -0.109836      0.001340      0.001097   WU     0.543345      0.444555
 ( 4   1) <--> ( 5   2)        0.018853      0.000039      0.000032   WU     0.016009      0.013098
 ( 4   1) <--> ( 5   3)       -0.069038      0.000530      0.000433   WU     0.214664      0.175634
 ( 4   1) <--> ( 5   4)       -0.007947      0.000007      0.000006   WU     0.002845      0.002328
 ( 4   2) <--> ( 5   1)       -0.857796      0.081757      0.066892   WU    33.140230     27.114733
 ( 4   2) <--> ( 5   2)       -0.112712      0.001412      0.001155   WU     0.572171      0.468140
 ( 4   2) <--> ( 5   3)       -0.091048      0.000921      0.000754   WU     0.373360      0.305477
 ( 4   2) <--> ( 5   4)       -0.017530      0.000034      0.000028   WU     0.013840      0.011324
 ( 4   3) <--> ( 5   1)        0.109752      0.001338      0.001095   WU     0.542512      0.443874
 ( 4   3) <--> ( 5   2)       -0.022989      0.000059      0.000048   WU     0.023802      0.019474
 ( 4   3) <--> ( 5   3)       -0.086337      0.000828      0.000678   WU     0.335721      0.274681
 ( 4   3) <--> ( 5   4)        0.003790      0.000002      0.000001   WU     0.000647      0.000529
 ( 4   4) <--> ( 5   1)       -0.521263      0.030191      0.024701   WU    12.237729     10.012687
 ( 4   4) <--> ( 5   2)       -1.289108      0.184644      0.151073   WU    74.845473     61.237205
 ( 4   4) <--> ( 5   3)        0.034925      0.000136      0.000111   WU     0.054935      0.044947
 ( 4   4) <--> ( 5   4)       -0.076428      0.000649      0.000531   WU     0.263084      0.215251
 ( 4   1) <--> ( 6   1)        1.313763      0.191775      0.132767   WU    77.735866     53.817138
 ( 4   1) <--> ( 6   2)       -0.007911      0.000007      0.000005   WU     0.002819      0.001951
 ( 4   1) <--> ( 6   3)       -0.010013      0.000011      0.000008   WU     0.004515      0.003126
 ( 4   1) <--> ( 6   4)       -0.007306      0.000006      0.000004   WU     0.002404      0.001664
 ( 4   2) <--> ( 6   1)       -0.085799      0.000818      0.000566   WU     0.331551      0.229535
 ( 4   2) <--> ( 6   2)        0.912276      0.092472      0.064019   WU    37.483468     25.950093
 ( 4   2) <--> ( 6   3)       -0.984155      0.107618      0.074505   WU    43.622855     30.200438
 ( 4   2) <--> ( 6   4)        0.146581      0.002387      0.001653   WU     0.967706      0.669950
 ( 4   3) <--> ( 6   1)       -0.594191      0.039229      0.027159   WU    15.901521     11.008745
 ( 4   3) <--> ( 6   2)        1.349427      0.202328      0.140073   WU    82.013671     56.778695
 ( 4   3) <--> ( 6   3)        1.103222      0.135233      0.093623   WU    54.816761     37.950065
 ( 4   3) <--> ( 6   4)       -0.011708      0.000015      0.000011   WU     0.006174      0.004274
 ( 4   4) <--> ( 6   1)       -0.094873      0.001000      0.000692   WU     0.405392      0.280656
 ( 4   4) <--> ( 6   2)        0.254476      0.007195      0.004981   WU     2.916621      2.019199
 ( 4   4) <--> ( 6   3)       -0.229068      0.005830      0.004036   WU     2.363289      1.636123
 ( 4   4) <--> ( 6   4)       -1.211235      0.163010      0.112853   WU    66.076040     45.744951
 ( 5   1) <--> ( 5   1)       -0.617351     -0.448275   (eb)
 ( 5   2) <--> ( 5   1)       -0.630194      0.036104      0.036104   WU    14.634758     14.634758
 ( 5   2) <--> ( 5   2)        0.414747      0.301159   (eb)
 ( 5   3) <--> ( 5   1)       -0.025854      0.000061      0.000061   WU     0.024632      0.024632
 ( 5   3) <--> ( 5   2)        0.564370      0.028956      0.028956   WU    11.737215     11.737215
 ( 5   3) <--> ( 5   3)       -0.422947     -0.307113   (eb)
 ( 5   4) <--> ( 5   1)       -0.060448      0.000332      0.000332   WU     0.134647      0.134647
 ( 5   4) <--> ( 5   2)        0.022006      0.000044      0.000044   WU     0.017845      0.017845
 ( 5   4) <--> ( 5   3)       -0.633841      0.036523      0.036523   WU    14.804655     14.804655
 ( 5   4) <--> ( 5   4)        0.455668      0.330873   (eb)
 ( 5   1) <--> ( 6   1)        0.485432      0.021422      0.018127   WU     8.683494      7.347572
 ( 5   1) <--> ( 6   2)       -0.842821      0.064577      0.054642   WU    26.176257     22.149140
 ( 5   1) <--> ( 6   3)        0.342690      0.010676      0.009034   WU     4.327533      3.661759
 ( 5   1) <--> ( 6   4)        0.589262      0.031566      0.026710   WU    12.795399     10.826876
 ( 5   2) <--> ( 6   1)       -0.052075      0.000247      0.000209   WU     0.099929      0.084556
 ( 5   2) <--> ( 6   2)        0.092167      0.000772      0.000653   WU     0.313031      0.264872
 ( 5   2) <--> ( 6   3)       -0.391027      0.013900      0.011762   WU     5.634437      4.767600
 ( 5   2) <--> ( 6   4)        0.785106      0.056036      0.047415   WU    22.714009     19.219546
 ( 5   3) <--> ( 6   1)        0.136898      0.001704      0.001442   WU     0.690606      0.584359
 ( 5   3) <--> ( 6   2)        0.519779      0.024561      0.020782   WU     9.955762      8.424106
 ( 5   3) <--> ( 6   3)        0.096816      0.000852      0.000721   WU     0.345409      0.292269
 ( 5   3) <--> ( 6   4)       -0.386120      0.013554      0.011468   WU     5.493908      4.648692
 ( 5   4) <--> ( 6   1)       -0.003002      0.000001      0.000001   WU     0.000332      0.000281
 ( 5   4) <--> ( 6   2)        0.044630      0.000181      0.000153   WU     0.073399      0.062107
 ( 5   4) <--> ( 6   3)       -0.040965      0.000153      0.000129   WU     0.061838      0.052324
 ( 5   4) <--> ( 6   4)        0.093208      0.000790      0.000668   WU     0.320144      0.270891
 ( 5   1) <--> ( 7   1)       -1.738132      0.274646      0.201407   WU   111.327493     81.640162
 ( 5   1) <--> ( 7   2)        0.102497      0.000955      0.000700   WU     0.387130      0.283895
 ( 5   1) <--> ( 7   3)        0.044631      0.000181      0.000133   WU     0.073402      0.053828
 ( 5   1) <--> ( 7   4)        0.024837      0.000056      0.000041   WU     0.022733      0.016671
 ( 5   2) <--> ( 7   1)       -0.238542      0.005173      0.003793   WU     2.096851      1.537691
 ( 5   2) <--> ( 7   2)       -1.333943      0.161764      0.118627   WU    65.571010     48.085407
 ( 5   2) <--> ( 7   3)       -0.185950      0.003143      0.002305   WU     1.274171      0.934392
 ( 5   2) <--> ( 7   4)       -0.276859      0.006968      0.005110   WU     2.824585      2.071363
 ( 5   3) <--> ( 7   1)        0.715889      0.046591      0.034166   WU    18.885512     13.849375
 ( 5   3) <--> ( 7   2)        0.064116      0.000374      0.000274   WU     0.151487      0.111091
 ( 5   3) <--> ( 7   3)        1.744488      0.276658      0.202883   WU   112.143217     82.238359
 ( 5   3) <--> ( 7   4)       -0.141142      0.001811      0.001328   WU     0.734092      0.538334
 ( 5   4) <--> ( 7   1)       -0.028907      0.000076      0.000056   WU     0.030793      0.022581
 ( 5   4) <--> ( 7   2)        0.395420      0.014214      0.010424   WU     5.761752      4.225285
 ( 5   4) <--> ( 7   3)        0.109620      0.001092      0.000801   WU     0.442808      0.324726
 ( 5   4) <--> ( 7   4)       -0.615650      0.034457      0.025268   WU    13.967054     10.242506
 ( 6   1) <--> ( 6   1)       -0.917156     -0.639439   (eb)
 ( 6   2) <--> ( 6   1)       -0.180848      0.002516      0.002516   WU     1.019793      1.019793
 ( 6   2) <--> ( 6   2)       -0.655385     -0.456932   (eb)
 ( 6   3) <--> ( 6   1)        0.525814      0.021268      0.021268   WU     8.620849      8.620849
 ( 6   3) <--> ( 6   2)       -0.381383      0.011189      0.011189   WU     4.535326      4.535326
 ( 6   3) <--> ( 6   3)       -1.235367     -0.861295   (eb)
 ( 6   4) <--> ( 6   1)       -0.065454      0.000330      0.000330   WU     0.133585      0.133585
 ( 6   4) <--> ( 6   2)        0.335197      0.008643      0.008643   WU     3.503373      3.503373
 ( 6   4) <--> ( 6   3)       -0.917767      0.064792      0.064792   WU    26.263411     26.263411
 ( 6   4) <--> ( 6   4)       -0.411972     -0.287226   (eb)
 ( 6   1) <--> ( 7   1)        0.079763      0.000489      0.000424   WU     0.198377      0.171927
 ( 6   1) <--> ( 7   2)       -0.024396      0.000046      0.000040   WU     0.018558      0.016084
 ( 6   1) <--> ( 7   3)       -0.062131      0.000297      0.000257   WU     0.120366      0.104317
 ( 6   1) <--> ( 7   4)        0.006727      0.000003      0.000003   WU     0.001411      0.001223
 ( 6   2) <--> ( 7   1)        0.484288      0.018041      0.015636   WU     7.312973      6.337910
 ( 6   2) <--> ( 7   2)        0.110843      0.000945      0.000819   WU     0.383092      0.332013
 ( 6   2) <--> ( 7   3)       -0.100436      0.000776      0.000672   WU     0.314531      0.272594
 ( 6   2) <--> ( 7   4)        0.008341      0.000005      0.000005   WU     0.002170      0.001880
 ( 6   3) <--> ( 7   1)       -0.774319      0.046121      0.039971   WU    18.695011     16.202343
 ( 6   3) <--> ( 7   2)       -0.083893      0.000541      0.000469   WU     0.219449      0.190189
 ( 6   3) <--> ( 7   3)       -0.005035      0.000002      0.000002   WU     0.000790      0.000685
 ( 6   3) <--> ( 7   4)       -0.008685      0.000006      0.000005   WU     0.002352      0.002038
 ( 6   4) <--> ( 7   1)       -0.498446      0.019111      0.016563   WU     7.746794      6.713888
 ( 6   4) <--> ( 7   2)       -1.166957      0.104753      0.090786   WU    42.461564     36.800022
 ( 6   4) <--> ( 7   3)       -0.140360      0.001515      0.001313   WU     0.614287      0.532382
 ( 6   4) <--> ( 7   4)        0.024727      0.000047      0.000041   WU     0.019065      0.016523
 ( 6   1) <--> ( 8   1)        1.716016      0.226516      0.173218   WU    91.818253     70.213958
 ( 6   1) <--> ( 8   2)       -0.125546      0.001212      0.000927   WU     0.491465      0.375826
 ( 6   1) <--> ( 8   3)       -0.028035      0.000060      0.000046   WU     0.024507      0.018740
 ( 6   1) <--> ( 8   4)       -0.001948      0.000000      0.000000   WU     0.000118      0.000090
 ( 6   2) <--> ( 8   1)       -0.839522      0.054215      0.041459   WU    21.976107     16.805258
 ( 6   2) <--> ( 8   2)       -1.981760      0.302106      0.231022   WU   122.458421     93.644675
 ( 6   2) <--> ( 8   3)       -0.306499      0.007226      0.005526   WU     2.929162      2.239948
 ( 6   2) <--> ( 8   4)        0.093802      0.000677      0.000518   WU     0.274351      0.209798
 ( 6   3) <--> ( 8   1)       -0.403224      0.012507      0.009564   WU     5.069653      3.876794
 ( 6   3) <--> ( 8   2)       -0.557271      0.023889      0.018268   WU     9.683213      7.404810
 ( 6   3) <--> ( 8   3)        1.898499      0.277254      0.212018   WU   112.384699     85.941240
 ( 6   3) <--> ( 8   4)       -0.104333      0.000837      0.000640   WU     0.339416      0.259554
 ( 6   4) <--> ( 8   1)        0.136786      0.001439      0.001101   WU     0.583401      0.446130
 ( 6   4) <--> ( 8   2)        0.329708      0.008362      0.006395   WU     3.389569      2.592023
 ( 6   4) <--> ( 8   3)        0.324745      0.008112      0.006203   WU     3.288297      2.514580
 ( 6   4) <--> ( 8   4)        1.796712      0.248321      0.189892   WU   100.656792     76.972841
 ( 7   1) <--> ( 7   1)       -1.045968     -0.700445   (eb)
 ( 7   2) <--> ( 7   1)       -0.757297      0.038233      0.038233   WU    15.497825     15.497825
 ( 7   2) <--> ( 7   2)       -0.421075     -0.281978   (eb)
 ( 7   3) <--> ( 7   1)       -0.042909      0.000123      0.000123   WU     0.049754      0.049754
 ( 7   3) <--> ( 7   2)       -0.364245      0.008845      0.008845   WU     3.585303      3.585303
 ( 7   3) <--> ( 7   3)       -0.937087     -0.627532   (eb)
 ( 7   4) <--> ( 7   1)       -0.060072      0.000241      0.000241   WU     0.097519      0.097519
 ( 7   4) <--> ( 7   2)        0.788968      0.041498      0.041498   WU    16.821219     16.821219
 ( 7   4) <--> ( 7   3)        0.125312      0.001047      0.001047   WU     0.424352      0.424352
 ( 7   4) <--> ( 7   4)        0.908348      0.608286   (eb)
 ( 7   1) <--> ( 8   1)       -0.668311      0.029776      0.026273   WU    12.069674     10.649713
 ( 7   1) <--> ( 8   2)       -0.749782      0.037478      0.033069   WU    15.191753     13.404488
 ( 7   1) <--> ( 8   3)       -0.450465      0.013528      0.011936   WU     5.483544      4.838421
 ( 7   1) <--> ( 8   4)       -0.475826      0.015094      0.013318   WU     6.118351      5.398545
 ( 7   2) <--> ( 8   1)        0.090360      0.000544      0.000480   WU     0.220646      0.194687
 ( 7   2) <--> ( 8   2)        0.069516      0.000322      0.000284   WU     0.130588      0.115224
 ( 7   2) <--> ( 8   3)        0.587316      0.022996      0.020291   WU     9.321430      8.224791
 ( 7   2) <--> ( 8   4)       -0.855065      0.048742      0.043008   WU    19.757702     17.433267
 ( 7   3) <--> ( 8   1)        0.144444      0.001391      0.001227   WU     0.563816      0.497485
 ( 7   3) <--> ( 8   2)       -0.595766      0.023663      0.020879   WU     9.591586      8.463165
 ( 7   3) <--> ( 8   3)       -0.019753      0.000026      0.000023   WU     0.010544      0.009304
 ( 7   3) <--> ( 8   4)       -0.344302      0.007903      0.006973   WU     3.203448      2.826571
 ( 7   4) <--> ( 8   1)        0.008906      0.000005      0.000005   WU     0.002144      0.001891
 ( 7   4) <--> ( 8   2)        0.046239      0.000143      0.000126   WU     0.057777      0.050979
 ( 7   4) <--> ( 8   3)        0.063932      0.000272      0.000240   WU     0.110451      0.097457
 ( 7   4) <--> ( 8   4)       -0.377340      0.009492      0.008376   WU     3.847725      3.395051
 ( 7   1) <--> ( 9   1)        2.287915      0.348970      0.275503   WU   141.455016    111.675013
 ( 7   1) <--> ( 9   2)       -0.045138      0.000136      0.000107   WU     0.055058      0.043466
 ( 7   1) <--> ( 9   3)       -0.002721      0.000000      0.000000   WU     0.000200      0.000158
 ( 7   1) <--> ( 9   4)        0.035703      0.000085      0.000067   WU     0.034447      0.027195
 ( 7   2) <--> ( 9   1)        0.178434      0.002123      0.001676   WU     0.860389      0.679255
 ( 7   2) <--> ( 9   2)        1.983916      0.262395      0.207154   WU   106.361624     83.969703
 ( 7   2) <--> ( 9   3)        0.169688      0.001920      0.001515   WU     0.778109      0.614296
 ( 7   2) <--> ( 9   4)       -0.213970      0.003052      0.002410   WU     1.237215      0.976748
 ( 7   3) <--> ( 9   1)        0.800279      0.042696      0.033708   WU    17.306962     13.663391
 ( 7   3) <--> ( 9   2)        0.001422      0.000000      0.000000   WU     0.000055      0.000043
 ( 7   3) <--> ( 9   3)        2.355088      0.369763      0.291918   WU   149.883072    118.328741
 ( 7   3) <--> ( 9   4)        0.086267      0.000496      0.000392   WU     0.201108      0.158770
 ( 7   4) <--> ( 9   1)        0.032330      0.000070      0.000055   WU     0.028245      0.022299
 ( 7   4) <--> ( 9   2)       -0.263693      0.004636      0.003660   WU     1.879039      1.483452
 ( 7   4) <--> ( 9   3)       -0.073105      0.000356      0.000281   WU     0.144423      0.114018
 ( 7   4) <--> ( 9   4)       -1.564302      0.163136      0.128792   WU    66.127167     52.205658
 ( 8   1) <--> ( 8   1)       -1.063492     -0.685097   (eb)
 ( 8   2) <--> ( 8   1)        0.041687      0.000102      0.000102   WU     0.041436      0.041436
 ( 8   2) <--> ( 8   2)       -1.069935     -0.689248   (eb)
 ( 8   3) <--> ( 8   1)        0.635573      0.023762      0.023762   WU     9.631907      9.631907
 ( 8   3) <--> ( 8   2)        0.333742      0.006552      0.006552   WU     2.655838      2.655838
 ( 8   3) <--> ( 8   3)       -1.544835     -0.995177   (eb)
 ( 8   4) <--> ( 8   1)       -0.140074      0.001154      0.001154   WU     0.467838      0.467838
 ( 8   4) <--> ( 8   2)       -0.194778      0.002232      0.002232   WU     0.904605      0.904605
 ( 8   4) <--> ( 8   3)       -1.066852      0.066951      0.066951   WU    27.138703     27.138703
 ( 8   4) <--> ( 8   4)       -0.802761     -0.517136   (eb)
 ( 8   1) <--> ( 9   1)        0.036066      0.000077      0.000068   WU     0.031016      0.027751
 ( 8   1) <--> ( 9   2)       -0.034016      0.000068      0.000061   WU     0.027590      0.024686
 ( 8   1) <--> ( 9   3)       -0.037985      0.000085      0.000076   WU     0.034403      0.030782
 ( 8   1) <--> ( 9   4)       -0.000915      0.000000      0.000000   WU     0.000020      0.000018
 ( 8   2) <--> ( 9   1)       -0.320607      0.006046      0.005410   WU     2.450903      2.192913
 ( 8   2) <--> ( 9   2)       -0.106185      0.000663      0.000593   WU     0.268850      0.240550
 ( 8   2) <--> ( 9   3)        0.059441      0.000208      0.000186   WU     0.084245      0.075378
 ( 8   2) <--> ( 9   4)        0.006424      0.000002      0.000002   WU     0.000984      0.000880
 ( 8   3) <--> ( 9   1)       -0.921809      0.049984      0.044723   WU    20.261067     18.128323
 ( 8   3) <--> ( 9   2)       -0.109661      0.000707      0.000633   WU     0.286737      0.256554
 ( 8   3) <--> ( 9   3)       -0.019013      0.000021      0.000019   WU     0.008620      0.007712
 ( 8   3) <--> ( 9   4)        0.021492      0.000027      0.000024   WU     0.011014      0.009854
 ( 8   4) <--> ( 9   1)       -0.373157      0.008191      0.007329   WU     3.320195      2.970701
 ( 8   4) <--> ( 9   2)       -1.161106      0.079304      0.070956   WU    32.145805     28.762036
 ( 8   4) <--> ( 9   3)       -0.149323      0.001312      0.001174   WU     0.531659      0.475695
 ( 8   4) <--> ( 9   4)       -0.040445      0.000096      0.000086   WU     0.039005      0.034899
 ( 8   1) <--> (10   1)        2.203688      0.285661      0.231250   WU   115.792648     93.736905
 ( 8   1) <--> (10   2)        0.296865      0.005184      0.004197   WU     2.101352      1.701095
 ( 8   1) <--> (10   3)        0.064420      0.000244      0.000198   WU     0.098952      0.080104
 ( 8   1) <--> (10   4)        0.018140      0.000019      0.000016   WU     0.007846      0.006352
 ( 8   2) <--> (10   1)        1.288798      0.097706      0.079095   WU    39.605062     32.061241
 ( 8   2) <--> (10   2)       -2.272459      0.303769      0.245908   WU   123.132588     99.678762
 ( 8   2) <--> (10   3)       -0.052918      0.000165      0.000133   WU     0.066772      0.054053
 ( 8   2) <--> (10   4)       -0.095436      0.000536      0.000434   WU     0.217174      0.175808
 ( 8   3) <--> (10   1)       -0.221730      0.002892      0.002341   WU     1.172279      0.948987
 ( 8   3) <--> (10   2)        0.205808      0.002492      0.002017   WU     1.009961      0.817588
 ( 8   3) <--> (10   3)       -2.425557      0.346078      0.280158   WU   140.282527    113.562046
 ( 8   3) <--> (10   4)       -0.055360      0.000180      0.000146   WU     0.073076      0.059157
 ( 8   4) <--> (10   1)        0.171835      0.001737      0.001406   WU     0.704051      0.569946
 ( 8   4) <--> (10   2)       -0.433004      0.011029      0.008928   WU     4.470586      3.619046
 ( 8   4) <--> (10   3)       -0.253836      0.003790      0.003068   WU     1.536344      1.243707
 ( 8   4) <--> (10   4)        2.281209      0.306113      0.247805   WU   124.082607    100.447825
 ( 9   1) <--> ( 9   1)       -1.369286     -0.850165   (eb)
 ( 9   2) <--> ( 9   1)       -0.823070      0.035655      0.035655   WU    14.452718     14.452718
 ( 9   2) <--> ( 9   2)       -1.061259     -0.658917   (eb)
 ( 9   3) <--> ( 9   1)       -0.110207      0.000639      0.000639   WU     0.259116      0.259116
 ( 9   3) <--> ( 9   2)       -0.260337      0.003567      0.003567   WU     1.445931      1.445931
 ( 9   3) <--> ( 9   3)       -1.427757     -0.886469   (eb)
 ( 9   4) <--> ( 9   1)        0.092562      0.000451      0.000451   WU     0.182786      0.182786
 ( 9   4) <--> ( 9   2)       -0.975569      0.050091      0.050091   WU    20.304498     20.304498
 ( 9   4) <--> ( 9   3)       -0.155009      0.001265      0.001265   WU     0.512612      0.512612
 ( 9   4) <--> ( 9   4)       -0.003216     -0.001997   (eb)
 ( 9   1) <--> (10   1)       -0.884197      0.041148      0.037229   WU    16.679167     15.090675
 ( 9   1) <--> (10   2)        0.604531      0.019235      0.017403   WU     7.796735      7.054189
 ( 9   1) <--> (10   3)        0.416410      0.009126      0.008257   WU     3.699285      3.346973
 ( 9   1) <--> (10   4)       -0.393015      0.008130      0.007355   WU     3.295290      2.981453
 ( 9   2) <--> (10   1)        0.128773      0.000873      0.000790   WU     0.353773      0.320080
 ( 9   2) <--> (10   2)       -0.058012      0.000177      0.000160   WU     0.071797      0.064959
 ( 9   2) <--> (10   3)       -0.752760      0.029824      0.026983   WU    12.088982     10.937650
 ( 9   2) <--> (10   4)       -0.935910      0.046101      0.041711   WU    18.687203     16.907470
 ( 9   3) <--> (10   1)        0.083294      0.000365      0.000330   WU     0.148016      0.133919
 ( 9   3) <--> (10   2)        0.722582      0.027480      0.024863   WU    11.139121     10.078252
 ( 9   3) <--> (10   3)        0.045267      0.000108      0.000098   WU     0.043715      0.039552
 ( 9   3) <--> (10   4)       -0.294276      0.004558      0.004124   WU     1.847506      1.671553
 ( 9   4) <--> (10   1)       -0.035615      0.000067      0.000060   WU     0.027060      0.024483
 ( 9   4) <--> (10   2)        0.019111      0.000019      0.000017   WU     0.007792      0.007050
 ( 9   4) <--> (10   3)        0.090588      0.000432      0.000391   WU     0.175072      0.158398
 ( 9   4) <--> (10   4)        0.518343      0.014141      0.012794   WU     5.732063      5.186152
 (10   1) <--> (10   1)       -1.212383     -0.726937   (eb)
 (10   2) <--> (10   1)        0.052358      0.000131      0.000131   WU     0.052914      0.052914
 (10   2) <--> (10   2)       -1.290715     -0.773904   (eb)
 (10   3) <--> (10   1)       -0.712737      0.024190      0.024190   WU     9.805473      9.805473
 (10   3) <--> (10   2)        0.167781      0.001340      0.001340   WU     0.543371      0.543371
 (10   3) <--> (10   3)       -1.930813     -1.157703   (eb)
 (10   4) <--> (10   1)       -0.208503      0.002070      0.002070   WU     0.839142      0.839142
 (10   4) <--> (10   2)        0.191344      0.001743      0.001743   WU     0.706709      0.706709
 (10   4) <--> (10   3)        1.133950      0.061231      0.061231   WU    24.819788     24.819788
 (10   4) <--> (10   4)       -1.208236     -0.724450   (eb)
 
  quadrupole shape invariant: 01+, 02+, 03+, 04+
quadr2     0.24753713     0.47715960     0.48738223     0.78711951
quadr3     0.07399156     0.26333174     0.05677965     0.59979990
  effective deformation parameters:  01+, 02+, 03+, 04+
beteff     0.16139933     0.22408531     0.22647298     0.28780736
cos3ga     0.60078856     0.79892812     0.16687382     0.85890549
 
 ********* END Transition **************************
