 ********* BEGIN READER ****************************
 
 Nucleus            :  Zr  40 104
 Imin, Imax         :     0  10
 imu, remu          :     1 12.0000
 nlevel             :     4
 observables        :     2
 wave fun           :     1
 nbet, ngam, npar   :    10   7  10
 Finish reading parameters: V, B_k ...
 
 ********* END READER ******************************
 
 ********* BEGIN LEVELS ********************
 
 E_0 =  -958.619152
 
  I=   0   ntot= 127
   0   1    0.000000
   0   2    1.901080
   0   3    3.233918
   0   4    3.970536
 
  I=   2   ntot= 234
   2   1    0.956465
   2   2    2.294467
   2   3    2.729846
   2   4    3.828234
 
  I=   3   ntot= 108
   3   1    2.903365
   3   2    4.702884
   3   3    5.653185
   3   4    6.626098
 
  I=   4   ntot= 324
   4   1    2.019965
   4   2    3.147201
   4   3    3.676998
   4   4    3.783015
 
  I=   5   ntot= 198
   5   1    3.768822
   5   2    4.470263
   5   3    5.744659
   5   4    6.468111
 
  I=   6   ntot= 432
   6   1    3.133392
   6   2    4.103398
   6   3    4.690014
   6   4    4.922601
 
  I=   7   ntot= 306
   7   1    4.726849
   7   2    5.526537
   7   3    6.198979
   7   4    6.839603
 
  I=   8   ntot= 522
   8   1    4.224988
   8   2    5.199598
   8   3    5.827526
   8   4    6.088563
 
  I=   9   ntot= 397
   9   1    5.782361
   9   2    6.688050
   9   3    7.442026
   9   4    7.983952
 
  I=  10   ntot= 630
  10   1    5.325220
  10   2    6.343124
  10   3    7.067426
  10   4    7.279027
 
 ********* END LEVELS **********************
 
 ********* BEGIN Transition ************************
 
  Monopole moment 
 
   I   n    <In|E0|In>   ave \beta      del<b>   ave \gamma    del<g>  
     K=0       K=2       K=4   
   0   1     22.413051    0.206577    0.068305   32.094923   10.441317  100.0000    0.0000    0.0000
   0   2     22.900875    0.307035    0.099579   29.870555   10.397226   99.9999    0.0000    0.0000
   0   3     23.227612    0.373621    0.111758   19.021982   12.303165   99.9999    0.0000    0.0000
   0   4     23.190994    0.352354    0.105129   31.119763   10.322186   99.9999    0.0000    0.0000
   2   1     22.614170    0.246186    0.070582   33.487171    9.809750   39.6743   60.3257    0.0000
   2   2     23.028617    0.330997    0.080819   24.926493   10.183552   66.4336   33.5663    0.0000
   2   3     23.070489    0.336214    0.103538   28.871999   10.079107   43.8863   56.1136    0.0000
   2   4     23.161790    0.359176    0.121257   24.074376   10.102307   50.9665   49.0334    0.0000
   3   1     23.185263    0.354614    0.073397   27.112926    8.781670    0.0000   99.9999    0.0000
   3   2     23.303554    0.381242    0.120515   24.589899    9.287168    0.0000   99.9999    0.0000
   3   3     23.684702    0.433018    0.082143   23.199294   13.179148    0.0000   99.9998    0.0000
   3   4     23.556697    0.421212    0.138049   25.024918    9.487473    0.0000   99.9998    0.0000
   4   1     22.815749    0.284098    0.074403   32.775478    9.810931   31.1813   38.9492   29.8695
   4   2     23.226900    0.366046    0.083329   23.339795   10.889327   67.9303    2.3318   29.7378
   4   3     23.263495    0.369821    0.091336   26.370797    9.239145   14.5463   76.3479    9.1057
   4   4     23.278988    0.370208    0.091338   26.943953   10.674391   24.2430   19.1026   56.6542
   5   1     23.330961    0.378241    0.070826   26.722642    8.732386    0.0000   71.0335   28.9664
   5   2     23.449250    0.397833    0.069130   25.925855    8.582839    0.0000   30.8155   69.1843
   5   3     23.468915    0.405921    0.117861   24.639608    9.401311    0.0000   63.0417   36.9581
   5   4     23.823988    0.454611    0.082276   22.359654   13.032019    0.0000   85.3562   14.6436
   6   1     23.057656    0.328437    0.077356   30.204169   10.119748   34.0418   37.6234   16.8909
   6   2     23.346970    0.386354    0.090549   22.194126   12.011101   59.7511    4.8201   13.8585
   6   3     23.433896    0.399575    0.088280   23.467180   10.461335   19.9488   58.4093    8.3418
   6   4     23.396153    0.388373    0.103912   26.758445   11.797374   25.5325   16.9048   24.7412
   7   1     23.453859    0.398016    0.069179   26.153613    8.700740    0.0000   59.3700   33.7209
   7   2     23.556645    0.414478    0.069811   25.331027    9.247705    0.0000   38.9309   26.0513
   7   3     23.628808    0.424140    0.066575   26.178643    8.134548    0.0000    5.2133   39.4228
   7   4     23.637473    0.431106    0.115201   24.044442    9.705600    0.0000   53.3647   35.2594
   8   1     23.291771    0.369889    0.076132   27.510703   10.214358   38.7552   39.3679   13.8002
   8   2     23.518631    0.414382    0.095078   20.343997   13.246596   57.2670    5.1641   14.7592
   8   3     23.559008    0.418806    0.096019   22.320319   12.183497   23.5849   43.6100    7.2872
   8   4     23.605614    0.424828    0.109381   23.341728   12.708960   32.5144   16.3434   26.4772
   9   1     23.560796    0.414806    0.068159   25.701453    8.656642    0.0000   50.9398   36.9507
   9   2     23.668614    0.431717    0.070844   24.576524    9.879337    0.0000   43.2706   11.1166
   9   3     23.737722    0.439977    0.068639   25.638083    9.255656    0.0000   11.4725   38.7451
   9   4     23.787053    0.453207    0.112001   23.259531    9.952807    0.0000   49.3445   32.6736
  10   1     23.466969    0.399592    0.074029   25.810129   10.200235   40.2427   40.5606   13.3102
  10   2     23.760462    0.453156    0.093916   17.745011   13.787519   62.2495    5.9497   14.3364
  10   3     23.760476    0.447998    0.098457   20.953693   13.977975   29.9031   28.0012    3.4844
  10   4     23.664193    0.434582    0.111257   23.351195   11.469684   32.4832   24.9556   26.6957
 
  rho^2(E0) 
 
   I  n_1 n_2  <In_1|E0|In_2>  rho^2(E0) 
   0   1   1       22.413051  513.547027
   0   2   1       -0.299092    0.091451
   0   2   2       22.900875  536.145162
   0   3   1       -0.032456    0.001077
   0   3   2       -0.319808    0.104558
   0   3   3       23.227612  551.553131
   0   4   1       -0.045367    0.002104
   0   4   2       -0.383082    0.150024
   0   4   3       -0.079160    0.006406
   0   4   4       23.190994  549.815477
   2   1   1       22.614170  522.804781
   2   2   1       -0.015319    0.000240
   2   2   2       23.028617  542.143137
   2   3   1       -0.340773    0.118716
   2   3   2        0.063571    0.004131
   2   3   3       23.070489  544.116450
   2   4   1        0.002142    0.000005
   2   4   2        0.412155    0.173660
   2   4   3       -0.102454    0.010731
   2   4   4       23.161790  548.431631
   3   1   1       23.185263  549.543777
   3   2   1        0.428344    0.187570
   3   2   2       23.303554  555.165636
   3   3   1        0.048794    0.002434
   3   3   2       -0.110895    0.012572
   3   3   3       23.684702  573.474478
   3   4   1       -0.034858    0.001242
   3   4   2       -0.599812    0.367797
   3   4   3       -0.039778    0.001618
   3   4   4       23.556697  567.292487
   4   1   1       22.815749  532.166705
   4   2   1       -0.124243    0.015781
   4   2   2       23.226900  551.519351
   4   3   1       -0.275927    0.077834
   4   3   2       -0.023043    0.000543
   4   3   3       23.263495  553.258580
   4   4   1        0.242423    0.060080
   4   4   2       -0.052446    0.002812
   4   4   3        0.092278    0.008705
   4   4   4       23.278988  553.995767
   5   1   1       23.330961  556.472218
   5   2   1        0.029727    0.000903
   5   2   2       23.449250  562.129209
   5   3   1       -0.424388    0.184121
   5   3   2        0.029540    0.000892
   5   3   3       23.468915  563.072418
   5   4   1       -0.050831    0.002641
   5   4   2        0.109340    0.012222
   5   4   3       -0.095149    0.009255
   5   4   4       23.823988  580.239334
   6   1   1       23.057656  543.511258
   6   2   1        0.179556    0.032959
   6   2   2       23.346970  557.236161
   6   3   1       -0.206892    0.043759
   6   3   2        0.116232    0.013811
   6   3   3       23.433896  561.393309
   6   4   1       -0.321676    0.105783
   6   4   2       -0.030556    0.000954
   6   4   3       -0.104779    0.011224
   6   4   4       23.396153  559.586419
   7   1   1       23.453859  562.350193
   7   2   1        0.028667    0.000840
   7   2   2       23.556645  567.289986
   7   3   1        0.011018    0.000124
   7   3   2       -0.013707    0.000192
   7   3   3       23.628808  570.770979
   7   4   1        0.424719    0.184409
   7   4   2       -0.017793    0.000324
   7   4   3       -0.027708    0.000785
   7   4   4       23.637473  571.189660
   8   1   1       23.291771  554.604323
   8   2   1        0.168157    0.028907
   8   2   2       23.518631  565.460578
   8   3   1       -0.171740    0.030152
   8   3   2        0.203732    0.042432
   8   3   3       23.559008  567.403824
   8   4   1        0.341275    0.119066
   8   4   2        0.066842    0.004567
   8   4   3        0.151429    0.023442
   8   4   4       23.605614  569.650987
   9   1   1       23.560796  567.489947
   9   2   1       -0.023079    0.000545
   9   2   2       23.668614  572.695651
   9   3   1        0.000813    0.000001
   9   3   2       -0.022079    0.000498
   9   3   3       23.737722  576.044905
   9   4   1       -0.424550    0.184262
   9   4   2        0.012343    0.000156
   9   4   3       -0.045432    0.002110
   9   4   4       23.787053  578.441620
  10   1   1       23.466969  562.979053
  10   2   1       -0.144303    0.021288
  10   2   2       23.760462  577.149070
  10   3   1       -0.053374    0.002912
  10   3   2       -0.271274    0.075231
  10   3   3       23.760476  577.149758
  10   4   1       -0.384245    0.150936
  10   4   2        0.056787    0.003297
  10   4   3       -0.155514    0.024724
  10   4   4       23.664193  572.481754
 
  E2 transition 
 
  I1  n1        I2  n2       <f||E2||i>   B(E2,I1->I2)  B(E2,I2->I1)
 ( 0   1) <--> ( 2   1)        0.572727      0.328016      0.065603   WU    73.163138     14.632628
 ( 0   1) <--> ( 2   2)       -0.244778      0.059916      0.011983   WU    13.364205      2.672841
 ( 0   1) <--> ( 2   3)        0.016223      0.000263      0.000053   WU     0.058705      0.011741
 ( 0   1) <--> ( 2   4)        0.101443      0.010291      0.002058   WU     2.295320      0.459064
 ( 0   2) <--> ( 2   1)       -0.384208      0.147616      0.029523   WU    32.925299      6.585060
 ( 0   2) <--> ( 2   2)        0.407388      0.165965      0.033193   WU    37.018081      7.403616
 ( 0   2) <--> ( 2   3)        0.766508      0.587534      0.117507   WU   131.047824     26.209565
 ( 0   2) <--> ( 2   4)        0.219327      0.048104      0.009621   WU    10.729535      2.145907
 ( 0   3) <--> ( 2   1)       -0.022026      0.000485      0.000097   WU     0.108206      0.021641
 ( 0   3) <--> ( 2   2)       -0.543251      0.295121      0.059024   WU    65.825958     13.165192
 ( 0   3) <--> ( 2   3)       -0.399998      0.159998      0.032000   WU    35.687131      7.137426
 ( 0   3) <--> ( 2   4)       -0.136507      0.018634      0.003727   WU     4.156270      0.831254
 ( 0   4) <--> ( 2   1)       -0.021926      0.000481      0.000096   WU     0.107233      0.021447
 ( 0   4) <--> ( 2   2)        0.122136      0.014917      0.002983   WU     3.327239      0.665448
 ( 0   4) <--> ( 2   3)       -0.395004      0.156028      0.031206   WU    34.801681      6.960336
 ( 0   4) <--> ( 2   4)       -0.187944      0.035323      0.007065   WU     7.878676      1.575735
 ( 2   1) <--> ( 2   1)        0.502358      0.380754   (eb)
 ( 2   2) <--> ( 2   1)        0.719234      0.103460      0.103460   WU    23.076360     23.076360
 ( 2   2) <--> ( 2   2)       -0.807028     -0.611673   (eb)
 ( 2   3) <--> ( 2   1)       -0.173405      0.006014      0.006014   WU     1.341367      1.341367
 ( 2   3) <--> ( 2   2)       -0.651107      0.084788      0.084788   WU    18.911718     18.911718
 ( 2   3) <--> ( 2   3)        0.562134      0.426060   (eb)
 ( 2   4) <--> ( 2   1)       -0.138406      0.003831      0.003831   WU     0.854543      0.854543
 ( 2   4) <--> ( 2   2)       -0.089230      0.001592      0.001592   WU     0.355182      0.355182
 ( 2   4) <--> ( 2   3)       -0.918478      0.168720      0.168720   WU    37.632587     37.632587
 ( 2   4) <--> ( 2   4)       -0.241863     -0.183316   (eb)
 ( 2   1) <--> ( 3   1)       -0.457792      0.041915      0.029939   WU     9.348950      6.677821
 ( 2   1) <--> ( 3   2)        0.179363      0.006434      0.004596   WU     1.435137      1.025098
 ( 2   1) <--> ( 3   3)        0.011099      0.000025      0.000018   WU     0.005495      0.003925
 ( 2   1) <--> ( 3   4)        0.072560      0.001053      0.000752   WU     0.234868      0.167763
 ( 2   2) <--> ( 3   1)       -1.262733      0.318899      0.227785   WU    71.129511     50.806793
 ( 2   2) <--> ( 3   2)       -0.029697      0.000176      0.000126   WU     0.039342      0.028102
 ( 2   2) <--> ( 3   3)       -0.026417      0.000140      0.000100   WU     0.031132      0.022237
 ( 2   2) <--> ( 3   4)        0.013575      0.000037      0.000026   WU     0.008221      0.005872
 ( 2   3) <--> ( 3   1)        0.688928      0.094924      0.067803   WU    21.172619     15.123300
 ( 2   3) <--> ( 3   2)        0.399004      0.031841      0.022743   WU     7.102014      5.072867
 ( 2   3) <--> ( 3   3)        0.008523      0.000015      0.000010   WU     0.003240      0.002315
 ( 2   3) <--> ( 3   4)        0.110671      0.002450      0.001750   WU     0.546376      0.390268
 ( 2   4) <--> ( 3   1)       -0.841073      0.141481      0.101058   WU    31.556889     22.540635
 ( 2   4) <--> ( 3   2)       -1.383852      0.383009      0.273578   WU    85.429161     61.020829
 ( 2   4) <--> ( 3   3)        0.080487      0.001296      0.000925   WU     0.288984      0.206417
 ( 2   4) <--> ( 3   4)        0.071483      0.001022      0.000730   WU     0.227943      0.162816
 ( 2   1) <--> ( 4   1)        1.130262      0.255498      0.141944   WU    56.988208     31.660115
 ( 2   1) <--> ( 4   2)       -0.184451      0.006804      0.003780   WU     1.517717      0.843176
 ( 2   1) <--> ( 4   3)       -0.000018      0.000000      0.000000   WU     0.000000      0.000000
 ( 2   1) <--> ( 4   4)       -0.079476      0.001263      0.000702   WU     0.281774      0.156541
 ( 2   2) <--> ( 4   1)       -0.248471      0.012348      0.006860   WU     2.754097      1.530054
 ( 2   2) <--> ( 4   2)        1.310314      0.343384      0.190769   WU    76.590918     42.550510
 ( 2   2) <--> ( 4   3)       -0.441357      0.038959      0.021644   WU     8.689751      4.827640
 ( 2   2) <--> ( 4   4)       -0.295099      0.017417      0.009676   WU     3.884734      2.158186
 ( 2   3) <--> ( 4   1)       -0.665464      0.088568      0.049205   WU    19.754945     10.974970
 ( 2   3) <--> ( 4   2)        0.681962      0.093014      0.051675   WU    20.746621     11.525901
 ( 2   3) <--> ( 4   3)        1.012753      0.205134      0.113963   WU    45.754542     25.419190
 ( 2   3) <--> ( 4   4)       -0.775225      0.120195      0.066775   WU    26.809079     14.893933
 ( 2   4) <--> ( 4   1)       -0.009593      0.000018      0.000010   WU     0.004105      0.002281
 ( 2   4) <--> ( 4   2)        0.381900      0.029170      0.016205   WU     6.506192      3.614551
 ( 2   4) <--> ( 4   3)       -0.412913      0.034099      0.018944   WU     7.605796      4.225442
 ( 2   4) <--> ( 4   4)       -0.300613      0.018074      0.010041   WU     4.031278      2.239599
 ( 3   1) <--> ( 3   1)        0.000000      0.000000   (eb)
 ( 3   2) <--> ( 3   1)        0.000000      0.000000      0.000000   WU     0.000000      0.000000
 ( 3   2) <--> ( 3   2)        0.000000      0.000000   (eb)
 ( 3   3) <--> ( 3   1)        0.000000      0.000000      0.000000   WU     0.000000      0.000000
 ( 3   3) <--> ( 3   2)        0.000000      0.000000      0.000000   WU     0.000000      0.000000
 ( 3   3) <--> ( 3   3)        0.000000      0.000000   (eb)
 ( 3   4) <--> ( 3   1)        0.000000      0.000000      0.000000   WU     0.000000      0.000000
 ( 3   4) <--> ( 3   2)        0.000000      0.000000      0.000000   WU     0.000000      0.000000
 ( 3   4) <--> ( 3   3)        0.000000      0.000000      0.000000   WU     0.000000      0.000000
 ( 3   4) <--> ( 3   4)        0.000000      0.000000   (eb)
 ( 3   1) <--> ( 4   1)       -0.741528      0.078552      0.061096   WU    17.520809     13.627296
 ( 3   1) <--> ( 4   2)        0.563088      0.045295      0.035230   WU    10.103034      7.857915
 ( 3   1) <--> ( 4   3)        1.310886      0.245489      0.190936   WU    54.755615     42.587700
 ( 3   1) <--> ( 4   4)        0.746403      0.079588      0.061902   WU    17.751916     13.807046
 ( 3   2) <--> ( 4   1)        0.092657      0.001226      0.000954   WU     0.273562      0.212771
 ( 3   2) <--> ( 4   2)        0.242658      0.008412      0.006543   WU     1.876233      1.459292
 ( 3   2) <--> ( 4   3)        0.936094      0.125182      0.097363   WU    27.921409     21.716651
 ( 3   2) <--> ( 4   4)       -0.068780      0.000676      0.000526   WU     0.150736      0.117239
 ( 3   3) <--> ( 4   1)       -0.004689      0.000003      0.000002   WU     0.000700      0.000545
 ( 3   3) <--> ( 4   2)        0.072469      0.000750      0.000584   WU     0.167342      0.130155
 ( 3   3) <--> ( 4   3)       -0.120035      0.002058      0.001601   WU     0.459108      0.357084
 ( 3   3) <--> ( 4   4)       -0.070485      0.000710      0.000552   WU     0.158303      0.123125
 ( 3   4) <--> ( 4   1)        0.035221      0.000177      0.000138   WU     0.039527      0.030743
 ( 3   4) <--> ( 4   2)        0.004137      0.000002      0.000002   WU     0.000545      0.000424
 ( 3   4) <--> ( 4   3)        0.027840      0.000111      0.000086   WU     0.024697      0.019209
 ( 3   4) <--> ( 4   4)       -0.037681      0.000203      0.000158   WU     0.045242      0.035188
 ( 3   1) <--> ( 5   1)       -1.631659      0.380330      0.242028   WU    84.831549     53.983713
 ( 3   1) <--> ( 5   2)       -0.360774      0.018594      0.011833   WU     4.147332      2.639211
 ( 3   1) <--> ( 5   3)        0.048351      0.000334      0.000213   WU     0.074491      0.047403
 ( 3   1) <--> ( 5   4)        0.011779      0.000020      0.000013   WU     0.004421      0.002813
 ( 3   2) <--> ( 5   1)       -0.634866      0.057579      0.036641   WU    12.842891      8.172749
 ( 3   2) <--> ( 5   2)       -0.365636      0.019099      0.012154   WU     4.259872      2.710828
 ( 3   2) <--> ( 5   3)        1.589051      0.360726      0.229553   WU    80.458988     51.201174
 ( 3   2) <--> ( 5   4)       -0.096615      0.001333      0.000849   WU     0.297431      0.189274
 ( 3   3) <--> ( 5   1)        0.062261      0.000554      0.000352   WU     0.123520      0.078603
 ( 3   3) <--> ( 5   2)        0.568588      0.046185      0.029390   WU    10.301347      6.555403
 ( 3   3) <--> ( 5   3)       -0.216771      0.006713      0.004272   WU     1.497267      0.952806
 ( 3   3) <--> ( 5   4)        1.984415      0.562557      0.357991   WU   125.476870     79.848917
 ( 3   4) <--> ( 5   1)        0.022433      0.000072      0.000046   WU     0.016035      0.010204
 ( 3   4) <--> ( 5   2)        0.000131      0.000000      0.000000   WU     0.000001      0.000000
 ( 3   4) <--> ( 5   3)       -0.861572      0.106044      0.067482   WU    23.652787     15.051774
 ( 3   4) <--> ( 5   4)       -0.034983      0.000175      0.000111   WU     0.038996      0.024815
 ( 4   1) <--> ( 4   1)        0.479257      0.361405   (eb)
 ( 4   2) <--> ( 4   1)        0.922865      0.094631      0.094631   WU    21.107221     21.107221
 ( 4   2) <--> ( 4   2)       -0.669261     -0.504687   (eb)
 ( 4   3) <--> ( 4   1)       -0.058174      0.000376      0.000376   WU     0.083872      0.083872
 ( 4   3) <--> ( 4   2)        0.533369      0.031609      0.031609   WU     7.050325      7.050325
 ( 4   3) <--> ( 4   3)       -0.453990     -0.342352   (eb)
 ( 4   4) <--> ( 4   1)        0.386573      0.016604      0.016604   WU     3.703551      3.703551
 ( 4   4) <--> ( 4   2)        1.363983      0.206717      0.206717   WU    46.107591     46.107591
 ( 4   4) <--> ( 4   3)       -0.810966      0.073074      0.073074   WU    16.298931     16.298931
 ( 4   4) <--> ( 4   4)        0.719016      0.542207   (eb)
 ( 4   1) <--> ( 5   1)        0.525138      0.030641      0.025070   WU     6.834403      5.591784
 ( 4   1) <--> ( 5   2)       -0.090157      0.000903      0.000739   WU     0.201444      0.164817
 ( 4   1) <--> ( 5   3)        0.171208      0.003257      0.002665   WU     0.726447      0.594366
 ( 4   1) <--> ( 5   4)        0.028735      0.000092      0.000075   WU     0.020463      0.016743
 ( 4   2) <--> ( 5   1)        0.896684      0.089338      0.073095   WU    19.926596     16.303579
 ( 4   2) <--> ( 5   2)       -0.540367      0.032444      0.026545   WU     7.236555      5.920818
 ( 4   2) <--> ( 5   3)        0.042576      0.000201      0.000165   WU     0.044925      0.036757
 ( 4   2) <--> ( 5   4)       -0.011902      0.000016      0.000013   WU     0.003511      0.002872
 ( 4   3) <--> ( 5   1)       -1.017541      0.115043      0.094126   WU    25.660100     20.994627
 ( 4   3) <--> ( 5   2)       -1.143323      0.145243      0.118835   WU    32.396072     26.505877
 ( 4   3) <--> ( 5   3)        0.428487      0.020400      0.016691   WU     4.550192      3.722885
 ( 4   3) <--> ( 5   4)       -0.026259      0.000077      0.000063   WU     0.017088      0.013981
 ( 4   4) <--> ( 5   1)        0.381565      0.016177      0.013236   WU     3.608216      2.952177
 ( 4   4) <--> ( 5   2)       -1.752109      0.341098      0.279081   WU    76.081055     62.248136
 ( 4   4) <--> ( 5   3)       -0.313140      0.010895      0.008914   WU     2.430133      1.988291
 ( 4   4) <--> ( 5   4)       -0.034163      0.000130      0.000106   WU     0.028924      0.023665
 ( 4   1) <--> ( 6   1)        1.759011      0.343791      0.238009   WU    76.681661     53.087304
 ( 4   1) <--> ( 6   2)        0.072562      0.000585      0.000405   WU     0.130490      0.090340
 ( 4   1) <--> ( 6   3)       -0.007933      0.000007      0.000005   WU     0.001560      0.001080
 ( 4   1) <--> ( 6   4)        0.080539      0.000721      0.000499   WU     0.160755      0.111292
 ( 4   2) <--> ( 6   1)       -0.813774      0.073581      0.050941   WU    16.412029     11.362174
 ( 4   2) <--> ( 6   2)       -2.088692      0.484737      0.335587   WU   108.119292     74.851817
 ( 4   2) <--> ( 6   3)       -0.214532      0.005114      0.003540   WU     1.140614      0.789656
 ( 4   2) <--> ( 6   4)        0.210078      0.004904      0.003395   WU     1.093739      0.757204
 ( 4   3) <--> ( 6   1)       -0.759907      0.064162      0.044420   WU    14.311166      9.907730
 ( 4   3) <--> ( 6   2)        0.003755      0.000002      0.000001   WU     0.000349      0.000242
 ( 4   3) <--> ( 6   3)        1.882226      0.393642      0.272521   WU    87.800656     60.785069
 ( 4   3) <--> ( 6   4)        0.558335      0.034638      0.023980   WU     7.725814      5.348641
 ( 4   4) <--> ( 6   1)        0.416979      0.019319      0.013375   WU     4.309069      2.983202
 ( 4   4) <--> ( 6   2)        0.453364      0.022838      0.015811   WU     5.093875      3.526529
 ( 4   4) <--> ( 6   3)        0.461735      0.023689      0.016400   WU     5.283730      3.657967
 ( 4   4) <--> ( 6   4)       -1.563549      0.271632      0.188053   WU    60.586681     41.944625
 ( 5   1) <--> ( 5   1)       -0.155848     -0.113165   (eb)
 ( 5   2) <--> ( 5   1)       -1.232261      0.138042      0.138042   WU    30.789978     30.789978
 ( 5   2) <--> ( 5   2)        0.075751      0.055005   (eb)
 ( 5   3) <--> ( 5   1)        0.013759      0.000017      0.000017   WU     0.003839      0.003839
 ( 5   3) <--> ( 5   2)        0.433659      0.017096      0.017096   WU     3.813302      3.813302
 ( 5   3) <--> ( 5   3)        0.026179      0.019009   (eb)
 ( 5   4) <--> ( 5   1)       -0.060822      0.000336      0.000336   WU     0.075012      0.075012
 ( 5   4) <--> ( 5   2)       -0.091964      0.000769      0.000769   WU     0.171490      0.171490
 ( 5   4) <--> ( 5   3)        0.394015      0.014113      0.014113   WU     3.147957      3.147957
 ( 5   4) <--> ( 5   4)       -0.857317     -0.622521   (eb)
 ( 5   1) <--> ( 6   1)        1.122294      0.114504      0.096888   WU    25.539775     21.610579
 ( 5   1) <--> ( 6   2)        0.305549      0.008487      0.007182   WU     1.893072      1.601830
 ( 5   1) <--> ( 6   3)       -1.215046      0.134212      0.113564   WU    29.935703     25.330210
 ( 5   1) <--> ( 6   4)       -0.029699      0.000080      0.000068   WU     0.017885      0.015134
 ( 5   2) <--> ( 6   1)       -0.138839      0.001752      0.001483   WU     0.390866      0.330732
 ( 5   2) <--> ( 6   2)        0.804783      0.058880      0.049821   WU    13.132922     11.112473
 ( 5   2) <--> ( 6   3)        0.117763      0.001261      0.001067   WU     0.281205      0.237943
 ( 5   2) <--> ( 6   4)        0.799177      0.058062      0.049130   WU    12.950615     10.958212
 ( 5   3) <--> ( 6   1)        0.047497      0.000205      0.000174   WU     0.045744      0.038706
 ( 5   3) <--> ( 6   2)       -0.235431      0.005039      0.004264   WU     1.123911      0.951001
 ( 5   3) <--> ( 6   3)        0.845989      0.065063      0.055054   WU    14.512212     12.279564
 ( 5   3) <--> ( 6   4)        0.778686      0.055123      0.046642   WU    12.295018     10.403477
 ( 5   4) <--> ( 6   1)       -0.000617      0.000000      0.000000   WU     0.000008      0.000007
 ( 5   4) <--> ( 6   2)       -0.091398      0.000759      0.000643   WU     0.169387      0.143327
 ( 5   4) <--> ( 6   3)       -0.095524      0.000830      0.000702   WU     0.185026      0.156561
 ( 5   4) <--> ( 6   4)       -0.061934      0.000349      0.000295   WU     0.077778      0.065812
 ( 5   1) <--> ( 7   1)       -2.410822      0.528369      0.387471   WU   117.851342     86.424318
 ( 5   1) <--> ( 7   2)       -0.278819      0.007067      0.005183   WU     1.576338      1.155982
 ( 5   1) <--> ( 7   3)        0.016944      0.000026      0.000019   WU     0.005822      0.004269
 ( 5   1) <--> ( 7   4)       -0.093936      0.000802      0.000588   WU     0.178923      0.131210
 ( 5   2) <--> ( 7   1)       -0.226515      0.004664      0.003421   WU     1.040397      0.762958
 ( 5   2) <--> ( 7   2)       -1.860896      0.314812      0.230862   WU    70.217960     51.493171
 ( 5   2) <--> ( 7   3)        0.403775      0.014821      0.010869   WU     3.305855      2.424294
 ( 5   2) <--> ( 7   4)       -0.059461      0.000321      0.000236   WU     0.071691      0.052574
 ( 5   3) <--> ( 7   1)        0.803477      0.058689      0.043038   WU    13.090336      9.599580
 ( 5   3) <--> ( 7   2)        0.219094      0.004364      0.003200   WU     0.973343      0.713785
 ( 5   3) <--> ( 7   3)        0.084909      0.000655      0.000481   WU     0.146189      0.107206
 ( 5   3) <--> ( 7   4)        2.406405      0.526435      0.386052   WU   117.419868     86.107903
 ( 5   4) <--> ( 7   1)       -0.076602      0.000533      0.000391   WU     0.118984      0.087255
 ( 5   4) <--> ( 7   2)       -0.724350      0.047698      0.034979   WU    10.639000      7.801933
 ( 5   4) <--> ( 7   3)        0.259848      0.006138      0.004501   WU     1.369127      1.004027
 ( 5   4) <--> ( 7   4)       -0.345314      0.010840      0.007949   WU     2.417868      1.773103
 ( 6   1) <--> ( 6   1)        0.102739      0.071629   (eb)
 ( 6   2) <--> ( 6   1)       -1.167208      0.104798      0.104798   WU    23.374927     23.374927
 ( 6   2) <--> ( 6   2)       -0.724033     -0.504794   (eb)
 ( 6   3) <--> ( 6   1)        0.119791      0.001104      0.001104   WU     0.246209      0.246209
 ( 6   3) <--> ( 6   2)       -1.245127      0.119257      0.119257   WU    26.599962     26.599962
 ( 6   3) <--> ( 6   3)       -1.033085     -0.720264   (eb)
 ( 6   4) <--> ( 6   1)       -0.347133      0.009269      0.009269   WU     2.067496      2.067496
 ( 6   4) <--> ( 6   2)        1.235850      0.117486      0.117486   WU    26.205031     26.205031
 ( 6   4) <--> ( 6   3)        0.348788      0.009358      0.009358   WU     2.087264      2.087264
 ( 6   4) <--> ( 6   4)        0.794027      0.553593   (eb)
 ( 6   1) <--> ( 7   1)       -0.551768      0.023419      0.020297   WU     5.223557      4.527082
 ( 6   1) <--> ( 7   2)        0.066673      0.000342      0.000296   WU     0.076271      0.066101
 ( 6   1) <--> ( 7   3)        0.020907      0.000034      0.000029   WU     0.007499      0.006500
 ( 6   1) <--> ( 7   4)        0.122882      0.001162      0.001007   WU     0.259076      0.224532
 ( 6   2) <--> ( 7   1)        0.922906      0.065520      0.056784   WU    14.613971     12.665441
 ( 6   2) <--> ( 7   2)       -0.541304      0.022539      0.019534   WU     5.027313      4.357004
 ( 6   2) <--> ( 7   3)       -0.011759      0.000011      0.000009   WU     0.002373      0.002056
 ( 6   2) <--> ( 7   4)       -0.068702      0.000363      0.000315   WU     0.080982      0.070184
 ( 6   3) <--> ( 7   1)        0.875099      0.058908      0.051053   WU    13.139170     11.387281
 ( 6   3) <--> ( 7   2)        1.310727      0.132154      0.114534   WU    29.476655     25.546435
 ( 6   3) <--> ( 7   3)        0.326473      0.008199      0.007106   WU     1.828718      1.584889
 ( 6   3) <--> ( 7   4)        0.375105      0.010823      0.009380   WU     2.414128      2.092244
 ( 6   4) <--> ( 7   1)        0.838642      0.054102      0.046888   WU    12.067201     10.458241
 ( 6   4) <--> ( 7   2)       -1.310095      0.132027      0.114423   WU    29.448221     25.521792
 ( 6   4) <--> ( 7   3)        0.122695      0.001158      0.001004   WU     0.258289      0.223851
 ( 6   4) <--> ( 7   4)        0.503745      0.019520      0.016917   WU     4.353860      3.773345
 ( 6   1) <--> ( 8   1)        2.550755      0.500489      0.382727   WU   111.632585     85.366094
 ( 6   1) <--> ( 8   2)        0.014393      0.000016      0.000012   WU     0.003554      0.002718
 ( 6   1) <--> ( 8   3)        0.004796      0.000002      0.000001   WU     0.000395      0.000302
 ( 6   1) <--> ( 8   4)       -0.036780      0.000104      0.000080   WU     0.023210      0.017749
 ( 6   2) <--> ( 8   1)        1.094918      0.092219      0.070520   WU    20.569178     15.729372
 ( 6   2) <--> ( 8   2)        2.657543      0.543272      0.415443   WU   121.175301     92.663465
 ( 6   2) <--> ( 8   3)       -0.016825      0.000022      0.000017   WU     0.004857      0.003714
 ( 6   2) <--> ( 8   4)        0.237960      0.004356      0.003331   WU     0.971542      0.742944
 ( 6   3) <--> ( 8   1)       -0.734898      0.041544      0.031769   WU     9.266330      7.086017
 ( 6   3) <--> ( 8   2)        0.797025      0.048865      0.037368   WU    10.899264      8.334732
 ( 6   3) <--> ( 8   3)        2.535620      0.494567      0.378198   WU   110.311749     84.356043
 ( 6   3) <--> ( 8   4)       -0.400176      0.012318      0.009420   WU     2.747606      2.101111
 ( 6   4) <--> ( 8   1)       -0.698633      0.037545      0.028711   WU     8.374352      6.403916
 ( 6   4) <--> ( 8   2)       -0.405257      0.012633      0.009661   WU     2.817833      2.154814
 ( 6   4) <--> ( 8   3)       -0.367947      0.010414      0.007964   WU     2.322868      1.776311
 ( 6   4) <--> ( 8   4)       -2.365637      0.430480      0.329191   WU    96.017365     73.425044
 ( 7   1) <--> ( 7   1)       -0.469492     -0.314401   (eb)
 ( 7   2) <--> ( 7   1)       -1.385778      0.128025      0.128025   WU    28.555709     28.555709
 ( 7   2) <--> ( 7   2)       -0.211768     -0.141813   (eb)
 ( 7   3) <--> ( 7   1)       -0.108049      0.000778      0.000778   WU     0.173600      0.173600
 ( 7   3) <--> ( 7   2)        1.617061      0.174326      0.174326   WU    38.882880     38.882880
 ( 7   3) <--> ( 7   3)        0.504581      0.337898   (eb)
 ( 7   4) <--> ( 7   1)       -0.073696      0.000362      0.000362   WU     0.080759      0.080759
 ( 7   4) <--> ( 7   2)       -0.479217      0.015310      0.015310   WU     3.414842      3.414842
 ( 7   4) <--> ( 7   3)       -0.171777      0.001967      0.001967   WU     0.438769      0.438769
 ( 7   4) <--> ( 7   4)       -0.331325     -0.221876   (eb)
 ( 7   1) <--> ( 8   1)       -1.382563      0.127432      0.112440   WU    28.423371     25.079445
 ( 7   1) <--> ( 8   2)        0.102111      0.000695      0.000613   WU     0.155042      0.136801
 ( 7   1) <--> ( 8   3)        0.951039      0.060298      0.053204   WU    13.449374     11.867095
 ( 7   1) <--> ( 8   4)       -0.408352      0.011117      0.009809   WU     2.479561      2.187848
 ( 7   2) <--> ( 8   1)        0.134282      0.001202      0.001061   WU     0.268126      0.236582
 ( 7   2) <--> ( 8   2)       -1.158600      0.089490      0.078962   WU    19.960568     17.612266
 ( 7   2) <--> ( 8   3)        0.298421      0.005937      0.005239   WU     1.324237      1.168444
 ( 7   2) <--> ( 8   4)        1.264282      0.106561      0.094024   WU    23.768052     20.971811
 ( 7   3) <--> ( 8   1)        0.015761      0.000017      0.000015   WU     0.003694      0.003259
 ( 7   3) <--> ( 8   2)       -0.074104      0.000366      0.000323   WU     0.081656      0.072050
 ( 7   3) <--> ( 8   3)        0.645808      0.027805      0.024533   WU     6.201719      5.472105
 ( 7   3) <--> ( 8   4)        0.206497      0.002843      0.002508   WU     0.634061      0.559466
 ( 7   4) <--> ( 8   1)       -0.027348      0.000050      0.000044   WU     0.011122      0.009813
 ( 7   4) <--> ( 8   2)       -0.147801      0.001456      0.001285   WU     0.324832      0.286617
 ( 7   4) <--> ( 8   3)        0.717605      0.034331      0.030292   WU     7.657323      6.756461
 ( 7   4) <--> ( 8   4)       -1.191964      0.094719      0.083575   WU    21.126717     18.641221
 ( 7   1) <--> ( 9   1)        3.094023      0.638199      0.503841   WU   142.348456    112.380360
 ( 7   1) <--> ( 9   2)       -0.289574      0.005590      0.004413   WU     1.246882      0.984380
 ( 7   1) <--> ( 9   3)        0.027851      0.000052      0.000041   WU     0.011534      0.009106
 ( 7   1) <--> ( 9   4)       -0.131226      0.001148      0.000906   WU     0.256062      0.202155
 ( 7   2) <--> ( 9   1)        0.239163      0.003813      0.003010   WU     0.850538      0.671478
 ( 7   2) <--> ( 9   2)       -2.670945      0.475597      0.375471   WU   106.080499     83.747762
 ( 7   2) <--> ( 9   3)        0.391968      0.010243      0.008086   WU     2.284577      1.803613
 ( 7   2) <--> ( 9   4)       -0.078068      0.000406      0.000321   WU     0.090627      0.071547
 ( 7   3) <--> ( 9   1)        0.121954      0.000992      0.000783   WU     0.221157      0.174597
 ( 7   3) <--> ( 9   2)        0.222727      0.003307      0.002611   WU     0.737654      0.582358
 ( 7   3) <--> ( 9   3)       -1.988326      0.263563      0.208076   WU    58.786942     46.410743
 ( 7   3) <--> ( 9   4)       -0.018270      0.000022      0.000018   WU     0.004964      0.003919
 ( 7   4) <--> ( 9   1)        0.920525      0.056491      0.044598   WU    12.600177      9.947508
 ( 7   4) <--> ( 9   2)       -0.211683      0.002987      0.002358   WU     0.666314      0.526037
 ( 7   4) <--> ( 9   3)        0.097883      0.000639      0.000504   WU     0.142469      0.112475
 ( 7   4) <--> ( 9   4)       -3.154028      0.663193      0.523573   WU   147.923272    116.781531
 ( 8   1) <--> ( 8   1)       -0.472813     -0.304584   (eb)
 ( 8   2) <--> ( 8   1)       -1.271263      0.095065      0.095065   WU    21.204030     21.204030
 ( 8   2) <--> ( 8   2)       -1.159941     -0.747229   (eb)
 ( 8   3) <--> ( 8   1)        0.243621      0.003491      0.003491   WU     0.778712      0.778712
 ( 8   3) <--> ( 8   2)       -1.711449      0.172297      0.172297   WU    38.430472     38.430472
 ( 8   3) <--> ( 8   3)       -0.962777     -0.620217   (eb)
 ( 8   4) <--> ( 8   1)        0.155649      0.001425      0.001425   WU     0.317863      0.317863
 ( 8   4) <--> ( 8   2)       -1.057699      0.065808      0.065808   WU    14.678183     14.678183
 ( 8   4) <--> ( 8   3)       -0.295480      0.005136      0.005136   WU     1.145524      1.145524
 ( 8   4) <--> ( 8   4)       -0.289849     -0.186719   (eb)
 ( 8   1) <--> ( 9   1)       -0.534988      0.016836      0.015064   WU     3.755231      3.359944
 ( 8   1) <--> ( 9   2)       -0.003077      0.000001      0.000000   WU     0.000124      0.000111
 ( 8   1) <--> ( 9   3)       -0.010924      0.000007      0.000006   WU     0.001566      0.001401
 ( 8   1) <--> ( 9   4)       -0.064981      0.000248      0.000222   WU     0.055402      0.049570
 ( 8   2) <--> ( 9   1)        1.111725      0.072702      0.065049   WU    16.215956     14.509013
 ( 8   2) <--> ( 9   2)        0.448625      0.011839      0.010593   WU     2.640674      2.362708
 ( 8   2) <--> ( 9   3)       -0.039401      0.000091      0.000082   WU     0.020369      0.018225
 ( 8   2) <--> ( 9   4)        0.023600      0.000033      0.000029   WU     0.007308      0.006539
 ( 8   3) <--> ( 9   1)        0.411391      0.009955      0.008908   WU     2.220534      1.986794
 ( 8   3) <--> ( 9   2)       -1.449255      0.123549      0.110544   WU    27.557367     24.656591
 ( 8   3) <--> ( 9   3)       -0.287660      0.004868      0.004355   WU     1.085689      0.971406
 ( 8   3) <--> ( 9   4)       -0.326708      0.006279      0.005618   WU     1.400452      1.253036
 ( 8   4) <--> ( 9   1)       -1.229979      0.088991      0.079624   WU    19.849209     17.759819
 ( 8   4) <--> ( 9   2)       -0.960375      0.054254      0.048543   WU    12.101225     10.827411
 ( 8   4) <--> ( 9   3)        0.465304      0.012736      0.011395   WU     2.840679      2.541660
 ( 8   4) <--> ( 9   4)        0.602813      0.021376      0.019125   WU     4.767748      4.265880
 ( 8   1) <--> (10   1)       -3.385799      0.674331      0.545887   WU   150.407763    121.758665
 ( 8   1) <--> (10   2)        0.093584      0.000515      0.000417   WU     0.114909      0.093022
 ( 8   1) <--> (10   3)        0.020139      0.000024      0.000019   WU     0.005321      0.004308
 ( 8   1) <--> (10   4)        0.030720      0.000056      0.000045   WU     0.012382      0.010024
 ( 8   2) <--> (10   1)       -0.939714      0.051945      0.042051   WU    11.586160      9.379273
 ( 8   2) <--> (10   2)        3.445905      0.698486      0.565441   WU   155.795356    126.120050
 ( 8   2) <--> (10   3)        0.057766      0.000196      0.000159   WU     0.043781      0.035442
 ( 8   2) <--> (10   4)        0.214633      0.002710      0.002194   WU     0.604423      0.489295
 ( 8   3) <--> (10   1)        0.716832      0.030226      0.024469   WU     6.741902      5.457730
 ( 8   3) <--> (10   2)        1.286734      0.097393      0.078842   WU    21.723289     17.585520
 ( 8   3) <--> (10   3)       -2.897695      0.493920      0.399840   WU   110.167471     89.183191
 ( 8   3) <--> (10   4)       -1.090755      0.069985      0.056655   WU    15.609980     12.636650
 ( 8   4) <--> (10   1)       -0.880049      0.045558      0.036880   WU    10.161591      8.226050
 ( 8   4) <--> (10   2)        0.562409      0.018606      0.015062   WU     4.150035      3.359552
 ( 8   4) <--> (10   3)       -1.376056      0.111384      0.090168   WU    24.843935     20.111757
 ( 8   4) <--> (10   4)        3.106158      0.567542      0.459439   WU   126.588750    102.476607
 ( 9   1) <--> ( 9   1)       -0.753939     -0.468107   (eb)
 ( 9   2) <--> ( 9   1)        1.440034      0.109142      0.109142   WU    24.343815     24.343815
 ( 9   2) <--> ( 9   2)       -0.570490     -0.354207   (eb)
 ( 9   3) <--> ( 9   1)        0.132195      0.000920      0.000920   WU     0.205149      0.205149
 ( 9   3) <--> ( 9   2)        1.964307      0.203079      0.203079   WU    45.296200     45.296200
 ( 9   3) <--> ( 9   3)        0.239049      0.148422   (eb)
 ( 9   4) <--> ( 9   1)        0.130632      0.000898      0.000898   WU     0.200327      0.200327
 ( 9   4) <--> ( 9   2)       -0.434354      0.009930      0.009930   WU     2.214782      2.214782
 ( 9   4) <--> ( 9   3)        0.146456      0.001129      0.001129   WU     0.251801      0.251801
 ( 9   4) <--> ( 9   4)       -0.805747     -0.500274   (eb)
 ( 9   1) <--> (10   1)        1.528430      0.122953      0.111243   WU    27.424240     24.812408
 ( 9   1) <--> (10   2)        0.396663      0.008281      0.007492   WU     1.847082      1.671169
 ( 9   1) <--> (10   3)       -0.461956      0.011232      0.010162   WU     2.505208      2.266616
 ( 9   1) <--> (10   4)       -0.716110      0.026990      0.024420   WU     6.020080      5.446739
 ( 9   2) <--> (10   1)        0.098384      0.000509      0.000461   WU     0.113629      0.102807
 ( 9   2) <--> (10   2)        1.286108      0.087056      0.078765   WU    19.417700     17.568395
 ( 9   2) <--> (10   3)        1.173601      0.072492      0.065588   WU    16.169043     14.629134
 ( 9   2) <--> (10   4)       -0.985845      0.051152      0.046281   WU    11.409346     10.322742
 ( 9   3) <--> (10   1)        0.012576      0.000008      0.000008   WU     0.001857      0.001680
 ( 9   3) <--> (10   2)        0.008992      0.000004      0.000004   WU     0.000949      0.000859
 ( 9   3) <--> (10   3)        0.908457      0.043437      0.039300   WU     9.688404      8.765699
 ( 9   3) <--> (10   4)        0.101606      0.000543      0.000492   WU     0.121195      0.109652
 ( 9   4) <--> (10   1)       -0.078488      0.000324      0.000293   WU     0.072318      0.065431
 ( 9   4) <--> (10   2)        0.069964      0.000258      0.000233   WU     0.057463      0.051991
 ( 9   4) <--> (10   3)        0.275680      0.004000      0.003619   WU     0.892181      0.807211
 ( 9   4) <--> (10   4)        1.530425      0.123274      0.111533   WU    27.495846     24.877194
 (10   1) <--> (10   1)       -0.945831     -0.567114   (eb)
 (10   2) <--> (10   1)        1.288495      0.079058      0.079058   WU    17.633682     17.633682
 (10   2) <--> (10   2)       -2.032169     -1.218475   (eb)
 (10   3) <--> (10   1)        0.352558      0.005919      0.005919   WU     1.320199      1.320199
 (10   3) <--> (10   2)        2.022601      0.194805      0.194805   WU    43.450813     43.450813
 (10   3) <--> (10   3)       -1.040739     -0.624020   (eb)
 (10   4) <--> (10   1)        0.050622      0.000122      0.000122   WU     0.027218      0.027218
 (10   4) <--> (10   2)       -0.427751      0.008713      0.008713   WU     1.943391      1.943391
 (10   4) <--> (10   3)        0.326293      0.005070      0.005070   WU     1.130821      1.130821
 (10   4) <--> (10   4)       -0.927256     -0.555977   (eb)
 
  quadrupole shape invariant: 01+, 02+, 03+, 04+
quadr2     0.40381616     0.95733207     1.57167258     1.27016187
quadr3     0.08798274     0.48160010     1.81984927     0.61711590
  effective deformation parameters:  01+, 02+, 03+, 04+
beteff     0.16820916     0.25899364     0.33184772     0.29832341
cos3ga     0.34286406     0.51415334     0.92361782     0.43110010
 
 ********* END Transition **************************
