 ********* BEGIN READER ****************************
 
 Nucleus            :  Sn  50  60
 Imin, Imax         :     0  10
 imu, remu          :     1 12.0000
 nlevel             :     4
 observables        :     2
 wave fun           :     1
 nbet, ngam, npar   :    10   7  10
 Finish reading parameters: V, B_k ...
 
 ********* END READER ******************************
 
 ********* BEGIN LEVELS ********************
 
 E_0 =  -933.975702
 
  I=   0   ntot= 127
   0   1    0.000000
   0   2    1.881246
   0   3    2.908973
   0   4    3.374918
 
  I=   2   ntot= 234
   2   1    1.358786
   2   2    2.311428
   2   3    2.824759
   2   4    3.866178
 
  I=   3   ntot= 108
   3   1    3.836572
   3   2    5.221656
   3   3    6.324967
   3   4    6.652635
 
  I=   4   ntot= 324
   4   1    2.567573
   4   2    3.370983
   4   3    4.060595
   4   4    4.708473
 
  I=   5   ntot= 198
   5   1    5.012323
   5   2    6.123248
   5   3    6.552820
   5   4    7.562677
 
  I=   6   ntot= 432
   6   1    3.588903
   6   2    4.744053
   6   3    5.307866
   6   4    5.796846
 
  I=   7   ntot= 306
   7   1    6.258162
   7   2    7.465333
   7   3    7.827927
   7   4    8.591801
 
  I=   8   ntot= 522
   8   1    4.671544
   8   2    6.167694
   8   3    6.577802
   8   4    7.068912
 
  I=   9   ntot= 397
   9   1    7.620869
   9   2    8.917984
   9   3    9.173076
   9   4   10.078465
 
  I=  10   ntot= 630
  10   1    5.885017
  10   2    7.574200
  10   3    7.967310
  10   4    8.581572
 
 ********* END LEVELS **********************
 
 ********* BEGIN Transition ************************
 
  Monopole moment 
 
   I   n    <In|E0|In>   ave \beta      del<b>   ave \gamma    del<g>  
     K=0       K=2       K=4   
   0   1     20.416379    0.168389    0.049075   27.245777   11.470744  100.0000    0.0000    0.0000
   0   2     20.822860    0.285001    0.073435   15.390433   11.149577  100.0000    0.0000    0.0000
   0   3     20.807801    0.268260    0.078649   28.341171   15.778260  100.0000    0.0000    0.0000
   0   4     20.914248    0.304137    0.105847   16.322258   13.716849  100.0000    0.0000    0.0000
   2   1     20.559626    0.212283    0.059710   23.061432   12.691326   83.7150   16.2850    0.0000
   2   2     20.790627    0.276354    0.077073   18.022514   13.750878   60.7173   39.2827    0.0000
   2   3     20.785407    0.271342    0.088700   20.478249   14.151272   60.8372   39.1628    0.0000
   2   4     20.977927    0.311006    0.099944   20.556394   15.040478   57.5250   42.4750    0.0000
   3   1     20.867114    0.280722    0.059415   23.526569    9.170275    0.0000  100.0000    0.0000
   3   2     21.052038    0.323828    0.095237   19.871085    9.285764    0.0000   99.9999    0.0000
   3   3     21.157127    0.329287    0.056729   28.499237   11.585214    0.0000   99.9999    0.0000
   3   4     21.393758    0.388781    0.113256   17.628609    8.799538    0.0000   99.9999    0.0000
   4   1     20.824589    0.284586    0.067978   15.771375   12.033974   91.9149    6.3183    1.7668
   4   2     20.823383    0.281378    0.088794   20.422787   15.327373   52.8223   28.3452   18.8325
   4   3     20.907736    0.295164    0.094910   21.272972   14.973121   61.8583   16.9742   21.1674
   4   4     21.012262    0.313524    0.068384   21.270516   10.672889    6.3373   76.0888   17.5739
   5   1     21.029820    0.316264    0.059823   20.905807    8.990145    0.0000   93.5561    6.4439
   5   2     21.110891    0.326060    0.067930   24.205660   10.460638    0.0000   24.0275   75.9725
   5   3     21.247249    0.357693    0.096500   19.864056    9.616502    0.0000   80.3763   19.6236
   5   4     21.344530    0.373103    0.095316   21.020710    9.361884    0.0000   50.2954   49.7045
   6   1     21.008344    0.329343    0.063114   12.565587   10.434008   96.7222    2.9047    0.2580
   6   2     20.928400    0.298655    0.091052   22.008322   15.610342   46.7494   31.3433   12.1765
   6   3     21.116125    0.338613    0.100328   18.795611   15.034934   66.0270   12.5948   10.0178
   6   4     21.109178    0.331425    0.066709   21.849797   11.196021    6.5525   72.0992    6.0464
   7   1     21.159754    0.343797    0.061196   18.904032    8.774637    0.0000   92.2226    7.2052
   7   2     21.244111    0.351718    0.075559   22.581944   11.440026    0.0000   29.9289   54.7030
   7   3     21.434257    0.391503    0.095574   18.642586    9.389822    0.0000   78.4537   18.6195
   7   4     21.341196    0.364837    0.073942   24.055579   10.266800    0.0000    4.9381   43.6418
   8   1     21.116741    0.353482    0.061717   11.253877    9.701793   97.4254    2.4366    0.1080
   8   2     21.141219    0.345293    0.099169   17.083084   15.081738   59.5992   27.5655    6.9549
   8   3     21.255124    0.362709    0.095282   18.984501   14.440295   56.1963   23.1298    9.2566
   8   4     21.182690    0.341210    0.070648   24.421290   13.137710    8.1506   56.7486    8.4301
   9   1     21.282840    0.368670    0.063756   17.317739    8.611102    0.0000   91.4262    7.8853
   9   2     21.421464    0.387184    0.088374   19.265709   11.752741    0.0000   45.8773   39.3902
   9   3     21.516682    0.404239    0.091460   19.154266    9.229584    0.0000   64.9172   27.7715
   9   4     21.463662    0.386992    0.085792   22.877811   11.293756    0.0000    7.7230   47.6725
  10   1     21.208221    0.372262    0.061730   10.419243    9.278331   97.4797    2.4297    0.0798
  10   2     21.357773    0.392116    0.102125   12.169821   13.242992   80.2700   15.8929    2.5168
  10   3     21.329540    0.373422    0.080810   19.695696   12.267983   37.8551   46.1502    9.3312
  10   4     21.233522    0.343745    0.075211   28.191259   14.486832    8.6120   41.6917   12.0082
 
  rho^2(E0) 
 
   I  n_1 n_2  <In_1|E0|In_2>  rho^2(E0) 
   0   1   1       20.416379  953.488513
   0   2   1        0.123356    0.034808
   0   2   2       20.822860  991.833467
   0   3   1       -0.076827    0.013501
   0   3   2        0.117381    0.031518
   0   3   3       20.807801  990.399442
   0   4   1        0.022105    0.001118
   0   4   2       -0.249650    0.142567
   0   4   3       -0.065060    0.009683
   0   4   4       20.914248 1000.558586
   2   1   1       20.559626  966.915271
   2   2   1        0.120608    0.033274
   2   2   2       20.790627  988.765259
   2   3   1       -0.147456    0.049738
   2   3   2       -0.133787    0.040944
   2   3   3       20.785407  988.268842
   2   4   1       -0.067842    0.010528
   2   4   2        0.232119    0.123247
   2   4   3       -0.051905    0.006163
   2   4   4       20.977927 1006.660773
   3   1   1       20.867114  996.053841
   3   2   1       -0.267953    0.164238
   3   2   2       21.052038 1013.786087
   3   3   1       -0.073466    0.012346
   3   3   2       -0.018612    0.000792
   3   3   3       21.157127 1023.932676
   3   4   1        0.011326    0.000293
   3   4   2       -0.406753    0.378460
   3   4   3        0.011837    0.000320
   3   4   4       21.393758 1046.965006
   4   1   1       20.824589  991.998188
   4   2   1       -0.184787    0.078109
   4   2   2       20.823383  991.883328
   4   3   1       -0.190993    0.083444
   4   3   2        0.074378    0.012655
   4   3   3       20.907736  999.935584
   4   4   1       -0.019599    0.000879
   4   4   2       -0.108042    0.026702
   4   4   3        0.014506    0.000481
   4   4   4       21.012262 1009.958738
   5   1   1       21.029820 1011.647328
   5   2   1       -0.097815    0.021886
   5   2   2       21.110891 1019.462224
   5   3   1       -0.276002    0.174254
   5   3   2        0.026003    0.001547
   5   3   3       21.247249 1032.674426
   5   4   1        0.037053    0.003141
   5   4   2       -0.264158    0.159619
   5   4   3       -0.151306    0.052369
   5   4   4       21.344530 1042.152378
   6   1   1       21.008344 1009.582152
   6   2   1        0.170760    0.066700
   6   2   2       20.928400 1001.913129
   6   3   1       -0.222611    0.113358
   6   3   2       -0.091599    0.019193
   6   3   3       21.116125 1019.967825
   6   4   1       -0.036764    0.003092
   6   4   2        0.080658    0.014882
   6   4   3        0.053269    0.006491
   6   4   4       21.109178 1019.296827
   7   1   1       21.159754 1024.187011
   7   2   1        0.122567    0.034364
   7   2   2       21.244111 1032.369487
   7   3   1       -0.293561    0.197131
   7   3   2       -0.077448    0.013721
   7   3   3       21.434257 1050.932669
   7   4   1        0.008395    0.000161
   7   4   2        0.140702    0.045285
   7   4   3       -0.011129    0.000283
   7   4   4       21.341196 1041.826844
   8   1   1       21.116741 1020.027281
   8   2   1        0.215742    0.106470
   8   2   2       21.141219 1022.393436
   8   3   1        0.217485    0.108197
   8   3   2        0.141023    0.045492
   8   3   3       21.255124 1033.440097
   8   4   1       -0.028910    0.001912
   8   4   2        0.065507    0.009816
   8   4   3       -0.093498    0.019997
   8   4   4       21.182690 1026.408489
   9   1   1       21.282840 1036.137029
   9   2   1       -0.200542    0.091996
   9   2   2       21.421464 1049.678565
   9   3   1       -0.285375    0.186291
   9   3   2        0.115858    0.030705
   9   3   3       21.516682 1059.030855
   9   4   1        0.007901    0.000143
   9   4   2       -0.185271    0.078519
   9   4   3        0.057386    0.007533
   9   4   4       21.463662 1053.818102
  10   1   1       21.208221 1028.884190
  10   2   1        0.288673    0.190621
  10   2   2       21.357773 1043.445961
  10   3   1        0.162240    0.060211
  10   3   2        0.130223    0.038791
  10   3   3       21.329540 1040.689044
  10   4   1        0.003719    0.000032
  10   4   2       -0.061087    0.008536
  10   4   3        0.116357    0.030970
  10   4   4       21.233522 1031.340569
 
  E2 transition 
 
  I1  n1        I2  n2       <f||E2||i>   B(E2,I1->I2)  B(E2,I2->I1)
 ( 0   1) <--> ( 2   1)        0.559862      0.313446      0.062689   WU   100.119570     20.023914
 ( 0   1) <--> ( 2   2)       -0.043680      0.001908      0.000382   WU     0.609434      0.121887
 ( 0   1) <--> ( 2   3)        0.056933      0.003241      0.000648   WU     1.035340      0.207068
 ( 0   1) <--> ( 2   4)        0.002830      0.000008      0.000002   WU     0.002558      0.000512
 ( 0   2) <--> ( 2   1)        0.489020      0.239141      0.047828   WU    76.385397     15.277079
 ( 0   2) <--> ( 2   2)        0.727355      0.529046      0.105809   WU   168.985703     33.797141
 ( 0   2) <--> ( 2   3)       -0.602514      0.363023      0.072605   WU   115.955277     23.191055
 ( 0   2) <--> ( 2   4)       -0.058534      0.003426      0.000685   WU     1.094411      0.218882
 ( 0   3) <--> ( 2   1)       -0.064094      0.004108      0.000822   WU     1.312191      0.262438
 ( 0   3) <--> ( 2   2)        0.511566      0.261700      0.052340   WU    83.591197     16.718239
 ( 0   3) <--> ( 2   3)        0.000322      0.000000      0.000000   WU     0.000033      0.000007
 ( 0   3) <--> ( 2   4)        0.608536      0.370316      0.074063   WU   118.284783     23.656957
 ( 0   4) <--> ( 2   1)        0.040913      0.001674      0.000335   WU     0.534661      0.106932
 ( 0   4) <--> ( 2   2)       -0.198660      0.039466      0.007893   WU    12.605968      2.521194
 ( 0   4) <--> ( 2   3)        0.647721      0.419543      0.083909   WU   134.008714     26.801743
 ( 0   4) <--> ( 2   4)       -0.470734      0.221591      0.044318   WU    70.779550     14.155910
 ( 2   1) <--> ( 2   1)       -0.421683     -0.319608   (eb)
 ( 2   2) <--> ( 2   1)       -0.717504      0.102962      0.102962   WU    32.887843     32.887843
 ( 2   2) <--> ( 2   2)       -0.507993     -0.385025   (eb)
 ( 2   3) <--> ( 2   1)       -0.312804      0.019569      0.019569   WU     6.250734      6.250734
 ( 2   3) <--> ( 2   2)        0.809028      0.130905      0.130905   WU    41.813215     41.813215
 ( 2   3) <--> ( 2   3)       -0.257525     -0.195187   (eb)
 ( 2   4) <--> ( 2   1)        0.047125      0.000444      0.000444   WU     0.141869      0.141869
 ( 2   4) <--> ( 2   2)       -0.186498      0.006956      0.006956   WU     2.221953      2.221953
 ( 2   4) <--> ( 2   3)        0.708221      0.100315      0.100315   WU    32.042328     32.042328
 ( 2   4) <--> ( 2   4)       -0.191855     -0.145414   (eb)
 ( 2   1) <--> ( 3   1)        0.018471      0.000068      0.000049   WU     0.021796      0.015569
 ( 2   1) <--> ( 3   2)        0.038852      0.000302      0.000216   WU     0.096432      0.068880
 ( 2   1) <--> ( 3   3)       -0.038597      0.000298      0.000213   WU     0.095170      0.067979
 ( 2   1) <--> ( 3   4)        0.016614      0.000055      0.000039   WU     0.017632      0.012595
 ( 2   2) <--> ( 3   1)       -0.708498      0.100394      0.071710   WU    32.067386     22.905276
 ( 2   2) <--> ( 3   2)       -0.054898      0.000603      0.000431   WU     0.192530      0.137521
 ( 2   2) <--> ( 3   3)        0.015264      0.000047      0.000033   WU     0.014883      0.010631
 ( 2   2) <--> ( 3   4)       -0.033356      0.000223      0.000159   WU     0.071078      0.050770
 ( 2   3) <--> ( 3   1)       -0.660706      0.087306      0.062362   WU    27.887044     19.919317
 ( 2   3) <--> ( 3   2)       -0.218841      0.009578      0.006842   WU     3.059451      2.185322
 ( 2   3) <--> ( 3   3)        0.111375      0.002481      0.001772   WU     0.792436      0.566026
 ( 2   3) <--> ( 3   4)       -0.042842      0.000367      0.000262   WU     0.117253      0.083752
 ( 2   4) <--> ( 3   1)       -0.386150      0.029822      0.021302   WU     9.525737      6.804098
 ( 2   4) <--> ( 3   2)        0.695085      0.096629      0.069020   WU    30.864718     22.046227
 ( 2   4) <--> ( 3   3)        0.102756      0.002112      0.001508   WU     0.674529      0.481807
 ( 2   4) <--> ( 3   4)       -0.004139      0.000003      0.000002   WU     0.001094      0.000782
 ( 2   1) <--> ( 4   1)        1.145705      0.262528      0.145849   WU    83.855640     46.586467
 ( 2   1) <--> ( 4   2)        0.328164      0.021538      0.011966   WU     6.879686      3.822048
 ( 2   1) <--> ( 4   3)        0.107246      0.002300      0.001278   WU     0.734767      0.408204
 ( 2   1) <--> ( 4   4)       -0.011452      0.000026      0.000015   WU     0.008378      0.004655
 ( 2   2) <--> ( 4   1)        0.985648      0.194301      0.107945   WU    62.062682     34.479268
 ( 2   2) <--> ( 4   2)       -1.171976      0.274706      0.152614   WU    87.745363     48.747424
 ( 2   2) <--> ( 4   3)       -0.040723      0.000332      0.000184   WU     0.105941      0.058856
 ( 2   2) <--> ( 4   4)       -0.043959      0.000386      0.000215   WU     0.123448      0.068582
 ( 2   3) <--> ( 4   1)       -0.766088      0.117378      0.065210   WU    37.492411     20.829117
 ( 2   3) <--> ( 4   2)        0.385139      0.029666      0.016481   WU     9.475930      5.264405
 ( 2   3) <--> ( 4   3)        1.207321      0.291525      0.161958   WU    93.117721     51.732067
 ( 2   3) <--> ( 4   4)        0.184492      0.006807      0.003782   WU     2.174419      1.208010
 ( 2   4) <--> ( 4   1)        0.075227      0.001132      0.000629   WU     0.361525      0.200847
 ( 2   4) <--> ( 4   2)       -0.864546      0.149488      0.083049   WU    47.748821     26.527123
 ( 2   4) <--> ( 4   3)       -0.341607      0.023339      0.012966   WU     7.454881      4.141601
 ( 2   4) <--> ( 4   4)        0.633492      0.080263      0.044590   WU    25.637122     14.242845
 ( 3   1) <--> ( 3   1)        0.000000      0.000000   (eb)
 ( 3   2) <--> ( 3   1)        0.000000      0.000000      0.000000   WU     0.000000      0.000000
 ( 3   2) <--> ( 3   2)        0.000000      0.000000   (eb)
 ( 3   3) <--> ( 3   1)        0.000000      0.000000      0.000000   WU     0.000000      0.000000
 ( 3   3) <--> ( 3   2)        0.000000      0.000000      0.000000   WU     0.000000      0.000000
 ( 3   3) <--> ( 3   3)        0.000000      0.000000   (eb)
 ( 3   4) <--> ( 3   1)        0.000000      0.000000      0.000000   WU     0.000000      0.000000
 ( 3   4) <--> ( 3   2)        0.000000      0.000000      0.000000   WU     0.000000      0.000000
 ( 3   4) <--> ( 3   3)        0.000000      0.000000      0.000000   WU     0.000000      0.000000
 ( 3   4) <--> ( 3   4)        0.000000      0.000000   (eb)
 ( 3   1) <--> ( 4   1)        0.445236      0.028319      0.022026   WU     9.045654      7.035509
 ( 3   1) <--> ( 4   2)        0.451746      0.029153      0.022675   WU     9.312078      7.242727
 ( 3   1) <--> ( 4   3)       -0.375564      0.020150      0.015672   WU     6.436158      5.005901
 ( 3   1) <--> ( 4   4)       -1.376719      0.270765      0.210595   WU    86.486699     67.267433
 ( 3   2) <--> ( 4   1)        0.002569      0.000001      0.000001   WU     0.000301      0.000234
 ( 3   2) <--> ( 4   2)        0.200945      0.005768      0.004487   WU     1.842519      1.433071
 ( 3   2) <--> ( 4   3)        0.366444      0.019183      0.014920   WU     6.127360      4.765724
 ( 3   2) <--> ( 4   4)        0.962789      0.132423      0.102996   WU    42.298054     32.898487
 ( 3   3) <--> ( 4   1)        0.009542      0.000013      0.000010   WU     0.004155      0.003232
 ( 3   3) <--> ( 4   2)       -0.099186      0.001405      0.001093   WU     0.448909      0.349151
 ( 3   3) <--> ( 4   3)        0.095412      0.001301      0.001012   WU     0.415401      0.323090
 ( 3   3) <--> ( 4   4)       -0.132081      0.002492      0.001938   WU     0.796052      0.619151
 ( 3   4) <--> ( 4   1)        0.008861      0.000011      0.000009   WU     0.003583      0.002787
 ( 3   4) <--> ( 4   2)        0.029745      0.000126      0.000098   WU     0.040371      0.031400
 ( 3   4) <--> ( 4   3)       -0.023360      0.000078      0.000061   WU     0.024901      0.019367
 ( 3   4) <--> ( 4   4)       -0.008814      0.000011      0.000009   WU     0.003545      0.002757
 ( 3   1) <--> ( 5   1)        1.485455      0.315225      0.200598   WU   100.688015     64.074191
 ( 3   1) <--> ( 5   2)        0.131929      0.002486      0.001582   WU     0.794212      0.505408
 ( 3   1) <--> ( 5   3)        0.045542      0.000296      0.000189   WU     0.094640      0.060225
 ( 3   1) <--> ( 5   4)        0.035582      0.000181      0.000115   WU     0.057772      0.036764
 ( 3   2) <--> ( 5   1)       -0.847375      0.102578      0.065277   WU    32.764956     20.850426
 ( 3   2) <--> ( 5   2)        0.625948      0.055973      0.035619   WU    17.878679     11.377341
 ( 3   2) <--> ( 5   3)        1.412135      0.284875      0.181284   WU    90.993632     57.905039
 ( 3   2) <--> ( 5   4)        0.150893      0.003253      0.002070   WU     1.038952      0.661152
 ( 3   3) <--> ( 5   1)        0.115187      0.001895      0.001206   WU     0.605431      0.385274
 ( 3   3) <--> ( 5   2)       -0.722673      0.074608      0.047478   WU    23.831000     15.165182
 ( 3   3) <--> ( 5   3)        0.207404      0.006145      0.003911   WU     1.962885      1.249109
 ( 3   3) <--> ( 5   4)       -0.684090      0.066854      0.042544   WU    21.354287     13.589092
 ( 3   4) <--> ( 5   1)        0.068378      0.000668      0.000425   WU     0.213347      0.135766
 ( 3   4) <--> ( 5   2)       -0.344416      0.016946      0.010784   WU     5.412829      3.444527
 ( 3   4) <--> ( 5   3)       -1.213116      0.210236      0.133786   WU    67.152690     42.733530
 ( 3   4) <--> ( 5   4)        0.984596      0.138490      0.088130   WU    44.235902     28.150120
 ( 4   1) <--> ( 4   1)       -1.284464     -0.968609   (eb)
 ( 4   2) <--> ( 4   1)        0.819113      0.074549      0.074549   WU    23.812295     23.812295
 ( 4   2) <--> ( 4   2)       -0.450249     -0.339531   (eb)
 ( 4   3) <--> ( 4   1)       -0.118230      0.001553      0.001553   WU     0.496104      0.496104
 ( 4   3) <--> ( 4   2)       -0.984777      0.107754      0.107754   WU    34.418317     34.418317
 ( 4   3) <--> ( 4   3)       -0.511240     -0.385524   (eb)
 ( 4   4) <--> ( 4   1)       -0.172414      0.003303      0.003303   WU     1.055016      1.055016
 ( 4   4) <--> ( 4   2)        0.655719      0.047774      0.047774   WU    15.259826     15.259826
 ( 4   4) <--> ( 4   3)       -0.255852      0.007273      0.007273   WU     2.323220      2.323220
 ( 4   4) <--> ( 4   4)       -0.329760     -0.248671   (eb)
 ( 4   1) <--> ( 5   1)       -0.105794      0.001244      0.001017   WU     0.397221      0.324999
 ( 4   1) <--> ( 5   2)        0.061470      0.000420      0.000344   WU     0.134102      0.109720
 ( 4   1) <--> ( 5   3)        0.017667      0.000035      0.000028   WU     0.011077      0.009063
 ( 4   1) <--> ( 5   4)        0.045850      0.000234      0.000191   WU     0.074609      0.061043
 ( 4   2) <--> ( 5   1)        0.558869      0.034704      0.028394   WU    11.084953      9.069507
 ( 4   2) <--> ( 5   2)        0.096040      0.001025      0.000839   WU     0.327354      0.267835
 ( 4   2) <--> ( 5   3)        0.009912      0.000011      0.000009   WU     0.003487      0.002853
 ( 4   2) <--> ( 5   4)        0.083155      0.000768      0.000629   WU     0.245408      0.200788
 ( 4   3) <--> ( 5   1)       -0.536387      0.031968      0.026156   WU    10.211061      8.354504
 ( 4   3) <--> ( 5   2)       -0.333971      0.012393      0.010140   WU     3.958507      3.238778
 ( 4   3) <--> ( 5   3)       -0.106595      0.001263      0.001033   WU     0.403265      0.329944
 ( 4   3) <--> ( 5   4)       -0.124328      0.001718      0.001405   WU     0.548599      0.448854
 ( 4   4) <--> ( 5   1)       -1.087119      0.131314      0.107439   WU    41.943873     34.317714
 ( 4   4) <--> ( 5   2)        1.264568      0.177681      0.145376   WU    56.754247     46.435293
 ( 4   4) <--> ( 5   3)        0.030453      0.000103      0.000084   WU     0.032914      0.026930
 ( 4   4) <--> ( 5   4)        0.046274      0.000238      0.000195   WU     0.075995      0.062178
 ( 4   1) <--> ( 6   1)       -2.137244      0.507534      0.351370   WU   162.114581    112.233171
 ( 4   1) <--> ( 6   2)        0.296650      0.009778      0.006769   WU     3.123229      2.162236
 ( 4   1) <--> ( 6   3)        0.008476      0.000008      0.000006   WU     0.002550      0.001765
 ( 4   1) <--> ( 6   4)        0.047461      0.000250      0.000173   WU     0.079943      0.055345
 ( 4   2) <--> ( 6   1)        1.080549      0.129732      0.089814   WU    41.438407     28.688128
 ( 4   2) <--> ( 6   2)        1.690618      0.317577      0.219861   WU   101.439031     70.227022
 ( 4   2) <--> ( 6   3)       -0.124524      0.001723      0.001193   WU     0.550330      0.380998
 ( 4   2) <--> ( 6   4)       -0.104075      0.001204      0.000833   WU     0.384418      0.266136
 ( 4   3) <--> ( 6   1)        0.777224      0.067120      0.046467   WU    21.439090     14.842447
 ( 4   3) <--> ( 6   2)        0.264702      0.007785      0.005390   WU     2.486730      1.721582
 ( 4   3) <--> ( 6   3)       -1.944579      0.420154      0.290876   WU   134.203984     92.910450
 ( 4   3) <--> ( 6   4)       -0.198349      0.004371      0.003026   WU     1.396285      0.966659
 ( 4   4) <--> ( 6   1)        0.105617      0.001239      0.000858   WU     0.395895      0.274081
 ( 4   4) <--> ( 6   2)       -0.681254      0.051567      0.035701   WU    16.471468     11.403324
 ( 4   4) <--> ( 6   3)       -0.003377      0.000001      0.000001   WU     0.000405      0.000280
 ( 4   4) <--> ( 6   4)       -1.851393      0.380851      0.263666   WU   121.649801     84.219093
 ( 5   1) <--> ( 5   1)       -0.857166     -0.622411   (eb)
 ( 5   2) <--> ( 5   1)        0.826377      0.062082      0.062082   WU    19.829914     19.829914
 ( 5   2) <--> ( 5   2)        0.450483      0.327108   (eb)
 ( 5   3) <--> ( 5   1)       -0.065974      0.000396      0.000396   WU     0.126391      0.126391
 ( 5   3) <--> ( 5   2)       -0.749688      0.051094      0.051094   WU    16.320189     16.320189
 ( 5   3) <--> ( 5   3)       -0.598455     -0.434554   (eb)
 ( 5   4) <--> ( 5   1)       -0.058598      0.000312      0.000312   WU     0.099709      0.099709
 ( 5   4) <--> ( 5   2)        0.000188      0.000000      0.000000   WU     0.000001      0.000001
 ( 5   4) <--> ( 5   3)        0.845785      0.065032      0.065032   WU    20.772264     20.772264
 ( 5   4) <--> ( 5   4)       -0.138682     -0.100701   (eb)
 ( 5   1) <--> ( 6   1)       -0.475292      0.020537      0.017377   WU     6.559703      5.550518
 ( 5   1) <--> ( 6   2)        0.675811      0.041520      0.035132   WU    13.262169     11.221835
 ( 5   1) <--> ( 6   3)        0.419610      0.016007      0.013544   WU     5.112768      4.326189
 ( 5   1) <--> ( 6   4)        1.291146      0.151551      0.128235   WU    48.407748     40.960402
 ( 5   2) <--> ( 6   1)        0.043408      0.000171      0.000145   WU     0.054715      0.046297
 ( 5   2) <--> ( 6   2)        0.448463      0.018284      0.015471   WU     5.840066      4.941594
 ( 5   2) <--> ( 6   3)        0.212237      0.004095      0.003465   WU     1.307997      1.106767
 ( 5   2) <--> ( 6   4)       -0.508747      0.023529      0.019909   WU     7.515666      6.359410
 ( 5   3) <--> ( 6   1)        0.012309      0.000014      0.000012   WU     0.004400      0.003723
 ( 5   3) <--> ( 6   2)        0.105601      0.001014      0.000858   WU     0.323817      0.273999
 ( 5   3) <--> ( 6   3)       -0.525496      0.025104      0.021242   WU     8.018670      6.785029
 ( 5   3) <--> ( 6   4)       -0.627699      0.035819      0.030308   WU    11.441084      9.680918
 ( 5   4) <--> ( 6   1)        0.011673      0.000012      0.000010   WU     0.003957      0.003348
 ( 5   4) <--> ( 6   2)        0.100737      0.000923      0.000781   WU     0.294672      0.249338
 ( 5   4) <--> ( 6   3)        0.116288      0.001229      0.001040   WU     0.392678      0.332266
 ( 5   4) <--> ( 6   4)       -0.163884      0.002442      0.002066   WU     0.779895      0.659911
 ( 5   1) <--> ( 7   1)       -2.350255      0.502155      0.368247   WU   160.396180    117.623865
 ( 5   1) <--> ( 7   2)        0.147050      0.001966      0.001442   WU     0.627907      0.460465
 ( 5   1) <--> ( 7   3)        0.025876      0.000061      0.000045   WU     0.019442      0.014258
 ( 5   1) <--> ( 7   4)        0.012955      0.000015      0.000011   WU     0.004873      0.003574
 ( 5   2) <--> ( 7   1)        0.518583      0.024448      0.017929   WU     7.809101      5.726674
 ( 5   2) <--> ( 7   2)        1.856754      0.313412      0.229836   WU   100.108929     73.413215
 ( 5   2) <--> ( 7   3)       -0.071852      0.000469      0.000344   WU     0.149915      0.109938
 ( 5   2) <--> ( 7   4)       -0.110855      0.001117      0.000819   WU     0.356841      0.261684
 ( 5   3) <--> ( 7   1)        0.937457      0.079893      0.058588   WU    25.519176     18.714063
 ( 5   3) <--> ( 7   2)        0.416094      0.015739      0.011542   WU     5.027431      3.686783
 ( 5   3) <--> ( 7   3)       -2.420436      0.532592      0.390567   WU   170.118277    124.753403
 ( 5   3) <--> ( 7   4)       -0.058443      0.000311      0.000228   WU     0.099182      0.072733
 ( 5   4) <--> ( 7   1)        0.059093      0.000317      0.000233   WU     0.101398      0.074359
 ( 5   4) <--> ( 7   2)       -0.470692      0.020141      0.014770   WU     6.433366      4.717801
 ( 5   4) <--> ( 7   3)        0.868976      0.068647      0.050341   WU    21.927016     16.079812
 ( 5   4) <--> ( 7   4)       -1.007707      0.092316      0.067698   WU    29.487118     21.623886
 ( 6   1) <--> ( 6   1)       -2.047708     -1.427656   (eb)
 ( 6   2) <--> ( 6   1)       -0.709171      0.038686      0.038686   WU    12.357069     12.357069
 ( 6   2) <--> ( 6   2)       -0.556468     -0.387968   (eb)
 ( 6   3) <--> ( 6   1)        0.088545      0.000603      0.000603   WU     0.192638      0.192638
 ( 6   3) <--> ( 6   2)        1.228865      0.116162      0.116162   WU    37.104057     37.104057
 ( 6   3) <--> ( 6   3)       -1.073445     -0.748402   (eb)
 ( 6   4) <--> ( 6   1)       -0.268696      0.005554      0.005554   WU     1.773925      1.773925
 ( 6   4) <--> ( 6   2)       -0.813020      0.050846      0.050846   WU    16.241094     16.241094
 ( 6   4) <--> ( 6   3)       -0.670820      0.034615      0.034615   WU    11.056679     11.056679
 ( 6   4) <--> ( 6   4)       -0.661632     -0.461288   (eb)
 ( 6   1) <--> ( 7   1)       -0.185877      0.002658      0.002303   WU     0.848913      0.735725
 ( 6   1) <--> ( 7   2)       -0.057140      0.000251      0.000218   WU     0.080221      0.069525
 ( 6   1) <--> ( 7   3)       -0.004044      0.000001      0.000001   WU     0.000402      0.000348
 ( 6   1) <--> ( 7   4)        0.010877      0.000009      0.000008   WU     0.002907      0.002519
 ( 6   2) <--> ( 7   1)       -0.579476      0.025830      0.022386   WU     8.250561      7.150487
 ( 6   2) <--> ( 7   2)        0.095865      0.000707      0.000613   WU     0.225807      0.195699
 ( 6   2) <--> ( 7   3)        0.040493      0.000126      0.000109   WU     0.040288      0.034916
 ( 6   2) <--> ( 7   4)       -0.133050      0.001362      0.001180   WU     0.434956      0.376962
 ( 6   3) <--> ( 7   1)       -0.415700      0.013293      0.011520   WU     4.245932      3.679808
 ( 6   3) <--> ( 7   2)        0.370145      0.010539      0.009134   WU     3.366336      2.917491
 ( 6   3) <--> ( 7   3)       -0.087298      0.000586      0.000508   WU     0.187248      0.162282
 ( 6   3) <--> ( 7   4)       -0.145962      0.001639      0.001420   WU     0.523474      0.453677
 ( 6   4) <--> ( 7   1)       -1.037575      0.082812      0.071771   WU    26.451628     22.924744
 ( 6   4) <--> ( 7   2)       -0.999265      0.076810      0.066569   WU    24.534365     21.263117
 ( 6   4) <--> ( 7   3)       -0.106541      0.000873      0.000757   WU     0.278900      0.241713
 ( 6   4) <--> ( 7   4)        0.138342      0.001472      0.001276   WU     0.470241      0.407542
 ( 6   1) <--> ( 8   1)       -2.970510      0.678764      0.519055   WU   216.808040    165.794384
 ( 6   1) <--> ( 8   2)        0.097809      0.000736      0.000563   WU     0.235057      0.179749
 ( 6   1) <--> ( 8   3)       -0.142117      0.001554      0.001188   WU     0.496253      0.379488
 ( 6   1) <--> ( 8   4)        0.071127      0.000389      0.000298   WU     0.124303      0.095055
 ( 6   2) <--> ( 8   1)       -0.833357      0.053422      0.040852   WU    17.063785     13.048777
 ( 6   2) <--> ( 8   2)       -2.413406      0.448041      0.342619   WU   143.111322    109.438070
 ( 6   2) <--> ( 8   3)        0.228141      0.004004      0.003062   WU     1.278850      0.977944
 ( 6   2) <--> ( 8   4)        0.181388      0.002531      0.001935   WU     0.808407      0.618193
 ( 6   3) <--> ( 8   1)        0.840078      0.054287      0.041514   WU    17.340149     13.260114
 ( 6   3) <--> ( 8   2)        0.955649      0.070251      0.053721   WU    22.439338     17.159493
 ( 6   3) <--> ( 8   3)        2.705309      0.562977      0.430512   WU   179.823758    137.512286
 ( 6   3) <--> ( 8   4)        0.104105      0.000834      0.000638   WU     0.266292      0.203635
 ( 6   4) <--> ( 8   1)        0.216369      0.003601      0.002754   WU     1.150279      0.879625
 ( 6   4) <--> ( 8   2)       -0.691731      0.036807      0.028147   WU    11.756746      8.990453
 ( 6   4) <--> ( 8   3)        0.810425      0.050522      0.038635   WU    16.137590     12.340510
 ( 6   4) <--> ( 8   4)       -2.488631      0.476406      0.364311   WU   152.171763    116.366642
 ( 7   1) <--> ( 7   1)       -1.557400     -1.042931   (eb)
 ( 7   2) <--> ( 7   1)       -0.955272      0.060836      0.060836   WU    19.432088     19.432088
 ( 7   2) <--> ( 7   2)       -0.329597     -0.220719   (eb)
 ( 7   3) <--> ( 7   1)       -0.038276      0.000098      0.000098   WU     0.031198      0.031198
 ( 7   3) <--> ( 7   2)        0.818836      0.044700      0.044700   WU    14.277736     14.277736
 ( 7   3) <--> ( 7   3)       -1.424535     -0.953956   (eb)
 ( 7   4) <--> ( 7   1)       -0.095823      0.000612      0.000612   WU     0.195528      0.195528
 ( 7   4) <--> ( 7   2)       -1.132678      0.085531      0.085531   WU    27.319841     27.319841
 ( 7   4) <--> ( 7   3)        0.047460      0.000150      0.000150   WU     0.047965      0.047965
 ( 7   4) <--> ( 7   4)        0.609198      0.407957   (eb)
 ( 7   1) <--> ( 8   1)       -0.512327      0.017499      0.015440   WU     5.589321      4.931754
 ( 7   1) <--> ( 8   2)        0.721602      0.034714      0.030630   WU    11.088192      9.783698
 ( 7   1) <--> ( 8   3)       -0.756382      0.038141      0.033654   WU    12.182809     10.749538
 ( 7   1) <--> ( 8   4)        1.072657      0.076706      0.067682   WU    24.501198     21.618704
 ( 7   2) <--> ( 8   1)       -0.065045      0.000282      0.000249   WU     0.090093      0.079494
 ( 7   2) <--> ( 8   2)       -0.555963      0.020606      0.018182   WU     6.581982      5.807632
 ( 7   2) <--> ( 8   3)        0.306368      0.006257      0.005521   WU     1.998716      1.763573
 ( 7   2) <--> ( 8   4)        0.577865      0.022262      0.019643   WU     7.110800      6.274235
 ( 7   3) <--> ( 8   1)       -0.002843      0.000001      0.000000   WU     0.000172      0.000152
 ( 7   3) <--> ( 8   2)        0.123247      0.001013      0.000894   WU     0.323460      0.285406
 ( 7   3) <--> ( 8   3)        0.667555      0.029709      0.026213   WU     9.489409      8.373008
 ( 7   3) <--> ( 8   4)       -0.420728      0.011801      0.010412   WU     3.769361      3.325907
 ( 7   4) <--> ( 8   1)       -0.005694      0.000002      0.000002   WU     0.000690      0.000609
 ( 7   4) <--> ( 8   2)        0.054742      0.000200      0.000176   WU     0.063813      0.056306
 ( 7   4) <--> ( 8   3)       -0.162778      0.001766      0.001559   WU     0.564233      0.497853
 ( 7   4) <--> ( 8   4)       -0.468291      0.014620      0.012900   WU     4.669791      4.120404
 ( 7   1) <--> ( 9   1)        3.111719      0.645520      0.509621   WU   206.189216    162.780960
 ( 7   1) <--> ( 9   2)        0.136463      0.001241      0.000980   WU     0.396550      0.313066
 ( 7   1) <--> ( 9   3)       -0.086522      0.000499      0.000394   WU     0.159411      0.125851
 ( 7   1) <--> ( 9   4)       -0.010367      0.000007      0.000006   WU     0.002288      0.001807
 ( 7   2) <--> ( 9   1)        0.659810      0.029023      0.022913   WU     9.270509      7.318823
 ( 7   2) <--> ( 9   2)       -2.732106      0.497627      0.392863   WU   158.949931    125.486788
 ( 7   2) <--> ( 9   3)        0.350647      0.008197      0.006471   WU     2.618217      2.067014
 ( 7   2) <--> ( 9   4)       -0.175612      0.002056      0.001623   WU     0.656708      0.518453
 ( 7   3) <--> ( 9   1)       -1.072819      0.076729      0.060576   WU    24.508563     19.348866
 ( 7   3) <--> ( 9   2)        1.020217      0.069390      0.054781   WU    22.164117     17.497987
 ( 7   3) <--> ( 9   3)        3.224287      0.693069      0.547159   WU   221.377138    174.771425
 ( 7   3) <--> ( 9   4)        0.030793      0.000063      0.000050   WU     0.020192      0.015941
 ( 7   4) <--> ( 9   1)       -0.063745      0.000271      0.000214   WU     0.086529      0.068312
 ( 7   4) <--> ( 9   2)       -0.669772      0.029906      0.023610   WU     9.552559      7.541494
 ( 7   4) <--> ( 9   3)        0.093704      0.000585      0.000462   WU     0.186974      0.147611
 ( 7   4) <--> ( 9   4)        2.261074      0.340830      0.269077   WU   108.866681     85.947380
 ( 8   1) <--> ( 8   1)       -2.581052     -1.662703   (eb)
 ( 8   2) <--> ( 8   1)       -0.731591      0.031484      0.031484   WU    10.056441     10.056441
 ( 8   2) <--> ( 8   2)       -1.567614     -1.009851   (eb)
 ( 8   3) <--> ( 8   1)       -0.018055      0.000019      0.000019   WU     0.006125      0.006125
 ( 8   3) <--> ( 8   2)       -1.300806      0.099535      0.099535   WU    31.793101     31.793101
 ( 8   3) <--> ( 8   3)       -1.372288     -0.884022   (eb)
 ( 8   4) <--> ( 8   1)       -0.271897      0.004349      0.004349   WU     1.389042      1.389042
 ( 8   4) <--> ( 8   2)       -0.947700      0.052832      0.052832   WU    16.875226     16.875226
 ( 8   4) <--> ( 8   3)        1.108234      0.072246      0.072246   WU    23.076522     23.076522
 ( 8   4) <--> ( 8   4)       -0.391858     -0.252433   (eb)
 ( 8   1) <--> ( 9   1)        0.216515      0.002758      0.002467   WU     0.880814      0.788097
 ( 8   1) <--> ( 9   2)       -0.049371      0.000143      0.000128   WU     0.045798      0.040977
 ( 8   1) <--> ( 9   3)        0.031877      0.000060      0.000053   WU     0.019092      0.017083
 ( 8   1) <--> ( 9   4)       -0.004571      0.000001      0.000001   WU     0.000393      0.000351
 ( 8   2) <--> ( 9   1)        0.582840      0.019983      0.017879   WU     6.382729      5.710863
 ( 8   2) <--> ( 9   2)       -0.031808      0.000060      0.000053   WU     0.019009      0.017008
 ( 8   2) <--> ( 9   3)       -0.077083      0.000350      0.000313   WU     0.111640      0.099888
 ( 8   2) <--> ( 9   4)        0.141273      0.001174      0.001050   WU     0.374994      0.335521
 ( 8   3) <--> ( 9   1)       -0.553988      0.018053      0.016153   WU     5.766452      5.159457
 ( 8   3) <--> ( 9   2)       -0.276619      0.004501      0.004027   WU     1.437708      1.286370
 ( 8   3) <--> ( 9   3)       -0.056818      0.000190      0.000170   WU     0.060656      0.054272
 ( 8   3) <--> ( 9   4)       -0.178086      0.001866      0.001669   WU     0.595889      0.533164
 ( 8   4) <--> ( 9   1)        0.829527      0.040477      0.036217   WU    12.929111     11.568152
 ( 8   4) <--> ( 9   2)       -0.849774      0.042477      0.038006   WU    13.567944     12.139740
 ( 8   4) <--> ( 9   3)        0.309539      0.005636      0.005043   WU     1.800270      1.610768
 ( 8   4) <--> ( 9   4)       -0.271680      0.004342      0.003885   WU     1.386832      1.240850
 ( 8   1) <--> (10   1)        3.619733      0.770733      0.623927   WU   246.184442    199.292167
 ( 8   1) <--> (10   2)        0.030008      0.000053      0.000043   WU     0.016919      0.013697
 ( 8   1) <--> (10   3)        0.205295      0.002479      0.002007   WU     0.791893      0.641056
 ( 8   1) <--> (10   4)        0.048834      0.000140      0.000114   WU     0.044807      0.036273
 ( 8   2) <--> (10   1)        0.941130      0.052102      0.042177   WU    16.642062     13.472146
 ( 8   2) <--> (10   2)        3.307300      0.643425      0.520868   WU   205.520293    166.373571
 ( 8   2) <--> (10   3)       -0.642452      0.024279      0.019654   WU     7.755127      6.277960
 ( 8   2) <--> (10   4)        0.269047      0.004258      0.003447   WU     1.360080      1.101017
 ( 8   3) <--> (10   1)        0.798310      0.037488      0.030348   WU    11.974315      9.693493
 ( 8   3) <--> (10   2)        1.541114      0.139708      0.113097   WU    44.624864     36.124890
 ( 8   3) <--> (10   3)        3.244925      0.619385      0.501407   WU   197.841331    160.157268
 ( 8   3) <--> (10   4)       -0.410542      0.009914      0.008026   WU     3.166823      2.563619
 ( 8   4) <--> (10   1)       -0.188327      0.002086      0.001689   WU     0.666399      0.539466
 ( 8   4) <--> (10   2)        0.466851      0.012821      0.010379   WU     4.095092      3.315075
 ( 8   4) <--> (10   3)       -1.455091      0.124546      0.100823   WU    39.782107     32.204563
 ( 8   4) <--> (10   4)       -2.844920      0.476092      0.385408   WU   152.071438    123.105449
 ( 9   1) <--> ( 9   1)       -2.171772     -1.348414   (eb)
 ( 9   2) <--> ( 9   1)        1.019328      0.054686      0.054686   WU    17.467517     17.467517
 ( 9   2) <--> ( 9   2)       -1.413376     -0.877540   (eb)
 ( 9   3) <--> ( 9   1)       -0.179160      0.001689      0.001689   WU     0.539614      0.539614
 ( 9   3) <--> ( 9   2)       -0.967671      0.049284      0.049284   WU    15.741948     15.741948
 ( 9   3) <--> ( 9   3)       -1.720545     -1.068256   (eb)
 ( 9   4) <--> ( 9   1)       -0.117889      0.000731      0.000731   WU     0.233641      0.233641
 ( 9   4) <--> ( 9   2)        1.390197      0.101718      0.101718   WU    32.490438     32.490438
 ( 9   4) <--> ( 9   3)       -0.219209      0.002529      0.002529   WU     0.807831      0.807831
 ( 9   4) <--> ( 9   4)       -0.139703     -0.086739   (eb)
 ( 9   1) <--> (10   1)       -0.548842      0.015854      0.014344   WU     5.064044      4.581754
 ( 9   1) <--> (10   2)        0.500926      0.013207      0.011949   WU     4.218420      3.816666
 ( 9   1) <--> (10   3)       -1.189593      0.074481      0.067387   WU    23.790296     21.524553
 ( 9   1) <--> (10   4)       -0.758649      0.030292      0.027407   WU     9.675760      8.754259
 ( 9   2) <--> (10   1)        0.066159      0.000230      0.000208   WU     0.073582      0.066575
 ( 9   2) <--> (10   2)        0.574548      0.017374      0.015719   WU     5.549521      5.020995
 ( 9   2) <--> (10   3)       -0.260434      0.003570      0.003230   WU     1.140242      1.031648
 ( 9   2) <--> (10   4)        0.741950      0.028973      0.026214   WU     9.254490      8.373110
 ( 9   3) <--> (10   1)       -0.040238      0.000085      0.000077   WU     0.027219      0.024626
 ( 9   3) <--> (10   2)        0.195409      0.002010      0.001818   WU     0.641937      0.580800
 ( 9   3) <--> (10   3)        0.799492      0.033641      0.030438   WU    10.745624      9.722231
 ( 9   3) <--> (10   4)        0.107434      0.000607      0.000550   WU     0.194038      0.175558
 ( 9   4) <--> (10   1)       -0.006603      0.000002      0.000002   WU     0.000733      0.000663
 ( 9   4) <--> (10   2)       -0.003229      0.000001      0.000000   WU     0.000175      0.000159
 ( 9   4) <--> (10   3)       -0.108040      0.000614      0.000556   WU     0.196234      0.177545
 ( 9   4) <--> (10   4)        0.692392      0.025232      0.022829   WU     8.059478      7.291909
 (10   1) <--> (10   1)       -3.056376     -1.832583   (eb)
 (10   2) <--> (10   1)       -0.769587      0.028203      0.028203   WU     9.008516      9.008516
 (10   2) <--> (10   2)       -2.857478     -1.713325   (eb)
 (10   3) <--> (10   1)        0.216302      0.002228      0.002228   WU     0.711635      0.711635
 (10   3) <--> (10   2)       -0.875345      0.036487      0.036487   WU    11.654564     11.654564
 (10   3) <--> (10   3)       -1.670338     -1.001524   (eb)
 (10   4) <--> (10   1)        0.230077      0.002521      0.002521   WU     0.805162      0.805162
 (10   4) <--> (10   2)        0.805750      0.030916      0.030916   WU     9.875008      9.875008
 (10   4) <--> (10   3)       -1.280294      0.078055      0.078055   WU    24.931968     24.931968
 (10   4) <--> (10   4)        0.157695      0.094553   (eb)
 
  quadrupole shape invariant: 01+, 02+, 03+, 04+
quadr2     0.32017833     1.14330862     0.89027927     1.31062490
quadr3     0.10597758     1.16449307     0.46342593     1.52633267
  effective deformation parameters:  01+, 02+, 03+, 04+
beteff     0.14339157     0.27096263     0.23910617     0.29011278
cos3ga     0.58495992     0.95255858     0.55168470     1.01725909
 
 ********* END Transition **************************
