 ********* BEGIN READER ****************************
 
 Nucleus            :  Ne  10  16
 Imin, Imax         :     0  10
 imu, remu          :     1 12.0000
 nlevel             :     4
 observables        :     2
 wave fun           :     1
 nbet, ngam, npar   :    16   7  10
 Finish reading parameters: V, B_k ...
 
 ********* END READER ******************************
 
 ********* BEGIN LEVELS ********************
 
 E_0 =  -203.363154
 
  I=   0   ntot= 127
   0   1    0.000000
   0   2    7.760942
   0   3   13.598633
   0   4   18.449650
 
  I=   2   ntot= 234
   2   1    4.612307
   2   2    9.146210
   2   3   14.092351
   2   4   19.273195
 
  I=   3   ntot= 108
   3   1   14.484678
   3   2   27.172593
   3   3   33.507306
   3   4   44.065010
 
  I=   4   ntot= 324
   4   1   10.688711
   4   2   16.261412
   4   3   21.384599
   4   4   21.840698
 
  I=   5   ntot= 198
   5   1   22.062670
   5   2   28.643048
   5   3   36.434445
   5   4   42.801050
 
  I=   6   ntot= 432
   6   1   18.333862
   6   2   24.727577
   6   3   31.002488
   6   4   31.592952
 
  I=   7   ntot= 306
   7   1   31.316017
   7   2   38.645494
   7   3   46.032845
   7   4   48.078029
 
  I=   8   ntot= 522
   8   1   27.339568
   8   2   34.591445
   8   3   42.165053
   8   4   42.413439
 
  I=   9   ntot= 397
   9   1   41.853819
   9   2   50.226527
   9   3   58.553107
   9   4   60.617242
 
  I=  10   ntot= 630
  10   1   37.921169
  10   2   45.875407
  10   3   54.496265
  10   4   55.679738
 
 ********* END LEVELS **********************
 
 ********* BEGIN Transition ************************
 
  Monopole moment 
 
   I   n    <In|E0|In>   ave \beta      del<b>   ave \gamma    del<g>  
     K=0       K=2       K=4   
   0   1      8.327238    0.350195    0.115369   25.473146   11.612150   99.9999    0.0000    0.0000
   0   2      8.412123    0.404846    0.161768   22.540341   11.118494   99.9995    0.0000    0.0000
   0   3      8.654063    0.458038    0.099777   28.644636   14.044006   99.9996    0.0000    0.0000
   0   4      8.428562    0.413269    0.181617   23.721618   11.035914   99.9988    0.0000    0.0000
   2   1      8.461664    0.406150    0.109118   22.905046   11.354211   86.4937   13.5061    0.0000
   2   2      8.574436    0.437773    0.104830   26.475643   11.136501   20.0645   79.9351    0.0000
   2   3      8.469516    0.424460    0.158028   22.791592   10.934775   80.2624   19.7371    0.0000
   2   4      8.649199    0.471393    0.118791   25.536083    9.989472   53.3706   46.6286    0.0000
   3   1      8.650437    0.470752    0.096379   24.468317    8.981021    0.0000   99.9996    0.0000
   3   2      8.575121    0.452430    0.147347   24.929664    8.835859    0.0000   99.9992    0.0000
   3   3      8.818120    0.521381    0.084964   26.262717   12.283866    0.0000   99.9992    0.0000
   3   4      8.500803    0.427657    0.165555   25.374121    8.975291    0.0000   99.9988    0.0000
   4   1      8.564057    0.450162    0.103548   20.889083   10.984419   83.8938   13.6326    2.4731
   4   2      8.654495    0.468213    0.099084   25.544324   11.773547   25.7365   51.6922   22.5709
   4   3      8.678836    0.480392    0.109202   25.390420    9.639508   12.5813   41.2379   46.1800
   4   4      8.582877    0.454810    0.143236   25.180476   11.340180   64.5296   14.0298   21.4395
   5   1      8.717173    0.499299    0.091227   23.155334    8.761405    0.0000   89.5588   10.4404
   5   2      8.780572    0.511740    0.086346   25.663139    8.574736    0.0000   13.1756   86.8238
   5   3      8.630680    0.468063    0.142050   25.642339    8.542899    0.0000   84.4980   15.5004
   5   4      8.827379    0.532720    0.085685   24.415841   11.133368    0.0000   79.6462   20.3529
   6   1      8.632619    0.481936    0.096299   18.974146   10.473721   82.6130   15.1019    1.7886
   6   2      8.725431    0.497612    0.093410   24.213404   11.903544   28.9413   48.3835   16.4122
   6   3      8.712117    0.493830    0.108371   24.801393   10.690335   15.7299   43.6602   17.6492
   6   4      8.624968    0.467894    0.134230   24.993903   11.415219   60.5153   18.9112   11.4839
   7   1      8.754535    0.518573    0.084894   21.592584    8.447938    0.0000   85.5338   13.2672
   7   2      8.831542    0.531702    0.081954   25.013743    8.930180    0.0000   17.9274   62.6383
   7   3      8.878397    0.542027    0.077768   26.282378    8.044498    0.0000    0.7745   24.6412
   7   4      8.642691    0.473858    0.134052   24.535478    8.098943    0.0000   78.8097   18.5331
   8   1      8.694560    0.509472    0.090008   17.948551   10.116303   80.5357   16.9768    1.9765
   8   2      8.777302    0.521930    0.086308   22.633702   11.513586   33.0731   46.4559   15.3611
   8   3      8.846708    0.529391    0.084419   26.705347   11.921756    4.5622   44.7346   20.5453
   8   4      8.589517    0.464239    0.142146   22.157882    9.850409   68.2536   25.5174    4.3041
   9   1      8.797259    0.537632    0.080005   20.777782    8.266884    0.0000   81.3077   16.3801
   9   2      8.860792    0.546796    0.076472   23.804319    8.982395    0.0000   23.5217   52.1811
   9   3      8.918877    0.555859    0.073928   26.145954    8.746504    0.0000    1.4326   31.5094
   9   4      8.699448    0.491725    0.127587   24.831517    7.718374    0.0000   71.4367   22.9739
  10   1      8.730886    0.528856    0.083464   16.482285    9.566305   80.3704   17.4143    1.8665
  10   2      8.812926    0.538854    0.080479   21.612867   11.314342   33.9801   45.2192   15.7322
  10   3      8.884286    0.546789    0.078256   25.498623   11.923777    4.1338   48.1191   20.5346
  10   4      8.610394    0.473218    0.133758   21.111741    9.024051   69.0262   25.7121    4.0353
 
  rho^2(E0) 
 
   I  n_1 n_2  <In_1|E0|In_2>  rho^2(E0) 
   0   1   1        8.327238   43.415598
   0   2   1        0.266530    0.044477
   0   2   2        8.412123   44.305234
   0   3   1       -0.071875    0.003234
   0   3   2       -0.048423    0.001468
   0   3   3        8.654063   46.890399
   0   4   1       -0.021048    0.000277
   0   4   2       -0.321742    0.064813
   0   4   3        0.057530    0.002072
   0   4   4        8.428562   44.478571
   2   1   1        8.461664   44.828622
   2   2   1       -0.004644    0.000014
   2   2   2        8.574436   46.031476
   2   3   1       -0.259977    0.042317
   2   3   2       -0.046226    0.001338
   2   3   3        8.469516   44.911854
   2   4   1        0.055127    0.001903
   2   4   2       -0.152856    0.014629
   2   4   3       -0.016187    0.000164
   2   4   4        8.649199   46.837707
   3   1   1        8.650437   46.851112
   3   2   1       -0.248180    0.038564
   3   2   2        8.575121   46.038834
   3   3   1        0.062818    0.002471
   3   3   2       -0.084642    0.004486
   3   3   3        8.818120   48.685078
   3   4   1       -0.029168    0.000533
   3   4   2        0.288178    0.051995
   3   4   3       -0.013340    0.000111
   3   4   4        8.500803   45.244279
   4   1   1        8.564057   45.920114
   4   2   1       -0.010996    0.000076
   4   2   2        8.654495   46.895082
   4   3   1        0.105122    0.006919
   4   3   2       -0.025457    0.000406
   4   3   3        8.678836   47.159241
   4   4   1       -0.229946    0.033105
   4   4   2        0.061404    0.002361
   4   4   3        0.090317    0.005107
   4   4   4        8.582877   46.122159
   5   1   1        8.717173   47.576790
   5   2   1        0.017578    0.000193
   5   2   2        8.780572   48.271353
   5   3   1        0.240632    0.036254
   5   3   2        0.040989    0.001052
   5   3   3        8.630680   46.637347
   5   4   1        0.045485    0.001295
   5   4   2       -0.036562    0.000837
   5   4   3        0.104825    0.006880
   5   4   4        8.827379   48.787360
   6   1   1        8.632619   46.658307
   6   2   1        0.016388    0.000168
   6   2   2        8.725431   47.666975
   6   3   1        0.102453    0.006572
   6   3   2        0.010500    0.000069
   6   3   3        8.712117   47.521622
   6   4   1        0.208137    0.027123
   6   4   2        0.074134    0.003441
   6   4   3       -0.114312    0.008181
   6   4   4        8.624968   46.575635
   7   1   1        8.754535   47.985495
   7   2   1        0.020254    0.000257
   7   2   2        8.831542   48.833393
   7   3   1        0.004059    0.000010
   7   3   2       -0.030154    0.000569
   7   3   3        8.878397   49.352930
   7   4   1       -0.219730    0.030229
   7   4   2       -0.047015    0.001384
   7   4   3        0.015393    0.000148
   7   4   4        8.642691   46.767249
   8   1   1        8.694560   47.330274
   8   2   1       -0.035156    0.000774
   8   2   2        8.777302   48.235397
   8   3   1       -0.043440    0.001181
   8   3   2        0.045179    0.001278
   8   3   3        8.846708   49.001250
   8   4   1       -0.215114    0.028972
   8   4   2        0.073434    0.003376
   8   4   3        0.014451    0.000131
   8   4   4        8.589517   46.193550
   9   1   1        8.797259   48.454994
   9   2   1       -0.039357    0.000970
   9   2   2        8.860792   49.157403
   9   3   1        0.023923    0.000358
   9   3   2       -0.040358    0.001020
   9   3   3        8.918877   49.803995
   9   4   1        0.209710    0.027535
   9   4   2       -0.052239    0.001709
   9   4   3        0.003305    0.000007
   9   4   4        8.699448   47.383513
  10   1   1        8.730886   47.726599
  10   2   1        0.030960    0.000600
  10   2   2        8.812926   48.627738
  10   3   1       -0.020384    0.000260
  10   3   2       -0.057772    0.002090
  10   3   3        8.884286   49.418427
  10   4   1        0.196207    0.024103
  10   4   2        0.069263    0.003004
  10   4   3       -0.023805    0.000355
  10   4   4        8.610394   46.418363
 
  E2 transition 
 
  I1  n1        I2  n2       <f||E2||i>   B(E2,I1->I2)  B(E2,I2->I1)
 ( 0   1) <--> ( 2   1)       -0.093706      0.008781      0.001756   WU    19.191802      3.838360
 ( 0   1) <--> ( 2   2)        0.008063      0.000065      0.000013   WU     0.142083      0.028417
 ( 0   1) <--> ( 2   3)        0.001564      0.000002      0.000000   WU     0.005343      0.001069
 ( 0   1) <--> ( 2   4)       -0.002926      0.000009      0.000002   WU     0.018707      0.003741
 ( 0   2) <--> ( 2   1)       -0.053499      0.002862      0.000572   WU     6.255683      1.251137
 ( 0   2) <--> ( 2   2)        0.021562      0.000465      0.000093   WU     1.016196      0.203239
 ( 0   2) <--> ( 2   3)        0.089543      0.008018      0.001604   WU    17.524510      3.504902
 ( 0   2) <--> ( 2   4)       -0.008927      0.000080      0.000016   WU     0.174193      0.034839
 ( 0   3) <--> ( 2   1)       -0.013800      0.000190      0.000038   WU     0.416217      0.083243
 ( 0   3) <--> ( 2   2)        0.051053      0.002606      0.000521   WU     5.696803      1.139361
 ( 0   3) <--> ( 2   3)       -0.002840      0.000008      0.000002   WU     0.017626      0.003525
 ( 0   3) <--> ( 2   4)        0.072754      0.005293      0.001059   WU    11.569079      2.313816
 ( 0   4) <--> ( 2   1)        0.006713      0.000045      0.000009   WU     0.098500      0.019700
 ( 0   4) <--> ( 2   2)       -0.009436      0.000089      0.000018   WU     0.194588      0.038918
 ( 0   4) <--> ( 2   3)       -0.060131      0.003616      0.000723   WU     7.902886      1.580577
 ( 0   4) <--> ( 2   4)        0.018205      0.000331      0.000066   WU     0.724344      0.144869
 ( 2   1) <--> ( 2   1)       -0.075344     -0.057106   (eb)
 ( 2   2) <--> ( 2   1)        0.105907      0.002243      0.002243   WU     4.903030      4.903030
 ( 2   2) <--> ( 2   2)        0.059640      0.045203   (eb)
 ( 2   3) <--> ( 2   1)        0.013545      0.000037      0.000037   WU     0.080200      0.080200
 ( 2   3) <--> ( 2   2)       -0.055519      0.000616      0.000616   WU     1.347397      1.347397
 ( 2   3) <--> ( 2   3)       -0.051891     -0.039330   (eb)
 ( 2   4) <--> ( 2   1)       -0.000839      0.000000      0.000000   WU     0.000308      0.000308
 ( 2   4) <--> ( 2   2)       -0.024220      0.000117      0.000117   WU     0.256429      0.256429
 ( 2   4) <--> ( 2   3)        0.071598      0.001025      0.001025   WU     2.240853      2.240853
 ( 2   4) <--> ( 2   4)       -0.011602     -0.008794   (eb)
 ( 2   1) <--> ( 3   1)       -0.015651      0.000049      0.000035   WU     0.107072      0.076480
 ( 2   1) <--> ( 3   2)       -0.000266      0.000000      0.000000   WU     0.000031      0.000022
 ( 2   1) <--> ( 3   3)       -0.002141      0.000001      0.000001   WU     0.002005      0.001432
 ( 2   1) <--> ( 3   4)        0.000511      0.000000      0.000000   WU     0.000114      0.000081
 ( 2   2) <--> ( 3   1)       -0.155562      0.004840      0.003457   WU    10.578413      7.556009
 ( 2   2) <--> ( 3   2)        0.007992      0.000013      0.000009   WU     0.027924      0.019945
 ( 2   2) <--> ( 3   3)       -0.009166      0.000017      0.000012   WU     0.036724      0.026231
 ( 2   2) <--> ( 3   4)        0.004298      0.000004      0.000003   WU     0.008074      0.005767
 ( 2   3) <--> ( 3   1)        0.038182      0.000292      0.000208   WU     0.637293      0.455209
 ( 2   3) <--> ( 3   2)       -0.022008      0.000097      0.000069   WU     0.211732      0.151237
 ( 2   3) <--> ( 3   3)       -0.001353      0.000000      0.000000   WU     0.000800      0.000571
 ( 2   3) <--> ( 3   4)       -0.001370      0.000000      0.000000   WU     0.000820      0.000586
 ( 2   4) <--> ( 3   1)        0.106868      0.002284      0.001632   WU     4.992337      3.565955
 ( 2   4) <--> ( 3   2)       -0.101476      0.002059      0.001471   WU     4.501269      3.215192
 ( 2   4) <--> ( 3   3)       -0.017430      0.000061      0.000043   WU     0.132797      0.094855
 ( 2   4) <--> ( 3   4)       -0.010691      0.000023      0.000016   WU     0.049966      0.035690
 ( 2   1) <--> ( 4   1)       -0.174712      0.006105      0.003392   WU    13.343116      7.412842
 ( 2   1) <--> ( 4   2)       -0.008932      0.000016      0.000009   WU     0.034875      0.019375
 ( 2   1) <--> ( 4   3)       -0.002148      0.000001      0.000001   WU     0.002017      0.001120
 ( 2   1) <--> ( 4   4)        0.003424      0.000002      0.000001   WU     0.005125      0.002847
 ( 2   2) <--> ( 4   1)        0.026575      0.000141      0.000078   WU     0.308727      0.171515
 ( 2   2) <--> ( 4   2)        0.133820      0.003582      0.001990   WU     7.828087      4.348937
 ( 2   2) <--> ( 4   3)       -0.006651      0.000009      0.000005   WU     0.019339      0.010744
 ( 2   2) <--> ( 4   4)       -0.009023      0.000016      0.000009   WU     0.035586      0.019770
 ( 2   3) <--> ( 4   1)        0.075807      0.001149      0.000639   WU     2.512052      1.395584
 ( 2   3) <--> ( 4   2)        0.005967      0.000007      0.000004   WU     0.015563      0.008646
 ( 2   3) <--> ( 4   3)        0.075813      0.001150      0.000639   WU     2.512472      1.395818
 ( 2   3) <--> ( 4   4)       -0.139804      0.003909      0.002172   WU     8.543848      4.746582
 ( 2   4) <--> ( 4   1)        0.009770      0.000019      0.000011   WU     0.041729      0.023183
 ( 2   4) <--> ( 4   2)        0.010060      0.000020      0.000011   WU     0.044242      0.024579
 ( 2   4) <--> ( 4   3)        0.021876      0.000096      0.000053   WU     0.209200      0.116222
 ( 2   4) <--> ( 4   4)        0.036614      0.000268      0.000149   WU     0.586021      0.325567
 ( 3   1) <--> ( 3   1)        0.000000      0.000000   (eb)
 ( 3   2) <--> ( 3   1)        0.000000      0.000000      0.000000   WU     0.000000      0.000000
 ( 3   2) <--> ( 3   2)        0.000000      0.000000   (eb)
 ( 3   3) <--> ( 3   1)        0.000000      0.000000      0.000000   WU     0.000000      0.000000
 ( 3   3) <--> ( 3   2)        0.000000      0.000000      0.000000   WU     0.000000      0.000000
 ( 3   3) <--> ( 3   3)        0.000000      0.000000   (eb)
 ( 3   4) <--> ( 3   1)        0.000000      0.000000      0.000000   WU     0.000000      0.000000
 ( 3   4) <--> ( 3   2)        0.000000      0.000000      0.000000   WU     0.000000      0.000000
 ( 3   4) <--> ( 3   3)        0.000000      0.000000      0.000000   WU     0.000000      0.000000
 ( 3   4) <--> ( 3   4)        0.000000      0.000000   (eb)
 ( 3   1) <--> ( 4   1)        0.076279      0.000831      0.000647   WU     1.816754      1.413031
 ( 3   1) <--> ( 4   2)       -0.106810      0.001630      0.001268   WU     3.562098      2.770521
 ( 3   1) <--> ( 4   3)        0.134978      0.002603      0.002024   WU     5.688688      4.424535
 ( 3   1) <--> ( 4   4)        0.028342      0.000115      0.000089   WU     0.250805      0.195070
 ( 3   2) <--> ( 4   1)       -0.003190      0.000001      0.000001   WU     0.003177      0.002471
 ( 3   2) <--> ( 4   2)        0.021302      0.000065      0.000050   WU     0.141686      0.110200
 ( 3   2) <--> ( 4   3)       -0.076183      0.000829      0.000645   WU     1.812186      1.409478
 ( 3   2) <--> ( 4   4)        0.051001      0.000372      0.000289   WU     0.812174      0.631691
 ( 3   3) <--> ( 4   1)        0.005121      0.000004      0.000003   WU     0.008188      0.006368
 ( 3   3) <--> ( 4   2)        0.002051      0.000001      0.000000   WU     0.001314      0.001022
 ( 3   3) <--> ( 4   3)       -0.020555      0.000060      0.000047   WU     0.131927      0.102610
 ( 3   3) <--> ( 4   4)       -0.015023      0.000032      0.000025   WU     0.070467      0.054808
 ( 3   4) <--> ( 4   1)       -0.001925      0.000001      0.000000   WU     0.001157      0.000900
 ( 3   4) <--> ( 4   2)        0.005266      0.000004      0.000003   WU     0.008659      0.006735
 ( 3   4) <--> ( 4   3)       -0.011401      0.000019      0.000014   WU     0.040587      0.031567
 ( 3   4) <--> ( 4   4)        0.001264      0.000000      0.000000   WU     0.000499      0.000388
 ( 3   1) <--> ( 5   1)       -0.179047      0.004580      0.002914   WU    10.009648      6.369776
 ( 3   1) <--> ( 5   2)        0.013599      0.000026      0.000017   WU     0.057746      0.036747
 ( 3   1) <--> ( 5   3)       -0.006223      0.000006      0.000004   WU     0.012090      0.007694
 ( 3   1) <--> ( 5   4)       -0.005672      0.000005      0.000003   WU     0.010046      0.006393
 ( 3   2) <--> ( 5   1)        0.058244      0.000485      0.000308   WU     1.059208      0.674041
 ( 3   2) <--> ( 5   2)       -0.010503      0.000016      0.000010   WU     0.034445      0.021919
 ( 3   2) <--> ( 5   3)        0.159899      0.003653      0.002324   WU     7.983132      5.080175
 ( 3   2) <--> ( 5   4)       -0.003373      0.000002      0.000001   WU     0.003553      0.002261
 ( 3   3) <--> ( 5   1)        0.023308      0.000078      0.000049   WU     0.169625      0.107943
 ( 3   3) <--> ( 5   2)       -0.064581      0.000596      0.000379   WU     1.302255      0.828708
 ( 3   3) <--> ( 5   3)       -0.022908      0.000075      0.000048   WU     0.163851      0.104269
 ( 3   3) <--> ( 5   4)       -0.173746      0.004313      0.002744   WU     9.425699      5.998172
 ( 3   4) <--> ( 5   1)        0.012870      0.000024      0.000015   WU     0.051720      0.032912
 ( 3   4) <--> ( 5   2)       -0.007011      0.000007      0.000004   WU     0.015350      0.009768
 ( 3   4) <--> ( 5   3)        0.066610      0.000634      0.000403   WU     1.385380      0.881606
 ( 3   4) <--> ( 5   4)        0.002785      0.000001      0.000001   WU     0.002422      0.001541
 ( 4   1) <--> ( 4   1)       -0.125530     -0.094662   (eb)
 ( 4   2) <--> ( 4   1)       -0.100467      0.001122      0.001122   WU     2.451267      2.451267
 ( 4   2) <--> ( 4   2)       -0.025165     -0.018977   (eb)
 ( 4   3) <--> ( 4   1)       -0.022990      0.000059      0.000059   WU     0.128355      0.128355
 ( 4   3) <--> ( 4   2)        0.105102      0.001227      0.001227   WU     2.682660      2.682660
 ( 4   3) <--> ( 4   3)        0.052005      0.039216   (eb)
 ( 4   4) <--> ( 4   1)        0.013493      0.000020      0.000020   WU     0.044212      0.044212
 ( 4   4) <--> ( 4   2)        0.090714      0.000914      0.000914   WU     1.998433      1.998433
 ( 4   4) <--> ( 4   3)        0.088680      0.000874      0.000874   WU     1.909835      1.909835
 ( 4   4) <--> ( 4   4)       -0.038779     -0.029243   (eb)
 ( 4   1) <--> ( 5   1)       -0.019832      0.000044      0.000036   WU     0.095513      0.078147
 ( 4   1) <--> ( 5   2)       -0.001099      0.000000      0.000000   WU     0.000293      0.000240
 ( 4   1) <--> ( 5   3)       -0.000280      0.000000      0.000000   WU     0.000019      0.000016
 ( 4   1) <--> ( 5   4)       -0.002144      0.000001      0.000000   WU     0.001116      0.000913
 ( 4   2) <--> ( 5   1)        0.140373      0.002189      0.001791   WU     4.785254      3.915208
 ( 4   2) <--> ( 5   2)        0.010224      0.000012      0.000010   WU     0.025384      0.020768
 ( 4   2) <--> ( 5   3)        0.006590      0.000005      0.000004   WU     0.010547      0.008630
 ( 4   2) <--> ( 5   4)        0.005072      0.000003      0.000002   WU     0.006248      0.005112
 ( 4   3) <--> ( 5   1)       -0.047170      0.000247      0.000202   WU     0.540341      0.442097
 ( 4   3) <--> ( 5   2)        0.190977      0.004052      0.003316   WU     8.857277      7.246863
 ( 4   3) <--> ( 5   3)       -0.018329      0.000037      0.000031   WU     0.081583      0.066750
 ( 4   3) <--> ( 5   4)        0.001668      0.000000      0.000000   WU     0.000676      0.000553
 ( 4   4) <--> ( 5   1)        0.008856      0.000009      0.000007   WU     0.019048      0.015585
 ( 4   4) <--> ( 5   2)        0.102274      0.001162      0.000951   WU     2.540199      2.078345
 ( 4   4) <--> ( 5   3)        0.019676      0.000043      0.000035   WU     0.094020      0.076925
 ( 4   4) <--> ( 5   4)       -0.001806      0.000000      0.000000   WU     0.000792      0.000648
 ( 4   1) <--> ( 6   1)       -0.248508      0.006862      0.004750   WU    14.997502     10.382886
 ( 4   1) <--> ( 6   2)        0.003433      0.000001      0.000001   WU     0.002862      0.001981
 ( 4   1) <--> ( 6   3)       -0.003924      0.000002      0.000001   WU     0.003739      0.002588
 ( 4   1) <--> ( 6   4)       -0.009866      0.000011      0.000007   WU     0.023638      0.016365
 ( 4   2) <--> ( 6   1)       -0.027650      0.000085      0.000059   WU     0.185671      0.128542
 ( 4   2) <--> ( 6   2)        0.214030      0.005090      0.003524   WU    11.124761      7.701758
 ( 4   2) <--> ( 6   3)        0.007384      0.000006      0.000004   WU     0.013239      0.009166
 ( 4   2) <--> ( 6   4)       -0.004409      0.000002      0.000001   WU     0.004721      0.003268
 ( 4   3) <--> ( 6   1)       -0.055396      0.000341      0.000236   WU     0.745252      0.515943
 ( 4   3) <--> ( 6   2)       -0.042967      0.000205      0.000142   WU     0.448341      0.310390
 ( 4   3) <--> ( 6   3)       -0.176488      0.003461      0.002396   WU     7.564317      5.236835
 ( 4   3) <--> ( 6   4)       -0.021108      0.000050      0.000034   WU     0.108204      0.074910
 ( 4   4) <--> ( 6   1)        0.066444      0.000491      0.000340   WU     1.072152      0.742259
 ( 4   4) <--> ( 6   2)       -0.012207      0.000017      0.000011   WU     0.036188      0.025053
 ( 4   4) <--> ( 6   3)        0.034305      0.000131      0.000091   WU     0.285799      0.197861
 ( 4   4) <--> ( 6   4)        0.206931      0.004758      0.003294   WU    10.399010      7.199315
 ( 5   1) <--> ( 5   1)       -0.084894     -0.061644   (eb)
 ( 5   2) <--> ( 5   1)        0.100529      0.000919      0.000919   WU     2.008035      2.008035
 ( 5   2) <--> ( 5   2)        0.079648      0.057834   (eb)
 ( 5   3) <--> ( 5   1)       -0.013046      0.000015      0.000015   WU     0.033819      0.033819
 ( 5   3) <--> ( 5   2)        0.025987      0.000061      0.000061   WU     0.134185      0.134185
 ( 5   3) <--> ( 5   3)       -0.059595     -0.043273   (eb)
 ( 5   4) <--> ( 5   1)        0.002481      0.000001      0.000001   WU     0.001223      0.001223
 ( 5   4) <--> ( 5   2)       -0.025849      0.000061      0.000061   WU     0.132766      0.132766
 ( 5   4) <--> ( 5   3)       -0.023636      0.000051      0.000051   WU     0.111002      0.111002
 ( 5   4) <--> ( 5   4)       -0.066946     -0.048611   (eb)
 ( 5   1) <--> ( 6   1)        0.089470      0.000728      0.000616   WU     1.590554      1.345853
 ( 5   1) <--> ( 6   2)        0.120002      0.001309      0.001108   WU     2.861329      2.421124
 ( 5   1) <--> ( 6   3)        0.091004      0.000753      0.000637   WU     1.645566      1.392402
 ( 5   1) <--> ( 6   4)       -0.010245      0.000010      0.000008   WU     0.020855      0.017646
 ( 5   2) <--> ( 6   1)        0.004202      0.000002      0.000001   WU     0.003508      0.002969
 ( 5   2) <--> ( 6   2)        0.062149      0.000351      0.000297   WU     0.767454      0.649384
 ( 5   2) <--> ( 6   3)       -0.112616      0.001153      0.000976   WU     2.519954      2.132269
 ( 5   2) <--> ( 6   4)        0.075815      0.000523      0.000442   WU     1.142091      0.966384
 ( 5   3) <--> ( 6   1)        0.002058      0.000000      0.000000   WU     0.000842      0.000712
 ( 5   3) <--> ( 6   2)        0.020354      0.000038      0.000032   WU     0.082321      0.069656
 ( 5   3) <--> ( 6   3)        0.061015      0.000338      0.000286   WU     0.739720      0.625917
 ( 5   3) <--> ( 6   4)        0.072738      0.000481      0.000407   WU     1.051261      0.889529
 ( 5   4) <--> ( 6   1)        0.004371      0.000002      0.000001   WU     0.003797      0.003213
 ( 5   4) <--> ( 6   2)       -0.005846      0.000003      0.000003   WU     0.006791      0.005746
 ( 5   4) <--> ( 6   3)       -0.011937      0.000013      0.000011   WU     0.028315      0.023958
 ( 5   4) <--> ( 6   4)        0.003069      0.000001      0.000001   WU     0.001872      0.001584
 ( 5   1) <--> ( 7   1)        0.260619      0.006175      0.004528   WU    13.495849      9.896956
 ( 5   1) <--> ( 7   2)       -0.006644      0.000004      0.000003   WU     0.008772      0.006433
 ( 5   1) <--> ( 7   3)        0.000069      0.000000      0.000000   WU     0.000001      0.000001
 ( 5   1) <--> ( 7   4)       -0.015480      0.000022      0.000016   WU     0.047612      0.034915
 ( 5   2) <--> ( 7   1)       -0.019885      0.000036      0.000026   WU     0.078565      0.057615
 ( 5   2) <--> ( 7   2)        0.189352      0.003259      0.002390   WU     7.124093      5.224335
 ( 5   2) <--> ( 7   3)        0.015792      0.000023      0.000017   WU     0.049553      0.036339
 ( 5   2) <--> ( 7   4)       -0.000871      0.000000      0.000000   WU     0.000151      0.000110
 ( 5   3) <--> ( 7   1)        0.064130      0.000374      0.000274   WU     0.817160      0.599251
 ( 5   3) <--> ( 7   2)        0.004301      0.000002      0.000001   WU     0.003675      0.002695
 ( 5   3) <--> ( 7   3)        0.007981      0.000006      0.000004   WU     0.012655      0.009280
 ( 5   3) <--> ( 7   4)       -0.232033      0.004895      0.003589   WU    10.697707      7.844985
 ( 5   4) <--> ( 7   1)       -0.036492      0.000121      0.000089   WU     0.264597      0.194038
 ( 5   4) <--> ( 7   2)        0.042665      0.000165      0.000121   WU     0.361681      0.265233
 ( 5   4) <--> ( 7   3)       -0.016387      0.000024      0.000018   WU     0.053355      0.039127
 ( 5   4) <--> ( 7   4)       -0.024289      0.000054      0.000039   WU     0.117223      0.085964
 ( 6   1) <--> ( 6   1)       -0.175397     -0.122286   (eb)
 ( 6   2) <--> ( 6   1)        0.095760      0.000705      0.000705   WU     1.541727      1.541727
 ( 6   2) <--> ( 6   2)       -0.094264     -0.065721   (eb)
 ( 6   3) <--> ( 6   1)       -0.027993      0.000060      0.000060   WU     0.131749      0.131749
 ( 6   3) <--> ( 6   2)       -0.116546      0.001045      0.001045   WU     2.283657      2.283657
 ( 6   3) <--> ( 6   3)       -0.016474     -0.011485   (eb)
 ( 6   4) <--> ( 6   1)       -0.017797      0.000024      0.000024   WU     0.053252      0.053252
 ( 6   4) <--> ( 6   2)        0.092652      0.000660      0.000660   WU     1.443287      1.443287
 ( 6   4) <--> ( 6   3)       -0.075516      0.000439      0.000439   WU     0.958780      0.958780
 ( 6   4) <--> ( 6   4)       -0.083025     -0.057885   (eb)
 ( 6   1) <--> ( 7   1)        0.020416      0.000032      0.000028   WU     0.070079      0.060735
 ( 6   1) <--> ( 7   2)        0.001167      0.000000      0.000000   WU     0.000229      0.000198
 ( 6   1) <--> ( 7   3)       -0.000290      0.000000      0.000000   WU     0.000014      0.000012
 ( 6   1) <--> ( 7   4)        0.000110      0.000000      0.000000   WU     0.000002      0.000002
 ( 6   2) <--> ( 7   1)        0.134916      0.001400      0.001213   WU     3.060302      2.652262
 ( 6   2) <--> ( 7   2)        0.016084      0.000020      0.000017   WU     0.043492      0.037693
 ( 6   2) <--> ( 7   3)       -0.001180      0.000000      0.000000   WU     0.000234      0.000203
 ( 6   2) <--> ( 7   4)       -0.010037      0.000008      0.000007   WU     0.016938      0.014680
 ( 6   3) <--> ( 7   1)        0.034466      0.000091      0.000079   WU     0.199723      0.173093
 ( 6   3) <--> ( 7   2)       -0.175193      0.002361      0.002046   WU     5.160260      4.472225
 ( 6   3) <--> ( 7   3)        0.006774      0.000004      0.000003   WU     0.007715      0.006686
 ( 6   3) <--> ( 7   4)       -0.013477      0.000014      0.000012   WU     0.030537      0.026465
 ( 6   4) <--> ( 7   1)        0.005462      0.000002      0.000002   WU     0.005015      0.004347
 ( 6   4) <--> ( 7   2)        0.106041      0.000865      0.000750   WU     1.890532      1.638461
 ( 6   4) <--> ( 7   3)        0.000394      0.000000      0.000000   WU     0.000026      0.000023
 ( 6   4) <--> ( 7   4)       -0.022683      0.000040      0.000034   WU     0.086502      0.074968
 ( 6   1) <--> ( 8   1)        0.314707      0.007618      0.005826   WU    16.651416     12.733436
 ( 6   1) <--> ( 8   2)        0.005219      0.000002      0.000002   WU     0.004579      0.003502
 ( 6   1) <--> ( 8   3)        0.000216      0.000000      0.000000   WU     0.000008      0.000006
 ( 6   1) <--> ( 8   4)       -0.008803      0.000006      0.000005   WU     0.013027      0.009962
 ( 6   2) <--> ( 8   1)       -0.019141      0.000028      0.000022   WU     0.061600      0.047106
 ( 6   2) <--> ( 8   2)       -0.287672      0.006366      0.004868   WU    13.913416     10.639671
 ( 6   2) <--> ( 8   3)        0.001748      0.000000      0.000000   WU     0.000514      0.000393
 ( 6   2) <--> ( 8   4)        0.006041      0.000003      0.000002   WU     0.006136      0.004692
 ( 6   3) <--> ( 8   1)        0.064830      0.000323      0.000247   WU     0.706618      0.540355
 ( 6   3) <--> ( 8   2)       -0.053819      0.000223      0.000170   WU     0.486973      0.372391
 ( 6   3) <--> ( 8   3)        0.193387      0.002877      0.002200   WU     6.287747      4.808277
 ( 6   3) <--> ( 8   4)       -0.154806      0.001843      0.001410   WU     4.029136      3.081104
 ( 6   4) <--> ( 8   1)        0.071914      0.000398      0.000304   WU     0.869489      0.664904
 ( 6   4) <--> ( 8   2)        0.001450      0.000000      0.000000   WU     0.000353      0.000270
 ( 6   4) <--> ( 8   3)       -0.142102      0.001553      0.001188   WU     3.394994      2.596172
 ( 6   4) <--> ( 8   4)       -0.226867      0.003959      0.003028   WU     8.653302      6.617231
 ( 7   1) <--> ( 7   1)       -0.149333     -0.100002   (eb)
 ( 7   2) <--> ( 7   1)        0.106257      0.000753      0.000753   WU     1.645138      1.645138
 ( 7   2) <--> ( 7   2)       -0.008915     -0.005970   (eb)
 ( 7   3) <--> ( 7   1)       -0.006610      0.000003      0.000003   WU     0.006366      0.006366
 ( 7   3) <--> ( 7   2)       -0.130634      0.001138      0.001138   WU     2.486575      2.486575
 ( 7   3) <--> ( 7   3)        0.144549      0.096799   (eb)
 ( 7   4) <--> ( 7   1)        0.020731      0.000029      0.000029   WU     0.062622      0.062622
 ( 7   4) <--> ( 7   2)       -0.028887      0.000056      0.000056   WU     0.121592      0.121592
 ( 7   4) <--> ( 7   3)        0.014928      0.000015      0.000015   WU     0.032471      0.032471
 ( 7   4) <--> ( 7   4)       -0.110472     -0.073979   (eb)
 ( 7   1) <--> ( 8   1)        0.097134      0.000629      0.000555   WU     1.374787      1.213048
 ( 7   1) <--> ( 8   2)       -0.121560      0.000985      0.000869   WU     2.153139      1.899828
 ( 7   1) <--> ( 8   3)        0.058004      0.000224      0.000198   WU     0.490246      0.432570
 ( 7   1) <--> ( 8   4)       -0.029515      0.000058      0.000051   WU     0.126933      0.112000
 ( 7   2) <--> ( 8   1)        0.008358      0.000005      0.000004   WU     0.010178      0.008980
 ( 7   2) <--> ( 8   2)       -0.079861      0.000425      0.000375   WU     0.929317      0.819985
 ( 7   2) <--> ( 8   3)       -0.164624      0.001807      0.001594   WU     3.948894      3.484318
 ( 7   2) <--> ( 8   4)        0.015220      0.000015      0.000014   WU     0.033752      0.029781
 ( 7   3) <--> ( 8   1)       -0.001291      0.000000      0.000000   WU     0.000243      0.000214
 ( 7   3) <--> ( 8   2)        0.001704      0.000000      0.000000   WU     0.000423      0.000373
 ( 7   3) <--> ( 8   3)        0.054271      0.000196      0.000173   WU     0.429161      0.378672
 ( 7   3) <--> ( 8   4)       -0.008162      0.000004      0.000004   WU     0.009708      0.008566
 ( 7   4) <--> ( 8   1)       -0.005164      0.000002      0.000002   WU     0.003886      0.003429
 ( 7   4) <--> ( 8   2)        0.024542      0.000040      0.000035   WU     0.087763      0.077438
 ( 7   4) <--> ( 8   3)        0.003981      0.000001      0.000001   WU     0.002310      0.002038
 ( 7   4) <--> ( 8   4)        0.103547      0.000715      0.000631   WU     1.562307      1.378506
 ( 7   1) <--> ( 9   1)       -0.327726      0.007160      0.005653   WU    15.649916     12.355197
 ( 7   1) <--> ( 9   2)       -0.011766      0.000009      0.000007   WU     0.020171      0.015925
 ( 7   1) <--> ( 9   3)        0.001395      0.000000      0.000000   WU     0.000284      0.000224
 ( 7   1) <--> ( 9   4)       -0.012544      0.000010      0.000008   WU     0.022929      0.018102
 ( 7   2) <--> ( 9   1)        0.013258      0.000012      0.000009   WU     0.025611      0.020219
 ( 7   2) <--> ( 9   2)        0.274716      0.005031      0.003972   WU    10.996591      8.681519
 ( 7   2) <--> ( 9   3)        0.006505      0.000003      0.000002   WU     0.006166      0.004868
 ( 7   2) <--> ( 9   4)        0.006645      0.000003      0.000002   WU     0.006434      0.005080
 ( 7   3) <--> ( 9   1)       -0.009663      0.000006      0.000005   WU     0.013604      0.010740
 ( 7   3) <--> ( 9   2)        0.029209      0.000057      0.000045   WU     0.124315      0.098143
 ( 7   3) <--> ( 9   3)        0.196144      0.002565      0.002025   WU     5.605822      4.425649
 ( 7   3) <--> ( 9   4)       -0.021613      0.000031      0.000025   WU     0.068066      0.053736
 ( 7   4) <--> ( 9   1)        0.075778      0.000383      0.000302   WU     0.836725      0.660573
 ( 7   4) <--> ( 9   2)       -0.020507      0.000028      0.000022   WU     0.061278      0.048378
 ( 7   4) <--> ( 9   3)        0.025091      0.000042      0.000033   WU     0.091731      0.072419
 ( 7   4) <--> ( 9   4)        0.285546      0.005436      0.004291   WU    11.880746      9.379537
 ( 8   1) <--> ( 8   1)       -0.218348     -0.140659   (eb)
 ( 8   2) <--> ( 8   1)       -0.093948      0.000519      0.000519   WU     1.134775      1.134775
 ( 8   2) <--> ( 8   2)       -0.160082     -0.103124   (eb)
 ( 8   3) <--> ( 8   1)       -0.018044      0.000019      0.000019   WU     0.041858      0.041858
 ( 8   3) <--> ( 8   2)        0.140338      0.001159      0.001159   WU     2.532135      2.532135
 ( 8   3) <--> ( 8   3)       -0.040976     -0.026396   (eb)
 ( 8   4) <--> ( 8   1)        0.035539      0.000074      0.000074   WU     0.162385      0.162385
 ( 8   4) <--> ( 8   2)       -0.000141      0.000000      0.000000   WU     0.000003      0.000003
 ( 8   4) <--> ( 8   3)       -0.011919      0.000008      0.000008   WU     0.018265      0.018265
 ( 8   4) <--> ( 8   4)       -0.158276     -0.101961   (eb)
 ( 8   1) <--> ( 9   1)       -0.021971      0.000028      0.000025   WU     0.062063      0.055530
 ( 8   1) <--> ( 9   2)        0.002255      0.000000      0.000000   WU     0.000654      0.000585
 ( 8   1) <--> ( 9   3)       -0.000890      0.000000      0.000000   WU     0.000102      0.000091
 ( 8   1) <--> ( 9   4)       -0.000583      0.000000      0.000000   WU     0.000044      0.000039
 ( 8   2) <--> ( 9   1)        0.129084      0.000980      0.000877   WU     2.142281      1.916778
 ( 8   2) <--> ( 9   2)       -0.012881      0.000010      0.000009   WU     0.021331      0.019085
 ( 8   2) <--> ( 9   3)        0.000443      0.000000      0.000000   WU     0.000025      0.000023
 ( 8   2) <--> ( 9   4)        0.008275      0.000004      0.000004   WU     0.008805      0.007878
 ( 8   3) <--> ( 9   1)       -0.011752      0.000008      0.000007   WU     0.017758      0.015889
 ( 8   3) <--> ( 9   2)       -0.199588      0.002343      0.002097   WU     5.121564      4.582452
 ( 8   3) <--> ( 9   3)        0.013529      0.000011      0.000010   WU     0.023533      0.021055
 ( 8   3) <--> ( 9   4)       -0.002315      0.000000      0.000000   WU     0.000689      0.000617
 ( 8   4) <--> ( 9   1)        0.004825      0.000001      0.000001   WU     0.002993      0.002678
 ( 8   4) <--> ( 9   2)        0.020517      0.000025      0.000022   WU     0.054121      0.048424
 ( 8   4) <--> ( 9   3)        0.001170      0.000000      0.000000   WU     0.000176      0.000158
 ( 8   4) <--> ( 9   4)        0.029677      0.000052      0.000046   WU     0.113232      0.101313
 ( 8   1) <--> (10   1)       -0.375107      0.008277      0.006700   WU    18.090204     14.644451
 ( 8   1) <--> (10   2)       -0.008627      0.000004      0.000004   WU     0.009568      0.007746
 ( 8   1) <--> (10   3)        0.005766      0.000002      0.000002   WU     0.004274      0.003460
 ( 8   1) <--> (10   4)       -0.017763      0.000019      0.000015   WU     0.040564      0.032838
 ( 8   2) <--> (10   1)       -0.023052      0.000031      0.000025   WU     0.068323      0.055309
 ( 8   2) <--> (10   2)        0.354849      0.007407      0.005996   WU    16.189038     13.105412
 ( 8   2) <--> (10   3)        0.001026      0.000000      0.000000   WU     0.000135      0.000109
 ( 8   2) <--> (10   4)        0.009551      0.000005      0.000004   WU     0.011729      0.009495
 ( 8   3) <--> (10   1)       -0.018775      0.000021      0.000017   WU     0.045323      0.036690
 ( 8   3) <--> (10   2)       -0.033274      0.000065      0.000053   WU     0.142349      0.115235
 ( 8   3) <--> (10   3)       -0.312176      0.005733      0.004641   WU    12.529429     10.142871
 ( 8   3) <--> (10   4)        0.029268      0.000050      0.000041   WU     0.110133      0.089155
 ( 8   4) <--> (10   1)        0.089711      0.000473      0.000383   WU     1.034724      0.837634
 ( 8   4) <--> (10   2)        0.026794      0.000042      0.000034   WU     0.092300      0.074719
 ( 8   4) <--> (10   3)        0.013723      0.000011      0.000009   WU     0.024212      0.019600
 ( 8   4) <--> (10   4)        0.327095      0.006294      0.005095   WU    13.755649     11.135526
 ( 9   1) <--> ( 9   1)       -0.196929     -0.122270   (eb)
 ( 9   2) <--> ( 9   1)       -0.108508      0.000620      0.000620   WU     1.354425      1.354425
 ( 9   2) <--> ( 9   2)       -0.091640     -0.056898   (eb)
 ( 9   3) <--> ( 9   1)        0.013060      0.000009      0.000009   WU     0.019622      0.019622
 ( 9   3) <--> ( 9   2)       -0.145063      0.001108      0.001108   WU     2.420707      2.420707
 ( 9   3) <--> ( 9   3)        0.058131      0.036092   (eb)
 ( 9   4) <--> ( 9   1)       -0.026560      0.000037      0.000037   WU     0.081149      0.081149
 ( 9   4) <--> ( 9   2)       -0.004014      0.000001      0.000001   WU     0.001854      0.001854
 ( 9   4) <--> ( 9   3)       -0.015659      0.000013      0.000013   WU     0.028206      0.028206
 ( 9   4) <--> ( 9   4)       -0.145677     -0.090448   (eb)
 ( 9   1) <--> (10   1)        0.099042      0.000516      0.000467   WU     1.128411      1.020943
 ( 9   1) <--> (10   2)        0.123613      0.000804      0.000728   WU     1.757746      1.590342
 ( 9   1) <--> (10   3)        0.039572      0.000082      0.000075   WU     0.180141      0.162985
 ( 9   1) <--> (10   4)        0.022297      0.000026      0.000024   WU     0.057189      0.051742
 ( 9   2) <--> (10   1)       -0.005204      0.000001      0.000001   WU     0.003115      0.002819
 ( 9   2) <--> (10   2)       -0.087336      0.000401      0.000363   WU     0.877439      0.793874
 ( 9   2) <--> (10   3)        0.181854      0.001741      0.001575   WU     3.804284      3.441971
 ( 9   2) <--> (10   4)        0.004896      0.000001      0.000001   WU     0.002757      0.002494
 ( 9   3) <--> (10   1)        0.000681      0.000000      0.000000   WU     0.000053      0.000048
 ( 9   3) <--> (10   2)        0.007053      0.000003      0.000002   WU     0.005722      0.005177
 ( 9   3) <--> (10   3)       -0.077341      0.000315      0.000285   WU     0.688097      0.622564
 ( 9   3) <--> (10   4)        0.003203      0.000001      0.000000   WU     0.001180      0.001068
 ( 9   4) <--> (10   1)        0.002515      0.000000      0.000000   WU     0.000728      0.000658
 ( 9   4) <--> (10   2)        0.015684      0.000013      0.000012   WU     0.028297      0.025602
 ( 9   4) <--> (10   3)        0.007746      0.000003      0.000003   WU     0.006902      0.006245
 ( 9   4) <--> (10   4)        0.107259      0.000605      0.000548   WU     1.323416      1.197376
 (10   1) <--> (10   1)       -0.263119     -0.157764   (eb)
 (10   2) <--> (10   1)        0.090395      0.000389      0.000389   WU     0.850463      0.850463
 (10   2) <--> (10   2)       -0.205129     -0.122994   (eb)
 (10   3) <--> (10   1)       -0.015288      0.000011      0.000011   WU     0.024325      0.024325
 (10   3) <--> (10   2)       -0.139113      0.000922      0.000922   WU     2.014171      2.014171
 (10   3) <--> (10   3)       -0.110885     -0.066486   (eb)
 (10   4) <--> (10   1)       -0.035845      0.000061      0.000061   WU     0.133728      0.133728
 (10   4) <--> (10   2)        0.007121      0.000002      0.000002   WU     0.005277      0.005277
 (10   4) <--> (10   3)        0.005778      0.000002      0.000002   WU     0.003475      0.003475
 (10   4) <--> (10   4)       -0.197915     -0.118668   (eb)
 
  quadrupole shape invariant: 01+, 02+, 03+, 04+
quadr2     0.00888331     0.01155387     0.01362756     0.01177621
quadr3     0.00069254     0.00120266     0.00105632     0.00122497
  effective deformation parameters:  01+, 02+, 03+, 04+
beteff     0.31239054     0.35626588     0.38691854     0.35967762
cos3ga     0.82714307     0.96839262     0.66400248     0.95855085
 
 ********* END Transition **************************
