 ********* BEGIN READER ****************************
 
 Nucleus            :  Gd  64  80
 Imin, Imax         :     0  10
 imu, remu          :     1 12.0000
 nlevel             :     4
 observables        :     2
 wave fun           :     1
 nbet, ngam, npar   :    10   7  10
 Finish reading parameters: V, B_k ...
 
 ********* END READER ******************************
 
 ********* BEGIN LEVELS ********************
 
 E_0 = -1185.022196
 
  I=   0   ntot= 127
   0   1    0.000000
   0   2    1.771738
   0   3    3.018643
   0   4    3.210599
 
  I=   2   ntot= 234
   2   1    1.473165
   2   2    2.560329
   2   3    2.897777
   2   4    3.658496
 
  I=   3   ntot= 108
   3   1    3.703175
   3   2    4.506822
   3   3    5.487879
   3   4    6.220635
 
  I=   4   ntot= 324
   4   1    2.884456
   4   2    3.637747
   4   3    4.006362
   4   4    4.409081
 
  I=   5   ntot= 198
   5   1    4.630795
   5   2    5.372150
   5   3    5.672261
   5   4    6.289669
 
  I=   6   ntot= 432
   6   1    4.103551
   6   2    4.640332
   6   3    5.141471
   6   4    5.344601
 
  I=   7   ntot= 306
   7   1    5.506408
   7   2    6.402827
   7   3    6.618690
   7   4    7.251263
 
  I=   8   ntot= 522
   8   1    5.082275
   8   2    5.877203
   8   3    6.122247
   8   4    6.509030
 
  I=   9   ntot= 397
   9   1    6.461075
   9   2    7.461203
   9   3    7.622460
   9   4    8.395338
 
  I=  10   ntot= 630
  10   1    6.079144
  10   2    7.062158
  10   3    7.189461
  10   4    7.798559
 
 ********* END LEVELS **********************
 
 ********* BEGIN Transition ************************
 
  Monopole moment 
 
   I   n    <In|E0|In>   ave \beta      del<b>   ave \gamma    del<g>  
     K=0       K=2       K=4   
   0   1     24.263476    0.121916    0.038347   29.381341   10.827001  100.0000    0.0000    0.0000
   0   2     24.457599    0.181888    0.057492   30.747853   11.074203  100.0000    0.0000    0.0000
   0   3     24.811954    0.271497    0.069313   18.458059   10.020689  100.0000    0.0000    0.0000
   0   4     24.552481    0.202098    0.058718   33.628329   12.138839  100.0000    0.0000    0.0000
   2   1     24.369456    0.158336    0.042578   30.574401   10.937433   64.9807   35.0193    0.0000
   2   2     24.484711    0.188793    0.048486   29.877424   11.514063   40.1602   59.8398    0.0000
   2   3     24.671275    0.237371    0.069926   22.337315   11.183376   85.7455   14.2545    0.0000
   2   4     24.842993    0.277515    0.086321   19.471413   11.259627   61.8736   38.1263    0.0000
   3   1     24.724228    0.246289    0.057136   24.471116    9.384716    0.0000  100.0000    0.0000
   3   2     24.970504    0.301758    0.083507   19.953250    8.828501    0.0000   99.9999    0.0000
   3   3     25.027201    0.314056    0.107006   19.187791    9.772951    0.0000   99.9999    0.0000
   3   4     25.037533    0.303366    0.074636   27.040323   10.888315    0.0000  100.0000    0.0000
   4   1     24.524874    0.199839    0.049511   29.433147   11.574668   51.0711   31.7404   17.1885
   4   2     24.816763    0.271215    0.066247   19.357711   11.269745   74.0574    8.7413   17.2012
   4   3     24.715426    0.245307    0.083355   24.343606   11.995972   59.4874   24.9628   15.5499
   4   4     24.961176    0.298420    0.066836   20.196892    9.939783   14.3766   70.5889   15.0345
   5   1     24.981841    0.300597    0.057588   20.921855    8.875948    0.0000   93.4355    6.5644
   5   2     24.999437    0.304223    0.080658   21.283828   10.227430    0.0000   54.2447   45.7552
   5   3     25.103829    0.322452    0.072333   21.456638    8.816068    0.0000   41.0203   58.9796
   5   4     25.154015    0.334825    0.094148   19.790879    9.313552    0.0000   36.3507   63.6493
   6   1     24.813658    0.267950    0.061606   21.163460   11.184295   68.8758   22.8299    5.2408
   6   2     24.874507    0.282192    0.080414   20.828812   12.879707   54.8303   19.4533   13.8033
   6   3     25.040504    0.313555    0.069952   19.623504    8.682951   28.1122   67.5333    3.8435
   6   4     24.983459    0.303759    0.087956   19.747350   12.580171   50.2194   23.6797    8.8982
   7   1     25.139826    0.331209    0.054858   19.211147    8.282387    0.0000   92.8045    6.8668
   7   2     25.150902    0.331806    0.076351   20.394114   10.004556    0.0000   44.4309   49.3000
   7   3     25.256160    0.351130    0.074453   19.706942    8.150599    0.0000   47.8312   50.7443
   7   4     25.197694    0.338891    0.089036   21.247511   10.667208    0.0000   24.4355   39.8829
   8   1     25.040845    0.314882    0.057269   17.804570    9.510924   77.2649   20.4706    1.7352
   8   2     25.016559    0.309359    0.084531   19.576815   12.942064   49.4150   30.6121   12.0021
   8   3     25.182910    0.340899    0.070465   18.094352    7.974035   30.3878   64.5760    4.4142
   8   4     25.070469    0.319473    0.100126   20.262917   14.132695   47.4881   18.3005   12.1169
   9   1     25.248930    0.351115    0.053863   18.340903    7.961637    0.0000   89.6756    9.8584
   9   2     25.315061    0.360828    0.068358   19.261229    9.361704    0.0000   33.0716   58.6787
   9   3     25.347710    0.368060    0.081732   18.590469    8.155269    0.0000   61.2505   36.8278
   9   4     25.337897    0.362320    0.086966   20.778927   11.025453    0.0000   20.7120   33.4495
  10   1     25.162496    0.337662    0.055745   17.074922    8.955988   72.9428   25.0833    1.7721
  10   2     25.260666    0.356594    0.083333   16.253173   12.150204   53.2375   33.7562   10.4439
  10   3     25.283422    0.359320    0.078160   17.280775    8.344150   42.6652   51.1008    5.8421
  10   4     25.401600    0.384615    0.131095   15.760655   15.466652   46.1336   22.2041   16.1021
 
  rho^2(E0) 
 
   I  n_1 n_2  <In_1|E0|In_2>  rho^2(E0) 
   0   1   1       24.263476 1540.721834
   0   2   1       -0.094297    0.023271
   0   2   2       24.457599 1565.473947
   0   3   1       -0.002428    0.000015
   0   3   2       -0.139305    0.050787
   0   3   3       24.811954 1611.165506
   0   4   1        0.016686    0.000729
   0   4   2        0.120690    0.038121
   0   4   3       -0.046762    0.005723
   0   4   4       24.552481 1577.643881
   2   1   1       24.369456 1554.210599
   2   2   1       -0.041828    0.004579
   2   2   2       24.484711 1568.946708
   2   3   1       -0.128647    0.043313
   2   3   2       -0.030047    0.002363
   2   3   3       24.671275 1592.947229
   2   4   1        0.043765    0.005013
   2   4   2       -0.130039    0.044255
   2   4   3        0.196097    0.100638
   2   4   4       24.842993 1615.198964
   3   1   1       24.724228 1599.792577
   3   2   1        0.251499    0.165535
   3   2   2       24.970504 1631.822097
   3   3   1       -0.024157    0.001527
   3   3   2        0.352448    0.325093
   3   3   3       25.027201 1639.240920
   3   4   1       -0.050602    0.006701
   3   4   2       -0.066243    0.011484
   3   4   3       -0.171026    0.076550
   3   4   4       25.037533 1640.594597
   4   1   1       24.524874 1574.098092
   4   2   1        0.096870    0.024558
   4   2   2       24.816763 1611.790029
   4   3   1       -0.157820    0.065184
   4   3   2       -0.138936    0.050518
   4   3   3       24.715426 1598.653811
   4   4   1       -0.020634    0.001114
   4   4   2        0.127430    0.042497
   4   4   3        0.042475    0.004722
   4   4   4       24.961176 1630.603209
   5   1   1       24.981841 1633.304193
   5   2   1       -0.218734    0.125214
   5   2   2       24.999437 1635.605926
   5   3   1       -0.182425    0.087094
   5   3   2        0.013295    0.000463
   5   3   3       25.103829 1649.294297
   5   4   1       -0.043139    0.004870
   5   4   2        0.302905    0.240121
   5   4   3       -0.060108    0.009455
   5   4   4       25.154015 1655.895144
   6   1   1       24.813658 1611.386790
   6   2   1       -0.208360    0.113618
   6   2   2       24.874507 1619.299432
   6   3   1       -0.156687    0.064251
   6   3   2        0.017237    0.000778
   6   3   3       25.040504 1640.983965
   6   4   1       -0.102329    0.027404
   6   4   2        0.200537    0.105246
   6   4   3       -0.085951    0.019334
   6   4   4       24.983459 1633.515853
   7   1   1       25.139826 1654.027553
   7   2   1        0.192850    0.097333
   7   2   2       25.150902 1655.485362
   7   3   1       -0.215201    0.121201
   7   3   2        0.034176    0.003057
   7   3   3       25.256160 1669.370980
   7   4   1        0.055782    0.008143
   7   4   2        0.257755    0.173874
   7   4   3        0.031749    0.002638
   7   4   4       25.197694 1661.650959
   8   1   1       25.040845 1641.028646
   8   2   1        0.197779    0.102371
   8   2   2       25.016559 1637.847139
   8   3   1       -0.183672    0.088289
   8   3   2        0.052282    0.007154
   8   3   3       25.182910 1659.701699
   8   4   1        0.114239    0.034154
   8   4   2        0.250966    0.164835
   8   4   3        0.001199    0.000004
   8   4   4       25.070469 1644.913737
   9   1   1       25.248930 1668.415340
   9   2   1       -0.147331    0.056808
   9   2   2       25.315061 1677.166475
   9   3   1        0.259564    0.176323
   9   3   2        0.046779    0.005727
   9   3   3       25.347710 1681.495404
   9   4   1       -0.044659    0.005220
   9   4   2        0.237174    0.147215
   9   4   3       -0.034184    0.003058
   9   4   4       25.337897 1680.193646
  10   1   1       25.162496 1657.011943
  10   2   1       -0.183880    0.088489
  10   2   2       25.260666 1669.966716
  10   3   1        0.229389    0.137709
  10   3   2        0.025183    0.001660
  10   3   3       25.283422 1672.976826
  10   4   1       -0.056209    0.008269
  10   4   2        0.315850    0.261084
  10   4   3       -0.073819    0.014261
  10   4   4       25.401600 1688.652734
 
  E2 transition 
 
  I1  n1        I2  n2       <f||E2||i>   B(E2,I1->I2)  B(E2,I2->I1)
 ( 0   1) <--> ( 2   1)        0.728211      0.530292      0.106058   WU   118.280070     23.656014
 ( 0   1) <--> ( 2   2)        0.191852      0.036807      0.007361   WU     8.209712      1.641942
 ( 0   1) <--> ( 2   3)        0.088950      0.007912      0.001582   WU     1.764757      0.352951
 ( 0   1) <--> ( 2   4)        0.015559      0.000242      0.000048   WU     0.053996      0.010799
 ( 0   2) <--> ( 2   1)       -0.594467      0.353391      0.070678   WU    78.822845     15.764569
 ( 0   2) <--> ( 2   2)        0.107158      0.011483      0.002297   WU     2.561227      0.512245
 ( 0   2) <--> ( 2   3)        0.851462      0.724988      0.144998   WU   161.706590     32.341318
 ( 0   2) <--> ( 2   4)       -0.185936      0.034572      0.006914   WU     7.711191      1.542238
 ( 0   3) <--> ( 2   1)        0.045134      0.002037      0.000407   WU     0.454374      0.090875
 ( 0   3) <--> ( 2   2)        0.364157      0.132610      0.026522   WU    29.578316      5.915663
 ( 0   3) <--> ( 2   3)       -1.116289      1.246101      0.249220   WU   277.939466     55.587893
 ( 0   3) <--> ( 2   4)       -0.854893      0.730842      0.146168   WU   163.012189     32.602438
 ( 0   4) <--> ( 2   1)        0.064182      0.004119      0.000824   WU     0.918797      0.183759
 ( 0   4) <--> ( 2   2)        0.590128      0.348252      0.069650   WU    77.676557     15.535311
 ( 0   4) <--> ( 2   3)        0.307152      0.094343      0.018869   WU    21.042851      4.208570
 ( 0   4) <--> ( 2   4)        0.095526      0.009125      0.001825   WU     2.035346      0.407069
 ( 2   1) <--> ( 2   1)        0.035112      0.026612   (eb)
 ( 2   2) <--> ( 2   1)       -1.109341      0.246128      0.246128   WU    54.898089     54.898089
 ( 2   2) <--> ( 2   2)        0.186073      0.141031   (eb)
 ( 2   3) <--> ( 2   1)        0.208154      0.008666      0.008666   WU     1.932851      1.932851
 ( 2   3) <--> ( 2   2)        0.629339      0.079214      0.079214   WU    17.668376     17.668376
 ( 2   3) <--> ( 2   3)       -1.003059     -0.760251   (eb)
 ( 2   4) <--> ( 2   1)       -0.219797      0.009662      0.009662   WU     2.155111      2.155111
 ( 2   4) <--> ( 2   2)       -0.247002      0.012202      0.012202   WU     2.721625      2.721625
 ( 2   4) <--> ( 2   3)       -1.118542      0.250227      0.250227   WU    55.812463     55.812463
 ( 2   4) <--> ( 2   4)       -0.951221     -0.720962   (eb)
 ( 2   1) <--> ( 3   1)        0.287632      0.016546      0.011819   WU     3.690642      2.636173
 ( 2   1) <--> ( 3   2)       -0.173368      0.006011      0.004294   WU     1.340796      0.957712
 ( 2   1) <--> ( 3   3)        0.091619      0.001679      0.001199   WU     0.374453      0.267466
 ( 2   1) <--> ( 3   4)       -0.036340      0.000264      0.000189   WU     0.058911      0.042079
 ( 2   2) <--> ( 3   1)       -1.323590      0.350378      0.250270   WU    78.150836     55.822026
 ( 2   2) <--> ( 3   2)        0.409485      0.033536      0.023954   WU     7.480017      5.342869
 ( 2   2) <--> ( 3   3)       -0.136803      0.003743      0.002674   WU     0.834864      0.596331
 ( 2   2) <--> ( 3   4)        0.084431      0.001426      0.001018   WU     0.317999      0.227142
 ( 2   3) <--> ( 3   1)        0.179433      0.006439      0.004599   WU     1.436247      1.025891
 ( 2   3) <--> ( 3   2)       -0.042812      0.000367      0.000262   WU     0.081764      0.058403
 ( 2   3) <--> ( 3   3)        0.086769      0.001506      0.001076   WU     0.335857      0.239898
 ( 2   3) <--> ( 3   4)        0.052602      0.000553      0.000395   WU     0.123435      0.088168
 ( 2   4) <--> ( 3   1)        0.732702      0.107370      0.076693   WU    23.948649     17.106178
 ( 2   4) <--> ( 3   2)        1.169303      0.273454      0.195324   WU    60.993177     43.566555
 ( 2   4) <--> ( 3   3)       -0.358775      0.025744      0.018389   WU     5.742109      4.101507
 ( 2   4) <--> ( 3   4)       -0.198713      0.007897      0.005641   WU     1.761492      1.258209
 ( 2   1) <--> ( 4   1)        1.467414      0.430661      0.239256   WU    96.057649     53.365360
 ( 2   1) <--> ( 4   2)       -0.020399      0.000083      0.000046   WU     0.018563      0.010313
 ( 2   1) <--> ( 4   3)        0.395876      0.031344      0.017413   WU     6.991085      3.883936
 ( 2   1) <--> ( 4   4)       -0.045089      0.000407      0.000226   WU     0.090690      0.050383
 ( 2   2) <--> ( 4   1)       -0.163528      0.005348      0.002971   WU     1.192925      0.662736
 ( 2   2) <--> ( 4   2)        1.050905      0.220880      0.122711   WU    49.266758     27.370421
 ( 2   2) <--> ( 4   3)        0.949063      0.180144      0.100080   WU    40.180612     22.322562
 ( 2   2) <--> ( 4   4)       -0.004993      0.000005      0.000003   WU     0.001112      0.000618
 ( 2   3) <--> ( 4   1)       -1.165553      0.271703      0.150946   WU    60.602561     33.668089
 ( 2   3) <--> ( 4   2)       -1.593713      0.507984      0.282214   WU   113.304527     62.946959
 ( 2   3) <--> ( 4   3)        1.077905      0.232376      0.129098   WU    51.830758     28.794865
 ( 2   3) <--> ( 4   4)        0.030323      0.000184      0.000102   WU     0.041019      0.022788
 ( 2   4) <--> ( 4   1)        0.075915      0.001153      0.000640   WU     0.257085      0.142825
 ( 2   4) <--> ( 4   2)       -1.479997      0.438078      0.243377   WU    97.712067     54.284482
 ( 2   4) <--> ( 4   3)        0.675815      0.091345      0.050747   WU    20.374306     11.319059
 ( 2   4) <--> ( 4   4)       -1.083601      0.234838      0.130466   WU    52.379997     29.099998
 ( 3   1) <--> ( 3   1)        0.000000      0.000000   (eb)
 ( 3   2) <--> ( 3   1)        0.000000      0.000000      0.000000   WU     0.000000      0.000000
 ( 3   2) <--> ( 3   2)        0.000000      0.000000   (eb)
 ( 3   3) <--> ( 3   1)        0.000000      0.000000      0.000000   WU     0.000000      0.000000
 ( 3   3) <--> ( 3   2)        0.000000      0.000000      0.000000   WU     0.000000      0.000000
 ( 3   3) <--> ( 3   3)        0.000000      0.000000   (eb)
 ( 3   4) <--> ( 3   1)        0.000000      0.000000      0.000000   WU     0.000000      0.000000
 ( 3   4) <--> ( 3   2)        0.000000      0.000000      0.000000   WU     0.000000      0.000000
 ( 3   4) <--> ( 3   3)        0.000000      0.000000      0.000000   WU     0.000000      0.000000
 ( 3   4) <--> ( 3   4)        0.000000      0.000000   (eb)
 ( 3   1) <--> ( 4   1)        0.950242      0.128994      0.100329   WU    28.771794     22.378062
 ( 3   1) <--> ( 4   2)        0.133819      0.002558      0.001990   WU     0.570603      0.443803
 ( 3   1) <--> ( 4   3)       -0.707391      0.071486      0.055600   WU    15.944761     12.401481
 ( 3   1) <--> ( 4   4)       -1.801163      0.463455      0.360465   WU   103.372446     80.400791
 ( 3   2) <--> ( 4   1)       -0.238398      0.008119      0.006315   WU     1.810933      1.408503
 ( 3   2) <--> ( 4   2)        0.398660      0.022704      0.017659   WU     5.064134      3.938771
 ( 3   2) <--> ( 4   3)       -0.955185      0.130340      0.101375   WU    29.071908     22.611484
 ( 3   2) <--> ( 4   4)       -1.416822      0.286769      0.223043   WU    63.963098     49.749077
 ( 3   3) <--> ( 4   1)        0.077069      0.000849      0.000660   WU     0.189259      0.147201
 ( 3   3) <--> ( 4   2)       -0.057353      0.000470      0.000365   WU     0.104813      0.081521
 ( 3   3) <--> ( 4   3)        0.182008      0.004732      0.003681   WU     1.055547      0.820981
 ( 3   3) <--> ( 4   4)       -0.122076      0.002129      0.001656   WU     0.474856      0.369333
 ( 3   4) <--> ( 4   1)       -0.057274      0.000469      0.000364   WU     0.104524      0.081297
 ( 3   4) <--> ( 4   2)        0.031534      0.000142      0.000110   WU     0.031685      0.024644
 ( 3   4) <--> ( 4   3)        0.141681      0.002868      0.002230   WU     0.639618      0.497481
 ( 3   4) <--> ( 4   4)       -0.195058      0.005435      0.004228   WU     1.212350      0.942939
 ( 3   1) <--> ( 5   1)        2.077894      0.616806      0.392513   WU   137.576951     87.548969
 ( 3   1) <--> ( 5   2)        0.494426      0.034922      0.022223   WU     7.789342      4.956854
 ( 3   1) <--> ( 5   3)        0.238710      0.008140      0.005180   WU     1.815686      1.155437
 ( 3   1) <--> ( 5   4)       -0.042863      0.000262      0.000167   WU     0.058540      0.037253
 ( 3   2) <--> ( 5   1)        1.586074      0.359376      0.228694   WU    80.157758     51.009483
 ( 3   2) <--> ( 5   2)       -1.586157      0.359413      0.228717   WU    80.166117     51.014802
 ( 3   2) <--> ( 5   3)       -1.326068      0.251208      0.159860   WU    56.031269     35.656262
 ( 3   2) <--> ( 5   4)        0.162528      0.003774      0.002401   WU     0.841693      0.535623
 ( 3   3) <--> ( 5   1)        0.236881      0.008016      0.005101   WU     1.787961      1.137793
 ( 3   3) <--> ( 5   2)       -1.280414      0.234208      0.149042   WU    52.239545     33.243347
 ( 3   3) <--> ( 5   3)       -1.132518      0.183228      0.116600   WU    40.868554     26.007262
 ( 3   3) <--> ( 5   4)       -1.145161      0.187342      0.119218   WU    41.786130     26.591174
 ( 3   4) <--> ( 5   1)        0.118108      0.001993      0.001268   WU     0.444486      0.282855
 ( 3   4) <--> ( 5   2)       -0.189041      0.005105      0.003249   WU     1.138708      0.724632
 ( 3   4) <--> ( 5   3)        0.793989      0.090060      0.057311   WU    20.087570     12.782999
 ( 3   4) <--> ( 5   4)        0.841663      0.101199      0.064400   WU    22.572260     14.364166
 ( 4   1) <--> ( 4   1)       -0.040332     -0.030414   (eb)
 ( 4   2) <--> ( 4   1)       -1.258428      0.175960      0.175960   WU    39.247404     39.247404
 ( 4   2) <--> ( 4   2)       -1.524458     -1.149587   (eb)
 ( 4   3) <--> ( 4   1)       -0.652356      0.047285      0.047285   WU    10.546885     10.546885
 ( 4   3) <--> ( 4   2)        0.754371      0.063231      0.063231   WU    14.103423     14.103423
 ( 4   3) <--> ( 4   3)       -0.487038     -0.367273   (eb)
 ( 4   4) <--> ( 4   1)        0.304151      0.010279      0.010279   WU     2.292619      2.292619
 ( 4   4) <--> ( 4   2)       -1.389531      0.214533      0.214533   WU    47.850966     47.850966
 ( 4   4) <--> ( 4   3)        0.071791      0.000573      0.000573   WU     0.127729      0.127729
 ( 4   4) <--> ( 4   4)       -1.160553     -0.875168   (eb)
 ( 4   1) <--> ( 5   1)        0.301299      0.010087      0.008253   WU     2.249828      1.840768
 ( 4   1) <--> ( 5   2)        0.288456      0.009245      0.007564   WU     2.062115      1.687185
 ( 4   1) <--> ( 5   3)        0.089870      0.000897      0.000734   WU     0.200161      0.163768
 ( 4   1) <--> ( 5   4)       -0.169348      0.003187      0.002607   WU     0.710744      0.581518
 ( 4   2) <--> ( 5   1)       -0.781761      0.067906      0.055559   WU    15.146159     12.392312
 ( 4   2) <--> ( 5   2)       -0.441851      0.021692      0.017748   WU     4.838450      3.958732
 ( 4   2) <--> ( 5   3)       -0.009562      0.000010      0.000008   WU     0.002266      0.001854
 ( 4   2) <--> ( 5   4)        0.217128      0.005238      0.004286   WU     1.168384      0.955951
 ( 4   3) <--> ( 5   1)       -0.869689      0.084040      0.068760   WU    18.744854     15.336699
 ( 4   3) <--> ( 5   2)       -0.295987      0.009734      0.007964   WU     2.171204      1.776439
 ( 4   3) <--> ( 5   3)       -0.020445      0.000046      0.000038   WU     0.010359      0.008476
 ( 4   3) <--> ( 5   4)        0.176525      0.003462      0.002833   WU     0.772264      0.631852
 ( 4   4) <--> ( 5   1)       -1.859335      0.384125      0.314284   WU    85.678024     70.100201
 ( 4   4) <--> ( 5   2)        1.721138      0.329146      0.269301   WU    73.415155     60.066945
 ( 4   4) <--> ( 5   3)       -0.573479      0.036542      0.029898   WU     8.150602      6.668674
 ( 4   4) <--> ( 5   4)       -0.306789      0.010458      0.008556   WU     2.332571      1.908467
 ( 4   1) <--> ( 6   1)        2.256436      0.565723      0.391654   WU   126.182864     87.357367
 ( 4   1) <--> ( 6   2)        0.840969      0.078581      0.054402   WU    17.527265     12.134260
 ( 4   1) <--> ( 6   3)        0.340280      0.012866      0.008907   WU     2.869644      1.986676
 ( 4   1) <--> ( 6   4)        0.084012      0.000784      0.000543   WU     0.174920      0.121098
 ( 4   2) <--> ( 6   1)        2.000076      0.444478      0.307716   WU    99.139640     68.635135
 ( 4   2) <--> ( 6   2)       -2.511414      0.700800      0.485169   WU   156.311492    108.215648
 ( 4   2) <--> ( 6   3)        0.268240      0.007995      0.005535   WU     1.783209      1.234529
 ( 4   2) <--> ( 6   4)        0.277367      0.008548      0.005918   WU     1.906615      1.319965
 ( 4   3) <--> ( 6   1)       -1.442239      0.231117      0.160004   WU    51.550016     35.688473
 ( 4   3) <--> ( 6   2)        0.648124      0.046674      0.032313   WU    10.410472      7.207250
 ( 4   3) <--> ( 6   3)        1.968462      0.430538      0.298065   WU    96.030308     66.482521
 ( 4   3) <--> ( 6   4)        1.187472      0.156677      0.108469   WU    34.946307     24.193597
 ( 4   4) <--> ( 6   1)       -0.242274      0.006522      0.004515   WU     1.454677      1.007084
 ( 4   4) <--> ( 6   2)       -0.904934      0.090990      0.062993   WU    20.294963     14.050359
 ( 4   4) <--> ( 6   3)        1.773802      0.349597      0.242029   WU    77.976667     53.983847
 ( 4   4) <--> ( 6   4)       -2.216009      0.545633      0.377746   WU   121.701949     84.255196
 ( 5   1) <--> ( 5   1)       -1.333015     -0.967938   (eb)
 ( 5   2) <--> ( 5   1)        1.085497      0.107118      0.107118   WU    23.892475     23.892475
 ( 5   2) <--> ( 5   2)       -0.307798     -0.223500   (eb)
 ( 5   3) <--> ( 5   1)       -0.620415      0.034992      0.034992   WU     7.804916      7.804916
 ( 5   3) <--> ( 5   2)       -1.182487      0.127116      0.127116   WU    28.352849     28.352849
 ( 5   3) <--> ( 5   3)        0.507260      0.368335   (eb)
 ( 5   4) <--> ( 5   1)       -0.031293      0.000089      0.000089   WU     0.019856      0.019856
 ( 5   4) <--> ( 5   2)       -0.797252      0.057783      0.057783   WU    12.888283     12.888283
 ( 5   4) <--> ( 5   3)       -1.295093      0.152479      0.152479   WU    34.009966     34.009966
 ( 5   4) <--> ( 5   4)        0.156382      0.113553   (eb)
 ( 5   1) <--> ( 6   1)        1.318882      0.158132      0.133804   WU    35.270837     29.844555
 ( 5   1) <--> ( 6   2)        0.088927      0.000719      0.000608   WU     0.160349      0.135680
 ( 5   1) <--> ( 6   3)       -1.800669      0.294765      0.249416   WU    65.746425     55.631590
 ( 5   1) <--> ( 6   4)        0.916857      0.076421      0.064664   WU    17.045387     14.423020
 ( 5   2) <--> ( 6   1)        0.297775      0.008061      0.006821   WU     1.797956      1.521348
 ( 5   2) <--> ( 6   2)        0.965197      0.084691      0.071662   WU    18.890165     15.983986
 ( 5   2) <--> ( 6   3)        0.819295      0.061022      0.051634   WU    13.610825     11.516852
 ( 5   2) <--> ( 6   4)       -0.402119      0.014700      0.012438   WU     3.278783      2.774355
 ( 5   3) <--> ( 6   1)        0.009469      0.000008      0.000007   WU     0.001818      0.001538
 ( 5   3) <--> ( 6   2)        0.062956      0.000360      0.000305   WU     0.080368      0.068004
 ( 5   3) <--> ( 6   3)        1.229647      0.137457      0.116310   WU    30.659504     25.942658
 ( 5   3) <--> ( 6   4)        0.277242      0.006988      0.005913   WU     1.558558      1.318780
 ( 5   4) <--> ( 6   1)       -0.107412      0.001049      0.000887   WU     0.233945      0.197953
 ( 5   4) <--> ( 6   2)       -0.254979      0.005910      0.005001   WU     1.318298      1.115483
 ( 5   4) <--> ( 6   3)       -0.007982      0.000006      0.000005   WU     0.001292      0.001093
 ( 5   4) <--> ( 6   4)        0.372682      0.012627      0.010684   WU     2.816319      2.383039
 ( 5   1) <--> ( 7   1)       -3.587418      1.169961      0.857971   WU   260.956447    191.368061
 ( 5   1) <--> ( 7   2)        0.340118      0.010516      0.007712   WU     2.345648      1.720142
 ( 5   1) <--> ( 7   3)       -0.152234      0.002107      0.001545   WU     0.469923      0.344610
 ( 5   1) <--> ( 7   4)       -0.092489      0.000778      0.000570   WU     0.173455      0.127200
 ( 5   2) <--> ( 7   1)        1.345661      0.164619      0.120720   WU    36.717719     26.926327
 ( 5   2) <--> ( 7   2)        2.812240      0.718972      0.527246   WU   160.364697    117.600778
 ( 5   2) <--> ( 7   3)       -0.819689      0.061081      0.044793   WU    13.623926      9.990879
 ( 5   2) <--> ( 7   4)       -0.410536      0.015322      0.011236   WU     3.417484      2.506155
 ( 5   3) <--> ( 7   1)        0.999608      0.090838      0.066614   WU    20.261130     14.858162
 ( 5   3) <--> ( 7   2)        0.062468      0.000355      0.000260   WU     0.079127      0.058026
 ( 5   3) <--> ( 7   3)       -3.027148      0.833057      0.610908   WU   185.810990    136.261392
 ( 5   3) <--> ( 7   4)        0.447100      0.018173      0.013327   WU     4.053344      2.972452
 ( 5   4) <--> ( 7   1)        0.169056      0.002598      0.001905   WU     0.579519      0.424980
 ( 5   4) <--> ( 7   2)        1.577920      0.226348      0.165989   WU    50.486346     37.023321
 ( 5   4) <--> ( 7   3)       -0.269464      0.006601      0.004841   WU     1.472335      1.079712
 ( 5   4) <--> ( 7   4)        2.231446      0.452668      0.331957   WU   100.966384     74.042015
 ( 6   1) <--> ( 6   1)       -1.514433     -1.055858   (eb)
 ( 6   2) <--> ( 6   1)        1.638182      0.206434      0.206434   WU    46.044489     46.044489
 ( 6   2) <--> ( 6   2)       -1.204039     -0.839452   (eb)
 ( 6   3) <--> ( 6   1)       -0.519225      0.020738      0.020738   WU     4.625570      4.625570
 ( 6   3) <--> ( 6   2)        0.267232      0.005493      0.005493   WU     1.225265      1.225265
 ( 6   3) <--> ( 6   3)       -2.041919     -1.423620   (eb)
 ( 6   4) <--> ( 6   1)       -0.250861      0.004841      0.004841   WU     1.079744      1.079744
 ( 6   4) <--> ( 6   2)       -1.993721      0.305763      0.305763   WU    68.199660     68.199660
 ( 6   4) <--> ( 6   3)        0.375375      0.010839      0.010839   WU     2.417593      2.417593
 ( 6   4) <--> ( 6   4)       -1.662251     -1.158917   (eb)
 ( 6   1) <--> ( 7   1)       -0.172898      0.002300      0.001993   WU     0.512902      0.444515
 ( 6   1) <--> ( 7   2)        0.109870      0.000929      0.000805   WU     0.207116      0.179500
 ( 6   1) <--> ( 7   3)       -0.105447      0.000855      0.000741   WU     0.190774      0.165338
 ( 6   1) <--> ( 7   4)       -0.105133      0.000850      0.000737   WU     0.189642      0.164356
 ( 6   2) <--> ( 7   1)       -0.770314      0.045645      0.039559   WU    10.180972      8.823509
 ( 6   2) <--> ( 7   2)        0.429318      0.014178      0.012288   WU     3.162357      2.740709
 ( 6   2) <--> ( 7   3)       -0.102359      0.000806      0.000698   WU     0.179765      0.155796
 ( 6   2) <--> ( 7   4)       -0.264097      0.005365      0.004650   WU     1.196682      1.037125
 ( 6   3) <--> ( 7   1)        1.948054      0.291917      0.252994   WU    65.111166     56.429677
 ( 6   3) <--> ( 7   2)        0.534089      0.021942      0.019017   WU     4.894193      4.241634
 ( 6   3) <--> ( 7   3)        0.163307      0.002051      0.001778   WU     0.457575      0.396565
 ( 6   3) <--> ( 7   4)        0.006952      0.000004      0.000003   WU     0.000829      0.000719
 ( 6   4) <--> ( 7   1)       -1.005294      0.077740      0.067374   WU    17.339612     15.027663
 ( 6   4) <--> ( 7   2)       -1.275440      0.125134      0.108450   WU    27.910863     24.189415
 ( 6   4) <--> ( 7   3)       -0.127025      0.001241      0.001076   WU     0.276842      0.239930
 ( 6   4) <--> ( 7   4)        0.468584      0.016890      0.014638   WU     3.767286      3.264981
 ( 6   1) <--> ( 8   1)       -3.896797      1.168079      0.893237   WU   260.536787    199.234014
 ( 6   1) <--> ( 8   2)        0.666220      0.034142      0.026109   WU     7.615331      5.823489
 ( 6   1) <--> ( 8   3)       -0.425493      0.013926      0.010650   WU     3.106257      2.375373
 ( 6   1) <--> ( 8   4)       -0.202304      0.003148      0.002407   WU     0.702201      0.536977
 ( 6   2) <--> ( 8   1)        2.157384      0.358024      0.273783   WU    79.856172     61.066485
 ( 6   2) <--> ( 8   2)        3.208510      0.791888      0.605561   WU   176.628310    135.068708
 ( 6   2) <--> ( 8   3)       -0.367579      0.010393      0.007948   WU     2.318225      1.772760
 ( 6   2) <--> ( 8   4)       -0.580797      0.025948      0.019843   WU     5.787653      4.425852
 ( 6   3) <--> ( 8   1)        1.356873      0.141624      0.108300   WU    31.588729     24.156087
 ( 6   3) <--> ( 8   2)       -0.539421      0.022383      0.017116   WU     4.992393      3.817712
 ( 6   3) <--> ( 8   3)       -4.016686      1.241059      0.949045   WU   276.814694    211.681825
 ( 6   3) <--> ( 8   4)        0.367763      0.010404      0.007956   WU     2.320542      1.774532
 ( 6   4) <--> ( 8   1)        0.450345      0.015601      0.011930   WU     3.479720      2.660962
 ( 6   4) <--> ( 8   2)        2.050544      0.323441      0.247337   WU    72.142602     55.167872
 ( 6   4) <--> ( 8   3)        0.223224      0.003833      0.002931   WU     0.854939      0.653777
 ( 6   4) <--> ( 8   4)        3.341456      0.858871      0.656784   WU   191.568826    146.493808
 ( 7   1) <--> ( 7   1)       -2.437351     -1.632201   (eb)
 ( 7   2) <--> ( 7   1)       -1.305242      0.113577      0.113577   WU    25.333059     25.333059
 ( 7   2) <--> ( 7   2)       -1.337247     -0.895503   (eb)
 ( 7   3) <--> ( 7   1)       -0.445754      0.013246      0.013246   WU     2.954580      2.954580
 ( 7   3) <--> ( 7   2)        0.768011      0.039323      0.039323   WU     8.770815      8.770815
 ( 7   3) <--> ( 7   3)       -1.270838     -0.851031   (eb)
 ( 7   4) <--> ( 7   1)        0.069645      0.000323      0.000323   WU     0.072124      0.072124
 ( 7   4) <--> ( 7   2)       -1.630659      0.177270      0.177270   WU    39.539573     39.539573
 ( 7   4) <--> ( 7   3)        0.524457      0.018337      0.018337   WU     4.090016      4.090016
 ( 7   4) <--> ( 7   4)       -0.103101     -0.069043   (eb)
 ( 7   1) <--> ( 8   1)        1.554292      0.161055      0.142107   WU    35.922871     31.696650
 ( 7   1) <--> ( 8   2)       -0.647385      0.027940      0.024653   WU     6.232041      5.498860
 ( 7   1) <--> ( 8   3)       -1.699049      0.192451      0.169810   WU    42.925711     37.875627
 ( 7   1) <--> ( 8   4)       -0.477012      0.015169      0.013385   WU     3.383483      2.985426
 ( 7   2) <--> ( 8   1)       -0.176634      0.002080      0.001835   WU     0.463931      0.409351
 ( 7   2) <--> ( 8   2)        1.232118      0.101208      0.089301   WU    22.574093     19.918317
 ( 7   2) <--> ( 8   3)       -0.557734      0.020738      0.018298   WU     4.625517      4.081338
 ( 7   2) <--> ( 8   4)       -0.548200      0.020035      0.017678   WU     4.468718      3.942987
 ( 7   3) <--> ( 8   1)       -0.025140      0.000042      0.000037   WU     0.009398      0.008293
 ( 7   3) <--> ( 8   2)       -0.087990      0.000516      0.000455   WU     0.115126      0.101582
 ( 7   3) <--> ( 8   3)        1.513529      0.152718      0.134751   WU    34.063320     30.055870
 ( 7   3) <--> ( 8   4)       -0.436504      0.012702      0.011208   WU     2.833227      2.499907
 ( 7   4) <--> ( 8   1)        0.062780      0.000263      0.000232   WU     0.058606      0.051711
 ( 7   4) <--> ( 8   2)       -0.298216      0.005929      0.005231   WU     1.322418      1.166839
 ( 7   4) <--> ( 8   3)        0.095278      0.000605      0.000534   WU     0.134987      0.119107
 ( 7   4) <--> ( 8   4)        0.880303      0.051662      0.045584   WU    11.523108     10.167448
 ( 7   1) <--> ( 9   1)        4.774893      1.519973      1.199979   WU   339.025803    267.651949
 ( 7   1) <--> ( 9   2)        0.064912      0.000281      0.000222   WU     0.062654      0.049464
 ( 7   1) <--> ( 9   3)       -0.144787      0.001398      0.001103   WU     0.311722      0.246096
 ( 7   1) <--> ( 9   4)       -0.083256      0.000462      0.000365   WU     0.103070      0.081371
 ( 7   2) <--> ( 9   1)        1.009099      0.067885      0.053594   WU    15.141640     11.953926
 ( 7   2) <--> ( 9   2)       -3.985912      1.059166      0.836184   WU   236.244085    186.508488
 ( 7   2) <--> ( 9   3)        1.116274      0.083071      0.065582   WU    18.528782     14.627986
 ( 7   2) <--> ( 9   4)        0.378251      0.009538      0.007530   WU     2.127477      1.679587
 ( 7   3) <--> ( 9   1)       -1.306157      0.113736      0.089792   WU    25.368597     20.027840
 ( 7   3) <--> ( 9   2)       -0.643112      0.027573      0.021768   WU     6.150049      4.855302
 ( 7   3) <--> ( 9   3)       -4.414538      1.299210      1.025692   WU   289.785130    228.777734
 ( 7   3) <--> ( 9   4)        0.229201      0.003502      0.002765   WU     0.781155      0.616701
 ( 7   4) <--> ( 9   1)        0.112279      0.000840      0.000664   WU     0.187458      0.147993
 ( 7   4) <--> ( 9   2)       -1.479368      0.145902      0.115186   WU    32.543047     25.691879
 ( 7   4) <--> ( 9   3)        0.395530      0.010430      0.008234   WU     2.326299      1.836552
 ( 7   4) <--> ( 9   4)       -3.344813      0.745852      0.588830   WU   166.360127    131.336942
 ( 8   1) <--> ( 8   1)       -2.760109     -1.778051   (eb)
 ( 8   2) <--> ( 8   1)       -1.432886      0.120774      0.120774   WU    26.938364     26.938364
 ( 8   2) <--> ( 8   2)       -2.115688     -1.362918   (eb)
 ( 8   3) <--> ( 8   1)       -0.378897      0.008445      0.008445   WU     1.883609      1.883609
 ( 8   3) <--> ( 8   2)       -0.686734      0.027741      0.027741   WU     6.187647      6.187647
 ( 8   3) <--> ( 8   3)       -2.967103     -1.911396   (eb)
 ( 8   4) <--> ( 8   1)        0.106162      0.000663      0.000663   WU     0.147871      0.147871
 ( 8   4) <--> ( 8   2)       -2.320764      0.316820      0.316820   WU    70.665872     70.665872
 ( 8   4) <--> ( 8   3)        0.088432      0.000460      0.000460   WU     0.102604      0.102604
 ( 8   4) <--> ( 8   4)       -1.576835     -1.015791   (eb)
 ( 8   1) <--> ( 9   1)        0.129597      0.000988      0.000884   WU     0.220364      0.197167
 ( 8   1) <--> ( 9   2)       -0.060651      0.000216      0.000194   WU     0.048264      0.043184
 ( 8   1) <--> ( 9   3)       -0.073806      0.000320      0.000287   WU     0.071472      0.063948
 ( 8   1) <--> ( 9   4)       -0.008283      0.000004      0.000004   WU     0.000900      0.000805
 ( 8   2) <--> ( 9   1)       -1.250995      0.092058      0.082368   WU    20.533329     18.371926
 ( 8   2) <--> ( 9   2)       -0.187158      0.002060      0.001844   WU     0.459583      0.411206
 ( 8   2) <--> ( 9   3)        0.152811      0.001374      0.001229   WU     0.306378      0.274127
 ( 8   2) <--> ( 9   4)        0.132315      0.001030      0.000921   WU     0.229704      0.205524
 ( 8   3) <--> ( 9   1)       -1.845248      0.200291      0.179207   WU    44.674272     39.971717
 ( 8   3) <--> ( 9   2)        0.646006      0.024548      0.021964   WU     5.475469      4.899104
 ( 8   3) <--> ( 9   3)       -0.044816      0.000118      0.000106   WU     0.026352      0.023578
 ( 8   3) <--> ( 9   4)       -0.100673      0.000596      0.000533   WU     0.132975      0.118978
 ( 8   4) <--> ( 9   1)       -0.532673      0.016691      0.014934   WU     3.722793      3.330920
 ( 8   4) <--> ( 9   2)        1.260921      0.093525      0.083680   WU    20.860453     18.664616
 ( 8   4) <--> ( 9   3)       -0.155864      0.001429      0.001279   WU     0.318740      0.285189
 ( 8   4) <--> ( 9   4)       -0.441247      0.011453      0.010247   WU     2.554537      2.285638
 ( 8   1) <--> (10   1)        5.304912      1.655417      1.340100   WU   369.236182    298.905481
 ( 8   1) <--> (10   2)        0.008781      0.000005      0.000004   WU     0.001012      0.000819
 ( 8   1) <--> (10   3)       -0.314606      0.005822      0.004713   WU     1.298616      1.051260
 ( 8   1) <--> (10   4)       -0.143499      0.001211      0.000981   WU     0.270175      0.218713
 ( 8   2) <--> (10   1)        1.254608      0.092591      0.074954   WU    20.652095     16.718363
 ( 8   2) <--> (10   2)       -4.590409      1.239521      1.003422   WU   276.471705    223.810428
 ( 8   2) <--> (10   3)        0.571718      0.019227      0.015565   WU     4.288564      3.471695
 ( 8   2) <--> (10   4)        0.734139      0.031704      0.025665   WU     7.071387      5.724456
 ( 8   3) <--> (10   1)       -1.583243      0.147450      0.119365   WU    32.888422     26.623961
 ( 8   3) <--> (10   2)       -0.854227      0.042924      0.034748   WU     9.574028      7.750404
 ( 8   3) <--> (10   3)       -5.101351      1.530811      1.239228   WU   341.443029    276.406261
 ( 8   3) <--> (10   4)       -0.310040      0.005654      0.004577   WU     1.261199      1.020970
 ( 8   4) <--> (10   1)        0.390238      0.008958      0.007252   WU     1.998053      1.617471
 ( 8   4) <--> (10   2)       -2.376162      0.332126      0.268864   WU    74.079858     59.969409
 ( 8   4) <--> (10   3)        1.018024      0.060963      0.049351   WU    13.597660     11.007630
 ( 8   4) <--> (10   4)       -3.856461      0.874841      0.708204   WU   195.130765    157.963000
 ( 9   1) <--> ( 9   1)       -3.188109     -1.979440   (eb)
 ( 9   2) <--> ( 9   1)        1.471476      0.113960      0.113960   WU    25.418497     25.418497
 ( 9   2) <--> ( 9   2)       -2.442391     -1.516437   (eb)
 ( 9   3) <--> ( 9   1)        0.156596      0.001291      0.001291   WU     0.287875      0.287875
 ( 9   3) <--> ( 9   2)        0.476870      0.011969      0.011969   WU     2.669580      2.669580
 ( 9   3) <--> ( 9   3)       -2.556226     -1.587115   (eb)
 ( 9   4) <--> ( 9   1)       -0.136969      0.000987      0.000987   WU     0.220236      0.220236
 ( 9   4) <--> ( 9   2)       -1.873770      0.184790      0.184790   WU    41.216932     41.216932
 ( 9   4) <--> ( 9   3)        0.456989      0.010992      0.010992   WU     2.451632      2.451632
 ( 9   4) <--> ( 9   4)       -0.963604     -0.598285   (eb)
 ( 9   1) <--> (10   1)        1.755650      0.162227      0.146776   WU    36.184198     32.738084
 ( 9   1) <--> (10   2)        0.876820      0.040464      0.036610   WU     9.025352      8.165795
 ( 9   1) <--> (10   3)        1.394733      0.102383      0.092632   WU    22.836289     20.661404
 ( 9   1) <--> (10   4)        0.369119      0.007171      0.006488   WU     1.599469      1.447139
 ( 9   2) <--> (10   1)        0.171346      0.001545      0.001398   WU     0.344658      0.311834
 ( 9   2) <--> (10   2)        1.373583      0.099302      0.089844   WU    22.148939     20.039516
 ( 9   2) <--> (10   3)       -0.157967      0.001313      0.001188   WU     0.292940      0.265041
 ( 9   2) <--> (10   4)       -1.302844      0.089337      0.080829   WU    19.926354     18.028606
 ( 9   3) <--> (10   1)        0.027514      0.000040      0.000036   WU     0.008887      0.008041
 ( 9   3) <--> (10   2)       -0.148688      0.001164      0.001053   WU     0.259535      0.234818
 ( 9   3) <--> (10   3)        1.842310      0.178637      0.161624   WU    39.844540     36.049822
 ( 9   3) <--> (10   4)       -0.234006      0.002882      0.002608   WU     0.642834      0.581612
 ( 9   4) <--> (10   1)       -0.051378      0.000139      0.000126   WU     0.030988      0.028037
 ( 9   4) <--> (10   2)       -0.165855      0.001448      0.001310   WU     0.322925      0.292170
 ( 9   4) <--> (10   3)        0.065073      0.000223      0.000202   WU     0.049710      0.044976
 ( 9   4) <--> (10   4)        1.038679      0.056782      0.051374   WU    12.665012     11.458820
 (10   1) <--> (10   1)       -3.319888     -1.990583   (eb)
 (10   2) <--> (10   1)        1.396802      0.092907      0.092907   WU    20.722740     20.722740
 (10   2) <--> (10   2)       -3.855103     -2.311494   (eb)
 (10   3) <--> (10   1)        0.201362      0.001931      0.001931   WU     0.430658      0.430658
 (10   3) <--> (10   2)       -0.502219      0.012011      0.012011   WU     2.678946      2.678946
 (10   3) <--> (10   3)       -3.522763     -2.112226   (eb)
 (10   4) <--> (10   1)       -0.241668      0.002781      0.002781   WU     0.620319      0.620319
 (10   4) <--> (10   2)       -2.203491      0.231208      0.231208   WU    51.570348     51.570348
 (10   4) <--> (10   3)        0.294965      0.004143      0.004143   WU     0.924100      0.924100
 (10   4) <--> (10   4)       -2.979237     -1.786331   (eb)
 
  quadrupole shape invariant: 01+, 02+, 03+, 04+
quadr2     0.58184856     1.19530847     2.77799773     1.42107469
quadr3     0.22712931     0.58485492     4.02233713     0.51096302
  effective deformation parameters:  01+, 02+, 03+, 04+
beteff     0.12619519     0.18087470     0.27574253     0.19721787
cos3ga     0.51175044     0.44753618     0.86872164     0.30162276
 
 ********* END Transition **************************
