 ********* BEGIN READER ****************************
 
 Nucleus            :  Cf  98 196
 Imin, Imax         :     0  10
 imu, remu          :     1 12.0000
 nlevel             :     4
 observables        :     2
 wave fun           :     1
 nbet, ngam, npar   :    10   7  10
 Finish reading parameters: V, B_k ...
 
 ********* END READER ******************************
 
 ********* BEGIN LEVELS ********************
 
 E_0 = -2046.295588
 
  I=   0   ntot= 127
   0   1    0.000000
   0   2    1.139898
   0   3    1.522658
   0   4    1.902834
 
  I=   2   ntot= 234
   2   1    0.130060
   2   2    1.261705
   2   3    1.272526
   2   4    1.634554
 
  I=   3   ntot= 108
   3   1    1.404550
   3   2    1.738863
   3   3    2.402639
   3   4    2.675627
 
  I=   4   ntot= 324
   4   1    0.385296
   4   2    1.467941
   4   3    1.536781
   4   4    1.854689
 
  I=   5   ntot= 198
   5   1    1.708593
   5   2    2.002163
   5   3    2.156689
   5   4    2.627548
 
  I=   6   ntot= 432
   6   1    0.745437
   6   2    1.724971
   6   3    1.885025
   6   4    2.140628
 
  I=   7   ntot= 306
   7   1    2.067081
   7   2    2.363615
   7   3    2.496092
   7   4    2.850664
 
  I=   8   ntot= 522
   8   1    1.196342
   8   2    2.027048
   8   3    2.286199
   8   4    2.341677
 
  I=   9   ntot= 397
   9   1    2.456786
   9   2    2.822718
   9   3    2.889294
   9   4    3.122103
 
  I=  10   ntot= 630
  10   1    1.728382
  10   2    2.372814
  10   3    2.543313
  10   4    2.764495
 
 ********* END LEVELS **********************
 
 ********* BEGIN Transition ************************
 
  Monopole moment 
 
   I   n    <In|E0|In>   ave \beta      del<b>   ave \gamma    del<g>  
     K=0       K=2       K=4   
   0   1     38.679135    0.187234    0.040210   15.843644    9.811922  100.0000    0.0000    0.0000
   0   2     39.237850    0.272833    0.081214   18.234986    8.150388  100.0000    0.0000    0.0000
   0   3     39.598971    0.315621    0.100497   20.074797    9.339280   99.9999    0.0000    0.0000
   0   4     41.985767    0.552404    0.097949    7.626665   11.415068   99.9991    0.0000    0.0000
   2   1     38.697061    0.191141    0.039862   15.409226    9.518239   99.8871    0.1129    0.0000
   2   2     39.248774    0.274564    0.081338   18.623812    8.437781   75.6345   24.3655    0.0000
   2   3     39.117290    0.255053    0.076921   20.862370    8.697523   24.4999   75.5001    0.0000
   2   4     39.782390    0.334507    0.079304   21.564654    8.117457    1.2108   98.7891    0.0000
   3   1     39.066221    0.247631    0.071250   21.282309    7.801668    0.0000  100.0000    0.0000
   3   2     39.762838    0.333333    0.083981   21.087335    7.953676    0.0000   99.9999    0.0000
   3   3     40.332444    0.398120    0.118195   16.225528   11.481429    0.0000   99.9999    0.0000
   3   4     40.807863    0.450435    0.151519   12.975759   13.399494    0.0000   99.9996    0.0000
   4   1     38.721780    0.196170    0.040012   14.948583    9.238768   99.4402    0.5521    0.0077
   4   2     39.575505    0.314643    0.074681   18.806545    8.430640   91.5352    8.4067    0.0581
   4   3     39.112710    0.254799    0.074254   20.504398    8.197796    8.4876   90.8835    0.6289
   4   4     39.712070    0.328435    0.089011   20.806578    8.027220    4.5253   93.6568    1.8178
   5   1     39.293889    0.278673    0.076845   20.750600    7.688624    0.0000   98.4712    1.5287
   5   2     39.666554    0.324188    0.095123   20.400754    8.053290    0.0000   95.7874    4.2125
   5   3     40.005663    0.355349    0.055995   22.713688    7.709193    0.0000    5.5417   94.4582
   5   4     40.829267    0.449031    0.124919   13.631442   11.769557    0.0000   97.3491    2.6507
   6   1     38.751334    0.201854    0.040682   14.562908    8.958922   98.4683    1.5119    0.0179
   6   2     39.758122    0.334656    0.071598   19.181983    8.835135   78.8988   20.4833    0.6055
   6   3     39.323292    0.284126    0.081757   19.144899    9.194754   21.3894   75.8233    2.7283
   6   4     41.877210    0.545249    0.109301    7.349736   10.543258   98.8403    1.0121    0.1376
   7   1     39.632971    0.319551    0.074803   20.291300    7.747891    0.0000   93.7274    6.1270
   7   2     39.490014    0.305092    0.105944   19.796557    8.515517    0.0000   89.8531    9.7984
   7   3     40.116478    0.368447    0.059878   21.306754    8.396324    0.0000   15.7892   77.9494
   7   4     40.138613    0.366880    0.052454   23.833108    7.653531    0.0000    0.3239    9.3712
   8   1     38.785573    0.208114    0.042102   14.315538    8.616932   96.9021    3.0442    0.0507
   8   2     39.928553    0.352754    0.071461   19.166107    9.606771   68.3677   29.6517    1.9037
   8   3     40.300801    0.401164    0.144725   12.910701   15.062955   45.7589   47.8116    6.1153
   8   4     41.702687    0.532431    0.127419    7.398660   11.584968   87.3790   11.2296    1.3170
   9   1     39.941697    0.353180    0.067386   19.846014    7.956164    0.0000   85.5532   13.6438
   9   2     39.434801    0.299258    0.111452   19.143188    9.887467    0.0000   81.1007   17.0791
   9   3     40.283278    0.388098    0.078842   19.159657   10.753746    0.0000   32.4319   55.2227
   9   4     42.036197    0.556470    0.098636    9.542389    8.635111    0.0000   96.6433    2.4503
  10   1     38.827413    0.215391    0.045050   14.286346    8.082546   94.6849    5.1780    0.1307
  10   2     40.124187    0.373990    0.082643   18.258630   11.648476   61.8662   34.3784    3.5243
  10   3     42.405504    0.585173    0.073707    6.648462    9.440497   94.1070    4.9247    0.8825
  10   4     39.923868    0.356235    0.097926   16.808412   12.777667   46.7807   37.0696   14.5518
 
  rho^2(E0) 
 
   I  n_1 n_2  <In_1|E0|In_2>  rho^2(E0) 
   0   1   1       38.679135 3544.465886
   0   2   1        0.185228    0.081285
   0   2   2       39.237850 3647.603990
   0   3   1        0.065209    0.010074
   0   3   2       -0.540471    0.692056
   0   3   3       39.598971 3715.053613
   0   4   1       -0.000056    0.000000
   0   4   2       -0.076507    0.013867
   0   4   3        0.380236    0.342534
   0   4   4       41.985767 4176.394101
   2   1   1       38.697061 3547.751933
   2   2   1       -0.159675    0.060405
   2   2   2       39.248774 3649.635442
   2   3   1       -0.086274    0.017634
   2   3   2        0.205508    0.100058
   2   3   3       39.117290 3625.223714
   2   4   1        0.001114    0.000003
   2   4   2       -0.242129    0.138896
   2   4   3        0.359778    0.306667
   2   4   4       39.782390 3749.548936
   3   1   1       39.066221 3615.764065
   3   2   1        0.490834    0.570777
   3   2   2       39.762838 3745.864188
   3   3   1       -0.001982    0.000009
   3   3   2        0.549804    0.716165
   3   3   3       40.332444 3853.952561
   3   4   1        0.050020    0.005928
   3   4   2       -0.179915    0.076689
   3   4   3        0.800297    1.517398
   3   4   4       40.807863 3945.344984
   4   1   1       38.721780 3552.285893
   4   2   1       -0.171988    0.070080
   4   2   2       39.575505 3710.651842
   4   3   1        0.050216    0.005974
   4   3   2       -0.002532    0.000015
   4   3   3       39.112710 3624.374839
   4   4   1       -0.032266    0.002467
   4   4   2       -0.209487    0.103971
   4   4   3       -0.478070    0.541477
   4   4   4       39.712070 3736.305199
   5   1   1       39.293889 3658.030473
   5   2   1       -0.584000    0.808020
   5   2   2       39.666554 3727.745381
   5   3   1       -0.061286    0.008899
   5   3   2        0.001401    0.000005
   5   3   3       40.005663 3791.754732
   5   4   1        0.063624    0.009590
   5   4   2       -0.539554    0.689711
   5   4   3       -0.070185    0.011671
   5   4   4       40.829267 3949.484862
   6   1   1       38.751334 3557.710375
   6   2   1       -0.162807    0.062797
   6   2   2       39.758122 3744.975678
   6   3   1       -0.078138    0.014465
   6   3   2        0.018006    0.000768
   6   3   3       39.323292 3663.506903
   6   4   1       -0.062625    0.009292
   6   4   2       -0.398553    0.376331
   6   4   3       -0.274332    0.178300
   6   4   4       41.877210 4154.825220
   7   1   1       39.632971 3721.435889
   7   2   1       -0.612910    0.890002
   7   2   2       39.490014 3694.637719
   7   3   1        0.120298    0.034286
   7   3   2        0.026941    0.001720
   7   3   3       40.116478 3812.790000
   7   4   1       -0.010919    0.000282
   7   4   2        0.051342    0.006245
   7   4   3        0.048801    0.005642
   7   4   4       40.138613 3816.998720
   8   1   1       38.785573 3564.000032
   8   2   1        0.165160    0.064626
   8   2   2       39.928553 3777.151744
   8   3   1       -0.069167    0.011334
   8   3   2       -0.163191    0.063094
   8   3   3       40.300801 3847.907626
   8   4   1       -0.076562    0.013888
   8   4   2        0.319254    0.241474
   8   4   3       -1.254041    3.725812
   8   4   4       41.702687 4120.266951
   9   1   1       39.941697 3779.638893
   9   2   1       -0.534948    0.677984
   9   2   2       39.434801 3684.313558
   9   3   1       -0.217857    0.112445
   9   3   2       -0.074954    0.013310
   9   3   3       40.283278 3844.562125
   9   4   1       -0.120421    0.034356
   9   4   2        0.530389    0.666478
   9   4   3        0.517433    0.634316
   9   4   4       42.036197 4186.432819
  10   1   1       38.827413 3571.693580
  10   2   1        0.188318    0.084020
  10   2   2       40.124187 3814.255408
  10   3   1       -0.022798    0.001231
  10   3   2        0.532891    0.672782
  10   3   3       42.405504 4260.315383
  10   4   1        0.108131    0.027701
  10   4   2       -0.100089    0.023734
  10   4   3       -0.407848    0.394089
  10   4   4       39.923868 3776.265375
 
  E2 transition 
 
  I1  n1        I2  n2       <f||E2||i>   B(E2,I1->I2)  B(E2,I2->I1)
 ( 0   1) <--> ( 2   1)        2.680225      7.183605      1.436721   WU   618.623125    123.724625
 ( 0   1) <--> ( 2   2)       -0.090973      0.008276      0.001655   WU     0.712704      0.142541
 ( 0   1) <--> ( 2   3)       -0.567083      0.321583      0.064317   WU    27.693468      5.538694
 ( 0   1) <--> ( 2   4)        0.161499      0.026082      0.005216   WU     2.246060      0.449212
 ( 0   2) <--> ( 2   1)        0.634804      0.402977      0.080595   WU    34.702715      6.940543
 ( 0   2) <--> ( 2   2)       -3.120784      9.739294      1.947859   WU   838.708760    167.741752
 ( 0   2) <--> ( 2   3)       -2.254836      5.084287      1.016857   WU   437.838281     87.567656
 ( 0   2) <--> ( 2   4)       -0.455190      0.207198      0.041440   WU    17.843064      3.568613
 ( 0   3) <--> ( 2   1)        0.367438      0.135010      0.027002   WU    11.626556      2.325311
 ( 0   3) <--> ( 2   2)        1.057123      1.117509      0.223502   WU    96.235365     19.247073
 ( 0   3) <--> ( 2   3)        1.279975      1.638336      0.327667   WU   141.086869     28.217374
 ( 0   3) <--> ( 2   4)        0.475432      0.226036      0.045207   WU    19.465290      3.893058
 ( 0   4) <--> ( 2   1)       -0.061098      0.003733      0.000747   WU     0.321471      0.064294
 ( 0   4) <--> ( 2   2)        0.324580      0.105352      0.021070   WU     9.072520      1.814504
 ( 0   4) <--> ( 2   3)       -0.066583      0.004433      0.000887   WU     0.381773      0.076355
 ( 0   4) <--> ( 2   4)       -0.236731      0.056041      0.011208   WU     4.826056      0.965211
 ( 2   1) <--> ( 2   1)       -3.188704     -2.416825   (eb)
 ( 2   2) <--> ( 2   1)        0.911761      0.166262      0.166262   WU    14.317791     14.317791
 ( 2   2) <--> ( 2   2)       -3.067656     -2.325078   (eb)
 ( 2   3) <--> ( 2   1)       -0.427903      0.036620      0.036620   WU     3.153583      3.153583
 ( 2   3) <--> ( 2   2)       -3.267184      2.134899      2.134899   WU   183.848864    183.848864
 ( 2   3) <--> ( 2   3)        2.201299      1.668438   (eb)
 ( 2   4) <--> ( 2   1)        0.279120      0.015582      0.015582   WU     1.341825      1.341825
 ( 2   4) <--> ( 2   2)        0.949771      0.180413      0.180413   WU    15.536436     15.536436
 ( 2   4) <--> ( 2   3)        1.651859      0.545727      0.545727   WU    46.995842     46.995842
 ( 2   4) <--> ( 2   4)        4.959832      3.759221   (eb)
 ( 2   1) <--> ( 3   1)       -0.713450      0.101802      0.072716   WU     8.766795      6.261997
 ( 2   1) <--> ( 3   2)        0.317675      0.020183      0.014417   WU     1.738116      1.241511
 ( 2   1) <--> ( 3   3)       -0.105658      0.002233      0.001595   WU     0.192274      0.137339
 ( 2   1) <--> ( 3   4)        0.082247      0.001353      0.000966   WU     0.116507      0.083219
 ( 2   2) <--> ( 3   1)        3.077778      1.894544      1.353246   WU   163.150469    116.536050
 ( 2   2) <--> ( 3   2)        1.066557      0.227509      0.162506   WU    19.592141     13.994387
 ( 2   2) <--> ( 3   3)       -0.302141      0.018258      0.013041   WU     1.572292      1.123066
 ( 2   2) <--> ( 3   4)        0.259223      0.013439      0.009600   WU     1.157342      0.826673
 ( 2   3) <--> ( 3   1)       -3.983405      3.173502      2.266787   WU   273.289235    195.206596
 ( 2   3) <--> ( 3   2)       -0.203260      0.008263      0.005902   WU     0.711572      0.508266
 ( 2   3) <--> ( 3   3)       -0.073124      0.001069      0.000764   WU     0.092094      0.065781
 ( 2   3) <--> ( 3   4)       -0.222679      0.009917      0.007084   WU     0.854031      0.610022
 ( 2   4) <--> ( 3   1)       -1.969861      0.776070      0.554336   WU    66.832045     47.737175
 ( 2   4) <--> ( 3   2)       -7.079590     10.024119      7.160085   WU   863.236744    616.597674
 ( 2   4) <--> ( 3   3)       -1.204608      0.290216      0.207297   WU    24.992227     17.851591
 ( 2   4) <--> ( 3   4)        0.259091      0.013426      0.009590   WU     1.156163      0.825831
 ( 2   1) <--> ( 4   1)        4.432306      3.929067      2.182815   WU   338.355386    187.975214
 ( 2   1) <--> ( 4   2)       -0.501653      0.050331      0.027962   WU     4.334307      2.407949
 ( 2   1) <--> ( 4   3)       -0.124465      0.003098      0.001721   WU     0.266815      0.148230
 ( 2   1) <--> ( 4   4)       -0.259732      0.013492      0.007496   WU     1.161887      0.645493
 ( 2   2) <--> ( 4   1)       -0.788631      0.124388      0.069104   WU    10.711776      5.950987
 ( 2   2) <--> ( 4   2)        5.183366      5.373456      2.985253   WU   462.740339    257.077966
 ( 2   2) <--> ( 4   3)       -2.515316      1.265363      0.702979   WU   108.967958     60.537755
 ( 2   2) <--> ( 4   4)        0.071419      0.001020      0.000567   WU     0.087850      0.048806
 ( 2   3) <--> ( 4   1)       -0.638638      0.081572      0.045318   WU     7.024620      3.902567
 ( 2   3) <--> ( 4   2)        4.232607      3.582993      1.990552   WU   308.552925    171.418291
 ( 2   3) <--> ( 4   3)        2.371577      1.124875      0.624931   WU    96.869710     53.816506
 ( 2   3) <--> ( 4   4)       -0.347505      0.024152      0.013418   WU     2.079872      1.155484
 ( 2   4) <--> ( 4   1)        0.037333      0.000279      0.000155   WU     0.024005      0.013336
 ( 2   4) <--> ( 4   2)        0.621445      0.077239      0.042910   WU     6.651489      3.695271
 ( 2   4) <--> ( 4   3)        1.393282      0.388247      0.215693   WU    33.434255     18.574586
 ( 2   4) <--> ( 4   4)       -4.535378      4.113931      2.285517   WU   354.275131    196.819517
 ( 3   1) <--> ( 3   1)        0.000000      0.000000   (eb)
 ( 3   2) <--> ( 3   1)        0.000000      0.000000      0.000000   WU     0.000000      0.000000
 ( 3   2) <--> ( 3   2)        0.000000      0.000000   (eb)
 ( 3   3) <--> ( 3   1)        0.000000      0.000000      0.000000   WU     0.000000      0.000000
 ( 3   3) <--> ( 3   2)        0.000000      0.000000      0.000000   WU     0.000000      0.000000
 ( 3   3) <--> ( 3   3)        0.000000      0.000000   (eb)
 ( 3   4) <--> ( 3   1)        0.000000      0.000000      0.000000   WU     0.000000      0.000000
 ( 3   4) <--> ( 3   2)        0.000000      0.000000      0.000000   WU     0.000000      0.000000
 ( 3   4) <--> ( 3   3)        0.000000      0.000000      0.000000   WU     0.000000      0.000000
 ( 3   4) <--> ( 3   4)        0.000000      0.000000   (eb)
 ( 3   1) <--> ( 4   1)        0.772082      0.085159      0.066235   WU     7.333524      5.703852
 ( 3   1) <--> ( 4   2)       -1.949295      0.542822      0.422195   WU    46.745609     36.357696
 ( 3   1) <--> ( 4   3)       -4.763633      3.241743      2.521356   WU   279.165816    217.128968
 ( 3   1) <--> ( 4   4)        0.721649      0.074397      0.057864   WU     6.406748      4.983026
 ( 3   2) <--> ( 4   1)       -0.298820      0.012756      0.009921   WU     1.098509      0.854396
 ( 3   2) <--> ( 4   2)       -2.128982      0.647509      0.503618   WU    55.760873     43.369568
 ( 3   2) <--> ( 4   3)       -1.318690      0.248420      0.193216   WU    21.392956     16.638966
 ( 3   2) <--> ( 4   4)        6.421509      5.890826      4.581753   WU   507.294150    394.562116
 ( 3   3) <--> ( 4   1)        0.082944      0.000983      0.000764   WU     0.084636      0.065828
 ( 3   3) <--> ( 4   2)        0.137580      0.002704      0.002103   WU     0.232859      0.181113
 ( 3   3) <--> ( 4   3)       -0.108432      0.001680      0.001306   WU     0.144643      0.112500
 ( 3   3) <--> ( 4   4)        1.976081      0.557842      0.433877   WU    48.039108     37.363751
 ( 3   4) <--> ( 4   1)       -0.060772      0.000528      0.000410   WU     0.045436      0.035339
 ( 3   4) <--> ( 4   2)       -0.116712      0.001946      0.001514   WU     0.167579      0.130339
 ( 3   4) <--> ( 4   3)       -0.358379      0.018348      0.014271   WU     1.580049      1.228927
 ( 3   4) <--> ( 4   4)       -0.431803      0.026636      0.020717   WU     2.293811      1.784075
 ( 3   1) <--> ( 5   1)        5.111917      3.733100      2.375609   WU   321.479515    204.577873
 ( 3   1) <--> ( 5   2)       -0.311427      0.013855      0.008817   WU     1.193158      0.759282
 ( 3   1) <--> ( 5   3)        0.499574      0.035654      0.022689   WU     3.070337      1.953851
 ( 3   1) <--> ( 5   4)       -0.035078      0.000176      0.000112   WU     0.015138      0.009633
 ( 3   2) <--> ( 5   1)        2.602922      0.967886      0.615928   WU    83.350447     53.041194
 ( 3   2) <--> ( 5   2)       -6.394326      5.841058      3.717037   WU   503.008396    320.096252
 ( 3   2) <--> ( 5   3)        0.069146      0.000683      0.000435   WU     0.058820      0.037431
 ( 3   2) <--> ( 5   4)        0.752335      0.080858      0.051455   WU     6.963187      4.431119
 ( 3   3) <--> ( 5   1)        0.260196      0.009672      0.006155   WU     0.832888      0.530020
 ( 3   3) <--> ( 5   2)       -2.136679      0.652200      0.415036   WU    56.164798     35.741235
 ( 3   3) <--> ( 5   3)       -0.906151      0.117301      0.074646   WU    10.101524      6.428242
 ( 3   3) <--> ( 5   4)        8.069126      9.301543      5.919164   WU   801.011365    509.734505
 ( 3   4) <--> ( 5   1)        0.427162      0.026067      0.016588   WU     2.244767      1.428488
 ( 3   4) <--> ( 5   2)        0.521011      0.038779      0.024678   WU     3.339491      2.125130
 ( 3   4) <--> ( 5   3)       -0.814363      0.094741      0.060290   WU     8.158721      5.191913
 ( 3   4) <--> ( 5   4)        4.073904      2.370956      1.508790   WU   204.177200    129.930946
 ( 4   1) <--> ( 4   1)       -4.110620     -3.099800   (eb)
 ( 4   2) <--> ( 4   1)        0.433347      0.020865      0.020865   WU     1.796852      1.796852
 ( 4   2) <--> ( 4   2)       -5.290302     -3.989393   (eb)
 ( 4   3) <--> ( 4   1)       -1.257384      0.175668      0.175668   WU    15.127845     15.127845
 ( 4   3) <--> ( 4   2)        1.825750      0.370374      0.370374   WU    31.895077     31.895077
 ( 4   3) <--> ( 4   3)       -2.559317     -1.929970   (eb)
 ( 4   4) <--> ( 4   1)       -0.371963      0.015373      0.015373   WU     1.323854      1.323854
 ( 4   4) <--> ( 4   2)       -1.617896      0.290843      0.290843   WU    25.046215     25.046215
 ( 4   4) <--> ( 4   3)        0.785423      0.068543      0.068543   WU     5.902676      5.902676
 ( 4   4) <--> ( 4   4)       -2.279717     -1.719124   (eb)
 ( 4   1) <--> ( 5   1)       -0.629922      0.044089      0.036073   WU     3.796773      3.106451
 ( 4   1) <--> ( 5   2)       -0.423989      0.019974      0.016342   WU     1.720087      1.407344
 ( 4   1) <--> ( 5   3)       -0.034746      0.000134      0.000110   WU     0.011552      0.009451
 ( 4   1) <--> ( 5   4)       -0.113470      0.001431      0.001170   WU     0.123198      0.100799
 ( 4   2) <--> ( 5   1)       -0.262406      0.007651      0.006260   WU     0.658853      0.539061
 ( 4   2) <--> ( 5   2)       -0.406247      0.018337      0.015003   WU     1.579144      1.292027
 ( 4   2) <--> ( 5   3)        0.335133      0.012479      0.010210   WU     1.074673      0.879278
 ( 4   2) <--> ( 5   4)       -0.249517      0.006918      0.005660   WU     0.595721      0.487408
 ( 4   3) <--> ( 5   1)       -4.950255      2.722780      2.227729   WU   234.474866    191.843072
 ( 4   3) <--> ( 5   2)        0.454726      0.022975      0.018798   WU     1.978522      1.618790
 ( 4   3) <--> ( 5   3)        1.343777      0.200637      0.164158   WU    17.278076     14.136607
 ( 4   3) <--> ( 5   4)        0.036241      0.000146      0.000119   WU     0.012567      0.010282
 ( 4   4) <--> ( 5   1)        2.048428      0.466229      0.381460   WU    40.149729     32.849779
 ( 4   4) <--> ( 5   2)       -5.786650      3.720591      3.044120   WU   320.402286    262.147325
 ( 4   4) <--> ( 5   3)       -1.765866      0.346476      0.283480   WU    29.837113     24.412184
 ( 4   4) <--> ( 5   4)        0.799767      0.071070      0.058148   WU     6.120230      5.007461
 ( 4   1) <--> ( 6   1)        5.798544      3.735901      2.586393   WU   321.720720    222.729729
 ( 4   1) <--> ( 6   2)       -0.486615      0.026310      0.018215   WU     2.265753      1.568598
 ( 4   1) <--> ( 6   3)       -0.097415      0.001054      0.000730   WU     0.090802      0.062863
 ( 4   1) <--> ( 6   4)       -0.230641      0.005911      0.004092   WU     0.508996      0.352382
 ( 4   2) <--> ( 6   1)       -1.266998      0.178365      0.123483   WU    15.360074     10.633897
 ( 4   2) <--> ( 6   2)        9.207135      9.419036      6.520871   WU   811.129424    561.551140
 ( 4   2) <--> ( 6   3)        1.176700      0.153847      0.106509   WU    13.248674      9.172159
 ( 4   2) <--> ( 6   4)       -0.457265      0.023232      0.016084   WU     2.000676      1.385084
 ( 4   3) <--> ( 6   1)       -0.006651      0.000005      0.000003   WU     0.000423      0.000293
 ( 4   3) <--> ( 6   2)        0.951976      0.100695      0.069712   WU     8.671480      6.003333
 ( 4   3) <--> ( 6   3)       -6.205809      4.279118      2.962466   WU   368.500393    255.115656
 ( 4   3) <--> ( 6   4)        0.087406      0.000849      0.000588   WU     0.073102      0.050609
 ( 4   4) <--> ( 6   1)       -0.396735      0.017489      0.012108   WU     1.506063      1.042659
 ( 4   4) <--> ( 6   2)       -2.278939      0.577063      0.399505   WU    49.694297     34.403744
 ( 4   4) <--> ( 6   3)        2.581679      0.740563      0.512697   WU    63.774304     44.151441
 ( 4   4) <--> ( 6   4)        0.111394      0.001379      0.000955   WU     0.118731      0.082198
 ( 5   1) <--> ( 5   1)       -3.403154     -2.471122   (eb)
 ( 5   2) <--> ( 5   1)        0.605753      0.033358      0.033358   WU     2.872649      2.872649
 ( 5   2) <--> ( 5   2)       -3.484728     -2.530355   (eb)
 ( 5   3) <--> ( 5   1)        2.004436      0.365251      0.365251   WU    31.453965     31.453965
 ( 5   3) <--> ( 5   2)       -2.710744      0.668012      0.668012   WU    57.526500     57.526500
 ( 5   3) <--> ( 5   3)        3.760542      2.730631   (eb)
 ( 5   4) <--> ( 5   1)       -0.089831      0.000734      0.000734   WU     0.063174      0.063174
 ( 5   4) <--> ( 5   2)        0.758988      0.052369      0.052369   WU     4.509842      4.509842
 ( 5   4) <--> ( 5   3)        0.628121      0.035867      0.035867   WU     3.088715      3.088715
 ( 5   4) <--> ( 5   4)       -5.613754     -4.076298   (eb)
 ( 5   1) <--> ( 6   1)        1.039593      0.098250      0.083135   WU     8.460926      7.159245
 ( 5   1) <--> ( 6   2)       -3.145813      0.899649      0.761242   WU    77.474150     65.555050
 ( 5   1) <--> ( 6   3)        4.000741      1.455084      1.231225   WU   125.305987    106.028143
 ( 5   1) <--> ( 6   4)       -0.119243      0.001293      0.001094   WU     0.111315      0.094190
 ( 5   2) <--> ( 6   1)        0.584524      0.031061      0.026282   WU     2.674825      2.263313
 ( 5   2) <--> ( 6   2)        2.742842      0.683925      0.578706   WU    58.896906     49.835843
 ( 5   2) <--> ( 6   3)       -0.874859      0.069580      0.058875   WU     5.991934      5.070098
 ( 5   2) <--> ( 6   4)       -0.038906      0.000138      0.000116   WU     0.011850      0.010027
 ( 5   3) <--> ( 6   1)        0.042129      0.000161      0.000137   WU     0.013895      0.011757
 ( 5   3) <--> ( 6   2)       -0.140745      0.001801      0.001524   WU     0.155080      0.131221
 ( 5   3) <--> ( 6   3)        1.168536      0.124134      0.105037   WU    10.689934      9.045329
 ( 5   3) <--> ( 6   4)       -0.415871      0.015723      0.013304   WU     1.353969      1.145666
 ( 5   4) <--> ( 6   1)        0.123380      0.001384      0.001171   WU     0.119173      0.100839
 ( 5   4) <--> ( 6   2)        0.069596      0.000440      0.000373   WU     0.037919      0.032086
 ( 5   4) <--> ( 6   3)        0.339327      0.010468      0.008857   WU     0.901422      0.762742
 ( 5   4) <--> ( 6   4)        1.136894      0.117502      0.099425   WU    10.118840      8.562095
 ( 5   1) <--> ( 7   1)        7.971402      5.776659      4.236217   WU   497.462570    364.805884
 ( 5   1) <--> ( 7   2)        0.082193      0.000614      0.000450   WU     0.052888      0.038785
 ( 5   1) <--> ( 7   3)        0.024175      0.000053      0.000039   WU     0.004575      0.003355
 ( 5   1) <--> ( 7   4)        0.040052      0.000146      0.000107   WU     0.012559      0.009210
 ( 5   2) <--> ( 7   1)       -4.406317      1.765058      1.294376   WU   151.999635    111.466399
 ( 5   2) <--> ( 7   2)        8.098761      5.962720      4.372662   WU   513.485435    376.555986
 ( 5   2) <--> ( 7   3)       -0.879827      0.070372      0.051606   WU     6.060184      4.444135
 ( 5   2) <--> ( 7   4)       -0.124798      0.001416      0.001038   WU     0.121929      0.089415
 ( 5   3) <--> ( 7   1)       -0.018871      0.000032      0.000024   WU     0.002788      0.002044
 ( 5   3) <--> ( 7   2)       -0.512788      0.023905      0.017530   WU     2.058573      1.509620
 ( 5   3) <--> ( 7   3)       -6.934730      4.371861      3.206032   WU   376.487064    276.090513
 ( 5   3) <--> ( 7   4)        1.074083      0.104878      0.076910   WU     9.031649      6.623209
 ( 5   4) <--> ( 7   1)        0.896694      0.073096      0.053604   WU     6.294762      4.616159
 ( 5   4) <--> ( 7   2)       -2.901464      0.765318      0.561233   WU    65.906068     48.331117
 ( 5   4) <--> ( 7   3)        1.806060      0.296532      0.217457   WU    25.536153     18.726512
 ( 5   4) <--> ( 7   4)       -0.780009      0.055310      0.040561   WU     4.763108      3.492946
 ( 6   1) <--> ( 6   1)       -4.929218     -3.436636   (eb)
 ( 6   2) <--> ( 6   1)        0.308250      0.007309      0.007309   WU     0.629430      0.629430
 ( 6   2) <--> ( 6   2)       -5.854249     -4.081565   (eb)
 ( 6   3) <--> ( 6   1)        1.474249      0.167185      0.167185   WU    14.397333     14.397333
 ( 6   3) <--> ( 6   2)       -2.137567      0.351477      0.351477   WU    30.267739     30.267739
 ( 6   3) <--> ( 6   3)       -5.715156     -3.984590   (eb)
 ( 6   4) <--> ( 6   1)        0.361301      0.010041      0.010041   WU     0.864728      0.864728
 ( 6   4) <--> ( 6   2)        1.348363      0.139852      0.139852   WU    12.043532     12.043532
 ( 6   4) <--> ( 6   3)        0.806754      0.050066      0.050066   WU     4.311439      4.311439
 ( 6   4) <--> ( 6   4)      -14.173576     -9.881776   (eb)
 ( 6   1) <--> ( 7   1)       -0.482688      0.017922      0.015533   WU     1.543381      1.337597
 ( 6   1) <--> ( 7   2)       -0.525100      0.021210      0.018382   WU     1.826520      1.582984
 ( 6   1) <--> ( 7   3)        0.071532      0.000394      0.000341   WU     0.033896      0.029376
 ( 6   1) <--> ( 7   4)        0.012125      0.000011      0.000010   WU     0.000974      0.000844
 ( 6   2) <--> ( 7   1)       -0.718440      0.039704      0.034410   WU     3.419179      2.963289
 ( 6   2) <--> ( 7   2)       -0.207987      0.003328      0.002884   WU     0.286559      0.248351
 ( 6   2) <--> ( 7   3)       -0.480188      0.017737      0.015372   WU     1.527439      1.323780
 ( 6   2) <--> ( 7   4)        0.052411      0.000211      0.000183   WU     0.018197      0.015770
 ( 6   3) <--> ( 7   1)        4.786677      1.762483      1.527485   WU   151.777898    131.540845
 ( 6   3) <--> ( 7   2)       -0.023823      0.000044      0.000038   WU     0.003760      0.003258
 ( 6   3) <--> ( 7   3)        1.248882      0.119977      0.103980   WU    10.331975      8.954379
 ( 6   3) <--> ( 7   4)       -0.116643      0.001047      0.000907   WU     0.090128      0.078111
 ( 6   4) <--> ( 7   1)       -0.549504      0.023227      0.020130   WU     2.000241      1.733542
 ( 6   4) <--> ( 7   2)        0.785404      0.047451      0.041124   WU     4.086268      3.541432
 ( 6   4) <--> ( 7   3)       -0.209373      0.003372      0.002922   WU     0.290391      0.251672
 ( 6   4) <--> ( 7   4)        0.105799      0.000861      0.000746   WU     0.074149      0.064262
 ( 6   1) <--> ( 8   1)        7.049150      3.822348      2.922972   WU   329.165154    251.714529
 ( 6   1) <--> ( 8   2)        0.442745      0.015079      0.011531   WU     1.298517      0.992983
 ( 6   1) <--> ( 8   3)       -0.172927      0.002300      0.001759   WU     0.198092      0.151482
 ( 6   1) <--> ( 8   4)       -0.236772      0.004312      0.003298   WU     0.371365      0.283985
 ( 6   2) <--> ( 8   1)       -1.473540      0.167025      0.127725   WU    14.383496     10.999144
 ( 6   2) <--> ( 8   2)      -11.761891     10.641698      8.137769   WU   916.420098    700.791839
 ( 6   2) <--> ( 8   3)        0.981070      0.074038      0.056618   WU     6.375886      4.875678
 ( 6   2) <--> ( 8   4)        0.194070      0.002897      0.002215   WU     0.249492      0.190788
 ( 6   3) <--> ( 8   1)       -0.208382      0.003340      0.002554   WU     0.287647      0.219965
 ( 6   3) <--> ( 8   2)        0.726319      0.040580      0.031032   WU     3.494578      2.672324
 ( 6   3) <--> ( 8   3)        8.123420      5.076150      3.881762   WU   437.137580    334.281679
 ( 6   3) <--> ( 8   4)        3.235586      0.805309      0.615824   WU    69.349954     53.032318
 ( 6   4) <--> ( 8   1)       -0.552265      0.023461      0.017941   WU     2.020389      1.545003
 ( 6   4) <--> ( 8   2)        2.811421      0.608007      0.464946   WU    52.359080     40.039296
 ( 6   4) <--> ( 8   3)       -9.614997      7.111397      5.438127   WU   612.404849    468.309591
 ( 6   4) <--> ( 8   4)       16.393030     20.671648     15.807731   WU  1780.158981   1361.298044
 ( 7   1) <--> ( 7   1)       -5.490158     -3.676549   (eb)
 ( 7   2) <--> ( 7   1)        0.566673      0.021408      0.021408   WU     1.843559      1.843559
 ( 7   2) <--> ( 7   2)       -4.702883     -3.149342   (eb)
 ( 7   3) <--> ( 7   1)       -3.164188      0.667473      0.667473   WU    57.480040     57.480040
 ( 7   3) <--> ( 7   2)        2.544329      0.431574      0.431574   WU    37.165409     37.165409
 ( 7   3) <--> ( 7   3)       -2.295730     -1.537363   (eb)
 ( 7   4) <--> ( 7   1)        0.138942      0.001287      0.001287   WU     0.110830      0.110830
 ( 7   4) <--> ( 7   2)       -0.572658      0.021862      0.021862   WU     1.882710      1.882710
 ( 7   4) <--> ( 7   3)       -3.720949      0.923031      0.923031   WU    79.487684     79.487684
 ( 7   4) <--> ( 7   4)        7.171285      4.802336   (eb)
 ( 7   1) <--> ( 8   1)        1.128452      0.084894      0.074906   WU     7.310700      6.450617
 ( 7   1) <--> ( 8   2)        4.179141      1.164348      1.027366   WU   100.268966     88.472617
 ( 7   1) <--> ( 8   3)        3.135366      0.655368      0.578266   WU    56.437664     49.797939
 ( 7   1) <--> ( 8   4)        1.287078      0.110438      0.097445   WU     9.510476      8.391596
 ( 7   2) <--> ( 8   1)        0.959555      0.061383      0.054161   WU     5.286058      4.664169
 ( 7   2) <--> ( 8   2)       -2.544963      0.431789      0.380990   WU    37.183925     32.809346
 ( 7   2) <--> ( 8   3)       -0.636302      0.026992      0.023816   WU     2.324443      2.050979
 ( 7   2) <--> ( 8   4)       -0.290049      0.005609      0.004949   WU     0.482987      0.426165
 ( 7   3) <--> ( 8   1)       -0.114995      0.000882      0.000778   WU     0.075919      0.066987
 ( 7   3) <--> ( 8   2)       -0.205585      0.002818      0.002486   WU     0.242647      0.214101
 ( 7   3) <--> ( 8   3)       -2.153211      0.309088      0.272725   WU    26.617407     23.485947
 ( 7   3) <--> ( 8   4)       -0.859398      0.049238      0.043445   WU     4.240153      3.741311
 ( 7   4) <--> ( 8   1)       -0.017582      0.000021      0.000018   WU     0.001775      0.001566
 ( 7   4) <--> ( 8   2)       -0.002016      0.000000      0.000000   WU     0.000023      0.000021
 ( 7   4) <--> ( 8   3)       -0.036922      0.000091      0.000080   WU     0.007826      0.006906
 ( 7   4) <--> ( 8   4)       -0.082929      0.000458      0.000405   WU     0.039483      0.034838
 ( 7   1) <--> ( 9   1)       11.042100      8.128532      6.417262   WU   699.996412    552.628747
 ( 7   1) <--> ( 9   2)        0.296642      0.005866      0.004631   WU     0.505195      0.398838
 ( 7   1) <--> ( 9   3)       -0.465823      0.014466      0.011421   WU     1.245757      0.983492
 ( 7   1) <--> ( 9   4)       -0.057991      0.000224      0.000177   WU     0.019307      0.015242
 ( 7   2) <--> ( 9   1)       -5.045193      1.696932      1.339683   WU   146.132911    115.368087
 ( 7   2) <--> ( 9   2)        9.069009      5.483128      4.328785   WU   472.184845    372.777509
 ( 7   2) <--> ( 9   3)        1.725873      0.198576      0.156770   WU    17.100547     13.500432
 ( 7   2) <--> ( 9   4)        0.050845      0.000172      0.000136   WU     0.014842      0.011717
 ( 7   3) <--> ( 9   1)        0.218445      0.003181      0.002511   WU     0.273952      0.216278
 ( 7   3) <--> ( 9   2)        1.522178      0.154468      0.121949   WU    13.302188     10.501728
 ( 7   3) <--> ( 9   3)      -10.277720      7.042102      5.559554   WU   606.437400    478.766369
 ( 7   3) <--> ( 9   4)        0.508996      0.017272      0.013636   WU     1.487376      1.174244
 ( 7   4) <--> ( 9   1)       -0.232162      0.003593      0.002837   WU     0.309438      0.244293
 ( 7   4) <--> ( 9   2)        0.394287      0.010364      0.008182   WU     0.892519      0.704620
 ( 7   4) <--> ( 9   3)        0.129335      0.001115      0.000880   WU     0.096034      0.075816
 ( 7   4) <--> ( 9   4)        0.428682      0.012251      0.009672   WU     1.055026      0.832915
 ( 8   1) <--> ( 8   1)       -5.663793     -3.648593   (eb)
 ( 8   2) <--> ( 8   1)       -0.250229      0.003683      0.003683   WU     0.317184      0.317184
 ( 8   2) <--> ( 8   2)       -6.559763     -4.225773   (eb)
 ( 8   3) <--> ( 8   1)        1.294162      0.098521      0.098521   WU     8.484216      8.484216
 ( 8   3) <--> ( 8   2)        2.744481      0.443069      0.443069   WU    38.155332     38.155332
 ( 8   3) <--> ( 8   3)      -10.391145     -6.693934   (eb)
 ( 8   4) <--> ( 8   1)        0.880335      0.045588      0.045588   WU     3.925823      3.925823
 ( 8   4) <--> ( 8   2)       -0.277403      0.004527      0.004527   WU     0.389813      0.389813
 ( 8   4) <--> ( 8   3)        4.204789      1.040015      1.040015   WU    89.561895     89.561895
 ( 8   4) <--> ( 8   4)      -15.479106     -9.971578   (eb)
 ( 8   1) <--> ( 9   1)       -0.329028      0.006368      0.005698   WU     0.548405      0.490678
 ( 8   1) <--> ( 9   2)       -0.545983      0.017535      0.015689   WU     1.510056      1.351103
 ( 8   1) <--> ( 9   3)       -0.134824      0.001069      0.000957   WU     0.092081      0.082388
 ( 8   1) <--> ( 9   4)        0.136816      0.001101      0.000985   WU     0.094822      0.084841
 ( 8   2) <--> ( 9   1)        0.951375      0.053242      0.047638   WU     4.584992      4.102361
 ( 8   2) <--> ( 9   2)        0.199411      0.002339      0.002093   WU     0.201433      0.180230
 ( 8   2) <--> ( 9   3)       -0.471638      0.013085      0.011707   WU     1.126813      1.008201
 ( 8   2) <--> ( 9   4)       -0.009022      0.000005      0.000004   WU     0.000412      0.000369
 ( 8   3) <--> ( 9   1)        4.459401      1.169780      1.046645   WU   100.736726     90.132860
 ( 8   3) <--> ( 9   2)        0.046376      0.000127      0.000113   WU     0.010895      0.009748
 ( 8   3) <--> ( 9   3)       -0.977464      0.056202      0.050286   WU     4.839894      4.330432
 ( 8   3) <--> ( 9   4)       -0.274207      0.004423      0.003957   WU     0.380883      0.340790
 ( 8   4) <--> ( 9   1)        2.148538      0.271542      0.242959   WU    23.384102     20.922617
 ( 8   4) <--> ( 9   2)        0.357510      0.007518      0.006727   WU     0.647459      0.579305
 ( 8   4) <--> ( 9   3)       -0.112733      0.000748      0.000669   WU     0.064378      0.057602
 ( 8   4) <--> ( 9   4)        0.761237      0.034087      0.030499   WU     2.935451      2.626456
 ( 8   1) <--> (10   1)        8.258638      4.012065      3.247862   WU   345.502873    279.692802
 ( 8   1) <--> (10   2)        0.378123      0.008410      0.006808   WU     0.724270      0.586314
 ( 8   1) <--> (10   3)       -0.066297      0.000259      0.000209   WU     0.022265      0.018024
 ( 8   1) <--> (10   4)        0.369990      0.008053      0.006519   WU     0.693450      0.561364
 ( 8   2) <--> (10   1)        1.801652      0.190938      0.154569   WU    16.442831     13.310863
 ( 8   2) <--> (10   2)       14.179635     11.827180      9.574384   WU  1018.509028    824.507309
 ( 8   2) <--> (10   3)       -0.140847      0.001167      0.000945   WU     0.100491      0.081350
 ( 8   2) <--> (10   4)        0.786274      0.036366      0.029439   WU     3.131716      2.535199
 ( 8   3) <--> (10   1)       -0.244077      0.003504      0.002837   WU     0.301780      0.244298
 ( 8   3) <--> (10   2)       -1.184404      0.082518      0.066801   WU     7.106150      5.752598
 ( 8   3) <--> (10   3)      -12.842051      9.701075      7.853251   WU   835.417479    676.290340
 ( 8   3) <--> (10   4)       -8.076977      3.837504      3.106551   WU   330.470345    267.523613
 ( 8   4) <--> (10   1)       -0.489900      0.014118      0.011429   WU     1.215764      0.984190
 ( 8   4) <--> (10   2)        3.819190      0.858013      0.694582   WU    73.888594     59.814576
 ( 8   4) <--> (10   3)       19.099401     21.458065     17.370815   WU  1847.882061   1495.904525
 ( 8   4) <--> (10   4)       -8.194494      3.949984      3.197606   WU   340.156679    275.364931
 ( 9   1) <--> ( 9   1)       -6.986585     -4.337846   (eb)
 ( 9   2) <--> ( 9   1)       -0.040743      0.000087      0.000087   WU     0.007524      0.007524
 ( 9   2) <--> ( 9   2)       -5.514562     -3.423893   (eb)
 ( 9   3) <--> ( 9   1)        3.946147      0.819583      0.819583   WU    70.579194     70.579194
 ( 9   3) <--> ( 9   2)       -1.917115      0.193438      0.193438   WU    16.658130     16.658130
 ( 9   3) <--> ( 9   3)       -6.329142     -3.929652   (eb)
 ( 9   4) <--> ( 9   1)       -0.089135      0.000418      0.000418   WU     0.036010      0.036010
 ( 9   4) <--> ( 9   2)       -1.285638      0.086993      0.086993   WU     7.491475      7.491475
 ( 9   4) <--> ( 9   3)       -2.095600      0.231134      0.231134   WU    19.904305     19.904305
 ( 9   4) <--> ( 9   4)      -14.802257     -9.190457   (eb)
 ( 9   1) <--> (10   1)        1.160768      0.070915      0.064161   WU     6.106902      5.525292
 ( 9   1) <--> (10   2)        4.877188      1.251946      1.132713   WU   107.812506     97.544648
 ( 9   1) <--> (10   3)       -1.314812      0.090986      0.082320   WU     7.835330      7.089108
 ( 9   1) <--> (10   4)       -2.736547      0.394141      0.356604   WU    33.941875     30.709316
 ( 9   2) <--> (10   1)        1.266180      0.084380      0.076343   WU     7.266429      6.574388
 ( 9   2) <--> (10   2)       -2.021772      0.215135      0.194646   WU    18.526548     16.762115
 ( 9   2) <--> (10   3)        0.253576      0.003384      0.003062   WU     0.291439      0.263683
 ( 9   2) <--> (10   4)        1.237767      0.080635      0.072956   WU     6.943971      6.282640
 ( 9   3) <--> (10   1)        0.285986      0.004305      0.003895   WU     0.370697      0.335392
 ( 9   3) <--> (10   2)        0.050520      0.000134      0.000122   WU     0.011568      0.010466
 ( 9   3) <--> (10   3)       -0.972644      0.049791      0.045049   WU     4.287833      3.879468
 ( 9   3) <--> (10   4)       -3.344152      0.588597      0.532541   WU    50.687641     45.860247
 ( 9   4) <--> (10   1)       -0.259436      0.003542      0.003205   WU     0.305063      0.276009
 ( 9   4) <--> (10   2)       -0.044699      0.000105      0.000095   WU     0.009056      0.008193
 ( 9   4) <--> (10   3)       -1.442923      0.109580      0.099144   WU     9.436613      8.537888
 ( 9   4) <--> (10   4)        1.450693      0.110764      0.100215   WU     9.538519      8.630089
 (10   1) <--> (10   1)       -6.347495     -3.805916   (eb)
 (10   2) <--> (10   1)       -0.243350      0.002820      0.002820   WU     0.242844      0.242844
 (10   2) <--> (10   2)       -7.673887     -4.601212   (eb)
 (10   3) <--> (10   1)       -0.157843      0.001186      0.001186   WU     0.102168      0.102168
 (10   3) <--> (10   2)       -3.094916      0.456119      0.456119   WU    39.279165     39.279165
 (10   3) <--> (10   3)      -19.364894    -11.611062   (eb)
 (10   4) <--> (10   1)       -1.521269      0.110203      0.110203   WU     9.490228      9.490228
 (10   4) <--> (10   2)       -2.014159      0.193183      0.193183   WU    16.636114     16.636114
 (10   4) <--> (10   3)        1.895745      0.171136      0.171136   WU    14.737508     14.737508
 (10   4) <--> (10   4)      -10.135747     -6.077327   (eb)
 
  quadrupole shape invariant: 01+, 02+, 03+, 04+
quadr2     7.65779588    15.91382303    21.00108826    68.37516050
quadr3    18.80369492    56.96049335    82.96056376   579.30111508
  effective deformation parameters:  01+, 02+, 03+, 04+
beteff     0.18577490     0.26780730     0.30764939     0.55511675
cos3ga     0.88733481     0.89724688     0.86200343     1.02460584
 
 ********* END Transition **************************
