 ********* BEGIN READER ****************************
 
 Nucleus            :  Xe  54  74
 Imin, Imax         :     0  10
 imu, remu          :     1 12.0000
 nlevel             :     4
 observables        :     2
 wave fun           :     1
 nbet, ngam, npar   :    10   7  10
 Finish reading parameters: V, B_k ...
 
 ********* END READER ******************************
 
 ********* BEGIN LEVELS ********************
 
 E_0 = -1081.776119
 
  I=   0   ntot= 127
   0   1    0.000000
   0   2    2.320773
   0   3    3.115429
   0   4    4.491763
 
  I=   2   ntot= 234
   2   1    0.659368
   2   2    1.617537
   2   3    3.197566
   2   4    3.855016
 
  I=   3   ntot= 108
   3   1    2.327041
   3   2    4.967029
   3   3    5.977730
   3   4    6.613303
 
  I=   4   ntot= 324
   4   1    1.597025
   4   2    2.755895
   4   3    3.687032
   4   4    4.232653
 
  I=   5   ntot= 198
   5   1    3.472994
   5   2    4.639324
   5   3    6.090871
   5   4    6.950600
 
  I=   6   ntot= 432
   6   1    2.793225
   6   2    4.119601
   6   3    5.223538
   6   4    5.434006
 
  I=   7   ntot= 306
   7   1    4.861320
   7   2    6.168993
   7   3    7.259458
   7   4    7.351135
 
  I=   8   ntot= 522
   8   1    4.221214
   8   2    5.726553
   8   3    6.769754
   8   4    6.912582
 
  I=   9   ntot= 397
   9   1    6.477879
   9   2    7.906136
   9   3    8.650995
   9   4    9.071978
 
  I=  10   ntot= 630
  10   1    5.862798
  10   2    7.526486
  10   3    8.178348
  10   4    8.714441
 
 ********* END LEVELS **********************
 
 ********* BEGIN Transition ************************
 
  Monopole moment 
 
   I   n    <In|E0|In>   ave \beta      del<b>   ave \gamma    del<g>  
     K=0       K=2       K=4   
   0   1     22.267292    0.188191    0.046456   25.524135   10.899578  100.0000    0.0000    0.0000
   0   2     22.366394    0.212682    0.074526   23.497598   10.520819  100.0000    0.0000    0.0000
   0   3     22.429872    0.229181    0.047073   30.535157   13.191400  100.0000    0.0000    0.0000
   0   4     22.619409    0.270509    0.090702   23.361691   11.106959  100.0000    0.0000    0.0000
   2   1     22.304659    0.201470    0.044788   24.024996   10.551218   93.2078    6.7922    0.0000
   2   2     22.349261    0.212020    0.044381   28.913788    9.895187    9.0369   90.9631    0.0000
   2   3     22.440635    0.232239    0.072497   24.997878   10.344447   85.7075   14.2925    0.0000
   2   4     22.462679    0.238376    0.052594   27.789797   11.227145   71.4996   28.5004    0.0000
   3   1     22.391128    0.224518    0.042736   27.599000    8.954041    0.0000  100.0000    0.0000
   3   2     22.620434    0.269676    0.071354   28.743438    8.539309    0.0000  100.0000    0.0000
   3   3     22.641953    0.276911    0.051716   26.776356   12.444975    0.0000  100.0000    0.0000
   3   4     23.079129    0.348064    0.086153   27.957933    8.813199    0.0000   99.9999    0.0000
   4   1     22.340235    0.212408    0.043766   23.455075   10.319741   87.7265   11.1797    1.0938
   4   2     22.393803    0.224663    0.043527   27.297175   10.133410   15.8896   72.8864   11.2240
   4   3     22.441252    0.233921    0.044219   31.018548    8.968076    0.7475   16.9674   82.2851
   4   4     22.517087    0.250355    0.071154   25.502334   10.387380   82.2098   14.1326    3.6576
   5   1     22.427478    0.233889    0.042244   26.833229    8.813394    0.0000   92.7738    7.2262
   5   2     22.485722    0.245124    0.042613   29.880715    8.283308    0.0000    8.1170   91.8830
   5   3     22.727976    0.290722    0.072669   28.011993    8.571159    0.0000   85.5312   14.4687
   5   4     22.908022    0.320004    0.069613   29.526536    9.266659    0.0000   28.0831   71.9169
   6   1     22.376901    0.222408    0.043228   23.590069   10.120795   79.1358   18.9723    1.5771
   6   2     22.436358    0.235603    0.043534   26.005122   10.481780   26.0494   57.6372   14.0510
   6   3     22.496125    0.246539    0.045385   29.985024    9.556046    2.2091   24.5315   52.3198
   6   4     22.609371    0.270184    0.071895   25.429867   10.634207   73.3052   21.1584    4.3944
   7   1     22.464446    0.242574    0.042322   26.490876    8.705149    0.0000   83.9405   15.1311
   7   2     22.532966    0.255363    0.043977   29.146258    8.608021    0.0000   17.4353   66.6357
   7   3     22.642058    0.274571    0.053385   31.413362    8.187926    0.0000    5.6453   20.3096
   7   4     22.849390    0.313656    0.076048   26.671381    8.648474    0.0000   67.3906   22.1267
   8   1     22.416146    0.232130    0.043117   24.098432    9.900280   69.0907   27.4842    2.9404
   8   2     22.487461    0.247157    0.045357   25.576064   10.976701   37.0562   38.6777   20.1043
   8   3     22.743800    0.296900    0.075043   24.560555   10.843761   64.7299   28.2450    5.3291
   8   4     22.570923    0.261877    0.048180   29.735749   10.364775    4.2293   33.3316   33.4531
   9   1     22.505602    0.251503    0.043250   26.452639    8.604311    0.0000   73.2599   23.8154
   9   2     22.604984    0.269382    0.049062   29.030681    8.855842    0.0000   27.1731   42.2239
   9   3     23.106470    0.356597    0.078779   25.398165    9.336087    0.0000   59.5468   30.4509
   9   4     22.803694    0.304243    0.071784   29.575130   10.459661    0.0000   11.6435   28.7888
  10   1     22.459237    0.241979    0.043638   24.726565    9.673815   59.4535   34.6877    5.0559
  10   2     22.573261    0.264120    0.051124   26.584919   11.329155   44.4910   23.2227   24.0712
  10   3     22.945960    0.334103    0.077875   23.103973   11.104127   58.3653   31.1032    7.7702
  10   4     22.810903    0.304692    0.069671   29.507418   13.034605   20.5148   38.0043   11.5031
 
  rho^2(E0) 
 
   I  n_1 n_2  <In_1|E0|In_2>  rho^2(E0) 
   0   1   1       22.267292 1080.896114
   0   2   1        0.132973    0.038546
   0   2   2       22.366394 1090.538687
   0   3   1       -0.023323    0.001186
   0   3   2       -0.025962    0.001469
   0   3   3       22.429872 1096.737654
   0   4   1       -0.024782    0.001339
   0   4   2       -0.216498    0.102178
   0   4   3        0.040197    0.003522
   0   4   4       22.619409 1115.351200
   2   1   1       22.304659 1084.526904
   2   2   1        0.007962    0.000138
   2   2   2       22.349261 1088.868639
   2   3   1       -0.145287    0.046015
   2   3   2        0.018649    0.000758
   2   3   3       22.440635 1097.790394
   2   4   1       -0.007623    0.000127
   2   4   2       -0.068517    0.010234
   2   4   3        0.023547    0.001209
   2   4   4       22.462679 1099.948275
   3   1   1       22.391128 1092.951987
   3   2   1       -0.169345    0.062517
   3   2   2       22.620434 1115.452299
   3   3   1        0.023112    0.001164
   3   3   2        0.049517    0.005345
   3   3   3       22.641953 1117.575598
   3   4   1        0.017583    0.000674
   3   4   2        0.298379    0.194082
   3   4   3        0.048461    0.005120
   3   4   4       23.079129 1161.149028
   4   1   1       22.340235 1087.989323
   4   2   1        0.001175    0.000003
   4   2   2       22.393803 1093.213133
   4   3   1       -0.015407    0.000517
   4   3   2        0.008026    0.000140
   4   3   3       22.441252 1097.850806
   4   4   1       -0.154182    0.051823
   4   4   2        0.016995    0.000630
   4   4   3       -0.006015    0.000079
   4   4   4       22.517087 1105.283211
   5   1   1       22.427478 1096.503483
   5   2   1       -0.004931    0.000053
   5   2   2       22.485722 1102.206117
   5   3   1       -0.173408    0.065552
   5   3   2        0.031075    0.002105
   5   3   3       22.727976 1126.083671
   5   4   1       -0.030922    0.002084
   5   4   2       -0.168391    0.061814
   5   4   3       -0.063892    0.008899
   5   4   4       22.908022 1143.995490
   6   1   1       22.376901 1091.563590
   6   2   1       -0.009167    0.000183
   6   2   2       22.436358 1097.371941
   6   3   1       -0.025699    0.001440
   6   3   2       -0.004938    0.000053
   6   3   3       22.496125 1103.226201
   6   4   1       -0.161326    0.056736
   6   4   2        0.022802    0.001133
   6   4   3       -0.005708    0.000071
   6   4   4       22.609371 1114.361515
   7   1   1       22.464446 1100.121342
   7   2   1       -0.016622    0.000602
   7   2   2       22.532966 1106.842648
   7   3   1       -0.049069    0.005249
   7   3   2        0.043811    0.004184
   7   3   3       22.642058 1117.585954
   7   4   1       -0.168148    0.061635
   7   4   2        0.040424    0.003562
   7   4   3        0.096479    0.020291
   7   4   4       22.849390 1138.146984
   8   1   1       22.416146 1095.395738
   8   2   1       -0.022036    0.001059
   8   2   2       22.487461 1102.376638
   8   3   1        0.169191    0.062403
   8   3   2       -0.034440    0.002586
   8   3   3       22.743800 1127.652295
   8   4   1        0.017295    0.000652
   8   4   2        0.034288    0.002563
   8   4   3       -0.026022    0.001476
   8   4   4       22.570923 1110.574697
   9   1   1       22.505602 1104.155918
   9   2   1       -0.036697    0.002936
   9   2   2       22.604984 1113.929138
   9   3   1        0.169385    0.062546
   9   3   2       -0.098049    0.020957
   9   3   3       23.106470 1163.901842
   9   4   1       -0.033737    0.002481
   9   4   2       -0.090239    0.017752
   9   4   3       -0.054977    0.006589
   9   4   4       22.803694 1133.599317
  10   1   1       22.459237 1099.611184
  10   2   1        0.042658    0.003967
  10   2   2       22.573261 1110.804832
  10   3   1        0.168334    0.061772
  10   3   2        0.067132    0.009825
  10   3   3       22.945960 1147.787823
  10   4   1       -0.031651    0.002184
  10   4   2        0.135607    0.040088
  10   4   3        0.014323    0.000447
  10   4   4       22.810903 1134.316136
 
  E2 transition 
 
  I1  n1        I2  n2       <f||E2||i>   B(E2,I1->I2)  B(E2,I2->I1)
 ( 0   1) <--> ( 2   1)        0.831847      0.691969      0.138394   WU   180.587072     36.117414
 ( 0   1) <--> ( 2   2)       -0.056577      0.003201      0.000640   WU     0.835382      0.167076
 ( 0   1) <--> ( 2   3)       -0.078700      0.006194      0.001239   WU     1.616384      0.323277
 ( 0   1) <--> ( 2   4)        0.022709      0.000516      0.000103   WU     0.134587      0.026917
 ( 0   2) <--> ( 2   1)        0.333202      0.111024      0.022205   WU    28.974528      5.794906
 ( 0   2) <--> ( 2   2)        0.064759      0.004194      0.000839   WU     1.094464      0.218893
 ( 0   2) <--> ( 2   3)       -0.870787      0.758270      0.151654   WU   197.890078     39.578016
 ( 0   2) <--> ( 2   4)        0.109080      0.011898      0.002380   WU     3.105179      0.621036
 ( 0   3) <--> ( 2   1)        0.076531      0.005857      0.001171   WU     1.528547      0.305709
 ( 0   3) <--> ( 2   2)        0.326491      0.106596      0.021319   WU    27.819009      5.563802
 ( 0   3) <--> ( 2   3)        0.173974      0.030267      0.006053   WU     7.898903      1.579781
 ( 0   3) <--> ( 2   4)        0.765950      0.586679      0.117336   WU   153.109060     30.621812
 ( 0   4) <--> ( 2   1)       -0.002696      0.000007      0.000001   WU     0.001897      0.000379
 ( 0   4) <--> ( 2   2)       -0.035849      0.001285      0.000257   WU     0.335388      0.067078
 ( 0   4) <--> ( 2   3)        0.503294      0.253304      0.050661   WU    66.106331     13.221266
 ( 0   4) <--> ( 2   4)       -0.005069      0.000026      0.000005   WU     0.006705      0.001341
 ( 2   1) <--> ( 2   1)       -0.735840     -0.557717   (eb)
 ( 2   2) <--> ( 2   1)       -0.769176      0.118326      0.118326   WU    30.880315     30.880315
 ( 2   2) <--> ( 2   2)        0.694374      0.526289   (eb)
 ( 2   3) <--> ( 2   1)        0.139497      0.003892      0.003892   WU     1.015691      1.015691
 ( 2   3) <--> ( 2   2)        0.358181      0.025659      0.025659   WU     6.696323      6.696323
 ( 2   3) <--> ( 2   3)       -0.568116     -0.430594   (eb)
 ( 2   4) <--> ( 2   1)       -0.070947      0.001007      0.001007   WU     0.262722      0.262722
 ( 2   4) <--> ( 2   2)       -0.087571      0.001534      0.001534   WU     0.400263      0.400263
 ( 2   4) <--> ( 2   3)       -0.453011      0.041044      0.041044   WU    10.711447     10.711447
 ( 2   4) <--> ( 2   4)       -0.493944     -0.374377   (eb)
 ( 2   1) <--> ( 3   1)       -0.109979      0.002419      0.001728   WU     0.631320      0.450943
 ( 2   1) <--> ( 3   2)        0.002713      0.000001      0.000001   WU     0.000384      0.000274
 ( 2   1) <--> ( 3   3)        0.029556      0.000175      0.000125   WU     0.045595      0.032568
 ( 2   1) <--> ( 3   4)       -0.011153      0.000025      0.000018   WU     0.006493      0.004638
 ( 2   2) <--> ( 3   1)       -1.355622      0.367542      0.262530   WU    95.919662     68.514044
 ( 2   2) <--> ( 3   2)        0.098109      0.001925      0.001375   WU     0.502398      0.358856
 ( 2   2) <--> ( 3   3)       -0.060606      0.000735      0.000525   WU     0.191716      0.136940
 ( 2   2) <--> ( 3   4)       -0.009167      0.000017      0.000012   WU     0.004386      0.003133
 ( 2   3) <--> ( 3   1)       -0.081067      0.001314      0.000939   WU     0.343021      0.245015
 ( 2   3) <--> ( 3   2)        0.025372      0.000129      0.000092   WU     0.033599      0.023999
 ( 2   3) <--> ( 3   3)       -0.094065      0.001770      0.001264   WU     0.461839      0.329885
 ( 2   3) <--> ( 3   4)        0.019910      0.000079      0.000057   WU     0.020690      0.014779
 ( 2   4) <--> ( 3   1)        0.713552      0.101831      0.072737   WU    26.575515     18.982511
 ( 2   4) <--> ( 3   2)       -0.788896      0.124471      0.088908   WU    32.483981     23.202843
 ( 2   4) <--> ( 3   3)        0.059593      0.000710      0.000507   WU     0.185363      0.132402
 ( 2   4) <--> ( 3   4)        0.043237      0.000374      0.000267   WU     0.097574      0.069695
 ( 2   1) <--> ( 4   1)        1.437107      0.413055      0.229475   WU   107.797351     59.887417
 ( 2   1) <--> ( 4   2)        0.034039      0.000232      0.000129   WU     0.060475      0.033597
 ( 2   1) <--> ( 4   3)        0.000482      0.000000      0.000000   WU     0.000012      0.000007
 ( 2   1) <--> ( 4   4)       -0.114472      0.002621      0.001456   WU     0.683957      0.379976
 ( 2   2) <--> ( 4   1)        0.016051      0.000052      0.000029   WU     0.013446      0.007470
 ( 2   2) <--> ( 4   2)        1.018292      0.207384      0.115213   WU    54.122074     30.067819
 ( 2   2) <--> ( 4   3)       -0.213897      0.009150      0.005084   WU     2.388031      1.326684
 ( 2   2) <--> ( 4   4)       -0.012017      0.000029      0.000016   WU     0.007537      0.004187
 ( 2   3) <--> ( 4   1)       -0.483264      0.046709      0.025949   WU    12.189870      6.772150
 ( 2   3) <--> ( 4   2)        0.078516      0.001233      0.000685   WU     0.321768      0.178760
 ( 2   3) <--> ( 4   3)        0.148526      0.004412      0.002451   WU     1.151423      0.639679
 ( 2   3) <--> ( 4   4)        1.556301      0.484415      0.269119   WU   126.420509     70.233616
 ( 2   4) <--> ( 4   1)        0.129612      0.003360      0.001867   WU     0.876843      0.487135
 ( 2   4) <--> ( 4   2)        0.178512      0.006373      0.003541   WU     1.663281      0.924045
 ( 2   4) <--> ( 4   3)       -0.086010      0.001480      0.000822   WU     0.386127      0.214515
 ( 2   4) <--> ( 4   4)        0.218941      0.009587      0.005326   WU     2.501986      1.389992
 ( 3   1) <--> ( 3   1)        0.000000      0.000000   (eb)
 ( 3   2) <--> ( 3   1)        0.000000      0.000000      0.000000   WU     0.000000      0.000000
 ( 3   2) <--> ( 3   2)        0.000000      0.000000   (eb)
 ( 3   3) <--> ( 3   1)        0.000000      0.000000      0.000000   WU     0.000000      0.000000
 ( 3   3) <--> ( 3   2)        0.000000      0.000000      0.000000   WU     0.000000      0.000000
 ( 3   3) <--> ( 3   3)        0.000000      0.000000   (eb)
 ( 3   4) <--> ( 3   1)        0.000000      0.000000      0.000000   WU     0.000000      0.000000
 ( 3   4) <--> ( 3   2)        0.000000      0.000000      0.000000   WU     0.000000      0.000000
 ( 3   4) <--> ( 3   3)        0.000000      0.000000      0.000000   WU     0.000000      0.000000
 ( 3   4) <--> ( 3   4)        0.000000      0.000000   (eb)
 ( 3   1) <--> ( 4   1)        0.644747      0.059385      0.046189   WU    15.498175     12.054136
 ( 3   1) <--> ( 4   2)       -1.006481      0.144715      0.112556   WU    37.767048     29.374370
 ( 3   1) <--> ( 4   3)       -0.917835      0.120346      0.093602   WU    31.407373     24.427957
 ( 3   1) <--> ( 4   4)       -0.169407      0.004100      0.003189   WU     1.069955      0.832187
 ( 3   2) <--> ( 4   1)       -0.026040      0.000097      0.000075   WU     0.025281      0.019663
 ( 3   2) <--> ( 4   2)        0.194837      0.005423      0.004218   WU     1.415283      1.100776
 ( 3   2) <--> ( 4   3)        0.372060      0.019776      0.015381   WU     5.160931      4.014058
 ( 3   2) <--> ( 4   4)        0.746765      0.079665      0.061962   WU    20.790749     16.170582
 ( 3   3) <--> ( 4   1)       -0.003630      0.000002      0.000001   WU     0.000491      0.000382
 ( 3   3) <--> ( 4   2)       -0.151306      0.003271      0.002544   WU     0.853524      0.663852
 ( 3   3) <--> ( 4   3)       -0.085759      0.001051      0.000817   WU     0.274194      0.213262
 ( 3   3) <--> ( 4   4)        0.003576      0.000002      0.000001   WU     0.000477      0.000371
 ( 3   4) <--> ( 4   1)        0.005013      0.000004      0.000003   WU     0.000937      0.000729
 ( 3   4) <--> ( 4   2)       -0.015124      0.000033      0.000025   WU     0.008528      0.006633
 ( 3   4) <--> ( 4   3)       -0.051308      0.000376      0.000292   WU     0.098144      0.076334
 ( 3   4) <--> ( 4   4)        0.017366      0.000043      0.000034   WU     0.011244      0.008745
 ( 3   1) <--> ( 5   1)        1.419781      0.287968      0.183252   WU    75.152724     47.824461
 ( 3   1) <--> ( 5   2)       -0.112837      0.001819      0.001157   WU     0.474685      0.302072
 ( 3   1) <--> ( 5   3)       -0.089271      0.001138      0.000724   WU     0.297114      0.189072
 ( 3   1) <--> ( 5   4)       -0.050061      0.000358      0.000228   WU     0.093433      0.059457
 ( 3   2) <--> ( 5   1)       -0.390584      0.021794      0.013869   WU     5.687634      3.619404
 ( 3   2) <--> ( 5   2)        0.137404      0.002697      0.001716   WU     0.703879      0.447923
 ( 3   2) <--> ( 5   3)        1.661854      0.394537      0.251069   WU   102.964554     65.522898
 ( 3   2) <--> ( 5   4)        0.065787      0.000618      0.000393   WU     0.161356      0.102681
 ( 3   3) <--> ( 5   1)        0.204201      0.005957      0.003791   WU     1.554594      0.989287
 ( 3   3) <--> ( 5   2)        0.431377      0.026584      0.016917   WU     6.937713      4.414908
 ( 3   3) <--> ( 5   3)        0.041906      0.000251      0.000160   WU     0.065472      0.041664
 ( 3   3) <--> ( 5   4)       -0.871498      0.108501      0.069046   WU    28.316203     18.019402
 ( 3   4) <--> ( 5   1)        0.045335      0.000294      0.000187   WU     0.076624      0.048761
 ( 3   4) <--> ( 5   2)       -0.043067      0.000265      0.000169   WU     0.069151      0.044005
 ( 3   4) <--> ( 5   3)        0.767307      0.084109      0.053524   WU    21.950320     13.968385
 ( 3   4) <--> ( 5   4)       -0.243212      0.008450      0.005377   WU     2.205329      1.403391
 ( 4   1) <--> ( 4   1)       -0.943255     -0.711304   (eb)
 ( 4   2) <--> ( 4   1)       -0.775762      0.066867      0.066867   WU    17.450758     17.450758
 ( 4   2) <--> ( 4   2)       -0.480353     -0.362232   (eb)
 ( 4   3) <--> ( 4   1)        0.106609      0.001263      0.001263   WU     0.329569      0.329569
 ( 4   3) <--> ( 4   2)       -0.933031      0.096727      0.096727   WU    25.243500     25.243500
 ( 4   3) <--> ( 4   3)        1.317289      0.993362   (eb)
 ( 4   4) <--> ( 4   1)        0.163298      0.002963      0.002963   WU     0.773248      0.773248
 ( 4   4) <--> ( 4   2)        0.365495      0.014843      0.014843   WU     3.873662      3.873662
 ( 4   4) <--> ( 4   3)       -0.234479      0.006109      0.006109   WU     1.594285      1.594285
 ( 4   4) <--> ( 4   4)       -0.876276     -0.660796   (eb)
 ( 4   1) <--> ( 5   1)       -0.061025      0.000414      0.000339   WU     0.107989      0.088355
 ( 4   1) <--> ( 5   2)        0.033043      0.000121      0.000099   WU     0.031660      0.025903
 ( 4   1) <--> ( 5   3)       -0.004546      0.000002      0.000002   WU     0.000599      0.000490
 ( 4   1) <--> ( 5   4)       -0.012055      0.000016      0.000013   WU     0.004214      0.003448
 ( 4   2) <--> ( 5   1)       -1.252960      0.174434      0.142719   WU    45.523161     37.246223
 ( 4   2) <--> ( 5   2)       -0.283111      0.008906      0.007287   WU     2.324192      1.901612
 ( 4   2) <--> ( 5   3)        0.106994      0.001272      0.001041   WU     0.331952      0.271597
 ( 4   2) <--> ( 5   4)        0.029314      0.000095      0.000078   WU     0.024917      0.020387
 ( 4   3) <--> ( 5   1)       -0.001519      0.000000      0.000000   WU     0.000067      0.000055
 ( 4   3) <--> ( 5   2)       -1.795648      0.358261      0.293123   WU    93.497549     76.497994
 ( 4   3) <--> ( 5   3)        0.032747      0.000119      0.000097   WU     0.031096      0.025442
 ( 4   3) <--> ( 5   4)        0.114470      0.001456      0.001191   WU     0.379961      0.310877
 ( 4   4) <--> ( 5   1)        0.060915      0.000412      0.000337   WU     0.107599      0.088035
 ( 4   4) <--> ( 5   2)        0.172864      0.003320      0.002717   WU     0.866494      0.708950
 ( 4   4) <--> ( 5   3)        0.013816      0.000021      0.000017   WU     0.005535      0.004529
 ( 4   4) <--> ( 5   4)        0.013603      0.000021      0.000017   WU     0.005366      0.004390
 ( 4   1) <--> ( 6   1)        1.952241      0.423471      0.293173   WU   110.515793     76.510933
 ( 4   1) <--> ( 6   2)        0.114440      0.001455      0.001007   WU     0.379767      0.262916
 ( 4   1) <--> ( 6   3)       -0.003292      0.000001      0.000001   WU     0.000314      0.000218
 ( 4   1) <--> ( 6   4)       -0.139708      0.002169      0.001501   WU     0.565980      0.391832
 ( 4   2) <--> ( 6   1)       -0.137176      0.002091      0.001447   WU     0.545653      0.377760
 ( 4   2) <--> ( 6   2)        1.679685      0.313482      0.217026   WU    81.811287     56.638583
 ( 4   2) <--> ( 6   3)       -0.029230      0.000095      0.000066   WU     0.024775      0.017152
 ( 4   2) <--> ( 6   4)       -0.023783      0.000063      0.000044   WU     0.016402      0.011355
 ( 4   3) <--> ( 6   1)       -0.190133      0.004017      0.002781   WU     1.048265      0.725722
 ( 4   3) <--> ( 6   2)        0.104187      0.001206      0.000835   WU     0.314761      0.217911
 ( 4   3) <--> ( 6   3)        1.173211      0.152936      0.105879   WU    39.912617     27.631812
 ( 4   3) <--> ( 6   4)        0.054169      0.000326      0.000226   WU     0.085085      0.058905
 ( 4   4) <--> ( 6   1)       -0.580857      0.037488      0.025953   WU     9.783541      6.773221
 ( 4   4) <--> ( 6   2)        0.152800      0.002594      0.001796   WU     0.677028      0.468712
 ( 4   4) <--> ( 6   3)        0.184239      0.003772      0.002611   WU     0.984283      0.681427
 ( 4   4) <--> ( 6   4)        2.190201      0.532998      0.368999   WU   139.099548     96.299687
 ( 5   1) <--> ( 5   1)       -0.654475     -0.475232   (eb)
 ( 5   2) <--> ( 5   1)       -0.792310      0.057069      0.057069   WU    14.893529     14.893529
 ( 5   2) <--> ( 5   2)        0.663808      0.482009   (eb)
 ( 5   3) <--> ( 5   1)        0.110962      0.001119      0.001119   WU     0.292118      0.292118
 ( 5   3) <--> ( 5   2)        0.235891      0.005059      0.005059   WU     1.320174      1.320174
 ( 5   3) <--> ( 5   3)       -0.543617     -0.394735   (eb)
 ( 5   4) <--> ( 5   1)        0.059823      0.000325      0.000325   WU     0.084906      0.084906
 ( 5   4) <--> ( 5   2)       -0.048739      0.000216      0.000216   WU     0.056359      0.056359
 ( 5   4) <--> ( 5   3)       -1.056507      0.101473      0.101473   WU    26.482109     26.482109
 ( 5   4) <--> ( 5   4)        0.504253      0.366152   (eb)
 ( 5   1) <--> ( 6   1)        0.852316      0.066040      0.055880   WU    17.234904     14.583381
 ( 5   1) <--> ( 6   2)       -0.859446      0.067150      0.056819   WU    17.524472     14.828400
 ( 5   1) <--> ( 6   3)       -0.662315      0.039878      0.033743   WU    10.407277      8.806157
 ( 5   1) <--> ( 6   4)       -0.157449      0.002254      0.001907   WU     0.588146      0.497662
 ( 5   2) <--> ( 6   1)       -0.039777      0.000144      0.000122   WU     0.037539      0.031763
 ( 5   2) <--> ( 6   2)        0.578620      0.030436      0.025754   WU     7.943174      6.721147
 ( 5   2) <--> ( 6   3)       -1.409864      0.180701      0.152901   WU    47.158705     39.903519
 ( 5   2) <--> ( 6   4)        0.234933      0.005018      0.004246   WU     1.309469      1.108012
 ( 5   3) <--> ( 6   1)       -0.037543      0.000128      0.000108   WU     0.033440      0.028295
 ( 5   3) <--> ( 6   2)        0.184157      0.003083      0.002609   WU     0.804608      0.680822
 ( 5   3) <--> ( 6   3)        0.332866      0.010073      0.008523   WU     2.628737      2.224316
 ( 5   3) <--> ( 6   4)        0.994513      0.089914      0.076081   WU    23.465423     19.855358
 ( 5   4) <--> ( 6   1)       -0.009441      0.000008      0.000007   WU     0.002115      0.001789
 ( 5   4) <--> ( 6   2)        0.039394      0.000141      0.000119   WU     0.036818      0.031154
 ( 5   4) <--> ( 6   3)        0.243995      0.005412      0.004579   WU     1.412434      1.195136
 ( 5   4) <--> ( 6   4)       -0.065941      0.000395      0.000334   WU     0.103162      0.087291
 ( 5   1) <--> ( 7   1)        2.038470      0.377760      0.277024   WU    98.586237     72.296574
 ( 5   1) <--> ( 7   2)        0.023428      0.000050      0.000037   WU     0.013022      0.009550
 ( 5   1) <--> ( 7   3)       -0.062767      0.000358      0.000263   WU     0.093469      0.068544
 ( 5   1) <--> ( 7   4)       -0.104605      0.000995      0.000729   WU     0.259604      0.190376
 ( 5   2) <--> ( 7   1)       -0.059985      0.000327      0.000240   WU     0.085367      0.062603
 ( 5   2) <--> ( 7   2)        1.492674      0.202552      0.148538   WU    52.861227     38.764900
 ( 5   2) <--> ( 7   3)        0.174415      0.002766      0.002028   WU     0.721730      0.529268
 ( 5   2) <--> ( 7   4)       -0.081355      0.000602      0.000441   WU     0.157027      0.115153
 ( 5   3) <--> ( 7   1)       -0.524220      0.024982      0.018320   WU     6.519817      4.781199
 ( 5   3) <--> ( 7   2)        0.236937      0.005104      0.003743   WU     1.331906      0.976731
 ( 5   3) <--> ( 7   3)        0.766986      0.053479      0.039218   WU    13.956677     10.234897
 ( 5   3) <--> ( 7   4)        2.350258      0.502156      0.368248   WU   131.050508     96.103706
 ( 5   4) <--> ( 7   1)       -0.141781      0.001827      0.001340   WU     0.476915      0.349737
 ( 5   4) <--> ( 7   2)       -0.508410      0.023498      0.017232   WU     6.132485      4.497155
 ( 5   4) <--> ( 7   3)       -0.395732      0.014237      0.010440   WU     3.715429      2.724648
 ( 5   4) <--> ( 7   4)        0.025307      0.000058      0.000043   WU     0.015194      0.011143
 ( 6   1) <--> ( 6   1)       -1.065913     -0.743151   (eb)
 ( 6   2) <--> ( 6   1)       -0.806659      0.050054      0.050054   WU    13.062818     13.062818
 ( 6   2) <--> ( 6   2)       -1.038803     -0.724251   (eb)
 ( 6   3) <--> ( 6   1)        0.163397      0.002054      0.002054   WU     0.535977      0.535977
 ( 6   3) <--> ( 6   2)       -1.053788      0.085421      0.085421   WU    22.292720     22.292720
 ( 6   3) <--> ( 6   3)        0.257022      0.179195   (eb)
 ( 6   4) <--> ( 6   1)        0.183100      0.002579      0.002579   WU     0.673027      0.673027
 ( 6   4) <--> ( 6   2)        0.445843      0.015290      0.015290   WU     3.990441      3.990441
 ( 6   4) <--> ( 6   3)       -0.202748      0.003162      0.003162   WU     0.825218      0.825218
 ( 6   4) <--> ( 6   4)       -1.080712     -0.753469   (eb)
 ( 6   1) <--> ( 7   1)       -0.003265      0.000001      0.000001   WU     0.000214      0.000185
 ( 6   1) <--> ( 7   2)        0.058208      0.000261      0.000226   WU     0.068019      0.058950
 ( 6   1) <--> ( 7   3)       -0.008948      0.000006      0.000005   WU     0.001607      0.001393
 ( 6   1) <--> ( 7   4)       -0.014411      0.000016      0.000014   WU     0.004169      0.003613
 ( 6   2) <--> ( 7   1)       -1.168567      0.105042      0.091037   WU    27.413463     23.758334
 ( 6   2) <--> ( 7   2)       -0.237696      0.004346      0.003767   WU     1.134224      0.982994
 ( 6   2) <--> ( 7   3)       -0.014244      0.000016      0.000014   WU     0.004073      0.003530
 ( 6   2) <--> ( 7   4)        0.125761      0.001217      0.001054   WU     0.317504      0.275170
 ( 6   3) <--> ( 7   1)        0.295128      0.006700      0.005807   WU     1.748544      1.515404
 ( 6   3) <--> ( 7   2)       -1.816646      0.253862      0.220013   WU    66.251755     57.418188
 ( 6   3) <--> ( 7   3)        0.429651      0.014200      0.012307   WU     3.705860      3.211746
 ( 6   3) <--> ( 7   4)       -0.136448      0.001432      0.001241   WU     0.373756      0.323922
 ( 6   4) <--> ( 7   1)        0.106033      0.000865      0.000750   WU     0.225705      0.195611
 ( 6   4) <--> ( 7   2)        0.254586      0.004986      0.004321   WU     1.301145      1.127659
 ( 6   4) <--> ( 7   3)       -0.062383      0.000299      0.000259   WU     0.078125      0.067709
 ( 6   4) <--> ( 7   4)        0.104438      0.000839      0.000727   WU     0.218964      0.189769
 ( 6   1) <--> ( 8   1)        2.432624      0.455204      0.348098   WU   118.797341     90.845025
 ( 6   1) <--> ( 8   2)        0.168755      0.002191      0.001675   WU     0.571700      0.437182
 ( 6   1) <--> ( 8   3)        0.160873      0.001991      0.001522   WU     0.519546      0.397300
 ( 6   1) <--> ( 8   4)       -0.009750      0.000007      0.000006   WU     0.001908      0.001459
 ( 6   2) <--> ( 8   1)       -0.240508      0.004450      0.003403   WU     1.161228      0.887998
 ( 6   2) <--> ( 8   2)        2.223379      0.380263      0.290789   WU    99.239329     75.888898
 ( 6   2) <--> ( 8   3)        0.062877      0.000304      0.000233   WU     0.079366      0.060692
 ( 6   2) <--> ( 8   4)       -0.143674      0.001588      0.001214   WU     0.414392      0.316888
 ( 6   3) <--> ( 8   1)       -0.242105      0.004509      0.003448   WU     1.176698      0.899828
 ( 6   3) <--> ( 8   2)       -0.102320      0.000805      0.000616   WU     0.210173      0.160721
 ( 6   3) <--> ( 8   3)       -0.267771      0.005515      0.004218   WU     1.439408      1.100724
 ( 6   3) <--> ( 8   4)       -1.883035      0.272755      0.208578   WU    71.182539     54.433707
 ( 6   4) <--> ( 8   1)       -0.670018      0.034533      0.026407   WU     9.012169      6.891659
 ( 6   4) <--> ( 8   2)        0.248197      0.004739      0.003624   WU     1.236660      0.945681
 ( 6   4) <--> ( 8   3)       -2.836100      0.618728      0.473145   WU   161.472944    123.479310
 ( 6   4) <--> ( 8   4)        0.101084      0.000786      0.000601   WU     0.205126      0.156861
 ( 7   1) <--> ( 7   1)       -0.938979     -0.628798   (eb)
 ( 7   2) <--> ( 7   1)       -0.934117      0.058172      0.058172   WU    15.181390     15.181390
 ( 7   2) <--> ( 7   2)       -0.168173     -0.112619   (eb)
 ( 7   3) <--> ( 7   1)        0.023791      0.000038      0.000038   WU     0.009847      0.009847
 ( 7   3) <--> ( 7   2)        1.138751      0.086450      0.086450   WU    22.561435     22.561435
 ( 7   3) <--> ( 7   3)        1.091689      0.731063   (eb)
 ( 7   4) <--> ( 7   1)        0.186173      0.002311      0.002311   WU     0.603036      0.603036
 ( 7   4) <--> ( 7   2)       -0.092601      0.000572      0.000572   WU     0.149191      0.149191
 ( 7   4) <--> ( 7   3)       -0.485416      0.015709      0.015709   WU     4.099560      4.099560
 ( 7   4) <--> ( 7   4)       -0.737230     -0.493695   (eb)
 ( 7   1) <--> ( 8   1)        1.007120      0.067619      0.059664   WU    17.647033     15.570911
 ( 7   1) <--> ( 8   2)       -0.709477      0.033557      0.029609   WU     8.757614      7.727306
 ( 7   1) <--> ( 8   3)        0.191096      0.002435      0.002148   WU     0.635351      0.560604
 ( 7   1) <--> ( 8   4)        0.512162      0.017487      0.015430   WU     4.563771      4.026856
 ( 7   2) <--> ( 8   1)       -0.058010      0.000224      0.000198   WU     0.058549      0.051661
 ( 7   2) <--> ( 8   2)        0.873478      0.050864      0.044880   WU    13.274350     11.712662
 ( 7   2) <--> ( 8   3)       -0.101419      0.000686      0.000605   WU     0.178957      0.157903
 ( 7   2) <--> ( 8   4)        1.447082      0.139603      0.123179   WU    36.433042     32.146802
 ( 7   3) <--> ( 8   1)       -0.014527      0.000014      0.000012   WU     0.003672      0.003240
 ( 7   3) <--> ( 8   2)        0.068770      0.000315      0.000278   WU     0.082283      0.072603
 ( 7   3) <--> ( 8   3)       -0.439748      0.012892      0.011375   WU     3.364473      2.968653
 ( 7   3) <--> ( 8   4)        0.526505      0.018481      0.016306   WU     4.822971      4.255563
 ( 7   4) <--> ( 8   1)       -0.043533      0.000126      0.000111   WU     0.032972      0.029093
 ( 7   4) <--> ( 8   2)        0.178086      0.002114      0.001866   WU     0.551780      0.486865
 ( 7   4) <--> ( 8   3)       -1.168681      0.091054      0.080342   WU    23.762969     20.967326
 ( 7   4) <--> ( 8   4)       -0.399166      0.010622      0.009373   WU     2.772151      2.446016
 ( 7   1) <--> ( 9   1)        2.557457      0.436039      0.344241   WU   113.795602     89.838633
 ( 7   1) <--> ( 9   2)        0.112787      0.000848      0.000670   WU     0.221322      0.174728
 ( 7   1) <--> ( 9   3)        0.131460      0.001152      0.000910   WU     0.300675      0.237375
 ( 7   1) <--> ( 9   4)        0.007878      0.000004      0.000003   WU     0.001080      0.000852
 ( 7   2) <--> ( 9   1)       -0.163678      0.001786      0.001410   WU     0.466110      0.367982
 ( 7   2) <--> ( 9   2)        2.196387      0.321608      0.253901   WU    83.931814     66.261958
 ( 7   2) <--> ( 9   3)        0.104281      0.000725      0.000572   WU     0.189201      0.149369
 ( 7   2) <--> ( 9   4)        0.038969      0.000101      0.000080   WU     0.026421      0.020859
 ( 7   3) <--> ( 9   1)       -0.125924      0.001057      0.000835   WU     0.275885      0.217804
 ( 7   3) <--> ( 9   2)        0.254551      0.004320      0.003410   WU     1.127353      0.890016
 ( 7   3) <--> ( 9   3)       -1.210104      0.097623      0.077071   WU    25.477346     20.113694
 ( 7   3) <--> ( 9   4)       -1.384194      0.127733      0.100842   WU    33.335192     26.317257
 ( 7   4) <--> ( 9   1)       -0.634501      0.026839      0.021189   WU     7.004448      5.529827
 ( 7   4) <--> ( 9   2)        0.367911      0.009024      0.007124   WU     2.355016      1.859223
 ( 7   4) <--> ( 9   3)       -3.032390      0.613026      0.483968   WU   159.984891    126.303861
 ( 7   4) <--> ( 9   4)        0.933579      0.058105      0.045872   WU    15.163915     11.971512
 ( 8   1) <--> ( 8   1)       -1.141835     -0.735566   (eb)
 ( 8   2) <--> ( 8   1)       -0.834707      0.040984      0.040984   WU    10.695940     10.695940
 ( 8   2) <--> ( 8   2)       -1.291039     -0.831682   (eb)
 ( 8   3) <--> ( 8   1)       -0.238608      0.003349      0.003349   WU     0.874020      0.874020
 ( 8   3) <--> ( 8   2)       -0.425088      0.010629      0.010629   WU     2.774012      2.774012
 ( 8   3) <--> ( 8   3)       -1.310539     -0.844244   (eb)
 ( 8   4) <--> ( 8   1)       -0.167836      0.001657      0.001657   WU     0.432438      0.432438
 ( 8   4) <--> ( 8   2)        1.186500      0.082811      0.082811   WU    21.611581     21.611581
 ( 8   4) <--> ( 8   3)       -0.180977      0.001927      0.001927   WU     0.502805      0.502805
 ( 8   4) <--> ( 8   4)       -0.363516     -0.234176   (eb)
 ( 8   1) <--> ( 9   1)        0.050766      0.000152      0.000136   WU     0.039564      0.035399
 ( 8   1) <--> ( 9   2)        0.076397      0.000343      0.000307   WU     0.089600      0.080168
 ( 8   1) <--> ( 9   3)        0.033284      0.000065      0.000058   WU     0.017007      0.015217
 ( 8   1) <--> ( 9   4)        0.004398      0.000001      0.000001   WU     0.000297      0.000266
 ( 8   2) <--> ( 9   1)       -1.117651      0.073479      0.065744   WU    19.176256     17.157703
 ( 8   2) <--> ( 9   2)       -0.129657      0.000989      0.000885   WU     0.258073      0.230907
 ( 8   2) <--> ( 9   3)       -0.116594      0.000800      0.000715   WU     0.208693      0.186725
 ( 8   2) <--> ( 9   4)        0.092998      0.000509      0.000455   WU     0.132769      0.118794
 ( 8   3) <--> ( 9   1)       -0.165383      0.001609      0.001440   WU     0.419887      0.375689
 ( 8   3) <--> ( 9   2)       -0.114379      0.000770      0.000689   WU     0.200836      0.179696
 ( 8   3) <--> ( 9   3)        0.166167      0.001624      0.001453   WU     0.423877      0.379259
 ( 8   3) <--> ( 9   4)       -0.024008      0.000034      0.000030   WU     0.008848      0.007917
 ( 8   4) <--> ( 9   1)       -0.445271      0.011663      0.010435   WU     3.043687      2.723299
 ( 8   4) <--> ( 9   2)        1.754034      0.180979      0.161928   WU    47.231016     42.259330
 ( 8   4) <--> ( 9   3)        0.067143      0.000265      0.000237   WU     0.069208      0.061923
 ( 8   4) <--> ( 9   4)        0.378819      0.008441      0.007553   WU     2.203001      1.971106
 ( 8   1) <--> (10   1)        2.897043      0.493698      0.399660   WU   128.843110    104.301565
 ( 8   1) <--> (10   2)       -0.190995      0.002146      0.001737   WU     0.560011      0.453342
 ( 8   1) <--> (10   3)        0.171427      0.001729      0.001399   WU     0.451140      0.365209
 ( 8   1) <--> (10   4)       -0.005975      0.000002      0.000002   WU     0.000548      0.000444
 ( 8   2) <--> (10   1)       -0.307922      0.005577      0.004515   WU     1.455566      1.178315
 ( 8   2) <--> (10   2)       -2.740057      0.441642      0.357520   WU   115.257836     93.303962
 ( 8   2) <--> (10   3)        0.201130      0.002380      0.001926   WU     0.621018      0.502729
 ( 8   2) <--> (10   4)        0.298901      0.005255      0.004254   WU     1.371528      1.110285
 ( 8   3) <--> (10   1)        0.782009      0.035973      0.029121   WU     9.388034      7.599837
 ( 8   3) <--> (10   2)        0.432883      0.011023      0.008923   WU     2.876681      2.328742
 ( 8   3) <--> (10   3)        3.576283      0.752341      0.609038   WU   196.342795    158.944167
 ( 8   3) <--> (10   4)       -0.219219      0.002827      0.002288   WU     0.737744      0.597221
 ( 8   4) <--> (10   1)        0.212880      0.002666      0.002158   WU     0.695696      0.563183
 ( 8   4) <--> (10   2)       -0.397919      0.009314      0.007540   WU     2.430756      1.967755
 ( 8   4) <--> (10   3)       -0.048975      0.000141      0.000114   WU     0.036822      0.029808
 ( 8   4) <--> (10   4)       -2.312915      0.314681      0.254742   WU    82.124125     66.481435
 ( 9   1) <--> ( 9   1)       -1.082811     -0.672298   (eb)
 ( 9   2) <--> ( 9   1)       -1.001572      0.052797      0.052797   WU    13.778773     13.778773
 ( 9   2) <--> ( 9   2)       -0.529186     -0.328562   (eb)
 ( 9   3) <--> ( 9   1)       -0.271590      0.003882      0.003882   WU     1.013149      1.013149
 ( 9   3) <--> ( 9   2)       -0.491137      0.012696      0.012696   WU     3.313236      3.313236
 ( 9   3) <--> ( 9   3)       -1.161456     -0.721127   (eb)
 ( 9   4) <--> ( 9   1)        0.080723      0.000343      0.000343   WU     0.089503      0.089503
 ( 9   4) <--> ( 9   2)       -1.300855      0.089064      0.089064   WU    23.243642     23.243642
 ( 9   4) <--> ( 9   3)        0.811734      0.034680      0.034680   WU     9.050526      9.050526
 ( 9   4) <--> ( 9   4)        0.429041      0.266384   (eb)
 ( 9   1) <--> (10   1)        1.131862      0.067427      0.061005   WU    17.596782     15.920898
 ( 9   1) <--> (10   2)        0.602805      0.019125      0.017304   WU     4.991150      4.515802
 ( 9   1) <--> (10   3)        0.130997      0.000903      0.000817   WU     0.235704      0.213256
 ( 9   1) <--> (10   4)       -0.405308      0.008646      0.007823   WU     2.256403      2.041507
 ( 9   2) <--> (10   1)       -0.070025      0.000258      0.000234   WU     0.067352      0.060938
 ( 9   2) <--> (10   2)       -1.142877      0.068746      0.062198   WU    17.940950     16.232288
 ( 9   2) <--> (10   3)       -0.168002      0.001486      0.001344   WU     0.387682      0.350759
 ( 9   2) <--> (10   4)       -1.000480      0.052682      0.047665   WU    13.748753     12.439348
 ( 9   3) <--> (10   1)        0.046772      0.000115      0.000104   WU     0.030048      0.027187
 ( 9   3) <--> (10   2)        0.247893      0.003234      0.002926   WU     0.844063      0.763676
 ( 9   3) <--> (10   3)        1.457450      0.111798      0.101151   WU    29.176555     26.397835
 ( 9   3) <--> (10   4)        0.099584      0.000522      0.000472   WU     0.136215      0.123242
 ( 9   4) <--> (10   1)       -0.012013      0.000008      0.000007   WU     0.001982      0.001793
 ( 9   4) <--> (10   2)        0.029021      0.000044      0.000040   WU     0.011568      0.010466
 ( 9   4) <--> (10   3)       -0.055000      0.000159      0.000144   WU     0.041550      0.037593
 ( 9   4) <--> (10   4)        1.115049      0.065439      0.059206   WU    17.077898     15.451431
 (10   1) <--> (10   1)       -1.199347     -0.719120   (eb)
 (10   2) <--> (10   1)        0.854755      0.034791      0.034791   WU     9.079544      9.079544
 (10   2) <--> (10   2)       -1.299285     -0.779043   (eb)
 (10   3) <--> (10   1)       -0.314857      0.004721      0.004721   WU     1.231989      1.231989
 (10   3) <--> (10   2)        0.578305      0.015926      0.015926   WU     4.156180      4.156180
 (10   3) <--> (10   3)       -1.687715     -1.011943   (eb)
 (10   4) <--> (10   1)        0.150187      0.001074      0.001074   WU     0.280313      0.280313
 (10   4) <--> (10   2)        1.120798      0.059819      0.059819   WU    15.611179     15.611179
 (10   4) <--> (10   3)        0.762085      0.027656      0.027656   WU     7.217509      7.217509
 (10   4) <--> (10   4)       -0.603369     -0.361776   (eb)
 
  quadrupole shape invariant: 01+, 02+, 03+, 04+
quadr2     0.70297885     0.90385896     0.98056227     1.46757068
quadr3     0.38544681     0.67127938     0.41247431     1.35898624
  effective deformation parameters:  01+, 02+, 03+, 04+
beteff     0.17782665     0.20163970     0.21002128     0.25693616
cos3ga     0.65395983     0.78118213     0.42479964     0.76439268
 
 ********* END Transition **************************
