 ********* BEGIN READER ****************************
 
 Nucleus            :  Ca  20  50
 Imin, Imax         :     0  10
 imu, remu          :     1 12.0000
 nlevel             :     4
 observables        :     2
 wave fun           :     1
 nbet, ngam, npar   :    10   7  10
 Finish reading parameters: V, B_k ...
 
 ********* END READER ******************************
 
 ********* BEGIN LEVELS ********************
 
 E_0 =  -476.109733
 
  I=   0   ntot= 127
   0   1    0.000000
   0   2    3.379879
   0   3    4.175186
   0   4    7.118843
 
  I=   2   ntot= 234
   2   1    1.589728
   2   2    3.022080
   2   3    5.271979
   2   4    6.008355
 
  I=   3   ntot= 108
   3   1    4.767058
   3   2    8.807560
   3   3    9.616627
   3   4   13.322189
 
  I=   4   ntot= 324
   4   1    3.413402
   4   2    4.879145
   4   3    6.552083
   4   4    7.319770
 
  I=   5   ntot= 198
   5   1    6.860782
   5   2    8.562645
   5   3   11.007217
   5   4   12.066839
 
  I=   6   ntot= 432
   6   1    5.533387
   6   2    7.052974
   6   3    8.800769
   6   4    9.629494
 
  I=   7   ntot= 306
   7   1    9.276449
   7   2   11.036125
   7   3   12.944107
   7   4   13.593314
 
  I=   8   ntot= 522
   8   1    7.966763
   8   2    9.552896
   8   3   11.377470
   8   4   12.192720
 
  I=   9   ntot= 397
   9   1   12.004693
   9   2   13.832749
   9   3   15.799652
   9   4   16.438527
 
  I=  10   ntot= 630
  10   1   10.723784
  10   2   12.371727
  10   3   14.297548
  10   4   15.132011
 
 ********* END LEVELS **********************
 
 ********* BEGIN Transition ************************
 
  Monopole moment 
 
   I   n    <In|E0|In>   ave \beta      del<b>   ave \gamma    del<g>  
     K=0       K=2       K=4   
   0   1     13.983566    0.304344    0.094566   24.557307   12.011937  100.0000    0.0000    0.0000
   0   2     14.288815    0.383700    0.137854   22.982622   11.796726   99.9998    0.0000    0.0000
   0   3     14.411582    0.406305    0.087550   27.050421   15.002128   99.9999    0.0000    0.0000
   0   4     14.501570    0.429470    0.155786   27.673532   11.114615   99.9994    0.0000    0.0000
   2   1     14.169697    0.353091    0.092303   23.566056   11.988402   77.1164   22.8835    0.0000
   2   2     14.311461    0.384065    0.089932   25.017565   12.035630   30.6397   69.3601    0.0000
   2   3     14.412705    0.414708    0.135841   24.886461   11.730134   72.1902   27.8095    0.0000
   2   4     14.536737    0.434480    0.087539   25.004026   13.336916   55.4421   44.5577    0.0000
   3   1     14.451370    0.414858    0.087760   23.886250    9.388134    0.0000   99.9998    0.0000
   3   2     14.660467    0.463449    0.124515   27.337921    8.741392    0.0000   99.9995    0.0000
   3   3     14.716176    0.475838    0.092434   22.984583   12.969688    0.0000   99.9996    0.0000
   3   4     14.736364    0.470873    0.139839   31.732501    7.468553    0.0000   99.9992    0.0000
   4   1     14.323468    0.389562    0.090940   22.742312   11.926250   69.8269   22.3742    7.7988
   4   2     14.433203    0.410993    0.088721   25.640737   13.143098   38.7450   26.1765   35.0784
   4   3     14.560633    0.438091    0.086644   24.599018   10.486876    3.5810   54.2693   42.1495
   4   4     14.536180    0.441606    0.132395   25.839632   11.431875   61.5499   27.6360   10.8137
   5   1     14.569564    0.441030    0.086990   23.375202    9.308740    0.0000   80.7269   19.2729
   5   2     14.668311    0.459757    0.084639   24.986189    9.286850    0.0000   23.2947   76.7051
   5   3     14.760205    0.481809    0.121208   27.563322    8.562271    0.0000   74.4916   25.5076
   5   4     14.797653    0.492995    0.091963   22.639412   11.893845    0.0000   65.5622   34.4374
   6   1     14.453317    0.419001    0.089660   22.177154   11.744321   64.2213   25.6058    6.6067
   6   2     14.541594    0.434304    0.087417   26.238976   13.734840   41.9885   16.6422   20.6453
   6   3     14.655614    0.459352    0.085282   24.469795   11.740392    9.2713   54.0792    3.6729
   6   4     14.632414    0.461074    0.128875   25.903705   11.012668   54.6035   30.7657    9.4344
   7   1     14.674300    0.463870    0.085522   22.990867    9.222434    0.0000   69.5334   25.1617
   7   2     14.766158    0.480071    0.083089   25.415549   10.032914    0.0000   32.8610   32.7994
   7   3     14.858259    0.498334    0.080536   25.221865    8.733180    0.0000    3.9356   43.5970
   7   4     14.813762    0.491800    0.118336   27.067596    8.351772    0.0000   61.4500   30.6430
   8   1     14.569536    0.444657    0.088567   21.855403   11.484465   59.1642   28.8496    7.3759
   8   2     14.638177    0.454618    0.085478   26.698422   13.987531   43.0262   13.2688   17.1707
   8   3     14.742805    0.478483    0.084040   24.404472   12.505999   15.6941   46.1753    4.2218
   8   4     14.727882    0.478907    0.126603   26.104927   10.577292   49.0375   33.4187   10.6770
   9   1     14.775417    0.485305    0.084082   22.887649    9.114251    0.0000   60.5942   29.1716
   9   2     14.851648    0.497413    0.080400   25.727511   10.497708    0.0000   37.7979   16.2645
   9   3     14.937571    0.514263    0.078151   25.514245    9.689468    0.0000    9.2087   46.1446
   9   4     14.885691    0.504484    0.117092   27.026125    8.163328    0.0000   51.5766   33.7370
  10   1     14.673257    0.467171    0.086843   21.606594   11.178734   54.6824   31.6410    8.4344
  10   2     14.729698    0.473460    0.083768   27.026507   14.034831   42.6959   12.6374   15.3799
  10   3     14.817574    0.494595    0.082242   24.359478   12.910453   21.7892   37.2272    7.3429
  10   4     14.781591    0.488683    0.123320   25.841249   10.311411   44.8260   35.2676   12.0499
 
  rho^2(E0) 
 
   I  n_1 n_2  <In_1|E0|In_2>  rho^2(E0) 
   0   1   1       13.983566  130.749510
   0   2   1        0.331355    0.073416
   0   2   2       14.288815  136.520101
   0   3   1       -0.007434    0.000037
   0   3   2       -0.025383    0.000431
   0   3   3       14.411582  138.876107
   0   4   1       -0.009685    0.000063
   0   4   2       -0.440338    0.129651
   0   4   3       -0.080665    0.004351
   0   4   4       14.501570  140.615837
   2   1   1       14.169697  134.253419
   2   2   1        0.030713    0.000631
   2   2   2       14.311461  136.953193
   2   3   1       -0.360425    0.086863
   2   3   2        0.009408    0.000059
   2   3   3       14.412705  138.897744
   2   4   1       -0.036394    0.000886
   2   4   2        0.007761    0.000040
   2   4   3        0.000506    0.000000
   2   4   4       14.536737  141.298678
   3   1   1       14.451370  139.643994
   3   2   1        0.359217    0.086281
   3   2   2       14.660467  143.714238
   3   3   1       -0.123116    0.010135
   3   3   2        0.050833    0.001728
   3   3   3       14.716176  144.808524
   3   4   1       -0.019340    0.000250
   3   4   2        0.470979    0.148322
   3   4   3        0.091161    0.005557
   3   4   4       14.736364  145.206109
   4   1   1       14.323468  137.183079
   4   2   1        0.036507    0.000891
   4   2   2       14.433203  139.293110
   4   3   1       -0.002553    0.000004
   4   3   2       -0.020318    0.000276
   4   3   3       14.560633  141.763597
   4   4   1        0.366408    0.089770
   4   4   2       -0.029588    0.000585
   4   4   3        0.005894    0.000023
   4   4   4       14.536180  141.287847
   5   1   1       14.569564  141.937544
   5   2   1        0.010776    0.000078
   5   2   2       14.668311  143.868066
   5   3   1       -0.356263    0.084868
   5   3   2        0.034244    0.000784
   5   3   3       14.760205  145.676322
   5   4   1       -0.135935    0.012356
   5   4   2        0.022953    0.000352
   5   4   3       -0.062194    0.002586
   5   4   4       14.797653  146.416448
   6   1   1       14.453317  139.681617
   6   2   1       -0.034919    0.000815
   6   2   2       14.541594  141.393102
   6   3   1        0.000833    0.000000
   6   3   2       -0.023216    0.000360
   6   3   3       14.655614  143.619115
   6   4   1       -0.366726    0.089926
   6   4   2       -0.044369    0.001316
   6   4   3        0.011591    0.000090
   6   4   4       14.632414  143.164777
   7   1   1       14.674300  143.985581
   7   2   1        0.005912    0.000023
   7   2   2       14.766158  145.793859
   7   3   1       -0.005675    0.000022
   7   3   2        0.004772    0.000015
   7   3   3       14.858259  147.618256
   7   4   1       -0.354707    0.084129
   7   4   2        0.044276    0.001311
   7   4   3       -0.005429    0.000020
   7   4   4       14.813762  146.735417
   8   1   1       14.569536  141.937006
   8   2   1        0.028252    0.000534
   8   2   2       14.638177  143.277569
   8   3   1        0.007366    0.000036
   8   3   2       -0.027250    0.000497
   8   3   3       14.742805  145.333070
   8   4   1       -0.366963    0.090043
   8   4   2        0.059317    0.002353
   8   4   3       -0.017814    0.000212
   8   4   4       14.727882  145.038994
   9   1   1       14.775417  145.976748
   9   2   1        0.006819    0.000031
   9   2   2       14.851648  147.486907
   9   3   1        0.000253    0.000000
   9   3   2        0.007410    0.000037
   9   3   3       14.937571  149.198405
   9   4   1       -0.356247    0.084861
   9   4   2       -0.055830    0.002084
   9   4   3        0.010387    0.000072
   9   4   4       14.885691  148.163835
  10   1   1       14.673257  143.965113
  10   2   1       -0.021190    0.000300
  10   2   2       14.729698  145.074767
  10   3   1       -0.024517    0.000402
  10   3   2       -0.031230    0.000652
  10   3   3       14.817574  146.810938
  10   4   1       -0.363173    0.088193
  10   4   2       -0.066964    0.002998
  10   4   3        0.021486    0.000309
  10   4   4       14.781591  146.098773
 
  E2 transition 
 
  I1  n1        I2  n2       <f||E2||i>   B(E2,I1->I2)  B(E2,I2->I1)
 ( 0   1) <--> ( 2   1)       -0.239457      0.057340      0.011468   WU    33.460846      6.692169
 ( 0   1) <--> ( 2   2)       -0.037429      0.001401      0.000280   WU     0.817520      0.163504
 ( 0   1) <--> ( 2   3)        0.044669      0.001995      0.000399   WU     1.164399      0.232880
 ( 0   1) <--> ( 2   4)       -0.001810      0.000003      0.000001   WU     0.001911      0.000382
 ( 0   2) <--> ( 2   1)       -0.185168      0.034287      0.006857   WU    20.008470      4.001694
 ( 0   2) <--> ( 2   2)       -0.058623      0.003437      0.000687   WU     2.005513      0.401103
 ( 0   2) <--> ( 2   3)        0.285846      0.081708      0.016342   WU    47.681170      9.536234
 ( 0   2) <--> ( 2   4)        0.015765      0.000249      0.000050   WU     0.145036      0.029007
 ( 0   3) <--> ( 2   1)        0.029792      0.000888      0.000178   WU     0.517929      0.103586
 ( 0   3) <--> ( 2   2)        0.183113      0.033530      0.006706   WU    19.566755      3.913351
 ( 0   3) <--> ( 2   3)        0.004019      0.000016      0.000003   WU     0.009428      0.001886
 ( 0   3) <--> ( 2   4)       -0.287007      0.082373      0.016475   WU    48.069290      9.613858
 ( 0   4) <--> ( 2   1)        0.009235      0.000085      0.000017   WU     0.049767      0.009953
 ( 0   4) <--> ( 2   2)        0.017593      0.000310      0.000062   WU     0.180628      0.036126
 ( 0   4) <--> ( 2   3)       -0.225931      0.051045      0.010209   WU    29.787422      5.957484
 ( 0   4) <--> ( 2   4)        0.021296      0.000454      0.000091   WU     0.264661      0.052932
 ( 2   1) <--> ( 2   1)       -0.110079     -0.083432   (eb)
 ( 2   2) <--> ( 2   1)       -0.342149      0.023413      0.023413   WU    13.662900     13.662900
 ( 2   2) <--> ( 2   2)        0.068663      0.052042   (eb)
 ( 2   3) <--> ( 2   1)        0.044830      0.000402      0.000402   WU     0.234561      0.234561
 ( 2   3) <--> ( 2   2)        0.198934      0.007915      0.007915   WU     4.618799      4.618799
 ( 2   3) <--> ( 2   3)       -0.085546     -0.064838   (eb)
 ( 2   4) <--> ( 2   1)       -0.017557      0.000062      0.000062   WU     0.035975      0.035975
 ( 2   4) <--> ( 2   2)        0.086147      0.001484      0.001484   WU     0.866141      0.866141
 ( 2   4) <--> ( 2   3)        0.020324      0.000083      0.000083   WU     0.048211      0.048211
 ( 2   4) <--> ( 2   4)        0.031686      0.024016   (eb)
 ( 2   1) <--> ( 3   1)        0.062554      0.000783      0.000559   WU     0.456692      0.326208
 ( 2   1) <--> ( 3   2)        0.009580      0.000018      0.000013   WU     0.010712      0.007651
 ( 2   1) <--> ( 3   3)        0.020878      0.000087      0.000062   WU     0.050873      0.036338
 ( 2   1) <--> ( 3   4)       -0.004410      0.000004      0.000003   WU     0.002270      0.001621
 ( 2   2) <--> ( 3   1)       -0.440339      0.038780      0.027700   WU    22.630091     16.164351
 ( 2   2) <--> ( 3   2)       -0.057659      0.000665      0.000475   WU     0.388007      0.277148
 ( 2   2) <--> ( 3   3)       -0.003385      0.000002      0.000002   WU     0.001338      0.000955
 ( 2   2) <--> ( 3   4)        0.023372      0.000109      0.000078   WU     0.063753      0.045538
 ( 2   3) <--> ( 3   1)       -0.073263      0.001073      0.000767   WU     0.626443      0.447460
 ( 2   3) <--> ( 3   2)       -0.104813      0.002197      0.001569   WU     1.282158      0.915827
 ( 2   3) <--> ( 3   3)       -0.012904      0.000033      0.000024   WU     0.019435      0.013882
 ( 2   3) <--> ( 3   4)       -0.015119      0.000046      0.000033   WU     0.026678      0.019056
 ( 2   4) <--> ( 3   1)       -0.344198      0.023694      0.016925   WU    13.827037      9.876455
 ( 2   4) <--> ( 3   2)       -0.094457      0.001784      0.001275   WU     1.041319      0.743799
 ( 2   4) <--> ( 3   3)        0.168774      0.005697      0.004069   WU     3.324469      2.374621
 ( 2   4) <--> ( 3   4)        0.010409      0.000022      0.000015   WU     0.012646      0.009033
 ( 2   1) <--> ( 4   1)        0.479984      0.046077      0.025598   WU    26.888453     14.938030
 ( 2   1) <--> ( 4   2)        0.056727      0.000644      0.000358   WU     0.375567      0.208648
 ( 2   1) <--> ( 4   3)        0.009933      0.000020      0.000011   WU     0.011515      0.006397
 ( 2   1) <--> ( 4   4)        0.075125      0.001129      0.000627   WU     0.658688      0.365938
 ( 2   2) <--> ( 4   1)        0.060833      0.000740      0.000411   WU     0.431908      0.239949
 ( 2   2) <--> ( 4   2)        0.413977      0.034275      0.019042   WU    20.001630     11.112017
 ( 2   2) <--> ( 4   3)       -0.085136      0.001450      0.000805   WU     0.845943      0.469968
 ( 2   2) <--> ( 4   4)        0.020883      0.000087      0.000048   WU     0.050895      0.028275
 ( 2   3) <--> ( 4   1)       -0.275606      0.015192      0.008440   WU     8.865251      4.925139
 ( 2   3) <--> ( 4   2)       -0.029802      0.000178      0.000099   WU     0.103660      0.057589
 ( 2   3) <--> ( 4   3)       -0.005729      0.000007      0.000004   WU     0.003831      0.002128
 ( 2   3) <--> ( 4   4)       -0.522764      0.054656      0.030365   WU    31.895111     17.719506
 ( 2   4) <--> ( 4   1)       -0.058699      0.000689      0.000383   WU     0.402133      0.223407
 ( 2   4) <--> ( 4   2)       -0.183121      0.006707      0.003726   WU     3.913714      2.174286
 ( 2   4) <--> ( 4   3)       -0.101658      0.002067      0.001148   WU     1.206125      0.670070
 ( 2   4) <--> ( 4   4)        0.017465      0.000061      0.000034   WU     0.035599      0.019777
 ( 3   1) <--> ( 3   1)        0.000000      0.000000   (eb)
 ( 3   2) <--> ( 3   1)        0.000000      0.000000      0.000000   WU     0.000000      0.000000
 ( 3   2) <--> ( 3   2)        0.000000      0.000000   (eb)
 ( 3   3) <--> ( 3   1)        0.000000      0.000000      0.000000   WU     0.000000      0.000000
 ( 3   3) <--> ( 3   2)        0.000000      0.000000      0.000000   WU     0.000000      0.000000
 ( 3   3) <--> ( 3   3)        0.000000      0.000000   (eb)
 ( 3   4) <--> ( 3   1)        0.000000      0.000000      0.000000   WU     0.000000      0.000000
 ( 3   4) <--> ( 3   2)        0.000000      0.000000      0.000000   WU     0.000000      0.000000
 ( 3   4) <--> ( 3   3)        0.000000      0.000000      0.000000   WU     0.000000      0.000000
 ( 3   4) <--> ( 3   4)        0.000000      0.000000   (eb)
 ( 3   1) <--> ( 4   1)        0.266350      0.010135      0.007882   WU     5.914126      4.599876
 ( 3   1) <--> ( 4   2)       -0.140365      0.002815      0.002189   WU     1.642489      1.277491
 ( 3   1) <--> ( 4   3)        0.487741      0.033984      0.026432   WU    19.831828     15.424755
 ( 3   1) <--> ( 4   4)        0.136710      0.002670      0.002077   WU     1.558058      1.211823
 ( 3   2) <--> ( 4   1)        0.033040      0.000156      0.000121   WU     0.091004      0.070781
 ( 3   2) <--> ( 4   2)       -0.052164      0.000389      0.000302   WU     0.226842      0.176433
 ( 3   2) <--> ( 4   3)        0.168657      0.004064      0.003161   WU     2.371350      1.844383
 ( 3   2) <--> ( 4   4)        0.307046      0.013468      0.010475   WU     7.859451      6.112906
 ( 3   3) <--> ( 4   1)       -0.001289      0.000000      0.000000   WU     0.000138      0.000108
 ( 3   3) <--> ( 4   2)       -0.018282      0.000048      0.000037   WU     0.027863      0.021671
 ( 3   3) <--> ( 4   3)       -0.138952      0.002758      0.002145   WU     1.609589      1.251903
 ( 3   3) <--> ( 4   4)       -0.022524      0.000072      0.000056   WU     0.042294      0.032895
 ( 3   4) <--> ( 4   1)       -0.013930      0.000028      0.000022   WU     0.016176      0.012581
 ( 3   4) <--> ( 4   2)        0.004572      0.000003      0.000002   WU     0.001743      0.001356
 ( 3   4) <--> ( 4   3)       -0.011252      0.000018      0.000014   WU     0.010555      0.008210
 ( 3   4) <--> ( 4   4)        0.044957      0.000289      0.000225   WU     0.168490      0.131048
 ( 3   1) <--> ( 5   1)       -0.549994      0.043213      0.027499   WU    25.217446     16.047466
 ( 3   1) <--> ( 5   2)       -0.079004      0.000892      0.000567   WU     0.520339      0.331125
 ( 3   1) <--> ( 5   3)        0.058057      0.000482      0.000306   WU     0.280992      0.178813
 ( 3   1) <--> ( 5   4)        0.015836      0.000036      0.000023   WU     0.020906      0.013304
 ( 3   2) <--> ( 5   1)       -0.208120      0.006188      0.003938   WU     3.610870      2.297827
 ( 3   2) <--> ( 5   2)        0.012571      0.000023      0.000014   WU     0.013173      0.008383
 ( 3   2) <--> ( 5   3)        0.571653      0.046684      0.029708   WU    27.242671     17.336245
 ( 3   2) <--> ( 5   4)        0.008898      0.000011      0.000007   WU     0.006601      0.004201
 ( 3   3) <--> ( 5   1)        0.118397      0.002003      0.001274   WU     1.168607      0.743659
 ( 3   3) <--> ( 5   2)        0.259781      0.009641      0.006135   WU     5.626013      3.580190
 ( 3   3) <--> ( 5   3)        0.015960      0.000036      0.000023   WU     0.021234      0.013512
 ( 3   3) <--> ( 5   4)       -0.565597      0.045700      0.029082   WU    26.668497     16.970862
 ( 3   4) <--> ( 5   1)        0.010303      0.000015      0.000010   WU     0.008849      0.005631
 ( 3   4) <--> ( 5   2)       -0.005769      0.000005      0.000003   WU     0.002775      0.001766
 ( 3   4) <--> ( 5   3)        0.254145      0.009227      0.005872   WU     5.384540      3.426526
 ( 3   4) <--> ( 5   4)       -0.022126      0.000070      0.000045   WU     0.040811      0.025970
 ( 4   1) <--> ( 4   1)       -0.204676     -0.154345   (eb)
 ( 4   2) <--> ( 4   1)       -0.381404      0.016163      0.016163   WU     9.432127      9.432127
 ( 4   2) <--> ( 4   2)       -0.015031     -0.011335   (eb)
 ( 4   3) <--> ( 4   1)       -0.026610      0.000079      0.000079   WU     0.045912      0.045912
 ( 4   3) <--> ( 4   2)        0.447500      0.022251      0.022251   WU    12.984552     12.984552
 ( 4   3) <--> ( 4   3)        0.076830      0.057937   (eb)
 ( 4   4) <--> ( 4   1)       -0.077368      0.000665      0.000665   WU     0.388120      0.388120
 ( 4   4) <--> ( 4   2)       -0.157125      0.002743      0.002743   WU     1.600782      1.600782
 ( 4   4) <--> ( 4   3)       -0.026820      0.000080      0.000080   WU     0.046639      0.046639
 ( 4   4) <--> ( 4   4)       -0.155684     -0.117401   (eb)
 ( 4   1) <--> ( 5   1)       -0.084258      0.000789      0.000645   WU     0.460318      0.376624
 ( 4   1) <--> ( 5   2)        0.019778      0.000043      0.000036   WU     0.025364      0.020752
 ( 4   1) <--> ( 5   3)        0.014056      0.000022      0.000018   WU     0.012810      0.010481
 ( 4   1) <--> ( 5   4)       -0.022909      0.000058      0.000048   WU     0.034028      0.027841
 ( 4   2) <--> ( 5   1)        0.375707      0.015684      0.012832   WU     9.152482      7.488394
 ( 4   2) <--> ( 5   2)       -0.083952      0.000783      0.000641   WU     0.456985      0.373897
 ( 4   2) <--> ( 5   3)       -0.043209      0.000207      0.000170   WU     0.121059      0.099048
 ( 4   2) <--> ( 5   4)        0.009443      0.000010      0.000008   WU     0.005782      0.004730
 ( 4   3) <--> ( 5   1)       -0.134094      0.001998      0.001635   WU     1.165897      0.953916
 ( 4   3) <--> ( 5   2)       -0.678861      0.051206      0.041896   WU    29.881502     24.448501
 ( 4   3) <--> ( 5   3)        0.038698      0.000166      0.000136   WU     0.097098      0.079444
 ( 4   3) <--> ( 5   4)        0.009764      0.000011      0.000009   WU     0.006182      0.005058
 ( 4   4) <--> ( 5   1)       -0.055667      0.000344      0.000282   WU     0.200927      0.164395
 ( 4   4) <--> ( 5   2)        0.004060      0.000002      0.000001   WU     0.001069      0.000874
 ( 4   4) <--> ( 5   3)        0.137405      0.002098      0.001716   WU     1.224173      1.001596
 ( 4   4) <--> ( 5   4)       -0.010888      0.000013      0.000011   WU     0.007687      0.006289
 ( 4   1) <--> ( 6   1)       -0.716235      0.056999      0.039461   WU    33.262222     23.027692
 ( 4   1) <--> ( 6   2)        0.074667      0.000619      0.000429   WU     0.361493      0.250264
 ( 4   1) <--> ( 6   3)        0.013110      0.000019      0.000013   WU     0.011145      0.007716
 ( 4   1) <--> ( 6   4)        0.095162      0.001006      0.000697   WU     0.587172      0.406503
 ( 4   2) <--> ( 6   1)       -0.075909      0.000640      0.000443   WU     0.373614      0.258656
 ( 4   2) <--> ( 6   2)        0.645295      0.046267      0.032031   WU    26.999595     18.692027
 ( 4   2) <--> ( 6   3)       -0.121756      0.001647      0.001140   WU     0.961213      0.665455
 ( 4   2) <--> ( 6   4)        0.023488      0.000061      0.000042   WU     0.035771      0.024765
 ( 4   3) <--> ( 6   1)       -0.072066      0.000577      0.000399   WU     0.336741      0.233129
 ( 4   3) <--> ( 6   2)       -0.053718      0.000321      0.000222   WU     0.187099      0.129530
 ( 4   3) <--> ( 6   3)        0.568602      0.035923      0.024870   WU    20.963194     14.512980
 ( 4   3) <--> ( 6   4)        0.029229      0.000095      0.000066   WU     0.055395      0.038350
 ( 4   4) <--> ( 6   1)       -0.332602      0.012292      0.008510   WU     7.172837      4.965810
 ( 4   4) <--> ( 6   2)       -0.003963      0.000002      0.000001   WU     0.001018      0.000705
 ( 4   4) <--> ( 6   3)        0.014494      0.000023      0.000016   WU     0.013622      0.009431
 ( 4   4) <--> ( 6   4)        0.753281      0.063048      0.043649   WU    36.792066     25.471430
 ( 5   1) <--> ( 5   1)       -0.159183     -0.115587   (eb)
 ( 5   2) <--> ( 5   1)       -0.384095      0.013412      0.013412   WU     7.826498      7.826498
 ( 5   2) <--> ( 5   2)        0.139155      0.101044   (eb)
 ( 5   3) <--> ( 5   1)        0.054584      0.000271      0.000271   WU     0.158057      0.158057
 ( 5   3) <--> ( 5   2)        0.110604      0.001112      0.001112   WU     0.648985      0.648985
 ( 5   3) <--> ( 5   3)       -0.112299     -0.081543   (eb)
 ( 5   4) <--> ( 5   1)       -0.003116      0.000001      0.000001   WU     0.000515      0.000515
 ( 5   4) <--> ( 5   2)        0.115811      0.001219      0.001219   WU     0.711525      0.711525
 ( 5   4) <--> ( 5   3)        0.010233      0.000010      0.000010   WU     0.005555      0.005555
 ( 5   4) <--> ( 5   4)       -0.044499     -0.032312   (eb)
 ( 5   1) <--> ( 6   1)        0.347680      0.010989      0.009299   WU     6.412826      5.426238
 ( 5   1) <--> ( 6   2)        0.152599      0.002117      0.001791   WU     1.235361      1.045306
 ( 5   1) <--> ( 6   3)       -0.380184      0.013140      0.011118   WU     7.667918      6.488238
 ( 5   1) <--> ( 6   4)       -0.144841      0.001907      0.001614   WU     1.112942      0.941720
 ( 5   2) <--> ( 6   1)       -0.020816      0.000039      0.000033   WU     0.022988      0.019451
 ( 5   2) <--> ( 6   2)       -0.235921      0.005060      0.004281   WU     2.952727      2.498461
 ( 5   2) <--> ( 6   3)       -0.141261      0.001814      0.001535   WU     1.058601      0.895739
 ( 5   2) <--> ( 6   4)        0.020417      0.000038      0.000032   WU     0.022115      0.018713
 ( 5   3) <--> ( 6   1)       -0.034358      0.000107      0.000091   WU     0.062625      0.052990
 ( 5   3) <--> ( 6   2)       -0.055453      0.000280      0.000237   WU     0.163130      0.138033
 ( 5   3) <--> ( 6   3)        0.098133      0.000875      0.000741   WU     0.510883      0.432286
 ( 5   3) <--> ( 6   4)        0.392295      0.013990      0.011838   WU     8.164222      6.908188
 ( 5   4) <--> ( 6   1)       -0.003667      0.000001      0.000001   WU     0.000713      0.000604
 ( 5   4) <--> ( 6   2)        0.018310      0.000030      0.000026   WU     0.017786      0.015050
 ( 5   4) <--> ( 6   3)        0.108464      0.001069      0.000905   WU     0.624105      0.528089
 ( 5   4) <--> ( 6   4)        0.031859      0.000092      0.000078   WU     0.053846      0.045562
 ( 5   1) <--> ( 7   1)       -0.816760      0.060645      0.044473   WU    35.389912     25.952602
 ( 5   1) <--> ( 7   2)       -0.094172      0.000806      0.000591   WU     0.470467      0.345009
 ( 5   1) <--> ( 7   3)       -0.010857      0.000011      0.000008   WU     0.006254      0.004586
 ( 5   1) <--> ( 7   4)        0.080197      0.000585      0.000429   WU     0.341194      0.250209
 ( 5   2) <--> ( 7   1)       -0.043007      0.000168      0.000123   WU     0.098122      0.071956
 ( 5   2) <--> ( 7   2)       -0.628329      0.035891      0.026320   WU    20.944208     15.359086
 ( 5   2) <--> ( 7   3)        0.147565      0.001980      0.001452   WU     1.155196      0.847143
 ( 5   2) <--> ( 7   4)        0.011243      0.000011      0.000008   WU     0.006706      0.004918
 ( 5   3) <--> ( 7   1)        0.265383      0.006403      0.004695   WU     3.736253      2.739919
 ( 5   3) <--> ( 7   2)       -0.045308      0.000187      0.000137   WU     0.108901      0.079861
 ( 5   3) <--> ( 7   3)       -0.025728      0.000060      0.000044   WU     0.035117      0.025752
 ( 5   3) <--> ( 7   4)       -0.831846      0.062906      0.046131   WU    36.709310     26.920161
 ( 5   4) <--> ( 7   1)        0.159539      0.002314      0.001697   WU     1.350280      0.990206
 ( 5   4) <--> ( 7   2)        0.217222      0.004290      0.003146   WU     2.503210      1.835688
 ( 5   4) <--> ( 7   3)        0.084784      0.000653      0.000479   WU     0.381344      0.279652
 ( 5   4) <--> ( 7   4)       -0.001584      0.000000      0.000000   WU     0.000133      0.000098
 ( 6   1) <--> ( 6   1)       -0.301366     -0.210111   (eb)
 ( 6   2) <--> ( 6   1)        0.419246      0.013521      0.013521   WU     7.890020      7.890020
 ( 6   2) <--> ( 6   2)       -0.066591     -0.046427   (eb)
 ( 6   3) <--> ( 6   1)        0.024770      0.000047      0.000047   WU     0.027541      0.027541
 ( 6   3) <--> ( 6   2)        0.553835      0.023595      0.023595   WU    13.768928     13.768928
 ( 6   3) <--> ( 6   3)       -0.064546     -0.045001   (eb)
 ( 6   4) <--> ( 6   1)        0.107854      0.000895      0.000895   WU     0.522167      0.522167
 ( 6   4) <--> ( 6   2)       -0.129133      0.001283      0.001283   WU     0.748535      0.748535
 ( 6   4) <--> ( 6   3)       -0.014302      0.000016      0.000016   WU     0.009182      0.009182
 ( 6   4) <--> ( 6   4)       -0.235127     -0.163930   (eb)
 ( 6   1) <--> ( 7   1)       -0.104146      0.000834      0.000723   WU     0.486885      0.421967
 ( 6   1) <--> ( 7   2)        0.029947      0.000069      0.000060   WU     0.040258      0.034890
 ( 6   1) <--> ( 7   3)        0.007559      0.000004      0.000004   WU     0.002565      0.002223
 ( 6   1) <--> ( 7   4)        0.016330      0.000021      0.000018   WU     0.011970      0.010374
 ( 6   2) <--> ( 7   1)       -0.352527      0.009560      0.008285   WU     5.578581      4.834770
 ( 6   2) <--> ( 7   2)        0.129326      0.001287      0.001115   WU     0.750778      0.650675
 ( 6   2) <--> ( 7   3)        0.026006      0.000052      0.000045   WU     0.030360      0.026312
 ( 6   2) <--> ( 7   4)        0.035823      0.000099      0.000086   WU     0.057604      0.049924
 ( 6   3) <--> ( 7   1)        0.147880      0.001682      0.001458   WU     0.981652      0.850765
 ( 6   3) <--> ( 7   2)        0.583444      0.026185      0.022694   WU    15.280484     13.243087
 ( 6   3) <--> ( 7   3)        0.078777      0.000477      0.000414   WU     0.278571      0.241428
 ( 6   3) <--> ( 7   4)       -0.045877      0.000162      0.000140   WU     0.094479      0.081882
 ( 6   4) <--> ( 7   1)        0.037208      0.000106      0.000092   WU     0.062147      0.053861
 ( 6   4) <--> ( 7   2)       -0.013292      0.000014      0.000012   WU     0.007931      0.006873
 ( 6   4) <--> ( 7   3)       -0.006726      0.000003      0.000003   WU     0.002031      0.001760
 ( 6   4) <--> ( 7   4)       -0.159401      0.001955      0.001694   WU     1.140562      0.988487
 ( 6   1) <--> ( 8   1)       -0.943743      0.068512      0.052391   WU    39.980398     30.573246
 ( 6   1) <--> ( 8   2)       -0.091188      0.000640      0.000489   WU     0.373263      0.285437
 ( 6   1) <--> ( 8   3)       -0.016820      0.000022      0.000017   WU     0.012699      0.009711
 ( 6   1) <--> ( 8   4)        0.104001      0.000832      0.000636   WU     0.485524      0.371283
 ( 6   2) <--> ( 8   1)        0.082983      0.000530      0.000405   WU     0.309112      0.236379
 ( 6   2) <--> ( 8   2)        0.855843      0.056344      0.043086   WU    32.879695     25.143296
 ( 6   2) <--> ( 8   3)       -0.151719      0.001771      0.001354   WU     1.033277      0.790153
 ( 6   2) <--> ( 8   4)       -0.025941      0.000052      0.000040   WU     0.030207      0.023099
 ( 6   3) <--> ( 8   1)        0.095696      0.000704      0.000539   WU     0.411081      0.314356
 ( 6   3) <--> ( 8   2)       -0.075924      0.000443      0.000339   WU     0.258760      0.197876
 ( 6   3) <--> ( 8   3)        0.820591      0.051798      0.039610   WU    30.226845     23.114646
 ( 6   3) <--> ( 8   4)       -0.012834      0.000013      0.000010   WU     0.007394      0.005654
 ( 6   4) <--> ( 8   1)        0.378753      0.011035      0.008438   WU     6.439477      4.924306
 ( 6   4) <--> ( 8   2)       -0.031496      0.000076      0.000058   WU     0.044531      0.034053
 ( 6   4) <--> ( 8   3)        0.038955      0.000117      0.000089   WU     0.068118      0.052090
 ( 6   4) <--> ( 8   4)       -0.967062      0.071939      0.055012   WU    41.980520     32.102750
 ( 7   1) <--> ( 7   1)       -0.280167     -0.187617   (eb)
 ( 7   2) <--> ( 7   1)       -0.455419      0.013827      0.013827   WU     8.068901      8.068901
 ( 7   2) <--> ( 7   2)        0.012527      0.008389   (eb)
 ( 7   3) <--> ( 7   1)       -0.010899      0.000008      0.000008   WU     0.004621      0.004621
 ( 7   3) <--> ( 7   2)        0.512887      0.017537      0.017537   WU    10.233743     10.233743
 ( 7   3) <--> ( 7   3)        0.205559      0.137655   (eb)
 ( 7   4) <--> ( 7   1)        0.096973      0.000627      0.000627   WU     0.365844      0.365844
 ( 7   4) <--> ( 7   2)        0.089589      0.000535      0.000535   WU     0.312252      0.312252
 ( 7   4) <--> ( 7   3)       -0.016031      0.000017      0.000017   WU     0.009999      0.009999
 ( 7   4) <--> ( 7   4)       -0.215800     -0.144513   (eb)
 ( 7   1) <--> ( 8   1)        0.407380      0.011064      0.009762   WU     6.456413      5.696835
 ( 7   1) <--> ( 8   2)       -0.157855      0.001661      0.001466   WU     0.969414      0.855365
 ( 7   1) <--> ( 8   3)        0.325093      0.007046      0.006217   WU     4.111554      3.627842
 ( 7   1) <--> ( 8   4)       -0.133043      0.001180      0.001041   WU     0.688610      0.607597
 ( 7   2) <--> ( 8   1)       -0.029997      0.000060      0.000053   WU     0.035007      0.030889
 ( 7   2) <--> ( 8   2)        0.338143      0.007623      0.006726   WU     4.448274      3.924947
 ( 7   2) <--> ( 8   3)        0.147799      0.001456      0.001285   WU     0.849839      0.749858
 ( 7   2) <--> ( 8   4)        0.044423      0.000132      0.000116   WU     0.076773      0.067741
 ( 7   3) <--> ( 8   1)       -0.007379      0.000004      0.000003   WU     0.002118      0.001869
 ( 7   3) <--> ( 8   2)        0.030578      0.000062      0.000055   WU     0.036377      0.032097
 ( 7   3) <--> ( 8   3)        0.209910      0.002937      0.002592   WU     1.714186      1.512517
 ( 7   3) <--> ( 8   4)        0.018588      0.000023      0.000020   WU     0.013442      0.011861
 ( 7   4) <--> ( 8   1)       -0.035113      0.000082      0.000073   WU     0.047965      0.042322
 ( 7   4) <--> ( 8   2)        0.052968      0.000187      0.000165   WU     0.109148      0.096307
 ( 7   4) <--> ( 8   3)       -0.085049      0.000482      0.000425   WU     0.281406      0.248300
 ( 7   4) <--> ( 8   4)        0.450580      0.013535      0.011943   WU     7.898346      6.969129
 ( 7   1) <--> ( 9   1)        1.051406      0.073697      0.058182   WU    43.006337     33.952371
 ( 7   1) <--> ( 9   2)       -0.114484      0.000874      0.000690   WU     0.509895      0.402549
 ( 7   1) <--> ( 9   3)       -0.014996      0.000015      0.000012   WU     0.008749      0.006907
 ( 7   1) <--> ( 9   4)       -0.085994      0.000493      0.000389   WU     0.287690      0.227124
 ( 7   2) <--> ( 9   1)        0.044215      0.000130      0.000103   WU     0.076057      0.060045
 ( 7   2) <--> ( 9   2)       -0.903851      0.054463      0.042997   WU    31.782299     25.091289
 ( 7   2) <--> ( 9   3)        0.177473      0.002100      0.001658   WU     1.225335      0.967370
 ( 7   2) <--> ( 9   4)       -0.018356      0.000022      0.000018   WU     0.013108      0.010348
 ( 7   3) <--> ( 9   1)        0.034494      0.000079      0.000063   WU     0.046288      0.036543
 ( 7   3) <--> ( 9   2)        0.034607      0.000080      0.000063   WU     0.046593      0.036784
 ( 7   3) <--> ( 9   3)       -0.705243      0.033158      0.026177   WU    19.349469     15.275897
 ( 7   3) <--> ( 9   4)        0.011649      0.000009      0.000007   WU     0.005280      0.004168
 ( 7   4) <--> ( 9   1)       -0.319584      0.006809      0.005375   WU     3.973400      3.136894
 ( 7   4) <--> ( 9   2)       -0.068413      0.000312      0.000246   WU     0.182082      0.143749
 ( 7   4) <--> ( 9   3)        0.004402      0.000001      0.000001   WU     0.000754      0.000595
 ( 7   4) <--> ( 9   4)        1.045264      0.072838      0.057504   WU    42.505328     33.556838
 ( 8   1) <--> ( 8   1)       -0.395903     -0.255039   (eb)
 ( 8   2) <--> ( 8   1)       -0.448656      0.011841      0.011841   WU     6.909719      6.909719
 ( 8   2) <--> ( 8   2)       -0.114703     -0.073891   (eb)
 ( 8   3) <--> ( 8   1)       -0.022629      0.000030      0.000030   WU     0.017577      0.017577
 ( 8   3) <--> ( 8   2)        0.623201      0.022846      0.022846   WU    13.331850     13.331850
 ( 8   3) <--> ( 8   3)       -0.154425     -0.099480   (eb)
 ( 8   4) <--> ( 8   1)        0.136057      0.001089      0.001089   WU     0.635438      0.635438
 ( 8   4) <--> ( 8   2)        0.107636      0.000681      0.000681   WU     0.397693      0.397693
 ( 8   4) <--> ( 8   3)       -0.018936      0.000021      0.000021   WU     0.012308      0.012308
 ( 8   4) <--> ( 8   4)       -0.313962     -0.202253   (eb)
 ( 8   1) <--> ( 9   1)        0.123673      0.000900      0.000805   WU     0.525033      0.469767
 ( 8   1) <--> ( 9   2)        0.037755      0.000084      0.000075   WU     0.048932      0.043781
 ( 8   1) <--> ( 9   3)        0.010771      0.000007      0.000006   WU     0.003983      0.003563
 ( 8   1) <--> ( 9   4)       -0.017724      0.000018      0.000017   WU     0.010784      0.009649
 ( 8   2) <--> ( 9   1)       -0.342299      0.006892      0.006167   WU     4.022035      3.598663
 ( 8   2) <--> ( 9   2)       -0.164993      0.001601      0.001433   WU     0.934472      0.836106
 ( 8   2) <--> ( 9   3)       -0.039152      0.000090      0.000081   WU     0.052618      0.047079
 ( 8   2) <--> ( 9   4)        0.025666      0.000039      0.000035   WU     0.022613      0.020233
 ( 8   3) <--> ( 9   1)        0.146191      0.001257      0.001125   WU     0.733626      0.656402
 ( 8   3) <--> ( 9   2)       -0.536495      0.016931      0.015149   WU     9.880194      8.840174
 ( 8   3) <--> ( 9   3)       -0.121923      0.000874      0.000782   WU     0.510275      0.456561
 ( 8   3) <--> ( 9   4)       -0.055453      0.000181      0.000162   WU     0.105556      0.094444
 ( 8   4) <--> ( 9   1)       -0.016663      0.000016      0.000015   WU     0.009531      0.008527
 ( 8   4) <--> ( 9   2)       -0.035373      0.000074      0.000066   WU     0.042952      0.038431
 ( 8   4) <--> ( 9   3)        0.007038      0.000003      0.000003   WU     0.001700      0.001521
 ( 8   4) <--> ( 9   4)        0.178552      0.001875      0.001678   WU     1.094371      0.979174
 ( 8   1) <--> (10   1)        1.163998      0.079699      0.064519   WU    46.509135     37.650252
 ( 8   1) <--> (10   2)       -0.102075      0.000613      0.000496   WU     0.357661      0.289535
 ( 8   1) <--> (10   3)       -0.022414      0.000030      0.000024   WU     0.017246      0.013961
 ( 8   1) <--> (10   4)       -0.115083      0.000779      0.000631   WU     0.454631      0.368035
 ( 8   2) <--> (10   1)        0.088733      0.000463      0.000375   WU     0.270274      0.218793
 ( 8   2) <--> (10   2)       -1.056347      0.065639      0.053137   WU    38.304275     31.008223
 ( 8   2) <--> (10   3)        0.174419      0.001790      0.001449   WU     1.044290      0.845378
 ( 8   2) <--> (10   4)       -0.026489      0.000041      0.000033   WU     0.024087      0.019499
 ( 8   3) <--> (10   1)        0.116502      0.000798      0.000646   WU     0.465911      0.377166
 ( 8   3) <--> (10   2)        0.103605      0.000631      0.000511   WU     0.368462      0.298279
 ( 8   3) <--> (10   3)       -1.033777      0.062864      0.050890   WU    36.684919     29.697315
 ( 8   3) <--> (10   4)        0.018786      0.000021      0.000017   WU     0.012114      0.009807
 ( 8   4) <--> (10   1)       -0.407894      0.009787      0.007923   WU     5.711208      4.623359
 ( 8   4) <--> (10   2)       -0.057619      0.000195      0.000158   WU     0.113963      0.092256
 ( 8   4) <--> (10   3)        0.072618      0.000310      0.000251   WU     0.181020      0.146540
 ( 8   4) <--> (10   4)        1.171937      0.080790      0.065402   WU    47.145721     38.165584
 ( 9   1) <--> ( 9   1)       -0.379739     -0.235773   (eb)
 ( 9   2) <--> ( 9   1)        0.494286      0.012859      0.012859   WU     7.503876      7.503876
 ( 9   2) <--> ( 9   2)       -0.081147     -0.050383   (eb)
 ( 9   3) <--> ( 9   1)        0.016556      0.000014      0.000014   WU     0.008419      0.008419
 ( 9   3) <--> ( 9   2)        0.638576      0.021462      0.021462   WU    12.524331     12.524331
 ( 9   3) <--> ( 9   3)        0.069482      0.043140   (eb)
 ( 9   4) <--> ( 9   1)        0.133058      0.000932      0.000932   WU     0.543768      0.543768
 ( 9   4) <--> ( 9   2)       -0.066809      0.000235      0.000235   WU     0.137088      0.137088
 ( 9   4) <--> ( 9   3)        0.040679      0.000087      0.000087   WU     0.050824      0.050824
 ( 9   4) <--> ( 9   4)       -0.299953     -0.186236   (eb)
 ( 9   1) <--> (10   1)        0.456062      0.010947      0.009904   WU     6.388172      5.779775
 ( 9   1) <--> (10   2)        0.167607      0.001479      0.001338   WU     0.862806      0.780634
 ( 9   1) <--> (10   3)       -0.289323      0.004406      0.003986   WU     2.570961      2.326108
 ( 9   1) <--> (10   4)       -0.118145      0.000735      0.000665   WU     0.428704      0.387875
 ( 9   2) <--> (10   1)        0.032282      0.000055      0.000050   WU     0.032007      0.028959
 ( 9   2) <--> (10   2)        0.414951      0.009062      0.008199   WU     5.288384      4.784729
 ( 9   2) <--> (10   3)        0.152808      0.001229      0.001112   WU     0.717171      0.648869
 ( 9   2) <--> (10   4)       -0.069502      0.000254      0.000230   WU     0.148362      0.134233
 ( 9   3) <--> (10   1)        0.009667      0.000005      0.000004   WU     0.002870      0.002597
 ( 9   3) <--> (10   2)        0.044321      0.000103      0.000094   WU     0.060333      0.054587
 ( 9   3) <--> (10   3)        0.311407      0.005104      0.004618   WU     2.978429      2.694769
 ( 9   3) <--> (10   4)       -0.024987      0.000033      0.000030   WU     0.019176      0.017349
 ( 9   4) <--> (10   1)       -0.030021      0.000047      0.000043   WU     0.027682      0.025045
 ( 9   4) <--> (10   2)       -0.045777      0.000110      0.000100   WU     0.064361      0.058231
 ( 9   4) <--> (10   3)        0.085181      0.000382      0.000346   WU     0.222853      0.201629
 ( 9   4) <--> (10   4)        0.487010      0.012483      0.011294   WU     7.284584      6.590814
 (10   1) <--> (10   1)       -0.489884     -0.293731   (eb)
 (10   2) <--> (10   1)        0.469918      0.010515      0.010515   WU     6.136318      6.136318
 (10   2) <--> (10   2)       -0.167984     -0.100722   (eb)
 (10   3) <--> (10   1)        0.023468      0.000026      0.000026   WU     0.015304      0.015304
 (10   3) <--> (10   2)        0.672535      0.021538      0.021538   WU    12.568772     12.568772
 (10   3) <--> (10   3)       -0.223668     -0.134110   (eb)
 (10   4) <--> (10   1)        0.162182      0.001253      0.001253   WU     0.730919      0.730919
 (10   4) <--> (10   2)       -0.106110      0.000536      0.000536   WU     0.312877      0.312877
 (10   4) <--> (10   3)        0.060520      0.000174      0.000174   WU     0.101781      0.101781
 (10   4) <--> (10   4)       -0.396060     -0.237475   (eb)
 
  quadrupole shape invariant: 01+, 02+, 03+, 04+
quadr2     0.06133673     0.12643400     0.13202787     0.15863864
quadr3     0.01222541     0.04041123     0.03025056     0.04967427
  effective deformation parameters:  01+, 02+, 03+, 04+
beteff     0.21207578     0.30448276     0.31114553     0.34106350
cos3ga     0.80478990     0.89888940     0.63057254     0.78617278
 
 ********* END Transition **************************
