 ********* BEGIN READER ****************************
 
 Nucleus            :  Rn  86 182
 Imin, Imax         :     0  10
 imu, remu          :     1 12.0000
 nlevel             :     4
 observables        :     2
 wave fun           :     1
 nbet, ngam, npar   :    10   7  10
 Finish reading parameters: V, B_k ...
 
 ********* END READER ******************************
 
 ********* BEGIN LEVELS ********************
 
 E_0 = -1875.769459
 
  I=   0   ntot= 127
   0   1    0.000000
   0   2    2.817874
   0   3    5.371946
   0   4    7.247009
 
  I=   2   ntot= 234
   2   1    2.038657
   2   2    4.261910
   2   3    5.054321
   2   4    6.634928
 
  I=   3   ntot= 108
   3   1    6.492291
   3   2    8.649091
   3   3   10.350809
   3   4   11.582965
 
  I=   4   ntot= 324
   4   1    3.862156
   4   2    6.109756
   4   3    6.906472
   4   4    8.239094
 
  I=   5   ntot= 198
   5   1    8.231664
   5   2   10.094178
   5   3   10.185041
   5   4   11.486571
 
  I=   6   ntot= 432
   6   1    5.671907
   6   2    7.934984
   6   3    8.605673
   6   4    9.905054
 
  I=   7   ntot= 306
   7   1    9.950848
   7   2   11.511777
   7   3   11.675191
   7   4   12.320970
 
  I=   8   ntot= 522
   8   1    7.536074
   8   2    9.731656
   8   3   10.248684
   8   4   11.316047
 
  I=   9   ntot= 397
   9   1   11.639849
   9   2   12.581892
   9   3   12.678564
   9   4   13.066517
 
  I=  10   ntot= 630
  10   1    9.483040
  10   2   11.385499
  10   3   11.792753
  10   4   11.926218
 
 ********* END LEVELS **********************
 
 ********* BEGIN Transition ************************
 
  Monopole moment 
 
   I   n    <In|E0|In>   ave \beta      del<b>   ave \gamma    del<g>  
     K=0       K=2       K=4   
   0   1     35.275524    0.068008    0.022473   26.306868   12.655547  100.0000    0.0000    0.0000
   0   2     35.398384    0.095468    0.034023   32.195600   14.479718  100.0000    0.0000    0.0000
   0   3     35.543070    0.119412    0.043690   37.073491   12.880901  100.0000    0.0000    0.0000
   0   4     35.543682    0.129425    0.041030   25.179917   13.366535  100.0000    0.0000    0.0000
   2   1     35.343557    0.084856    0.023185   29.954737   12.866645   48.0297   51.9704    0.0000
   2   2     35.432461    0.101739    0.033238   32.912104   14.249518   43.8731   56.1269    0.0000
   2   3     35.444505    0.107470    0.032864   27.458488   13.094107   62.9071   37.0929    0.0000
   2   4     35.580168    0.127020    0.043798   35.645898   13.129249   41.0316   58.9684    0.0000
   3   1     35.493453    0.115998    0.025954   27.767261    8.782337    0.0000  100.0000    0.0000
   3   2     35.668075    0.145937    0.043942   31.178579    9.418780    0.0000  100.0000    0.0000
   3   3     35.943467    0.193204    0.058720   32.028705    8.714431    0.0000  100.0000    0.0000
   3   4     36.254093    0.241329    0.090717   28.903550   10.015788    0.0000  100.0000    0.0000
   4   1     35.414784    0.098495    0.024169   33.030916   12.679998   28.9272   37.1011   33.9717
   4   2     35.521916    0.116302    0.036233   36.415890   12.973728   33.7197   27.5378   38.7426
   4   3     35.520973    0.122260    0.033696   27.194725   12.380661   57.1816   12.9770   29.8414
   4   4     35.651429    0.138781    0.044377   36.924249   12.416302   27.0488   26.7950   46.1562
   5   1     35.583144    0.130357    0.028027   29.823685    8.626041    0.0000   51.3683   48.6317
   5   2     35.725286    0.155426    0.038017   30.489444    8.648685    0.0000   38.2069   61.7931
   5   3     35.799006    0.169589    0.046928   29.855622    8.601872    0.0000   66.3571   33.6429
   5   4     36.145308    0.223291    0.068257   32.990985    7.873614    0.0000   33.7114   66.2886
   6   1     35.484479    0.110007    0.025488   35.096153   12.547894   20.8282   31.2975   23.0186
   6   2     35.614928    0.130751    0.039737   38.292131   12.338204   23.3053   27.1805   21.4089
   6   3     35.606201    0.137135    0.034719   27.517041   11.198561   49.6777   18.9123    5.1099
   6   4     35.833113    0.167067    0.052368   40.143909   10.026171   20.7746   25.5300   20.3672
   7   1     35.681960    0.145914    0.031940   31.139117    8.490170    0.0000   33.6109   42.5522
   7   2     36.017080    0.203388    0.056102   31.874931    8.101791    0.0000   38.0054   41.9479
   7   3     35.858692    0.178277    0.041584   28.985094    8.867099    0.0000   51.5838    5.4281
   7   4     38.707755    0.518507    0.070801   10.697560    9.417804    0.0000   97.0517    2.3826
   8   1     35.551278    0.120269    0.025611   36.506657   10.617147   17.1433   27.8616   20.4517
   8   2     35.732789    0.149657    0.043690   39.230434    9.643792   17.7485   27.8663   20.4536
   8   3     35.694443    0.151883    0.037530   27.582047   10.321460   43.9114   23.6210    2.2693
   8   4     36.089746    0.208714    0.060743   38.517724    8.842235   18.6348   29.6804   21.2665
   9   1     35.825109    0.169483    0.040522   31.664360    8.064984    0.0000   27.2761   37.8117
   9   2     38.751810    0.523216    0.072143   10.190231    8.925125    0.0000   95.6592    2.9598
   9   3     36.559225    0.284280    0.124404   25.079501   15.447583    0.0000   29.0857   37.1661
   9   4     36.340517    0.251079    0.092531   30.433434    9.323233    0.0000   45.1632    7.5032
  10   1     35.620007    0.130777    0.027276   37.087077    9.791876   15.6204   26.2366   19.2572
  10   2     35.926408    0.183370    0.050623   36.448249    8.952897   19.7238   31.4416   19.8187
  10   3     39.065910    0.554248    0.053086    5.928670    7.768961   99.6740    0.3145    0.0030
  10   4     35.794402    0.166201    0.043534   29.304571   11.649714   35.9726   23.5241    4.2240
 
  rho^2(E0) 
 
   I  n_1 n_2  <In_1|E0|In_2>  rho^2(E0) 
   0   1   1       35.275524 2568.654491
   0   2   1        0.065174    0.008768
   0   2   2       35.398384 2586.578203
   0   3   1       -0.008412    0.000146
   0   3   2        0.121183    0.030314
   0   3   3       35.543070 2607.766101
   0   4   1       -0.013376    0.000369
   0   4   2       -0.018999    0.000745
   0   4   3       -0.083221    0.014296
   0   4   4       35.543682 2607.855838
   2   1   1       35.343557 2578.572059
   2   2   1       -0.071503    0.010554
   2   2   2       35.432461 2591.560697
   2   3   1        0.057301    0.006778
   2   3   2       -0.042129    0.003664
   2   3   3       35.444505 2593.322901
   2   4   1        0.002912    0.000018
   2   4   2        0.130731    0.035279
   2   4   3       -0.031579    0.002059
   2   4   4       35.580168 2613.212559
   3   1   1       35.493453 2600.490367
   3   2   1        0.136656    0.038549
   3   2   2       35.668075 2626.141268
   3   3   1       -0.015869    0.000520
   3   3   2        0.216190    0.096479
   3   3   3       35.943467 2666.850508
   3   4   1       -0.005503    0.000063
   3   4   2        0.058477    0.007059
   3   4   3       -0.256267    0.135564
   3   4   4       36.254093 2713.143920
   4   1   1       35.414784 2588.975526
   4   2   1       -0.099675    0.020509
   4   2   2       35.521916 2604.662804
   4   3   1        0.052870    0.005770
   4   3   2       -0.048051    0.004766
   4   3   3       35.520973 2604.524511
   4   4   1        0.002428    0.000012
   4   4   2        0.140706    0.040868
   4   4   3       -0.007608    0.000119
   4   4   4       35.651429 2623.690696
   5   1   1       35.583144 2613.649815
   5   2   1       -0.082190    0.013944
   5   2   2       35.725286 2634.572692
   5   3   1        0.133030    0.036531
   5   3   2       -0.041830    0.003612
   5   3   3       35.799006 2645.456946
   5   4   1        0.030314    0.001897
   5   4   2        0.173196    0.061920
   5   4   3       -0.177024    0.064688
   5   4   4       36.145308 2696.886199
   6   1   1       35.484479 2599.175526
   6   2   1       -0.121763    0.030605
   6   2   2       35.614928 2618.320961
   6   3   1        0.043225    0.003857
   6   3   2       -0.049405    0.005038
   6   3   3       35.606201 2617.038051
   6   4   1       -0.012747    0.000335
   6   4   2       -0.186053    0.071455
   6   4   3        0.035266    0.002567
   6   4   4       35.833113 2650.500059
   7   1   1       35.681960 2628.186378
   7   2   1        0.173274    0.061976
   7   2   2       36.017080 2677.785225
   7   3   1       -0.033448    0.002309
   7   3   2       -0.028602    0.001689
   7   3   3       35.858692 2654.285550
   7   4   1        0.009401    0.000182
   7   4   2       -0.086618    0.015487
   7   4   3       -0.013350    0.000368
   7   4   4       38.707755 3092.820523
   8   1   1       35.551278 2608.970659
   8   2   1       -0.141035    0.041060
   8   2   2       35.732789 2635.679462
   8   3   1        0.016627    0.000571
   8   3   2       -0.054079    0.006037
   8   3   3       35.694443 2630.025586
   8   4   1        0.026771    0.001479
   8   4   2        0.210942    0.091851
   8   4   3       -0.078435    0.012699
   8   4   4       36.089746 2688.601253
   9   1   1       35.825109 2649.316216
   9   2   1       -0.052243    0.005634
   9   2   2       38.751810 3099.864701
   9   3   1       -0.213519    0.094109
   9   3   2       -0.565540    0.660215
   9   3   3       36.559225 2759.006388
   9   4   1        0.008789    0.000159
   9   4   2        0.085557    0.015110
   9   4   3        0.230386    0.109565
   9   4   4       36.340517 2726.094828
  10   1   1       35.620007 2619.067886
  10   2   1        0.148829    0.045723
  10   2   2       35.926408 2664.319710
  10   3   1        0.000241    0.000000
  10   3   2       -0.007172    0.000106
  10   3   3       39.065910 3150.319868
  10   4   1       -0.037006    0.002827
  10   4   2        0.042528    0.003733
  10   4   3        0.029797    0.001833
  10   4   4       35.794402 2644.776519
 
  E2 transition 
 
  I1  n1        I2  n2       <f||E2||i>   B(E2,I1->I2)  B(E2,I2->I1)
 ( 0   1) <--> ( 2   1)        0.732886      0.537122      0.107424   WU    52.332755     10.466551
 ( 0   1) <--> ( 2   2)        0.339998      0.115599      0.023120   WU    11.262977      2.252595
 ( 0   1) <--> ( 2   3)        0.198590      0.039438      0.007888   WU     3.842502      0.768500
 ( 0   1) <--> ( 2   4)       -0.104286      0.010876      0.002175   WU     1.059628      0.211926
 ( 0   2) <--> ( 2   1)        0.539925      0.291520      0.058304   WU    28.403249      5.680650
 ( 0   2) <--> ( 2   2)       -0.477868      0.228358      0.045672   WU    22.249335      4.449867
 ( 0   2) <--> ( 2   3)        0.738440      0.545294      0.109059   WU    53.128970     10.625794
 ( 0   2) <--> ( 2   4)        0.329459      0.108544      0.021709   WU    10.575585      2.115117
 ( 0   3) <--> ( 2   1)       -0.019082      0.000364      0.000073   WU     0.035478      0.007096
 ( 0   3) <--> ( 2   2)       -0.591887      0.350330      0.070066   WU    34.133285      6.826657
 ( 0   3) <--> ( 2   3)        0.467851      0.218884      0.043777   WU    21.326284      4.265257
 ( 0   3) <--> ( 2   4)       -0.542334      0.294126      0.058825   WU    28.657253      5.731451
 ( 0   4) <--> ( 2   1)       -0.061342      0.003763      0.000753   WU     0.366625      0.073325
 ( 0   4) <--> ( 2   2)       -0.279527      0.078135      0.015627   WU     7.612853      1.522571
 ( 0   4) <--> ( 2   3)       -0.595113      0.354159      0.070832   WU    34.506344      6.901269
 ( 0   4) <--> ( 2   4)        0.103915      0.010798      0.002160   WU     1.052096      0.210419
 ( 2   1) <--> ( 2   1)        0.397870      0.301559   (eb)
 ( 2   2) <--> ( 2   1)       -0.858985      0.147571      0.147571   WU    14.378109     14.378109
 ( 2   2) <--> ( 2   2)        0.509533      0.386192   (eb)
 ( 2   3) <--> ( 2   1)       -0.738234      0.108998      0.108998   WU    10.619841     10.619841
 ( 2   3) <--> ( 2   2)       -0.510552      0.052133      0.052133   WU     5.079378      5.079378
 ( 2   3) <--> ( 2   3)       -0.552072     -0.418434   (eb)
 ( 2   4) <--> ( 2   1)        0.021780      0.000095      0.000095   WU     0.009244      0.009244
 ( 2   4) <--> ( 2   2)        0.611158      0.074703      0.074703   WU     7.278432      7.278432
 ( 2   4) <--> ( 2   3)       -0.901055      0.162380      0.162380   WU    15.820958     15.820958
 ( 2   4) <--> ( 2   4)        0.666528      0.505184   (eb)
 ( 2   1) <--> ( 3   1)        0.630544      0.079517      0.056798   WU     7.747502      5.533930
 ( 2   1) <--> ( 3   2)       -0.241925      0.011706      0.008361   WU     1.140491      0.814636
 ( 2   1) <--> ( 3   3)        0.098954      0.001958      0.001399   WU     0.190810      0.136293
 ( 2   1) <--> ( 3   4)        0.066240      0.000878      0.000627   WU     0.085500      0.061072
 ( 2   2) <--> ( 3   1)       -1.185659      0.281157      0.200827   WU    27.393649     19.566892
 ( 2   2) <--> ( 3   2)       -0.156829      0.004919      0.003514   WU     0.479275      0.342339
 ( 2   2) <--> ( 3   3)        0.150724      0.004544      0.003245   WU     0.442688      0.316205
 ( 2   2) <--> ( 3   4)        0.050248      0.000505      0.000361   WU     0.049200      0.035143
 ( 2   3) <--> ( 3   1)       -0.792636      0.125654      0.089753   WU    12.242735      8.744810
 ( 2   3) <--> ( 3   2)        0.505027      0.051010      0.036436   WU     4.970040      3.550028
 ( 2   3) <--> ( 3   3)       -0.238450      0.011372      0.008123   WU     1.107966      0.791405
 ( 2   3) <--> ( 3   4)       -0.086178      0.001485      0.001061   WU     0.144720      0.103371
 ( 2   4) <--> ( 3   1)       -0.714024      0.101966      0.072833   WU     9.934717      7.096226
 ( 2   4) <--> ( 3   2)       -1.337872      0.357980      0.255700   WU    34.878620     24.913300
 ( 2   4) <--> ( 3   3)        0.078953      0.001247      0.000891   WU     0.121469      0.086763
 ( 2   4) <--> ( 3   4)       -0.123800      0.003065      0.002189   WU     0.298657      0.213326
 ( 2   1) <--> ( 4   1)        1.421095      0.403902      0.224390   WU    39.352903     21.862724
 ( 2   1) <--> ( 4   2)        0.410362      0.033679      0.018711   WU     3.281438      1.823021
 ( 2   1) <--> ( 4   3)        0.335406      0.022499      0.012500   WU     2.192158      1.217866
 ( 2   1) <--> ( 4   4)       -0.099766      0.001991      0.001106   WU     0.193953      0.107752
 ( 2   2) <--> ( 4   1)       -0.588124      0.069178      0.038432   WU     6.740137      3.744520
 ( 2   2) <--> ( 4   2)        1.346459      0.362590      0.201439   WU    35.327815     19.626564
 ( 2   2) <--> ( 4   3)       -0.017225      0.000059      0.000033   WU     0.005782      0.003212
 ( 2   2) <--> ( 4   4)       -0.573183      0.065708      0.036504   WU     6.402017      3.556676
 ( 2   3) <--> ( 4   1)        0.612841      0.075115      0.041730   WU     7.318566      4.065870
 ( 2   3) <--> ( 4   2)       -0.334691      0.022404      0.012446   WU     2.182819      1.212677
 ( 2   3) <--> ( 4   3)        1.611495      0.519383      0.288546   WU    50.604398     28.113554
 ( 2   3) <--> ( 4   4)       -0.065414      0.000856      0.000475   WU     0.083382      0.046323
 ( 2   4) <--> ( 4   1)        0.036545      0.000267      0.000148   WU     0.026025      0.014458
 ( 2   4) <--> ( 4   2)        0.941476      0.177275      0.098486   WU    17.272243      9.595691
 ( 2   4) <--> ( 4   3)       -0.077815      0.001211      0.000673   WU     0.117995      0.065553
 ( 2   4) <--> ( 4   4)        1.117273      0.249660      0.138700   WU    24.324792     13.513773
 ( 3   1) <--> ( 3   1)        0.000000      0.000000   (eb)
 ( 3   2) <--> ( 3   1)        0.000000      0.000000      0.000000   WU     0.000000      0.000000
 ( 3   2) <--> ( 3   2)        0.000000      0.000000   (eb)
 ( 3   3) <--> ( 3   1)        0.000000      0.000000      0.000000   WU     0.000000      0.000000
 ( 3   3) <--> ( 3   2)        0.000000      0.000000      0.000000   WU     0.000000      0.000000
 ( 3   3) <--> ( 3   3)        0.000000      0.000000   (eb)
 ( 3   4) <--> ( 3   1)        0.000000      0.000000      0.000000   WU     0.000000      0.000000
 ( 3   4) <--> ( 3   2)        0.000000      0.000000      0.000000   WU     0.000000      0.000000
 ( 3   4) <--> ( 3   3)        0.000000      0.000000      0.000000   WU     0.000000      0.000000
 ( 3   4) <--> ( 3   4)        0.000000      0.000000   (eb)
 ( 3   1) <--> ( 4   1)        0.880708      0.110807      0.086183   WU    10.796076      8.396948
 ( 3   1) <--> ( 4   2)       -0.025736      0.000095      0.000074   WU     0.009219      0.007171
 ( 3   1) <--> ( 4   3)        0.863244      0.106456      0.082799   WU    10.372175      8.067248
 ( 3   1) <--> ( 4   4)        0.934697      0.124808      0.097073   WU    12.160306      9.458016
 ( 3   2) <--> ( 4   1)       -0.142013      0.002881      0.002241   WU     0.280711      0.218330
 ( 3   2) <--> ( 4   2)       -0.670126      0.064153      0.049897   WU     6.250516      4.861512
 ( 3   2) <--> ( 4   3)        0.725887      0.075273      0.058546   WU     7.333988      5.704213
 ( 3   2) <--> ( 4   4)        0.390947      0.021834      0.016982   WU     2.127348      1.654604
 ( 3   3) <--> ( 4   1)        0.029320      0.000123      0.000096   WU     0.011965      0.009306
 ( 3   3) <--> ( 4   2)        0.220797      0.006964      0.005417   WU     0.678559      0.527768
 ( 3   3) <--> ( 4   3)       -0.079071      0.000893      0.000695   WU     0.087023      0.067685
 ( 3   3) <--> ( 4   4)       -0.412474      0.024305      0.018904   WU     2.368074      1.841836
 ( 3   4) <--> ( 4   1)        0.028413      0.000115      0.000090   WU     0.011237      0.008740
 ( 3   4) <--> ( 4   2)        0.044885      0.000288      0.000224   WU     0.028041      0.021810
 ( 3   4) <--> ( 4   3)        0.004589      0.000003      0.000002   WU     0.000293      0.000228
 ( 3   4) <--> ( 4   4)       -0.272634      0.010618      0.008259   WU     1.034577      0.804671
 ( 3   1) <--> ( 5   1)        1.780466      0.452865      0.288187   WU    44.123467     28.078570
 ( 3   1) <--> ( 5   2)        0.705775      0.071160      0.045284   WU     6.933222      4.412050
 ( 3   1) <--> ( 5   3)        0.192245      0.005280      0.003360   WU     0.514413      0.327354
 ( 3   1) <--> ( 5   4)       -0.159489      0.003634      0.002312   WU     0.354048      0.225303
 ( 3   2) <--> ( 5   1)        0.914167      0.119386      0.075973   WU    11.631976      7.402166
 ( 3   2) <--> ( 5   2)       -0.568808      0.046220      0.029413   WU     4.503326      2.865753
 ( 3   2) <--> ( 5   3)        1.964385      0.551259      0.350801   WU    53.710069     34.179135
 ( 3   2) <--> ( 5   4)        0.508437      0.036930      0.023501   WU     3.598122      2.289714
 ( 3   3) <--> ( 5   1)        0.016668      0.000040      0.000025   WU     0.003867      0.002461
 ( 3   3) <--> ( 5   2)       -0.505785      0.036545      0.023256   WU     3.560690      2.265894
 ( 3   3) <--> ( 5   3)        1.599850      0.365646      0.232684   WU    35.625491     22.670767
 ( 3   3) <--> ( 5   4)       -1.820418      0.473418      0.301266   WU    46.125889     29.352838
 ( 3   4) <--> ( 5   1)       -0.033419      0.000160      0.000102   WU     0.015545      0.009892
 ( 3   4) <--> ( 5   2)       -0.484417      0.033523      0.021333   WU     3.266190      2.078485
 ( 3   4) <--> ( 5   3)       -0.310309      0.013756      0.008754   WU     1.340264      0.852895
 ( 3   4) <--> ( 5   4)        1.642863      0.385571      0.245363   WU    37.566861     23.906184
 ( 4   1) <--> ( 4   1)        0.703594      0.530577   (eb)
 ( 4   2) <--> ( 4   1)       -0.858280      0.081849      0.081849   WU     7.974736      7.974736
 ( 4   2) <--> ( 4   2)        0.934819      0.704943   (eb)
 ( 4   3) <--> ( 4   1)       -1.022632      0.116197      0.116197   WU    11.321313     11.321313
 ( 4   3) <--> ( 4   2)       -0.276710      0.008508      0.008508   WU     0.828912      0.828912
 ( 4   3) <--> ( 4   3)       -0.341748     -0.257711   (eb)
 ( 4   4) <--> ( 4   1)       -0.132775      0.001959      0.001959   WU     0.190849      0.190849
 ( 4   4) <--> ( 4   2)        1.296947      0.186897      0.186897   WU    18.209686     18.209686
 ( 4   4) <--> ( 4   3)       -0.065201      0.000472      0.000472   WU     0.046022      0.046022
 ( 4   4) <--> ( 4   4)        1.263598      0.952874   (eb)
 ( 4   1) <--> ( 5   1)        0.808291      0.072593      0.059394   WU     7.072830      5.786861
 ( 4   1) <--> ( 5   2)        0.111244      0.001375      0.001125   WU     0.133971      0.109612
 ( 4   1) <--> ( 5   3)       -0.313963      0.010953      0.008961   WU     1.067124      0.873102
 ( 4   1) <--> ( 5   4)       -0.131411      0.001919      0.001570   WU     0.186947      0.152957
 ( 4   2) <--> ( 5   1)       -1.007055      0.112684      0.092196   WU    10.979045      8.982855
 ( 4   2) <--> ( 5   2)        0.463201      0.023839      0.019505   WU     2.322722      1.900409
 ( 4   2) <--> ( 5   3)       -0.105893      0.001246      0.001019   WU     0.121393      0.099321
 ( 4   2) <--> ( 5   4)       -0.295829      0.009724      0.007956   WU     0.947416      0.775158
 ( 4   3) <--> ( 5   1)       -0.781201      0.067808      0.055479   WU     6.606675      5.405461
 ( 4   3) <--> ( 5   2)        0.227798      0.005766      0.004717   WU     0.561767      0.459628
 ( 4   3) <--> ( 5   3)        0.661581      0.048632      0.039790   WU     4.738319      3.876806
 ( 4   3) <--> ( 5   4)        0.148963      0.002466      0.002017   WU     0.240222      0.196545
 ( 4   4) <--> ( 5   1)       -0.614610      0.041972      0.034340   WU     4.089372      3.345850
 ( 4   4) <--> ( 5   2)        1.800020      0.360008      0.294552   WU    35.076191     28.698702
 ( 4   4) <--> ( 5   3)       -0.284996      0.009025      0.007384   WU     0.879295      0.719423
 ( 4   4) <--> ( 5   4)       -0.060614      0.000408      0.000334   WU     0.039774      0.032542
 ( 4   1) <--> ( 6   1)        2.104379      0.492046      0.340647   WU    47.940855     33.189823
 ( 4   1) <--> ( 6   2)        0.383499      0.016341      0.011313   WU     1.592162      1.102266
 ( 4   1) <--> ( 6   3)        0.428139      0.020367      0.014100   WU     1.984392      1.373810
 ( 4   1) <--> ( 6   4)        0.088787      0.000876      0.000606   WU     0.085341      0.059082
 ( 4   2) <--> ( 6   1)       -0.781085      0.067788      0.046930   WU     6.604728      4.572504
 ( 4   2) <--> ( 6   2)        2.147854      0.512586      0.354867   WU    49.942174     34.575351
 ( 4   2) <--> ( 6   3)        0.043344      0.000209      0.000145   WU     0.020338      0.014080
 ( 4   2) <--> ( 6   4)        0.487785      0.026437      0.018303   WU     2.575811      1.783254
 ( 4   3) <--> ( 6   1)        0.761922      0.064503      0.044656   WU     6.284618      4.350890
 ( 4   3) <--> ( 6   2)       -0.474619      0.025029      0.017328   WU     2.438645      1.688293
 ( 4   3) <--> ( 6   3)        2.474215      0.680193      0.470903   WU    66.272393     45.880887
 ( 4   3) <--> ( 6   4)       -0.036930      0.000152      0.000105   WU     0.014765      0.010222
 ( 4   4) <--> ( 6   1)        0.158799      0.002802      0.001940   WU     0.272993      0.188995
 ( 4   4) <--> ( 6   2)        1.000344      0.111188      0.076976   WU    10.833200      7.499908
 ( 4   4) <--> ( 6   3)        0.170091      0.003215      0.002225   WU     0.313198      0.216829
 ( 4   4) <--> ( 6   4)       -2.096721      0.488471      0.338172   WU    47.592566     32.948699
 ( 5   1) <--> ( 5   1)        0.442312      0.321174   (eb)
 ( 5   2) <--> ( 5   1)       -1.276024      0.148022      0.148022   WU    14.422004     14.422004
 ( 5   2) <--> ( 5   2)        0.339540      0.246549   (eb)
 ( 5   3) <--> ( 5   1)       -0.590727      0.031723      0.031723   WU     3.090870      3.090870
 ( 5   3) <--> ( 5   2)       -0.928548      0.078382      0.078382   WU     7.636882      7.636882
 ( 5   3) <--> ( 5   3)       -0.394801     -0.286676   (eb)
 ( 5   4) <--> ( 5   1)        0.072088      0.000472      0.000472   WU     0.046029      0.046029
 ( 5   4) <--> ( 5   2)        0.351276      0.011218      0.011218   WU     1.092962      1.092962
 ( 5   4) <--> ( 5   3)       -0.707228      0.045470      0.045470   WU     4.430238      4.430238
 ( 5   4) <--> ( 5   4)        1.628149      1.182243   (eb)
 ( 5   1) <--> ( 6   1)        1.181481      0.126900      0.107377   WU    12.364060     10.461897
 ( 5   1) <--> ( 6   2)       -0.259133      0.006105      0.005165   WU     0.594777      0.503273
 ( 5   1) <--> ( 6   3)        1.020665      0.094705      0.080135   WU     9.227295      7.807711
 ( 5   1) <--> ( 6   4)       -0.329855      0.009891      0.008370   WU     0.963725      0.815459
 ( 5   2) <--> ( 6   1)        0.021737      0.000043      0.000036   WU     0.004185      0.003541
 ( 5   2) <--> ( 6   2)        0.831277      0.062820      0.053156   WU     6.120677      5.179034
 ( 5   2) <--> ( 6   3)        0.208259      0.003943      0.003336   WU     0.384164      0.325062
 ( 5   2) <--> ( 6   4)       -0.442111      0.017769      0.015036   WU     1.731288      1.464936
 ( 5   3) <--> ( 6   1)       -0.257324      0.006020      0.005094   WU     0.586500      0.496269
 ( 5   3) <--> ( 6   2)       -0.660360      0.039643      0.033544   WU     3.862507      3.268275
 ( 5   3) <--> ( 6   3)        1.029442      0.096341      0.081519   WU     9.386670      7.942567
 ( 5   3) <--> ( 6   4)        0.308439      0.008649      0.007318   WU     0.842649      0.713010
 ( 5   4) <--> ( 6   1)       -0.048445      0.000213      0.000181   WU     0.020788      0.017590
 ( 5   4) <--> ( 6   2)       -0.360077      0.011787      0.009973   WU     1.148414      0.971735
 ( 5   4) <--> ( 6   3)        0.056386      0.000289      0.000245   WU     0.028162      0.023829
 ( 5   4) <--> ( 6   4)       -1.020368      0.094650      0.080089   WU     9.221922      7.803165
 ( 5   1) <--> ( 7   1)        2.741244      0.683129      0.500961   WU    66.558417     48.809506
 ( 5   1) <--> ( 7   2)       -0.149252      0.002025      0.001485   WU     0.197309      0.144693
 ( 5   1) <--> ( 7   3)        0.616274      0.034527      0.025320   WU     3.363999      2.466933
 ( 5   1) <--> ( 7   4)        0.000270      0.000000      0.000000   WU     0.000001      0.000000
 ( 5   2) <--> ( 7   1)       -0.509403      0.023590      0.017299   WU     2.298424      1.685511
 ( 5   2) <--> ( 7   2)       -1.121413      0.114324      0.083838   WU    11.138809      8.168460
 ( 5   2) <--> ( 7   3)        2.165194      0.426188      0.312538   WU    41.524207     30.451085
 ( 5   2) <--> ( 7   4)       -0.044149      0.000177      0.000130   WU     0.017264      0.012661
 ( 5   3) <--> ( 7   1)        1.301507      0.153993      0.112928   WU    15.003776     11.002769
 ( 5   3) <--> ( 7   2)        3.074614      0.859387      0.630217   WU    83.731518     61.403113
 ( 5   3) <--> ( 7   3)        1.181730      0.126953      0.093099   WU    12.369281      9.070806
 ( 5   3) <--> ( 7   4)        0.112216      0.001145      0.000840   WU     0.111538      0.081794
 ( 5   4) <--> ( 7   1)        0.026577      0.000064      0.000047   WU     0.006256      0.004588
 ( 5   4) <--> ( 7   2)       -2.365028      0.508487      0.372890   WU    49.542761     36.331358
 ( 5   4) <--> ( 7   3)        0.710296      0.045865      0.033635   WU     4.468755      3.277087
 ( 5   4) <--> ( 7   4)        0.856741      0.066728      0.048934   WU     6.501393      4.767688
 ( 6   1) <--> ( 6   1)        0.950990      0.663028   (eb)
 ( 6   2) <--> ( 6   1)       -0.815169      0.051115      0.051115   WU     4.980263      4.980263
 ( 6   2) <--> ( 6   2)        1.309071      0.912680   (eb)
 ( 6   3) <--> ( 6   1)       -1.299387      0.129877      0.129877   WU    12.654185     12.654185
 ( 6   3) <--> ( 6   2)       -0.001587      0.000000      0.000000   WU     0.000019      0.000019
 ( 6   3) <--> ( 6   3)       -0.228929     -0.159609   (eb)
 ( 6   4) <--> ( 6   1)        0.099990      0.000769      0.000769   WU     0.074932      0.074932
 ( 6   4) <--> ( 6   2)       -1.116187      0.095836      0.095836   WU     9.337500      9.337500
 ( 6   4) <--> ( 6   3)        0.154669      0.001840      0.001840   WU     0.179294      0.179294
 ( 6   4) <--> ( 6   4)        2.033544      1.417781   (eb)
 ( 6   1) <--> ( 7   1)        0.905096      0.063015      0.054613   WU     6.139683      5.321059
 ( 6   1) <--> ( 7   2)       -0.406290      0.012698      0.011005   WU     1.237171      1.072215
 ( 6   1) <--> ( 7   3)       -0.041250      0.000131      0.000113   WU     0.012753      0.011052
 ( 6   1) <--> ( 7   4)       -0.044381      0.000152      0.000131   WU     0.014762      0.012794
 ( 6   2) <--> ( 7   1)       -0.944957      0.068688      0.059530   WU     6.692392      5.800073
 ( 6   2) <--> ( 7   2)       -0.280271      0.006042      0.005237   WU     0.588726      0.510229
 ( 6   2) <--> ( 7   3)        0.440781      0.014945      0.012953   WU     1.456140      1.261988
 ( 6   2) <--> ( 7   4)       -0.045590      0.000160      0.000139   WU     0.015577      0.013500
 ( 6   3) <--> ( 7   1)       -0.770697      0.045690      0.039598   WU     4.451686      3.858128
 ( 6   3) <--> ( 7   2)        0.515373      0.020431      0.017707   WU     1.990674      1.725251
 ( 6   3) <--> ( 7   3)        0.620464      0.029613      0.025665   WU     2.885290      2.500585
 ( 6   3) <--> ( 7   4)        0.058883      0.000267      0.000231   WU     0.025986      0.022521
 ( 6   4) <--> ( 7   1)        0.613908      0.028991      0.025126   WU     2.824647      2.448028
 ( 6   4) <--> ( 7   2)        1.138929      0.099781      0.086477   WU     9.721882      8.425631
 ( 6   4) <--> ( 7   3)       -0.965771      0.071747      0.062181   WU     6.990458      6.058397
 ( 6   4) <--> ( 7   4)        0.025806      0.000051      0.000044   WU     0.004991      0.004326
 ( 6   1) <--> ( 8   1)        2.790738      0.599094      0.458131   WU    58.370756     44.636460
 ( 6   1) <--> ( 8   2)        0.264630      0.005387      0.004119   WU     0.524850      0.401356
 ( 6   1) <--> ( 8   3)        0.497563      0.019044      0.014563   WU     1.855464      1.418884
 ( 6   1) <--> ( 8   4)        0.006758      0.000004      0.000003   WU     0.000342      0.000262
 ( 6   2) <--> ( 8   1)       -0.974988      0.073123      0.055918   WU     7.124525      5.448166
 ( 6   2) <--> ( 8   2)        2.951575      0.670138      0.512458   WU    65.292693     49.929706
 ( 6   2) <--> ( 8   3)        0.386057      0.011465      0.008767   WU     1.117018      0.854190
 ( 6   2) <--> ( 8   4)       -0.327450      0.008248      0.006307   WU     0.803611      0.614526
 ( 6   3) <--> ( 8   1)        0.879568      0.059511      0.045508   WU     5.798236      4.433945
 ( 6   3) <--> ( 8   2)       -1.011290      0.078670      0.060159   WU     7.664936      5.861422
 ( 6   3) <--> ( 8   3)        3.292706      0.833993      0.637760   WU    81.257397     62.138010
 ( 6   3) <--> ( 8   4)        0.242108      0.004509      0.003448   WU     0.439313      0.335945
 ( 6   4) <--> ( 8   1)       -0.177044      0.002411      0.001844   WU     0.234920      0.179645
 ( 6   4) <--> ( 8   2)       -1.667114      0.213790      0.163486   WU    20.829924     15.928766
 ( 6   4) <--> ( 8   3)       -0.002088      0.000000      0.000000   WU     0.000033      0.000025
 ( 6   4) <--> ( 8   4)       -3.199046      0.787222      0.601994   WU    76.700445     58.653282
 ( 7   1) <--> ( 7   1)        0.623936      0.417826   (eb)
 ( 7   2) <--> ( 7   1)       -0.161757      0.001744      0.001744   WU     0.169955      0.169955
 ( 7   2) <--> ( 7   2)        0.576694      0.386190   (eb)
 ( 7   3) <--> ( 7   1)       -1.774911      0.210021      0.210021   WU    20.462667     20.462667
 ( 7   3) <--> ( 7   2)       -1.299179      0.112524      0.112524   WU    10.963450     10.963450
 ( 7   3) <--> ( 7   3)       -0.071397     -0.047812   (eb)
 ( 7   4) <--> ( 7   1)       -0.022678      0.000034      0.000034   WU     0.003341      0.003341
 ( 7   4) <--> ( 7   2)        0.126004      0.001058      0.001058   WU     0.103128      0.103128
 ( 7   4) <--> ( 7   3)        0.052108      0.000181      0.000181   WU     0.017637      0.017637
 ( 7   4) <--> ( 7   4)       -9.019029     -6.039700   (eb)
 ( 7   1) <--> ( 8   1)        1.405537      0.131702      0.116208   WU    12.831987     11.322341
 ( 7   1) <--> ( 8   2)       -0.688048      0.031561      0.027848   WU     3.075010      2.713245
 ( 7   1) <--> ( 8   3)        1.032123      0.071019      0.062663   WU     6.919458      6.105404
 ( 7   1) <--> ( 8   4)       -0.078340      0.000409      0.000361   WU     0.039864      0.035174
 ( 7   2) <--> ( 8   1)       -0.368937      0.009074      0.008007   WU     0.884126      0.780111
 ( 7   2) <--> ( 8   2)       -1.211236      0.097806      0.086300   WU     9.529426      8.408317
 ( 7   2) <--> ( 8   3)        0.874955      0.051036      0.045032   WU     4.972562      4.387555
 ( 7   2) <--> ( 8   4)       -1.625004      0.176043      0.155332   WU    17.152136     15.134237
 ( 7   3) <--> ( 8   1)       -0.113800      0.000863      0.000762   WU     0.084119      0.074223
 ( 7   3) <--> ( 8   2)        0.596672      0.023734      0.020942   WU     2.312491      2.040433
 ( 7   3) <--> ( 8   3)        0.984215      0.064579      0.056981   WU     6.292003      5.551767
 ( 7   3) <--> ( 8   4)        0.655330      0.028631      0.025262   WU     2.789523      2.461344
 ( 7   4) <--> ( 8   1)       -0.033876      0.000077      0.000068   WU     0.007454      0.006577
 ( 7   4) <--> ( 8   2)       -0.100787      0.000677      0.000598   WU     0.065981      0.058218
 ( 7   4) <--> ( 8   3)        0.037871      0.000096      0.000084   WU     0.009316      0.008220
 ( 7   4) <--> ( 8   4)        0.285502      0.005434      0.004795   WU     0.529455      0.467166
 ( 7   1) <--> ( 9   1)        3.703430      0.914359      0.721863   WU    89.087624     70.332334
 ( 7   1) <--> ( 9   2)        0.101993      0.000694      0.000548   WU     0.067569      0.053344
 ( 7   1) <--> ( 9   3)        0.466535      0.014510      0.011456   WU     1.413769      1.116133
 ( 7   1) <--> ( 9   4)        0.307537      0.006305      0.004978   WU     0.614334      0.485000
 ( 7   2) <--> ( 9   1)        2.282667      0.347371      0.274240   WU    33.844976     26.719718
 ( 7   2) <--> ( 9   2)       -1.079732      0.077721      0.061359   WU     7.572537      5.978318
 ( 7   2) <--> ( 9   3)       -4.266943      1.213787      0.958253   WU   118.261346     93.364221
 ( 7   2) <--> ( 9   4)        1.129906      0.085112      0.067194   WU     8.292653      6.546831
 ( 7   3) <--> ( 9   1)        0.136566      0.001243      0.000982   WU     0.121142      0.095639
 ( 7   3) <--> ( 9   2)       -0.072779      0.000353      0.000279   WU     0.034405      0.027161
 ( 7   3) <--> ( 9   3)        0.261209      0.004549      0.003591   WU     0.443185      0.349883
 ( 7   3) <--> ( 9   4)        3.423457      0.781337      0.616845   WU    76.127011     60.100272
 ( 7   4) <--> ( 9   1)       -0.031790      0.000067      0.000053   WU     0.006564      0.005182
 ( 7   4) <--> ( 9   2)       14.754377     14.512776     11.457455   WU  1414.004861   1116.319627
 ( 7   4) <--> ( 9   3)       -2.349086      0.367880      0.290432   WU    35.843204     28.297266
 ( 7   4) <--> ( 9   4)        0.526954      0.018512      0.014615   WU     1.803657      1.423940
 ( 8   1) <--> ( 8   1)        1.117920      0.720159   (eb)
 ( 8   2) <--> ( 8   1)       -0.552724      0.017971      0.017971   WU     1.750927      1.750927
 ( 8   2) <--> ( 8   2)        1.490653      0.960273   (eb)
 ( 8   3) <--> ( 8   1)       -1.578803      0.146625      0.146625   WU    14.285886     14.285886
 ( 8   3) <--> ( 8   2)        0.480188      0.013564      0.013564   WU     1.321518      1.321518
 ( 8   3) <--> ( 8   3)       -0.186748     -0.120302   (eb)
 ( 8   4) <--> ( 8   1)       -0.185947      0.002034      0.002034   WU     0.198166      0.198166
 ( 8   4) <--> ( 8   2)        0.508191      0.015192      0.015192   WU     1.480151      1.480151
 ( 8   4) <--> ( 8   3)       -0.208543      0.002558      0.002558   WU     0.249255      0.249255
 ( 8   4) <--> ( 8   4)        1.839087      1.184732   (eb)
 ( 8   1) <--> ( 9   1)        0.895511      0.047173      0.042207   WU     4.596144      4.112339
 ( 8   1) <--> ( 9   2)        0.095207      0.000533      0.000477   WU     0.051950      0.046482
 ( 8   1) <--> ( 9   3)        0.455913      0.012227      0.010940   WU     1.191283      1.065885
 ( 8   1) <--> ( 9   4)       -0.203563      0.002438      0.002181   WU     0.237492      0.212493
 ( 8   2) <--> ( 9   1)       -0.896258      0.047252      0.042278   WU     4.603812      4.119201
 ( 8   2) <--> ( 9   2)        0.037810      0.000084      0.000075   WU     0.008194      0.007331
 ( 8   2) <--> ( 9   3)        0.229022      0.003085      0.002761   WU     0.300612      0.268968
 ( 8   2) <--> ( 9   4)        0.178859      0.001882      0.001684   WU     0.183346      0.164046
 ( 8   3) <--> ( 9   1)       -0.782921      0.036057      0.032261   WU     3.513077      3.143280
 ( 8   3) <--> ( 9   2)       -0.099896      0.000587      0.000525   WU     0.057193      0.051173
 ( 8   3) <--> ( 9   3)       -0.433007      0.011029      0.009868   WU     1.074585      0.961471
 ( 8   3) <--> ( 9   4)        0.725884      0.030995      0.027732   WU     3.019855      2.701976
 ( 8   4) <--> ( 9   1)       -0.746033      0.032739      0.029293   WU     3.189828      2.854057
 ( 8   4) <--> ( 9   2)        0.294560      0.005104      0.004567   WU     0.497276      0.444931
 ( 8   4) <--> ( 9   3)        1.238252      0.090192      0.080698   WU     8.787583      7.862574
 ( 8   4) <--> ( 9   4)        0.262137      0.004042      0.003617   WU     0.393831      0.352375
 ( 8   1) <--> (10   1)        3.492396      0.717461      0.580801   WU    69.903430     56.588491
 ( 8   1) <--> (10   2)       -0.098096      0.000566      0.000458   WU     0.055151      0.044646
 ( 8   1) <--> (10   3)       -0.001947      0.000000      0.000000   WU     0.000022      0.000018
 ( 8   1) <--> (10   4)        0.487661      0.013989      0.011324   WU     1.362975      1.103360
 ( 8   2) <--> (10   1)       -1.343079      0.106109      0.085898   WU    10.338431      8.369206
 ( 8   2) <--> (10   2)       -3.823898      0.860129      0.696295   WU    83.803883     67.841239
 ( 8   2) <--> (10   3)       -0.023336      0.000032      0.000026   WU     0.003121      0.002527
 ( 8   2) <--> (10   4)        1.110715      0.072570      0.058747   WU     7.070611      5.723828
 ( 8   3) <--> (10   1)        0.882052      0.045766      0.037048   WU     4.459029      3.609690
 ( 8   3) <--> (10   2)        2.085278      0.255787      0.207066   WU    24.921802     20.174792
 ( 8   3) <--> (10   3)       -0.040024      0.000094      0.000076   WU     0.009181      0.007432
 ( 8   3) <--> (10   4)        3.859075      0.876027      0.709165   WU    85.352850     69.095164
 ( 8   4) <--> (10   1)        0.185484      0.002024      0.001638   WU     0.197182      0.159623
 ( 8   4) <--> (10   2)       -3.036255      0.542285      0.438993   WU    52.835761     42.771806
 ( 8   4) <--> (10   3)        0.199188      0.002334      0.001889   WU     0.227394      0.184081
 ( 8   4) <--> (10   4)        0.036320      0.000078      0.000063   WU     0.007560      0.006120
 ( 9   1) <--> ( 9   1)        0.548740      0.340703   (eb)
 ( 9   2) <--> ( 9   1)        0.072533      0.000277      0.000277   WU     0.026978      0.026978
 ( 9   2) <--> ( 9   2)      -11.255401     -6.988278   (eb)
 ( 9   3) <--> ( 9   1)        0.071815      0.000271      0.000271   WU     0.026447      0.026447
 ( 9   3) <--> ( 9   2)        2.987425      0.469722      0.469722   WU    45.765788     45.765788
 ( 9   3) <--> ( 9   3)        0.140415      0.087181   (eb)
 ( 9   4) <--> ( 9   1)       -1.932459      0.196547      0.196547   WU    19.149935     19.149935
 ( 9   4) <--> ( 9   2)        0.505145      0.013430      0.013430   WU     1.308514      1.308514
 ( 9   4) <--> ( 9   3)        1.791455      0.168911      0.168911   WU    16.457303     16.457303
 ( 9   4) <--> ( 9   4)        0.469401      0.291443   (eb)
 ( 9   1) <--> (10   1)        1.558905      0.127904      0.115723   WU    12.461951     11.275099
 ( 9   1) <--> (10   2)        1.452092      0.110977      0.100408   WU    10.812719      9.782936
 ( 9   1) <--> (10   3)       -0.006223      0.000002      0.000002   WU     0.000199      0.000180
 ( 9   1) <--> (10   4)        0.744591      0.029180      0.026401   WU     2.843039      2.572273
 ( 9   2) <--> (10   1)        0.110927      0.000648      0.000586   WU     0.063099      0.057089
 ( 9   2) <--> (10   2)       -0.335313      0.005918      0.005354   WU     0.576565      0.521654
 ( 9   2) <--> (10   3)        1.150228      0.069633      0.063001   WU     6.784453      6.138315
 ( 9   2) <--> (10   4)       -0.145572      0.001115      0.001009   WU     0.108668      0.098319
 ( 9   3) <--> (10   1)        0.513753      0.013892      0.012569   WU     1.353491      1.224587
 ( 9   3) <--> (10   2)       -1.541869      0.125124      0.113208   WU    12.191074     11.030019
 ( 9   3) <--> (10   3)       -0.254637      0.003413      0.003088   WU     0.332498      0.300832
 ( 9   3) <--> (10   4)       -0.435949      0.010003      0.009050   WU     0.974582      0.881765
 ( 9   4) <--> (10   1)       -0.270197      0.003842      0.003476   WU     0.374376      0.338721
 ( 9   4) <--> (10   2)        0.045149      0.000107      0.000097   WU     0.010453      0.009457
 ( 9   4) <--> (10   3)       -0.001925      0.000000      0.000000   WU     0.000019      0.000017
 ( 9   4) <--> (10   4)        1.359816      0.097321      0.088052   WU     9.482160      8.579097
 (10   1) <--> (10   1)        1.183895      0.709855   (eb)
 (10   2) <--> (10   1)       -0.065706      0.000206      0.000206   WU     0.020031      0.020031
 (10   2) <--> (10   2)        1.008246      0.604538   (eb)
 (10   3) <--> (10   1)        0.013782      0.000009      0.000009   WU     0.000881      0.000881
 (10   3) <--> (10   2)        0.043892      0.000092      0.000092   WU     0.008938      0.008938
 (10   3) <--> (10   3)      -15.412254     -9.241085   (eb)
 (10   4) <--> (10   1)       -1.742396      0.144569      0.144569   WU    14.085582     14.085582
 (10   4) <--> (10   2)       -1.228296      0.071843      0.071843   WU     6.999827      6.999827
 (10   4) <--> (10   3)       -0.147802      0.001040      0.001040   WU     0.101354      0.101354
 (10   4) <--> (10   4)        0.231829      0.139003   (eb)
 
  quadrupole shape invariant: 01+, 02+, 03+, 04+
quadr2     0.71522555     1.21793638     1.72995387     2.23169010
quadr3     0.42508815     0.54666935     0.23730155     2.13192970
  effective deformation parameters:  01+, 02+, 03+, 04+
beteff     0.06881651     0.08980147     0.10702578     0.12155927
cos3ga     0.70277204     0.40671278     0.10429147     0.63947276
 
 ********* END Transition **************************
