 ********* BEGIN READER ****************************
 
 Nucleus            :  Xe  54 118
 Imin, Imax         :     0  10
 imu, remu          :     1 12.0000
 nlevel             :     4
 observables        :     2
 wave fun           :     1
 nbet, ngam, npar   :    10   7  10
 Finish reading parameters: V, B_k ...
 
 ********* END READER ******************************
 
 ********* BEGIN LEVELS ********************
 
 E_0 = -1257.972415
 
  I=   0   ntot= 127
   0   1    0.000000
   0   2    2.740690
   0   3    4.225119
   0   4    4.967718
 
  I=   2   ntot= 234
   2   1    0.984695
   2   2    2.340357
   2   3    3.650164
   2   4    4.811607
 
  I=   3   ntot= 108
   3   1    3.367099
   3   2    5.710956
   3   3    7.311491
   3   4    7.743794
 
  I=   4   ntot= 324
   4   1    2.174472
   4   2    3.721292
   4   3    4.665002
   4   4    4.893766
 
  I=   5   ntot= 198
   5   1    4.702850
   5   2    6.108072
   5   3    6.790610
   5   4    7.869258
 
  I=   6   ntot= 432
   6   1    3.548493
   6   2    5.211424
   6   3    5.810299
   6   4    6.516038
 
  I=   7   ntot= 306
   7   1    6.172371
   7   2    7.654685
   7   3    7.926542
   7   4    8.881096
 
  I=   8   ntot= 522
   8   1    5.069656
   8   2    6.789449
   8   3    7.038117
   8   4    8.108537
 
  I=   9   ntot= 397
   9   1    7.736158
   9   2    9.085823
   9   3    9.211511
   9   4   10.222802
 
  I=  10   ntot= 630
  10   1    6.696171
  10   2    8.236595
  10   3    8.470942
  10   4    9.487947
 
 ********* END LEVELS **********************
 
 ********* BEGIN Transition ************************
 
  Monopole moment 
 
   I   n    <In|E0|In>   ave \beta      del<b>   ave \gamma    del<g>  
     K=0       K=2       K=4   
   0   1     25.942463    0.146735    0.042543   25.596587   11.138991  100.0000    0.0000    0.0000
   0   2     26.065476    0.198199    0.064905   24.322449   10.623086  100.0000    0.0000    0.0000
   0   3     26.125782    0.211398    0.055595   24.782050   14.980593  100.0000    0.0000    0.0000
   0   4     26.284726    0.258573    0.085255   21.251719   10.808964  100.0000    0.0000    0.0000
   2   1     25.978081    0.162758    0.042649   24.124279   10.787324   89.9358   10.0642    0.0000
   2   2     26.033517    0.179588    0.043070   28.517879   10.195709   13.1120   86.8880    0.0000
   2   3     26.125491    0.218301    0.066938   22.831369   10.512168   89.8145   10.1855    0.0000
   2   4     26.201649    0.235320    0.070064   25.301550    9.742163   14.2316   85.7684    0.0000
   3   1     26.073914    0.196394    0.043573   26.884095    8.719701    0.0000  100.0000    0.0000
   3   2     26.303374    0.260665    0.072759   24.112067    8.731887    0.0000  100.0000    0.0000
   3   3     26.611641    0.317618    0.096223   21.561264    8.837322    0.0000   99.9999    0.0000
   3   4     26.527420    0.296242    0.071514   28.873643    8.991099    0.0000  100.0000    0.0000
   4   1     26.013996    0.177774    0.043362   23.326946   10.544934   84.0666   13.7495    2.1839
   4   2     26.075706    0.195779    0.044900   27.129207   10.942517   21.4832   57.5006   21.0162
   4   3     26.191297    0.237615    0.069327   21.438532   10.337479   77.9488   18.1411    3.9101
   4   4     26.136625    0.214041    0.050137   28.160362   10.533458    8.8230   23.5838   67.5932
   5   1     26.117007    0.212040    0.045677   25.772188    8.647648    0.0000   88.7903   11.2097
   5   2     26.185731    0.229733    0.049293   27.613512    8.525299    0.0000   13.8140   86.1860
   5   3     26.431282    0.287670    0.076318   22.936656    8.640745    0.0000   89.0104   10.9896
   5   4     26.631071    0.317683    0.080019   25.111976    8.419395    0.0000   13.8925   86.1074
   6   1     26.054372    0.193272    0.044877   22.998101   10.349690   76.8509   19.8303    2.5951
   6   2     26.126605    0.214231    0.048972   25.128708   11.771510   31.4687   44.3735   18.0608
   6   3     26.291737    0.263399    0.073866   19.879568   10.281016   78.1818   19.6814    1.6450
   6   4     26.209469    0.234688    0.056148   27.037351   11.735641    5.7955   34.3338   26.1477
   7   1     26.173689    0.230080    0.049727   24.792459    8.666609    0.0000   80.1758   17.9444
   7   2     26.291603    0.257706    0.059853   25.319426    9.728351    0.0000   27.5153   51.3287
   7   3     26.585064    0.314220    0.080778   22.765809    8.579294    0.0000   75.7316   21.4988
   7   4     26.470276    0.291334    0.068743   26.406222    8.527913    0.0000    2.7913   30.5598
   8   1     26.103958    0.210584    0.047698   22.796404   10.212376   69.1103   26.0764    3.8079
   8   2     26.222698    0.244387    0.061248   21.287059   13.123606   46.6761   28.2722   17.7552
   8   3     26.400922    0.284933    0.079007   20.382359   10.275706   66.9108   28.0908    4.2492
   8   4     26.397906    0.282874    0.078805   20.686333   13.338300   20.4169   39.2597   13.2386
   9   1     26.266525    0.254805    0.057144   23.806303    8.714706    0.0000   72.1186   23.7441
   9   2     26.716098    0.337598    0.087526   20.575073    8.400096    0.0000   75.1551   19.6991
   9   3     26.554067    0.304907    0.072231   26.777326    8.049459    0.0000   25.7425   41.5223
   9   4     26.926701    0.360166    0.099572   24.235112    9.100269    0.0000   29.0036   35.5083
  10   1     26.173601    0.232062    0.052901   22.415892   10.169707   61.9638   31.3766    5.3459
  10   2     26.533019    0.315014    0.080860   16.163772   10.245337   73.1383   19.3472    5.1653
  10   3     26.407835    0.279334    0.072578   25.736111    9.099772   40.3553   33.3844   18.9698
  10   4     26.717038    0.342920    0.095581   16.738684   12.648304   50.7942   25.9401   12.8670
 
  rho^2(E0) 
 
   I  n_1 n_2  <In_1|E0|In_2>  rho^2(E0) 
   0   1   1       25.942463  989.419048
   0   2   1       -0.094725    0.013191
   0   2   2       26.065476  998.824427
   0   3   1       -0.014264    0.000299
   0   3   2       -0.022522    0.000746
   0   3   3       26.125782 1003.451651
   0   4   1       -0.010736    0.000169
   0   4   2       -0.164055    0.039567
   0   4   3        0.059912    0.005277
   0   4   4       26.284726 1015.698371
   2   1   1       25.978081  992.137752
   2   2   1       -0.001317    0.000003
   2   2   2       26.033517  996.376607
   2   3   1       -0.099454    0.014541
   2   3   2       -0.000663    0.000001
   2   3   3       26.125491 1003.429294
   2   4   1       -0.000051    0.000000
   2   4   2       -0.107810    0.017087
   2   4   3        0.014497    0.000309
   2   4   4       26.201649 1009.287929
   3   1   1       26.073914  999.471261
   3   2   1       -0.120720    0.021425
   3   2   2       26.303374 1017.140084
   3   3   1       -0.021155    0.000658
   3   3   2       -0.263770    0.102284
   3   3   3       26.611641 1041.120900
   3   4   1       -0.019017    0.000532
   3   4   2        0.118658    0.020699
   3   4   3       -0.171572    0.043277
   3   4   4       26.527420 1034.541353
   4   1   1       26.013996  994.882943
   4   2   1       -0.005511    0.000045
   4   2   2       26.075706  999.608608
   4   3   1       -0.102842    0.015549
   4   3   2       -0.005981    0.000053
   4   3   3       26.191297 1008.490570
   4   4   1        0.028471    0.001192
   4   4   2        0.006202    0.000057
   4   4   3       -0.022294    0.000731
   4   4   4       26.136625 1004.284700
   5   1   1       26.117007 1002.777634
   5   2   1        0.002026    0.000006
   5   2   2       26.185731 1008.062026
   5   3   1       -0.139550    0.028630
   5   3   2       -0.013333    0.000261
   5   3   3       26.431282 1027.056435
   5   4   1        0.005062    0.000038
   5   4   2       -0.176670    0.045886
   5   4   3        0.005005    0.000037
   5   4   4       26.631071 1042.641723
   6   1   1       26.054372  997.973645
   6   2   1       -0.007327    0.000079
   6   2   2       26.126605 1003.514872
   6   3   1       -0.118442    0.020624
   6   3   2       -0.019868    0.000580
   6   3   3       26.291737 1016.240298
   6   4   1       -0.013415    0.000265
   6   4   2       -0.017070    0.000428
   6   4   3        0.026221    0.001011
   6   4   4       26.209469 1009.890471
   7   1   1       26.173689 1007.135042
   7   2   1        0.021711    0.000693
   7   2   2       26.291603 1016.229944
   7   3   1       -0.173267    0.044136
   7   3   2       -0.046125    0.003128
   7   3   3       26.585064 1039.042410
   7   4   1       -0.002603    0.000010
   7   4   2       -0.031977    0.001503
   7   4   3       -0.000703    0.000001
   7   4   4       26.470276 1030.089079
   8   1   1       26.103958 1001.775886
   8   2   1        0.017327    0.000441
   8   2   2       26.222698 1010.910211
   8   3   1       -0.140806    0.029147
   8   3   2       -0.067882    0.006774
   8   3   3       26.400922 1024.698345
   8   4   1       -0.004810    0.000034
   8   4   2       -0.095169    0.013315
   8   4   3        0.038011    0.002124
   8   4   4       26.397906 1024.464198
   9   1   1       26.266525 1014.292177
   9   2   1        0.224089    0.073824
   9   2   2       26.716098 1049.310168
   9   3   1       -0.093549    0.012866
   9   3   2       -0.118935    0.020796
   9   3   3       26.554067 1036.620795
   9   4   1       -0.008459    0.000105
   9   4   2       -0.045528    0.003047
   9   4   3       -0.386698    0.219837
   9   4   4       26.926701 1065.918815
  10   1   1       26.173601 1007.128311
  10   2   1        0.152482    0.034182
  10   2   2       26.533019 1034.978125
  10   3   1       -0.105861    0.016475
  10   3   2       -0.093876    0.012956
  10   3   3       26.407835 1025.235033
  10   4   1        0.000119    0.000000
  10   4   2       -0.164903    0.039977
  10   4   3       -0.202790    0.060458
  10   4   4       26.717038 1049.384015
 
  E2 transition 
 
  I1  n1        I2  n2       <f||E2||i>   B(E2,I1->I2)  B(E2,I2->I1)
 ( 0   1) <--> ( 2   1)        0.815114      0.664410      0.132882   WU   116.935204     23.387041
 ( 0   1) <--> ( 2   2)        0.004757      0.000023      0.000005   WU     0.003983      0.000797
 ( 0   1) <--> ( 2   3)       -0.031546      0.000995      0.000199   WU     0.175149      0.035030
 ( 0   1) <--> ( 2   4)        0.008426      0.000071      0.000014   WU     0.012496      0.002499
 ( 0   2) <--> ( 2   1)       -0.348997      0.121799      0.024360   WU    21.436421      4.287284
 ( 0   2) <--> ( 2   2)       -0.039667      0.001573      0.000315   WU     0.276927      0.055385
 ( 0   2) <--> ( 2   3)        0.978555      0.957570      0.191514   WU   168.530760     33.706152
 ( 0   2) <--> ( 2   4)       -0.001185      0.000001      0.000000   WU     0.000247      0.000049
 ( 0   3) <--> ( 2   1)        0.110160      0.012135      0.002427   WU     2.135787      0.427157
 ( 0   3) <--> ( 2   2)        0.378033      0.142909      0.028582   WU    25.151744      5.030349
 ( 0   3) <--> ( 2   3)       -0.180555      0.032600      0.006520   WU     5.737538      1.147508
 ( 0   3) <--> ( 2   4)       -0.043369      0.001881      0.000376   WU     0.331032      0.066206
 ( 0   4) <--> ( 2   1)       -0.086637      0.007506      0.001501   WU     1.321038      0.264208
 ( 0   4) <--> ( 2   2)       -0.072075      0.005195      0.001039   WU     0.914289      0.182858
 ( 0   4) <--> ( 2   3)       -0.546973      0.299180      0.059836   WU    52.655170     10.531034
 ( 0   4) <--> ( 2   4)       -0.179187      0.032108      0.006422   WU     5.650945      1.130189
 ( 2   1) <--> ( 2   1)       -0.655782     -0.497039   (eb)
 ( 2   2) <--> ( 2   1)       -0.835781      0.139706      0.139706   WU    24.588012     24.588012
 ( 2   2) <--> ( 2   2)        0.614151      0.465486   (eb)
 ( 2   3) <--> ( 2   1)        0.122624      0.003007      0.003007   WU     0.529284      0.529284
 ( 2   3) <--> ( 2   2)        0.414195      0.034312      0.034312   WU     6.038786      6.038786
 ( 2   3) <--> ( 2   3)       -0.815698     -0.618245   (eb)
 ( 2   4) <--> ( 2   1)       -0.054778      0.000600      0.000600   WU     0.105620      0.105620
 ( 2   4) <--> ( 2   2)       -0.144145      0.004156      0.004156   WU     0.731376      0.731376
 ( 2   4) <--> ( 2   3)       -0.966364      0.186772      0.186772   WU    32.871562     32.871562
 ( 2   4) <--> ( 2   4)        0.721740      0.547030   (eb)
 ( 2   1) <--> ( 3   1)       -0.010305      0.000021      0.000015   WU     0.003738      0.002670
 ( 2   1) <--> ( 3   2)        0.001419      0.000000      0.000000   WU     0.000071      0.000051
 ( 2   1) <--> ( 3   3)        0.003018      0.000002      0.000001   WU     0.000321      0.000229
 ( 2   1) <--> ( 3   4)        0.009715      0.000019      0.000013   WU     0.003322      0.002373
 ( 2   2) <--> ( 3   1)       -1.367105      0.373795      0.266997   WU    65.787396     46.990997
 ( 2   2) <--> ( 3   2)        0.009041      0.000016      0.000012   WU     0.002877      0.002055
 ( 2   2) <--> ( 3   3)        0.000591      0.000000      0.000000   WU     0.000012      0.000009
 ( 2   2) <--> ( 3   4)       -0.008177      0.000013      0.000010   WU     0.002354      0.001681
 ( 2   3) <--> ( 3   1)       -0.049518      0.000490      0.000350   WU     0.086309      0.061649
 ( 2   3) <--> ( 3   2)       -0.010046      0.000020      0.000014   WU     0.003552      0.002537
 ( 2   3) <--> ( 3   3)       -0.007913      0.000013      0.000009   WU     0.002204      0.001574
 ( 2   3) <--> ( 3   4)       -0.040457      0.000327      0.000234   WU     0.057613      0.041152
 ( 2   4) <--> ( 3   1)        0.669932      0.089762      0.064115   WU    15.797916     11.284225
 ( 2   4) <--> ( 3   2)       -1.661325      0.552000      0.394286   WU    97.151226     69.393733
 ( 2   4) <--> ( 3   3)       -0.020720      0.000086      0.000061   WU     0.015112      0.010794
 ( 2   4) <--> ( 3   4)        0.019957      0.000080      0.000057   WU     0.014019      0.010014
 ( 2   1) <--> ( 4   1)        1.438317      0.413751      0.229862   WU    72.819593     40.455329
 ( 2   1) <--> ( 4   2)        0.076101      0.001158      0.000643   WU     0.203855      0.113253
 ( 2   1) <--> ( 4   3)       -0.033129      0.000220      0.000122   WU     0.038633      0.021463
 ( 2   1) <--> ( 4   4)        0.007585      0.000012      0.000006   WU     0.002025      0.001125
 ( 2   2) <--> ( 4   1)        0.064992      0.000845      0.000469   WU     0.148683      0.082602
 ( 2   2) <--> ( 4   2)        1.088227      0.236848      0.131582   WU    41.684833     23.158241
 ( 2   2) <--> ( 4   3)       -0.044016      0.000387      0.000215   WU     0.068195      0.037886
 ( 2   2) <--> ( 4   4)       -0.026079      0.000136      0.000076   WU     0.023939      0.013300
 ( 2   3) <--> ( 4   1)       -0.555214      0.061653      0.034251   WU    10.850767      6.028204
 ( 2   3) <--> ( 4   2)       -0.038736      0.000300      0.000167   WU     0.052817      0.029343
 ( 2   3) <--> ( 4   3)        1.690216      0.571366      0.317425   WU   100.559499     55.866388
 ( 2   3) <--> ( 4   4)       -0.439128      0.038567      0.021426   WU     6.787663      3.770924
 ( 2   4) <--> ( 4   1)        0.052069      0.000542      0.000301   WU     0.095431      0.053017
 ( 2   4) <--> ( 4   2)       -0.340254      0.023155      0.012864   WU     4.075173      2.263985
 ( 2   4) <--> ( 4   3)        0.102918      0.002118      0.001177   WU     0.372841      0.207134
 ( 2   4) <--> ( 4   4)       -0.198039      0.007844      0.004358   WU     1.380509      0.766949
 ( 3   1) <--> ( 3   1)        0.000000      0.000000   (eb)
 ( 3   2) <--> ( 3   1)        0.000000      0.000000      0.000000   WU     0.000000      0.000000
 ( 3   2) <--> ( 3   2)        0.000000      0.000000   (eb)
 ( 3   3) <--> ( 3   1)        0.000000      0.000000      0.000000   WU     0.000000      0.000000
 ( 3   3) <--> ( 3   2)        0.000000      0.000000      0.000000   WU     0.000000      0.000000
 ( 3   3) <--> ( 3   3)        0.000000      0.000000   (eb)
 ( 3   4) <--> ( 3   1)        0.000000      0.000000      0.000000   WU     0.000000      0.000000
 ( 3   4) <--> ( 3   2)        0.000000      0.000000      0.000000   WU     0.000000      0.000000
 ( 3   4) <--> ( 3   3)        0.000000      0.000000      0.000000   WU     0.000000      0.000000
 ( 3   4) <--> ( 3   4)        0.000000      0.000000   (eb)
 ( 3   1) <--> ( 4   1)        0.663693      0.062927      0.048943   WU    11.075053      8.613930
 ( 3   1) <--> ( 4   2)       -0.876786      0.109822      0.085417   WU    19.328473     15.033257
 ( 3   1) <--> ( 4   3)       -0.590532      0.049818      0.038748   WU     8.767943      6.819511
 ( 3   1) <--> ( 4   4)       -0.989678      0.139923      0.108829   WU    24.626283     19.153775
 ( 3   2) <--> ( 4   1)        0.026789      0.000103      0.000080   WU     0.018043      0.014033
 ( 3   2) <--> ( 4   2)        0.167598      0.004013      0.003121   WU     0.706232      0.549292
 ( 3   2) <--> ( 4   3)        0.851196      0.103505      0.080504   WU    18.216727     14.168565
 ( 3   2) <--> ( 4   4)        0.281688      0.011335      0.008816   WU     1.995020      1.551682
 ( 3   3) <--> ( 4   1)        0.009038      0.000012      0.000009   WU     0.002054      0.001598
 ( 3   3) <--> ( 4   2)        0.021011      0.000063      0.000049   WU     0.011100      0.008633
 ( 3   3) <--> ( 4   3)        0.064317      0.000591      0.000460   WU     0.104005      0.080893
 ( 3   3) <--> ( 4   4)        0.010296      0.000015      0.000012   WU     0.002665      0.002073
 ( 3   4) <--> ( 4   1)       -0.012865      0.000024      0.000018   WU     0.004161      0.003236
 ( 3   4) <--> ( 4   2)       -0.076908      0.000845      0.000657   WU     0.148714      0.115666
 ( 3   4) <--> ( 4   3)        0.002444      0.000001      0.000001   WU     0.000150      0.000117
 ( 3   4) <--> ( 4   4)       -0.089787      0.001152      0.000896   WU     0.202692      0.157649
 ( 3   1) <--> ( 5   1)        1.498615      0.320835      0.204168   WU    56.466551     35.933260
 ( 3   1) <--> ( 5   2)        0.019506      0.000054      0.000035   WU     0.009567      0.006088
 ( 3   1) <--> ( 5   3)       -0.000945      0.000000      0.000000   WU     0.000022      0.000014
 ( 3   1) <--> ( 5   4)        0.006673      0.000006      0.000004   WU     0.001120      0.000712
 ( 3   2) <--> ( 5   1)       -0.555146      0.044027      0.028017   WU     7.748637      4.930951
 ( 3   2) <--> ( 5   2)       -0.158947      0.003609      0.002297   WU     0.635211      0.404225
 ( 3   2) <--> ( 5   3)        1.855640      0.491914      0.313036   WU    86.576150     55.093914
 ( 3   2) <--> ( 5   4)        0.013374      0.000026      0.000016   WU     0.004497      0.002862
 ( 3   3) <--> ( 5   1)       -0.030715      0.000135      0.000086   WU     0.023720      0.015095
 ( 3   3) <--> ( 5   2)        0.245608      0.008618      0.005484   WU     1.516687      0.965165
 ( 3   3) <--> ( 5   3)       -1.040571      0.154684      0.098435   WU    27.224172     17.324473
 ( 3   3) <--> ( 5   4)       -0.338652      0.016384      0.010426   WU     2.883483      1.834944
 ( 3   4) <--> ( 5   1)        0.129934      0.002412      0.001535   WU     0.424482      0.270125
 ( 3   4) <--> ( 5   2)        0.487117      0.033898      0.021571   WU     5.965917      3.796492
 ( 3   4) <--> ( 5   3)        0.228302      0.007446      0.004738   WU     1.310484      0.833944
 ( 3   4) <--> ( 5   4)       -0.367670      0.019312      0.012289   WU     3.398814      2.162882
 ( 4   1) <--> ( 4   1)       -0.908124     -0.684813   (eb)
 ( 4   2) <--> ( 4   1)       -0.851352      0.080533      0.080533   WU    14.173744     14.173744
 ( 4   2) <--> ( 4   2)       -0.264237     -0.199260   (eb)
 ( 4   3) <--> ( 4   1)        0.180254      0.003610      0.003610   WU     0.635387      0.635387
 ( 4   3) <--> ( 4   2)        0.066289      0.000488      0.000488   WU     0.085931      0.085931
 ( 4   3) <--> ( 4   3)       -1.081775     -0.815762   (eb)
 ( 4   4) <--> ( 4   1)        0.041529      0.000192      0.000192   WU     0.033727      0.033727
 ( 4   4) <--> ( 4   2)       -1.239290      0.170649      0.170649   WU    30.033948     30.033948
 ( 4   4) <--> ( 4   3)        0.565710      0.035559      0.035559   WU     6.258260      6.258260
 ( 4   4) <--> ( 4   4)        0.836581      0.630862   (eb)
 ( 4   1) <--> ( 5   1)        0.037214      0.000154      0.000126   WU     0.027082      0.022158
 ( 4   1) <--> ( 5   2)        0.011067      0.000014      0.000011   WU     0.002395      0.001960
 ( 4   1) <--> ( 5   3)        0.006349      0.000004      0.000004   WU     0.000788      0.000645
 ( 4   1) <--> ( 5   4)       -0.002419      0.000001      0.000001   WU     0.000114      0.000094
 ( 4   2) <--> ( 5   1)       -1.251523      0.174034      0.142392   WU    30.629768     25.060719
 ( 4   2) <--> ( 5   2)       -0.089566      0.000891      0.000729   WU     0.156876      0.128353
 ( 4   2) <--> ( 5   3)        0.006067      0.000004      0.000003   WU     0.000720      0.000589
 ( 4   2) <--> ( 5   4)       -0.004624      0.000002      0.000002   WU     0.000418      0.000342
 ( 4   3) <--> ( 5   1)       -0.096316      0.001031      0.000843   WU     0.181410      0.148426
 ( 4   3) <--> ( 5   2)       -0.485661      0.026207      0.021442   WU     4.612471      3.773840
 ( 4   3) <--> ( 5   3)        0.026641      0.000079      0.000065   WU     0.013879      0.011356
 ( 4   3) <--> ( 5   4)       -0.002143      0.000001      0.000000   WU     0.000090      0.000074
 ( 4   4) <--> ( 5   1)       -0.132474      0.001950      0.001595   WU     0.343187      0.280789
 ( 4   4) <--> ( 5   2)       -1.860720      0.384698      0.314753   WU    67.706219     55.395997
 ( 4   4) <--> ( 5   3)        0.024792      0.000068      0.000056   WU     0.012019      0.009834
 ( 4   4) <--> ( 5   4)       -0.030366      0.000102      0.000084   WU     0.018032      0.014754
 ( 4   1) <--> ( 6   1)        1.999879      0.444391      0.307655   WU    78.212089     54.146831
 ( 4   1) <--> ( 6   2)        0.132379      0.001947      0.001348   WU     0.342691      0.237248
 ( 4   1) <--> ( 6   3)       -0.010319      0.000012      0.000008   WU     0.002082      0.001442
 ( 4   1) <--> ( 6   4)        0.002486      0.000001      0.000000   WU     0.000121      0.000084
 ( 4   2) <--> ( 6   1)       -0.014207      0.000022      0.000016   WU     0.003947      0.002733
 ( 4   2) <--> ( 6   2)        1.779651      0.351906      0.243627   WU    61.934968     42.878055
 ( 4   2) <--> ( 6   3)        0.004531      0.000002      0.000002   WU     0.000401      0.000278
 ( 4   2) <--> ( 6   4)       -0.053091      0.000313      0.000217   WU     0.055119      0.038159
 ( 4   3) <--> ( 6   1)       -0.776941      0.067071      0.046434   WU    11.804371      8.172257
 ( 4   3) <--> ( 6   2)       -0.068657      0.000524      0.000363   WU     0.092181      0.063817
 ( 4   3) <--> ( 6   3)        2.423944      0.652834      0.451962   WU   114.897749     79.544595
 ( 4   3) <--> ( 6   4)       -0.097644      0.001059      0.000733   WU     0.186450      0.129080
 ( 4   4) <--> ( 6   1)        0.029761      0.000098      0.000068   WU     0.017321      0.011991
 ( 4   4) <--> ( 6   2)        0.281253      0.008789      0.006085   WU     1.546894      1.070926
 ( 4   4) <--> ( 6   3)       -0.449234      0.022423      0.015524   WU     3.946495      2.732189
 ( 4   4) <--> ( 6   4)       -1.368636      0.208129      0.144089   WU    36.630427     25.359527
 ( 5   1) <--> ( 5   1)       -0.618209     -0.448898   (eb)
 ( 5   2) <--> ( 5   1)       -0.925576      0.077881      0.077881   WU    13.706942     13.706942
 ( 5   2) <--> ( 5   2)        0.575612      0.417967   (eb)
 ( 5   3) <--> ( 5   1)        0.068677      0.000429      0.000429   WU     0.075464      0.075464
 ( 5   3) <--> ( 5   2)        0.443191      0.017856      0.017856   WU     3.142661      3.142661
 ( 5   3) <--> ( 5   3)       -0.843658     -0.612603   (eb)
 ( 5   4) <--> ( 5   1)       -0.037727      0.000129      0.000129   WU     0.022774      0.022774
 ( 5   4) <--> ( 5   2)       -0.075450      0.000518      0.000518   WU     0.091082      0.091082
 ( 5   4) <--> ( 5   3)       -1.137271      0.117581      0.117581   WU    20.693998     20.693998
 ( 5   4) <--> ( 5   4)        0.828331      0.601474   (eb)
 ( 5   1) <--> ( 6   1)        0.868145      0.068516      0.057975   WU    12.058718     10.203530
 ( 5   1) <--> ( 6   2)       -0.852711      0.066101      0.055932   WU    11.633745      9.843938
 ( 5   1) <--> ( 6   3)       -0.467200      0.019843      0.016790   WU     3.492376      2.955087
 ( 5   1) <--> ( 6   4)        0.722048      0.047396      0.040104   WU     8.341585      7.058264
 ( 5   2) <--> ( 6   1)       -0.037459      0.000128      0.000108   WU     0.022450      0.018996
 ( 5   2) <--> ( 6   2)        0.606342      0.033423      0.028281   WU     5.882354      4.977376
 ( 5   2) <--> ( 6   3)       -0.105855      0.001019      0.000862   WU     0.179283      0.151701
 ( 5   2) <--> ( 6   4)        1.091379      0.108282      0.091624   WU    19.057550     16.125620
 ( 5   3) <--> ( 6   1)        0.029421      0.000079      0.000067   WU     0.013850      0.011719
 ( 5   3) <--> ( 6   2)        0.185844      0.003140      0.002657   WU     0.552602      0.467586
 ( 5   3) <--> ( 6   3)        1.020437      0.094663      0.080099   WU    16.660506     14.097351
 ( 5   3) <--> ( 6   4)       -0.311981      0.008848      0.007487   WU     1.557298      1.317714
 ( 5   4) <--> ( 6   1)       -0.008928      0.000007      0.000006   WU     0.001275      0.001079
 ( 5   4) <--> ( 6   2)       -0.002791      0.000001      0.000001   WU     0.000125      0.000105
 ( 5   4) <--> ( 6   3)       -0.024032      0.000053      0.000044   WU     0.009241      0.007819
 ( 5   4) <--> ( 6   4)       -0.140563      0.001796      0.001520   WU     0.316126      0.267491
 ( 5   1) <--> ( 7   1)        2.203844      0.441539      0.323795   WU    77.710197     56.987478
 ( 5   1) <--> ( 7   2)        0.079932      0.000581      0.000426   WU     0.102224      0.074964
 ( 5   1) <--> ( 7   3)        0.052620      0.000252      0.000185   WU     0.044301      0.032487
 ( 5   1) <--> ( 7   4)       -0.011703      0.000012      0.000009   WU     0.002192      0.001607
 ( 5   2) <--> ( 7   1)        0.086734      0.000684      0.000502   WU     0.120364      0.088267
 ( 5   2) <--> ( 7   2)        1.679891      0.256548      0.188135   WU    45.152121     33.111555
 ( 5   2) <--> ( 7   3)        0.140168      0.001786      0.001310   WU     0.314352      0.230525
 ( 5   2) <--> ( 7   4)       -0.007864      0.000006      0.000004   WU     0.000989      0.000726
 ( 5   3) <--> ( 7   1)       -0.859555      0.067167      0.049256   WU    11.821264      8.668927
 ( 5   3) <--> ( 7   2)       -0.532783      0.025805      0.018924   WU     4.541690      3.330573
 ( 5   3) <--> ( 7   3)        2.769599      0.697334      0.511378   WU   122.729745     90.001813
 ( 5   3) <--> ( 7   4)        0.065890      0.000395      0.000289   WU     0.069462      0.050939
 ( 5   4) <--> ( 7   1)        0.021836      0.000043      0.000032   WU     0.007629      0.005595
 ( 5   4) <--> ( 7   2)       -0.816274      0.060573      0.044420   WU    10.660752      7.817885
 ( 5   4) <--> ( 7   3)       -0.023880      0.000052      0.000038   WU     0.009124      0.006691
 ( 5   4) <--> ( 7   4)        0.480745      0.021011      0.015408   WU     3.697827      2.711740
 ( 6   1) <--> ( 6   1)       -1.117573     -0.779169   (eb)
 ( 6   2) <--> ( 6   1)       -0.907662      0.063373      0.063373   WU    11.153570     11.153570
 ( 6   2) <--> ( 6   2)       -0.876030     -0.610766   (eb)
 ( 6   3) <--> ( 6   1)        0.198157      0.003020      0.003020   WU     0.531599      0.531599
 ( 6   3) <--> ( 6   2)        0.287755      0.006369      0.006369   WU     1.121011      1.121011
 ( 6   3) <--> ( 6   3)       -1.599556     -1.115206   (eb)
 ( 6   4) <--> ( 6   1)       -0.132418      0.001349      0.001349   WU     0.237390      0.237390
 ( 6   4) <--> ( 6   2)        1.399041      0.150563      0.150563   WU    26.498805     26.498805
 ( 6   4) <--> ( 6   3)       -0.279947      0.006028      0.006028   WU     1.061004      1.061004
 ( 6   4) <--> ( 6   4)        0.212165      0.147921   (eb)
 ( 6   1) <--> ( 7   1)        0.088712      0.000605      0.000525   WU     0.106543      0.092338
 ( 6   1) <--> ( 7   2)        0.018805      0.000027      0.000024   WU     0.004788      0.004149
 ( 6   1) <--> ( 7   3)        0.015684      0.000019      0.000016   WU     0.003330      0.002886
 ( 6   1) <--> ( 7   4)       -0.002437      0.000000      0.000000   WU     0.000080      0.000070
 ( 6   2) <--> ( 7   1)       -1.200821      0.110921      0.096131   WU    19.521905     16.918984
 ( 6   2) <--> ( 7   2)       -0.056300      0.000244      0.000211   WU     0.042912      0.037191
 ( 6   2) <--> ( 7   3)       -0.004751      0.000002      0.000002   WU     0.000306      0.000265
 ( 6   2) <--> ( 7   4)       -0.028186      0.000061      0.000053   WU     0.010756      0.009322
 ( 6   3) <--> ( 7   1)       -0.127640      0.001253      0.001086   WU     0.220566      0.191157
 ( 6   3) <--> ( 7   2)       -0.195171      0.002930      0.002539   WU     0.515700      0.446940
 ( 6   3) <--> ( 7   3)        0.052317      0.000211      0.000182   WU     0.037055      0.032114
 ( 6   3) <--> ( 7   4)        0.000714      0.000000      0.000000   WU     0.000007      0.000006
 ( 6   4) <--> ( 7   1)        0.002357      0.000000      0.000000   WU     0.000075      0.000065
 ( 6   4) <--> ( 7   2)        1.864621      0.267447      0.231787   WU    47.070271     40.794235
 ( 6   4) <--> ( 7   3)        0.119704      0.001102      0.000955   WU     0.193993      0.168127
 ( 6   4) <--> ( 7   4)       -0.106168      0.000867      0.000751   WU     0.152599      0.132252
 ( 6   1) <--> ( 8   1)        2.550668      0.500454      0.382700   WU    88.079201     67.354683
 ( 6   1) <--> ( 8   2)        0.160169      0.001973      0.001509   WU     0.347314      0.265593
 ( 6   1) <--> ( 8   3)        0.068701      0.000363      0.000278   WU     0.063899      0.048864
 ( 6   1) <--> ( 8   4)        0.018374      0.000026      0.000020   WU     0.004570      0.003495
 ( 6   2) <--> ( 8   1)       -0.049323      0.000187      0.000143   WU     0.032936      0.025186
 ( 6   2) <--> ( 8   2)        2.407898      0.445998      0.341057   WU    78.494977     60.025571
 ( 6   2) <--> ( 8   3)        0.410021      0.012932      0.009889   WU     2.276029      1.740493
 ( 6   2) <--> ( 8   4)       -0.070529      0.000383      0.000293   WU     0.067345      0.051499
 ( 6   3) <--> ( 8   1)       -1.015720      0.079361      0.060687   WU    13.967338     10.680906
 ( 6   3) <--> ( 8   2)       -0.793286      0.048408      0.037018   WU     8.519709      6.515071
 ( 6   3) <--> ( 8   3)        3.113967      0.745907      0.570400   WU   131.278503    100.389444
 ( 6   3) <--> ( 8   4)        0.036109      0.000100      0.000077   WU     0.017652      0.013499
 ( 6   4) <--> ( 8   1)        0.117725      0.001066      0.000815   WU     0.187629      0.143481
 ( 6   4) <--> ( 8   2)       -0.360443      0.009994      0.007642   WU     1.758893      1.345036
 ( 6   4) <--> ( 8   3)        0.121626      0.001138      0.000870   WU     0.200271      0.153149
 ( 6   4) <--> ( 8   4)        2.104259      0.340608      0.260465   WU    59.946501     45.841442
 ( 7   1) <--> ( 7   1)       -1.011275     -0.677212   (eb)
 ( 7   2) <--> ( 7   1)       -1.109333      0.082041      0.082041   WU    14.439136     14.439136
 ( 7   2) <--> ( 7   2)       -0.333516     -0.223343   (eb)
 ( 7   3) <--> ( 7   1)        0.008223      0.000005      0.000005   WU     0.000793      0.000793
 ( 7   3) <--> ( 7   2)        0.697585      0.032442      0.032442   WU     5.709688      5.709688
 ( 7   3) <--> ( 7   3)       -1.232627     -0.825443   (eb)
 ( 7   4) <--> ( 7   1)       -0.054130      0.000195      0.000195   WU     0.034379      0.034379
 ( 7   4) <--> ( 7   2)        1.354837      0.122372      0.122372   WU    21.537317     21.537317
 ( 7   4) <--> ( 7   3)        0.022236      0.000033      0.000033   WU     0.005801      0.005801
 ( 7   4) <--> ( 7   4)        0.940299      0.629682   (eb)
 ( 7   1) <--> ( 8   1)        1.035449      0.071477      0.063068   WU    12.579838     11.099857
 ( 7   1) <--> ( 8   2)       -0.695407      0.032239      0.028447   WU     5.674087      5.006547
 ( 7   1) <--> ( 8   3)       -0.624055      0.025963      0.022908   WU     4.569438      4.031857
 ( 7   1) <--> ( 8   4)        0.539891      0.019432      0.017146   WU     3.420027      3.017671
 ( 7   2) <--> ( 8   1)       -0.063795      0.000271      0.000239   WU     0.047751      0.042134
 ( 7   2) <--> ( 8   2)        0.857343      0.049002      0.043237   WU     8.624352      7.609722
 ( 7   2) <--> ( 8   3)       -0.041823      0.000117      0.000103   WU     0.020523      0.018109
 ( 7   2) <--> ( 8   4)        1.163184      0.090200      0.079588   WU    15.875024     14.007374
 ( 7   3) <--> ( 8   1)        0.024067      0.000039      0.000034   WU     0.006796      0.005996
 ( 7   3) <--> ( 8   2)        0.097900      0.000639      0.000564   WU     0.112457      0.099226
 ( 7   3) <--> ( 8   3)        1.261561      0.106102      0.093620   WU    18.673853     16.476929
 ( 7   3) <--> ( 8   4)       -0.478955      0.015293      0.013494   WU     2.691580      2.374923
 ( 7   4) <--> ( 8   1)       -0.005479      0.000002      0.000002   WU     0.000352      0.000311
 ( 7   4) <--> ( 8   2)        0.012418      0.000010      0.000009   WU     0.001809      0.001596
 ( 7   4) <--> ( 8   3)       -0.022708      0.000034      0.000030   WU     0.006050      0.005339
 ( 7   4) <--> ( 8   4)        0.546811      0.019934      0.017588   WU     3.508268      3.095531
 ( 7   1) <--> ( 9   1)        2.861662      0.545940      0.431006   WU    96.084679     75.856326
 ( 7   1) <--> ( 9   2)       -0.101754      0.000690      0.000545   WU     0.121485      0.095909
 ( 7   1) <--> ( 9   3)        0.178226      0.002118      0.001672   WU     0.372701      0.294238
 ( 7   1) <--> ( 9   4)        0.052074      0.000181      0.000143   WU     0.031817      0.025119
 ( 7   2) <--> ( 9   1)        0.252578      0.004253      0.003358   WU     0.748529      0.590944
 ( 7   2) <--> ( 9   2)        1.468237      0.143715      0.113459   WU    25.293548     19.968590
 ( 7   2) <--> ( 9   3)        2.202982      0.323542      0.255428   WU    56.942875     44.954901
 ( 7   2) <--> ( 9   4)        0.319928      0.006824      0.005387   WU     1.200943      0.948113
 ( 7   3) <--> ( 9   1)       -1.294749      0.111758      0.088230   WU    19.669309     15.528402
 ( 7   3) <--> ( 9   2)       -3.347863      0.747213      0.589905   WU   131.508261    103.822311
 ( 7   3) <--> ( 9   3)        1.460155      0.142137      0.112213   WU    25.015856     19.749360
 ( 7   3) <--> ( 9   4)        0.360927      0.008685      0.006856   WU     1.528470      1.206687
 ( 7   4) <--> ( 9   1)        0.073964      0.000365      0.000288   WU     0.064189      0.050676
 ( 7   4) <--> ( 9   2)       -0.115713      0.000893      0.000705   WU     0.157103      0.124029
 ( 7   4) <--> ( 9   3)       -0.369101      0.009082      0.007170   WU     1.598484      1.261961
 ( 7   4) <--> ( 9   4)        0.522609      0.018208      0.014375   WU     3.204586      2.529936
 ( 8   1) <--> ( 8   1)       -1.314496     -0.846793   (eb)
 ( 8   2) <--> ( 8   1)       -0.997314      0.058508      0.058508   WU    10.297311     10.297311
 ( 8   2) <--> ( 8   2)       -1.543049     -0.994026   (eb)
 ( 8   3) <--> ( 8   1)        0.052417      0.000162      0.000162   WU     0.028444      0.028444
 ( 8   3) <--> ( 8   2)        0.516649      0.015702      0.015702   WU     2.763447      2.763447
 ( 8   3) <--> ( 8   3)       -1.813860     -1.168481   (eb)
 ( 8   4) <--> ( 8   1)       -0.211181      0.002623      0.002623   WU     0.461711      0.461711
 ( 8   4) <--> ( 8   2)        1.529701      0.137646      0.137646   WU    24.225518     24.225518
 ( 8   4) <--> ( 8   3)       -0.282557      0.004696      0.004696   WU     0.826555      0.826555
 ( 8   4) <--> ( 8   4)       -1.212169     -0.780875   (eb)
 ( 8   1) <--> ( 9   1)        0.140873      0.001167      0.001044   WU     0.205454      0.183827
 ( 8   1) <--> ( 9   2)       -0.013013      0.000010      0.000009   WU     0.001753      0.001569
 ( 8   1) <--> ( 9   3)        0.035238      0.000073      0.000065   WU     0.012855      0.011502
 ( 8   1) <--> ( 9   4)        0.011982      0.000008      0.000008   WU     0.001486      0.001330
 ( 8   2) <--> ( 9   1)       -1.121522      0.073989      0.066201   WU    13.021931     11.651201
 ( 8   2) <--> ( 9   2)        0.034572      0.000070      0.000063   WU     0.012374      0.011071
 ( 8   2) <--> ( 9   3)        0.013211      0.000010      0.000009   WU     0.001807      0.001617
 ( 8   2) <--> ( 9   4)       -0.003683      0.000001      0.000001   WU     0.000140      0.000126
 ( 8   3) <--> ( 9   1)       -0.420731      0.010413      0.009317   WU     1.832606      1.639701
 ( 8   3) <--> ( 9   2)       -0.174304      0.001787      0.001599   WU     0.314540      0.281431
 ( 8   3) <--> ( 9   3)       -0.058458      0.000201      0.000180   WU     0.035380      0.031655
 ( 8   3) <--> ( 9   4)        0.011745      0.000008      0.000007   WU     0.001428      0.001278
 ( 8   4) <--> ( 9   1)       -0.000007      0.000000      0.000000   WU     0.000000      0.000000
 ( 8   4) <--> ( 9   2)        1.113100      0.072882      0.065210   WU    12.827087     11.476867
 ( 8   4) <--> ( 9   3)        1.361209      0.108994      0.097521   WU    19.182697     17.163466
 ( 8   4) <--> ( 9   4)        0.120036      0.000848      0.000758   WU     0.149170      0.133468
 ( 8   1) <--> (10   1)        3.124406      0.574230      0.464853   WU   101.063639     81.813422
 ( 8   1) <--> (10   2)       -0.017074      0.000017      0.000014   WU     0.003018      0.002443
 ( 8   1) <--> (10   3)        0.219878      0.002844      0.002302   WU     0.500521      0.405184
 ( 8   1) <--> (10   4)        0.060057      0.000212      0.000172   WU     0.037342      0.030229
 ( 8   2) <--> (10   1)        0.208198      0.002550      0.002064   WU     0.448757      0.363279
 ( 8   2) <--> (10   2)        2.367373      0.329674      0.266879   WU    58.022098     46.970269
 ( 8   2) <--> (10   3)        2.245673      0.296650      0.240145   WU    52.209910     42.265165
 ( 8   2) <--> (10   4)        0.193257      0.002197      0.001778   WU     0.386663      0.313013
 ( 8   3) <--> (10   1)       -1.344927      0.106402      0.086135   WU    18.726533     15.159574
 ( 8   3) <--> (10   2)       -3.167845      0.590308      0.477869   WU   103.893375     84.104161
 ( 8   3) <--> (10   3)        2.279066      0.305538      0.247340   WU    53.774164     43.531466
 ( 8   3) <--> (10   4)        0.248179      0.003623      0.002933   WU     0.637661      0.516202
 ( 8   4) <--> (10   1)        0.185145      0.002016      0.001632   WU     0.354884      0.287287
 ( 8   4) <--> (10   2)       -0.711563      0.029784      0.024111   WU     5.241882      4.243428
 ( 8   4) <--> (10   3)       -0.703845      0.029141      0.023590   WU     5.128777      4.151867
 ( 8   4) <--> (10   4)        2.976530      0.521161      0.421892   WU    91.723496     74.252354
 ( 9   1) <--> ( 9   1)       -1.364482     -0.847182   (eb)
 ( 9   2) <--> ( 9   1)       -0.703338      0.026036      0.026036   WU     4.582294      4.582294
 ( 9   2) <--> ( 9   2)       -2.159308     -1.340676   (eb)
 ( 9   3) <--> ( 9   1)       -1.045563      0.057537      0.057537   WU    10.126408     10.126408
 ( 9   3) <--> ( 9   2)       -0.227942      0.002735      0.002735   WU     0.481286      0.481286
 ( 9   3) <--> ( 9   3)       -0.372614     -0.231349   (eb)
 ( 9   4) <--> ( 9   1)       -0.201025      0.002127      0.002127   WU     0.374331      0.374331
 ( 9   4) <--> ( 9   2)        1.371605      0.099016      0.099016   WU    17.426622     17.426622
 ( 9   4) <--> ( 9   3)       -0.345193      0.006271      0.006271   WU     1.103770      1.103770
 ( 9   4) <--> ( 9   4)       -0.659922     -0.409734   (eb)
 ( 9   1) <--> (10   1)        1.196062      0.075293      0.068122   WU    13.251431     11.989390
 ( 9   1) <--> (10   2)        0.064480      0.000219      0.000198   WU     0.038512      0.034844
 ( 9   1) <--> (10   3)       -0.958655      0.048369      0.043763   WU     8.512948      7.702191
 ( 9   1) <--> (10   4)        0.261856      0.003609      0.003265   WU     0.635157      0.574666
 ( 9   2) <--> (10   1)       -0.073635      0.000285      0.000258   WU     0.050226      0.045443
 ( 9   2) <--> (10   2)        1.213049      0.077447      0.070071   WU    13.630510     12.332366
 ( 9   2) <--> (10   3)       -0.644699      0.021876      0.019792   WU     3.850075      3.483402
 ( 9   2) <--> (10   4)        1.063091      0.059482      0.053817   WU    10.468783      9.471756
 ( 9   3) <--> (10   1)       -0.053165      0.000149      0.000135   WU     0.026183      0.023689
 ( 9   3) <--> (10   2)        0.111843      0.000658      0.000596   WU     0.115871      0.104836
 ( 9   3) <--> (10   3)        1.297134      0.088556      0.080122   WU    15.585649     14.101301
 ( 9   3) <--> (10   4)       -0.041780      0.000092      0.000083   WU     0.016169      0.014630
 ( 9   4) <--> (10   1)       -0.026878      0.000038      0.000034   WU     0.006692      0.006054
 ( 9   4) <--> (10   2)        0.032550      0.000056      0.000050   WU     0.009814      0.008880
 ( 9   4) <--> (10   3)        0.034598      0.000063      0.000057   WU     0.011088      0.010032
 ( 9   4) <--> (10   4)        0.879698      0.040730      0.036851   WU     7.168406      6.485701
 (10   1) <--> (10   1)       -1.545582     -0.926721   (eb)
 (10   2) <--> (10   1)       -0.820687      0.032073      0.032073   WU     5.644752      5.644752
 (10   2) <--> (10   2)       -2.744451     -1.645555   (eb)
 (10   3) <--> (10   1)       -0.717715      0.024529      0.024529   WU     4.317112      4.317112
 (10   3) <--> (10   2)       -0.095622      0.000435      0.000435   WU     0.076631      0.076631
 (10   3) <--> (10   3)       -1.431474     -0.858302   (eb)
 (10   4) <--> (10   1)       -0.285499      0.003881      0.003881   WU     0.683121      0.683121
 (10   4) <--> (10   2)        1.494299      0.106330      0.106330   WU    18.713906     18.713906
 (10   4) <--> (10   3)        0.430344      0.008819      0.008819   WU     1.552108      1.552108
 (10   4) <--> (10   4)       -2.767306     -1.659258   (eb)
 
  quadrupole shape invariant: 01+, 02+, 03+, 04+
quadr2     0.66668985     1.08325003     1.20470768     1.82102199
quadr3     0.38092525     0.84849036     0.92927574     2.08979844
  effective deformation parameters:  01+, 02+, 03+, 04+
beteff     0.14221388     0.18127771     0.19117051     0.23503777
cos3ga     0.69976787     0.75258204     0.70278434     0.85041637
 
 ********* END Transition **************************
