 ********* BEGIN READER ****************************
 
 Nucleus            :  Pb  82 140
 Imin, Imax         :     0  10
 imu, remu          :     1 12.0000
 nlevel             :     4
 observables        :     2
 wave fun           :     1
 nbet, ngam, npar   :    10   7  10
 Finish reading parameters: V, B_k ...
 
 ********* END READER ******************************
 
 ********* BEGIN LEVELS ********************
 
 E_0 = -1695.184254
 
  I=   0   ntot= 127
   0   1    0.000000
   0   2    0.964733
   0   3    1.759659
   0   4    1.856196
 
  I=   2   ntot= 234
   2   1    0.349104
   2   2    1.097574
   2   3    1.470916
   2   4    1.965407
 
  I=   3   ntot= 108
   3   1    1.487328
   3   2    2.272448
   3   3    2.941541
   3   4    3.107798
 
  I=   4   ntot= 324
   4   1    0.790567
   4   2    1.639097
   4   3    1.904383
   4   4    2.262742
 
  I=   5   ntot= 198
   5   1    2.015069
   5   2    2.687270
   5   3    2.703870
   5   4    3.225250
 
  I=   6   ntot= 432
   6   1    1.322431
   6   2    2.206579
   6   3    2.353974
   6   4    2.841487
 
  I=   7   ntot= 306
   7   1    2.589366
   7   2    3.172235
   7   3    3.256310
   7   4    3.653349
 
  I=   8   ntot= 522
   8   1    1.934593
   8   2    2.785421
   8   3    2.874348
   8   4    3.308826
 
  I=   9   ntot= 397
   9   1    3.199843
   9   2    3.723757
   9   3    3.840888
   9   4    4.210503
 
  I=  10   ntot= 630
  10   1    2.617942
  10   2    3.325002
  10   3    3.512673
  10   4    3.814448
 
 ********* END LEVELS **********************
 
 ********* BEGIN Transition ************************
 
  Monopole moment 
 
   I   n    <In|E0|In>   ave \beta      del<b>   ave \gamma    del<g>  
     K=0       K=2       K=4   
   0   1     31.826842    0.189614    0.050737   20.534557   11.063622  100.0000    0.0000    0.0000
   0   2     31.988582    0.222208    0.082265   17.157501    9.910786  100.0000    0.0000    0.0000
   0   3     32.502888    0.292736    0.080325   25.038497   10.286168  100.0000    0.0000    0.0000
   0   4     32.172142    0.250780    0.098601   19.623584   13.548133  100.0000    0.0000    0.0000
   2   1     31.946895    0.212608    0.048017   18.300716   10.228640   97.1415    2.8585    0.0000
   2   2     32.005888    0.219312    0.054191   24.198396   10.629736   11.4814   88.5186    0.0000
   2   3     32.262490    0.264712    0.079826   18.177095    9.558060   87.2252   12.7748    0.0000
   2   4     32.566051    0.303597    0.081878   22.159127    9.152938   22.1587   77.8413    0.0000
   3   1     32.155740    0.244559    0.053539   22.363505    8.594620    0.0000  100.0000    0.0000
   3   2     32.791059    0.331387    0.079398   22.622346    8.518971    0.0000   99.9999    0.0000
   3   3     32.895154    0.338461    0.084504   27.672175    8.520836    0.0000   99.9999    0.0000
   3   4     33.243958    0.389000    0.096620   18.432850   12.174093    0.0000   99.9999    0.0000
   4   1     32.038135    0.228829    0.047603   17.070101    9.708490   95.0172    4.6560    0.3269
   4   2     32.149192    0.243781    0.057990   21.877933   10.621505   17.4430   74.9487    7.6083
   4   3     32.501944    0.297928    0.079735   18.891330    9.390148   81.5464   17.9491    0.5044
   4   4     32.383389    0.275742    0.072326   25.334455   10.383487    7.6097   23.1118   69.2785
   5   1     32.312875    0.268950    0.057865   21.050957    8.205273    0.0000   95.8176    4.1824
   5   2     32.846292    0.334999    0.071769   24.908691    8.320880    0.0000   39.7977   60.2022
   5   3     32.762923    0.329111    0.081285   21.491229    8.836067    0.0000   60.0217   39.9782
   5   4     32.878656    0.339032    0.093636   25.819642    9.177327    0.0000   10.8405   89.1594
   6   1     32.125236    0.243391    0.048324   16.322140    9.292308   92.2265    7.3084    0.3958
   6   2     32.309024    0.268276    0.060322   21.032957   10.040965   19.2646   71.5696    7.9094
   6   3     32.723835    0.326842    0.080989   18.948070    9.633065   80.6023   18.0746    1.1296
   6   4     32.909623    0.335057    0.062117   31.605144   10.331732   10.0049   28.2990   42.3224
   7   1     32.503947    0.296173    0.062136   20.296533    7.991298    0.0000   91.6166    7.9866
   7   2     32.991772    0.353249    0.077679   24.092711    8.647714    0.0000   54.7926   39.2761
   7   3     32.955448    0.352676    0.079037   20.801537    9.678618    0.0000   47.4837   43.3058
   7   4     33.181678    0.368282    0.054547   27.867171    8.194163    0.0000    1.5106   23.3129
   8   1     32.217231    0.257932    0.050274   15.925599    8.891915   88.9585   10.3490    0.6104
   8   2     32.717891    0.321938    0.068376   22.542475    8.929118   28.8001   60.6936    9.1349
   8   3     32.703580    0.327478    0.092998   16.121278   10.745018   72.5508   23.2488    3.5169
   8   4     33.201591    0.370137    0.079218   28.862198   14.300666   21.7726   30.7251   25.0383
   9   1     32.730973    0.325878    0.064894   19.982630    8.056400    0.0000   85.3136   13.4436
   9   2     33.053935    0.359362    0.075569   24.741964    8.431502    0.0000   43.8072   41.1621
   9   3     33.204424    0.384672    0.089376   18.446084   10.548924    0.0000   64.0470   23.4086
   9   4     33.283673    0.379010    0.053736   27.895565    9.508968    0.0000    2.8034   36.3738
  10   1     32.326559    0.274273    0.054169   15.915488    8.530476   84.8210   14.0751    0.9916
  10   2     33.021911    0.359414    0.075053   21.653241   10.074187   46.6350   42.8741    8.7056
  10   3     32.954144    0.361125    0.106233   14.406654   13.386338   61.5023   28.3274    8.2553
  10   4     33.553586    0.425065    0.125202   18.816338   16.612601   44.6402   28.6112   11.6599
 
  rho^2(E0) 
 
   I  n_1 n_2  <In_1|E0|In_2>  rho^2(E0) 
   0   1   1       31.826842 2443.537874
   0   2   1       -0.251197    0.152216
   0   2   2       31.988582 2468.436546
   0   3   1       -0.035217    0.002992
   0   3   2        0.257227    0.159611
   0   3   3       32.502888 2548.448680
   0   4   1       -0.021879    0.001155
   0   4   2       -0.304000    0.222936
   0   4   3       -0.150554    0.054679
   0   4   4       32.172142 2496.847053
   2   1   1       31.946895 2462.007076
   2   2   1        0.071821    0.012443
   2   2   2       32.005888 2471.108145
   2   3   1        0.250403    0.151256
   2   3   2       -0.000502    0.000001
   2   3   3       32.262490 2510.890381
   2   4   1        0.021672    0.001133
   2   4   2        0.276415    0.184313
   2   4   3        0.065176    0.010247
   2   4   4       32.566051 2558.363108
   3   1   1       32.155740 2494.301826
   3   2   1        0.324027    0.253276
   3   2   2       32.791059 2593.838171
   3   3   1        0.084115    0.017068
   3   3   2       -0.440671    0.468448
   3   3   3       32.895154 2610.332576
   3   4   1       -0.022057    0.001174
   3   4   2        0.352119    0.299096
   3   4   3        0.026798    0.001732
   3   4   4       33.243958 2665.983319
   4   1   1       32.038135 2476.090024
   4   2   1        0.081217    0.015912
   4   2   2       32.149192 2493.285999
   4   3   1        0.256047    0.158151
   4   3   2       -0.013861    0.000463
   4   3   3       32.501944 2548.300601
   4   4   1        0.019224    0.000891
   4   4   2        0.129273    0.040313
   4   4   3        0.063936    0.009861
   4   4   4       32.383389 2529.744065
   5   1   1       32.312875 2518.739129
   5   2   1       -0.253746    0.155321
   5   2   2       32.846292 2602.583507
   5   3   1       -0.284684    0.195505
   5   3   2        0.102571    0.025379
   5   3   3       32.762923 2589.388837
   5   4   1       -0.016388    0.000648
   5   4   2       -0.328411    0.260176
   5   4   3        0.377738    0.344201
   5   4   4       32.878656 2607.714752
   6   1   1       32.125236 2489.571731
   6   2   1       -0.055863    0.007528
   6   2   2       32.309024 2518.138804
   6   3   1        0.274556    0.181842
   6   3   2        0.075249    0.013660
   6   3   3       32.723835 2583.213993
   6   4   1        0.034138    0.002811
   6   4   2       -0.129525    0.040470
   6   4   3       -0.125628    0.038072
   6   4   4       32.909623 2612.629389
   7   1   1       32.503947 2548.614671
   7   2   1        0.366970    0.324857
   7   2   2       32.991772 2625.688882
   7   3   1        0.254439    0.156171
   7   3   2        0.005915    0.000084
   7   3   3       32.955448 2619.910321
   7   4   1        0.008216    0.000163
   7   4   2       -0.084735    0.017321
   7   4   3        0.119286    0.034325
   7   4   4       33.181678 2656.003656
   8   1   1       32.217231 2503.850632
   8   2   1       -0.135807    0.044491
   8   2   2       32.717891 2582.275596
   8   3   1       -0.269216    0.174837
   8   3   2        0.230096    0.127718
   8   3   3       32.703580 2580.017099
   8   4   1       -0.034603    0.002888
   8   4   2       -0.228349    0.125785
   8   4   3        0.187856    0.085129
   8   4   4       33.201591 2659.192407
   9   1   1       32.730973 2584.340913
   9   2   1        0.372039    0.333894
   9   2   2       33.053935 2635.592784
   9   3   1        0.338495    0.276398
   9   3   2       -0.043055    0.004472
   9   3   3       33.204424 2659.646311
   9   4   1       -0.002786    0.000019
   9   4   2        0.102837    0.025511
   9   4   3       -0.079448    0.015226
   9   4   4       33.283673 2672.356991
  10   1   1       32.326559 2520.872817
  10   2   1       -0.267724    0.172905
  10   2   2       33.021911 2630.488375
  10   3   1       -0.211294    0.107698
  10   3   2        0.178659    0.076998
  10   3   3       32.954144 2619.703047
  10   4   1        0.023623    0.001346
  10   4   2       -0.010714    0.000277
  10   4   3        0.589418    0.838066
  10   4   4       33.553586 2715.875625
 
  E2 transition 
 
  I1  n1        I2  n2       <f||E2||i>   B(E2,I1->I2)  B(E2,I2->I1)
 ( 0   1) <--> ( 2   1)        1.763755      3.110830      0.622166   WU   389.600171     77.920034
 ( 0   1) <--> ( 2   2)       -0.217425      0.047274      0.009455   WU     5.920566      1.184113
 ( 0   1) <--> ( 2   3)        0.185636      0.034461      0.006892   WU     4.315850      0.863170
 ( 0   1) <--> ( 2   4)        0.018473      0.000341      0.000068   WU     0.042738      0.008548
 ( 0   2) <--> ( 2   1)       -0.985522      0.971253      0.194251   WU   121.639686     24.327937
 ( 0   2) <--> ( 2   2)       -0.498187      0.248190      0.049638   WU    31.083292      6.216658
 ( 0   2) <--> ( 2   3)       -1.864883      3.477789      0.695558   WU   435.558021     87.111604
 ( 0   2) <--> ( 2   4)        0.104328      0.010884      0.002177   WU     1.363152      0.272630
 ( 0   3) <--> ( 2   1)        0.060299      0.003636      0.000727   WU     0.455369      0.091074
 ( 0   3) <--> ( 2   2)        0.347759      0.120936      0.024187   WU    15.146071      3.029214
 ( 0   3) <--> ( 2   3)       -1.349611      1.821450      0.364290   WU   228.118329     45.623666
 ( 0   3) <--> ( 2   4)       -0.693714      0.481239      0.096248   WU    60.270392     12.054078
 ( 0   4) <--> ( 2   1)        0.097054      0.009419      0.001884   WU     1.179684      0.235937
 ( 0   4) <--> ( 2   2)        0.684200      0.468130      0.093626   WU    58.628586     11.725717
 ( 0   4) <--> ( 2   3)        1.065826      1.135984      0.227197   WU   142.270569     28.454114
 ( 0   4) <--> ( 2   4)        0.203800      0.041534      0.008307   WU     5.201768      1.040354
 ( 2   1) <--> ( 2   1)       -1.995781     -1.512669   (eb)
 ( 2   2) <--> ( 2   1)       -1.372679      0.376849      0.376849   WU    47.196588     47.196588
 ( 2   2) <--> ( 2   2)        1.558440      1.181194   (eb)
 ( 2   3) <--> ( 2   1)       -0.299846      0.017981      0.017981   WU     2.252001      2.252001
 ( 2   3) <--> ( 2   2)       -1.335615      0.356773      0.356773   WU    44.682256     44.682256
 ( 2   3) <--> ( 2   3)       -1.754096     -1.329488   (eb)
 ( 2   4) <--> ( 2   1)        0.038415      0.000295      0.000295   WU     0.036963      0.036963
 ( 2   4) <--> ( 2   2)        0.180348      0.006505      0.006505   WU     0.814696      0.814696
 ( 2   4) <--> ( 2   3)       -2.047468      0.838425      0.838425   WU   105.004260    105.004260
 ( 2   4) <--> ( 2   4)        1.182574      0.896312   (eb)
 ( 2   1) <--> ( 3   1)       -0.439661      0.038660      0.027615   WU     4.841819      3.458442
 ( 2   1) <--> ( 3   2)        0.071923      0.001035      0.000739   WU     0.129572      0.092551
 ( 2   1) <--> ( 3   3)        0.008749      0.000015      0.000011   WU     0.001917      0.001370
 ( 2   1) <--> ( 3   4)       -0.011397      0.000026      0.000019   WU     0.003253      0.002324
 ( 2   2) <--> ( 3   1)       -2.913872      1.698130      1.212950   WU   212.673704    151.909789
 ( 2   2) <--> ( 3   2)       -0.136871      0.003747      0.002676   WU     0.469243      0.335173
 ( 2   2) <--> ( 3   3)       -0.128175      0.003286      0.002347   WU     0.411511      0.293937
 ( 2   2) <--> ( 3   4)        0.013072      0.000034      0.000024   WU     0.004280      0.003057
 ( 2   3) <--> ( 3   1)        0.826418      0.136593      0.097567   WU    17.106957     12.219255
 ( 2   3) <--> ( 3   2)       -0.086707      0.001504      0.001074   WU     0.188315      0.134511
 ( 2   3) <--> ( 3   3)       -0.026646      0.000142      0.000101   WU     0.017784      0.012703
 ( 2   3) <--> ( 3   4)        0.086203      0.001486      0.001062   WU     0.186130      0.132950
 ( 2   4) <--> ( 3   1)       -1.868366      0.698158      0.498685   WU    87.437310     62.455221
 ( 2   4) <--> ( 3   2)       -3.985706      3.177170      2.269407   WU   397.908529    284.220378
 ( 2   4) <--> ( 3   3)       -0.143200      0.004101      0.002929   WU     0.513638      0.366884
 ( 2   4) <--> ( 3   4)       -0.258449      0.013359      0.009542   WU     1.673098      1.195070
 ( 2   1) <--> ( 4   1)        3.245566      2.106740      1.170411   WU   263.847956    146.582198
 ( 2   1) <--> ( 4   2)       -0.017853      0.000064      0.000035   WU     0.007984      0.004436
 ( 2   1) <--> ( 4   3)        0.257939      0.013306      0.007392   WU     1.666505      0.925836
 ( 2   1) <--> ( 4   4)        0.006665      0.000009      0.000005   WU     0.001113      0.000618
 ( 2   2) <--> ( 4   1)        0.319338      0.020395      0.011331   WU     2.554312      1.419062
 ( 2   2) <--> ( 4   2)        2.346394      1.101113      0.611729   WU   137.903289     76.612938
 ( 2   2) <--> ( 4   3)        0.211850      0.008976      0.004987   WU     1.124160      0.624533
 ( 2   2) <--> ( 4   4)       -0.469527      0.044091      0.024495   WU     5.521962      3.067757
 ( 2   3) <--> ( 4   1)        1.372858      0.376948      0.209416   WU    47.208935     26.227186
 ( 2   3) <--> ( 4   2)        0.357030      0.025494      0.014163   WU     3.192884      1.773824
 ( 2   3) <--> ( 4   3)        3.856680      2.974796      1.652664   WU   372.563246    206.979581
 ( 2   3) <--> ( 4   4)        0.367911      0.027072      0.015040   WU     3.390458      1.883588
 ( 2   4) <--> ( 4   1)       -0.039114      0.000306      0.000170   WU     0.038321      0.021289
 ( 2   4) <--> ( 4   2)        0.870897      0.151692      0.084274   WU    18.997945     10.554414
 ( 2   4) <--> ( 4   3)        0.491256      0.048266      0.026815   WU     6.044883      3.358268
 ( 2   4) <--> ( 4   4)        1.026070      0.210564      0.116980   WU    26.371022     14.650568
 ( 3   1) <--> ( 3   1)        0.000000      0.000000   (eb)
 ( 3   2) <--> ( 3   1)        0.000000      0.000000      0.000000   WU     0.000000      0.000000
 ( 3   2) <--> ( 3   2)        0.000000      0.000000   (eb)
 ( 3   3) <--> ( 3   1)        0.000000      0.000000      0.000000   WU     0.000000      0.000000
 ( 3   3) <--> ( 3   2)        0.000000      0.000000      0.000000   WU     0.000000      0.000000
 ( 3   3) <--> ( 3   3)        0.000000      0.000000   (eb)
 ( 3   4) <--> ( 3   1)        0.000000      0.000000      0.000000   WU     0.000000      0.000000
 ( 3   4) <--> ( 3   2)        0.000000      0.000000      0.000000   WU     0.000000      0.000000
 ( 3   4) <--> ( 3   3)        0.000000      0.000000      0.000000   WU     0.000000      0.000000
 ( 3   4) <--> ( 3   4)        0.000000      0.000000   (eb)
 ( 3   1) <--> ( 4   1)        1.070752      0.163787      0.127390   WU    20.512686     15.954311
 ( 3   1) <--> ( 4   2)       -2.603693      0.968459      0.753246   WU   121.289780     94.336496
 ( 3   1) <--> ( 4   3)        1.366968      0.266943      0.207622   WU    33.431917     26.002602
 ( 3   1) <--> ( 4   4)       -1.851243      0.489586      0.380789   WU    61.315662     47.689959
 ( 3   2) <--> ( 4   1)       -0.080957      0.000936      0.000728   WU     0.117261      0.091203
 ( 3   2) <--> ( 4   2)       -0.479494      0.032845      0.025546   WU     4.113490      3.199381
 ( 3   2) <--> ( 4   3)        1.959606      0.548579      0.426673   WU    68.704034     53.436471
 ( 3   2) <--> ( 4   4)       -1.555127      0.345488      0.268713   WU    43.268955     33.653631
 ( 3   3) <--> ( 4   1)       -0.003847      0.000002      0.000002   WU     0.000265      0.000206
 ( 3   3) <--> ( 4   2)       -0.230398      0.007583      0.005898   WU     0.949736      0.738683
 ( 3   3) <--> ( 4   3)        0.262851      0.009870      0.007677   WU     1.236127      0.961432
 ( 3   3) <--> ( 4   4)       -0.414532      0.024548      0.019093   WU     3.074397      2.391198
 ( 3   4) <--> ( 4   1)        0.005363      0.000004      0.000003   WU     0.000515      0.000400
 ( 3   4) <--> ( 4   2)       -0.063275      0.000572      0.000445   WU     0.071632      0.055714
 ( 3   4) <--> ( 4   3)        0.005464      0.000004      0.000003   WU     0.000534      0.000415
 ( 3   4) <--> ( 4   4)       -0.332908      0.015833      0.012314   WU     1.982862      1.542226
 ( 3   1) <--> ( 5   1)        3.391216      1.642907      1.045486   WU   205.757570    130.936635
 ( 3   1) <--> ( 5   2)       -0.230986      0.007622      0.004850   WU     0.954592      0.607468
 ( 3   1) <--> ( 5   3)        0.204027      0.005947      0.003784   WU     0.744765      0.473941
 ( 3   1) <--> ( 5   4)       -0.188729      0.005088      0.003238   WU     0.637268      0.405534
 ( 3   2) <--> ( 5   1)        1.556768      0.346218      0.220321   WU    43.360354     27.592952
 ( 3   2) <--> ( 5   2)       -3.279568      1.536509      0.977779   WU   192.432305    122.456921
 ( 3   2) <--> ( 5   3)       -3.016344      1.299762      0.827121   WU   162.782104    103.588611
 ( 3   2) <--> ( 5   4)        0.056411      0.000455      0.000289   WU     0.056934      0.036231
 ( 3   3) <--> ( 5   1)        0.532139      0.040453      0.025743   WU     5.066339      3.224034
 ( 3   3) <--> ( 5   2)        1.750319      0.437659      0.278510   WU    54.812428     34.880636
 ( 3   3) <--> ( 5   3)        0.355120      0.018016      0.011465   WU     2.256285      1.435817
 ( 3   3) <--> ( 5   4)       -0.526230      0.039560      0.025174   WU     4.954457      3.152837
 ( 3   4) <--> ( 5   1)        0.209871      0.006292      0.004004   WU     0.788039      0.501480
 ( 3   4) <--> ( 5   2)       -0.384062      0.021072      0.013409   WU     2.639047      1.679393
 ( 3   4) <--> ( 5   3)       -1.819482      0.472931      0.300956   WU    59.229800     37.691691
 ( 3   4) <--> ( 5   4)       -1.041761      0.155038      0.098661   WU    19.416953     12.356243
 ( 4   1) <--> ( 4   1)       -2.741540     -2.067383   (eb)
 ( 4   2) <--> ( 4   1)       -1.557788      0.269634      0.269634   WU    33.768924     33.768924
 ( 4   2) <--> ( 4   2)       -1.228440     -0.926361   (eb)
 ( 4   3) <--> ( 4   1)       -0.360770      0.014462      0.014462   WU     1.811179      1.811179
 ( 4   3) <--> ( 4   2)       -0.766618      0.065300      0.065300   WU     8.178219      8.178219
 ( 4   3) <--> ( 4   3)       -2.818613     -2.125503   (eb)
 ( 4   4) <--> ( 4   1)        0.035351      0.000139      0.000139   WU     0.017391      0.017391
 ( 4   4) <--> ( 4   2)       -2.007003      0.447562      0.447562   WU    56.052679     56.052679
 ( 4   4) <--> ( 4   3)       -0.526086      0.030752      0.030752   WU     3.851351      3.851351
 ( 4   4) <--> ( 4   4)        2.193426      1.654053   (eb)
 ( 4   1) <--> ( 5   1)       -0.374288      0.015566      0.012736   WU     1.949450      1.595005
 ( 4   1) <--> ( 5   2)       -0.064515      0.000462      0.000378   WU     0.057919      0.047388
 ( 4   1) <--> ( 5   3)       -0.085422      0.000811      0.000663   WU     0.101541      0.083079
 ( 4   1) <--> ( 5   4)       -0.001004      0.000000      0.000000   WU     0.000014      0.000011
 ( 4   2) <--> ( 5   1)       -2.874716      0.918222      0.751272   WU   114.998008     94.089280
 ( 4   2) <--> ( 5   2)       -0.349767      0.013593      0.011122   WU     1.702386      1.392862
 ( 4   2) <--> ( 5   3)        0.545550      0.033069      0.027057   WU     4.141607      3.388587
 ( 4   2) <--> ( 5   4)       -0.267455      0.007948      0.006503   WU     0.995413      0.814429
 ( 4   3) <--> ( 5   1)        0.773430      0.066466      0.054381   WU     8.324188      6.810699
 ( 4   3) <--> ( 5   2)        0.320830      0.011437      0.009357   WU     1.432352      1.171924
 ( 4   3) <--> ( 5   3)       -0.387523      0.016686      0.013652   WU     2.089755      1.709800
 ( 4   3) <--> ( 5   4)        0.070079      0.000546      0.000446   WU     0.068339      0.055914
 ( 4   4) <--> ( 5   1)       -0.780479      0.067683      0.055377   WU     8.476610      6.935408
 ( 4   4) <--> ( 5   2)       -2.367099      0.622573      0.509378   WU    77.971022     63.794473
 ( 4   4) <--> ( 5   3)        3.670757      1.497162      1.224951   WU   187.504454    153.412735
 ( 4   4) <--> ( 5   4)       -0.212821      0.005033      0.004118   WU     0.630276      0.515680
 ( 4   1) <--> ( 6   1)        4.519835      2.269879      1.571454   WU   284.279444    196.808846
 ( 4   1) <--> ( 6   2)       -0.040432      0.000182      0.000126   WU     0.022748      0.015749
 ( 4   1) <--> ( 6   3)        0.276819      0.008514      0.005895   WU     1.066334      0.738231
 ( 4   1) <--> ( 6   4)        0.080784      0.000725      0.000502   WU     0.090813      0.062871
 ( 4   2) <--> ( 6   1)        0.277237      0.008540      0.005912   WU     1.069554      0.740460
 ( 4   2) <--> ( 6   2)       -4.095676      1.863840      1.290351   WU   233.427258    161.603487
 ( 4   2) <--> ( 6   3)        0.510469      0.028953      0.020045   WU     3.626094      2.510372
 ( 4   2) <--> ( 6   4)        0.134553      0.002012      0.001393   WU     0.251933      0.174415
 ( 4   3) <--> ( 6   1)        1.711719      0.325553      0.225383   WU    40.772288     28.226968
 ( 4   3) <--> ( 6   2)        0.567566      0.035792      0.024779   WU     4.482625      3.103356
 ( 4   3) <--> ( 6   3)        5.802837      3.741435      2.590225   WU   468.577125    324.399548
 ( 4   3) <--> ( 6   4)        0.223818      0.005566      0.003853   WU     0.697090      0.482601
 ( 4   4) <--> ( 6   1)       -0.119977      0.001599      0.001107   WU     0.200307      0.138674
 ( 4   4) <--> ( 6   2)       -0.721951      0.057913      0.040093   WU     7.252976      5.021291
 ( 4   4) <--> ( 6   3)        0.535783      0.031896      0.022082   WU     3.994642      2.765521
 ( 4   4) <--> ( 6   4)       -2.146457      0.511920      0.354406   WU    64.112766     44.385761
 ( 5   1) <--> ( 5   1)       -1.997244     -1.450252   (eb)
 ( 5   2) <--> ( 5   1)       -0.839821      0.064118      0.064118   WU     8.030152      8.030152
 ( 5   2) <--> ( 5   2)        1.285201      0.933219   (eb)
 ( 5   3) <--> ( 5   1)        1.459077      0.193537      0.193537   WU    24.238536     24.238536
 ( 5   3) <--> ( 5   2)       -2.253513      0.461665      0.461665   WU    57.818948     57.818948
 ( 5   3) <--> ( 5   3)       -1.337997     -0.971555   (eb)
 ( 5   4) <--> ( 5   1)       -0.388081      0.013692      0.013692   WU     1.714727      1.714727
 ( 5   4) <--> ( 5   2)       -1.767424      0.283981      0.283981   WU    35.565713     35.565713
 ( 5   4) <--> ( 5   3)       -1.215080      0.134220      0.134220   WU    16.809686     16.809686
 ( 5   4) <--> ( 5   4)        1.975733      1.434633   (eb)
 ( 5   1) <--> ( 6   1)        1.418496      0.182921      0.154779   WU    22.909001     19.384540
 ( 5   1) <--> ( 6   2)        2.652074      0.639409      0.541038   WU    80.079495     67.759572
 ( 5   1) <--> ( 6   3)        1.223475      0.136081      0.115146   WU    17.042784     14.420817
 ( 5   1) <--> ( 6   4)        0.993153      0.089668      0.075873   WU    11.230062      9.502360
 ( 5   2) <--> ( 6   1)        0.127456      0.001477      0.001250   WU     0.184957      0.156502
 ( 5   2) <--> ( 6   2)       -1.090992      0.108206      0.091559   WU    13.551692     11.466816
 ( 5   2) <--> ( 6   3)       -1.761920      0.282215      0.238797   WU    35.344543     29.906921
 ( 5   2) <--> ( 6   4)        3.154171      0.904436      0.765292   WU   113.271496     95.845112
 ( 5   3) <--> ( 6   1)        0.141416      0.001818      0.001538   WU     0.227692      0.192662
 ( 5   3) <--> ( 6   2)        0.263290      0.006302      0.005332   WU     0.789260      0.667835
 ( 5   3) <--> ( 6   3)       -1.629172      0.241291      0.204169   WU    30.219278     25.570158
 ( 5   3) <--> ( 6   4)       -1.912440      0.332493      0.281340   WU    41.641429     35.235055
 ( 5   4) <--> ( 6   1)        0.005480      0.000003      0.000002   WU     0.000342      0.000289
 ( 5   4) <--> ( 6   2)       -0.241133      0.005286      0.004473   WU     0.662010      0.560162
 ( 5   4) <--> ( 6   3)        0.043708      0.000174      0.000147   WU     0.021750      0.018404
 ( 5   4) <--> ( 6   4)       -1.509963      0.207272      0.175384   WU    25.958681     21.965037
 ( 5   1) <--> ( 7   1)        5.203479      2.461472      1.805080   WU   308.274600    226.068040
 ( 5   1) <--> ( 7   2)       -0.024250      0.000053      0.000039   WU     0.006695      0.004910
 ( 5   1) <--> ( 7   3)       -0.072833      0.000482      0.000354   WU     0.060395      0.044290
 ( 5   1) <--> ( 7   4)        0.047543      0.000205      0.000151   WU     0.025735      0.018873
 ( 5   2) <--> ( 7   1)       -1.651624      0.247988      0.181858   WU    31.057949     22.775829
 ( 5   2) <--> ( 7   2)       -5.549285      2.799506      2.052971   WU   350.609895    257.113923
 ( 5   2) <--> ( 7   3)        0.291008      0.007699      0.005646   WU     0.964185      0.707069
 ( 5   2) <--> ( 7   4)        0.157040      0.002242      0.001644   WU     0.280783      0.205908
 ( 5   3) <--> ( 7   1)       -1.761927      0.282217      0.206959   WU    35.344830     25.919542
 ( 5   3) <--> ( 7   2)       -2.162808      0.425249      0.311849   WU    53.258155     39.055980
 ( 5   3) <--> ( 7   3)       -4.911885      2.193329      1.608441   WU   274.692343    201.441052
 ( 5   3) <--> ( 7   4)       -0.112245      0.001145      0.000840   WU     0.143443      0.105192
 ( 5   4) <--> ( 7   1)       -0.083555      0.000635      0.000465   WU     0.079487      0.058291
 ( 5   4) <--> ( 7   2)        0.764285      0.053103      0.038942   WU     6.650605      4.877111
 ( 5   4) <--> ( 7   3)       -1.922732      0.336082      0.246460   WU    42.090850     30.866623
 ( 5   4) <--> ( 7   4)       -1.671764      0.254072      0.186320   WU    31.820006     23.334671
 ( 6   1) <--> ( 6   1)       -3.438192     -2.397097   (eb)
 ( 6   2) <--> ( 6   1)        1.683589      0.218036      0.218036   WU    27.306863     27.306863
 ( 6   2) <--> ( 6   2)       -2.647188     -1.845612   (eb)
 ( 6   3) <--> ( 6   1)       -0.612542      0.028862      0.028862   WU     3.614693      3.614693
 ( 6   3) <--> ( 6   2)        0.697382      0.037411      0.037411   WU     4.685344      4.685344
 ( 6   3) <--> ( 6   3)       -3.803300     -2.651650   (eb)
 ( 6   4) <--> ( 6   1)       -0.019062      0.000028      0.000028   WU     0.003501      0.003501
 ( 6   4) <--> ( 6   2)       -1.519334      0.177567      0.177567   WU    22.238525     22.238525
 ( 6   4) <--> ( 6   3)       -1.062767      0.086883      0.086883   WU    10.881170     10.881170
 ( 6   4) <--> ( 6   4)        1.879342      1.310272   (eb)
 ( 6   1) <--> ( 7   1)       -0.310252      0.007404      0.006417   WU     0.927316      0.803674
 ( 6   1) <--> ( 7   2)        0.114165      0.001003      0.000869   WU     0.125564      0.108822
 ( 6   1) <--> ( 7   3)        0.089849      0.000621      0.000538   WU     0.077773      0.067403
 ( 6   1) <--> ( 7   4)        0.000067      0.000000      0.000000   WU     0.000000      0.000000
 ( 6   2) <--> ( 7   1)        2.846571      0.623305      0.540198   WU    78.062680     67.654323
 ( 6   2) <--> ( 7   2)       -0.275276      0.005829      0.005052   WU     0.730023      0.632687
 ( 6   2) <--> ( 7   3)        0.549150      0.023197      0.020104   WU     2.905234      2.517870
 ( 6   2) <--> ( 7   4)       -0.096652      0.000719      0.000623   WU     0.089995      0.077996
 ( 6   3) <--> ( 7   1)        0.292135      0.006565      0.005690   WU     0.822180      0.712556
 ( 6   3) <--> ( 7   2)       -0.023150      0.000041      0.000036   WU     0.005163      0.004475
 ( 6   3) <--> ( 7   3)        0.291054      0.006516      0.005647   WU     0.816104      0.707290
 ( 6   3) <--> ( 7   4)       -0.017111      0.000023      0.000020   WU     0.002821      0.002445
 ( 6   4) <--> ( 7   1)       -0.351945      0.009528      0.008258   WU     1.193300      1.034193
 ( 6   4) <--> ( 7   2)       -3.510893      0.948182      0.821758   WU   118.750274    102.916904
 ( 6   4) <--> ( 7   3)        2.422236      0.451325      0.391148   WU    56.523930     48.987406
 ( 6   4) <--> ( 7   4)       -0.610714      0.028690      0.024865   WU     3.593154      3.114067
 ( 6   1) <--> ( 8   1)        5.739214      2.533737      1.937564   WU   317.325058    242.660338
 ( 6   1) <--> ( 8   2)       -0.070019      0.000377      0.000288   WU     0.047231      0.036118
 ( 6   1) <--> ( 8   3)       -0.271771      0.005681      0.004345   WU     0.711550      0.544127
 ( 6   1) <--> ( 8   4)       -0.078560      0.000475      0.000363   WU     0.059457      0.045467
 ( 6   2) <--> ( 8   1)       -0.037800      0.000110      0.000084   WU     0.013765      0.010526
 ( 6   2) <--> ( 8   2)       -4.753326      1.738008      1.329065   WU   217.668014    166.452011
 ( 6   2) <--> ( 8   3)        3.268727      0.821890      0.628504   WU   102.933496     78.713850
 ( 6   2) <--> ( 8   4)       -0.156987      0.001896      0.001450   WU     0.237425      0.181560
 ( 6   3) <--> ( 8   1)        2.052071      0.323923      0.247706   WU    40.568059     31.022633
 ( 6   3) <--> ( 8   2)       -4.876087      1.828940      1.398601   WU   229.056330    175.160723
 ( 6   3) <--> ( 8   3)       -5.970229      2.741818      2.096684   WU   343.385063    262.588578
 ( 6   3) <--> ( 8   4)       -0.346873      0.009255      0.007078   WU     1.159151      0.886410
 ( 6   4) <--> ( 8   1)        0.451711      0.015696      0.012003   WU     1.965719      1.503197
 ( 6   4) <--> ( 8   2)        1.392423      0.149142      0.114049   WU    18.678483     14.283546
 ( 6   4) <--> ( 8   3)        0.007984      0.000005      0.000004   WU     0.000614      0.000470
 ( 6   4) <--> ( 8   4)       -6.142314      2.902155      2.219295   WU   363.465710    277.944366
 ( 7   1) <--> ( 7   1)       -3.304764     -2.213075   (eb)
 ( 7   2) <--> ( 7   1)        0.561387      0.021010      0.021010   WU     2.631331      2.631331
 ( 7   2) <--> ( 7   2)       -1.256403     -0.841365   (eb)
 ( 7   3) <--> ( 7   1)       -2.108676      0.296434      0.296434   WU    37.125413     37.125413
 ( 7   3) <--> ( 7   2)       -2.246640      0.336493      0.336493   WU    42.142311     42.142311
 ( 7   3) <--> ( 7   3)       -2.708114     -1.813521   (eb)
 ( 7   4) <--> ( 7   1)        0.206003      0.002829      0.002829   WU     0.354323      0.354323
 ( 7   4) <--> ( 7   2)       -2.129879      0.302426      0.302426   WU    37.875751     37.875751
 ( 7   4) <--> ( 7   3)        2.143297      0.306248      0.306248   WU    38.354486     38.354486
 ( 7   4) <--> ( 7   4)        4.095897      2.742866   (eb)
 ( 7   1) <--> ( 8   1)        1.690529      0.190526      0.168111   WU    23.861441     21.054213
 ( 7   1) <--> ( 8   2)       -2.922331      0.569334      0.502354   WU    71.303405     62.914769
 ( 7   1) <--> ( 8   3)        0.343739      0.007877      0.006950   WU     0.986528      0.870466
 ( 7   1) <--> ( 8   4)       -0.539150      0.019379      0.017099   WU     2.427008      2.141478
 ( 7   2) <--> ( 8   1)       -0.279932      0.005224      0.004610   WU     0.654270      0.577297
 ( 7   2) <--> ( 8   2)       -2.378135      0.377035      0.332678   WU    47.219835     41.664560
 ( 7   2) <--> ( 8   3)       -1.174686      0.091992      0.081170   WU    11.521133     10.165705
 ( 7   2) <--> ( 8   4)        2.810200      0.526481      0.464542   WU    65.936500     58.179264
 ( 7   3) <--> ( 8   1)       -0.189153      0.002385      0.002105   WU     0.298729      0.263584
 ( 7   3) <--> ( 8   2)        0.105343      0.000740      0.000653   WU     0.092653      0.081753
 ( 7   3) <--> ( 8   3)       -1.575969      0.165578      0.146099   WU    20.737040     18.297388
 ( 7   3) <--> ( 8   4)       -2.030803      0.274944      0.242598   WU    34.433964     30.382910
 ( 7   4) <--> ( 8   1)       -0.002841      0.000001      0.000000   WU     0.000067      0.000059
 ( 7   4) <--> ( 8   2)       -0.143787      0.001378      0.001216   WU     0.172620      0.152311
 ( 7   4) <--> ( 8   3)        0.136382      0.001240      0.001094   WU     0.155299      0.137028
 ( 7   4) <--> ( 8   4)       -1.537305      0.157554      0.139018   WU    19.732014     17.410600
 ( 7   1) <--> ( 9   1)       -6.974916      3.243297      2.560498   WU   406.190330    320.676577
 ( 7   1) <--> ( 9   2)        0.288356      0.005543      0.004376   WU     0.694242      0.548086
 ( 7   1) <--> ( 9   3)       -0.051008      0.000173      0.000137   WU     0.021723      0.017150
 ( 7   1) <--> ( 9   4)        0.021231      0.000030      0.000024   WU     0.003764      0.002971
 ( 7   2) <--> ( 9   1)       -2.796249      0.521267      0.411527   WU    65.283459     51.539573
 ( 7   2) <--> ( 9   2)       -7.370223      3.621346      2.858957   WU   453.537081    358.055590
 ( 7   2) <--> ( 9   3)       -1.641000      0.179525      0.141731   WU    22.483756     17.750333
 ( 7   2) <--> ( 9   4)        0.147894      0.001458      0.001151   WU     0.182621      0.144175
 ( 7   3) <--> ( 9   1)       -1.639963      0.179299      0.141551   WU    22.455332     17.727894
 ( 7   3) <--> ( 9   2)        0.664984      0.029480      0.023274   WU     3.692107      2.914821
 ( 7   3) <--> ( 9   3)       -7.159785      3.417502      2.698028   WU   428.007674    337.900795
 ( 7   3) <--> ( 9   4)       -0.339875      0.007701      0.006080   WU     0.964475      0.761427
 ( 7   4) <--> ( 9   1)       -0.226514      0.003421      0.002700   WU     0.428393      0.338205
 ( 7   4) <--> ( 9   2)        0.386716      0.009970      0.007871   WU     1.248637      0.985766
 ( 7   4) <--> ( 9   3)       -0.694227      0.032130      0.025366   WU     4.023974      3.176822
 ( 7   4) <--> ( 9   4)        5.456577      1.984949      1.567065   WU   248.594882    196.259118
 ( 8   1) <--> ( 8   1)       -4.102949     -2.643103   (eb)
 ( 8   2) <--> ( 8   1)       -1.049475      0.064788      0.064788   WU     8.114053      8.114053
 ( 8   2) <--> ( 8   2)       -3.151787     -2.030368   (eb)
 ( 8   3) <--> ( 8   1)        1.648366      0.159830      0.159830   WU    20.017103     20.017103
 ( 8   3) <--> ( 8   2)       -0.121792      0.000873      0.000873   WU     0.109278      0.109278
 ( 8   3) <--> ( 8   3)       -5.333524     -3.435835   (eb)
 ( 8   4) <--> ( 8   1)       -0.150010      0.001324      0.001324   WU     0.165782      0.165782
 ( 8   4) <--> ( 8   2)       -1.999515      0.235180      0.235180   WU    29.453939     29.453939
 ( 8   4) <--> ( 8   3)       -1.082648      0.068949      0.068949   WU     8.635115      8.635115
 ( 8   4) <--> ( 8   4)        0.040829      0.026302   (eb)
 ( 8   1) <--> ( 9   1)        0.233014      0.003194      0.002858   WU     0.399999      0.357894
 ( 8   1) <--> ( 9   2)       -0.127737      0.000960      0.000859   WU     0.120206      0.107553
 ( 8   1) <--> ( 9   3)       -0.125319      0.000924      0.000827   WU     0.115698      0.103520
 ( 8   1) <--> ( 9   4)       -0.000723      0.000000      0.000000   WU     0.000004      0.000003
 ( 8   2) <--> ( 9   1)        2.361852      0.328138      0.293597   WU    41.095963     36.770072
 ( 8   2) <--> ( 9   2)       -0.241922      0.003443      0.003080   WU     0.431165      0.385779
 ( 8   2) <--> ( 9   3)        0.417096      0.010233      0.009156   WU     1.281642      1.146733
 ( 8   2) <--> ( 9   4)        0.100965      0.000600      0.000537   WU     0.075099      0.067194
 ( 8   3) <--> ( 9   1)       -1.553005      0.141872      0.126938   WU    17.768055     15.897733
 ( 8   3) <--> ( 9   2)        0.256787      0.003879      0.003470   WU     0.485778      0.434644
 ( 8   3) <--> ( 9   3)       -0.039989      0.000094      0.000084   WU     0.011781      0.010541
 ( 8   3) <--> ( 9   4)       -0.041569      0.000102      0.000091   WU     0.012730      0.011390
 ( 8   4) <--> ( 9   1)       -0.777225      0.035534      0.031794   WU     4.450285      3.981834
 ( 8   4) <--> ( 9   2)       -3.339959      0.656196      0.587123   WU    82.181919     73.531191
 ( 8   4) <--> ( 9   3)        0.676863      0.026950      0.024113   WU     3.375166      3.019886
 ( 8   4) <--> ( 9   4)        0.045005      0.000119      0.000107   WU     0.014922      0.013351
 ( 8   1) <--> (10   1)        6.966023      2.854439      2.310737   WU   357.489811    289.396514
 ( 8   1) <--> (10   2)       -0.039608      0.000092      0.000075   WU     0.011558      0.009356
 ( 8   1) <--> (10   3)       -0.256327      0.003865      0.003129   WU     0.484043      0.391844
 ( 8   1) <--> (10   4)        0.023611      0.000033      0.000027   WU     0.004107      0.003325
 ( 8   2) <--> (10   1)       -1.583487      0.147496      0.119401   WU    18.472374     14.953826
 ( 8   2) <--> (10   2)        8.217705      3.972393      3.215746   WU   497.502187    402.739866
 ( 8   2) <--> (10   3)       -2.076281      0.253585      0.205283   WU    31.758938     25.709617
 ( 8   2) <--> (10   4)        0.700183      0.028839      0.023346   WU     3.611749      2.923797
 ( 8   3) <--> (10   1)       -1.990258      0.233008      0.188625   WU    29.181850     23.623402
 ( 8   3) <--> (10   2)        4.100330      0.988983      0.800605   WU   123.860128    100.267723
 ( 8   3) <--> (10   3)        7.469388      3.281868      2.656750   WU   411.020939    332.731236
 ( 8   3) <--> (10   4)       -0.690224      0.028024      0.022686   WU     3.509737      2.841215
 ( 8   4) <--> (10   1)       -0.439394      0.011357      0.009194   WU     1.422335      1.151414
 ( 8   4) <--> (10   2)       -1.149454      0.077720      0.062916   WU     9.733678      7.879644
 ( 8   4) <--> (10   3)        3.077461      0.557104      0.450989   WU    69.771669     56.481827
 ( 8   4) <--> (10   4)        8.125376      3.883632      3.143892   WU   486.385759    393.740853
 ( 9   1) <--> ( 9   1)       -4.318124     -2.681046   (eb)
 ( 9   2) <--> ( 9   1)        1.086967      0.062184      0.062184   WU     7.787933      7.787933
 ( 9   2) <--> ( 9   2)       -1.795057     -1.114519   (eb)
 ( 9   3) <--> ( 9   1)       -2.397545      0.302538      0.302538   WU    37.889855     37.889855
 ( 9   3) <--> ( 9   2)       -1.782588      0.167243      0.167243   WU    20.945511     20.945511
 ( 9   3) <--> ( 9   3)       -4.980206     -3.092121   (eb)
 ( 9   4) <--> ( 9   1)       -0.236839      0.002952      0.002952   WU     0.369739      0.369739
 ( 9   4) <--> ( 9   2)        2.913321      0.446707      0.446707   WU    55.945594     55.945594
 ( 9   4) <--> ( 9   3)       -2.551959      0.342763      0.342763   WU    42.927610     42.927610
 ( 9   4) <--> ( 9   4)        1.973117      1.225073   (eb)
 ( 9   1) <--> (10   1)       -1.967130      0.203663      0.184267   WU    25.506768     23.077552
 ( 9   1) <--> (10   2)        2.832550      0.422281      0.382064   WU    52.886445     47.849641
 ( 9   1) <--> (10   3)       -1.135131      0.067817      0.061358   WU     8.493398      7.684503
 ( 9   1) <--> (10   4)        0.489168      0.012594      0.011395   WU     1.577265      1.427050
 ( 9   2) <--> (10   1)        0.382230      0.007689      0.006957   WU     0.963028      0.871311
 ( 9   2) <--> (10   2)        2.725860      0.391069      0.353824   WU    48.977471     44.312950
 ( 9   2) <--> (10   3)       -0.347346      0.006350      0.005745   WU     0.795270      0.719530
 ( 9   2) <--> (10   4)       -2.238798      0.263801      0.238677   WU    33.038413     29.891897
 ( 9   3) <--> (10   1)        0.315124      0.005226      0.004729   WU     0.654566      0.592226
 ( 9   3) <--> (10   2)        0.595303      0.018652      0.016876   WU     2.335960      2.113488
 ( 9   3) <--> (10   3)        1.997542      0.210009      0.190008   WU    26.301529     23.796621
 ( 9   3) <--> (10   4)        1.048719      0.057885      0.052372   WU     7.249490      6.559062
 ( 9   4) <--> (10   1)       -0.003097      0.000001      0.000000   WU     0.000063      0.000057
 ( 9   4) <--> (10   2)       -0.076219      0.000306      0.000277   WU     0.038292      0.034646
 ( 9   4) <--> (10   3)        0.175869      0.001628      0.001473   WU     0.203876      0.184459
 ( 9   4) <--> (10   4)       -1.605012      0.135582      0.122670   WU    16.980309     15.363137
 (10   1) <--> (10   1)       -4.744321     -2.844664   (eb)
 (10   2) <--> (10   1)       -0.393372      0.007369      0.007369   WU     0.922846      0.922846
 (10   2) <--> (10   2)       -4.057940     -2.433114   (eb)
 (10   3) <--> (10   1)        2.003272      0.191100      0.191100   WU    23.933355     23.933355
 (10   3) <--> (10   2)       -1.261962      0.075836      0.075836   WU     9.497654      9.497654
 (10   3) <--> (10   3)       -6.782840     -4.066946   (eb)
 (10   4) <--> (10   1)       -0.574100      0.015695      0.015695   WU     1.965617      1.965617
 (10   4) <--> (10   2)       -2.453078      0.286552      0.286552   WU    35.887744     35.887744
 (10   4) <--> (10   3)       -0.932863      0.041440      0.041440   WU     5.189908      5.189908
 (10   4) <--> (10   4)       -4.427948     -2.654968   (eb)
 
  quadrupole shape invariant: 01+, 02+, 03+, 04+
quadr2     3.19724513     4.74584471     7.98407199     6.01046567
quadr3     4.40301097    10.26620835    14.60188256    14.28679289
  effective deformation parameters:  01+, 02+, 03+, 04+
beteff     0.17300749     0.21078209     0.27339412     0.23720892
cos3ga     0.77016870     0.99297837     0.64725019     0.96955526
 
 ********* END Transition **************************
