 ********* BEGIN READER ****************************
 
 Nucleus            :  Zr  40  52
 Imin, Imax         :     0  10
 imu, remu          :     1 12.0000
 nlevel             :     4
 observables        :     2
 wave fun           :     1
 nbet, ngam, npar   :    10   7  10
 Finish reading parameters: V, B_k ...
 
 ********* END READER ******************************
 
 ********* BEGIN LEVELS ********************
 
 E_0 =  -799.602044
 
  I=   0   ntot= 127
   0   1    0.000000
   0   2    1.977905
   0   3    3.427379
   0   4    4.281648
 
  I=   2   ntot= 234
   2   1    1.329074
   2   2    2.677219
   2   3    3.288993
   2   4    4.308316
 
  I=   3   ntot= 108
   3   1    4.000639
   3   2    5.680817
   3   3    7.161970
   3   4    7.331989
 
  I=   4   ntot= 324
   4   1    2.825939
   4   2    4.223443
   4   3    4.602549
   4   4    5.511505
 
  I=   5   ntot= 198
   5   1    5.554544
   5   2    6.946970
   5   3    7.190713
   5   4    8.396511
 
  I=   6   ntot= 432
   6   1    4.530592
   6   2    5.808391
   6   3    6.224875
   6   4    7.277090
 
  I=   7   ntot= 306
   7   1    7.290519
   7   2    8.694765
   7   3    8.849809
   7   4    9.874283
 
  I=   8   ntot= 522
   8   1    6.396527
   8   2    7.614848
   8   3    8.059251
   8   4    9.163338
 
  I=   9   ntot= 397
   9   1    9.203823
   9   2   10.549328
   9   3   10.620407
   9   4   11.656935
 
  I=  10   ntot= 630
  10   1    8.381457
  10   2    9.694058
  10   3   10.002942
  10   4   10.994483
 
 ********* END LEVELS **********************
 
 ********* BEGIN Transition ************************
 
  Monopole moment 
 
   I   n    <In|E0|In>   ave \beta      del<b>   ave \gamma    del<g>  
     K=0       K=2       K=4   
   0   1     17.986652    0.170320    0.050589   28.999413   11.330328  100.0000    0.0000    0.0000
   0   2     18.177967    0.228214    0.085047   23.732055   11.866507  100.0000    0.0000    0.0000
   0   3     18.454880    0.304845    0.100755   15.525311   11.738507  100.0000    0.0000    0.0000
   0   4     18.410094    0.275914    0.072338   32.847610   10.958436  100.0000    0.0000    0.0000
   2   1     18.094696    0.203687    0.053835   26.063610   11.486730   85.7737   14.2263    0.0000
   2   2     18.218278    0.235812    0.064779   26.142744   12.398708   28.0938   71.9062    0.0000
   2   3     18.388039    0.283088    0.087401   20.673628   12.334584   77.7705   22.2295    0.0000
   2   4     18.490168    0.309248    0.100033   19.223775   13.270512   46.0181   53.9819    0.0000
   3   1     18.353043    0.267297    0.060604   26.129170    9.515215    0.0000  100.0000    0.0000
   3   2     18.575105    0.325241    0.096617   21.683224    9.881426    0.0000   99.9999    0.0000
   3   3     18.846583    0.373215    0.071307   24.674909   13.000724    0.0000   99.9999    0.0000
   3   4     18.907200    0.393296    0.113675   23.306397    9.794569    0.0000   99.9999    0.0000
   4   1     18.204044    0.234876    0.061152   22.611813   11.676147   87.1116   10.6807    2.2077
   4   2     18.422316    0.291695    0.084720   18.925394   13.390616   54.0694   33.4542   12.4764
   4   3     18.455471    0.297477    0.088369   21.494044   12.515049   54.1899   39.4604    6.3496
   4   4     18.501881    0.306544    0.089360   21.757068   12.989648   18.1678   41.2303   40.6018
   5   1     18.487960    0.299920    0.064447   23.364220    9.645250    0.0000   93.9856    6.0143
   5   2     18.634827    0.329485    0.071157   25.084653   10.365890    0.0000   20.5617   79.4383
   5   3     18.706368    0.353252    0.101804   21.756412   10.083176    0.0000   81.7180   18.2820
   5   4     18.919783    0.385006    0.086294   27.409866   10.953729    0.0000   48.9581   51.0418
   6   1     18.346858    0.272769    0.069634   19.343790   11.739667   87.7255   10.7381    1.1557
   6   2     18.600325    0.337863    0.095507   14.363538   12.299294   79.5130   15.2539    3.7412
   6   3     18.518092    0.307600    0.079086   24.127520   10.887238   30.8452   58.3997    8.7062
   6   4     18.643536    0.344610    0.111135   17.498539   13.744008   39.2998   35.4957   14.4455
   7   1     18.629158    0.332787    0.068114   21.034723    9.581077    0.0000   90.4581    8.9636
   7   2     18.801491    0.366482    0.078753   22.992532   11.266935    0.0000   32.8768   54.3302
   7   3     18.889757    0.389843    0.105290   22.009110    9.879920    0.0000   74.1055   22.0755
   7   4     18.980745    0.391103    0.071474   29.556397    9.005997    0.0000    7.5543   38.4857
   8   1     18.535983    0.318856    0.073876   16.473524   11.339100   86.9575   11.9218    0.9137
   8   2     18.668365    0.354237    0.105637   13.908686   12.705965   80.4672   15.3878    3.1041
   8   3     18.682968    0.344109    0.082574   23.194212   10.230538   33.0153   54.7169   10.1369
   8   4     18.895005    0.394232    0.106217   18.726386   13.562822   42.7791   35.6937   10.7526
   9   1     18.787376    0.367992    0.072364   19.286702    9.273165    0.0000   86.5461   12.2608
   9   2     19.014991    0.402445    0.069391   26.127831    9.973282    0.0000   25.1925   49.5100
   9   3     19.075134    0.430608    0.112755   18.892898    9.063837    0.0000   84.6726   13.8460
   9   4     19.128297    0.418280    0.073215   28.339649   10.077505    0.0000    7.3131   44.6473
  10   1     18.726988    0.361816    0.072962   14.596548   10.505463   84.8849   14.0280    0.9551
  10   2     18.775385    0.375442    0.108304   14.921263   13.483817   71.7359   22.0284    4.9191
  10   3     18.929400    0.395836    0.092016   22.095269   10.035539   43.2133   43.5726   10.6931
  10   4     19.052867    0.408307    0.071923   26.600352   11.415611   17.4667   58.8071   12.1405
 
  rho^2(E0) 
 
   I  n_1 n_2  <In_1|E0|In_2>  rho^2(E0) 
   0   1   1       17.986652  601.051644
   0   2   1       -0.152756    0.043352
   0   2   2       18.177967  613.905848
   0   3   1       -0.012796    0.000304
   0   3   2       -0.243431    0.110094
   0   3   3       18.454880  632.752090
   0   4   1       -0.023529    0.001029
   0   4   2        0.131239    0.031999
   0   4   3        0.045109    0.003780
   0   4   4       18.410094  629.684740
   2   1   1       18.094696  608.294298
   2   2   1        0.048325    0.004339
   2   2   2       18.218278  616.631591
   2   3   1        0.174894    0.056828
   2   3   2        0.055724    0.005769
   2   3   3       18.388039  628.176899
   2   4   1       -0.022410    0.000933
   2   4   2        0.217860    0.088179
   2   4   3        0.117473    0.025638
   2   4   4       18.490168  635.174205
   3   1   1       18.353043  625.788080
   3   2   1       -0.247468    0.113776
   3   2   2       18.575105  641.023146
   3   3   1        0.037184    0.002569
   3   3   2        0.101308    0.019068
   3   3   3       18.846583  659.897356
   3   4   1       -0.007438    0.000103
   3   4   2       -0.354937    0.234053
   3   4   3        0.061969    0.007134
   3   4   4       18.907200  664.149091
   4   1   1       18.204044  615.668422
   4   2   1        0.131097    0.031930
   4   2   2       18.422316  630.521048
   4   3   1       -0.175401    0.057158
   4   3   2       -0.104230    0.020184
   4   3   3       18.455471  632.792609
   4   4   1        0.003327    0.000021
   4   4   2       -0.179256    0.059698
   4   4   3       -0.003617    0.000024
   4   4   4       18.501881  635.979172
   5   1   1       18.487960  635.022502
   5   2   1       -0.079253    0.011669
   5   2   2       18.634827  645.151763
   5   3   1       -0.261974    0.127506
   5   3   2        0.011313    0.000238
   5   3   3       18.706368  650.114824
   5   4   1        0.014950    0.000415
   5   4   2        0.221956    0.091526
   5   4   3       -0.054131    0.005444
   5   4   4       18.919783  665.033361
   6   1   1       18.346858  625.366388
   6   2   1       -0.228689    0.097163
   6   2   2       18.600325  642.764991
   6   3   1       -0.144123    0.038590
   6   3   2        0.036312    0.002450
   6   3   3       18.518092  637.094117
   6   4   1       -0.002845    0.000015
   6   4   2       -0.256935    0.122647
   6   4   3        0.069061    0.008861
   6   4   4       18.643536  645.754935
   7   1   1       18.629158  644.759243
   7   2   1       -0.107518    0.021477
   7   2   2       18.801491  656.743375
   7   3   1        0.279519    0.145156
   7   3   2       -0.005954    0.000066
   7   3   3       18.889757  662.924216
   7   4   1       -0.005806    0.000063
   7   4   2        0.131118    0.031940
   7   4   3        0.095341    0.016888
   7   4   4       18.980745  669.325940
   8   1   1       18.535983  638.325774
   8   2   1        0.272242    0.137696
   8   2   2       18.668365  647.476020
   8   3   1        0.150971    0.042344
   8   3   2       -0.018645    0.000646
   8   3   3       18.682968  648.489422
   8   4   1       -0.028262    0.001484
   8   4   2       -0.253387    0.119283
   8   4   3       -0.069770    0.009044
   8   4   4       18.895005  663.292636
   9   1   1       18.787376  655.757708
   9   2   1       -0.006156    0.000070
   9   2   2       19.014991  671.743401
   9   3   1        0.330548    0.202993
   9   3   2       -0.049456    0.004544
   9   3   3       19.075134  675.999431
   9   4   1       -0.012506    0.000291
   9   4   2       -0.173003    0.055606
   9   4   3       -0.034373    0.002195
   9   4   4       19.128297  679.772765
  10   1   1       18.726988  651.548862
  10   2   1        0.262510    0.128027
  10   2   2       18.775385  654.920881
  10   3   1       -0.193587    0.069625
  10   3   2        0.022591    0.000948
  10   3   3       18.929400  665.709658
  10   4   1        0.003834    0.000027
  10   4   2        0.038532    0.002758
  10   4   3       -0.176136    0.057638
  10   4   4       19.052867  674.422152
 
  E2 transition 
 
  I1  n1        I2  n2       <f||E2||i>   B(E2,I1->I2)  B(E2,I2->I1)
 ( 0   1) <--> ( 2   1)        0.443234      0.196457      0.039291   WU    79.633683     15.926737
 ( 0   1) <--> ( 2   2)       -0.026111      0.000682      0.000136   WU     0.276358      0.055272
 ( 0   1) <--> ( 2   3)       -0.002716      0.000007      0.000001   WU     0.002991      0.000598
 ( 0   1) <--> ( 2   4)        0.007013      0.000049      0.000010   WU     0.019935      0.003987
 ( 0   2) <--> ( 2   1)       -0.310709      0.096540      0.019308   WU    39.132485      7.826497
 ( 0   2) <--> ( 2   2)       -0.169848      0.028848      0.005770   WU    11.693664      2.338733
 ( 0   2) <--> ( 2   3)       -0.503344      0.253355      0.050671   WU   102.697244     20.539449
 ( 0   2) <--> ( 2   4)        0.052971      0.002806      0.000561   WU     1.137392      0.227478
 ( 0   3) <--> ( 2   1)        0.036780      0.001353      0.000271   WU     0.548340      0.109668
 ( 0   3) <--> ( 2   2)        0.278732      0.077691      0.015538   WU    31.492133      6.298427
 ( 0   3) <--> ( 2   3)        0.514548      0.264760      0.052952   WU   107.320376     21.464075
 ( 0   3) <--> ( 2   4)        0.417869      0.174615      0.034923   WU    70.780060     14.156012
 ( 0   4) <--> ( 2   1)        0.027414      0.000752      0.000150   WU     0.304632      0.060926
 ( 0   4) <--> ( 2   2)        0.183245      0.033579      0.006716   WU    13.611120      2.722224
 ( 0   4) <--> ( 2   3)       -0.193877      0.037588      0.007518   WU    15.236453      3.047291
 ( 0   4) <--> ( 2   4)        0.175541      0.030815      0.006163   WU    12.490755      2.498151
 ( 2   1) <--> ( 2   1)       -0.294102     -0.222909   (eb)
 ( 2   2) <--> ( 2   1)       -0.578393      0.066908      0.066908   WU    27.120967     27.120967
 ( 2   2) <--> ( 2   2)        0.091629      0.069449   (eb)
 ( 2   3) <--> ( 2   1)        0.033962      0.000231      0.000231   WU     0.093508      0.093508
 ( 2   3) <--> ( 2   2)       -0.476088      0.045332      0.045332   WU    18.375307     18.375307
 ( 2   3) <--> ( 2   3)       -0.340127     -0.257793   (eb)
 ( 2   4) <--> ( 2   1)        0.031125      0.000194      0.000194   WU     0.078539      0.078539
 ( 2   4) <--> ( 2   2)       -0.046351      0.000430      0.000430   WU     0.174174      0.174174
 ( 2   4) <--> ( 2   3)       -0.711956      0.101376      0.101376   WU    41.092847     41.092847
 ( 2   4) <--> ( 2   4)       -0.124434     -0.094312   (eb)
 ( 2   1) <--> ( 3   1)       -0.036341      0.000264      0.000189   WU     0.107065      0.076475
 ( 2   1) <--> ( 3   2)       -0.011788      0.000028      0.000020   WU     0.011265      0.008046
 ( 2   1) <--> ( 3   3)        0.005065      0.000005      0.000004   WU     0.002080      0.001486
 ( 2   1) <--> ( 3   4)       -0.000204      0.000000      0.000000   WU     0.000003      0.000002
 ( 2   2) <--> ( 3   1)       -0.797080      0.127067      0.090762   WU    51.506639     36.790457
 ( 2   2) <--> ( 3   2)       -0.052282      0.000547      0.000390   WU     0.221597      0.158284
 ( 2   2) <--> ( 3   3)        0.004123      0.000003      0.000002   WU     0.001378      0.000984
 ( 2   2) <--> ( 3   4)       -0.013562      0.000037      0.000026   WU     0.014912      0.010651
 ( 2   3) <--> ( 3   1)        0.291134      0.016952      0.012108   WU     6.871412      4.908152
 ( 2   3) <--> ( 3   2)        0.038928      0.000303      0.000216   WU     0.122853      0.087752
 ( 2   3) <--> ( 3   3)        0.010396      0.000022      0.000015   WU     0.008761      0.006258
 ( 2   3) <--> ( 3   4)        0.014595      0.000043      0.000030   WU     0.017270      0.012336
 ( 2   4) <--> ( 3   1)       -0.399686      0.031950      0.022821   WU    12.950801      9.250572
 ( 2   4) <--> ( 3   2)        0.734406      0.107871      0.077050   WU    43.725293     31.232352
 ( 2   4) <--> ( 3   3)        0.004219      0.000004      0.000003   WU     0.001443      0.001031
 ( 2   4) <--> ( 3   4)        0.040192      0.000323      0.000231   WU     0.130963      0.093545
 ( 2   1) <--> ( 4   1)        0.868866      0.150986      0.083881   WU    61.201940     34.001078
 ( 2   1) <--> ( 4   2)       -0.060653      0.000736      0.000409   WU     0.298235      0.165686
 ( 2   1) <--> ( 4   3)       -0.036454      0.000266      0.000148   WU     0.107736      0.059853
 ( 2   1) <--> ( 4   4)       -0.011878      0.000028      0.000016   WU     0.011438      0.006355
 ( 2   2) <--> ( 4   1)        0.245224      0.012027      0.006682   WU     4.875112      2.708396
 ( 2   2) <--> ( 4   2)        0.744424      0.110833      0.061574   WU    44.926245     24.959025
 ( 2   2) <--> ( 4   3)        0.135746      0.003685      0.002047   WU     1.493863      0.829924
 ( 2   2) <--> ( 4   4)        0.117281      0.002751      0.001528   WU     1.115100      0.619500
 ( 2   3) <--> ( 4   1)        0.481374      0.046344      0.025747   WU    18.785631     10.436462
 ( 2   3) <--> ( 4   2)        0.536722      0.057614      0.032008   WU    23.353845     12.974358
 ( 2   3) <--> ( 4   3)       -0.992236      0.196906      0.109392   WU    79.815944     44.342191
 ( 2   3) <--> ( 4   4)       -0.040932      0.000335      0.000186   WU     0.135827      0.075460
 ( 2   4) <--> ( 4   1)        0.008234      0.000014      0.000008   WU     0.005497      0.003054
 ( 2   4) <--> ( 4   2)        0.661539      0.087527      0.048626   WU    35.478962     19.710534
 ( 2   4) <--> ( 4   3)       -0.206648      0.008541      0.004745   WU     3.461946      1.923303
 ( 2   4) <--> ( 4   4)       -0.626530      0.078508      0.043616   WU    31.823221     17.679567
 ( 3   1) <--> ( 3   1)        0.000000      0.000000   (eb)
 ( 3   2) <--> ( 3   1)        0.000000      0.000000      0.000000   WU     0.000000      0.000000
 ( 3   2) <--> ( 3   2)        0.000000      0.000000   (eb)
 ( 3   3) <--> ( 3   1)        0.000000      0.000000      0.000000   WU     0.000000      0.000000
 ( 3   3) <--> ( 3   2)        0.000000      0.000000      0.000000   WU     0.000000      0.000000
 ( 3   3) <--> ( 3   3)        0.000000      0.000000   (eb)
 ( 3   4) <--> ( 3   1)        0.000000      0.000000      0.000000   WU     0.000000      0.000000
 ( 3   4) <--> ( 3   2)        0.000000      0.000000      0.000000   WU     0.000000      0.000000
 ( 3   4) <--> ( 3   3)        0.000000      0.000000      0.000000   WU     0.000000      0.000000
 ( 3   4) <--> ( 3   4)        0.000000      0.000000   (eb)
 ( 3   1) <--> ( 4   1)        0.403948      0.023311      0.018130   WU     9.448918      7.349158
 ( 3   1) <--> ( 4   2)       -0.356831      0.018190      0.014148   WU     7.373221      5.734727
 ( 3   1) <--> ( 4   3)       -0.603158      0.051971      0.040422   WU    21.066604     16.385136
 ( 3   1) <--> ( 4   4)        0.718509      0.073751      0.057362   WU    29.894842     23.251544
 ( 3   2) <--> ( 4   1)        0.042738      0.000261      0.000203   WU     0.105769      0.082265
 ( 3   2) <--> ( 4   2)       -0.104004      0.001545      0.001202   WU     0.626371      0.487178
 ( 3   2) <--> ( 4   3)        0.477169      0.032527      0.025299   WU    13.184862     10.254893
 ( 3   2) <--> ( 4   4)       -0.618919      0.054723      0.042562   WU    22.181930     17.252612
 ( 3   3) <--> ( 4   1)       -0.003538      0.000002      0.000001   WU     0.000725      0.000564
 ( 3   3) <--> ( 4   2)        0.001017      0.000000      0.000000   WU     0.000060      0.000047
 ( 3   3) <--> ( 4   3)        0.018753      0.000050      0.000039   WU     0.020363      0.015838
 ( 3   3) <--> ( 4   4)       -0.028019      0.000112      0.000087   WU     0.045460      0.035357
 ( 3   4) <--> ( 4   1)        0.014373      0.000030      0.000023   WU     0.011962      0.009304
 ( 3   4) <--> ( 4   2)       -0.010132      0.000015      0.000011   WU     0.005945      0.004624
 ( 3   4) <--> ( 4   3)        0.025508      0.000093      0.000072   WU     0.037677      0.029305
 ( 3   4) <--> ( 4   4)       -0.002284      0.000001      0.000001   WU     0.000302      0.000235
 ( 3   1) <--> ( 5   1)        1.040933      0.154792      0.098504   WU    62.744709     39.928451
 ( 3   1) <--> ( 5   2)        0.115584      0.001909      0.001215   WU     0.773616      0.492301
 ( 3   1) <--> ( 5   3)       -0.000273      0.000000      0.000000   WU     0.000004      0.000003
 ( 3   1) <--> ( 5   4)       -0.039517      0.000223      0.000142   WU     0.090425      0.057543
 ( 3   2) <--> ( 5   1)       -0.555770      0.044126      0.028080   WU    17.886364     11.382231
 ( 3   2) <--> ( 5   2)        0.357103      0.018217      0.011593   WU     7.384447      4.699194
 ( 3   2) <--> ( 5   3)        1.105057      0.174450      0.111014   WU    70.713328     44.999391
 ( 3   2) <--> ( 5   4)       -0.025630      0.000094      0.000060   WU     0.038040      0.024207
 ( 3   3) <--> ( 5   1)       -0.111406      0.001773      0.001128   WU     0.718704      0.457357
 ( 3   3) <--> ( 5   2)        0.559167      0.044667      0.028424   WU    18.105669     11.521789
 ( 3   3) <--> ( 5   3)        0.169214      0.004091      0.002603   WU     1.658083      1.055144
 ( 3   3) <--> ( 5   4)        1.073871      0.164743      0.104836   WU    66.778430     42.495364
 ( 3   4) <--> ( 5   1)        0.003327      0.000002      0.000001   WU     0.000641      0.000408
 ( 3   4) <--> ( 5   2)       -0.088379      0.001116      0.000710   WU     0.452307      0.287832
 ( 3   4) <--> ( 5   3)       -0.730404      0.076213      0.048499   WU    30.892858     19.659091
 ( 3   4) <--> ( 5   4)        0.281053      0.011284      0.007181   WU     4.574119      2.910803
 ( 4   1) <--> ( 4   1)       -0.596079     -0.449500   (eb)
 ( 4   2) <--> ( 4   1)       -0.590892      0.038795      0.038795   WU    15.725472     15.725472
 ( 4   2) <--> ( 4   2)       -0.680307     -0.513016   (eb)
 ( 4   3) <--> ( 4   1)       -0.172084      0.003290      0.003290   WU     1.333731      1.333731
 ( 4   3) <--> ( 4   2)        0.451524      0.022653      0.022653   WU     9.182265      9.182265
 ( 4   3) <--> ( 4   3)       -0.501425     -0.378122   (eb)
 ( 4   4) <--> ( 4   1)       -0.068681      0.000524      0.000524   WU     0.212453      0.212453
 ( 4   4) <--> ( 4   2)        0.748977      0.062330      0.062330   WU    25.265307     25.265307
 ( 4   4) <--> ( 4   3)       -0.012944      0.000019      0.000019   WU     0.007546      0.007546
 ( 4   4) <--> ( 4   4)       -0.041978     -0.031656   (eb)
 ( 4   1) <--> ( 5   1)       -0.072214      0.000579      0.000474   WU     0.234871      0.192167
 ( 4   1) <--> ( 5   2)       -0.005783      0.000004      0.000003   WU     0.001506      0.001232
 ( 4   1) <--> ( 5   3)       -0.036013      0.000144      0.000118   WU     0.058413      0.047792
 ( 4   1) <--> ( 5   4)        0.000234      0.000000      0.000000   WU     0.000002      0.000002
 ( 4   2) <--> ( 5   1)       -0.626348      0.043590      0.035665   WU    17.669252     14.456660
 ( 4   2) <--> ( 5   2)        0.045300      0.000228      0.000187   WU     0.092423      0.075619
 ( 4   2) <--> ( 5   3)       -0.017181      0.000033      0.000027   WU     0.013295      0.010878
 ( 4   2) <--> ( 5   4)       -0.006893      0.000005      0.000004   WU     0.002140      0.001751
 ( 4   3) <--> ( 5   1)       -0.570418      0.036153      0.029580   WU    14.654595     11.990123
 ( 4   3) <--> ( 5   2)        0.081410      0.000736      0.000603   WU     0.298495      0.244223
 ( 4   3) <--> ( 5   3)       -0.084373      0.000791      0.000647   WU     0.320626      0.262330
 ( 4   3) <--> ( 5   4)       -0.037371      0.000155      0.000127   WU     0.062899      0.051463
 ( 4   4) <--> ( 5   1)        0.362110      0.014569      0.011920   WU     5.905667      4.831910
 ( 4   4) <--> ( 5   2)       -1.106740      0.136097      0.111352   WU    55.166908     45.136561
 ( 4   4) <--> ( 5   3)       -0.166861      0.003094      0.002531   WU     1.253994      1.025995
 ( 4   4) <--> ( 5   4)        0.053783      0.000321      0.000263   WU     0.130278      0.106591
 ( 4   1) <--> ( 6   1)        1.313183      0.191605      0.132650   WU    77.667156     53.769570
 ( 4   1) <--> ( 6   2)        0.082441      0.000755      0.000523   WU     0.306109      0.211922
 ( 4   1) <--> ( 6   3)       -0.041313      0.000190      0.000131   WU     0.076870      0.053218
 ( 4   1) <--> ( 6   4)        0.028318      0.000089      0.000062   WU     0.036118      0.025005
 ( 4   2) <--> ( 6   1)        0.555296      0.034262      0.023720   WU    13.887899      9.614699
 ( 4   2) <--> ( 6   2)       -1.394679      0.216126      0.149625   WU    87.606403     60.650587
 ( 4   2) <--> ( 6   3)        0.302024      0.010135      0.007017   WU     4.108372      2.844258
 ( 4   2) <--> ( 6   4)       -0.122151      0.001658      0.001148   WU     0.672020      0.465244
 ( 4   3) <--> ( 6   1)       -0.609849      0.041324      0.028609   WU    16.750662     11.596612
 ( 4   3) <--> ( 6   2)        0.741383      0.061072      0.042281   WU    24.755528     17.138442
 ( 4   3) <--> ( 6   3)        1.302228      0.188422      0.130446   WU    76.376711     52.876185
 ( 4   3) <--> ( 6   4)       -0.107355      0.001281      0.000887   WU     0.519077      0.359361
 ( 4   4) <--> ( 6   1)        0.053917      0.000323      0.000224   WU     0.130931      0.090645
 ( 4   4) <--> ( 6   2)        0.611598      0.041561      0.028773   WU    16.846883     11.663227
 ( 4   4) <--> ( 6   3)       -0.371746      0.015355      0.010630   WU     6.224139      4.309019
 ( 4   4) <--> ( 6   4)       -1.178132      0.154222      0.106769   WU    62.513677     43.278700
 ( 5   1) <--> ( 5   1)       -0.565237     -0.410434   (eb)
 ( 5   2) <--> ( 5   1)        0.602671      0.033019      0.033019   WU    13.384370     13.384370
 ( 5   2) <--> ( 5   2)        0.335036      0.243279   (eb)
 ( 5   3) <--> ( 5   1)       -0.021794      0.000043      0.000043   WU     0.017502      0.017502
 ( 5   3) <--> ( 5   2)       -0.564097      0.028928      0.028928   WU    11.725841     11.725841
 ( 5   3) <--> ( 5   3)       -0.403972     -0.293335   (eb)
 ( 5   4) <--> ( 5   1)       -0.051100      0.000237      0.000237   WU     0.096223      0.096223
 ( 5   4) <--> ( 5   2)       -0.104035      0.000984      0.000984   WU     0.398836      0.398836
 ( 5   4) <--> ( 5   3)       -0.463697      0.019547      0.019547   WU     7.923289      7.923289
 ( 5   4) <--> ( 5   4)        0.101655      0.073815   (eb)
 ( 5   1) <--> ( 6   1)        0.519501      0.024535      0.020760   WU     9.945128      8.415108
 ( 5   1) <--> ( 6   2)        0.187879      0.003209      0.002715   WU     1.300753      1.100637
 ( 5   1) <--> ( 6   3)       -0.795221      0.057489      0.048644   WU    23.303026     19.717945
 ( 5   1) <--> ( 6   4)       -0.431003      0.016888      0.014290   WU     6.845378      5.792243
 ( 5   2) <--> ( 6   1)        0.025889      0.000061      0.000052   WU     0.024699      0.020899
 ( 5   2) <--> ( 6   2)        0.282346      0.007247      0.006132   WU     2.937658      2.485711
 ( 5   2) <--> ( 6   3)       -0.145095      0.001914      0.001619   WU     0.775786      0.656435
 ( 5   2) <--> ( 6   4)        0.553617      0.027863      0.023576   WU    11.294203      9.556633
 ( 5   3) <--> ( 6   1)        0.032383      0.000095      0.000081   WU     0.038644      0.032699
 ( 5   3) <--> ( 6   2)        0.243816      0.005404      0.004573   WU     2.190590      1.853576
 ( 5   3) <--> ( 6   3)        0.558538      0.028360      0.023997   WU    11.495891      9.727293
 ( 5   3) <--> ( 6   4)        0.392463      0.014002      0.011848   WU     5.675904      4.802688
 ( 5   4) <--> ( 6   1)       -0.010457      0.000010      0.000008   WU     0.004029      0.003409
 ( 5   4) <--> ( 6   2)        0.008600      0.000007      0.000006   WU     0.002726      0.002306
 ( 5   4) <--> ( 6   3)        0.030725      0.000086      0.000073   WU     0.034788      0.029436
 ( 5   4) <--> ( 6   4)       -0.143887      0.001882      0.001593   WU     0.762918      0.645546
 ( 5   1) <--> ( 7   1)       -1.627517      0.240801      0.176587   WU    97.608547     71.579601
 ( 5   1) <--> ( 7   2)       -0.085020      0.000657      0.000482   WU     0.266368      0.195337
 ( 5   1) <--> ( 7   3)        0.028302      0.000073      0.000053   WU     0.029516      0.021645
 ( 5   1) <--> ( 7   4)        0.026564      0.000064      0.000047   WU     0.026003      0.019069
 ( 5   2) <--> ( 7   1)        0.296701      0.008003      0.005869   WU     3.243962      2.378905
 ( 5   2) <--> ( 7   2)       -1.341157      0.163518      0.119913   WU    66.282099     48.606873
 ( 5   2) <--> ( 7   3)        0.035379      0.000114      0.000083   WU     0.046125      0.033825
 ( 5   2) <--> ( 7   4)       -0.020421      0.000038      0.000028   WU     0.015367      0.011269
 ( 5   3) <--> ( 7   1)        0.751981      0.051407      0.037698   WU    20.837770     15.281032
 ( 5   3) <--> ( 7   2)       -0.299366      0.008147      0.005975   WU     3.302494      2.421829
 ( 5   3) <--> ( 7   3)        1.686169      0.258470      0.189544   WU   104.770606     76.831777
 ( 5   3) <--> ( 7   4)       -0.034102      0.000106      0.000078   WU     0.042854      0.031426
 ( 5   4) <--> ( 7   1)        0.121811      0.001349      0.000989   WU     0.546779      0.400971
 ( 5   4) <--> ( 7   2)       -0.844055      0.064766      0.047495   WU    26.252962     19.252172
 ( 5   4) <--> ( 7   3)       -0.204106      0.003787      0.002777   WU     1.535146      1.125774
 ( 5   4) <--> ( 7   4)       -0.922159      0.077307      0.056692   WU    31.336336     22.979980
 ( 6   1) <--> ( 6   1)       -0.951318     -0.663256   (eb)
 ( 6   2) <--> ( 6   1)        0.598973      0.027598      0.027598   WU    11.186685     11.186685
 ( 6   2) <--> ( 6   2)       -1.319775     -0.920143   (eb)
 ( 6   3) <--> ( 6   1)       -0.338092      0.008793      0.008793   WU     3.564156      3.564156
 ( 6   3) <--> ( 6   2)       -0.197036      0.002986      0.002986   WU     1.210532      1.210532
 ( 6   3) <--> ( 6   3)       -0.653887     -0.455888   (eb)
 ( 6   4) <--> ( 6   1)        0.100908      0.000783      0.000783   WU     0.317498      0.317498
 ( 6   4) <--> ( 6   2)        0.822981      0.052100      0.052100   WU    21.118639     21.118639
 ( 6   4) <--> ( 6   3)       -0.155682      0.001864      0.001864   WU     0.755726      0.755726
 ( 6   4) <--> ( 6   4)       -0.827044     -0.576613   (eb)
 ( 6   1) <--> ( 7   1)        0.082086      0.000518      0.000449   WU     0.210102      0.182088
 ( 6   1) <--> ( 7   2)        0.018897      0.000027      0.000024   WU     0.011134      0.009650
 ( 6   1) <--> ( 7   3)       -0.047796      0.000176      0.000152   WU     0.071232      0.061734
 ( 6   1) <--> ( 7   4)       -0.000516      0.000000      0.000000   WU     0.000008      0.000007
 ( 6   2) <--> ( 7   1)       -0.371334      0.010607      0.009193   WU     4.299479      3.726215
 ( 6   2) <--> ( 7   2)        0.047468      0.000173      0.000150   WU     0.070257      0.060889
 ( 6   2) <--> ( 7   3)       -0.022569      0.000039      0.000034   WU     0.015882      0.013764
 ( 6   2) <--> ( 7   4)       -0.001728      0.000000      0.000000   WU     0.000093      0.000081
 ( 6   3) <--> ( 7   1)        0.781594      0.046991      0.040726   WU    19.047982     16.508251
 ( 6   3) <--> ( 7   2)       -0.115839      0.001032      0.000895   WU     0.418406      0.362618
 ( 6   3) <--> ( 7   3)       -0.069625      0.000373      0.000323   WU     0.151154      0.131000
 ( 6   3) <--> ( 7   4)        0.047350      0.000172      0.000149   WU     0.069907      0.060586
 ( 6   4) <--> ( 7   1)        0.189097      0.002751      0.002384   WU     1.114948      0.966288
 ( 6   4) <--> ( 7   2)       -0.869170      0.058112      0.050364   WU    23.555707     20.414946
 ( 6   4) <--> ( 7   3)        0.237295      0.004331      0.003754   WU     1.755750      1.521650
 ( 6   4) <--> ( 7   4)        0.073281      0.000413      0.000358   WU     0.167446      0.145120
 ( 6   1) <--> ( 8   1)       -1.828035      0.257055      0.196571   WU   104.197055     79.680101
 ( 6   1) <--> ( 8   2)        0.150039      0.001732      0.001324   WU     0.701934      0.536773
 ( 6   1) <--> ( 8   3)        0.008477      0.000006      0.000004   WU     0.002240      0.001713
 ( 6   1) <--> ( 8   4)        0.023963      0.000044      0.000034   WU     0.017905      0.013692
 ( 6   2) <--> ( 8   1)        1.000455      0.076993      0.058877   WU    31.209119     23.865797
 ( 6   2) <--> ( 8   2)        2.001334      0.308103      0.235608   WU   124.889439     95.503689
 ( 6   2) <--> ( 8   3)       -0.041967      0.000135      0.000104   WU     0.054916      0.041995
 ( 6   2) <--> ( 8   4)        0.032770      0.000083      0.000063   WU     0.033484      0.025605
 ( 6   3) <--> ( 8   1)        0.573624      0.025311      0.019356   WU    10.259834      7.845755
 ( 6   3) <--> ( 8   2)        0.142185      0.001555      0.001189   WU     0.630368      0.482046
 ( 6   3) <--> ( 8   3)        1.839334      0.260242      0.199009   WU   105.489053     80.668100
 ( 6   3) <--> ( 8   4)       -0.030960      0.000074      0.000056   WU     0.029888      0.022855
 ( 6   4) <--> ( 8   1)       -0.005698      0.000002      0.000002   WU     0.001012      0.000774
 ( 6   4) <--> ( 8   2)       -0.914462      0.064326      0.049191   WU    26.074624     19.939418
 ( 6   4) <--> ( 8   3)        0.412551      0.013092      0.010012   WU     5.306915      4.058229
 ( 6   4) <--> ( 8   4)        1.592166      0.194999      0.149117   WU    79.042933     60.444596
 ( 7   1) <--> ( 7   1)       -1.007363     -0.674593   (eb)
 ( 7   2) <--> ( 7   1)        0.738704      0.036379      0.036379   WU    14.746186     14.746186
 ( 7   2) <--> ( 7   2)       -0.366648     -0.245530   (eb)
 ( 7   3) <--> ( 7   1)        0.019161      0.000024      0.000024   WU     0.009921      0.009921
 ( 7   3) <--> ( 7   2)        0.615425      0.025250      0.025250   WU    10.235010     10.235010
 ( 7   3) <--> ( 7   3)       -0.781297     -0.523205   (eb)
 ( 7   4) <--> ( 7   1)       -0.077445      0.000400      0.000400   WU     0.162079      0.162079
 ( 7   4) <--> ( 7   2)        0.572522      0.021852      0.021852   WU     8.857733      8.857733
 ( 7   4) <--> ( 7   3)        0.557051      0.020687      0.020687   WU     8.385500      8.385500
 ( 7   4) <--> ( 7   4)        0.801203      0.536535   (eb)
 ( 7   1) <--> ( 8   1)        0.620453      0.025664      0.022645   WU    10.402927      9.179054
 ( 7   1) <--> ( 8   2)       -0.216883      0.003136      0.002767   WU     1.271126      1.121581
 ( 7   1) <--> ( 8   3)        0.821022      0.044938      0.039652   WU    18.215799     16.072763
 ( 7   1) <--> ( 8   4)        0.369893      0.009121      0.008048   WU     3.697358      3.262374
 ( 7   2) <--> ( 8   1)        0.005864      0.000002      0.000002   WU     0.000929      0.000820
 ( 7   2) <--> ( 8   2)       -0.392152      0.010252      0.009046   WU     4.155737      3.666827
 ( 7   2) <--> ( 8   3)        0.228146      0.003470      0.003062   WU     1.406578      1.241098
 ( 7   2) <--> ( 8   4)       -0.719165      0.034480      0.030423   WU    13.976390     12.332109
 ( 7   3) <--> ( 8   1)       -0.004297      0.000001      0.000001   WU     0.000499      0.000440
 ( 7   3) <--> ( 8   2)        0.277442      0.005132      0.004528   WU     2.080087      1.835371
 ( 7   3) <--> ( 8   3)        0.687598      0.031519      0.027811   WU    12.776382     11.273278
 ( 7   3) <--> ( 8   4)       -0.126293      0.001063      0.000938   WU     0.431018      0.380310
 ( 7   4) <--> ( 8   1)       -0.006010      0.000002      0.000002   WU     0.000976      0.000861
 ( 7   4) <--> ( 8   2)       -0.014027      0.000013      0.000012   WU     0.005317      0.004692
 ( 7   4) <--> ( 8   3)       -0.050482      0.000170      0.000150   WU     0.068866      0.060764
 ( 7   4) <--> ( 8   4)       -0.325002      0.007042      0.006213   WU     2.854378      2.518569
 ( 7   1) <--> ( 9   1)        2.193790      0.320848      0.253301   WU   130.055459    102.675362
 ( 7   1) <--> ( 9   2)       -0.006817      0.000003      0.000002   WU     0.001256      0.000991
 ( 7   1) <--> ( 9   3)       -0.123398      0.001015      0.000801   WU     0.411489      0.324860
 ( 7   1) <--> ( 9   4)       -0.020986      0.000029      0.000023   WU     0.011901      0.009396
 ( 7   2) <--> ( 9   1)       -0.435832      0.012663      0.009997   WU     5.133076      4.052428
 ( 7   2) <--> ( 9   2)       -1.889686      0.238061      0.187943   WU    96.497847     76.182511
 ( 7   2) <--> ( 9   3)       -0.866650      0.050072      0.039531   WU    20.296712     16.023720
 ( 7   2) <--> ( 9   4)       -0.154771      0.001597      0.001261   WU     0.647320      0.511042
 ( 7   3) <--> ( 9   1)        0.951505      0.060357      0.047651   WU    24.465878     19.315167
 ( 7   3) <--> ( 9   2)       -0.720386      0.034597      0.027313   WU    14.023888     11.071491
 ( 7   3) <--> ( 9   3)        2.174209      0.315146      0.248799   WU   127.744159    100.850652
 ( 7   3) <--> ( 9   4)       -0.093093      0.000578      0.000456   WU     0.234192      0.184888
 ( 7   4) <--> ( 9   1)       -0.126983      0.001075      0.000849   WU     0.435744      0.344008
 ( 7   4) <--> ( 9   2)       -0.545645      0.019849      0.015670   WU     8.045612      6.351799
 ( 7   4) <--> ( 9   3)        0.081760      0.000446      0.000352   WU     0.180645      0.142614
 ( 7   4) <--> ( 9   4)        1.707596      0.194392      0.153468   WU    78.796860     62.208047
 ( 8   1) <--> ( 8   1)       -1.383917     -0.891514   (eb)
 ( 8   2) <--> ( 8   1)       -0.688294      0.027868      0.027868   WU    11.296103     11.296103
 ( 8   2) <--> ( 8   2)       -1.563768     -1.007373   (eb)
 ( 8   3) <--> ( 8   1)        0.353233      0.007340      0.007340   WU     2.975105      2.975105
 ( 8   3) <--> ( 8   2)       -0.115345      0.000783      0.000783   WU     0.317233      0.317233
 ( 8   3) <--> ( 8   3)       -0.986732     -0.635649   (eb)
 ( 8   4) <--> ( 8   1)       -0.012046      0.000009      0.000009   WU     0.003460      0.003460
 ( 8   4) <--> ( 8   2)        0.777700      0.035577      0.035577   WU    14.421305     14.421305
 ( 8   4) <--> ( 8   3)       -0.417566      0.010257      0.010257   WU     4.157494      4.157494
 ( 8   4) <--> ( 8   4)       -1.245281     -0.802205   (eb)
 ( 8   1) <--> ( 9   1)       -0.065986      0.000256      0.000229   WU     0.103820      0.092892
 ( 8   1) <--> ( 9   2)        0.005255      0.000002      0.000001   WU     0.000659      0.000589
 ( 8   1) <--> ( 9   3)        0.052732      0.000164      0.000146   WU     0.066304      0.059324
 ( 8   1) <--> ( 9   4)        0.007000      0.000003      0.000003   WU     0.001168      0.001045
 ( 8   2) <--> ( 9   1)       -0.302380      0.005378      0.004812   WU     2.180158      1.950668
 ( 8   2) <--> ( 9   2)       -0.029979      0.000053      0.000047   WU     0.021430      0.019174
 ( 8   2) <--> ( 9   3)       -0.037606      0.000083      0.000074   WU     0.033721      0.030172
 ( 8   2) <--> ( 9   4)       -0.010666      0.000007      0.000006   WU     0.002713      0.002427
 ( 8   3) <--> ( 9   1)        0.790162      0.036727      0.032861   WU    14.887185     13.320113
 ( 8   3) <--> ( 9   2)        0.099338      0.000580      0.000519   WU     0.235293      0.210526
 ( 8   3) <--> ( 9   3)        0.007210      0.000003      0.000003   WU     0.001240      0.001109
 ( 8   3) <--> ( 9   4)        0.047566      0.000133      0.000119   WU     0.053948      0.048269
 ( 8   4) <--> ( 9   1)        0.274291      0.004426      0.003960   WU     1.793928      1.605094
 ( 8   4) <--> ( 9   2)        0.837924      0.041301      0.036954   WU    16.741333     14.979088
 ( 8   4) <--> ( 9   3)        0.294783      0.005112      0.004574   WU     2.071985      1.853881
 ( 8   4) <--> ( 9   4)        0.140940      0.001168      0.001045   WU     0.473640      0.423783
 ( 8   1) <--> (10   1)        2.447677      0.352419      0.285292   WU   142.852907    115.642830
 ( 8   1) <--> (10   2)       -0.154318      0.001401      0.001134   WU     0.567821      0.459664
 ( 8   1) <--> (10   3)        0.085018      0.000425      0.000344   WU     0.172345      0.139517
 ( 8   1) <--> (10   4)        0.017029      0.000017      0.000014   WU     0.006915      0.005597
 ( 8   2) <--> (10   1)        1.163189      0.079589      0.064429   WU    32.261262     26.116260
 ( 8   2) <--> (10   2)        2.400132      0.338861      0.274316   WU   137.357054    111.193805
 ( 8   2) <--> (10   3)       -0.213817      0.002689      0.002177   WU     1.090093      0.882457
 ( 8   2) <--> (10   4)       -0.000545      0.000000      0.000000   WU     0.000007      0.000006
 ( 8   3) <--> (10   1)        0.643423      0.024353      0.019714   WU     9.871298      7.991050
 ( 8   3) <--> (10   2)       -0.362249      0.007719      0.006249   WU     3.128921      2.532936
 ( 8   3) <--> (10   3)       -2.379955      0.333187      0.269723   WU   135.057366    109.332153
 ( 8   3) <--> (10   4)       -0.294633      0.005106      0.004134   WU     2.069879      1.675617
 ( 8   4) <--> (10   1)       -0.033622      0.000066      0.000054   WU     0.026954      0.021820
 ( 8   4) <--> (10   2)       -0.912933      0.049026      0.039688   WU    19.872762     16.087474
 ( 8   4) <--> (10   3)        0.553007      0.017989      0.014563   WU     7.291920      5.902983
 ( 8   4) <--> (10   4)       -1.985989      0.232009      0.187817   WU    94.044705     76.131428
 ( 9   1) <--> ( 9   1)       -1.409576     -0.875180   (eb)
 ( 9   2) <--> ( 9   1)       -0.770060      0.031210      0.031210   WU    12.651002     12.651002
 ( 9   2) <--> ( 9   2)       -0.364086     -0.226054   (eb)
 ( 9   3) <--> ( 9   1)       -0.336719      0.005967      0.005967   WU     2.418859      2.418859
 ( 9   3) <--> ( 9   2)       -0.336611      0.005964      0.005964   WU     2.417307      2.417307
 ( 9   3) <--> ( 9   3)       -1.557291     -0.966894   (eb)
 ( 9   4) <--> ( 9   1)       -0.137442      0.000994      0.000994   WU     0.403007      0.403007
 ( 9   4) <--> ( 9   2)       -0.975670      0.050102      0.050102   WU    20.308689     20.308689
 ( 9   4) <--> ( 9   3)        0.369069      0.007169      0.007169   WU     2.905965      2.905965
 ( 9   4) <--> ( 9   4)        0.342705      0.212779   (eb)
 ( 9   1) <--> (10   1)        0.710259      0.026551      0.024022   WU    10.762411      9.737420
 ( 9   1) <--> (10   2)       -0.361504      0.006878      0.006223   WU     2.788062      2.522532
 ( 9   1) <--> (10   3)       -0.771562      0.031332      0.028348   WU    12.700412     11.490849
 ( 9   1) <--> (10   4)       -0.405393      0.008650      0.007826   WU     3.506126      3.172210
 ( 9   2) <--> (10   1)        0.016117      0.000014      0.000012   WU     0.005542      0.005014
 ( 9   2) <--> (10   2)        0.403687      0.008577      0.007760   WU     3.476684      3.145571
 ( 9   2) <--> (10   3)        0.590565      0.018356      0.016608   WU     7.440671      6.732036
 ( 9   2) <--> (10   4)       -0.956693      0.048172      0.043584   WU    19.526378     17.666723
 ( 9   3) <--> (10   1)        0.015550      0.000013      0.000012   WU     0.005158      0.004667
 ( 9   3) <--> (10   2)        0.432470      0.009844      0.008906   WU     3.990140      3.610126
 ( 9   3) <--> (10   3)       -0.724963      0.027662      0.025027   WU    11.212646     10.144775
 ( 9   3) <--> (10   4)        0.138939      0.001016      0.000919   WU     0.411837      0.372614
 ( 9   4) <--> (10   1)       -0.008458      0.000004      0.000003   WU     0.001526      0.001381
 ( 9   4) <--> (10   2)        0.018945      0.000019      0.000017   WU     0.007657      0.006928
 ( 9   4) <--> (10   3)        0.066994      0.000236      0.000214   WU     0.095753      0.086633
 ( 9   4) <--> (10   4)        0.627564      0.020728      0.018754   WU     8.402182      7.601974
 (10   1) <--> (10   1)       -1.829424     -1.096911   (eb)
 (10   2) <--> (10   1)       -0.785186      0.029358      0.029358   WU    11.900230     11.900230
 (10   2) <--> (10   2)       -1.732887     -1.039027   (eb)
 (10   3) <--> (10   1)       -0.261132      0.003247      0.003247   WU     1.316226      1.316226
 (10   3) <--> (10   2)        0.209320      0.002086      0.002086   WU     0.845729      0.845729
 (10   3) <--> (10   3)       -1.305095     -0.782526   (eb)
 (10   4) <--> (10   1)       -0.094347      0.000424      0.000424   WU     0.171818      0.171818
 (10   4) <--> (10   2)       -0.495462      0.011690      0.011690   WU     4.738386      4.738386
 (10   4) <--> (10   3)       -0.730256      0.025394      0.025394   WU    10.293442     10.293442
 (10   4) <--> (10   4)       -0.963409     -0.577654   (eb)
 
  quadrupole shape invariant: 01+, 02+, 03+, 04+
quadr2     0.19737978     0.38466128     0.73307747     0.51614486
quadr3     0.03711325     0.17982728     0.63011063     0.11225210
  effective deformation parameters:  01+, 02+, 03+, 04+
beteff     0.15853515     0.22131634     0.30552670     0.25636577
cos3ga     0.42322859     0.75376830     1.00390358     0.30271717
 
 ********* END Transition **************************
