 ********* BEGIN READER ****************************
 
 Nucleus            :  Ca  20  18
 Imin, Imax         :     0  10
 imu, remu          :     1 12.0000
 nlevel             :     4
 observables        :     2
 wave fun           :     1
 nbet, ngam, npar   :    10   7  10
 Finish reading parameters: V, B_k ...
 
 ********* END READER ******************************
 
 ********* BEGIN LEVELS ********************
 
 E_0 =  -312.679381
 
  I=   0   ntot= 127
   0   1    0.000000
   0   2    3.574063
   0   3    6.529539
   0   4    8.710135
 
  I=   2   ntot= 234
   2   1    3.071555
   2   2    4.874367
   2   3    6.578103
   2   4    8.560426
 
  I=   3   ntot= 108
   3   1    7.577834
   3   2   11.740912
   3   3   15.511657
   3   4   17.408775
 
  I=   4   ntot= 324
   4   1    6.159731
   4   2    7.859033
   4   3    9.903812
   4   4   10.892464
 
  I=   5   ntot= 198
   5   1   10.615829
   5   2   13.614715
   5   3   15.696004
   5   4   18.560982
 
  I=   6   ntot= 432
   6   1    9.082940
   6   2   11.622160
   6   3   13.752299
   6   4   15.105908
 
  I=   7   ntot= 306
   7   1   14.053521
   7   2   17.710024
   7   3   20.065270
   7   4   21.605786
 
  I=   8   ntot= 522
   8   1   12.396922
   8   2   15.553025
   8   3   18.346698
   8   4   19.570784
 
  I=   9   ntot= 397
   9   1   17.975538
   9   2   22.213068
   9   3   25.022620
   9   4   26.716849
 
  I=  10   ntot= 630
  10   1   16.250723
  10   2   19.849495
  10   3   23.509741
  10   4   24.348614
 
 ********* END LEVELS **********************
 
 ********* BEGIN Transition ************************
 
  Monopole moment 
 
   I   n    <In|E0|In>   ave \beta      del<b>   ave \gamma    del<g>  
     K=0       K=2       K=4   
   0   1     11.780340    0.258888    0.098292   26.588621   11.884483  100.0000    0.0000    0.0000
   0   2     12.142723    0.435103    0.133826   20.131820   11.595075   99.9996    0.0000    0.0000
   0   3     12.185957    0.469936    0.145045   17.414089   13.606177   99.9989    0.0000    0.0000
   0   4     12.311312    0.448488    0.124333   26.249323   10.294790   99.9992    0.0000    0.0000
   2   1     11.971440    0.346331    0.116331   24.610545   12.277791   56.9440   43.0559    0.0000
   2   2     12.169319    0.459034    0.123308   17.739722   11.150283   64.8078   35.1917    0.0000
   2   3     12.175281    0.426055    0.139372   23.258128   10.960049   35.7705   64.2290    0.0000
   2   4     12.170547    0.467423    0.156736   16.664338   12.064987   70.0528   29.9458    0.0000
   3   1     12.286063    0.470588    0.098129   21.673743    9.354131    0.0000   99.9996    0.0000
   3   2     12.300787    0.492662    0.142825   19.440517    9.016741    0.0000   99.9986    0.0000
   3   3     12.467601    0.505411    0.095236   24.429184   12.165186    0.0000   99.9995    0.0000
   3   4     12.247277    0.455965    0.159470   22.253993    7.828764    0.0000   99.9983    0.0000
   4   1     12.229547    0.479798    0.108791   17.698185   11.155877   83.3570   12.7397    3.9027
   4   2     12.184357    0.447991    0.130565   20.248261   12.857387   34.5029   42.3206   23.1759
   4   3     12.295365    0.487179    0.124167   20.166496    9.301518   10.6684   71.4444   17.8863
   4   4     12.254936    0.456759    0.126113   21.888619   12.094559   48.2698    4.7560   46.9732
   5   1     12.382681    0.518307    0.089517   19.512655    8.715426    0.0000   96.1991    3.8000
   5   2     12.380394    0.490364    0.097884   23.031107    9.247836    0.0000   12.0891   87.9103
   5   3     12.362934    0.507011    0.127574   20.049655    8.754913    0.0000   82.8765   17.1217
   5   4     12.393897    0.504970    0.130972   21.667563    8.297840    0.0000   15.0010   84.9975
   6   1     12.328728    0.540354    0.086931   14.765883    9.493736   93.7129    5.5618    0.5332
   6   2     12.328036    0.496185    0.107824   20.064890   11.322019   19.8602   67.1469    9.3895
   6   3     12.304186    0.494541    0.130421   19.381529   10.614157   22.3192   53.7484   13.1092
   6   4     12.316979    0.486635    0.116100   20.463424   11.324789   55.3649    4.4762   28.5250
   7   1     12.439373    0.551005    0.079363   17.867508    8.005141    0.0000   96.7068    3.1361
   7   2     12.457096    0.523881    0.090923   21.588538    8.817936    0.0000   11.2875   82.8779
   7   3     12.377759    0.515897    0.119369   19.469408    8.209123    0.0000   77.9901   20.6718
   7   4     12.469473    0.507868    0.096089   24.087089    8.803073    0.0000    8.6679   14.7405
   8   1     12.369551    0.567368    0.074870   13.484288    8.550743   95.6756    4.0474    0.2137
   8   2     12.426234    0.543782    0.087840   18.152838    9.585751   12.9762   80.7919    5.1753
   8   3     12.319305    0.501844    0.124176   18.738313   11.468334   39.3597   41.1274   12.9024
   8   4     12.434766    0.526313    0.099019   20.409659    9.362641   52.2001    9.1481   32.3788
   9   1     12.473662    0.572781    0.070658   16.742170    7.430155    0.0000   96.9736    2.8764
   9   2     12.518824    0.553922    0.080119   20.203901    8.105041    0.0000    8.7939   85.7999
   9   3     12.382249    0.519705    0.113694   19.161838    7.912096    0.0000   79.7795   18.1679
   9   4     12.549217    0.539720    0.088292   22.846170    8.639368    0.0000   14.4775   17.4898
  10   1     12.392928    0.584061    0.066656   12.621164    7.873707   96.3334    3.5039    0.1247
  10   2     12.471442    0.570760    0.074677   16.829261    8.501992    9.8262   85.9572    3.7994
  10   3     12.348227    0.514878    0.112880   18.186117   11.453896   44.3590   34.9459   16.5525
  10   4     12.493104    0.556487    0.085562   19.128044    7.806511   62.5019   11.1371   23.9140
 
  rho^2(E0) 
 
   I  n_1 n_2  <In_1|E0|In_2>  rho^2(E0) 
   0   1   1       11.780340  209.542665
   0   2   1       -0.181844    0.049929
   0   2   2       12.142723  222.632721
   0   3   1       -0.059262    0.005303
   0   3   2       -0.147163    0.032700
   0   3   3       12.185957  224.220893
   0   4   1        0.002685    0.000011
   0   4   2       -0.258889    0.101201
   0   4   3       -0.025967    0.001018
   0   4   4       12.311312  228.857679
   2   1   1       11.971440  216.396195
   2   2   1        0.121542    0.022305
   2   2   2       12.169319  223.609033
   2   3   1        0.214590    0.069531
   2   3   2       -0.023726    0.000850
   2   3   3       12.175281  223.828194
   2   4   1       -0.037805    0.002158
   2   4   2        0.214163    0.069254
   2   4   3        0.000348    0.000000
   2   4   4       12.170547  223.654159
   3   1   1       12.286063  227.919913
   3   2   1        0.237186    0.084944
   3   2   2       12.300787  228.466555
   3   3   1        0.141603    0.030276
   3   3   2        0.001847    0.000005
   3   3   3       12.467601  234.705145
   3   4   1        0.041104    0.002551
   3   4   2        0.304906    0.140375
   3   4   3        0.143190    0.030959
   3   4   4       12.247277  226.483145
   4   1   1       12.229547  225.827861
   4   2   1        0.099023    0.014806
   4   2   2       12.184357  224.162033
   4   3   1       -0.126991    0.024350
   4   3   2        0.130850    0.025853
   4   3   3       12.295365  228.265167
   4   4   1        0.152930    0.035314
   4   4   2       -0.005925    0.000053
   4   4   3        0.007911    0.000094
   4   4   4       12.254936  226.766500
   5   1   1       12.382681  231.518765
   5   2   1        0.048469    0.003547
   5   2   2       12.380394  231.433243
   5   3   1       -0.215327    0.070009
   5   3   2        0.063482    0.006085
   5   3   3       12.362934  230.780929
   5   4   1       -0.029381    0.001303
   5   4   2       -0.241816    0.088293
   5   4   3       -0.045292    0.003097
   5   4   4       12.393897  231.938341
   6   1   1       12.328728  229.505614
   6   2   1       -0.029611    0.001324
   6   2   2       12.328036  229.479868
   6   3   1        0.104077    0.016356
   6   3   2        0.131415    0.026076
   6   3   3       12.304186  228.592807
   6   4   1       -0.148294    0.033205
   6   4   2       -0.019579    0.000579
   6   4   3        0.012779    0.000247
   6   4   4       12.316979  229.068417
   7   1   1       12.439373  233.643556
   7   2   1       -0.028691    0.001243
   7   2   2       12.457096  234.309798
   7   3   1        0.194129    0.056903
   7   3   2        0.089472    0.012087
   7   3   3       12.377759  231.334719
   7   4   1       -0.058093    0.005096
   7   4   2        0.048255    0.003516
   7   4   3        0.014646    0.000324
   7   4   4       12.469473  234.775606
   8   1   1       12.369551  231.028013
   8   2   1        0.003617    0.000020
   8   2   2       12.426234  233.150222
   8   3   1       -0.099838    0.015050
   8   3   2       -0.097171    0.014257
   8   3   3       12.319305  229.154950
   8   4   1        0.156195    0.036837
   8   4   2        0.041896    0.002650
   8   4   3        0.048647    0.003573
   8   4   4       12.434766  233.470526
   9   1   1       12.473662  234.933382
   9   2   1        0.003862    0.000023
   9   2   2       12.518824  236.637658
   9   3   1        0.185193    0.051785
   9   3   2       -0.089810    0.012179
   9   3   3       12.382249  231.502585
   9   4   1        0.080610    0.009812
   9   4   2        0.018980    0.000544
   9   4   3        0.007040    0.000075
   9   4   4       12.549217  237.788070
  10   1   1       12.392928  231.902076
  10   2   1        0.016995    0.000436
  10   2   2       12.471442  234.849764
  10   3   1       -0.085757    0.011104
  10   3   2       -0.064517    0.006285
  10   3   3       12.348227  230.232179
  10   4   1        0.165936    0.041575
  10   4   2        0.055449    0.004642
  10   4   3        0.078495    0.009303
  10   4   4       12.493104  235.666330
 
  E2 transition 
 
  I1  n1        I2  n2       <f||E2||i>   B(E2,I1->I2)  B(E2,I2->I1)
 ( 0   1) <--> ( 2   1)       -0.184748      0.034132      0.006826   WU    44.977491      8.995498
 ( 0   1) <--> ( 2   2)       -0.037783      0.001428      0.000286   WU     1.881151      0.376230
 ( 0   1) <--> ( 2   3)        0.041746      0.001743      0.000349   WU     2.296540      0.459308
 ( 0   1) <--> ( 2   4)        0.040725      0.001659      0.000332   WU     2.185553      0.437111
 ( 0   2) <--> ( 2   1)        0.178463      0.031849      0.006370   WU    41.969142      8.393828
 ( 0   2) <--> ( 2   2)        0.223142      0.049792      0.009958   WU    65.614224     13.122845
 ( 0   2) <--> ( 2   3)        0.172544      0.029771      0.005954   WU    39.231302      7.846260
 ( 0   2) <--> ( 2   4)        0.031346      0.000983      0.000197   WU     1.294763      0.258953
 ( 0   3) <--> ( 2   1)       -0.006444      0.000042      0.000008   WU     0.054722      0.010944
 ( 0   3) <--> ( 2   2)       -0.193997      0.037635      0.007527   WU    49.593767      9.918753
 ( 0   3) <--> ( 2   3)       -0.065784      0.004327      0.000865   WU     5.702585      1.140517
 ( 0   3) <--> ( 2   4)       -0.237838      0.056567      0.011313   WU    74.541512     14.908302
 ( 0   4) <--> ( 2   1)        0.000962      0.000001      0.000000   WU     0.001221      0.000244
 ( 0   4) <--> ( 2   2)        0.006963      0.000048      0.000010   WU     0.063892      0.012778
 ( 0   4) <--> ( 2   3)       -0.134184      0.018005      0.003601   WU    23.726678      4.745336
 ( 0   4) <--> ( 2   4)       -0.072893      0.005313      0.001063   WU     7.001710      1.400342
 ( 2   1) <--> ( 2   1)        0.016249      0.012316   (eb)
 ( 2   2) <--> ( 2   1)       -0.297051      0.017648      0.017648   WU    23.255531     23.255531
 ( 2   2) <--> ( 2   2)       -0.246093     -0.186522   (eb)
 ( 2   3) <--> ( 2   1)        0.115151      0.002652      0.002652   WU     3.494640      3.494640
 ( 2   3) <--> ( 2   2)       -0.130206      0.003391      0.003391   WU     4.468144      4.468144
 ( 2   3) <--> ( 2   3)        0.193314      0.146519   (eb)
 ( 2   4) <--> ( 2   1)        0.033357      0.000223      0.000223   WU     0.293256      0.293256
 ( 2   4) <--> ( 2   2)       -0.131641      0.003466      0.003466   WU     4.567173      4.567173
 ( 2   4) <--> ( 2   3)       -0.251686      0.012669      0.012669   WU    16.694946     16.694946
 ( 2   4) <--> ( 2   4)       -0.259822     -0.196928   (eb)
 ( 2   1) <--> ( 3   1)       -0.106077      0.002250      0.001607   WU     2.965579      2.118271
 ( 2   1) <--> ( 3   2)        0.064691      0.000837      0.000598   WU     1.102944      0.787817
 ( 2   1) <--> ( 3   3)        0.009168      0.000017      0.000012   WU     0.022154      0.015824
 ( 2   1) <--> ( 3   4)       -0.035709      0.000255      0.000182   WU     0.336060      0.240043
 ( 2   2) <--> ( 3   1)        0.313508      0.019657      0.014041   WU    25.903740     18.502671
 ( 2   2) <--> ( 3   2)       -0.028003      0.000157      0.000112   WU     0.206668      0.147620
 ( 2   2) <--> ( 3   3)        0.001523      0.000000      0.000000   WU     0.000611      0.000437
 ( 2   2) <--> ( 3   4)        0.027409      0.000150      0.000107   WU     0.197987      0.141419
 ( 2   3) <--> ( 3   1)       -0.353301      0.024964      0.017832   WU    32.896836     23.497740
 ( 2   3) <--> ( 3   2)       -0.083361      0.001390      0.000993   WU     1.831442      1.308173
 ( 2   3) <--> ( 3   3)       -0.027500      0.000151      0.000108   WU     0.199314      0.142367
 ( 2   3) <--> ( 3   4)        0.042519      0.000362      0.000258   WU     0.476474      0.340338
 ( 2   4) <--> ( 3   1)        0.066986      0.000897      0.000641   WU     1.182576      0.844697
 ( 2   4) <--> ( 3   2)        0.266295      0.014183      0.010130   WU    18.689182     13.349416
 ( 2   4) <--> ( 3   3)        0.024896      0.000124      0.000089   WU     0.163347      0.116676
 ( 2   4) <--> ( 3   4)       -0.023455      0.000110      0.000079   WU     0.144986      0.103561
 ( 2   1) <--> ( 4   1)       -0.401853      0.032297      0.017943   WU    42.559785     23.644325
 ( 2   1) <--> ( 4   2)        0.107618      0.002316      0.001287   WU     3.052348      1.695749
 ( 2   1) <--> ( 4   3)       -0.018947      0.000072      0.000040   WU     0.094608      0.052560
 ( 2   1) <--> ( 4   4)        0.045303      0.000410      0.000228   WU     0.540900      0.300500
 ( 2   2) <--> ( 4   1)       -0.372405      0.027737      0.015409   WU    36.550716     20.305954
 ( 2   2) <--> ( 4   2)       -0.359694      0.025876      0.014376   WU    34.098310     18.943505
 ( 2   2) <--> ( 4   3)        0.039648      0.000314      0.000175   WU     0.414302      0.230168
 ( 2   2) <--> ( 4   4)       -0.023932      0.000115      0.000064   WU     0.150944      0.083858
 ( 2   3) <--> ( 4   1)       -0.213396      0.009108      0.005060   WU    12.001549      6.667527
 ( 2   3) <--> ( 4   2)        0.047813      0.000457      0.000254   WU     0.602512      0.334729
 ( 2   3) <--> ( 4   3)        0.284142      0.016147      0.008971   WU    21.278264     11.821258
 ( 2   3) <--> ( 4   4)       -0.251837      0.012684      0.007047   WU    16.714942      9.286079
 ( 2   4) <--> ( 4   1)       -0.117217      0.002748      0.001527   WU     3.621140      2.011744
 ( 2   4) <--> ( 4   2)       -0.268734      0.014444      0.008024   WU    19.033102     10.573945
 ( 2   4) <--> ( 4   3)        0.019866      0.000079      0.000044   WU     0.104013      0.057785
 ( 2   4) <--> ( 4   4)       -0.262517      0.013783      0.007657   WU    18.162752     10.090418
 ( 3   1) <--> ( 3   1)        0.000000      0.000000   (eb)
 ( 3   2) <--> ( 3   1)        0.000000      0.000000      0.000000   WU     0.000000      0.000000
 ( 3   2) <--> ( 3   2)        0.000000      0.000000   (eb)
 ( 3   3) <--> ( 3   1)        0.000000      0.000000      0.000000   WU     0.000000      0.000000
 ( 3   3) <--> ( 3   2)        0.000000      0.000000      0.000000   WU     0.000000      0.000000
 ( 3   3) <--> ( 3   3)        0.000000      0.000000   (eb)
 ( 3   4) <--> ( 3   1)        0.000000      0.000000      0.000000   WU     0.000000      0.000000
 ( 3   4) <--> ( 3   2)        0.000000      0.000000      0.000000   WU     0.000000      0.000000
 ( 3   4) <--> ( 3   3)        0.000000      0.000000      0.000000   WU     0.000000      0.000000
 ( 3   4) <--> ( 3   4)        0.000000      0.000000   (eb)
 ( 3   1) <--> ( 4   1)        0.215770      0.006651      0.005173   WU     8.764344      6.816712
 ( 3   1) <--> ( 4   2)       -0.240094      0.008235      0.006405   WU    10.851742      8.440244
 ( 3   1) <--> ( 4   3)       -0.445584      0.028364      0.022061   WU    37.376238     29.070408
 ( 3   1) <--> ( 4   4)       -0.115069      0.001892      0.001471   WU     2.492601      1.938690
 ( 3   2) <--> ( 4   1)        0.005223      0.000004      0.000003   WU     0.005136      0.003995
 ( 3   2) <--> ( 4   2)        0.019422      0.000054      0.000042   WU     0.071008      0.055228
 ( 3   2) <--> ( 4   3)       -0.319375      0.014571      0.011333   WU    19.201664     14.934628
 ( 3   2) <--> ( 4   4)        0.096871      0.001341      0.001043   WU     1.766530      1.373968
 ( 3   3) <--> ( 4   1)        0.010499      0.000016      0.000012   WU     0.020750      0.016139
 ( 3   3) <--> ( 4   2)        0.010911      0.000017      0.000013   WU     0.022410      0.017430
 ( 3   3) <--> ( 4   3)        0.038488      0.000212      0.000165   WU     0.278863      0.216894
 ( 3   3) <--> ( 4   4)        0.008412      0.000010      0.000008   WU     0.013321      0.010361
 ( 3   4) <--> ( 4   1)        0.006474      0.000006      0.000005   WU     0.007891      0.006137
 ( 3   4) <--> ( 4   2)       -0.008028      0.000009      0.000007   WU     0.012132      0.009436
 ( 3   4) <--> ( 4   3)        0.000883      0.000000      0.000000   WU     0.000147      0.000114
 ( 3   4) <--> ( 4   4)        0.012499      0.000022      0.000017   WU     0.029411      0.022875
 ( 3   1) <--> ( 5   1)        0.527272      0.039717      0.025274   WU    52.336762     33.305212
 ( 3   1) <--> ( 5   2)       -0.059037      0.000498      0.000317   WU     0.656132      0.417539
 ( 3   1) <--> ( 5   3)        0.006494      0.000006      0.000004   WU     0.007939      0.005052
 ( 3   1) <--> ( 5   4)        0.022632      0.000073      0.000047   WU     0.096426      0.061362
 ( 3   2) <--> ( 5   1)        0.235860      0.007947      0.005057   WU    10.472425      6.664270
 ( 3   2) <--> ( 5   2)        0.153232      0.003354      0.002135   WU     4.420161      2.812830
 ( 3   2) <--> ( 5   3)       -0.478645      0.032729      0.020827   WU    43.128558     27.445446
 ( 3   2) <--> ( 5   4)       -0.001878      0.000001      0.000000   WU     0.000664      0.000422
 ( 3   3) <--> ( 5   1)       -0.061464      0.000540      0.000343   WU     0.711187      0.452574
 ( 3   3) <--> ( 5   2)       -0.157665      0.003551      0.002260   WU     4.679612      2.977935
 ( 3   3) <--> ( 5   3)        0.005208      0.000004      0.000002   WU     0.005106      0.003249
 ( 3   3) <--> ( 5   4)        0.002657      0.000001      0.000001   WU     0.001329      0.000846
 ( 3   4) <--> ( 5   1)        0.008801      0.000011      0.000007   WU     0.014581      0.009279
 ( 3   4) <--> ( 5   2)        0.027733      0.000110      0.000070   WU     0.144792      0.092140
 ( 3   4) <--> ( 5   3)       -0.239428      0.008189      0.005211   WU    10.791627      6.867399
 ( 3   4) <--> ( 5   4)       -0.096195      0.001322      0.000841   WU     1.741976      1.108530
 ( 4   1) <--> ( 4   1)       -0.381053     -0.287350   (eb)
 ( 4   2) <--> ( 4   1)       -0.343707      0.013126      0.013126   WU    17.296953     17.296953
 ( 4   2) <--> ( 4   2)       -0.134742     -0.101608   (eb)
 ( 4   3) <--> ( 4   1)       -0.011484      0.000015      0.000015   WU     0.019311      0.019311
 ( 4   3) <--> ( 4   2)       -0.200570      0.004470      0.004470   WU     5.890112      5.890112
 ( 4   3) <--> ( 4   3)       -0.101144     -0.076273   (eb)
 ( 4   4) <--> ( 4   1)        0.034548      0.000133      0.000133   WU     0.174762      0.174762
 ( 4   4) <--> ( 4   2)       -0.319986      0.011377      0.011377   WU    14.991852     14.991852
 ( 4   4) <--> ( 4   3)        0.154675      0.002658      0.002658   WU     3.502949      3.502949
 ( 4   4) <--> ( 4   4)        0.078473      0.059176   (eb)
 ( 4   1) <--> ( 5   1)        0.003023      0.000001      0.000001   WU     0.001338      0.001095
 ( 4   1) <--> ( 5   2)       -0.027321      0.000083      0.000068   WU     0.109290      0.089419
 ( 4   1) <--> ( 5   3)        0.034907      0.000135      0.000111   WU     0.178406      0.145968
 ( 4   1) <--> ( 5   4)       -0.012494      0.000017      0.000014   WU     0.022855      0.018699
 ( 4   2) <--> ( 5   1)       -0.343757      0.013130      0.010743   WU    17.302012     14.156191
 ( 4   2) <--> ( 5   2)        0.043926      0.000214      0.000175   WU     0.282516      0.231150
 ( 4   2) <--> ( 5   3)       -0.028259      0.000089      0.000073   WU     0.116923      0.095664
 ( 4   2) <--> ( 5   4)        0.043913      0.000214      0.000175   WU     0.282344      0.231008
 ( 4   3) <--> ( 5   1)       -0.382056      0.016219      0.013270   WU    21.372090     17.486255
 ( 4   3) <--> ( 5   2)       -0.371918      0.015369      0.012575   WU    20.252931     16.570580
 ( 4   3) <--> ( 5   3)        0.044790      0.000223      0.000182   WU     0.293735      0.240329
 ( 4   3) <--> ( 5   4)       -0.010890      0.000013      0.000011   WU     0.017364      0.014207
 ( 4   4) <--> ( 5   1)        0.066665      0.000494      0.000404   WU     0.650715      0.532403
 ( 4   4) <--> ( 5   2)       -0.403854      0.018122      0.014827   WU    23.880433     19.538536
 ( 4   4) <--> ( 5   3)       -0.055537      0.000343      0.000280   WU     0.451597      0.369488
 ( 4   4) <--> ( 5   4)       -0.010727      0.000013      0.000010   WU     0.016847      0.013784
 ( 4   1) <--> ( 6   1)        0.759861      0.064154      0.044415   WU    84.539786     58.527544
 ( 4   1) <--> ( 6   2)        0.114175      0.001448      0.001003   WU     1.908694      1.321403
 ( 4   1) <--> ( 6   3)       -0.020285      0.000046      0.000032   WU     0.060250      0.041712
 ( 4   1) <--> ( 6   4)       -0.000535      0.000000      0.000000   WU     0.000042      0.000029
 ( 4   2) <--> ( 6   1)        0.298890      0.009926      0.006872   WU    13.080203      9.055525
 ( 4   2) <--> ( 6   2)       -0.538351      0.032202      0.022294   WU    42.434941     29.378036
 ( 4   2) <--> ( 6   3)        0.152419      0.002581      0.001787   WU     3.401516      2.354896
 ( 4   2) <--> ( 6   4)        0.001845      0.000000      0.000000   WU     0.000499      0.000345
 ( 4   3) <--> ( 6   1)       -0.168439      0.003152      0.002182   WU     4.154118      2.875928
 ( 4   3) <--> ( 6   2)       -0.334060      0.012400      0.008584   WU    16.339625     11.312048
 ( 4   3) <--> ( 6   3)       -0.525546      0.030689      0.021246   WU    40.440342     27.997160
 ( 4   3) <--> ( 6   4)        0.085621      0.000815      0.000564   WU     1.073388      0.743115
 ( 4   4) <--> ( 6   1)        0.175190      0.003410      0.002361   WU     4.493759      3.111064
 ( 4   4) <--> ( 6   2)       -0.096163      0.001027      0.000711   WU     1.353981      0.937372
 ( 4   4) <--> ( 6   3)        0.140086      0.002180      0.001510   WU     2.873307      1.989212
 ( 4   4) <--> ( 6   4)       -0.547821      0.033345      0.023085   WU    43.940955     30.420661
 ( 5   1) <--> ( 5   1)       -0.327941     -0.238127   (eb)
 ( 5   2) <--> ( 5   1)       -0.238649      0.005178      0.005178   WU     6.822793      6.822793
 ( 5   2) <--> ( 5   2)        0.241929      0.175671   (eb)
 ( 5   3) <--> ( 5   1)        0.002844      0.000001      0.000001   WU     0.000969      0.000969
 ( 5   3) <--> ( 5   2)        0.172743      0.002713      0.002713   WU     3.574719      3.574719
 ( 5   3) <--> ( 5   3)       -0.188050     -0.136548   (eb)
 ( 5   4) <--> ( 5   1)        0.019581      0.000035      0.000035   WU     0.045932      0.045932
 ( 5   4) <--> ( 5   2)        0.011846      0.000013      0.000013   WU     0.016810      0.016810
 ( 5   4) <--> ( 5   3)       -0.301985      0.008290      0.008290   WU    10.924823     10.924823
 ( 5   4) <--> ( 5   4)        0.201294      0.146165   (eb)
 ( 5   1) <--> ( 6   1)        0.212534      0.004106      0.003475   WU     5.411271      4.578768
 ( 5   1) <--> ( 6   2)        0.400140      0.014556      0.012316   WU    19.180778     16.229889
 ( 5   1) <--> ( 6   3)        0.299562      0.008158      0.006903   WU    10.750213      9.096334
 ( 5   1) <--> ( 6   4)        0.057523      0.000301      0.000255   WU     0.396387      0.335404
 ( 5   2) <--> ( 6   1)       -0.005274      0.000003      0.000002   WU     0.003332      0.002819
 ( 5   2) <--> ( 6   2)       -0.127936      0.001488      0.001259   WU     1.960770      1.659113
 ( 5   2) <--> ( 6   3)        0.283252      0.007294      0.006172   WU     9.611424      8.132743
 ( 5   2) <--> ( 6   4)        0.326889      0.009714      0.008220   WU    12.800966     10.831587
 ( 5   3) <--> ( 6   1)       -0.013238      0.000016      0.000013   WU     0.020994      0.017764
 ( 5   3) <--> ( 6   2)       -0.051728      0.000243      0.000206   WU     0.320543      0.271228
 ( 5   3) <--> ( 6   3)       -0.242408      0.005342      0.004520   WU     7.039430      5.956441
 ( 5   3) <--> ( 6   4)        0.224093      0.004565      0.003863   WU     6.015894      5.090372
 ( 5   4) <--> ( 6   1)       -0.005575      0.000003      0.000002   WU     0.003723      0.003151
 ( 5   4) <--> ( 6   2)       -0.006875      0.000004      0.000004   WU     0.005662      0.004791
 ( 5   4) <--> ( 6   3)       -0.000762      0.000000      0.000000   WU     0.000070      0.000059
 ( 5   4) <--> ( 6   4)       -0.048482      0.000214      0.000181   WU     0.281580      0.238260
 ( 5   1) <--> ( 7   1)        0.794880      0.057439      0.042122   WU    75.691309     55.506960
 ( 5   1) <--> ( 7   2)        0.085001      0.000657      0.000482   WU     0.865549      0.634736
 ( 5   1) <--> ( 7   3)        0.011739      0.000013      0.000009   WU     0.016508      0.012106
 ( 5   1) <--> ( 7   4)        0.000428      0.000000      0.000000   WU     0.000022      0.000016
 ( 5   2) <--> ( 7   1)        0.124075      0.001400      0.001026   WU     1.844215      1.352425
 ( 5   2) <--> ( 7   2)       -0.530684      0.025602      0.018775   WU    33.737661     24.740951
 ( 5   2) <--> ( 7   3)        0.077976      0.000553      0.000405   WU     0.728384      0.534148
 ( 5   2) <--> ( 7   4)        0.104864      0.001000      0.000733   WU     1.317326      0.966039
 ( 5   3) <--> ( 7   1)       -0.244594      0.005439      0.003988   WU     7.166964      5.255773
 ( 5   3) <--> ( 7   2)        0.007031      0.000004      0.000003   WU     0.005922      0.004343
 ( 5   3) <--> ( 7   3)       -0.710043      0.045833      0.033611   WU    60.396573     44.290820
 ( 5   3) <--> ( 7   4)        0.120973      0.001330      0.000976   WU     1.753145      1.285640
 ( 5   4) <--> ( 7   1)       -0.028539      0.000074      0.000054   WU     0.097569      0.071551
 ( 5   4) <--> ( 7   2)        0.197748      0.003555      0.002607   WU     4.684562      3.435346
 ( 5   4) <--> ( 7   3)       -0.032904      0.000098      0.000072   WU     0.129697      0.095111
 ( 5   4) <--> ( 7   4)        0.200740      0.003663      0.002686   WU     4.827369      3.540071
 ( 6   1) <--> ( 6   1)       -0.653401     -0.455549   (eb)
 ( 6   2) <--> ( 6   1)        0.282566      0.006142      0.006142   WU     8.093393      8.093393
 ( 6   2) <--> ( 6   2)       -0.349931     -0.243971   (eb)
 ( 6   3) <--> ( 6   1)       -0.023619      0.000043      0.000043   WU     0.056547      0.056547
 ( 6   3) <--> ( 6   2)       -0.262774      0.005312      0.005312   WU     6.999356      6.999356
 ( 6   3) <--> ( 6   3)       -0.240076     -0.167380   (eb)
 ( 6   4) <--> ( 6   1)        0.028114      0.000061      0.000061   WU     0.080121      0.080121
 ( 6   4) <--> ( 6   2)       -0.285593      0.006274      0.006274   WU     8.267748      8.267748
 ( 6   4) <--> ( 6   3)        0.218998      0.003689      0.003689   WU     4.861504      4.861504
 ( 6   4) <--> ( 6   4)       -0.218815     -0.152557   (eb)
 ( 6   1) <--> ( 7   1)       -0.061152      0.000288      0.000249   WU     0.379070      0.328528
 ( 6   1) <--> ( 7   2)        0.009715      0.000007      0.000006   WU     0.009567      0.008291
 ( 6   1) <--> ( 7   3)       -0.022015      0.000037      0.000032   WU     0.049128      0.042577
 ( 6   1) <--> ( 7   4)       -0.000316      0.000000      0.000000   WU     0.000010      0.000009
 ( 6   2) <--> ( 7   1)        0.417098      0.013382      0.011598   WU    17.634721     15.283425
 ( 6   2) <--> ( 7   2)       -0.035002      0.000094      0.000082   WU     0.124190      0.107631
 ( 6   2) <--> ( 7   3)       -0.017925      0.000025      0.000021   WU     0.032568      0.028226
 ( 6   2) <--> ( 7   4)       -0.022578      0.000039      0.000034   WU     0.051672      0.044782
 ( 6   3) <--> ( 7   1)        0.268940      0.005564      0.004822   WU     7.331651      6.354098
 ( 6   3) <--> ( 7   2)       -0.352369      0.009551      0.008278   WU    12.586023     10.907887
 ( 6   3) <--> ( 7   3)        0.041945      0.000135      0.000117   WU     0.178340      0.154561
 ( 6   3) <--> ( 7   4)        0.005113      0.000002      0.000002   WU     0.002650      0.002297
 ( 6   4) <--> ( 7   1)       -0.048445      0.000181      0.000156   WU     0.237900      0.206180
 ( 6   4) <--> ( 7   2)       -0.433423      0.014450      0.012524   WU    19.042139     16.503187
 ( 6   4) <--> ( 7   3)       -0.019702      0.000030      0.000026   WU     0.039347      0.034101
 ( 6   4) <--> ( 7   4)       -0.023184      0.000041      0.000036   WU     0.054482      0.047218
 ( 6   1) <--> ( 8   1)       -1.009244      0.078352      0.059916   WU   103.248637     78.954840
 ( 6   1) <--> ( 8   2)       -0.078640      0.000476      0.000364   WU     0.626876      0.479376
 ( 6   1) <--> ( 8   3)        0.001297      0.000000      0.000000   WU     0.000171      0.000130
 ( 6   1) <--> ( 8   4)       -0.018044      0.000025      0.000019   WU     0.033002      0.025237
 ( 6   2) <--> ( 8   1)        0.135291      0.001408      0.001077   WU     1.855378      1.418819
 ( 6   2) <--> ( 8   2)       -0.827372      0.052657      0.040267   WU    69.389511     53.062567
 ( 6   2) <--> ( 8   3)       -0.161957      0.002018      0.001543   WU     2.658846      2.033235
 ( 6   2) <--> ( 8   4)       -0.044243      0.000151      0.000115   WU     0.198416      0.151730
 ( 6   3) <--> ( 8   1)       -0.214109      0.003526      0.002697   WU     4.646866      3.553486
 ( 6   3) <--> ( 8   2)       -0.335685      0.008668      0.006628   WU    11.422361      8.734747
 ( 6   3) <--> ( 8   3)        0.747008      0.042925      0.032825   WU    56.564302     43.255055
 ( 6   3) <--> ( 8   4)       -0.040596      0.000127      0.000097   WU     0.167056      0.127749
 ( 6   4) <--> ( 8   1)        0.171019      0.002250      0.001720   WU     2.964695      2.267119
 ( 6   4) <--> ( 8   2)       -0.067558      0.000351      0.000268   WU     0.462637      0.353782
 ( 6   4) <--> ( 8   3)       -0.218098      0.003659      0.002798   WU     4.821636      3.687133
 ( 6   4) <--> ( 8   4)        0.746530      0.042870      0.032783   WU    56.491975     43.199745
 ( 7   1) <--> ( 7   1)       -0.570767     -0.382221   (eb)
 ( 7   2) <--> ( 7   1)        0.251299      0.004210      0.004210   WU     5.547857      5.547857
 ( 7   2) <--> ( 7   2)       -0.097207     -0.065096   (eb)
 ( 7   3) <--> ( 7   1)       -0.029186      0.000057      0.000057   WU     0.074833      0.074833
 ( 7   3) <--> ( 7   2)        0.057648      0.000222      0.000222   WU     0.291949      0.291949
 ( 7   3) <--> ( 7   3)       -0.380918     -0.255086   (eb)
 ( 7   4) <--> ( 7   1)        0.006977      0.000003      0.000003   WU     0.004276      0.004276
 ( 7   4) <--> ( 7   2)       -0.279085      0.005193      0.005193   WU     6.842539      6.842539
 ( 7   4) <--> ( 7   3)        0.154215      0.001585      0.001585   WU     2.089274      2.089274
 ( 7   4) <--> ( 7   4)        0.391098      0.261903   (eb)
 ( 7   1) <--> ( 8   1)       -0.216219      0.003117      0.002750   WU     4.107069      3.623884
 ( 7   1) <--> ( 8   2)       -0.438286      0.012806      0.011300   WU    16.875623     14.890255
 ( 7   1) <--> ( 8   3)        0.189909      0.002404      0.002122   WU     3.168379      2.795629
 ( 7   1) <--> ( 8   4)        0.060238      0.000242      0.000213   WU     0.318772      0.281270
 ( 7   2) <--> ( 8   1)       -0.005050      0.000002      0.000002   WU     0.002241      0.001977
 ( 7   2) <--> ( 8   2)       -0.142647      0.001357      0.001197   WU     1.787607      1.577300
 ( 7   2) <--> ( 8   3)       -0.324358      0.007014      0.006189   WU     9.242608      8.155243
 ( 7   2) <--> ( 8   4)       -0.444179      0.013153      0.011606   WU    17.332434     15.293325
 ( 7   3) <--> ( 8   1)       -0.012512      0.000010      0.000009   WU     0.013752      0.012134
 ( 7   3) <--> ( 8   2)       -0.073644      0.000362      0.000319   WU     0.476455      0.420402
 ( 7   3) <--> ( 8   3)        0.242624      0.003924      0.003463   WU     5.171422      4.563019
 ( 7   3) <--> ( 8   4)       -0.229401      0.003508      0.003096   WU     4.623128      4.079231
 ( 7   4) <--> ( 8   1)        0.006658      0.000003      0.000003   WU     0.003894      0.003436
 ( 7   4) <--> ( 8   2)        0.014445      0.000014      0.000012   WU     0.018331      0.016174
 ( 7   4) <--> ( 8   3)        0.038120      0.000097      0.000085   WU     0.127656      0.112637
 ( 7   4) <--> ( 8   4)        0.072369      0.000349      0.000308   WU     0.460098      0.405969
 ( 7   1) <--> ( 9   1)        1.013981      0.068544      0.054114   WU    90.324154     71.308543
 ( 7   1) <--> ( 9   2)       -0.085001      0.000482      0.000380   WU     0.634729      0.501102
 ( 7   1) <--> ( 9   3)        0.020412      0.000028      0.000022   WU     0.036604      0.028898
 ( 7   1) <--> ( 9   4)        0.006300      0.000003      0.000002   WU     0.003487      0.002753
 ( 7   2) <--> ( 9   1)       -0.097855      0.000638      0.000504   WU     0.841223      0.664123
 ( 7   2) <--> ( 9   2)       -0.793503      0.041976      0.033139   WU    55.314745     43.669536
 ( 7   2) <--> ( 9   3)       -0.096622      0.000622      0.000491   WU     0.820158      0.647493
 ( 7   2) <--> ( 9   4)        0.121692      0.000987      0.000779   WU     1.300979      1.027088
 ( 7   3) <--> ( 9   1)        0.250475      0.004183      0.003302   WU     5.511537      4.351213
 ( 7   3) <--> ( 9   2)       -0.111471      0.000828      0.000654   WU     1.091605      0.861794
 ( 7   3) <--> ( 9   3)        0.896335      0.053561      0.042285   WU    70.580574     55.721506
 ( 7   3) <--> ( 9   4)        0.058354      0.000227      0.000179   WU     0.299148      0.236170
 ( 7   4) <--> ( 9   1)       -0.023944      0.000038      0.000030   WU     0.050366      0.039763
 ( 7   4) <--> ( 9   2)       -0.129398      0.001116      0.000881   WU     1.470947      1.161274
 ( 7   4) <--> ( 9   3)       -0.068896      0.000316      0.000250   WU     0.416991      0.329204
 ( 7   4) <--> ( 9   4)       -0.558760      0.020814      0.016432   WU    27.428072     21.653741
 ( 8   1) <--> ( 8   1)       -0.818460     -0.527249   (eb)
 ( 8   2) <--> ( 8   1)        0.263318      0.004079      0.004079   WU     5.374627      5.374627
 ( 8   2) <--> ( 8   2)       -0.611962     -0.394223   (eb)
 ( 8   3) <--> ( 8   1)        0.059404      0.000208      0.000208   WU     0.273539      0.273539
 ( 8   3) <--> ( 8   2)        0.235825      0.003271      0.003271   WU     4.310888      4.310888
 ( 8   3) <--> ( 8   3)       -0.408037     -0.262856   (eb)
 ( 8   4) <--> ( 8   1)       -0.031676      0.000059      0.000059   WU     0.077777      0.077777
 ( 8   4) <--> ( 8   2)        0.268392      0.004237      0.004237   WU     5.583754      5.583754
 ( 8   4) <--> ( 8   3)        0.142715      0.001198      0.001198   WU     1.578804      1.578804
 ( 8   4) <--> ( 8   4)       -0.451536     -0.290878   (eb)
 ( 8   1) <--> ( 9   1)        0.087202      0.000447      0.000400   WU     0.589446      0.527399
 ( 8   1) <--> ( 9   2)        0.002993      0.000001      0.000000   WU     0.000694      0.000621
 ( 8   1) <--> ( 9   3)        0.015578      0.000014      0.000013   WU     0.018811      0.016831
 ( 8   1) <--> ( 9   4)        0.001401      0.000000      0.000000   WU     0.000152      0.000136
 ( 8   2) <--> ( 9   1)       -0.436782      0.011222      0.010041   WU    14.788237     13.231581
 ( 8   2) <--> ( 9   2)       -0.094293      0.000523      0.000468   WU     0.689200      0.616653
 ( 8   2) <--> ( 9   3)        0.002989      0.000001      0.000000   WU     0.000693      0.000620
 ( 8   2) <--> ( 9   4)       -0.013752      0.000011      0.000010   WU     0.014658      0.013115
 ( 8   3) <--> ( 9   1)        0.162780      0.001559      0.001395   WU     2.053947      1.837742
 ( 8   3) <--> ( 9   2)        0.320987      0.006061      0.005423   WU     7.986582      7.145889
 ( 8   3) <--> ( 9   3)        0.029055      0.000050      0.000044   WU     0.065436      0.058548
 ( 8   3) <--> ( 9   4)        0.015649      0.000014      0.000013   WU     0.018982      0.016984
 ( 8   4) <--> ( 9   1)        0.001921      0.000000      0.000000   WU     0.000286      0.000256
 ( 8   4) <--> ( 9   2)        0.489457      0.014092      0.012609   WU    18.570166     16.615412
 ( 8   4) <--> ( 9   3)       -0.008456      0.000004      0.000004   WU     0.005542      0.004959
 ( 8   4) <--> ( 9   4)        0.083460      0.000410      0.000367   WU     0.539940      0.483104
 ( 8   1) <--> (10   1)       -1.193766      0.083828      0.067861   WU   110.465041     89.424081
 ( 8   1) <--> (10   2)       -0.076390      0.000343      0.000278   WU     0.452330      0.366172
 ( 8   1) <--> (10   3)        0.012112      0.000009      0.000007   WU     0.011371      0.009205
 ( 8   1) <--> (10   4)       -0.030093      0.000053      0.000043   WU     0.070199      0.056828
 ( 8   2) <--> (10   1)        0.054490      0.000175      0.000141   WU     0.230152      0.186313
 ( 8   2) <--> (10   2)       -1.071636      0.067553      0.054686   WU    89.018590     72.062668
 ( 8   2) <--> (10   3)       -0.116915      0.000804      0.000651   WU     1.059565      0.857743
 ( 8   2) <--> (10   4)       -0.059474      0.000208      0.000168   WU     0.274180      0.221955
 ( 8   3) <--> (10   1)        0.236032      0.003277      0.002653   WU     4.318462      3.495897
 ( 8   3) <--> (10   2)        0.244000      0.003502      0.002835   WU     4.614956      3.735917
 ( 8   3) <--> (10   3)       -0.964308      0.054699      0.044280   WU    72.080484     58.350868
 ( 8   3) <--> (10   4)        0.099594      0.000583      0.000472   WU     0.768865      0.622415
 ( 8   4) <--> (10   1)       -0.118436      0.000825      0.000668   WU     1.087307      0.880201
 ( 8   4) <--> (10   2)        0.012983      0.000010      0.000008   WU     0.013067      0.010578
 ( 8   4) <--> (10   3)        0.047218      0.000131      0.000106   WU     0.172827      0.139907
 ( 8   4) <--> (10   4)       -0.998037      0.058593      0.047432   WU    77.211164     62.504276
 ( 9   1) <--> ( 9   1)       -0.755365     -0.468993   (eb)
 ( 9   2) <--> ( 9   1)       -0.254739      0.003415      0.003415   WU     4.500632      4.500632
 ( 9   2) <--> ( 9   2)       -0.373054     -0.231622   (eb)
 ( 9   3) <--> ( 9   1)       -0.053127      0.000149      0.000149   WU     0.195755      0.195755
 ( 9   3) <--> ( 9   2)        0.003922      0.000001      0.000001   WU     0.001067      0.001067
 ( 9   3) <--> ( 9   3)       -0.535823     -0.332683   (eb)
 ( 9   4) <--> ( 9   1)       -0.001607      0.000000      0.000000   WU     0.000179      0.000179
 ( 9   4) <--> ( 9   2)       -0.303551      0.004850      0.004850   WU     6.390646      6.390646
 ( 9   4) <--> ( 9   3)       -0.128397      0.000868      0.000868   WU     1.143377      1.143377
 ( 9   4) <--> ( 9   4)       -0.009241     -0.005737   (eb)
 ( 9   1) <--> (10   1)        0.221973      0.002593      0.002346   WU     3.417289      3.091833
 ( 9   1) <--> (10   2)        0.432566      0.009848      0.008910   WU    12.977381     11.741440
 ( 9   1) <--> (10   3)       -0.141878      0.001059      0.000959   WU     1.396080      1.263120
 ( 9   1) <--> (10   4)       -0.030756      0.000050      0.000045   WU     0.065606      0.059357
 ( 9   2) <--> (10   1)       -0.004716      0.000001      0.000001   WU     0.001543      0.001396
 ( 9   2) <--> (10   2)       -0.158106      0.001316      0.001190   WU     1.733728      1.568611
 ( 9   2) <--> (10   3)       -0.369230      0.007175      0.006492   WU     9.455333      8.554825
 ( 9   2) <--> (10   4)       -0.405619      0.008659      0.007835   WU    11.410840     10.324093
 ( 9   3) <--> (10   1)        0.010475      0.000006      0.000005   WU     0.007610      0.006885
 ( 9   3) <--> (10   2)        0.067547      0.000240      0.000217   WU     0.316442      0.286305
 ( 9   3) <--> (10   3)       -0.236072      0.002933      0.002654   WU     3.865184      3.497071
 ( 9   3) <--> (10   4)        0.210990      0.002343      0.002120   WU     3.087477      2.793432
 ( 9   4) <--> (10   1)        0.007629      0.000003      0.000003   WU     0.004036      0.003652
 ( 9   4) <--> (10   2)        0.006160      0.000002      0.000002   WU     0.002632      0.002381
 ( 9   4) <--> (10   3)        0.061899      0.000202      0.000182   WU     0.265731      0.240423
 ( 9   4) <--> (10   4)        0.103023      0.000559      0.000505   WU     0.736120      0.666014
 (10   1) <--> (10   1)       -0.953285     -0.571583   (eb)
 (10   2) <--> (10   1)        0.257290      0.003152      0.003152   WU     4.153945      4.153945
 (10   2) <--> (10   2)       -0.803107     -0.481538   (eb)
 (10   3) <--> (10   1)        0.074529      0.000265      0.000265   WU     0.348555      0.348555
 (10   3) <--> (10   2)        0.236934      0.002673      0.002673   WU     3.522672      3.522672
 (10   3) <--> (10   3)       -0.548211     -0.328704   (eb)
 (10   4) <--> (10   1)       -0.033344      0.000053      0.000053   WU     0.069767      0.069767
 (10   4) <--> (10   2)        0.251483      0.003012      0.003012   WU     3.968578      3.968578
 (10   4) <--> (10   3)        0.064537      0.000198      0.000198   WU     0.261356      0.261356
 (10   4) <--> (10   4)       -0.705043     -0.422739   (eb)
 
  quadrupole shape invariant: 01+, 02+, 03+, 04+
quadr2     0.04057994     0.11443195     0.13313620     0.11751168
quadr3     0.00572339     0.03225464     0.04448990     0.02367397
  effective deformation parameters:  01+, 02+, 03+, 04+
beteff     0.25921657     0.43529202     0.46952113     0.44111069
cos3ga     0.70014233     0.83324226     0.91583484     0.58769166
 
 ********* END Transition **************************
