 ********* BEGIN READER ****************************
 
 Nucleus            :  _U  92 194
 Imin, Imax         :     0  10
 imu, remu          :     1 12.0000
 nlevel             :     4
 observables        :     2
 wave fun           :     1
 nbet, ngam, npar   :    10   7  10
 Finish reading parameters: V, B_k ...
 
 ********* END READER ******************************
 
 ********* BEGIN LEVELS ********************
 
 E_0 = -1971.327277
 
  I=   0   ntot= 127
   0   1    0.000000
   0   2    1.613193
   0   3    3.203968
   0   4    3.565434
 
  I=   2   ntot= 234
   2   1    0.777610
   2   2    2.183108
   2   3    2.590105
   2   4    3.543394
 
  I=   3   ntot= 108
   3   1    2.886009
   3   2    3.955839
   3   3    4.405846
   3   4    4.633949
 
  I=   4   ntot= 324
   4   1    1.498477
   4   2    3.034128
   4   3    3.296120
   4   4    3.748280
 
  I=   5   ntot= 198
   5   1    3.593720
   5   2    4.316685
   5   3    4.498175
   5   4    4.612040
 
  I=   6   ntot= 432
   6   1    2.259190
   6   2    3.814352
   6   3    3.873105
   6   4    3.918616
 
  I=   7   ntot= 306
   7   1    4.310295
   7   2    4.666058
   7   3    4.841044
   7   4    5.009800
 
  I=   8   ntot= 522
   8   1    3.071434
   8   2    4.058403
   8   3    4.406846
   8   4    4.588339
 
  I=   9   ntot= 397
   9   1    4.898118
   9   2    5.022028
   9   3    5.319799
   9   4    5.457066
 
  I=  10   ntot= 630
  10   1    3.931863
  10   2    4.281286
  10   3    4.853281
  10   4    5.098385
 
 ********* END LEVELS **********************
 
 ********* BEGIN Transition ************************
 
  Monopole moment 
 
   I   n    <In|E0|In>   ave \beta      del<b>   ave \gamma    del<g>  
     K=0       K=2       K=4   
   0   1     37.375193    0.112030    0.035318   23.453252   11.468813  100.0000    0.0000    0.0000
   0   2     37.507304    0.151366    0.050983   18.088482   10.091825  100.0000    0.0000    0.0000
   0   3     37.928037    0.222697    0.073155   21.569496   10.193899  100.0000    0.0000    0.0000
   0   4     37.718242    0.185573    0.067414   27.868935   14.742501  100.0000    0.0000    0.0000
   2   1     37.433185    0.136476    0.034841   19.981407   10.661855   96.5814    3.4186    0.0000
   2   2     37.508167    0.149840    0.044899   23.151842   11.606883   31.9809   68.0191    0.0000
   2   3     37.612894    0.172419    0.053531   20.799810   10.448713   66.8538   33.1462    0.0000
   2   4     38.043724    0.240449    0.097489   21.093741   14.079220   43.6251   56.3748    0.0000
   3   1     37.602483    0.171001    0.039967   23.894508    8.737068    0.0000  100.0000    0.0000
   3   2     38.523323    0.299115    0.077188   23.279178   10.081161    0.0000  100.0000    0.0000
   3   3     40.071648    0.474241    0.117276   11.584448   10.593882    0.0000   99.9997    0.0000
   3   4     39.341707    0.405163    0.163900   14.225150   14.456303    0.0000   99.9998    0.0000
   4   1     37.485583    0.152327    0.034482   18.265698   10.090201   95.7350    3.9464    0.3186
   4   2     37.598642    0.170601    0.047118   21.611986   11.249872   30.7623   62.6040    6.6337
   4   3     37.780281    0.201959    0.062259   20.856920    9.841250   69.5753   29.4384    0.9863
   4   4     41.213577    0.572841    0.062105    6.359064    8.642408   99.8511    0.1347    0.0135
   5   1     37.706482    0.190265    0.047252   22.676092    8.455436    0.0000   95.9774    4.0226
   5   2     38.913171    0.347250    0.094198   20.030945   12.093828    0.0000   89.7908   10.2091
   5   3     38.737435    0.327596    0.114970   20.548566   14.032977    0.0000   18.0056   81.9943
   5   4     40.318818    0.498315    0.120837   10.409079   10.571820    0.0000   92.6646    7.3351
   6   1     37.537441    0.164866    0.034966   17.330889    9.720582   93.6086    6.0216    0.3109
   6   2     37.718163    0.192244    0.054071   22.211604   12.106497   20.1808   70.8971    7.7385
   6   3     40.645613    0.528579    0.114856    7.246686   11.566149   96.0129    3.7113    0.2454
   6   4     38.734584    0.342778    0.180057   12.371175   16.393706   84.9102   13.9701    0.9939
   7   1     37.930185    0.225700    0.070708   21.896277    9.825201    0.0000   90.5684    8.9254
   7   2     39.883191    0.455089    0.116076   12.857668   11.808191    0.0000   95.2599    4.4800
   7   3     39.694836    0.437423    0.142433   13.867464   14.150514    0.0000   69.4733   26.7247
   7   4     39.169958    0.377278    0.121319   17.994560   14.428478    0.0000   39.5450   47.3586
   8   1     37.593646    0.176391    0.036520   16.854071    9.402122   90.4592    8.9846    0.4886
   8   2     41.314939    0.580937    0.054864    6.087418    7.841196   99.7712    0.2159    0.0056
   8   3     38.554572    0.306151    0.095798   20.942037   13.685369   53.1645   40.3382    5.6779
   8   4     38.040670    0.246377    0.108514   17.463240   14.912942   46.1778   43.9100    8.4587
   9   1     39.809585    0.448455    0.122783   12.740842   12.200284    0.0000   91.1708    7.9960
   9   2     39.551747    0.429198    0.160081   11.758660   12.982428    0.0000   86.4811   11.7746
   9   3     38.840134    0.348140    0.147182   17.323610   14.054565    0.0000   71.5469   24.6999
   9   4     39.433427    0.404002    0.109813   17.271277   13.588372    0.0000   41.5532   40.5232
  10   1     37.662177    0.188721    0.040576   16.801777    9.144551   86.3318   12.7168    0.8519
  10   2     41.360707    0.584602    0.052113    5.970119    7.467027   99.6809    0.3072    0.0036
  10   3     39.070839    0.366278    0.104147   18.148160   13.727897   52.8264   40.2874    5.8953
  10   4     40.789677    0.537761    0.090071    9.543303    8.975344    7.3592   91.0719    1.2605
 
  rho^2(E0) 
 
   I  n_1 n_2  <In_1|E0|In_2>  rho^2(E0) 
   0   1   1       37.375193 3025.956856
   0   2   1       -0.077293    0.012941
   0   2   2       37.507304 3047.386615
   0   3   1        0.022702    0.001116
   0   3   2       -0.171618    0.063800
   0   3   3       37.928037 3116.137297
   0   4   1       -0.018005    0.000702
   0   4   2       -0.031846    0.002197
   0   4   3       -0.116249    0.029273
   0   4   4       37.718242 3081.759501
   2   1   1       37.433185 3035.354387
   2   2   1        0.054447    0.006422
   2   2   2       37.508167 3047.526868
   2   3   1       -0.100592    0.021919
   2   3   2       -0.019233    0.000801
   2   3   3       37.612894 3064.568589
   2   4   1       -0.023115    0.001157
   2   4   2       -0.159697    0.055245
   2   4   3        0.047843    0.004958
   2   4   4       38.043724 3135.175795
   3   1   1       37.602483 3062.872281
   3   2   1       -0.184285    0.073566
   3   2   2       38.523323 3214.721278
   3   3   1       -0.069063    0.010332
   3   3   2       -0.517596    0.580333
   3   3   3       40.071648 3478.325882
   3   4   1       -0.081642    0.014439
   3   4   2       -0.303082    0.198983
   3   4   3       -1.104014    2.640251
   3   4   4       39.341707 3352.758363
   4   1   1       37.485583 3043.857964
   4   2   1        0.059982    0.007794
   4   2   2       37.598642 3062.246648
   4   3   1       -0.127869    0.035418
   4   3   2       -0.016909    0.000619
   4   3   3       37.780281 3091.905580
   4   4   1       -0.003755    0.000031
   4   4   2        0.022481    0.001095
   4   4   3       -0.085733    0.015922
   4   4   4       41.213577 3679.395556
   5   1   1       37.706482 3079.837981
   5   2   1       -0.239671    0.124430
   5   2   2       38.913171 3280.115262
   5   3   1        0.005679    0.000070
   5   3   2       -0.273800    0.162391
   5   3   3       38.737435 3250.555452
   5   4   1       -0.085515    0.015841
   5   4   2       -0.625075    0.846369
   5   4   3        0.691566    1.036007
   5   4   4       40.318818 3521.368182
   6   1   1       37.537441 3052.285684
   6   2   1       -0.028632    0.001776
   6   2   2       37.718163 3081.746588
   6   3   1       -0.066114    0.009469
   6   3   2        0.065162    0.009198
   6   3   3       40.645613 3578.682835
   6   4   1       -0.139165    0.041952
   6   4   2       -0.091100    0.017978
   6   4   3       -1.285385    3.579006
   6   4   4       38.734584 3250.076911
   7   1   1       37.930185 3116.490184
   7   2   1       -0.403815    0.353233
   7   2   2       39.883191 3445.685547
   7   3   1       -0.197367    0.084381
   7   3   2       -1.022067    2.262842
   7   3   3       39.694836 3413.216766
   7   4   1       -0.070714    0.010832
   7   4   2       -0.447985    0.434732
   7   4   3        0.483126    0.505611
   7   4   4       39.169958 3323.548883
   8   1   1       37.593646 3061.432840
   8   2   1        0.011720    0.000298
   8   2   2       41.314939 3697.516249
   8   3   1       -0.132072    0.037785
   8   3   2        0.264442    0.151481
   8   3   3       38.554572 3219.938922
   8   4   1        0.077465    0.012999
   8   4   2       -0.179732    0.069976
   8   4   3       -0.226001    0.110641
   8   4   4       38.040670 3134.672397
   9   1   1       39.809585 3432.978992
   9   2   1       -1.215843    3.202218
   9   2   2       39.551747 3388.653730
   9   3   1        0.001378    0.000004
   9   3   2       -0.877579    1.668279
   9   3   3       38.840134 3267.813717
   9   4   1        0.224427    0.109106
   9   4   2       -0.444166    0.427353
   9   4   3        0.185576    0.074600
   9   4   4       39.433427 3368.409638
  10   1   1       37.662177 3072.604774
  10   2   1       -0.031257    0.002116
  10   2   2       41.360707 3705.712807
  10   3   1       -0.155542    0.052407
  10   3   2       -0.271497    0.159671
  10   3   3       39.070839 3306.749785
  10   4   1       -0.056218    0.006846
  10   4   2        0.000534    0.000001
  10   4   3       -0.577068    0.721356
  10   4   4       40.789677 3604.096329
 
  E2 transition 
 
  I1  n1        I2  n2       <f||E2||i>   B(E2,I1->I2)  B(E2,I2->I1)
 ( 0   1) <--> ( 2   1)        1.338184      1.790738      0.358148   WU   159.989225     31.997845
 ( 0   1) <--> ( 2   2)       -0.206925      0.042818      0.008564   WU     3.825459      0.765092
 ( 0   1) <--> ( 2   3)       -0.115437      0.013326      0.002665   WU     1.190543      0.238109
 ( 0   1) <--> ( 2   4)       -0.039109      0.001529      0.000306   WU     0.136649      0.027330
 ( 0   2) <--> ( 2   1)       -1.034147      1.069459      0.213892   WU    95.548296     19.109659
 ( 0   2) <--> ( 2   2)       -0.804370      0.647012      0.129402   WU    57.805746     11.561149
 ( 0   2) <--> ( 2   3)        1.439254      2.071451      0.414290   WU   185.068863     37.013773
 ( 0   2) <--> ( 2   4)       -0.084814      0.007193      0.001439   WU     0.642684      0.128537
 ( 0   3) <--> ( 2   1)        0.009130      0.000083      0.000017   WU     0.007448      0.001490
 ( 0   3) <--> ( 2   2)        0.407760      0.166268      0.033254   WU    14.854819      2.970964
 ( 0   3) <--> ( 2   3)       -1.403750      1.970515      0.394103   WU   176.050989     35.210198
 ( 0   3) <--> ( 2   4)       -1.275919      1.627970      0.325594   WU   145.447145     29.089429
 ( 0   4) <--> ( 2   1)        0.085595      0.007327      0.001465   WU     0.654571      0.130914
 ( 0   4) <--> ( 2   2)        0.752473      0.566216      0.113243   WU    50.587191     10.117438
 ( 0   4) <--> ( 2   3)       -0.062335      0.003886      0.000777   WU     0.347151      0.069430
 ( 0   4) <--> ( 2   4)        0.063523      0.004035      0.000807   WU     0.360507      0.072101
 ( 2   1) <--> ( 2   1)       -1.607371     -1.218280   (eb)
 ( 2   2) <--> ( 2   1)       -1.268017      0.321573      0.321573   WU    28.730199     28.730199
 ( 2   2) <--> ( 2   2)        0.371700      0.281724   (eb)
 ( 2   3) <--> ( 2   1)       -0.061505      0.000757      0.000757   WU     0.067594      0.067594
 ( 2   3) <--> ( 2   2)        1.796958      0.645811      0.645811   WU    57.698495     57.698495
 ( 2   3) <--> ( 2   3)       -0.442776     -0.335595   (eb)
 ( 2   4) <--> ( 2   1)       -0.075519      0.001141      0.001141   WU     0.101907      0.101907
 ( 2   4) <--> ( 2   2)        0.267450      0.014306      0.014306   WU     1.278129      1.278129
 ( 2   4) <--> ( 2   3)       -1.704215      0.580870      0.580870   WU    51.896426     51.896426
 ( 2   4) <--> ( 2   4)       -0.736792     -0.558439   (eb)
 ( 2   1) <--> ( 3   1)       -0.418953      0.035104      0.025074   WU     3.136309      2.240220
 ( 2   1) <--> ( 3   2)       -0.082937      0.001376      0.000983   WU     0.122909      0.087792
 ( 2   1) <--> ( 3   3)       -0.044283      0.000392      0.000280   WU     0.035039      0.025028
 ( 2   1) <--> ( 3   4)       -0.058900      0.000694      0.000496   WU     0.061990      0.044278
 ( 2   2) <--> ( 3   1)       -2.298525      1.056643      0.754745   WU    94.403289     67.430921
 ( 2   2) <--> ( 3   2)        0.035680      0.000255      0.000182   WU     0.022748      0.016249
 ( 2   2) <--> ( 3   3)        0.046144      0.000426      0.000304   WU     0.038047      0.027177
 ( 2   2) <--> ( 3   4)        0.079639      0.001268      0.000906   WU     0.113330      0.080950
 ( 2   3) <--> ( 3   1)       -1.394191      0.388754      0.277681   WU    34.732295     24.808782
 ( 2   3) <--> ( 3   2)       -0.039869      0.000318      0.000227   WU     0.028403      0.020288
 ( 2   3) <--> ( 3   3)       -0.039512      0.000312      0.000223   WU     0.027897      0.019926
 ( 2   3) <--> ( 3   4)       -0.055045      0.000606      0.000433   WU     0.054141      0.038672
 ( 2   4) <--> ( 3   1)        1.669696      0.557577      0.398269   WU    49.815394     35.582424
 ( 2   4) <--> ( 3   2)       -3.447588      2.377173      1.697980   WU   212.382861    151.702044
 ( 2   4) <--> ( 3   3)       -0.452817      0.041009      0.029292   WU     3.663817      2.617012
 ( 2   4) <--> ( 3   4)       -0.546413      0.059713      0.042652   WU     5.334952      3.810680
 ( 2   1) <--> ( 4   1)        2.719385      1.479011      0.821673   WU   132.138701     73.410389
 ( 2   1) <--> ( 4   2)       -0.085199      0.001452      0.000807   WU     0.129704      0.072058
 ( 2   1) <--> ( 4   3)       -0.193555      0.007493      0.004163   WU     0.669419      0.371899
 ( 2   1) <--> ( 4   4)       -0.008843      0.000016      0.000009   WU     0.001397      0.000776
 ( 2   2) <--> ( 4   1)        0.768732      0.118190      0.065661   WU    10.559377      5.866321
 ( 2   2) <--> ( 4   2)        2.196407      0.964841      0.536023   WU    86.201451     47.889695
 ( 2   2) <--> ( 4   3)       -0.546259      0.059680      0.033155   WU     5.331940      2.962189
 ( 2   2) <--> ( 4   4)       -0.030307      0.000184      0.000102   WU     0.016413      0.009118
 ( 2   3) <--> ( 4   1)       -1.255274      0.315143      0.175079   WU    28.155684     15.642047
 ( 2   3) <--> ( 4   2)       -0.264505      0.013993      0.007774   WU     1.250136      0.694520
 ( 2   3) <--> ( 4   3)        3.094365      1.915019      1.063899   WU   171.092807     95.051560
 ( 2   3) <--> ( 4   4)        0.041036      0.000337      0.000187   WU     0.030089      0.016716
 ( 2   4) <--> ( 4   1)        0.009993      0.000020      0.000011   WU     0.001784      0.000991
 ( 2   4) <--> ( 4   2)       -1.158325      0.268343      0.149080   WU    23.974507     13.319170
 ( 2   4) <--> ( 4   3)        1.018081      0.207298      0.115166   WU    18.520543     10.289191
 ( 2   4) <--> ( 4   4)       -1.814346      0.658370      0.365761   WU    58.820534     32.678074
 ( 3   1) <--> ( 3   1)        0.000000      0.000000   (eb)
 ( 3   2) <--> ( 3   1)        0.000000      0.000000      0.000000   WU     0.000000      0.000000
 ( 3   2) <--> ( 3   2)        0.000000      0.000000   (eb)
 ( 3   3) <--> ( 3   1)        0.000000      0.000000      0.000000   WU     0.000000      0.000000
 ( 3   3) <--> ( 3   2)        0.000000      0.000000      0.000000   WU     0.000000      0.000000
 ( 3   3) <--> ( 3   3)        0.000000      0.000000   (eb)
 ( 3   4) <--> ( 3   1)        0.000000      0.000000      0.000000   WU     0.000000      0.000000
 ( 3   4) <--> ( 3   2)        0.000000      0.000000      0.000000   WU     0.000000      0.000000
 ( 3   4) <--> ( 3   3)        0.000000      0.000000      0.000000   WU     0.000000      0.000000
 ( 3   4) <--> ( 3   4)        0.000000      0.000000   (eb)
 ( 3   1) <--> ( 4   1)        0.914247      0.119407      0.092872   WU    10.668112      8.297421
 ( 3   1) <--> ( 4   2)       -2.043988      0.596841      0.464209   WU    53.323320     41.473693
 ( 3   1) <--> ( 4   3)       -1.775450      0.450318      0.350247   WU    40.232565     31.291995
 ( 3   1) <--> ( 4   4)       -0.073770      0.000777      0.000605   WU     0.069458      0.054023
 ( 3   2) <--> ( 4   1)        0.103546      0.001532      0.001191   WU     0.136844      0.106435
 ( 3   2) <--> ( 4   2)        0.151497      0.003279      0.002550   WU     0.292935      0.227838
 ( 3   2) <--> ( 4   3)        1.486476      0.315659      0.245512   WU    28.201772     21.934711
 ( 3   2) <--> ( 4   4)       -0.228169      0.007437      0.005785   WU     0.664465      0.516806
 ( 3   3) <--> ( 4   1)        0.047281      0.000319      0.000248   WU     0.028532      0.022192
 ( 3   3) <--> ( 4   2)        0.054094      0.000418      0.000325   WU     0.037347      0.029048
 ( 3   3) <--> ( 4   3)        0.478571      0.032719      0.025448   WU     2.923166      2.273574
 ( 3   3) <--> ( 4   4)        0.613115      0.053701      0.041768   WU     4.797825      3.731642
 ( 3   4) <--> ( 4   1)        0.058879      0.000495      0.000385   WU     0.044248      0.034415
 ( 3   4) <--> ( 4   2)        0.087009      0.001082      0.000841   WU     0.096626      0.075153
 ( 3   4) <--> ( 4   3)        0.580770      0.048185      0.037477   WU     4.304952      3.348296
 ( 3   4) <--> ( 4   4)       -0.135761      0.002633      0.002048   WU     0.235238      0.182963
 ( 3   1) <--> ( 5   1)        3.115142      1.386301      0.882192   WU   123.855820     78.817340
 ( 3   1) <--> ( 5   2)       -0.003530      0.000002      0.000001   WU     0.000159      0.000101
 ( 3   1) <--> ( 5   3)       -0.235423      0.007918      0.005039   WU     0.707391      0.450158
 ( 3   1) <--> ( 5   4)        0.085951      0.001055      0.000672   WU     0.094289      0.060002
 ( 3   2) <--> ( 5   1)       -1.388314      0.275345      0.175220   WU    24.600074     15.654593
 ( 3   2) <--> ( 5   2)        5.443126      4.232517      2.693420   WU   378.144213    240.637227
 ( 3   2) <--> ( 5   3)       -0.136687      0.002669      0.001698   WU     0.238458      0.151746
 ( 3   2) <--> ( 5   4)        0.518919      0.038468      0.024480   WU     3.436838      2.187079
 ( 3   3) <--> ( 5   1)       -0.378521      0.020468      0.013025   WU     1.828696      1.163716
 ( 3   3) <--> ( 5   2)       -3.712034      1.968456      1.252654   WU   175.867076    111.915412
 ( 3   3) <--> ( 5   3)        3.175959      1.440959      0.916974   WU   128.739086     81.924873
 ( 3   3) <--> ( 5   4)        7.865780      8.838642      5.624590   WU   789.667536    502.515705
 ( 3   4) <--> ( 5   1)       -0.534755      0.040852      0.025997   WU     3.649813      2.322609
 ( 3   4) <--> ( 5   2)       -0.823693      0.096924      0.061679   WU     8.659482      5.510580
 ( 3   4) <--> ( 5   3)       -1.688460      0.407271      0.259173   WU    36.386671     23.155154
 ( 3   4) <--> ( 5   4)       -5.204065      3.868899      2.462026   WU   345.657587    219.963919
 ( 4   1) <--> ( 4   1)       -2.390469     -1.802642   (eb)
 ( 4   2) <--> ( 4   1)       -1.447992      0.232965      0.232965   WU    20.813666     20.813666
 ( 4   2) <--> ( 4   2)       -1.556985     -1.174115   (eb)
 ( 4   3) <--> ( 4   1)        0.060482      0.000406      0.000406   WU     0.036314      0.036314
 ( 4   3) <--> ( 4   2)        1.053242      0.123258      0.123258   WU    11.012152     11.012152
 ( 4   3) <--> ( 4   3)       -2.059295     -1.552905   (eb)
 ( 4   4) <--> ( 4   1)        0.015940      0.000028      0.000028   WU     0.002522      0.002522
 ( 4   4) <--> ( 4   2)       -0.070326      0.000550      0.000550   WU     0.049097      0.049097
 ( 4   4) <--> ( 4   3)        0.247218      0.006791      0.006791   WU     0.606704      0.606704
 ( 4   4) <--> ( 4   4)      -11.904734     -8.977306   (eb)
 ( 4   1) <--> ( 5   1)       -0.428557      0.020407      0.016696   WU     1.823197      1.491707
 ( 4   1) <--> ( 5   2)       -0.105431      0.001235      0.001011   WU     0.110345      0.090282
 ( 4   1) <--> ( 5   3)       -0.001390      0.000000      0.000000   WU     0.000019      0.000016
 ( 4   1) <--> ( 5   4)       -0.054000      0.000324      0.000265   WU     0.028947      0.023684
 ( 4   2) <--> ( 5   1)       -2.455720      0.670062      0.548233   WU    59.865145     48.980573
 ( 4   2) <--> ( 5   2)       -0.014131      0.000022      0.000018   WU     0.001982      0.001622
 ( 4   2) <--> ( 5   3)       -0.385950      0.016551      0.013542   WU     1.478693      1.209840
 ( 4   2) <--> ( 5   4)        0.201864      0.004528      0.003704   WU     0.404515      0.330967
 ( 4   3) <--> ( 5   1)       -1.155339      0.148312      0.121346   WU    13.250582     10.841385
 ( 4   3) <--> ( 5   2)       -0.049701      0.000274      0.000225   WU     0.024522      0.020063
 ( 4   3) <--> ( 5   3)       -0.398228      0.017621      0.014417   WU     1.574270      1.288039
 ( 4   3) <--> ( 5   4)        0.124010      0.001709      0.001398   WU     0.152661      0.124905
 ( 4   4) <--> ( 5   1)       -0.104879      0.001222      0.001000   WU     0.109192      0.089339
 ( 4   4) <--> ( 5   2)        0.419064      0.019513      0.015965   WU     1.743318      1.426351
 ( 4   4) <--> ( 5   3)       -0.320239      0.011395      0.009323   WU     1.018041      0.832942
 ( 4   4) <--> ( 5   4)       -0.612081      0.041627      0.034058   WU     3.719062      3.042869
 ( 4   1) <--> ( 6   1)        3.947658      1.731556      1.198770   WU   154.701805    107.101250
 ( 4   1) <--> ( 6   2)        0.025658      0.000073      0.000051   WU     0.006535      0.004524
 ( 4   1) <--> ( 6   3)       -0.085147      0.000806      0.000558   WU     0.071970      0.049825
 ( 4   1) <--> ( 6   4)       -0.187008      0.003886      0.002690   WU     0.347166      0.240345
 ( 4   2) <--> ( 6   1)        0.646498      0.046440      0.032151   WU     4.149065      2.872429
 ( 4   2) <--> ( 6   2)       -3.638799      1.471206      1.018527   WU   131.441426     90.997910
 ( 4   2) <--> ( 6   3)       -0.461075      0.023621      0.016353   WU     2.110374      1.461028
 ( 4   2) <--> ( 6   4)       -1.081355      0.129925      0.089948   WU    11.607874      8.036220
 ( 4   3) <--> ( 6   1)       -1.622205      0.292394      0.202427   WU    26.123285     18.085351
 ( 4   3) <--> ( 6   2)       -1.028631      0.117565      0.081391   WU    10.503537      7.271680
 ( 4   3) <--> ( 6   3)        2.423537      0.652615      0.451810   WU    58.306302     40.365902
 ( 4   3) <--> ( 6   4)        4.342329      2.095091      1.450448   WU   187.180941    129.586805
 ( 4   4) <--> ( 6   1)       -0.066172      0.000487      0.000337   WU     0.043468      0.030093
 ( 4   4) <--> ( 6   2)       -0.461477      0.023662      0.016382   WU     2.114056      1.463577
 ( 4   4) <--> ( 6   3)      -14.385255     22.992841     15.918120   WU  2054.240911   1422.166785
 ( 4   4) <--> ( 6   4)        6.735791      5.041208      3.490067   WU   450.394813    311.811793
 ( 5   1) <--> ( 5   1)       -1.817867     -1.320002   (eb)
 ( 5   2) <--> ( 5   1)        0.146170      0.001942      0.001942   WU     0.173534      0.173534
 ( 5   2) <--> ( 5   2)       -2.805857     -2.037409   (eb)
 ( 5   3) <--> ( 5   1)       -1.239280      0.139620      0.139620   WU    12.473979     12.473979
 ( 5   3) <--> ( 5   2)        3.188703      0.924348      0.924348   WU    82.583659     82.583659
 ( 5   3) <--> ( 5   3)        1.374017      0.997711   (eb)
 ( 5   4) <--> ( 5   1)        0.571786      0.029722      0.029722   WU     2.655419      2.655419
 ( 5   4) <--> ( 5   2)        0.577514      0.030320      0.030320   WU     2.708893      2.708893
 ( 5   4) <--> ( 5   3)       -2.183136      0.433280      0.433280   WU    38.710416     38.710416
 ( 5   4) <--> ( 5   4)       -6.122297     -4.445565   (eb)
 ( 5   1) <--> ( 6   1)        1.237023      0.139112      0.117710   WU    12.428593     10.516502
 ( 5   1) <--> ( 6   2)        2.388748      0.518738      0.438932   WU    46.345393     39.215333
 ( 5   1) <--> ( 6   3)       -0.638447      0.037056      0.031355   WU     3.310668      2.801334
 ( 5   1) <--> ( 6   4)       -1.168036      0.124028      0.104947   WU    11.080994      9.376225
 ( 5   2) <--> ( 6   1)        0.188941      0.003245      0.002746   WU     0.289948      0.245341
 ( 5   2) <--> ( 6   2)       -0.633534      0.036488      0.030874   WU     3.259915      2.758390
 ( 5   2) <--> ( 6   3)        1.342761      0.163910      0.138693   WU    14.644122     12.391180
 ( 5   2) <--> ( 6   4)        1.835835      0.306390      0.259253   WU    27.373678     23.162343
 ( 5   3) <--> ( 6   1)        0.006700      0.000004      0.000003   WU     0.000365      0.000309
 ( 5   3) <--> ( 6   2)       -0.759332      0.052417      0.044353   WU     4.683063      3.962592
 ( 5   3) <--> ( 6   3)       -0.205481      0.003838      0.003248   WU     0.342932      0.290174
 ( 5   3) <--> ( 6   4)        0.285620      0.007416      0.006275   WU     0.662590      0.560653
 ( 5   4) <--> ( 6   1)        0.081523      0.000604      0.000511   WU     0.053979      0.045674
 ( 5   4) <--> ( 6   2)        0.111400      0.001128      0.000955   WU     0.100794      0.085287
 ( 5   4) <--> ( 6   3)       -0.407069      0.015064      0.012747   WU     1.345868      1.138811
 ( 5   4) <--> ( 6   4)        0.894052      0.072666      0.061487   WU     6.492199      5.493399
 ( 5   1) <--> ( 7   1)        4.816239      2.108742      1.546410   WU   188.400526    138.160386
 ( 5   1) <--> ( 7   2)        0.439959      0.017597      0.012904   WU     1.572137      1.152900
 ( 5   1) <--> ( 7   3)        0.210800      0.004040      0.002962   WU     0.360916      0.264672
 ( 5   1) <--> ( 7   4)        0.060501      0.000333      0.000244   WU     0.029730      0.021802
 ( 5   2) <--> ( 7   1)       -3.093339      0.869886      0.637917   WU    77.717927     56.993146
 ( 5   2) <--> ( 7   2)        8.172391      6.071634      4.452532   WU   542.455772    397.800900
 ( 5   2) <--> ( 7   3)        2.607035      0.617876      0.453109   WU    55.202652     40.481945
 ( 5   2) <--> ( 7   4)        0.470008      0.020083      0.014727   WU     1.794224      1.315765
 ( 5   3) <--> ( 7   1)        0.230708      0.004839      0.003548   WU     0.432304      0.317023
 ( 5   3) <--> ( 7   2)       -3.712102      1.252700      0.918647   WU   111.919530     82.074322
 ( 5   3) <--> ( 7   3)        4.652081      1.967442      1.442791   WU   175.776441    128.902723
 ( 5   3) <--> ( 7   4)       -3.477921      1.099631      0.806396   WU    98.243897     72.045525
 ( 5   4) <--> ( 7   1)       -0.334870      0.010194      0.007476   WU     0.910793      0.667915
 ( 5   4) <--> ( 7   2)       -8.309373      6.276879      4.603045   WU   560.792940    411.248156
 ( 5   4) <--> ( 7   3)        8.938335      7.263075      5.326255   WU   648.902277    475.861670
 ( 5   4) <--> ( 7   4)        5.501107      2.751107      2.017478   WU   245.791114    180.246817
 ( 6   1) <--> ( 6   1)       -3.073691     -2.142968   (eb)
 ( 6   2) <--> ( 6   1)        1.565523      0.188528      0.188528   WU    16.843576     16.843576
 ( 6   2) <--> ( 6   2)       -2.503213     -1.745233   (eb)
 ( 6   3) <--> ( 6   1)        0.166746      0.002139      0.002139   WU     0.191085      0.191085
 ( 6   3) <--> ( 6   2)       -0.729895      0.040981      0.040981   WU     3.661309      3.661309
 ( 6   3) <--> ( 6   3)      -12.176952     -8.489736   (eb)
 ( 6   4) <--> ( 6   1)        0.455608      0.015968      0.015968   WU     1.426589      1.426589
 ( 6   4) <--> ( 6   2)       -0.709826      0.038758      0.038758   WU     3.462738      3.462738
 ( 6   4) <--> ( 6   3)        4.305933      1.426235      1.426235   WU   127.423592    127.423592
 ( 6   4) <--> ( 6   4)       -5.796437     -4.041259   (eb)
 ( 6   1) <--> ( 7   1)       -0.374834      0.010808      0.009367   WU     0.965589      0.836844
 ( 6   1) <--> ( 7   2)       -0.132528      0.001351      0.001171   WU     0.120707      0.104612
 ( 6   1) <--> ( 7   3)       -0.119942      0.001107      0.000959   WU     0.098868      0.085686
 ( 6   1) <--> ( 7   4)       -0.042556      0.000139      0.000121   WU     0.012446      0.010787
 ( 6   2) <--> ( 7   1)        2.643553      0.537567      0.465891   WU    48.027654     41.623967
 ( 6   2) <--> ( 7   2)        0.144281      0.001601      0.001388   WU     0.143065      0.123990
 ( 6   2) <--> ( 7   3)        0.228032      0.004000      0.003467   WU     0.357362      0.309713
 ( 6   2) <--> ( 7   4)       -0.375591      0.010851      0.009405   WU     0.969495      0.840229
 ( 6   3) <--> ( 7   1)       -0.107243      0.000885      0.000767   WU     0.079041      0.068502
 ( 6   3) <--> ( 7   2)       -0.535674      0.022073      0.019130   WU     1.972041      1.709102
 ( 6   3) <--> ( 7   3)        0.352321      0.009548      0.008275   WU     0.853085      0.739341
 ( 6   3) <--> ( 7   4)        0.243531      0.004562      0.003954   WU     0.407592      0.353246
 ( 6   4) <--> ( 7   1)       -0.285527      0.006271      0.005435   WU     0.560286      0.485581
 ( 6   4) <--> ( 7   2)        0.464781      0.016617      0.014401   WU     1.484607      1.286660
 ( 6   4) <--> ( 7   3)       -0.273813      0.005767      0.004998   WU     0.515255      0.446554
 ( 6   4) <--> ( 7   4)        0.086940      0.000581      0.000504   WU     0.051946      0.045020
 ( 6   1) <--> ( 8   1)        5.113247      2.011176      1.537958   WU   179.683798    137.405257
 ( 6   1) <--> ( 8   2)        0.008056      0.000005      0.000004   WU     0.000446      0.000341
 ( 6   1) <--> ( 8   3)       -0.127046      0.001242      0.000949   WU     0.110926      0.084826
 ( 6   1) <--> ( 8   4)        0.115266      0.001022      0.000782   WU     0.091310      0.069825
 ( 6   2) <--> ( 8   1)       -0.133318      0.001367      0.001046   WU     0.122149      0.093408
 ( 6   2) <--> ( 8   2)       -0.490737      0.018525      0.014166   WU     1.655058      1.265633
 ( 6   2) <--> ( 8   3)       -2.241621      0.386528      0.295580   WU    34.533421     26.407910
 ( 6   2) <--> ( 8   4)       -4.883837      1.834759      1.403051   WU   163.922198    125.352269
 ( 6   3) <--> ( 8   1)       -0.823306      0.052141      0.039873   WU     4.658418      3.562319
 ( 6   3) <--> ( 8   2)      -16.980808     22.180602     16.961637   WU  1981.673386   1515.397295
 ( 6   3) <--> ( 8   3)        2.288640      0.402913      0.308110   WU    35.997324     27.527366
 ( 6   3) <--> ( 8   4)       -0.487324      0.018268      0.013970   WU     1.632116      1.248089
 ( 6   4) <--> ( 8   1)       -1.720114      0.227599      0.174047   WU    20.334323     15.549777
 ( 6   4) <--> ( 8   2)        8.016452      4.943346      3.780206   WU   441.651541    337.733531
 ( 6   4) <--> ( 8   3)        6.926455      3.690445      2.822105   WU   329.714066    252.134286
 ( 6   4) <--> ( 8   4)       -2.560444      0.504298      0.385640   WU    45.055314     34.454064
 ( 7   1) <--> ( 7   1)       -3.091392     -2.070187   (eb)
 ( 7   2) <--> ( 7   1)        0.761690      0.038678      0.038678   WU     3.455609      3.455609
 ( 7   2) <--> ( 7   2)       -8.102574     -5.425984   (eb)
 ( 7   3) <--> ( 7   1)       -0.552871      0.020378      0.020378   WU     1.820604      1.820604
 ( 7   3) <--> ( 7   2)        3.888278      1.007914      1.007914   WU    90.049649     90.049649
 ( 7   3) <--> ( 7   3)       -5.304775     -3.552406   (eb)
 ( 7   4) <--> ( 7   1)        1.837673      0.225136      0.225136   WU    20.114259     20.114259
 ( 7   4) <--> ( 7   2)       -0.528722      0.018636      0.018636   WU     1.665032      1.665032
 ( 7   4) <--> ( 7   3)       -4.217999      1.186101      1.186101   WU   105.969369    105.969369
 ( 7   4) <--> ( 7   4)       -3.316505     -2.220937   (eb)
 ( 7   1) <--> ( 8   1)        1.453837      0.140909      0.124332   WU    12.589222     11.108137
 ( 7   1) <--> ( 8   2)        0.186126      0.002310      0.002038   WU     0.206340      0.182065
 ( 7   1) <--> ( 8   3)       -2.650886      0.468480      0.413365   WU    41.855222     36.931078
 ( 7   1) <--> ( 8   4)       -1.572521      0.164855      0.145460   WU    14.728562     12.995790
 ( 7   2) <--> ( 8   1)        0.374022      0.009326      0.008229   WU     0.833225      0.735198
 ( 7   2) <--> ( 8   2)       -1.010340      0.068053      0.060046   WU     6.079992      5.364699
 ( 7   2) <--> ( 8   3)        2.524595      0.424905      0.374917   WU    37.962166     33.496029
 ( 7   2) <--> ( 8   4)       -0.578821      0.022336      0.019708   WU     1.995520      1.760753
 ( 7   3) <--> ( 8   1)        0.301155      0.006046      0.005335   WU     0.540192      0.476640
 ( 7   3) <--> ( 8   2)        0.553265      0.020407      0.018006   WU     1.823197      1.608703
 ( 7   3) <--> ( 8   3)        2.072603      0.286379      0.252687   WU    25.585841     22.575742
 ( 7   3) <--> ( 8   4)        0.158224      0.001669      0.001473   WU     0.149112      0.131569
 ( 7   4) <--> ( 8   1)        0.088782      0.000525      0.000464   WU     0.046948      0.041424
 ( 7   4) <--> ( 8   2)        0.221708      0.003277      0.002891   WU     0.292772      0.258328
 ( 7   4) <--> ( 8   3)       -0.126185      0.001062      0.000937   WU     0.094839      0.083681
 ( 7   4) <--> ( 8   4)       -1.341553      0.119984      0.105868   WU    10.719711      9.458569
 ( 7   1) <--> ( 9   1)        5.140450      1.761615      1.390749   WU   157.387328    124.253153
 ( 7   1) <--> ( 9   2)        4.463926      1.328442      1.048770   WU   118.686540     93.699900
 ( 7   1) <--> ( 9   3)        1.728096      0.199088      0.157174   WU    17.787017     14.042382
 ( 7   1) <--> ( 9   4)       -0.014766      0.000015      0.000011   WU     0.001299      0.001025
 ( 7   2) <--> ( 9   1)      -12.727484     10.799257      8.525729   WU   964.834076    761.711113
 ( 7   2) <--> ( 9   2)        6.734341      3.023423      2.386913   WU   270.120573    213.253084
 ( 7   2) <--> ( 9   3)        3.081868      0.633194      0.499890   WU    56.571216     44.661487
 ( 7   2) <--> ( 9   4)        0.029350      0.000057      0.000045   WU     0.005131      0.004051
 ( 7   3) <--> ( 9   1)        4.177966      1.163693      0.918705   WU   103.967428     82.079548
 ( 7   3) <--> ( 9   2)      -10.355584      7.149208      5.644112   WU   638.729097    504.259814
 ( 7   3) <--> ( 9   3)        8.143683      4.421304      3.490504   WU   395.010982    311.850775
 ( 7   3) <--> ( 9   4)        0.482132      0.015497      0.012234   WU     1.384522      1.093043
 ( 7   4) <--> ( 9   1)        1.977467      0.260692      0.205809   WU    23.290892     18.387546
 ( 7   4) <--> ( 9   2)       -3.780393      0.952758      0.752177   WU    85.121903     67.201502
 ( 7   4) <--> ( 9   3)        1.427257      0.135804      0.107214   WU    12.133107      9.578769
 ( 7   4) <--> ( 9   4)        9.665310      6.227882      4.916749   WU   556.415340    439.275268
 ( 8   1) <--> ( 8   1)       -3.689286     -2.376623   (eb)
 ( 8   2) <--> ( 8   1)       -0.036906      0.000080      0.000080   WU     0.007158      0.007158
 ( 8   2) <--> ( 8   2)      -16.353945    -10.535146   (eb)
 ( 8   3) <--> ( 8   1)       -0.149356      0.001312      0.001312   WU     0.117234      0.117234
 ( 8   3) <--> ( 8   2)       -1.091497      0.070080      0.070080   WU     6.261158      6.261158
 ( 8   3) <--> ( 8   3)       -3.975902     -2.561260   (eb)
 ( 8   4) <--> ( 8   1)       -1.721512      0.174330      0.174330   WU    15.575063     15.575063
 ( 8   4) <--> ( 8   2)        0.473182      0.013171      0.013171   WU     1.176702      1.176702
 ( 8   4) <--> ( 8   3)        1.703666      0.170734      0.170734   WU    15.253823     15.253823
 ( 8   4) <--> ( 8   4)       -5.087312     -3.277226   (eb)
 ( 8   1) <--> ( 9   1)       -0.124956      0.000918      0.000822   WU     0.082058      0.073420
 ( 8   1) <--> ( 9   2)       -0.208084      0.002547      0.002279   WU     0.227556      0.203603
 ( 8   1) <--> ( 9   3)       -0.256755      0.003878      0.003470   WU     0.346455      0.309986
 ( 8   1) <--> ( 9   4)       -0.035916      0.000076      0.000068   WU     0.006779      0.006066
 ( 8   2) <--> ( 9   1)       -0.610955      0.021957      0.019646   WU     1.961681      1.755188
 ( 8   2) <--> ( 9   2)        0.513742      0.015525      0.013891   WU     1.387077      1.241069
 ( 8   2) <--> ( 9   3)       -0.113815      0.000762      0.000682   WU     0.068078      0.060912
 ( 8   2) <--> ( 9   4)       -0.100040      0.000589      0.000527   WU     0.052597      0.047060
 ( 8   3) <--> ( 9   1)       -1.369262      0.110287      0.098678   WU     9.853324      8.816132
 ( 8   3) <--> ( 9   2)       -0.446888      0.011748      0.010511   WU     1.049558      0.939078
 ( 8   3) <--> ( 9   3)       -0.166801      0.001637      0.001464   WU     0.146221      0.130829
 ( 8   3) <--> ( 9   4)        0.243780      0.003496      0.003128   WU     0.312325      0.279449
 ( 8   4) <--> ( 9   1)       -1.762061      0.182639      0.163414   WU    16.317421     14.599798
 ( 8   4) <--> ( 9   2)       -1.859865      0.203476      0.182058   WU    18.179118     16.265527
 ( 8   4) <--> ( 9   3)       -0.595479      0.020859      0.018663   WU     1.863559      1.667395
 ( 8   4) <--> ( 9   4)        0.210044      0.002595      0.002322   WU     0.231862      0.207456
 ( 8   1) <--> (10   1)        6.274920      2.316154      1.874982   WU   206.931287    167.515804
 ( 8   1) <--> (10   2)        0.027183      0.000043      0.000035   WU     0.003883      0.003144
 ( 8   1) <--> (10   3)       -0.024024      0.000034      0.000027   WU     0.003033      0.002455
 ( 8   1) <--> (10   4)       -0.033870      0.000067      0.000055   WU     0.006029      0.004880
 ( 8   2) <--> (10   1)        0.267986      0.004224      0.003420   WU     0.377427      0.305536
 ( 8   2) <--> (10   2)      -21.277043     26.630151     21.557741   WU  2379.207778   1926.025344
 ( 8   2) <--> (10   3)        0.331682      0.006471      0.005239   WU     0.578168      0.468041
 ( 8   2) <--> (10   4)        0.213757      0.002688      0.002176   WU     0.240132      0.194392
 ( 8   3) <--> (10   1)       -1.879647      0.207828      0.168242   WU    18.567883     15.031144
 ( 8   3) <--> (10   2)       -1.287612      0.097526      0.078950   WU     8.713246      7.053580
 ( 8   3) <--> (10   3)       10.977764      7.088900      5.738633   WU   633.341003    512.704622
 ( 8   3) <--> (10   4)        1.102808      0.071540      0.057914   WU     6.391596      5.174149
 ( 8   4) <--> (10   1)        0.732065      0.031525      0.025520   WU     2.816492      2.280018
 ( 8   4) <--> (10   2)        0.864127      0.043924      0.035558   WU     3.924329      3.176838
 ( 8   4) <--> (10   3)       -2.498274      0.367140      0.297208   WU    32.801216     26.553365
 ( 8   4) <--> (10   4)       -0.167688      0.001654      0.001339   WU     0.147779      0.119631
 ( 9   1) <--> ( 9   1)       -9.596683     -5.958409   (eb)
 ( 9   2) <--> ( 9   1)        4.658090      1.141990      1.141990   WU   102.028371    102.028371
 ( 9   2) <--> ( 9   2)       -8.546910     -5.306624   (eb)
 ( 9   3) <--> ( 9   1)       -1.318246      0.091462      0.091462   WU     8.171435      8.171435
 ( 9   3) <--> ( 9   2)        1.777653      0.166318      0.166318   WU    14.859319     14.859319
 ( 9   3) <--> ( 9   3)       -4.919165     -3.054222   (eb)
 ( 9   4) <--> ( 9   1)        1.692745      0.150810      0.150810   WU    13.473746     13.473746
 ( 9   4) <--> ( 9   2)        2.955290      0.459671      0.459671   WU    41.068175     41.068175
 ( 9   4) <--> ( 9   3)       -3.076215      0.498058      0.498058   WU    44.497806     44.497806
 ( 9   4) <--> ( 9   4)       -5.948508     -3.693323   (eb)
 ( 9   1) <--> (10   1)        0.856412      0.038602      0.034926   WU     3.448818      3.120360
 ( 9   1) <--> (10   2)       -1.067178      0.059940      0.054232   WU     5.355241      4.845218
 ( 9   1) <--> (10   3)       -4.269026      0.959189      0.867837   WU    85.696447     77.534880
 ( 9   1) <--> (10   4)        4.921543      1.274820      1.153409   WU   113.895792    103.048573
 ( 9   2) <--> (10   1)        1.178528      0.073101      0.066139   WU     6.531078      5.909071
 ( 9   2) <--> (10   2)        0.836640      0.036840      0.033332   WU     3.291412      2.977944
 ( 9   2) <--> (10   3)       -0.919288      0.044478      0.040242   WU     3.973822      3.595363
 ( 9   2) <--> (10   4)       -5.774942      1.755261      1.588093   WU   156.819640    141.884436
 ( 9   3) <--> (10   1)        1.031895      0.056042      0.050705   WU     5.006980      4.530125
 ( 9   3) <--> (10   2)       -0.140255      0.001035      0.000937   WU     0.092501      0.083691
 ( 9   3) <--> (10   3)        2.278315      0.273196      0.247177   WU    24.408036     22.083461
 ( 9   3) <--> (10   4)        1.548372      0.126182      0.114165   WU    11.273422     10.199762
 ( 9   4) <--> (10   1)        0.119406      0.000750      0.000679   WU     0.067043      0.060658
 ( 9   4) <--> (10   2)       -0.136298      0.000978      0.000885   WU     0.087354      0.079035
 ( 9   4) <--> (10   3)       -0.337516      0.005996      0.005425   WU     0.535665      0.484649
 ( 9   4) <--> (10   4)        1.178627      0.073114      0.066151   WU     6.532176      5.910064
 (10   1) <--> (10   1)       -4.272348     -2.561671   (eb)
 (10   2) <--> (10   1)        0.113419      0.000613      0.000613   WU     0.054728      0.054728
 (10   2) <--> (10   2)      -18.245135    -10.939662   (eb)
 (10   3) <--> (10   1)        0.063005      0.000189      0.000189   WU     0.016888      0.016888
 (10   3) <--> (10   2)        1.323704      0.083438      0.083438   WU     7.454547      7.454547
 (10   3) <--> (10   3)       -6.227914     -3.734216   (eb)
 (10   4) <--> (10   1)       -0.007516      0.000003      0.000003   WU     0.000240      0.000240
 (10   4) <--> (10   2)       -1.301411      0.080651      0.080651   WU     7.205574      7.205574
 (10   4) <--> (10   3)        2.343444      0.261511      0.261511   WU    23.364081     23.364081
 (10   4) <--> (10   4)      -14.100892     -8.454802   (eb)
 
  quadrupole shape invariant: 01+, 02+, 03+, 04+
quadr2     1.85125360     3.81933713     8.44807214     5.40289428
quadr3     1.72333064     6.86623169    19.85014165     6.93796573
  effective deformation parameters:  01+, 02+, 03+, 04+
beteff     0.09910462     0.14234917     0.21170920     0.16930671
cos3ga     0.68417899     0.91989120     0.80840165     0.55244932
 
 ********* END Transition **************************
