 ********* BEGIN READER ****************************
 
 Nucleus            :  Dy  66 152
 Imin, Imax         :     0  10
 imu, remu          :     1 12.0000
 nlevel             :     4
 observables        :     2
 wave fun           :     1
 nbet, ngam, npar   :    10   7  10
 Finish reading parameters: V, B_k ...
 
 ********* END READER ******************************
 
 ********* BEGIN LEVELS ********************
 
 E_0 = -1508.793728
 
  I=   0   ntot= 127
   0   1    0.000000
   0   2    0.454156
   0   3    1.431877
   0   4    2.141987
 
  I=   2   ntot= 234
   2   1    0.165207
   2   2    0.460606
   2   3    1.058051
   2   4    1.385327
 
  I=   3   ntot= 108
   3   1    1.013323
   3   2    1.955047
   3   3    2.931375
   3   4    3.387111
 
  I=   4   ntot= 324
   4   1    0.439672
   4   2    0.804997
   4   3    1.366882
   4   4    1.572104
 
  I=   5   ntot= 198
   5   1    1.476618
   5   2    1.955458
   5   3    2.632768
   5   4    3.185207
 
  I=   6   ntot= 432
   6   1    0.822463
   6   2    1.287442
   6   3    1.818521
   6   4    2.085868
 
  I=   7   ntot= 306
   7   1    2.023646
   7   2    2.538701
   7   3    3.191390
   7   4    3.320108
 
  I=   8   ntot= 522
   8   1    1.304216
   8   2    1.884715
   8   3    2.373147
   8   4    2.641216
 
  I=   9   ntot= 397
   9   1    2.649943
   9   2    3.223861
   9   3    3.868769
   9   4    4.030112
 
  I=  10   ntot= 630
  10   1    1.875544
  10   2    2.572453
  10   3    3.027731
  10   4    3.267701
 
 ********* END LEVELS **********************
 
 ********* BEGIN Transition ************************
 
  Monopole moment 
 
   I   n    <In|E0|In>   ave \beta      del<b>   ave \gamma    del<g>  
     K=0       K=2       K=4   
   0   1     31.463386    0.326834    0.062227   18.064591   13.355288   99.9999    0.0000    0.0000
   0   2     31.414587    0.319692    0.073178   23.697110   16.214506  100.0000    0.0000    0.0000
   0   3     31.837236    0.385805    0.094866   13.114792   15.327071   99.9999    0.0000    0.0000
   0   4     31.593736    0.344043    0.071119   21.504088   11.293895   99.9999    0.0000    0.0000
   2   1     31.558014    0.341680    0.061255   15.068487   12.411168   94.8606    5.1393    0.0000
   2   2     31.300030    0.298759    0.059151   29.370840   14.155318   24.3658   75.6341    0.0000
   2   3     31.517402    0.334869    0.074022   20.151211   14.245668   63.4589   36.5410    0.0000
   2   4     31.644983    0.354943    0.078900   17.452195   14.624880   36.9934   63.0065    0.0000
   3   1     31.439733    0.320072    0.053540   22.667444   10.345214    0.0000  100.0000    0.0000
   3   2     31.625958    0.350804    0.072069   19.494388   13.621664    0.0000   99.9999    0.0000
   3   3     31.827387    0.378408    0.091939   18.020476   13.387111    0.0000   99.9999    0.0000
   3   4     31.709427    0.362466    0.093223   21.051463   13.374137    0.0000   99.9999    0.0000
   4   1     31.636636    0.353744    0.060253   13.309607   11.591355   95.3431    3.6208    1.0360
   4   2     31.301981    0.298212    0.058556   31.100654   14.135532   22.1646   40.4439   37.3915
   4   3     31.489834    0.328304    0.061152   22.339236   12.592648    7.2201   57.8829   34.8969
   4   4     31.699509    0.363734    0.084016   15.877446   14.307877   69.9269   23.2775    6.7955
   5   1     31.522120    0.332944    0.054950   20.672635   10.350264    0.0000   89.1158   10.8842
   5   2     31.477925    0.324763    0.056423   24.908121   11.342231    0.0000   22.0569   77.9430
   5   3     31.721915    0.364766    0.076556   18.289558   12.947198    0.0000   80.5260   19.4739
   5   4     31.775358    0.371594    0.080485   18.409294   13.045348    0.0000   35.2970   64.7029
   6   1     31.710547    0.364904    0.059725   12.155659   10.967604   95.3043    3.9335    0.5018
   6   2     31.336952    0.303145    0.060397   30.773418   14.246239   21.9491   35.7342   21.9832
   6   3     31.566226    0.340640    0.069284   20.975634   14.005604   14.4049   54.4778    6.1108
   6   4     31.889260    0.391745    0.085495   12.391402   13.194892   71.3309   26.0472    1.6092
   7   1     31.613875    0.347130    0.056259   18.726077   10.201917    0.0000   86.9672   11.2424
   7   2     31.525494    0.331850    0.060967   24.680625   12.274683    0.0000   25.4458   47.4469
   7   3     31.600042    0.342532    0.063976   23.803241   11.943442    0.0000   14.8055   27.1819
   7   4     31.845514    0.382474    0.078903   16.487959   12.034144    0.0000   66.4181   33.0769
   8   1     31.785437    0.376026    0.059623   11.327625   10.526738   94.6579    4.7794    0.3875
   8   2     31.404949    0.313716    0.065442   28.587899   14.576137   23.9033   36.1310   18.6643
   8   3     31.640876    0.352341    0.077935   20.066814   15.111962   21.9429   45.4281    5.4448
   8   4     31.998730    0.406793    0.083830   10.945345   11.910461   68.0845   30.3469    1.4976
   9   1     31.710412    0.361793    0.057516   17.044952    9.965823    0.0000   86.7169   11.1983
   9   2     31.588696    0.341215    0.065570   23.942868   12.791668    0.0000   26.7760   38.8954
   9   3     31.709517    0.359644    0.077358   21.709887   13.603689    0.0000   27.6611   23.5009
   9   4     31.945388    0.396090    0.079803   15.407571   11.281938    0.0000   55.9676   40.7478
  10   1     31.864710    0.387575    0.059739   10.674826   10.203516   93.6867    5.8425    0.3607
  10   2     31.514836    0.331313    0.073035   24.830932   14.905348   28.3615   38.4110   16.4499
  10   3     31.699525    0.361088    0.086690   19.838940   16.014017   29.7299   34.1290    7.2110
  10   4     32.043606    0.412351    0.081577   10.856952   11.195452   59.6315   37.7649    2.0197
 
  rho^2(E0) 
 
   I  n_1 n_2  <In_1|E0|In_2>  rho^2(E0) 
   0   1   1       31.463386 1585.008889
   0   2   1       -0.251705    0.101439
   0   2   2       31.414587 1580.096147
   0   3   1        0.234822    0.088287
   0   3   2       -0.272179    0.118613
   0   3   3       31.837236 1622.899074
   0   4   1        0.176654    0.049965
   0   4   2        0.055171    0.004874
   0   4   3        0.138554    0.030737
   0   4   4       31.593736 1598.169258
   2   1   1       31.558014 1594.557257
   2   2   1       -0.160118    0.041049
   2   2   2       31.300030 1568.593048
   2   3   1       -0.206364    0.068185
   2   3   2        0.032180    0.001658
   2   3   3       31.517402 1590.455878
   2   4   1       -0.154174    0.038058
   2   4   2        0.184972    0.054781
   2   4   3        0.048236    0.003725
   2   4   4       31.644983 1603.358039
   3   1   1       31.439733 1582.626675
   3   2   1        0.224671    0.080819
   3   2   2       31.625958 1601.430811
   3   3   1        0.220342    0.077735
   3   3   2        0.253165    0.102619
   3   3   3       31.827387 1621.895147
   3   4   1        0.158888    0.040421
   3   4   2       -0.301913    0.145943
   3   4   3       -0.222660    0.079379
   3   4   4       31.709427 1609.895069
   4   1   1       31.636636 1602.512311
   4   2   1       -0.153060    0.037510
   4   2   2       31.301981 1568.788624
   4   3   1       -0.070187    0.007887
   4   3   2        0.107358    0.018454
   4   3   3       31.489834 1587.674753
   4   4   1        0.256031    0.104956
   4   4   2       -0.063215    0.006398
   4   4   3        0.013713    0.000301
   4   4   4       31.699509 1608.888184
   5   1   1       31.522120 1590.931994
   5   2   1        0.122384    0.023981
   5   2   2       31.477925 1586.474117
   5   3   1        0.228779    0.083802
   5   3   2        0.080125    0.010279
   5   3   3       31.721915 1611.163403
   5   4   1        0.093033    0.013858
   5   4   2        0.222383    0.079182
   5   4   3        0.144979    0.033654
   5   4   4       31.775358 1616.596757
   6   1   1       31.710547 1610.008860
   6   2   1        0.151130    0.036570
   6   2   2       31.336952 1572.295968
   6   3   1        0.111652    0.019960
   6   3   2        0.149260    0.035670
   6   3   3       31.566226 1595.387289
   6   4   1       -0.293132    0.137577
   6   4   2       -0.077670    0.009659
   6   4   3       -0.041190    0.002716
   6   4   4       31.889260 1628.207246
   7   1   1       31.613875 1600.207279
   7   2   1       -0.152109    0.037045
   7   2   2       31.525494 1591.272596
   7   3   1        0.088155    0.012443
   7   3   2       -0.136932    0.030021
   7   3   3       31.600042 1598.807277
   7   4   1        0.243704    0.095093
   7   4   2       -0.082196    0.010817
   7   4   3        0.077793    0.009690
   7   4   4       31.845514 1623.743050
   8   1   1       31.785437 1617.622404
   8   2   1        0.162127    0.042085
   8   2   2       31.404949 1579.126738
   8   3   1        0.149148    0.035617
   8   3   2        0.199628    0.063806
   8   3   3       31.640876 1602.941892
   8   4   1        0.305550    0.149480
   8   4   2        0.082458    0.010887
   8   4   3        0.096138    0.014798
   8   4   4       31.998730 1639.405032
   9   1   1       31.710412 1609.995125
   9   2   1       -0.175011    0.049040
   9   2   2       31.588696 1597.659316
   9   3   1        0.142839    0.032668
   9   3   2       -0.196644    0.061913
   9   3   3       31.709517 1609.904244
   9   4   1       -0.255400    0.104439
   9   4   2        0.077561    0.009632
   9   4   3       -0.139143    0.030999
   9   4   4       31.945388 1633.943848
  10   1   1       31.864710 1625.701174
  10   2   1        0.189393    0.057431
  10   2   2       31.514836 1590.196838
  10   3   1        0.181788    0.052911
  10   3   2        0.258415    0.106920
  10   3   3       31.699525 1608.889804
  10   4   1        0.297154    0.141378
  10   4   2        0.073643    0.008683
  10   4   3        0.127588    0.026064
  10   4   4       32.043606 1644.006623
 
  E2 transition 
 
  I1  n1        I2  n2       <f||E2||i>   B(E2,I1->I2)  B(E2,I2->I1)
 ( 0   1) <--> ( 2   1)        2.537223      6.437501      1.287500   WU   826.016623    165.203325
 ( 0   1) <--> ( 2   2)        0.043136      0.001861      0.000372   WU     0.238755      0.047751
 ( 0   1) <--> ( 2   3)       -0.129894      0.016872      0.003374   WU     2.164943      0.432989
 ( 0   1) <--> ( 2   4)        0.015097      0.000228      0.000046   WU     0.029243      0.005849
 ( 0   2) <--> ( 2   1)       -0.826178      0.682570      0.136514   WU    87.582830     17.516566
 ( 0   2) <--> ( 2   2)        1.659941      2.755405      0.551081   WU   353.554894     70.710979
 ( 0   2) <--> ( 2   3)        1.511140      2.283543      0.456709   WU   293.008765     58.601753
 ( 0   2) <--> ( 2   4)        0.236585      0.055972      0.011194   WU     7.181994      1.436399
 ( 0   3) <--> ( 2   1)        0.352718      0.124410      0.024882   WU    15.963440      3.192688
 ( 0   3) <--> ( 2   2)       -0.104063      0.010829      0.002166   WU     1.389513      0.277903
 ( 0   3) <--> ( 2   3)       -1.047785      1.097853      0.219571   WU   140.869048     28.173810
 ( 0   3) <--> ( 2   4)       -1.878553      3.528962      0.705792   WU   452.812601     90.562520
 ( 0   4) <--> ( 2   1)        0.183878      0.033811      0.006762   WU     4.338392      0.867678
 ( 0   4) <--> ( 2   2)        0.103191      0.010648      0.002130   WU     1.366334      0.273267
 ( 0   4) <--> ( 2   3)        0.155955      0.024322      0.004864   WU     3.120832      0.624166
 ( 0   4) <--> ( 2   4)        0.423017      0.178944      0.035789   WU    22.960855      4.592171
 ( 2   1) <--> ( 2   1)       -2.667783     -2.022001   (eb)
 ( 2   2) <--> ( 2   1)        1.760851      0.620119      0.620119   WU    79.569472     79.569472
 ( 2   2) <--> ( 2   2)        1.528923      1.158822   (eb)
 ( 2   3) <--> ( 2   1)       -0.127103      0.003231      0.003231   WU     0.414584      0.414584
 ( 2   3) <--> ( 2   2)       -1.100772      0.242340      0.242340   WU    31.095411     31.095411
 ( 2   3) <--> ( 2   3)       -0.979178     -0.742151   (eb)
 ( 2   4) <--> ( 2   1)        0.380415      0.028943      0.028943   WU     3.713787      3.713787
 ( 2   4) <--> ( 2   2)       -0.434125      0.037693      0.037693   WU     4.836491      4.836491
 ( 2   4) <--> ( 2   3)       -2.660501      1.415653      1.415653   WU   181.647005    181.647005
 ( 2   4) <--> ( 2   4)        0.704874      0.534247   (eb)
 ( 2   1) <--> ( 3   1)        0.183081      0.006704      0.004788   WU     0.860181      0.614415
 ( 2   1) <--> ( 3   2)        0.230801      0.010654      0.007610   WU     1.367030      0.976450
 ( 2   1) <--> ( 3   3)       -0.025059      0.000126      0.000090   WU     0.016115      0.011511
 ( 2   1) <--> ( 3   4)        0.027106      0.000147      0.000105   WU     0.018855      0.013468
 ( 2   2) <--> ( 3   1)       -2.239581      1.003144      0.716532   WU   128.716701     91.940501
 ( 2   2) <--> ( 3   2)        0.252757      0.012777      0.009127   WU     1.639488      1.171063
 ( 2   2) <--> ( 3   3)       -0.238427      0.011370      0.008121   WU     1.458860      1.042043
 ( 2   2) <--> ( 3   4)       -0.026306      0.000138      0.000099   WU     0.017759      0.012685
 ( 2   3) <--> ( 3   1)        2.806690      1.575502      1.125358   WU   202.157734    144.398382
 ( 2   3) <--> ( 3   2)        0.343449      0.023591      0.016851   WU     3.027100      2.162215
 ( 2   3) <--> ( 3   3)        0.153289      0.004700      0.003357   WU     0.603009      0.430721
 ( 2   3) <--> ( 3   4)        0.238217      0.011350      0.008107   WU     1.456291      1.040208
 ( 2   4) <--> ( 3   1)       -1.434749      0.411701      0.294072   WU    52.826707     37.733362
 ( 2   4) <--> ( 3   2)       -2.715666      1.474968      1.053548   WU   189.257906    135.184219
 ( 2   4) <--> ( 3   3)       -0.104676      0.002191      0.001565   WU     0.281189      0.200849
 ( 2   4) <--> ( 3   4)        0.011687      0.000027      0.000020   WU     0.003505      0.002504
 ( 2   1) <--> ( 4   1)        4.310544      3.716159      2.064533   WU   476.832371    264.906873
 ( 2   1) <--> ( 4   2)       -0.060559      0.000733      0.000407   WU     0.094117      0.052287
 ( 2   1) <--> ( 4   3)        0.081152      0.001317      0.000732   WU     0.169005      0.093892
 ( 2   1) <--> ( 4   4)        0.272941      0.014899      0.008277   WU     1.911780      1.062100
 ( 2   2) <--> ( 4   1)       -0.745290      0.111091      0.061717   WU    14.254497      7.919165
 ( 2   2) <--> ( 4   2)        2.913522      1.697722      0.943179   WU   217.840249    121.022360
 ( 2   2) <--> ( 4   3)        0.446368      0.039849      0.022138   WU     5.113150      2.840639
 ( 2   2) <--> ( 4   4)       -0.334786      0.022416      0.012454   WU     2.876309      1.597950
 ( 2   3) <--> ( 4   1)       -0.871536      0.151915      0.084397   WU    19.492722     10.829290
 ( 2   3) <--> ( 4   2)        0.855367      0.146331      0.081295   WU    18.776148     10.431193
 ( 2   3) <--> ( 4   3)       -0.086929      0.001511      0.000840   WU     0.193923      0.107735
 ( 2   3) <--> ( 4   4)       -3.292848      2.168569      1.204761   WU   278.256135    154.586742
 ( 2   4) <--> ( 4   1)       -0.384039      0.029497      0.016387   WU     3.784880      2.102711
 ( 2   4) <--> ( 4   2)        0.421647      0.035557      0.019754   WU     4.562468      2.534705
 ( 2   4) <--> ( 4   3)        2.374632      1.127776      0.626542   WU   144.708578     80.393655
 ( 2   4) <--> ( 4   4)       -1.195956      0.286062      0.158923   WU    36.705578     20.391988
 ( 3   1) <--> ( 3   1)        0.000000      0.000000   (eb)
 ( 3   2) <--> ( 3   1)        0.000000      0.000000      0.000000   WU     0.000000      0.000000
 ( 3   2) <--> ( 3   2)        0.000000      0.000000   (eb)
 ( 3   3) <--> ( 3   1)        0.000000      0.000000      0.000000   WU     0.000000      0.000000
 ( 3   3) <--> ( 3   2)        0.000000      0.000000      0.000000   WU     0.000000      0.000000
 ( 3   3) <--> ( 3   3)        0.000000      0.000000   (eb)
 ( 3   4) <--> ( 3   1)        0.000000      0.000000      0.000000   WU     0.000000      0.000000
 ( 3   4) <--> ( 3   2)        0.000000      0.000000      0.000000   WU     0.000000      0.000000
 ( 3   4) <--> ( 3   3)        0.000000      0.000000      0.000000   WU     0.000000      0.000000
 ( 3   4) <--> ( 3   4)        0.000000      0.000000   (eb)
 ( 3   1) <--> ( 4   1)       -0.949541      0.128804      0.100181   WU    16.527260     12.854536
 ( 3   1) <--> ( 4   2)       -1.484806      0.314950      0.244961   WU    40.412230     31.431735
 ( 3   1) <--> ( 4   3)       -3.228087      1.488649      1.157838   WU   191.013425    148.565997
 ( 3   1) <--> ( 4   4)       -0.966412      0.133422      0.103772   WU    17.119774     13.315380
 ( 3   2) <--> ( 4   1)       -0.103210      0.001522      0.001184   WU     0.195262      0.151871
 ( 3   2) <--> ( 4   2)        0.332642      0.015807      0.012295   WU     2.028283      1.577553
 ( 3   2) <--> ( 4   3)       -1.020801      0.148862      0.115782   WU    19.100976     14.856315
 ( 3   2) <--> ( 4   4)       -1.804550      0.465200      0.361822   WU    59.691344     46.426601
 ( 3   3) <--> ( 4   1)       -0.062521      0.000558      0.000434   WU     0.071652      0.055729
 ( 3   3) <--> ( 4   2)       -0.178284      0.004541      0.003532   WU     0.582637      0.453162
 ( 3   3) <--> ( 4   3)       -0.296148      0.012529      0.009745   WU     1.607651      1.250395
 ( 3   3) <--> ( 4   4)       -0.225674      0.007276      0.005659   WU     0.933551      0.726095
 ( 3   4) <--> ( 4   1)       -0.023039      0.000076      0.000059   WU     0.009729      0.007567
 ( 3   4) <--> ( 4   2)       -0.048144      0.000331      0.000258   WU     0.042486      0.033045
 ( 3   4) <--> ( 4   3)       -0.265593      0.010077      0.007838   WU     1.293023      1.005684
 ( 3   4) <--> ( 4   4)        0.076393      0.000834      0.000648   WU     0.106976      0.083203
 ( 3   1) <--> ( 5   1)        3.570316      1.821023      1.158833   WU   233.661335    148.693577
 ( 3   1) <--> ( 5   2)        0.130167      0.002420      0.001540   WU     0.310581      0.197643
 ( 3   1) <--> ( 5   3)        0.016624      0.000039      0.000025   WU     0.005066      0.003224
 ( 3   1) <--> ( 5   4)       -0.032246      0.000149      0.000095   WU     0.019060      0.012129
 ( 3   2) <--> ( 5   1)        1.028455      0.151103      0.096156   WU    19.388484     12.338126
 ( 3   2) <--> ( 5   2)        2.104224      0.632537      0.402523   WU    81.162858     51.649092
 ( 3   2) <--> ( 5   3)        3.163300      1.429496      0.909679   WU   183.423222    116.723868
 ( 3   2) <--> ( 5   4)        0.027173      0.000105      0.000067   WU     0.013535      0.008613
 ( 3   3) <--> ( 5   1)        0.455546      0.029646      0.018866   WU     3.803982      2.420716
 ( 3   3) <--> ( 5   2)       -0.052806      0.000398      0.000253   WU     0.051114      0.032527
 ( 3   3) <--> ( 5   3)        1.431454      0.292723      0.186278   WU    37.560245     23.901974
 ( 3   3) <--> ( 5   4)        2.550085      0.928990      0.591176   WU   119.201780     75.855678
 ( 3   4) <--> ( 5   1)        0.269326      0.010362      0.006594   WU     1.329630      0.846128
 ( 3   4) <--> ( 5   2)       -0.278485      0.011079      0.007050   WU     1.421595      0.904651
 ( 3   4) <--> ( 5   3)       -1.105712      0.174657      0.111145   WU    22.410790     14.261412
 ( 3   4) <--> ( 5   4)       -1.321089      0.249325      0.158661   WU    31.991716     20.358365
 ( 4   1) <--> ( 4   1)       -3.761390     -2.836447   (eb)
 ( 4   2) <--> ( 4   1)        1.641482      0.299385      0.299385   WU    38.415015     38.415015
 ( 4   2) <--> ( 4   2)        1.267302      0.955667   (eb)
 ( 4   3) <--> ( 4   1)        0.517602      0.029768      0.029768   WU     3.819630      3.819630
 ( 4   3) <--> ( 4   2)       -2.196411      0.536025      0.536025   WU    68.779056     68.779056
 ( 4   3) <--> ( 4   3)        0.133423      0.100614   (eb)
 ( 4   4) <--> ( 4   1)       -0.090866      0.000917      0.000917   WU     0.117714      0.117714
 ( 4   4) <--> ( 4   2)        0.890261      0.088063      0.088063   WU    11.299616     11.299616
 ( 4   4) <--> ( 4   3)       -0.553342      0.034021      0.034021   WU     4.365328      4.365328
 ( 4   4) <--> ( 4   4)       -3.140600     -2.368312   (eb)
 ( 4   1) <--> ( 5   1)        0.217241      0.005244      0.004290   WU     0.672838      0.550504
 ( 4   1) <--> ( 5   2)        0.194124      0.004187      0.003426   WU     0.537262      0.439578
 ( 4   1) <--> ( 5   3)        0.129463      0.001862      0.001524   WU     0.238957      0.195510
 ( 4   1) <--> ( 5   4)       -0.033020      0.000121      0.000099   WU     0.015545      0.012719
 ( 4   2) <--> ( 5   1)       -1.772783      0.349196      0.285706   WU    44.806428     36.659804
 ( 4   2) <--> ( 5   2)        0.614339      0.041935      0.034310   WU     5.380776      4.402453
 ( 4   2) <--> ( 5   3)        0.103866      0.001199      0.000981   WU     0.153807      0.125842
 ( 4   2) <--> ( 5   4)       -0.280080      0.008716      0.007131   WU     1.118392      0.915048
 ( 4   3) <--> ( 5   1)       -1.506687      0.252234      0.206373   WU    32.364975     26.480434
 ( 4   3) <--> ( 5   2)       -3.489340      1.352833      1.106863   WU   173.586351    142.025197
 ( 4   3) <--> ( 5   3)        0.055068      0.000337      0.000276   WU     0.043235      0.035374
 ( 4   3) <--> ( 5   4)       -0.078544      0.000685      0.000561   WU     0.087953      0.071961
 ( 4   4) <--> ( 5   1)       -2.475106      0.680683      0.556923   WU    87.340685     71.460560
 ( 4   4) <--> ( 5   2)       -0.074142      0.000611      0.000500   WU     0.078371      0.064121
 ( 4   4) <--> ( 5   3)       -0.196570      0.004293      0.003513   WU     0.550888      0.450727
 ( 4   4) <--> ( 5   4)       -0.118392      0.001557      0.001274   WU     0.199835      0.163501
 ( 4   1) <--> ( 6   1)        5.699548      3.609427      2.498834   WU   463.137316    320.633527
 ( 4   1) <--> ( 6   2)        0.104540      0.001214      0.000841   WU     0.155809      0.107868
 ( 4   1) <--> ( 6   3)        0.035965      0.000144      0.000100   WU     0.018442      0.012767
 ( 4   1) <--> ( 6   4)       -0.356711      0.014138      0.009788   WU     1.814100      1.255915
 ( 4   2) <--> ( 6   1)       -0.750776      0.062629      0.043359   WU     8.036184      5.563512
 ( 4   2) <--> ( 6   2)       -4.006623      1.783669      1.234848   WU   228.868407    158.447358
 ( 4   2) <--> ( 6   3)       -0.445340      0.022036      0.015256   WU     2.827568      1.957547
 ( 4   2) <--> ( 6   4)        0.213315      0.005056      0.003500   WU     0.648741      0.449128
 ( 4   3) <--> ( 6   1)        0.016725      0.000031      0.000022   WU     0.003988      0.002761
 ( 4   3) <--> ( 6   2)       -0.946276      0.099493      0.068880   WU    12.766275      8.838190
 ( 4   3) <--> ( 6   3)       -3.984319      1.763866      1.221138   WU   226.327379    156.688186
 ( 4   3) <--> ( 6   4)       -0.294084      0.009609      0.006653   WU     1.233025      0.853633
 ( 4   4) <--> ( 6   1)        1.244765      0.172160      0.119188   WU    22.090394     15.293349
 ( 4   4) <--> ( 6   2)        0.849985      0.080275      0.055575   WU    10.300345      7.131008
 ( 4   4) <--> ( 6   3)        0.473138      0.024873      0.017220   WU     3.191570      2.209549
 ( 4   4) <--> ( 6   4)       -5.144287      2.940410      2.035669   WU   377.293550    261.203227
 ( 5   1) <--> ( 5   1)       -1.635191     -1.187356   (eb)
 ( 5   2) <--> ( 5   1)       -2.018500      0.370395      0.370395   WU    47.526547     47.526547
 ( 5   2) <--> ( 5   2)        1.043524      0.757731   (eb)
 ( 5   3) <--> ( 5   1)        0.138058      0.001733      0.001733   WU     0.222332      0.222332
 ( 5   3) <--> ( 5   2)       -0.976225      0.086638      0.086638   WU    11.116768     11.116768
 ( 5   3) <--> ( 5   3)       -1.682464     -1.221683   (eb)
 ( 5   4) <--> ( 5   1)       -0.201581      0.003694      0.003694   WU     0.474001      0.474001
 ( 5   4) <--> ( 5   2)       -0.205640      0.003844      0.003844   WU     0.493279      0.493279
 ( 5   4) <--> ( 5   3)       -1.980417      0.356550      0.356550   WU    45.750117     45.750117
 ( 5   4) <--> ( 5   4)        0.683329      0.496183   (eb)
 ( 5   1) <--> ( 6   1)       -1.151384      0.120517      0.101976   WU    15.463906     13.084844
 ( 5   1) <--> ( 6   2)        1.705123      0.264313      0.223650   WU    33.914865     28.697193
 ( 5   1) <--> ( 6   3)        2.539928      0.586476      0.496249   WU    75.252591     63.675270
 ( 5   1) <--> ( 6   4)        1.212627      0.133679      0.113113   WU    17.152733     14.513851
 ( 5   2) <--> ( 6   1)       -0.135774      0.001676      0.001418   WU     0.215038      0.181955
 ( 5   2) <--> ( 6   2)       -1.163167      0.122996      0.104074   WU    15.782040     13.354034
 ( 5   2) <--> ( 6   3)        1.114746      0.112969      0.095589   WU    14.495402     12.265340
 ( 5   2) <--> ( 6   4)        0.382665      0.013312      0.011264   WU     1.708109      1.445323
 ( 5   3) <--> ( 6   1)       -0.107913      0.001059      0.000896   WU     0.135839      0.114940
 ( 5   3) <--> ( 6   2)       -0.121803      0.001349      0.001141   WU     0.173060      0.146436
 ( 5   3) <--> ( 6   3)        0.461658      0.019375      0.016394   WU     2.486103      2.103626
 ( 5   3) <--> ( 6   4)        1.718943      0.268615      0.227290   WU    34.466867     29.164272
 ( 5   4) <--> ( 6   1)       -0.047022      0.000201      0.000170   WU     0.025791      0.021823
 ( 5   4) <--> ( 6   2)        0.170034      0.002628      0.002224   WU     0.337249      0.285365
 ( 5   4) <--> ( 6   3)       -0.168001      0.002566      0.002171   WU     0.329234      0.278582
 ( 5   4) <--> ( 6   4)        0.207854      0.003928      0.003323   WU     0.503960      0.426428
 ( 5   1) <--> ( 7   1)       -5.143839      2.405371      1.763939   WU   308.640956    226.336701
 ( 5   1) <--> ( 7   2)        0.047580      0.000206      0.000151   WU     0.026407      0.019365
 ( 5   1) <--> ( 7   3)        0.094000      0.000803      0.000589   WU     0.103070      0.075584
 ( 5   1) <--> ( 7   4)       -0.127917      0.001488      0.001091   WU     0.190868      0.139970
 ( 5   2) <--> ( 7   1)       -0.859431      0.067147      0.049241   WU     8.615912      6.318335
 ( 5   2) <--> ( 7   2)        3.840543      1.340888      0.983318   WU   172.053740    126.172743
 ( 5   2) <--> ( 7   3)       -0.443927      0.017916      0.013138   WU     2.298807      1.685792
 ( 5   2) <--> ( 7   4)       -0.094416      0.000810      0.000594   WU     0.103986      0.076256
 ( 5   3) <--> ( 7   1)       -1.279917      0.148926      0.109212   WU    19.109188     14.013404
 ( 5   3) <--> ( 7   2)        1.576724      0.226005      0.165737   WU    28.999468     21.266277
 ( 5   3) <--> ( 7   3)       -1.354071      0.166683      0.122234   WU    21.387592     15.684234
 ( 5   3) <--> ( 7   4)       -4.704991      2.012449      1.475796   WU   258.223869    189.364171
 ( 5   4) <--> ( 7   1)       -0.268605      0.006559      0.004810   WU     0.841600      0.617173
 ( 5   4) <--> ( 7   2)        0.610179      0.033847      0.024821   WU     4.343040      3.184896
 ( 5   4) <--> ( 7   3)       -2.576679      0.603570      0.442618   WU    77.446068     56.793783
 ( 5   4) <--> ( 7   4)       -0.774565      0.054541      0.039997   WU     6.998337      5.132114
 ( 6   1) <--> ( 6   1)       -4.726807     -3.295516   (eb)
 ( 6   2) <--> ( 6   1)       -1.573307      0.190407      0.190407   WU    24.431793     24.431793
 ( 6   2) <--> ( 6   2)        0.864755      0.602904   (eb)
 ( 6   3) <--> ( 6   1)       -0.744944      0.042688      0.042688   WU     5.477411      5.477411
 ( 6   3) <--> ( 6   2)       -2.761611      0.586653      0.586653   WU    75.275401     75.275401
 ( 6   3) <--> ( 6   3)       -0.967136     -0.674284   (eb)
 ( 6   4) <--> ( 6   1)        0.207494      0.003312      0.003312   WU     0.424950      0.424950
 ( 6   4) <--> ( 6   2)        0.595795      0.027306      0.027306   WU     3.503661      3.503661
 ( 6   4) <--> ( 6   3)       -0.195709      0.002946      0.002946   WU     0.378052      0.378052
 ( 6   4) <--> ( 6   4)       -4.971274     -3.465957   (eb)
 ( 6   1) <--> ( 7   1)       -0.230242      0.004078      0.003534   WU     0.523234      0.453469
 ( 6   1) <--> ( 7   2)        0.171780      0.002270      0.001967   WU     0.291256      0.252422
 ( 6   1) <--> ( 7   3)       -0.009334      0.000007      0.000006   WU     0.000860      0.000745
 ( 6   1) <--> ( 7   4)       -0.082788      0.000527      0.000457   WU     0.067650      0.058630
 ( 6   2) <--> ( 7   1)       -1.589197      0.194273      0.168370   WU    24.927782     21.604078
 ( 6   2) <--> ( 7   2)       -0.759766      0.044403      0.038483   WU     5.697540      4.937868
 ( 6   2) <--> ( 7   3)       -0.249916      0.004804      0.004164   WU     0.616477      0.534280
 ( 6   2) <--> ( 7   4)        0.077711      0.000465      0.000403   WU     0.059606      0.051658
 ( 6   3) <--> ( 7   1)       -1.473357      0.166983      0.144719   WU    21.426149     18.569329
 ( 6   3) <--> ( 7   2)        2.716309      0.567564      0.491889   WU    72.825993     63.115861
 ( 6   3) <--> ( 7   3)        0.226190      0.003936      0.003411   WU     0.504980      0.437649
 ( 6   3) <--> ( 7   4)       -0.018769      0.000027      0.000023   WU     0.003477      0.003013
 ( 6   4) <--> ( 7   1)       -2.213239      0.376802      0.326562   WU    48.348684     41.902193
 ( 6   4) <--> ( 7   2)        0.415938      0.013308      0.011534   WU     1.707597      1.479918
 ( 6   4) <--> ( 7   3)       -0.239523      0.004413      0.003825   WU     0.566267      0.490764
 ( 6   4) <--> ( 7   4)        0.047274      0.000172      0.000149   WU     0.022058      0.019117
 ( 6   1) <--> ( 8   1)        6.933768      3.698241      2.828067   WU   474.533291    362.878399
 ( 6   1) <--> ( 8   2)        0.142348      0.001559      0.001192   WU     0.200002      0.152942
 ( 6   1) <--> ( 8   3)        0.125106      0.001204      0.000921   WU     0.154485      0.118135
 ( 6   1) <--> ( 8   4)        0.362275      0.010096      0.007720   WU     1.295400      0.990600
 ( 6   2) <--> ( 8   1)        0.745522      0.042754      0.032694   WU     5.485913      4.195110
 ( 6   2) <--> ( 8   2)        5.057061      1.967220      1.504345   WU   252.420409    193.027372
 ( 6   2) <--> ( 8   3)        0.310996      0.007440      0.005689   WU     0.954633      0.730013
 ( 6   2) <--> ( 8   4)        0.082411      0.000522      0.000400   WU     0.067035      0.051262
 ( 6   3) <--> ( 8   1)        0.148209      0.001690      0.001292   WU     0.216809      0.165795
 ( 6   3) <--> ( 8   2)        1.585113      0.193276      0.147799   WU    24.799826     18.964573
 ( 6   3) <--> ( 8   3)        5.389822      2.234630      1.708834   WU   286.732571    219.266084
 ( 6   3) <--> ( 8   4)       -0.385068      0.011406      0.008722   WU     1.463532      1.119172
 ( 6   4) <--> ( 8   1)       -1.613191      0.200183      0.153081   WU    25.686175     19.642369
 ( 6   4) <--> ( 8   2)       -0.861098      0.057038      0.043617   WU     7.318680      5.596638
 ( 6   4) <--> ( 8   3)       -0.967402      0.071990      0.055051   WU     9.237238      7.063770
 ( 6   4) <--> ( 8   4)       -6.806089      3.563296      2.724873   WU   457.218008    349.637300
 ( 7   1) <--> ( 7   1)       -2.979286     -1.995114   (eb)
 ( 7   2) <--> ( 7   1)        2.275591      0.345221      0.345221   WU    44.296434     44.296434
 ( 7   2) <--> ( 7   2)        0.220253      0.147495   (eb)
 ( 7   3) <--> ( 7   1)       -0.190721      0.002425      0.002425   WU     0.311156      0.311156
 ( 7   3) <--> ( 7   2)        2.641457      0.465153      0.465153   WU    59.685276     59.685276
 ( 7   3) <--> ( 7   3)        1.086738      0.727747   (eb)
 ( 7   4) <--> ( 7   1)        0.092233      0.000567      0.000567   WU     0.072771      0.072771
 ( 7   4) <--> ( 7   2)        0.419173      0.011714      0.011714   WU     1.503027      1.503027
 ( 7   4) <--> ( 7   3)       -0.913106      0.055584      0.055584   WU     7.132191      7.132191
 ( 7   4) <--> ( 7   4)       -3.214390     -2.152554   (eb)
 ( 7   1) <--> ( 8   1)        1.297638      0.112258      0.099051   WU    14.404147     12.709541
 ( 7   1) <--> ( 8   2)       -1.838115      0.225245      0.198745   WU    28.901852     25.501634
 ( 7   1) <--> ( 8   3)       -2.035637      0.276255      0.243754   WU    35.447130     31.276879
 ( 7   1) <--> ( 8   4)        1.403699      0.131358      0.115904   WU    16.854973     14.872035
 ( 7   2) <--> ( 8   1)       -0.164759      0.001810      0.001597   WU     0.232210      0.204891
 ( 7   2) <--> ( 8   2)       -1.590673      0.168683      0.148838   WU    21.644230     19.097850
 ( 7   2) <--> ( 8   3)        1.258990      0.105670      0.093239   WU    13.558917     11.963751
 ( 7   2) <--> ( 8   4)       -0.399339      0.010631      0.009381   WU     1.364157      1.203668
 ( 7   3) <--> ( 8   1)        0.058278      0.000226      0.000200   WU     0.029052      0.025634
 ( 7   3) <--> ( 8   2)       -0.136245      0.001238      0.001092   WU     0.158789      0.140108
 ( 7   3) <--> ( 8   3)        0.759657      0.038472      0.033946   WU     4.936463      4.355702
 ( 7   3) <--> ( 8   4)        0.322470      0.006932      0.006117   WU     0.889525      0.784875
 ( 7   4) <--> ( 8   1)        0.094450      0.000595      0.000525   WU     0.076310      0.067333
 ( 7   4) <--> ( 8   2)        0.037822      0.000095      0.000084   WU     0.012237      0.010797
 ( 7   4) <--> ( 8   3)       -0.363030      0.008786      0.007752   WU     1.127366      0.994735
 ( 7   4) <--> ( 8   4)        1.628736      0.176852      0.156046   WU    22.692449     20.022749
 ( 7   1) <--> ( 9   1)       -6.500698      2.817272      2.224162   WU   361.493267    285.389421
 ( 7   1) <--> ( 9   2)        0.011839      0.000009      0.000007   WU     0.001199      0.000947
 ( 7   1) <--> ( 9   3)        0.024714      0.000041      0.000032   WU     0.005225      0.004125
 ( 7   1) <--> ( 9   4)        0.184276      0.002264      0.001787   WU     0.290481      0.229327
 ( 7   2) <--> ( 9   1)        1.106960      0.081691      0.064493   WU    10.481998      8.275262
 ( 7   2) <--> ( 9   2)       -5.278579      1.857560      1.466495   WU   238.349534    188.170684
 ( 7   2) <--> ( 9   3)        0.355274      0.008415      0.006643   WU     1.079711      0.852403
 ( 7   2) <--> ( 9   4)       -0.016728      0.000019      0.000015   WU     0.002394      0.001890
 ( 7   3) <--> ( 9   1)       -0.378535      0.009553      0.007542   WU     1.225723      0.967676
 ( 7   3) <--> ( 9   2)        1.245401      0.103402      0.081633   WU    13.267793     10.474573
 ( 7   3) <--> ( 9   3)       -4.407477      1.295057      1.022413   WU   166.172943    131.189165
 ( 7   3) <--> ( 9   4)       -0.048877      0.000159      0.000126   WU     0.020436      0.016134
 ( 7   4) <--> ( 9   1)       -1.546947      0.159536      0.125950   WU    20.470613     16.161010
 ( 7   4) <--> ( 9   2)        1.264629      0.106619      0.084173   WU    13.680635     10.800501
 ( 7   4) <--> ( 9   3)       -1.615592      0.174009      0.137376   WU    22.327683     17.627118
 ( 7   4) <--> ( 9   4)        6.158586      2.528545      1.996220   WU   324.445830    256.141445
 ( 8   1) <--> ( 8   1)       -5.598496     -3.606529   (eb)
 ( 8   2) <--> ( 8   1)       -1.580766      0.146990      0.146990   WU    18.860704     18.860704
 ( 8   2) <--> ( 8   2)        0.051975      0.033482   (eb)
 ( 8   3) <--> ( 8   1)       -0.872852      0.044816      0.044816   WU     5.750470      5.750470
 ( 8   3) <--> ( 8   2)       -3.246436      0.619962      0.619962   WU    79.549270     79.549270
 ( 8   3) <--> ( 8   3)       -1.659501     -1.069044   (eb)
 ( 8   4) <--> ( 8   1)       -0.221224      0.002879      0.002879   WU     0.369390      0.369390
 ( 8   4) <--> ( 8   2)       -0.284842      0.004773      0.004773   WU     0.612392      0.612392
 ( 8   4) <--> ( 8   3)       -0.406424      0.009717      0.009717   WU     1.246757      1.246757
 ( 8   4) <--> ( 8   4)       -6.172230     -3.976126   (eb)
 ( 8   1) <--> ( 9   1)        0.226237      0.003011      0.002694   WU     0.386321      0.345656
 ( 8   1) <--> ( 9   2)       -0.134717      0.001068      0.000955   WU     0.136983      0.122564
 ( 8   1) <--> ( 9   3)        0.004222      0.000001      0.000001   WU     0.000135      0.000120
 ( 8   1) <--> ( 9   4)       -0.057722      0.000196      0.000175   WU     0.025148      0.022501
 ( 8   2) <--> ( 9   1)        1.517183      0.135403      0.121150   WU    17.373948     15.545111
 ( 8   2) <--> ( 9   2)        0.754271      0.033466      0.029943   WU     4.294151      3.842135
 ( 8   2) <--> ( 9   3)        0.354108      0.007376      0.006600   WU     0.946440      0.846815
 ( 8   2) <--> ( 9   4)        0.089472      0.000471      0.000421   WU     0.060422      0.054062
 ( 8   3) <--> ( 9   1)        1.270481      0.094948      0.084954   WU    12.183130     10.900695
 ( 8   3) <--> ( 9   2)       -2.306300      0.312883      0.279948   WU    40.147095     35.921085
 ( 8   3) <--> ( 9   3)       -0.332548      0.006505      0.005820   WU     0.834699      0.746836
 ( 8   3) <--> ( 9   4)       -0.087479      0.000450      0.000403   WU     0.057760      0.051680
 ( 8   4) <--> ( 9   1)       -2.077034      0.253769      0.227056   WU    32.561912     29.134342
 ( 8   4) <--> ( 9   2)        0.617572      0.022435      0.020073   WU     2.878709      2.575687
 ( 8   4) <--> ( 9   3)       -0.084567      0.000421      0.000376   WU     0.053978      0.048296
 ( 8   4) <--> ( 9   4)       -0.139904      0.001151      0.001030   WU     0.147734      0.132183
 ( 8   1) <--> (10   1)        8.091964      3.851758      3.118090   WU   494.231554    400.092210
 ( 8   1) <--> (10   2)        0.176221      0.001827      0.001479   WU     0.234389      0.189743
 ( 8   1) <--> (10   3)        0.172969      0.001760      0.001425   WU     0.225819      0.182806
 ( 8   1) <--> (10   4)        0.318247      0.005958      0.004823   WU     0.764452      0.618842
 ( 8   2) <--> (10   1)        0.801280      0.037768      0.030574   WU     4.846084      3.923020
 ( 8   2) <--> (10   2)        6.189007      2.253165      1.823991   WU   289.110898    234.042156
 ( 8   2) <--> (10   3)        0.034837      0.000071      0.000058   WU     0.009160      0.007416
 ( 8   2) <--> (10   4)       -0.021091      0.000026      0.000021   WU     0.003357      0.002718
 ( 8   3) <--> (10   1)        0.392927      0.009082      0.007352   WU     1.165326      0.943359
 ( 8   3) <--> (10   2)        2.325842      0.318208      0.257597   WU    40.830328     33.053123
 ( 8   3) <--> (10   3)        6.435949      2.436555      1.972449   WU   312.642254    253.091349
 ( 8   3) <--> (10   4)       -0.545902      0.017530      0.014191   WU     2.249326      1.820883
 ( 8   4) <--> (10   1)        1.890778      0.210296      0.170240   WU    26.983823     21.844047
 ( 8   4) <--> (10   2)        0.871921      0.044720      0.036202   WU     5.738210      4.645217
 ( 8   4) <--> (10   3)        1.517292      0.135422      0.109627   WU    17.376444     14.066645
 ( 8   4) <--> (10   4)        8.076226      3.836790      3.105972   WU   492.310894    398.537390
 ( 9   1) <--> ( 9   1)       -4.176615     -2.593186   (eb)
 ( 9   2) <--> ( 9   1)        2.329412      0.285588      0.285588   WU    36.644658     36.644658
 ( 9   2) <--> ( 9   2)       -0.608572     -0.377852   (eb)
 ( 9   3) <--> ( 9   1)       -0.348779      0.006402      0.006402   WU     0.821523      0.821523
 ( 9   3) <--> ( 9   2)        3.240882      0.552806      0.552806   WU    70.932364     70.932364
 ( 9   3) <--> ( 9   3)       -0.311926     -0.193669   (eb)
 ( 9   4) <--> ( 9   1)       -0.073524      0.000285      0.000285   WU     0.036507      0.036507
 ( 9   4) <--> ( 9   2)        0.068917      0.000250      0.000250   WU     0.032075      0.032075
 ( 9   4) <--> ( 9   3)        1.622933      0.138627      0.138627   WU    17.787674     17.787674
 ( 9   4) <--> ( 9   4)       -4.350643     -2.701236   (eb)
 ( 9   1) <--> (10   1)       -1.416817      0.105651      0.095589   WU    13.556432     12.265344
 ( 9   1) <--> (10   2)        1.950798      0.200295      0.181220   WU    25.700564     23.252891
 ( 9   1) <--> (10   3)        1.495307      0.117681      0.106473   WU    15.100058     13.661957
 ( 9   1) <--> (10   4)       -1.603624      0.135348      0.122458   WU    17.366936     15.712942
 ( 9   2) <--> (10   1)        0.167077      0.001469      0.001329   WU     0.188518      0.170564
 ( 9   2) <--> (10   2)        1.805625      0.171594      0.155252   WU    22.017763     19.920833
 ( 9   2) <--> (10   3)       -1.454001      0.111269      0.100672   WU    14.277344     12.917597
 ( 9   2) <--> (10   4)        0.498435      0.013076      0.011830   WU     1.677783      1.517994
 ( 9   3) <--> (10   1)       -0.066216      0.000231      0.000209   WU     0.029610      0.026790
 ( 9   3) <--> (10   2)        0.153045      0.001233      0.001115   WU     0.158182      0.143117
 ( 9   3) <--> (10   3)       -1.135108      0.067814      0.061356   WU     8.701456      7.872746
 ( 9   3) <--> (10   4)       -0.351139      0.006489      0.005871   WU     0.832678      0.753375
 ( 9   4) <--> (10   1)        0.075804      0.000302      0.000274   WU     0.038806      0.035110
 ( 9   4) <--> (10   2)       -0.001290      0.000000      0.000000   WU     0.000011      0.000010
 ( 9   4) <--> (10   3)       -0.305434      0.004910      0.004442   WU     0.630019      0.570017
 ( 9   4) <--> (10   4)        1.675009      0.147666      0.133603   WU    18.947508     17.142983
 (10   1) <--> (10   1)       -6.426131     -3.853066   (eb)
 (10   2) <--> (10   1)       -1.679158      0.134265      0.134265   WU    17.228016     17.228016
 (10   2) <--> (10   2)       -1.299846     -0.779379   (eb)
 (10   3) <--> (10   1)       -0.880435      0.036913      0.036913   WU     4.736384      4.736384
 (10   3) <--> (10   2)       -3.661670      0.638468      0.638468   WU    81.923883     81.923883
 (10   3) <--> (10   3)       -2.047108     -1.227432   (eb)
 (10   4) <--> (10   1)       -0.143677      0.000983      0.000983   WU     0.126133      0.126133
 (10   4) <--> (10   2)        0.027744      0.000037      0.000037   WU     0.004703      0.004703
 (10   4) <--> (10   3)       -1.007335      0.048320      0.048320   WU     6.200117      6.200117
 (10   4) <--> (10   4)       -6.858308     -4.112196   (eb)
 
  quadrupole shape invariant: 01+, 02+, 03+, 04+
quadr2     6.55358643     5.83988557     9.26619252     7.04740111
quadr3    14.37158411    10.33398406    28.29670719    14.52745116
  effective deformation parameters:  01+, 02+, 03+, 04+
beteff     0.31149473     0.29404470     0.37039221     0.32301722
cos3ga     0.85661583     0.73225320     1.00319168     0.77650801
 
 ********* END Transition **************************
