 ********* BEGIN READER ****************************
 
 Nucleus            :  No 102 228
 Imin, Imax         :     0  10
 imu, remu          :     1 12.0000
 nlevel             :     4
 observables        :     2
 wave fun           :     1
 nbet, ngam, npar   :    10   7  10
 Finish reading parameters: V, B_k ...
 
 ********* END READER ******************************
 
 ********* BEGIN LEVELS ********************
 
 E_0 = -2154.409151
 
  I=   0   ntot= 127
   0   1    0.000000
   0   2    1.332184
   0   3    1.742850
   0   4    2.084172
 
  I=   2   ntot= 234
   2   1    0.080316
   2   2    1.120768
   2   3    1.396823
   2   4    1.860543
 
  I=   3   ntot= 108
   3   1    1.209120
   3   2    2.052267
   3   3    2.481060
   3   4    2.565229
 
  I=   4   ntot= 324
   4   1    0.264302
   4   2    1.318386
   4   3    1.540833
   4   4    2.066722
 
  I=   5   ntot= 198
   5   1    1.459016
   5   2    2.216241
   5   3    2.310452
   5   4    2.620291
 
  I=   6   ntot= 432
   6   1    0.545970
   6   2    1.609762
   6   3    1.755444
   6   4    2.292396
 
  I=   7   ntot= 306
   7   1    1.800395
   7   2    2.433830
   7   3    2.632136
   7   4    2.809452
 
  I=   8   ntot= 522
   8   1    0.918455
   8   2    1.983182
   8   3    2.032783
   8   4    2.514112
 
  I=   9   ntot= 397
   9   1    2.221107
   9   2    2.693338
   9   3    2.960799
   9   4    3.055527
 
  I=  10   ntot= 630
  10   1    1.374450
  10   2    2.354284
  10   3    2.433698
  10   4    2.763895
 
 ********* END LEVELS **********************
 
 ********* BEGIN Transition ************************
 
  Monopole moment 
 
   I   n    <In|E0|In>   ave \beta      del<b>   ave \gamma    del<g>  
     K=0       K=2       K=4   
   0   1     42.343891    0.278179    0.041999   10.965011    8.025612  100.0000    0.0000    0.0000
   0   2     43.072586    0.364713    0.071043   10.718900    7.639097   99.9999    0.0000    0.0000
   0   3     42.738355    0.311686    0.076418   21.496766   10.604914  100.0000    0.0000    0.0000
   0   4     44.362087    0.472301    0.112750   14.375933    8.120622   99.9996    0.0000    0.0000
   2   1     42.349868    0.279136    0.042043   10.891907    7.980423   99.9903    0.0097    0.0000
   2   2     42.476302    0.288476    0.046860   16.025236    7.716690    0.0829   99.9171    0.0000
   2   3     43.103087    0.367873    0.070644   10.716951    7.459133   99.9702    0.0297    0.0000
   2   4     42.824738    0.323290    0.083903   19.986293   10.279193   98.6988    1.3012    0.0000
   3   1     42.489063    0.290372    0.047215   15.771993    7.517866    0.0000  100.0000    0.0000
   3   2     43.870542    0.428796    0.084700   15.816767    7.635555    0.0000   99.9998    0.0000
   3   3     44.904797    0.514588    0.118253   14.174372    6.945822    0.0000   99.9992    0.0000
   3   4     43.205627    0.355141    0.105845   23.160326   13.153279    0.0000   99.9998    0.0000
   4   1     42.363233    0.281224    0.042227   10.763115    7.921460   99.8821    0.1178    0.0001
   4   2     42.503487    0.292302    0.047875   15.682521    7.555471    0.6325   99.2535    0.1140
   4   3     43.160668    0.373722    0.070516   10.747021    7.218867   99.7376    0.2617    0.0005
   4   4     43.097853    0.354171    0.102029   18.453076   10.297699   92.4998    5.2400    2.2601
   5   1     42.524530    0.295248    0.048749   15.397203    7.334153    0.0000   99.7226    0.2774
   5   2     44.027009    0.442610    0.087998   15.517911    7.612813    0.0000   98.9030    1.0968
   5   3     42.991299    0.339034    0.077213   19.955944    8.594276    0.0000    2.0688   97.9312
   5   4     45.103596    0.529360    0.113084   13.850721    6.709481    0.0000   99.6428    0.3562
   6   1     42.383711    0.284318    0.042687   10.623971    7.881123   99.5400    0.4588    0.0011
   6   2     42.547050    0.297975    0.050186   15.456109    7.507364    1.9317   97.4403    0.6197
   6   3     43.241234    0.381668    0.071310   10.844531    6.953431   99.0915    0.9049    0.0034
   6   4     44.086562    0.447617    0.102396   15.814104    8.369830   41.4254   56.9350    1.5744
   7   1     42.580531    0.302487    0.052038   15.085924    7.226354    0.0000   98.9956    0.9968
   7   2     44.267442    0.462993    0.092462   15.150822    7.567383    0.0000   97.0472    2.9261
   7   3     43.437478    0.384689    0.094322   18.538667    8.874024    0.0000    4.7876   92.6831
   7   4     45.078551    0.528047    0.116451   13.712793    6.765504    0.0000   98.3419    1.6419
   8   1     42.412122    0.288438    0.043609   10.508410    7.874661   98.8306    1.1632    0.0061
   8   2     42.647090    0.309943    0.058527   15.440838    7.495442    5.5455   92.7825    1.6393
   8   3     43.324038    0.389666    0.074757   10.976542    6.786069   96.3286    3.6225    0.0477
   8   4     44.544984    0.485974    0.102532   14.889821    7.697048   42.6489   55.2235    2.0814
   9   1     42.680098    0.314548    0.059393   14.893436    7.220952    0.0000   97.6067    2.3545
   9   2     44.593258    0.489366    0.096930   14.719969    7.406038    0.0000   94.0815    5.8032
   9   3     44.285162    0.460318    0.100553   16.770197    8.640238    0.0000   10.2352   84.2838
   9   4     44.907301    0.515834    0.121917   13.767255    6.991173    0.0000   93.2620    6.6205
  10   1     42.451301    0.293864    0.045307   10.441858    7.901674   97.6274    2.3497    0.0224
  10   2     43.513393    0.405220    0.080397   12.217075    6.870052   86.1084   13.4686    0.4123
  10   3     42.764584    0.325426    0.067035   14.280389    9.548553   16.6927   80.0542    3.1501
  10   4     44.908656    0.515141    0.105129   14.107402    7.011306   53.2284   44.4172    2.3002
 
  rho^2(E0) 
 
   I  n_1 n_2  <In_1|E0|In_2>  rho^2(E0) 
   0   1   1       42.343891 3944.919924
   0   2   1        0.257085    0.145416
   0   2   2       43.072586 4081.864150
   0   3   1       -0.018142    0.000724
   0   3   2       -0.259234    0.147857
   0   3   3       42.738355 4018.761893
   0   4   1       -0.086186    0.016343
   0   4   2        0.476668    0.499906
   0   4   3       -0.447129    0.439868
   0   4   4       44.362087 4329.927341
   2   1   1       42.349868 3946.033730
   2   2   1       -0.001049    0.000002
   2   2   2       42.476302 3969.630284
   2   3   1       -0.258619    0.147156
   2   3   2       -0.001518    0.000005
   2   3   3       43.103087 4087.647253
   2   4   1        0.007800    0.000134
   2   4   2       -0.000860    0.000002
   2   4   3       -0.278840    0.171068
   2   4   4       42.824738 4035.023775
   3   1   1       42.489063 3972.015790
   3   2   1       -0.313878    0.216760
   3   2   2       43.870542 4234.505023
   3   3   1        0.141431    0.044010
   3   3   2        0.883995    1.719318
   3   3   3       44.904797 4436.516944
   3   4   1       -0.015606    0.000536
   3   4   2       -0.143136    0.045077
   3   4   3       -0.647260    0.921752
   3   4   4       43.205627 4107.119060
   4   1   1       42.363233 3948.524673
   4   2   1       -0.001201    0.000003
   4   2   2       42.503487 3974.713037
   4   3   1        0.262156    0.151209
   4   3   2        0.007580    0.000126
   4   3   3       43.160668 4098.575814
   4   4   1       -0.012288    0.000332
   4   4   2        0.041646    0.003816
   4   4   3        0.335151    0.247136
   4   4   4       43.097853 4086.654585
   5   1   1       42.524530 3978.649699
   5   2   1       -0.329089    0.238278
   5   2   2       44.027009 4264.764262
   5   3   1        0.019295    0.000819
   5   3   2       -0.056878    0.007118
   5   3   3       42.991299 4066.472122
   5   4   1        0.151234    0.050322
   5   4   2        0.959427    2.025259
   5   4   3       -0.111018    0.027117
   5   4   4       45.103596 4475.885859
   6   1   1       42.383711 3952.342934
   6   2   1       -0.003803    0.000032
   6   2   2       42.547050 3982.864883
   6   3   1        0.268654    0.158797
   6   3   2       -0.027781    0.001698
   6   3   3       43.241234 4113.891448
   6   4   1       -0.039293    0.003397
   6   4   2       -0.267983    0.158005
   6   4   3        0.352970    0.274115
   6   4   4       44.086562 4276.309410
   7   1   1       42.580531 3989.135709
   7   2   1       -0.364167    0.291782
   7   2   2       44.267442 4311.471437
   7   3   1        0.018753    0.000774
   7   3   2       -0.090109    0.017865
   7   3   3       43.437478 4151.316784
   7   4   1        0.168587    0.062532
   7   4   2        1.054593    2.446956
   7   4   3       -0.144746    0.046097
   7   4   4       45.078551 4470.916465
   8   1   1       42.412122 3957.643500
   8   2   1       -0.046436    0.004744
   8   2   2       42.647090 4001.616481
   8   3   1        0.276022    0.167627
   8   3   2       -0.150561    0.049875
   8   3   3       43.324038 4129.662022
   8   4   1        0.060113    0.007950
   8   4   2        0.373293    0.306589
   8   4   3       -0.400567    0.353026
   8   4   4       44.544984 4365.703916
   9   1   1       42.680098 4007.813302
   9   2   1        0.449119    0.443793
   9   2   2       44.593258 4375.171357
   9   3   1       -0.002986    0.000020
   9   3   2       -0.217220    0.103814
   9   3   3       44.285162 4314.923880
   9   4   1       -0.191557    0.080733
   9   4   2        1.130905    2.813902
   9   4   3       -0.163904    0.059107
   9   4   4       44.907301 4437.011688
  10   1   1       42.451301 3964.958756
  10   2   1        0.289462    0.184348
  10   2   2       43.513393 4165.839699
  10   3   1        0.072498    0.011564
  10   3   2        0.115151    0.029174
  10   3   3       42.764584 4023.696041
  10   4   1        0.085158    0.015956
  10   4   2       -0.694997    1.062729
  10   4   3        0.203305    0.090939
  10   4   4       44.908656 4437.279414
 
  E2 transition 
 
  I1  n1        I2  n2       <f||E2||i>   B(E2,I1->I2)  B(E2,I2->I1)
 ( 0   1) <--> ( 2   1)        4.563881     20.829007      4.165801   WU  1537.671012    307.534202
 ( 0   1) <--> ( 2   2)        0.541276      0.292980      0.058596   WU    21.628793      4.325759
 ( 0   1) <--> ( 2   3)       -0.522521      0.273028      0.054606   WU    20.155916      4.031183
 ( 0   1) <--> ( 2   4)       -0.160482      0.025755      0.005151   WU     1.901293      0.380259
 ( 0   2) <--> ( 2   1)        0.624497      0.389997      0.077999   WU    28.790966      5.758193
 ( 0   2) <--> ( 2   2)        0.054849      0.003008      0.000602   WU     0.222095      0.044419
 ( 0   2) <--> ( 2   3)       -5.872674     34.488306      6.897661   WU  2546.048825    509.209765
 ( 0   2) <--> ( 2   4)        0.256878      0.065986      0.013197   WU     4.871327      0.974265
 ( 0   3) <--> ( 2   1)        0.172544      0.029772      0.005954   WU     2.197840      0.439568
 ( 0   3) <--> ( 2   2)       -0.766629      0.587719      0.117544   WU    43.387526      8.677505
 ( 0   3) <--> ( 2   3)        0.543395      0.295278      0.059056   WU    21.798437      4.359687
 ( 0   3) <--> ( 2   4)       -4.846810     23.491564      4.698313   WU  1734.230420    346.846084
 ( 0   4) <--> ( 2   1)       -0.188877      0.035675      0.007135   WU     2.633620      0.526724
 ( 0   4) <--> ( 2   2)       -0.198900      0.039561      0.007912   WU     2.920539      0.584108
 ( 0   4) <--> ( 2   3)       -0.806421      0.650315      0.130063   WU    48.008550      9.601710
 ( 0   4) <--> ( 2   4)        1.320048      1.742526      0.348505   WU   128.639435     25.727887
 ( 2   1) <--> ( 2   1)       -5.444915     -4.126882   (eb)
 ( 2   2) <--> ( 2   1)        0.814089      0.132548      0.132548   WU     9.785178      9.785178
 ( 2   2) <--> ( 2   2)        5.531071      4.192182   (eb)
 ( 2   3) <--> ( 2   1)        0.672706      0.090507      0.090507   WU     6.681520      6.681520
 ( 2   3) <--> ( 2   2)       -0.247076      0.012209      0.012209   WU     0.901331      0.901331
 ( 2   3) <--> ( 2   3)       -7.013140     -5.315492   (eb)
 ( 2   4) <--> ( 2   1)        0.195180      0.007619      0.007619   WU     0.562463      0.562463
 ( 2   4) <--> ( 2   2)        0.510596      0.052142      0.052142   WU     3.849277      3.849277
 ( 2   4) <--> ( 2   3)        0.497321      0.049466      0.049466   WU     3.651722      3.651722
 ( 2   4) <--> ( 2   4)       -5.570932     -4.222394   (eb)
 ( 2   1) <--> ( 3   1)        0.864924      0.149619      0.106870   WU    11.045382      7.889559
 ( 2   1) <--> ( 3   2)        0.051974      0.000540      0.000386   WU     0.039884      0.028489
 ( 2   1) <--> ( 3   3)       -0.009426      0.000018      0.000013   WU     0.001312      0.000937
 ( 2   1) <--> ( 3   4)        0.017343      0.000060      0.000043   WU     0.004441      0.003172
 ( 2   2) <--> ( 3   1)       -7.307613     10.680240      7.628743   WU   788.453159    563.180828
 ( 2   2) <--> ( 3   2)        0.737486      0.108777      0.077698   WU     8.030306      5.735933
 ( 2   2) <--> ( 3   3)       -0.480441      0.046165      0.032975   WU     3.408037      2.434312
 ( 2   2) <--> ( 3   4)       -0.248702      0.012371      0.008836   WU     0.913237      0.652312
 ( 2   3) <--> ( 3   1)       -0.121728      0.002964      0.002117   WU     0.218780      0.156271
 ( 2   3) <--> ( 3   2)        1.024309      0.209842      0.149887   WU    15.491260     11.065186
 ( 2   3) <--> ( 3   3)       -0.340197      0.023147      0.016533   WU     1.708779      1.220556
 ( 2   3) <--> ( 3   4)       -0.081086      0.001315      0.000939   WU     0.097077      0.069341
 ( 2   4) <--> ( 3   1)        1.239530      0.307287      0.219491   WU    22.685026     16.203590
 ( 2   4) <--> ( 3   2)       -0.831951      0.138429      0.098878   WU    10.219282      7.299487
 ( 2   4) <--> ( 3   3)       -0.274211      0.015038      0.010742   WU     1.110186      0.792990
 ( 2   4) <--> ( 3   4)       -0.897427      0.161075      0.115054   WU    11.891138      8.493670
 ( 2   1) <--> ( 4   1)        7.369236     10.861128      6.033960   WU   801.806904    445.448280
 ( 2   1) <--> ( 4   2)        0.380857      0.029010      0.016117   WU     2.141655      1.189809
 ( 2   1) <--> ( 4   3)        0.729569      0.106454      0.059141   WU     7.858835      4.366020
 ( 2   1) <--> ( 4   4)       -0.263989      0.013938      0.007743   WU     1.028954      0.571641
 ( 2   2) <--> ( 4   1)        0.228633      0.010455      0.005808   WU     0.771795      0.428775
 ( 2   2) <--> ( 4   2)        4.864947      4.733543      2.629746   WU   349.446888    194.137160
 ( 2   2) <--> ( 4   3)        0.077597      0.001204      0.000669   WU     0.088903      0.049391
 ( 2   2) <--> ( 4   4)        0.215326      0.009273      0.005152   WU     0.684569      0.380316
 ( 2   3) <--> ( 4   1)       -1.093615      0.239199      0.132888   WU    17.658500      9.810278
 ( 2   3) <--> ( 4   2)        0.000682      0.000000      0.000000   WU     0.000007      0.000004
 ( 2   3) <--> ( 4   3)       -9.547626     18.231432     10.128573   WU  1345.908867    747.727149
 ( 2   3) <--> ( 4   4)       -0.400650      0.032104      0.017836   WU     2.370034      1.316685
 ( 2   4) <--> ( 4   1)       -0.341827      0.023369      0.012983   WU     1.725189      0.958438
 ( 2   4) <--> ( 4   2)        0.988309      0.195351      0.108528   WU    14.421510      8.011950
 ( 2   4) <--> ( 4   3)        1.000157      0.200063      0.111146   WU    14.769343      8.205191
 ( 2   4) <--> ( 4   4)        8.079112     13.054410      7.252450   WU   963.722765    535.401536
 ( 3   1) <--> ( 3   1)        0.000000      0.000000   (eb)
 ( 3   2) <--> ( 3   1)        0.000000      0.000000      0.000000   WU     0.000000      0.000000
 ( 3   2) <--> ( 3   2)        0.000000      0.000000   (eb)
 ( 3   3) <--> ( 3   1)        0.000000      0.000000      0.000000   WU     0.000000      0.000000
 ( 3   3) <--> ( 3   2)        0.000000      0.000000      0.000000   WU     0.000000      0.000000
 ( 3   3) <--> ( 3   3)        0.000000      0.000000   (eb)
 ( 3   4) <--> ( 3   1)        0.000000      0.000000      0.000000   WU     0.000000      0.000000
 ( 3   4) <--> ( 3   2)        0.000000      0.000000      0.000000   WU     0.000000      0.000000
 ( 3   4) <--> ( 3   3)        0.000000      0.000000      0.000000   WU     0.000000      0.000000
 ( 3   4) <--> ( 3   4)        0.000000      0.000000   (eb)
 ( 3   1) <--> ( 4   1)       -0.817835      0.095551      0.074317   WU     7.053887      5.486356
 ( 3   1) <--> ( 4   2)       -7.195836      7.397151      5.753340   WU   546.083891    424.731915
 ( 3   1) <--> ( 4   3)       -0.308065      0.013558      0.010545   WU     1.000878      0.778460
 ( 3   1) <--> ( 4   4)        0.012027      0.000021      0.000016   WU     0.001525      0.001186
 ( 3   2) <--> ( 4   1)       -0.029314      0.000123      0.000095   WU     0.009062      0.007048
 ( 3   2) <--> ( 4   2)        0.985426      0.138724      0.107896   WU    10.241063      7.965271
 ( 3   2) <--> ( 4   3)        1.185036      0.200616      0.156035   WU    14.810173     11.519023
 ( 3   2) <--> ( 4   4)        1.869394      0.499233      0.388292   WU    36.855161     28.665125
 ( 3   3) <--> ( 4   1)       -0.001528      0.000000      0.000000   WU     0.000025      0.000019
 ( 3   3) <--> ( 4   2)       -0.577196      0.047594      0.037017   WU     3.513527      2.732744
 ( 3   3) <--> ( 4   3)       -0.300176      0.012872      0.010012   WU     0.950277      0.739104
 ( 3   3) <--> ( 4   4)        1.182501      0.199758      0.155368   WU    14.746879     11.469795
 ( 3   4) <--> ( 4   1)       -0.012622      0.000023      0.000018   WU     0.001680      0.001307
 ( 3   4) <--> ( 4   2)       -0.351709      0.017671      0.013744   WU     1.304556      1.014654
 ( 3   4) <--> ( 4   3)       -0.088951      0.001130      0.000879   WU     0.083445      0.064902
 ( 3   4) <--> ( 4   4)        1.642542      0.385421      0.299772   WU    28.453117     22.130202
 ( 3   1) <--> ( 5   1)        6.851639      6.706422      4.267723   WU   495.091819    315.058430
 ( 3   1) <--> ( 5   2)       -0.538475      0.041422      0.026360   WU     3.057932      1.945956
 ( 3   1) <--> ( 5   3)       -0.871926      0.108608      0.069114   WU     8.017817      5.102247
 ( 3   1) <--> ( 5   4)        0.313416      0.014033      0.008930   WU     1.035949      0.659240
 ( 3   2) <--> ( 5   1)       -1.143079      0.186661      0.118784   WU    13.779991      8.769085
 ( 3   2) <--> ( 5   2)       10.010231     14.314959      9.109520   WU  1056.780989    672.496993
 ( 3   2) <--> ( 5   3)        0.075448      0.000813      0.000517   WU     0.060033      0.038203
 ( 3   2) <--> ( 5   4)        0.809351      0.093578      0.059550   WU     6.908295      4.396188
 ( 3   3) <--> ( 5   1)        0.634554      0.057523      0.036605   WU     4.246522      2.702332
 ( 3   3) <--> ( 5   2)        2.827540      1.142141      0.726817   WU    84.316872     53.656191
 ( 3   3) <--> ( 5   3)        0.153143      0.003350      0.002132   WU     0.247337      0.157396
 ( 3   3) <--> ( 5   4)       11.779002     19.820697     12.613171   WU  1463.234006    931.148913
 ( 3   4) <--> ( 5   1)        0.454760      0.029544      0.018801   WU     2.181024      1.387925
 ( 3   4) <--> ( 5   2)       -0.640382      0.058584      0.037281   WU     4.324889      2.752202
 ( 3   4) <--> ( 5   3)        1.930879      0.532613      0.338936   WU    39.319386     25.021427
 ( 3   4) <--> ( 5   4)       -2.760764      1.088831      0.692893   WU    80.381390     51.151793
 ( 4   1) <--> ( 4   1)       -6.964080     -5.251581   (eb)
 ( 4   2) <--> ( 4   1)        1.210903      0.162921      0.162921   WU    12.027382     12.027382
 ( 4   2) <--> ( 4   2)       -2.757302     -2.079269   (eb)
 ( 4   3) <--> ( 4   1)       -0.836115      0.077676      0.077676   WU     5.734349      5.734349
 ( 4   3) <--> ( 4   2)        0.353620      0.013894      0.013894   WU     1.025711      1.025711
 ( 4   3) <--> ( 4   3)       -9.011963     -6.795881   (eb)
 ( 4   4) <--> ( 4   1)        0.257788      0.007384      0.007384   WU     0.545101      0.545101
 ( 4   4) <--> ( 4   2)        0.927573      0.095599      0.095599   WU     7.057466      7.057466
 ( 4   4) <--> ( 4   3)       -0.495277      0.027256      0.027256   WU     2.012099      2.012099
 ( 4   4) <--> ( 4   4)       -6.881694     -5.189454   (eb)
 ( 4   1) <--> ( 5   1)        0.873994      0.084874      0.069442   WU     6.265692      5.126476
 ( 4   1) <--> ( 5   2)        0.073176      0.000595      0.000487   WU     0.043923      0.035937
 ( 4   1) <--> ( 5   3)        0.000360      0.000000      0.000000   WU     0.000001      0.000001
 ( 4   1) <--> ( 5   4)       -0.025928      0.000075      0.000061   WU     0.005514      0.004512
 ( 4   2) <--> ( 5   1)       -6.704445      4.994398      4.086326   WU   368.704177    301.667054
 ( 4   2) <--> ( 5   2)        0.518241      0.029842      0.024416   WU     2.203011      1.802464
 ( 4   2) <--> ( 5   3)       -1.417316      0.223198      0.182617   WU    16.477284     13.481415
 ( 4   2) <--> ( 5   4)       -0.392098      0.017082      0.013976   WU     1.261078      1.031791
 ( 4   3) <--> ( 5   1)        0.129162      0.001854      0.001517   WU     0.136843      0.111963
 ( 4   3) <--> ( 5   2)       -0.955174      0.101373      0.082942   WU     7.483715      6.123040
 ( 4   3) <--> ( 5   3)        0.041035      0.000187      0.000153   WU     0.013812      0.011301
 ( 4   3) <--> ( 5   4)        0.371768      0.015357      0.012565   WU     1.133693      0.927567
 ( 4   4) <--> ( 5   1)        1.383415      0.212649      0.173985   WU    15.698469     12.844202
 ( 4   4) <--> ( 5   2)        0.164767      0.003016      0.002468   WU     0.222687      0.182199
 ( 4   4) <--> ( 5   3)        1.045329      0.121413      0.099338   WU     8.963101      7.333446
 ( 4   4) <--> ( 5   4)       -0.039737      0.000175      0.000144   WU     0.012952      0.010597
 ( 4   1) <--> ( 6   1)        9.402245      9.822468      6.800170   WU   725.129339    502.012620
 ( 4   1) <--> ( 6   2)       -0.263984      0.007743      0.005361   WU     0.571621      0.395737
 ( 4   1) <--> ( 6   3)        0.792778      0.069833      0.048346   WU     5.155314      3.569064
 ( 4   1) <--> ( 6   4)       -0.275880      0.008457      0.005855   WU     0.624298      0.432207
 ( 4   2) <--> ( 6   1)        0.473633      0.024925      0.017256   WU     1.840082      1.273903
 ( 4   2) <--> ( 6   2)       -8.376577      7.796338      5.397464   WU   575.553239    398.459935
 ( 4   2) <--> ( 6   3)        0.061218      0.000416      0.000288   WU     0.030741      0.021282
 ( 4   2) <--> ( 6   4)        0.391263      0.017010      0.011776   WU     1.255713      0.869340
 ( 4   3) <--> ( 6   1)        1.490370      0.246800      0.170862   WU    18.219680     12.613625
 ( 4   3) <--> ( 6   2)       -0.191921      0.004093      0.002833   WU     0.302134      0.209169
 ( 4   3) <--> ( 6   3)       12.297781     16.803937     11.633495   WU  1240.526084    858.825751
 ( 4   3) <--> ( 6   4)        0.519211      0.029953      0.020737   WU     2.211259      1.530872
 ( 4   4) <--> ( 6   1)       -0.526641      0.030817      0.021335   WU     2.275004      1.575002
 ( 4   4) <--> ( 6   2)       -1.318449      0.193145      0.133716   WU    14.258677      9.871392
 ( 4   4) <--> ( 6   3)        1.607935      0.287273      0.198881   WU    21.207481     14.682102
 ( 4   4) <--> ( 6   4)        8.803930      8.612131      5.962245   WU   635.778036    440.154025
 ( 5   1) <--> ( 5   1)       -4.657586     -3.381999   (eb)
 ( 5   2) <--> ( 5   1)        0.457112      0.018996      0.018996   WU     1.402323      1.402323
 ( 5   2) <--> ( 5   2)       -6.617795     -4.805360   (eb)
 ( 5   3) <--> ( 5   1)       -1.406961      0.179958      0.179958   WU    13.285140     13.285140
 ( 5   3) <--> ( 5   2)        1.741640      0.275755      0.275755   WU    20.357236     20.357236
 ( 5   3) <--> ( 5   3)        5.006518      3.635367   (eb)
 ( 5   4) <--> ( 5   1)       -0.317368      0.009157      0.009157   WU     0.675972      0.675972
 ( 5   4) <--> ( 5   2)       -1.379157      0.172916      0.172916   WU    12.765250     12.765250
 ( 5   4) <--> ( 5   3)        0.012571      0.000014      0.000014   WU     0.001061      0.001061
 ( 5   4) <--> ( 5   4)       -8.297377     -6.024949   (eb)
 ( 5   1) <--> ( 6   1)       -1.231281      0.137823      0.116619   WU    10.174574      8.609255
 ( 5   1) <--> ( 6   2)        6.348149      3.663545      3.099922   WU   270.455843    228.847252
 ( 5   1) <--> ( 6   3)       -0.386640      0.013590      0.011499   WU     1.003268      0.848919
 ( 5   1) <--> ( 6   4)       -0.276725      0.006962      0.005891   WU     0.513925      0.434859
 ( 5   2) <--> ( 6   1)       -0.054228      0.000267      0.000226   WU     0.019735      0.016699
 ( 5   2) <--> ( 6   2)       -1.014961      0.093650      0.079242   WU     6.913549      5.849926
 ( 5   2) <--> ( 6   3)        1.834264      0.305866      0.258810   WU    22.580095     19.106234
 ( 5   2) <--> ( 6   4)        7.830387      5.574088      4.716536   WU   411.498895    348.191372
 ( 5   3) <--> ( 6   1)       -0.003562      0.000001      0.000001   WU     0.000085      0.000072
 ( 5   3) <--> ( 6   2)       -0.767902      0.053607      0.045360   WU     3.957438      3.348601
 ( 5   3) <--> ( 6   3)       -0.130154      0.001540      0.001303   WU     0.113688      0.096198
 ( 5   3) <--> ( 6   4)        0.931893      0.078948      0.066802   WU     5.828199      4.931553
 ( 5   4) <--> ( 6   1)        0.006317      0.000004      0.000003   WU     0.000268      0.000227
 ( 5   4) <--> ( 6   2)        0.454859      0.018809      0.015915   WU     1.388531      1.174911
 ( 5   4) <--> ( 6   3)       -0.451797      0.018556      0.015702   WU     1.369902      1.159148
 ( 5   4) <--> ( 6   4)        2.715448      0.670333      0.567205   WU    49.486330     41.873049
 ( 5   1) <--> ( 7   1)        9.612869      8.400660      6.160484   WU   620.166427    454.788713
 ( 5   1) <--> ( 7   2)       -0.507784      0.023440      0.017190   WU     1.730455      1.269000
 ( 5   1) <--> ( 7   3)       -0.433895      0.017115      0.012551   WU     1.263489      0.926559
 ( 5   1) <--> ( 7   4)        0.384822      0.013463      0.009873   WU     0.993851      0.728824
 ( 5   2) <--> ( 7   1)       -1.896402      0.326940      0.239756   WU    24.135861     17.699631
 ( 5   2) <--> ( 7   2)       14.246071     18.450049     13.530036   WU  1362.047971    998.835179
 ( 5   2) <--> ( 7   3)       -0.069106      0.000434      0.000318   WU     0.032050      0.023504
 ( 5   2) <--> ( 7   4)        0.732475      0.048774      0.035768   WU     3.600704      2.640516
 ( 5   3) <--> ( 7   1)       -0.091653      0.000764      0.000560   WU     0.056376      0.041342
 ( 5   3) <--> ( 7   2)       -0.155405      0.002196      0.001610   WU     0.162080      0.118859
 ( 5   3) <--> ( 7   3)        7.571160      5.211133      3.821498   WU   384.704309    282.116493
 ( 5   3) <--> ( 7   4)        0.084253      0.000645      0.000473   WU     0.047640      0.034936
 ( 5   4) <--> ( 7   1)        0.812244      0.059976      0.043983   WU     4.427669      3.246957
 ( 5   4) <--> ( 7   2)        4.789706      2.085572      1.529419   WU   153.964276    112.907136
 ( 5   4) <--> ( 7   3)       -1.025658      0.095634      0.070132   WU     7.060043      5.177365
 ( 5   4) <--> ( 7   4)       16.555849     24.917832     18.273077   WU  1839.522577   1348.983223
 ( 6   1) <--> ( 6   1)       -8.288829     -5.778948   (eb)
 ( 6   2) <--> ( 6   1)       -1.469941      0.166210      0.166210   WU    12.270183     12.270183
 ( 6   2) <--> ( 6   2)       -5.866755     -4.090284   (eb)
 ( 6   3) <--> ( 6   1)       -0.993714      0.075959      0.075959   WU     5.607560      5.607560
 ( 6   3) <--> ( 6   2)       -0.398766      0.012232      0.012232   WU     0.903002      0.903002
 ( 6   3) <--> ( 6   3)      -10.780980     -7.516468   (eb)
 ( 6   4) <--> ( 6   1)        0.176488      0.002396      0.002396   WU     0.176882      0.176882
 ( 6   4) <--> ( 6   2)       -0.075520      0.000439      0.000439   WU     0.032387      0.032387
 ( 6   4) <--> ( 6   3)        0.660103      0.033518      0.033518   WU     2.474427      2.474427
 ( 6   4) <--> ( 6   4)       -7.960354     -5.549935   (eb)
 ( 6   1) <--> ( 7   1)        0.839289      0.054185      0.046960   WU     4.000136      3.466784
 ( 6   1) <--> ( 7   2)        0.099945      0.000768      0.000666   WU     0.056725      0.049162
 ( 6   1) <--> ( 7   3)       -0.002247      0.000000      0.000000   WU     0.000029      0.000025
 ( 6   1) <--> ( 7   4)       -0.046291      0.000165      0.000143   WU     0.012169      0.010546
 ( 6   2) <--> ( 7   1)        5.882567      2.661892      2.306973   WU   196.510312    170.308937
 ( 6   2) <--> ( 7   2)       -0.352042      0.009533      0.008262   WU     0.703784      0.609946
 ( 6   2) <--> ( 7   3)        1.267090      0.123501      0.107034   WU     9.117303      7.901662
 ( 6   2) <--> ( 7   4)        0.334822      0.008624      0.007474   WU     0.636619      0.551737
 ( 6   3) <--> ( 7   1)        0.256393      0.005057      0.004383   WU     0.373306      0.323532
 ( 6   3) <--> ( 7   2)       -0.816402      0.051270      0.044434   WU     3.784949      3.280289
 ( 6   3) <--> ( 7   3)        0.028790      0.000064      0.000055   WU     0.004707      0.004079
 ( 6   3) <--> ( 7   4)        0.423106      0.013771      0.011935   WU     1.016600      0.881054
 ( 6   4) <--> ( 7   1)        0.071306      0.000391      0.000339   WU     0.028874      0.025024
 ( 6   4) <--> ( 7   2)        5.514028      2.338808      2.026967   WU   172.659098    149.637885
 ( 6   4) <--> ( 7   3)       -0.515760      0.020462      0.017734   WU     1.510589      1.309177
 ( 6   4) <--> ( 7   4)        0.319049      0.007830      0.006786   WU     0.578052      0.500979
 ( 6   1) <--> ( 8   1)       11.169745      9.597169      7.339012   WU   708.496994    541.791819
 ( 6   1) <--> ( 8   2)       -0.251956      0.004883      0.003734   WU     0.360496      0.275673
 ( 6   1) <--> ( 8   3)        0.761639      0.044623      0.034123   WU     3.294196      2.519091
 ( 6   1) <--> ( 8   4)        0.308739      0.007332      0.005607   WU     0.541296      0.413932
 ( 6   2) <--> ( 8   1)       -0.692163      0.036853      0.028182   WU     2.720621      2.080475
 ( 6   2) <--> ( 8   2)       10.742030      8.876247      6.787719   WU   655.276013    501.093422
 ( 6   2) <--> ( 8   3)        1.221377      0.114751      0.087751   WU     8.471321      6.478069
 ( 6   2) <--> ( 8   4)        0.237024      0.004322      0.003305   WU     0.319032      0.243966
 ( 6   3) <--> ( 8   1)        1.886407      0.273733      0.209325   WU    20.207949     15.453137
 ( 6   3) <--> ( 8   2)       -2.251289      0.389869      0.298135   WU    28.781541     22.009414
 ( 6   3) <--> ( 8   3)       14.601481     16.400251     12.541368   WU  1210.724557    925.848190
 ( 6   3) <--> ( 8   4)       -0.338546      0.008816      0.006742   WU     0.650858      0.497715
 ( 6   4) <--> ( 8   1)       -0.522680      0.021015      0.016070   WU     1.551398      1.186363
 ( 6   4) <--> ( 8   2)       -2.883212      0.639455      0.488995   WU    47.206811     36.099326
 ( 6   4) <--> ( 8   3)        2.534080      0.493966      0.377739   WU    36.466346     27.886030
 ( 6   4) <--> ( 8   4)      -17.055698     22.376679     17.111578   WU  1651.925660   1263.237270
 ( 7   1) <--> ( 7   1)       -7.126815     -4.772556   (eb)
 ( 7   2) <--> ( 7   1)        0.718771      0.034442      0.034442   WU     2.542636      2.542636
 ( 7   2) <--> ( 7   2)      -10.265669     -6.874527   (eb)
 ( 7   3) <--> ( 7   1)       -1.813257      0.219193      0.219193   WU    16.181629     16.181629
 ( 7   3) <--> ( 7   2)        2.636484      0.463403      0.463403   WU    34.210062     34.210062
 ( 7   3) <--> ( 7   3)       -1.586652     -1.062520   (eb)
 ( 7   4) <--> ( 7   1)       -0.513692      0.017592      0.017592   WU     1.298699      1.298699
 ( 7   4) <--> ( 7   2)       -1.971723      0.259180      0.259180   WU    19.133549     19.133549
 ( 7   4) <--> ( 7   3)        0.573731      0.021944      0.021944   WU     1.620020      1.620020
 ( 7   4) <--> ( 7   4)      -12.128921     -8.122275   (eb)
 ( 7   1) <--> ( 8   1)       -1.589633      0.168462      0.148643   WU    12.436480     10.973365
 ( 7   1) <--> ( 8   2)        5.730397      2.189163      1.931615   WU   161.611787    142.598635
 ( 7   1) <--> ( 8   3)        0.243623      0.003957      0.003491   WU     0.292107      0.257741
 ( 7   1) <--> ( 8   4)        0.159723      0.001701      0.001501   WU     0.125557      0.110786
 ( 7   2) <--> ( 8   1)       -0.097915      0.000639      0.000564   WU     0.047185      0.041633
 ( 7   2) <--> ( 8   2)       -1.460263      0.142158      0.125433   WU    10.494603      9.259944
 ( 7   2) <--> ( 8   3)        2.292857      0.350480      0.309247   WU    25.873649     22.829691
 ( 7   2) <--> ( 8   4)       -7.604811      3.855543      3.401950   WU   284.629826    251.143964
 ( 7   3) <--> ( 8   1)       -0.004759      0.000002      0.000001   WU     0.000111      0.000098
 ( 7   3) <--> ( 8   2)       -1.236986      0.102009      0.090008   WU     7.530664      6.644704
 ( 7   3) <--> ( 8   3)       -0.335244      0.007493      0.006611   WU     0.553128      0.488054
 ( 7   3) <--> ( 8   4)       -1.033249      0.071174      0.062800   WU     5.254281      4.636130
 ( 7   4) <--> ( 8   1)        0.021998      0.000032      0.000028   WU     0.002382      0.002101
 ( 7   4) <--> ( 8   2)        0.495887      0.016394      0.014465   WU     1.210233      1.067852
 ( 7   4) <--> ( 8   3)       -0.605526      0.024444      0.021568   WU     1.804550      1.592250
 ( 7   4) <--> ( 8   4)       -3.404520      0.772717      0.681809   WU    57.044724     50.333580
 ( 7   1) <--> ( 9   1)       11.848174      9.358615      7.388381   WU   690.886122    545.436412
 ( 7   1) <--> ( 9   2)        0.213272      0.003032      0.002394   WU     0.223857      0.176729
 ( 7   1) <--> ( 9   3)        0.164135      0.001796      0.001418   WU     0.132589      0.104675
 ( 7   1) <--> ( 9   4)       -0.364334      0.008849      0.006986   WU     0.653286      0.515752
 ( 7   2) <--> ( 9   1)       -3.058194      0.623503      0.492240   WU    46.029236     36.338870
 ( 7   2) <--> ( 9   2)      -17.861994     21.270056     16.792149   WU  1570.230812   1239.655904
 ( 7   2) <--> ( 9   3)        0.374162      0.009333      0.007368   WU     0.689004      0.543951
 ( 7   2) <--> ( 9   4)       -0.236266      0.003721      0.002938   WU     0.274729      0.216891
 ( 7   3) <--> ( 9   1)       -0.237178      0.003750      0.002961   WU     0.276854      0.218569
 ( 7   3) <--> ( 9   2)        0.056336      0.000212      0.000167   WU     0.015620      0.012331
 ( 7   3) <--> ( 9   3)      -12.191807      9.909343      7.823166   WU   731.542806    577.533794
 ( 7   3) <--> ( 9   4)       -0.863818      0.049745      0.039273   WU     3.672381      2.899248
 ( 7   4) <--> ( 9   1)        1.036047      0.071560      0.056494   WU     5.282783      4.170618
 ( 7   4) <--> ( 9   2)       -6.991025      3.258295      2.572338   WU   240.538877    189.899114
 ( 7   4) <--> ( 9   3)        2.993135      0.597257      0.471519   WU    44.091633     34.809184
 ( 7   4) <--> ( 9   4)      -19.281401     24.784829     19.566970   WU  1829.703808   1444.503006
 ( 8   1) <--> ( 8   1)       -9.456824     -6.092048   (eb)
 ( 8   2) <--> ( 8   1)       -1.516372      0.135258      0.135258   WU     9.985213      9.985213
 ( 8   2) <--> ( 8   2)       -7.758259     -4.997840   (eb)
 ( 8   3) <--> ( 8   1)       -1.355311      0.108051      0.108051   WU     7.976708      7.976708
 ( 8   3) <--> ( 8   2)        0.109543      0.000706      0.000706   WU     0.052109      0.052109
 ( 8   3) <--> ( 8   3)      -12.396751     -7.985937   (eb)
 ( 8   4) <--> ( 8   1)       -0.173718      0.001775      0.001775   WU     0.131049      0.131049
 ( 8   4) <--> ( 8   2)       -0.266610      0.004181      0.004181   WU     0.308672      0.308672
 ( 8   4) <--> ( 8   3)       -0.624653      0.022952      0.022952   WU     1.694432      1.694432
 ( 8   4) <--> ( 8   4)      -11.064986     -7.128020   (eb)
 ( 8   1) <--> ( 9   1)        0.773663      0.035209      0.031503   WU     2.599256      2.325650
 ( 8   1) <--> ( 9   2)       -0.139612      0.001147      0.001026   WU     0.084643      0.075733
 ( 8   1) <--> ( 9   3)       -0.001610      0.000000      0.000000   WU     0.000011      0.000010
 ( 8   1) <--> ( 9   4)        0.078555      0.000363      0.000325   WU     0.026798      0.023977
 ( 8   2) <--> ( 9   1)        5.205002      1.593649      1.425897   WU   117.648846    105.264757
 ( 8   2) <--> ( 9   2)        0.127452      0.000956      0.000855   WU     0.070541      0.063116
 ( 8   2) <--> ( 9   3)       -0.897692      0.047403      0.042413   WU     3.499454      3.131090
 ( 8   2) <--> ( 9   4)       -0.267898      0.004222      0.003777   WU     0.311664      0.278857
 ( 8   3) <--> ( 9   1)        1.074713      0.067942      0.060790   WU     5.015693      4.487725
 ( 8   3) <--> ( 9   2)        0.615256      0.022267      0.019923   WU     1.643832      1.470797
 ( 8   3) <--> ( 9   3)       -0.066008      0.000256      0.000229   WU     0.018921      0.016929
 ( 8   3) <--> ( 9   4)       -0.490239      0.014137      0.012649   WU     1.043665      0.933806
 ( 8   4) <--> ( 9   1)        0.264948      0.004129      0.003695   WU     0.304836      0.272748
 ( 8   4) <--> ( 9   2)        4.893164      1.408415      1.260161   WU   103.974194     93.029542
 ( 8   4) <--> ( 9   3)       -0.908338      0.048534      0.043425   WU     3.582949      3.205797
 ( 8   4) <--> ( 9   4)       -0.036470      0.000078      0.000070   WU     0.005776      0.005168
 ( 8   1) <--> (10   1)       12.821208      9.669611      7.827780   WU   713.844911    577.874451
 ( 8   1) <--> (10   2)        0.691186      0.028102      0.022749   WU     2.074607      1.679444
 ( 8   1) <--> (10   3)        0.187655      0.002071      0.001677   WU     0.152920      0.123793
 ( 8   1) <--> (10   4)        0.348757      0.007155      0.005792   WU     0.528192      0.427584
 ( 8   2) <--> (10   1)       -1.199207      0.084594      0.068481   WU     6.245023      5.055495
 ( 8   2) <--> (10   2)       -6.301595      2.335888      1.890957   WU   172.443553    139.597162
 ( 8   2) <--> (10   3)       11.616879      7.938345      6.426279   WU   586.036743    474.410697
 ( 8   2) <--> (10   4)       -0.262343      0.004048      0.003277   WU     0.298873      0.241945
 ( 8   3) <--> (10   1)        2.217896      0.289357      0.234241   WU    21.361330     17.292505
 ( 8   3) <--> (10   2)       15.884226     14.841685     12.014698   WU  1095.665742    886.967506
 ( 8   3) <--> (10   3)        6.134332      2.213531      1.791906   WU   163.410725    132.284873
 ( 8   3) <--> (10   4)       -0.039328      0.000091      0.000074   WU     0.006717      0.005437
 ( 8   4) <--> (10   1)        0.651101      0.024937      0.020187   WU     1.840952      1.490294
 ( 8   4) <--> (10   2)       -5.397534      1.713728      1.387303   WU   126.513436    102.415639
 ( 8   4) <--> (10   3)        2.410155      0.341697      0.276612   WU    25.225271     20.420457
 ( 8   4) <--> (10   4)       21.070163     26.114809     21.140560   WU  1927.887649   1560.670954
 ( 9   1) <--> ( 9   1)       -8.966967     -5.567430   (eb)
 ( 9   2) <--> ( 9   1)       -1.006703      0.053340      0.053340   WU     3.937715      3.937715
 ( 9   2) <--> ( 9   2)      -13.111348     -8.140602   (eb)
 ( 9   3) <--> ( 9   1)        1.830793      0.176411      0.176411   WU    13.023260     13.023260
 ( 9   3) <--> ( 9   2)        3.956535      0.823904      0.823904   WU    60.823484     60.823484
 ( 9   3) <--> ( 9   3)       -7.329154     -4.550541   (eb)
 ( 9   4) <--> ( 9   1)        0.790520      0.032891      0.032891   WU     2.428103      2.428103
 ( 9   4) <--> ( 9   2)       -2.107049      0.233666      0.233666   WU    17.250049     17.250049
 ( 9   4) <--> ( 9   3)        1.490802      0.116973      0.116973   WU     8.635381      8.635381
 ( 9   4) <--> ( 9   4)      -13.871600     -8.612629   (eb)
 ( 9   1) <--> (10   1)       -1.924108      0.194852      0.176295   WU    14.384676     13.014707
 ( 9   1) <--> (10   2)       -2.275873      0.272610      0.246648   WU    20.125067     18.208394
 ( 9   1) <--> (10   3)        4.875261      1.250956      1.131817   WU    92.350010     83.554771
 ( 9   1) <--> (10   4)       -0.013072      0.000009      0.000008   WU     0.000664      0.000601
 ( 9   2) <--> (10   1)        0.193856      0.001978      0.001790   WU     0.146015      0.132109
 ( 9   2) <--> (10   2)       -3.430334      0.619326      0.560342   WU    45.720821     41.366457
 ( 9   2) <--> (10   3)        0.537818      0.015224      0.013774   WU     1.123860      1.016826
 ( 9   2) <--> (10   4)        7.054239      2.619068      2.369633   WU   193.348853    174.934677
 ( 9   3) <--> (10   1)        0.010512      0.000006      0.000005   WU     0.000429      0.000388
 ( 9   3) <--> (10   2)       -0.397431      0.008313      0.007522   WU     0.613713      0.555264
 ( 9   3) <--> (10   3)        1.613401      0.137003      0.123955   WU    10.114063      9.150819
 ( 9   3) <--> (10   4)        0.713167      0.026769      0.024219   WU     1.976167      1.787961
 ( 9   4) <--> (10   1)       -0.061283      0.000198      0.000179   WU     0.014592      0.013202
 ( 9   4) <--> (10   2)        0.976302      0.050167      0.045389   WU     3.703475      3.350763
 ( 9   4) <--> (10   3)        0.020532      0.000022      0.000020   WU     0.001638      0.001482
 ( 9   4) <--> (10   4)        4.030774      0.855113      0.773673   WU    63.127444     57.115307
 (10   1) <--> (10   1)      -10.528379     -6.312747   (eb)
 (10   2) <--> (10   1)       -0.706392      0.023761      0.023761   WU     1.754151      1.754151
 (10   2) <--> (10   2)      -13.045993     -7.822291   (eb)
 (10   3) <--> (10   1)       -2.166399      0.223490      0.223490   WU    16.498799     16.498799
 (10   3) <--> (10   2)       -1.794483      0.153341      0.153341   WU    11.320203     11.320203
 (10   3) <--> (10   3)      -10.145721     -6.083307   (eb)
 (10   4) <--> (10   1)       -0.171799      0.001405      0.001405   WU     0.103757      0.103757
 (10   4) <--> (10   2)        0.166527      0.001321      0.001321   WU     0.097487      0.097487
 (10   4) <--> (10   3)       -0.681132      0.022092      0.022092   WU     1.630939      1.630939
 (10   4) <--> (10   4)      -13.994812     -8.391197   (eb)
 
  quadrupole shape invariant: 01+, 02+, 03+, 04+
quadr2    21.52726452    36.25355497    25.48936442    60.73068604
quadr3    95.82616499   214.32785094    99.11599751   449.45098035
  effective deformation parameters:  01+, 02+, 03+, 04+
beteff     0.27708376     0.35957704     0.30150614     0.46539396
cos3ga     0.95940248     0.98186711     0.77020307     0.94966417
 
 ********* END Transition **************************
