 ********* BEGIN READER ****************************
 
 Nucleus            :  Pd  46  94
 Imin, Imax         :     0  10
 imu, remu          :     1 12.0000
 nlevel             :     4
 observables        :     2
 wave fun           :     1
 nbet, ngam, npar   :    10   7  10
 Finish reading parameters: V, B_k ...
 
 ********* END READER ******************************
 
 ********* BEGIN LEVELS ********************
 
 E_0 = -1070.529509
 
  I=   0   ntot= 127
   0   1    0.000000
   0   2    2.001081
   0   3    2.073239
   0   4    3.537422
 
  I=   2   ntot= 234
   2   1    0.691472
   2   2    1.469478
   2   3    2.682749
   2   4    2.996834
 
  I=   3   ntot= 108
   3   1    2.340939
   3   2    4.285809
   3   3    4.861944
   3   4    6.135155
 
  I=   4   ntot= 324
   4   1    1.602875
   4   2    2.449837
   4   3    3.309242
   4   4    3.462151
 
  I=   5   ntot= 198
   5   1    3.421041
   5   2    4.351202
   5   3    5.249695
   5   4    6.062183
 
  I=   6   ntot= 432
   6   1    2.669774
   6   2    3.532979
   6   3    4.357203
   6   4    4.481796
 
  I=   7   ntot= 306
   7   1    4.603555
   7   2    5.525339
   7   3    6.383532
   7   4    6.600588
 
  I=   8   ntot= 522
   8   1    3.835640
   8   2    4.680331
   8   3    5.508645
   8   4    5.653459
 
  I=   9   ntot= 397
   9   1    5.848358
   9   2    6.769406
   9   3    7.672435
   9   4    7.838309
 
  I=  10   ntot= 630
  10   1    5.055797
  10   2    5.919496
  10   3    6.804412
  10   4    6.899142
 
 ********* END LEVELS **********************
 
 ********* BEGIN Transition ************************
 
  Monopole moment 
 
   I   n    <In|E0|In>   ave \beta      del<b>   ave \gamma    del<g>  
     K=0       K=2       K=4   
   0   1     22.636558    0.225198    0.060663   24.814459   11.461885  100.0000    0.0000    0.0000
   0   2     22.990740    0.298210    0.097620   17.450161   11.173176  100.0000    0.0000    0.0000
   0   3     22.912257    0.269624    0.057718   33.396080   13.026170  100.0000    0.0000    0.0000
   0   4     23.277114    0.356099    0.119366   12.825656   10.316591   99.9999    0.0000    0.0000
   2   1     22.745536    0.246692    0.060816   23.289800   11.492875   85.7986   14.2014    0.0000
   2   2     22.850929    0.262392    0.059117   27.637974   11.631622   21.1870   78.8130    0.0000
   2   3     23.173476    0.329689    0.096552   17.271986   11.603941   89.7298   10.2702    0.0000
   2   4     23.052409    0.295603    0.062480   28.035719   13.351480   65.1433   34.8567    0.0000
   3   1     22.972092    0.283227    0.059340   25.301613    9.429096    0.0000  100.0000    0.0000
   3   2     23.383052    0.361036    0.093234   18.437116    9.459538    0.0000   99.9999    0.0000
   3   3     23.239158    0.322645    0.064763   29.277928   12.000303    0.0000   99.9999    0.0000
   3   4     23.647707    0.408321    0.122774   16.025874    9.543558    0.0000   99.9999    0.0000
   4   1     22.866380    0.269003    0.062986   22.275095   11.675383   77.6538   18.0786    4.2676
   4   2     22.977936    0.285100    0.064202   26.500224   13.356368   32.9983   34.8076   32.1941
   4   3     23.102081    0.305149    0.065738   25.207098   11.888436    6.9509   44.4153   48.6338
   4   4     23.293156    0.351121    0.097551   15.893430   11.236809   83.3007   15.6213    1.0778
   5   1     23.103019    0.305648    0.062290   23.868084    9.755871    0.0000   82.6015   17.3984
   5   2     23.213129    0.322207    0.064899   24.697415   10.408918    0.0000   24.8235   75.1765
   5   3     23.471765    0.375832    0.098153   17.913967    9.790896    0.0000   87.5119   12.4880
   5   4     23.362626    0.341909    0.067004   27.986877   11.459725    0.0000   73.1129   26.8870
   6   1     23.010439    0.294717    0.066661   20.965501   11.848647   71.7493   22.3568    4.2339
   6   2     23.141703    0.314826    0.073032   23.745980   14.464317   42.3187   24.2871   19.3452
   6   3     23.311870    0.349278    0.095466   19.296778   14.419444   56.8589   14.2760    7.7750
   6   4     23.294189    0.343954    0.085126   19.536066   11.040724   30.1633   55.3959    2.2370
   7   1     23.257582    0.332317    0.066165   21.848950   10.006870    0.0000   76.3496   20.2513
   7   2     23.369752    0.349523    0.073799   22.679646   11.749736    0.0000   36.1578   38.7950
   7   3     23.527856    0.383131    0.103883   18.584591   10.770137    0.0000   76.4218   10.9069
   7   4     23.468021    0.362544    0.071020   23.358941    9.680252    0.0000    2.3942   52.6809
   8   1     23.185378    0.325729    0.070555   18.830341   11.827227   70.5409   23.4731    4.2705
   8   2     23.302193    0.343183    0.080333   21.328140   14.828152   47.4851   22.5452   16.0388
   8   3     23.355894    0.354120    0.098630   20.790580   15.185092   52.3151   15.5099    7.0663
   8   4     23.456730    0.371724    0.085904   17.857193   10.142793   26.7687   62.5511    3.2669
   9   1     23.436480    0.363273    0.069042   19.410817    9.883180    0.0000   76.9994   18.8519
   9   2     23.488773    0.369316    0.080319   21.604611   12.318109    0.0000   38.3524   31.8689
   9   3     23.658748    0.401994    0.107673   18.629393   10.721564    0.0000   69.1707   17.0958
   9   4     23.621367    0.388060    0.077732   21.886148   10.773043    0.0000    3.5714   58.3608
  10   1     23.381492    0.360118    0.071752   16.279468   11.333764   73.6983   21.6735    3.4503
  10   2     23.403585    0.359469    0.084305   20.586438   14.864501   46.2831   25.7887   15.5343
  10   3     23.473773    0.367710    0.085952   22.473590   15.177036   23.6535   37.8498    8.0506
  10   4     23.587575    0.396446    0.100407   15.799491    9.697785   48.9971   46.0101    4.2903
 
  rho^2(E0) 
 
   I  n_1 n_2  <In_1|E0|In_2>  rho^2(E0) 
   0   1   1       22.636558  719.295429
   0   2   1       -0.283023    0.112443
   0   2   2       22.990740  741.980418
   0   3   1       -0.092557    0.012026
   0   3   2       -0.039680    0.002210
   0   3   3       22.912257  736.923288
   0   4   1       -0.031926    0.001431
   0   4   2       -0.456267    0.292230
   0   4   3        0.077403    0.008410
   0   4   4       23.277114  760.579825
   2   1   1       22.745536  726.237842
   2   2   1        0.015921    0.000356
   2   2   2       22.850929  732.983621
   2   3   1       -0.306694    0.132037
   2   3   2       -0.049266    0.003407
   2   3   3       23.173476  753.822166
   2   4   1       -0.044459    0.002775
   2   4   2       -0.001542    0.000003
   2   4   3       -0.074452    0.007781
   2   4   4       23.052409  745.966246
   3   1   1       22.972092  740.777227
   3   2   1       -0.321549    0.145138
   3   2   2       23.383052  767.518600
   3   3   1       -0.109946    0.016969
   3   3   2       -0.104952    0.015462
   3   3   3       23.239158  758.101437
   3   4   1       -0.055327    0.004297
   3   4   2       -0.479573    0.322847
   3   4   3        0.057980    0.004719
   3   4   4       23.647707  784.990856
   4   1   1       22.866380  733.975199
   4   2   1        0.037018    0.001924
   4   2   2       22.977936  741.154198
   4   3   1        0.045133    0.002859
   4   3   2        0.053897    0.004078
   4   3   3       23.102081  749.184410
   4   4   1       -0.319772    0.143538
   4   4   2       -0.108131    0.016413
   4   4   3       -0.047122    0.003117
   4   4   4       23.293156  761.628538
   5   1   1       23.103019  749.245237
   5   2   1        0.064692    0.005875
   5   2   2       23.213129  756.404152
   5   3   1       -0.335986    0.158463
   5   3   2       -0.107739    0.016294
   5   3   3       23.471765  773.353435
   5   4   1       -0.109632    0.016872
   5   4   2        0.041314    0.002396
   5   4   3       -0.098725    0.013682
   5   4   4       23.362626  766.178297
   6   1   1       23.010439  743.252421
   6   2   1       -0.092100    0.011907
   6   2   2       23.141703  751.756434
   6   3   1        0.252268    0.089333
   6   3   2       -0.172756    0.041894
   6   3   3       23.311870  762.852828
   6   4   1       -0.232801    0.076078
   6   4   2        0.044273    0.002751
   6   4   3       -0.051585    0.003735
   6   4   4       23.294189  761.696056
   7   1   1       23.257582  759.303937
   7   2   1        0.136077    0.025993
   7   2   2       23.369752  766.645752
   7   3   1        0.339880    0.162157
   7   3   2        0.138545    0.026944
   7   3   3       23.527856  777.054085
   7   4   1       -0.075545    0.008011
   7   4   2        0.079811    0.008942
   7   4   3       -0.045634    0.002923
   7   4   4       23.468021  773.106760
   8   1   1       23.185378  754.596676
   8   2   1        0.165866    0.038619
   8   2   2       23.302193  762.219621
   8   3   1       -0.256404    0.092286
   8   3   2       -0.184616    0.047844
   8   3   3       23.355894  765.736820
   8   4   1        0.244643    0.084014
   8   4   2       -0.001405    0.000003
   8   4   3        0.000350    0.000000
   8   4   4       23.456730  772.363032
   9   1   1       23.436480  771.030056
   9   2   1       -0.189524    0.050422
   9   2   2       23.488773  774.474637
   9   3   1        0.353459    0.175374
   9   3   2       -0.104130    0.015221
   9   3   3       23.658748  785.724091
   9   4   1        0.047245    0.003133
   9   4   2        0.144253    0.029210
   9   4   3        0.075497    0.008001
   9   4   4       23.621367  783.243137
  10   1   1       23.381492  767.416221
  10   2   1       -0.208690    0.061135
  10   2   2       23.403585  768.867173
  10   3   1       -0.117859    0.019499
  10   3   2        0.172023    0.041539
  10   3   3       23.473773  773.485768
  10   4   1        0.335874    0.158358
  10   4   2       -0.015440    0.000335
  10   4   3        0.077875    0.008513
  10   4   4       23.587575  781.003777
 
  E2 transition 
 
  I1  n1        I2  n2       <f||E2||i>   B(E2,I1->I2)  B(E2,I2->I1)
 ( 0   1) <--> ( 2   1)        0.807410      0.651912      0.130382   WU   150.972614     30.194523
 ( 0   1) <--> ( 2   2)        0.041132      0.001692      0.000338   WU     0.391807      0.078361
 ( 0   1) <--> ( 2   3)       -0.089173      0.007952      0.001590   WU     1.841530      0.368306
 ( 0   1) <--> ( 2   4)       -0.025125      0.000631      0.000126   WU     0.146190      0.029238
 ( 0   2) <--> ( 2   1)       -0.409363      0.167578      0.033516   WU    38.808423      7.761685
 ( 0   2) <--> ( 2   2)       -0.228252      0.052099      0.010420   WU    12.065333      2.413067
 ( 0   2) <--> ( 2   3)        1.033767      1.068675      0.213735   WU   247.488524     49.497705
 ( 0   2) <--> ( 2   4)       -0.149794      0.022438      0.004488   WU     5.196370      1.039274
 ( 0   3) <--> ( 2   1)       -0.025872      0.000669      0.000134   WU     0.155019      0.031004
 ( 0   3) <--> ( 2   2)        0.456315      0.208224      0.041645   WU    48.221367      9.644273
 ( 0   3) <--> ( 2   3)        0.095861      0.009189      0.001838   WU     2.128117      0.425623
 ( 0   3) <--> ( 2   4)        0.807488      0.652036      0.130407   WU   151.001513     30.200303
 ( 0   4) <--> ( 2   1)       -0.039222      0.001538      0.000308   WU     0.356260      0.071252
 ( 0   4) <--> ( 2   2)        0.032021      0.001025      0.000205   WU     0.237454      0.047491
 ( 0   4) <--> ( 2   3)       -0.720274      0.518795      0.103759   WU   120.144842     24.028968
 ( 0   4) <--> ( 2   4)        0.183080      0.033518      0.006704   WU     7.762349      1.552470
 ( 2   1) <--> ( 2   1)       -0.545919     -0.413770   (eb)
 ( 2   2) <--> ( 2   1)       -0.921353      0.169778      0.169778   WU    39.318011     39.318011
 ( 2   2) <--> ( 2   2)        0.469718      0.356014   (eb)
 ( 2   3) <--> ( 2   1)        0.143582      0.004123      0.004123   WU     0.954862      0.954862
 ( 2   3) <--> ( 2   2)        0.448151      0.040168      0.040168   WU     9.302233      9.302233
 ( 2   3) <--> ( 2   3)       -0.977469     -0.740856   (eb)
 ( 2   4) <--> ( 2   1)        0.060310      0.000727      0.000727   WU     0.168470      0.168470
 ( 2   4) <--> ( 2   2)       -0.115585      0.002672      0.002672   WU     0.618788      0.618788
 ( 2   4) <--> ( 2   3)       -0.005838      0.000007      0.000007   WU     0.001578      0.001578
 ( 2   4) <--> ( 2   4)       -0.155882     -0.118148   (eb)
 ( 2   1) <--> ( 3   1)        0.058242      0.000678      0.000485   WU     0.157111      0.112222
 ( 2   1) <--> ( 3   2)        0.017374      0.000060      0.000043   WU     0.013981      0.009987
 ( 2   1) <--> ( 3   3)       -0.036952      0.000273      0.000195   WU     0.063242      0.045173
 ( 2   1) <--> ( 3   4)        0.017926      0.000064      0.000046   WU     0.014884      0.010631
 ( 2   2) <--> ( 3   1)       -1.276950      0.326120      0.232943   WU    75.524432     53.946023
 ( 2   2) <--> ( 3   2)        0.067145      0.000902      0.000644   WU     0.208817      0.149155
 ( 2   2) <--> ( 3   3)        0.086874      0.001509      0.001078   WU     0.349560      0.249686
 ( 2   2) <--> ( 3   4)        0.016630      0.000055      0.000040   WU     0.012810      0.009150
 ( 2   3) <--> ( 3   1)       -0.158326      0.005013      0.003581   WU     1.161035      0.829311
 ( 2   3) <--> ( 3   2)       -0.008015      0.000013      0.000009   WU     0.002976      0.002126
 ( 2   3) <--> ( 3   3)        0.056769      0.000645      0.000460   WU     0.149268      0.106620
 ( 2   3) <--> ( 3   4)        0.029582      0.000175      0.000125   WU     0.040531      0.028951
 ( 2   4) <--> ( 3   1)        0.884573      0.156494      0.111781   WU    36.241548     25.886820
 ( 2   4) <--> ( 3   2)       -0.378951      0.028721      0.020515   WU     6.651276      4.750912
 ( 2   4) <--> ( 3   3)        0.142356      0.004053      0.002895   WU     0.938618      0.670442
 ( 2   4) <--> ( 3   4)       -0.077308      0.001195      0.000854   WU     0.276812      0.197723
 ( 2   1) <--> ( 4   1)        1.443346      0.416650      0.231472   WU    96.489563     53.605313
 ( 2   1) <--> ( 4   2)        0.122629      0.003008      0.001671   WU     0.696508      0.386949
 ( 2   1) <--> ( 4   3)        0.009209      0.000017      0.000009   WU     0.003928      0.002182
 ( 2   1) <--> ( 4   4)       -0.094131      0.001772      0.000985   WU     0.410394      0.227997
 ( 2   2) <--> ( 4   1)        0.082297      0.001355      0.000753   WU     0.313696      0.174276
 ( 2   2) <--> ( 4   2)        1.160768      0.269477      0.149709   WU    62.406617     34.670343
 ( 2   2) <--> ( 4   3)        0.145791      0.004251      0.002362   WU     0.984467      0.546926
 ( 2   2) <--> ( 4   4)        0.017710      0.000063      0.000035   WU     0.014527      0.008071
 ( 2   3) <--> ( 4   1)       -0.690185      0.095271      0.052928   WU    22.063299     12.257388
 ( 2   3) <--> ( 4   2)       -0.339707      0.023080      0.012822   WU     5.344999      2.969444
 ( 2   3) <--> ( 4   3)       -0.309130      0.019112      0.010618   WU     4.426114      2.458952
 ( 2   3) <--> ( 4   4)        1.864390      0.695190      0.386217   WU   160.995249     89.441805
 ( 2   4) <--> ( 4   1)        0.036318      0.000264      0.000147   WU     0.061090      0.033939
 ( 2   4) <--> ( 4   2)        0.525706      0.055273      0.030707   WU    12.800468      7.111371
 ( 2   4) <--> ( 4   3)       -0.187020      0.006995      0.003886   WU     1.619998      0.899999
 ( 2   4) <--> ( 4   4)       -0.200676      0.008054      0.004475   WU     1.865220      1.036233
 ( 3   1) <--> ( 3   1)        0.000000      0.000000   (eb)
 ( 3   2) <--> ( 3   1)        0.000000      0.000000      0.000000   WU     0.000000      0.000000
 ( 3   2) <--> ( 3   2)        0.000000      0.000000   (eb)
 ( 3   3) <--> ( 3   1)        0.000000      0.000000      0.000000   WU     0.000000      0.000000
 ( 3   3) <--> ( 3   2)        0.000000      0.000000      0.000000   WU     0.000000      0.000000
 ( 3   3) <--> ( 3   3)        0.000000      0.000000   (eb)
 ( 3   4) <--> ( 3   1)        0.000000      0.000000      0.000000   WU     0.000000      0.000000
 ( 3   4) <--> ( 3   2)        0.000000      0.000000      0.000000   WU     0.000000      0.000000
 ( 3   4) <--> ( 3   3)        0.000000      0.000000      0.000000   WU     0.000000      0.000000
 ( 3   4) <--> ( 3   4)        0.000000      0.000000   (eb)
 ( 3   1) <--> ( 4   1)        0.730061      0.076141      0.059221   WU    17.633117     13.714647
 ( 3   1) <--> ( 4   2)       -0.547108      0.042761      0.033259   WU     9.902789      7.702169
 ( 3   1) <--> ( 4   3)       -1.251090      0.223604      0.173914   WU    51.783184     40.275810
 ( 3   1) <--> ( 4   4)       -0.517037      0.038190      0.029703   WU     8.844120      6.878760
 ( 3   2) <--> ( 4   1)       -0.045029      0.000290      0.000225   WU     0.067079      0.052173
 ( 3   2) <--> ( 4   2)        0.081317      0.000945      0.000735   WU     0.218764      0.170149
 ( 3   2) <--> ( 4   3)        0.515178      0.037915      0.029490   WU     8.780628      6.829377
 ( 3   2) <--> ( 4   4)        0.807112      0.093061      0.072381   WU    21.551569     16.762331
 ( 3   3) <--> ( 4   1)       -0.031557      0.000142      0.000111   WU     0.032945      0.025624
 ( 3   3) <--> ( 4   2)        0.108699      0.001688      0.001313   WU     0.390896      0.304030
 ( 3   3) <--> ( 4   3)       -0.050835      0.000369      0.000287   WU     0.085493      0.066495
 ( 3   3) <--> ( 4   4)        0.082032      0.000961      0.000748   WU     0.222630      0.173156
 ( 3   4) <--> ( 4   1)       -0.014962      0.000032      0.000025   WU     0.007406      0.005760
 ( 3   4) <--> ( 4   2)        0.007708      0.000008      0.000007   WU     0.001966      0.001529
 ( 3   4) <--> ( 4   3)        0.070532      0.000711      0.000553   WU     0.164583      0.128009
 ( 3   4) <--> ( 4   4)       -0.018740      0.000050      0.000039   WU     0.011618      0.009037
 ( 3   1) <--> ( 5   1)        1.529285      0.334102      0.212610   WU    77.372787     49.237228
 ( 3   1) <--> ( 5   2)        0.138951      0.002758      0.001755   WU     0.638756      0.406481
 ( 3   1) <--> ( 5   3)       -0.018156      0.000047      0.000030   WU     0.010906      0.006940
 ( 3   1) <--> ( 5   4)       -0.067657      0.000654      0.000416   WU     0.151438      0.096369
 ( 3   2) <--> ( 5   1)       -0.678797      0.065824      0.041888   WU    15.243716      9.700546
 ( 3   2) <--> ( 5   2)       -0.609415      0.053055      0.033762   WU    12.286754      7.818843
 ( 3   2) <--> ( 5   3)        1.818467      0.472403      0.300620   WU   109.401235     69.618968
 ( 3   2) <--> ( 5   4)       -0.008407      0.000010      0.000006   WU     0.002338      0.001488
 ( 3   3) <--> ( 5   1)       -0.040553      0.000235      0.000150   WU     0.054408      0.034623
 ( 3   3) <--> ( 5   2)        0.664103      0.063005      0.040094   WU    14.590906      9.285122
 ( 3   3) <--> ( 5   3)       -0.105238      0.001582      0.001007   WU     0.366397      0.233162
 ( 3   3) <--> ( 5   4)        1.583389      0.358160      0.227920   WU    82.944292     52.782732
 ( 3   4) <--> ( 5   1)       -0.061469      0.000540      0.000343   WU     0.125004      0.079548
 ( 3   4) <--> ( 5   2)        0.075515      0.000815      0.000518   WU     0.188660      0.120056
 ( 3   4) <--> ( 5   3)       -0.992548      0.140736      0.089559   WU    32.592239     20.740516
 ( 3   4) <--> ( 5   4)        0.115739      0.001914      0.001218   WU     0.443173      0.282019
 ( 4   1) <--> ( 4   1)       -0.778740     -0.587245   (eb)
 ( 4   2) <--> ( 4   1)       -0.994754      0.109948      0.109948   WU    25.462321     25.462321
 ( 4   2) <--> ( 4   2)       -0.003477     -0.002622   (eb)
 ( 4   3) <--> ( 4   1)       -0.008740      0.000008      0.000008   WU     0.001966      0.001966
 ( 4   3) <--> ( 4   2)       -1.319276      0.193388      0.193388   WU    44.785605     44.785605
 ( 4   3) <--> ( 4   3)        0.314308      0.237018   (eb)
 ( 4   4) <--> ( 4   1)        0.166052      0.003064      0.003064   WU     0.709504      0.709504
 ( 4   4) <--> ( 4   2)        0.327402      0.011910      0.011910   WU     2.758218      2.758218
 ( 4   4) <--> ( 4   3)        0.261809      0.007616      0.007616   WU     1.763742      1.763742
 ( 4   4) <--> ( 4   4)       -1.438481     -1.084752   (eb)
 ( 4   1) <--> ( 5   1)        0.127391      0.001803      0.001475   WU     0.417587      0.341662
 ( 4   1) <--> ( 5   2)       -0.018409      0.000038      0.000031   WU     0.008720      0.007134
 ( 4   1) <--> ( 5   3)        0.026839      0.000080      0.000065   WU     0.018535      0.015165
 ( 4   1) <--> ( 5   4)       -0.042382      0.000200      0.000163   WU     0.046220      0.037817
 ( 4   2) <--> ( 5   1)       -1.069258      0.127035      0.103938   WU    29.419273     24.070315
 ( 4   2) <--> ( 5   2)        0.125778      0.001758      0.001438   WU     0.407080      0.333065
 ( 4   2) <--> ( 5   3)        0.052532      0.000307      0.000251   WU     0.071008      0.058098
 ( 4   2) <--> ( 5   4)        0.084530      0.000794      0.000650   WU     0.183862      0.150432
 ( 4   3) <--> ( 5   1)       -0.301539      0.010103      0.008266   WU     2.339666      1.914272
 ( 4   3) <--> ( 5   2)       -1.858784      0.383898      0.314098   WU    88.904753     72.740252
 ( 4   3) <--> ( 5   3)       -0.051119      0.000290      0.000238   WU     0.067242      0.055016
 ( 4   3) <--> ( 5   4)        0.013722      0.000021      0.000017   WU     0.004845      0.003964
 ( 4   4) <--> ( 5   1)       -0.301307      0.010087      0.008253   WU     2.336067      1.911327
 ( 4   4) <--> ( 5   2)       -0.285959      0.009086      0.007434   WU     2.104134      1.721564
 ( 4   4) <--> ( 5   3)       -0.014185      0.000022      0.000018   WU     0.005177      0.004236
 ( 4   4) <--> ( 5   4)        0.069508      0.000537      0.000439   WU     0.124318      0.101715
 ( 4   1) <--> ( 6   1)        2.066186      0.474347      0.328394   WU   109.851463     76.051013
 ( 4   1) <--> ( 6   2)       -0.127928      0.001818      0.001259   WU     0.421114      0.291540
 ( 4   1) <--> ( 6   3)        0.021468      0.000051      0.000035   WU     0.011859      0.008210
 ( 4   1) <--> ( 6   4)       -0.051936      0.000300      0.000207   WU     0.069406      0.048050
 ( 4   2) <--> ( 6   1)        0.184745      0.003792      0.002625   WU     0.878237      0.608010
 ( 4   2) <--> ( 6   2)       -1.872172      0.389448      0.269618   WU    90.190049     62.439265
 ( 4   2) <--> ( 6   3)        0.048856      0.000265      0.000184   WU     0.061418      0.042520
 ( 4   2) <--> ( 6   4)        0.181219      0.003649      0.002526   WU     0.845030      0.585021
 ( 4   3) <--> ( 6   1)       -0.038555      0.000165      0.000114   WU     0.038250      0.026481
 ( 4   3) <--> ( 6   2)       -0.380379      0.016076      0.011130   WU     3.723062      2.577504
 ( 4   3) <--> ( 6   3)        1.284449      0.183312      0.126908   WU    42.452272     29.390035
 ( 4   3) <--> ( 6   4)        0.990906      0.109099      0.075530   WU    25.265719     17.491652
 ( 4   4) <--> ( 6   1)       -1.000735      0.111274      0.077036   WU    25.769431     17.840375
 ( 4   4) <--> ( 6   2)        0.658289      0.048149      0.033334   WU    11.150655      7.719684
 ( 4   4) <--> ( 6   3)       -1.753148      0.341503      0.236425   WU    79.086803     54.752402
 ( 4   4) <--> ( 6   4)        1.817504      0.367036      0.254102   WU    84.999782     58.846003
 ( 5   1) <--> ( 5   1)       -0.485299     -0.352389   (eb)
 ( 5   2) <--> ( 5   1)       -1.060000      0.102146      0.102146   WU    23.655321     23.655321
 ( 5   2) <--> ( 5   2)        0.305146      0.221575   (eb)
 ( 5   3) <--> ( 5   1)        0.003882      0.000001      0.000001   WU     0.000317      0.000317
 ( 5   3) <--> ( 5   2)        0.544079      0.026911      0.026911   WU     6.232179      6.232179
 ( 5   3) <--> ( 5   3)       -0.876161     -0.636204   (eb)
 ( 5   4) <--> ( 5   1)        0.075900      0.000524      0.000524   WU     0.121283      0.121283
 ( 5   4) <--> ( 5   2)       -0.048312      0.000212      0.000212   WU     0.049138      0.049138
 ( 5   4) <--> ( 5   3)        0.086872      0.000686      0.000686   WU     0.158884      0.158884
 ( 5   4) <--> ( 5   4)       -0.316502     -0.229821   (eb)
 ( 5   1) <--> ( 6   1)        0.942150      0.080695      0.068280   WU    18.687737     15.812701
 ( 5   1) <--> ( 6   2)        0.584816      0.031092      0.026308   WU     7.200387      6.092635
 ( 5   1) <--> ( 6   3)       -0.345303      0.010839      0.009172   WU     2.510253      2.124060
 ( 5   1) <--> ( 6   4)       -1.047359      0.099724      0.084382   WU    23.094466     19.541471
 ( 5   2) <--> ( 6   1)       -0.011588      0.000012      0.000010   WU     0.002827      0.002392
 ( 5   2) <--> ( 6   2)       -0.607440      0.033544      0.028383   WU     7.768267      6.573149
 ( 5   2) <--> ( 6   3)       -0.396989      0.014327      0.012123   WU     3.317987      2.807528
 ( 5   2) <--> ( 6   4)       -0.496472      0.022408      0.018960   WU     5.189279      4.390928
 ( 5   3) <--> ( 6   1)       -0.049403      0.000222      0.000188   WU     0.051383      0.043478
 ( 5   3) <--> ( 6   2)       -0.068141      0.000422      0.000357   WU     0.097754      0.082715
 ( 5   3) <--> ( 6   3)       -0.349111      0.011080      0.009375   WU     2.565924      2.171167
 ( 5   3) <--> ( 6   4)        1.017173      0.094058      0.079588   WU    21.782439     18.431295
 ( 5   4) <--> ( 6   1)       -0.037539      0.000128      0.000108   WU     0.029668      0.025104
 ( 5   4) <--> ( 6   2)       -0.108210      0.001064      0.000901   WU     0.246518      0.208592
 ( 5   4) <--> ( 6   3)       -0.134238      0.001638      0.001386   WU     0.379374      0.321009
 ( 5   4) <--> ( 6   4)       -0.013719      0.000017      0.000014   WU     0.003962      0.003353
 ( 5   1) <--> ( 7   1)       -2.298750      0.480386      0.352283   WU   111.250015     81.583344
 ( 5   1) <--> ( 7   2)       -0.066283      0.000399      0.000293   WU     0.092496      0.067830
 ( 5   1) <--> ( 7   3)        0.028593      0.000074      0.000055   WU     0.017212      0.012622
 ( 5   1) <--> ( 7   4)        0.040256      0.000147      0.000108   WU     0.034118      0.025020
 ( 5   2) <--> ( 7   1)       -0.356082      0.011527      0.008453   WU     2.669416      1.957572
 ( 5   2) <--> ( 7   2)       -1.844828      0.309399      0.226893   WU    71.652049     52.544836
 ( 5   2) <--> ( 7   3)        0.053497      0.000260      0.000191   WU     0.060253      0.044186
 ( 5   2) <--> ( 7   4)       -0.172154      0.002694      0.001976   WU     0.623953      0.457566
 ( 5   3) <--> ( 7   1)        1.005412      0.091896      0.067390   WU    21.281622     15.606523
 ( 5   3) <--> ( 7   2)        0.883014      0.070883      0.051981   WU    16.415433     12.037984
 ( 5   3) <--> ( 7   3)        2.493149      0.565072      0.414386   WU   130.861884     95.965381
 ( 5   3) <--> ( 7   4)       -0.516284      0.024232      0.017770   WU     5.611690      4.115239
 ( 5   4) <--> ( 7   1)        0.030360      0.000084      0.000061   WU     0.019406      0.014231
 ( 5   4) <--> ( 7   2)       -0.669836      0.040789      0.029912   WU     9.446133      6.927164
 ( 5   4) <--> ( 7   3)       -0.011742      0.000013      0.000009   WU     0.002902      0.002128
 ( 5   4) <--> ( 7   4)        0.210830      0.004041      0.002963   WU     0.935795      0.686249
 ( 6   1) <--> ( 6   1)       -1.079506     -0.752628   (eb)
 ( 6   2) <--> ( 6   1)        1.121407      0.096735      0.096735   WU    22.402314     22.402314
 ( 6   2) <--> ( 6   2)       -0.521829     -0.363818   (eb)
 ( 6   3) <--> ( 6   1)       -0.085108      0.000557      0.000557   WU     0.129036      0.129036
 ( 6   3) <--> ( 6   2)        1.521420      0.178055      0.178055   WU    41.234839     41.234839
 ( 6   3) <--> ( 6   3)       -0.905001     -0.630964   (eb)
 ( 6   4) <--> ( 6   1)        0.109026      0.000914      0.000914   WU     0.211751      0.211751
 ( 6   4) <--> ( 6   2)        0.675126      0.035061      0.035061   WU     8.119618      8.119618
 ( 6   4) <--> ( 6   3)        0.775419      0.046252      0.046252   WU    10.711217     10.711217
 ( 6   4) <--> ( 6   4)       -1.018843     -0.710334   (eb)
 ( 6   1) <--> ( 7   1)       -0.163645      0.002060      0.001785   WU     0.477058      0.413450
 ( 6   1) <--> ( 7   2)        0.049583      0.000189      0.000164   WU     0.043795      0.037956
 ( 6   1) <--> ( 7   3)        0.031339      0.000076      0.000065   WU     0.017495      0.015163
 ( 6   1) <--> ( 7   4)       -0.020798      0.000033      0.000029   WU     0.007705      0.006678
 ( 6   2) <--> ( 7   1)       -0.963180      0.071363      0.061848   WU    16.526501     14.322967
 ( 6   2) <--> ( 7   2)        0.193386      0.002877      0.002493   WU     0.666220      0.577391
 ( 6   2) <--> ( 7   3)       -0.071900      0.000398      0.000345   WU     0.092092      0.079813
 ( 6   2) <--> ( 7   4)       -0.042477      0.000139      0.000120   WU     0.032143      0.027857
 ( 6   3) <--> ( 7   1)        0.019473      0.000029      0.000025   WU     0.006755      0.005854
 ( 6   3) <--> ( 7   2)        1.080768      0.089851      0.077871   WU    20.808018     18.033616
 ( 6   3) <--> ( 7   3)       -0.137058      0.001445      0.001252   WU     0.334636      0.290018
 ( 6   3) <--> ( 7   4)       -0.093634      0.000674      0.000584   WU     0.156183      0.135359
 ( 6   4) <--> ( 7   1)        0.666033      0.034123      0.029573   WU     7.902375      6.848725
 ( 6   4) <--> ( 7   2)        1.196863      0.110191      0.095499   WU    25.518496     22.116030
 ( 6   4) <--> ( 7   3)       -0.076044      0.000445      0.000386   WU     0.103015      0.089280
 ( 6   4) <--> ( 7   4)       -0.076416      0.000449      0.000389   WU     0.104025      0.090155
 ( 6   1) <--> ( 8   1)       -2.733976      0.574971      0.439684   WU   133.154384    101.823940
 ( 6   1) <--> ( 8   2)       -0.021328      0.000035      0.000027   WU     0.008104      0.006197
 ( 6   1) <--> ( 8   3)       -0.027371      0.000058      0.000044   WU     0.013346      0.010206
 ( 6   1) <--> ( 8   4)       -0.038364      0.000113      0.000087   WU     0.026219      0.020050
 ( 6   2) <--> ( 8   1)        0.510952      0.020082      0.015357   WU     4.650778      3.556477
 ( 6   2) <--> ( 8   2)        2.608809      0.523530      0.400346   WU   121.241330     92.713958
 ( 6   2) <--> ( 8   3)        0.031298      0.000075      0.000058   WU     0.017450      0.013344
 ( 6   2) <--> ( 8   4)       -0.163995      0.002069      0.001582   WU     0.479103      0.366373
 ( 6   3) <--> ( 8   1)       -0.800667      0.049313      0.037710   WU    11.420100      8.733018
 ( 6   3) <--> ( 8   2)       -1.013121      0.078955      0.060377   WU    18.284738     13.982447
 ( 6   3) <--> ( 8   3)        2.666039      0.546751      0.418104   WU   126.619061     96.826341
 ( 6   3) <--> ( 8   4)       -0.257871      0.005115      0.003912   WU     1.184600      0.905871
 ( 6   4) <--> ( 8   1)        1.010267      0.078511      0.060038   WU    18.181851     13.903768
 ( 6   4) <--> ( 8   2)        0.210513      0.003409      0.002607   WU     0.789452      0.603699
 ( 6   4) <--> ( 8   3)       -0.326702      0.008210      0.006278   WU     1.901380      1.453996
 ( 6   4) <--> ( 8   4)        2.808627      0.606799      0.464023   WU   140.525230    107.460470
 ( 7   1) <--> ( 7   1)       -1.014130     -0.679124   (eb)
 ( 7   2) <--> ( 7   1)       -1.271749      0.107823      0.107823   WU    24.970138     24.970138
 ( 7   2) <--> ( 7   2)       -0.342836     -0.229584   (eb)
 ( 7   3) <--> ( 7   1)        0.043263      0.000125      0.000125   WU     0.028897      0.028897
 ( 7   3) <--> ( 7   2)       -0.988552      0.065149      0.065149   WU    15.087487     15.087487
 ( 7   3) <--> ( 7   3)       -1.135093     -0.760128   (eb)
 ( 7   4) <--> ( 7   1)        0.003105      0.000001      0.000001   WU     0.000149      0.000149
 ( 7   4) <--> ( 7   2)       -1.137255      0.086223      0.086223   WU    19.967958     19.967958
 ( 7   4) <--> ( 7   3)        0.482600      0.015527      0.015527   WU     3.595780      3.595780
 ( 7   4) <--> ( 7   4)        0.420461      0.281566   (eb)
 ( 7   1) <--> ( 8   1)        1.070064      0.076336      0.067355   WU    17.678179     15.598393
 ( 7   1) <--> ( 8   2)       -0.619661      0.025599      0.022587   WU     5.928242      5.230801
 ( 7   1) <--> ( 8   3)        0.202012      0.002721      0.002401   WU     0.630046      0.555923
 ( 7   1) <--> ( 8   4)        1.023322      0.069813      0.061599   WU    16.167492     14.265434
 ( 7   2) <--> ( 8   1)       -0.022578      0.000034      0.000030   WU     0.007870      0.006944
 ( 7   2) <--> ( 8   2)        0.822258      0.045074      0.039771   WU    10.438404      9.210357
 ( 7   2) <--> ( 8   3)        0.522180      0.018178      0.016039   WU     4.209765      3.714499
 ( 7   2) <--> ( 8   4)        0.669995      0.029926      0.026406   WU     6.930457      6.115109
 ( 7   3) <--> ( 8   1)        0.049249      0.000162      0.000143   WU     0.037447      0.033042
 ( 7   3) <--> ( 8   2)       -0.078324      0.000409      0.000361   WU     0.094712      0.083569
 ( 7   3) <--> ( 8   3)       -0.617026      0.025381      0.022395   WU     5.877946      5.186423
 ( 7   3) <--> ( 8   4)        0.968455      0.062527      0.055171   WU    14.480271     12.776710
 ( 7   4) <--> ( 8   1)       -0.006894      0.000003      0.000003   WU     0.000734      0.000648
 ( 7   4) <--> ( 8   2)       -0.023109      0.000036      0.000031   WU     0.008245      0.007275
 ( 7   4) <--> ( 8   3)       -0.247893      0.004097      0.003615   WU     0.948740      0.837124
 ( 7   4) <--> ( 8   4)       -0.551045      0.020243      0.017862   WU     4.688045      4.136510
 ( 7   1) <--> ( 9   1)        3.058646      0.623688      0.492385   WU   144.436363    114.028707
 ( 7   1) <--> ( 9   2)        0.087227      0.000507      0.000400   WU     0.117467      0.092737
 ( 7   1) <--> ( 9   3)       -0.031833      0.000068      0.000053   WU     0.015645      0.012351
 ( 7   1) <--> ( 9   4)        0.053973      0.000194      0.000153   WU     0.044975      0.035506
 ( 7   2) <--> ( 9   1)        0.773053      0.039841      0.031453   WU     9.226501      7.284080
 ( 7   2) <--> ( 9   2)       -2.746354      0.502831      0.396972   WU   116.447782     91.932460
 ( 7   2) <--> ( 9   3)       -0.020628      0.000028      0.000022   WU     0.006570      0.005187
 ( 7   2) <--> ( 9   4)       -0.062793      0.000263      0.000208   WU     0.060876      0.048060
 ( 7   3) <--> ( 9   1)        1.188228      0.094126      0.074310   WU    21.798068     17.209001
 ( 7   3) <--> ( 9   2)       -0.861825      0.049516      0.039092   WU    11.467185      9.053041
 ( 7   3) <--> ( 9   3)        3.135341      0.655357      0.517387   WU   151.770580    119.818879
 ( 7   3) <--> ( 9   4)        0.032553      0.000071      0.000056   WU     0.016360      0.012916
 ( 7   4) <--> ( 9   1)       -0.318179      0.006749      0.005328   WU     1.563012      1.233957
 ( 7   4) <--> ( 9   2)       -0.326391      0.007102      0.005607   WU     1.644729      1.298470
 ( 7   4) <--> ( 9   3)       -0.509717      0.017321      0.013674   WU     4.011224      3.166755
 ( 7   4) <--> ( 9   4)       -2.265156      0.342062      0.270049   WU    79.216240     62.539137
 ( 8   1) <--> ( 8   1)       -1.551897     -0.999726   (eb)
 ( 8   2) <--> ( 8   1)       -1.254048      0.092508      0.092508   WU    21.423422     21.423422
 ( 8   2) <--> ( 8   2)       -1.081103     -0.696442   (eb)
 ( 8   3) <--> ( 8   1)        0.073118      0.000314      0.000314   WU     0.072830      0.072830
 ( 8   3) <--> ( 8   2)        1.681381      0.166297      0.166297   WU    38.511707     38.511707
 ( 8   3) <--> ( 8   3)       -0.903990     -0.582347   (eb)
 ( 8   4) <--> ( 8   1)       -0.061582      0.000223      0.000223   WU     0.051662      0.051662
 ( 8   4) <--> ( 8   2)        0.700915      0.028899      0.028899   WU     6.692550      6.692550
 ( 8   4) <--> ( 8   3)        0.545364      0.017495      0.017495   WU     4.051657      4.051657
 ( 8   4) <--> ( 8   4)       -1.721951     -1.109274   (eb)
 ( 8   1) <--> ( 9   1)        0.147651      0.001282      0.001147   WU     0.296985      0.265724
 ( 8   1) <--> ( 9   2)        0.081289      0.000389      0.000348   WU     0.090016      0.080541
 ( 8   1) <--> ( 9   3)       -0.031153      0.000057      0.000051   WU     0.013221      0.011829
 ( 8   1) <--> ( 9   4)       -0.030881      0.000056      0.000050   WU     0.012991      0.011623
 ( 8   2) <--> ( 9   1)       -0.884157      0.045984      0.041144   WU    10.649259      9.528284
 ( 8   2) <--> ( 9   2)       -0.231905      0.003164      0.002831   WU     0.732621      0.655503
 ( 8   2) <--> ( 9   3)       -0.067833      0.000271      0.000242   WU     0.062682      0.056084
 ( 8   2) <--> ( 9   4)        0.090275      0.000479      0.000429   WU     0.111019      0.099333
 ( 8   3) <--> ( 9   1)        0.017218      0.000017      0.000016   WU     0.004038      0.003613
 ( 8   3) <--> ( 9   2)       -1.014452      0.060536      0.054164   WU    14.019213     12.543506
 ( 8   3) <--> ( 9   3)       -0.205796      0.002491      0.002229   WU     0.576946      0.516215
 ( 8   3) <--> ( 9   4)        0.176045      0.001823      0.001631   WU     0.422189      0.377748
 ( 8   4) <--> ( 9   1)        0.922640      0.050074      0.044803   WU    11.596440     10.375762
 ( 8   4) <--> ( 9   2)       -1.021934      0.061432      0.054966   WU    14.226776     12.729221
 ( 8   4) <--> ( 9   3)       -0.013575      0.000011      0.000010   WU     0.002510      0.002246
 ( 8   4) <--> ( 9   4)        0.054005      0.000172      0.000154   WU     0.039731      0.035549
 ( 8   1) <--> (10   1)        3.475780      0.710650      0.575288   WU   164.575448    133.227744
 ( 8   1) <--> (10   2)        0.146301      0.001259      0.001019   WU     0.291579      0.236040
 ( 8   1) <--> (10   3)        0.034138      0.000069      0.000055   WU     0.015876      0.012852
 ( 8   1) <--> (10   4)        0.024500      0.000035      0.000029   WU     0.008177      0.006620
 ( 8   2) <--> (10   1)        0.951698      0.053278      0.043130   WU    12.338388      9.988219
 ( 8   2) <--> (10   2)       -3.303561      0.641971      0.519691   WU   148.670590    120.352382
 ( 8   2) <--> (10   3)       -0.018714      0.000021      0.000017   WU     0.004771      0.003862
 ( 8   2) <--> (10   4)       -0.027257      0.000044      0.000035   WU     0.010121      0.008193
 ( 8   3) <--> (10   1)       -0.891810      0.046784      0.037873   WU    10.834400      8.770705
 ( 8   3) <--> (10   2)        0.973101      0.055701      0.045092   WU    12.899595     10.442529
 ( 8   3) <--> (10   3)        2.778523      0.454129      0.367628   WU   105.169199     85.136970
 ( 8   3) <--> (10   4)       -1.575862      0.146079      0.118254   WU    33.829618     27.385881
 ( 8   4) <--> (10   1)        1.131328      0.075288      0.060948   WU    17.435613     14.114544
 ( 8   4) <--> (10   2)        0.118245      0.000822      0.000666   WU     0.190470      0.154190
 ( 8   4) <--> (10   3)        1.436260      0.121344      0.098231   WU    28.101322     22.748690
 ( 8   4) <--> (10   4)        3.336088      0.654676      0.529975   WU   151.612680    122.734074
 ( 9   1) <--> ( 9   1)       -1.703993     -1.057979   (eb)
 ( 9   2) <--> ( 9   1)        1.377562      0.099878      0.099878   WU    23.130141     23.130141
 ( 9   2) <--> ( 9   2)       -0.856707     -0.531914   (eb)
 ( 9   3) <--> ( 9   1)        0.023768      0.000030      0.000030   WU     0.006886      0.006886
 ( 9   3) <--> ( 9   2)        0.967621      0.049278      0.049278   WU    11.412117     11.412117
 ( 9   3) <--> ( 9   3)       -1.530991     -0.950565   (eb)
 ( 9   4) <--> ( 9   1)        0.049801      0.000131      0.000131   WU     0.030230      0.030230
 ( 9   4) <--> ( 9   2)       -1.489174      0.116718      0.116718   WU    27.030025     27.030025
 ( 9   4) <--> ( 9   3)       -0.486121      0.012438      0.012438   WU     2.880342      2.880342
 ( 9   4) <--> ( 9   4)       -0.285573     -0.177307   (eb)
 ( 9   1) <--> (10   1)        1.131165      0.067344      0.060930   WU    15.595793     14.110479
 ( 9   1) <--> (10   2)        0.685843      0.024757      0.022399   WU     5.733312      5.187282
 ( 9   1) <--> (10   3)        0.591693      0.018426      0.016671   WU     4.267253      3.860848
 ( 9   1) <--> (10   4)        0.866723      0.039537      0.035772   WU     9.156223      8.284202
 ( 9   2) <--> (10   1)        0.033215      0.000058      0.000053   WU     0.013447      0.012166
 ( 9   2) <--> (10   2)        0.979918      0.050539      0.045726   WU    11.704018     10.589350
 ( 9   2) <--> (10   3)       -0.830227      0.036278      0.032823   WU     8.401355      7.601226
 ( 9   2) <--> (10   4)       -0.389873      0.008000      0.007238   WU     1.852690      1.676243
 ( 9   3) <--> (10   1)        0.043879      0.000101      0.000092   WU     0.023468      0.021233
 ( 9   3) <--> (10   2)        0.099129      0.000517      0.000468   WU     0.119773      0.108366
 ( 9   3) <--> (10   3)       -0.275639      0.003999      0.003618   WU     0.926055      0.837859
 ( 9   3) <--> (10   4)        1.255225      0.082926      0.075028   WU    19.204311     17.375329
 ( 9   4) <--> (10   1)        0.003653      0.000001      0.000001   WU     0.000163      0.000147
 ( 9   4) <--> (10   2)       -0.053739      0.000152      0.000138   WU     0.035200      0.031847
 ( 9   4) <--> (10   3)        0.680768      0.024392      0.022069   WU     5.648779      5.110800
 ( 9   4) <--> (10   4)        0.332944      0.005834      0.005279   WU     1.351132      1.222453
 (10   1) <--> (10   1)       -2.213023     -1.326914   (eb)
 (10   2) <--> (10   1)        1.329229      0.084136      0.084136   WU    19.484520     19.484520
 (10   2) <--> (10   2)       -1.459881     -0.875335   (eb)
 (10   3) <--> (10   1)        0.121780      0.000706      0.000706   WU     0.163547      0.163547
 (10   3) <--> (10   2)       -1.886378      0.169449      0.169449   WU    39.241696     39.241696
 (10   3) <--> (10   3)       -0.929856     -0.557535   (eb)
 (10   4) <--> (10   1)       -0.079402      0.000300      0.000300   WU     0.069528      0.069528
 (10   4) <--> (10   2)        0.054411      0.000141      0.000141   WU     0.032648      0.032648
 (10   4) <--> (10   3)       -0.316883      0.004782      0.004782   WU     1.107359      1.107359
 (10   4) <--> (10   4)       -2.442785     -1.464678   (eb)
 
  quadrupole shape invariant: 01+, 02+, 03+, 04+
quadr2     0.66474847     1.31878884     0.92846842     1.95816259
quadr3     0.37677120     1.45531875     0.26241105     2.95223348
  effective deformation parameters:  01+, 02+, 03+, 04+
beteff     0.19122512     0.26934188     0.22599552     0.32820156
cos3ga     0.69517106     0.96093769     0.29331306     1.07740151
 
 ********* END Transition **************************
