 ********* BEGIN READER ****************************
 
 Nucleus            :  Yb  70 138
 Imin, Imax         :     0  10
 imu, remu          :     1 12.0000
 nlevel             :     4
 observables        :     2
 wave fun           :     1
 nbet, ngam, npar   :    10   7  10
 Finish reading parameters: V, B_k ...
 
 ********* END READER ******************************
 
 ********* BEGIN LEVELS ********************
 
 E_0 = -1549.253932
 
  I=   0   ntot= 127
   0   1    0.000000
   0   2    1.274697
   0   3    1.499908
   0   4    2.194458
 
  I=   2   ntot= 234
   2   1    0.210210
   2   2    0.903589
   2   3    1.481221
   2   4    1.854325
 
  I=   3   ntot= 108
   3   1    1.188233
   3   2    2.398301
   3   3    2.862488
   3   4    3.491956
 
  I=   4   ntot= 324
   4   1    0.599080
   4   2    1.381178
   4   3    1.811086
   4   4    1.936240
 
  I=   5   ntot= 198
   5   1    1.726889
   5   2    2.416746
   5   3    2.838324
   5   4    3.464409
 
  I=   6   ntot= 432
   6   1    1.122965
   6   2    1.945730
   6   3    2.258478
   6   4    2.630183
 
  I=   7   ntot= 306
   7   1    2.368423
   7   2    3.110143
   7   3    3.384099
   7   4    3.780784
 
  I=   8   ntot= 522
   8   1    1.753221
   8   2    2.576055
   8   3    2.826369
   8   4    3.324102
 
  I=   9   ntot= 397
   9   1    3.089715
   9   2    3.818477
   9   3    4.069051
   9   4    4.562340
 
  I=  10   ntot= 630
  10   1    2.469107
  10   2    3.252134
  10   3    3.513285
  10   4    4.028795
 
 ********* END LEVELS **********************
 
 ********* BEGIN Transition ************************
 
  Monopole moment 
 
   I   n    <In|E0|In>   ave \beta      del<b>   ave \gamma    del<g>  
     K=0       K=2       K=4   
   0   1     30.411326    0.254118    0.050365   18.001775   10.420750  100.0000    0.0000    0.0000
   0   2     30.796240    0.319567    0.086875   13.872939   11.045204   99.9999    0.0000    0.0000
   0   3     30.568880    0.276108    0.050175   30.177569   10.068646  100.0000    0.0000    0.0000
   0   4     30.937856    0.345488    0.113659   12.724249   12.188787   99.9999    0.0000    0.0000
   2   1     30.450562    0.260706    0.050708   17.029206   10.105786   98.9316    1.0684    0.0000
   2   2     30.491492    0.265381    0.050274   24.170587    9.870603    3.0567   96.9433    0.0000
   2   3     30.907683    0.335730    0.084286   13.464025   10.202446   98.3769    1.6230    0.0000
   2   4     30.648402    0.288891    0.052572   26.858910   11.563639   85.7534   14.2466    0.0000
   3   1     30.554720    0.275376    0.050704   22.165682    9.002857    0.0000  100.0000    0.0000
   3   2     31.013304    0.347195    0.082999   18.075863    9.472693    0.0000   99.9999    0.0000
   3   3     30.864567    0.320946    0.064814   24.714968   13.105413    0.0000  100.0000    0.0000
   3   4     31.109921    0.365997    0.111691   15.325941   10.082024    0.0000   99.9999    0.0000
   4   1     30.505626    0.269752    0.052101   16.403148   10.086441   95.6193    4.2261    0.1546
   4   2     30.575485    0.279064    0.053951   22.306631   10.712005   10.5742   82.3796    7.0461
   4   3     30.992481    0.348114    0.083620   13.160989   10.042060   95.2483    4.6645    0.0871
   4   4     30.608367    0.282428    0.051793   27.195999    9.955454    1.3665   13.6822   84.9513
   5   1     30.635073    0.287983    0.053387   20.988087    9.052292    0.0000   93.8564    6.1436
   5   2     30.710839    0.297934    0.053757   24.544690    9.174064    0.0000    9.4354   90.5645
   5   3     31.117891    0.362552    0.083812   16.785645    9.223819    0.0000   95.8860    4.1139
   5   4     30.969760    0.336571    0.073725   23.158682   12.994322    0.0000   83.2191   16.7809
   6   1     30.576219    0.281081    0.054460   16.023597   10.210007   90.4574    9.0505    0.4403
   6   2     30.691216    0.297994    0.061867   20.145026   12.125898   23.3503   65.1171   10.0367
   6   3     31.048002    0.355958    0.084761   13.435188   10.279321   88.7181   10.3003    0.8908
   6   4     30.732061    0.301978    0.060642   25.202450   11.905067    3.0302   31.0281   41.9804
   7   1     30.736318    0.303576    0.057238   19.942678    9.223031    0.0000   87.7650   11.4616
   7   2     30.869785    0.322708    0.064791   21.966473   10.879362    0.0000   23.6226   60.8916
   7   3     31.145483    0.366498    0.086984   16.701582    9.552450    0.0000   86.3697   11.3946
   7   4     30.917241    0.326810    0.058419   24.817203    9.351745    0.0000    0.7653   26.2099
   8   1     30.665373    0.295102    0.057715   15.681719   10.364922   84.8486   14.0547    0.9830
   8   2     30.866860    0.326471    0.073051   17.072714   13.154970   42.3840   44.6748   10.8503
   8   3     31.045549    0.354503    0.086323   14.897282   10.780675   74.0540   21.8472    3.4882
   8   4     30.939261    0.334576    0.073135   21.076704   12.884664    5.9378   50.1938   23.4496
   9   1     30.869557    0.323660    0.061663   18.787263    9.380652    0.0000   82.8642   15.3720
   9   2     31.092208    0.357070    0.077078   18.390194   11.476740    0.0000   46.2020   37.2797
   9   3     31.092553    0.357190    0.086477   18.409516   10.077454    0.0000   65.4088   25.1368
   9   4     31.115165    0.356272    0.069604   22.005844   10.829989    0.0000    3.0691   43.4340
  10   1     30.778693    0.312569    0.061475   15.197988   10.450920   80.1551   18.0063    1.6365
  10   2     31.036544    0.353016    0.080195   14.688972   13.111508   58.8687   29.7697    9.2484
  10   3     31.051535    0.353245    0.083729   16.564213   10.522134   57.9767   33.7337    6.8297
  10   4     31.127985    0.362982    0.078718   18.179940   12.862738   11.1027   59.2476   14.8354
 
  rho^2(E0) 
 
   I  n_1 n_2  <In_1|E0|In_2>  rho^2(E0) 
   0   1   1       30.411326 1773.334226
   0   2   1        0.284631    0.155340
   0   2   2       30.796240 1818.508201
   0   3   1        0.069384    0.009231
   0   3   2        0.052230    0.005231
   0   3   3       30.568880 1791.756237
   0   4   1        0.053219    0.005431
   0   4   2       -0.502677    0.484505
   0   4   3        0.020440    0.000801
   0   4   4       30.937856 1835.271470
   2   1   1       30.450562 1777.912977
   2   2   1        0.022025    0.000930
   2   2   2       30.491492 1782.695781
   2   3   1        0.294349    0.166129
   2   3   2        0.014048    0.000378
   2   3   3       30.907683 1831.693444
   2   4   1        0.023124    0.001025
   2   4   2        0.036223    0.002516
   2   4   3       -0.031467    0.001899
   2   4   4       30.648402 1801.090546
   3   1   1       30.554720 1790.096701
   3   2   1        0.312335    0.187052
   3   2   2       31.013304 1844.233734
   3   3   1       -0.009835    0.000185
   3   3   2        0.165646    0.052612
   3   3   3       30.864567 1826.586506
   3   4   1       -0.073572    0.010379
   3   4   2        0.476081    0.434592
   3   4   3        0.185348    0.065871
   3   4   4       31.109921 1855.742435
   4   1   1       30.505626 1784.348872
   4   2   1       -0.043159    0.003572
   4   2   2       30.575485 1792.530586
   4   3   1        0.303604    0.176740
   4   3   2       -0.055392    0.005883
   4   3   3       30.992481 1841.758014
   4   4   1       -0.009884    0.000187
   4   4   2        0.048600    0.004529
   4   4   3       -0.019649    0.000740
   4   4   4       30.608367 1796.388246
   5   1   1       30.635073 1799.524342
   5   2   1        0.039645    0.003014
   5   2   2       30.710839 1808.436385
   5   3   1        0.330297    0.209185
   5   3   2        0.072361    0.010040
   5   3   3       31.117891 1856.693419
   5   4   1       -0.036063    0.002494
   5   4   2        0.117484    0.026466
   5   4   3        0.212453    0.086546
   5   4   4       30.969760 1839.058619
   6   1   1       30.576219 1792.616726
   6   2   1        0.087539    0.014693
   6   2   2       30.691216 1806.126111
   6   3   1        0.314472    0.189620
   6   3   2        0.119254    0.027269
   6   3   3       31.048002 1848.362693
   6   4   1        0.006965    0.000093
   6   4   2       -0.089975    0.015522
   6   4   3        0.015686    0.000472
   6   4   4       30.732061 1810.936590
   7   1   1       30.736318 1811.438404
   7   2   1       -0.114710    0.025230
   7   2   2       30.869785 1827.204169
   7   3   1       -0.346376    0.230046
   7   3   2        0.154079    0.045521
   7   3   3       31.145483 1859.987477
   7   4   1        0.016978    0.000553
   7   4   2        0.081209    0.012645
   7   4   3       -0.014418    0.000399
   7   4   4       30.917241 1832.826427
   8   1   1       30.665373 1803.085761
   8   2   1        0.171840    0.056620
   8   2   2       30.866860 1826.858024
   8   3   1        0.310844    0.185270
   8   3   2        0.171137    0.056157
   8   3   3       31.045549 1848.070588
   8   4   1        0.013740    0.000362
   8   4   2       -0.158851    0.048384
   8   4   3        0.073480    0.010353
   8   4   4       30.939261 1835.438175
   9   1   1       30.869557 1827.177230
   9   2   1       -0.244367    0.114500
   9   2   2       31.092208 1853.629805
   9   3   1        0.326032    0.203817
   9   3   2       -0.163188    0.051062
   9   3   3       31.092553 1853.670904
   9   4   1        0.023686    0.001076
   9   4   2        0.169331    0.054978
   9   4   3        0.080100    0.012302
   9   4   4       31.115165 1856.368074
  10   1   1       30.778693 1816.436518
  10   2   1       -0.263517    0.133149
  10   2   2       31.036544 1846.998687
  10   3   1       -0.289596    0.160807
  10   3   2        0.146196    0.040982
  10   3   3       31.051535 1848.783397
  10   4   1       -0.008302    0.000132
  10   4   2       -0.203577    0.079465
  10   4   3        0.155871    0.046586
  10   4   4       31.127985 1857.898177
 
  E2 transition 
 
  I1  n1        I2  n2       <f||E2||i>   B(E2,I1->I2)  B(E2,I2->I1)
 ( 0   1) <--> ( 2   1)        2.029712      4.119730      0.823946   WU   562.770253    112.554051
 ( 0   1) <--> ( 2   2)       -0.287511      0.082663      0.016533   WU    11.292034      2.258407
 ( 0   1) <--> ( 2   3)        0.299867      0.089920      0.017984   WU    12.283392      2.456678
 ( 0   1) <--> ( 2   4)       -0.049579      0.002458      0.000492   WU     0.335776      0.067155
 ( 0   2) <--> ( 2   1)        0.578173      0.334285      0.066857   WU    45.664491      9.132898
 ( 0   2) <--> ( 2   2)        0.273207      0.074642      0.014928   WU    10.196347      2.039269
 ( 0   2) <--> ( 2   3)        2.504053      6.270280      1.254056   WU   856.543196    171.308639
 ( 0   2) <--> ( 2   4)       -0.415302      0.172475      0.034495   WU    23.560785      4.712157
 ( 0   3) <--> ( 2   1)       -0.054153      0.002933      0.000587   WU     0.400593      0.080119
 ( 0   3) <--> ( 2   2)       -0.659828      0.435373      0.087075   WU    59.473603     11.894721
 ( 0   3) <--> ( 2   3)        0.467331      0.218398      0.043680   WU    29.834000      5.966800
 ( 0   3) <--> ( 2   4)        1.906450      3.634553      0.726911   WU   496.493213     99.298643
 ( 0   4) <--> ( 2   1)        0.123878      0.015346      0.003069   WU     2.096300      0.419260
 ( 0   4) <--> ( 2   2)       -0.036157      0.001307      0.000261   WU     0.178581      0.035716
 ( 0   4) <--> ( 2   3)       -1.048894      1.100179      0.220036   WU   150.288462     30.057692
 ( 0   4) <--> ( 2   4)        0.330543      0.109258      0.021852   WU    14.925100      2.985020
 ( 2   1) <--> ( 2   1)       -2.276775     -1.725644   (eb)
 ( 2   2) <--> ( 2   1)       -1.063148      0.226057      0.226057   WU    30.880167     30.880167
 ( 2   2) <--> ( 2   2)        2.196999      1.665179   (eb)
 ( 2   3) <--> ( 2   1)       -0.437614      0.038301      0.038301   WU     5.232075      5.232075
 ( 2   3) <--> ( 2   2)       -0.457674      0.041893      0.041893   WU     5.722760      5.722760
 ( 2   3) <--> ( 2   3)       -2.940975     -2.229063   (eb)
 ( 2   4) <--> ( 2   1)        0.056018      0.000628      0.000628   WU     0.085733      0.085733
 ( 2   4) <--> ( 2   2)        0.020049      0.000080      0.000080   WU     0.010981      0.010981
 ( 2   4) <--> ( 2   3)       -0.091294      0.001667      0.001667   WU     0.227709      0.227709
 ( 2   4) <--> ( 2   4)       -1.481868     -1.123157   (eb)
 ( 2   1) <--> ( 3   1)        0.491715      0.048357      0.034541   WU     6.605710      4.718364
 ( 2   1) <--> ( 3   2)       -0.049988      0.000500      0.000357   WU     0.068269      0.048763
 ( 2   1) <--> ( 3   3)        0.019257      0.000074      0.000053   WU     0.010131      0.007236
 ( 2   1) <--> ( 3   4)        0.008822      0.000016      0.000011   WU     0.002126      0.001519
 ( 2   2) <--> ( 3   1)        3.088708      1.908023      1.362874   WU   260.642956    186.173540
 ( 2   2) <--> ( 3   2)        0.345181      0.023830      0.017021   WU     3.255262      2.325187
 ( 2   2) <--> ( 3   3)        0.052963      0.000561      0.000401   WU     0.076637      0.054741
 ( 2   2) <--> ( 3   4)       -0.145033      0.004207      0.003005   WU     0.574682      0.410487
 ( 2   3) <--> ( 3   1)       -0.189623      0.007191      0.005137   WU     0.982367      0.701691
 ( 2   3) <--> ( 3   2)        0.405449      0.032878      0.023484   WU     4.491222      3.208016
 ( 2   3) <--> ( 3   3)       -0.001769      0.000001      0.000000   WU     0.000085      0.000061
 ( 2   3) <--> ( 3   4)       -0.038377      0.000295      0.000210   WU     0.040237      0.028741
 ( 2   4) <--> ( 3   1)        1.301395      0.338726      0.241947   WU    46.271150     33.050821
 ( 2   4) <--> ( 3   2)        0.717209      0.102878      0.073484   WU    14.053490     10.038207
 ( 2   4) <--> ( 3   3)       -0.076637      0.001175      0.000839   WU     0.160462      0.114616
 ( 2   4) <--> ( 3   4)       -0.064766      0.000839      0.000599   WU     0.114602      0.081859
 ( 2   1) <--> ( 4   1)        3.385179      2.291888      1.273271   WU   313.080254    173.933474
 ( 2   1) <--> ( 4   2)       -0.062505      0.000781      0.000434   WU     0.106737      0.059298
 ( 2   1) <--> ( 4   3)        0.343183      0.023555      0.013086   WU     3.217686      1.787604
 ( 2   1) <--> ( 4   4)       -0.005533      0.000006      0.000003   WU     0.000837      0.000465
 ( 2   2) <--> ( 4   1)       -0.143552      0.004121      0.002290   WU     0.563001      0.312779
 ( 2   2) <--> ( 4   2)       -2.319366      1.075892      0.597718   WU   146.970732     81.650407
 ( 2   2) <--> ( 4   3)       -0.053267      0.000567      0.000315   WU     0.077519      0.043066
 ( 2   2) <--> ( 4   4)        0.474426      0.045016      0.025009   WU     6.149360      3.416311
 ( 2   3) <--> ( 4   1)        1.004222      0.201692      0.112051   WU    27.551901     15.306611
 ( 2   3) <--> ( 4   2)       -0.485437      0.047130      0.026183   WU     6.438093      3.576718
 ( 2   3) <--> ( 4   3)        4.278105      3.660436      2.033575   WU   500.028955    277.793864
 ( 2   3) <--> ( 4   4)       -0.177045      0.006269      0.003483   WU     0.856364      0.475758
 ( 2   4) <--> ( 4   1)       -0.193511      0.007489      0.004161   WU     1.023066      0.568370
 ( 2   4) <--> ( 4   2)        0.761080      0.115849      0.064360   WU    15.825349      8.791861
 ( 2   4) <--> ( 4   3)        0.002781      0.000002      0.000001   WU     0.000211      0.000117
 ( 2   4) <--> ( 4   4)       -0.566703      0.064230      0.035684   WU     8.774101      4.874501
 ( 3   1) <--> ( 3   1)        0.000000      0.000000   (eb)
 ( 3   2) <--> ( 3   1)        0.000000      0.000000      0.000000   WU     0.000000      0.000000
 ( 3   2) <--> ( 3   2)        0.000000      0.000000   (eb)
 ( 3   3) <--> ( 3   1)        0.000000      0.000000      0.000000   WU     0.000000      0.000000
 ( 3   3) <--> ( 3   2)        0.000000      0.000000      0.000000   WU     0.000000      0.000000
 ( 3   3) <--> ( 3   3)        0.000000      0.000000   (eb)
 ( 3   4) <--> ( 3   1)        0.000000      0.000000      0.000000   WU     0.000000      0.000000
 ( 3   4) <--> ( 3   2)        0.000000      0.000000      0.000000   WU     0.000000      0.000000
 ( 3   4) <--> ( 3   3)        0.000000      0.000000      0.000000   WU     0.000000      0.000000
 ( 3   4) <--> ( 3   4)        0.000000      0.000000   (eb)
 ( 3   1) <--> ( 4   1)       -1.052437      0.158232      0.123069   WU    21.615071     16.811722
 ( 3   1) <--> ( 4   2)       -2.707704      1.047380      0.814629   WU   143.075981    111.281318
 ( 3   1) <--> ( 4   3)       -0.580031      0.048062      0.037382   WU     6.565492      5.106494
 ( 3   1) <--> ( 4   4)       -1.684709      0.405463      0.315360   WU    55.387771     43.079378
 ( 3   2) <--> ( 4   1)       -0.003833      0.000002      0.000002   WU     0.000287      0.000223
 ( 3   2) <--> ( 4   2)       -0.571729      0.046696      0.036319   WU     6.378892      4.961361
 ( 3   2) <--> ( 4   3)       -1.114553      0.177461      0.138025   WU    24.241844     18.854768
 ( 3   2) <--> ( 4   4)       -0.635337      0.057665      0.044850   WU     7.877219      6.126726
 ( 3   3) <--> ( 4   1)       -0.019909      0.000057      0.000044   WU     0.007735      0.006016
 ( 3   3) <--> ( 4   2)       -0.117172      0.001961      0.001525   WU     0.267923      0.208384
 ( 3   3) <--> ( 4   3)       -0.082519      0.000973      0.000757   WU     0.132884      0.103354
 ( 3   3) <--> ( 4   4)       -0.168912      0.004076      0.003170   WU     0.556785      0.433055
 ( 3   4) <--> ( 4   1)        0.018201      0.000047      0.000037   WU     0.006465      0.005028
 ( 3   4) <--> ( 4   2)        0.183901      0.004831      0.003758   WU     0.659982      0.513320
 ( 3   4) <--> ( 4   3)        0.059739      0.000510      0.000397   WU     0.069643      0.054167
 ( 3   4) <--> ( 4   4)        0.103132      0.001519      0.001182   WU     0.207563      0.161438
 ( 3   1) <--> ( 5   1)        3.199215      1.462140      0.930453   WU   199.733638    127.103224
 ( 3   1) <--> ( 5   2)       -0.146863      0.003081      0.001961   WU     0.420911      0.267852
 ( 3   1) <--> ( 5   3)        0.200472      0.005741      0.003654   WU     0.784283      0.499089
 ( 3   1) <--> ( 5   4)        0.006762      0.000007      0.000004   WU     0.000892      0.000568
 ( 3   2) <--> ( 5   1)        0.990453      0.140142      0.089181   WU    19.143959     12.182520
 ( 3   2) <--> ( 5   2)        0.410792      0.024107      0.015341   WU     3.293120      2.095622
 ( 3   2) <--> ( 5   3)        3.935552      2.212653      1.408052   WU   302.256516    192.345056
 ( 3   2) <--> ( 5   4)       -0.000846      0.000000      0.000000   WU     0.000014      0.000009
 ( 3   3) <--> ( 5   1)        0.272557      0.010612      0.006753   WU     1.449701      0.922537
 ( 3   3) <--> ( 5   2)        1.194101      0.203697      0.129625   WU    27.825734     17.707286
 ( 3   3) <--> ( 5   3)        0.589203      0.049594      0.031560   WU     6.774757      4.311209
 ( 3   3) <--> ( 5   4)        3.333077      1.587058      1.009946   WU   216.797887    137.962292
 ( 3   4) <--> ( 5   1)       -0.243751      0.008488      0.005401   WU     1.159461      0.737839
 ( 3   4) <--> ( 5   2)       -0.099296      0.001409      0.000896   WU     0.192412      0.122444
 ( 3   4) <--> ( 5   3)        1.562227      0.348650      0.221868   WU    47.626919     30.308040
 ( 3   4) <--> ( 5   4)        1.002847      0.143672      0.091427   WU    19.626075     12.489321
 ( 4   1) <--> ( 4   1)       -2.817027     -2.124308   (eb)
 ( 4   2) <--> ( 4   1)        1.358495      0.205057      0.205057   WU    28.011485     28.011485
 ( 4   2) <--> ( 4   2)       -0.932860     -0.703466   (eb)
 ( 4   3) <--> ( 4   1)       -0.480496      0.025653      0.025653   WU     3.504282      3.504282
 ( 4   3) <--> ( 4   2)        0.501982      0.027998      0.027998   WU     3.824682      3.824682
 ( 4   3) <--> ( 4   3)       -3.795920     -2.862486   (eb)
 ( 4   4) <--> ( 4   1)        0.027531      0.000084      0.000084   WU     0.011505      0.011505
 ( 4   4) <--> ( 4   2)       -1.837031      0.374965      0.374965   WU    51.221587     51.221587
 ( 4   4) <--> ( 4   3)        0.202977      0.004578      0.004578   WU     0.625334      0.625334
 ( 4   4) <--> ( 4   4)        3.231107      2.436563   (eb)
 ( 4   1) <--> ( 5   1)        0.305395      0.010363      0.008479   WU     1.415608      1.158224
 ( 4   1) <--> ( 5   2)       -0.025618      0.000073      0.000060   WU     0.009961      0.008150
 ( 4   1) <--> ( 5   3)       -0.052713      0.000309      0.000253   WU     0.042174      0.034506
 ( 4   1) <--> ( 5   4)        0.027387      0.000083      0.000068   WU     0.011385      0.009315
 ( 4   2) <--> ( 5   1)       -2.768930      0.851886      0.696998   WU   116.370749     95.212431
 ( 4   2) <--> ( 5   2)       -0.747221      0.062038      0.050758   WU     8.474581      6.933748
 ( 4   2) <--> ( 5   3)       -0.249276      0.006904      0.005649   WU     0.943152      0.771670
 ( 4   2) <--> ( 5   4)        0.049704      0.000274      0.000225   WU     0.037497      0.030679
 ( 4   3) <--> ( 5   1)       -0.345353      0.013252      0.010843   WU     1.810286      1.481143
 ( 4   3) <--> ( 5   2)       -0.217371      0.005250      0.004295   WU     0.717170      0.586775
 ( 4   3) <--> ( 5   3)        0.285276      0.009042      0.007398   WU     1.235238      1.010649
 ( 4   3) <--> ( 5   4)       -0.004369      0.000002      0.000002   WU     0.000290      0.000237
 ( 4   4) <--> ( 5   1)       -0.042148      0.000197      0.000161   WU     0.026964      0.022061
 ( 4   4) <--> ( 5   2)       -3.862856      1.657962      1.356514   WU   226.483654    185.304808
 ( 4   4) <--> ( 5   3)        0.012557      0.000018      0.000014   WU     0.002393      0.001958
 ( 4   4) <--> ( 5   4)       -0.013497      0.000020      0.000017   WU     0.002765      0.002262
 ( 4   1) <--> ( 6   1)       -4.502358      2.252359      1.559325   WU   307.680492    213.009571
 ( 4   1) <--> ( 6   2)       -0.245277      0.006685      0.004628   WU     0.913129      0.632166
 ( 4   1) <--> ( 6   3)       -0.291696      0.009454      0.006545   WU     1.291456      0.894085
 ( 4   1) <--> ( 6   4)       -0.017838      0.000035      0.000024   WU     0.004830      0.003344
 ( 4   2) <--> ( 6   1)       -0.207440      0.004781      0.003310   WU     0.653136      0.452171
 ( 4   2) <--> ( 6   2)        3.944096      1.728432      1.196607   WU   236.110195    163.460904
 ( 4   2) <--> ( 6   3)       -0.337592      0.012663      0.008767   WU     1.729833      1.197577
 ( 4   2) <--> ( 6   4)       -0.096110      0.001026      0.000711   WU     0.140203      0.097064
 ( 4   3) <--> ( 6   1)       -1.428003      0.226577      0.156861   WU    30.951254     21.427791
 ( 4   3) <--> ( 6   2)       -1.102978      0.135173      0.093582   WU    18.465171     12.783580
 ( 4   3) <--> ( 6   3)       -5.567874      3.444581      2.384710   WU   470.542322    325.760069
 ( 4   3) <--> ( 6   4)       -0.126073      0.001766      0.001223   WU     0.241249      0.167019
 ( 4   4) <--> ( 6   1)       -0.114449      0.001455      0.001008   WU     0.198812      0.137639
 ( 4   4) <--> ( 6   2)        0.223919      0.005571      0.003857   WU     0.761033      0.526869
 ( 4   4) <--> ( 6   3)        0.177109      0.003485      0.002413   WU     0.476101      0.329608
 ( 4   4) <--> ( 6   4)       -2.701150      0.810690      0.561247   WU   110.743267     76.668416
 ( 5   1) <--> ( 5   1)       -1.660026     -1.205390   (eb)
 ( 5   2) <--> ( 5   1)       -1.636703      0.243527      0.243527   WU    33.266657     33.266657
 ( 5   2) <--> ( 5   2)        1.533506      1.113520   (eb)
 ( 5   3) <--> ( 5   1)       -0.240581      0.005262      0.005262   WU     0.718771      0.718771
 ( 5   3) <--> ( 5   2)       -0.732578      0.048788      0.048788   WU     6.664655      6.664655
 ( 5   3) <--> ( 5   3)       -2.388973     -1.734698   (eb)
 ( 5   4) <--> ( 5   1)        0.032722      0.000097      0.000097   WU     0.013297      0.013297
 ( 5   4) <--> ( 5   2)       -0.089352      0.000726      0.000726   WU     0.099148      0.099148
 ( 5   4) <--> ( 5   3)       -0.709896      0.045814      0.045814   WU     6.258343      6.258343
 ( 5   4) <--> ( 5   4)       -1.435528     -1.042376   (eb)
 ( 5   1) <--> ( 6   1)        1.447153      0.190386      0.161096   WU    26.007491     22.006339
 ( 5   1) <--> ( 6   2)       -2.328715      0.492992      0.417147   WU    67.344542     56.983843
 ( 5   1) <--> ( 6   3)        0.839583      0.064082      0.054223   WU     8.753816      7.407075
 ( 5   1) <--> ( 6   4)        1.282124      0.149440      0.126449   WU    20.414075     17.273448
 ( 5   2) <--> ( 6   1)        0.026323      0.000063      0.000053   WU     0.008605      0.007281
 ( 5   2) <--> ( 6   2)        0.938549      0.080080      0.067760   WU    10.939154      9.256207
 ( 5   2) <--> ( 6   3)       -0.111894      0.001138      0.000963   WU     0.155482      0.131562
 ( 5   2) <--> ( 6   4)        2.896716      0.762815      0.645459   WU   104.203278     88.172004
 ( 5   3) <--> ( 6   1)       -0.014638      0.000019      0.000016   WU     0.002661      0.002252
 ( 5   3) <--> ( 6   2)       -0.416584      0.015777      0.013349   WU     2.155136      1.823577
 ( 5   3) <--> ( 6   3)        1.528710      0.212450      0.179766   WU    29.021512     24.556664
 ( 5   3) <--> ( 6   4)        0.738804      0.049621      0.041987   WU     6.778410      5.735577
 ( 5   4) <--> ( 6   1)        0.016490      0.000025      0.000021   WU     0.003377      0.002857
 ( 5   4) <--> ( 6   2)       -0.020863      0.000040      0.000033   WU     0.005405      0.004574
 ( 5   4) <--> ( 6   3)        0.008194      0.000006      0.000005   WU     0.000834      0.000706
 ( 5   4) <--> ( 6   4)        0.277969      0.007024      0.005944   WU     0.959541      0.811919
 ( 5   1) <--> ( 7   1)        4.622359      1.942382      1.424414   WU   265.336549    194.580136
 ( 5   1) <--> ( 7   2)       -0.105279      0.001008      0.000739   WU     0.137642      0.100937
 ( 5   1) <--> ( 7   3)       -0.140426      0.001793      0.001315   WU     0.244886      0.179583
 ( 5   1) <--> ( 7   4)        0.001480      0.000000      0.000000   WU     0.000027      0.000020
 ( 5   2) <--> ( 7   1)        0.152469      0.002113      0.001550   WU     0.288693      0.211708
 ( 5   2) <--> ( 7   2)       -3.408200      1.055984      0.774388   WU   144.251318    105.784300
 ( 5   2) <--> ( 7   3)        0.386614      0.013588      0.009965   WU     1.856197      1.361211
 ( 5   2) <--> ( 7   4)        0.111557      0.001131      0.000830   WU     0.154547      0.113334
 ( 5   3) <--> ( 7   1)        1.555653      0.220005      0.161337   WU    30.053496     22.039230
 ( 5   3) <--> ( 7   2)       -1.508130      0.206769      0.151630   WU    28.245361     20.713265
 ( 5   3) <--> ( 7   3)       -5.461534      2.711669      1.988557   WU   370.423903    271.644196
 ( 5   3) <--> ( 7   4)        0.119443      0.001297      0.000951   WU     0.177169      0.129924
 ( 5   4) <--> ( 7   1)        0.238318      0.005163      0.003786   WU     0.705317      0.517232
 ( 5   4) <--> ( 7   2)       -1.603943      0.233876      0.171509   WU    31.948278     23.428737
 ( 5   4) <--> ( 7   3)       -0.666187      0.040346      0.029587   WU     5.511401      4.041694
 ( 5   4) <--> ( 7   4)       -0.069828      0.000443      0.000325   WU     0.060553      0.044405
 ( 6   1) <--> ( 6   1)       -3.302831     -2.302724   (eb)
 ( 6   2) <--> ( 6   1)       -1.625561      0.203265      0.203265   WU    27.766798     27.766798
 ( 6   2) <--> ( 6   2)       -2.355962     -1.642570   (eb)
 ( 6   3) <--> ( 6   1)       -0.413908      0.013178      0.013178   WU     1.800226      1.800226
 ( 6   3) <--> ( 6   2)       -0.902568      0.062664      0.062664   WU     8.560104      8.560104
 ( 6   3) <--> ( 6   3)       -4.379116     -3.053107   (eb)
 ( 6   4) <--> ( 6   1)       -0.054274      0.000227      0.000227   WU     0.030953      0.030953
 ( 6   4) <--> ( 6   2)        2.239870      0.385924      0.385924   WU    52.718680     52.718680
 ( 6   4) <--> ( 6   3)       -0.258020      0.005121      0.005121   WU     0.699563      0.699563
 ( 6   4) <--> ( 6   4)        0.637277      0.444308   (eb)
 ( 6   1) <--> ( 7   1)       -0.159292      0.001952      0.001692   WU     0.266630      0.231079
 ( 6   1) <--> ( 7   2)       -0.041171      0.000130      0.000113   WU     0.017812      0.015437
 ( 6   1) <--> ( 7   3)       -0.038030      0.000111      0.000096   WU     0.015198      0.013171
 ( 6   1) <--> ( 7   4)        0.001258      0.000000      0.000000   WU     0.000017      0.000014
 ( 6   2) <--> ( 7   1)       -2.445029      0.459859      0.398544   WU    62.818428     54.442637
 ( 6   2) <--> ( 7   2)        0.547473      0.023056      0.019982   WU     3.149518      2.729582
 ( 6   2) <--> ( 7   3)        0.115465      0.001026      0.000889   WU     0.140093      0.121414
 ( 6   2) <--> ( 7   4)       -0.053779      0.000222      0.000193   WU     0.030392      0.026339
 ( 6   3) <--> ( 7   1)        0.660088      0.033517      0.029048   WU     4.578489      3.968023
 ( 6   3) <--> ( 7   2)       -0.077161      0.000458      0.000397   WU     0.062563      0.054222
 ( 6   3) <--> ( 7   3)        0.166415      0.002130      0.001846   WU     0.291008      0.252207
 ( 6   3) <--> ( 7   4)        0.015958      0.000020      0.000017   WU     0.002676      0.002319
 ( 6   4) <--> ( 7   1)        0.087090      0.000583      0.000506   WU     0.079699      0.069072
 ( 6   4) <--> ( 7   2)       -3.788102      1.103824      0.956648   WU   150.786438    130.681579
 ( 6   4) <--> ( 7   3)        0.328165      0.008284      0.007179   WU     1.131626      0.980743
 ( 6   4) <--> ( 7   4)       -0.669560      0.034485      0.029887   WU     4.710839      4.082727
 ( 6   1) <--> ( 8   1)       -5.578595      2.393902      1.830631   WU   327.015803    250.070908
 ( 6   1) <--> ( 8   2)       -0.340871      0.008938      0.006835   WU     1.220956      0.933672
 ( 6   1) <--> ( 8   3)       -0.161331      0.002002      0.001531   WU     0.273498      0.209146
 ( 6   1) <--> ( 8   4)       -0.042533      0.000139      0.000106   WU     0.019010      0.014537
 ( 6   2) <--> ( 8   1)       -0.044832      0.000155      0.000118   WU     0.021120      0.016150
 ( 6   2) <--> ( 8   2)       -5.315836      2.173701      1.662242   WU   296.935563    227.068372
 ( 6   2) <--> ( 8   3)        0.859930      0.056883      0.043499   WU     7.770432      5.942095
 ( 6   2) <--> ( 8   4)        0.299045      0.006879      0.005260   WU     0.939706      0.718599
 ( 6   3) <--> ( 8   1)       -1.873934      0.270125      0.206566   WU    36.900086     28.217713
 ( 6   3) <--> ( 8   2)       -2.182007      0.366243      0.280068   WU    50.030075     38.258292
 ( 6   3) <--> ( 8   3)       -6.442932      3.193182      2.441845   WU   436.200424    333.565030
 ( 6   3) <--> ( 8   4)       -0.031666      0.000077      0.000059   WU     0.010537      0.008058
 ( 6   4) <--> ( 8   1)       -0.278623      0.005972      0.004567   WU     0.815742      0.623803
 ( 6   4) <--> ( 8   2)        0.204492      0.003217      0.002460   WU     0.439411      0.336020
 ( 6   4) <--> ( 8   3)       -0.198682      0.003037      0.002322   WU     0.414798      0.317198
 ( 6   4) <--> ( 8   4)       -4.496103      1.554996      1.189114   WU   212.418133    162.437396
 ( 7   1) <--> ( 7   1)       -2.616326     -1.752054   (eb)
 ( 7   2) <--> ( 7   1)        2.019512      0.271895      0.271895   WU    37.141880     37.141880
 ( 7   2) <--> ( 7   2)       -0.678118     -0.454109   (eb)
 ( 7   3) <--> ( 7   1)        0.113019      0.000852      0.000852   WU     0.116325      0.116325
 ( 7   3) <--> ( 7   2)       -1.450642      0.140291      0.140291   WU    19.164229     19.164229
 ( 7   3) <--> ( 7   3)       -3.310803     -2.217118   (eb)
 ( 7   4) <--> ( 7   1)       -0.006052      0.000002      0.000002   WU     0.000334      0.000334
 ( 7   4) <--> ( 7   2)       -2.267979      0.342915      0.342915   WU    46.843496     46.843496
 ( 7   4) <--> ( 7   3)        0.437267      0.012747      0.012747   WU     1.741263      1.741263
 ( 7   4) <--> ( 7   4)        2.310699      1.547387   (eb)
 ( 7   1) <--> ( 8   1)       -1.726648      0.198754      0.175371   WU    27.150545     23.956363
 ( 7   1) <--> ( 8   2)        1.879816      0.235581      0.207865   WU    32.181178     28.395157
 ( 7   1) <--> ( 8   3)       -1.308500      0.114145      0.100716   WU    15.592605     13.758181
 ( 7   1) <--> ( 8   4)       -1.096239      0.080116      0.070691   WU    10.944138      9.656592
 ( 7   2) <--> ( 8   1)        0.007725      0.000004      0.000004   WU     0.000544      0.000480
 ( 7   2) <--> ( 8   2)        1.239483      0.102421      0.090372   WU    13.991118     12.345104
 ( 7   2) <--> ( 8   3)       -0.128147      0.001095      0.000966   WU     0.149551      0.131957
 ( 7   2) <--> ( 8   4)        3.104848      0.642672      0.567063   WU    87.791333     77.462940
 ( 7   3) <--> ( 8   1)       -0.048523      0.000157      0.000138   WU     0.021442      0.018919
 ( 7   3) <--> ( 8   2)       -0.196147      0.002565      0.002263   WU     0.350375      0.309154
 ( 7   3) <--> ( 8   3)        1.930304      0.248405      0.219181   WU    33.933023     29.940902
 ( 7   3) <--> ( 8   4)        0.684241      0.031212      0.027540   WU     4.263727      3.762112
 ( 7   4) <--> ( 8   1)       -0.006622      0.000003      0.000003   WU     0.000399      0.000352
 ( 7   4) <--> ( 8   2)        0.077594      0.000401      0.000354   WU     0.054831      0.048380
 ( 7   4) <--> ( 8   3)       -0.094011      0.000589      0.000520   WU     0.080487      0.071018
 ( 7   4) <--> ( 8   4)       -0.799793      0.042645      0.037628   WU     5.825409      5.140066
 ( 7   1) <--> ( 9   1)       -5.898354      2.319372      1.831083   WU   316.834762    250.132707
 ( 7   1) <--> ( 9   2)        0.127670      0.001087      0.000858   WU     0.148439      0.117188
 ( 7   1) <--> ( 9   3)        0.017033      0.000019      0.000015   WU     0.002642      0.002086
 ( 7   1) <--> ( 9   4)       -0.037144      0.000092      0.000073   WU     0.012564      0.009919
 ( 7   2) <--> ( 9   1)        0.662796      0.029287      0.023121   WU     4.000655      3.158412
 ( 7   2) <--> ( 9   2)       -5.230431      1.823827      1.439863   WU   249.141457    196.690624
 ( 7   2) <--> ( 9   3)       -1.048358      0.073270      0.057845   WU    10.008991      7.901835
 ( 7   2) <--> ( 9   4)       -0.032485      0.000070      0.000056   WU     0.009610      0.007587
 ( 7   3) <--> ( 9   1)        2.103164      0.294886      0.232805   WU    40.282574     31.802032
 ( 7   3) <--> ( 9   2)       -2.878786      0.552494      0.436180   WU    75.472720     59.583726
 ( 7   3) <--> ( 9   3)        6.130711      2.505708      1.978191   WU   342.288895    270.228075
 ( 7   3) <--> ( 9   4)        0.003025      0.000001      0.000000   WU     0.000083      0.000066
 ( 7   4) <--> ( 9   1)       -0.205960      0.002828      0.002233   WU     0.386311      0.304983
 ( 7   4) <--> ( 9   2)       -0.460748      0.014153      0.011173   WU     1.933298      1.526288
 ( 7   4) <--> ( 9   3)       -0.383224      0.009791      0.007729   WU     1.337444      1.055877
 ( 7   4) <--> ( 9   4)       -3.840720      0.983409      0.776375   WU   134.337242    106.055717
 ( 8   1) <--> ( 8   1)       -3.810074     -2.454434   (eb)
 ( 8   2) <--> ( 8   1)       -1.900522      0.212470      0.212470   WU    29.024138     29.024138
 ( 8   2) <--> ( 8   2)       -3.739901     -2.409229   (eb)
 ( 8   3) <--> ( 8   1)       -0.134276      0.001061      0.001061   WU     0.144880      0.144880
 ( 8   3) <--> ( 8   2)       -1.227640      0.088653      0.088653   WU    12.110314     12.110314
 ( 8   3) <--> ( 8   3)       -4.475225     -2.882922   (eb)
 ( 8   4) <--> ( 8   1)       -0.129654      0.000989      0.000989   WU     0.135077      0.135077
 ( 8   4) <--> ( 8   2)        2.497551      0.366927      0.366927   WU    50.123575     50.123575
 ( 8   4) <--> ( 8   3)       -0.615556      0.022289      0.022289   WU     3.044732      3.044732
 ( 8   4) <--> ( 8   4)       -1.856609     -1.196020   (eb)
 ( 8   1) <--> ( 9   1)       -0.048617      0.000139      0.000124   WU     0.018993      0.016994
 ( 8   1) <--> ( 9   2)       -0.040650      0.000097      0.000087   WU     0.013278      0.011880
 ( 8   1) <--> ( 9   3)        0.012408      0.000009      0.000008   WU     0.001237      0.001107
 ( 8   1) <--> ( 9   4)        0.003000      0.000001      0.000000   WU     0.000072      0.000065
 ( 8   2) <--> ( 9   1)       -2.074284      0.253097      0.226456   WU    34.574025     30.934654
 ( 8   2) <--> ( 9   2)        0.338474      0.006739      0.006030   WU     0.920587      0.823683
 ( 8   2) <--> ( 9   3)        0.003939      0.000001      0.000001   WU     0.000125      0.000112
 ( 8   2) <--> ( 9   4)       -0.069487      0.000284      0.000254   WU     0.038799      0.034715
 ( 8   3) <--> ( 9   1)        1.165109      0.079852      0.071446   WU    10.908040      9.759825
 ( 8   3) <--> ( 9   2)       -0.107588      0.000681      0.000609   WU     0.093012      0.083221
 ( 8   3) <--> ( 9   3)       -0.065097      0.000249      0.000223   WU     0.034051      0.030467
 ( 8   3) <--> ( 9   4)        0.013152      0.000010      0.000009   WU     0.001390      0.001244
 ( 8   4) <--> ( 9   1)        0.416525      0.010205      0.009131   WU     1.394105      1.247357
 ( 8   4) <--> ( 9   2)       -3.498184      0.719841      0.644068   WU    98.332881     87.982052
 ( 8   4) <--> ( 9   3)       -0.742601      0.032439      0.029024   WU     4.431235      3.964790
 ( 8   4) <--> ( 9   4)       -0.583892      0.020055      0.017944   WU     2.739542      2.451169
 ( 8   1) <--> (10   1)        6.678666      2.623799      2.124027   WU   358.420491    290.149921
 ( 8   1) <--> (10   2)       -0.313018      0.005764      0.004666   WU     0.787320      0.637355
 ( 8   1) <--> (10   3)       -0.016774      0.000017      0.000013   WU     0.002261      0.001830
 ( 8   1) <--> (10   4)       -0.062439      0.000229      0.000186   WU     0.031327      0.025360
 ( 8   2) <--> (10   1)        0.753802      0.033425      0.027058   WU     4.565921      3.696221
 ( 8   2) <--> (10   2)       -6.855374      2.764480      2.237912   WU   377.638038    305.706983
 ( 8   2) <--> (10   3)        1.028010      0.062165      0.050324   WU     8.491958      6.874443
 ( 8   2) <--> (10   4)        0.333509      0.006543      0.005297   WU     0.893776      0.723533
 ( 8   3) <--> (10   1)        2.255896      0.299357      0.242336   WU    40.893235     33.104047
 ( 8   3) <--> (10   2)       -2.544098      0.380732      0.308211   WU    52.009330     42.102791
 ( 8   3) <--> (10   3)       -7.175664      3.028833      2.451912   WU   413.749649    334.940192
 ( 8   3) <--> (10   4)        0.115592      0.000786      0.000636   WU     0.107367      0.086916
 ( 8   4) <--> (10   1)        0.375270      0.008284      0.006706   WU     1.131619      0.916072
 ( 8   4) <--> (10   2)        0.432199      0.010988      0.008895   WU     1.501002      1.215097
 ( 8   4) <--> (10   3)       -0.824339      0.039973      0.032359   WU     5.460409      4.420331
 ( 8   4) <--> (10   4)       -6.403436      2.411999      1.952571   WU   329.487960    266.728349
 ( 9   1) <--> ( 9   1)       -3.501869     -2.174248   (eb)
 ( 9   2) <--> ( 9   1)        2.268250      0.270787      0.270787   WU    36.990546     36.990546
 ( 9   2) <--> ( 9   2)       -2.983685     -1.852517   (eb)
 ( 9   3) <--> ( 9   1)        0.359901      0.006817      0.006817   WU     0.931270      0.931270
 ( 9   3) <--> ( 9   2)        1.771798      0.165225      0.165225   WU    22.570288     22.570288
 ( 9   3) <--> ( 9   3)       -3.182031     -1.975666   (eb)
 ( 9   4) <--> ( 9   1)       -0.072414      0.000276      0.000276   WU     0.037701      0.037701
 ( 9   4) <--> ( 9   2)       -2.648588      0.369212      0.369212   WU    50.435662     50.435662
 ( 9   4) <--> ( 9   3)       -0.927601      0.045287      0.045287   WU     6.186303      6.186303
 ( 9   4) <--> ( 9   4)        0.016533      0.010265   (eb)
 ( 9   1) <--> (10   1)        1.935490      0.197164      0.178387   WU    26.933356     24.368274
 ( 9   1) <--> (10   2)        1.417608      0.105769      0.095696   WU    14.448436     13.072395
 ( 9   1) <--> (10   3)       -1.718347      0.155406      0.140605   WU    21.229038     19.207225
 ( 9   1) <--> (10   4)       -0.982473      0.050803      0.045964   WU     6.939852      6.278914
 ( 9   2) <--> (10   1)        0.055416      0.000162      0.000146   WU     0.022079      0.019976
 ( 9   2) <--> (10   2)        1.475010      0.114508      0.103603   WU    15.642220     14.152485
 ( 9   2) <--> (10   3)        0.207942      0.002276      0.002059   WU     0.310881      0.281273
 ( 9   2) <--> (10   4)        2.989444      0.470356      0.425561   WU    64.252417     58.133139
 ( 9   3) <--> (10   1)       -0.080674      0.000343      0.000310   WU     0.046792      0.042336
 ( 9   3) <--> (10   2)        0.100921      0.000536      0.000485   WU     0.073227      0.066253
 ( 9   3) <--> (10   3)       -2.209864      0.257026      0.232547   WU    35.110715     31.766837
 ( 9   3) <--> (10   4)       -0.052756      0.000146      0.000133   WU     0.020010      0.018105
 ( 9   4) <--> (10   1)        0.013368      0.000009      0.000009   WU     0.001285      0.001162
 ( 9   4) <--> (10   2)        0.031767      0.000053      0.000048   WU     0.007255      0.006564
 ( 9   4) <--> (10   3)       -0.130878      0.000902      0.000816   WU     0.123152      0.111424
 ( 9   4) <--> (10   4)       -1.057429      0.058850      0.053246   WU     8.039170      7.273535
 (10   1) <--> (10   1)       -4.422721     -2.651834   (eb)
 (10   2) <--> (10   1)        2.134414      0.216939      0.216939   WU    29.634692     29.634692
 (10   2) <--> (10   2)       -5.011513     -3.004870   (eb)
 (10   3) <--> (10   1)       -0.208090      0.002062      0.002062   WU     0.281672      0.281672
 (10   3) <--> (10   2)       -1.068474      0.054364      0.054364   WU     7.426272      7.426272
 (10   3) <--> (10   3)       -4.516918     -2.708314   (eb)
 (10   4) <--> (10   1)        0.185417      0.001637      0.001637   WU     0.223635      0.223635
 (10   4) <--> (10   2)        2.641695      0.332312      0.332312   WU    45.395041     45.395041
 (10   4) <--> (10   3)       -1.046268      0.052128      0.052128   WU     7.120809      7.120809
 (10   4) <--> (10   4)       -3.853032     -2.310252   (eb)
 
  quadrupole shape invariant: 01+, 02+, 03+, 04+
quadr2     4.30876382     7.01814052     4.51890062     8.18243861
quadr3     7.31747888    18.43861622     3.89371133    25.10447225
  effective deformation parameters:  01+, 02+, 03+, 04+
beteff     0.24571341     0.31359097     0.25163377     0.33860541
cos3ga     0.81814908     0.99173408     0.40533543     1.07257325
 
 ********* END Transition **************************
