nucleus  bet1  bet2  bet3  bet4  cos3g1  cos3g2  cos3g3  cos3g4
Zn58	0.22411692  0.30560781  0.33183197  0.34341792  0.44996101  0.86801193  0.82773244  0.69735409
Zn60	0.24203797  0.27158768  0.39689477  0.29087399  0.52409353  0.37548619  0.90951369  0.41219761
Zn62	0.25067544  0.26785804  0.30621832  0.40049527  0.56793558  0.46374925  0.78327868  1.04395091
Zn64	0.24041361  0.26814321  0.31401521  0.42567206  0.50000113  0.33641665  0.86814330  1.05204761
Zn66	0.23093761  0.28877809  0.34880259  0.39803534  0.56007789  0.72831594  0.84269158  1.05414984
Zn68	0.24995743  0.31226606  0.38886920  0.30574766  0.61813148  1.08411615  1.01430731  0.71149384
Zn70	0.22520624  0.30476574  0.38085845  0.33189710  0.61260538  0.95290802  1.07175669  0.69871768
Zn72	0.37770358  0.24128903  0.30761005  0.32047044  0.87560490  0.92077392  0.96685110  0.58492058
Zn74	0.18572388  0.27955355  0.28377136  0.36107529  0.59617455  0.78561822  0.56916143  1.00867304
Zn76	0.21563720  0.26370655  0.27011798  0.34836252  0.73094262  0.93868932  0.35983284  1.04428939
Zn78	0.20290668  0.25451372  0.24009797  0.28707011  0.64847487  0.94513764  0.10736837  1.07630614
Zn80	0.17617055  0.24495024  0.23208915  0.27672098  0.50387640  0.87978082  0.32810986  0.89915468
Zn82	0.19380228  0.24210569  0.24707096  0.26906171  0.59578982  0.94392793  0.51661659  0.99863449
Zn84	0.21388979  0.24595309  0.26220607  0.33468931  0.62622661  0.85475325  0.62473600  1.14870718
Zn86	0.22972173  0.25906151  0.28845354  0.36419859  0.84031927  0.66476923  1.05548565  1.16404035
Zn88	0.23093815  0.26120844  0.32237863  0.41716653  0.80062762  0.64727380  1.10245955  1.12281761
Zn90	0.21806475  0.23324724  0.31011308  0.44821990  0.49825006  0.17091015  0.99157827  1.08590873
Zn92	0.19845987  0.23827953  0.33315778  0.40824178  0.32162831  0.34787318  0.99755523  1.02308304
Zn94	0.21399493  0.25724123  0.30885129  0.34506008  0.75935788  0.69974689  0.92469870  0.98860540
Zn96	0.19847768  0.25691927  0.33157788  0.30744411  0.58672326  0.73020126  0.95644114  0.80517714
Zn98	0.19598595  0.26161090  0.33226516  0.30551112  0.63203463  0.78727479  0.95808683  0.77839578
Zn100	0.19906615  0.27485718  0.33027366  0.31356172  0.66220056  0.86072488  0.94809616  0.83411592
Zn102	0.19013802  0.29001152  0.35699095  0.30022557  0.74943994  0.96457616  1.06213347  0.53731123
Zn104	0.20260336  0.28669749  0.31239270  0.31926154  0.71197662  0.95894122  0.85110939  0.90137758
Zn106	0.21600580  0.29394249  0.27975937  0.34446849  0.75050299  0.99266460  0.50374267  1.05765321
Zn108	0.23224719  0.29680409  0.26859337  0.34635901  0.78583228  1.02395904  0.36937345  1.09793213
nucleus  bet1  bet2  bet3  bet4  cos3g1  cos3g2  cos3g3  cos3g4
Zn58	0.22424843  0.30585769  0.33293867  0.34547701  0.45078230  0.86656215  0.83137082  0.71938807
Zn60	0.24236482  0.27300433  0.39769631  0.29249709  0.53188962  0.39347001  0.90979859  0.42637278
Zn62	0.25075346  0.26807551  0.30636390  0.40120347  0.56867988  0.46541942  0.78225048  1.03665383
Zn64	0.24060711  0.26840083  0.31430280  0.42594875  0.50073916  0.33981671  0.86870804  1.05352729
Zn66	0.23102730  0.28908113  0.34911323  0.39840515  0.55994653  0.72832795  0.84387366  1.05797325
Zn68	0.25088189  0.31389687  0.38945347  0.30780199  0.62827865  1.08383247  1.01262897  0.71677637
Zn70	0.22527651  0.30509261  0.38112719  0.33250888  0.61157584  0.95124615  1.06997136  0.70055740
Zn72	0.43606132  0.24208587  0.31089036  0.32940451  -0.21206276  0.90698665  0.88379863  0.56644325
Zn74	0.18582648  0.27967818  0.28403010  0.36139307  0.59577362  0.78487336  0.57197898  1.01076922
Zn76	0.21567544  0.26382450  0.27031386  0.34844657  0.73003465  0.93869948  0.35947878  1.04417034
Zn78	0.20297543  0.25475720  0.24082759  0.28765643  0.64740459  0.94043700  0.12145864  1.06818626
Zn80	0.17633883  0.24521042  0.23270303  0.27735729  0.50667708  0.88205113  0.33894135  0.90843765
Zn82	0.19384745  0.24222495  0.24732149  0.26930347  0.59573649  0.94380289  0.51806865  0.99915038
Zn84	0.21392986  0.24616521  0.26228471  0.33490457  0.62736436  0.85907948  0.62647061  1.14514733
Zn86	0.22992650  0.26105947  0.28885863  0.36514742  0.83961471  0.67645560  1.05575417  1.16305766
Zn88	0.23125701  0.26266387  0.32287634  0.41890296  0.80259543  0.68212727  1.09756031  1.13870746
Zn90	0.21812908  0.23355020  0.31021242  0.44921729  0.49908114  0.18001171  0.99104112  1.09442903
Zn92	0.19849830  0.23840745  0.33324853  0.41131952  0.32270420  0.34904707  0.99868631  1.04917156
Zn94	0.21444327  0.25834235  0.30997920  0.34594818  0.75925524  0.69896220  0.91731310  0.98859581
Zn96	0.19858061  0.25716521  0.33172324  0.30770469  0.58732136  0.73139077  0.95653338  0.80721266
Zn98	0.19609217  0.26185935  0.33237505  0.30578195  0.63361060  0.79065886  0.95834226  0.78035789
Zn100	0.19909613  0.27491339  0.33041042  0.31378420  0.66295631  0.86155602  0.94913023  0.83600789
Zn102	0.19016327  0.29013397  0.35741345  0.30190829  0.75006455  0.96538283  1.07218956  0.54497959
Zn104	0.20261630  0.28672722  0.31252133  0.31941509  0.71182912  0.95900695  0.85351958  0.90238669
Zn106	0.21603558  0.29401246  0.27990371  0.34468351  0.75029686  0.99333629  0.50595392  1.06074940
Zn108	0.23229313  0.29687245  0.26875261  0.34657078  0.78587985  1.02491872  0.37095944  1.10369625
