 ********* BEGIN READER ****************************
 
 Nucleus            :  Er  68  86
 Imin, Imax         :     0  10
 imu, remu          :     1 12.0000
 nlevel             :     4
 observables        :     2
 wave fun           :     1
 nbet, ngam, npar   :    10   7  10
 Finish reading parameters: V, B_k ...
 
 ********* END READER ******************************
 
 ********* BEGIN LEVELS ********************
 
 E_0 = -1253.183762
 
  I=   0   ntot= 127
   0   1    0.000000
   0   2    1.424935
   0   3    1.994058
   0   4    2.435076
 
  I=   2   ntot= 234
   2   1    0.474492
   2   2    1.248957
   2   3    1.907696
   2   4    2.462364
 
  I=   3   ntot= 108
   3   1    1.865359
   3   2    2.977607
   3   3    3.773366
   3   4    4.194314
 
  I=   4   ntot= 324
   4   1    1.158739
   4   2    2.080184
   4   3    2.511993
   4   4    2.812956
 
  I=   5   ntot= 198
   5   1    2.750153
   5   2    3.579304
   5   3    3.703283
   5   4    4.287569
 
  I=   6   ntot= 432
   6   1    2.044627
   6   2    3.029402
   6   3    3.214620
   6   4    3.707093
 
  I=   7   ntot= 306
   7   1    3.781229
   7   2    4.446555
   7   3    4.581500
   7   4    5.055334
 
  I=   8   ntot= 522
   8   1    3.110591
   8   2    3.933675
   8   3    4.064544
   8   4    4.488111
 
  I=   9   ntot= 397
   9   1    4.873379
   9   2    5.242007
   9   3    5.645970
   9   4    6.018025
 
  I=  10   ntot= 630
  10   1    4.310212
  10   2    4.674243
  10   3    5.111908
  10   4    5.475230
 
 ********* END LEVELS **********************
 
 ********* BEGIN Transition ************************
 
  Monopole moment 
 
   I   n    <In|E0|In>   ave \beta      del<b>   ave \gamma    del<g>  
     K=0       K=2       K=4   
   0   1     25.555862    0.180065    0.042021   25.648996   10.815922  100.0000    0.0000    0.0000
   0   2     25.746083    0.228214    0.073614   23.982908   11.280241  100.0000    0.0000    0.0000
   0   3     25.798102    0.236415    0.049069   29.831286   13.235077  100.0000    0.0000    0.0000
   0   4     26.154240    0.318193    0.101205   16.708716   11.685454   99.9999    0.0000    0.0000
   2   1     25.596180    0.191105    0.042221   23.802314   10.552302   93.2039    6.7961    0.0000
   2   2     25.659251    0.206083    0.044326   29.663434   10.108176   10.7472   89.2529    0.0000
   2   3     25.860104    0.254150    0.074927   23.002797   11.555640   88.6182   11.3818    0.0000
   2   4     25.983379    0.277355    0.077454   25.886078   12.434996   20.9454   79.0546    0.0000
   3   1     25.715695    0.219839    0.046681   27.424630    8.648720    0.0000  100.0000    0.0000
   3   2     26.073508    0.294312    0.075358   25.535468   10.006261    0.0000  100.0000    0.0000
   3   3     26.581345    0.389936    0.090828   15.863727   10.369020    0.0000   99.9999    0.0000
   3   4     26.064066    0.287598    0.069741   28.528030    9.534224    0.0000  100.0000    0.0000
   4   1     25.635405    0.201206    0.043493   22.921206   10.476894   88.1032   10.5301    1.3667
   4   2     25.726975    0.221888    0.047395   28.861579   10.834276   19.2570   62.0506   18.6924
   4   3     25.997156    0.283912    0.080875   20.466368   11.956335   84.8395   13.2697    1.8908
   4   4     25.832021    0.243858    0.050501   30.921426    9.359780    0.6832   27.0689   72.2479
   5   1     25.783088    0.235245    0.051671   26.369070    8.870475    0.0000   89.4576   10.5424
   5   2     25.966836    0.270990    0.058392   29.428733    8.332044    0.0000   20.4437   79.5563
   5   3     26.244373    0.329324    0.086021   20.514172   10.698157    0.0000   85.7260   14.2739
   5   4     26.550286    0.385621    0.106238   16.134125   11.656668    0.0000   76.8263   23.1736
   6   1     25.680235    0.212239    0.046445   22.720558   10.520005   80.7859   16.8408    1.8669
   6   2     25.825581    0.242998    0.052598   28.913311   10.650424   29.3229   47.0123   17.5676
   6   3     26.236480    0.332579    0.090316   16.221450   11.899787   84.7642   13.2484    1.5573
   6   4     26.506730    0.383096    0.113027   13.833290   13.091276   73.1208   20.4561    4.9412
   7   1     25.901046    0.260753    0.062290   25.210314    9.785515    0.0000   78.3384   19.3542
   7   2     26.495730    0.375246    0.095389   16.727164   10.438409    0.0000   91.5309    7.8552
   7   3     26.171452    0.311201    0.077967   25.266181   12.349644    0.0000   29.3875   46.6241
   7   4     26.490865    0.376165    0.117937   16.619343   12.749914    0.0000   75.1219   14.2848
   8   1     25.744514    0.227501    0.053745   22.800523   10.908099   71.8711   24.0074    3.2578
   8   2     26.569878    0.391591    0.088911   13.537277   11.263302   86.6455   11.9158    1.2017
   8   3     26.040302    0.288889    0.083666   24.290586   14.451656   41.4569   33.1146   17.7906
   8   4     26.396622    0.365418    0.126362   13.595234   13.404571   71.2044   20.5273    5.7224
   9   1     26.235843    0.327027    0.084434   20.827370   11.616879    0.0000   71.9789   23.0533
   9   2     26.666547    0.405660    0.101948   14.306915   10.337895    0.0000   84.8658   11.0995
   9   3     26.159402    0.306507    0.077336   26.886894   10.235069    0.0000   41.0892   34.1473
   9   4     26.514304    0.378138    0.115174   17.221739   13.149041    0.0000   66.8866   11.8748
  10   1     25.927332    0.269260    0.083078   20.834581   12.988772   63.8322   29.5731    5.2094
  10   2     26.776178    0.426878    0.089290   11.158234    9.704521   89.7669    8.8969    1.0241
  10   3     26.210253    0.319596    0.090863   23.563335   13.545967   42.1247   37.5218   14.5641
  10   4     26.466720    0.374734    0.115578   14.298395   13.534356   54.4086   29.1051    9.1521
 
  rho^2(E0) 
 
   I  n_1 n_2  <In_1|E0|In_2>  rho^2(E0) 
   0   1   1       25.555862 1764.328819
   0   2   1        0.150195    0.060941
   0   2   2       25.746083 1790.691580
   0   3   1        0.003164    0.000027
   0   3   2       -0.049678    0.006667
   0   3   3       25.798102 1797.934950
   0   4   1        0.010356    0.000290
   0   4   2       -0.267608    0.193463
   0   4   3       -0.022575    0.001377
   0   4   4       26.154240 1847.917786
   2   1   1       25.596180 1769.900084
   2   2   1        0.008075    0.000176
   2   2   2       25.659251 1778.633180
   2   3   1       -0.156049    0.065784
   2   3   2        0.014718    0.000585
   2   3   3       25.860104 1806.587421
   2   4   1       -0.011915    0.000384
   2   4   2       -0.173308    0.081140
   2   4   3        0.043109    0.005020
   2   4   4       25.983379 1823.852522
   3   1   1       25.715695 1786.466903
   3   2   1       -0.192365    0.099966
   3   2   2       26.073508 1836.527274
   3   3   1       -0.018504    0.000925
   3   3   2       -0.288742    0.225226
   3   3   3       26.581345 1908.764446
   3   4   1        0.045965    0.005708
   3   4   2        0.198880    0.106851
   3   4   3        0.035157    0.003339
   3   4   4       26.064066 1835.197331
   4   1   1       25.635405 1775.328877
   4   2   1       -0.003221    0.000028
   4   2   2       25.726975 1788.034459
   4   3   1       -0.163547    0.072258
   4   3   2        0.019181    0.000994
   4   3   3       25.997156 1825.787121
   4   4   1       -0.001928    0.000010
   4   4   2       -0.022151    0.001326
   4   4   3        0.004402    0.000052
   4   4   4       25.832021 1802.665811
   5   1   1       25.783088 1795.842817
   5   2   1       -0.099060    0.026509
   5   2   2       25.966836 1821.530730
   5   3   1       -0.197969    0.105874
   5   3   2        0.063520    0.010900
   5   3   3       26.244373 1860.676352
   5   4   1       -0.041673    0.004692
   5   4   2        0.051491    0.007162
   5   4   3       -0.387102    0.404808
   5   4   4       26.550286 1904.306554
   6   1   1       25.680235 1781.543583
   6   2   1       -0.038334    0.003970
   6   2   2       25.825581 1801.767109
   6   3   1       -0.167866    0.076124
   6   3   2        0.030731    0.002551
   6   3   3       26.236480 1859.557333
   6   4   1       -0.054571    0.008045
   6   4   2        0.126808    0.043440
   6   4   3       -0.397038    0.425855
   6   4   4       26.506730 1898.063607
   7   1   1       25.901046 1812.312399
   7   2   1        0.279892    0.211631
   7   2   2       26.495730 1896.488608
   7   3   1       -0.044746    0.005409
   7   3   2        0.207173    0.115948
   7   3   3       26.171452 1850.350863
   7   4   1       -0.068852    0.012807
   7   4   2        0.400462    0.433232
   7   4   3        0.213454    0.123085
   7   4   4       26.490865 1895.792121
   8   1   1       25.744514 1790.473232
   8   2   1        0.193024    0.100652
   8   2   2       26.569878 1907.118044
   8   3   1       -0.046374    0.005810
   8   3   2        0.187322    0.094793
   8   3   3       26.040302 1831.852439
   8   4   1        0.093024    0.023377
   8   4   2       -0.400284    0.432848
   8   4   3       -0.262973    0.186819
   8   4   4       26.396622 1882.327361
   9   1   1       26.235843 1859.467155
   9   2   1       -0.417903    0.471791
   9   2   2       26.666547 1921.020628
   9   3   1        0.152139    0.062529
   9   3   2        0.188216    0.095700
   9   3   3       26.159402 1848.647284
   9   4   1        0.009707    0.000255
   9   4   2       -0.417049    0.469864
   9   4   3       -0.037080    0.003714
   9   4   4       26.514304 1899.148428
  10   1   1       25.927332 1815.992774
  10   2   1       -0.343454    0.318666
  10   2   2       26.776178 1936.848309
  10   3   1        0.132987    0.047777
  10   3   2        0.209416    0.118473
  10   3   3       26.210253 1855.841466
  10   4   1       -0.033399    0.003013
  10   4   2       -0.306254    0.253374
  10   4   3       -0.253258    0.173271
  10   4   4       26.466720 1892.337868
 
  E2 transition 
 
  I1  n1        I2  n2       <f||E2||i>   B(E2,I1->I2)  B(E2,I2->I1)
 ( 0   1) <--> ( 2   1)        1.203768      1.449057      0.289811   WU   295.532064     59.106413
 ( 0   1) <--> ( 2   2)       -0.112390      0.012632      0.002526   WU     2.576179      0.515236
 ( 0   1) <--> ( 2   3)       -0.106249      0.011289      0.002258   WU     2.302353      0.460471
 ( 0   1) <--> ( 2   4)       -0.037944      0.001440      0.000288   WU     0.293627      0.058725
 ( 0   2) <--> ( 2   1)        0.436830      0.190821      0.038164   WU    38.917502      7.783500
 ( 0   2) <--> ( 2   2)        0.022120      0.000489      0.000098   WU     0.099794      0.019959
 ( 0   2) <--> ( 2   3)       -1.449714      2.101672      0.420334   WU   428.631552     85.726310
 ( 0   2) <--> ( 2   4)       -0.036708      0.001347      0.000269   WU     0.274816      0.054963
 ( 0   3) <--> ( 2   1)        0.172282      0.029681      0.005936   WU     6.053382      1.210676
 ( 0   3) <--> ( 2   2)        0.586468      0.343944      0.068789   WU    70.146743     14.029349
 ( 0   3) <--> ( 2   3)        0.132716      0.017613      0.003523   WU     3.592230      0.718446
 ( 0   3) <--> ( 2   4)       -0.505362      0.255390      0.051078   WU    52.086319     10.417264
 ( 0   4) <--> ( 2   1)        0.044481      0.001979      0.000396   WU     0.403516      0.080703
 ( 0   4) <--> ( 2   2)       -0.086226      0.007435      0.001487   WU     1.516344      0.303269
 ( 0   4) <--> ( 2   3)        0.831801      0.691892      0.138378   WU   141.109942     28.221988
 ( 0   4) <--> ( 2   4)        0.515876      0.266128      0.053226   WU    54.276203     10.855241
 ( 2   1) <--> ( 2   1)       -1.038817     -0.787354   (eb)
 ( 2   2) <--> ( 2   1)       -1.131301      0.255968      0.255968   WU    52.204205     52.204205
 ( 2   2) <--> ( 2   2)        1.004564      0.761392   (eb)
 ( 2   3) <--> ( 2   1)        0.212572      0.009037      0.009037   WU     1.843144      1.843144
 ( 2   3) <--> ( 2   2)        0.512771      0.052587      0.052587   WU    10.724956     10.724956
 ( 2   3) <--> ( 2   3)       -1.105236     -0.837695   (eb)
 ( 2   4) <--> ( 2   1)       -0.011819      0.000028      0.000028   WU     0.005698      0.005698
 ( 2   4) <--> ( 2   2)       -0.141244      0.003990      0.003990   WU     0.813745      0.813745
 ( 2   4) <--> ( 2   3)       -1.563206      0.488723      0.488723   WU    99.673931     99.673931
 ( 2   4) <--> ( 2   4)        0.787085      0.596558   (eb)
 ( 2   1) <--> ( 3   1)       -0.187585      0.007038      0.005027   WU     1.435304      1.025217
 ( 2   1) <--> ( 3   2)       -0.053361      0.000569      0.000407   WU     0.116144      0.082960
 ( 2   1) <--> ( 3   3)       -0.016388      0.000054      0.000038   WU     0.010954      0.007824
 ( 2   1) <--> ( 3   4)        0.004656      0.000004      0.000003   WU     0.000884      0.000632
 ( 2   2) <--> ( 3   1)       -1.906439      0.726902      0.519216   WU   148.250156    105.892969
 ( 2   2) <--> ( 3   2)        0.081442      0.001327      0.000948   WU     0.270549      0.193249
 ( 2   2) <--> ( 3   3)        0.017956      0.000064      0.000046   WU     0.013151      0.009394
 ( 2   2) <--> ( 3   4)       -0.065014      0.000845      0.000604   WU     0.172411      0.123151
 ( 2   3) <--> ( 3   1)       -0.012853      0.000033      0.000024   WU     0.006739      0.004813
 ( 2   3) <--> ( 3   2)       -0.002432      0.000001      0.000001   WU     0.000241      0.000172
 ( 2   3) <--> ( 3   3)       -0.003820      0.000003      0.000002   WU     0.000595      0.000425
 ( 2   3) <--> ( 3   4)        0.049850      0.000497      0.000355   WU     0.101362      0.072401
 ( 2   4) <--> ( 3   1)        0.488367      0.047700      0.034072   WU     9.728403      6.948859
 ( 2   4) <--> ( 3   2)       -2.247352      1.010118      0.721513   WU   206.011401    147.151001
 ( 2   4) <--> ( 3   3)        0.061338      0.000752      0.000537   WU     0.153466      0.109618
 ( 2   4) <--> ( 3   4)        0.018654      0.000070      0.000050   WU     0.014194      0.010139
 ( 2   1) <--> ( 4   1)        2.068793      0.855981      0.475545   WU   174.575481     96.986378
 ( 2   1) <--> ( 4   2)        0.006645      0.000009      0.000005   WU     0.001801      0.001001
 ( 2   1) <--> ( 4   3)       -0.157217      0.004943      0.002746   WU     1.008207      0.560115
 ( 2   1) <--> ( 4   4)       -0.011802      0.000028      0.000015   WU     0.005682      0.003156
 ( 2   2) <--> ( 4   1)        0.024707      0.000122      0.000068   WU     0.024899      0.013833
 ( 2   2) <--> ( 4   2)        1.572290      0.494419      0.274677   WU   100.835743     56.019857
 ( 2   2) <--> ( 4   3)       -0.113963      0.002598      0.001443   WU     0.529756      0.294309
 ( 2   2) <--> ( 4   4)       -0.176469      0.006228      0.003460   WU     1.270240      0.705689
 ( 2   3) <--> ( 4   1)       -0.669266      0.089583      0.049769   WU    18.270334     10.150185
 ( 2   3) <--> ( 4   2)        0.178145      0.006347      0.003526   WU     1.294484      0.719158
 ( 2   3) <--> ( 4   3)        2.614288      1.366900      0.759389   WU   278.776378    154.875766
 ( 2   3) <--> ( 4   4)       -0.014254      0.000041      0.000023   WU     0.008287      0.004604
 ( 2   4) <--> ( 4   1)       -0.064372      0.000829      0.000460   WU     0.169023      0.093902
 ( 2   4) <--> ( 4   2)       -0.662628      0.087815      0.048786   WU    17.909702      9.949835
 ( 2   4) <--> ( 4   3)        0.399881      0.031981      0.017767   WU     6.522453      3.623585
 ( 2   4) <--> ( 4   4)        0.371228      0.027562      0.015312   WU     5.621220      3.122900
 ( 3   1) <--> ( 3   1)        0.000000      0.000000   (eb)
 ( 3   2) <--> ( 3   1)        0.000000      0.000000      0.000000   WU     0.000000      0.000000
 ( 3   2) <--> ( 3   2)        0.000000      0.000000   (eb)
 ( 3   3) <--> ( 3   1)        0.000000      0.000000      0.000000   WU     0.000000      0.000000
 ( 3   3) <--> ( 3   2)        0.000000      0.000000      0.000000   WU     0.000000      0.000000
 ( 3   3) <--> ( 3   3)        0.000000      0.000000   (eb)
 ( 3   4) <--> ( 3   1)        0.000000      0.000000      0.000000   WU     0.000000      0.000000
 ( 3   4) <--> ( 3   2)        0.000000      0.000000      0.000000   WU     0.000000      0.000000
 ( 3   4) <--> ( 3   3)        0.000000      0.000000      0.000000   WU     0.000000      0.000000
 ( 3   4) <--> ( 3   4)        0.000000      0.000000   (eb)
 ( 3   1) <--> ( 4   1)        0.903407      0.116592      0.090683   WU    23.778697     18.494542
 ( 3   1) <--> ( 4   2)       -1.298335      0.240811      0.187297   WU    49.112804     38.198847
 ( 3   1) <--> ( 4   3)       -0.341101      0.016621      0.012928   WU     3.389892      2.636583
 ( 3   1) <--> ( 4   4)       -1.513768      0.327356      0.254610   WU    66.763610     51.927252
 ( 3   2) <--> ( 4   1)        0.039562      0.000224      0.000174   WU     0.045601      0.035467
 ( 3   2) <--> ( 4   2)        0.330945      0.015646      0.012169   WU     3.191041      2.481920
 ( 3   2) <--> ( 4   3)        1.178771      0.198500      0.154389   WU    40.483666     31.487296
 ( 3   2) <--> ( 4   4)        0.537985      0.041347      0.032159   WU     8.432598      6.558688
 ( 3   3) <--> ( 4   1)        0.007493      0.000008      0.000006   WU     0.001636      0.001272
 ( 3   3) <--> ( 4   2)        0.028924      0.000120      0.000093   WU     0.024375      0.018958
 ( 3   3) <--> ( 4   3)       -0.001433      0.000000      0.000000   WU     0.000060      0.000047
 ( 3   3) <--> ( 4   4)       -0.079399      0.000901      0.000700   WU     0.183675      0.142859
 ( 3   4) <--> ( 4   1)        0.002276      0.000001      0.000001   WU     0.000151      0.000117
 ( 3   4) <--> ( 4   2)       -0.103463      0.001529      0.001189   WU     0.311884      0.242576
 ( 3   4) <--> ( 4   3)       -0.059773      0.000510      0.000397   WU     0.104095      0.080963
 ( 3   4) <--> ( 4   4)       -0.227685      0.007406      0.005760   WU     1.510396      1.174752
 ( 3   1) <--> ( 5   1)        2.108897      0.635350      0.404313   WU   129.578206     82.458858
 ( 3   1) <--> ( 5   2)       -0.065437      0.000612      0.000389   WU     0.124758      0.079392
 ( 3   1) <--> ( 5   3)       -0.017729      0.000045      0.000029   WU     0.009158      0.005828
 ( 3   1) <--> ( 5   4)        0.014598      0.000030      0.000019   WU     0.006209      0.003951
 ( 3   2) <--> ( 5   1)       -0.745146      0.079320      0.050477   WU    16.177241     10.294608
 ( 3   2) <--> ( 5   2)        1.185759      0.200861      0.127820   WU    40.965121     26.068713
 ( 3   2) <--> ( 5   3)        2.384364      0.812170      0.516836   WU   165.640388    105.407520
 ( 3   2) <--> ( 5   4)        0.241957      0.008363      0.005322   WU     1.705676      1.085430
 ( 3   3) <--> ( 5   1)        0.066933      0.000640      0.000407   WU     0.130527      0.083063
 ( 3   3) <--> ( 5   2)        0.109049      0.001699      0.001081   WU     0.346471      0.220482
 ( 3   3) <--> ( 5   3)       -1.783659      0.454491      0.289222   WU    92.692560     58.986174
 ( 3   3) <--> ( 5   4)        2.987933      1.275392      0.811613   WU   260.113390    165.526703
 ( 3   4) <--> ( 5   1)        0.269118      0.010346      0.006584   WU     2.110123      1.342806
 ( 3   4) <--> ( 5   2)        0.743858      0.079046      0.050302   WU    16.121322     10.259023
 ( 3   4) <--> ( 5   3)        0.127842      0.002335      0.001486   WU     0.476174      0.303020
 ( 3   4) <--> ( 5   4)        0.243433      0.008466      0.005387   WU     1.726552      1.098715
 ( 4   1) <--> ( 4   1)       -1.339907     -1.010418   (eb)
 ( 4   2) <--> ( 4   1)       -1.165316      0.150885      0.150885   WU    30.772612     30.772612
 ( 4   2) <--> ( 4   2)       -0.222397     -0.167709   (eb)
 ( 4   3) <--> ( 4   1)        0.336605      0.012589      0.012589   WU     2.567550      2.567550
 ( 4   3) <--> ( 4   2)        0.456634      0.023168      0.023168   WU     4.725116      4.725116
 ( 4   3) <--> ( 4   3)       -1.799829     -1.357243   (eb)
 ( 4   4) <--> ( 4   1)        0.017085      0.000032      0.000032   WU     0.006615      0.006615
 ( 4   4) <--> ( 4   2)       -1.619803      0.291529      0.291529   WU    59.456760     59.456760
 ( 4   4) <--> ( 4   3)       -0.150517      0.002517      0.002517   WU     0.513388      0.513388
 ( 4   4) <--> ( 4   4)        1.680423      1.267200   (eb)
 ( 4   1) <--> ( 5   1)       -0.119780      0.001594      0.001304   WU     0.325119      0.266007
 ( 4   1) <--> ( 5   2)       -0.027243      0.000082      0.000067   WU     0.016819      0.013761
 ( 4   1) <--> ( 5   3)       -0.061712      0.000423      0.000346   WU     0.086302      0.070610
 ( 4   1) <--> ( 5   4)       -0.031353      0.000109      0.000089   WU     0.022276      0.018226
 ( 4   2) <--> ( 5   1)       -1.682695      0.314607      0.257406   WU    64.163411     52.497336
 ( 4   2) <--> ( 5   2)       -0.174259      0.003374      0.002761   WU     0.688127      0.563013
 ( 4   2) <--> ( 5   3)        0.148724      0.002458      0.002011   WU     0.501234      0.410101
 ( 4   2) <--> ( 5   4)        0.096781      0.001041      0.000852   WU     0.212253      0.173662
 ( 4   3) <--> ( 5   1)        0.094684      0.000996      0.000815   WU     0.203155      0.166218
 ( 4   3) <--> ( 5   2)       -0.006313      0.000004      0.000004   WU     0.000903      0.000739
 ( 4   3) <--> ( 5   3)        0.042936      0.000205      0.000168   WU     0.041776      0.034180
 ( 4   3) <--> ( 5   4)        0.012913      0.000019      0.000015   WU     0.003779      0.003092
 ( 4   4) <--> ( 5   1)       -0.084358      0.000791      0.000647   WU     0.161262      0.131942
 ( 4   4) <--> ( 5   2)       -2.553202      0.724316      0.592622   WU   147.722615    120.863958
 ( 4   4) <--> ( 5   3)        0.977706      0.106212      0.086901   WU    21.661735     17.723238
 ( 4   4) <--> ( 5   4)        0.235010      0.006137      0.005021   WU     1.251554      1.023998
 ( 4   1) <--> ( 6   1)        2.810957      0.877942      0.607806   WU   179.054394    123.960734
 ( 4   1) <--> ( 6   2)        0.085452      0.000811      0.000562   WU     0.165470      0.114556
 ( 4   1) <--> ( 6   3)       -0.166732      0.003089      0.002138   WU     0.629960      0.436126
 ( 4   1) <--> ( 6   4)       -0.082937      0.000764      0.000529   WU     0.155875      0.107913
 ( 4   2) <--> ( 6   1)       -0.167380      0.003113      0.002155   WU     0.634866      0.439522
 ( 4   2) <--> ( 6   2)        2.547996      0.721365      0.499406   WU   147.120808    101.852867
 ( 4   2) <--> ( 6   3)       -0.373679      0.015515      0.010741   WU     3.164281      2.190656
 ( 4   2) <--> ( 6   4)       -0.154712      0.002660      0.001841   WU     0.542408      0.375513
 ( 4   3) <--> ( 6   1)       -0.901908      0.090382      0.062572   WU    18.433237     12.761472
 ( 4   3) <--> ( 6   2)        0.636355      0.044994      0.031150   WU     9.176481      6.352949
 ( 4   3) <--> ( 6   3)        3.720437      1.537961      1.064743   WU   313.663968    217.151978
 ( 4   3) <--> ( 6   4)        0.290847      0.009399      0.006507   WU     1.916927      1.327104
 ( 4   4) <--> ( 6   1)       -0.221528      0.005453      0.003775   WU     1.112071      0.769895
 ( 4   4) <--> ( 6   2)        0.050578      0.000284      0.000197   WU     0.057969      0.040133
 ( 4   4) <--> ( 6   3)        0.110708      0.001362      0.000943   WU     0.277735      0.192278
 ( 4   4) <--> ( 6   4)       -0.337608      0.012664      0.008768   WU     2.582875      1.788144
 ( 5   1) <--> ( 5   1)       -0.831463     -0.603747   (eb)
 ( 5   2) <--> ( 5   1)       -1.125138      0.115085      0.115085   WU    23.471371     23.471371
 ( 5   2) <--> ( 5   2)        1.061918      0.771087   (eb)
 ( 5   3) <--> ( 5   1)        0.673217      0.041202      0.041202   WU     8.403038      8.403038
 ( 5   3) <--> ( 5   2)       -0.353883      0.011385      0.011385   WU     2.321908      2.321908
 ( 5   3) <--> ( 5   3)       -1.598806     -1.160936   (eb)
 ( 5   4) <--> ( 5   1)        0.221973      0.004479      0.004479   WU     0.913536      0.913536
 ( 5   4) <--> ( 5   2)        0.351125      0.011208      0.011208   WU     2.285864      2.285864
 ( 5   4) <--> ( 5   3)        1.039878      0.098304      0.098304   WU    20.048933     20.048933
 ( 5   4) <--> ( 5   4)       -1.627983     -1.182122   (eb)
 ( 5   1) <--> ( 6   1)        1.187295      0.128152      0.108436   WU    26.136284     22.115317
 ( 5   1) <--> ( 6   2)       -1.273228      0.147374      0.124701   WU    30.056521     25.432441
 ( 5   1) <--> ( 6   3)       -0.237995      0.005149      0.004357   WU     1.050180      0.888614
 ( 5   1) <--> ( 6   4)       -0.037836      0.000130      0.000110   WU     0.026542      0.022458
 ( 5   2) <--> ( 6   1)        0.026740      0.000065      0.000055   WU     0.013257      0.011218
 ( 5   2) <--> ( 6   2)        1.059777      0.102102      0.086394   WU    20.823566     17.619940
 ( 5   2) <--> ( 6   3)        0.432977      0.017043      0.014421   WU     3.475818      2.941076
 ( 5   2) <--> ( 6   4)        0.575945      0.030156      0.025516   WU     6.150192      5.204009
 ( 5   3) <--> ( 6   1)        0.077192      0.000542      0.000458   WU     0.110478      0.093481
 ( 5   3) <--> ( 6   2)        0.198197      0.003571      0.003022   WU     0.728320      0.616270
 ( 5   3) <--> ( 6   3)        1.271322      0.146933      0.124328   WU    29.966595     25.356349
 ( 5   3) <--> ( 6   4)        0.555269      0.028029      0.023717   WU     5.716532      4.837065
 ( 5   4) <--> ( 6   1)        0.029206      0.000078      0.000066   WU     0.015815      0.013382
 ( 5   4) <--> ( 6   2)        0.044466      0.000180      0.000152   WU     0.036659      0.031020
 ( 5   4) <--> ( 6   3)        0.039622      0.000143      0.000121   WU     0.029107      0.024629
 ( 5   4) <--> ( 6   4)        0.858653      0.067026      0.056714   WU    13.669805     11.566758
 ( 5   1) <--> ( 7   1)        3.093636      0.870053      0.638039   WU   177.445525    130.126718
 ( 5   1) <--> ( 7   2)       -0.145820      0.001933      0.001418   WU     0.394238      0.289108
 ( 5   1) <--> ( 7   3)        0.137825      0.001727      0.001266   WU     0.352196      0.258277
 ( 5   1) <--> ( 7   4)       -0.070522      0.000452      0.000332   WU     0.092210      0.067621
 ( 5   2) <--> ( 7   1)       -0.618981      0.034831      0.025542   WU     7.103640      5.209336
 ( 5   2) <--> ( 7   2)       -1.253690      0.142885      0.104783   WU    29.141139     21.370168
 ( 5   2) <--> ( 7   3)        2.364400      0.508217      0.372692   WU   103.649755     76.009821
 ( 5   2) <--> ( 7   4)       -0.208616      0.003956      0.002901   WU     0.806901      0.591727
 ( 5   3) <--> ( 7   1)       -1.285882      0.150318      0.110233   WU    30.656957     22.481768
 ( 5   3) <--> ( 7   2)       -3.823588      1.329075      0.974655   WU   271.062062    198.778846
 ( 5   3) <--> ( 7   3)       -0.880255      0.070441      0.051657   WU    14.366263     10.535259
 ( 5   3) <--> ( 7   4)        0.755286      0.051860      0.038030   WU    10.576685      7.756235
 ( 5   4) <--> ( 7   1)        0.050436      0.000231      0.000170   WU     0.047163      0.034586
 ( 5   4) <--> ( 7   2)        2.575866      0.603190      0.442339   WU   123.019274     90.214134
 ( 5   4) <--> ( 7   3)        2.001780      0.364284      0.267142   WU    74.294961     54.482971
 ( 5   4) <--> ( 7   4)        3.660829      1.218333      0.893444   WU   248.476471    182.216079
 ( 6   1) <--> ( 6   1)       -1.550912     -1.081291   (eb)
 ( 6   2) <--> ( 6   1)       -1.165978      0.104577      0.104577   WU    21.328331     21.328331
 ( 6   2) <--> ( 6   2)       -0.706543     -0.492599   (eb)
 ( 6   3) <--> ( 6   1)        0.557696      0.023925      0.023925   WU     4.879453      4.879453
 ( 6   3) <--> ( 6   2)        0.386463      0.011489      0.011489   WU     2.343109      2.343109
 ( 6   3) <--> ( 6   3)       -2.992235     -2.086178   (eb)
 ( 6   4) <--> ( 6   1)        0.305452      0.007177      0.007177   WU     1.463731      1.463731
 ( 6   4) <--> ( 6   2)        0.329854      0.008370      0.008370   WU     1.706946      1.706946
 ( 6   4) <--> ( 6   3)        1.684858      0.218365      0.218365   WU    44.535098     44.535098
 ( 6   4) <--> ( 6   4)       -3.475769     -2.423296   (eb)
 ( 6   1) <--> ( 7   1)       -0.030871      0.000073      0.000064   WU     0.014952      0.012958
 ( 6   1) <--> ( 7   2)        0.063376      0.000309      0.000268   WU     0.063013      0.054611
 ( 6   1) <--> ( 7   3)       -0.014727      0.000017      0.000014   WU     0.003403      0.002949
 ( 6   1) <--> ( 7   4)       -0.056145      0.000242      0.000210   WU     0.049453      0.042859
 ( 6   2) <--> ( 7   1)       -1.519860      0.177690      0.153998   WU    36.239548     31.407608
 ( 6   2) <--> ( 7   2)       -0.011535      0.000010      0.000009   WU     0.002088      0.001809
 ( 6   2) <--> ( 7   3)       -0.115295      0.001023      0.000886   WU     0.208543      0.180737
 ( 6   2) <--> ( 7   4)        0.121195      0.001130      0.000979   WU     0.230435      0.199710
 ( 6   3) <--> ( 7   1)        0.275801      0.005851      0.005071   WU     1.193351      1.034238
 ( 6   3) <--> ( 7   2)       -0.008557      0.000006      0.000005   WU     0.001149      0.000996
 ( 6   3) <--> ( 7   3)        0.040128      0.000124      0.000107   WU     0.025262      0.021894
 ( 6   3) <--> ( 7   4)        0.039317      0.000119      0.000103   WU     0.024251      0.021017
 ( 6   4) <--> ( 7   1)        0.064157      0.000317      0.000274   WU     0.064575      0.055965
 ( 6   4) <--> ( 7   2)       -0.987047      0.074943      0.064951   WU    15.284497     13.246564
 ( 6   4) <--> ( 7   3)        0.170253      0.002230      0.001932   WU     0.454742      0.394110
 ( 6   4) <--> ( 7   4)       -0.054486      0.000228      0.000198   WU     0.046574      0.040364
 ( 6   1) <--> ( 8   1)        3.525138      0.955892      0.730977   WU   194.952217    149.081107
 ( 6   1) <--> ( 8   2)        0.027294      0.000057      0.000044   WU     0.011687      0.008937
 ( 6   1) <--> ( 8   3)        0.175072      0.002358      0.001803   WU     0.480848      0.367707
 ( 6   1) <--> ( 8   4)        0.190926      0.002804      0.002144   WU     0.571882      0.437322
 ( 6   2) <--> ( 8   1)       -0.497749      0.019058      0.014574   WU     3.886842      2.972291
 ( 6   2) <--> ( 8   2)       -0.568590      0.024869      0.019017   WU     5.071936      3.878539
 ( 6   2) <--> ( 8   3)        3.450938      0.916075      0.700528   WU   186.831510    142.871155
 ( 6   2) <--> ( 8   4)        0.649475      0.032447      0.024813   WU     6.617597      5.060516
 ( 6   3) <--> ( 8   1)       -1.199529      0.110682      0.084639   WU    22.573416     17.262024
 ( 6   3) <--> ( 8   2)       -5.136130      2.029218      1.551755   WU   413.854608    316.477053
 ( 6   3) <--> ( 8   3)       -0.491403      0.018575      0.014205   WU     3.788359      2.896981
 ( 6   3) <--> ( 8   4)       -0.903678      0.062818      0.048037   WU    12.811589      9.797098
 ( 6   4) <--> ( 8   1)       -0.189556      0.002764      0.002114   WU     0.563705      0.431068
 ( 6   4) <--> ( 8   2)        3.121330      0.749438      0.573100   WU   152.846380    116.882526
 ( 6   4) <--> ( 8   3)        2.351317      0.425284      0.325217   WU    86.735791     66.327370
 ( 6   4) <--> ( 8   4)       -4.550710      1.592997      1.218174   WU   324.888380    248.444055
 ( 7   1) <--> ( 7   1)       -1.273731     -0.852969   (eb)
 ( 7   2) <--> ( 7   1)       -0.405362      0.010955      0.010955   WU     2.234164      2.234164
 ( 7   2) <--> ( 7   2)       -2.965250     -1.985715   (eb)
 ( 7   3) <--> ( 7   1)       -1.513086      0.152629      0.152629   WU    31.128298     31.128298
 ( 7   3) <--> ( 7   2)       -1.137722      0.086294      0.086294   WU    17.599481     17.599481
 ( 7   3) <--> ( 7   3)       -0.040592     -0.027183   (eb)
 ( 7   4) <--> ( 7   1)        0.617290      0.025403      0.025403   WU     5.180906      5.180906
 ( 7   4) <--> ( 7   2)       -1.184669      0.093563      0.093563   WU    19.081922     19.081922
 ( 7   4) <--> ( 7   3)       -0.951543      0.060362      0.060362   WU    12.310753     12.310753
 ( 7   4) <--> ( 7   4)       -2.502395     -1.675759   (eb)
 ( 7   1) <--> ( 8   1)        1.425357      0.135443      0.119508   WU    27.623260     24.373464
 ( 7   1) <--> ( 8   2)        0.534953      0.019078      0.016834   WU     3.890985      3.433222
 ( 7   1) <--> ( 8   3)       -1.233319      0.101405      0.089475   WU    20.681340     18.248241
 ( 7   1) <--> ( 8   4)        0.108748      0.000788      0.000696   WU     0.160793      0.141876
 ( 7   2) <--> ( 8   1)       -0.164124      0.001796      0.001585   WU     0.366244      0.323156
 ( 7   2) <--> ( 8   2)        1.453744      0.140891      0.124316   WU    28.734505     25.353975
 ( 7   2) <--> ( 8   3)       -0.495393      0.016361      0.014436   WU     3.336782      2.944219
 ( 7   2) <--> ( 8   4)        0.751950      0.037695      0.033261   WU     7.687865      6.783410
 ( 7   3) <--> ( 8   1)        0.026157      0.000046      0.000040   WU     0.009303      0.008208
 ( 7   3) <--> ( 8   2)       -0.052356      0.000183      0.000161   WU     0.037271      0.032886
 ( 7   3) <--> ( 8   3)        1.348818      0.121287      0.107018   WU    24.736307     21.826153
 ( 7   3) <--> ( 8   4)       -0.003209      0.000001      0.000001   WU     0.000140      0.000124
 ( 7   4) <--> ( 8   1)        0.065854      0.000289      0.000255   WU     0.058965      0.052028
 ( 7   4) <--> ( 8   2)       -0.078721      0.000413      0.000365   WU     0.084258      0.074346
 ( 7   4) <--> ( 8   3)        0.082916      0.000458      0.000404   WU     0.093477      0.082480
 ( 7   4) <--> ( 8   4)       -1.044154      0.072684      0.064133   WU    14.823719     13.079752
 ( 7   1) <--> ( 9   1)        3.999398      1.066346      0.841852   WU   217.478926    171.693889
 ( 7   1) <--> ( 9   2)        0.942870      0.059267      0.046790   WU    12.087371      9.542662
 ( 7   1) <--> ( 9   3)       -0.486187      0.015758      0.012441   WU     3.213912      2.537299
 ( 7   1) <--> ( 9   4)       -0.098295      0.000644      0.000509   WU     0.131368      0.103711
 ( 7   2) <--> ( 9   1)        3.218871      0.690742      0.545323   WU   140.875389    111.217412
 ( 7   2) <--> ( 9   2)       -4.751402      1.505055      1.188201   WU   306.952698    242.331078
 ( 7   2) <--> ( 9   3)        1.534911      0.157064      0.123998   WU    32.032769     25.289028
 ( 7   2) <--> ( 9   4)       -0.433987      0.012556      0.009913   WU     2.560832      2.021709
 ( 7   3) <--> ( 9   1)        0.156536      0.001634      0.001290   WU     0.333161      0.263022
 ( 7   3) <--> ( 9   2)       -2.415667      0.389030      0.307129   WU    79.341830     62.638287
 ( 7   3) <--> ( 9   3)       -3.455601      0.796078      0.628483   WU   162.358483    128.177750
 ( 7   3) <--> ( 9   4)       -0.556940      0.020679      0.016325   WU     4.217406      3.329531
 ( 7   4) <--> ( 9   1)        0.421108      0.011822      0.009333   WU     2.411095      1.903496
 ( 7   4) <--> ( 9   2)       -3.255580      0.706587      0.557832   WU   144.106883    113.768592
 ( 7   4) <--> ( 9   3)       -1.052308      0.073823      0.058282   WU    15.056136     11.886423
 ( 7   4) <--> ( 9   4)        4.544212      1.376658      1.086835   WU   280.766396    221.657681
 ( 8   1) <--> ( 8   1)       -1.721586     -1.109039   (eb)
 ( 8   2) <--> ( 8   1)       -0.419129      0.010333      0.010333   WU     2.107492      2.107492
 ( 8   2) <--> ( 8   2)       -4.334937     -2.792549   (eb)
 ( 8   3) <--> ( 8   1)       -1.184016      0.082464      0.082464   WU    16.818441     16.818441
 ( 8   3) <--> ( 8   2)       -1.303709      0.099980      0.099980   WU    20.390688     20.390688
 ( 8   3) <--> ( 8   3)       -1.438615     -0.926750   (eb)
 ( 8   4) <--> ( 8   1)       -0.734910      0.031770      0.031770   WU     6.479451      6.479451
 ( 8   4) <--> ( 8   2)        1.654904      0.161100      0.161100   WU    32.856093     32.856093
 ( 8   4) <--> ( 8   3)        0.590332      0.020500      0.020500   WU     4.180840      4.180840
 ( 8   4) <--> ( 8   4)       -3.785611     -2.438676   (eb)
 ( 8   1) <--> ( 9   1)        0.080868      0.000385      0.000344   WU     0.078455      0.070197
 ( 8   1) <--> ( 9   2)       -0.008353      0.000004      0.000004   WU     0.000837      0.000749
 ( 8   1) <--> ( 9   3)        0.034663      0.000071      0.000063   WU     0.014414      0.012897
 ( 8   1) <--> ( 9   4)       -0.059028      0.000205      0.000183   WU     0.041801      0.037401
 ( 8   2) <--> ( 9   1)        0.017078      0.000017      0.000015   WU     0.003499      0.003131
 ( 8   2) <--> ( 9   2)        0.112764      0.000748      0.000669   WU     0.152550      0.136492
 ( 8   2) <--> ( 9   3)        0.007802      0.000004      0.000003   WU     0.000730      0.000653
 ( 8   2) <--> ( 9   4)       -0.055717      0.000183      0.000163   WU     0.037243      0.033323
 ( 8   3) <--> ( 9   1)       -1.425196      0.119481      0.106904   WU    24.367962     21.802914
 ( 8   3) <--> ( 9   2)       -0.160310      0.001512      0.001353   WU     0.308313      0.275859
 ( 8   3) <--> ( 9   3)        0.027735      0.000045      0.000040   WU     0.009229      0.008257
 ( 8   3) <--> ( 9   4)        0.073241      0.000316      0.000282   WU     0.064355      0.057581
 ( 8   4) <--> ( 9   1)       -0.115474      0.000784      0.000702   WU     0.159971      0.143132
 ( 8   4) <--> ( 9   2)       -1.007797      0.059744      0.053456   WU    12.184745     10.902140
 ( 8   4) <--> ( 9   3)        0.146544      0.001263      0.001130   WU     0.257636      0.230516
 ( 8   4) <--> ( 9   4)       -0.040900      0.000098      0.000088   WU     0.020069      0.017956
 ( 8   1) <--> (10   1)        4.247162      1.061082      0.858971   WU   216.405341    175.185276
 ( 8   1) <--> (10   2)        0.581712      0.019905      0.016114   WU     4.059622      3.286361
 ( 8   1) <--> (10   3)       -0.316205      0.005881      0.004761   WU     1.199519      0.971039
 ( 8   1) <--> (10   4)       -0.223761      0.002945      0.002384   WU     0.600673      0.486259
 ( 8   2) <--> (10   1)        2.647207      0.412218      0.333700   WU    84.070955     68.057440
 ( 8   2) <--> (10   2)       -6.531129      2.509155      2.031221   WU   511.736880    414.263188
 ( 8   2) <--> (10   3)        1.149917      0.077783      0.062967   WU    15.863653     12.842005
 ( 8   2) <--> (10   4)       -0.222735      0.002918      0.002362   WU     0.595180      0.481812
 ( 8   3) <--> (10   1)       -0.395015      0.009179      0.007430   WU     1.871965      1.515401
 ( 8   3) <--> (10   2)       -2.082734      0.255164      0.206561   WU    52.040072     42.127677
 ( 8   3) <--> (10   3)       -4.353355      1.114806      0.902462   WU   227.362241    184.055147
 ( 8   3) <--> (10   4)       -1.279596      0.096316      0.077970   WU    19.643375     15.901779
 ( 8   4) <--> (10   1)        0.181250      0.001932      0.001564   WU     0.394120      0.319049
 ( 8   4) <--> (10   2)        3.209877      0.606077      0.490634   WU   123.608154    100.063744
 ( 8   4) <--> (10   3)        2.479431      0.361622      0.292742   WU    73.752087     59.704070
 ( 8   4) <--> (10   4)       -4.681273      1.289078      1.043539   WU   262.904639    212.827565
 ( 9   1) <--> ( 9   1)       -2.269486     -1.409083   (eb)
 ( 9   2) <--> ( 9   1)        1.781580      0.167054      0.167054   WU    34.070306     34.070306
 ( 9   2) <--> ( 9   2)       -4.092299     -2.540836   (eb)
 ( 9   3) <--> ( 9   1)        1.271104      0.085037      0.085037   WU    17.343133     17.343133
 ( 9   3) <--> ( 9   2)        0.033072      0.000058      0.000058   WU     0.011741      0.011741
 ( 9   3) <--> ( 9   3)       -0.595466     -0.369714   (eb)
 ( 9   4) <--> ( 9   1)        0.686542      0.024807      0.024807   WU     5.059415      5.059415
 ( 9   4) <--> ( 9   2)        1.796229      0.169813      0.169813   WU    34.632924     34.632924
 ( 9   4) <--> ( 9   3)        0.861293      0.039043      0.039043   WU     7.962837      7.962837
 ( 9   4) <--> ( 9   4)       -2.754492     -1.710215   (eb)
 ( 9   1) <--> (10   1)        1.673225      0.147352      0.133318   WU    30.052072     27.189970
 ( 9   1) <--> (10   2)       -0.371327      0.007257      0.006566   WU     1.480055      1.339098
 ( 9   1) <--> (10   3)        1.574743      0.130517      0.118086   WU    26.618592     24.083488
 ( 9   1) <--> (10   4)       -0.355559      0.006654      0.006020   WU     1.357025      1.227784
 ( 9   2) <--> (10   1)        0.379835      0.007593      0.006870   WU     1.548655      1.401164
 ( 9   2) <--> (10   2)        1.320818      0.091819      0.083074   WU    18.726291     16.942835
 ( 9   2) <--> (10   3)       -0.189174      0.001884      0.001704   WU     0.384140      0.347556
 ( 9   2) <--> (10   4)        1.440002      0.109137      0.098743   WU    22.258289     20.138452
 ( 9   3) <--> (10   1)       -0.148457      0.001160      0.001050   WU     0.236575      0.214044
 ( 9   3) <--> (10   2)       -0.215627      0.002447      0.002214   WU     0.499082      0.451550
 ( 9   3) <--> (10   3)        1.694796      0.151175      0.136778   WU    30.831909     27.895536
 ( 9   3) <--> (10   4)        0.463628      0.011313      0.010236   WU     2.307303      2.087560
 ( 9   4) <--> (10   1)        0.084192      0.000373      0.000338   WU     0.076086      0.068840
 ( 9   4) <--> (10   2)        0.104275      0.000572      0.000518   WU     0.116714      0.105599
 ( 9   4) <--> (10   3)       -0.151492      0.001208      0.001093   WU     0.246346      0.222885
 ( 9   4) <--> (10   4)        0.921945      0.044736      0.040475   WU     9.123789      8.254857
 (10   1) <--> (10   1)       -2.185042     -1.310137   (eb)
 (10   2) <--> (10   1)        1.327837      0.083960      0.083960   WU    17.123364     17.123364
 (10   2) <--> (10   2)       -5.687295     -3.410065   (eb)
 (10   3) <--> (10   1)        0.905988      0.039086      0.039086   WU     7.971581      7.971581
 (10   3) <--> (10   2)       -0.995628      0.047204      0.047204   WU     9.627064      9.627064
 (10   3) <--> (10   3)       -1.949299     -1.168787   (eb)
 (10   4) <--> (10   1)        0.901356      0.038688      0.038688   WU     7.890290      7.890290
 (10   4) <--> (10   2)        1.688882      0.135825      0.135825   WU    27.701193     27.701193
 (10   4) <--> (10   3)        1.421816      0.096265      0.096265   WU    19.633002     19.633002
 (10   4) <--> (10   4)       -4.106446     -2.462198   (eb)
 
  quadrupole shape invariant: 01+, 02+, 03+, 04+
quadr2     1.47721150     2.31094088     2.35060074     4.53464340
quadr3     1.05206360     2.52520312     1.58699419     9.26382890
  effective deformation parameters:  01+, 02+, 03+, 04+
beteff     0.18096367     0.22634165     0.22827560     0.31706013
cos3ga     0.58597350     0.71880827     0.44035916     0.95934720
 
 ********* END Transition **************************
