 ********* BEGIN READER ****************************
 
 Nucleus            :  Xe  54  66
 Imin, Imax         :     0  10
 imu, remu          :     1 12.0000
 nlevel             :     4
 observables        :     2
 wave fun           :     1
 nbet, ngam, npar   :    10   7  10
 Finish reading parameters: V, B_k ...
 
 ********* END READER ******************************
 
 ********* BEGIN LEVELS ********************
 
 E_0 = -1008.602067
 
  I=   0   ntot= 127
   0   1    0.000000
   0   2    0.811522
   0   3    1.808267
   0   4    2.127521
 
  I=   2   ntot= 234
   2   1    0.360188
   2   2    0.927548
   2   3    1.386922
   2   4    1.935286
 
  I=   3   ntot= 108
   3   1    1.528575
   3   2    2.466379
   3   3    3.320694
   3   4    3.927107
 
  I=   4   ntot= 324
   4   1    0.906851
   4   2    1.620753
   4   3    2.081547
   4   4    2.332859
 
  I=   5   ntot= 198
   5   1    2.256428
   5   2    3.083794
   5   3    3.445990
   5   4    4.119071
 
  I=   6   ntot= 432
   6   1    1.615170
   6   2    2.472353
   6   3    2.880011
   6   4    3.266884
 
  I=   7   ntot= 306
   7   1    3.087100
   7   2    4.058352
   7   3    4.484479
   7   4    4.923703
 
  I=   8   ntot= 522
   8   1    2.468916
   8   2    3.455852
   8   3    3.848594
   8   4    4.269920
 
  I=   9   ntot= 397
   9   1    4.041073
   9   2    5.153171
   9   3    5.582469
   9   4    5.943073
 
  I=  10   ntot= 630
  10   1    3.460841
  10   2    4.549604
  10   3    4.980631
  10   4    5.353536
 
 ********* END LEVELS **********************
 
 ********* BEGIN Transition ************************
 
  Monopole moment 
 
   I   n    <In|E0|In>   ave \beta      del<b>   ave \gamma    del<g>  
     K=0       K=2       K=4   
   0   1     22.044373    0.286868    0.070280   20.078044   12.453839  100.0000    0.0000    0.0000
   0   2     22.284017    0.338297    0.093033   15.169906   12.512885   99.9999    0.0000    0.0000
   0   3     22.281327    0.319172    0.077698   27.834902   11.529957  100.0000    0.0000    0.0000
   0   4     22.363197    0.351153    0.123221   15.262436   13.224657   99.9999    0.0000    0.0000
   2   1     22.154937    0.315863    0.070368   16.836419   11.517945   95.4599    4.5400    0.0000
   2   2     22.121284    0.296486    0.077597   23.318353   13.433700   24.4186   75.5813    0.0000
   2   3     22.295415    0.340976    0.094371   16.119931   12.031635   75.0081   24.9919    0.0000
   2   4     22.437925    0.365667    0.088952   16.549292   10.322760   15.7172   84.2827    0.0000
   3   1     22.253139    0.329396    0.068540   20.657288   10.298803    0.0000   99.9999    0.0000
   3   2     22.441892    0.365944    0.095734   16.679313   10.642524    0.0000   99.9999    0.0000
   3   3     22.568649    0.365063    0.058468   29.237613    8.798618    0.0000   99.9999    0.0000
   3   4     22.790582    0.428077    0.115497   14.242875    9.362337    0.0000   99.9998    0.0000
   4   1     22.278232    0.343215    0.067701   14.710618   10.372011   95.2706    4.2935    0.4359
   4   2     22.205716    0.315804    0.083029   21.453845   13.592272   33.8873   53.9028   12.2099
   4   3     22.407428    0.363295    0.087002   15.830014   10.055413   47.8631   51.6504    0.4864
   4   4     22.292186    0.331149    0.089231   21.758757   13.484642   24.4050   21.0287   54.5663
   5   1     22.420986    0.363876    0.066472   17.762888    9.436095    0.0000   96.7601    3.2399
   5   2     22.383575    0.348023    0.081302   21.971430   11.814057    0.0000   36.4843   63.5157
   5   3     22.459940    0.366257    0.091674   19.302169   10.780530    0.0000   62.5148   37.4851
   5   4     22.634405    0.377695    0.057112   27.752044    8.752818    0.0000   86.7729   13.2270
   6   1     22.395221    0.366075    0.063817   13.469421    9.321603   94.3419    5.3385    0.2630
   6   2     22.315210    0.339921    0.081572   19.675290   12.840908   32.1099   57.6076    8.0652
   6   3     22.490145    0.378226    0.088848   15.229006    9.640814   41.6559   55.9983    1.4480
   6   4     22.442109    0.360727    0.097697   19.788799   13.769998   42.8825   21.2584   22.8920
   7   1     22.557088    0.389133    0.061891   16.002185    8.492112    0.0000   96.0113    3.8296
   7   2     22.489485    0.366280    0.078807   21.753778   11.627360    0.0000   32.7194   58.7007
   7   3     22.598681    0.392632    0.096293   17.515758   10.100578    0.0000   63.5210   34.8027
   7   4     22.677890    0.393465    0.074914   22.462722   11.560068    0.0000   17.1319   39.1318
   8   1     22.495624    0.383981    0.060345   12.807413    8.527483   92.1234    7.5762    0.2655
   8   2     22.478636    0.372401    0.074329   17.601543   11.540326   25.1835   66.0872    7.3262
   8   3     22.526240    0.384764    0.099254   14.937007   10.636725   50.4969   45.4839    2.6941
   8   4     22.628200    0.392749    0.095743   19.031088   13.430115   49.8084   25.9016   15.8799
   9   1     22.655962    0.406232    0.058803   14.986256    7.811041    0.0000   94.7999    4.9874
   9   2     22.634909    0.391025    0.074020   20.841322   11.186659    0.0000   26.9758   61.2478
   9   3     22.822673    0.432359    0.101226   15.140612    9.240932    0.0000   73.3219   25.4827
   9   4     22.813952    0.415938    0.076664   21.128292   11.946937    0.0000   24.8033   48.4053
  10   1     22.580054    0.398081    0.057969   12.495626    7.984839   88.4668   11.1324    0.3733
  10   2     22.628276    0.399552    0.066435   15.990735   10.406114   22.6466   68.6646    7.7471
  10   3     22.668992    0.410673    0.106781   13.916876   10.809627   63.4144   32.7756    2.7531
  10   4     22.744564    0.409308    0.091523   19.575904   13.358296   44.7218   34.2494   14.1236
 
  rho^2(E0) 
 
   I  n_1 n_2  <In_1|E0|In_2>  rho^2(E0) 
   0   1   1       22.044373 1154.559431
   0   2   1       -0.233594    0.129641
   0   2   2       22.284017 1179.798233
   0   3   1       -0.167552    0.066699
   0   3   2        0.068916    0.011284
   0   3   3       22.281327 1179.513388
   0   4   1       -0.029969    0.002134
   0   4   2        0.345547    0.283684
   0   4   3        0.069187    0.011373
   0   4   4       22.363197 1188.197320
   2   1   1       22.154937 1166.169861
   2   2   1        0.131950    0.041366
   2   2   2       22.121284 1162.629728
   2   3   1       -0.253871    0.153126
   2   3   2       -0.065481    0.010187
   2   3   3       22.295415 1181.005489
   2   4   1        0.069709    0.011545
   2   4   2        0.229498    0.125135
   2   4   3        0.055148    0.007226
   2   4   4       22.437925 1196.151394
   3   1   1       22.253139 1176.530919
   3   2   1        0.306480    0.223164
   3   2   2       22.441892 1196.574377
   3   3   1        0.144334    0.049494
   3   3   2       -0.056447    0.007570
   3   3   3       22.568649 1210.129649
   3   4   1       -0.070153    0.011693
   3   4   2       -0.396501    0.373517
   3   4   3       -0.014469    0.000497
   3   4   4       22.790582 1234.046723
   4   1   1       22.278232 1179.185744
   4   2   1       -0.171024    0.069492
   4   2   2       22.205716 1171.521661
   4   3   1        0.237914    0.134481
   4   3   2        0.031946    0.002425
   4   3   3       22.407428 1192.902093
   4   4   1        0.137465    0.044896
   4   4   2       -0.151599    0.054602
   4   4   3       -0.039662    0.003737
   4   4   4       22.292186 1180.663374
   5   1   1       22.420986 1194.346108
   5   2   1        0.192937    0.088441
   5   2   2       22.383575 1190.363730
   5   3   1        0.275806    0.180729
   5   3   2       -0.002176    0.000011
   5   3   3       22.459940 1198.499809
   5   4   1        0.119967    0.034193
   5   4   2       -0.091069    0.019704
   5   4   3       -0.010480    0.000261
   5   4   4       22.634405 1217.191568
   6   1   1       22.395221 1191.602750
   6   2   1        0.158575    0.059744
   6   2   2       22.315210 1183.103517
   6   3   1        0.243036    0.140333
   6   3   2       -0.122825    0.035842
   6   3   3       22.490145 1201.725583
   6   4   1       -0.186051    0.082240
   6   4   2       -0.167937    0.067006
   6   4   3       -0.003148    0.000024
   6   4   4       22.442109 1196.597560
   7   1   1       22.557088 1208.890228
   7   2   1       -0.168476    0.067436
   7   2   2       22.489485 1201.654961
   7   3   1        0.295970    0.208122
   7   3   2        0.059348    0.008368
   7   3   3       22.598681 1213.352386
   7   4   1       -0.096440    0.022097
   7   4   2        0.118579    0.033407
   7   4   3        0.001320    0.000004
   7   4   4       22.677890 1221.873040
   8   1   1       22.495624 1202.311158
   8   2   1       -0.108466    0.027952
   8   2   2       22.478636 1200.495881
   8   3   1       -0.277184    0.182540
   8   3   2       -0.146722    0.051146
   8   3   3       22.526240 1205.586042
   8   4   1       -0.184995    0.081310
   8   4   2        0.162621    0.062831
   8   4   3        0.081942    0.015953
   8   4   4       22.628200 1216.524355
   9   1   1       22.655962 1219.511219
   9   2   1        0.131066    0.040813
   9   2   2       22.634909 1217.245817
   9   3   1        0.324846    0.250712
   9   3   2       -0.018141    0.000782
   9   3   3       22.822673 1237.524525
   9   4   1        0.090513    0.019465
   9   4   2        0.141531    0.047591
   9   4   3        0.087684    0.018267
   9   4   4       22.813952 1236.578904
  10   1   1       22.580054 1211.352991
  10   2   1        0.059139    0.008309
  10   2   2       22.628276 1216.532456
  10   3   1       -0.314244    0.234614
  10   3   2        0.089246    0.018923
  10   3   3       22.668992 1220.914388
  10   4   1       -0.142873    0.048497
  10   4   2       -0.156980    0.058548
  10   4   3        0.161721    0.062137
  10   4   4       22.744564 1229.068256
 
  E2 transition 
 
  I1  n1        I2  n2       <f||E2||i>   B(E2,I1->I2)  B(E2,I2->I1)
 ( 0   1) <--> ( 2   1)        1.216087      1.478867      0.295773   WU   420.630612     84.126122
 ( 0   1) <--> ( 2   2)       -0.059014      0.003483      0.000697   WU     0.990578      0.198116
 ( 0   1) <--> ( 2   3)       -0.096084      0.009232      0.001846   WU     2.625895      0.525179
 ( 0   1) <--> ( 2   4)       -0.020225      0.000409      0.000082   WU     0.116348      0.023270
 ( 0   2) <--> ( 2   1)       -0.607136      0.368614      0.073723   WU   104.843936     20.968787
 ( 0   2) <--> ( 2   2)       -0.791520      0.626504      0.125301   WU   178.194974     35.638995
 ( 0   2) <--> ( 2   3)        1.086564      1.180620      0.236124   WU   335.801111     67.160222
 ( 0   2) <--> ( 2   4)       -0.022304      0.000497      0.000099   WU     0.141494      0.028299
 ( 0   3) <--> ( 2   1)       -0.101807      0.010365      0.002073   WU     2.947989      0.589598
 ( 0   3) <--> ( 2   2)        0.217271      0.047207      0.009441   WU    13.426847      2.685369
 ( 0   3) <--> ( 2   3)        0.393029      0.154472      0.030894   WU    43.936068      8.787214
 ( 0   3) <--> ( 2   4)       -0.256403      0.065742      0.013148   WU    18.698930      3.739786
 ( 0   4) <--> ( 2   1)       -0.025316      0.000641      0.000128   WU     0.182296      0.036459
 ( 0   4) <--> ( 2   2)       -0.219154      0.048028      0.009606   WU    13.660624      2.732125
 ( 0   4) <--> ( 2   3)        0.613527      0.376416      0.075283   WU   107.063027     21.412605
 ( 0   4) <--> ( 2   4)       -0.471565      0.222374      0.044475   WU    63.249236     12.649847
 ( 2   1) <--> ( 2   1)       -1.315376     -0.996967   (eb)
 ( 2   2) <--> ( 2   1)       -0.961741      0.184989      0.184989   WU    52.616002     52.616002
 ( 2   2) <--> ( 2   2)        0.625970      0.474444   (eb)
 ( 2   3) <--> ( 2   1)        0.016210      0.000053      0.000053   WU     0.014947      0.014947
 ( 2   3) <--> ( 2   2)        0.950744      0.180783      0.180783   WU    51.419601     51.419601
 ( 2   3) <--> ( 2   3)       -0.830659     -0.629584   (eb)
 ( 2   4) <--> ( 2   1)       -0.109379      0.002393      0.002393   WU     0.680564      0.680564
 ( 2   4) <--> ( 2   2)       -0.122018      0.002978      0.002978   WU     0.846938      0.846938
 ( 2   4) <--> ( 2   3)        1.215131      0.295309      0.295309   WU    83.994013     83.994013
 ( 2   4) <--> ( 2   4)        1.137413      0.862083   (eb)
 ( 2   1) <--> ( 3   1)       -0.160323      0.005141      0.003672   WU     1.462162      1.044401
 ( 2   1) <--> ( 3   2)       -0.055288      0.000611      0.000437   WU     0.173885      0.124203
 ( 2   1) <--> ( 3   3)       -0.007163      0.000010      0.000007   WU     0.002918      0.002085
 ( 2   1) <--> ( 3   4)       -0.024345      0.000119      0.000085   WU     0.033716      0.024083
 ( 2   2) <--> ( 3   1)       -1.451324      0.421268      0.300906   WU   119.820380     85.585986
 ( 2   2) <--> ( 3   2)        0.025811      0.000133      0.000095   WU     0.037897      0.027069
 ( 2   2) <--> ( 3   3)       -0.046477      0.000432      0.000309   WU     0.122882      0.087773
 ( 2   2) <--> ( 3   4)        0.040694      0.000331      0.000237   WU     0.094204      0.067289
 ( 2   3) <--> ( 3   1)       -1.134427      0.257385      0.183846   WU    73.207381     52.290987
 ( 2   3) <--> ( 3   2)        0.008213      0.000013      0.000010   WU     0.003837      0.002741
 ( 2   3) <--> ( 3   3)       -0.048409      0.000469      0.000335   WU     0.133306      0.095218
 ( 2   3) <--> ( 3   4)        0.006374      0.000008      0.000006   WU     0.002311      0.001651
 ( 2   4) <--> ( 3   1)       -1.200028      0.288013      0.205724   WU    81.918926     58.513519
 ( 2   4) <--> ( 3   2)       -2.033557      0.827071      0.590765   WU   235.241773    168.029838
 ( 2   4) <--> ( 3   3)       -0.026334      0.000139      0.000099   WU     0.039448      0.028177
 ( 2   4) <--> ( 3   4)        0.168587      0.005684      0.004060   WU     1.616776      1.154840
 ( 2   1) <--> ( 4   1)        2.185043      0.954882      0.530490   WU   271.594897    150.886054
 ( 2   1) <--> ( 4   2)        0.016352      0.000053      0.000030   WU     0.015210      0.008450
 ( 2   1) <--> ( 4   3)        0.104469      0.002183      0.001213   WU     0.620833      0.344907
 ( 2   1) <--> ( 4   4)        0.046164      0.000426      0.000237   WU     0.121231      0.067351
 ( 2   2) <--> ( 4   1)        0.515088      0.053063      0.029480   WU    15.092629      8.384794
 ( 2   2) <--> ( 4   2)       -1.571998      0.494235      0.274575   WU   140.574190     78.096772
 ( 2   2) <--> ( 4   3)        0.110529      0.002443      0.001357   WU     0.694947      0.386081
 ( 2   2) <--> ( 4   4)       -0.088213      0.001556      0.000865   WU     0.442657      0.245921
 ( 2   3) <--> ( 4   1)       -0.847979      0.143814      0.079896   WU    40.904568     22.724760
 ( 2   3) <--> ( 4   2)        0.651690      0.084940      0.047189   WU    24.159279     13.421822
 ( 2   3) <--> ( 4   3)       -1.817819      0.660893      0.367163   WU   187.976207    104.431226
 ( 2   3) <--> ( 4   4)       -0.695374      0.096709      0.053727   WU    27.506753     15.281529
 ( 2   4) <--> ( 4   1)        0.081168      0.001318      0.000732   WU     0.374777      0.208210
 ( 2   4) <--> ( 4   2)       -0.564602      0.063755      0.035419   WU    18.133703     10.074279
 ( 2   4) <--> ( 4   3)       -0.428639      0.036746      0.020415   WU    10.451680      5.806489
 ( 2   4) <--> ( 4   4)        1.139470      0.259678      0.144266   WU    73.859704     41.033169
 ( 3   1) <--> ( 3   1)        0.000000      0.000000   (eb)
 ( 3   2) <--> ( 3   1)        0.000000      0.000000      0.000000   WU     0.000000      0.000000
 ( 3   2) <--> ( 3   2)        0.000000      0.000000   (eb)
 ( 3   3) <--> ( 3   1)        0.000000      0.000000      0.000000   WU     0.000000      0.000000
 ( 3   3) <--> ( 3   2)        0.000000      0.000000      0.000000   WU     0.000000      0.000000
 ( 3   3) <--> ( 3   3)        0.000000      0.000000   (eb)
 ( 3   4) <--> ( 3   1)        0.000000      0.000000      0.000000   WU     0.000000      0.000000
 ( 3   4) <--> ( 3   2)        0.000000      0.000000      0.000000   WU     0.000000      0.000000
 ( 3   4) <--> ( 3   3)        0.000000      0.000000      0.000000   WU     0.000000      0.000000
 ( 3   4) <--> ( 3   4)        0.000000      0.000000   (eb)
 ( 3   1) <--> ( 4   1)        0.613579      0.053783      0.041831   WU    15.297319     11.897915
 ( 3   1) <--> ( 4   2)        1.258201      0.226153      0.175897   WU    64.324135     50.029883
 ( 3   1) <--> ( 4   3)        1.371888      0.268868      0.209120   WU    76.473478     59.479372
 ( 3   1) <--> ( 4   4)       -0.957253      0.130905      0.101815   WU    37.232910     28.958930
 ( 3   2) <--> ( 4   1)        0.042182      0.000254      0.000198   WU     0.072300      0.056233
 ( 3   2) <--> ( 4   2)       -0.043672      0.000272      0.000212   WU     0.077495      0.060274
 ( 3   2) <--> ( 4   3)        1.352799      0.261438      0.203341   WU    74.360165     57.835684
 ( 3   2) <--> ( 4   4)       -0.664526      0.063085      0.049066   WU    17.943129     13.955767
 ( 3   3) <--> ( 4   1)        0.017257      0.000043      0.000033   WU     0.012100      0.009411
 ( 3   3) <--> ( 4   2)        0.051883      0.000385      0.000299   WU     0.109375      0.085069
 ( 3   3) <--> ( 4   3)        0.027381      0.000107      0.000083   WU     0.030464      0.023694
 ( 3   3) <--> ( 4   4)        0.043366      0.000269      0.000209   WU     0.076416      0.059434
 ( 3   4) <--> ( 4   1)       -0.001531      0.000000      0.000000   WU     0.000095      0.000074
 ( 3   4) <--> ( 4   2)       -0.036762      0.000193      0.000150   WU     0.054913      0.042710
 ( 3   4) <--> ( 4   3)       -0.136706      0.002670      0.002076   WU     0.759357      0.590611
 ( 3   4) <--> ( 4   4)        0.059541      0.000506      0.000394   WU     0.144045      0.112035
 ( 3   1) <--> ( 5   1)        2.041028      0.595113      0.378709   WU   169.266703    107.715175
 ( 3   1) <--> ( 5   2)       -0.210881      0.006353      0.004043   WU     1.806955      1.149881
 ( 3   1) <--> ( 5   3)        0.079537      0.000904      0.000575   WU     0.257046      0.163575
 ( 3   1) <--> ( 5   4)        0.044762      0.000286      0.000182   WU     0.081414      0.051809
 ( 3   2) <--> ( 5   1)        1.045333      0.156103      0.099338   WU    44.399977     28.254531
 ( 3   2) <--> ( 5   2)        1.383934      0.273611      0.174116   WU    77.822439     49.523370
 ( 3   2) <--> ( 5   3)        1.558776      0.347112      0.220889   WU    98.728257     62.827073
 ( 3   2) <--> ( 5   4)       -0.087737      0.001100      0.000700   WU     0.312777      0.199040
 ( 3   3) <--> ( 5   1)        0.027188      0.000106      0.000067   WU     0.030034      0.019113
 ( 3   3) <--> ( 5   2)       -0.604641      0.052227      0.033235   WU    14.854860      9.453093
 ( 3   3) <--> ( 5   3)        0.383994      0.021064      0.013405   WU     5.991318      3.812657
 ( 3   3) <--> ( 5   4)        2.119497      0.641753      0.408388   WU   182.532179    116.156841
 ( 3   4) <--> ( 5   1)       -0.126422      0.002283      0.001453   WU     0.649415      0.413264
 ( 3   4) <--> ( 5   2)       -0.438549      0.027475      0.017484   WU     7.814654      4.972962
 ( 3   4) <--> ( 5   3)       -0.930851      0.123783      0.078771   WU    35.207388     22.404702
 ( 3   4) <--> ( 5   4)       -0.075740      0.000820      0.000522   WU     0.233093      0.148332
 ( 4   1) <--> ( 4   1)       -1.952473     -1.472351   (eb)
 ( 4   2) <--> ( 4   1)        0.965926      0.103668      0.103668   WU    29.486104     29.486104
 ( 4   2) <--> ( 4   2)       -0.524888     -0.395815   (eb)
 ( 4   3) <--> ( 4   1)        0.024889      0.000069      0.000069   WU     0.019577      0.019577
 ( 4   3) <--> ( 4   2)        0.161081      0.002883      0.002883   WU     0.820007      0.820007
 ( 4   3) <--> ( 4   3)       -1.364238     -1.028766   (eb)
 ( 4   4) <--> ( 4   1)       -0.125948      0.001763      0.001763   WU     0.501320      0.501320
 ( 4   4) <--> ( 4   2)        1.375290      0.210158      0.210158   WU    59.774740     59.774740
 ( 4   4) <--> ( 4   3)       -0.432454      0.020780      0.020780   WU     5.910300      5.910300
 ( 4   4) <--> ( 4   4)        0.430228      0.324433   (eb)
 ( 4   1) <--> ( 5   1)       -0.163782      0.002980      0.002439   WU     0.847735      0.693601
 ( 4   1) <--> ( 5   2)       -0.015691      0.000027      0.000022   WU     0.007781      0.006366
 ( 4   1) <--> ( 5   3)       -0.024824      0.000068      0.000056   WU     0.019475      0.015934
 ( 4   1) <--> ( 5   4)       -0.009057      0.000009      0.000007   WU     0.002592      0.002121
 ( 4   2) <--> ( 5   1)        1.282474      0.182749      0.149522   WU    51.978850     42.528150
 ( 4   2) <--> ( 5   2)        0.043746      0.000213      0.000174   WU     0.060480      0.049483
 ( 4   2) <--> ( 5   3)       -0.079704      0.000706      0.000578   WU     0.200766      0.164263
 ( 4   2) <--> ( 5   4)        0.049032      0.000267      0.000219   WU     0.075979      0.062164
 ( 4   3) <--> ( 5   1)        1.523985      0.258059      0.211139   WU    73.399118     60.053824
 ( 4   3) <--> ( 5   2)        0.659034      0.048258      0.039484   WU    13.726019     11.230379
 ( 4   3) <--> ( 5   3)       -0.091076      0.000922      0.000754   WU     0.262144      0.214482
 ( 4   3) <--> ( 5   4)        0.058513      0.000380      0.000311   WU     0.108202      0.088529
 ( 4   4) <--> ( 5   1)       -0.515709      0.029551      0.024178   WU     8.405014      6.876829
 ( 4   4) <--> ( 5   2)       -1.869905      0.388505      0.317868   WU   110.501496     90.410315
 ( 4   4) <--> ( 5   3)        0.251904      0.007051      0.005769   WU     2.005395      1.640778
 ( 4   4) <--> ( 5   4)       -0.078870      0.000691      0.000565   WU     0.196586      0.160843
 ( 4   1) <--> ( 6   1)        3.054210      1.036467      0.717554   WU   294.799730    204.092121
 ( 4   1) <--> ( 6   2)        0.014922      0.000025      0.000017   WU     0.007037      0.004872
 ( 4   1) <--> ( 6   3)        0.082038      0.000748      0.000518   WU     0.212697      0.147252
 ( 4   1) <--> ( 6   4)       -0.106144      0.001252      0.000867   WU     0.356058      0.246501
 ( 4   2) <--> ( 6   1)       -0.617005      0.042300      0.029284   WU    12.031151      8.329258
 ( 4   2) <--> ( 6   2)       -2.458119      0.671372      0.464796   WU   190.956857    132.200901
 ( 4   2) <--> ( 6   3)       -0.290002      0.009345      0.006469   WU     2.657857      1.840055
 ( 4   2) <--> ( 6   4)       -0.017567      0.000034      0.000024   WU     0.009753      0.006752
 ( 4   3) <--> ( 6   1)        0.999220      0.110938      0.076803   WU    31.553819     21.844952
 ( 4   3) <--> ( 6   2)       -0.203243      0.004590      0.003178   WU     1.305452      0.903774
 ( 4   3) <--> ( 6   3)        2.822713      0.885301      0.612901   WU   251.804160    174.325957
 ( 4   3) <--> ( 6   4)       -0.508693      0.028752      0.019905   WU     8.177898      5.661621
 ( 4   4) <--> ( 6   1)        0.292674      0.009518      0.006589   WU     2.707065      1.874122
 ( 4   4) <--> ( 6   2)        0.840137      0.078426      0.054295   WU    22.306414     15.442902
 ( 4   4) <--> ( 6   3)       -0.154611      0.002656      0.001839   WU     0.755460      0.523011
 ( 4   4) <--> ( 6   4)       -2.076790      0.479228      0.331773   WU   136.305803     94.365556
 ( 5   1) <--> ( 5   1)       -1.328284     -0.964503   (eb)
 ( 5   2) <--> ( 5   1)       -0.868949      0.068643      0.068643   WU    19.523935     19.523935
 ( 5   2) <--> ( 5   2)        0.356195      0.258643   (eb)
 ( 5   3) <--> ( 5   1)        0.187530      0.003197      0.003197   WU     0.909326      0.909326
 ( 5   3) <--> ( 5   2)       -1.135746      0.117265      0.117265   WU    33.353538     33.353538
 ( 5   3) <--> ( 5   3)       -0.296121     -0.215021   (eb)
 ( 5   4) <--> ( 5   1)       -0.075010      0.000512      0.000512   WU     0.145487      0.145487
 ( 5   4) <--> ( 5   2)        0.090167      0.000739      0.000739   WU     0.210219      0.210219
 ( 5   4) <--> ( 5   3)        0.096849      0.000853      0.000853   WU     0.242531      0.242531
 ( 5   4) <--> ( 5   4)       -0.891931     -0.647655   (eb)
 ( 5   1) <--> ( 6   1)        0.784940      0.056012      0.047395   WU    15.931333     13.480359
 ( 5   1) <--> ( 6   2)       -1.394773      0.176854      0.149646   WU    50.302104     42.563319
 ( 5   1) <--> ( 6   3)        1.341896      0.163699      0.138514   WU    46.560444     39.397299
 ( 5   1) <--> ( 6   4)        0.478238      0.020792      0.017593   WU     5.913799      5.003984
 ( 5   2) <--> ( 6   1)        0.012041      0.000013      0.000011   WU     0.003749      0.003172
 ( 5   2) <--> ( 6   2)        0.507749      0.023437      0.019831   WU     6.666188      5.640620
 ( 5   2) <--> ( 6   3)        0.925086      0.077799      0.065830   WU    22.128046     18.723731
 ( 5   2) <--> ( 6   4)        1.189235      0.128571      0.108791   WU    36.569093     30.943079
 ( 5   3) <--> ( 6   1)        0.031910      0.000093      0.000078   WU     0.026328      0.022278
 ( 5   3) <--> ( 6   2)       -0.186663      0.003168      0.002680   WU     0.900939      0.762333
 ( 5   3) <--> ( 6   3)        1.045749      0.099417      0.084122   WU    28.277073     23.926754
 ( 5   3) <--> ( 6   4)       -0.361735      0.011896      0.010066   WU     3.383462      2.862930
 ( 5   4) <--> ( 6   1)        0.018685      0.000032      0.000027   WU     0.009028      0.007639
 ( 5   4) <--> ( 6   2)       -0.017334      0.000027      0.000023   WU     0.007769      0.006574
 ( 5   4) <--> ( 6   3)        0.001599      0.000000      0.000000   WU     0.000066      0.000056
 ( 5   4) <--> ( 6   4)       -0.224729      0.004591      0.003885   WU     1.305860      1.104959
 ( 5   1) <--> ( 7   1)       -3.150930      0.902578      0.661891   WU   256.718164    188.259987
 ( 5   1) <--> ( 7   2)       -0.161126      0.002360      0.001731   WU     0.671288      0.492278
 ( 5   1) <--> ( 7   3)       -0.117883      0.001263      0.000926   WU     0.359319      0.263500
 ( 5   1) <--> ( 7   4)        0.031896      0.000092      0.000068   WU     0.026306      0.019291
 ( 5   2) <--> ( 7   1)       -0.820472      0.061198      0.044878   WU    17.406306     12.764625
 ( 5   2) <--> ( 7   2)        2.393609      0.520851      0.381958   WU   148.144505    108.639303
 ( 5   2) <--> ( 7   3)       -0.465494      0.019699      0.014446   WU     5.602829      4.108741
 ( 5   2) <--> ( 7   4)       -0.170459      0.002641      0.001937   WU     0.751312      0.550962
 ( 5   3) <--> ( 7   1)       -0.984874      0.088180      0.064665   WU    25.080724     18.392531
 ( 5   3) <--> ( 7   2)        0.255219      0.005922      0.004342   WU     1.684242      1.235110
 ( 5   3) <--> ( 7   3)       -2.646175      0.636567      0.466816   WU   181.057348    132.775389
 ( 5   3) <--> ( 7   4)        0.257941      0.006049      0.004436   WU     1.720366      1.261601
 ( 5   4) <--> ( 7   1)        0.023609      0.000051      0.000037   WU     0.014412      0.010569
 ( 5   4) <--> ( 7   2)       -0.734047      0.048984      0.035922   WU    13.932426     10.217112
 ( 5   4) <--> ( 7   3)       -0.417303      0.015831      0.011609   WU     4.502803      3.302056
 ( 5   4) <--> ( 7   4)        1.305851      0.155023      0.113683   WU    44.092701     32.334647
 ( 6   1) <--> ( 6   1)       -2.534455     -1.767014   (eb)
 ( 6   2) <--> ( 6   1)       -1.002822      0.077358      0.077358   WU    22.002704     22.002704
 ( 6   2) <--> ( 6   2)       -1.346539     -0.938803   (eb)
 ( 6   3) <--> ( 6   1)       -0.041903      0.000135      0.000135   WU     0.038416      0.038416
 ( 6   3) <--> ( 6   2)        0.371738      0.010630      0.010630   WU     3.023447      3.023447
 ( 6   3) <--> ( 6   3)       -1.945750     -1.356571   (eb)
 ( 6   4) <--> ( 6   1)        0.171447      0.002261      0.002261   WU     0.643112      0.643112
 ( 6   4) <--> ( 6   2)        1.446693      0.160994      0.160994   WU    45.791130     45.791130
 ( 6   4) <--> ( 6   3)        0.462083      0.016425      0.016425   WU     4.671623      4.671623
 ( 6   4) <--> ( 6   4)       -1.009646     -0.703922   (eb)
 ( 6   1) <--> ( 7   1)        0.141243      0.001535      0.001330   WU     0.436480      0.378283
 ( 6   1) <--> ( 7   2)        0.015356      0.000018      0.000016   WU     0.005160      0.004472
 ( 6   1) <--> ( 7   3)        0.015980      0.000020      0.000017   WU     0.005587      0.004842
 ( 6   1) <--> ( 7   4)        0.010908      0.000009      0.000008   WU     0.002603      0.002256
 ( 6   2) <--> ( 7   1)        1.375849      0.145612      0.126197   WU    41.416174     35.894018
 ( 6   2) <--> ( 7   2)       -0.098400      0.000745      0.000646   WU     0.211846      0.183600
 ( 6   2) <--> ( 7   3)       -0.076124      0.000446      0.000386   WU     0.126786      0.109881
 ( 6   2) <--> ( 7   4)       -0.075587      0.000439      0.000381   WU     0.125004      0.108337
 ( 6   3) <--> ( 7   1)       -1.401176      0.151023      0.130886   WU    42.955019     37.227683
 ( 6   3) <--> ( 7   2)        0.701028      0.037803      0.032763   WU    10.752254      9.318621
 ( 6   3) <--> ( 7   3)        0.010140      0.000008      0.000007   WU     0.002250      0.001950
 ( 6   3) <--> ( 7   4)        0.131350      0.001327      0.001150   WU     0.377477      0.327147
 ( 6   4) <--> ( 7   1)       -0.441223      0.014975      0.012979   WU     4.259360      3.691445
 ( 6   4) <--> ( 7   2)        1.554627      0.185913      0.161124   WU    52.878734     45.828236
 ( 6   4) <--> ( 7   3)        0.013513      0.000014      0.000012   WU     0.003995      0.003462
 ( 6   4) <--> ( 7   4)        0.169324      0.002205      0.001911   WU     0.627287      0.543649
 ( 6   1) <--> ( 8   1)        3.863878      1.148427      0.878209   WU   326.644360    249.786864
 ( 6   1) <--> ( 8   2)       -0.074000      0.000421      0.000322   WU     0.119809      0.091619
 ( 6   1) <--> ( 8   3)       -0.090696      0.000633      0.000484   WU     0.179970      0.137624
 ( 6   1) <--> ( 8   4)       -0.148027      0.001686      0.001289   WU     0.479416      0.366612
 ( 6   2) <--> ( 8   1)        0.481117      0.017806      0.013616   WU     5.064412      3.872785
 ( 6   2) <--> ( 8   2)       -3.266688      0.820865      0.627721   WU   233.476833    178.541108
 ( 6   2) <--> ( 8   3)       -0.541634      0.022567      0.017257   WU     6.418595      4.908337
 ( 6   2) <--> ( 8   4)        0.005718      0.000003      0.000002   WU     0.000715      0.000547
 ( 6   3) <--> ( 8   1)        1.159151      0.103356      0.079037   WU    29.397394     22.480360
 ( 6   3) <--> ( 8   2)        0.964307      0.071530      0.054699   WU    20.345077     15.558000
 ( 6   3) <--> ( 8   3)       -3.570328      0.980557      0.749838   WU   278.897579    213.274619
 ( 6   3) <--> ( 8   4)       -0.186565      0.002677      0.002047   WU     0.761532      0.582348
 ( 6   4) <--> ( 8   1)       -0.438255      0.014774      0.011298   WU     4.202256      3.213490
 ( 6   4) <--> ( 8   2)        0.772385      0.045891      0.035093   WU    13.052557      9.981367
 ( 6   4) <--> ( 8   3)        0.366456      0.010330      0.007899   WU     2.938139      2.246812
 ( 6   4) <--> ( 8   4)        3.260746      0.817882      0.625439   WU   232.628268    177.892205
 ( 7   1) <--> ( 7   1)       -2.275440     -1.523775   (eb)
 ( 7   2) <--> ( 7   1)        1.010916      0.068130      0.068130   WU    19.378065     19.378065
 ( 7   2) <--> ( 7   2)       -0.478838     -0.320659   (eb)
 ( 7   3) <--> ( 7   1)        0.065968      0.000290      0.000290   WU     0.082519      0.082519
 ( 7   3) <--> ( 7   2)        0.720163      0.034576      0.034576   WU     9.834268      9.834268
 ( 7   3) <--> ( 7   3)       -1.405417     -0.941154   (eb)
 ( 7   4) <--> ( 7   1)        0.188787      0.002376      0.002376   WU     0.675810      0.675810
 ( 7   4) <--> ( 7   2)       -1.172653      0.091674      0.091674   WU    26.074708     26.074708
 ( 7   4) <--> ( 7   3)        0.125358      0.001048      0.001048   WU     0.297981      0.297981
 ( 7   4) <--> ( 7   4)        0.476666      0.319205   (eb)
 ( 7   1) <--> ( 8   1)       -0.943480      0.059344      0.052362   WU    16.878981     14.893219
 ( 7   1) <--> ( 8   2)       -1.514841      0.152983      0.134985   WU    43.512546     38.393423
 ( 7   1) <--> ( 8   3)        1.028608      0.070536      0.062237   WU    20.062299     17.702029
 ( 7   1) <--> ( 8   4)       -0.338127      0.007622      0.006725   WU     2.167910      1.912862
 ( 7   2) <--> ( 8   1)       -0.015392      0.000016      0.000014   WU     0.004493      0.003964
 ( 7   2) <--> ( 8   2)       -0.645640      0.027790      0.024521   WU     7.904265      6.974351
 ( 7   2) <--> ( 8   3)       -0.898857      0.053863      0.047526   WU    15.320101     13.517736
 ( 7   2) <--> ( 8   4)        1.263413      0.106414      0.093895   WU    30.267135     26.706295
 ( 7   3) <--> ( 8   1)       -0.037282      0.000093      0.000082   WU     0.026356      0.023255
 ( 7   3) <--> ( 8   2)       -0.332990      0.007392      0.006523   WU     2.102538      1.855180
 ( 7   3) <--> ( 8   3)        1.062439      0.075252      0.066399   WU    21.403702     18.885619
 ( 7   3) <--> ( 8   4)        0.433545      0.012531      0.011057   WU     3.564094      3.144789
 ( 7   4) <--> ( 8   1)        0.002998      0.000001      0.000001   WU     0.000170      0.000150
 ( 7   4) <--> ( 8   2)       -0.008765      0.000005      0.000005   WU     0.001457      0.001285
 ( 7   4) <--> ( 8   3)        0.085897      0.000492      0.000434   WU     0.139905      0.123445
 ( 7   4) <--> ( 8   4)       -0.524070      0.018310      0.016156   WU     5.207853      4.595164
 ( 7   1) <--> ( 9   1)        4.088396      1.114332      0.879736   WU   316.946789    250.221149
 ( 7   1) <--> ( 9   2)       -0.067768      0.000306      0.000242   WU     0.087083      0.068750
 ( 7   1) <--> ( 9   3)        0.179179      0.002140      0.001690   WU     0.608773      0.480610
 ( 7   1) <--> ( 9   4)        0.072092      0.000346      0.000274   WU     0.098550      0.077802
 ( 7   2) <--> ( 9   1)       -0.698110      0.032490      0.025650   WU     9.241192      7.295678
 ( 7   2) <--> ( 9   2)       -3.340500      0.743929      0.587312   WU   211.594013    167.047905
 ( 7   2) <--> ( 9   3)       -0.523689      0.018283      0.014434   WU     5.200284      4.105488
 ( 7   2) <--> ( 9   4)        0.199919      0.002665      0.002104   WU     0.757858      0.598309
 ( 7   3) <--> ( 9   1)        1.111488      0.082360      0.065021   WU    23.425574     18.493874
 ( 7   3) <--> ( 9   2)       -0.277148      0.005121      0.004043   WU     1.456483      1.149855
 ( 7   3) <--> ( 9   3)        3.731728      0.928386      0.732937   WU   264.058785    208.467462
 ( 7   3) <--> ( 9   4)        0.001544      0.000000      0.000000   WU     0.000045      0.000036
 ( 7   4) <--> ( 9   1)       -0.071253      0.000338      0.000267   WU     0.096270      0.076002
 ( 7   4) <--> ( 9   2)       -0.548348      0.020046      0.015826   WU     5.701552      4.501225
 ( 7   4) <--> ( 9   3)       -0.346254      0.007993      0.006310   WU     2.273376      1.794770
 ( 7   4) <--> ( 9   4)       -3.167132      0.668715      0.527933   WU   190.201043    150.158718
 ( 8   1) <--> ( 8   1)       -3.028235     -1.950777   (eb)
 ( 8   2) <--> ( 8   1)        1.016697      0.060804      0.060804   WU    17.294414     17.294414
 ( 8   2) <--> ( 8   2)       -2.263977     -1.458445   (eb)
 ( 8   3) <--> ( 8   1)        0.233172      0.003198      0.003198   WU     0.909656      0.909656
 ( 8   3) <--> ( 8   2)        0.600077      0.021182      0.021182   WU     6.024730      6.024730
 ( 8   3) <--> ( 8   3)       -2.349318     -1.513421   (eb)
 ( 8   4) <--> ( 8   1)        0.169441      0.001689      0.001689   WU     0.480353      0.480353
 ( 8   4) <--> ( 8   2)       -1.442879      0.122465      0.122465   WU    34.832341     34.832341
 ( 8   4) <--> ( 8   3)       -0.652495      0.025044      0.025044   WU     7.123238      7.123238
 ( 8   4) <--> ( 8   4)       -1.960741     -1.263102   (eb)
 ( 8   1) <--> ( 9   1)        0.094596      0.000526      0.000471   WU     0.149715      0.133956
 ( 8   1) <--> ( 9   2)       -0.044043      0.000114      0.000102   WU     0.032454      0.029038
 ( 8   1) <--> ( 9   3)        0.010336      0.000006      0.000006   WU     0.001787      0.001599
 ( 8   1) <--> ( 9   4)       -0.010290      0.000006      0.000006   WU     0.001772      0.001585
 ( 8   2) <--> ( 9   1)       -1.567491      0.144531      0.129317   WU    41.108622     36.781399
 ( 8   2) <--> ( 9   2)       -0.192559      0.002181      0.001952   WU     0.620368      0.555066
 ( 8   2) <--> ( 9   3)        0.020537      0.000025      0.000022   WU     0.007057      0.006314
 ( 8   2) <--> ( 9   4)       -0.105430      0.000654      0.000585   WU     0.185973      0.166397
 ( 8   3) <--> ( 9   1)        1.014778      0.060575      0.054199   WU    17.229193     15.415594
 ( 8   3) <--> ( 9   2)        0.609103      0.021824      0.019527   WU     6.207316      5.553914
 ( 8   3) <--> ( 9   3)        0.051520      0.000156      0.000140   WU     0.044410      0.039735
 ( 8   3) <--> ( 9   4)        0.086736      0.000443      0.000396   WU     0.125870      0.112621
 ( 8   4) <--> ( 9   1)       -0.492355      0.014260      0.012759   WU     4.055828      3.628899
 ( 8   4) <--> ( 9   2)       -1.324320      0.103166      0.092306   WU    29.343276     26.254510
 ( 8   4) <--> ( 9   3)       -0.120658      0.000856      0.000766   WU     0.243575      0.217935
 ( 8   4) <--> ( 9   4)       -0.162434      0.001552      0.001389   WU     0.441446      0.394978
 ( 8   1) <--> (10   1)        4.615817      1.253280      1.014560   WU   356.467587    288.568999
 ( 8   1) <--> (10   2)        0.141969      0.001186      0.000960   WU     0.337217      0.272985
 ( 8   1) <--> (10   3)       -0.154236      0.001399      0.001133   WU     0.398008      0.322197
 ( 8   1) <--> (10   4)       -0.158046      0.001469      0.001189   WU     0.417919      0.338316
 ( 8   2) <--> (10   1)       -0.155467      0.001422      0.001151   WU     0.404391      0.327364
 ( 8   2) <--> (10   2)       -4.177566      1.026592      0.831050   WU   291.991064    236.373719
 ( 8   2) <--> (10   3)        0.491245      0.014195      0.011491   WU     4.037556      3.268498
 ( 8   2) <--> (10   4)       -0.029701      0.000052      0.000042   WU     0.014759      0.011948
 ( 8   3) <--> (10   1)       -1.330216      0.104087      0.084261   WU    29.605141     23.966066
 ( 8   3) <--> (10   2)        1.023659      0.061640      0.049899   WU    17.532077     14.192634
 ( 8   3) <--> (10   3)        4.286792      1.080975      0.875075   WU   307.459314    248.895635
 ( 8   3) <--> (10   4)       -0.188563      0.002092      0.001693   WU     0.594891      0.481578
 ( 8   4) <--> (10   1)       -0.421475      0.010449      0.008459   WU     2.972125      2.406006
 ( 8   4) <--> (10   2)       -0.610902      0.021953      0.017771   WU     6.244041      5.054700
 ( 8   4) <--> (10   3)        1.031436      0.062580      0.050660   WU    17.799495     14.409115
 ( 8   4) <--> (10   4)        4.278298      1.076696      0.871611   WU   306.242196    247.910349
 ( 9   1) <--> ( 9   1)       -2.985579     -1.853693   (eb)
 ( 9   2) <--> ( 9   1)       -1.084784      0.061935      0.061935   WU    17.615888     17.615888
 ( 9   2) <--> ( 9   2)       -1.251973     -0.777327   (eb)
 ( 9   3) <--> ( 9   1)       -0.100051      0.000527      0.000527   WU     0.149852      0.149852
 ( 9   3) <--> ( 9   2)       -0.471984      0.011725      0.011725   WU     3.334819      3.334819
 ( 9   3) <--> ( 9   3)       -2.669785     -1.657622   (eb)
 ( 9   4) <--> ( 9   1)       -0.232880      0.002854      0.002854   WU     0.811863      0.811863
 ( 9   4) <--> ( 9   2)       -1.378414      0.100001      0.100001   WU    28.443146     28.443146
 ( 9   4) <--> ( 9   3)       -0.367045      0.007091      0.007091   WU     2.016772      2.016772
 ( 9   4) <--> ( 9   4)       -0.979565     -0.608194   (eb)
 ( 9   1) <--> (10   1)       -1.097978      0.063450      0.057407   WU    18.047004     16.328242
 ( 9   1) <--> (10   2)        1.513863      0.120620      0.109132   WU    34.307683     31.040284
 ( 9   1) <--> (10   3)        0.718471      0.027168      0.024581   WU     7.727461      6.991512
 ( 9   1) <--> (10   4)       -0.322945      0.005489      0.004966   WU     1.561257      1.412566
 ( 9   2) <--> (10   1)        0.047347      0.000118      0.000107   WU     0.033559      0.030363
 ( 9   2) <--> (10   2)       -0.770530      0.031248      0.028272   WU     8.887863      8.041400
 ( 9   2) <--> (10   3)        0.789754      0.032827      0.029701   WU     9.336874      8.447648
 ( 9   2) <--> (10   4)       -1.356921      0.096907      0.087678   WU    27.563070     24.938016
 ( 9   3) <--> (10   1)       -0.046817      0.000115      0.000104   WU     0.032811      0.029686
 ( 9   3) <--> (10   2)        0.422722      0.009405      0.008509   WU     2.675029      2.420264
 ( 9   3) <--> (10   3)        1.158546      0.070644      0.063916   WU    20.092991     18.179373
 ( 9   3) <--> (10   4)        0.289767      0.004419      0.003998   WU     1.256944      1.137235
 ( 9   4) <--> (10   1)        0.001995      0.000000      0.000000   WU     0.000060      0.000054
 ( 9   4) <--> (10   2)       -0.070172      0.000259      0.000234   WU     0.073713      0.066693
 ( 9   4) <--> (10   3)       -0.126071      0.000837      0.000757   WU     0.237928      0.215268
 ( 9   4) <--> (10   4)        0.818633      0.035272      0.031912   WU    10.032217      9.076768
 (10   1) <--> (10   1)       -3.439876     -2.062527   (eb)
 (10   2) <--> (10   1)       -1.002964      0.047902      0.047902   WU    13.624593     13.624593
 (10   2) <--> (10   2)       -3.141692     -1.883738   (eb)
 (10   3) <--> (10   1)        0.423934      0.008558      0.008558   WU     2.434156      2.434156
 (10   3) <--> (10   2)       -0.469669      0.010504      0.010504   WU     2.987701      2.987701
 (10   3) <--> (10   3)       -2.990674     -1.793189   (eb)
 (10   4) <--> (10   1)        0.091761      0.000401      0.000401   WU     0.114044      0.114044
 (10   4) <--> (10   2)        1.497682      0.106812      0.106812   WU    30.380279     30.380279
 (10   4) <--> (10   3)       -0.911408      0.039555      0.039555   WU    11.250665     11.250665
 (10   4) <--> (10   4)       -2.362406     -1.416483   (eb)
 
  quadrupole shape invariant: 01+, 02+, 03+, 04+
quadr2     1.49823142     2.20197008     1.80506336     2.40372310
quadr3     1.51071871     3.21430423     1.26335787     3.90752564
  effective deformation parameters:  01+, 02+, 03+, 04+
beteff     0.27101977     0.32856192     0.29747999     0.34328414
cos3ga     0.82378761     0.98371628     0.52094001     1.04851629
 
 ********* END Transition **************************
