 ********* BEGIN READER ****************************
 
 Nucleus            :  Pu  94 196
 Imin, Imax         :     0  10
 imu, remu          :     1 12.0000
 nlevel             :     4
 observables        :     2
 wave fun           :     1
 nbet, ngam, npar   :    10   7  10
 Finish reading parameters: V, B_k ...
 
 ********* END READER ******************************
 
 ********* BEGIN LEVELS ********************
 
 E_0 = -1999.430130
 
  I=   0   ntot= 127
   0   1    0.000000
   0   2    1.175497
   0   3    2.044270
   0   4    2.394277
 
  I=   2   ntot= 234
   2   1    0.327815
   2   2    1.503237
   2   3    1.680700
   2   4    2.267344
 
  I=   3   ntot= 108
   3   1    1.864428
   3   2    2.488358
   3   3    3.093708
   3   4    3.317839
 
  I=   4   ntot= 324
   4   1    0.748390
   4   2    1.977311
   4   3    2.094350
   4   4    2.493901
 
  I=   5   ntot= 198
   5   1    2.339430
   5   2    2.799524
   5   3    2.996912
   5   4    3.285786
 
  I=   6   ntot= 432
   6   1    1.252926
   6   2    2.434883
   6   3    2.516483
   6   4    2.644580
 
  I=   7   ntot= 306
   7   1    2.834055
   7   2    3.197180
   7   3    3.380186
   7   4    3.514023
 
  I=   8   ntot= 522
   8   1    1.827495
   8   2    2.793190
   8   3    2.871015
   8   4    3.022561
 
  I=   9   ntot= 397
   9   1    3.313158
   9   2    3.636002
   9   3    3.770692
   9   4    3.875002
 
  I=  10   ntot= 630
  10   1    2.462758
  10   2    3.031570
  10   3    3.264206
  10   4    3.564594
 
 ********* END LEVELS **********************
 
 ********* BEGIN Transition ************************
 
  Monopole moment 
 
   I   n    <In|E0|In>   ave \beta      del<b>   ave \gamma    del<g>  
     K=0       K=2       K=4   
   0   1     37.978109    0.152373    0.041765   19.139257   11.225685  100.0000    0.0000    0.0000
   0   2     38.150478    0.185543    0.069147   15.984974    9.926003  100.0000    0.0000    0.0000
   0   3     38.938180    0.299748    0.085083   19.594274   10.577602  100.0000    0.0000    0.0000
   0   4     41.686328    0.573585    0.074812    6.478045    8.760155   99.9992    0.0000    0.0000
   2   1     38.033615    0.168491    0.040191   17.321402   10.512346   98.9601    1.0399    0.0000
   2   2     38.148009    0.186367    0.058255   20.665267   11.269679   30.8195   69.1805    0.0000
   2   3     38.321638    0.217579    0.069773   18.221954    9.748026   69.1585   30.8415    0.0000
   2   4     39.202284    0.333426    0.108130   17.772696   13.421241   87.4459   12.5540    0.0000
   3   1     38.231410    0.202028    0.053033   21.961107    8.689512    0.0000  100.0000    0.0000
   3   2     39.170524    0.325085    0.074111   21.420913    9.011169    0.0000   99.9999    0.0000
   3   3     40.371004    0.459051    0.122041   12.338190   10.933561    0.0000   99.9998    0.0000
   3   4     39.881217    0.413717    0.161198   14.030895   14.251857    0.0000   99.9997    0.0000
   4   1     38.084955    0.180551    0.040204   16.205198   10.074670   97.8079    2.1016    0.0905
   4   2     38.322880    0.219039    0.070519   17.589211   10.407358   53.7625   44.2860    1.9515
   4   3     38.531309    0.248522    0.075680   19.904760    9.822553   47.9539   51.0436    1.0025
   4   4     41.279174    0.541374    0.103265    7.522371   11.341953   98.7623    1.1938    0.0432
   5   1     38.406102    0.230174    0.064521   20.907443    8.369349    0.0000   97.5685    2.4315
   5   2     39.237653    0.335086    0.086663   20.105798    9.676206    0.0000   95.4246    4.5753
   5   3     39.224854    0.327993    0.064869   23.437047    9.072990    0.0000    5.9863   94.0136
   5   4     41.018330    0.517596    0.103366   10.394253    9.636006    0.0000   98.8366    1.1630
   6   1     38.139266    0.191661    0.041114   15.438039    9.713467   95.9646    3.8916    0.1258
   6   2     38.803459    0.288236    0.093920   16.530498   11.844973   90.7588    8.6841    0.4863
   6   3     38.583598    0.255133    0.082314   21.238478   11.571997   13.1880   81.9788    4.5179
   6   4     41.747833    0.578591    0.072707    6.291118    8.419563   98.7574    1.1654    0.0667
   7   1     38.741097    0.276389    0.076236   20.136397    8.782696    0.0000   93.5834    6.1906
   7   2     39.277444    0.344355    0.116130   17.751163   11.404158    0.0000   91.6244    8.0241
   7   3     39.600943    0.372834    0.095972   19.491583   13.046223    0.0000   19.1847   72.1965
   7   4     41.023187    0.519365    0.114385   10.142266   10.252293    0.0000   92.0941    6.8004
   8   1     38.199408    0.202742    0.042970   14.941551    9.308637   93.6509    6.0968    0.2291
   8   2     41.005248    0.518375    0.117631    8.353095   12.894637   93.7283    5.8970    0.3449
   8   3     40.035454    0.429817    0.154096   11.537882   15.638714   79.6289   18.7905    1.4673
   8   4     38.677901    0.270073    0.083871   18.709960   11.916706   30.4993   61.5969    7.2372
   9   1     39.208343    0.332470    0.082478   18.910791   10.232087    0.0000   87.3531   11.7635
   9   2     40.499803    0.474828    0.134132   10.845834   10.378362    0.0000   96.7533    3.0242
   9   3     39.592184    0.378531    0.135148   17.116137   14.196100    0.0000   47.6985   43.7427
   9   4     39.996937    0.422153    0.137692   14.304474   13.854340    0.0000   62.6703   28.3225
  10   1     38.270856    0.214816    0.046571   14.736072    8.801520   90.9838    8.5750    0.4064
  10   2     41.861734    0.586860    0.059383    6.225873    8.183908   99.1229    0.8359    0.0287
  10   3     39.437851    0.358983    0.100918   17.761685   13.861238   61.8665   33.9051    3.8366
  10   4     39.056840    0.318770    0.098699   16.876407   12.886888   44.0140   43.7213   10.7690
 
  rho^2(E0) 
 
   I  n_1 n_2  <In_1|E0|In_2>  rho^2(E0) 
   0   1   1       37.978109 3201.842363
   0   2   1       -0.143605    0.045780
   0   2   2       38.150478 3230.972348
   0   3   1        0.029624    0.001948
   0   3   2       -0.265931    0.156990
   0   3   3       38.938180 3365.771112
   0   4   1        0.009413    0.000197
   0   4   2       -0.031601    0.002217
   0   4   3       -0.362564    0.291811
   0   4   4       41.686328 3857.629998
   2   1   1       38.033615 3211.208391
   2   2   1        0.091818    0.018715
   2   2   2       38.148009 3230.554287
   2   3   1       -0.146497    0.047642
   2   3   2       -0.067617    0.010149
   2   3   3       38.321638 3260.028643
   2   4   1       -0.000676    0.000001
   2   4   2        0.209891    0.097796
   2   4   3       -0.261769    0.152115
   2   4   4       39.202284 3411.583580
   3   1   1       38.231410 3244.695198
   3   2   1       -0.295272    0.193543
   3   2   2       39.170524 3406.058067
   3   3   1       -0.066594    0.009845
   3   3   2       -0.513686    0.585772
   3   3   3       40.371004 3618.031906
   3   4   1       -0.081382    0.014702
   3   4   2       -0.258421    0.148249
   3   4   3       -1.052849    2.460736
   3   4   4       39.881217 3530.775440
   4   1   1       38.084955 3219.883683
   4   2   1       -0.137208    0.041792
   4   2   2       38.322880 3260.239967
   4   3   1       -0.132005    0.038683
   4   3   2        0.141066    0.044175
   4   3   3       38.531309 3295.799767
   4   4   1       -0.025133    0.001402
   4   4   2       -0.180978    0.072708
   4   4   3       -0.263211    0.153795
   4   4   4       41.279174 3782.642401
   5   1   1       38.406102 3274.415239
   5   2   1       -0.420544    0.392605
   5   2   2       39.237653 3417.742473
   5   3   1        0.028518    0.001805
   5   3   2       -0.039759    0.003509
   5   3   3       39.224854 3415.513177
   5   4   1       -0.033455    0.002485
   5   4   2       -0.521102    0.602808
   5   4   3        0.195590    0.084923
   5   4   4       41.018330 3734.988271
   6   1   1       38.139266 3229.073548
   6   2   1       -0.198762    0.087700
   6   2   2       38.803459 3342.521152
   6   3   1        0.019956    0.000884
   6   3   2       -0.256838    0.146438
   6   3   3       38.583598 3304.750952
   6   4   1       -0.036393    0.002940
   6   4   2       -0.439207    0.428224
   6   4   3        0.215218    0.102823
   6   4   4       41.747833 3869.021689
   7   1   1       38.741097 3331.786178
   7   2   1       -0.580856    0.748980
   7   2   2       39.277444 3424.677780
   7   3   1       -0.047813    0.005075
   7   3   2        0.255794    0.145249
   7   3   3       39.600943 3481.323085
   7   4   1       -0.017437    0.000675
   7   4   2       -0.699863    1.087326
   7   4   3       -0.599034    0.796593
   7   4   4       41.023187 3735.872699
   8   1   1       38.199408 3239.265439
   8   2   1        0.117612    0.030707
   8   2   2       41.005248 3732.606123
   8   3   1       -0.163836    0.059587
   8   3   2        1.297206    3.735522
   8   3   3       40.035454 3558.138160
   8   4   1       -0.087670    0.017062
   8   4   2        0.196165    0.085423
   8   4   3        0.021906    0.001065
   8   4   4       38.677901 3320.925071
   9   1   1       39.208343 3412.638273
   9   2   1       -0.664885    0.981357
   9   2   2       40.499803 3641.154454
   9   3   1        0.188229    0.078651
   9   3   2        0.915630    1.861116
   9   3   3       39.592184 3479.783355
   9   4   1       -0.092622    0.019044
   9   4   2       -0.948139    1.995618
   9   4   3       -0.277405    0.170829
   9   4   4       39.996937 3551.295016
  10   1   1       38.270856 3251.394224
  10   2   1       -0.059354    0.007820
  10   2   2       41.861734 3890.162151
  10   3   1       -0.215791    0.103371
  10   3   2       -0.483765    0.519520
  10   3   3       39.437851 3452.707391
  10   4   1       -0.115251    0.029486
  10   4   2       -0.197905    0.086946
  10   4   3        0.017398    0.000672
  10   4   4       39.056840 3386.315979
 
  E2 transition 
 
  I1  n1        I2  n2       <f||E2||i>   B(E2,I1->I2)  B(E2,I2->I1)
 ( 0   1) <--> ( 2   1)        1.985832      3.943529      0.788706   WU   345.860619     69.172124
 ( 0   1) <--> ( 2   2)       -0.200255      0.040102      0.008020   WU     3.517092      0.703418
 ( 0   1) <--> ( 2   3)       -0.364336      0.132741      0.026548   WU    11.641785      2.328357
 ( 0   1) <--> ( 2   4)       -0.046404      0.002153      0.000431   WU     0.188857      0.037771
 ( 0   2) <--> ( 2   1)       -1.037805      1.077040      0.215408   WU    94.460004     18.892001
 ( 0   2) <--> ( 2   2)       -1.178334      1.388471      0.277694   WU   121.773520     24.354704
 ( 0   2) <--> ( 2   3)        1.990245      3.961075      0.792215   WU   347.399506     69.479901
 ( 0   2) <--> ( 2   4)        0.148474      0.022045      0.004409   WU     1.933383      0.386677
 ( 0   3) <--> ( 2   1)       -0.061111      0.003735      0.000747   WU     0.327535      0.065507
 ( 0   3) <--> ( 2   2)        0.527377      0.278127      0.055625   WU    24.392668      4.878534
 ( 0   3) <--> ( 2   3)       -1.763580      3.110213      0.622043   WU   272.776055     54.555211
 ( 0   3) <--> ( 2   4)        3.154643      9.951776      1.990355   WU   872.803947    174.560789
 ( 0   4) <--> ( 2   1)       -0.004256      0.000018      0.000004   WU     0.001589      0.000318
 ( 0   4) <--> ( 2   2)        0.058341      0.003404      0.000681   WU     0.298513      0.059703
 ( 0   4) <--> ( 2   3)       -0.160680      0.025818      0.005164   WU     2.264320      0.452864
 ( 0   4) <--> ( 2   4)       -2.038878      4.157022      0.831404   WU   364.584713     72.916943
 ( 2   1) <--> ( 2   1)       -2.396806     -1.816619   (eb)
 ( 2   2) <--> ( 2   1)       -1.280141      0.327752      0.327752   WU    28.744972     28.744972
 ( 2   2) <--> ( 2   2)        0.676951      0.513084   (eb)
 ( 2   3) <--> ( 2   1)        0.043083      0.000371      0.000371   WU     0.032558      0.032558
 ( 2   3) <--> ( 2   2)        2.601055      1.353097      1.353097   WU   118.671162    118.671162
 ( 2   3) <--> ( 2   3)       -1.116155     -0.845971   (eb)
 ( 2   4) <--> ( 2   1)        0.143805      0.004136      0.004136   WU     0.362741      0.362741
 ( 2   4) <--> ( 2   2)       -0.214793      0.009227      0.009227   WU     0.809259      0.809259
 ( 2   4) <--> ( 2   3)        1.452495      0.421949      0.421949   WU    37.006303     37.006303
 ( 2   4) <--> ( 2   4)       -4.504317     -3.413971   (eb)
 ( 2   1) <--> ( 3   1)       -0.605057      0.073219      0.052299   WU     6.421526      4.586805
 ( 2   1) <--> ( 3   2)       -0.138013      0.003809      0.002721   WU     0.334105      0.238646
 ( 2   1) <--> ( 3   3)       -0.057594      0.000663      0.000474   WU     0.058184      0.041560
 ( 2   1) <--> ( 3   4)       -0.062066      0.000770      0.000550   WU     0.067570      0.048264
 ( 2   2) <--> ( 3   1)       -3.053516      1.864792      1.331995   WU   163.548516    116.820369
 ( 2   2) <--> ( 3   2)        0.279247      0.015596      0.011140   WU     1.367802      0.977001
 ( 2   2) <--> ( 3   3)        0.187086      0.007000      0.005000   WU     0.613944      0.438532
 ( 2   2) <--> ( 3   4)        0.265074      0.014053      0.010038   WU     1.232485      0.880346
 ( 2   3) <--> ( 3   1)       -1.824489      0.665752      0.475537   WU    58.388648     41.706177
 ( 2   3) <--> ( 3   2)       -0.157711      0.004975      0.003553   WU     0.436283      0.311630
 ( 2   3) <--> ( 3   3)       -0.089235      0.001593      0.001138   WU     0.139674      0.099767
 ( 2   3) <--> ( 3   4)       -0.049944      0.000499      0.000356   WU     0.043754      0.031253
 ( 2   4) <--> ( 3   1)       -1.311870      0.344200      0.245857   WU    30.187533     21.562523
 ( 2   4) <--> ( 3   2)        3.068890      1.883617      1.345441   WU   165.199502    117.999644
 ( 2   4) <--> ( 3   3)       -0.237900      0.011319      0.008085   WU     0.992738      0.709099
 ( 2   4) <--> ( 3   4)       -0.148696      0.004422      0.003159   WU     0.387834      0.277024
 ( 2   1) <--> ( 4   1)        3.593072      2.582033      1.434463   WU   226.452925    125.807181
 ( 2   1) <--> ( 4   2)       -0.120854      0.002921      0.001623   WU     0.256194      0.142330
 ( 2   1) <--> ( 4   3)       -0.359568      0.025858      0.014365   WU     2.267824      1.259902
 ( 2   1) <--> ( 4   4)       -0.092717      0.001719      0.000955   WU     0.150788      0.083771
 ( 2   2) <--> ( 4   1)        0.723159      0.104592      0.058107   WU     9.173059      5.096144
 ( 2   2) <--> ( 4   2)       -3.064626      1.878387      1.043548   WU   164.740814     91.522674
 ( 2   2) <--> ( 4   3)       -0.071792      0.001031      0.000573   WU     0.090405      0.050225
 ( 2   2) <--> ( 4   4)       -0.069426      0.000964      0.000536   WU     0.084544      0.046969
 ( 2   3) <--> ( 4   1)       -1.329690      0.353615      0.196453   WU    31.013235     17.229575
 ( 2   3) <--> ( 4   2)        1.786249      0.638137      0.354521   WU    55.966772     31.092651
 ( 2   3) <--> ( 4   3)        3.927179      3.084546      1.713637   WU   270.525016    150.291675
 ( 2   3) <--> ( 4   4)        0.072863      0.001062      0.000590   WU     0.093123      0.051735
 ( 2   4) <--> ( 4   1)       -0.283924      0.016123      0.008957   WU     1.414000      0.785556
 ( 2   4) <--> ( 4   2)       -1.608881      0.517700      0.287611   WU    45.403983     25.224435
 ( 2   4) <--> ( 4   3)       -2.185675      0.955435      0.530797   WU    83.794832     46.552684
 ( 2   4) <--> ( 4   4)        5.182789      5.372260      2.984589   WU   471.165153    261.758418
 ( 3   1) <--> ( 3   1)        0.000000      0.000000   (eb)
 ( 3   2) <--> ( 3   1)        0.000000      0.000000      0.000000   WU     0.000000      0.000000
 ( 3   2) <--> ( 3   2)        0.000000      0.000000   (eb)
 ( 3   3) <--> ( 3   1)        0.000000      0.000000      0.000000   WU     0.000000      0.000000
 ( 3   3) <--> ( 3   2)        0.000000      0.000000      0.000000   WU     0.000000      0.000000
 ( 3   3) <--> ( 3   3)        0.000000      0.000000   (eb)
 ( 3   4) <--> ( 3   1)        0.000000      0.000000      0.000000   WU     0.000000      0.000000
 ( 3   4) <--> ( 3   2)        0.000000      0.000000      0.000000   WU     0.000000      0.000000
 ( 3   4) <--> ( 3   3)        0.000000      0.000000      0.000000   WU     0.000000      0.000000
 ( 3   4) <--> ( 3   4)        0.000000      0.000000   (eb)
 ( 3   1) <--> ( 4   1)        0.938511      0.125829      0.097867   WU    11.035628      8.583266
 ( 3   1) <--> ( 4   2)        2.189667      0.684949      0.532738   WU    60.072282     46.722886
 ( 3   1) <--> ( 4   3)       -2.943443      1.237694      0.962651   WU   108.549913     84.427710
 ( 3   1) <--> ( 4   4)       -0.302129      0.013040      0.010142   WU     1.143679      0.889528
 ( 3   2) <--> ( 4   1)        0.152602      0.003327      0.002587   WU     0.291767      0.226930
 ( 3   2) <--> ( 4   2)        0.156133      0.003483      0.002709   WU     0.305427      0.237554
 ( 3   2) <--> ( 4   3)        2.077281      0.616442      0.479455   WU    54.064033     42.049804
 ( 3   2) <--> ( 4   4)       -0.246355      0.008670      0.006743   WU     0.760397      0.591420
 ( 3   3) <--> ( 4   1)        0.048220      0.000332      0.000258   WU     0.029132      0.022658
 ( 3   3) <--> ( 4   2)        0.029252      0.000122      0.000095   WU     0.010720      0.008338
 ( 3   3) <--> ( 4   3)        0.356630      0.018169      0.014132   WU     1.593505      1.239393
 ( 3   3) <--> ( 4   4)        0.762221      0.082997      0.064553   WU     7.279138      5.661552
 ( 3   4) <--> ( 4   1)        0.047075      0.000317      0.000246   WU     0.027765      0.021595
 ( 3   4) <--> ( 4   2)       -0.070634      0.000713      0.000554   WU     0.062509      0.048618
 ( 3   4) <--> ( 4   3)        0.490475      0.034366      0.026729   WU     3.014054      2.344264
 ( 3   4) <--> ( 4   4)        0.144747      0.002993      0.002328   WU     0.262506      0.204172
 ( 3   1) <--> ( 5   1)        3.889238      2.160882      1.375107   WU   189.516550    120.601441
 ( 3   1) <--> ( 5   2)        0.012566      0.000023      0.000014   WU     0.001978      0.001259
 ( 3   1) <--> ( 5   3)       -0.339204      0.016437      0.010460   WU     1.441580      0.917369
 ( 3   1) <--> ( 5   4)        0.017552      0.000044      0.000028   WU     0.003860      0.002456
 ( 3   2) <--> ( 5   1)       -2.075393      0.615322      0.391569   WU    53.965827     34.341890
 ( 3   2) <--> ( 5   2)        6.042746      5.216398      3.319526   WU   457.495495    291.133497
 ( 3   2) <--> ( 5   3)        0.235769      0.007941      0.005053   WU     0.696453      0.443198
 ( 3   2) <--> ( 5   4)       -0.238077      0.008097      0.005153   WU     0.710155      0.451917
 ( 3   3) <--> ( 5   1)       -0.224742      0.007216      0.004592   WU     0.632830      0.402710
 ( 3   3) <--> ( 5   2)       -2.562285      0.937901      0.596846   WU    82.257028     52.345382
 ( 3   3) <--> ( 5   3)        0.961784      0.132147      0.084093   WU    11.589726      7.375280
 ( 3   3) <--> ( 5   4)        8.844834     11.175870      7.111917   WU   980.161084    623.738872
 ( 3   4) <--> ( 5   1)       -0.567180      0.045956      0.029245   WU     4.030510      2.564870
 ( 3   4) <--> ( 5   2)       -0.837617      0.100229      0.063782   WU     8.790402      5.593892
 ( 3   4) <--> ( 5   3)       -0.946818      0.128066      0.081497   WU    11.231855      7.147544
 ( 3   4) <--> ( 5   4)       -4.964233      3.520515      2.240328   WU   308.760949    196.484240
 ( 4   1) <--> ( 4   1)       -3.255055     -2.454622   (eb)
 ( 4   2) <--> ( 4   1)        1.533732      0.261370      0.261370   WU    22.923062     22.923062
 ( 4   2) <--> ( 4   2)       -3.199091     -2.412420   (eb)
 ( 4   3) <--> ( 4   1)       -0.311311      0.010768      0.010768   WU     0.944417      0.944417
 ( 4   3) <--> ( 4   2)       -1.507827      0.252616      0.252616   WU    22.155247     22.155247
 ( 4   3) <--> ( 4   3)       -2.426885     -1.830103   (eb)
 ( 4   4) <--> ( 4   1)        0.110573      0.001358      0.001358   WU     0.119144      0.119144
 ( 4   4) <--> ( 4   2)        0.507986      0.028672      0.028672   WU     2.514649      2.514649
 ( 4   4) <--> ( 4   3)        0.757570      0.063768      0.063768   WU     5.592666      5.592666
 ( 4   4) <--> ( 4   4)      -11.268240     -8.497329   (eb)
 ( 4   1) <--> ( 5   1)       -0.540807      0.032497      0.026588   WU     2.850092      2.331893
 ( 4   1) <--> ( 5   2)       -0.206444      0.004735      0.003874   WU     0.415314      0.339802
 ( 4   1) <--> ( 5   3)        0.013519      0.000020      0.000017   WU     0.001781      0.001457
 ( 4   1) <--> ( 5   4)       -0.058330      0.000378      0.000309   WU     0.033156      0.027128
 ( 4   2) <--> ( 5   1)        2.690531      0.804328      0.658087   WU    70.542287     57.716417
 ( 4   2) <--> ( 5   2)       -0.218383      0.005299      0.004336   WU     0.464742      0.380244
 ( 4   2) <--> ( 5   3)        0.498253      0.027584      0.022569   WU     2.419213      1.979356
 ( 4   2) <--> ( 5   4)       -0.199634      0.004428      0.003623   WU     0.388369      0.317756
 ( 4   3) <--> ( 5   1)       -2.353886      0.615642      0.503707   WU    53.993877     44.176808
 ( 4   3) <--> ( 5   2)       -0.074695      0.000620      0.000507   WU     0.054370      0.044485
 ( 4   3) <--> ( 5   3)       -0.691660      0.053155      0.043490   WU     4.661860      3.814249
 ( 4   3) <--> ( 5   4)        0.023708      0.000062      0.000051   WU     0.005477      0.004481
 ( 4   4) <--> ( 5   1)       -0.578554      0.037192      0.030430   WU     3.261829      2.668769
 ( 4   4) <--> ( 5   2)        0.772350      0.066280      0.054229   WU     5.813019      4.756107
 ( 4   4) <--> ( 5   3)       -0.300262      0.010017      0.008196   WU     0.878563      0.718825
 ( 4   4) <--> ( 5   4)       -0.638352      0.045277      0.037045   WU     3.970947      3.248956
 ( 4   1) <--> ( 6   1)        4.957270      2.730503      1.890348   WU   239.474262    165.789873
 ( 4   1) <--> ( 6   2)       -0.356047      0.014086      0.009752   WU     1.235346      0.855240
 ( 4   1) <--> ( 6   3)        0.093688      0.000975      0.000675   WU     0.085535      0.059217
 ( 4   1) <--> ( 6   4)       -0.087953      0.000860      0.000595   WU     0.075384      0.052189
 ( 4   2) <--> ( 6   1)       -1.118017      0.138885      0.096151   WU    12.180645      8.432754
 ( 4   2) <--> ( 6   2)        4.899355      2.667075      1.846437   WU   233.911422    161.938677
 ( 4   2) <--> ( 6   3)        2.455564      0.669977      0.463830   WU    58.759220     40.679460
 ( 4   2) <--> ( 6   4)        0.146352      0.002380      0.001648   WU     0.208724      0.144501
 ( 4   3) <--> ( 6   1)       -1.441103      0.230753      0.159752   WU    20.237828     14.010804
 ( 4   3) <--> ( 6   2)        4.679598      2.433182      1.684511   WU   213.398208    147.737221
 ( 4   3) <--> ( 6   3)       -4.672728      2.426043      1.679568   WU   212.772049    147.303727
 ( 4   3) <--> ( 6   4)        0.384832      0.016455      0.011392   WU     1.443163      0.999113
 ( 4   4) <--> ( 6   1)       -0.353661      0.013897      0.009621   WU     1.218847      0.843817
 ( 4   4) <--> ( 6   2)       -3.328912      1.231295      0.852435   WU   107.988700     74.761408
 ( 4   4) <--> ( 6   3)        1.755909      0.342580      0.237171   WU    30.045390     20.800655
 ( 4   4) <--> ( 6   4)       14.951864     24.839804     17.196788   WU  2178.533764   1508.215682
 ( 5   1) <--> ( 5   1)       -2.527842     -1.835534   (eb)
 ( 5   2) <--> ( 5   1)        0.545690      0.027071      0.027071   WU     2.374190      2.374190
 ( 5   2) <--> ( 5   2)       -3.411727     -2.477347   (eb)
 ( 5   3) <--> ( 5   1)       -1.531086      0.213111      0.213111   WU    18.690583     18.690583
 ( 5   3) <--> ( 5   2)        2.502463      0.569302      0.569302   WU    49.929665     49.929665
 ( 5   3) <--> ( 5   3)        3.216939      2.335906   (eb)
 ( 5   4) <--> ( 5   1)        0.213854      0.004158      0.004158   WU     0.364634      0.364634
 ( 5   4) <--> ( 5   2)        0.879595      0.070335      0.070335   WU     6.168638      6.168638
 ( 5   4) <--> ( 5   3)       -0.591053      0.031758      0.031758   WU     2.785323      2.785323
 ( 5   4) <--> ( 5   4)       -6.937349     -5.037396   (eb)
 ( 5   1) <--> ( 6   1)        1.256957      0.143631      0.121534   WU    12.596920     10.658933
 ( 5   1) <--> ( 6   2)       -0.306791      0.008556      0.007240   WU     0.750429      0.634978
 ( 5   1) <--> ( 6   3)        3.696997      1.242526      1.051368   WU   108.973675     92.208494
 ( 5   1) <--> ( 6   4)       -0.397925      0.014395      0.012180   WU     1.262485      1.068256
 ( 5   2) <--> ( 6   1)        0.356883      0.011579      0.009797   WU     1.015488      0.859259
 ( 5   2) <--> ( 6   2)        2.001380      0.364138      0.308117   WU    31.936134     27.022883
 ( 5   2) <--> ( 6   3)       -2.044792      0.380107      0.321629   WU    33.336619     28.207909
 ( 5   2) <--> ( 6   4)        0.248566      0.005617      0.004753   WU     0.492612      0.416826
 ( 5   3) <--> ( 6   1)       -0.014714      0.000020      0.000017   WU     0.001726      0.001461
 ( 5   3) <--> ( 6   2)       -0.225650      0.004629      0.003917   WU     0.405969      0.343512
 ( 5   3) <--> ( 6   3)       -0.825163      0.061899      0.052376   WU     5.428783      4.593586
 ( 5   3) <--> ( 6   4)        0.201450      0.003689      0.003122   WU     0.323564      0.273785
 ( 5   4) <--> ( 6   1)        0.078906      0.000566      0.000479   WU     0.049641      0.042004
 ( 5   4) <--> ( 6   2)        0.209304      0.003983      0.003370   WU     0.349285      0.295549
 ( 5   4) <--> ( 6   3)        0.063865      0.000371      0.000314   WU     0.032519      0.027516
 ( 5   4) <--> ( 6   4)        0.963817      0.084449      0.071457   WU     7.406490      6.267030
 ( 5   1) <--> ( 7   1)        6.160800      3.450496      2.530364   WU   302.620053    221.921372
 ( 5   1) <--> ( 7   2)        0.472260      0.020275      0.014869   WU     1.778218      1.304026
 ( 5   1) <--> ( 7   3)        0.064962      0.000384      0.000281   WU     0.033647      0.024674
 ( 5   1) <--> ( 7   4)        0.056558      0.000291      0.000213   WU     0.025504      0.018703
 ( 5   2) <--> ( 7   1)       -4.154714      1.569241      1.150777   WU   137.627678    100.926964
 ( 5   2) <--> ( 7   2)        8.094463      5.956394      4.368023   WU   522.395679    383.090164
 ( 5   2) <--> ( 7   3)        0.181738      0.003003      0.002202   WU     0.263340      0.193116
 ( 5   2) <--> ( 7   4)        0.238814      0.005185      0.003802   WU     0.454721      0.333462
 ( 5   3) <--> ( 7   1)        0.115691      0.001217      0.000892   WU     0.106715      0.078258
 ( 5   3) <--> ( 7   2)       -0.143568      0.001874      0.001374   WU     0.164339      0.120515
 ( 5   3) <--> ( 7   3)       -6.118037      3.402761      2.495358   WU   298.433510    218.851240
 ( 5   3) <--> ( 7   4)       -1.067623      0.103620      0.075988   WU     9.087811      6.664395
 ( 5   4) <--> ( 7   1)        0.292295      0.007767      0.005696   WU     0.681189      0.499539
 ( 5   4) <--> ( 7   2)       -4.464379      1.811880      1.328712   WU   158.907922    116.532476
 ( 5   4) <--> ( 7   3)       -4.731842      2.035484      1.492688   WU   178.518748    130.913749
 ( 5   4) <--> ( 7   4)       12.924123     15.184815     11.135531   WU  1331.758968    976.623243
 ( 6   1) <--> ( 6   1)       -4.059074     -2.829974   (eb)
 ( 6   2) <--> ( 6   1)        1.221063      0.114692      0.114692   WU    10.058863     10.058863
 ( 6   2) <--> ( 6   2)       -5.905585     -4.117357   (eb)
 ( 6   3) <--> ( 6   1)        1.308618      0.131729      0.131729   WU    11.553104     11.553104
 ( 6   3) <--> ( 6   2)       -0.142715      0.001567      0.001567   WU     0.137409      0.137409
 ( 6   3) <--> ( 6   3)       -3.070921     -2.141037   (eb)
 ( 6   4) <--> ( 6   1)        0.107703      0.000892      0.000892   WU     0.078258      0.078258
 ( 6   4) <--> ( 6   2)        1.461619      0.164333      0.164333   WU    14.412566     14.412566
 ( 6   4) <--> ( 6   3)       -0.940979      0.068111      0.068111   WU     5.973547      5.973547
 ( 6   4) <--> ( 6   4)      -14.625191    -10.196640   (eb)
 ( 6   1) <--> ( 7   1)       -0.434389      0.014515      0.012580   WU     1.273009      1.103274
 ( 6   1) <--> ( 7   2)       -0.296916      0.006781      0.005877   WU     0.594757      0.515456
 ( 6   1) <--> ( 7   3)        0.007797      0.000005      0.000004   WU     0.000410      0.000355
 ( 6   1) <--> ( 7   4)       -0.093513      0.000673      0.000583   WU     0.058995      0.051129
 ( 6   2) <--> ( 7   1)        1.016712      0.079516      0.068914   WU     6.973789      6.043951
 ( 6   2) <--> ( 7   2)        0.006942      0.000004      0.000003   WU     0.000325      0.000282
 ( 6   2) <--> ( 7   3)       -0.024396      0.000046      0.000040   WU     0.004015      0.003480
 ( 6   2) <--> ( 7   4)       -0.073908      0.000420      0.000364   WU     0.036851      0.031938
 ( 6   3) <--> ( 7   1)        3.348655      0.862576      0.747566   WU    75.650829     65.564052
 ( 6   3) <--> ( 7   2)        0.129019      0.001280      0.001110   WU     0.112300      0.097327
 ( 6   3) <--> ( 7   3)       -0.800695      0.049316      0.042741   WU     4.325211      3.748516
 ( 6   3) <--> ( 7   4)       -0.286418      0.006310      0.005469   WU     0.553444      0.479651
 ( 6   4) <--> ( 7   1)       -0.407364      0.012765      0.011063   WU     1.119534      0.970263
 ( 6   4) <--> ( 7   2)        0.506154      0.019707      0.017079   WU     1.728378      1.497928
 ( 6   4) <--> ( 7   3)        0.406509      0.012711      0.011017   WU     1.114841      0.966195
 ( 6   4) <--> ( 7   4)       -0.657609      0.033265      0.028830   WU     2.917479      2.528482
 ( 6   1) <--> ( 8   1)        6.261216      3.015602      2.306048   WU   264.478333    202.248137
 ( 6   1) <--> ( 8   2)        0.182407      0.002559      0.001957   WU     0.224468      0.171652
 ( 6   1) <--> ( 8   3)       -0.285367      0.006264      0.004790   WU     0.549388      0.420120
 ( 6   1) <--> ( 8   4)       -0.187620      0.002708      0.002071   WU     0.237483      0.181605
 ( 6   2) <--> ( 8   1)       -1.952719      0.293316      0.224301   WU    25.724807     19.671911
 ( 6   2) <--> ( 8   2)       -6.949343      3.714874      2.840786   WU   325.806887    249.146443
 ( 6   2) <--> ( 8   3)        5.354447      2.205392      1.686477   WU   193.420281    147.909626
 ( 6   2) <--> ( 8   4)        3.141511      0.759161      0.580535   WU    66.580934     50.914832
 ( 6   3) <--> ( 8   1)        0.527803      0.021429      0.016387   WU     1.879392      1.437182
 ( 6   3) <--> ( 8   2)        3.728783      1.069525      0.817872   WU    93.800910     71.730108
 ( 6   3) <--> ( 8   3)       -3.435095      0.907683      0.694110   WU    79.606821     60.875804
 ( 6   3) <--> ( 8   4)        6.164820      2.923462      2.235589   WU   256.397368    196.068576
 ( 6   4) <--> ( 8   1)       -0.396156      0.012072      0.009232   WU     1.058779      0.809654
 ( 6   4) <--> ( 8   2)       15.443055     18.345226     14.028702   WU  1608.937554   1230.364012
 ( 6   4) <--> ( 8   3)       11.719498     10.565125      8.079213   WU   926.596749    708.573984
 ( 6   4) <--> ( 8   4)        0.872365      0.058540      0.044766   WU     5.134158      3.926121
 ( 7   1) <--> ( 7   1)       -4.427752     -2.965096   (eb)
 ( 7   2) <--> ( 7   1)        0.959924      0.061430      0.061430   WU     5.387635      5.387635
 ( 7   2) <--> ( 7   2)       -5.323533     -3.564967   (eb)
 ( 7   3) <--> ( 7   1)        2.404438      0.385421      0.385421   WU    33.802742     33.802742
 ( 7   3) <--> ( 7   2)       -2.993119      0.597251      0.597251   WU    52.380874     52.380874
 ( 7   3) <--> ( 7   3)       -1.960962     -1.313182   (eb)
 ( 7   4) <--> ( 7   1)        0.719598      0.034521      0.034521   WU     3.027644      3.027644
 ( 7   4) <--> ( 7   2)        1.240201      0.102540      0.102540   WU     8.993099      8.993099
 ( 7   4) <--> ( 7   3)        2.671529      0.475805      0.475805   WU    41.729649     41.729649
 ( 7   4) <--> ( 7   4)      -10.198025     -6.829228   (eb)
 ( 7   1) <--> ( 8   1)        1.400091      0.130684      0.115309   WU    11.461392     10.112993
 ( 7   1) <--> ( 8   2)        1.497002      0.149401      0.131824   WU    13.102974     11.561448
 ( 7   1) <--> ( 8   3)       -2.430440      0.393803      0.347473   WU    34.537804     30.474533
 ( 7   1) <--> ( 8   4)        3.067229      0.627193      0.553406   WU    55.006924     48.535521
 ( 7   2) <--> ( 8   1)        0.722154      0.034767      0.030677   WU     3.049189      2.690461
 ( 7   2) <--> ( 8   2)       -1.852685      0.228829      0.201908   WU    20.069103     17.708032
 ( 7   2) <--> ( 8   3)        2.127179      0.301659      0.266170   WU    26.456541     23.344007
 ( 7   2) <--> ( 8   4)       -0.794630      0.042096      0.037143   WU     3.691937      3.257592
 ( 7   3) <--> ( 8   1)       -0.023219      0.000036      0.000032   WU     0.003152      0.002781
 ( 7   3) <--> ( 8   2)       -0.180685      0.002176      0.001920   WU     0.190883      0.168426
 ( 7   3) <--> ( 8   3)       -0.730436      0.035569      0.031385   WU     3.119530      2.752527
 ( 7   3) <--> ( 8   4)        1.449631      0.140095      0.123614   WU    12.286826     10.841317
 ( 7   4) <--> ( 8   1)        0.187878      0.002353      0.002076   WU     0.206385      0.182104
 ( 7   4) <--> ( 8   2)        0.561412      0.021012      0.018540   WU     1.842845      1.626040
 ( 7   4) <--> ( 8   3)        0.962126      0.061712      0.054452   WU     5.412384      4.775633
 ( 7   4) <--> ( 8   4)        0.754332      0.037934      0.033472   WU     3.326974      2.935565
 ( 7   1) <--> ( 9   1)        8.976397      5.371713      4.240826   WU   471.117174    371.934611
 ( 7   1) <--> ( 9   2)        0.801210      0.042796      0.033786   WU     3.753337      2.963161
 ( 7   1) <--> ( 9   3)       -0.507425      0.017165      0.013552   WU     1.505458      1.188519
 ( 7   1) <--> ( 9   4)        0.024473      0.000040      0.000032   WU     0.003502      0.002765
 ( 7   2) <--> ( 9   1)       -6.066382      2.453400      1.936894   WU   215.171330    169.872103
 ( 7   2) <--> ( 9   2)        8.616485      4.949587      3.907569   WU   434.095327    342.706837
 ( 7   2) <--> ( 9   3)       -3.860098      0.993357      0.784229   WU    87.120713     68.779510
 ( 7   2) <--> ( 9   4)        1.768616      0.208534      0.164632   WU    18.289092     14.438757
 ( 7   3) <--> ( 9   1)       -0.482540      0.015523      0.012255   WU     1.361416      1.074802
 ( 7   3) <--> ( 9   2)        5.629838      2.113005      1.668162   WU   185.317629    146.303392
 ( 7   3) <--> ( 9   3)        8.166603      4.446227      3.510179   WU   389.948929    307.854418
 ( 7   3) <--> ( 9   4)        3.776654      0.950874      0.750690   WU    83.394868     65.838054
 ( 7   4) <--> ( 9   1)        1.091487      0.079423      0.062702   WU     6.965649      5.499197
 ( 7   4) <--> ( 9   2)      -12.028537      9.645713      7.615037   WU   845.961248    667.864143
 ( 7   4) <--> ( 9   3)       -5.906896      2.326094      1.836390   WU   204.006237    161.057556
 ( 7   4) <--> ( 9   4)       10.811124      7.792027      6.151600   WU   683.386741    539.515849
 ( 8   1) <--> ( 8   1)       -4.833854     -3.113949   (eb)
 ( 8   2) <--> ( 8   1)       -0.375281      0.008284      0.008284   WU     0.726576      0.726576
 ( 8   2) <--> ( 8   2)      -13.668700     -8.805322   (eb)
 ( 8   3) <--> ( 8   1)        0.404490      0.009624      0.009624   WU     0.844077      0.844077
 ( 8   3) <--> ( 8   2)       -5.229511      1.608693      1.608693   WU   141.087755    141.087755
 ( 8   3) <--> ( 8   3)       -9.389862     -6.048911   (eb)
 ( 8   4) <--> ( 8   1)        1.859566      0.203411      0.203411   WU    17.839824     17.839824
 ( 8   4) <--> ( 8   2)        0.451797      0.012007      0.012007   WU     1.053061      1.053061
 ( 8   4) <--> ( 8   3)       -1.618327      0.154058      0.154058   WU    13.511389     13.511389
 ( 8   4) <--> ( 8   4)       -5.639537     -3.632967   (eb)
 ( 8   1) <--> ( 9   1)       -0.298454      0.005240      0.004688   WU     0.459540      0.411167
 ( 8   1) <--> ( 9   2)       -0.252987      0.003765      0.003369   WU     0.330190      0.295433
 ( 8   1) <--> ( 9   3)        0.231255      0.003146      0.002815   WU     0.275898      0.246856
 ( 8   1) <--> ( 9   4)       -0.157236      0.001454      0.001301   WU     0.127548      0.114122
 ( 8   2) <--> ( 9   1)       -0.028120      0.000047      0.000042   WU     0.004079      0.003650
 ( 8   2) <--> ( 9   2)        0.464339      0.012683      0.011348   WU     1.112339      0.995251
 ( 8   2) <--> ( 9   3)        0.112089      0.000739      0.000661   WU     0.064818      0.057995
 ( 8   2) <--> ( 9   4)       -0.305626      0.005495      0.004916   WU     0.481891      0.431166
 ( 8   3) <--> ( 9   1)       -0.809999      0.038594      0.034531   WU     3.384824      3.028526
 ( 8   3) <--> ( 9   2)        0.617044      0.022397      0.020039   WU     1.964263      1.757498
 ( 8   3) <--> ( 9   3)        0.373381      0.008201      0.007338   WU     0.719237      0.643528
 ( 8   3) <--> ( 9   4)       -0.010153      0.000006      0.000005   WU     0.000532      0.000476
 ( 8   4) <--> ( 9   1)        3.634138      0.776880      0.695103   WU    68.134966     60.962864
 ( 8   4) <--> ( 9   2)        0.260154      0.003981      0.003562   WU     0.349164      0.312410
 ( 8   4) <--> ( 9   3)       -0.582794      0.019979      0.017876   WU     1.752256      1.567808
 ( 8   4) <--> ( 9   4)       -0.498905      0.014642      0.013100   WU     1.284111      1.148941
 ( 8   1) <--> (10   1)        7.563056      3.364695      2.723801   WU   295.094969    238.886404
 ( 8   1) <--> (10   2)       -0.030874      0.000056      0.000045   WU     0.004918      0.003981
 ( 8   1) <--> (10   3)       -0.249802      0.003671      0.002971   WU     0.321929      0.260609
 ( 8   1) <--> (10   4)       -0.274314      0.004426      0.003583   WU     0.388208      0.314263
 ( 8   2) <--> (10   1)        1.399621      0.115232      0.093283   WU    10.106200      8.181209
 ( 8   2) <--> (10   2)      -19.250677     21.799326     17.647074   WU  1911.873715   1547.707293
 ( 8   2) <--> (10   3)       -3.761023      0.832076      0.673585   WU    72.975846     59.075684
 ( 8   2) <--> (10   4)       -0.429302      0.010841      0.008776   WU     0.950809      0.769703
 ( 8   3) <--> (10   1)       -1.891299      0.210412      0.170334   WU    18.453875     14.938852
 ( 8   3) <--> (10   2)      -10.861812      6.939939      5.618045   WU   608.655780    492.721346
 ( 8   3) <--> (10   3)       11.952263      8.403328      6.802694   WU   736.999942    596.619001
 ( 8   3) <--> (10   4)        1.356761      0.108282      0.087657   WU     9.496723      7.687823
 ( 8   4) <--> (10   1)       -0.574575      0.019420      0.015721   WU     1.703180      1.378765
 ( 8   4) <--> (10   2)       -1.265313      0.094177      0.076239   WU     8.259672      6.686401
 ( 8   4) <--> (10   3)       -1.744685      0.179054      0.144949   WU    15.703669     12.712494
 ( 8   4) <--> (10   4)        9.113785      4.885946      3.955289   WU   428.513748    346.892082
 ( 9   1) <--> ( 9   1)       -6.383304     -3.963280   (eb)
 ( 9   2) <--> ( 9   1)        2.187175      0.251775      0.251775   WU    22.081552     22.081552
 ( 9   2) <--> ( 9   2)      -11.331624     -7.035603   (eb)
 ( 9   3) <--> ( 9   1)        1.949101      0.199947      0.199947   WU    17.536021     17.536021
 ( 9   3) <--> ( 9   2)       -3.086767      0.501480      0.501480   WU    43.981514     43.981514
 ( 9   3) <--> ( 9   3)       -4.915850     -3.052163   (eb)
 ( 9   4) <--> ( 9   1)        2.357672      0.292559      0.292559   WU    25.658384     25.658384
 ( 9   4) <--> ( 9   2)        2.776853      0.405837      0.405837   WU    35.593298     35.593298
 ( 9   4) <--> ( 9   3)        3.064549      0.494287      0.494287   WU    43.350643     43.350643
 ( 9   4) <--> ( 9   4)       -8.307949     -5.158257   (eb)
 ( 9   1) <--> (10   1)        1.403875      0.103730      0.093851   WU     9.097449      8.231025
 ( 9   1) <--> (10   2)       -0.795107      0.033273      0.030105   WU     2.918188      2.640265
 ( 9   1) <--> (10   3)       -4.029826      0.854710      0.773309   WU    74.960955     67.821817
 ( 9   1) <--> (10   4)        2.633756      0.365088      0.330318   WU    32.019437     28.969967
 ( 9   2) <--> (10   1)        0.842294      0.037340      0.033784   WU     3.274840      2.962950
 ( 9   2) <--> (10   2)        1.358778      0.097172      0.087918   WU     8.522352      7.710699
 ( 9   2) <--> (10   3)        1.141951      0.068634      0.062098   WU     6.019455      5.446173
 ( 9   2) <--> (10   4)       -0.155315      0.001270      0.001149   WU     0.111350      0.100745
 ( 9   3) <--> (10   1)       -0.700107      0.025797      0.023340   WU     2.262515      2.047037
 ( 9   3) <--> (10   2)        0.305201      0.004903      0.004436   WU     0.429967      0.389018
 ( 9   3) <--> (10   3)       -2.039548      0.218935      0.198084   WU    19.201289     17.372595
 ( 9   3) <--> (10   4)        1.437024      0.108686      0.098335   WU     9.532145      8.624322
 ( 9   4) <--> (10   1)        0.442911      0.010325      0.009341   WU     0.905514      0.819275
 ( 9   4) <--> (10   2)       -0.422252      0.009384      0.008490   WU     0.823013      0.744631
 ( 9   4) <--> (10   3)        0.538077      0.015238      0.013787   WU     1.336447      1.209166
 ( 9   4) <--> (10   4)        2.262739      0.269473      0.243809   WU    23.633683     21.382856
 (10   1) <--> (10   1)       -5.611217     -3.364449   (eb)
 (10   2) <--> (10   1)        0.192992      0.001774      0.001774   WU     0.155552      0.155552
 (10   2) <--> (10   2)      -18.764834    -11.251270   (eb)
 (10   3) <--> (10   1)        0.343243      0.005610      0.005610   WU     0.492039      0.492039
 (10   3) <--> (10   2)        2.210649      0.232713      0.232713   WU    20.409681     20.409681
 (10   3) <--> (10   3)       -6.919114     -4.148655   (eb)
 (10   4) <--> (10   1)        1.921799      0.175872      0.175872   WU    15.424553     15.424553
 (10   4) <--> (10   2)        0.148763      0.001054      0.001054   WU     0.092424      0.092424
 (10   4) <--> (10   3)       -2.116007      0.213214      0.213214   WU    18.699551     18.699551
 (10   4) <--> (10   4)       -8.217386     -4.927090   (eb)
 
  quadrupole shape invariant: 01+, 02+, 03+, 04+
quadr2     4.13434022     6.52439836    16.91040191    66.45172971
quadr3     6.95667142    17.21409602    59.45266444   546.43218257
  effective deformation parameters:  01+, 02+, 03+, 04+
beteff     0.14361596     0.18041383     0.29045347     0.57577492
cos3ga     0.82754606     1.03293624     0.85494943     1.00873441
 
 ********* END Transition **************************
