 ********* BEGIN READER ****************************
 
 Nucleus            :  Pt  78 124
 Imin, Imax         :     0  10
 imu, remu          :     1 12.0000
 nlevel             :     4
 observables        :     2
 wave fun           :     1
 nbet, ngam, npar   :    10   7  10
 Finish reading parameters: V, B_k ...
 
 ********* END READER ******************************
 
 ********* BEGIN LEVELS ********************
 
 E_0 = -1592.590214
 
  I=   0   ntot= 127
   0   1    0.000000
   0   2    2.516395
   0   3    4.926590
   0   4    6.105615
 
  I=   2   ntot= 234
   2   1    1.543235
   2   2    3.564085
   2   3    4.286100
   2   4    5.886284
 
  I=   3   ntot= 108
   3   1    5.315619
   3   2    7.563318
   3   3    9.474701
   3   4   10.687859
 
  I=   4   ntot= 324
   4   1    3.136281
   4   2    5.428563
   4   3    6.012365
   4   4    7.472338
 
  I=   5   ntot= 198
   5   1    7.125134
   5   2    9.273244
   5   3    9.382823
   5   4   10.888740
 
  I=   6   ntot= 432
   6   1    4.897456
   6   2    7.378066
   6   3    7.778790
   6   4    9.450463
 
  I=   7   ntot= 306
   7   1    9.100497
   7   2   10.942414
   7   3   11.347494
   7   4   12.238723
 
  I=   8   ntot= 522
   8   1    6.876749
   8   2    9.404903
   8   3    9.733159
   8   4   11.047226
 
  I=   9   ntot= 397
   9   1   11.249257
   9   2   12.488000
   9   3   13.205569
   9   4   13.587714
 
  I=  10   ntot= 630
  10   1    9.092045
  10   2   11.321029
  10   3   12.028634
  10   4   12.476663
 
 ********* END LEVELS **********************
 
 ********* BEGIN Transition ************************
 
  Monopole moment 
 
   I   n    <In|E0|In>   ave \beta      del<b>   ave \gamma    del<g>  
     K=0       K=2       K=4   
   0   1     29.404634    0.078392    0.029215   28.058578   13.470424  100.0000    0.0000    0.0000
   0   2     29.502166    0.105089    0.036264   33.862979   14.327990  100.0000    0.0000    0.0000
   0   3     29.613396    0.128118    0.044734   37.605470   13.078337  100.0000    0.0000    0.0000
   0   4     29.592391    0.125925    0.036905   24.616319   11.567139  100.0000    0.0000    0.0000
   2   1     29.452409    0.093610    0.027543   31.522377   12.244251   45.2465   54.7536    0.0000
   2   2     29.497516    0.104374    0.031429   31.139297   13.179013   51.5552   48.4448    0.0000
   2   3     29.546302    0.115682    0.037609   31.416858   13.593617   56.9957   43.0043    0.0000
   2   4     29.614673    0.129141    0.042605   33.948486   11.865343   46.9169   53.0831    0.0000
   3   1     29.540070    0.115098    0.024817   28.351016    9.975301    0.0000  100.0000    0.0000
   3   2     29.673172    0.141304    0.041789   30.899732    9.978013    0.0000  100.0000    0.0000
   3   3     29.870558    0.176141    0.051921   31.270135    9.179456    0.0000  100.0000    0.0000
   3   4     29.815409    0.166614    0.040634   27.420027   11.339000    0.0000  100.0000    0.0000
   4   1     29.498461    0.105466    0.027533   34.071249   11.149120   26.7636   37.7900   35.4464
   4   2     29.561718    0.118464    0.035087   35.084284   11.863038   38.8088   20.9504   40.2407
   4   3     29.598466    0.126968    0.037186   30.709599   12.298939   44.1547   23.3339   32.5113
   4   4     29.631411    0.132664    0.038122   33.413701   11.163973   30.7556   30.5520   38.6923
   5   1     29.593510    0.126185    0.026404   30.303149   10.158267    0.0000   44.5387   55.4613
   5   2     29.759334    0.156621    0.043180   32.104407    9.161233    0.0000   44.1614   55.8386
   5   3     29.704287    0.147754    0.032189   25.799417    9.022799    0.0000   63.4905   36.5094
   5   4     30.003880    0.198014    0.055407   31.655968    8.347756    0.0000   45.2210   54.7790
   6   1     29.538323    0.114371    0.027410   35.663644   11.871717   19.5641   31.4297   23.8169
   6   2     29.627308    0.131339    0.038588   37.579838   11.326506   25.0894   27.0206   19.1539
   6   3     29.641806    0.135641    0.034516   29.679298   11.805394   37.8949   25.1528    6.0301
   6   4     29.817589    0.164742    0.048451   39.662115    9.042840   23.1414   26.9328   19.2327
   7   1     29.645805    0.136156    0.027924   31.312801   10.127566    0.0000   26.5944   43.5725
   7   2     29.899994    0.181001    0.045268   29.627208    8.684181    0.0000   44.1381   37.4879
   7   3     29.806725    0.164942    0.037499   29.252089    9.600891    0.0000   44.9188    9.5459
   7   4     30.143032    0.221823    0.062806   29.851719    8.298204    0.0000   43.7177   37.9465
   8   1     29.572465    0.121328    0.025859   36.705720   10.747589   16.3635   27.9067   21.1372
   8   2     29.728160    0.149995    0.040502   36.867596    9.950782   20.2575   32.5739   21.2379
   8   3     29.657621    0.138441    0.030817   29.273057   11.431295   33.2914   23.3377    2.1676
   8   4     30.032839    0.199786    0.050877   37.070032    9.635395   21.7536   33.4224   19.7953
   9   1     29.719322    0.149591    0.032250   31.258207    8.946782    0.0000   21.2016   36.2063
   9   2     30.073192    0.209304    0.050208   28.619041    8.119595    0.0000   39.6299   35.4915
   9   3     30.112864    0.213743    0.046982   30.273863    9.040097    0.0000   38.5373    8.4358
   9   4     30.323702    0.251442    0.074301   28.549283    8.084066    0.0000   40.5494   34.2021
  10   1     29.604095    0.127458    0.025215   37.036717    9.784628   14.8962   26.0879   19.8961
  10   2     29.869690    0.174933    0.042797   32.493344    9.812547   25.3622   35.6822   17.7346
  10   3     29.722638    0.149607    0.036489   33.022743   12.671600   26.4036   23.0424    7.6063
  10   4     30.186722    0.224363    0.057352   36.031092    9.788679   21.2251   32.2405   18.6444
 
  rho^2(E0) 
 
   I  n_1 n_2  <In_1|E0|In_2>  rho^2(E0) 
   0   1   1       29.404634 2140.394680
   0   2   1        0.059035    0.008627
   0   2   2       29.502166 2154.617075
   0   3   1       -0.005590    0.000077
   0   3   2        0.101211    0.025358
   0   3   3       29.613396 2170.894498
   0   4   1        0.014735    0.000538
   0   4   2        0.033757    0.002821
   0   4   3        0.059923    0.008889
   0   4   4       29.592391 2167.815978
   2   1   1       29.452409 2147.355438
   2   2   1       -0.045462    0.005116
   2   2   2       29.497516 2153.937970
   2   3   1        0.061965    0.009505
   2   3   2       -0.030137    0.002248
   2   3   3       29.546302 2161.068643
   2   4   1       -0.002076    0.000011
   2   4   2        0.096720    0.023158
   2   4   3       -0.026001    0.001674
   2   4   4       29.614673 2171.081776
   3   1   1       29.540070 2160.157013
   3   2   1        0.102833    0.026178
   3   2   2       29.673172 2179.667511
   3   3   1       -0.005493    0.000075
   3   3   2        0.171813    0.073076
   3   3   3       29.870558 2208.762185
   3   4   1        0.013272    0.000436
   3   4   2       -0.023920    0.001416
   3   4   3        0.068591    0.011647
   3   4   4       29.815409 2200.613753
   4   1   1       29.498461 2154.075876
   4   2   1       -0.066595    0.010979
   4   2   2       29.561718 2163.324251
   4   3   1        0.058568    0.008492
   4   3   2       -0.037850    0.003546
   4   3   3       29.598466 2168.706135
   4   4   1        0.005703    0.000081
   4   4   2       -0.085701    0.018181
   4   4   3        0.009283    0.000213
   4   4   4       29.631411 2173.536660
   5   1   1       29.593510 2167.979871
   5   2   1        0.114873    0.032666
   5   2   2       29.759334 2192.344110
   5   3   1        0.017484    0.000757
   5   3   2        0.027821    0.001916
   5   3   3       29.704287 2184.241013
   5   4   1       -0.014802    0.000542
   5   4   2        0.198429    0.097470
   5   4   3        0.030368    0.002283
   5   4   4       30.003880 2228.523029
   6   1   1       29.538323 2159.901572
   6   2   1       -0.084927    0.017855
   6   2   2       29.627308 2172.934767
   6   3   1        0.047554    0.005598
   6   3   2       -0.043799    0.004749
   6   3   3       29.641806 2175.061795
   6   4   1       -0.006033    0.000090
   6   4   2       -0.136671    0.046240
   6   4   3        0.046273    0.005300
   6   4   4       29.817589 2200.935619
   7   1   1       29.645805 2175.648791
   7   2   1        0.123880    0.037990
   7   2   2       29.899994 2213.117597
   7   3   1       -0.041816    0.004329
   7   3   2       -0.009284    0.000213
   7   3   3       29.806725 2199.332101
   7   4   1        0.028938    0.002073
   7   4   2       -0.243630    0.146934
   7   4   3        0.023407    0.001356
   7   4   4       30.143032 2249.241877
   8   1   1       29.572465 2164.897577
   8   2   1        0.103933    0.026741
   8   2   2       29.728160 2187.753251
   8   3   1       -0.001482    0.000005
   8   3   2        0.039066    0.003778
   8   3   3       29.657621 2177.383451
   8   4   1        0.018689    0.000865
   8   4   2       -0.174792    0.075632
   8   4   3       -0.048026    0.005710
   8   4   4       30.032839 2232.826990
   9   1   1       29.719322 2186.452677
   9   2   1        0.157489    0.061399
   9   2   2       30.073192 2238.831168
   9   3   1       -0.038836    0.003734
   9   3   2       -0.054717    0.007412
   9   3   3       30.112864 2244.741890
   9   4   1        0.040377    0.004036
   9   4   2       -0.281287    0.195867
   9   4   3        0.046622    0.005381
   9   4   4       30.323702 2276.285486
  10   1   1       29.604095 2169.530998
  10   2   1        0.099811    0.024661
  10   2   2       29.869690 2208.633873
  10   3   1       -0.041246    0.004211
  10   3   2        0.007282    0.000131
  10   3   3       29.722638 2186.940591
  10   4   1        0.032727    0.002651
  10   4   2       -0.227627    0.128265
  10   4   3        0.025554    0.001617
  10   4   4       30.186722 2255.766860
 
  E2 transition 
 
  I1  n1        I2  n2       <f||E2||i>   B(E2,I1->I2)  B(E2,I2->I1)
 ( 0   1) <--> ( 2   1)        0.636580      0.405234      0.081047   WU    57.559608     11.511922
 ( 0   1) <--> ( 2   2)        0.310359      0.096323      0.019265   WU    13.681747      2.736349
 ( 0   1) <--> ( 2   3)        0.135147      0.018265      0.003653   WU     2.594339      0.518868
 ( 0   1) <--> ( 2   4)       -0.059083      0.003491      0.000698   WU     0.495830      0.099166
 ( 0   2) <--> ( 2   1)        0.401054      0.160844      0.032169   WU    22.846375      4.569275
 ( 0   2) <--> ( 2   2)       -0.300531      0.090319      0.018064   WU    12.828946      2.565789
 ( 0   2) <--> ( 2   3)        0.705268      0.497403      0.099481   WU    70.651304     14.130261
 ( 0   2) <--> ( 2   4)        0.293313      0.086032      0.017206   WU    12.220048      2.444010
 ( 0   3) <--> ( 2   1)       -0.022096      0.000488      0.000098   WU     0.069349      0.013870
 ( 0   3) <--> ( 2   2)       -0.384095      0.147529      0.029506   WU    20.955098      4.191020
 ( 0   3) <--> ( 2   3)        0.401248      0.161000      0.032200   WU    22.868522      4.573704
 ( 0   3) <--> ( 2   4)       -0.361813      0.130908      0.026182   WU    18.594278      3.718856
 ( 0   4) <--> ( 2   1)        0.025020      0.000626      0.000125   WU     0.088916      0.017783
 ( 0   4) <--> ( 2   2)        0.291469      0.084954      0.016991   WU    12.066940      2.413388
 ( 0   4) <--> ( 2   3)        0.413098      0.170650      0.034130   WU    24.239154      4.847831
 ( 0   4) <--> ( 2   4)        0.012998      0.000169      0.000034   WU     0.023997      0.004799
 ( 2   1) <--> ( 2   1)        0.418977      0.317557   (eb)
 ( 2   2) <--> ( 2   1)       -0.824274      0.135885      0.135885   WU    19.301206     19.301206
 ( 2   2) <--> ( 2   2)        0.070810      0.053670   (eb)
 ( 2   3) <--> ( 2   1)       -0.387295      0.030000      0.030000   WU     4.261146      4.261146
 ( 2   3) <--> ( 2   2)       -0.563139      0.063425      0.063425   WU     9.008928      9.008928
 ( 2   3) <--> ( 2   3)       -0.106379     -0.080628   (eb)
 ( 2   4) <--> ( 2   1)       -0.011321      0.000026      0.000026   WU     0.003641      0.003641
 ( 2   4) <--> ( 2   2)        0.386240      0.029836      0.029836   WU     4.237956      4.237956
 ( 2   4) <--> ( 2   3)       -0.941710      0.177364      0.177364   WU    25.192798     25.192798
 ( 2   4) <--> ( 2   4)        0.172932      0.131071   (eb)
 ( 2   1) <--> ( 3   1)        0.574473      0.066004      0.047146   WU     9.375193      6.696567
 ( 2   1) <--> ( 3   2)       -0.130671      0.003415      0.002439   WU     0.485065      0.346475
 ( 2   1) <--> ( 3   3)        0.036813      0.000271      0.000194   WU     0.038497      0.027498
 ( 2   1) <--> ( 3   4)       -0.051825      0.000537      0.000384   WU     0.076300      0.054500
 ( 2   2) <--> ( 3   1)       -1.053482      0.221965      0.158546   WU    31.527960     22.519972
 ( 2   2) <--> ( 3   2)       -0.167194      0.005591      0.003993   WU     0.794113      0.567224
 ( 2   2) <--> ( 3   3)        0.087790      0.001541      0.001101   WU     0.218944      0.156388
 ( 2   2) <--> ( 3   4)        0.038028      0.000289      0.000207   WU     0.041082      0.029345
 ( 2   3) <--> ( 3   1)       -0.466148      0.043459      0.031042   WU     6.172912      4.409223
 ( 2   3) <--> ( 3   2)        0.480552      0.046186      0.032990   WU     6.560290      4.685921
 ( 2   3) <--> ( 3   3)       -0.160801      0.005171      0.003694   WU     0.734542      0.524673
 ( 2   3) <--> ( 3   4)       -0.019786      0.000078      0.000056   WU     0.011122      0.007944
 ( 2   4) <--> ( 3   1)       -0.548768      0.060229      0.043021   WU     8.554972      6.110694
 ( 2   4) <--> ( 3   2)       -1.235934      0.305506      0.218219   WU    43.394228     30.995877
 ( 2   4) <--> ( 3   3)       -0.037900      0.000287      0.000205   WU     0.040807      0.029148
 ( 2   4) <--> ( 3   4)        0.144405      0.004171      0.002979   WU     0.592391      0.423136
 ( 2   1) <--> ( 4   1)        1.191967      0.284157      0.157865   WU    40.361772     22.423207
 ( 2   1) <--> ( 4   2)        0.333194      0.022204      0.012335   WU     3.153816      1.752120
 ( 2   1) <--> ( 4   3)        0.248415      0.012342      0.006857   WU     1.753063      0.973924
 ( 2   1) <--> ( 4   4)        0.051681      0.000534      0.000297   WU     0.075875      0.042153
 ( 2   2) <--> ( 4   1)       -0.311150      0.019363      0.010757   WU     2.750303      1.527946
 ( 2   2) <--> ( 4   2)        1.038524      0.215707      0.119837   WU    30.639028     17.021682
 ( 2   2) <--> ( 4   3)       -0.022054      0.000097      0.000054   WU     0.013817      0.007676
 ( 2   2) <--> ( 4   4)        0.555556      0.061729      0.034294   WU     8.767947      4.871082
 ( 2   3) <--> ( 4   1)        0.527918      0.055739      0.030966   WU     7.917241      4.398467
 ( 2   3) <--> ( 4   2)       -0.345124      0.023822      0.013235   WU     3.383705      1.879836
 ( 2   3) <--> ( 4   3)        1.311798      0.344163      0.191202   WU    48.884980     27.158322
 ( 2   3) <--> ( 4   4)        0.153208      0.004695      0.002608   WU     0.666812      0.370451
 ( 2   4) <--> ( 4   1)        0.040670      0.000331      0.000184   WU     0.046989      0.026105
 ( 2   4) <--> ( 4   2)        0.592340      0.070173      0.038985   WU     9.967430      5.537461
 ( 2   4) <--> ( 4   3)       -0.041103      0.000338      0.000188   WU     0.047994      0.026663
 ( 2   4) <--> ( 4   4)       -0.603553      0.072855      0.040475   WU    10.348394      5.749108
 ( 3   1) <--> ( 3   1)        0.000000      0.000000   (eb)
 ( 3   2) <--> ( 3   1)        0.000000      0.000000      0.000000   WU     0.000000      0.000000
 ( 3   2) <--> ( 3   2)        0.000000      0.000000   (eb)
 ( 3   3) <--> ( 3   1)        0.000000      0.000000      0.000000   WU     0.000000      0.000000
 ( 3   3) <--> ( 3   2)        0.000000      0.000000      0.000000   WU     0.000000      0.000000
 ( 3   3) <--> ( 3   3)        0.000000      0.000000   (eb)
 ( 3   4) <--> ( 3   1)        0.000000      0.000000      0.000000   WU     0.000000      0.000000
 ( 3   4) <--> ( 3   2)        0.000000      0.000000      0.000000   WU     0.000000      0.000000
 ( 3   4) <--> ( 3   3)        0.000000      0.000000      0.000000   WU     0.000000      0.000000
 ( 3   4) <--> ( 3   4)        0.000000      0.000000   (eb)
 ( 3   1) <--> ( 4   1)        0.715057      0.073044      0.056812   WU    10.375172      8.069578
 ( 3   1) <--> ( 4   2)        0.267687      0.010237      0.007962   WU     1.454011      1.130898
 ( 3   1) <--> ( 4   3)        0.763403      0.083255      0.064754   WU    11.825541      9.197643
 ( 3   1) <--> ( 4   4)       -0.895065      0.114449      0.089016   WU    16.256348     12.643826
 ( 3   2) <--> ( 4   1)       -0.042262      0.000255      0.000198   WU     0.036242      0.028189
 ( 3   2) <--> ( 4   2)       -0.467675      0.031246      0.024302   WU     4.438155      3.451898
 ( 3   2) <--> ( 4   3)        0.759701      0.082449      0.064127   WU    11.711138      9.108663
 ( 3   2) <--> ( 4   4)       -0.528620      0.039920      0.031049   WU     5.670240      4.410187
 ( 3   3) <--> ( 4   1)       -0.004536      0.000003      0.000002   WU     0.000418      0.000325
 ( 3   3) <--> ( 4   2)        0.090911      0.001181      0.000918   WU     0.167704      0.130436
 ( 3   3) <--> ( 4   3)       -0.045587      0.000297      0.000231   WU     0.042168      0.032798
 ( 3   3) <--> ( 4   4)        0.239657      0.008205      0.006382   WU     1.165449      0.906461
 ( 3   4) <--> ( 4   1)       -0.040048      0.000229      0.000178   WU     0.032544      0.025312
 ( 3   4) <--> ( 4   2)        0.050594      0.000366      0.000284   WU     0.051942      0.040399
 ( 3   4) <--> ( 4   3)       -0.037088      0.000197      0.000153   WU     0.027911      0.021709
 ( 3   4) <--> ( 4   4)       -0.156393      0.003494      0.002718   WU     0.496302      0.386013
 ( 3   1) <--> ( 5   1)        1.332609      0.253692      0.161441   WU    36.034563     22.931086
 ( 3   1) <--> ( 5   2)       -0.171463      0.004200      0.002673   WU     0.596560      0.379629
 ( 3   1) <--> ( 5   3)        0.618200      0.054596      0.034743   WU     7.754821      4.934886
 ( 3   1) <--> ( 5   4)        0.009157      0.000012      0.000008   WU     0.001702      0.001083
 ( 3   2) <--> ( 5   1)        0.600112      0.051448      0.032739   WU     7.307660      4.650329
 ( 3   2) <--> ( 5   2)        1.446712      0.298997      0.190271   WU    42.469582     27.026097
 ( 3   2) <--> ( 5   3)        0.635764      0.057742      0.036745   WU     8.201732      5.219284
 ( 3   2) <--> ( 5   4)       -0.250946      0.008996      0.005725   WU     1.277831      0.813165
 ( 3   3) <--> ( 5   1)       -0.030294      0.000131      0.000083   WU     0.018622      0.011850
 ( 3   3) <--> ( 5   2)        0.977283      0.136440      0.086826   WU    19.380010     12.332734
 ( 3   3) <--> ( 5   3)        0.483524      0.033399      0.021254   WU     4.744063      3.018949
 ( 3   3) <--> ( 5   4)        1.661431      0.394336      0.250941   WU    56.011644     35.643774
 ( 3   4) <--> ( 5   1)        0.015348      0.000034      0.000021   WU     0.004780      0.003042
 ( 3   4) <--> ( 5   2)       -0.154892      0.003427      0.002181   WU     0.486824      0.309797
 ( 3   4) <--> ( 5   3)        0.777872      0.086441      0.055008   WU    12.278076      7.813321
 ( 3   4) <--> ( 5   4)        0.432441      0.026715      0.017001   WU     3.794620      2.414758
 ( 4   1) <--> ( 4   1)        0.660151      0.497817   (eb)
 ( 4   2) <--> ( 4   1)       -0.851638      0.080587      0.080587   WU    11.446671     11.446671
 ( 4   2) <--> ( 4   2)        0.649615      0.489872   (eb)
 ( 4   3) <--> ( 4   1)       -0.671013      0.050029      0.050029   WU     7.106087      7.106087
 ( 4   3) <--> ( 4   2)       -0.252061      0.007059      0.007059   WU     1.002724      1.002724
 ( 4   3) <--> ( 4   3)        0.110116      0.083038   (eb)
 ( 4   4) <--> ( 4   1)        0.122857      0.001677      0.001677   WU     0.238214      0.238214
 ( 4   4) <--> ( 4   2)       -1.163411      0.150392      0.150392   WU    21.361675     21.361675
 ( 4   4) <--> ( 4   3)        0.014607      0.000024      0.000024   WU     0.003368      0.003368
 ( 4   4) <--> ( 4   4)        0.422417      0.318543   (eb)
 ( 4   1) <--> ( 5   1)        0.725684      0.058513      0.047874   WU     8.311218      6.800087
 ( 4   1) <--> ( 5   2)       -0.185581      0.003827      0.003131   WU     0.543548      0.444721
 ( 4   1) <--> ( 5   3)       -0.053824      0.000322      0.000263   WU     0.045721      0.037408
 ( 4   1) <--> ( 5   4)        0.063884      0.000453      0.000371   WU     0.064410      0.052699
 ( 4   2) <--> ( 5   1)       -0.893519      0.088709      0.072580   WU    12.600192     10.309248
 ( 4   2) <--> ( 5   2)       -0.416004      0.019229      0.015733   WU     2.731265      2.234671
 ( 4   2) <--> ( 5   3)        0.343033      0.013075      0.010697   WU     1.857119      1.519461
 ( 4   2) <--> ( 5   4)        0.188084      0.003931      0.003216   WU     0.558307      0.456797
 ( 4   3) <--> ( 5   1)       -0.557670      0.034555      0.028272   WU     4.908217      4.015814
 ( 4   3) <--> ( 5   2)        0.379449      0.015998      0.013089   WU     2.272349      1.859195
 ( 4   3) <--> ( 5   3)        0.586974      0.038282      0.031322   WU     5.437594      4.448941
 ( 4   3) <--> ( 5   4)       -0.197234      0.004322      0.003536   WU     0.613948      0.502321
 ( 4   4) <--> ( 5   1)        0.379678      0.016017      0.013105   WU     2.275102      1.861447
 ( 4   4) <--> ( 5   2)        1.031596      0.118243      0.096745   WU    16.795335     13.741637
 ( 4   4) <--> ( 5   3)       -1.254294      0.174806      0.143023   WU    24.829486     20.315034
 ( 4   4) <--> ( 5   4)        0.075554      0.000634      0.000519   WU     0.090091      0.073711
 ( 4   1) <--> ( 6   1)        1.721837      0.329414      0.228056   WU    46.790004     32.393080
 ( 4   1) <--> ( 6   2)        0.255653      0.007262      0.005028   WU     1.031507      0.714120
 ( 4   1) <--> ( 6   3)        0.348754      0.013514      0.009356   WU     1.919589      1.328946
 ( 4   1) <--> ( 6   4)        0.034135      0.000129      0.000090   WU     0.018390      0.012731
 ( 4   2) <--> ( 6   1)       -0.392479      0.017116      0.011849   WU     2.431097      1.683067
 ( 4   2) <--> ( 6   2)        1.702735      0.322145      0.223024   WU    45.757609     31.678345
 ( 4   2) <--> ( 6   3)        0.107824      0.001292      0.000894   WU     0.183484      0.127028
 ( 4   2) <--> ( 6   4)        0.323924      0.011659      0.008071   WU     1.655979      1.146447
 ( 4   3) <--> ( 6   1)        0.645163      0.046248      0.032018   WU     6.569125      4.547856
 ( 4   3) <--> ( 6   2)       -0.551434      0.033787      0.023391   WU     4.799064      3.322429
 ( 4   3) <--> ( 6   3)        1.929757      0.413773      0.286459   WU    58.772513     40.688663
 ( 4   3) <--> ( 6   4)       -0.000020      0.000000      0.000000   WU     0.000000      0.000000
 ( 4   4) <--> ( 6   1)       -0.132581      0.001953      0.001352   WU     0.277416      0.192057
 ( 4   4) <--> ( 6   2)       -0.474700      0.025038      0.017334   WU     3.556378      2.462108
 ( 4   4) <--> ( 6   3)       -0.110395      0.001354      0.000937   WU     0.192340      0.133158
 ( 4   4) <--> ( 6   4)        1.397431      0.216979      0.150216   WU    30.819797     21.336783
 ( 5   1) <--> ( 5   1)        0.483738      0.351255   (eb)
 ( 5   2) <--> ( 5   1)        0.235656      0.005049      0.005049   WU     0.717096      0.717096
 ( 5   2) <--> ( 5   2)        0.646406      0.469373   (eb)
 ( 5   3) <--> ( 5   1)       -0.972243      0.085932      0.085932   WU    12.205858     12.205858
 ( 5   3) <--> ( 5   2)       -0.377269      0.012939      0.012939   WU     1.837896      1.837896
 ( 5   3) <--> ( 5   3)       -0.763302     -0.554254   (eb)
 ( 5   4) <--> ( 5   1)        0.022452      0.000046      0.000046   WU     0.006509      0.006509
 ( 5   4) <--> ( 5   2)        0.222345      0.004494      0.004494   WU     0.638372      0.638372
 ( 5   4) <--> ( 5   3)        0.009138      0.000008      0.000008   WU     0.001078      0.001078
 ( 5   4) <--> ( 5   4)        0.770501      0.559481   (eb)
 ( 5   1) <--> ( 6   1)        0.965159      0.084685      0.071656   WU    12.028643     10.178082
 ( 5   1) <--> ( 6   2)        0.000476      0.000000      0.000000   WU     0.000003      0.000002
 ( 5   1) <--> ( 6   3)        0.837396      0.063748      0.053941   WU     9.054841      7.661788
 ( 5   1) <--> ( 6   4)       -0.313071      0.008910      0.007539   WU     1.265621      1.070910
 ( 5   2) <--> ( 6   1)       -0.088454      0.000711      0.000602   WU     0.101032      0.085488
 ( 5   2) <--> ( 6   2)       -0.884214      0.071076      0.060141   WU    10.095633      8.542459
 ( 5   2) <--> ( 6   3)        0.678329      0.041830      0.035395   WU     5.941548      5.027464
 ( 5   2) <--> ( 6   4)        0.235423      0.005039      0.004263   WU     0.715677      0.605573
 ( 5   3) <--> ( 6   1)       -0.072884      0.000483      0.000409   WU     0.068593      0.058040
 ( 5   3) <--> ( 6   2)        0.213614      0.004148      0.003510   WU     0.589222      0.498573
 ( 5   3) <--> ( 6   3)        0.598457      0.032559      0.027550   WU     4.624712      3.913218
 ( 5   3) <--> ( 6   4)        0.023639      0.000051      0.000043   WU     0.007216      0.006106
 ( 5   4) <--> ( 6   1)        0.009311      0.000008      0.000007   WU     0.001119      0.000947
 ( 5   4) <--> ( 6   2)        0.196647      0.003515      0.002975   WU     0.499336      0.422515
 ( 5   4) <--> ( 6   3)       -0.082195      0.000614      0.000520   WU     0.087238      0.073817
 ( 5   4) <--> ( 6   4)        0.953477      0.082647      0.069932   WU    11.739217      9.933184
 ( 5   1) <--> ( 7   1)        2.018539      0.370409      0.271633   WU    52.613038     38.582895
 ( 5   1) <--> ( 7   2)        0.101414      0.000935      0.000686   WU     0.132804      0.097390
 ( 5   1) <--> ( 7   3)        0.496808      0.022438      0.016455   WU     3.187106      2.337211
 ( 5   1) <--> ( 7   4)        0.102570      0.000956      0.000701   WU     0.135851      0.099624
 ( 5   2) <--> ( 7   1)        0.801472      0.058396      0.042824   WU     8.294606      6.082711
 ( 5   2) <--> ( 7   2)        2.232422      0.453064      0.332247   WU    64.353378     47.192478
 ( 5   2) <--> ( 7   3)       -0.680041      0.042041      0.030830   WU     5.971577      4.379156
 ( 5   2) <--> ( 7   4)        0.288837      0.007584      0.005562   WU     1.077273      0.790000
 ( 5   3) <--> ( 7   1)        0.253894      0.005860      0.004297   WU     0.832382      0.610413
 ( 5   3) <--> ( 7   2)        1.108679      0.111743      0.081945   WU    15.871962     11.639439
 ( 5   3) <--> ( 7   3)        1.642991      0.245402      0.179961   WU    34.856954     25.561766
 ( 5   3) <--> ( 7   4)        0.074749      0.000508      0.000372   WU     0.072148      0.052908
 ( 5   4) <--> ( 7   1)       -0.060648      0.000334      0.000245   WU     0.047495      0.034830
 ( 5   4) <--> ( 7   2)        1.616065      0.237424      0.174111   WU    33.723798     24.730785
 ( 5   4) <--> ( 7   3)       -0.305028      0.008458      0.006203   WU     1.201434      0.881051
 ( 5   4) <--> ( 7   4)       -2.639041      0.633140      0.464303   WU    89.931381     65.949679
 ( 6   1) <--> ( 6   1)        0.816269      0.569100   (eb)
 ( 6   2) <--> ( 6   1)       -0.772827      0.045943      0.045943   WU     6.525788      6.525788
 ( 6   2) <--> ( 6   2)        0.980754      0.683779   (eb)
 ( 6   3) <--> ( 6   1)       -0.974636      0.073070      0.073070   WU    10.378953     10.378953
 ( 6   3) <--> ( 6   2)        0.029286      0.000066      0.000066   WU     0.009371      0.009371
 ( 6   3) <--> ( 6   3)        0.203121      0.141615   (eb)
 ( 6   4) <--> ( 6   1)        0.077162      0.000458      0.000458   WU     0.065055      0.065055
 ( 6   4) <--> ( 6   2)       -0.895897      0.061741      0.061741   WU     8.769697      8.769697
 ( 6   4) <--> ( 6   3)        0.067276      0.000348      0.000348   WU     0.049453      0.049453
 ( 6   4) <--> ( 6   4)        1.418634      0.989067   (eb)
 ( 6   1) <--> ( 7   1)        0.814714      0.051058      0.044251   WU     7.252346      6.285367
 ( 6   1) <--> ( 7   2)       -0.247178      0.004700      0.004073   WU     0.667556      0.578549
 ( 6   1) <--> ( 7   3)        0.040340      0.000125      0.000108   WU     0.017781      0.015410
 ( 6   1) <--> ( 7   4)       -0.118518      0.001081      0.000936   WU     0.153475      0.133012
 ( 6   2) <--> ( 7   1)       -0.775533      0.046265      0.040097   WU     6.571560      5.695352
 ( 6   2) <--> ( 7   2)       -0.301278      0.006982      0.006051   WU     0.991749      0.859516
 ( 6   2) <--> ( 7   3)        0.517366      0.020590      0.017845   WU     2.924583      2.534639
 ( 6   2) <--> ( 7   4)       -0.233334      0.004188      0.003630   WU     0.594872      0.515556
 ( 6   3) <--> ( 7   1)       -0.608153      0.028450      0.024657   WU     4.041044      3.502239
 ( 6   3) <--> ( 7   2)        0.584350      0.026267      0.022764   WU     3.730907      3.233453
 ( 6   3) <--> ( 7   3)        0.484661      0.018069      0.015660   WU     2.566515      2.224313
 ( 6   3) <--> ( 7   4)        0.300522      0.006947      0.006021   WU     0.986784      0.855213
 ( 6   4) <--> ( 7   1)        0.339042      0.008842      0.007663   WU     1.255962      1.088500
 ( 6   4) <--> ( 7   2)        0.715159      0.039343      0.034097   WU     5.588226      4.843129
 ( 6   4) <--> ( 7   3)       -0.911001      0.063840      0.055328   WU     9.067884      7.858833
 ( 6   4) <--> ( 7   4)       -0.237356      0.004334      0.003756   WU     0.615559      0.533484
 ( 6   1) <--> ( 8   1)        2.227835      0.381788      0.291956   WU    54.229353     41.469505
 ( 6   1) <--> ( 8   2)        0.005855      0.000003      0.000002   WU     0.000375      0.000286
 ( 6   1) <--> ( 8   3)        0.421153      0.013644      0.010434   WU     1.937976      1.481982
 ( 6   1) <--> ( 8   4)        0.076026      0.000445      0.000340   WU     0.063153      0.048293
 ( 6   2) <--> ( 8   1)       -0.515920      0.020475      0.015657   WU     2.908256      2.223961
 ( 6   2) <--> ( 8   2)       -2.176657      0.364449      0.278696   WU    51.766459     39.586116
 ( 6   2) <--> ( 8   3)        0.960931      0.071030      0.054317   WU    10.089103      7.715196
 ( 6   2) <--> ( 8   4)       -0.104588      0.000841      0.000643   WU     0.119517      0.091395
 ( 6   3) <--> ( 8   1)        0.697161      0.037387      0.028590   WU     5.310486      4.060960
 ( 6   3) <--> ( 8   2)        1.542578      0.183042      0.139973   WU    25.999349     19.881855
 ( 6   3) <--> ( 8   3)        2.116910      0.344716      0.263606   WU    48.963559     37.442722
 ( 6   3) <--> ( 8   4)        0.053867      0.000223      0.000171   WU     0.031704      0.024245
 ( 6   4) <--> ( 8   1)       -0.187851      0.002714      0.002076   WU     0.385563      0.294842
 ( 6   4) <--> ( 8   2)        0.975014      0.073127      0.055921   WU    10.386992      7.942994
 ( 6   4) <--> ( 8   3)       -0.134153      0.001384      0.001059   WU     0.196637      0.150370
 ( 6   4) <--> ( 8   4)       -2.486519      0.475598      0.363693   WU    67.554142     51.659049
 ( 7   1) <--> ( 7   1)        0.675453      0.452325   (eb)
 ( 7   2) <--> ( 7   1)       -0.358095      0.008549      0.008549   WU     1.214277      1.214277
 ( 7   2) <--> ( 7   2)        0.016272      0.010897   (eb)
 ( 7   3) <--> ( 7   1)       -1.183611      0.093396      0.093396   WU    13.265958     13.265958
 ( 7   3) <--> ( 7   2)       -1.019546      0.069298      0.069298   WU     9.843153      9.843153
 ( 7   3) <--> ( 7   3)        0.297300      0.199090   (eb)
 ( 7   4) <--> ( 7   1)       -0.151708      0.001534      0.001534   WU     0.217940      0.217940
 ( 7   4) <--> ( 7   2)        0.261229      0.004549      0.004549   WU     0.646193      0.646193
 ( 7   4) <--> ( 7   3)        0.137848      0.001267      0.001267   WU     0.179937      0.179937
 ( 7   4) <--> ( 7   4)        0.074693      0.050019   (eb)
 ( 7   1) <--> ( 8   1)        1.152025      0.088477      0.078068   WU    12.567372     11.088857
 ( 7   1) <--> ( 8   2)        0.563805      0.021192      0.018699   WU     3.010079      2.655952
 ( 7   1) <--> ( 8   3)        0.642082      0.027485      0.024251   WU     3.903921      3.444636
 ( 7   1) <--> ( 8   4)        0.053868      0.000193      0.000171   WU     0.027477      0.024245
 ( 7   2) <--> ( 8   1)       -0.191802      0.002453      0.002164   WU     0.348357      0.307374
 ( 7   2) <--> ( 8   2)        1.181575      0.093075      0.082125   WU    13.220361     11.665024
 ( 7   2) <--> ( 8   3)        0.529421      0.018686      0.016487   WU     2.654132      2.341881
 ( 7   2) <--> ( 8   4)       -1.075212      0.077072      0.068005   WU    10.947331      9.659410
 ( 7   3) <--> ( 8   1)       -0.025129      0.000042      0.000037   WU     0.005979      0.005276
 ( 7   3) <--> ( 8   2)       -0.523225      0.018251      0.016104   WU     2.592375      2.287390
 ( 7   3) <--> ( 8   3)        0.752181      0.037718      0.033281   WU     5.357542      4.727243
 ( 7   3) <--> ( 8   4)        0.317265      0.006710      0.005921   WU     0.953158      0.841022
 ( 7   4) <--> ( 8   1)       -0.064550      0.000278      0.000245   WU     0.039456      0.034814
 ( 7   4) <--> ( 8   2)        0.362631      0.008767      0.007735   WU     1.245233      1.098735
 ( 7   4) <--> ( 8   3)        0.039312      0.000103      0.000091   WU     0.014634      0.012913
 ( 7   4) <--> ( 8   4)        1.392806      0.129327      0.114112   WU    18.369692     16.208552
 ( 7   1) <--> ( 9   1)        2.663383      0.472907      0.373348   WU    67.171916     53.030460
 ( 7   1) <--> ( 9   2)       -0.083649      0.000466      0.000368   WU     0.066259      0.052310
 ( 7   1) <--> ( 9   3)        0.287567      0.005513      0.004352   WU     0.783064      0.618209
 ( 7   1) <--> ( 9   4)        0.089480      0.000534      0.000421   WU     0.075818      0.059856
 ( 7   2) <--> ( 9   1)        1.307898      0.114040      0.090031   WU    16.198261     12.788101
 ( 7   2) <--> ( 9   2)        3.400061      0.770694      0.608443   WU   109.469643     86.423402
 ( 7   2) <--> ( 9   3)        0.159475      0.001695      0.001339   WU     0.240826      0.190126
 ( 7   2) <--> ( 9   4)        0.587103      0.022979      0.018142   WU     3.263995      2.576838
 ( 7   3) <--> ( 9   1)       -0.062436      0.000260      0.000205   WU     0.036913      0.029142
 ( 7   3) <--> ( 9   2)        0.204464      0.002787      0.002200   WU     0.395872      0.312531
 ( 7   3) <--> ( 9   3)        2.598498      0.450146      0.355379   WU    63.938900     50.478079
 ( 7   3) <--> ( 9   4)       -0.280708      0.005253      0.004147   WU     0.746154      0.589069
 ( 7   4) <--> ( 9   1)       -0.011458      0.000009      0.000007   WU     0.001243      0.000981
 ( 7   4) <--> ( 9   2)       -2.586976      0.446163      0.352234   WU    63.373130     50.031419
 ( 7   4) <--> ( 9   3)        0.609146      0.024737      0.019529   WU     3.513685      2.773962
 ( 7   4) <--> ( 9   4)        3.538144      0.834564      0.658866   WU   118.541769     93.585607
 ( 8   1) <--> ( 8   1)        0.890625      0.573737   (eb)
 ( 8   2) <--> ( 8   1)        0.145602      0.001247      0.001247   WU     0.177132      0.177132
 ( 8   2) <--> ( 8   2)        0.753976      0.485708   (eb)
 ( 8   3) <--> ( 8   1)       -1.339970      0.105619      0.105619   WU    15.002121     15.002121
 ( 8   3) <--> ( 8   2)       -0.507484      0.015149      0.015149   WU     2.151828      2.151828
 ( 8   3) <--> ( 8   3)        0.476526      0.306976   (eb)
 ( 8   4) <--> ( 8   1)       -0.169816      0.001696      0.001696   WU     0.240945      0.240945
 ( 8   4) <--> ( 8   2)       -0.083727      0.000412      0.000412   WU     0.058572      0.058572
 ( 8   4) <--> ( 8   3)        0.175492      0.001812      0.001812   WU     0.257322      0.257322
 ( 8   4) <--> ( 8   4)        0.942147      0.606927   (eb)
 ( 8   1) <--> ( 9   1)        0.839161      0.041423      0.037063   WU     5.883742      5.264400
 ( 8   1) <--> ( 9   2)       -0.331200      0.006453      0.005773   WU     0.916522      0.820046
 ( 8   1) <--> ( 9   3)        0.022621      0.000030      0.000027   WU     0.004275      0.003825
 ( 8   1) <--> ( 9   4)       -0.197298      0.002290      0.002049   WU     0.325242      0.291006
 ( 8   2) <--> ( 9   1)        0.478754      0.013483      0.012063   WU     1.915083      1.713496
 ( 8   2) <--> ( 9   2)        0.437944      0.011282      0.010094   WU     1.602508      1.433823
 ( 8   2) <--> ( 9   3)       -0.157478      0.001459      0.001305   WU     0.207207      0.185396
 ( 8   2) <--> ( 9   4)        0.386693      0.008796      0.007870   WU     1.249383      1.117869
 ( 8   3) <--> ( 9   1)       -0.795424      0.037218      0.033300   WU     5.286394      4.729932
 ( 8   3) <--> ( 9   2)        0.424235      0.010587      0.009472   WU     1.503749      1.345459
 ( 8   3) <--> ( 9   3)        0.524145      0.016160      0.014459   WU     2.295439      2.053814
 ( 8   3) <--> ( 9   4)        0.180766      0.001922      0.001720   WU     0.273020      0.244281
 ( 8   4) <--> ( 9   1)       -0.306619      0.005530      0.004948   WU     0.785525      0.702838
 ( 8   4) <--> ( 9   2)       -0.699035      0.028744      0.025718   WU     4.082821      3.653050
 ( 8   4) <--> ( 9   3)        0.414296      0.010097      0.009034   WU     1.434113      1.283153
 ( 8   4) <--> ( 9   4)        0.326605      0.006275      0.005614   WU     0.891267      0.797450
 ( 8   1) <--> (10   1)        2.717519      0.434407      0.351662   WU    61.703247     49.950247
 ( 8   1) <--> (10   2)        0.169435      0.001689      0.001367   WU     0.239867      0.194178
 ( 8   1) <--> (10   3)        0.322044      0.006101      0.004939   WU     0.866551      0.701494
 ( 8   1) <--> (10   4)        0.134976      0.001072      0.000868   WU     0.152221      0.123226
 ( 8   2) <--> (10   1)        0.889883      0.046582      0.037709   WU     6.616505      5.356219
 ( 8   2) <--> (10   2)        3.152126      0.584465      0.473138   WU    83.017562     67.204693
 ( 8   2) <--> (10   3)       -1.033872      0.062876      0.050900   WU     8.930925      7.229797
 ( 8   2) <--> (10   4)        0.431417      0.010948      0.008863   WU     1.555094      1.258885
 ( 8   3) <--> (10   1)        0.450096      0.011917      0.009647   WU     1.692669      1.370256
 ( 8   3) <--> (10   2)        1.508324      0.133826      0.108335   WU    19.008687     15.387985
 ( 8   3) <--> (10   3)        2.590711      0.394811      0.319609   WU    56.079033     45.397313
 ( 8   3) <--> (10   4)        0.091833      0.000496      0.000402   WU     0.070462      0.057041
 ( 8   4) <--> (10   1)        0.204676      0.002464      0.001995   WU     0.350024      0.283353
 ( 8   4) <--> (10   2)       -2.109041      0.261650      0.211812   WU    37.164897     30.085869
 ( 8   4) <--> (10   3)        0.262622      0.004057      0.003284   WU     0.576267      0.466501
 ( 8   4) <--> (10   4)        3.941806      0.913990      0.739897   WU   129.823468    105.095188
 ( 9   1) <--> ( 9   1)        0.596083      0.370097   (eb)
 ( 9   2) <--> ( 9   1)       -0.579565      0.017679      0.017679   WU     2.511092      2.511092
 ( 9   2) <--> ( 9   2)       -0.365794     -0.227115   (eb)
 ( 9   3) <--> ( 9   1)       -1.159859      0.070804      0.070804   WU    10.056992     10.056992
 ( 9   3) <--> ( 9   2)       -1.503234      0.118932      0.118932   WU    16.893166     16.893166
 ( 9   3) <--> ( 9   3)        0.386070      0.239704   (eb)
 ( 9   4) <--> ( 9   1)       -0.162191      0.001385      0.001385   WU     0.196658      0.196658
 ( 9   4) <--> ( 9   2)        0.676988      0.024122      0.024122   WU     3.426259      3.426259
 ( 9   4) <--> ( 9   3)        0.498856      0.013098      0.013098   WU     1.860407      1.860407
 ( 9   4) <--> ( 9   4)       -0.538068     -0.334077   (eb)
 ( 9   1) <--> (10   1)        1.283370      0.086686      0.078430   WU    12.312948     11.140286
 ( 9   1) <--> (10   2)        0.976842      0.050222      0.045439   WU     7.133571      6.454184
 ( 9   1) <--> (10   3)        0.222107      0.002596      0.002349   WU     0.368792      0.333669
 ( 9   1) <--> (10   4)        0.035335      0.000066      0.000059   WU     0.009334      0.008445
 ( 9   2) <--> (10   1)       -0.332891      0.005832      0.005277   WU     0.828444      0.749545
 ( 9   2) <--> (10   2)        1.470932      0.113876      0.103031   WU    16.174960     14.634488
 ( 9   2) <--> (10   3)        0.162809      0.001395      0.001262   WU     0.198160      0.179288
 ( 9   2) <--> (10   4)       -1.394609      0.102365      0.092616   WU    14.539962     13.155203
 ( 9   3) <--> (10   1)       -0.022000      0.000025      0.000023   WU     0.003618      0.003274
 ( 9   3) <--> (10   2)       -0.239016      0.003007      0.002720   WU     0.427082      0.386408
 ( 9   3) <--> (10   3)        1.067056      0.059927      0.054219   WU     8.512022      7.701353
 ( 9   3) <--> (10   4)        0.734678      0.028408      0.025702   WU     4.035075      3.650782
 ( 9   4) <--> (10   1)       -0.152522      0.001224      0.001108   WU     0.173909      0.157346
 ( 9   4) <--> (10   2)        0.470064      0.011629      0.010522   WU     1.651852      1.494533
 ( 9   4) <--> (10   3)       -0.164269      0.001420      0.001285   WU     0.201729      0.182516
 ( 9   4) <--> (10   4)        1.424383      0.106783      0.096613   WU    15.167424     13.722908
 (10   1) <--> (10   1)        0.891199      0.534357   (eb)
 (10   2) <--> (10   1)       -0.434462      0.008988      0.008988   WU     1.276723      1.276723
 (10   2) <--> (10   2)        0.042728      0.025619   (eb)
 (10   3) <--> (10   1)       -1.295353      0.079902      0.079902   WU    11.349291     11.349291
 (10   3) <--> (10   2)       -0.735636      0.025770      0.025770   WU     3.660315      3.660315
 (10   3) <--> (10   3)        0.756619      0.453664   (eb)
 (10   4) <--> (10   1)       -0.243147      0.002815      0.002815   WU     0.399880      0.399880
 (10   4) <--> (10   2)        0.134871      0.000866      0.000866   WU     0.123035      0.123035
 (10   4) <--> (10   3)        0.247679      0.002921      0.002921   WU     0.414926      0.414926
 (10   4) <--> (10   4)        0.787763      0.472337   (eb)
 
  quadrupole shape invariant: 01+, 02+, 03+, 04+
quadr2     0.52795482     0.85466175     1.18541205     1.31683439
quadr3     0.22670522     0.25598785     0.13490574     1.03484283
  effective deformation parameters:  01+, 02+, 03+, 04+
beteff     0.07870983     0.10014465     0.11794113     0.12430717
cos3ga     0.59097127     0.32398728     0.10452651     0.68482192
 
 ********* END Transition **************************
