 ********* BEGIN READER ****************************
 
 Nucleus            :  Cf  98 180
 Imin, Imax         :     0  10
 imu, remu          :     1 12.0000
 nlevel             :     4
 observables        :     2
 wave fun           :     1
 nbet, ngam, npar   :    10   7  10
 Finish reading parameters: V, B_k ...
 
 ********* END READER ******************************
 
 ********* BEGIN LEVELS ********************
 
 E_0 = -2002.138648
 
  I=   0   ntot= 127
   0   1    0.000000
   0   2    1.603299
   0   3    3.130179
   0   4    3.871745
 
  I=   2   ntot= 234
   2   1    1.124921
   2   2    2.570457
   2   3    3.071410
   2   4    4.061442
 
  I=   3   ntot= 108
   3   1    4.181285
   3   2    5.492642
   3   3    5.565966
   3   4    6.182771
 
  I=   4   ntot= 324
   4   1    2.333920
   4   2    3.775932
   4   3    4.434924
   4   4    5.013664
 
  I=   5   ntot= 198
   5   1    5.469825
   5   2    5.612374
   5   3    6.242473
   5   4    6.380182
 
  I=   6   ntot= 432
   6   1    3.593585
   6   2    4.968791
   6   3    5.151962
   6   4    5.684929
 
  I=   7   ntot= 306
   7   1    5.783609
   7   2    6.424872
   7   3    6.624087
   7   4    6.668128
 
  I=   8   ntot= 522
   8   1    4.864309
   8   2    5.339330
   8   3    5.887546
   8   4    6.058173
 
  I=   9   ntot= 397
   9   1    6.005289
   9   2    6.657478
   9   3    6.913147
   9   4    7.243678
 
  I=  10   ntot= 630
  10   1    5.574828
  10   2    6.114592
  10   3    6.133924
  10   4    6.546447
 
 ********* END LEVELS **********************
 
 ********* BEGIN Transition ************************
 
  Monopole moment 
 
   I   n    <In|E0|In>   ave \beta      del<b>   ave \gamma    del<g>  
     K=0       K=2       K=4   
   0   1     36.827724    0.076749    0.025248   31.923766   11.518569  100.0000    0.0000    0.0000
   0   2     36.936912    0.105081    0.037441   37.163879   10.113965  100.0000    0.0000    0.0000
   0   3     37.067717    0.131339    0.047852   39.910471    9.348978  100.0000    0.0000    0.0000
   0   4     36.990309    0.117464    0.036483   23.703326   12.189771  100.0000    0.0000    0.0000
   2   1     36.888929    0.096012    0.026115   35.622142    9.895413   40.0984   59.9016    0.0000
   2   2     36.986039    0.116069    0.039236   37.944029    9.836623   43.7696   56.2304    0.0000
   2   3     36.971778    0.113333    0.035465   29.393359   11.198517   64.0526   35.9474    0.0000
   2   4     37.165833    0.149619    0.053075   40.298551    9.572041   38.7943   61.2057    0.0000
   3   1     37.032595    0.125935    0.030562   30.261187    8.338838    0.0000  100.0000    0.0000
   3   2     40.433966    0.542709    0.056883   10.178517    6.772416    0.0000   99.9996    0.0000
   3   3     37.299142    0.176155    0.070152   31.212005   13.977600    0.0000  100.0000    0.0000
   3   4     38.743780    0.375136    0.127304   19.887669   14.399071    0.0000   99.9998    0.0000
   4   1     36.964570    0.113456    0.027532   38.025192    9.347601   24.3055   37.4127   38.2818
   4   2     37.094723    0.137312    0.044315   40.385655    9.233953   27.4094   32.5600   40.0306
   4   3     37.059932    0.131465    0.038392   29.010372   11.064445   60.0889   10.4568   29.4543
   4   4     40.538284    0.555171    0.053606    7.458556    7.326846   99.9595    0.0384    0.0016
   5   1     37.156912    0.148795    0.036384   32.284051    8.698466    0.0000   47.9224   52.0776
   5   2     40.461847    0.545056    0.055110   10.084318    6.621407    0.0000   99.9587    0.0409
   5   3     40.362423    0.532315    0.063161   12.587480    7.024215    0.0000    0.8952   99.1045
   5   4     38.826720    0.386931    0.140588   17.947328   14.269725    0.0000   74.3821   25.6177
   6   1     37.055131    0.130695    0.029382   39.635193    9.093042   17.8117   30.0223   24.1890
   6   2     37.243080    0.162800    0.050378   41.883082    9.049510   18.4442   28.2055   23.3058
   6   3     40.552761    0.556377    0.053364    7.409688    7.275377   99.8363    0.1618    0.0006
   6   4     37.464094    0.214401    0.169966   19.844667   15.801412   43.9352   26.8552    4.8746
   7   1     40.486981    0.547202    0.054469    9.987243    6.501452    0.0000   99.8388    0.1589
   7   2     40.439485    0.538981    0.058271   12.287522    6.557300    0.0000    0.8846   98.9433
   7   3     38.484365    0.354622    0.172129   16.303054   14.140395    0.0000   57.1775   27.4222
   7   4     38.994981    0.414491    0.171022   13.215324   12.482205    0.0000   68.9674   18.5402
   8   1     37.162295    0.148797    0.032019   40.758137    8.930700   14.5903   25.7980   20.7174
   8   2     40.570822    0.557866    0.053111    7.358622    7.218723   99.5490    0.4486    0.0008
   8   3     40.497310    0.548089    0.054592    9.943086    6.553062    1.0218   98.6973    0.2745
   8   4     37.559675    0.210453    0.063264   42.336389    9.948951   14.0163   24.6628   20.2799
   9   1     40.515020    0.549576    0.053893    9.887746    6.382298    0.0000   99.5735    0.4226
   9   2     40.489804    0.543334    0.056313   12.081406    6.320945    0.0000    1.3979   98.1305
   9   3     40.218732    0.525073    0.098196   11.661882   10.419384    0.0000   96.5786    3.2714
   9   4     40.018615    0.500045    0.103211   15.021275   10.054378    0.0000   72.8733   18.6810
  10   1     40.591806    0.559581    0.052870    7.310673    7.161477   99.0288    0.9670    0.0024
  10   2     37.304879    0.171639    0.048219   39.906190   13.433914   12.8573   23.3638   18.8743
  10   3     40.521973    0.550214    0.054940    9.839636    6.524250    2.0869   97.1972    0.6463
  10   4     40.431368    0.547895    0.090383    8.681557   11.212728   96.4920    3.4095    0.0644
 
  rho^2(E0) 
 
   I  n_1 n_2  <In_1|E0|In_2>  rho^2(E0) 
   0   1   1       36.827724 3462.186168
   0   2   1        0.068099    0.011838
   0   2   2       36.936912 3482.746209
   0   3   1       -0.004547    0.000053
   0   3   2       -0.132504    0.044818
   0   3   3       37.067717 3507.456942
   0   4   1        0.026142    0.001745
   0   4   2        0.040049    0.004094
   0   4   3       -0.048118    0.005911
   0   4   4       36.990309 3492.823017
   2   1   1       36.888929 3473.703615
   2   2   1       -0.084826    0.018368
   2   2   2       36.986039 3492.016758
   2   3   1        0.056113    0.008038
   2   3   2       -0.044591    0.005076
   2   3   3       36.971778 3489.324406
   2   4   1       -0.005509    0.000077
   2   4   2        0.157551    0.063364
   2   4   3       -0.054237    0.007509
   2   4   4       37.165833 3526.049603
   3   1   1       37.032595 3500.813305
   3   2   1       -0.007163    0.000131
   3   2   2       40.433966 4173.432092
   3   3   1        0.148551    0.056332
   3   3   2        0.157853    0.063607
   3   3   3       37.299142 3551.389931
   3   4   1        0.022353    0.001275
   3   4   2       -0.378967    0.366608
   3   4   3       -0.252212    0.162380
   3   4   4       38.743780 3831.815955
   4   1   1       36.964570 3487.963928
   4   2   1       -0.122795    0.038491
   4   2   2       37.094723 3512.569470
   4   3   1        0.050053    0.006395
   4   3   2       -0.057214    0.008356
   4   3   3       37.059932 3505.983836
   4   4   1       -0.000166    0.000000
   4   4   2       -0.001088    0.000003
   4   4   3        0.000969    0.000002
   4   4   4       40.538284 4194.994349
   5   1   1       37.156912 3524.356958
   5   2   1        0.019105    0.000932
   5   2   2       40.461847 4179.189468
   5   3   1       -0.017867    0.000815
   5   3   2        0.038240    0.003733
   5   3   3       40.362423 4158.676420
   5   4   1       -0.114791    0.033637
   5   4   2        0.395834    0.399969
   5   4   3       -0.276519    0.195187
   5   4   4       38.826720 3848.239349
   6   1   1       37.055131 3505.075513
   6   2   1        0.155742    0.061918
   6   2   2       37.243080 3540.722189
   6   3   1       -0.000411    0.000000
   6   3   2        0.005450    0.000076
   6   3   3       40.552761 4197.991179
   6   4   1        0.034287    0.003001
   6   4   2        0.104879    0.028078
   6   4   3       -0.017538    0.000785
   6   4   4       37.464094 3582.870658
   7   1   1       40.486981 4184.383292
   7   2   1        0.041395    0.004374
   7   2   2       40.439485 4174.571446
   7   3   1        0.372666    0.354519
   7   3   2       -0.155795    0.061959
   7   3   3       38.484365 3780.674652
   7   4   1       -0.472331    0.569500
   7   4   2       -0.012786    0.000417
   7   4   3       -1.269478    4.113871
   7   4   4       38.994981 3881.665382
   8   1   1       37.162295 3525.378251
   8   2   1        0.000241    0.000000
   8   2   2       40.570822 4201.731316
   8   3   1       -0.002784    0.000020
   8   3   2        0.031440    0.002523
   8   3   3       40.497310 4186.518529
   8   4   1       -0.180470    0.083140
   8   4   2        0.013740    0.000482
   8   4   3       -0.043987    0.004939
   8   4   4       37.559675 3601.175756
   9   1   1       40.515020 4190.181049
   9   2   1       -0.047227    0.005694
   9   2   2       40.489804 4184.966773
   9   3   1        0.620257    0.982073
   9   3   2        0.083627    0.017852
   9   3   3       40.218732 4129.119039
   9   4   1       -0.205521    0.107824
   9   4   2        0.227563    0.132192
   9   4   3       -0.430866    0.473899
   9   4   4       40.018615 4088.130681
  10   1   1       40.591806 4206.078869
  10   2   1       -0.004657    0.000055
  10   2   2       37.304879 3552.482316
  10   3   1       -0.041874    0.004476
  10   3   2        0.119212    0.036278
  10   3   3       40.521973 4191.619326
  10   4   1       -0.617565    0.973568
  10   4   2        0.013218    0.000446
  10   4   3       -0.056720    0.008212
  10   4   4       40.431368 4172.895720
 
  E2 transition 
 
  I1  n1        I2  n2       <f||E2||i>   B(E2,I1->I2)  B(E2,I2->I1)
 ( 0   1) <--> ( 2   1)        0.932344      0.869266      0.173853   WU    80.656544     16.131309
 ( 0   1) <--> ( 2   2)        0.323012      0.104337      0.020867   WU     9.681103      1.936221
 ( 0   1) <--> ( 2   3)        0.364069      0.132546      0.026509   WU    12.298579      2.459716
 ( 0   1) <--> ( 2   4)       -0.029758      0.000886      0.000177   WU     0.082167      0.016433
 ( 0   2) <--> ( 2   1)        0.691447      0.478099      0.095620   WU    44.361356      8.872271
 ( 0   2) <--> ( 2   2)       -0.780022      0.608435      0.121687   WU    56.454809     11.290962
 ( 0   2) <--> ( 2   3)        0.750688      0.563532      0.112706   WU    52.288438     10.457688
 ( 0   2) <--> ( 2   4)        0.312239      0.097493      0.019499   WU     9.046125      1.809225
 ( 0   3) <--> ( 2   1)       -0.041731      0.001741      0.000348   WU     0.161588      0.032318
 ( 0   3) <--> ( 2   2)        0.891441      0.794667      0.158933   WU    73.734764     14.746953
 ( 0   3) <--> ( 2   3)       -0.449270      0.201844      0.040369   WU    18.728483      3.745697
 ( 0   3) <--> ( 2   4)        0.947251      0.897284      0.179457   WU    83.256305     16.651261
 ( 0   4) <--> ( 2   1)        0.051361      0.002638      0.000528   WU     0.244766      0.048953
 ( 0   4) <--> ( 2   2)        0.261412      0.068336      0.013667   WU     6.340689      1.268138
 ( 0   4) <--> ( 2   3)        0.967562      0.936176      0.187235   WU    86.864953     17.372991
 ( 0   4) <--> ( 2   4)       -0.135175      0.018272      0.003654   WU     1.695441      0.339088
 ( 2   1) <--> ( 2   1)        0.835489      0.633245   (eb)
 ( 2   2) <--> ( 2   1)       -0.879601      0.154739      0.154739   WU    14.357808     14.357808
 ( 2   2) <--> ( 2   2)        0.866351      0.656636   (eb)
 ( 2   3) <--> ( 2   1)       -0.912705      0.166606      0.166606   WU    15.458866     15.458866
 ( 2   3) <--> ( 2   2)       -0.803316      0.129063      0.129063   WU    11.975405     11.975405
 ( 2   3) <--> ( 2   3)       -0.824189     -0.624680   (eb)
 ( 2   4) <--> ( 2   1)       -0.087692      0.001538      0.001538   WU     0.142704      0.142704
 ( 2   4) <--> ( 2   2)        0.642500      0.082561      0.082561   WU     7.660618      7.660618
 ( 2   4) <--> ( 2   3)       -0.855015      0.146210      0.146210   WU    13.566406     13.566406
 ( 2   4) <--> ( 2   4)        1.378024      1.044450   (eb)
 ( 2   1) <--> ( 3   1)        0.844614      0.142675      0.101910   WU    13.238355      9.455968
 ( 2   1) <--> ( 3   2)        0.008294      0.000014      0.000010   WU     0.001277      0.000912
 ( 2   1) <--> ( 3   3)       -0.190525      0.007260      0.005186   WU     0.673632      0.481166
 ( 2   1) <--> ( 3   4)       -0.046475      0.000432      0.000309   WU     0.040082      0.028630
 ( 2   2) <--> ( 3   1)       -1.243850      0.309433      0.221023   WU    28.711313     20.508081
 ( 2   2) <--> ( 3   2)        0.019435      0.000076      0.000054   WU     0.007010      0.005007
 ( 2   2) <--> ( 3   3)       -0.479892      0.046059      0.032899   WU     4.273693      3.052638
 ( 2   2) <--> ( 3   4)       -0.156781      0.004916      0.003511   WU     0.456149      0.325821
 ( 2   3) <--> ( 3   1)       -1.091471      0.238262      0.170187   WU    22.107609     15.791149
 ( 2   3) <--> ( 3   2)       -0.026397      0.000139      0.000100   WU     0.012930      0.009236
 ( 2   3) <--> ( 3   3)        0.603701      0.072891      0.052065   WU     6.763327      4.830948
 ( 2   3) <--> ( 3   4)        0.148391      0.004404      0.003146   WU     0.408633      0.291880
 ( 2   4) <--> ( 3   1)       -0.649910      0.084477      0.060340   WU     7.838321      5.598801
 ( 2   4) <--> ( 3   2)        0.072131      0.001041      0.000743   WU     0.096551      0.068965
 ( 2   4) <--> ( 3   3)       -1.460307      0.426499      0.304642   WU    39.573569     28.266835
 ( 2   4) <--> ( 3   4)       -0.018096      0.000065      0.000047   WU     0.006077      0.004341
 ( 2   1) <--> ( 4   1)        1.852619      0.686439      0.381355   WU    63.692652     35.384806
 ( 2   1) <--> ( 4   2)        0.347652      0.024172      0.013429   WU     2.242876      1.246042
 ( 2   1) <--> ( 4   3)        0.461142      0.042530      0.023628   WU     3.946270      2.192372
 ( 2   1) <--> ( 4   4)       -0.000297      0.000000      0.000000   WU     0.000002      0.000001
 ( 2   2) <--> ( 4   1)       -0.942369      0.177612      0.098673   WU    16.480067      9.155593
 ( 2   2) <--> ( 4   2)        1.821120      0.663296      0.368498   WU    61.545218     34.191788
 ( 2   2) <--> ( 4   3)        0.080801      0.001306      0.000725   WU     0.121156      0.067309
 ( 2   2) <--> ( 4   4)        0.000986      0.000000      0.000000   WU     0.000018      0.000010
 ( 2   3) <--> ( 4   1)        0.696791      0.097103      0.053946   WU     9.009934      5.005519
 ( 2   3) <--> ( 4   2)       -0.536009      0.057461      0.031923   WU     5.331648      2.962027
 ( 2   3) <--> ( 4   3)        1.979116      0.783380      0.435211   WU    72.687441     40.381912
 ( 2   3) <--> ( 4   4)       -0.001815      0.000001      0.000000   WU     0.000061      0.000034
 ( 2   4) <--> ( 4   1)       -0.034796      0.000242      0.000135   WU     0.022468      0.012482
 ( 2   4) <--> ( 4   2)        1.568828      0.492244      0.273469   WU    45.673848     25.374360
 ( 2   4) <--> ( 4   3)       -0.314091      0.019731      0.010961   WU     1.830746      1.017081
 ( 2   4) <--> ( 4   4)       -0.009703      0.000019      0.000010   WU     0.001747      0.000971
 ( 3   1) <--> ( 3   1)        0.000000      0.000000   (eb)
 ( 3   2) <--> ( 3   1)        0.000000      0.000000      0.000000   WU     0.000000      0.000000
 ( 3   2) <--> ( 3   2)        0.000000      0.000000   (eb)
 ( 3   3) <--> ( 3   1)        0.000000      0.000000      0.000000   WU     0.000000      0.000000
 ( 3   3) <--> ( 3   2)        0.000000      0.000000      0.000000   WU     0.000000      0.000000
 ( 3   3) <--> ( 3   3)        0.000000      0.000000   (eb)
 ( 3   4) <--> ( 3   1)        0.000000      0.000000      0.000000   WU     0.000000      0.000000
 ( 3   4) <--> ( 3   2)        0.000000      0.000000      0.000000   WU     0.000000      0.000000
 ( 3   4) <--> ( 3   3)        0.000000      0.000000      0.000000   WU     0.000000      0.000000
 ( 3   4) <--> ( 3   4)        0.000000      0.000000   (eb)
 ( 3   1) <--> ( 4   1)        1.068461      0.163087      0.126845   WU    15.132341     11.769598
 ( 3   1) <--> ( 4   2)        0.018710      0.000050      0.000039   WU     0.004640      0.003609
 ( 3   1) <--> ( 4   3)        1.246388      0.221926      0.172609   WU    20.591843     16.015878
 ( 3   1) <--> ( 4   4)       -0.001634      0.000000      0.000000   WU     0.000035      0.000028
 ( 3   2) <--> ( 4   1)        0.001307      0.000000      0.000000   WU     0.000023      0.000018
 ( 3   2) <--> ( 4   2)        0.043481      0.000270      0.000210   WU     0.025060      0.019491
 ( 3   2) <--> ( 4   3)       -0.039490      0.000223      0.000173   WU     0.020671      0.016078
 ( 3   2) <--> ( 4   4)       -0.903941      0.116730      0.090790   WU    10.831026      8.424132
 ( 3   3) <--> ( 4   1)       -0.018287      0.000048      0.000037   WU     0.004433      0.003448
 ( 3   3) <--> ( 4   2)       -0.969000      0.134137      0.104329   WU    12.446189      9.680370
 ( 3   3) <--> ( 4   3)        0.796361      0.090599      0.070466   WU     8.406372      6.538290
 ( 3   3) <--> ( 4   4)       -0.038313      0.000210      0.000163   WU     0.019457      0.015133
 ( 3   4) <--> ( 4   1)        0.008789      0.000011      0.000009   WU     0.001024      0.000796
 ( 3   4) <--> ( 4   2)       -0.171941      0.004223      0.003285   WU     0.391876      0.304792
 ( 3   4) <--> ( 4   3)        0.051938      0.000385      0.000300   WU     0.035757      0.027811
 ( 3   4) <--> ( 4   4)        0.009388      0.000013      0.000010   WU     0.001168      0.000909
 ( 3   1) <--> ( 5   1)        2.269252      0.735644      0.468137   WU    68.258164     43.437014
 ( 3   1) <--> ( 5   2)       -0.012104      0.000021      0.000013   WU     0.001942      0.001236
 ( 3   1) <--> ( 5   3)        0.030742      0.000135      0.000086   WU     0.012528      0.007972
 ( 3   1) <--> ( 5   4)        0.193998      0.005376      0.003421   WU     0.498866      0.317460
 ( 3   2) <--> ( 5   1)       -0.133732      0.002555      0.001626   WU     0.237062      0.150858
 ( 3   2) <--> ( 5   2)      -11.205727     17.938332     11.415302   WU  1664.443724   1059.191461
 ( 3   2) <--> ( 5   3)        1.132324      0.183165      0.116560   WU    16.995374     10.815238
 ( 3   2) <--> ( 5   4)       -0.730139      0.076157      0.048464   WU     7.066422      4.496814
 ( 3   3) <--> ( 5   1)        1.452622      0.301444      0.191828   WU    27.970111     17.799162
 ( 3   3) <--> ( 5   2)       -0.552960      0.043681      0.027797   WU     4.053003      2.579184
 ( 3   3) <--> ( 5   3)       -0.174778      0.004364      0.002777   WU     0.404915      0.257673
 ( 3   3) <--> ( 5   4)       -1.880606      0.505240      0.321516   WU    46.879664     29.832513
 ( 3   4) <--> ( 5   1)        0.003322      0.000002      0.000001   WU     0.000146      0.000093
 ( 3   4) <--> ( 5   2)        0.960410      0.131770      0.083853   WU    12.226519      7.780512
 ( 3   4) <--> ( 5   3)        1.061024      0.160825      0.102343   WU    14.922434      9.496095
 ( 3   4) <--> ( 5   4)        6.556060      6.140274      3.907447   WU   569.737514    362.560236
 ( 4   1) <--> ( 4   1)        1.273599      0.960416   (eb)
 ( 4   2) <--> ( 4   1)       -0.873355      0.084750      0.084750   WU     7.863682      7.863682
 ( 4   2) <--> ( 4   2)        1.625233      1.225581   (eb)
 ( 4   3) <--> ( 4   1)       -1.292102      0.185503      0.185503   WU    17.212278     17.212278
 ( 4   3) <--> ( 4   2)       -0.400427      0.017816      0.017816   WU     1.653073      1.653073
 ( 4   3) <--> ( 4   3)       -0.508728     -0.383630   (eb)
 ( 4   4) <--> ( 4   1)        0.001535      0.000000      0.000000   WU     0.000024      0.000024
 ( 4   4) <--> ( 4   2)       -0.000754      0.000000      0.000000   WU     0.000006      0.000006
 ( 4   4) <--> ( 4   3)       -0.000530      0.000000      0.000000   WU     0.000003      0.000003
 ( 4   4) <--> ( 4   4)      -12.107057     -9.129877   (eb)
 ( 4   1) <--> ( 5   1)        1.052932      0.123185      0.100788   WU    11.429965      9.351790
 ( 4   1) <--> ( 5   2)       -0.007615      0.000006      0.000005   WU     0.000598      0.000489
 ( 4   1) <--> ( 5   3)        0.021484      0.000051      0.000042   WU     0.004759      0.003893
 ( 4   1) <--> ( 5   4)        0.167767      0.003127      0.002559   WU     0.290175      0.237416
 ( 4   2) <--> ( 5   1)       -1.117694      0.138804      0.113567   WU    12.879236     10.537557
 ( 4   2) <--> ( 5   2)        0.004905      0.000003      0.000002   WU     0.000248      0.000203
 ( 4   2) <--> ( 5   3)        0.031332      0.000109      0.000089   WU     0.010121      0.008281
 ( 4   2) <--> ( 5   4)        0.278344      0.008608      0.007043   WU     0.798747      0.653520
 ( 4   3) <--> ( 5   1)       -0.999531      0.111007      0.090824   WU    10.299992      8.427266
 ( 4   3) <--> ( 5   2)        0.010803      0.000013      0.000011   WU     0.001203      0.000984
 ( 4   3) <--> ( 5   3)       -0.035796      0.000142      0.000116   WU     0.013211      0.010809
 ( 4   3) <--> ( 5   4)       -0.309901      0.010671      0.008731   WU     0.990129      0.810106
 ( 4   4) <--> ( 5   1)       -0.004903      0.000003      0.000002   WU     0.000248      0.000203
 ( 4   4) <--> ( 5   2)       -1.056036      0.123912      0.101383   WU    11.497459      9.407012
 ( 4   4) <--> ( 5   3)        0.007882      0.000007      0.000006   WU     0.000641      0.000524
 ( 4   4) <--> ( 5   4)        0.002435      0.000001      0.000001   WU     0.000061      0.000050
 ( 4   1) <--> ( 6   1)        2.800642      0.871511      0.603354   WU    80.864842     55.983352
 ( 4   1) <--> ( 6   2)       -0.398244      0.017622      0.012200   WU     1.635095      1.131989
 ( 4   1) <--> ( 6   3)        0.000881      0.000000      0.000000   WU     0.000008      0.000006
 ( 4   1) <--> ( 6   4)        0.516049      0.029590      0.020485   WU     2.745528      1.900750
 ( 4   2) <--> ( 6   1)       -1.398313      0.217253      0.150406   WU    20.158261     13.955719
 ( 4   2) <--> ( 6   2)       -2.886006      0.925448      0.640695   WU    85.869542     59.448145
 ( 4   2) <--> ( 6   3)        0.003609      0.000001      0.000001   WU     0.000134      0.000093
 ( 4   2) <--> ( 6   4)        0.116367      0.001505      0.001042   WU     0.139607      0.096651
 ( 4   3) <--> ( 6   1)        0.861422      0.082450      0.057081   WU     7.650258      5.296332
 ( 4   3) <--> ( 6   2)        0.693871      0.053495      0.037035   WU     4.963660      3.436380
 ( 4   3) <--> ( 6   3)        0.005763      0.000004      0.000003   WU     0.000342      0.000237
 ( 4   3) <--> ( 6   4)        3.001505      1.001004      0.693003   WU    92.880131     64.301629
 ( 4   4) <--> ( 6   1)       -0.000892      0.000000      0.000000   WU     0.000008      0.000006
 ( 4   4) <--> ( 6   2)        0.037847      0.000159      0.000110   WU     0.014768      0.010224
 ( 4   4) <--> ( 6   3)       16.131662     28.914501     20.017732   WU  2682.889393   1857.384965
 ( 4   4) <--> ( 6   4)        0.057327      0.000365      0.000253   WU     0.033881      0.023456
 ( 5   1) <--> ( 5   1)        0.774628      0.562478   (eb)
 ( 5   2) <--> ( 5   1)       -0.049015      0.000218      0.000218   WU     0.020265      0.020265
 ( 5   2) <--> ( 5   2)       -7.759613     -5.634464   (eb)
 ( 5   3) <--> ( 5   1)       -0.045901      0.000192      0.000192   WU     0.017772      0.017772
 ( 5   3) <--> ( 5   2)       -1.296552      0.152823      0.152823   WU    14.179942     14.179942
 ( 5   3) <--> ( 5   3)        7.458356      5.415713   (eb)
 ( 5   4) <--> ( 5   1)       -0.117261      0.001250      0.001250   WU     0.115985      0.115985
 ( 5   4) <--> ( 5   2)       -0.423744      0.016324      0.016324   WU     1.514614      1.514614
 ( 5   4) <--> ( 5   3)       -0.973568      0.086167      0.086167   WU     7.995154      7.995154
 ( 5   4) <--> ( 5   4)       -2.152444     -1.562947   (eb)
 ( 5   1) <--> ( 6   1)        1.510024      0.207289      0.175398   WU    19.233679     16.274651
 ( 5   1) <--> ( 6   2)        0.326083      0.009666      0.008179   WU     0.896916      0.758929
 ( 5   1) <--> ( 6   3)        0.009478      0.000008      0.000007   WU     0.000758      0.000641
 ( 5   1) <--> ( 6   4)        1.429835      0.185857      0.157264   WU    17.245132     14.592035
 ( 5   2) <--> ( 6   1)       -0.009785      0.000009      0.000007   WU     0.000808      0.000683
 ( 5   2) <--> ( 6   2)        0.012621      0.000014      0.000012   WU     0.001344      0.001137
 ( 5   2) <--> ( 6   3)        1.366264      0.169698      0.143591   WU    15.745756     13.323332
 ( 5   2) <--> ( 6   4)        2.764493      0.694765      0.587878   WU    64.465194     54.547471
 ( 5   3) <--> ( 6   1)        0.013654      0.000017      0.000014   WU     0.001573      0.001331
 ( 5   3) <--> ( 6   2)       -0.109632      0.001093      0.000925   WU     0.101384      0.085787
 ( 5   3) <--> ( 6   3)       -0.004112      0.000002      0.000001   WU     0.000143      0.000121
 ( 5   3) <--> ( 6   4)       -0.316397      0.009101      0.007701   WU     0.844421      0.714510
 ( 5   4) <--> ( 6   1)        0.094309      0.000809      0.000684   WU     0.075024      0.063482
 ( 5   4) <--> ( 6   2)       -0.813329      0.060137      0.050885   WU     5.579906      4.721459
 ( 5   4) <--> ( 6   3)        0.019137      0.000033      0.000028   WU     0.003089      0.002614
 ( 5   4) <--> ( 6   4)       -0.596193      0.032313      0.027342   WU     2.998254      2.536984
 ( 5   1) <--> ( 7   1)       -0.093400      0.000793      0.000582   WU     0.073585      0.053963
 ( 5   1) <--> ( 7   2)        0.111519      0.001131      0.000829   WU     0.104905      0.076930
 ( 5   1) <--> ( 7   3)        2.670592      0.648369      0.475471   WU    60.160245     44.117513
 ( 5   1) <--> ( 7   4)        2.305567      0.483240      0.354376   WU    44.838361     32.881465
 ( 5   2) <--> ( 7   1)      -15.476100     21.773607     15.967311   WU  2020.307308   1481.558692
 ( 5   2) <--> ( 7   2)        0.782330      0.055640      0.040803   WU     5.162667      3.785956
 ( 5   2) <--> ( 7   3)       -0.886107      0.071381      0.052346   WU     6.623184      4.857001
 ( 5   2) <--> ( 7   4)        1.025451      0.095595      0.070103   WU     8.870006      6.504671
 ( 5   3) <--> ( 7   1)        0.138712      0.001749      0.001283   WU     0.162302      0.119021
 ( 5   3) <--> ( 7   2)      -10.228813      9.511693      6.975241   WU   882.561308    647.211626
 ( 5   3) <--> ( 7   3)       -0.079734      0.000578      0.000424   WU     0.053627      0.039327
 ( 5   3) <--> ( 7   4)        0.144888      0.001908      0.001400   WU     0.177076      0.129856
 ( 5   4) <--> ( 7   1)       -1.354844      0.166873      0.122373   WU    15.483630     11.354662
 ( 5   4) <--> ( 7   2)        0.270321      0.006643      0.004872   WU     0.616387      0.452017
 ( 5   4) <--> ( 7   3)       -8.020306      5.847755      4.288353   WU   542.595520    397.903382
 ( 5   4) <--> ( 7   4)        6.026322      3.301505      2.421104   WU   306.336741    224.646943
 ( 6   1) <--> ( 6   1)        1.702307      1.186844   (eb)
 ( 6   2) <--> ( 6   1)        0.883790      0.060083      0.060083   WU     5.574964      5.574964
 ( 6   2) <--> ( 6   2)        2.314716      1.613813   (eb)
 ( 6   3) <--> ( 6   1)       -0.002699      0.000001      0.000001   WU     0.000052      0.000052
 ( 6   3) <--> ( 6   2)       -0.026098      0.000052      0.000052   WU     0.004861      0.004861
 ( 6   3) <--> ( 6   3)      -14.374551    -10.021895   (eb)
 ( 6   4) <--> ( 6   1)       -1.575528      0.190945      0.190945   WU    17.717243     17.717243
 ( 6   4) <--> ( 6   2)        0.133227      0.001365      0.001365   WU     0.126686      0.126686
 ( 6   4) <--> ( 6   3)        0.488004      0.018319      0.018319   WU     1.699773      1.699773
 ( 6   4) <--> ( 6   4)       -0.705923     -0.492168   (eb)
 ( 6   1) <--> ( 7   1)       -0.001391      0.000000      0.000000   WU     0.000014      0.000012
 ( 6   1) <--> ( 7   2)        0.022800      0.000040      0.000035   WU     0.003710      0.003216
 ( 6   1) <--> ( 7   3)        0.821158      0.051869      0.044953   WU     4.812789      4.171084
 ( 6   1) <--> ( 7   4)        0.771425      0.045777      0.039673   WU     4.247473      3.681143
 ( 6   2) <--> ( 7   1)       -0.007257      0.000004      0.000004   WU     0.000376      0.000326
 ( 6   2) <--> ( 7   2)        0.046438      0.000166      0.000144   WU     0.015392      0.013339
 ( 6   2) <--> ( 7   3)        0.975283      0.073168      0.063412   WU     6.788992      5.883793
 ( 6   2) <--> ( 7   4)        0.802046      0.049483      0.042885   WU     4.591371      3.979188
 ( 6   3) <--> ( 7   1)        1.037357      0.082778      0.071741   WU     7.680690      6.656598
 ( 6   3) <--> ( 7   2)       -0.023707      0.000043      0.000037   WU     0.004011      0.003476
 ( 6   3) <--> ( 7   3)       -0.016230      0.000020      0.000018   WU     0.001880      0.001629
 ( 6   3) <--> ( 7   4)        0.019609      0.000030      0.000026   WU     0.002745      0.002379
 ( 6   4) <--> ( 7   1)       -2.583971      0.513608      0.445127   WU    47.656147     41.301994
 ( 6   4) <--> ( 7   2)       -0.402543      0.012465      0.010803   WU     1.156557      1.002350
 ( 6   4) <--> ( 7   3)       -0.557172      0.023880      0.020696   WU     2.215755      1.920321
 ( 6   4) <--> ( 7   4)       -0.400559      0.012342      0.010696   WU     1.145185      0.992494
 ( 6   1) <--> ( 8   1)        3.821870      1.123591      0.859217   WU   104.254648     79.724143
 ( 6   1) <--> ( 8   2)       -0.001148      0.000000      0.000000   WU     0.000009      0.000007
 ( 6   1) <--> ( 8   3)        0.003843      0.000001      0.000001   WU     0.000105      0.000081
 ( 6   1) <--> ( 8   4)        0.436268      0.014641      0.011196   WU     1.358471      1.038830
 ( 6   2) <--> ( 8   1)        1.909920      0.280600      0.214576   WU    26.035991     19.909875
 ( 6   2) <--> ( 8   2)        0.033320      0.000085      0.000065   WU     0.007924      0.006060
 ( 6   2) <--> ( 8   3)       -0.056457      0.000245      0.000187   WU     0.022750      0.017397
 ( 6   2) <--> ( 8   4)       -4.007688      1.235505      0.944798   WU   114.638764     87.664937
 ( 6   3) <--> ( 8   1)       -0.000364      0.000000      0.000000   WU     0.000001      0.000001
 ( 6   3) <--> ( 8   2)       18.950428     27.624517     21.124631   WU  2563.195686   1960.090819
 ( 6   3) <--> ( 8   3)       -0.163865      0.002066      0.001580   WU     0.191654      0.146559
 ( 6   3) <--> ( 8   4)        0.049932      0.000192      0.000147   WU     0.017795      0.013608
 ( 6   4) <--> ( 8   1)        0.962622      0.071280      0.054508   WU     6.613860      5.057658
 ( 6   4) <--> ( 8   2)        0.155534      0.001861      0.001423   WU     0.172661      0.132035
 ( 6   4) <--> ( 8   3)       -4.594107      1.623525      1.241519   WU   150.641971    115.196802
 ( 6   4) <--> ( 8   4)       -1.706772      0.224082      0.171357   WU    20.791937     15.899717
 ( 7   1) <--> ( 7   1)      -11.793039     -7.897348   (eb)
 ( 7   2) <--> ( 7   1)       -1.814582      0.219514      0.219514   WU    20.368018     20.368018
 ( 7   2) <--> ( 7   2)       -2.087382     -1.397840   (eb)
 ( 7   3) <--> ( 7   1)       -0.660430      0.029078      0.029078   WU     2.698049      2.698049
 ( 7   3) <--> ( 7   2)       -0.024155      0.000039      0.000039   WU     0.003609      0.003609
 ( 7   3) <--> ( 7   3)       -3.062139     -2.050598   (eb)
 ( 7   4) <--> ( 7   1)        0.898060      0.053768      0.053768   WU     4.988925      4.988925
 ( 7   4) <--> ( 7   2)        0.321693      0.006899      0.006899   WU     0.640146      0.640146
 ( 7   4) <--> ( 7   3)        5.576274      2.072988      2.072988   WU   192.346348    192.346348
 ( 7   4) <--> ( 7   4)       -5.682548     -3.805385   (eb)
 ( 7   1) <--> ( 8   1)       -0.004632      0.000001      0.000001   WU     0.000133      0.000117
 ( 7   1) <--> ( 8   2)       -1.768468      0.208499      0.183969   WU    19.345949     17.069955
 ( 7   1) <--> ( 8   3)        9.211620      5.656930      4.991409   WU   524.889490    463.137785
 ( 7   1) <--> ( 8   4)       -0.132174      0.001165      0.001028   WU     0.108066      0.095353
 ( 7   2) <--> ( 8   1)        0.043473      0.000126      0.000111   WU     0.011691      0.010315
 ( 7   2) <--> ( 8   2)        0.016967      0.000019      0.000017   WU     0.001781      0.001571
 ( 7   2) <--> ( 8   3)       -1.161401      0.089923      0.079344   WU     8.343730      7.362115
 ( 7   2) <--> ( 8   4)       -0.171145      0.001953      0.001723   WU     0.181187      0.159871
 ( 7   3) <--> ( 8   1)        1.332640      0.118395      0.104467   WU    10.985550      9.693132
 ( 7   3) <--> ( 8   2)       -0.023382      0.000036      0.000032   WU     0.003382      0.002984
 ( 7   3) <--> ( 8   3)        0.687124      0.031476      0.027773   WU     2.920561      2.576966
 ( 7   3) <--> ( 8   4)       -1.142214      0.086977      0.076744   WU     8.070326      7.120876
 ( 7   4) <--> ( 8   1)        1.213129      0.098112      0.086570   WU     9.103534      8.032530
 ( 7   4) <--> ( 8   2)        0.026670      0.000047      0.000042   WU     0.004400      0.003882
 ( 7   4) <--> ( 8   3)       -0.802980      0.042985      0.037928   WU     3.988464      3.519233
 ( 7   4) <--> ( 8   4)       -0.442453      0.013051      0.011516   WU     1.210958      1.068493
 ( 7   1) <--> ( 9   1)       18.624614     23.125082     18.256644   WU  2145.706642   1693.978928
 ( 7   1) <--> ( 9   2)        0.523751      0.018288      0.014438   WU     1.696861      1.339627
 ( 7   1) <--> ( 9   3)        1.555119      0.161226      0.127284   WU    14.959697     11.810287
 ( 7   1) <--> ( 9   4)       -0.305562      0.006225      0.004914   WU     0.577557      0.455966
 ( 7   2) <--> ( 9   1)       -0.338465      0.007637      0.006029   WU     0.708638      0.559451
 ( 7   2) <--> ( 9   2)      -15.033930     15.067936     11.895739   WU  1398.108348   1103.769748
 ( 7   2) <--> ( 9   3)       -0.085580      0.000488      0.000385   WU     0.045304      0.035767
 ( 7   2) <--> ( 9   4)        0.005009      0.000002      0.000001   WU     0.000155      0.000123
 ( 7   3) <--> ( 9   1)        1.497184      0.149437      0.117977   WU    13.865833     10.946711
 ( 7   3) <--> ( 9   2)        0.169288      0.001911      0.001508   WU     0.177274      0.139953
 ( 7   3) <--> ( 9   3)       10.828022      7.816404      6.170846   WU   725.260592    572.574152
 ( 7   3) <--> ( 9   4)        1.920149      0.245798      0.194051   WU    22.806876     18.005428
 ( 7   4) <--> ( 9   1)       -1.803857      0.216927      0.171258   WU    20.127973     15.890505
 ( 7   4) <--> ( 9   2)        0.672452      0.030146      0.023800   WU     2.797169      2.208291
 ( 7   4) <--> ( 9   3)      -13.037306     11.331424      8.945861   WU  1051.408624    830.059440
 ( 7   4) <--> ( 9   4)        1.597725      0.170182      0.134354   WU    15.790644     12.466298
 ( 8   1) <--> ( 8   1)        2.119362      1.365284   (eb)
 ( 8   2) <--> ( 8   1)       -0.001262      0.000000      0.000000   WU     0.000009      0.000009
 ( 8   2) <--> ( 8   2)      -16.330716    -10.520182   (eb)
 ( 8   3) <--> ( 8   1)       -0.000645      0.000000      0.000000   WU     0.000002      0.000002
 ( 8   3) <--> ( 8   2)       -1.958214      0.225565      0.225565   WU    20.929486     20.929486
 ( 8   3) <--> ( 8   3)      -13.300834     -8.568344   (eb)
 ( 8   4) <--> ( 8   1)       -0.792452      0.036940      0.036940   WU     3.427548      3.427548
 ( 8   4) <--> ( 8   2)       -0.024633      0.000036      0.000036   WU     0.003312      0.003312
 ( 8   4) <--> ( 8   3)        0.251487      0.003720      0.003720   WU     0.345199      0.345199
 ( 8   4) <--> ( 8   4)        3.285752      2.116668   (eb)
 ( 8   1) <--> ( 9   1)       -0.002479      0.000000      0.000000   WU     0.000034      0.000030
 ( 8   1) <--> ( 9   2)       -0.005912      0.000002      0.000002   WU     0.000191      0.000171
 ( 8   1) <--> ( 9   3)        0.026018      0.000040      0.000036   WU     0.003695      0.003306
 ( 8   1) <--> ( 9   4)        0.148977      0.001306      0.001168   WU     0.121138      0.108386
 ( 8   2) <--> ( 9   1)        0.978422      0.056312      0.050385   WU     5.225049      4.675044
 ( 8   2) <--> ( 9   2)        0.040736      0.000098      0.000087   WU     0.009057      0.008104
 ( 8   2) <--> ( 9   3)       -0.034041      0.000068      0.000061   WU     0.006325      0.005659
 ( 8   2) <--> ( 9   4)       -0.110636      0.000720      0.000644   WU     0.066808      0.059775
 ( 8   3) <--> ( 9   1)        8.743751      4.497246      4.023852   WU   417.285892    373.361061
 ( 8   3) <--> ( 9   2)       -1.616040      0.153623      0.137452   WU    14.254179     12.753739
 ( 8   3) <--> ( 9   3)        0.733340      0.031635      0.028305   WU     2.935274      2.626298
 ( 8   3) <--> ( 9   4)       -0.173325      0.001767      0.001581   WU     0.163968      0.146708
 ( 8   4) <--> ( 9   1)       -0.146971      0.001271      0.001137   WU     0.117897      0.105487
 ( 8   4) <--> ( 9   2)        0.131078      0.001011      0.000904   WU     0.093777      0.083906
 ( 8   4) <--> ( 9   3)       -0.207405      0.002530      0.002264   WU     0.234787      0.210073
 ( 8   4) <--> ( 9   4)       -0.575697      0.019496      0.017444   WU     1.808948      1.618533
 ( 8   1) <--> (10   1)        0.003604      0.000001      0.000001   WU     0.000071      0.000057
 ( 8   1) <--> (10   2)        4.942795      1.437131      1.163392   WU   133.347042    107.947605
 ( 8   1) <--> (10   3)       -0.180870      0.001924      0.001558   WU     0.178556      0.144545
 ( 8   1) <--> (10   4)       -0.026301      0.000041      0.000033   WU     0.003776      0.003056
 ( 8   2) <--> (10   1)       21.448719     27.061620     21.907026   WU  2510.966154   2032.686887
 ( 8   2) <--> (10   2)       -0.012628      0.000009      0.000008   WU     0.000870      0.000705
 ( 8   2) <--> (10   3)       -0.010657      0.000007      0.000005   WU     0.000620      0.000502
 ( 8   2) <--> (10   4)       -1.728882      0.175826      0.142335   WU    16.314322     13.206832
 ( 8   3) <--> (10   1)       -0.964007      0.054665      0.044253   WU     5.072225      4.106087
 ( 8   3) <--> (10   2)       -0.773541      0.035198      0.028494   WU     3.265916      2.643837
 ( 8   3) <--> (10   3)      -19.963047     23.442544     18.977297   WU  2175.162946   1760.846194
 ( 8   3) <--> (10   4)        0.327640      0.006315      0.005112   WU     0.585912      0.474309
 ( 8   4) <--> (10   1)        0.079550      0.000372      0.000301   WU     0.034540      0.027961
 ( 8   4) <--> (10   2)       -2.678862      0.422136      0.341729   WU    39.168683     31.707981
 ( 8   4) <--> (10   3)        0.335010      0.006602      0.005344   WU     0.612568      0.495888
 ( 8   4) <--> (10   4)       -0.651542      0.024971      0.020215   WU     2.316985      1.875655
 ( 9   1) <--> ( 9   1)      -14.589861     -9.058584   (eb)
 ( 9   2) <--> ( 9   1)        2.183031      0.250822      0.250822   WU    23.273051     23.273051
 ( 9   2) <--> ( 9   2)       -7.699355     -4.780392   (eb)
 ( 9   3) <--> ( 9   1)       -1.385785      0.101074      0.101074   WU     9.378320      9.378320
 ( 9   3) <--> ( 9   2)        0.064728      0.000221      0.000221   WU     0.020461      0.020461
 ( 9   3) <--> ( 9   3)      -13.089467     -8.127017   (eb)
 ( 9   4) <--> ( 9   1)        0.255813      0.003444      0.003444   WU     0.319580      0.319580
 ( 9   4) <--> ( 9   2)       -1.536157      0.124199      0.124199   WU    11.524045     11.524045
 ( 9   4) <--> ( 9   3)        2.470395      0.321203      0.321203   WU    29.803429     29.803429
 ( 9   4) <--> ( 9   4)       -9.628359     -5.978076   (eb)
 ( 9   1) <--> (10   1)       -2.136932      0.240341      0.217451   WU    22.300516     20.176657
 ( 9   1) <--> (10   2)       -0.305937      0.004926      0.004457   WU     0.457085      0.413553
 ( 9   1) <--> (10   3)       -8.295646      3.621986      3.277035   WU   336.073167    304.066199
 ( 9   1) <--> (10   4)        0.277015      0.004039      0.003654   WU     0.374747      0.339057
 ( 9   2) <--> (10   1)       -0.032297      0.000055      0.000050   WU     0.005094      0.004609
 ( 9   2) <--> (10   2)       -0.091066      0.000436      0.000395   WU     0.040499      0.036642
 ( 9   2) <--> (10   3)       -1.572227      0.130100      0.117709   WU    12.071577     10.921903
 ( 9   2) <--> (10   4)       -0.314227      0.005197      0.004702   WU     0.482193      0.436270
 ( 9   3) <--> (10   1)       -0.052945      0.000148      0.000133   WU     0.013689      0.012386
 ( 9   3) <--> (10   2)        0.071773      0.000271      0.000245   WU     0.025157      0.022761
 ( 9   3) <--> (10   3)       -0.967675      0.049284      0.044590   WU     4.572906      4.137391
 ( 9   3) <--> (10   4)        2.775498      0.405442      0.366828   WU    37.619711     34.036881
 ( 9   4) <--> (10   1)        0.123424      0.000802      0.000725   WU     0.074393      0.067308
 ( 9   4) <--> (10   2)        0.408585      0.008786      0.007950   WU     0.815264      0.737620
 ( 9   4) <--> (10   3)        0.071023      0.000265      0.000240   WU     0.024634      0.022288
 ( 9   4) <--> (10   4)        0.137256      0.000992      0.000897   WU     0.092001      0.083239
 (10   1) <--> (10   1)      -18.059240    -10.828201   (eb)
 (10   2) <--> (10   1)        0.096253      0.000441      0.000441   WU     0.040935      0.040935
 (10   2) <--> (10   2)        2.522850      1.512684   (eb)
 (10   3) <--> (10   1)        2.196798      0.229806      0.229806   WU    21.322985     21.322985
 (10   3) <--> (10   2)       -0.674013      0.021633      0.021633   WU     2.007265      2.007265
 (10   3) <--> (10   3)      -15.751257     -9.444350   (eb)
 (10   4) <--> (10   1)        1.750274      0.145879      0.145879   WU    13.535681     13.535681
 (10   4) <--> (10   2)       -0.036703      0.000064      0.000064   WU     0.005952      0.005952
 (10   4) <--> (10   3)        0.730913      0.025440      0.025440   WU     2.360473      2.360473
 (10   4) <--> (10   4)      -17.066958    -10.233235   (eb)
 
  quadrupole shape invariant: 01+, 02+, 03+, 04+
quadr2     1.12498658     1.93300934     2.87718789     2.79444624
quadr3     0.54398193     0.47180170    -0.10489178     3.50892594
  effective deformation parameters:  01+, 02+, 03+, 04+
beteff     0.07391124     0.09688439     0.11820095     0.11648895
cos3ga     0.45589357     0.17555313    -0.02149261     0.75115673
 
 ********* END Transition **************************
