 ********* BEGIN READER ****************************
 
 Nucleus            :  _U  92 172
 Imin, Imax         :     0  10
 imu, remu          :     1 12.0000
 nlevel             :     4
 observables        :     2
 wave fun           :     1
 nbet, ngam, npar   :    10   7  10
 Finish reading parameters: V, B_k ...
 
 ********* END READER ******************************
 
 ********* BEGIN LEVELS ********************
 
 E_0 = -1915.818132
 
  I=   0   ntot= 127
   0   1    0.000000
   0   2    1.497343
   0   3    1.874121
   0   4    3.024923
 
  I=   2   ntot= 234
   2   1    0.658452
   2   2    1.341170
   2   3    2.333821
   2   4    2.741708
 
  I=   3   ntot= 108
   3   1    2.007512
   3   2    3.667622
   3   3    4.581030
   3   4    4.598483
 
  I=   4   ntot= 324
   4   1    1.416358
   4   2    2.114091
   4   3    2.774161
   4   4    3.164863
 
  I=   5   ntot= 198
   5   1    2.858001
   5   2    3.573389
   5   3    4.458216
   5   4    4.717051
 
  I=   6   ntot= 432
   6   1    2.291074
   6   2    2.977433
   6   3    3.680393
   6   4    3.999678
 
  I=   7   ntot= 306
   7   1    3.812156
   7   2    4.555604
   7   3    4.897097
   7   4    5.253205
 
  I=   8   ntot= 522
   8   1    3.260837
   8   2    3.935679
   8   3    4.194499
   8   4    4.633441
 
  I=   9   ntot= 397
   9   1    4.846815
   9   2    5.130171
   9   3    5.576049
   9   4    5.930021
 
  I=  10   ntot= 630
  10   1    4.295797
  10   2    4.439484
  10   3    4.967087
  10   4    5.261232
 
 ********* END LEVELS **********************
 
 ********* BEGIN Transition ************************
 
  Monopole moment 
 
   I   n    <In|E0|In>   ave \beta      del<b>   ave \gamma    del<g>  
     K=0       K=2       K=4   
   0   1     35.668538    0.125851    0.036870   26.680391   10.932854  100.0000    0.0000    0.0000
   0   2     35.785630    0.149777    0.056114   32.782565   10.343330  100.0000    0.0000    0.0000
   0   3     35.821801    0.162223    0.038441   28.797223   14.155277  100.0000    0.0000    0.0000
   0   4     36.108473    0.205241    0.062538   39.102917    9.106371  100.0000    0.0000    0.0000
   2   1     35.729695    0.144137    0.033489   25.271399   10.658761   89.4674   10.5326    0.0000
   2   2     35.802580    0.159875    0.033925   31.974106   10.403430   15.8839   84.1161    0.0000
   2   3     35.926089    0.178426    0.048967   35.622384    9.414831   80.3404   19.6596    0.0000
   2   4     35.846917    0.167359    0.046707   27.286797   11.596653   64.8913   35.1087    0.0000
   3   1     35.841736    0.168634    0.032319   30.025355    8.430073    0.0000  100.0000    0.0000
   3   2     36.138934    0.212429    0.051375   35.746337    7.721867    0.0000  100.0000    0.0000
   3   3     37.354483    0.399467    0.165995   12.037574   12.072607    0.0000   99.9998    0.0000
   3   4     37.541636    0.421130    0.164238   11.032440   10.931144    0.0000   99.9998    0.0000
   4   1     35.779460    0.156102    0.032225   25.382303   10.587909   81.5386   15.4434    3.0180
   4   2     35.870370    0.172077    0.034944   32.944789   11.302985   27.4792   40.8714   31.6495
   4   3     35.917612    0.180901    0.034693   32.767032    9.515523    4.1457   36.7844   59.0699
   4   4     36.022071    0.194921    0.049836   35.660146    9.692514   58.3054   30.4312   11.2634
   5   1     35.894630    0.177988    0.032870   30.428525    8.441366    0.0000   76.2377   23.7623
   5   2     35.955485    0.187613    0.035188   31.634695    8.483034    0.0000   27.1046   72.8954
   5   3     36.277197    0.233340    0.056841   35.266112    8.042246    0.0000   56.5871   43.4129
   5   4     38.905510    0.546986    0.055127    9.451087    6.555097    0.0000   99.9060    0.0937
   6   1     35.833830    0.167119    0.032469   26.991968   10.550464   69.2727   24.1698    4.8495
   6   2     35.940366    0.183461    0.037645   33.415662   11.946819   39.5682   23.1413   21.7508
   6   3     36.017350    0.195481    0.040160   35.169469   10.891065   11.4884   33.9335    6.4468
   6   4     39.030828    0.561508    0.052826    6.545091    7.271676   99.8366    0.1136    0.0296
   7   1     35.960574    0.188545    0.034688   31.432397    8.385856    0.0000   56.4551   34.1349
   7   2     36.051440    0.201878    0.042013   33.034757    9.100613    0.0000   40.3534   18.3954
   7   3     38.937866    0.549864    0.053866    9.350791    6.412335    0.0000   99.8892    0.1041
   7   4     36.450492    0.259078    0.067948   33.992671   10.002736    0.0000   29.6365   46.8743
   8   1     35.904937    0.179455    0.034236   29.697857   10.410431   54.1076   32.6224    9.0216
   8   2     36.023686    0.196186    0.042588   34.231026   12.215147   47.4206   13.5348   16.6956
   8   3     39.057895    0.563831    0.051282    6.481402    7.116472   99.8599    0.1371    0.0007
   8   4     36.137361    0.212480    0.049711   36.985176   11.582234   22.2682   26.6176    7.2967
   9   1     36.055186    0.202572    0.038955   32.920706    8.288283    0.0000   38.7228   37.8869
   9   2     38.973993    0.553069    0.052710    9.241040    6.248667    0.0000   99.7595    0.2343
   9   3     36.227507    0.227295    0.055887   34.733904    8.844529    0.0000   40.6273   11.0526
   9   4     38.772381    0.531156    0.070455   11.984443    7.349017    0.0000    5.5697   92.6122
  10   1     36.006372    0.194932    0.037787   32.867255   10.049259   39.2862   37.2110   14.3237
  10   2     39.082643    0.565960    0.050720    6.426856    7.029732   99.7043    0.2919    0.0010
  10   3     36.143895    0.213787    0.050762   35.791101   11.740059   45.9784   14.9035   11.7755
  10   4     38.979706    0.553586    0.053538    9.221110    6.433927    2.0157   97.6296    0.3424
 
  rho^2(E0) 
 
   I  n_1 n_2  <In_1|E0|In_2>  rho^2(E0) 
   0   1   1       35.668538 3066.309147
   0   2   1       -0.113119    0.030840
   0   2   2       35.785630 3086.474317
   0   3   1        0.015874    0.000607
   0   3   2        0.081264    0.015916
   0   3   3       35.821801 3092.716830
   0   4   1        0.025484    0.001565
   0   4   2       -0.187352    0.084599
   0   4   3       -0.112161    0.030320
   0   4   4       36.108473 3142.415281
   2   1   1       35.729695 3076.833145
   2   2   1       -0.011957    0.000345
   2   2   2       35.802580 3089.398859
   2   3   1       -0.109445    0.028869
   2   3   2        0.047139    0.005356
   2   3   3       35.926089 3110.750782
   2   4   1        0.065869    0.010457
   2   4   2       -0.072772    0.012764
   2   4   3        0.016397    0.000648
   2   4   4       35.846917 3097.055210
   3   1   1       35.841736 3096.160032
   3   2   1       -0.156419    0.058969
   3   2   2       36.138934 3147.719264
   3   3   1        0.049181    0.005830
   3   3   2       -0.076832    0.014228
   3   3   3       37.354483 3363.030413
   3   4   1        0.051368    0.006360
   3   4   2       -0.035062    0.002963
   3   4   3       -1.420193    4.861161
   3   4   4       37.541636 3396.813680
   4   1   1       35.779460 3085.410049
   4   2   1       -0.035974    0.003119
   4   2   2       35.870370 3101.109026
   4   3   1        0.000350    0.000000
   4   3   2       -0.043545    0.004570
   4   3   3       35.917612 3109.282972
   4   4   1       -0.114187    0.031425
   4   4   2        0.087925    0.018633
   4   4   3       -0.007539    0.000137
   4   4   4       36.022071 3127.394644
   5   1   1       35.894630 3105.305176
   5   2   1       -0.047292    0.005390
   5   2   2       35.955485 3115.843427
   5   3   1       -0.167216    0.067391
   5   3   2        0.089653    0.019372
   5   3   3       36.277197 3171.851049
   5   4   1        0.003049    0.000022
   5   4   2       -0.004933    0.000059
   5   4   3        0.056897    0.007802
   5   4   4       38.905510 3648.106826
   6   1   1       35.833830 3094.794249
   6   2   1       -0.067336    0.010928
   6   2   2       35.940366 3113.223543
   6   3   1       -0.013516    0.000440
   6   3   2        0.096186    0.022298
   6   3   3       36.017350 3126.574845
   6   4   1        0.005818    0.000082
   6   4   2       -0.005319    0.000068
   6   4   3       -0.001573    0.000006
   6   4   4       39.030828 3671.646491
   7   1   1       35.960574 3116.725466
   7   2   1       -0.094107    0.021345
   7   2   2       36.051440 3132.496286
   7   3   1        0.004995    0.000060
   7   3   2       -0.003895    0.000037
   7   3   3       38.937866 3654.177352
   7   4   1       -0.164903    0.065539
   7   4   2        0.176492    0.075075
   7   4   3        0.081850    0.016146
   7   4   4       36.450492 3202.227094
   8   1   1       35.904937 3107.088767
   8   2   1       -0.110076    0.029203
   8   2   2       36.023686 3127.675097
   8   3   1       -0.000964    0.000002
   8   3   2        0.001374    0.000005
   8   3   3       39.057895 3676.740654
   8   4   1       -0.043256    0.004510
   8   4   2        0.171234    0.070668
   8   4   3       -0.002272    0.000012
   8   4   4       36.137361 3147.445332
   9   1   1       36.055186 3133.147313
   9   2   1       -0.013611    0.000446
   9   2   2       38.973993 3660.961202
   9   3   1       -0.170632    0.070172
   9   3   2       -0.011252    0.000305
   9   3   3       36.227507 3163.167719
   9   4   1       -0.033661    0.002731
   9   4   2       -0.108298    0.028267
   9   4   3        0.088837    0.019021
   9   4   4       38.772381 3623.183095
  10   1   1       36.006372 3124.669299
  10   2   1        0.008216    0.000163
  10   2   2       39.082643 3681.401396
  10   3   1       -0.171143    0.070593
  10   3   2        0.002564    0.000016
  10   3   3       36.143895 3148.583662
  10   4   1        0.004274    0.000044
  10   4   2       -0.064649    0.010073
  10   4   3       -0.016166    0.000630
  10   4   4       38.979706 3662.034697
 
  E2 transition 
 
  I1  n1        I2  n2       <f||E2||i>   B(E2,I1->I2)  B(E2,I2->I1)
 ( 0   1) <--> ( 2   1)        1.459164      2.129159      0.425832   WU   211.649039     42.329808
 ( 0   1) <--> ( 2   2)       -0.032786      0.001075      0.000215   WU     0.106851      0.021370
 ( 0   1) <--> ( 2   3)       -0.069555      0.004838      0.000968   WU     0.480908      0.096182
 ( 0   1) <--> ( 2   4)        0.030734      0.000945      0.000189   WU     0.093896      0.018779
 ( 0   2) <--> ( 2   1)       -0.810520      0.656943      0.131389   WU    65.303382     13.060676
 ( 0   2) <--> ( 2   2)        0.315524      0.099555      0.019911   WU     9.896277      1.979255
 ( 0   2) <--> ( 2   3)        1.407086      1.979892      0.395978   WU   196.811126     39.362225
 ( 0   2) <--> ( 2   4)       -0.476470      0.227023      0.045405   WU    22.567270      4.513454
 ( 0   3) <--> ( 2   1)        0.362626      0.131498      0.026300   WU    13.071541      2.614308
 ( 0   3) <--> ( 2   2)        0.908663      0.825669      0.165134   WU    82.075599     16.415120
 ( 0   3) <--> ( 2   3)        0.897415      0.805354      0.161071   WU    80.056204     16.011241
 ( 0   3) <--> ( 2   4)        1.160570      1.346923      0.269385   WU   133.890897     26.778179
 ( 0   4) <--> ( 2   1)        0.083221      0.006926      0.001385   WU     0.688451      0.137690
 ( 0   4) <--> ( 2   2)       -0.015999      0.000256      0.000051   WU     0.025445      0.005089
 ( 0   4) <--> ( 2   3)       -0.974930      0.950489      0.190098   WU    94.483362     18.896672
 ( 0   4) <--> ( 2   4)        0.663473      0.440197      0.088039   WU    43.757749      8.751550
 ( 2   1) <--> ( 2   1)       -1.171288     -0.887758   (eb)
 ( 2   2) <--> ( 2   1)       -1.635065      0.534687      0.534687   WU    53.150603     53.150603
 ( 2   2) <--> ( 2   2)        1.255877      0.951871   (eb)
 ( 2   3) <--> ( 2   1)        0.302885      0.018348      0.018348   WU     1.823867      1.823867
 ( 2   3) <--> ( 2   2)        0.432009      0.037326      0.037326   WU     3.710420      3.710420
 ( 2   3) <--> ( 2   3)       -0.858805     -0.650917   (eb)
 ( 2   4) <--> ( 2   1)       -0.147087      0.004327      0.004327   WU     0.430118      0.430118
 ( 2   4) <--> ( 2   2)       -0.715629      0.102425      0.102425   WU    10.181546     10.181546
 ( 2   4) <--> ( 2   3)       -1.031542      0.212816      0.212816   WU    21.154939     21.154939
 ( 2   4) <--> ( 2   4)       -0.533502     -0.404359   (eb)
 ( 2   1) <--> ( 3   1)       -0.033537      0.000225      0.000161   WU     0.022361      0.015972
 ( 2   1) <--> ( 3   2)       -0.059013      0.000697      0.000498   WU     0.069237      0.049455
 ( 2   1) <--> ( 3   3)       -0.019094      0.000073      0.000052   WU     0.007248      0.005177
 ( 2   1) <--> ( 3   4)       -0.016979      0.000058      0.000041   WU     0.005732      0.004094
 ( 2   2) <--> ( 3   1)       -2.508087      1.258100      0.898643   WU   125.061465     89.329618
 ( 2   2) <--> ( 3   2)        0.192164      0.007385      0.005275   WU     0.734149      0.524392
 ( 2   2) <--> ( 3   3)       -0.067317      0.000906      0.000647   WU     0.090092      0.064351
 ( 2   2) <--> ( 3   4)       -0.072183      0.001042      0.000744   WU     0.103587      0.073990
 ( 2   3) <--> ( 3   1)        0.974222      0.189822      0.135587   WU    18.869228     13.478020
 ( 2   3) <--> ( 3   2)        0.075067      0.001127      0.000805   WU     0.112031      0.080022
 ( 2   3) <--> ( 3   3)        0.021491      0.000092      0.000066   WU     0.009182      0.006559
 ( 2   3) <--> ( 3   4)        0.030278      0.000183      0.000131   WU     0.018227      0.013019
 ( 2   4) <--> ( 3   1)        1.446686      0.418580      0.298986   WU    41.608941     29.720672
 ( 2   4) <--> ( 3   2)       -1.401554      0.392871      0.280622   WU    39.053321     27.895229
 ( 2   4) <--> ( 3   3)        0.192051      0.007377      0.005269   WU     0.733286      0.523776
 ( 2   4) <--> ( 3   4)        0.197219      0.007779      0.005556   WU     0.773278      0.552342
 ( 2   1) <--> ( 4   1)        2.735616      1.496719      0.831511   WU   148.781391     82.656328
 ( 2   1) <--> ( 4   2)        0.126446      0.003198      0.001777   WU     0.317869      0.176594
 ( 2   1) <--> ( 4   3)       -0.008276      0.000014      0.000008   WU     0.001362      0.000756
 ( 2   1) <--> ( 4   4)       -0.146086      0.004268      0.002371   WU     0.424282      0.235712
 ( 2   2) <--> ( 4   1)       -0.069284      0.000960      0.000533   WU     0.095433      0.053019
 ( 2   2) <--> ( 4   2)        2.252877      1.015091      0.563939   WU   100.905101     56.058389
 ( 2   2) <--> ( 4   3)        0.138879      0.003857      0.002143   WU     0.383453      0.213030
 ( 2   2) <--> ( 4   4)       -0.057564      0.000663      0.000368   WU     0.065878      0.036599
 ( 2   3) <--> ( 4   1)       -0.846678      0.143373      0.079652   WU    14.251971      7.917761
 ( 2   3) <--> ( 4   2)        1.010264      0.204127      0.113404   WU    20.291216     11.272898
 ( 2   3) <--> ( 4   3)        0.127984      0.003276      0.001820   WU     0.325648      0.180915
 ( 2   3) <--> ( 4   4)        2.930779      1.717893      0.954385   WU   170.767159     94.870644
 ( 2   4) <--> ( 4   1)        0.772570      0.119373      0.066318   WU    11.866268      6.592371
 ( 2   4) <--> ( 4   2)        0.324807      0.021100      0.011722   WU     2.097433      1.165241
 ( 2   4) <--> ( 4   3)        0.451050      0.040689      0.022605   WU     4.044713      2.247063
 ( 2   4) <--> ( 4   4)        0.035906      0.000258      0.000143   WU     0.025632      0.014240
 ( 3   1) <--> ( 3   1)        0.000000      0.000000   (eb)
 ( 3   2) <--> ( 3   1)        0.000000      0.000000      0.000000   WU     0.000000      0.000000
 ( 3   2) <--> ( 3   2)        0.000000      0.000000   (eb)
 ( 3   3) <--> ( 3   1)        0.000000      0.000000      0.000000   WU     0.000000      0.000000
 ( 3   3) <--> ( 3   2)        0.000000      0.000000      0.000000   WU     0.000000      0.000000
 ( 3   3) <--> ( 3   3)        0.000000      0.000000   (eb)
 ( 3   4) <--> ( 3   1)        0.000000      0.000000      0.000000   WU     0.000000      0.000000
 ( 3   4) <--> ( 3   2)        0.000000      0.000000      0.000000   WU     0.000000      0.000000
 ( 3   4) <--> ( 3   3)        0.000000      0.000000      0.000000   WU     0.000000      0.000000
 ( 3   4) <--> ( 3   4)        0.000000      0.000000   (eb)
 ( 3   1) <--> ( 4   1)        1.361297      0.264733      0.205903   WU    26.315770     20.467821
 ( 3   1) <--> ( 4   2)       -1.222819      0.213612      0.166143   WU    21.234147     16.515448
 ( 3   1) <--> ( 4   3)       -2.390694      0.816488      0.635046   WU    81.162996     63.126775
 ( 3   1) <--> ( 4   4)       -0.123321      0.002173      0.001690   WU     0.215967      0.167974
 ( 3   2) <--> ( 4   1)       -0.074631      0.000796      0.000619   WU     0.079094      0.061518
 ( 3   2) <--> ( 4   2)        0.397921      0.022620      0.017593   WU     2.248560      1.748880
 ( 3   2) <--> ( 4   3)        0.594863      0.050552      0.039318   WU     5.025087      3.908401
 ( 3   2) <--> ( 4   4)        1.935167      0.534982      0.416097   WU    53.179847     41.362103
 ( 3   3) <--> ( 4   1)        0.036873      0.000194      0.000151   WU     0.019308      0.015017
 ( 3   3) <--> ( 4   2)       -0.090516      0.001170      0.000910   WU     0.116348      0.090493
 ( 3   3) <--> ( 4   3)       -0.290967      0.012095      0.009407   WU     1.202258      0.935089
 ( 3   3) <--> ( 4   4)        0.175351      0.004393      0.003416   WU     0.436641      0.339609
 ( 3   4) <--> ( 4   1)        0.038838      0.000215      0.000168   WU     0.021420      0.016660
 ( 3   4) <--> ( 4   2)       -0.096264      0.001324      0.001030   WU     0.131594      0.102351
 ( 3   4) <--> ( 4   3)       -0.299376      0.012804      0.009958   WU     1.272749      0.989916
 ( 3   4) <--> ( 4   4)        0.180129      0.004635      0.003605   WU     0.460764      0.358372
 ( 3   1) <--> ( 5   1)        2.874289      1.180219      0.751049   WU   117.319708     74.657996
 ( 3   1) <--> ( 5   2)        0.347632      0.017264      0.010986   WU     1.716132      1.092084
 ( 3   1) <--> ( 5   3)       -0.175984      0.004424      0.002815   WU     0.439803      0.279875
 ( 3   1) <--> ( 5   4)        0.004207      0.000003      0.000002   WU     0.000251      0.000160
 ( 3   2) <--> ( 5   1)       -0.815269      0.094952      0.060424   WU     9.438688      6.006438
 ( 3   2) <--> ( 5   2)        1.031281      0.151934      0.096685   WU    15.103026      9.611016
 ( 3   2) <--> ( 5   3)        3.244583      1.503903      0.957029   WU   149.495477     95.133485
 ( 3   2) <--> ( 5   4)       -0.027195      0.000106      0.000067   WU     0.010502      0.006683
 ( 3   3) <--> ( 5   1)        0.381728      0.020817      0.013247   WU     2.069272      1.316809
 ( 3   3) <--> ( 5   2)        0.621766      0.055228      0.035145   WU     5.489891      3.493567
 ( 3   3) <--> ( 5   3)       -0.850570      0.103353      0.065770   WU    10.273773      6.537856
 ( 3   3) <--> ( 5   4)       -6.955691      6.911663      4.398331   WU   687.053857    437.216091
 ( 3   4) <--> ( 5   1)        0.387070      0.021403      0.013620   WU     2.127598      1.353926
 ( 3   4) <--> ( 5   2)        0.605707      0.052412      0.033353   WU     5.209972      3.315437
 ( 3   4) <--> ( 5   3)       -0.347580      0.017259      0.010983   WU     1.715613      1.091754
 ( 3   4) <--> ( 5   4)        7.415190      7.855005      4.998640   WU   780.826768    496.889761
 ( 4   1) <--> ( 4   1)       -1.519270     -1.145675   (eb)
 ( 4   2) <--> ( 4   1)       -1.752255      0.341155      0.341155   WU    33.912551     33.912551
 ( 4   2) <--> ( 4   2)        0.485951      0.366454   (eb)
 ( 4   3) <--> ( 4   1)        0.035349      0.000139      0.000139   WU     0.013801      0.013801
 ( 4   3) <--> ( 4   2)       -2.504704      0.697060      0.697060   WU    69.291250     69.291250
 ( 4   3) <--> ( 4   3)        1.518390      1.145011   (eb)
 ( 4   4) <--> ( 4   1)        0.416109      0.019239      0.019239   WU     1.912407      1.912407
 ( 4   4) <--> ( 4   2)        0.350098      0.013619      0.013619   WU     1.353769      1.353769
 ( 4   4) <--> ( 4   3)        0.421570      0.019747      0.019747   WU     1.962928      1.962928
 ( 4   4) <--> ( 4   4)       -0.697750     -0.526170   (eb)
 ( 4   1) <--> ( 5   1)        0.111398      0.001379      0.001128   WU     0.137064      0.112143
 ( 4   1) <--> ( 5   2)       -0.012772      0.000018      0.000015   WU     0.001802      0.001474
 ( 4   1) <--> ( 5   3)       -0.071698      0.000571      0.000467   WU     0.056778      0.046455
 ( 4   1) <--> ( 5   4)        0.002318      0.000001      0.000000   WU     0.000059      0.000049
 ( 4   2) <--> ( 5   1)       -2.102103      0.490982      0.401713   WU    48.806065     39.932235
 ( 4   2) <--> ( 5   2)        0.053184      0.000314      0.000257   WU     0.031241      0.025561
 ( 4   2) <--> ( 5   3)        0.202185      0.004542      0.003716   WU     0.451506      0.369414
 ( 4   2) <--> ( 5   4)       -0.005722      0.000004      0.000003   WU     0.000362      0.000296
 ( 4   3) <--> ( 5   1)        0.362249      0.014580      0.011929   WU     1.449371      1.185849
 ( 4   3) <--> ( 5   2)       -3.663780      1.491476      1.220299   WU   148.260188    121.303790
 ( 4   3) <--> ( 5   3)        0.052846      0.000310      0.000254   WU     0.030846      0.025238
 ( 4   3) <--> ( 5   4)        0.004266      0.000002      0.000002   WU     0.000201      0.000164
 ( 4   4) <--> ( 5   1)        1.364668      0.206924      0.169302   WU    20.569312     16.829437
 ( 4   4) <--> ( 5   2)        0.151081      0.002536      0.002075   WU     0.252106      0.206268
 ( 4   4) <--> ( 5   3)        0.388830      0.016799      0.013744   WU     1.669880      1.366265
 ( 4   4) <--> ( 5   4)       -0.004645      0.000002      0.000002   WU     0.000238      0.000195
 ( 4   1) <--> ( 6   1)        3.847016      1.644393      1.138426   WU   163.460837    113.165195
 ( 4   1) <--> ( 6   2)        0.346739      0.013359      0.009248   WU     1.327921      0.919330
 ( 4   1) <--> ( 6   3)       -0.012960      0.000019      0.000013   WU     0.001855      0.001284
 ( 4   1) <--> ( 6   4)        0.008552      0.000008      0.000006   WU     0.000808      0.000559
 ( 4   2) <--> ( 6   1)       -0.507474      0.028614      0.019810   WU     2.844415      1.969210
 ( 4   2) <--> ( 6   2)        3.559700      1.407941      0.974728   WU   139.956336     96.892848
 ( 4   2) <--> ( 6   3)       -0.362520      0.014602      0.010109   WU     1.451539      1.004912
 ( 4   2) <--> ( 6   4)        0.000118      0.000000      0.000000   WU     0.000000      0.000000
 ( 4   3) <--> ( 6   1)       -0.361900      0.014552      0.010075   WU     1.446584      1.001481
 ( 4   3) <--> ( 6   2)        0.061906      0.000426      0.000295   WU     0.042329      0.029304
 ( 4   3) <--> ( 6   3)       -2.826058      0.887400      0.614354   WU    88.212033     61.069869
 ( 4   3) <--> ( 6   4)       -0.007395      0.000006      0.000004   WU     0.000604      0.000418
 ( 4   4) <--> ( 6   1)       -1.021373      0.115911      0.080246   WU    11.522172      7.976888
 ( 4   4) <--> ( 6   2)        1.339475      0.199355      0.138015   WU    19.816851     13.719359
 ( 4   4) <--> ( 6   3)        0.301887      0.010126      0.007010   WU     1.006597      0.696875
 ( 4   4) <--> ( 6   4)       -0.194603      0.004208      0.002913   WU     0.418276      0.289576
 ( 5   1) <--> ( 5   1)       -0.388988     -0.282454   (eb)
 ( 5   2) <--> ( 5   1)       -2.077671      0.392429      0.392429   WU    39.009371     39.009371
 ( 5   2) <--> ( 5   2)        0.545746      0.396281   (eb)
 ( 5   3) <--> ( 5   1)        0.247425      0.005565      0.005565   WU     0.553225      0.553225
 ( 5   3) <--> ( 5   2)        0.450650      0.018462      0.018462   WU     1.835242      1.835242
 ( 5   3) <--> ( 5   3)        0.573115      0.416155   (eb)
 ( 5   4) <--> ( 5   1)       -0.002224      0.000000      0.000000   WU     0.000045      0.000045
 ( 5   4) <--> ( 5   2)       -0.012330      0.000014      0.000014   WU     0.001374      0.001374
 ( 5   4) <--> ( 5   3)       -0.199769      0.003628      0.003628   WU     0.360638      0.360638
 ( 5   4) <--> ( 5   4)       -7.063749     -5.129178   (eb)
 ( 5   1) <--> ( 6   1)        1.857643      0.313713      0.265449   WU    31.184593     26.386963
 ( 5   1) <--> ( 6   2)       -1.216017      0.134427      0.113746   WU    13.362722     11.306919
 ( 5   1) <--> ( 6   3)        1.614490      0.236962      0.200506   WU    23.555174     19.931301
 ( 5   1) <--> ( 6   4)        0.013601      0.000017      0.000014   WU     0.001672      0.001415
 ( 5   2) <--> ( 6   1)        0.010619      0.000010      0.000009   WU     0.001019      0.000862
 ( 5   2) <--> ( 6   2)        1.279664      0.148867      0.125965   WU    14.798147     12.521509
 ( 5   2) <--> ( 6   3)        0.665922      0.040314      0.034112   WU     4.007395      3.390873
 ( 5   2) <--> ( 6   4)        0.006403      0.000004      0.000003   WU     0.000371      0.000314
 ( 5   3) <--> ( 6   1)       -0.134300      0.001640      0.001387   WU     0.162992      0.137916
 ( 5   3) <--> ( 6   2)        0.476572      0.020647      0.017471   WU     2.052447      1.736686
 ( 5   3) <--> ( 6   3)       -0.154957      0.002183      0.001847   WU     0.216990      0.183607
 ( 5   3) <--> ( 6   4)       -0.143650      0.001876      0.001587   WU     0.186477      0.157788
 ( 5   4) <--> ( 6   1)        0.003501      0.000001      0.000001   WU     0.000111      0.000094
 ( 5   4) <--> ( 6   2)       -0.012265      0.000014      0.000012   WU     0.001359      0.001150
 ( 5   4) <--> ( 6   3)       -0.001580      0.000000      0.000000   WU     0.000023      0.000019
 ( 5   4) <--> ( 6   4)       -0.925298      0.077834      0.065860   WU     7.737109      6.546784
 ( 5   1) <--> ( 7   1)        4.157002      1.570970      1.152044   WU   156.162224    114.518964
 ( 5   1) <--> ( 7   2)        0.543329      0.026837      0.019680   WU     2.667727      1.956333
 ( 5   1) <--> ( 7   3)        0.006829      0.000004      0.000003   WU     0.000421      0.000309
 ( 5   1) <--> ( 7   4)       -0.228445      0.004744      0.003479   WU     0.471606      0.345844
 ( 5   2) <--> ( 7   1)       -0.361360      0.011871      0.008705   WU     1.180038      0.865361
 ( 5   2) <--> ( 7   2)        3.209306      0.936331      0.686643   WU    93.075989     68.255726
 ( 5   2) <--> ( 7   3)        0.008630      0.000007      0.000005   WU     0.000673      0.000494
 ( 5   2) <--> ( 7   4)       -0.345851      0.010874      0.007974   WU     1.080920      0.792675
 ( 5   3) <--> ( 7   1)       -1.235724      0.138819      0.101801   WU    13.799349     10.119523
 ( 5   3) <--> ( 7   2)        1.508790      0.206950      0.151763   WU    20.571828     15.086007
 ( 5   3) <--> ( 7   3)       -0.403039      0.014767      0.010829   WU     1.467944      1.076492
 ( 5   3) <--> ( 7   4)        4.633043      1.951372      1.431006   WU   193.976127    142.249160
 ( 5   4) <--> ( 7   1)        0.018467      0.000031      0.000023   WU     0.003082      0.002260
 ( 5   4) <--> ( 7   2)       -0.037735      0.000129      0.000095   WU     0.012868      0.009437
 ( 5   4) <--> ( 7   3)      -14.060379     17.972205     13.179617   WU  1786.527032   1310.119823
 ( 5   4) <--> ( 7   4)       -0.373996      0.012716      0.009325   WU     1.264009      0.926940
 ( 6   1) <--> ( 6   1)       -1.569852     -1.094496   (eb)
 ( 6   2) <--> ( 6   1)       -1.972022      0.299144      0.299144   WU    29.736413     29.736413
 ( 6   2) <--> ( 6   2)        0.025875      0.018040   (eb)
 ( 6   3) <--> ( 6   1)       -0.143873      0.001592      0.001592   WU     0.158279      0.158279
 ( 6   3) <--> ( 6   2)        3.028876      0.705699      0.705699   WU    70.150013     70.150013
 ( 6   3) <--> ( 6   3)        1.854901      1.293232   (eb)
 ( 6   4) <--> ( 6   1)       -0.024184      0.000045      0.000045   WU     0.004472      0.004472
 ( 6   4) <--> ( 6   2)       -0.004395      0.000001      0.000001   WU     0.000148      0.000148
 ( 6   4) <--> ( 6   3)        0.020085      0.000031      0.000031   WU     0.003085      0.003085
 ( 6   4) <--> ( 6   4)      -13.202915     -9.205034   (eb)
 ( 6   1) <--> ( 7   1)        0.319402      0.007848      0.006801   WU     0.780082      0.676071
 ( 6   1) <--> ( 7   2)       -0.012559      0.000012      0.000011   WU     0.001206      0.001045
 ( 6   1) <--> ( 7   3)        0.001563      0.000000      0.000000   WU     0.000019      0.000016
 ( 6   1) <--> ( 7   4)       -0.072167      0.000401      0.000347   WU     0.039823      0.034513
 ( 6   2) <--> ( 7   1)       -1.925281      0.285131      0.247114   WU    28.343477     24.564347
 ( 6   2) <--> ( 7   2)        0.208289      0.003337      0.002892   WU     0.331741      0.287509
 ( 6   2) <--> ( 7   3)       -0.002427      0.000000      0.000000   WU     0.000045      0.000039
 ( 6   2) <--> ( 7   4)        0.192951      0.002864      0.002482   WU     0.284680      0.246723
 ( 6   3) <--> ( 7   1)       -0.715276      0.039355      0.034108   WU     3.912116      3.390501
 ( 6   3) <--> ( 7   2)        3.179556      0.777659      0.673972   WU    77.303241     66.996142
 ( 6   3) <--> ( 7   3)        0.006815      0.000004      0.000003   WU     0.000355      0.000308
 ( 6   3) <--> ( 7   4)        0.011961      0.000011      0.000010   WU     0.001094      0.000948
 ( 6   4) <--> ( 7   1)       -0.060978      0.000286      0.000248   WU     0.028433      0.024642
 ( 6   4) <--> ( 7   2)        0.007561      0.000004      0.000004   WU     0.000437      0.000379
 ( 6   4) <--> ( 7   3)       -0.883902      0.060099      0.052085   WU     5.974105      5.177558
 ( 6   4) <--> ( 7   4)       -0.049849      0.000191      0.000166   WU     0.019001      0.016468
 ( 6   1) <--> ( 8   1)        4.905594      1.851143      1.415580   WU   184.012841    140.715702
 ( 6   1) <--> ( 8   2)        0.615455      0.029137      0.022281   WU     2.896396      2.214891
 ( 6   1) <--> ( 8   3)       -0.000959      0.000000      0.000000   WU     0.000007      0.000005
 ( 6   1) <--> ( 8   4)       -0.071312      0.000391      0.000299   WU     0.038885      0.029736
 ( 6   2) <--> ( 8   1)       -1.028959      0.081443      0.062280   WU     8.095829      6.190928
 ( 6   2) <--> ( 8   2)        4.687152      1.689953      1.292317   WU   167.989784    128.462776
 ( 6   2) <--> ( 8   3)       -0.002967      0.000001      0.000001   WU     0.000067      0.000051
 ( 6   2) <--> ( 8   4)       -0.686760      0.036280      0.027743   WU     3.606405      2.757839
 ( 6   3) <--> ( 8   1)        0.343749      0.009089      0.006951   WU     0.903541      0.690943
 ( 6   3) <--> ( 8   2)        0.548233      0.023120      0.017680   WU     2.298242      1.757479
 ( 6   3) <--> ( 8   3)        0.000051      0.000000      0.000000   WU     0.000000      0.000000
 ( 6   3) <--> ( 8   4)        4.156097      1.328703      1.016067   WU   132.079724    101.002142
 ( 6   4) <--> ( 8   1)        0.065272      0.000328      0.000251   WU     0.032578      0.024913
 ( 6   4) <--> ( 8   2)       -0.080042      0.000493      0.000377   WU     0.048989      0.037462
 ( 6   4) <--> ( 8   3)      -17.314366     23.060559     17.634545   WU  2292.334808   1752.961912
 ( 6   4) <--> ( 8   4)       -0.045846      0.000162      0.000124   WU     0.016072      0.012290
 ( 7   1) <--> ( 7   1)       -0.329017     -0.220330   (eb)
 ( 7   2) <--> ( 7   1)       -2.467890      0.406032      0.406032   WU    40.361611     40.361611
 ( 7   2) <--> ( 7   2)        0.650748      0.435781   (eb)
 ( 7   3) <--> ( 7   1)       -0.020108      0.000027      0.000027   WU     0.002679      0.002679
 ( 7   3) <--> ( 7   2)       -0.000930      0.000000      0.000000   WU     0.000006      0.000006
 ( 7   3) <--> ( 7   3)      -10.771829     -7.213483   (eb)
 ( 7   4) <--> ( 7   1)        0.484873      0.015673      0.015673   WU     1.558020      1.558020
 ( 7   4) <--> ( 7   2)        1.178327      0.092564      0.092564   WU     9.201284      9.201284
 ( 7   4) <--> ( 7   3)       -0.326170      0.007092      0.007092   WU     0.705026      0.705026
 ( 7   4) <--> ( 7   4)        1.175032      0.786874   (eb)
 ( 7   1) <--> ( 8   1)        2.303007      0.353589      0.311991   WU    35.148546     31.013423
 ( 7   1) <--> ( 8   2)       -1.058665      0.074718      0.065928   WU     7.427356      6.553549
 ( 7   1) <--> ( 8   3)       -0.000787      0.000000      0.000000   WU     0.000004      0.000004
 ( 7   1) <--> ( 8   4)        1.151309      0.088367      0.077971   WU     8.784163      7.750732
 ( 7   2) <--> ( 8   1)       -0.059055      0.000232      0.000205   WU     0.023111      0.020392
 ( 7   2) <--> ( 8   2)        1.866257      0.232194      0.204877   WU    23.081284     20.365839
 ( 7   2) <--> ( 8   3)        0.000150      0.000000      0.000000   WU     0.000000      0.000000
 ( 7   2) <--> ( 8   4)        0.865920      0.049988      0.044107   WU     4.969046      4.384452
 ( 7   3) <--> ( 8   1)        0.003857      0.000001      0.000001   WU     0.000099      0.000087
 ( 7   3) <--> ( 8   2)       -0.011940      0.000010      0.000008   WU     0.000945      0.000834
 ( 7   3) <--> ( 8   3)       -1.179495      0.092747      0.081836   WU     9.219540      8.134889
 ( 7   3) <--> ( 8   4)       -0.013267      0.000012      0.000010   WU     0.001166      0.001029
 ( 7   4) <--> ( 8   1)       -0.181629      0.002199      0.001941   WU     0.218619      0.192899
 ( 7   4) <--> ( 8   2)        0.466755      0.014524      0.012815   WU     1.443760      1.273906
 ( 7   4) <--> ( 8   3)       -0.015886      0.000017      0.000015   WU     0.001672      0.001476
 ( 7   4) <--> ( 8   4)        0.840480      0.047094      0.041553   WU     4.681354      4.130607
 ( 7   1) <--> ( 9   1)        5.302257      1.874262      1.479680   WU   186.311003    147.087634
 ( 7   1) <--> ( 9   2)        0.014766      0.000015      0.000011   WU     0.001445      0.001141
 ( 7   1) <--> ( 9   3)        0.769502      0.039476      0.031165   WU     3.924063      3.097944
 ( 7   1) <--> ( 9   4)       -0.068983      0.000317      0.000250   WU     0.031536      0.024897
 ( 7   2) <--> ( 9   1)       -0.893050      0.053169      0.041976   WU     5.285287      4.172595
 ( 7   2) <--> ( 9   2)        0.012266      0.000010      0.000008   WU     0.000997      0.000787
 ( 7   2) <--> ( 9   3)        4.635316      1.432410      1.130850   WU   142.388730    112.412155
 ( 7   2) <--> ( 9   4)       -0.199784      0.002661      0.002101   WU     0.264508      0.208822
 ( 7   3) <--> ( 9   1)        0.111701      0.000832      0.000657   WU     0.082686      0.065279
 ( 7   3) <--> ( 9   2)      -16.942803     19.137238     15.108346   WU  1902.337155   1501.845122
 ( 7   3) <--> ( 9   3)       -0.008174      0.000004      0.000004   WU     0.000443      0.000350
 ( 7   3) <--> ( 9   4)       -0.401049      0.010723      0.008465   WU     1.065891      0.841493
 ( 7   4) <--> ( 9   1)       -1.604276      0.171580      0.135458   WU    17.055909     13.465192
 ( 7   4) <--> ( 9   2)       -0.419636      0.011740      0.009268   WU     1.166977      0.921298
 ( 7   4) <--> ( 9   3)        2.739030      0.500152      0.394857   WU    49.717655     39.250781
 ( 7   4) <--> ( 9   4)        1.773876      0.209776      0.165612   WU    20.852765     16.462710
 ( 8   1) <--> ( 8   1)       -1.310876     -0.844461   (eb)
 ( 8   2) <--> ( 8   1)       -2.204750      0.285937      0.285937   WU    28.423537     28.423537
 ( 8   2) <--> ( 8   2)       -0.140007     -0.090192   (eb)
 ( 8   3) <--> ( 8   1)        0.005848      0.000002      0.000002   WU     0.000200      0.000200
 ( 8   3) <--> ( 8   2)       -0.005432      0.000002      0.000002   WU     0.000173      0.000173
 ( 8   3) <--> ( 8   3)      -15.086708     -9.718797   (eb)
 ( 8   4) <--> ( 8   1)       -0.195839      0.002256      0.002256   WU     0.224264      0.224264
 ( 8   4) <--> ( 8   2)        3.390206      0.676088      0.676088   WU    67.206523     67.206523
 ( 8   4) <--> ( 8   3)        0.006771      0.000003      0.000003   WU     0.000268      0.000268
 ( 8   4) <--> ( 8   4)        1.786665      1.150963   (eb)
 ( 8   1) <--> ( 9   1)        0.589009      0.020408      0.018260   WU     2.028634      1.815094
 ( 8   1) <--> ( 9   2)        0.001304      0.000000      0.000000   WU     0.000010      0.000009
 ( 8   1) <--> ( 9   3)       -0.012323      0.000009      0.000008   WU     0.000888      0.000795
 ( 8   1) <--> ( 9   4)       -0.012058      0.000009      0.000008   WU     0.000850      0.000761
 ( 8   2) <--> ( 9   1)       -1.858402      0.203156      0.181771   WU    20.194758     18.068994
 ( 8   2) <--> ( 9   2)       -0.003967      0.000001      0.000001   WU     0.000092      0.000082
 ( 8   2) <--> ( 9   3)        0.439055      0.011339      0.010146   WU     1.127191      1.008539
 ( 8   2) <--> ( 9   4)        0.009338      0.000005      0.000005   WU     0.000510      0.000456
 ( 8   3) <--> ( 9   1)        0.008113      0.000004      0.000003   WU     0.000385      0.000344
 ( 8   3) <--> ( 9   2)       -0.894042      0.047018      0.042069   WU     4.673851      4.181867
 ( 8   3) <--> ( 9   3)        0.000949      0.000000      0.000000   WU     0.000005      0.000005
 ( 8   3) <--> ( 9   4)       -0.002884      0.000000      0.000000   WU     0.000049      0.000044
 ( 8   4) <--> ( 9   1)       -0.806764      0.038286      0.034256   WU     3.805859      3.405243
 ( 8   4) <--> ( 9   2)        0.003953      0.000001      0.000001   WU     0.000091      0.000082
 ( 8   4) <--> ( 9   3)        2.880328      0.488017      0.436647   WU    48.511325     43.404870
 ( 8   4) <--> ( 9   4)       -0.088389      0.000460      0.000411   WU     0.045683      0.040875
 ( 8   1) <--> (10   1)        5.989749      2.110417      1.708433   WU   209.786038    169.826792
 ( 8   1) <--> (10   2)       -0.012597      0.000009      0.000008   WU     0.000928      0.000751
 ( 8   1) <--> (10   3)        0.901926      0.047851      0.038737   WU     4.756647      3.850619
 ( 8   1) <--> (10   4)        0.008095      0.000004      0.000003   WU     0.000383      0.000310
 ( 8   2) <--> (10   1)       -1.618191      0.154032      0.124693   WU    15.311547     12.395062
 ( 8   2) <--> (10   2)       -0.004158      0.000001      0.000001   WU     0.000101      0.000082
 ( 8   2) <--> (10   3)        5.708995      1.917213      1.552030   WU   190.580600    154.279534
 ( 8   2) <--> (10   4)        0.028845      0.000049      0.000040   WU     0.004865      0.003938
 ( 8   3) <--> (10   1)       -0.057733      0.000196      0.000159   WU     0.019490      0.015777
 ( 8   3) <--> (10   2)      -19.609833     22.620327     18.311694   WU  2248.573598   1820.273865
 ( 8   3) <--> (10   3)       -0.005123      0.000002      0.000001   WU     0.000153      0.000124
 ( 8   3) <--> (10   4)       -0.123468      0.000897      0.000726   WU     0.089139      0.072160
 ( 8   4) <--> (10   1)        0.003466      0.000001      0.000001   WU     0.000070      0.000057
 ( 8   4) <--> (10   2)        0.009596      0.000005      0.000004   WU     0.000538      0.000436
 ( 8   4) <--> (10   3)        1.729514      0.175954      0.142439   WU    17.490715     14.159150
 ( 8   4) <--> (10   4)       -0.033503      0.000066      0.000053   WU     0.006564      0.005313
 ( 9   1) <--> ( 9   1)        0.054469      0.033819   (eb)
 ( 9   2) <--> ( 9   1)        0.061188      0.000197      0.000197   WU     0.019588      0.019588
 ( 9   2) <--> ( 9   2)      -13.378816     -8.306668   (eb)
 ( 9   3) <--> ( 9   1)       -2.623291      0.362192      0.362192   WU    36.003735     36.003735
 ( 9   3) <--> ( 9   2)        0.058624      0.000181      0.000181   WU     0.017981      0.017981
 ( 9   3) <--> ( 9   3)        1.190275      0.739021   (eb)
 ( 9   4) <--> ( 9   1)        0.286670      0.004325      0.004325   WU     0.429951      0.429951
 ( 9   4) <--> ( 9   2)        1.840489      0.178284      0.178284   WU    17.722335     17.722335
 ( 9   4) <--> ( 9   3)       -0.046539      0.000114      0.000114   WU     0.011332      0.011332
 ( 9   4) <--> ( 9   4)       -6.652167     -4.130212   (eb)
 ( 9   1) <--> (10   1)        2.740547      0.395295      0.357647   WU    39.294249     35.551940
 ( 9   1) <--> (10   2)       -0.000310      0.000000      0.000000   WU     0.000001      0.000000
 ( 9   1) <--> (10   3)       -0.864484      0.039333      0.035587   WU     3.909922      3.537549
 ( 9   1) <--> (10   4)        0.038539      0.000078      0.000071   WU     0.007770      0.007030
 ( 9   2) <--> (10   1)        0.001233      0.000000      0.000000   WU     0.000008      0.000007
 ( 9   2) <--> (10   2)       -1.404679      0.103849      0.093958   WU    10.323070      9.339920
 ( 9   2) <--> (10   3)        0.037092      0.000072      0.000066   WU     0.007198      0.006513
 ( 9   2) <--> (10   4)       -7.641957      3.073658      2.780929   WU   305.537013    276.438249
 ( 9   3) <--> (10   1)       -0.192966      0.001960      0.001773   WU     0.194813      0.176259
 ( 9   3) <--> (10   2)        0.002172      0.000000      0.000000   WU     0.000025      0.000022
 ( 9   3) <--> (10   3)        2.484724      0.324940      0.293993   WU    32.300636     29.224385
 ( 9   3) <--> (10   4)       -0.002118      0.000000      0.000000   WU     0.000023      0.000021
 ( 9   4) <--> (10   1)       -0.031196      0.000051      0.000046   WU     0.005092      0.004607
 ( 9   4) <--> (10   2)        0.002388      0.000000      0.000000   WU     0.000030      0.000027
 ( 9   4) <--> (10   3)        0.055282      0.000161      0.000146   WU     0.015989      0.014466
 ( 9   4) <--> (10   4)       -1.071550      0.060433      0.054677   WU     6.007303      5.435179
 (10   1) <--> (10   1)       -0.771658     -0.462681   (eb)
 (10   2) <--> (10   1)       -0.042851      0.000087      0.000087   WU     0.008692      0.008692
 (10   2) <--> (10   2)      -16.757855    -10.047899   (eb)
 (10   3) <--> (10   1)       -2.382053      0.270199      0.270199   WU    26.859116     26.859116
 (10   3) <--> (10   2)       -0.009994      0.000005      0.000005   WU     0.000473      0.000473
 (10   3) <--> (10   3)        0.110604      0.066317   (eb)
 (10   4) <--> (10   1)       -0.040449      0.000078      0.000078   WU     0.007745      0.007745
 (10   4) <--> (10   2)        1.686957      0.135515      0.135515   WU    13.470917     13.470917
 (10   4) <--> (10   3)        0.069631      0.000231      0.000231   WU     0.022950      0.022950
 (10   4) <--> (10   4)      -14.297525     -8.572702   (eb)
 
  quadrupole shape invariant: 01+, 02+, 03+, 04+
quadr2     2.14062579     3.06137123     3.67604301     5.59365120
quadr3     2.05809973     2.08399844     3.54636407     0.12432424
  effective deformation parameters:  01+, 02+, 03+, 04+
beteff     0.11241029     0.13442922     0.14730787     0.18171190
cos3ga     0.65713604     0.38906610     0.50316734     0.00939751
 
 ********* END Transition **************************
