 ********* BEGIN READER ****************************
 
 Nucleus            :  Mg  12  10
 Imin, Imax         :     0  10
 imu, remu          :     1 12.0000
 nlevel             :     4
 observables        :     2
 wave fun           :     1
 nbet, ngam, npar   :    16   7  10
 Finish reading parameters: V, B_k ...
 
 ********* END READER ******************************
 
 ********* BEGIN LEVELS ********************
 
 E_0 =  -167.870015
 
  I=   0   ntot= 127
   0   1    0.000000
   0   2   10.321921
   0   3   12.311876
   0   4   24.768351
 
  I=   2   ntot= 234
   2   1    3.621048
   2   2    9.753084
   2   3   16.468452
   2   4   18.609152
 
  I=   3   ntot= 108
   3   1   15.006260
   3   2   30.224090
   3   3   33.215999
   3   4   49.957154
 
  I=   4   ntot= 324
   4   1    8.790337
   4   2   16.690002
   4   3   23.532105
   4   4   24.021334
 
  I=   5   ntot= 198
   5   1   22.339417
   5   2   32.200653
   5   3   39.356197
   5   4   43.754729
 
  I=   6   ntot= 432
   6   1   15.550213
   6   2   24.892144
   6   3   32.572031
   6   4   33.887865
 
  I=   7   ntot= 306
   7   1   31.188888
   7   2   42.676713
   7   3   50.538172
   7   4   54.027615
 
  I=   8   ntot= 522
   8   1   23.803563
   8   2   34.457767
   8   3   42.687299
   8   4   45.383488
 
  I=   9   ntot= 397
   9   1   41.431446
   9   2   54.419724
   9   3   62.692759
   9   4   67.405938
 
  I=  10   ntot= 630
  10   1   33.551515
  10   2   45.568076
  10   3   54.743153
  10   4   58.189757
 
 ********* END LEVELS **********************
 
 ********* BEGIN Transition ************************
 
  Monopole moment 
 
   I   n    <In|E0|In>   ave \beta      del<b>   ave \gamma    del<g>  
     K=0       K=2       K=4   
   0   1      9.120613    0.403078    0.105629   21.983235   10.988479   99.9998    0.0000    0.0000
   0   2      9.142446    0.402857    0.158242   21.900469   10.566196   99.9995    0.0000    0.0000
   0   3      9.495357    0.467938    0.088502   29.592614   12.473201   99.9996    0.0000    0.0000
   0   4      9.325207    0.417570    0.171637   29.633553   10.042500   99.9987    0.0000    0.0000
   2   1      9.169996    0.436499    0.096809   19.163093   10.162921   96.1509    3.8488    0.0000
   2   2      9.400371    0.448491    0.096575   27.465806   10.435881   10.8480   89.1517    0.0000
   2   3      9.278558    0.430490    0.146184   24.960490    9.706003   88.1709   11.8286    0.0000
   2   4      9.435020    0.477865    0.093492   24.528413   11.592581   76.7522   23.2473    0.0000
   3   1      9.437868    0.478363    0.088587   23.600517    8.564109    0.0000   99.9996    0.0000
   3   2      9.508687    0.472106    0.126534   28.710876    7.585778    0.0000   99.9993    0.0000
   3   3      9.465870    0.492279    0.099903   22.928833   12.241241    0.0000   99.9994    0.0000
   3   4      9.553474    0.468341    0.137429   32.547329    7.875690    0.0000   99.9990    0.0000
   4   1      9.203942    0.460226    0.090590   17.265014    9.447741   96.0481    3.5687    0.3829
   4   2      9.455525    0.472028    0.090970   25.707449   10.388931   14.6330   75.4226    9.9439
   4   3      9.536597    0.484514    0.106251   27.516637   10.042682   52.4607   23.1687   24.3698
   4   4      9.378945    0.458443    0.122212   24.402584    9.861435   42.8029   22.2479   34.9486
   5   1      9.461448    0.497655    0.084000   21.592303    8.146743    0.0000   97.1156    2.8838
   5   2      9.644791    0.506623    0.082220   26.718518    8.388148    0.0000    8.2673   91.7321
   5   3      9.564635    0.494816    0.117931   27.170412    7.265286    0.0000   92.6242    7.3745
   5   4      9.450269    0.493573    0.103389   21.747743   11.140171    0.0000   86.1547   13.8447
   6   1      9.221842    0.476921    0.085405   15.650500    8.726812   96.3927    3.3580    0.2004
   6   2      9.474618    0.490492    0.085812   23.398801    9.905091   14.7748   77.2769    6.4216
   6   3      9.507425    0.494353    0.104975   24.775225    9.309810   70.2870   21.6828    5.5444
   6   4      9.418667    0.473085    0.113068   23.970943   11.477421   34.8586   30.4894   24.4129
   7   1      9.461382    0.510598    0.079486   19.703738    7.630966    0.0000   96.8670    3.0000
   7   2      9.657905    0.519636    0.078658   25.118984    8.397269    0.0000   10.4465   82.9908
   7   3      9.571532    0.508046    0.108241   25.076423    6.725646    0.0000   91.1092    8.5199
   7   4      9.725456    0.522662    0.084391   27.097527    9.121276    0.0000   10.7126   24.1752
   8   1      9.237610    0.490236    0.081529   14.497776    8.218677   96.6796    3.1205    0.1600
   8   2      9.487489    0.506383    0.081649   21.494221    9.248376   14.2358   79.5488    5.2788
   8   3      9.533245    0.509459    0.100207   23.584430    9.021125   70.1684   23.5122    4.3214
   8   4      9.413509    0.480183    0.109612   22.641763   11.527942   38.0038   30.3162   23.7586
   9   1      9.463820    0.521441    0.076101   18.345442    7.244314    0.0000   96.8062    3.0093
   9   2      9.664455    0.531788    0.075325   23.578394    8.100691    0.0000   12.2273   80.7528
   9   3      9.599301    0.522733    0.101582   23.895541    6.714135    0.0000   85.1767   13.5456
   9   4      9.674590    0.523240    0.088585   25.344895    9.576910    0.0000   19.3448   28.2800
  10   1      9.246926    0.500599    0.078224   13.452578    7.723843   97.2369    2.6284    0.1101
  10   2      9.478646    0.517104    0.077672   19.564096    8.591030   12.1266   83.0012    4.2933
  10   3      9.517280    0.516365    0.095782   21.791042    8.163411   74.6634   20.8224    3.4306
  10   4      9.460607    0.495252    0.103919   22.375945   11.284370   35.8121   28.6480   28.5009
 
  rho^2(E0) 
 
   I  n_1 n_2  <In_1|E0|In_2>  rho^2(E0) 
   0   1   1        9.120613   93.710573
   0   2   1       -0.275752    0.085660
   0   2   2        9.142446   94.159761
   0   3   1        0.193233    0.042063
   0   3   2       -0.168639    0.032037
   0   3   3        9.495357  101.569457
   0   4   1       -0.063569    0.004552
   0   4   2        0.347674    0.136171
   0   4   3       -0.198355    0.044323
   0   4   4        9.325207   97.961977
   2   1   1        9.169996   94.728104
   2   2   1       -0.042547    0.002039
   2   2   2        9.400371   99.547528
   2   3   1        0.305445    0.105101
   2   3   2       -0.121138    0.016531
   2   3   3        9.278558   96.984307
   2   4   1       -0.095776    0.010334
   2   4   2       -0.045835    0.002367
   2   4   3       -0.197995    0.044162
   2   4   4        9.435020  100.282739
   3   1   1        9.437868  100.343291
   3   2   1        0.367096    0.151810
   3   2   2        9.508687  101.854831
   3   3   1        0.018530    0.000387
   3   3   2        0.209706    0.049541
   3   3   3        9.465870  100.939614
   3   4   1        0.038204    0.001644
   3   4   2        0.427476    0.205856
   3   4   3        0.081032    0.007397
   3   4   4        9.553474  102.816592
   4   1   1        9.203942   95.430741
   4   2   1       -0.070234    0.005557
   4   2   2        9.455525  100.719093
   4   3   1        0.240539    0.065180
   4   3   2       -0.125755    0.017815
   4   3   3        9.536597  102.453638
   4   4   1        0.186322    0.039108
   4   4   2       -0.054018    0.003287
   4   4   3       -0.107010    0.012900
   4   4   4        9.378945   99.094266
   5   1   1        9.461448  100.845316
   5   2   1       -0.060080    0.004066
   5   2   2        9.644791  104.791536
   5   3   1       -0.347600    0.136113
   5   3   2        0.065922    0.004896
   5   3   3        9.564635  103.056961
   5   4   1       -0.015655    0.000276
   5   4   2        0.050293    0.002849
   5   4   3       -0.199792    0.044967
   5   4   4        9.450269  100.607167
   6   1   1        9.221842   95.802285
   6   2   1       -0.068731    0.005322
   6   2   2        9.474618  101.126271
   6   3   1        0.257382    0.074627
   6   3   2       -0.122665    0.016950
   6   3   3        9.507425  101.827805
   6   4   1       -0.131545    0.019493
   6   4   2       -0.002667    0.000008
   6   4   3        0.137156    0.021192
   6   4   4        9.418667   99.935409
   7   1   1        9.461382  100.843914
   7   2   1       -0.061760    0.004297
   7   2   2        9.657905  105.076700
   7   3   1       -0.320314    0.115582
   7   3   2        0.061142    0.004211
   7   3   3        9.571532  103.205636
   7   4   1       -0.038519    0.001671
   7   4   2       -0.053838    0.003265
   7   4   3       -0.083687    0.007890
   7   4   4        9.725456  106.551731
   8   1   1        9.237610   96.130193
   8   2   1        0.071396    0.005742
   8   2   2        9.487489  101.401205
   8   3   1        0.248786    0.069726
   8   3   2        0.127186    0.018223
   8   3   3        9.533245  102.381638
   8   4   1        0.123029    0.017051
   8   4   2       -0.016459    0.000305
   8   4   3       -0.146322    0.024119
   8   4   4        9.413509   99.825997
   9   1   1        9.463820  100.895894
   9   2   1       -0.076427    0.006580
   9   2   2        9.664455  105.219262
   9   3   1       -0.298096    0.100104
   9   3   2        0.081235    0.007434
   9   3   3        9.599301  103.805354
   9   4   1        0.065033    0.004764
   9   4   2        0.059379    0.003972
   9   4   3        0.122630    0.016941
   9   4   4        9.674590  105.440071
  10   1   1        9.246926   96.324177
  10   2   1       -0.057992    0.003789
  10   2   2        9.478646  101.212256
  10   3   1        0.240612    0.065219
  10   3   2       -0.107903    0.013116
  10   3   3        9.517280  102.039002
  10   4   1       -0.115488    0.015025
  10   4   2       -0.031633    0.001127
  10   4   3        0.143916    0.023333
  10   4   4        9.460607  100.827393
 
  E2 transition 
 
  I1  n1        I2  n2       <f||E2||i>   B(E2,I1->I2)  B(E2,I2->I1)
 ( 0   1) <--> ( 2   1)       -0.129918      0.016879      0.003376   WU    46.095307      9.219061
 ( 0   1) <--> ( 2   2)        0.018701      0.000350      0.000070   WU     0.955099      0.191020
 ( 0   1) <--> ( 2   3)       -0.015362      0.000236      0.000047   WU     0.644512      0.128902
 ( 0   1) <--> ( 2   4)       -0.002414      0.000006      0.000001   WU     0.015913      0.003183
 ( 0   2) <--> ( 2   1)        0.056159      0.003154      0.000631   WU     8.613033      1.722607
 ( 0   2) <--> ( 2   2)        0.006461      0.000042      0.000008   WU     0.113990      0.022798
 ( 0   2) <--> ( 2   3)        0.114150      0.013030      0.002606   WU    35.585019      7.117004
 ( 0   2) <--> ( 2   4)        0.028585      0.000817      0.000163   WU     2.231415      0.446283
 ( 0   3) <--> ( 2   1)        0.021378      0.000457      0.000091   WU     1.248086      0.249617
 ( 0   3) <--> ( 2   2)        0.072051      0.005191      0.001038   WU    14.177221      2.835444
 ( 0   3) <--> ( 2   3)       -0.043598      0.001901      0.000380   WU     5.191031      1.038206
 ( 0   3) <--> ( 2   4)        0.116082      0.013475      0.002695   WU    36.800051      7.360010
 ( 0   4) <--> ( 2   1)        0.006269      0.000039      0.000008   WU     0.107345      0.021469
 ( 0   4) <--> ( 2   2)        0.005215      0.000027      0.000005   WU     0.074267      0.014853
 ( 0   4) <--> ( 2   3)        0.057737      0.003334      0.000667   WU     9.103779      1.820756
 ( 0   4) <--> ( 2   4)       -0.000508      0.000000      0.000000   WU     0.000704      0.000141
 ( 2   1) <--> ( 2   1)       -0.135709     -0.102858   (eb)
 ( 2   2) <--> ( 2   1)       -0.103355      0.002136      0.002136   WU     5.834631      5.834631
 ( 2   2) <--> ( 2   2)        0.123514      0.093616   (eb)
 ( 2   3) <--> ( 2   1)       -0.026184      0.000137      0.000137   WU     0.374476      0.374476
 ( 2   3) <--> ( 2   2)       -0.048592      0.000472      0.000472   WU     1.289687      1.289687
 ( 2   3) <--> ( 2   3)       -0.082593     -0.062600   (eb)
 ( 2   4) <--> ( 2   1)       -0.003655      0.000003      0.000003   WU     0.007295      0.007295
 ( 2   4) <--> ( 2   2)       -0.035726      0.000255      0.000255   WU     0.697120      0.697120
 ( 2   4) <--> ( 2   3)        0.031665      0.000201      0.000201   WU     0.547655      0.547655
 ( 2   4) <--> ( 2   4)       -0.080221     -0.060802   (eb)
 ( 2   1) <--> ( 3   1)       -0.029336      0.000172      0.000123   WU     0.470061      0.335758
 ( 2   1) <--> ( 3   2)        0.002475      0.000001      0.000001   WU     0.003346      0.002390
 ( 2   1) <--> ( 3   3)        0.003084      0.000002      0.000001   WU     0.005194      0.003710
 ( 2   1) <--> ( 3   4)       -0.001006      0.000000      0.000000   WU     0.000553      0.000395
 ( 2   2) <--> ( 3   1)       -0.193909      0.007520      0.005372   WU    20.537206     14.669433
 ( 2   2) <--> ( 3   2)       -0.019250      0.000074      0.000053   WU     0.202395      0.144568
 ( 2   2) <--> ( 3   3)        0.002661      0.000001      0.000001   WU     0.003869      0.002763
 ( 2   2) <--> ( 3   4)       -0.005253      0.000006      0.000004   WU     0.015070      0.010764
 ( 2   3) <--> ( 3   1)       -0.008629      0.000015      0.000011   WU     0.040668      0.029048
 ( 2   3) <--> ( 3   2)       -0.007813      0.000012      0.000009   WU     0.033339      0.023814
 ( 2   3) <--> ( 3   3)       -0.000327      0.000000      0.000000   WU     0.000058      0.000042
 ( 2   3) <--> ( 3   4)        0.003567      0.000003      0.000002   WU     0.006951      0.004965
 ( 2   4) <--> ( 3   1)        0.134552      0.003621      0.002586   WU     9.888477      7.063198
 ( 2   4) <--> ( 3   2)        0.048719      0.000475      0.000339   WU     1.296432      0.926023
 ( 2   4) <--> ( 3   3)       -0.011415      0.000026      0.000019   WU     0.071169      0.050835
 ( 2   4) <--> ( 3   4)        0.005544      0.000006      0.000004   WU     0.016789      0.011992
 ( 2   1) <--> ( 4   1)        0.228501      0.010443      0.005801   WU    28.518328     15.843516
 ( 2   1) <--> ( 4   2)       -0.020957      0.000088      0.000049   WU     0.239889      0.133272
 ( 2   1) <--> ( 4   3)        0.013565      0.000037      0.000020   WU     0.100500      0.055833
 ( 2   1) <--> ( 4   4)        0.018584      0.000069      0.000038   WU     0.188633      0.104796
 ( 2   2) <--> ( 4   1)        0.019740      0.000078      0.000043   WU     0.212837      0.118243
 ( 2   2) <--> ( 4   2)        0.167682      0.005623      0.003124   WU    15.357388      8.531882
 ( 2   2) <--> ( 4   3)       -0.026899      0.000145      0.000080   WU     0.395202      0.219556
 ( 2   2) <--> ( 4   4)        0.034771      0.000242      0.000134   WU     0.660377      0.366876
 ( 2   3) <--> ( 4   1)        0.066182      0.000876      0.000487   WU     2.392386      1.329103
 ( 2   3) <--> ( 4   2)       -0.038239      0.000292      0.000162   WU     0.798638      0.443688
 ( 2   3) <--> ( 4   3)        0.150462      0.004528      0.002515   WU    12.365108      6.869504
 ( 2   3) <--> ( 4   4)        0.142008      0.004033      0.002241   WU    11.014658      6.119254
 ( 2   4) <--> ( 4   1)        0.045644      0.000417      0.000231   WU     1.137924      0.632180
 ( 2   4) <--> ( 4   2)        0.049105      0.000482      0.000268   WU     1.317031      0.731684
 ( 2   4) <--> ( 4   3)       -0.097759      0.001911      0.001062   WU     5.219879      2.899933
 ( 2   4) <--> ( 4   4)        0.035498      0.000252      0.000140   WU     0.688245      0.382358
 ( 3   1) <--> ( 3   1)        0.000000      0.000000   (eb)
 ( 3   2) <--> ( 3   1)        0.000000      0.000000      0.000000   WU     0.000000      0.000000
 ( 3   2) <--> ( 3   2)        0.000000      0.000000   (eb)
 ( 3   3) <--> ( 3   1)        0.000000      0.000000      0.000000   WU     0.000000      0.000000
 ( 3   3) <--> ( 3   2)        0.000000      0.000000      0.000000   WU     0.000000      0.000000
 ( 3   3) <--> ( 3   3)        0.000000      0.000000   (eb)
 ( 3   4) <--> ( 3   1)        0.000000      0.000000      0.000000   WU     0.000000      0.000000
 ( 3   4) <--> ( 3   2)        0.000000      0.000000      0.000000   WU     0.000000      0.000000
 ( 3   4) <--> ( 3   3)        0.000000      0.000000      0.000000   WU     0.000000      0.000000
 ( 3   4) <--> ( 3   4)        0.000000      0.000000   (eb)
 ( 3   1) <--> ( 4   1)        0.068939      0.000679      0.000528   WU     1.854162      1.442126
 ( 3   1) <--> ( 4   2)       -0.177356      0.004494      0.003495   WU    12.271830      9.544757
 ( 3   1) <--> ( 4   3)       -0.079733      0.000908      0.000706   WU     2.480225      1.929064
 ( 3   1) <--> ( 4   4)        0.124345      0.002209      0.001718   WU     6.032158      4.691679
 ( 3   2) <--> ( 4   1)        0.000253      0.000000      0.000000   WU     0.000025      0.000019
 ( 3   2) <--> ( 4   2)       -0.031754      0.000144      0.000112   WU     0.393393      0.305973
 ( 3   2) <--> ( 4   3)        0.050423      0.000363      0.000282   WU     0.991909      0.771485
 ( 3   2) <--> ( 4   4)        0.081604      0.000951      0.000740   WU     2.598043      2.020700
 ( 3   3) <--> ( 4   1)        0.000895      0.000000      0.000000   WU     0.000312      0.000243
 ( 3   3) <--> ( 4   2)        0.016588      0.000039      0.000031   WU     0.107349      0.083494
 ( 3   3) <--> ( 4   3)        0.055123      0.000434      0.000338   WU     1.185436      0.922006
 ( 3   3) <--> ( 4   4)       -0.054626      0.000426      0.000332   WU     1.164180      0.905473
 ( 3   4) <--> ( 4   1)        0.001517      0.000000      0.000000   WU     0.000898      0.000699
 ( 3   4) <--> ( 4   2)       -0.006560      0.000006      0.000005   WU     0.016788      0.013057
 ( 3   4) <--> ( 4   3)        0.000806      0.000000      0.000000   WU     0.000254      0.000197
 ( 3   4) <--> ( 4   4)        0.009174      0.000012      0.000009   WU     0.032833      0.025536
 ( 3   1) <--> ( 5   1)       -0.221912      0.007035      0.004477   WU    19.212375     12.226057
 ( 3   1) <--> ( 5   2)        0.042880      0.000263      0.000167   WU     0.717349      0.456495
 ( 3   1) <--> ( 5   3)        0.016232      0.000038      0.000024   WU     0.102799      0.065417
 ( 3   1) <--> ( 5   4)        0.009556      0.000013      0.000008   WU     0.035624      0.022670
 ( 3   2) <--> ( 5   1)       -0.038732      0.000214      0.000136   WU     0.585264      0.372441
 ( 3   2) <--> ( 5   2)        0.055447      0.000439      0.000279   WU     1.199436      0.763278
 ( 3   2) <--> ( 5   3)        0.204760      0.005990      0.003812   WU    16.357193     10.409123
 ( 3   2) <--> ( 5   4)        0.014186      0.000029      0.000018   WU     0.078512      0.049962
 ( 3   3) <--> ( 5   1)        0.062085      0.000551      0.000350   WU     1.503808      0.956968
 ( 3   3) <--> ( 5   2)        0.085033      0.001033      0.000657   WU     2.820962      1.795158
 ( 3   3) <--> ( 5   3)        0.028018      0.000112      0.000071   WU     0.306254      0.194889
 ( 3   3) <--> ( 5   4)       -0.202141      0.005837      0.003715   WU    15.941500     10.144591
 ( 3   4) <--> ( 5   1)       -0.010022      0.000014      0.000009   WU     0.039184      0.024935
 ( 3   4) <--> ( 5   2)        0.002847      0.000001      0.000001   WU     0.003163      0.002013
 ( 3   4) <--> ( 5   3)        0.047899      0.000328      0.000209   WU     0.895111      0.569616
 ( 3   4) <--> ( 5   4)        0.011195      0.000018      0.000011   WU     0.048893      0.031114
 ( 4   1) <--> ( 4   1)       -0.193950     -0.146257   (eb)
 ( 4   2) <--> ( 4   1)       -0.100666      0.001126      0.001126   WU     3.074982      3.074982
 ( 4   2) <--> ( 4   2)       -0.031674     -0.023885   (eb)
 ( 4   3) <--> ( 4   1)       -0.024333      0.000066      0.000066   WU     0.179668      0.179668
 ( 4   3) <--> ( 4   2)       -0.107977      0.001295      0.001295   WU     3.537836      3.537836
 ( 4   3) <--> ( 4   3)       -0.050110     -0.037788   (eb)
 ( 4   4) <--> ( 4   1)       -0.026230      0.000076      0.000076   WU     0.208771      0.208771
 ( 4   4) <--> ( 4   2)        0.071508      0.000568      0.000568   WU     1.551609      1.551609
 ( 4   4) <--> ( 4   3)       -0.123790      0.001703      0.001703   WU     4.649904      4.649904
 ( 4   4) <--> ( 4   4)        0.019028      0.014349   (eb)
 ( 4   1) <--> ( 5   1)        0.034789      0.000134      0.000110   WU     0.367238      0.300467
 ( 4   1) <--> ( 5   2)        0.001831      0.000000      0.000000   WU     0.001017      0.000832
 ( 4   1) <--> ( 5   3)        0.003482      0.000001      0.000001   WU     0.003680      0.003011
 ( 4   1) <--> ( 5   4)       -0.002545      0.000001      0.000001   WU     0.001965      0.001608
 ( 4   2) <--> ( 5   1)        0.175591      0.003426      0.002803   WU     9.355775      7.654725
 ( 4   2) <--> ( 5   2)        0.035468      0.000140      0.000114   WU     0.381716      0.312313
 ( 4   2) <--> ( 5   3)       -0.016863      0.000032      0.000026   WU     0.086291      0.070602
 ( 4   2) <--> ( 5   4)       -0.003808      0.000002      0.000001   WU     0.004400      0.003600
 ( 4   3) <--> ( 5   1)        0.091036      0.000921      0.000753   WU     2.514788      2.057554
 ( 4   3) <--> ( 5   2)        0.146951      0.002399      0.001963   WU     6.552673      5.361278
 ( 4   3) <--> ( 5   3)       -0.029610      0.000097      0.000080   WU     0.266049      0.217677
 ( 4   3) <--> ( 5   4)       -0.003841      0.000002      0.000001   WU     0.004476      0.003662
 ( 4   4) <--> ( 5   1)       -0.029700      0.000098      0.000080   WU     0.267655      0.218991
 ( 4   4) <--> ( 5   2)       -0.174477      0.003382      0.002767   WU     9.237382      7.557858
 ( 4   4) <--> ( 5   3)        0.004548      0.000002      0.000002   WU     0.006276      0.005135
 ( 4   4) <--> ( 5   4)       -0.000449      0.000000      0.000000   WU     0.000061      0.000050
 ( 4   1) <--> ( 6   1)        0.307935      0.010536      0.007294   WU    28.773405     19.920050
 ( 4   1) <--> ( 6   2)       -0.030179      0.000101      0.000070   WU     0.276373      0.191335
 ( 4   1) <--> ( 6   3)        0.024566      0.000067      0.000046   WU     0.183117      0.126774
 ( 4   1) <--> ( 6   4)       -0.019878      0.000044      0.000030   WU     0.119899      0.083007
 ( 4   2) <--> ( 6   1)        0.014744      0.000024      0.000017   WU     0.065960      0.045665
 ( 4   2) <--> ( 6   2)        0.273575      0.008316      0.005757   WU    22.710497     15.722652
 ( 4   2) <--> ( 6   3)       -0.031463      0.000110      0.000076   WU     0.300373      0.207951
 ( 4   2) <--> ( 6   4)       -0.034179      0.000130      0.000090   WU     0.354472      0.245404
 ( 4   3) <--> ( 6   1)        0.022265      0.000055      0.000038   WU     0.150424      0.104140
 ( 4   3) <--> ( 6   2)       -0.006668      0.000005      0.000003   WU     0.013490      0.009339
 ( 4   3) <--> ( 6   3)        0.265889      0.007855      0.005438   WU    21.452357     14.851632
 ( 4   3) <--> ( 6   4)        0.024222      0.000065      0.000045   WU     0.178031      0.123252
 ( 4   4) <--> ( 6   1)        0.068942      0.000528      0.000366   WU     1.442256      0.998485
 ( 4   4) <--> ( 6   2)       -0.061272      0.000417      0.000289   WU     1.139208      0.788682
 ( 4   4) <--> ( 6   3)        0.083379      0.000772      0.000535   WU     2.109547      1.460456
 ( 4   4) <--> ( 6   4)       -0.228093      0.005781      0.004002   WU    15.786943     10.929422
 ( 5   1) <--> ( 5   1)       -0.131025     -0.095141   (eb)
 ( 5   2) <--> ( 5   1)       -0.097501      0.000864      0.000864   WU     2.360186      2.360186
 ( 5   2) <--> ( 5   2)        0.125047      0.090800   (eb)
 ( 5   3) <--> ( 5   1)        0.021550      0.000042      0.000042   WU     0.115300      0.115300
 ( 5   3) <--> ( 5   2)        0.006601      0.000004      0.000004   WU     0.010818      0.010818
 ( 5   3) <--> ( 5   3)       -0.106827     -0.077570   (eb)
 ( 5   4) <--> ( 5   1)        0.009151      0.000008      0.000008   WU     0.020792      0.020792
 ( 5   4) <--> ( 5   2)        0.040904      0.000152      0.000152   WU     0.415391      0.415391
 ( 5   4) <--> ( 5   3)        0.017798      0.000029      0.000029   WU     0.078641      0.078641
 ( 5   4) <--> ( 5   4)       -0.091852     -0.066696   (eb)
 ( 5   1) <--> ( 6   1)       -0.079116      0.000569      0.000481   WU     1.553999      1.314922
 ( 5   1) <--> ( 6   2)        0.180472      0.002961      0.002505   WU     8.086221      6.842187
 ( 5   1) <--> ( 6   3)        0.026592      0.000064      0.000054   WU     0.175554      0.148546
 ( 5   1) <--> ( 6   4)        0.100686      0.000922      0.000780   WU     2.516867      2.129657
 ( 5   2) <--> ( 6   1)        0.000559      0.000000      0.000000   WU     0.000078      0.000066
 ( 5   2) <--> ( 6   2)       -0.055382      0.000279      0.000236   WU     0.761471      0.644322
 ( 5   2) <--> ( 6   3)        0.077529      0.000546      0.000462   WU     1.492272      1.262692
 ( 5   2) <--> ( 6   4)        0.144995      0.001911      0.001617   WU     5.219491      4.416493
 ( 5   3) <--> ( 6   1)       -0.002380      0.000001      0.000000   WU     0.001406      0.001190
 ( 5   3) <--> ( 6   2)       -0.022449      0.000046      0.000039   WU     0.125122      0.105873
 ( 5   3) <--> ( 6   3)        0.083323      0.000631      0.000534   WU     1.723677      1.458496
 ( 5   3) <--> ( 6   4)       -0.064592      0.000379      0.000321   WU     1.035812      0.876456
 ( 5   4) <--> ( 6   1)       -0.001777      0.000000      0.000000   WU     0.000784      0.000663
 ( 5   4) <--> ( 6   2)       -0.020961      0.000040      0.000034   WU     0.109083      0.092301
 ( 5   4) <--> ( 6   3)       -0.034081      0.000106      0.000089   WU     0.288371      0.244006
 ( 5   4) <--> ( 6   4)       -0.051639      0.000242      0.000205   WU     0.662039      0.560187
 ( 5   1) <--> ( 7   1)       -0.318167      0.009203      0.006749   WU    25.132462     18.430472
 ( 5   1) <--> ( 7   2)        0.048374      0.000213      0.000156   WU     0.580952      0.426032
 ( 5   1) <--> ( 7   3)        0.028322      0.000073      0.000053   WU     0.199147      0.146041
 ( 5   1) <--> ( 7   4)        0.007859      0.000006      0.000004   WU     0.015333      0.011244
 ( 5   2) <--> ( 7   1)       -0.021382      0.000042      0.000030   WU     0.113507      0.083239
 ( 5   2) <--> ( 7   2)       -0.234427      0.004996      0.003664   WU    13.643920     10.005541
 ( 5   2) <--> ( 7   3)       -0.013136      0.000016      0.000012   WU     0.042842      0.031418
 ( 5   2) <--> ( 7   4)        0.067702      0.000417      0.000306   WU     1.137962      0.834505
 ( 5   3) <--> ( 7   1)        0.034447      0.000108      0.000079   WU     0.294602      0.216042
 ( 5   3) <--> ( 7   2)       -0.053349      0.000259      0.000190   WU     0.706605      0.518177
 ( 5   3) <--> ( 7   3)       -0.294822      0.007902      0.005795   WU    21.579555     15.825007
 ( 5   3) <--> ( 7   4)       -0.017009      0.000026      0.000019   WU     0.071827      0.052673
 ( 5   4) <--> ( 7   1)        0.080705      0.000592      0.000434   WU     1.617044      1.185832
 ( 5   4) <--> ( 7   2)        0.044894      0.000183      0.000134   WU     0.500384      0.366948
 ( 5   4) <--> ( 7   3)        0.034454      0.000108      0.000079   WU     0.294711      0.216122
 ( 5   4) <--> ( 7   4)       -0.115554      0.001214      0.000890   WU     3.315099      2.431073
 ( 6   1) <--> ( 6   1)       -0.249356     -0.173850   (eb)
 ( 6   2) <--> ( 6   1)       -0.100385      0.000775      0.000775   WU     2.116943      2.116943
 ( 6   2) <--> ( 6   2)       -0.126261     -0.088029   (eb)
 ( 6   3) <--> ( 6   1)       -0.033229      0.000085      0.000085   WU     0.231958      0.231958
 ( 6   3) <--> ( 6   2)       -0.100379      0.000775      0.000775   WU     2.116687      2.116687
 ( 6   3) <--> ( 6   3)       -0.186258     -0.129859   (eb)
 ( 6   4) <--> ( 6   1)        0.025967      0.000052      0.000052   WU     0.141650      0.141650
 ( 6   4) <--> ( 6   2)       -0.101008      0.000785      0.000785   WU     2.143291      2.143291
 ( 6   4) <--> ( 6   3)        0.063345      0.000309      0.000309   WU     0.842933      0.842933
 ( 6   4) <--> ( 6   4)       -0.045539     -0.031750   (eb)
 ( 6   1) <--> ( 7   1)       -0.041746      0.000134      0.000116   WU     0.366101      0.317287
 ( 6   1) <--> ( 7   2)       -0.001303      0.000000      0.000000   WU     0.000356      0.000309
 ( 6   1) <--> ( 7   3)       -0.002874      0.000001      0.000001   WU     0.001735      0.001504
 ( 6   1) <--> ( 7   4)        0.000636      0.000000      0.000000   WU     0.000085      0.000074
 ( 6   2) <--> ( 7   1)       -0.164569      0.002083      0.001806   WU     5.689469      4.930873
 ( 6   2) <--> ( 7   2)       -0.041840      0.000135      0.000117   WU     0.367757      0.318723
 ( 6   2) <--> ( 7   3)        0.017308      0.000023      0.000020   WU     0.062931      0.054540
 ( 6   2) <--> ( 7   4)       -0.000998      0.000000      0.000000   WU     0.000209      0.000181
 ( 6   3) <--> ( 7   1)       -0.095024      0.000695      0.000602   WU     1.896888      1.643969
 ( 6   3) <--> ( 7   2)       -0.084017      0.000543      0.000471   WU     1.482872      1.285156
 ( 6   3) <--> ( 7   3)        0.037950      0.000111      0.000096   WU     0.302553      0.262212
 ( 6   3) <--> ( 7   4)       -0.006503      0.000003      0.000003   WU     0.008883      0.007699
 ( 6   4) <--> ( 7   1)       -0.034859      0.000093      0.000081   WU     0.255274      0.221237
 ( 6   4) <--> ( 7   2)       -0.178491      0.002451      0.002124   WU     6.692759      5.800391
 ( 6   4) <--> ( 7   3)        0.000456      0.000000      0.000000   WU     0.000044      0.000038
 ( 6   4) <--> ( 7   4)       -0.023664      0.000043      0.000037   WU     0.117639      0.101954
 ( 6   1) <--> ( 8   1)       -0.376706      0.010916      0.008348   WU    29.811160     22.796769
 ( 6   1) <--> ( 8   2)       -0.034646      0.000092      0.000071   WU     0.252169      0.192835
 ( 6   1) <--> ( 8   3)       -0.025660      0.000051      0.000039   WU     0.138324      0.105777
 ( 6   1) <--> ( 8   4)       -0.024504      0.000046      0.000035   WU     0.126137      0.096458
 ( 6   2) <--> ( 8   1)       -0.006547      0.000003      0.000003   WU     0.009006      0.006887
 ( 6   2) <--> ( 8   2)        0.357789      0.009847      0.007530   WU    26.892277     20.564682
 ( 6   2) <--> ( 8   3)        0.034125      0.000090      0.000069   WU     0.244641      0.187079
 ( 6   2) <--> ( 8   4)       -0.037009      0.000105      0.000081   WU     0.287724      0.220025
 ( 6   3) <--> ( 8   1)       -0.032326      0.000080      0.000061   WU     0.219526      0.167873
 ( 6   3) <--> ( 8   2)       -0.021554      0.000036      0.000027   WU     0.097597      0.074633
 ( 6   3) <--> ( 8   3)       -0.359181      0.009924      0.007589   WU    27.101872     20.724961
 ( 6   3) <--> ( 8   4)       -0.001801      0.000000      0.000000   WU     0.000682      0.000521
 ( 6   4) <--> ( 8   1)        0.072876      0.000409      0.000312   WU     1.115692      0.853176
 ( 6   4) <--> ( 8   2)        0.063175      0.000307      0.000235   WU     0.838417      0.641143
 ( 6   4) <--> ( 8   3)        0.012315      0.000012      0.000009   WU     0.031860      0.024364
 ( 6   4) <--> ( 8   4)        0.318926      0.007824      0.005983   WU    21.367429     16.339799
 ( 7   1) <--> ( 7   1)       -0.217708     -0.145791   (eb)
 ( 7   2) <--> ( 7   1)       -0.104963      0.000734      0.000734   WU     2.005863      2.005863
 ( 7   2) <--> ( 7   2)       -0.014249     -0.009542   (eb)
 ( 7   3) <--> ( 7   1)        0.030661      0.000063      0.000063   WU     0.171158      0.171158
 ( 7   3) <--> ( 7   2)        0.024025      0.000038      0.000038   WU     0.105091      0.105091
 ( 7   3) <--> ( 7   3)       -0.193355     -0.129482   (eb)
 ( 7   4) <--> ( 7   1)        0.006561      0.000003      0.000003   WU     0.007838      0.007838
 ( 7   4) <--> ( 7   2)       -0.105289      0.000739      0.000739   WU     2.018332      2.018332
 ( 7   4) <--> ( 7   3)       -0.015565      0.000016      0.000016   WU     0.044111      0.044111
 ( 7   4) <--> ( 7   4)        0.145655      0.097540   (eb)
 ( 7   1) <--> ( 8   1)       -0.083846      0.000469      0.000414   WU     1.279932      1.129352
 ( 7   1) <--> ( 8   2)       -0.174756      0.002036      0.001796   WU     5.560176      4.906037
 ( 7   1) <--> ( 8   3)        0.015066      0.000015      0.000013   WU     0.041325      0.036463
 ( 7   1) <--> ( 8   4)       -0.084193      0.000473      0.000417   WU     1.290563      1.138732
 ( 7   2) <--> ( 8   1)        0.002246      0.000000      0.000000   WU     0.000918      0.000810
 ( 7   2) <--> ( 8   2)        0.071457      0.000340      0.000300   WU     0.929652      0.820282
 ( 7   2) <--> ( 8   3)        0.080647      0.000434      0.000383   WU     1.184150      1.044838
 ( 7   2) <--> ( 8   4)       -0.166204      0.001842      0.001625   WU     5.029330      4.437644
 ( 7   3) <--> ( 8   1)       -0.002041      0.000000      0.000000   WU     0.000759      0.000669
 ( 7   3) <--> ( 8   2)        0.021369      0.000030      0.000027   WU     0.083140      0.073359
 ( 7   3) <--> ( 8   3)        0.096945      0.000627      0.000553   WU     1.711105      1.509799
 ( 7   3) <--> ( 8   4)        0.061496      0.000252      0.000222   WU     0.688531      0.607528
 ( 7   4) <--> ( 8   1)       -0.002162      0.000000      0.000000   WU     0.000851      0.000751
 ( 7   4) <--> ( 8   2)        0.007465      0.000004      0.000003   WU     0.010147      0.008953
 ( 7   4) <--> ( 8   3)       -0.025745      0.000044      0.000039   WU     0.120677      0.106479
 ( 7   4) <--> ( 8   4)        0.056162      0.000210      0.000186   WU     0.574258      0.506698
 ( 7   1) <--> ( 9   1)        0.395183      0.010411      0.008219   WU    28.432970     22.447082
 ( 7   1) <--> ( 9   2)       -0.047928      0.000153      0.000121   WU     0.418220      0.330174
 ( 7   1) <--> ( 9   3)       -0.028082      0.000053      0.000042   WU     0.143572      0.113347
 ( 7   1) <--> ( 9   4)        0.016762      0.000019      0.000015   WU     0.051156      0.040386
 ( 7   2) <--> ( 9   1)        0.016807      0.000019      0.000015   WU     0.051431      0.040604
 ( 7   2) <--> ( 9   2)        0.338044      0.007618      0.006014   WU    20.805151     16.425119
 ( 7   2) <--> ( 9   3)        0.011555      0.000009      0.000007   WU     0.024307      0.019190
 ( 7   2) <--> ( 9   4)        0.068235      0.000310      0.000245   WU     0.847704      0.669240
 ( 7   3) <--> ( 9   1)       -0.034417      0.000079      0.000062   WU     0.215661      0.170258
 ( 7   3) <--> ( 9   2)        0.059880      0.000239      0.000189   WU     0.652804      0.515371
 ( 7   3) <--> ( 9   3)        0.368510      0.009053      0.007147   WU    24.724327     19.519206
 ( 7   3) <--> ( 9   4)       -0.032145      0.000069      0.000054   WU     0.188129      0.148523
 ( 7   4) <--> ( 9   1)       -0.040473      0.000109      0.000086   WU     0.298232      0.235447
 ( 7   4) <--> ( 9   2)        0.028844      0.000055      0.000044   WU     0.151474      0.119585
 ( 7   4) <--> ( 9   3)       -0.027342      0.000050      0.000039   WU     0.136112      0.107457
 ( 7   4) <--> ( 9   4)       -0.269572      0.004845      0.003825   WU    13.230427     10.445074
 ( 8   1) <--> ( 8   1)       -0.299784     -0.193120   (eb)
 ( 8   2) <--> ( 8   1)        0.101869      0.000610      0.000610   WU     1.667061      1.667061
 ( 8   2) <--> ( 8   2)       -0.200146     -0.128933   (eb)
 ( 8   3) <--> ( 8   1)       -0.035588      0.000075      0.000075   WU     0.203460      0.203460
 ( 8   3) <--> ( 8   2)        0.106134      0.000663      0.000663   WU     1.809568      1.809568
 ( 8   3) <--> ( 8   3)       -0.239499     -0.154284   (eb)
 ( 8   4) <--> ( 8   1)       -0.032031      0.000060      0.000060   WU     0.164823      0.164823
 ( 8   4) <--> ( 8   2)       -0.103875      0.000635      0.000635   WU     1.733366      1.733366
 ( 8   4) <--> ( 8   3)       -0.051255      0.000155      0.000155   WU     0.422033      0.422033
 ( 8   4) <--> ( 8   4)       -0.116188     -0.074848   (eb)
 ( 8   1) <--> ( 9   1)        0.047835      0.000135      0.000120   WU     0.367579      0.328887
 ( 8   1) <--> ( 9   2)        0.002044      0.000000      0.000000   WU     0.000671      0.000601
 ( 8   1) <--> ( 9   3)        0.002922      0.000001      0.000000   WU     0.001372      0.001227
 ( 8   1) <--> ( 9   4)        0.000859      0.000000      0.000000   WU     0.000119      0.000106
 ( 8   2) <--> ( 9   1)       -0.154784      0.001409      0.001261   WU     3.848755      3.443623
 ( 8   2) <--> ( 9   2)       -0.049013      0.000141      0.000126   WU     0.385918      0.345295
 ( 8   2) <--> ( 9   3)        0.017293      0.000018      0.000016   WU     0.048040      0.042983
 ( 8   2) <--> ( 9   4)       -0.002021      0.000000      0.000000   WU     0.000656      0.000587
 ( 8   3) <--> ( 9   1)        0.095206      0.000533      0.000477   WU     1.456104      1.302830
 ( 8   3) <--> ( 9   2)        0.069769      0.000286      0.000256   WU     0.781983      0.699669
 ( 8   3) <--> ( 9   3)       -0.043126      0.000109      0.000098   WU     0.298781      0.267331
 ( 8   3) <--> ( 9   4)       -0.000889      0.000000      0.000000   WU     0.000127      0.000114
 ( 8   4) <--> ( 9   1)       -0.016843      0.000017      0.000015   WU     0.045575      0.040778
 ( 8   4) <--> ( 9   2)       -0.171855      0.001737      0.001554   WU     4.744513      4.245090
 ( 8   4) <--> ( 9   3)        0.003862      0.000001      0.000001   WU     0.002396      0.002144
 ( 8   4) <--> ( 9   4)        0.032479      0.000062      0.000056   WU     0.169466      0.151628
 ( 8   1) <--> (10   1)        0.437616      0.011265      0.009119   WU    30.764772     24.904815
 ( 8   1) <--> (10   2)       -0.042379      0.000106      0.000086   WU     0.288522      0.233565
 ( 8   1) <--> (10   3)        0.033458      0.000066      0.000053   WU     0.179829      0.145576
 ( 8   1) <--> (10   4)       -0.023897      0.000034      0.000027   WU     0.091743      0.074268
 ( 8   2) <--> (10   1)       -0.004616      0.000001      0.000001   WU     0.003423      0.002771
 ( 8   2) <--> (10   2)       -0.428538      0.010803      0.008745   WU    29.501588     23.882238
 ( 8   2) <--> (10   3)        0.051368      0.000155      0.000126   WU     0.423896      0.343154
 ( 8   2) <--> (10   4)        0.041708      0.000102      0.000083   WU     0.279452      0.226223
 ( 8   3) <--> (10   1)        0.028520      0.000048      0.000039   WU     0.130664      0.105776
 ( 8   3) <--> (10   2)       -0.006952      0.000003      0.000002   WU     0.007764      0.006285
 ( 8   3) <--> (10   3)        0.424694      0.010610      0.008589   WU    28.974820     23.455807
 ( 8   3) <--> (10   4)        0.019602      0.000023      0.000018   WU     0.061728      0.049970
 ( 8   4) <--> (10   1)        0.077839      0.000356      0.000289   WU     0.973344      0.787945
 ( 8   4) <--> (10   2)       -0.061010      0.000219      0.000177   WU     0.597960      0.484063
 ( 8   4) <--> (10   3)        0.015707      0.000015      0.000012   WU     0.039633      0.032084
 ( 8   4) <--> (10   4)       -0.389399      0.008919      0.007221   WU    24.358848     19.719067
 ( 9   1) <--> ( 9   1)       -0.284137     -0.176415   (eb)
 ( 9   2) <--> ( 9   1)       -0.107934      0.000613      0.000613   WU     1.674465      1.674465
 ( 9   2) <--> ( 9   2)       -0.117157     -0.072740   (eb)
 ( 9   3) <--> ( 9   1)        0.037341      0.000073      0.000073   WU     0.200422      0.200422
 ( 9   3) <--> ( 9   2)        0.040676      0.000087      0.000087   WU     0.237814      0.237814
 ( 9   3) <--> ( 9   3)       -0.248866     -0.154516   (eb)
 ( 9   4) <--> ( 9   1)       -0.017297      0.000016      0.000016   WU     0.043005      0.043005
 ( 9   4) <--> ( 9   2)        0.117125      0.000722      0.000722   WU     1.971785      1.971785
 ( 9   4) <--> ( 9   3)        0.030024      0.000047      0.000047   WU     0.129569      0.129569
 ( 9   4) <--> ( 9   4)       -0.002111     -0.001311   (eb)
 ( 9   1) <--> (10   1)       -0.085040      0.000381      0.000344   WU     1.039455      0.940459
 ( 9   1) <--> (10   2)        0.169622      0.001514      0.001370   WU     4.135503      3.741646
 ( 9   1) <--> (10   3)       -0.001873      0.000000      0.000000   WU     0.000504      0.000456
 ( 9   1) <--> (10   4)        0.075040      0.000296      0.000268   WU     0.809382      0.732298
 ( 9   2) <--> (10   1)        0.001159      0.000000      0.000000   WU     0.000193      0.000175
 ( 9   2) <--> (10   2)       -0.075473      0.000300      0.000271   WU     0.818738      0.740763
 ( 9   2) <--> (10   3)        0.080928      0.000345      0.000312   WU     0.941361      0.851708
 ( 9   2) <--> (10   4)        0.183211      0.001767      0.001598   WU     4.824644      4.365154
 ( 9   3) <--> (10   1)       -0.003014      0.000000      0.000000   WU     0.001306      0.001182
 ( 9   3) <--> (10   2)       -0.011738      0.000007      0.000007   WU     0.019804      0.017918
 ( 9   3) <--> (10   3)        0.101200      0.000539      0.000488   WU     1.472066      1.331869
 ( 9   3) <--> (10   4)       -0.059180      0.000184      0.000167   WU     0.503393      0.455451
 ( 9   4) <--> (10   1)        0.002539      0.000000      0.000000   WU     0.000927      0.000838
 ( 9   4) <--> (10   2)        0.010642      0.000006      0.000005   WU     0.016278      0.014728
 ( 9   4) <--> (10   3)        0.020351      0.000022      0.000020   WU     0.059532      0.053862
 ( 9   4) <--> (10   4)        0.075678      0.000301      0.000273   WU     0.823195      0.744795
 (10   1) <--> (10   1)       -0.348348     -0.208867   (eb)
 (10   2) <--> (10   1)       -0.102754      0.000503      0.000503   WU     1.373086      1.373086
 (10   2) <--> (10   2)       -0.267088     -0.160144   (eb)
 (10   3) <--> (10   1)       -0.037664      0.000068      0.000068   WU     0.184485      0.184485
 (10   3) <--> (10   2)       -0.108973      0.000565      0.000565   WU     1.544326      1.544326
 (10   3) <--> (10   3)       -0.295604     -0.177242   (eb)
 (10   4) <--> (10   1)        0.031874      0.000048      0.000048   WU     0.132120      0.132120
 (10   4) <--> (10   2)       -0.108341      0.000559      0.000559   WU     1.526449      1.526449
 (10   4) <--> (10   3)        0.051325      0.000125      0.000125   WU     0.342575      0.342575
 (10   4) <--> (10   4)       -0.163813     -0.098221   (eb)
 
  quadrupole shape invariant: 01+, 02+, 03+, 04+
quadr2     0.01751580     0.01739823     0.02235707     0.01751338
quadr3     0.00156714     0.00175727     0.00108916     0.00087441
  effective deformation parameters:  01+, 02+, 03+, 04+
beteff     0.40861232     0.40723866     0.46164048     0.40858410
cos3ga     0.67602276     0.76573717     0.32581307     0.37727648
 
 ********* END Transition **************************
