 ********* BEGIN READER ****************************
 
 Nucleus            :  Pt  78 176
 Imin, Imax         :     0  10
 imu, remu          :     1 12.0000
 nlevel             :     4
 observables        :     2
 wave fun           :     1
 nbet, ngam, npar   :    10   7  10
 Finish reading parameters: V, B_k ...
 
 ********* END READER ******************************
 
 ********* BEGIN LEVELS ********************
 
 E_0 = -1741.500661
 
  I=   0   ntot= 127
   0   1    0.000000
   0   2    1.970956
   0   3    3.374212
   0   4    3.974121
 
  I=   2   ntot= 234
   2   1    0.670375
   2   2    1.606072
   2   3    2.742416
   2   4    3.660356
 
  I=   3   ntot= 108
   3   1    2.321940
   3   2    4.438841
   3   3    6.247553
   3   4    6.363541
 
  I=   4   ntot= 324
   4   1    1.496714
   4   2    2.677441
   4   3    3.463020
   4   4    3.637788
 
  I=   5   ntot= 198
   5   1    3.339806
   5   2    4.451615
   5   3    5.418950
   5   4    6.464779
 
  I=   6   ntot= 432
   6   1    2.460778
   6   2    3.871915
   6   3    4.547726
   6   4    4.860051
 
  I=   7   ntot= 306
   7   1    4.478367
   7   2    5.749257
   7   3    6.477393
   7   4    6.804120
 
  I=   8   ntot= 522
   8   1    3.552490
   8   2    5.178700
   8   3    5.617489
   8   4    6.295890
 
  I=   9   ntot= 397
   9   1    5.725128
   9   2    7.141963
   9   3    7.607210
   9   4    8.291843
 
  I=  10   ntot= 630
  10   1    4.764426
  10   2    6.559323
  10   3    6.774040
  10   4    7.814757
 
 ********* END LEVELS **********************
 
 ********* BEGIN Transition ************************
 
  Monopole moment 
 
   I   n    <In|E0|In>   ave \beta      del<b>   ave \gamma    del<g>  
     K=0       K=2       K=4   
   0   1     34.065158    0.124139    0.033111   30.570518   10.520561  100.0000    0.0000    0.0000
   0   2     34.194741    0.150534    0.049507   34.085399    9.529956  100.0000    0.0000    0.0000
   0   3     34.269186    0.158513    0.034680   25.410602   14.095721  100.0000    0.0000    0.0000
   0   4     34.365994    0.182303    0.060267   34.283476    8.964814  100.0000    0.0000    0.0000
   2   1     34.121658    0.135087    0.032286   31.919824   10.154558   54.9913   45.0087    0.0000
   2   2     34.190270    0.146854    0.032170   28.726060    9.825975   46.5963   53.4037    0.0000
   2   3     34.258293    0.161847    0.049592   34.157950    9.322128   60.6012   39.3988    0.0000
   2   4     34.325335    0.173479    0.049550   32.143951    8.573852   41.7927   58.2073    0.0000
   3   1     34.241748    0.156515    0.031901   30.088530    8.552027    0.0000  100.0000    0.0000
   3   2     34.394594    0.185823    0.051231   32.115996    7.948246    0.0000  100.0000    0.0000
   3   3     34.655302    0.230065    0.068126   33.261912    6.950912    0.0000  100.0000    0.0000
   3   4     34.445131    0.191381    0.037383   26.889789   11.453821    0.0000  100.0000    0.0000
   4   1     34.172586    0.144389    0.031931   32.460764    9.915276   43.0871   38.6608   18.2521
   4   2     34.245458    0.156462    0.032221   30.141282   10.390630   44.2511    3.3382   52.4107
   4   3     34.298472    0.166368    0.035975   29.444555    8.841491   18.8076   58.2248   22.9677
   4   4     34.318684    0.171764    0.048073   33.207979    9.686775   45.1911   33.1417   21.6672
   5   1     34.291513    0.165220    0.032213   30.779695    8.420624    0.0000   60.8133   39.1867
   5   2     34.353688    0.175809    0.033134   29.325234    8.321225    0.0000   40.0331   59.9669
   5   3     34.462948    0.197296    0.052506   32.284611    7.768810    0.0000   60.3343   39.6657
   5   4     34.539284    0.210386    0.054699   30.980900    7.529903    0.0000   39.8927   60.1073
   6   1     34.221842    0.153078    0.031893   32.570417    9.661861   36.9533   39.5099   15.5460
   6   2     34.299004    0.165474    0.032621   31.615260   10.792502   37.9321    3.0232   19.4590
   6   3     34.374720    0.181758    0.049840   33.567002    8.536858   34.4028   42.4667   13.1909
   6   4     34.359105    0.175973    0.035978   29.447387   10.416077   32.2032   23.6851    7.7012
   7   1     34.342078    0.173895    0.032821   31.175165    8.268305    0.0000   43.1419   42.0897
   7   2     34.409630    0.185129    0.033953   30.166371    8.474258    0.0000   43.7948    6.3177
   7   3     34.536825    0.209528    0.054480   32.372290    7.506563    0.0000   41.1441   43.5283
   7   4     34.469925    0.195904    0.035637   28.906598    8.083743    0.0000   15.8063   49.1073
   8   1     34.270934    0.161572    0.032169   32.514970    9.350564   32.8785   40.1253   16.8042
   8   2     34.357251    0.174918    0.033941   32.845472   11.114409   33.3588    7.3279   12.4293
   8   3     34.442882    0.193733    0.052200   33.210821    8.294645   31.7988   40.6398   15.5929
   8   4     34.421912    0.185846    0.036369   30.957418   10.866482   30.8119    9.4149   16.1200
   9   1     34.395289    0.182921    0.033697   31.353896    8.040759    0.0000   33.0833   41.2292
   9   2     34.477418    0.196168    0.036196   31.172302    8.733502    0.0000   39.1793    2.2819
   9   3     34.632721    0.225246    0.059104   32.277026    7.327957    0.0000   32.0439   40.7954
   9   4     34.552149    0.209232    0.040469   29.989367    8.514584    0.0000   24.5461   27.6395
  10   1     34.321505    0.170219    0.032794   32.389797    9.040832   29.9007   40.1695   18.2625
  10   2     34.443325    0.188663    0.040078   34.824300   10.654277   29.1644   15.1375   12.1256
  10   3     34.500811    0.204247    0.053947   31.752492    8.026737   29.9471   36.7017   14.4820
  10   4     34.524489    0.201870    0.044135   33.731293   11.036548   27.0429    5.0714   16.8579
 
  rho^2(E0) 
 
   I  n_1 n_2  <In_1|E0|In_2>  rho^2(E0) 
   0   1   1       34.065158 2116.605784
   0   2   1       -0.157861    0.045454
   0   2   2       34.194741 2132.739394
   0   3   1        0.053349    0.005191
   0   3   2        0.050536    0.004658
   0   3   3       34.269186 2142.035837
   0   4   1        0.005535    0.000056
   0   4   2       -0.225069    0.092396
   0   4   3       -0.014870    0.000403
   0   4   4       34.365994 2154.155182
   2   1   1       34.121658 2123.632770
   2   2   1       -0.007696    0.000108
   2   2   2       34.190270 2132.181700
   2   3   1       -0.163348    0.048668
   2   3   2       -0.003439    0.000022
   2   3   3       34.258293 2140.674340
   2   4   1        0.019269    0.000677
   2   4   2       -0.158230    0.045667
   2   4   3       -0.013175    0.000317
   2   4   4       34.325335 2149.060926
   3   1   1       34.241748 2138.607198
   3   2   1       -0.170278    0.052886
   3   2   2       34.394594 2157.742040
   3   3   1        0.025514    0.001187
   3   3   2        0.255553    0.119119
   3   3   3       34.655302 2190.577009
   3   4   1        0.040010    0.002920
   3   4   2       -0.011712    0.000250
   3   4   3       -0.012890    0.000303
   3   4   4       34.445131 2164.087584
   4   1   1       34.172586 2129.976678
   4   2   1       -0.007864    0.000113
   4   2   2       34.245458 2139.070621
   4   3   1       -0.063860    0.007438
   4   3   2       -0.008537    0.000133
   4   3   3       34.298472 2145.698555
   4   4   1       -0.156191    0.044497
   4   4   2        0.010304    0.000194
   4   4   3        0.004516    0.000037
   4   4   4       34.318684 2148.228178
   5   1   1       34.291513 2144.827945
   5   2   1       -0.007241    0.000096
   5   2   2       34.353688 2152.612631
   5   3   1        0.175721    0.056321
   5   3   2       -0.010424    0.000198
   5   3   3       34.462948 2166.326996
   5   4   1       -0.001501    0.000004
   5   4   2        0.177322    0.057351
   5   4   3       -0.022396    0.000915
   5   4   4       34.539284 2175.934482
   6   1   1       34.221842 2136.121327
   6   2   1       -0.010993    0.000220
   6   2   2       34.299004 2145.765125
   6   3   1       -0.164356    0.049271
   6   3   2        0.009239    0.000156
   6   3   3       34.374720 2155.249165
   6   4   1       -0.055585    0.005635
   6   4   2        0.024114    0.001061
   6   4   3        0.013010    0.000309
   6   4   4       34.359105 2153.291586
   7   1   1       34.342078 2151.157953
   7   2   1       -0.013207    0.000318
   7   2   2       34.409630 2159.629012
   7   3   1       -0.180738    0.059583
   7   3   2        0.018822    0.000646
   7   3   3       34.536825 2175.624631
   7   4   1        0.015989    0.000466
   7   4   2       -0.019467    0.000691
   7   4   3       -0.011133    0.000226
   7   4   4       34.469925 2167.204251
   8   1   1       34.270934 2142.254446
   8   2   1       -0.023747    0.001029
   8   2   2       34.357251 2153.059181
   8   3   1       -0.174763    0.055708
   8   3   2        0.024518    0.001096
   8   3   3       34.442882 2163.805018
   8   4   1       -0.029170    0.001552
   8   4   2        0.036991    0.002496
   8   4   3        0.013843    0.000350
   8   4   4       34.421912 2161.171072
   9   1   1       34.395289 2157.829319
   9   2   1       -0.027234    0.001353
   9   2   2       34.477418 2168.146553
   9   3   1       -0.186269    0.063285
   9   3   2        0.036123    0.002380
   9   3   3       34.632721 2187.723261
   9   4   1        0.006972    0.000089
   9   4   2       -0.042669    0.003321
   9   4   3       -0.025609    0.001196
   9   4   4       34.552149 2177.555794
  10   1   1       34.321505 2148.581352
  10   2   1       -0.072430    0.009569
  10   2   2       34.443325 2163.860651
  10   3   1       -0.168253    0.051635
  10   3   2        0.055393    0.005597
  10   3   3       34.500811 2171.089648
  10   4   1        0.015105    0.000416
  10   4   2       -0.078418    0.011216
  10   4   3       -0.023565    0.001013
  10   4   4       34.524489 2174.070729
 
  E2 transition 
 
  I1  n1        I2  n2       <f||E2||i>   B(E2,I1->I2)  B(E2,I2->I1)
 ( 0   1) <--> ( 2   1)        1.212474      1.470092      0.294018   WU   153.855535     30.771107
 ( 0   1) <--> ( 2   2)        0.454951      0.206980      0.041396   WU    21.661968      4.332394
 ( 0   1) <--> ( 2   3)       -0.122905      0.015106      0.003021   WU     1.580919      0.316184
 ( 0   1) <--> ( 2   4)        0.036013      0.001297      0.000259   WU     0.135735      0.027147
 ( 0   2) <--> ( 2   1)       -0.505059      0.255085      0.051017   WU    26.696421      5.339284
 ( 0   2) <--> ( 2   2)       -0.044255      0.001958      0.000392   WU     0.204967      0.040993
 ( 0   2) <--> ( 2   3)        1.382034      1.910018      0.382004   WU   199.896810     39.979362
 ( 0   2) <--> ( 2   4)        0.365985      0.133945      0.026789   WU    14.018293      2.803659
 ( 0   3) <--> ( 2   1)        0.126504      0.016003      0.003201   WU     1.674857      0.334971
 ( 0   3) <--> ( 2   2)        0.659972      0.435563      0.087113   WU    45.584699      9.116940
 ( 0   3) <--> ( 2   3)        0.087271      0.007616      0.001523   WU     0.797084      0.159417
 ( 0   3) <--> ( 2   4)        0.181106      0.032799      0.006560   WU     3.432670      0.686534
 ( 0   4) <--> ( 2   1)       -0.008893      0.000079      0.000016   WU     0.008277      0.001655
 ( 0   4) <--> ( 2   2)        0.112197      0.012588      0.002518   WU     1.317449      0.263490
 ( 0   4) <--> ( 2   3)       -0.738496      0.545376      0.109075   WU    57.077462     11.415492
 ( 0   4) <--> ( 2   4)        0.011218      0.000126      0.000025   WU     0.013170      0.002634
 ( 2   1) <--> ( 2   1)        0.389555      0.295257   (eb)
 ( 2   2) <--> ( 2   1)       -1.627508      0.529756      0.529756   WU    55.442722     55.442722
 ( 2   2) <--> ( 2   2)       -0.418487     -0.317185   (eb)
 ( 2   3) <--> ( 2   1)       -0.012212      0.000030      0.000030   WU     0.003122      0.003122
 ( 2   3) <--> ( 2   2)        0.654632      0.085709      0.085709   WU     8.970012      8.970012
 ( 2   3) <--> ( 2   3)        0.246884      0.187121   (eb)
 ( 2   4) <--> ( 2   1)        0.043173      0.000373      0.000373   WU     0.039014      0.039014
 ( 2   4) <--> ( 2   2)       -0.089142      0.001589      0.001589   WU     0.166326      0.166326
 ( 2   4) <--> ( 2   3)       -1.767322      0.624686      0.624686   WU    65.377767     65.377767
 ( 2   4) <--> ( 2   4)       -0.248198     -0.188118   (eb)
 ( 2   1) <--> ( 3   1)        0.742924      0.110387      0.078848   WU    11.552804      8.252003
 ( 2   1) <--> ( 3   2)        0.058555      0.000686      0.000490   WU     0.071766      0.051262
 ( 2   1) <--> ( 3   3)       -0.012952      0.000034      0.000024   WU     0.003511      0.002508
 ( 2   1) <--> ( 3   4)        0.025578      0.000131      0.000093   WU     0.013694      0.009781
 ( 2   2) <--> ( 3   1)       -2.086843      0.870982      0.622130   WU    91.154460     65.110328
 ( 2   2) <--> ( 3   2)        0.156553      0.004902      0.003501   WU     0.513007      0.366434
 ( 2   2) <--> ( 3   3)       -0.047119      0.000444      0.000317   WU     0.046472      0.033194
 ( 2   2) <--> ( 3   4)       -0.026448      0.000140      0.000100   WU     0.014642      0.010459
 ( 2   3) <--> ( 3   1)       -0.031043      0.000193      0.000138   WU     0.020171      0.014408
 ( 2   3) <--> ( 3   2)        0.617212      0.076190      0.054422   WU     7.973846      5.695604
 ( 2   3) <--> ( 3   3)       -0.083161      0.001383      0.000988   WU     0.144758      0.103399
 ( 2   3) <--> ( 3   4)       -0.050546      0.000511      0.000365   WU     0.053478      0.038199
 ( 2   4) <--> ( 3   1)        0.973497      0.189539      0.135385   WU    19.836604     14.169003
 ( 2   4) <--> ( 3   2)       -2.368223      1.121696      0.801212   WU   117.393414     83.852439
 ( 2   4) <--> ( 3   3)       -0.113986      0.002599      0.001856   WU     0.271957      0.194255
 ( 2   4) <--> ( 3   4)        0.055358      0.000613      0.000438   WU     0.064145      0.045818
 ( 2   1) <--> ( 4   1)        2.127231      0.905022      0.502790   WU    94.716963     52.620535
 ( 2   1) <--> ( 4   2)        0.390190      0.030450      0.016916   WU     3.186771      1.770428
 ( 2   1) <--> ( 4   3)       -0.037991      0.000289      0.000160   WU     0.030211      0.016784
 ( 2   1) <--> ( 4   4)       -0.184040      0.006774      0.003763   WU     0.708960      0.393867
 ( 2   2) <--> ( 4   1)        0.162321      0.005270      0.002928   WU     0.551500      0.306389
 ( 2   2) <--> ( 4   2)        1.675020      0.561139      0.311744   WU    58.727120     32.626178
 ( 2   2) <--> ( 4   3)        0.771523      0.119050      0.066139   WU    12.459388      6.921882
 ( 2   2) <--> ( 4   4)       -0.369525      0.027310      0.015172   WU     2.858158      1.587866
 ( 2   3) <--> ( 4   1)       -0.802045      0.128655      0.071475   WU    13.464663      7.480369
 ( 2   3) <--> ( 4   2)       -0.011331      0.000026      0.000014   WU     0.002687      0.001493
 ( 2   3) <--> ( 4   3)        0.919144      0.168965      0.093870   WU    17.683394      9.824108
 ( 2   3) <--> ( 4   4)        2.217089      0.983096      0.546165   WU   102.887965     57.159980
 ( 2   4) <--> ( 4   1)        0.009358      0.000018      0.000010   WU     0.001833      0.001018
 ( 2   4) <--> ( 4   2)       -0.348036      0.024226      0.013459   WU     2.535396      1.408554
 ( 2   4) <--> ( 4   3)        0.027221      0.000148      0.000082   WU     0.015509      0.008616
 ( 2   4) <--> ( 4   4)        0.058649      0.000688      0.000382   WU     0.071997      0.039998
 ( 3   1) <--> ( 3   1)        0.000000      0.000000   (eb)
 ( 3   2) <--> ( 3   1)        0.000000      0.000000      0.000000   WU     0.000000      0.000000
 ( 3   2) <--> ( 3   2)        0.000000      0.000000   (eb)
 ( 3   3) <--> ( 3   1)        0.000000      0.000000      0.000000   WU     0.000000      0.000000
 ( 3   3) <--> ( 3   2)        0.000000      0.000000      0.000000   WU     0.000000      0.000000
 ( 3   3) <--> ( 3   3)        0.000000      0.000000   (eb)
 ( 3   4) <--> ( 3   1)        0.000000      0.000000      0.000000   WU     0.000000      0.000000
 ( 3   4) <--> ( 3   2)        0.000000      0.000000      0.000000   WU     0.000000      0.000000
 ( 3   4) <--> ( 3   3)        0.000000      0.000000      0.000000   WU     0.000000      0.000000
 ( 3   4) <--> ( 3   4)        0.000000      0.000000   (eb)
 ( 3   1) <--> ( 4   1)        1.365031      0.266187      0.207034   WU    27.858347     21.667604
 ( 3   1) <--> ( 4   2)        0.436610      0.027233      0.021181   WU     2.850082      2.216731
 ( 3   1) <--> ( 4   3)       -2.033172      0.590541      0.459310   WU    61.804325     48.070030
 ( 3   1) <--> ( 4   4)        0.275651      0.010855      0.008443   WU     1.136025      0.883575
 ( 3   2) <--> ( 4   1)       -0.040098      0.000230      0.000179   WU     0.024039      0.018697
 ( 3   2) <--> ( 4   2)       -0.033758      0.000163      0.000127   WU     0.017038      0.013252
 ( 3   2) <--> ( 4   3)        1.162304      0.192993      0.150106   WU    20.198058     15.709601
 ( 3   2) <--> ( 4   4)        1.132297      0.183157      0.142455   WU    19.168639     14.908942
 ( 3   3) <--> ( 4   1)        0.016249      0.000038      0.000029   WU     0.003947      0.003070
 ( 3   3) <--> ( 4   2)       -0.001383      0.000000      0.000000   WU     0.000029      0.000022
 ( 3   3) <--> ( 4   3)       -0.079908      0.000912      0.000709   WU     0.095465      0.074251
 ( 3   3) <--> ( 4   4)        0.055153      0.000435      0.000338   WU     0.045479      0.035373
 ( 3   4) <--> ( 4   1)        0.019525      0.000054      0.000042   WU     0.005700      0.004433
 ( 3   4) <--> ( 4   2)       -0.083842      0.001004      0.000781   WU     0.105097      0.081742
 ( 3   4) <--> ( 4   3)       -0.269986      0.010413      0.008099   WU     1.089815      0.847634
 ( 3   4) <--> ( 4   4)        0.147477      0.003107      0.002417   WU     0.325177      0.252915
 ( 3   1) <--> ( 5   1)        2.256305      0.727273      0.462810   WU    76.114253     48.436343
 ( 3   1) <--> ( 5   2)        0.726247      0.075348      0.047949   WU     7.885672      5.018155
 ( 3   1) <--> ( 5   3)        0.135086      0.002607      0.001659   WU     0.272829      0.173618
 ( 3   1) <--> ( 5   4)       -0.071948      0.000740      0.000471   WU     0.077395      0.049251
 ( 3   2) <--> ( 5   1)       -0.725022      0.075094      0.047787   WU     7.859097      5.001244
 ( 3   2) <--> ( 5   2)       -0.058917      0.000496      0.000316   WU     0.051898      0.033026
 ( 3   2) <--> ( 5   3)       -2.518705      0.906268      0.576716   WU    94.847350     60.357404
 ( 3   2) <--> ( 5   4)       -0.742671      0.078794      0.050142   WU     8.246381      5.247697
 ( 3   3) <--> ( 5   1)        0.086120      0.001060      0.000674   WU     0.110886      0.070564
 ( 3   3) <--> ( 5   2)        0.112795      0.001818      0.001157   WU     0.190217      0.121047
 ( 3   3) <--> ( 5   3)       -1.107919      0.175355      0.111590   WU    18.352140     11.678635
 ( 3   3) <--> ( 5   4)       -0.035491      0.000180      0.000115   WU     0.018832      0.011984
 ( 3   4) <--> ( 5   1)        0.163364      0.003813      0.002426   WU     0.399008      0.253914
 ( 3   4) <--> ( 5   2)        0.886270      0.112211      0.071407   WU    11.743638      7.473224
 ( 3   4) <--> ( 5   3)        0.227308      0.007381      0.004697   WU     0.772500      0.491591
 ( 3   4) <--> ( 5   4)        0.136199      0.002650      0.001686   WU     0.277342      0.176490
 ( 4   1) <--> ( 4   1)        0.229728      0.173237   (eb)
 ( 4   2) <--> ( 4   1)       -1.720024      0.328720      0.328720   WU    34.402903     34.402903
 ( 4   2) <--> ( 4   2)        0.504074      0.380120   (eb)
 ( 4   3) <--> ( 4   1)        0.171646      0.003274      0.003274   WU     0.342606      0.342606
 ( 4   3) <--> ( 4   2)       -1.784170      0.353696      0.353696   WU    37.016769     37.016769
 ( 4   3) <--> ( 4   3)       -0.595023     -0.448704   (eb)
 ( 4   4) <--> ( 4   1)        0.001390      0.000000      0.000000   WU     0.000022      0.000022
 ( 4   4) <--> ( 4   2)        1.362047      0.206130      0.206130   WU    21.572977     21.572977
 ( 4   4) <--> ( 4   3)        0.375332      0.015653      0.015653   WU     1.638159      1.638159
 ( 4   4) <--> ( 4   4)        0.014770      0.011138   (eb)
 ( 4   1) <--> ( 5   1)        0.806154      0.072209      0.059080   WU     7.557210      6.183172
 ( 4   1) <--> ( 5   2)        0.063927      0.000454      0.000372   WU     0.047522      0.038881
 ( 4   1) <--> ( 5   3)       -0.078814      0.000690      0.000565   WU     0.072232      0.059099
 ( 4   1) <--> ( 5   4)       -0.012440      0.000017      0.000014   WU     0.001799      0.001472
 ( 4   2) <--> ( 5   1)       -1.867000      0.387299      0.316881   WU    40.533528     33.163795
 ( 4   2) <--> ( 5   2)        0.845841      0.079494      0.065041   WU     8.319621      6.806962
 ( 4   2) <--> ( 5   3)       -0.132191      0.001942      0.001589   WU     0.203203      0.166257
 ( 4   2) <--> ( 5   4)       -0.067412      0.000505      0.000413   WU     0.052845      0.043237
 ( 4   3) <--> ( 5   1)       -0.131452      0.001920      0.001571   WU     0.200937      0.164403
 ( 4   3) <--> ( 5   2)       -2.716979      0.820219      0.671089   WU    85.841752     70.234161
 ( 4   3) <--> ( 5   3)       -0.312649      0.010861      0.008886   WU     1.136686      0.930015
 ( 4   3) <--> ( 5   4)       -0.129125      0.001853      0.001516   WU     0.193887      0.158635
 ( 4   4) <--> ( 5   1)        0.028190      0.000088      0.000072   WU     0.009241      0.007561
 ( 4   4) <--> ( 5   2)        1.122322      0.139956      0.114510   WU    14.647419     11.984252
 ( 4   4) <--> ( 5   3)       -0.678979      0.051224      0.041910   WU     5.360908      4.386198
 ( 4   4) <--> ( 5   4)        0.007830      0.000007      0.000006   WU     0.000713      0.000583
 ( 4   1) <--> ( 6   1)        2.992241      0.994834      0.688731   WU   104.116369     72.080563
 ( 4   1) <--> ( 6   2)        0.368497      0.015088      0.010445   WU     1.579046      1.093185
 ( 4   1) <--> ( 6   3)       -0.204627      0.004652      0.003221   WU     0.486914      0.337095
 ( 4   1) <--> ( 6   4)       -0.119023      0.001574      0.001090   WU     0.164735      0.114047
 ( 4   2) <--> ( 6   1)        0.305865      0.010395      0.007196   WU     1.087890      0.753155
 ( 4   2) <--> ( 6   2)        2.540539      0.717149      0.496488   WU    75.054682     51.960934
 ( 4   2) <--> ( 6   3)        0.140407      0.002190      0.001516   WU     0.229247      0.158709
 ( 4   2) <--> ( 6   4)       -0.747091      0.062016      0.042934   WU     6.490426      4.493372
 ( 4   3) <--> ( 6   1)       -0.655312      0.047715      0.033033   WU     4.993692      3.457172
 ( 4   3) <--> ( 6   2)        0.117118      0.001524      0.001055   WU     0.159504      0.110426
 ( 4   3) <--> ( 6   3)        1.957225      0.425637      0.294672   WU    44.545891     30.839463
 ( 4   3) <--> ( 6   4)       -1.487121      0.245725      0.170118   WU    25.716896     17.804005
 ( 4   4) <--> ( 6   1)       -0.874868      0.085044      0.058876   WU     8.900422      6.161831
 ( 4   4) <--> ( 6   2)        0.043967      0.000215      0.000149   WU     0.022479      0.015563
 ( 4   4) <--> ( 6   3)        2.645290      0.777507      0.538274   WU    81.371560     56.334157
 ( 4   4) <--> ( 6   4)        1.739988      0.336395      0.232889   WU    35.206161     24.373496
 ( 5   1) <--> ( 5   1)        0.209812      0.152350   (eb)
 ( 5   2) <--> ( 5   1)       -1.716848      0.267961      0.267961   WU    28.043958     28.043958
 ( 5   2) <--> ( 5   2)       -0.220376     -0.160021   (eb)
 ( 5   3) <--> ( 5   1)       -0.028418      0.000073      0.000073   WU     0.007684      0.007684
 ( 5   3) <--> ( 5   2)       -0.571136      0.029654      0.029654   WU     3.103526      3.103526
 ( 5   3) <--> ( 5   3)        0.271241      0.196955   (eb)
 ( 5   4) <--> ( 5   1)       -0.013533      0.000017      0.000017   WU     0.001743      0.001743
 ( 5   4) <--> ( 5   2)        0.033442      0.000102      0.000102   WU     0.010640      0.010640
 ( 5   4) <--> ( 5   3)       -1.893845      0.326059      0.326059   WU    34.124369     34.124369
 ( 5   4) <--> ( 5   4)       -0.217148     -0.157677   (eb)
 ( 5   1) <--> ( 6   1)        1.745476      0.276971      0.234360   WU    28.987020     24.527479
 ( 5   1) <--> ( 6   2)        0.134670      0.001649      0.001395   WU     0.172551      0.146005
 ( 5   1) <--> ( 6   3)       -1.038933      0.098126      0.083029   WU    10.269529      8.689602
 ( 5   1) <--> ( 6   4)        1.210573      0.133226      0.112730   WU    13.943054     11.797969
 ( 5   2) <--> ( 6   1)       -0.037206      0.000126      0.000106   WU     0.013171      0.011144
 ( 5   2) <--> ( 6   2)        1.271346      0.146938      0.124332   WU    15.378126     13.012260
 ( 5   2) <--> ( 6   3)        0.087195      0.000691      0.000585   WU     0.072336      0.061207
 ( 5   2) <--> ( 6   4)       -0.706821      0.045418      0.038430   WU     4.753300      4.022023
 ( 5   3) <--> ( 6   1)        0.023920      0.000052      0.000044   WU     0.005444      0.004606
 ( 5   3) <--> ( 6   2)       -0.049648      0.000224      0.000190   WU     0.023452      0.019844
 ( 5   3) <--> ( 6   3)       -1.949881      0.345640      0.292464   WU    36.173638     30.608463
 ( 5   3) <--> ( 6   4)       -0.211067      0.004050      0.003427   WU     0.423855      0.358647
 ( 5   4) <--> ( 6   1)        0.010745      0.000010      0.000009   WU     0.001098      0.000929
 ( 5   4) <--> ( 6   2)        0.077212      0.000542      0.000459   WU     0.056722      0.047995
 ( 5   4) <--> ( 6   3)        0.007180      0.000005      0.000004   WU     0.000490      0.000415
 ( 5   4) <--> ( 6   4)       -0.063560      0.000367      0.000311   WU     0.038436      0.032523
 ( 5   1) <--> ( 7   1)        3.268953      0.971460      0.712404   WU   101.670091     74.558067
 ( 5   1) <--> ( 7   2)        0.622413      0.035218      0.025826   WU     3.685806      2.702925
 ( 5   1) <--> ( 7   3)       -0.160770      0.002350      0.001723   WU     0.245916      0.180338
 ( 5   1) <--> ( 7   4)        0.078604      0.000562      0.000412   WU     0.058784      0.043109
 ( 5   2) <--> ( 7   1)        0.105501      0.001012      0.000742   WU     0.105898      0.077659
 ( 5   2) <--> ( 7   2)        2.487785      0.562643      0.412605   WU    58.884572     43.182019
 ( 5   2) <--> ( 7   3)        0.053604      0.000261      0.000192   WU     0.027338      0.020048
 ( 5   2) <--> ( 7   4)        1.117275      0.113482      0.083220   WU    11.876704      8.709583
 ( 5   3) <--> ( 7   1)        1.025252      0.095558      0.070076   WU    10.000856      7.333961
 ( 5   3) <--> ( 7   2)       -0.017109      0.000027      0.000020   WU     0.002785      0.002042
 ( 5   3) <--> ( 7   3)       -3.655809      1.214994      0.890996   WU   127.157740     93.249009
 ( 5   3) <--> ( 7   4)        0.337133      0.010333      0.007577   WU     1.081379      0.793011
 ( 5   4) <--> ( 7   1)        0.038997      0.000138      0.000101   WU     0.014469      0.010611
 ( 5   4) <--> ( 7   2)        0.680207      0.042062      0.030845   WU     4.402074      3.228188
 ( 5   4) <--> ( 7   3)       -0.028321      0.000073      0.000053   WU     0.007631      0.005596
 ( 5   4) <--> ( 7   4)        0.099108      0.000893      0.000655   WU     0.093453      0.068532
 ( 6   1) <--> ( 6   1)        0.003510      0.002447   (eb)
 ( 6   2) <--> ( 6   1)       -1.780187      0.243774      0.243774   WU    25.512710     25.512710
 ( 6   2) <--> ( 6   2)        0.900139      0.627574   (eb)
 ( 6   3) <--> ( 6   1)        0.194533      0.002911      0.002911   WU     0.304657      0.304657
 ( 6   3) <--> ( 6   2)       -0.339460      0.008864      0.008864   WU     0.927687      0.927687
 ( 6   3) <--> ( 6   3)        0.018227      0.012708   (eb)
 ( 6   4) <--> ( 6   1)       -0.047922      0.000177      0.000177   WU     0.018488      0.018488
 ( 6   4) <--> ( 6   2)        2.682632      0.553578      0.553578   WU    57.935835     57.935835
 ( 6   4) <--> ( 6   3)        0.018386      0.000026      0.000026   WU     0.002721      0.002721
 ( 6   4) <--> ( 6   4)       -0.052099     -0.036323   (eb)
 ( 6   1) <--> ( 7   1)        0.850351      0.055623      0.048206   WU     5.821319      5.045143
 ( 6   1) <--> ( 7   2)        0.093195      0.000668      0.000579   WU     0.069921      0.060599
 ( 6   1) <--> ( 7   3)        0.096139      0.000711      0.000616   WU     0.074408      0.064487
 ( 6   1) <--> ( 7   4)       -0.002729      0.000001      0.000000   WU     0.000060      0.000052
 ( 6   2) <--> ( 7   1)       -1.871823      0.269517      0.233581   WU    28.206852     24.445939
 ( 6   2) <--> ( 7   2)        1.005445      0.077763      0.067395   WU     8.138454      7.053327
 ( 6   2) <--> ( 7   3)        0.134168      0.001385      0.001200   WU     0.144918      0.125596
 ( 6   2) <--> ( 7   4)        0.099748      0.000765      0.000663   WU     0.080101      0.069421
 ( 6   3) <--> ( 7   1)       -0.072533      0.000405      0.000351   WU     0.042354      0.036707
 ( 6   3) <--> ( 7   2)       -0.836771      0.053860      0.046679   WU     5.636873      4.885290
 ( 6   3) <--> ( 7   3)        0.819200      0.051622      0.044739   WU     5.402632      4.682281
 ( 6   3) <--> ( 7   4)        0.112867      0.000980      0.000849   WU     0.102555      0.088881
 ( 6   4) <--> ( 7   1)        0.301170      0.006977      0.006047   WU     0.730211      0.632850
 ( 6   4) <--> ( 7   2)        2.503927      0.482281      0.417977   WU    50.474101     43.744221
 ( 6   4) <--> ( 7   3)        0.122178      0.001148      0.000995   WU     0.120173      0.104150
 ( 6   4) <--> ( 7   4)       -0.893407      0.061398      0.053212   WU     6.425746      5.568980
 ( 6   1) <--> ( 8   1)        3.829172      1.127889      0.862504   WU   118.041577     90.267088
 ( 6   1) <--> ( 8   2)        0.353167      0.009594      0.007337   WU     1.004122      0.767858
 ( 6   1) <--> ( 8   3)       -0.264668      0.005388      0.004121   WU     0.563934      0.431244
 ( 6   1) <--> ( 8   4)       -0.092467      0.000658      0.000503   WU     0.068833      0.052637
 ( 6   2) <--> ( 8   1)        0.334328      0.008598      0.006575   WU     0.899853      0.688123
 ( 6   2) <--> ( 8   2)        3.357605      0.867193      0.663148   WU    90.757859     69.403069
 ( 6   2) <--> ( 8   3)       -0.140205      0.001512      0.001156   WU     0.158252      0.121016
 ( 6   2) <--> ( 8   4)       -0.672322      0.034770      0.026589   WU     3.638978      2.782748
 ( 6   3) <--> ( 8   1)       -1.329367      0.135940      0.103954   WU    14.227046     10.879506
 ( 6   3) <--> ( 8   2)        0.435116      0.014564      0.011137   WU     1.524179      1.165549
 ( 6   3) <--> ( 8   3)        4.207960      1.362071      1.041584   WU   142.550361    109.009100
 ( 6   3) <--> ( 8   4)       -0.314619      0.007614      0.005823   WU     0.796882      0.609380
 ( 6   4) <--> ( 8   1)       -0.109665      0.000925      0.000707   WU     0.096818      0.074038
 ( 6   4) <--> ( 8   2)       -0.204320      0.003211      0.002456   WU     0.336084      0.257005
 ( 6   4) <--> ( 8   3)        0.771438      0.045778      0.035007   WU     4.791015      3.663718
 ( 6   4) <--> ( 8   4)        3.091269      0.735073      0.562115   WU    76.930556     58.829248
 ( 7   1) <--> ( 7   1)        0.166007      0.111169   (eb)
 ( 7   2) <--> ( 7   1)       -2.001492      0.267065      0.267065   WU    27.950204     27.950204
 ( 7   2) <--> ( 7   2)        0.312348      0.209168   (eb)
 ( 7   3) <--> ( 7   1)        0.111091      0.000823      0.000823   WU     0.086106      0.086106
 ( 7   3) <--> ( 7   2)        0.420629      0.011795      0.011795   WU     1.234458      1.234458
 ( 7   3) <--> ( 7   3)        0.271761      0.181988   (eb)
 ( 7   4) <--> ( 7   1)        0.052245      0.000182      0.000182   WU     0.019044      0.019044
 ( 7   4) <--> ( 7   2)       -2.367379      0.373632      0.373632   WU    39.103240     39.103240
 ( 7   4) <--> ( 7   3)       -0.089813      0.000538      0.000538   WU     0.056281      0.056281
 ( 7   4) <--> ( 7   4)       -0.441441     -0.295616   (eb)
 ( 7   1) <--> ( 8   1)        2.000155      0.266708      0.235331   WU    27.912887     24.629018
 ( 7   1) <--> ( 8   2)       -0.184852      0.002278      0.002010   WU     0.238412      0.210363
 ( 7   1) <--> ( 8   3)       -0.829445      0.045865      0.040469   WU     4.800119      4.235399
 ( 7   1) <--> ( 8   4)        1.096519      0.080157      0.070727   WU     8.388985      7.402045
 ( 7   2) <--> ( 8   1)       -0.030531      0.000062      0.000055   WU     0.006504      0.005739
 ( 7   2) <--> ( 8   2)        1.857422      0.230001      0.202942   WU    24.071250     21.239338
 ( 7   2) <--> ( 8   3)       -0.144818      0.001398      0.001234   WU     0.146326      0.129111
 ( 7   2) <--> ( 8   4)       -0.662249      0.029238      0.025798   WU     3.059987      2.699989
 ( 7   3) <--> ( 8   1)       -0.000718      0.000000      0.000000   WU     0.000004      0.000003
 ( 7   3) <--> ( 8   2)        0.202815      0.002742      0.002420   WU     0.286996      0.253232
 ( 7   3) <--> ( 8   3)        2.243519      0.335558      0.296081   WU    35.118556     30.986961
 ( 7   3) <--> ( 8   4)       -0.022261      0.000033      0.000029   WU     0.003457      0.003051
 ( 7   4) <--> ( 8   1)       -0.007175      0.000003      0.000003   WU     0.000359      0.000317
 ( 7   4) <--> ( 8   2)       -0.062092      0.000257      0.000227   WU     0.026900      0.023735
 ( 7   4) <--> ( 8   3)       -0.032927      0.000072      0.000064   WU     0.007565      0.006675
 ( 7   4) <--> ( 8   4)       -1.144863      0.087381      0.077101   WU     9.145006      8.069123
 ( 7   1) <--> ( 9   1)        4.176558      1.162909      0.918086   WU   121.706627     96.084179
 ( 7   1) <--> ( 9   2)        0.555514      0.020573      0.016242   WU     2.153116      1.699828
 ( 7   1) <--> ( 9   3)       -0.183795      0.002252      0.001778   WU     0.235691      0.186072
 ( 7   1) <--> ( 9   4)        0.091334      0.000556      0.000439   WU     0.058203      0.045950
 ( 7   2) <--> ( 9   1)        0.167368      0.001867      0.001474   WU     0.195444      0.154298
 ( 7   2) <--> ( 9   2)        3.573478      0.851316      0.672092   WU    89.096245     70.339141
 ( 7   2) <--> ( 9   3)       -0.139186      0.001292      0.001020   WU     0.135167      0.106711
 ( 7   2) <--> ( 9   4)        1.014654      0.068635      0.054185   WU     7.183125      5.670888
 ( 7   3) <--> ( 9   1)       -1.310691      0.114527      0.090416   WU    11.986093      9.462705
 ( 7   3) <--> ( 9   2)        0.270170      0.004866      0.003842   WU     0.509275      0.402059
 ( 7   3) <--> ( 9   3)        4.715666      1.482500      1.170395   WU   155.154125    122.490099
 ( 7   3) <--> ( 9   4)        0.022075      0.000032      0.000026   WU     0.003400      0.002684
 ( 7   4) <--> ( 9   1)       -0.022492      0.000034      0.000027   WU     0.003530      0.002787
 ( 7   4) <--> ( 9   2)        0.021734      0.000031      0.000025   WU     0.003296      0.002602
 ( 7   4) <--> ( 9   3)       -0.250807      0.004194      0.003311   WU     0.438891      0.346493
 ( 7   4) <--> ( 9   4)        2.779634      0.515091      0.406651   WU    53.907920     42.558884
 ( 8   1) <--> ( 8   1)       -0.227177     -0.146347   (eb)
 ( 8   2) <--> ( 8   1)       -1.791273      0.188745      0.188745   WU    19.753450     19.753450
 ( 8   2) <--> ( 8   2)        0.933443      0.601320   (eb)
 ( 8   3) <--> ( 8   1)        0.353071      0.007333      0.007333   WU     0.767438      0.767438
 ( 8   3) <--> ( 8   2)       -0.047646      0.000134      0.000134   WU     0.013976      0.013976
 ( 8   3) <--> ( 8   3)       -0.174177     -0.112204   (eb)
 ( 8   4) <--> ( 8   1)       -0.030715      0.000055      0.000055   WU     0.005808      0.005808
 ( 8   4) <--> ( 8   2)        2.978264      0.521768      0.521768   WU    54.606698     54.606698
 ( 8   4) <--> ( 8   3)       -0.238330      0.003341      0.003341   WU     0.349684      0.349684
 ( 8   4) <--> ( 8   4)        0.811523      0.522780   (eb)
 ( 8   1) <--> ( 9   1)        0.887024      0.046283      0.041411   WU     4.843843      4.333965
 ( 8   1) <--> ( 9   2)        0.114019      0.000765      0.000684   WU     0.080033      0.071609
 ( 8   1) <--> ( 9   3)        0.107622      0.000681      0.000610   WU     0.071306      0.063800
 ( 8   1) <--> ( 9   4)        0.010107      0.000006      0.000005   WU     0.000629      0.000563
 ( 8   2) <--> ( 9   1)       -1.946029      0.222766      0.199317   WU    23.314072     20.859959
 ( 8   2) <--> ( 9   2)        1.070613      0.067424      0.060327   WU     7.056421      6.313639
 ( 8   2) <--> ( 9   3)        0.132355      0.001030      0.000922   WU     0.107845      0.096493
 ( 8   2) <--> ( 9   4)        0.196491      0.002271      0.002032   WU     0.237686      0.212667
 ( 8   3) <--> ( 9   1)        0.087192      0.000447      0.000400   WU     0.046803      0.041876
 ( 8   3) <--> ( 9   2)       -0.455145      0.012186      0.010903   WU     1.275317      1.141073
 ( 8   3) <--> ( 9   3)        0.900265      0.047675      0.042657   WU     4.989541      4.464326
 ( 8   3) <--> ( 9   4)        0.033113      0.000064      0.000058   WU     0.006750      0.006040
 ( 8   4) <--> ( 9   1)        0.397830      0.009310      0.008330   WU     0.974352      0.871788
 ( 8   4) <--> ( 9   2)        2.553166      0.383450      0.343087   WU    40.130789     35.906495
 ( 8   4) <--> ( 9   3)       -0.050818      0.000152      0.000136   WU     0.015899      0.014225
 ( 8   4) <--> ( 9   4)       -1.197814      0.084398      0.075514   WU     8.832796      7.903028
 ( 8   1) <--> (10   1)        4.647877      1.270751      1.028703   WU   132.993019    107.661015
 ( 8   1) <--> (10   2)        0.278095      0.004549      0.003683   WU     0.476108      0.385420
 ( 8   1) <--> (10   3)       -0.348786      0.007156      0.005793   WU     0.748922      0.606270
 ( 8   1) <--> (10   4)        0.069862      0.000287      0.000232   WU     0.030047      0.024323
 ( 8   2) <--> (10   1)        0.232044      0.003167      0.002564   WU     0.331481      0.268342
 ( 8   2) <--> (10   2)        4.113676      0.995431      0.805825   WU   104.178883     84.335286
 ( 8   2) <--> (10   3)       -0.973254      0.055719      0.045106   WU     5.831393      4.720651
 ( 8   2) <--> (10   4)        0.614013      0.022177      0.017953   WU     2.320998      1.878903
 ( 8   3) <--> (10   1)       -1.578622      0.146591      0.118669   WU    15.341790     12.419545
 ( 8   3) <--> (10   2)        1.564148      0.143915      0.116503   WU    15.061753     12.192847
 ( 8   3) <--> (10   3)        4.999175      1.470103      1.190083   WU   153.856624    124.550601
 ( 8   3) <--> (10   4)        0.107875      0.000685      0.000554   WU     0.071641      0.057995
 ( 8   4) <--> (10   1)        0.082978      0.000405      0.000328   WU     0.042389      0.034315
 ( 8   4) <--> (10   2)       -0.248959      0.003646      0.002951   WU     0.381572      0.308891
 ( 8   4) <--> (10   3)        0.475698      0.013311      0.010776   WU     1.393101      1.127749
 ( 8   4) <--> (10   4)       -3.865340      0.878874      0.711469   WU    91.980333     74.460269
 ( 9   1) <--> ( 9   1)        0.022421      0.013921   (eb)
 ( 9   2) <--> ( 9   1)       -2.125647      0.237809      0.237809   WU    24.888403     24.888403
 ( 9   2) <--> ( 9   2)        0.654961      0.406653   (eb)
 ( 9   3) <--> ( 9   1)        0.272320      0.003903      0.003903   WU     0.408484      0.408484
 ( 9   3) <--> ( 9   2)        0.499706      0.013142      0.013142   WU     1.375446      1.375446
 ( 9   3) <--> ( 9   3)        0.121360      0.075350   (eb)
 ( 9   4) <--> ( 9   1)        0.028165      0.000042      0.000042   WU     0.004369      0.004369
 ( 9   4) <--> ( 9   2)       -2.921576      0.449242      0.449242   WU    47.016387     47.016387
 ( 9   4) <--> ( 9   3)       -0.045027      0.000107      0.000107   WU     0.011168      0.011168
 ( 9   4) <--> ( 9   4)        0.279509      0.173542   (eb)
 ( 9   1) <--> (10   1)        2.200420      0.254834      0.230564   WU    26.670193     24.130175
 ( 9   1) <--> (10   2)       -0.571065      0.017164      0.015529   WU     1.796330      1.625251
 ( 9   1) <--> (10   3)       -0.652560      0.022412      0.020278   WU     2.345608      2.122217
 ( 9   1) <--> (10   4)       -0.939065      0.046413      0.041992   WU     4.857422      4.394810
 ( 9   2) <--> (10   1)       -0.022443      0.000027      0.000024   WU     0.002774      0.002510
 ( 9   2) <--> (10   2)        2.219268      0.259219      0.234531   WU    27.129050     24.545331
 ( 9   2) <--> (10   3)       -0.683302      0.024574      0.022233   WU     2.571820      2.326884
 ( 9   2) <--> (10   4)        0.299533      0.004722      0.004272   WU     0.494201      0.447135
 ( 9   3) <--> (10   1)        0.026137      0.000036      0.000033   WU     0.003763      0.003405
 ( 9   3) <--> (10   2)        0.754749      0.029981      0.027126   WU     3.137758      2.838924
 ( 9   3) <--> (10   3)        2.399167      0.302947      0.274095   WU    31.705583     28.686004
 ( 9   3) <--> (10   4)       -0.103365      0.000562      0.000509   WU     0.058852      0.053247
 ( 9   4) <--> (10   1)       -0.007350      0.000003      0.000003   WU     0.000298      0.000269
 ( 9   4) <--> (10   2)       -0.030689      0.000050      0.000045   WU     0.005188      0.004694
 ( 9   4) <--> (10   3)        0.037526      0.000074      0.000067   WU     0.007757      0.007018
 ( 9   4) <--> (10   4)        1.804310      0.171344      0.155025   WU    17.932346     16.224504
 (10   1) <--> (10   1)       -0.448689     -0.269031   (eb)
 (10   2) <--> (10   1)       -1.651645      0.129902      0.129902   WU    13.595114     13.595114
 (10   2) <--> (10   2)        0.774445      0.464352   (eb)
 (10   3) <--> (10   1)        0.847313      0.034188      0.034188   WU     3.577970      3.577970
 (10   3) <--> (10   2)       -0.192783      0.001770      0.001770   WU     0.185220      0.185220
 (10   3) <--> (10   3)       -0.406742     -0.243880   (eb)
 (10   4) <--> (10   1)        0.013829      0.000009      0.000009   WU     0.000953      0.000953
 (10   4) <--> (10   2)       -2.979720      0.422797      0.422797   WU    44.248659     44.248659
 (10   4) <--> (10   3)        0.822023      0.032177      0.032177   WU     3.367576      3.367576
 (10   4) <--> (10   4)        1.664180      0.997832   (eb)
 
  quadrupole shape invariant: 01+, 02+, 03+, 04+
quadr2     1.69487502     2.32412355     2.85460562     3.27890034
quadr3     1.14401781     1.28941306     3.30423526     1.94424833
  effective deformation parameters:  01+, 02+, 03+, 04+
beteff     0.12105365     0.14175508     0.15710214     0.16837327
cos3ga     0.51847314     0.36391776     0.68509656     0.32746087
 
 ********* END Transition **************************
