 ********* BEGIN READER ****************************
 
 Nucleus            :  Po  84 116
 Imin, Imax         :     0  10
 imu, remu          :     1 12.0000
 nlevel             :     4
 observables        :     2
 wave fun           :     1
 nbet, ngam, npar   :    10   7  10
 Finish reading parameters: V, B_k ...
 
 ********* END READER ******************************
 
 ********* BEGIN LEVELS ********************
 
 E_0 = -1565.765883
 
  I=   0   ntot= 127
   0   1    0.000000
   0   2    1.287881
   0   3    2.347463
   0   4    2.875074
 
  I=   2   ntot= 234
   2   1    0.518866
   2   2    1.474948
   2   3    2.234622
   2   4    2.925354
 
  I=   3   ntot= 108
   3   1    2.107282
   3   2    3.882999
   3   3    4.960513
   3   4    5.340830
 
  I=   4   ntot= 324
   4   1    1.221726
   4   2    2.371746
   4   3    3.074843
   4   4    3.295983
 
  I=   5   ntot= 198
   5   1    3.021976
   5   2    4.141974
   5   3    4.821250
   5   4    5.720506
 
  I=   6   ntot= 432
   6   1    2.111515
   6   2    3.403780
   6   3    4.058529
   6   4    4.446420
 
  I=   7   ntot= 306
   7   1    4.101713
   7   2    5.360047
   7   3    5.821126
   7   4    6.425937
 
  I=   8   ntot= 522
   8   1    3.172396
   8   2    4.595423
   8   3    5.110215
   8   4    5.485762
 
  I=   9   ntot= 397
   9   1    5.336984
   9   2    6.709919
   9   3    6.886863
   9   4    7.182216
 
  I=  10   ntot= 630
  10   1    4.392154
  10   2    5.819756
  10   3    5.938539
  10   4    6.246960
 
 ********* END LEVELS **********************
 
 ********* BEGIN Transition ************************
 
  Monopole moment 
 
   I   n    <In|E0|In>   ave \beta      del<b>   ave \gamma    del<g>  
     K=0       K=2       K=4   
   0   1     29.982050    0.145350    0.037464   35.385139   10.440694  100.0000    0.0000    0.0000
   0   2     30.021323    0.153239    0.055883   38.599429    9.614520  100.0000    0.0000    0.0000
   0   3     30.081435    0.164714    0.039856   23.730910   12.298448  100.0000    0.0000    0.0000
   0   4     30.236291    0.192567    0.062231   37.452675    8.561472  100.0000    0.0000    0.0000
   2   1     30.065985    0.161164    0.033810   37.808610    9.539392   38.6648   61.3352    0.0000
   2   2     30.080581    0.165130    0.035079   30.209098   10.045720   65.7425   34.2575    0.0000
   2   3     30.132478    0.174787    0.052879   37.349950    9.098761   59.8691   40.1309    0.0000
   2   4     30.200802    0.186840    0.046275   32.454082    9.487954   44.3430   55.6570    0.0000
   3   1     30.163729    0.179792    0.032025   32.824655    8.058806    0.0000  100.0000    0.0000
   3   2     30.314057    0.206129    0.052074   34.132771    7.604482    0.0000  100.0000    0.0000
   3   3     30.333804    0.208537    0.045723   26.913483    9.483156    0.0000  100.0000    0.0000
   3   4     30.535061    0.240317    0.068421   33.842271    7.750518    0.0000  100.0000    0.0000
   4   1     30.119569    0.170566    0.032098   38.889863    9.022476   26.2625   39.0735   34.6639
   4   2     30.145627    0.176423    0.033516   31.829275   10.244461   51.5680    5.1428   43.2893
   4   3     30.208172    0.187907    0.047635   35.293003    9.212377   37.9217   43.4908   18.5875
   4   4     30.217525    0.189229    0.042263   31.729015   10.520774   36.0736   36.6396   27.2868
   5   1     30.215139    0.188389    0.031567   33.988933    7.750140    0.0000   47.1222   52.8778
   5   2     30.259296    0.196395    0.032987   30.237655    7.904501    0.0000   55.1287   44.8713
   5   3     30.423528    0.222946    0.052148   33.885363    7.393120    0.0000   52.5193   47.4807
   5   4     30.500272    0.235108    0.055291   31.548677    7.322286    0.0000   47.5192   52.4808
   6   1     30.163750    0.178133    0.031171   39.264876    8.689421   21.8494   34.3796   23.1046
   6   2     30.201167    0.185585    0.032364   33.212502   10.285808   38.2771   15.3675    5.0326
   6   3     30.312318    0.204733    0.050673   36.932820    8.373236   30.1933   38.2575   18.5099
   6   4     30.258017    0.195510    0.039053   30.271252   11.211246   46.4470   10.1802   10.9815
   7   1     30.262975    0.196213    0.031644   34.644466    7.520453    0.0000   28.8820   44.9134
   7   2     30.317839    0.205698    0.034037   31.106970    8.247345    0.0000   50.4009    1.8821
   7   3     30.534988    0.239301    0.053451   33.687204    7.276790    0.0000   32.3563   45.3749
   7   4     30.396999    0.218757    0.039110   29.208663    7.837780    0.0000   27.1482   45.7050
   8   1     30.204508    0.185040    0.030725   39.211299    8.410260   19.8468   32.5710   21.5267
   8   2     30.250036    0.193458    0.032163   33.913936   10.269387   30.4931   20.7779    2.4596
   8   3     30.411740    0.219900    0.051358   37.050329    8.000711   24.5887   36.2850   21.0465
   8   4     33.137025    0.587933    0.047768    5.312552    7.056502   99.9449    0.0297    0.0057
   9   1     30.312395    0.204168    0.032402   34.905956    7.317449    0.0000   20.5434   37.8656
   9   2     30.388075    0.216668    0.036790   31.604177    8.502317    0.0000   40.6767    9.0504
   9   3     30.687675    0.261075    0.058577   33.262035    7.734938    0.0000   23.1891   39.8720
   9   4     32.882558    0.555241    0.053116    8.777548    6.638241    0.0000   99.6103    0.2785
  10   1     30.244738    0.191806    0.030732   38.879895    8.138689   18.7907   31.7350   21.3202
  10   2     33.143380    0.588590    0.047379    5.288482    7.003850   99.9147    0.0581    0.0047
  10   3     30.305426    0.202487    0.034705   33.733477    9.884592   25.9930   23.9853    4.0818
  10   4     30.516256    0.235234    0.053429   36.848043    7.968543   22.1100   34.4862   21.4463
 
  rho^2(E0) 
 
   I  n_1 n_2  <In_1|E0|In_2>  rho^2(E0) 
   0   1   1       29.982050 2615.267650
   0   2   1       -0.171130    0.085201
   0   2   2       30.021323 2622.123477
   0   3   1        0.050821    0.007514
   0   3   2        0.062915    0.011516
   0   3   3       30.081435 2632.634678
   0   4   1        0.040873    0.004860
   0   4   2       -0.217595    0.137750
   0   4   3        0.050246    0.007345
   0   4   4       30.236291 2659.809386
   2   1   1       30.065985 2629.931063
   2   2   1       -0.043324    0.005461
   2   2   2       30.080581 2632.485205
   2   3   1       -0.163614    0.077882
   2   3   2       -0.036078    0.003787
   2   3   3       30.132478 2641.576442
   2   4   1        0.063761    0.011828
   2   4   2       -0.117568    0.040213
   2   4   3       -0.018282    0.000972
   2   4   4       30.200802 2653.569366
   3   1   1       30.163729 2647.058532
   3   2   1       -0.174440    0.088529
   3   2   2       30.314057 2673.508826
   3   3   1        0.038288    0.004265
   3   3   2       -0.100898    0.029618
   3   3   3       30.333804 2676.993046
   3   4   1       -0.036363    0.003847
   3   4   2       -0.258780    0.194830
   3   4   3        0.100365    0.029306
   3   4   4       30.535061 2712.633182
   4   1   1       30.119569 2639.313674
   4   2   1       -0.035081    0.003580
   4   2   2       30.145627 2643.882350
   4   3   1       -0.138229    0.055589
   4   3   2       -0.044402    0.005736
   4   3   3       30.208172 2654.864641
   4   4   1        0.102224    0.030402
   4   4   2       -0.031758    0.002934
   4   4   3       -0.031877    0.002956
   4   4   4       30.217525 2656.508941
   5   1   1       30.215139 2656.089321
   5   2   1       -0.022223    0.001437
   5   2   2       30.259296 2663.858434
   5   3   1       -0.177700    0.091869
   5   3   2       -0.000197    0.000000
   5   3   3       30.423528 2692.853012
   5   4   1        0.007361    0.000158
   5   4   2       -0.175059    0.089159
   5   4   3       -0.060909    0.010793
   5   4   4       30.500272 2706.455630
   6   1   1       30.163750 2647.062202
   6   2   1       -0.023550    0.001613
   6   2   2       30.201167 2653.633578
   6   3   1       -0.164546    0.078771
   6   3   2       -0.028907    0.002431
   6   3   3       30.312318 2673.202052
   6   4   1        0.056549    0.009304
   6   4   2       -0.052081    0.007891
   6   4   3       -0.052188    0.007924
   6   4   4       30.258017 2663.633172
   7   1   1       30.262975 2664.506230
   7   2   1       -0.023398    0.001593
   7   2   2       30.317839 2674.175998
   7   3   1       -0.181063    0.095379
   7   3   2        0.003425    0.000034
   7   3   3       30.534988 2712.620199
   7   4   1        0.009623    0.000269
   7   4   2       -0.042968    0.005371
   7   4   3       -0.027268    0.002163
   7   4   4       30.396999 2688.158783
   8   1   1       30.204508 2654.220679
   8   2   1       -0.008821    0.000226
   8   2   2       30.250036 2662.228301
   8   3   1       -0.171633    0.085703
   8   3   2       -0.025876    0.001948
   8   3   3       30.411740 2690.766612
   8   4   1       -0.000175    0.000000
   8   4   2        0.001207    0.000004
   8   4   3       -0.002551    0.000019
   8   4   4       33.137025 3194.629703
   9   1   1       30.312395 2673.215617
   9   2   1       -0.016875    0.000829
   9   2   2       30.388075 2686.580581
   9   3   1       -0.186516    0.101210
   9   3   2        0.001535    0.000007
   9   3   3       30.687675 2739.816428
   9   4   1       -0.006249    0.000114
   9   4   2        0.015240    0.000676
   9   4   3       -0.062291    0.011289
   9   4   4       32.882558 3145.753415
  10   1   1       30.244738 2661.295851
  10   2   1       -0.000233    0.000000
  10   2   2       33.143380 3195.855094
  10   3   1        0.019941    0.001157
  10   3   2        0.009541    0.000265
  10   3   3       30.305426 2671.986606
  10   4   1       -0.172297    0.086367
  10   4   2       -0.004155    0.000050
  10   4   3       -0.050723    0.007485
  10   4   4       30.516256 2709.293129
 
  E2 transition 
 
  I1  n1        I2  n2       <f||E2||i>   B(E2,I1->I2)  B(E2,I2->I1)
 ( 0   1) <--> ( 2   1)        1.155599      1.335409      0.267082   WU   192.215184     38.443037
 ( 0   1) <--> ( 2   2)        0.489135      0.239253      0.047851   WU    34.437500      6.887500
 ( 0   1) <--> ( 2   3)       -0.168928      0.028537      0.005707   WU     4.107492      0.821498
 ( 0   1) <--> ( 2   4)        0.005510      0.000030      0.000006   WU     0.004369      0.000874
 ( 0   2) <--> ( 2   1)       -0.559467      0.313004      0.062601   WU    45.052917      9.010583
 ( 0   2) <--> ( 2   2)        0.227439      0.051729      0.010346   WU     7.445688      1.489138
 ( 0   2) <--> ( 2   3)        1.151311      1.325517      0.265103   WU   190.791338     38.158268
 ( 0   2) <--> ( 2   4)        0.230467      0.053115      0.010623   WU     7.645248      1.529050
 ( 0   3) <--> ( 2   1)        0.084149      0.007081      0.001416   WU     1.019239      0.203848
 ( 0   3) <--> ( 2   2)        0.745228      0.555364      0.111073   WU    79.937678     15.987536
 ( 0   3) <--> ( 2   3)       -0.004554      0.000021      0.000004   WU     0.002986      0.000597
 ( 0   3) <--> ( 2   4)        0.741731      0.550165      0.110033   WU    79.189351     15.837870
 ( 0   4) <--> ( 2   1)        0.079601      0.006336      0.001267   WU     0.912034      0.182407
 ( 0   4) <--> ( 2   2)        0.029318      0.000860      0.000172   WU     0.123719      0.024744
 ( 0   4) <--> ( 2   3)       -0.886341      0.785600      0.157120   WU   113.077159     22.615432
 ( 0   4) <--> ( 2   4)        0.404128      0.163320      0.032664   WU    23.507801      4.701560
 ( 2   1) <--> ( 2   1)        1.050368      0.796109   (eb)
 ( 2   2) <--> ( 2   1)       -1.281386      0.328390      0.328390   WU    47.267600     47.267600
 ( 2   2) <--> ( 2   2)       -0.958726     -0.726650   (eb)
 ( 2   3) <--> ( 2   1)        0.025894      0.000134      0.000134   WU     0.019302      0.019302
 ( 2   3) <--> ( 2   2)        0.621923      0.077358      0.077358   WU    11.134656     11.134656
 ( 2   3) <--> ( 2   3)        0.189164      0.143373   (eb)
 ( 2   4) <--> ( 2   1)        0.188616      0.007115      0.007115   WU     1.024145      1.024145
 ( 2   4) <--> ( 2   2)       -0.386506      0.029877      0.029877   WU     4.300474      4.300474
 ( 2   4) <--> ( 2   3)       -1.296598      0.336233      0.336233   WU    48.396518     48.396518
 ( 2   4) <--> ( 2   4)        0.130964      0.099262   (eb)
 ( 2   1) <--> ( 3   1)        0.843445      0.142280      0.101629   WU    20.479413     14.628152
 ( 2   1) <--> ( 3   2)       -0.008000      0.000013      0.000009   WU     0.001843      0.001316
 ( 2   1) <--> ( 3   3)       -0.075275      0.001133      0.000809   WU     0.163121      0.116515
 ( 2   1) <--> ( 3   4)        0.021927      0.000096      0.000069   WU     0.013841      0.009886
 ( 2   2) <--> ( 3   1)       -1.839105      0.676461      0.483187   WU    97.368056     69.548611
 ( 2   2) <--> ( 3   2)        0.183418      0.006728      0.004806   WU     0.968470      0.691764
 ( 2   2) <--> ( 3   3)        0.009828      0.000019      0.000014   WU     0.002780      0.001986
 ( 2   2) <--> ( 3   4)        0.039563      0.000313      0.000224   WU     0.045060      0.032186
 ( 2   3) <--> ( 3   1)        0.534442      0.057126      0.040804   WU     8.222518      5.873227
 ( 2   3) <--> ( 3   2)        0.444640      0.039541      0.028243   WU     5.691409      4.065292
 ( 2   3) <--> ( 3   3)        0.016061      0.000052      0.000037   WU     0.007426      0.005304
 ( 2   3) <--> ( 3   4)        0.027064      0.000146      0.000105   WU     0.021086      0.015062
 ( 2   4) <--> ( 3   1)        1.355331      0.367385      0.262418   WU    52.880349     37.771678
 ( 2   4) <--> ( 3   2)       -1.720897      0.592297      0.423069   WU    85.253655     60.895468
 ( 2   4) <--> ( 3   3)        0.311240      0.019374      0.013839   WU     2.788643      1.991888
 ( 2   4) <--> ( 3   4)       -0.104959      0.002203      0.001574   WU     0.317135      0.226525
 ( 2   1) <--> ( 4   1)        2.087326      0.871386      0.484103   WU   125.424967     69.680537
 ( 2   1) <--> ( 4   2)        0.412886      0.034095      0.018942   WU     4.907534      2.726408
 ( 2   1) <--> ( 4   3)       -0.203816      0.008308      0.004616   WU     1.195865      0.664369
 ( 2   1) <--> ( 4   4)        0.105527      0.002227      0.001237   WU     0.320577      0.178098
 ( 2   2) <--> ( 4   1)       -0.002042      0.000001      0.000000   WU     0.000120      0.000067
 ( 2   2) <--> ( 4   2)        1.650085      0.544556      0.302531   WU    78.381966     43.545537
 ( 2   2) <--> ( 4   3)        0.596471      0.071156      0.039531   WU    10.241935      5.689964
 ( 2   2) <--> ( 4   4)        0.726586      0.105586      0.058659   WU    15.197706      8.443170
 ( 2   3) <--> ( 4   1)       -0.781286      0.122082      0.067823   WU    17.572111      9.762284
 ( 2   3) <--> ( 4   2)       -0.073489      0.001080      0.000600   WU     0.155472      0.086373
 ( 2   3) <--> ( 4   3)        1.835722      0.673975      0.374430   WU    97.010149     53.894527
 ( 2   3) <--> ( 4   4)       -1.176468      0.276816      0.153786   WU    39.844097     22.135610
 ( 2   4) <--> ( 4   1)        0.127788      0.003266      0.001814   WU     0.470093      0.261163
 ( 2   4) <--> ( 4   2)        0.121502      0.002953      0.001640   WU     0.424985      0.236103
 ( 2   4) <--> ( 4   3)       -0.088502      0.001567      0.000870   WU     0.225478      0.125266
 ( 2   4) <--> ( 4   4)        0.787263      0.123957      0.068865   WU    17.841991      9.912217
 ( 3   1) <--> ( 3   1)        0.000000      0.000000   (eb)
 ( 3   2) <--> ( 3   1)        0.000000      0.000000      0.000000   WU     0.000000      0.000000
 ( 3   2) <--> ( 3   2)        0.000000      0.000000   (eb)
 ( 3   3) <--> ( 3   1)        0.000000      0.000000      0.000000   WU     0.000000      0.000000
 ( 3   3) <--> ( 3   2)        0.000000      0.000000      0.000000   WU     0.000000      0.000000
 ( 3   3) <--> ( 3   3)        0.000000      0.000000   (eb)
 ( 3   4) <--> ( 3   1)        0.000000      0.000000      0.000000   WU     0.000000      0.000000
 ( 3   4) <--> ( 3   2)        0.000000      0.000000      0.000000   WU     0.000000      0.000000
 ( 3   4) <--> ( 3   3)        0.000000      0.000000      0.000000   WU     0.000000      0.000000
 ( 3   4) <--> ( 3   4)        0.000000      0.000000   (eb)
 ( 3   1) <--> ( 4   1)        1.090370      0.169844      0.132101   WU    24.446851     19.014218
 ( 3   1) <--> ( 4   2)        1.242420      0.220515      0.171512   WU    31.740377     24.686960
 ( 3   1) <--> ( 4   3)       -1.398239      0.279296      0.217230   WU    40.201144     31.267557
 ( 3   1) <--> ( 4   4)       -1.079089      0.166348      0.129381   WU    23.943631     18.622824
 ( 3   2) <--> ( 4   1)       -0.072888      0.000759      0.000590   WU     0.109241      0.084965
 ( 3   2) <--> ( 4   2)       -0.089449      0.001143      0.000889   WU     0.164525      0.127964
 ( 3   2) <--> ( 4   3)        1.441694      0.296926      0.230943   WU    42.738752     33.241251
 ( 3   2) <--> ( 4   4)       -0.298651      0.012742      0.009910   WU     1.834021      1.426461
 ( 3   3) <--> ( 4   1)       -0.055685      0.000443      0.000345   WU     0.063761      0.049592
 ( 3   3) <--> ( 4   2)        0.068836      0.000677      0.000526   WU     0.097433      0.075781
 ( 3   3) <--> ( 4   3)       -0.098657      0.001390      0.001081   WU     0.200137      0.155662
 ( 3   3) <--> ( 4   4)       -0.085500      0.001044      0.000812   WU     0.150316      0.116912
 ( 3   4) <--> ( 4   1)       -0.002394      0.000001      0.000001   WU     0.000118      0.000092
 ( 3   4) <--> ( 4   2)       -0.042451      0.000257      0.000200   WU     0.037055      0.028821
 ( 3   4) <--> ( 4   3)        0.058043      0.000481      0.000374   WU     0.069274      0.053880
 ( 3   4) <--> ( 4   4)        0.153458      0.003364      0.002617   WU     0.484235      0.376627
 ( 3   1) <--> ( 5   1)        2.173843      0.675085      0.429600   WU    97.169939     61.835416
 ( 3   1) <--> ( 5   2)        0.843014      0.101525      0.064607   WU    14.613176      9.299294
 ( 3   1) <--> ( 5   3)       -0.190296      0.005173      0.003292   WU     0.744617      0.473847
 ( 3   1) <--> ( 5   4)        0.004969      0.000004      0.000002   WU     0.000508      0.000323
 ( 3   2) <--> ( 5   1)       -0.696529      0.069308      0.044105   WU     9.975950      6.348332
 ( 3   2) <--> ( 5   2)        0.130264      0.002424      0.001543   WU     0.348921      0.222040
 ( 3   2) <--> ( 5   3)        2.451821      0.858775      0.546493   WU   123.609836     78.660805
 ( 3   2) <--> ( 5   4)        0.833395      0.099221      0.063141   WU    14.281617      9.088302
 ( 3   3) <--> ( 5   1)        0.072245      0.000746      0.000474   WU     0.107322      0.068296
 ( 3   3) <--> ( 5   2)        0.965247      0.133100      0.084700   WU    19.158111     12.191525
 ( 3   3) <--> ( 5   3)       -0.756150      0.081680      0.051978   WU    11.756867      7.481643
 ( 3   3) <--> ( 5   4)        0.558251      0.044521      0.028331   WU     6.408182      4.077934
 ( 3   4) <--> ( 5   1)       -0.108264      0.001674      0.001066   WU     0.241017      0.153374
 ( 3   4) <--> ( 5   2)       -0.371656      0.019733      0.012557   WU     2.840263      1.807440
 ( 3   4) <--> ( 5   3)       -1.067084      0.162667      0.103515   WU    23.413846     14.899720
 ( 3   4) <--> ( 5   4)        0.083042      0.000985      0.000627   WU     0.141798      0.090235
 ( 4   1) <--> ( 4   1)        1.250738      0.943176   (eb)
 ( 4   2) <--> ( 4   1)       -1.520675      0.256939      0.256939   WU    36.983134     36.983134
 ( 4   2) <--> ( 4   2)        0.304444      0.229580   (eb)
 ( 4   3) <--> ( 4   1)        0.150409      0.002514      0.002514   WU     0.361809      0.361809
 ( 4   3) <--> ( 4   2)       -0.634318      0.044707      0.044707   WU     6.434952      6.434952
 ( 4   3) <--> ( 4   3)        0.095755      0.072209   (eb)
 ( 4   4) <--> ( 4   1)        0.221938      0.005473      0.005473   WU     0.787757      0.787757
 ( 4   4) <--> ( 4   2)       -1.721794      0.329397      0.329397   WU    47.412580     47.412580
 ( 4   4) <--> ( 4   3)       -0.951010      0.100491      0.100491   WU    14.464438     14.464438
 ( 4   4) <--> ( 4   4)       -0.495303     -0.373506   (eb)
 ( 4   1) <--> ( 5   1)        0.914809      0.092986      0.076080   WU    13.384172     10.950686
 ( 4   1) <--> ( 5   2)       -0.010650      0.000013      0.000010   WU     0.001814      0.001484
 ( 4   1) <--> ( 5   3)        0.027359      0.000083      0.000068   WU     0.011971      0.009795
 ( 4   1) <--> ( 5   4)       -0.032438      0.000117      0.000096   WU     0.016829      0.013769
 ( 4   2) <--> ( 5   1)       -1.636287      0.297493      0.243403   WU    42.820310     35.034799
 ( 4   2) <--> ( 5   2)        0.965048      0.103480      0.084665   WU    14.894606     12.186496
 ( 4   2) <--> ( 5   3)        0.092585      0.000952      0.000779   WU     0.137091      0.112166
 ( 4   2) <--> ( 5   4)        0.012325      0.000017      0.000014   WU     0.002429      0.001988
 ( 4   3) <--> ( 5   1)        0.296828      0.009790      0.008010   WU     1.409095      1.152896
 ( 4   3) <--> ( 5   2)       -1.432600      0.228038      0.186577   WU    32.823184     26.855333
 ( 4   3) <--> ( 5   3)        0.585698      0.038116      0.031186   WU     5.486279      4.488774
 ( 4   3) <--> ( 5   4)        0.128114      0.001824      0.001492   WU     0.262497      0.214771
 ( 4   4) <--> ( 5   1)        0.148213      0.002441      0.001997   WU     0.351323      0.287446
 ( 4   4) <--> ( 5   2)       -2.162040      0.519380      0.424947   WU    74.758154     61.165762
 ( 4   4) <--> ( 5   3)       -0.548403      0.033416      0.027341   WU     4.809846      3.935329
 ( 4   4) <--> ( 5   4)        0.147370      0.002413      0.001974   WU     0.347335      0.284183
 ( 4   1) <--> ( 6   1)        2.888306      0.926924      0.641716   WU   133.418934     92.366955
 ( 4   1) <--> ( 6   2)        0.387238      0.016661      0.011535   WU     2.398208      1.660298
 ( 4   1) <--> ( 6   3)       -0.244166      0.006624      0.004586   WU     0.953459      0.660087
 ( 4   1) <--> ( 6   4)        0.056832      0.000359      0.000248   WU     0.051655      0.035761
 ( 4   2) <--> ( 6   1)        0.250556      0.006975      0.004829   WU     1.004014      0.695087
 ( 4   2) <--> ( 6   2)        2.613026      0.758656      0.525224   WU   109.198955     75.599277
 ( 4   2) <--> ( 6   3)        0.304937      0.010332      0.007153   WU     1.487139      1.029558
 ( 4   2) <--> ( 6   4)        0.699380      0.054348      0.037626   WU     7.822713      5.415725
 ( 4   3) <--> ( 6   1)       -0.940771      0.098339      0.068081   WU    14.154651      9.799374
 ( 4   3) <--> ( 6   2)       -0.279905      0.008705      0.006027   WU     1.253007      0.867466
 ( 4   3) <--> ( 6   3)        2.975743      0.983894      0.681157   WU   141.619099     98.043992
 ( 4   3) <--> ( 6   4)        0.477903      0.025377      0.017569   WU     3.652668      2.528770
 ( 4   4) <--> ( 6   1)        0.387389      0.016674      0.011544   WU     2.400073      1.661589
 ( 4   4) <--> ( 6   2)        0.069736      0.000540      0.000374   WU     0.077775      0.053844
 ( 4   4) <--> ( 6   3)       -1.201173      0.160313      0.110986   WU    23.075028     15.975019
 ( 4   4) <--> ( 6   4)        2.247103      0.561053      0.388421   WU    80.756406     55.908281
 ( 5   1) <--> ( 5   1)        0.774132      0.562118   (eb)
 ( 5   2) <--> ( 5   1)       -1.509801      0.207227      0.207227   WU    29.827723     29.827723
 ( 5   2) <--> ( 5   2)       -0.759880     -0.551769   (eb)
 ( 5   3) <--> ( 5   1)        0.017026      0.000026      0.000026   WU     0.003793      0.003793
 ( 5   3) <--> ( 5   2)        0.572782      0.029825      0.029825   WU     4.292990      4.292990
 ( 5   3) <--> ( 5   3)        0.641246      0.465626   (eb)
 ( 5   4) <--> ( 5   1)        0.083965      0.000641      0.000641   WU     0.092253      0.092253
 ( 5   4) <--> ( 5   2)       -0.103864      0.000981      0.000981   WU     0.141160      0.141160
 ( 5   4) <--> ( 5   3)       -1.751458      0.278873      0.278873   WU    40.140256     40.140256
 ( 5   4) <--> ( 5   4)       -0.288310     -0.209350   (eb)
 ( 5   1) <--> ( 6   1)        1.484065      0.200222      0.169419   WU    28.819494     24.385725
 ( 5   1) <--> ( 6   2)        1.068617      0.103813      0.087842   WU    14.942558     12.643703
 ( 5   1) <--> ( 6   3)       -0.948429      0.081774      0.069194   WU    11.770379      9.959552
 ( 5   1) <--> ( 6   4)       -0.989022      0.088924      0.075243   WU    12.799484     10.830333
 ( 5   2) <--> ( 6   1)       -0.073523      0.000491      0.000416   WU     0.070734      0.059852
 ( 5   2) <--> ( 6   2)        0.937446      0.079891      0.067600   WU    11.499339      9.730210
 ( 5   2) <--> ( 6   3)        0.346349      0.010905      0.009227   WU     1.569667      1.328180
 ( 5   2) <--> ( 6   4)        1.028984      0.096255      0.081447   WU    13.854736     11.723238
 ( 5   3) <--> ( 6   1)       -0.054694      0.000272      0.000230   WU     0.039144      0.033122
 ( 5   3) <--> ( 6   2)       -0.133540      0.001621      0.001372   WU     0.233347      0.197448
 ( 5   3) <--> ( 6   3)        1.820686      0.301354      0.254992   WU    43.376149     36.702895
 ( 5   3) <--> ( 6   4)       -0.237812      0.005141      0.004350   WU     0.740028      0.626178
 ( 5   4) <--> ( 6   1)       -0.036170      0.000119      0.000101   WU     0.017119      0.014485
 ( 5   4) <--> ( 6   2)       -0.024032      0.000053      0.000044   WU     0.007557      0.006395
 ( 5   4) <--> ( 6   3)       -0.035312      0.000113      0.000096   WU     0.016317      0.013806
 ( 5   4) <--> ( 6   4)        0.093589      0.000796      0.000674   WU     0.114613      0.096980
 ( 5   1) <--> ( 7   1)        3.159280      0.907368      0.665404   WU   130.604204     95.776416
 ( 5   1) <--> ( 7   2)        0.678969      0.041909      0.030733   WU     6.032271      4.423665
 ( 5   1) <--> ( 7   3)       -0.207995      0.003933      0.002884   WU     0.566091      0.415133
 ( 5   1) <--> ( 7   4)        0.007789      0.000006      0.000004   WU     0.000794      0.000582
 ( 5   2) <--> ( 7   1)        0.053392      0.000259      0.000190   WU     0.037303      0.027355
 ( 5   2) <--> ( 7   2)        2.459425      0.549888      0.403251   WU    79.149442     58.042924
 ( 5   2) <--> ( 7   3)        0.096001      0.000838      0.000614   WU     0.120595      0.088436
 ( 5   2) <--> ( 7   4)        1.248219      0.141641      0.103870   WU    20.387424     14.950778
 ( 5   3) <--> ( 7   1)       -0.962491      0.084217      0.061759   WU    12.121987      8.889457
 ( 5   3) <--> ( 7   2)       -0.074107      0.000499      0.000366   WU     0.071861      0.052698
 ( 5   3) <--> ( 7   3)        3.702605      1.246298      0.913952   WU   179.388883    131.551847
 ( 5   3) <--> ( 7   4)       -0.139781      0.001776      0.001303   WU     0.255670      0.187491
 ( 5   4) <--> ( 7   1)       -0.040595      0.000150      0.000110   WU     0.021564      0.015813
 ( 5   4) <--> ( 7   2)       -0.397957      0.014397      0.010558   WU     2.072302      1.519688
 ( 5   4) <--> ( 7   3)       -0.311002      0.008793      0.006448   WU     1.265628      0.928127
 ( 5   4) <--> ( 7   4)        0.290888      0.007692      0.005641   WU     1.107218      0.811960
 ( 6   1) <--> ( 6   1)        1.298136      0.905057   (eb)
 ( 6   2) <--> ( 6   1)       -1.711255      0.225261      0.225261   WU    32.423474     32.423474
 ( 6   2) <--> ( 6   2)        0.917516      0.639689   (eb)
 ( 6   3) <--> ( 6   1)        0.039696      0.000121      0.000121   WU     0.017447      0.017447
 ( 6   3) <--> ( 6   2)       -0.222505      0.003808      0.003808   WU     0.548165      0.548165
 ( 6   3) <--> ( 6   3)        0.694532      0.484226   (eb)
 ( 6   4) <--> ( 6   1)        0.264848      0.005396      0.005396   WU     0.776646      0.776646
 ( 6   4) <--> ( 6   2)       -2.260966      0.393228      0.393228   WU    56.600250     56.600250
 ( 6   4) <--> ( 6   3)       -0.727050      0.040662      0.040662   WU     5.852728      5.852728
 ( 6   4) <--> ( 6   4)        0.062201      0.043367   (eb)
 ( 6   1) <--> ( 7   1)        0.959180      0.070771      0.061335   WU    10.186636      8.828417
 ( 6   1) <--> ( 7   2)       -0.001601      0.000000      0.000000   WU     0.000028      0.000025
 ( 6   1) <--> ( 7   3)        0.058890      0.000267      0.000231   WU     0.038398      0.033279
 ( 6   1) <--> ( 7   4)       -0.012192      0.000011      0.000010   WU     0.001646      0.001426
 ( 6   2) <--> ( 7   1)       -1.516012      0.176792      0.153219   WU    25.446928     22.054005
 ( 6   2) <--> ( 7   2)        1.107664      0.094378      0.081795   WU    13.584568     11.773292
 ( 6   2) <--> ( 7   3)        0.028066      0.000061      0.000053   WU     0.008722      0.007559
 ( 6   2) <--> ( 7   4)       -0.009274      0.000007      0.000006   WU     0.000952      0.000825
 ( 6   3) <--> ( 7   1)       -0.077315      0.000460      0.000399   WU     0.066185      0.057361
 ( 6   3) <--> ( 7   2)       -0.616723      0.029257      0.025356   WU     4.211244      3.649745
 ( 6   3) <--> ( 7   3)        0.885966      0.060380      0.052329   WU     8.690885      7.532100
 ( 6   3) <--> ( 7   4)        0.168396      0.002181      0.001890   WU     0.313975      0.272112
 ( 6   4) <--> ( 7   1)        0.233703      0.004201      0.003641   WU     0.604728      0.524098
 ( 6   4) <--> ( 7   2)       -2.179994      0.365567      0.316825   WU    52.618775     45.602939
 ( 6   4) <--> ( 7   3)       -0.413615      0.013160      0.011405   WU     1.894191      1.641632
 ( 6   4) <--> ( 7   4)        0.858175      0.056651      0.049098   WU     8.154205      7.066978
 ( 6   1) <--> ( 8   1)        3.651364      1.025574      0.784262   WU   147.618335    112.884609
 ( 6   1) <--> ( 8   2)        0.387554      0.011554      0.008835   WU     1.663011      1.271714
 ( 6   1) <--> ( 8   3)       -0.248359      0.004745      0.003628   WU     0.682951      0.522256
 ( 6   1) <--> ( 8   4)       -0.000978      0.000000      0.000000   WU     0.000011      0.000008
 ( 6   2) <--> ( 8   1)        0.464765      0.016616      0.012706   WU     2.391643      1.828904
 ( 6   2) <--> ( 8   2)        3.428647      0.904279      0.691507   WU   130.159463     99.533707
 ( 6   2) <--> ( 8   3)        0.231760      0.004132      0.003160   WU     0.594710      0.454778
 ( 6   2) <--> ( 8   4)        0.002035      0.000000      0.000000   WU     0.000046      0.000035
 ( 6   3) <--> ( 8   1)       -1.180309      0.107164      0.081949   WU    15.424862     11.795483
 ( 6   3) <--> ( 8   2)       -0.409997      0.012931      0.009888   WU     1.861193      1.423266
 ( 6   3) <--> ( 8   3)        4.197668      1.355416      1.036495   WU   195.095031    149.190318
 ( 6   3) <--> ( 8   4)        0.000581      0.000000      0.000000   WU     0.000004      0.000003
 ( 6   4) <--> ( 8   1)        0.083800      0.000540      0.000413   WU     0.077753      0.059458
 ( 6   4) <--> ( 8   2)        0.246151      0.004661      0.003564   WU     0.670860      0.513011
 ( 6   4) <--> ( 8   3)       -0.748685      0.043118      0.032972   WU     6.206242      4.745949
 ( 6   4) <--> ( 8   4)        0.001219      0.000000      0.000000   WU     0.000016      0.000013
 ( 7   1) <--> ( 7   1)        1.055169      0.706607   (eb)
 ( 7   2) <--> ( 7   1)       -1.848195      0.227722      0.227722   WU    32.777638     32.777638
 ( 7   2) <--> ( 7   2)        0.176945      0.118493   (eb)
 ( 7   3) <--> ( 7   1)        0.051366      0.000176      0.000176   WU     0.025318      0.025318
 ( 7   3) <--> ( 7   2)        0.530811      0.018784      0.018784   WU     2.703725      2.703725
 ( 7   3) <--> ( 7   3)        0.943845      0.632057   (eb)
 ( 7   4) <--> ( 7   1)        0.142800      0.001359      0.001359   WU     0.195678      0.195678
 ( 7   4) <--> ( 7   2)       -2.112436      0.297492      0.297492   WU    42.820272     42.820272
 ( 7   4) <--> ( 7   3)       -0.358822      0.008584      0.008584   WU     1.235490      1.235490
 ( 7   4) <--> ( 7   4)       -0.967595     -0.647961   (eb)
 ( 7   1) <--> ( 8   1)        1.777351      0.210598      0.185822   WU    30.312975     26.746743
 ( 7   1) <--> ( 8   2)        0.879491      0.051567      0.045500   WU     7.422414      6.549189
 ( 7   1) <--> ( 8   3)       -0.812419      0.044002      0.038825   WU     6.333481      5.588366
 ( 7   1) <--> ( 8   4)       -0.001429      0.000000      0.000000   WU     0.000020      0.000017
 ( 7   2) <--> ( 8   1)       -0.087496      0.000510      0.000450   WU     0.073461      0.064819
 ( 7   2) <--> ( 8   2)        1.375200      0.126078      0.111246   WU    18.147392     16.012405
 ( 7   2) <--> ( 8   3)        0.352944      0.008305      0.007328   WU     1.195343      1.054715
 ( 7   2) <--> ( 8   4)        0.000467      0.000000      0.000000   WU     0.000002      0.000002
 ( 7   3) <--> ( 8   1)       -0.024077      0.000039      0.000034   WU     0.005563      0.004908
 ( 7   3) <--> ( 8   2)       -0.226526      0.003421      0.003018   WU     0.492402      0.434472
 ( 7   3) <--> ( 8   3)        2.184228      0.318057      0.280638   WU    45.780257     40.394344
 ( 7   3) <--> ( 8   4)       -0.001106      0.000000      0.000000   WU     0.000012      0.000010
 ( 7   4) <--> ( 8   1)       -0.013245      0.000012      0.000010   WU     0.001683      0.001485
 ( 7   4) <--> ( 8   2)       -0.080088      0.000428      0.000377   WU     0.061548      0.054307
 ( 7   4) <--> ( 8   3)        0.020600      0.000028      0.000025   WU     0.004072      0.003593
 ( 7   4) <--> ( 8   4)        0.003197      0.000001      0.000001   WU     0.000098      0.000087
 ( 7   1) <--> ( 9   1)        4.020476      1.077615      0.850749   WU   155.109080    122.454537
 ( 7   1) <--> ( 9   2)        0.592593      0.023411      0.018482   WU     3.369732      2.660315
 ( 7   1) <--> ( 9   3)       -0.167632      0.001873      0.001479   WU     0.269647      0.212879
 ( 7   1) <--> ( 9   4)       -0.013056      0.000011      0.000009   WU     0.001636      0.001291
 ( 7   2) <--> ( 9   1)        0.178965      0.002135      0.001686   WU     0.307340      0.242637
 ( 7   2) <--> ( 9   2)        3.568734      0.849058      0.670309   WU   122.211103     96.482450
 ( 7   2) <--> ( 9   3)        0.140458      0.001315      0.001038   WU     0.189311      0.149456
 ( 7   2) <--> ( 9   4)       -0.002474      0.000000      0.000000   WU     0.000059      0.000046
 ( 7   3) <--> ( 9   1)       -1.222703      0.099667      0.078684   WU    14.345779     11.325615
 ( 7   3) <--> ( 9   2)       -0.294070      0.005765      0.004551   WU     0.829822      0.655123
 ( 7   3) <--> ( 9   3)        4.870448      1.581417      1.248487   WU   227.625012    179.703957
 ( 7   3) <--> ( 9   4)        0.080578      0.000433      0.000342   WU     0.062304      0.049188
 ( 7   4) <--> ( 9   1)       -0.069441      0.000321      0.000254   WU     0.046271      0.036530
 ( 7   4) <--> ( 9   2)       -0.018853      0.000024      0.000019   WU     0.003411      0.002693
 ( 7   4) <--> ( 9   3)       -0.226829      0.003430      0.002708   WU     0.493717      0.389776
 ( 7   4) <--> ( 9   4)        0.083594      0.000466      0.000368   WU     0.067056      0.052939
 ( 8   1) <--> ( 8   1)        1.245030      0.802044   (eb)
 ( 8   2) <--> ( 8   1)       -1.837719      0.198659      0.198659   WU    28.594515     28.594515
 ( 8   2) <--> ( 8   2)        1.198157      0.771848   (eb)
 ( 8   3) <--> ( 8   1)       -0.064972      0.000248      0.000248   WU     0.035742      0.035742
 ( 8   3) <--> ( 8   2)        0.080157      0.000378      0.000378   WU     0.054401      0.054401
 ( 8   3) <--> ( 8   3)        0.840172      0.541236   (eb)
 ( 8   4) <--> ( 8   1)        0.000539      0.000000      0.000000   WU     0.000002      0.000002
 ( 8   4) <--> ( 8   2)       -0.005358      0.000002      0.000002   WU     0.000243      0.000243
 ( 8   4) <--> ( 8   3)        0.012772      0.000010      0.000010   WU     0.001381      0.001381
 ( 8   4) <--> ( 8   4)      -12.141466     -7.821484   (eb)
 ( 8   1) <--> ( 9   1)        0.990705      0.057735      0.051658   WU     8.310235      7.435474
 ( 8   1) <--> ( 9   2)        0.005810      0.000002      0.000002   WU     0.000286      0.000256
 ( 8   1) <--> ( 9   3)        0.091313      0.000490      0.000439   WU     0.070598      0.063166
 ( 8   1) <--> ( 9   4)        0.003321      0.000001      0.000001   WU     0.000093      0.000084
 ( 8   2) <--> ( 9   1)       -1.433190      0.120825      0.108107   WU    17.391299     15.560636
 ( 8   2) <--> ( 9   2)        1.160399      0.079207      0.070870   WU    11.400909     10.200813
 ( 8   2) <--> ( 9   3)       -0.021951      0.000028      0.000025   WU     0.004080      0.003650
 ( 8   2) <--> ( 9   4)       -0.009360      0.000005      0.000005   WU     0.000742      0.000664
 ( 8   3) <--> ( 9   1)       -0.358444      0.007558      0.006762   WU     1.087845      0.973335
 ( 8   3) <--> ( 9   2)       -0.267925      0.004223      0.003778   WU     0.607787      0.543809
 ( 8   3) <--> ( 9   3)        1.006171      0.059552      0.053283   WU     8.571718      7.669432
 ( 8   3) <--> ( 9   4)        0.033770      0.000067      0.000060   WU     0.009656      0.008639
 ( 8   4) <--> ( 9   1)       -0.000278      0.000000      0.000000   WU     0.000001      0.000001
 ( 8   4) <--> ( 9   2)       -0.003467      0.000001      0.000001   WU     0.000102      0.000091
 ( 8   4) <--> ( 9   3)        0.015865      0.000015      0.000013   WU     0.002131      0.001907
 ( 8   4) <--> ( 9   4)       -0.587604      0.020310      0.018173   WU     2.923438      2.615708
 ( 8   1) <--> (10   1)        4.401696      1.139701      0.922615   WU   164.045586    132.798808
 ( 8   1) <--> (10   2)       -0.001597      0.000000      0.000000   WU     0.000022      0.000017
 ( 8   1) <--> (10   3)        0.412808      0.010024      0.008115   WU     1.442848      1.168020
 ( 8   1) <--> (10   4)       -0.198166      0.002310      0.001870   WU     0.332492      0.269160
 ( 8   2) <--> (10   1)        0.662831      0.025844      0.020921   WU     3.719889      3.011339
 ( 8   2) <--> (10   2)       -0.018951      0.000021      0.000017   WU     0.003041      0.002462
 ( 8   2) <--> (10   3)        4.182093      1.028818      0.832853   WU   148.085296    119.878573
 ( 8   2) <--> (10   4)        0.491402      0.014204      0.011499   WU     2.044554      1.655115
 ( 8   3) <--> (10   1)       -1.315236      0.101756      0.082374   WU    14.646431     11.856634
 ( 8   3) <--> (10   2)        0.023539      0.000033      0.000026   WU     0.004691      0.003798
 ( 8   3) <--> (10   3)       -0.954029      0.053540      0.043342   WU     7.706339      6.238465
 ( 8   3) <--> (10   4)        5.206925      1.594827      1.291051   WU   229.555199    185.830400
 ( 8   4) <--> (10   1)       -0.001631      0.000000      0.000000   WU     0.000023      0.000018
 ( 8   4) <--> (10   2)      -15.668073     14.440500     11.689929   WU  2078.527147   1682.617214
 ( 8   4) <--> (10   3)       -0.053355      0.000167      0.000136   WU     0.024103      0.019512
 ( 8   4) <--> (10   4)        0.023672      0.000033      0.000027   WU     0.004745      0.003841
 ( 9   1) <--> ( 9   1)        1.126313      0.699308   (eb)
 ( 9   2) <--> ( 9   1)       -2.050374      0.221265      0.221265   WU    31.848298     31.848298
 ( 9   2) <--> ( 9   2)        0.673737      0.418311   (eb)
 ( 9   3) <--> ( 9   1)        0.039383      0.000082      0.000082   WU     0.011750      0.011750
 ( 9   3) <--> ( 9   2)        0.646734      0.022014      0.022014   WU     3.168626      3.168626
 ( 9   3) <--> ( 9   3)        1.021199      0.634044   (eb)
 ( 9   4) <--> ( 9   1)        0.013395      0.000009      0.000009   WU     0.001359      0.001359
 ( 9   4) <--> ( 9   2)       -0.052706      0.000146      0.000146   WU     0.021045      0.021045
 ( 9   4) <--> ( 9   3)        0.329971      0.005731      0.005731   WU     0.824844      0.824844
 ( 9   4) <--> ( 9   4)      -10.285448     -6.386051   (eb)
 ( 9   1) <--> (10   1)        2.014598      0.213611      0.193267   WU    30.746583     27.818337
 ( 9   1) <--> (10   2)       -0.003367      0.000001      0.000001   WU     0.000086      0.000078
 ( 9   1) <--> (10   3)        0.781222      0.032121      0.029062   WU     4.623481      4.183150
 ( 9   1) <--> (10   4)       -0.745111      0.029221      0.026438   WU     4.205922      3.805358
 ( 9   2) <--> (10   1)       -0.093059      0.000456      0.000412   WU     0.065605      0.059357
 ( 9   2) <--> (10   2)       -0.008093      0.000003      0.000003   WU     0.000496      0.000449
 ( 9   2) <--> (10   3)        1.697023      0.151573      0.137138   WU    21.817022     19.739210
 ( 9   2) <--> (10   4)        0.510161      0.013698      0.012394   WU     1.971674      1.783896
 ( 9   3) <--> (10   1)        0.018268      0.000018      0.000016   WU     0.002528      0.002287
 ( 9   3) <--> (10   2)        0.022113      0.000026      0.000023   WU     0.003704      0.003352
 ( 9   3) <--> (10   3)       -0.491947      0.012737      0.011524   WU     1.833394      1.658785
 ( 9   3) <--> (10   4)        2.499075      0.328704      0.297399   WU    47.312793     42.806813
 ( 9   4) <--> (10   1)        0.000886      0.000000      0.000000   WU     0.000006      0.000005
 ( 9   4) <--> (10   2)       -0.713258      0.026776      0.024226   WU     3.854010      3.486962
 ( 9   4) <--> (10   3)       -0.025262      0.000034      0.000030   WU     0.004835      0.004374
 ( 9   4) <--> (10   4)        0.053979      0.000153      0.000139   WU     0.022073      0.019971
 (10   1) <--> (10   1)        1.129417      0.677191   (eb)
 (10   2) <--> (10   1)        0.005924      0.000002      0.000002   WU     0.000241      0.000241
 (10   2) <--> (10   2)      -13.474419     -8.079172   (eb)
 (10   3) <--> (10   1)       -1.900030      0.171910      0.171910   WU    24.744283     24.744283
 (10   3) <--> (10   2)       -0.049107      0.000115      0.000115   WU     0.016529      0.016529
 (10   3) <--> (10   3)        1.196029      0.717131   (eb)
 (10   4) <--> (10   1)       -0.297316      0.004209      0.004209   WU     0.605888      0.605888
 (10   4) <--> (10   2)        0.021169      0.000021      0.000021   WU     0.003071      0.003071
 (10   4) <--> (10   3)        0.323979      0.004998      0.004998   WU     0.719430      0.719430
 (10   4) <--> (10   4)        0.842312      0.505045   (eb)
 
  quadrupole shape invariant: 01+, 02+, 03+, 04+
quadr2     1.60682460     1.76087576     2.31763154     2.88510312
quadr3     0.31721293    -0.05272607     2.43010653     0.36091776
  effective deformation parameters:  01+, 02+, 03+, 04+
beteff     0.12835449     0.13436656     0.15415195     0.17199171
cos3ga     0.15573928    -0.02256485     0.68874542     0.07364890
 
 ********* END Transition **************************
