 ********* BEGIN READER ****************************
 
 Nucleus            :  Cf  98 182
 Imin, Imax         :     0  10
 imu, remu          :     1 12.0000
 nlevel             :     4
 observables        :     2
 wave fun           :     1
 nbet, ngam, npar   :    10   7  10
 Finish reading parameters: V, B_k ...
 
 ********* END READER ******************************
 
 ********* BEGIN LEVELS ********************
 
 E_0 = -2009.781010
 
  I=   0   ntot= 127
   0   1    0.000000
   0   2    1.892305
   0   3    3.561669
   0   4    4.978315
 
  I=   2   ntot= 234
   2   1    1.579658
   2   2    3.152325
   2   3    3.884040
   2   4    4.640281
 
  I=   3   ntot= 108
   3   1    4.963928
   3   2    6.253777
   3   3    6.272696
   3   4    6.828602
 
  I=   4   ntot= 324
   4   1    2.989703
   4   2    4.506850
   4   3    5.235992
   4   4    5.790130
 
  I=   5   ntot= 198
   5   1    6.136277
   5   2    6.374878
   5   3    6.981780
   5   4    7.042783
 
  I=   6   ntot= 432
   6   1    4.361711
   6   2    5.764775
   6   3    5.949446
   6   4    6.380898
 
  I=   7   ntot= 306
   7   1    6.545839
   7   2    7.170900
   7   3    7.233733
   7   4    7.330014
 
  I=   8   ntot= 522
   8   1    5.721498
   8   2    6.135921
   8   3    6.649253
   8   4    6.867251
 
  I=   9   ntot= 397
   9   1    6.766742
   9   2    7.405713
   9   3    7.602715
   9   4    7.919119
 
  I=  10   ntot= 630
  10   1    6.369986
  10   2    6.894450
  10   3    7.041126
  10   4    7.303425
 
 ********* END LEVELS **********************
 
 ********* BEGIN Transition ************************
 
  Monopole moment 
 
   I   n    <In|E0|In>   ave \beta      del<b>   ave \gamma    del<g>  
     K=0       K=2       K=4   
   0   1     36.910106    0.067447    0.027147   27.638072   14.124397  100.0000    0.0000    0.0000
   0   2     37.033835    0.098439    0.036511   33.011662   12.488274  100.0000    0.0000    0.0000
   0   3     37.179874    0.125958    0.044576   37.630504   10.565945  100.0000    0.0000    0.0000
   0   4     37.375925    0.159581    0.055600   39.391915   11.009373  100.0000    0.0000    0.0000
   2   1     36.989884    0.089706    0.026160   31.731958   13.069570   42.9339   57.0662    0.0000
   2   2     37.105779    0.112699    0.038740   36.071278   12.050881   41.2999   58.7001    0.0000
   2   3     37.116741    0.114600    0.033742   26.320308   11.856166   68.9473   31.0527    0.0000
   2   4     37.275530    0.142542    0.048986   38.690345   11.054899   38.8460   61.1540    0.0000
   3   1     37.219137    0.132787    0.030355   29.491897    8.423428    0.0000  100.0000    0.0000
   3   2     40.435596    0.528184    0.086096   10.309893    7.631342    0.0000   99.9996    0.0000
   3   3     37.682061    0.223400    0.168469   20.200745   15.924966    0.0000  100.0000    0.0000
   3   4     38.893082    0.371513    0.121553   20.466133   14.219006    0.0000   99.9998    0.0000
   4   1     37.078675    0.108268    0.026792   34.940647   11.007098   25.3125   37.3787   37.3088
   4   2     37.226525    0.134131    0.041859   39.014422   10.096975   26.0336   34.7575   39.2090
   4   3     37.244225    0.137544    0.035591   27.285119   10.863209   62.3785    7.7195   29.9021
   4   4     37.494753    0.177732    0.058857   41.361416    9.529183   24.0990   32.2339   43.6671
   5   1     37.344663    0.153584    0.034611   31.668286    8.488662    0.0000   52.1343   47.8657
   5   2     40.693770    0.548546    0.056170    9.988468    6.726673    0.0000   99.9536    0.0460
   5   3     40.245727    0.506275    0.089504   13.499137    9.185649    0.0000   10.1268   89.8729
   5   4     39.324021    0.420364    0.131731   16.572003   13.187893    0.0000   70.5023   29.4974
   6   1     37.173180    0.124934    0.027885   36.952970   10.134804   19.2433   30.9180   23.6507
   6   2     37.379894    0.159183    0.047966   40.564877    9.775691   18.6020   29.9715   23.9750
   6   3     40.792491    0.560130    0.053668    7.393053    7.200198   99.8098    0.1865    0.0013
   6   4     37.382920    0.161714    0.049125   28.297119   12.731363   52.7464   16.5076    3.5844
   7   1     40.727199    0.551365    0.055186    9.866446    6.553221    0.0000   99.8272    0.1697
   7   2     40.530155    0.531157    0.072088   12.449080    7.497016    0.0000    3.7879   95.5535
   7   3     37.797895    0.235265    0.150552   22.402793   15.099711    0.0000   38.5851   42.2605
   7   4     39.827708    0.472567    0.121668   13.643607   12.104395    0.0000   89.8141    7.9857
   8   1     37.281121    0.142350    0.030555   38.103657    9.344744   17.3528   28.5123   20.6321
   8   2     40.815371    0.561989    0.053300    7.333746    7.123962   99.4885    0.5081    0.0011
   8   3     40.738416    0.552314    0.055446    9.821797    6.627144    1.2080   98.4920    0.2914
   8   4     37.760467    0.216772    0.071849   39.004948   12.589215   16.3420   27.7162   20.8675
   9   1     40.763420    0.554392    0.054319    9.746490    6.387678    0.0000   99.5599    0.4349
   9   2     40.684472    0.543992    0.059762   12.015533    6.780302    0.0000    2.7075   96.7503
   9   3     40.215008    0.507053    0.101556   12.656785   11.339055    0.0000   93.0629    6.6331
   9   4     39.611280    0.446381    0.127225   16.766048   13.194160    0.0000   44.4872   39.1963
  10   1     40.841819    0.564120    0.052946    7.278534    7.047108   98.9152    1.0792    0.0030
  10   2     40.775112    0.555383    0.054773    9.695286    6.552695    2.3474   97.0071    0.6380
  10   3     37.440458    0.167594    0.043810   38.220651   10.970891   17.4143   28.4511   19.6474
  10   4     40.486768    0.535207    0.093274    9.509223   11.927986   93.6598    6.0177    0.2246
 
  rho^2(E0) 
 
   I  n_1 n_2  <In_1|E0|In_2>  rho^2(E0) 
   0   1   1       36.910106 3444.611691
   0   2   1        0.065635    0.010892
   0   2   2       37.033835 3467.744234
   0   3   1        0.005567    0.000078
   0   3   2       -0.124611    0.039261
   0   3   3       37.179874 3495.147528
   0   4   1       -0.007651    0.000148
   0   4   2       -0.005094    0.000066
   0   4   3        0.187977    0.089343
   0   4   4       37.375925 3532.104755
   2   1   1       36.989884 3459.518311
   2   2   1       -0.090625    0.020766
   2   2   2       37.105779 3481.230611
   2   3   1        0.044826    0.005080
   2   3   2       -0.040414    0.004130
   2   3   3       37.116741 3483.287740
   2   4   1        0.004067    0.000042
   2   4   2        0.157023    0.062341
   2   4   3       -0.019811    0.000992
   2   4   4       37.275530 3513.155160
   3   1   1       37.219137 3502.533348
   3   2   1       -0.043263    0.004733
   3   2   2       40.435596 4134.065817
   3   3   1        0.157507    0.062726
   3   3   2        0.829089    1.738008
   3   3   3       37.682061 3590.202786
   3   4   1       -0.023038    0.001342
   3   4   2        0.327196    0.270685
   3   4   3        0.350931    0.311382
   3   4   4       38.893082 3824.673714
   4   1   1       37.078675 3476.146752
   4   2   1       -0.122848    0.038158
   4   2   2       37.226525 3503.923951
   4   3   1        0.041263    0.004305
   4   3   2       -0.043995    0.004894
   4   3   3       37.244225 3507.256864
   4   4   1        0.011217    0.000318
   4   4   2        0.198627    0.099753
   4   4   3       -0.028220    0.002014
   4   4   4       37.494753 3554.599430
   5   1   1       37.344663 3526.198568
   5   2   1       -0.014957    0.000566
   5   2   2       40.693770 4187.024876
   5   3   1       -0.048043    0.005836
   5   3   2       -0.140097    0.049626
   5   3   3       40.245727 4095.333135
   5   4   1       -0.096273    0.023435
   5   4   2       -0.389780    0.384139
   5   4   3       -0.636178    1.023309
   5   4   4       39.324021 3909.898891
   6   1   1       37.173180 3493.889112
   6   2   1        0.150044    0.056923
   6   2   2       37.379894 3532.854979
   6   3   1       -0.001402    0.000005
   6   3   2        0.014192    0.000509
   6   3   3       40.792491 4207.364547
   6   4   1        0.031906    0.002574
   6   4   2        0.057097    0.008243
   6   4   3       -0.016283    0.000670
   6   4   4       37.382920 3533.427104
   7   1   1       40.727199 4193.906755
   7   2   1       -0.090784    0.020839
   7   2   2       40.530155 4153.423528
   7   3   1       -0.124055    0.038912
   7   3   2       -0.498367    0.627985
   7   3   3       37.797895 3612.309142
   7   4   1        0.548279    0.760069
   7   4   2        0.072081    0.013137
   7   4   3       -0.624909    0.987378
   7   4   4       39.827708 4010.701174
   8   1   1       37.281121 3514.209191
   8   2   1       -0.000445    0.000000
   8   2   2       40.815371 4212.085440
   8   3   1       -0.003332    0.000028
   8   3   2        0.037005    0.003462
   8   3   3       40.738416 4196.217204
   8   4   1       -0.167496    0.070935
   8   4   2        0.035009    0.003099
   8   4   3       -0.070681    0.012632
   8   4   4       37.760467 3605.158746
   9   1   1       40.763420 4201.369765
   9   2   1       -0.080783    0.016500
   9   2   2       40.684472 4185.111745
   9   3   1       -0.588657    0.876142
   9   3   2       -0.162471    0.066742
   9   3   3       40.215008 4089.083715
   9   4   1       -0.250710    0.158926
   9   4   2        0.382840    0.370581
   9   4   3        0.507665    0.651634
   9   4   4       39.611280 3967.230428
  10   1   1       40.841819 4217.546084
  10   2   1       -0.047975    0.005820
  10   2   2       40.775112 4203.780274
  10   3   1       -0.008405    0.000179
  10   3   2       -0.034452    0.003001
  10   3   3       37.440458 3544.312400
  10   4   1        0.592508    0.887641
  10   4   2        0.097231    0.023903
  10   4   3       -0.053965    0.007363
  10   4   4       40.486768 4144.535833
 
  E2 transition 
 
  I1  n1        I2  n2       <f||E2||i>   B(E2,I1->I2)  B(E2,I2->I1)
 ( 0   1) <--> ( 2   1)        0.858140      0.736404      0.147281   WU    67.678728     13.535746
 ( 0   1) <--> ( 2   2)        0.357588      0.127869      0.025574   WU    11.751742      2.350348
 ( 0   1) <--> ( 2   3)        0.339133      0.115011      0.023002   WU    10.570039      2.114008
 ( 0   1) <--> ( 2   4)       -0.114693      0.013154      0.002631   WU     1.208945      0.241789
 ( 0   2) <--> ( 2   1)        0.752470      0.566211      0.113242   WU    52.037234     10.407447
 ( 0   2) <--> ( 2   2)       -0.724372      0.524714      0.104943   WU    48.223537      9.644707
 ( 0   2) <--> ( 2   3)        0.752981      0.566980      0.113396   WU    52.107954     10.421591
 ( 0   2) <--> ( 2   4)        0.391924      0.153605      0.030721   WU    14.116927      2.823385
 ( 0   3) <--> ( 2   1)       -0.044608      0.001990      0.000398   WU     0.182879      0.036576
 ( 0   3) <--> ( 2   2)        0.976717      0.953976      0.190795   WU    87.674569     17.534914
 ( 0   3) <--> ( 2   3)       -0.501431      0.251433      0.050287   WU    23.107767      4.621553
 ( 0   3) <--> ( 2   4)        0.759984      0.577575      0.115515   WU    53.081684     10.616337
 ( 0   4) <--> ( 2   1)       -0.009728      0.000095      0.000019   WU     0.008698      0.001740
 ( 0   4) <--> ( 2   2)       -0.024088      0.000580      0.000116   WU     0.053327      0.010665
 ( 0   4) <--> ( 2   3)       -0.459548      0.211185      0.042237   WU    19.408786      3.881757
 ( 0   4) <--> ( 2   4)        1.093889      1.196593      0.239319   WU   109.972146     21.994429
 ( 2   1) <--> ( 2   1)        0.689396      0.522516   (eb)
 ( 2   2) <--> ( 2   1)       -0.774260      0.119896      0.119896   WU    11.018937     11.018937
 ( 2   2) <--> ( 2   2)        0.999345      0.757437   (eb)
 ( 2   3) <--> ( 2   1)       -1.106383      0.244817      0.244817   WU    22.499726     22.499726
 ( 2   3) <--> ( 2   2)       -0.272502      0.014851      0.014851   WU     1.364910      1.364910
 ( 2   3) <--> ( 2   3)       -1.141348     -0.865065   (eb)
 ( 2   4) <--> ( 2   1)       -0.020912      0.000087      0.000087   WU     0.008038      0.008038
 ( 2   4) <--> ( 2   2)        0.817789      0.133756      0.133756   WU    12.292741     12.292741
 ( 2   4) <--> ( 2   3)       -0.852576      0.145377      0.145377   WU    13.360795     13.360795
 ( 2   4) <--> ( 2   4)        1.280957      0.970880   (eb)
 ( 2   1) <--> ( 3   1)        0.805020      0.129612      0.092580   WU    11.911862      8.508473
 ( 2   1) <--> ( 3   2)        0.100646      0.002026      0.001447   WU     0.186193      0.132995
 ( 2   1) <--> ( 3   3)       -0.377255      0.028464      0.020332   WU     2.615995      1.868568
 ( 2   1) <--> ( 3   4)        0.116924      0.002734      0.001953   WU     0.251287      0.179491
 ( 2   2) <--> ( 3   1)       -1.274573      0.324907      0.232076   WU    29.860372     21.328837
 ( 2   2) <--> ( 3   2)        0.049425      0.000489      0.000349   WU     0.044902      0.032073
 ( 2   2) <--> ( 3   3)       -0.193719      0.007505      0.005361   WU     0.689778      0.492699
 ( 2   2) <--> ( 3   4)        0.111804      0.002500      0.001786   WU     0.229763      0.164116
 ( 2   3) <--> ( 3   1)       -1.295034      0.335423      0.239588   WU    30.826805     22.019146
 ( 2   3) <--> ( 3   2)       -0.155238      0.004820      0.003443   WU     0.442956      0.316397
 ( 2   3) <--> ( 3   3)        0.580800      0.067466      0.048190   WU     6.200389      4.428849
 ( 2   3) <--> ( 3   4)       -0.175022      0.006127      0.004376   WU     0.563055      0.402182
 ( 2   4) <--> ( 3   1)       -0.916982      0.168171      0.120122   WU    15.455668     11.039763
 ( 2   4) <--> ( 3   2)        0.376960      0.028420      0.020300   WU     2.611897      1.865641
 ( 2   4) <--> ( 3   3)       -1.380624      0.381224      0.272303   WU    35.036182     25.025844
 ( 2   4) <--> ( 3   4)        0.208339      0.008681      0.006201   WU     0.797826      0.569876
 ( 2   1) <--> ( 4   1)        1.787790      0.639239      0.355133   WU    58.748842     32.638245
 ( 2   1) <--> ( 4   2)        0.433359      0.037560      0.020867   WU     3.451934      1.917741
 ( 2   1) <--> ( 4   3)        0.468794      0.043954      0.024419   WU     4.039528      2.244182
 ( 2   1) <--> ( 4   4)       -0.126074      0.003179      0.001766   WU     0.292159      0.162311
 ( 2   2) <--> ( 4   1)       -1.071009      0.229412      0.127451   WU    21.083962     11.713312
 ( 2   2) <--> ( 4   2)        1.748139      0.611198      0.339555   WU    56.171768     31.206538
 ( 2   2) <--> ( 4   3)       -0.175995      0.006195      0.003442   WU     0.569333      0.316296
 ( 2   2) <--> ( 4   4)       -0.534950      0.057234      0.031797   WU     5.260079      2.922266
 ( 2   3) <--> ( 4   1)        0.609076      0.074195      0.041219   WU     6.818820      3.788233
 ( 2   3) <--> ( 4   2)       -0.470688      0.044309      0.024616   WU     4.072236      2.262353
 ( 2   3) <--> ( 4   3)        2.022578      0.818164      0.454536   WU    75.192846     41.773803
 ( 2   3) <--> ( 4   4)        0.083423      0.001392      0.000773   WU     0.127920      0.071067
 ( 2   4) <--> ( 4   1)       -0.010642      0.000023      0.000013   WU     0.002082      0.001157
 ( 2   4) <--> ( 4   2)        1.628138      0.530167      0.294537   WU    48.724618     27.069232
 ( 2   4) <--> ( 4   3)       -0.025472      0.000130      0.000072   WU     0.011926      0.006625
 ( 2   4) <--> ( 4   4)        1.801946      0.649402      0.360779   WU    59.682841     33.157134
 ( 3   1) <--> ( 3   1)        0.000000      0.000000   (eb)
 ( 3   2) <--> ( 3   1)        0.000000      0.000000      0.000000   WU     0.000000      0.000000
 ( 3   2) <--> ( 3   2)        0.000000      0.000000   (eb)
 ( 3   3) <--> ( 3   1)        0.000000      0.000000      0.000000   WU     0.000000      0.000000
 ( 3   3) <--> ( 3   2)        0.000000      0.000000      0.000000   WU     0.000000      0.000000
 ( 3   3) <--> ( 3   3)        0.000000      0.000000   (eb)
 ( 3   4) <--> ( 3   1)        0.000000      0.000000      0.000000   WU     0.000000      0.000000
 ( 3   4) <--> ( 3   2)        0.000000      0.000000      0.000000   WU     0.000000      0.000000
 ( 3   4) <--> ( 3   3)        0.000000      0.000000      0.000000   WU     0.000000      0.000000
 ( 3   4) <--> ( 3   4)        0.000000      0.000000   (eb)
 ( 3   1) <--> ( 4   1)        1.104135      0.174159      0.135457   WU    16.005973     12.449090
 ( 3   1) <--> ( 4   2)       -0.342262      0.016735      0.013016   WU     1.538000      1.196222
 ( 3   1) <--> ( 4   3)        1.367199      0.267033      0.207693   WU    24.541524     19.087852
 ( 3   1) <--> ( 4   4)        0.367113      0.019253      0.014975   WU     1.769450      1.376239
 ( 3   2) <--> ( 4   1)        0.064501      0.000594      0.000462   WU     0.054622      0.042484
 ( 3   2) <--> ( 4   2)        0.254765      0.009272      0.007212   WU     0.852155      0.662787
 ( 3   2) <--> ( 4   3)       -0.202955      0.005884      0.004577   WU     0.540802      0.420624
 ( 3   2) <--> ( 4   4)        0.166216      0.003947      0.003070   WU     0.362731      0.282124
 ( 3   3) <--> ( 4   1)       -0.237002      0.008024      0.006241   WU     0.737467      0.573585
 ( 3   3) <--> ( 4   2)       -0.946277      0.127920      0.099493   WU    11.756408      9.143873
 ( 3   3) <--> ( 4   3)        0.724325      0.074949      0.058294   WU     6.888181      5.357474
 ( 3   3) <--> ( 4   4)       -0.407929      0.023772      0.018490   WU     2.184773      1.699268
 ( 3   4) <--> ( 4   1)        0.055628      0.000442      0.000344   WU     0.040627      0.031599
 ( 3   4) <--> ( 4   2)        0.242748      0.008418      0.006547   WU     0.773658      0.601734
 ( 3   4) <--> ( 4   3)       -0.064871      0.000601      0.000468   WU     0.055250      0.042972
 ( 3   4) <--> ( 4   4)       -0.513807      0.037714      0.029333   WU     3.466076      2.695837
 ( 3   1) <--> ( 5   1)        2.462712      0.866421      0.551359   WU    79.627884     50.672290
 ( 3   1) <--> ( 5   2)        0.009578      0.000013      0.000008   WU     0.001204      0.000766
 ( 3   1) <--> ( 5   3)        0.080036      0.000915      0.000582   WU     0.084102      0.053519
 ( 3   1) <--> ( 5   4)        0.122245      0.002135      0.001359   WU     0.196199      0.124854
 ( 3   2) <--> ( 5   1)       -0.432215      0.026687      0.016983   WU     2.452658      1.560783
 ( 3   2) <--> ( 5   2)       10.930494     17.067958     10.861428   WU  1568.619658    998.212510
 ( 3   2) <--> ( 5   3)        1.026595      0.150557      0.095809   WU    13.836819      8.805248
 ( 3   2) <--> ( 5   4)       -0.618328      0.054618      0.034757   WU     5.019673      3.194338
 ( 3   3) <--> ( 5   1)        1.386973      0.274813      0.174881   WU    25.256545     16.072347
 ( 3   3) <--> ( 5   2)        3.021037      1.303809      0.829697   WU   119.825725     76.252734
 ( 3   3) <--> ( 5   3)       -0.481768      0.033157      0.021100   WU     3.047296      1.939189
 ( 3   3) <--> ( 5   4)       -1.907313      0.519692      0.330713   WU    47.761950     30.393968
 ( 3   4) <--> ( 5   1)       -0.003354      0.000002      0.000001   WU     0.000148      0.000094
 ( 3   4) <--> ( 5   2)        1.065431      0.162163      0.103195   WU    14.903525      9.484062
 ( 3   4) <--> ( 5   3)       -2.861318      1.169591      0.744285   WU   107.490531     68.403065
 ( 3   4) <--> ( 5   4)       -6.192583      5.478298      3.486190   WU   503.479470    320.396026
 ( 4   1) <--> ( 4   1)        1.134685      0.855661   (eb)
 ( 4   2) <--> ( 4   1)       -0.735085      0.060039      0.060039   WU     5.517841      5.517841
 ( 4   2) <--> ( 4   2)        1.571875      1.185344   (eb)
 ( 4   3) <--> ( 4   1)       -1.473925      0.241384      0.241384   WU    22.184223     22.184223
 ( 4   3) <--> ( 4   2)        0.184626      0.003787      0.003787   WU     0.348081      0.348081
 ( 4   3) <--> ( 4   3)       -0.629329     -0.474574   (eb)
 ( 4   4) <--> ( 4   1)       -0.088504      0.000870      0.000870   WU     0.079986      0.079986
 ( 4   4) <--> ( 4   2)        1.048103      0.122058      0.122058   WU    11.217633     11.217633
 ( 4   4) <--> ( 4   3)       -0.408143      0.018509      0.018509   WU     1.701052      1.701052
 ( 4   4) <--> ( 4   4)        2.369787      1.787046   (eb)
 ( 4   1) <--> ( 5   1)        1.005224      0.112275      0.091861   WU    10.318573      8.442469
 ( 4   1) <--> ( 5   2)        0.007794      0.000007      0.000006   WU     0.000620      0.000508
 ( 4   1) <--> ( 5   3)        0.086567      0.000833      0.000681   WU     0.076525      0.062611
 ( 4   1) <--> ( 5   4)        0.194908      0.004221      0.003454   WU     0.387931      0.317398
 ( 4   2) <--> ( 5   1)       -1.177121      0.153957      0.125965   WU    14.149325     11.576721
 ( 4   2) <--> ( 5   2)       -0.003512      0.000001      0.000001   WU     0.000126      0.000103
 ( 4   2) <--> ( 5   3)        0.045041      0.000225      0.000184   WU     0.020717      0.016950
 ( 4   2) <--> ( 5   4)        0.093433      0.000970      0.000794   WU     0.089145      0.072937
 ( 4   3) <--> ( 5   1)       -1.278597      0.181645      0.148619   WU    16.694012     13.658737
 ( 4   3) <--> ( 5   2)       -0.014878      0.000025      0.000020   WU     0.002260      0.001849
 ( 4   3) <--> ( 5   3)       -0.083959      0.000783      0.000641   WU     0.071982      0.058895
 ( 4   3) <--> ( 5   4)       -0.229349      0.005845      0.004782   WU     0.537141      0.439479
 ( 4   4) <--> ( 5   1)       -0.791417      0.069593      0.056940   WU     6.395932      5.233035
 ( 4   4) <--> ( 5   2)        0.023614      0.000062      0.000051   WU     0.005694      0.004659
 ( 4   4) <--> ( 5   3)        0.410664      0.018738      0.015331   WU     1.722134      1.409019
 ( 4   4) <--> ( 5   4)        0.773144      0.066417      0.054341   WU     6.103992      4.994176
 ( 4   1) <--> ( 6   1)        2.762265      0.847790      0.586931   WU    77.915578     53.941554
 ( 4   1) <--> ( 6   2)       -0.435866      0.021109      0.014614   WU     1.939991      1.343071
 ( 4   1) <--> ( 6   3)        0.002972      0.000001      0.000001   WU     0.000090      0.000062
 ( 4   1) <--> ( 6   4)        0.523290      0.030426      0.021064   WU     2.796267      1.935877
 ( 4   2) <--> ( 6   1)       -1.438871      0.230039      0.159258   WU    21.141582     14.636480
 ( 4   2) <--> ( 6   2)       -2.877294      0.919869      0.636832   WU    84.539964     58.527667
 ( 4   2) <--> ( 6   3)        0.009903      0.000011      0.000008   WU     0.001001      0.000693
 ( 4   2) <--> ( 6   4)       -0.028117      0.000088      0.000061   WU     0.008073      0.005589
 ( 4   3) <--> ( 6   1)        0.848073      0.079914      0.055325   WU     7.344464      5.084629
 ( 4   3) <--> ( 6   2)        0.731225      0.059410      0.041130   WU     5.460043      3.780030
 ( 4   3) <--> ( 6   3)        0.003223      0.000001      0.000001   WU     0.000106      0.000073
 ( 4   3) <--> ( 6   4)        3.348647      1.245937      0.862572   WU   114.507075     79.274129
 ( 4   4) <--> ( 6   1)        0.079847      0.000708      0.000490   WU     0.065104      0.045072
 ( 4   4) <--> ( 6   2)       -2.382094      0.630486      0.436490   WU    57.944409     40.115360
 ( 4   4) <--> ( 6   3)       -0.140754      0.002201      0.001524   WU     0.202308      0.140059
 ( 4   4) <--> ( 6   4)       -0.105605      0.001239      0.000858   WU     0.113885      0.078843
 ( 5   1) <--> ( 5   1)        0.622883      0.452292   (eb)
 ( 5   2) <--> ( 5   1)        0.038378      0.000134      0.000134   WU     0.012306      0.012306
 ( 5   2) <--> ( 5   2)       -7.847592     -5.698348   (eb)
 ( 5   3) <--> ( 5   1)       -0.068389      0.000425      0.000425   WU     0.039077      0.039077
 ( 5   3) <--> ( 5   2)        1.374069      0.171642      0.171642   WU    15.774675     15.774675
 ( 5   3) <--> ( 5   3)        6.303099      4.576850   (eb)
 ( 5   4) <--> ( 5   1)        0.033902      0.000104      0.000104   WU     0.009603      0.009603
 ( 5   4) <--> ( 5   2)        0.102022      0.000946      0.000946   WU     0.086962      0.086962
 ( 5   4) <--> ( 5   3)       -3.291154      0.984700      0.984700   WU    90.498187     90.498187
 ( 5   4) <--> ( 5   4)       -1.473610     -1.070028   (eb)
 ( 5   1) <--> ( 6   1)        1.547932      0.217827      0.184315   WU    20.019220     16.939340
 ( 5   1) <--> ( 6   2)        0.761372      0.052699      0.044591   WU     4.843250      4.098134
 ( 5   1) <--> ( 6   3)        0.006337      0.000004      0.000003   WU     0.000335      0.000284
 ( 5   1) <--> ( 6   4)        1.439245      0.188312      0.159341   WU    17.306650     14.644088
 ( 5   2) <--> ( 6   1)        0.010378      0.000010      0.000008   WU     0.000900      0.000761
 ( 5   2) <--> ( 6   2)       -0.022715      0.000047      0.000040   WU     0.004311      0.003648
 ( 5   2) <--> ( 6   3)       -1.404862      0.179421      0.151818   WU    16.489612     13.952749
 ( 5   2) <--> ( 6   4)       -0.263425      0.006308      0.005338   WU     0.579771      0.490576
 ( 5   3) <--> ( 6   1)        0.075510      0.000518      0.000439   WU     0.047638      0.040309
 ( 5   3) <--> ( 6   2)       -0.290543      0.007674      0.006493   WU     0.705283      0.596778
 ( 5   3) <--> ( 6   3)        0.000666      0.000000      0.000000   WU     0.000004      0.000003
 ( 5   3) <--> ( 6   4)       -0.286140      0.007443      0.006298   WU     0.684070      0.578828
 ( 5   4) <--> ( 6   1)        0.169841      0.002622      0.002219   WU     0.241006      0.203928
 ( 5   4) <--> ( 6   2)       -0.593021      0.031970      0.027052   WU     2.938216      2.486183
 ( 5   4) <--> ( 6   3)        0.021988      0.000044      0.000037   WU     0.004040      0.003418
 ( 5   4) <--> ( 6   4)       -0.587843      0.031414      0.026581   WU     2.887127      2.442953
 ( 5   1) <--> ( 7   1)        0.077099      0.000540      0.000396   WU     0.049664      0.036420
 ( 5   1) <--> ( 7   2)        0.556863      0.028191      0.020673   WU     2.590838      1.899948
 ( 5   1) <--> ( 7   3)        3.676426      1.228737      0.901074   WU   112.926277     82.812603
 ( 5   1) <--> ( 7   4)        1.038251      0.097997      0.071864   WU     9.006327      6.604640
 ( 5   2) <--> ( 7   1)      -15.664013     22.305573     16.357420   WU  2049.979273   1503.318134
 ( 5   2) <--> ( 7   2)       -0.651126      0.038542      0.028264   WU     3.542207      2.597619
 ( 5   2) <--> ( 7   3)        0.442950      0.017837      0.013080   WU     1.639277      1.202137
 ( 5   2) <--> ( 7   4)       -1.225220      0.136470      0.100078   WU    12.542141      9.197570
 ( 5   3) <--> ( 7   1)        0.255359      0.005928      0.004347   WU     0.544812      0.399529
 ( 5   3) <--> ( 7   2)       -9.972822      9.041562      6.630479   WU   830.958932    609.369884
 ( 5   3) <--> ( 7   3)        0.243994      0.005412      0.003969   WU     0.497394      0.364756
 ( 5   3) <--> ( 7   4)        1.934754      0.340297      0.249551   WU    31.274816     22.934865
 ( 5   4) <--> ( 7   1)        1.492119      0.202402      0.148428   WU    18.601602     13.641175
 ( 5   4) <--> ( 7   2)        1.802206      0.295268      0.216530   WU    27.136414     19.900037
 ( 5   4) <--> ( 7   3)       -4.416212      1.772993      1.300195   WU   162.945809    119.493593
 ( 5   4) <--> ( 7   4)        9.261081      7.797056      5.717841   WU   716.583381    525.494479
 ( 6   1) <--> ( 6   1)        1.446195      1.008283   (eb)
 ( 6   2) <--> ( 6   1)        0.634386      0.030957      0.030957   WU     2.845115      2.845115
 ( 6   2) <--> ( 6   2)        2.076671      1.447849   (eb)
 ( 6   3) <--> ( 6   1)       -0.002442      0.000000      0.000000   WU     0.000042      0.000042
 ( 6   3) <--> ( 6   2)       -0.067122      0.000347      0.000347   WU     0.031851      0.031851
 ( 6   3) <--> ( 6   3)      -14.538311    -10.136068   (eb)
 ( 6   4) <--> ( 6   1)       -1.819348      0.254618      0.254618   WU    23.400459     23.400459
 ( 6   4) <--> ( 6   2)       -0.558355      0.023982      0.023982   WU     2.204012      2.204012
 ( 6   4) <--> ( 6   3)        0.097344      0.000729      0.000729   WU     0.066991      0.066991
 ( 6   4) <--> ( 6   4)       -0.394941     -0.275352   (eb)
 ( 6   1) <--> ( 7   1)        0.001431      0.000000      0.000000   WU     0.000014      0.000013
 ( 6   1) <--> ( 7   2)        0.131208      0.001324      0.001148   WU     0.121707      0.105480
 ( 6   1) <--> ( 7   3)        0.998614      0.076710      0.066482   WU     7.049985      6.109987
 ( 6   1) <--> ( 7   4)        0.353007      0.009586      0.008308   WU     0.880964      0.763502
 ( 6   2) <--> ( 7   1)        0.011473      0.000010      0.000009   WU     0.000930      0.000806
 ( 6   2) <--> ( 7   2)        0.184258      0.002612      0.002263   WU     0.240019      0.208017
 ( 6   2) <--> ( 7   3)        1.136343      0.099329      0.086085   WU     9.128759      7.911591
 ( 6   2) <--> ( 7   4)        0.286764      0.006326      0.005482   WU     0.581355      0.503841
 ( 6   3) <--> ( 7   1)       -1.012707      0.078890      0.068372   WU     7.250368      6.283652
 ( 6   3) <--> ( 7   2)       -0.030180      0.000070      0.000061   WU     0.006439      0.005581
 ( 6   3) <--> ( 7   3)       -0.005028      0.000002      0.000002   WU     0.000179      0.000155
 ( 6   3) <--> ( 7   4)        0.026669      0.000055      0.000047   WU     0.005028      0.004358
 ( 6   4) <--> ( 7   1)        0.228602      0.004020      0.003484   WU     0.369447      0.320187
 ( 6   4) <--> ( 7   2)       -0.160867      0.001991      0.001725   WU     0.182948      0.158555
 ( 6   4) <--> ( 7   3)       -1.102116      0.093435      0.080977   WU     8.587121      7.442172
 ( 6   4) <--> ( 7   4)       -0.452032      0.015718      0.013622   WU     1.444546      1.251939
 ( 6   1) <--> ( 8   1)        3.798422      1.109847      0.848706   WU   101.999735     77.999797
 ( 6   1) <--> ( 8   2)       -0.003908      0.000001      0.000001   WU     0.000108      0.000083
 ( 6   1) <--> ( 8   3)        0.006453      0.000003      0.000002   WU     0.000294      0.000225
 ( 6   1) <--> ( 8   4)        0.434645      0.014532      0.011113   WU     1.335554      1.021306
 ( 6   2) <--> ( 8   1)        1.940149      0.289552      0.221422   WU    26.611106     20.349669
 ( 6   2) <--> ( 8   2)        0.083610      0.000538      0.000411   WU     0.049421      0.037793
 ( 6   2) <--> ( 8   3)       -0.077570      0.000463      0.000354   WU     0.042538      0.032529
 ( 6   2) <--> ( 8   4)       -3.941930      1.195293      0.914048   WU   109.852660     84.004975
 ( 6   3) <--> ( 8   1)       -0.007233      0.000004      0.000003   WU     0.000370      0.000283
 ( 6   3) <--> ( 8   2)       19.186390     28.316735     21.653974   WU  2602.431205   1990.094451
 ( 6   3) <--> ( 8   3)       -0.119604      0.001100      0.000841   WU     0.101131      0.077336
 ( 6   3) <--> ( 8   4)        0.117092      0.001055      0.000807   WU     0.096928      0.074121
 ( 6   4) <--> ( 8   1)        1.084306      0.090440      0.069160   WU     8.311821      6.356098
 ( 6   4) <--> ( 8   2)       -0.048946      0.000184      0.000141   WU     0.016937      0.012952
 ( 6   4) <--> ( 8   3)       -0.486603      0.018214      0.013928   WU     1.673952      1.280081
 ( 6   4) <--> ( 8   4)       -1.434711      0.158338      0.121082   WU    14.551954     11.127965
 ( 7   1) <--> ( 7   1)      -11.944181     -7.998562   (eb)
 ( 7   2) <--> ( 7   1)        1.894015      0.239153      0.239153   WU    21.979184     21.979184
 ( 7   2) <--> ( 7   2)       -2.064193     -1.382311   (eb)
 ( 7   3) <--> ( 7   1)       -0.034387      0.000079      0.000079   WU     0.007245      0.007245
 ( 7   3) <--> ( 7   2)        0.313218      0.006540      0.006540   WU     0.601087      0.601087
 ( 7   3) <--> ( 7   3)        0.225817      0.151221   (eb)
 ( 7   4) <--> ( 7   1)       -0.939465      0.058840      0.058840   WU     5.407621      5.407621
 ( 7   4) <--> ( 7   2)        0.785951      0.041181      0.041181   WU     3.784735      3.784735
 ( 7   4) <--> ( 7   3)        2.197056      0.321804      0.321804   WU    29.575158     29.575158
 ( 7   4) <--> ( 7   4)       -8.604445     -5.762069   (eb)
 ( 7   1) <--> ( 8   1)        0.006591      0.000003      0.000003   WU     0.000266      0.000235
 ( 7   1) <--> ( 8   2)        1.819036      0.220593      0.194641   WU    20.273437     17.888326
 ( 7   1) <--> ( 8   3)       -9.323220      5.794829      5.113084   WU   532.569993    469.914700
 ( 7   1) <--> ( 8   4)        0.205136      0.002805      0.002475   WU     0.257827      0.227495
 ( 7   2) <--> ( 8   1)        0.250251      0.004175      0.003684   WU     0.383703      0.338561
 ( 7   2) <--> ( 8   2)        0.018474      0.000023      0.000020   WU     0.002091      0.001845
 ( 7   2) <--> ( 8   3)       -1.062923      0.075320      0.066459   WU     6.922272      6.107887
 ( 7   2) <--> ( 8   4)       -0.571748      0.021793      0.019229   WU     2.002877      1.767244
 ( 7   3) <--> ( 8   1)        1.792517      0.214208      0.189007   WU    19.686637     17.370562
 ( 7   3) <--> ( 8   2)       -0.012350      0.000010      0.000009   WU     0.000935      0.000825
 ( 7   3) <--> ( 8   3)        0.423111      0.011935      0.010531   WU     1.096868      0.967824
 ( 7   3) <--> ( 8   4)       -1.533494      0.156774      0.138330   WU    14.408181     12.713101
 ( 7   4) <--> ( 8   1)        0.583972      0.022735      0.020060   WU     2.089438      1.843622
 ( 7   4) <--> ( 8   2)        0.023973      0.000038      0.000034   WU     0.003521      0.003107
 ( 7   4) <--> ( 8   3)       -1.051540      0.073716      0.065043   WU     6.774793      5.977759
 ( 7   4) <--> ( 8   4)        0.411805      0.011306      0.009975   WU     1.039027      0.916789
 ( 7   1) <--> ( 9   1)      -18.875018     23.751087     18.750858   WU  2182.828303   1723.285502
 ( 7   1) <--> ( 9   2)       -0.440313      0.012925      0.010204   WU     1.187868      0.937791
 ( 7   1) <--> ( 9   3)        1.438505      0.137953      0.108910   WU    12.678498     10.009341
 ( 7   1) <--> ( 9   4)        0.480755      0.015408      0.012164   WU     1.416093      1.117968
 ( 7   2) <--> ( 9   1)       -0.105216      0.000738      0.000583   WU     0.067828      0.053548
 ( 7   2) <--> ( 9   2)      -14.980164     14.960353     11.810805   WU  1374.921595   1085.464417
 ( 7   2) <--> ( 9   3)       -0.471192      0.014801      0.011685   WU     1.360320      1.073937
 ( 7   2) <--> ( 9   4)        0.248582      0.004120      0.003252   WU     0.378604      0.298898
 ( 7   3) <--> ( 9   1)        0.635336      0.026910      0.021245   WU     2.473158      1.952493
 ( 7   3) <--> ( 9   2)        2.234476      0.332859      0.262783   WU    30.591191     24.150940
 ( 7   3) <--> ( 9   3)       -4.288817      1.226264      0.968103   WU   112.698959     88.972862
 ( 7   3) <--> ( 9   4)        2.817693      0.529293      0.417863   WU    48.644313     38.403405
 ( 7   4) <--> ( 9   1)       -2.309860      0.355697      0.280813   WU    32.690091     25.807966
 ( 7   4) <--> ( 9   2)        0.410958      0.011259      0.008889   WU     1.034760      0.816916
 ( 7   4) <--> ( 9   3)       15.551066     16.122377     12.728193   WU  1481.716652   1169.776304
 ( 7   4) <--> ( 9   4)        1.109637      0.082086      0.064805   WU     7.544082      5.955854
 ( 8   1) <--> ( 8   1)        1.587966      1.022961   (eb)
 ( 8   2) <--> ( 8   1)        0.001616      0.000000      0.000000   WU     0.000014      0.000014
 ( 8   2) <--> ( 8   2)      -16.524153    -10.644794   (eb)
 ( 8   3) <--> ( 8   1)        0.003733      0.000001      0.000001   WU     0.000075      0.000075
 ( 8   3) <--> ( 8   2)       -1.992587      0.233553      0.233553   WU    21.464555     21.464555
 ( 8   3) <--> ( 8   3)      -13.476569     -8.681552   (eb)
 ( 8   4) <--> ( 8   1)       -0.439951      0.011386      0.011386   WU     1.046397      1.046397
 ( 8   4) <--> ( 8   2)       -0.081407      0.000390      0.000390   WU     0.035827      0.035827
 ( 8   4) <--> ( 8   3)        0.394353      0.009148      0.009148   WU     0.840731      0.840731
 ( 8   4) <--> ( 8   4)        2.702761      1.741108   (eb)
 ( 8   1) <--> ( 9   1)       -0.003080      0.000001      0.000000   WU     0.000051      0.000046
 ( 8   1) <--> ( 9   2)       -0.009480      0.000005      0.000005   WU     0.000486      0.000435
 ( 8   1) <--> ( 9   3)       -0.036491      0.000078      0.000070   WU     0.007199      0.006441
 ( 8   1) <--> ( 9   4)        0.218942      0.002820      0.002523   WU     0.259148      0.231869
 ( 8   2) <--> ( 9   1)        0.940179      0.051996      0.046523   WU     4.778687      4.275667
 ( 8   2) <--> ( 9   2)        0.050147      0.000148      0.000132   WU     0.013595      0.012164
 ( 8   2) <--> ( 9   3)        0.037398      0.000082      0.000074   WU     0.007561      0.006765
 ( 8   2) <--> ( 9   4)       -0.038587      0.000088      0.000078   WU     0.008049      0.007202
 ( 8   3) <--> ( 9   1)        8.857026      4.614524      4.128785   WU   424.094856    379.453292
 ( 8   3) <--> ( 9   2)       -1.634532      0.157158      0.140615   WU    14.443544     12.923171
 ( 8   3) <--> ( 9   3)       -0.596500      0.020930      0.018727   WU     1.923568      1.721087
 ( 8   3) <--> ( 9   4)       -0.302739      0.005391      0.004824   WU     0.495478      0.443322
 ( 8   4) <--> ( 9   1)       -0.263769      0.004093      0.003662   WU     0.376128      0.336535
 ( 8   4) <--> ( 9   2)        0.261576      0.004025      0.003601   WU     0.369898      0.330961
 ( 8   4) <--> ( 9   3)        0.363179      0.007759      0.006942   WU     0.713062      0.638003
 ( 8   4) <--> ( 9   4)       -0.911543      0.048877      0.043732   WU     4.492014      4.019170
 ( 8   1) <--> (10   1)        0.000127      0.000000      0.000000   WU     0.000000      0.000000
 ( 8   1) <--> (10   2)        0.046248      0.000126      0.000102   WU     0.011563      0.009361
 ( 8   1) <--> (10   3)        4.937068      1.433802      1.160697   WU   131.772684    106.673125
 ( 8   1) <--> (10   4)        0.107343      0.000678      0.000549   WU     0.062292      0.050427
 ( 8   2) <--> (10   1)       21.732148     27.781544     22.489821   WU  2553.244799   2066.912457
 ( 8   2) <--> (10   2)       -0.060246      0.000214      0.000173   WU     0.019622      0.015884
 ( 8   2) <--> (10   3)       -0.026269      0.000041      0.000033   WU     0.003731      0.003020
 ( 8   2) <--> (10   4)        1.570702      0.145124      0.117481   WU    13.337511     10.797033
 ( 8   3) <--> (10   1)       -0.968391      0.055164      0.044656   WU     5.069772      4.104101
 ( 8   3) <--> (10   2)      -20.246220     24.112319     19.519496   WU  2216.027046   1793.926656
 ( 8   3) <--> (10   3)        0.144531      0.001229      0.000995   WU     0.112931      0.091420
 ( 8   3) <--> (10   4)       -0.414218      0.010093      0.008170   WU     0.927568      0.750889
 ( 8   4) <--> (10   1)        0.188161      0.002083      0.001686   WU     0.191401      0.154944
 ( 8   4) <--> (10   2)        0.302354      0.005378      0.004353   WU     0.494218      0.400081
 ( 8   4) <--> (10   3)       -3.057305      0.549830      0.445101   WU    50.531777     40.906676
 ( 8   4) <--> (10   4)        1.650293      0.160204      0.129689   WU    14.723436     11.918972
 ( 9   1) <--> ( 9   1)      -14.799350     -9.188652   (eb)
 ( 9   2) <--> ( 9   1)        2.259701      0.268750      0.268750   WU    24.699281     24.699281
 ( 9   2) <--> ( 9   2)       -7.735559     -4.802871   (eb)
 ( 9   3) <--> ( 9   1)        1.222398      0.078645      0.078645   WU     7.227823      7.227823
 ( 9   3) <--> ( 9   2)       -0.054951      0.000159      0.000159   WU     0.014606      0.014606
 ( 9   3) <--> ( 9   3)      -12.191769     -7.569652   (eb)
 ( 9   4) <--> ( 9   1)        0.499952      0.013155      0.013155   WU     1.209038      1.209038
 ( 9   4) <--> ( 9   2)       -1.763797      0.163736      0.163736   WU    15.048026     15.048026
 ( 9   4) <--> ( 9   3)       -3.755402      0.742266      0.742266   WU    68.217433     68.217433
 ( 9   4) <--> ( 9   4)       -5.358589     -3.327052   (eb)
 ( 9   1) <--> (10   1)       -2.196966      0.254035      0.229841   WU    23.346907     21.123392
 ( 9   1) <--> (10   2)       -8.406571      3.719497      3.365259   WU   341.837939    309.281945
 ( 9   1) <--> (10   3)        0.088484      0.000412      0.000373   WU     0.037872      0.034265
 ( 9   1) <--> (10   4)       -0.370919      0.007241      0.006551   WU     0.665488      0.602108
 ( 9   2) <--> (10   1)       -0.039633      0.000083      0.000075   WU     0.007598      0.006874
 ( 9   2) <--> (10   2)       -1.525611      0.122499      0.110833   WU    11.258231     10.186019
 ( 9   2) <--> (10   3)       -0.081059      0.000346      0.000313   WU     0.031782      0.028755
 ( 9   2) <--> (10   4)        0.721135      0.027370      0.024764   WU     2.515447      2.275881
 ( 9   3) <--> (10   1)        0.038124      0.000076      0.000069   WU     0.007030      0.006361
 ( 9   3) <--> (10   2)        1.021221      0.054889      0.049662   WU     5.044546      4.564113
 ( 9   3) <--> (10   3)       -0.265044      0.003697      0.003345   WU     0.339796      0.307434
 ( 9   3) <--> (10   4)        3.201389      0.539415      0.488042   WU    49.574622     44.853229
 ( 9   4) <--> (10   1)        0.066166      0.000230      0.000208   WU     0.021177      0.019160
 ( 9   4) <--> (10   2)        0.222237      0.002599      0.002352   WU     0.238900      0.216147
 ( 9   4) <--> (10   3)        0.808113      0.034371      0.031097   WU     3.158833      2.857992
 ( 9   4) <--> (10   4)        0.108373      0.000618      0.000559   WU     0.056809      0.051399
 (10   1) <--> (10   1)      -18.283545    -10.962693   (eb)
 (10   2) <--> (10   1)        2.232801      0.237400      0.237400   WU    21.818095     21.818095
 (10   2) <--> (10   2)      -16.015545     -9.602815   (eb)
 (10   3) <--> (10   1)        0.013394      0.000009      0.000009   WU     0.000785      0.000785
 (10   3) <--> (10   2)        0.192201      0.001759      0.001759   WU     0.161669      0.161669
 (10   3) <--> (10   3)        1.594355      0.955965   (eb)
 (10   4) <--> (10   1)       -1.686870      0.135502      0.135502   WU    12.453179     12.453179
 (10   4) <--> (10   2)       -1.005411      0.048136      0.048136   WU     4.423885      4.423885
 (10   4) <--> (10   3)        0.248078      0.002931      0.002931   WU     0.269334      0.269334
 (10   4) <--> (10   4)      -16.306010     -9.776976   (eb)
 
  quadrupole shape invariant: 01+, 02+, 03+, 04+
quadr2     1.03062296     1.89854485     2.80298631     4.24478631
quadr3     0.68136513     0.98032125     0.49842636    -0.49161289
  effective deformation parameters:  01+, 02+, 03+, 04+
beteff     0.07040626     0.09555904     0.11611059     0.14288587
cos3ga     0.65122368     0.37474610     0.10621101    -0.05621336
 
 ********* END Transition **************************
