 ********* BEGIN READER ****************************
 
 Nucleus            :  Kr  36  72
 Imin, Imax         :     0  10
 imu, remu          :     1 12.0000
 nlevel             :     4
 observables        :     2
 wave fun           :     1
 nbet, ngam, npar   :    10   7  10
 Finish reading parameters: V, B_k ...
 
 ********* END READER ******************************
 
 ********* BEGIN LEVELS ********************
 
 E_0 =  -842.835691
 
  I=   0   ntot= 127
   0   1    0.000000
   0   2    1.643709
   0   3    2.910661
   0   4    3.354782
 
  I=   2   ntot= 234
   2   1    1.226018
   2   2    2.165728
   2   3    2.688867
   2   4    3.587680
 
  I=   3   ntot= 108
   3   1    3.028241
   3   2    4.584988
   3   3    5.446983
   3   4    6.429019
 
  I=   4   ntot= 324
   4   1    2.351839
   4   2    3.173648
   4   3    3.876113
   4   4    3.951889
 
  I=   5   ntot= 198
   5   1    4.095465
   5   2    4.917689
   5   3    5.709051
   5   4    6.567493
 
  I=   6   ntot= 432
   6   1    3.486434
   6   2    4.264204
   6   3    5.075266
   6   4    5.120846
 
  I=   7   ntot= 306
   7   1    5.275566
   7   2    6.098333
   7   3    6.956331
   7   4    7.047720
 
  I=   8   ntot= 522
   8   1    4.701921
   8   2    5.473490
   8   3    6.308930
   8   4    6.454698
 
  I=   9   ntot= 397
   9   1    6.570424
   9   2    7.427287
   9   3    8.265184
   9   4    8.488885
 
  I=  10   ntot= 630
  10   1    6.032768
  10   2    6.831629
  10   3    7.653617
  10   4    7.934048
 
 ********* END LEVELS **********************
 
 ********* BEGIN Transition ************************
 
  Monopole moment 
 
   I   n    <In|E0|In>   ave \beta      del<b>   ave \gamma    del<g>  
     K=0       K=2       K=4   
   0   1     19.186985    0.196918    0.072210   28.630011   11.169387  100.0000    0.0000    0.0000
   0   2     19.529012    0.307105    0.099229   26.305216   11.427462   99.9999    0.0000    0.0000
   0   3     19.824198    0.386448    0.098370   18.102671   13.712138   99.9999    0.0000    0.0000
   0   4     19.708195    0.347078    0.114062   28.590539   11.023648   99.9999    0.0000    0.0000
   2   1     19.378719    0.261406    0.076959   28.658424   11.138034   59.7955   40.2045    0.0000
   2   2     19.589784    0.324987    0.081153   23.364440   11.467388   49.0749   50.9251    0.0000
   2   3     19.636814    0.334157    0.112801   25.766640   11.615249   58.9888   41.0111    0.0000
   2   4     19.859991    0.393647    0.120732   18.022874   12.898121   65.5437   34.4561    0.0000
   3   1     19.713914    0.352191    0.075112   25.472988    9.246868    0.0000   99.9999    0.0000
   3   2     19.975589    0.413843    0.117722   20.349582    8.922512    0.0000   99.9999    0.0000
   3   3     19.976960    0.407586    0.083705   25.426502   12.973159    0.0000   99.9999    0.0000
   3   4     20.027571    0.422491    0.136306   21.186377    7.898812    0.0000   99.9997    0.0000
   4   1     19.567808    0.315264    0.077443   26.907024   11.449097   54.9922   31.3891   13.6186
   4   2     19.756971    0.367024    0.085211   21.574596   12.786741   55.3456   14.5724   30.0819
   4   3     19.769461    0.366093    0.119532   23.646364   11.680254   53.4029   32.8455   13.7516
   4   4     19.851724    0.384188    0.079783   23.981098   10.794037    7.5488   49.4741   42.9770
   5   1     19.851079    0.383860    0.076041   24.230372    9.393119    0.0000   78.6775   21.3224
   5   2     19.967655    0.407821    0.078428   23.926029    9.690303    0.0000   29.0231   70.9768
   5   3     20.065416    0.431286    0.115378   20.359815    8.874185    0.0000   78.5279   21.4719
   5   4     20.194517    0.454295    0.104182   21.197468    8.189775    0.0000   25.5997   74.4001
   6   1     19.730586    0.357245    0.078002   24.555412   11.591621   55.6711   30.7181    9.0236
   6   2     19.893762    0.397705    0.086929   20.745571   13.609092   56.1648   12.4464   16.5468
   6   3     19.991664    0.414928    0.084439   22.349018   10.704493    8.2420   60.9383    4.0258
   6   4     19.903847    0.396836    0.118412   21.751524   12.270655   58.3767   20.4509    9.6852
   7   1     19.990265    0.414464    0.077063   22.616678    9.340470    0.0000   72.1332   23.2326
   7   2     20.075673    0.430013    0.081235   22.991452   10.430971    0.0000   37.1418   36.4735
   7   3     20.184522    0.453182    0.104283   20.744742    7.960241    0.0000   43.3388   51.9197
   7   4     20.122244    0.436849    0.088607   23.662843    9.718571    0.0000   26.4177   18.0159
   8   1     19.874444    0.391533    0.078948   22.383365   11.444804   56.7414   30.8016    8.1335
   8   2     19.994072    0.418088    0.087435   20.523762   14.049667   55.3691   13.6510   14.9777
   8   3     20.132276    0.444750    0.087331   20.525186   10.184558   12.6286   64.1620    4.3690
   8   4     19.979806    0.412256    0.114259   21.677349   12.728425   55.8905   18.7387    7.3128
   9   1     20.128725    0.443330    0.076456   21.070233    8.993041    0.0000   70.2550   23.5367
   9   2     20.155749    0.445165    0.081986   22.662650   10.715417    0.0000   37.7053   28.1740
   9   3     20.297171    0.473239    0.092145   20.985919    8.117595    0.0000   17.1070   66.1332
   9   4     20.152127    0.443633    0.100594   22.765426    9.919201    0.0000   48.2767   13.4399
  10   1     20.008766    0.421270    0.079015   20.618104   11.026751   57.2967   31.3677    7.6507
  10   2     20.066539    0.431359    0.087306   20.755259   14.259752   53.0428   15.3670   15.3442
  10   3     20.237204    0.465706    0.088633   19.474983    9.672072   18.7389   61.1477    7.1627
  10   4     20.046947    0.425661    0.110650   21.550225   12.874606   52.2745   21.7170    6.3753
 
  rho^2(E0) 
 
   I  n_1 n_2  <In_1|E0|In_2>  rho^2(E0) 
   0   1   1       19.186985  447.364726
   0   2   1        0.180399    0.039547
   0   2   2       19.529012  463.456316
   0   3   1       -0.011969    0.000174
   0   3   2        0.152393    0.028221
   0   3   3       19.824198  477.572737
   0   4   1       -0.019497    0.000462
   0   4   2        0.286832    0.099978
   0   4   3        0.049633    0.002994
   0   4   4       19.708195  471.999970
   2   1   1       19.378719  456.350341
   2   2   1       -0.030994    0.001167
   2   2   2       19.589784  466.345228
   2   3   1       -0.244961    0.072919
   2   3   2        0.037011    0.001665
   2   3   3       19.636814  468.587068
   2   4   1        0.009276    0.000105
   2   4   2        0.272464    0.090213
   2   4   3        0.107753    0.014109
   2   4   4       19.859991  479.298802
   3   1   1       19.713914  472.273904
   3   2   1        0.309404    0.116333
   3   2   2       19.975589  484.894707
   3   3   1        0.055197    0.003702
   3   3   2       -0.177432    0.038257
   3   3   3       19.976960  484.961257
   3   4   1       -0.022185    0.000598
   3   4   2       -0.432211    0.227007
   3   4   3       -0.030419    0.001124
   3   4   4       20.027571  487.421631
   4   1   1       19.567808  465.299506
   4   2   1        0.070315    0.006008
   4   2   2       19.756971  474.339139
   4   3   1        0.278653    0.094357
   4   3   2        0.061737    0.004632
   4   3   3       19.769461  474.939093
   4   4   1       -0.004878    0.000029
   4   4   2       -0.069918    0.005941
   4   4   3        0.005888    0.000042
   4   4   4       19.851724  478.899866
   5   1   1       19.851079  478.868749
   5   2   1        0.076685    0.007146
   5   2   2       19.967655  484.509571
   5   3   1       -0.325237    0.128543
   5   3   2       -0.060015    0.004377
   5   3   3       20.065416  489.265492
   5   4   1       -0.020546    0.000513
   5   4   2       -0.300995    0.110095
   5   4   3       -0.068388    0.005683
   5   4   4       20.194517  495.581600
   6   1   1       19.730586  473.073064
   6   2   1        0.102768    0.012834
   6   2   2       19.893762  480.930259
   6   3   1        0.082254    0.008222
   6   3   2       -0.073587    0.006580
   6   3   3       19.991664  485.675435
   6   4   1        0.288689    0.101277
   6   4   2        0.112672    0.015427
   6   4   3        0.019518    0.000463
   6   4   4       19.903847  481.417963
   7   1   1       19.990265  485.607476
   7   2   1        0.119506    0.017355
   7   2   2       20.075673  489.765847
   7   3   1       -0.300537    0.109760
   7   3   2        0.017475    0.000371
   7   3   3       20.184522  495.091199
   7   4   1       -0.157028    0.029964
   7   4   2       -0.114120    0.015826
   7   4   3       -0.051284    0.003196
   7   4   4       20.122244  492.040767
   8   1   1       19.874444  479.996690
   8   2   1        0.129984    0.020532
   8   2   2       19.994072  485.792459
   8   3   1       -0.142690    0.024742
   8   3   2        0.072597    0.006405
   8   3   3       20.132276  492.531503
   8   4   1        0.286332    0.099630
   8   4   2        0.126667    0.019497
   8   4   3       -0.027142    0.000895
   8   4   4       19.979806  485.099462
   9   1   1       20.128725  492.357740
   9   2   1       -0.135262    0.022233
   9   2   2       20.155749  493.680691
   9   3   1        0.234625    0.066895
   9   3   2        0.107877    0.014142
   9   3   3       20.297171  500.632749
   9   4   1        0.260815    0.082663
   9   4   2       -0.089289    0.009688
   9   4   3       -0.028209    0.000967
   9   4   4       20.152127  493.503274
  10   1   1       20.008766  486.506761
  10   2   1       -0.144766    0.025467
  10   2   2       20.066539  489.320261
  10   3   1        0.187288    0.042625
  10   3   2        0.085145    0.008810
  10   3   3       20.237204  497.678952
  10   4   1       -0.282777    0.097171
  10   4   2        0.121587    0.017965
  10   4   3       -0.011046    0.000148
  10   4   4       20.046947  488.365224
 
  E2 transition 
 
  I1  n1        I2  n2       <f||E2||i>   B(E2,I1->I2)  B(E2,I2->I1)
 ( 0   1) <--> ( 2   1)        0.478545      0.229005      0.045801   WU    74.959538     14.991908
 ( 0   1) <--> ( 2   2)       -0.116846      0.013653      0.002731   WU     4.469029      0.893806
 ( 0   1) <--> ( 2   3)        0.082152      0.006749      0.001350   WU     2.209091      0.441818
 ( 0   1) <--> ( 2   4)        0.043169      0.001864      0.000373   WU     0.609989      0.121998
 ( 0   2) <--> ( 2   1)        0.418943      0.175513      0.035103   WU    57.450295     11.490059
 ( 0   2) <--> ( 2   2)       -0.267812      0.071723      0.014345   WU    23.476964      4.695393
 ( 0   2) <--> ( 2   3)       -0.583803      0.340826      0.068165   WU   111.561458     22.312292
 ( 0   2) <--> ( 2   4)       -0.053885      0.002904      0.000581   WU     0.950437      0.190087
 ( 0   3) <--> ( 2   1)        0.034391      0.001183      0.000237   WU     0.387152      0.077430
 ( 0   3) <--> ( 2   2)       -0.469234      0.220180      0.044036   WU    72.070938     14.414188
 ( 0   3) <--> ( 2   3)       -0.265883      0.070694      0.014139   WU    23.139911      4.627982
 ( 0   3) <--> ( 2   4)       -0.671940      0.451504      0.090301   WU   147.789312     29.557862
 ( 0   4) <--> ( 2   1)       -0.010463      0.000109      0.000022   WU     0.035831      0.007166
 ( 0   4) <--> ( 2   2)        0.062654      0.003926      0.000785   WU     1.284930      0.256986
 ( 0   4) <--> ( 2   3)       -0.454688      0.206741      0.041348   WU    67.671935     13.534387
 ( 0   4) <--> ( 2   4)       -0.141561      0.020040      0.004008   WU     6.559499      1.311900
 ( 2   1) <--> ( 2   1)        0.085738      0.064983   (eb)
 ( 2   2) <--> ( 2   1)        0.773971      0.119806      0.119806   WU    39.215799     39.215799
 ( 2   2) <--> ( 2   2)       -0.308124     -0.233538   (eb)
 ( 2   3) <--> ( 2   1)       -0.077095      0.001189      0.001189   WU     0.389106      0.389106
 ( 2   3) <--> ( 2   2)       -0.518014      0.053668      0.053668   WU    17.566866     17.566866
 ( 2   3) <--> ( 2   3)        0.099370      0.075316   (eb)
 ( 2   4) <--> ( 2   1)       -0.074344      0.001105      0.001105   WU     0.361831      0.361831
 ( 2   4) <--> ( 2   2)       -0.152484      0.004650      0.004650   WU     1.522170      1.522170
 ( 2   4) <--> ( 2   3)       -0.747314      0.111696      0.111696   WU    36.560955     36.560955
 ( 2   4) <--> ( 2   4)       -0.635905     -0.481973   (eb)
 ( 2   1) <--> ( 3   1)       -0.248979      0.012398      0.008856   WU     4.058232      2.898737
 ( 2   1) <--> ( 3   2)        0.074727      0.001117      0.000798   WU     0.365569      0.261121
 ( 2   1) <--> ( 3   3)        0.021919      0.000096      0.000069   WU     0.031453      0.022467
 ( 2   1) <--> ( 3   4)        0.036342      0.000264      0.000189   WU     0.086462      0.061758
 ( 2   2) <--> ( 3   1)       -0.984500      0.193848      0.138463   WU    63.451660     45.322614
 ( 2   2) <--> ( 3   2)        0.032283      0.000208      0.000149   WU     0.068228      0.048735
 ( 2   2) <--> ( 3   3)        0.001231      0.000000      0.000000   WU     0.000099      0.000071
 ( 2   2) <--> ( 3   4)        0.019163      0.000073      0.000052   WU     0.024039      0.017171
 ( 2   3) <--> ( 3   1)        0.392816      0.030861      0.022044   WU    10.101620      7.215443
 ( 2   3) <--> ( 3   2)        0.190280      0.007241      0.005172   WU     2.370269      1.693049
 ( 2   3) <--> ( 3   3)        0.068927      0.000950      0.000679   WU     0.311025      0.222161
 ( 2   3) <--> ( 3   4)        0.066006      0.000871      0.000622   WU     0.285222      0.203730
 ( 2   4) <--> ( 3   1)       -0.116042      0.002693      0.001924   WU     0.881546      0.629675
 ( 2   4) <--> ( 3   2)       -0.725985      0.105411      0.075294   WU    34.503853     24.645609
 ( 2   4) <--> ( 3   3)       -0.130769      0.003420      0.002443   WU     1.119487      0.799634
 ( 2   4) <--> ( 3   4)       -0.041734      0.000348      0.000249   WU     0.114022      0.081444
 ( 2   1) <--> ( 4   1)       -1.024831      0.210056      0.116698   WU    68.756942     38.198301
 ( 2   1) <--> ( 4   2)       -0.085861      0.001474      0.000819   WU     0.482622      0.268123
 ( 2   1) <--> ( 4   3)        0.111319      0.002478      0.001377   WU     0.811241      0.450689
 ( 2   1) <--> ( 4   4)       -0.030836      0.000190      0.000106   WU     0.062250      0.034583
 ( 2   2) <--> ( 4   1)        0.278003      0.015457      0.008587   WU     5.059541      2.810856
 ( 2   2) <--> ( 4   2)        1.049133      0.220136      0.122298   WU    72.056413     40.031341
 ( 2   2) <--> ( 4   3)       -0.003296      0.000002      0.000001   WU     0.000711      0.000395
 ( 2   2) <--> ( 4   4)       -0.178932      0.006403      0.003557   WU     2.095976      1.164431
 ( 2   3) <--> ( 4   1)        0.659129      0.086890      0.048272   WU    28.441486     15.800826
 ( 2   3) <--> ( 4   2)        0.268242      0.014391      0.007995   WU     4.710464      2.616925
 ( 2   3) <--> ( 4   3)        1.083054      0.234601      0.130334   WU    76.791327     42.661848
 ( 2   3) <--> ( 4   4)        0.007303      0.000011      0.000006   WU     0.003491      0.001940
 ( 2   4) <--> ( 4   1)        0.061262      0.000751      0.000417   WU     0.245690      0.136495
 ( 2   4) <--> ( 4   2)        0.752088      0.113127      0.062848   WU    37.029560     20.571978
 ( 2   4) <--> ( 4   3)        0.407043      0.033137      0.018409   WU    10.846561      6.025867
 ( 2   4) <--> ( 4   4)       -0.374633      0.028070      0.015594   WU     9.188037      5.104465
 ( 3   1) <--> ( 3   1)        0.000000      0.000000   (eb)
 ( 3   2) <--> ( 3   1)        0.000000      0.000000      0.000000   WU     0.000000      0.000000
 ( 3   2) <--> ( 3   2)        0.000000      0.000000   (eb)
 ( 3   3) <--> ( 3   1)        0.000000      0.000000      0.000000   WU     0.000000      0.000000
 ( 3   3) <--> ( 3   2)        0.000000      0.000000      0.000000   WU     0.000000      0.000000
 ( 3   3) <--> ( 3   3)        0.000000      0.000000   (eb)
 ( 3   4) <--> ( 3   1)        0.000000      0.000000      0.000000   WU     0.000000      0.000000
 ( 3   4) <--> ( 3   2)        0.000000      0.000000      0.000000   WU     0.000000      0.000000
 ( 3   4) <--> ( 3   3)        0.000000      0.000000      0.000000   WU     0.000000      0.000000
 ( 3   4) <--> ( 3   4)        0.000000      0.000000   (eb)
 ( 3   1) <--> ( 4   1)        0.663595      0.062908      0.048929   WU    20.591568     16.015664
 ( 3   1) <--> ( 4   2)       -0.113368      0.001836      0.001428   WU     0.600988      0.467435
 ( 3   1) <--> ( 4   3)        0.393623      0.022134      0.017215   WU     7.245118      5.635091
 ( 3   1) <--> ( 4   4)        1.129096      0.182123      0.141651   WU    59.613620     46.366149
 ( 3   2) <--> ( 4   1)       -0.017719      0.000045      0.000035   WU     0.014682      0.011419
 ( 3   2) <--> ( 4   2)        0.029979      0.000128      0.000100   WU     0.042027      0.032688
 ( 3   2) <--> ( 4   3)        0.720382      0.074136      0.057661   WU    24.266659     18.874068
 ( 3   2) <--> ( 4   4)        0.512086      0.037462      0.029137   WU    12.262254      9.537309
 ( 3   3) <--> ( 4   1)        0.005903      0.000005      0.000004   WU     0.001629      0.001267
 ( 3   3) <--> ( 4   2)        0.008041      0.000009      0.000007   WU     0.003023      0.002351
 ( 3   3) <--> ( 4   3)        0.069012      0.000680      0.000529   WU     0.222705      0.173215
 ( 3   3) <--> ( 4   4)       -0.075155      0.000807      0.000628   WU     0.264122      0.205428
 ( 3   4) <--> ( 4   1)       -0.010918      0.000017      0.000013   WU     0.005574      0.004335
 ( 3   4) <--> ( 4   2)        0.001485      0.000000      0.000000   WU     0.000103      0.000080
 ( 3   4) <--> ( 4   3)        0.020718      0.000061      0.000048   WU     0.020072      0.015612
 ( 3   4) <--> ( 4   4)        0.010930      0.000017      0.000013   WU     0.005586      0.004345
 ( 3   1) <--> ( 5   1)       -1.282218      0.234869      0.149462   WU    76.878937     48.922960
 ( 3   1) <--> ( 5   2)       -0.168035      0.004034      0.002567   WU     1.320332      0.840211
 ( 3   1) <--> ( 5   3)       -0.049453      0.000349      0.000222   WU     0.114358      0.072773
 ( 3   1) <--> ( 5   4)       -0.037290      0.000199      0.000126   WU     0.065024      0.041379
 ( 3   2) <--> ( 5   1)       -0.572291      0.046788      0.029774   WU    15.315047      9.745939
 ( 3   2) <--> ( 5   2)       -0.507616      0.036811      0.023425   WU    12.049081      7.667597
 ( 3   2) <--> ( 5   3)        1.340519      0.256713      0.163363   WU    84.029132     53.473084
 ( 3   2) <--> ( 5   4)        0.130865      0.002447      0.001557   WU     0.800816      0.509610
 ( 3   3) <--> ( 5   1)        0.056871      0.000462      0.000294   WU     0.151237      0.096242
 ( 3   3) <--> ( 5   2)        0.601959      0.051765      0.032941   WU    16.944056     10.782581
 ( 3   3) <--> ( 5   3)       -0.230301      0.007577      0.004822   WU     2.480127      1.578262
 ( 3   3) <--> ( 5   4)        0.395554      0.022352      0.014224   WU     7.316346      4.655857
 ( 3   4) <--> ( 5   1)       -0.005988      0.000005      0.000003   WU     0.001677      0.001067
 ( 3   4) <--> ( 5   2)        0.009760      0.000014      0.000009   WU     0.004454      0.002835
 ( 3   4) <--> ( 5   3)       -0.689487      0.067913      0.043218   WU    22.229831     14.146256
 ( 3   4) <--> ( 5   4)       -0.376748      0.020277      0.012904   WU     6.637200      4.223673
 ( 4   1) <--> ( 4   1)       -0.145898     -0.110021   (eb)
 ( 4   2) <--> ( 4   1)       -0.932163      0.096548      0.096548   WU    31.602612     31.602612
 ( 4   2) <--> ( 4   2)       -0.486930     -0.367192   (eb)
 ( 4   3) <--> ( 4   1)        0.066604      0.000493      0.000493   WU     0.161341      0.161341
 ( 4   3) <--> ( 4   2)       -0.443272      0.021832      0.021832   WU     7.146264      7.146264
 ( 4   3) <--> ( 4   3)       -0.220686     -0.166419   (eb)
 ( 4   4) <--> ( 4   1)       -0.173373      0.003340      0.003340   WU     1.093202      1.093202
 ( 4   4) <--> ( 4   2)        1.079739      0.129537      0.129537   WU    42.401102     42.401102
 ( 4   4) <--> ( 4   3)       -0.190340      0.004025      0.004025   WU     1.317651      1.317651
 ( 4   4) <--> ( 4   4)        0.067062      0.050571   (eb)
 ( 4   1) <--> ( 5   1)       -0.274198      0.008354      0.006835   WU     2.734443      2.237271
 ( 4   1) <--> ( 5   2)        0.032922      0.000120      0.000099   WU     0.039418      0.032251
 ( 4   1) <--> ( 5   3)       -0.059556      0.000394      0.000322   WU     0.129002      0.105547
 ( 4   1) <--> ( 5   4)        0.006333      0.000004      0.000004   WU     0.001459      0.001193
 ( 4   2) <--> ( 5   1)        0.806697      0.072307      0.059160   WU    23.667900     19.364645
 ( 4   2) <--> ( 5   2)       -0.177462      0.003499      0.002863   WU     1.145375      0.937125
 ( 4   2) <--> ( 5   3)        0.001825      0.000000      0.000000   WU     0.000121      0.000099
 ( 4   2) <--> ( 5   4)       -0.031107      0.000108      0.000088   WU     0.035192      0.028794
 ( 4   3) <--> ( 5   1)       -0.472592      0.024816      0.020304   WU     8.122912      6.646019
 ( 4   3) <--> ( 5   2)       -0.037577      0.000157      0.000128   WU     0.051355      0.042018
 ( 4   3) <--> ( 5   3)        0.225329      0.005641      0.004616   WU     1.846610      1.510863
 ( 4   3) <--> ( 5   4)        0.015379      0.000026      0.000022   WU     0.008602      0.007038
 ( 4   4) <--> ( 5   1)       -0.259919      0.007506      0.006142   WU     2.457061      2.010322
 ( 4   4) <--> ( 5   2)       -1.585277      0.279234      0.228464   WU    91.400666     74.782363
 ( 4   4) <--> ( 5   3)       -0.060646      0.000409      0.000334   WU     0.133763      0.109443
 ( 4   4) <--> ( 5   4)       -0.010501      0.000012      0.000010   WU     0.004010      0.003281
 ( 4   1) <--> ( 6   1)        1.630421      0.295363      0.204482   WU    96.680426     66.932603
 ( 4   1) <--> ( 6   2)        0.068199      0.000517      0.000358   WU     0.169161      0.117111
 ( 4   1) <--> ( 6   3)        0.014443      0.000023      0.000016   WU     0.007587      0.005253
 ( 4   1) <--> ( 6   4)       -0.095391      0.001011      0.000700   WU     0.330945      0.229116
 ( 4   2) <--> ( 6   1)        0.483613      0.025987      0.017991   WU     8.506179      5.888893
 ( 4   2) <--> ( 6   2)        1.666887      0.308724      0.213732   WU   101.053540     69.960143
 ( 4   2) <--> ( 6   3)       -0.128708      0.001841      0.001274   WU     0.602491      0.417109
 ( 4   2) <--> ( 6   4)        0.072291      0.000581      0.000402   WU     0.190068      0.131586
 ( 4   3) <--> ( 6   1)        0.770961      0.066042      0.045722   WU    21.617458     14.965933
 ( 4   3) <--> ( 6   2)        0.268592      0.008016      0.005549   WU     2.623776      1.816460
 ( 4   3) <--> ( 6   3)        0.523723      0.030476      0.021099   WU     9.975672      6.906234
 ( 4   3) <--> ( 6   4)        1.599745      0.284354      0.196860   WU    93.076705     64.437719
 ( 4   4) <--> ( 6   1)        0.139355      0.002158      0.001494   WU     0.706288      0.488969
 ( 4   4) <--> ( 6   2)       -0.371762      0.015356      0.010631   WU     5.026547      3.479917
 ( 4   4) <--> ( 6   3)        1.347050      0.201616      0.139580   WU    65.994333     45.688384
 ( 4   4) <--> ( 6   4)       -0.318005      0.011236      0.007779   WU     3.677953      2.546275
 ( 5   1) <--> ( 5   1)       -0.325631     -0.236450   (eb)
 ( 5   2) <--> ( 5   1)       -0.928269      0.078335      0.078335   WU    25.641083     25.641083
 ( 5   2) <--> ( 5   2)        0.134837      0.097909   (eb)
 ( 5   3) <--> ( 5   1)       -0.037574      0.000128      0.000128   WU     0.042011      0.042011
 ( 5   3) <--> ( 5   2)        0.446537      0.018127      0.018127   WU     5.933396      5.933396
 ( 5   3) <--> ( 5   3)       -0.389189     -0.282600   (eb)
 ( 5   4) <--> ( 5   1)       -0.000936      0.000000      0.000000   WU     0.000026      0.000026
 ( 5   4) <--> ( 5   2)       -0.012530      0.000014      0.000014   WU     0.004672      0.004672
 ( 5   4) <--> ( 5   3)       -0.855918      0.066600      0.066600   WU    21.799870     21.799870
 ( 5   4) <--> ( 5   4)        0.444443      0.322722   (eb)
 ( 5   1) <--> ( 6   1)       -0.856534      0.066695      0.056435   WU    21.831227     18.472577
 ( 5   1) <--> ( 6   2)        0.250204      0.005691      0.004816   WU     1.862853      1.576261
 ( 5   1) <--> ( 6   3)       -0.948951      0.081864      0.069270   WU    26.796436     22.673907
 ( 5   1) <--> ( 6   4)       -0.186826      0.003173      0.002685   WU     1.038637      0.878847
 ( 5   2) <--> ( 6   1)        0.065646      0.000392      0.000331   WU     0.128237      0.108508
 ( 5   2) <--> ( 6   2)       -0.499791      0.022708      0.019215   WU     7.433026      6.289483
 ( 5   2) <--> ( 6   3)       -0.511981      0.023829      0.020163   WU     7.800035      6.600029
 ( 5   2) <--> ( 6   4)        0.117006      0.001245      0.001053   WU     0.407385      0.344710
 ( 5   3) <--> ( 6   1)        0.001003      0.000000      0.000000   WU     0.000030      0.000025
 ( 5   3) <--> ( 6   2)       -0.008597      0.000007      0.000006   WU     0.002199      0.001861
 ( 5   3) <--> ( 6   3)        0.563606      0.028877      0.024435   WU     9.452359      7.998150
 ( 5   3) <--> ( 6   4)        0.813649      0.060184      0.050925   WU    19.699866     16.669117
 ( 5   4) <--> ( 6   1)        0.012212      0.000014      0.000011   WU     0.004438      0.003755
 ( 5   4) <--> ( 6   2)       -0.001117      0.000000      0.000000   WU     0.000037      0.000031
 ( 5   4) <--> ( 6   3)       -0.013767      0.000017      0.000015   WU     0.005639      0.004772
 ( 5   4) <--> ( 6   4)       -0.023438      0.000050      0.000042   WU     0.016347      0.013832
 ( 5   1) <--> ( 7   1)       -1.931402      0.339119      0.248688   WU   111.002904     81.402130
 ( 5   1) <--> ( 7   2)       -0.109466      0.001089      0.000799   WU     0.356575      0.261489
 ( 5   1) <--> ( 7   3)       -0.026919      0.000066      0.000048   WU     0.021562      0.015812
 ( 5   1) <--> ( 7   4)       -0.052303      0.000249      0.000182   WU     0.081402      0.059695
 ( 5   2) <--> ( 7   1)       -0.346383      0.010907      0.007999   WU     3.570272      2.618199
 ( 5   2) <--> ( 7   2)       -1.566458      0.223072      0.163586   WU    73.017420     53.546108
 ( 5   2) <--> ( 7   3)       -0.071051      0.000459      0.000337   WU     0.150221      0.110162
 ( 5   2) <--> ( 7   4)        0.156776      0.002234      0.001639   WU     0.731389      0.536352
 ( 5   3) <--> ( 7   1)        0.749278      0.051038      0.037428   WU    16.706110     12.251147
 ( 5   3) <--> ( 7   2)        0.484757      0.021363      0.015666   WU     6.992568      5.127883
 ( 5   3) <--> ( 7   3)       -1.749252      0.278171      0.203992   WU    91.052945     66.772159
 ( 5   3) <--> ( 7   4)       -0.868763      0.068614      0.050317   WU    22.459059     16.469977
 ( 5   4) <--> ( 7   1)       -0.020838      0.000039      0.000029   WU     0.012921      0.009476
 ( 5   4) <--> ( 7   2)        0.256414      0.005977      0.004383   WU     1.956468      1.434743
 ( 5   4) <--> ( 7   3)        0.353594      0.011366      0.008335   WU     3.720473      2.728347
 ( 5   4) <--> ( 7   4)       -0.630715      0.036164      0.026520   WU    11.837379      8.680745
 ( 6   1) <--> ( 6   1)       -0.503759     -0.351219   (eb)
 ( 6   2) <--> ( 6   1)       -1.055665      0.085725      0.085725   WU    28.060213     28.060213
 ( 6   2) <--> ( 6   2)       -0.742036     -0.517345   (eb)
 ( 6   3) <--> ( 6   1)       -0.179470      0.002478      0.002478   WU     0.810999      0.810999
 ( 6   3) <--> ( 6   2)        1.118226      0.096187      0.096187   WU    31.484545     31.484545
 ( 6   3) <--> ( 6   3)       -0.436791     -0.304529   (eb)
 ( 6   4) <--> ( 6   1)        0.089359      0.000614      0.000614   WU     0.201054      0.201054
 ( 6   4) <--> ( 6   2)       -0.765559      0.045083      0.045083   WU    14.756941     14.756941
 ( 6   4) <--> ( 6   3)       -0.349307      0.009386      0.009386   WU     3.072221      3.072221
 ( 6   4) <--> ( 6   4)       -0.523092     -0.364698   (eb)
 ( 6   1) <--> ( 7   1)        0.270616      0.005633      0.004882   WU     1.843931      1.598074
 ( 6   1) <--> ( 7   2)       -0.046904      0.000169      0.000147   WU     0.055394      0.048008
 ( 6   1) <--> ( 7   3)        0.047226      0.000172      0.000149   WU     0.056156      0.048668
 ( 6   1) <--> ( 7   4)        0.018068      0.000025      0.000022   WU     0.008220      0.007124
 ( 6   2) <--> ( 7   1)       -0.738556      0.041959      0.036364   WU    13.734250     11.903017
 ( 6   2) <--> ( 7   2)        0.203183      0.003176      0.002752   WU     1.039476      0.900879
 ( 6   2) <--> ( 7   3)       -0.008714      0.000006      0.000005   WU     0.001912      0.001657
 ( 6   2) <--> ( 7   4)        0.018388      0.000026      0.000023   WU     0.008513      0.007378
 ( 6   3) <--> ( 7   1)        0.464560      0.016601      0.014388   WU     5.434037      4.709499
 ( 6   3) <--> ( 7   2)        1.323684      0.134780      0.116809   WU    44.117132     38.234847
 ( 6   3) <--> ( 7   3)       -0.054852      0.000231      0.000201   WU     0.075758      0.065657
 ( 6   3) <--> ( 7   4)        0.102735      0.000812      0.000704   WU     0.265751      0.230317
 ( 6   4) <--> ( 7   1)        0.424178      0.013841      0.011995   WU     4.530373      3.926323
 ( 6   4) <--> ( 7   2)       -0.357230      0.009816      0.008508   WU     3.213183      2.784758
 ( 6   4) <--> ( 7   3)       -0.191401      0.002818      0.002442   WU     0.922412      0.799424
 ( 6   4) <--> ( 7   4)       -0.170324      0.002232      0.001934   WU     0.730453      0.633059
 ( 6   1) <--> ( 8   1)        2.228824      0.382127      0.292215   WU   125.080580     95.649856
 ( 6   1) <--> ( 8   2)        0.075997      0.000444      0.000340   WU     0.145423      0.111206
 ( 6   1) <--> ( 8   3)       -0.015790      0.000019      0.000015   WU     0.006278      0.004801
 ( 6   1) <--> ( 8   4)       -0.068056      0.000356      0.000272   WU     0.116619      0.089179
 ( 6   2) <--> ( 8   1)        0.589121      0.026697      0.020415   WU     8.738707      6.682540
 ( 6   2) <--> ( 8   2)        2.225469      0.380978      0.291336   WU   124.704284     95.362100
 ( 6   2) <--> ( 8   3)        0.133147      0.001364      0.001043   WU     0.446374      0.341345
 ( 6   2) <--> ( 8   4)        0.123420      0.001172      0.000896   WU     0.383539      0.293295
 ( 6   3) <--> ( 8   1)        0.429474      0.014188      0.010850   WU     4.644210      3.551455
 ( 6   3) <--> ( 8   2)       -0.367497      0.010389      0.007944   WU     3.400529      2.600405
 ( 6   3) <--> ( 8   3)       -2.117051      0.344762      0.263641   WU   112.849828     86.296928
 ( 6   3) <--> ( 8   4)       -0.172580      0.002291      0.001752   WU     0.749930      0.573476
 ( 6   4) <--> ( 8   1)        0.760394      0.044477      0.034012   WU    14.558483     11.132958
 ( 6   4) <--> ( 8   2)        0.440308      0.014913      0.011404   WU     4.881484      3.732900
 ( 6   4) <--> ( 8   3)       -0.565161      0.024570      0.018789   WU     8.042333      6.150020
 ( 6   4) <--> ( 8   4)        2.153261      0.356656      0.272737   WU   116.743246     89.274247
 ( 7   1) <--> ( 7   1)       -0.742426     -0.497175   (eb)
 ( 7   2) <--> ( 7   1)       -1.105625      0.081494      0.081494   WU    26.675121     26.675121
 ( 7   2) <--> ( 7   2)       -0.305089     -0.204306   (eb)
 ( 7   3) <--> ( 7   1)       -0.004120      0.000001      0.000001   WU     0.000370      0.000370
 ( 7   3) <--> ( 7   2)       -0.109760      0.000803      0.000803   WU     0.262891      0.262891
 ( 7   3) <--> ( 7   3)       -0.515494     -0.345206   (eb)
 ( 7   4) <--> ( 7   1)       -0.069528      0.000322      0.000322   WU     0.105491      0.105491
 ( 7   4) <--> ( 7   2)        1.186336      0.093826      0.093826   WU    30.711841     30.711841
 ( 7   4) <--> ( 7   3)       -0.382616      0.009760      0.009760   WU     3.194597      3.194597
 ( 7   4) <--> ( 7   4)        0.301320      0.201783   (eb)
 ( 7   1) <--> ( 8   1)        0.968148      0.062487      0.055136   WU    20.453818     18.047487
 ( 7   1) <--> ( 8   2)       -0.322839      0.006948      0.006131   WU     2.274372      2.006799
 ( 7   1) <--> ( 8   3)       -0.871730      0.050661      0.044701   WU    16.582664     14.631762
 ( 7   1) <--> ( 8   4)        0.101109      0.000682      0.000601   WU     0.223084      0.196839
 ( 7   2) <--> ( 8   1)       -0.098260      0.000644      0.000568   WU     0.210692      0.185905
 ( 7   2) <--> ( 8   2)        0.697986      0.032479      0.028658   WU    10.631254      9.380519
 ( 7   2) <--> ( 8   3)       -0.595349      0.023629      0.020849   WU     7.734534      6.824588
 ( 7   2) <--> ( 8   4)       -0.243755      0.003961      0.003495   WU     1.296576      1.144038
 ( 7   3) <--> ( 8   1)       -0.003708      0.000001      0.000001   WU     0.000300      0.000265
 ( 7   3) <--> ( 8   2)        0.006837      0.000003      0.000003   WU     0.001020      0.000900
 ( 7   3) <--> ( 8   3)        0.737770      0.036287      0.032018   WU    11.877704     10.480327
 ( 7   3) <--> ( 8   4)       -0.682353      0.031040      0.027389   WU    10.160359      8.965023
 ( 7   4) <--> ( 8   1)       -0.008303      0.000005      0.000004   WU     0.001505      0.001328
 ( 7   4) <--> ( 8   2)        0.053383      0.000190      0.000168   WU     0.062185      0.054870
 ( 7   4) <--> ( 8   3)       -0.041071      0.000112      0.000099   WU     0.036810      0.032480
 ( 7   4) <--> ( 8   4)       -0.566047      0.021361      0.018848   WU     6.991901      6.169324
 ( 7   1) <--> ( 9   1)        2.539967      0.430096      0.339549   WU   140.781875    111.143585
 ( 7   1) <--> ( 9   2)       -0.074885      0.000374      0.000295   WU     0.122373      0.096610
 ( 7   1) <--> ( 9   3)       -0.004739      0.000001      0.000001   WU     0.000490      0.000387
 ( 7   1) <--> ( 9   4)       -0.043431      0.000126      0.000099   WU     0.041162      0.032496
 ( 7   2) <--> ( 9   1)        0.518580      0.017928      0.014154   WU     5.868426      4.632968
 ( 7   2) <--> ( 9   2)       -2.232322      0.332217      0.262277   WU   108.743703     85.850292
 ( 7   2) <--> ( 9   3)       -0.074220      0.000367      0.000290   WU     0.120207      0.094901
 ( 7   2) <--> ( 9   4)        0.148620      0.001473      0.001163   WU     0.481999      0.380526
 ( 7   3) <--> ( 9   1)       -0.800606      0.042731      0.033735   WU    13.987113     11.042457
 ( 7   3) <--> ( 9   2)        0.089917      0.000539      0.000426   WU     0.176430      0.139287
 ( 7   3) <--> ( 9   3)       -2.198831      0.322324      0.254466   WU   105.505246     83.293616
 ( 7   3) <--> ( 9   4)       -1.051083      0.073652      0.058146   WU    24.108207     19.032795
 ( 7   4) <--> ( 9   1)       -0.316920      0.006696      0.005286   WU     2.191747      1.730326
 ( 7   4) <--> ( 9   2)        0.453677      0.013722      0.010833   WU     4.491421      3.545859
 ( 7   4) <--> ( 9   3)        0.425483      0.012069      0.009528   WU     3.950522      3.118833
 ( 7   4) <--> ( 9   4)       -1.797358      0.215366      0.170026   WU    70.495229     55.654128
 ( 8   1) <--> ( 8   1)       -0.896327     -0.577410   (eb)
 ( 8   2) <--> ( 8   1)       -1.141384      0.076633      0.076633   WU    25.083997     25.083997
 ( 8   2) <--> ( 8   2)       -0.972602     -0.626546   (eb)
 ( 8   3) <--> ( 8   1)        0.161137      0.001527      0.001527   WU     0.499943      0.499943
 ( 8   3) <--> ( 8   2)       -1.074792      0.067952      0.067952   WU    22.242414     22.242414
 ( 8   3) <--> ( 8   3)       -1.036113     -0.667460   (eb)
 ( 8   4) <--> ( 8   1)        0.079606      0.000373      0.000373   WU     0.122017      0.122017
 ( 8   4) <--> ( 8   2)       -0.955172      0.053668      0.053668   WU    17.566921     17.566921
 ( 8   4) <--> ( 8   3)        0.370913      0.008093      0.008093   WU     2.648964      2.648964
 ( 8   4) <--> ( 8   4)       -0.702231     -0.452374   (eb)
 ( 8   1) <--> ( 9   1)        0.260243      0.003984      0.003565   WU     1.304039      1.166772
 ( 8   1) <--> ( 9   2)        0.054769      0.000176      0.000158   WU     0.057757      0.051677
 ( 8   1) <--> ( 9   3)       -0.041718      0.000102      0.000092   WU     0.033510      0.029983
 ( 8   1) <--> ( 9   4)       -0.025222      0.000037      0.000033   WU     0.012249      0.010959
 ( 8   2) <--> ( 9   1)       -0.695436      0.028449      0.025454   WU     9.312089      8.331869
 ( 8   2) <--> ( 9   2)       -0.237671      0.003323      0.002973   WU     1.087640      0.973151
 ( 8   2) <--> ( 9   3)        0.030030      0.000053      0.000047   WU     0.017364      0.015536
 ( 8   2) <--> ( 9   4)       -0.010324      0.000006      0.000006   WU     0.002052      0.001836
 ( 8   3) <--> ( 9   1)       -0.607479      0.021708      0.019423   WU     7.105505      6.357557
 ( 8   3) <--> ( 9   2)        1.105936      0.071947      0.064373   WU    23.550125     21.071164
 ( 8   3) <--> ( 9   3)       -0.123021      0.000890      0.000797   WU     0.291403      0.260729
 ( 8   3) <--> ( 9   4)        0.020142      0.000024      0.000021   WU     0.007812      0.006990
 ( 8   4) <--> ( 9   1)        0.327768      0.006320      0.005654   WU     2.068554      1.850812
 ( 8   4) <--> ( 9   2)        0.583412      0.020022      0.017914   WU     6.553657      5.863799
 ( 8   4) <--> ( 9   3)        0.085283      0.000428      0.000383   WU     0.140042      0.125300
 ( 8   4) <--> ( 9   4)        0.257262      0.003893      0.003483   WU     1.274335      1.140195
 ( 8   1) <--> (10   1)        2.802605      0.462035      0.374028   WU   151.236509    122.429555
 ( 8   1) <--> (10   2)       -0.094944      0.000530      0.000429   WU     0.173566      0.140506
 ( 8   1) <--> (10   3)        0.011605      0.000008      0.000006   WU     0.002593      0.002099
 ( 8   1) <--> (10   4)        0.040951      0.000099      0.000080   WU     0.032290      0.026139
 ( 8   2) <--> (10   1)        0.647112      0.024633      0.019941   WU     8.062914      6.527121
 ( 8   2) <--> (10   2)       -2.714997      0.433600      0.351010   WU   141.929115    114.894998
 ( 8   2) <--> (10   3)       -0.158393      0.001476      0.001195   WU     0.483066      0.391053
 ( 8   2) <--> (10   4)       -0.188858      0.002098      0.001698   WU     0.686759      0.555948
 ( 8   3) <--> (10   1)       -0.636345      0.023820      0.019283   WU     7.796842      6.311729
 ( 8   3) <--> (10   2)       -0.317303      0.005922      0.004794   WU     1.938572      1.569320
 ( 8   3) <--> (10   3)       -2.804012      0.462499      0.374404   WU   151.388378    122.552496
 ( 8   3) <--> (10   4)       -0.102643      0.000620      0.000502   WU     0.202857      0.164218
 ( 8   4) <--> (10   1)        0.720450      0.030532      0.024717   WU     9.994019      8.090396
 ( 8   4) <--> (10   2)       -0.457931      0.012335      0.009986   WU     4.037690      3.268606
 ( 8   4) <--> (10   3)        0.528443      0.016427      0.013298   WU     5.376857      4.352694
 ( 8   4) <--> (10   4)       -2.606185      0.399541      0.323438   WU   130.780595    105.870006
 ( 9   1) <--> ( 9   1)       -1.201109     -0.745747   (eb)
 ( 9   2) <--> ( 9   1)        1.178463      0.073093      0.073093   WU    23.925441     23.925441
 ( 9   2) <--> ( 9   2)       -0.629512     -0.390853   (eb)
 ( 9   3) <--> ( 9   1)       -0.039430      0.000082      0.000082   WU     0.026784      0.026784
 ( 9   3) <--> ( 9   2)       -0.770572      0.031252      0.031252   WU    10.229504     10.229504
 ( 9   3) <--> ( 9   3)       -0.712324     -0.442269   (eb)
 ( 9   4) <--> ( 9   1)        0.027222      0.000039      0.000039   WU     0.012767      0.012767
 ( 9   4) <--> ( 9   2)        1.181055      0.073415      0.073415   WU    24.030793     24.030793
 ( 9   4) <--> ( 9   3)       -0.383476      0.007740      0.007740   WU     2.533401      2.533401
 ( 9   4) <--> ( 9   4)       -0.412629     -0.256194   (eb)
 ( 9   1) <--> (10   1)        1.046890      0.057683      0.052189   WU    18.881224     17.083012
 ( 9   1) <--> (10   2)        0.347642      0.006361      0.005755   WU     2.082055      1.883764
 ( 9   1) <--> (10   3)        0.836728      0.036848      0.033339   WU    12.061372     10.912670
 ( 9   1) <--> (10   4)       -0.043179      0.000098      0.000089   WU     0.032119      0.029060
 ( 9   2) <--> (10   1)        0.127631      0.000857      0.000776   WU     0.280633      0.253906
 ( 9   2) <--> (10   2)        0.851473      0.038158      0.034524   WU    12.490211     11.300667
 ( 9   2) <--> (10   3)       -0.524750      0.014493      0.013113   WU     4.743878      4.292080
 ( 9   2) <--> (10   4)       -0.355239      0.006642      0.006009   WU     2.174047      1.966995
 ( 9   3) <--> (10   1)       -0.005463      0.000002      0.000001   WU     0.000514      0.000465
 ( 9   3) <--> (10   2)       -0.043296      0.000099      0.000089   WU     0.032294      0.029219
 ( 9   3) <--> (10   3)        0.867828      0.039638      0.035863   WU    12.974646     11.738966
 ( 9   3) <--> (10   4)       -0.348442      0.006390      0.005782   WU     2.091652      1.892447
 ( 9   4) <--> (10   1)        0.013607      0.000010      0.000009   WU     0.003190      0.002886
 ( 9   4) <--> (10   2)        0.078317      0.000323      0.000292   WU     0.105667      0.095604
 ( 9   4) <--> (10   3)        0.177765      0.001663      0.001505   WU     0.544401      0.492554
 ( 9   4) <--> (10   4)       -0.884496      0.041175      0.037254   WU    13.477816     12.194214
 (10   1) <--> (10   1)       -1.291217     -0.774205   (eb)
 (10   2) <--> (10   1)        1.191692      0.067625      0.067625   WU    22.135548     22.135548
 (10   2) <--> (10   2)       -1.133860     -0.679855   (eb)
 (10   3) <--> (10   1)       -0.139716      0.000930      0.000930   WU     0.304267      0.304267
 (10   3) <--> (10   2)       -1.060441      0.053549      0.053549   WU    17.528128     17.528128
 (10   3) <--> (10   3)       -1.495756     -0.896845   (eb)
 (10   4) <--> (10   1)       -0.036487      0.000063      0.000063   WU     0.020751      0.020751
 (10   4) <--> (10   2)       -1.051344      0.052635      0.052635   WU    17.228694     17.228694
 (10   4) <--> (10   3)        0.243392      0.002821      0.002821   WU     0.923369      0.923369
 (10   4) <--> (10   4)       -0.961042     -0.576234   (eb)
 
  quadrupole shape invariant: 01+, 02+, 03+, 04+
quadr2     0.25468087     0.60381171     1.01316689     0.73953179
quadr3     0.06599030     0.30039539     0.91435111     0.35375873
  effective deformation parameters:  01+, 02+, 03+, 04+
beteff     0.17980673     0.27685894     0.35863137     0.30639820
cos3ga     0.51343517     0.64023728     0.89658510     0.55625240
 
 ********* END Transition **************************
