 ********* BEGIN READER ****************************
 
 Nucleus            :  Pd  46  88
 Imin, Imax         :     0  10
 imu, remu          :     1 12.0000
 nlevel             :     4
 observables        :     2
 wave fun           :     1
 nbet, ngam, npar   :    10   7  10
 Finish reading parameters: V, B_k ...
 
 ********* END READER ******************************
 
 ********* BEGIN LEVELS ********************
 
 E_0 = -1058.561636
 
  I=   0   ntot= 127
   0   1    0.000000
   0   2    2.120517
   0   3    3.254149
   0   4    4.201870
 
  I=   2   ntot= 234
   2   1    0.920337
   2   2    2.279037
   2   3    3.335918
   2   4    4.352808
 
  I=   3   ntot= 108
   3   1    3.348975
   3   2    5.696895
   3   3    6.676060
   3   4    7.509287
 
  I=   4   ntot= 324
   4   1    2.065963
   4   2    3.588985
   4   3    4.507499
   4   4    4.774523
 
  I=   5   ntot= 198
   5   1    4.725937
   5   2    6.048472
   5   3    6.889770
   5   4    7.927181
 
  I=   6   ntot= 432
   6   1    3.430180
   6   2    4.992066
   6   3    5.738405
   6   4    6.326188
 
  I=   7   ntot= 306
   7   1    6.266626
   7   2    7.584805
   7   3    8.137820
   7   4    8.846889
 
  I=   8   ntot= 522
   8   1    4.986697
   8   2    6.492063
   8   3    7.047730
   8   4    7.910734
 
  I=   9   ntot= 397
   9   1    7.932383
   9   2    9.124027
   9   3    9.516645
   9   4   10.353997
 
  I=  10   ntot= 630
  10   1    6.699567
  10   2    8.053370
  10   3    8.473779
  10   4    9.454886
 
 ********* END LEVELS **********************
 
 ********* BEGIN Transition ************************
 
  Monopole moment 
 
   I   n    <In|E0|In>   ave \beta      del<b>   ave \gamma    del<g>  
     K=0       K=2       K=4   
   0   1     21.916240    0.176036    0.050297   23.175856   11.107544  100.0000    0.0000    0.0000
   0   2     22.068872    0.213354    0.079026   18.503861   10.681794  100.0000    0.0000    0.0000
   0   3     22.182511    0.226955    0.050738   32.633231   12.117471  100.0000    0.0000    0.0000
   0   4     22.365696    0.276043    0.098560   16.288301   10.727742  100.0000    0.0000    0.0000
   2   1     22.011857    0.200613    0.048900   20.659908   10.636115   94.0319    5.9681    0.0000
   2   2     22.091837    0.212062    0.050765   27.391533   10.931298   14.3616   85.6384    0.0000
   2   3     22.230100    0.246671    0.079930   19.050013   11.241221   86.3049   13.6951    0.0000
   2   4     22.287467    0.249101    0.052070   28.633284   10.888136   75.1894   24.8106    0.0000
   3   1     22.194546    0.233672    0.049148   25.313046    8.693921    0.0000  100.0000    0.0000
   3   2     22.511556    0.294133    0.082952   23.746334    9.622624    0.0000  100.0000    0.0000
   3   3     22.559639    0.299015    0.062293   25.395103   13.050305    0.0000  100.0000    0.0000
   3   4     22.834469    0.355410    0.110647   19.884897    9.573387    0.0000   99.9999    0.0000
   4   1     22.093180    0.219017    0.049186   19.357960   10.459416   90.2827    8.7011    1.0162
   4   2     22.191815    0.232453    0.052708   26.397055   12.001683   22.6831   56.6661   20.6508
   4   3     22.383572    0.276891    0.082375   18.074747   11.340956   85.3150   13.0525    1.6324
   4   4     22.295614    0.249933    0.052234   28.257996   10.173266    1.6087   32.8484   65.5429
   5   1     22.286070    0.251294    0.051423   24.348618    8.862913    0.0000   87.4750   12.5250
   5   2     22.408944    0.270670    0.053747   27.109752    9.064290    0.0000   16.6446   83.3554
   5   3     22.687523    0.326268    0.086699   21.360911    9.724904    0.0000   89.5625   10.4375
   5   4     22.747677    0.332871    0.085242   24.355315   12.457407    0.0000   52.7214   47.2785
   6   1     22.175158    0.235884    0.050890   18.716727   10.495420   85.0888   13.2669    1.3386
   6   2     22.301061    0.254052    0.056416   24.952177   12.872949   32.0312   44.4900   17.0879
   6   3     22.541682    0.306502    0.085479   17.126032   11.518374   83.6525   13.2280    2.3575
   6   4     22.415142    0.271317    0.056929   28.244760   11.691115    2.9686   41.1103   17.6432
   7   1     22.392852    0.270936    0.055847   23.562003    9.222837    0.0000   77.3218   19.9446
   7   2     22.555365    0.297057    0.061775   25.708497   10.802137    0.0000   29.6189   42.1973
   7   3     22.850070    0.355112    0.091462   19.741880    9.813101    0.0000   83.1116   13.8819
   7   4     22.698856    0.319723    0.065134   26.119069    9.454754    0.0000    3.5770   37.9765
   8   1     22.268391    0.253870    0.054440   18.334763   10.705818   79.4215   17.9038    2.1912
   8   2     22.434350    0.279794    0.064311   22.902568   13.835416   41.8320   33.7512   16.7621
   8   3     22.688293    0.332656    0.089300   16.836588   11.730862   79.0561   15.9167    3.4633
   8   4     22.586245    0.302541    0.065603   26.198637   12.893503    5.6542   48.5026    9.6466
   9   1     22.538792    0.297135    0.063574   22.469176    9.757544    0.0000   69.4222   24.5322
   9   2     22.799064    0.342202    0.079028   21.463354   12.092101    0.0000   47.2849   22.3883
   9   3     22.912607    0.364609    0.099745   20.821177   10.554309    0.0000   67.5260   20.3243
   9   4     22.989792    0.370351    0.080103   22.412834   10.775324    0.0000    7.0527   53.7564
  10   1     22.390298    0.276568    0.060895   17.807168   11.069852   74.5067   21.5123    3.2282
  10   2     22.627802    0.317269    0.078747   19.209668   14.505568   53.7288   24.6299   14.1758
  10   3     22.775299    0.346430    0.094768   18.312823   12.195641   68.6589   21.3312    6.4045
  10   4     22.847156    0.350530    0.078346   21.236540   13.036201    9.3450   58.8428    7.4639
 
  rho^2(E0) 
 
   I  n_1 n_2  <In_1|E0|In_2>  rho^2(E0) 
   0   1   1       21.916240  714.797393
   0   2   1       -0.184546    0.050683
   0   2   2       22.068872  724.788235
   0   3   1       -0.054354    0.004397
   0   3   2       -0.002251    0.000008
   0   3   3       22.182511  732.271693
   0   4   1        0.023192    0.000800
   0   4   2       -0.299177    0.133201
   0   4   3       -0.016996    0.000430
   0   4   4       22.365696  744.415977
   2   1   1       22.011857  721.048059
   2   2   1        0.031694    0.001495
   2   2   2       22.091837  726.297422
   2   3   1       -0.207381    0.064001
   2   3   2        0.009319    0.000129
   2   3   3       22.230100  735.417029
   2   4   1       -0.039934    0.002373
   2   4   2       -0.036934    0.002030
   2   4   3        0.017119    0.000436
   2   4   4       22.287467  739.217539
   3   1   1       22.194546  733.066548
   3   2   1       -0.250089    0.093077
   3   2   2       22.511556  754.157219
   3   3   1       -0.000310    0.000000
   3   3   2       -0.048146    0.003450
   3   3   3       22.559639  757.382294
   3   4   1       -0.040244    0.002410
   3   4   2       -0.408413    0.248228
   3   4   3        0.111162    0.018389
   3   4   4       22.834469  775.948139
   4   1   1       22.093180  726.385753
   4   2   1        0.029070    0.001258
   4   2   2       22.191815  732.886099
   4   3   1       -0.227613    0.077098
   4   3   2       -0.009142    0.000124
   4   3   3       22.383572  745.606426
   4   4   1        0.006505    0.000063
   4   4   2        0.019772    0.000582
   4   4   3       -0.012126    0.000219
   4   4   4       22.295614  739.758087
   5   1   1       22.286070  739.124886
   5   2   1       -0.001724    0.000004
   5   2   2       22.408944  747.297709
   5   3   1       -0.267656    0.106612
   5   3   2       -0.023941    0.000853
   5   3   3       22.687523  765.993350
   5   4   1       -0.021826    0.000709
   5   4   2        0.215865    0.069345
   5   4   3       -0.123710    0.022775
   5   4   4       22.747677  770.060698
   6   1   1       22.175158  731.786313
   6   2   1        0.030963    0.001427
   6   2   2       22.301061  740.119576
   6   3   1       -0.246236    0.090231
   6   3   2       -0.039793    0.002356
   6   3   3       22.541682  756.177066
   6   4   1        0.013235    0.000261
   6   4   2       -0.015593    0.000362
   6   4   3        0.001111    0.000002
   6   4   4       22.415142  747.711108
   7   1   1       22.392852  746.224798
   7   2   1        0.019518    0.000567
   7   2   2       22.555365  757.095351
   7   3   1        0.293684    0.128354
   7   3   2        0.084548    0.010638
   7   3   3       22.850070  777.008743
   7   4   1       -0.021497    0.000688
   7   4   2        0.018208    0.000493
   7   4   3       -0.005937    0.000052
   7   4   4       22.698856  766.758820
   8   1   1       22.268391  737.952729
   8   2   1        0.053925    0.004327
   8   2   2       22.434350  748.993117
   8   3   1        0.267418    0.106422
   8   3   2        0.088351    0.011616
   8   3   3       22.688293  766.045350
   8   4   1       -0.019960    0.000593
   8   4   2        0.015910    0.000377
   8   4   3       -0.019776    0.000582
   8   4   4       22.586245  759.169803
   9   1   1       22.538792  755.983147
   9   2   1       -0.125609    0.023480
   9   2   2       22.799064  773.543758
   9   3   1        0.320671    0.153028
   9   3   2       -0.156605    0.036498
   9   3   3       22.912607  781.267687
   9   4   1        0.034192    0.001740
   9   4   2        0.110275    0.018097
   9   4   3        0.044804    0.002987
   9   4   4       22.989792  786.540199
  10   1   1       22.390298  746.054572
  10   2   1       -0.129400    0.024918
  10   2   2       22.627802  761.965969
  10   3   1        0.287060    0.122630
  10   3   2       -0.145276    0.031408
  10   3   3       22.775299  771.931947
  10   4   1        0.022424    0.000748
  10   4   2        0.073235    0.007982
  10   4   3        0.055923    0.004654
  10   4   4       22.847156  776.810619
 
  E2 transition 
 
  I1  n1        I2  n2       <f||E2||i>   B(E2,I1->I2)  B(E2,I2->I1)
 ( 0   1) <--> ( 2   1)        0.609960      0.372051      0.074410   WU    91.343285     18.268657
 ( 0   1) <--> ( 2   2)       -0.047570      0.002263      0.000453   WU     0.555561      0.111112
 ( 0   1) <--> ( 2   3)       -0.050397      0.002540      0.000508   WU     0.623571      0.124714
 ( 0   1) <--> ( 2   4)       -0.005811      0.000034      0.000007   WU     0.008289      0.001658
 ( 0   2) <--> ( 2   1)       -0.368099      0.135497      0.027099   WU    33.266177      6.653235
 ( 0   2) <--> ( 2   2)       -0.154769      0.023953      0.004791   WU     5.880854      1.176171
 ( 0   2) <--> ( 2   3)        0.671020      0.450268      0.090054   WU   110.546495     22.109299
 ( 0   2) <--> ( 2   4)       -0.053735      0.002887      0.000577   WU     0.708906      0.141781
 ( 0   3) <--> ( 2   1)        0.019060      0.000363      0.000073   WU     0.089194      0.017839
 ( 0   3) <--> ( 2   2)        0.340893      0.116208      0.023242   WU    28.530565      5.706113
 ( 0   3) <--> ( 2   3)        0.083649      0.006997      0.001399   WU     1.717894      0.343579
 ( 0   3) <--> ( 2   4)        0.656575      0.431091      0.086218   WU   105.838221     21.167644
 ( 0   4) <--> ( 2   1)        0.027601      0.000762      0.000152   WU     0.187038      0.037408
 ( 0   4) <--> ( 2   2)        0.067527      0.004560      0.000912   WU     1.119511      0.223902
 ( 0   4) <--> ( 2   3)       -0.599923      0.359907      0.071981   WU    88.361774     17.672355
 ( 0   4) <--> ( 2   4)       -0.051429      0.002645      0.000529   WU     0.649358      0.129872
 ( 2   1) <--> ( 2   1)       -0.618126     -0.468498   (eb)
 ( 2   2) <--> ( 2   1)       -0.579869      0.067250      0.067250   WU    16.510614     16.510614
 ( 2   2) <--> ( 2   2)        0.514895      0.390256   (eb)
 ( 2   3) <--> ( 2   1)        0.111155      0.002471      0.002471   WU     0.606681      0.606681
 ( 2   3) <--> ( 2   2)        0.435536      0.037938      0.037938   WU     9.314336      9.314336
 ( 2   3) <--> ( 2   3)       -0.573820     -0.434917   (eb)
 ( 2   4) <--> ( 2   1)        0.029571      0.000175      0.000175   WU     0.042936      0.042936
 ( 2   4) <--> ( 2   2)       -0.067678      0.000916      0.000916   WU     0.224908      0.224908
 ( 2   4) <--> ( 2   3)       -0.170493      0.005814      0.005814   WU     1.427307      1.427307
 ( 2   4) <--> ( 2   4)       -0.413950     -0.313747   (eb)
 ( 2   1) <--> ( 3   1)       -0.092069      0.001695      0.001211   WU     0.416225      0.297304
 ( 2   1) <--> ( 3   2)       -0.005413      0.000006      0.000004   WU     0.001439      0.001028
 ( 2   1) <--> ( 3   3)       -0.019230      0.000074      0.000053   WU     0.018157      0.012969
 ( 2   1) <--> ( 3   4)        0.006045      0.000007      0.000005   WU     0.001795      0.001282
 ( 2   2) <--> ( 3   1)       -1.014536      0.205857      0.147040   WU    50.540391     36.100280
 ( 2   2) <--> ( 3   2)        0.066763      0.000891      0.000637   WU     0.218863      0.156331
 ( 2   2) <--> ( 3   3)        0.001472      0.000000      0.000000   WU     0.000106      0.000076
 ( 2   2) <--> ( 3   4)        0.020196      0.000082      0.000058   WU     0.020028      0.014306
 ( 2   3) <--> ( 3   1)       -0.233995      0.010951      0.007822   WU     2.688536      1.920383
 ( 2   3) <--> ( 3   2)        0.004177      0.000003      0.000002   WU     0.000857      0.000612
 ( 2   3) <--> ( 3   3)        0.030300      0.000184      0.000131   WU     0.045080      0.032200
 ( 2   3) <--> ( 3   4)        0.000527      0.000000      0.000000   WU     0.000014      0.000010
 ( 2   4) <--> ( 3   1)        0.719057      0.103409      0.073863   WU    25.388106     18.134361
 ( 2   4) <--> ( 3   2)       -0.418071      0.034957      0.024969   WU     8.582319      6.130228
 ( 2   4) <--> ( 3   3)        0.059893      0.000717      0.000512   WU     0.176141      0.125815
 ( 2   4) <--> ( 3   4)       -0.052809      0.000558      0.000398   WU     0.136938      0.097813
 ( 2   1) <--> ( 4   1)        1.141585      0.260643      0.144802   WU    63.991227     35.550682
 ( 2   1) <--> ( 4   2)        0.016056      0.000052      0.000029   WU     0.012659      0.007033
 ( 2   1) <--> ( 4   3)       -0.089128      0.001589      0.000883   WU     0.390058      0.216699
 ( 2   1) <--> ( 4   4)        0.000498      0.000000      0.000000   WU     0.000012      0.000007
 ( 2   2) <--> ( 4   1)        0.099905      0.001996      0.001109   WU     0.490091      0.272273
 ( 2   2) <--> ( 4   2)        0.897238      0.161007      0.089449   WU    39.529318     21.960732
 ( 2   2) <--> ( 4   3)       -0.046896      0.000440      0.000244   WU     0.107990      0.059995
 ( 2   2) <--> ( 4   4)       -0.042980      0.000369      0.000205   WU     0.090708      0.050393
 ( 2   3) <--> ( 4   1)       -0.545159      0.059440      0.033022   WU    14.593182      8.107323
 ( 2   3) <--> ( 4   2)       -0.084508      0.001428      0.000794   WU     0.350668      0.194815
 ( 2   3) <--> ( 4   3)        1.349347      0.364147      0.202304   WU    89.402729     49.668183
 ( 2   3) <--> ( 4   4)       -0.036106      0.000261      0.000145   WU     0.064013      0.035563
 ( 2   4) <--> ( 4   1)        0.052334      0.000548      0.000304   WU     0.134484      0.074713
 ( 2   4) <--> ( 4   2)        0.324437      0.021052      0.011695   WU     5.168486      2.871381
 ( 2   4) <--> ( 4   3)        0.130797      0.003422      0.001901   WU     0.840041      0.466689
 ( 2   4) <--> ( 4   4)       -0.155461      0.004834      0.002685   WU     1.186713      0.659285
 ( 3   1) <--> ( 3   1)        0.000000      0.000000   (eb)
 ( 3   2) <--> ( 3   1)        0.000000      0.000000      0.000000   WU     0.000000      0.000000
 ( 3   2) <--> ( 3   2)        0.000000      0.000000   (eb)
 ( 3   3) <--> ( 3   1)        0.000000      0.000000      0.000000   WU     0.000000      0.000000
 ( 3   3) <--> ( 3   2)        0.000000      0.000000      0.000000   WU     0.000000      0.000000
 ( 3   3) <--> ( 3   3)        0.000000      0.000000   (eb)
 ( 3   4) <--> ( 3   1)        0.000000      0.000000      0.000000   WU     0.000000      0.000000
 ( 3   4) <--> ( 3   2)        0.000000      0.000000      0.000000   WU     0.000000      0.000000
 ( 3   4) <--> ( 3   3)        0.000000      0.000000      0.000000   WU     0.000000      0.000000
 ( 3   4) <--> ( 3   4)        0.000000      0.000000   (eb)
 ( 3   1) <--> ( 4   1)        0.467645      0.031242      0.024299   WU     7.670227      5.965732
 ( 3   1) <--> ( 4   2)       -0.717336      0.073510      0.057175   WU    18.047669     14.037076
 ( 3   1) <--> ( 4   3)       -0.346729      0.017174      0.013358   WU     4.216547      3.279537
 ( 3   1) <--> ( 4   4)       -0.912997      0.119080      0.092618   WU    29.235757     22.738922
 ( 3   2) <--> ( 4   1)       -0.008277      0.000010      0.000008   WU     0.002403      0.001869
 ( 3   2) <--> ( 4   2)        0.141850      0.002874      0.002236   WU     0.705719      0.548892
 ( 3   2) <--> ( 4   3)        0.591726      0.050020      0.038904   WU    12.280531      9.551524
 ( 3   2) <--> ( 4   4)        0.409543      0.023961      0.018636   WU     5.882662      4.575404
 ( 3   3) <--> ( 4   1)        0.010515      0.000016      0.000012   WU     0.003878      0.003016
 ( 3   3) <--> ( 4   2)        0.018149      0.000047      0.000037   WU     0.011552      0.008985
 ( 3   3) <--> ( 4   3)       -0.065335      0.000610      0.000474   WU     0.149715      0.116445
 ( 3   3) <--> ( 4   4)       -0.139102      0.002764      0.002150   WU     0.678643      0.527834
 ( 3   4) <--> ( 4   1)       -0.007574      0.000008      0.000006   WU     0.002012      0.001565
 ( 3   4) <--> ( 4   2)        0.023873      0.000081      0.000063   WU     0.019988      0.015547
 ( 3   4) <--> ( 4   3)        0.025693      0.000094      0.000073   WU     0.023153      0.018008
 ( 3   4) <--> ( 4   4)        0.053590      0.000410      0.000319   WU     0.100727      0.078344
 ( 3   1) <--> ( 5   1)        1.222643      0.213551      0.135896   WU    52.429434     33.364185
 ( 3   1) <--> ( 5   2)        0.021607      0.000067      0.000042   WU     0.016374      0.010420
 ( 3   1) <--> ( 5   3)       -0.058523      0.000489      0.000311   WU     0.120123      0.076442
 ( 3   1) <--> ( 5   4)       -0.005564      0.000004      0.000003   WU     0.001086      0.000691
 ( 3   2) <--> ( 5   1)       -0.511124      0.037321      0.023750   WU     9.162814      5.830881
 ( 3   2) <--> ( 5   2)       -0.022718      0.000074      0.000047   WU     0.018102      0.011519
 ( 3   2) <--> ( 5   3)        1.500844      0.321790      0.204776   WU    79.003578     50.275004
 ( 3   2) <--> ( 5   4)        0.029740      0.000126      0.000080   WU     0.031021      0.019740
 ( 3   3) <--> ( 5   1)        0.129246      0.002386      0.001519   WU     0.585885      0.372836
 ( 3   3) <--> ( 5   2)        0.608021      0.052813      0.033608   WU    12.966186      8.251209
 ( 3   3) <--> ( 5   3)       -0.256508      0.009399      0.005981   WU     2.307693      1.468532
 ( 3   3) <--> ( 5   4)        1.148719      0.188508      0.119960   WU    46.281089     29.451602
 ( 3   4) <--> ( 5   1)       -0.062677      0.000561      0.000357   WU     0.137781      0.087679
 ( 3   4) <--> ( 5   2)       -0.009821      0.000014      0.000009   WU     0.003383      0.002153
 ( 3   4) <--> ( 5   3)       -0.920226      0.120974      0.076983   WU    29.700592     18.900377
 ( 3   4) <--> ( 5   4)        0.432721      0.026750      0.017023   WU     6.567380      4.179242
 ( 4   1) <--> ( 4   1)       -0.866365     -0.653322   (eb)
 ( 4   2) <--> ( 4   1)       -0.628391      0.043875      0.043875   WU    10.771881     10.771881
 ( 4   2) <--> ( 4   2)       -0.089354     -0.067382   (eb)
 ( 4   3) <--> ( 4   1)        0.158454      0.002790      0.002790   WU     0.684915      0.684915
 ( 4   3) <--> ( 4   2)        0.355918      0.014075      0.014075   WU     3.455665      3.455665
 ( 4   3) <--> ( 4   3)       -1.029108     -0.776046   (eb)
 ( 4   4) <--> ( 4   1)       -0.041457      0.000191      0.000191   WU     0.046884      0.046884
 ( 4   4) <--> ( 4   2)       -0.933613      0.096848      0.096848   WU    23.777451     23.777451
 ( 4   4) <--> ( 4   3)       -0.035629      0.000141      0.000141   WU     0.034629      0.034629
 ( 4   4) <--> ( 4   4)        0.747313      0.563545   (eb)
 ( 4   1) <--> ( 5   1)       -0.057556      0.000368      0.000301   WU     0.090366      0.073936
 ( 4   1) <--> ( 5   2)       -0.003819      0.000002      0.000001   WU     0.000398      0.000325
 ( 4   1) <--> ( 5   3)       -0.006977      0.000005      0.000004   WU     0.001328      0.001087
 ( 4   1) <--> ( 5   4)       -0.014744      0.000024      0.000020   WU     0.005930      0.004852
 ( 4   2) <--> ( 5   1)       -0.903317      0.090665      0.074180   WU    22.259287     18.212144
 ( 4   2) <--> ( 5   2)       -0.097284      0.001052      0.000860   WU     0.258174      0.211234
 ( 4   2) <--> ( 5   3)        0.064132      0.000457      0.000374   WU     0.112196      0.091797
 ( 4   2) <--> ( 5   4)        0.024007      0.000064      0.000052   WU     0.015722      0.012864
 ( 4   3) <--> ( 5   1)       -0.174611      0.003388      0.002772   WU     0.831718      0.680497
 ( 4   3) <--> ( 5   2)       -0.055307      0.000340      0.000278   WU     0.083443      0.068271
 ( 4   3) <--> ( 5   3)       -0.010007      0.000011      0.000009   WU     0.002732      0.002235
 ( 4   3) <--> ( 5   4)        0.043821      0.000213      0.000175   WU     0.052383      0.042859
 ( 4   4) <--> ( 5   1)       -0.125618      0.001753      0.001435   WU     0.430460      0.352195
 ( 4   4) <--> ( 5   2)       -1.548646      0.266478      0.218028   WU    65.423768     53.528537
 ( 4   4) <--> ( 5   3)        0.074809      0.000622      0.000509   WU     0.152664      0.124907
 ( 4   4) <--> ( 5   4)        0.003555      0.000001      0.000001   WU     0.000345      0.000282
 ( 4   1) <--> ( 6   1)        1.622228      0.292403      0.202433   WU    71.788555     49.699769
 ( 4   1) <--> ( 6   2)        0.057750      0.000371      0.000257   WU     0.090977      0.062984
 ( 4   1) <--> ( 6   3)       -0.104898      0.001223      0.000846   WU     0.300170      0.207810
 ( 4   1) <--> ( 6   4)        0.013097      0.000019      0.000013   WU     0.004679      0.003239
 ( 4   2) <--> ( 6   1)        0.059448      0.000393      0.000272   WU     0.096405      0.066742
 ( 4   2) <--> ( 6   2)        1.504020      0.251342      0.174006   WU    61.707556     42.720616
 ( 4   2) <--> ( 6   3)       -0.021174      0.000050      0.000034   WU     0.012230      0.008467
 ( 4   2) <--> ( 6   4)       -0.043317      0.000208      0.000144   WU     0.051185      0.035436
 ( 4   3) <--> ( 6   1)       -0.717801      0.057249      0.039634   WU    14.055280      9.730579
 ( 4   3) <--> ( 6   2)       -0.129208      0.001855      0.001284   WU     0.455418      0.315289
 ( 4   3) <--> ( 6   3)        2.010254      0.449014      0.310856   WU   110.238463     76.318936
 ( 4   3) <--> ( 6   4)       -0.129002      0.001849      0.001280   WU     0.453967      0.314285
 ( 4   4) <--> ( 6   1)       -0.093923      0.000980      0.000679   WU     0.240644      0.166600
 ( 4   4) <--> ( 6   2)        0.195928      0.004265      0.002953   WU     1.047185      0.724975
 ( 4   4) <--> ( 6   3)       -0.073392      0.000598      0.000414   WU     0.146937      0.101726
 ( 4   4) <--> ( 6   4)       -1.191803      0.157822      0.109261   WU    38.747187     26.824976
 ( 5   1) <--> ( 5   1)       -0.468417     -0.340130   (eb)
 ( 5   2) <--> ( 5   1)       -0.790705      0.056838      0.056838   WU    13.954368     13.954368
 ( 5   2) <--> ( 5   2)        0.462785      0.336041   (eb)
 ( 5   3) <--> ( 5   1)        0.112838      0.001157      0.001157   WU     0.284179      0.284179
 ( 5   3) <--> ( 5   2)        0.349117      0.011080      0.011080   WU     2.720337      2.720337
 ( 5   3) <--> ( 5   3)       -0.730629     -0.530529   (eb)
 ( 5   4) <--> ( 5   1)        0.039216      0.000140      0.000140   WU     0.034325      0.034325
 ( 5   4) <--> ( 5   2)        0.002113      0.000000      0.000000   WU     0.000100      0.000100
 ( 5   4) <--> ( 5   3)        0.719097      0.047009      0.047009   WU    11.541345     11.541345
 ( 5   4) <--> ( 5   4)       -0.098211     -0.071314   (eb)
 ( 5   1) <--> ( 6   1)        0.625623      0.035582      0.030108   WU     8.735873      7.391893
 ( 5   1) <--> ( 6   2)       -0.738466      0.049576      0.041949   WU    12.171435     10.298907
 ( 5   1) <--> ( 6   3)       -0.343206      0.010708      0.009061   WU     2.628996      2.224535
 ( 5   1) <--> ( 6   4)        0.671022      0.040934      0.034636   WU    10.049747      8.503632
 ( 5   2) <--> ( 6   1)        0.026566      0.000064      0.000054   WU     0.015752      0.013329
 ( 5   2) <--> ( 6   2)        0.469640      0.020051      0.016966   WU     4.922779      4.165429
 ( 5   2) <--> ( 6   3)        0.090934      0.000752      0.000636   WU     0.184557      0.156163
 ( 5   2) <--> ( 6   4)        0.699073      0.044428      0.037593   WU    10.907531      9.229449
 ( 5   3) <--> ( 6   1)       -0.003014      0.000001      0.000001   WU     0.000203      0.000172
 ( 5   3) <--> ( 6   2)        0.120714      0.001325      0.001121   WU     0.325233      0.275197
 ( 5   3) <--> ( 6   3)        0.727546      0.048120      0.040717   WU    11.814132      9.996573
 ( 5   3) <--> ( 6   4)       -0.378236      0.013006      0.011005   WU     3.193054      2.701815
 ( 5   4) <--> ( 6   1)        0.005785      0.000003      0.000003   WU     0.000747      0.000632
 ( 5   4) <--> ( 6   2)        0.039222      0.000140      0.000118   WU     0.034336      0.029054
 ( 5   4) <--> ( 6   3)       -0.012906      0.000015      0.000013   WU     0.003718      0.003146
 ( 5   4) <--> ( 6   4)        0.167145      0.002540      0.002149   WU     0.623548      0.527618
 ( 5   1) <--> ( 7   1)        1.825669      0.303006      0.222205   WU    74.391830     54.554009
 ( 5   1) <--> ( 7   2)        0.093968      0.000803      0.000589   WU     0.197080      0.144525
 ( 5   1) <--> ( 7   3)        0.033901      0.000104      0.000077   WU     0.025651      0.018811
 ( 5   1) <--> ( 7   4)       -0.012745      0.000015      0.000011   WU     0.003625      0.002659
 ( 5   2) <--> ( 7   1)        0.030413      0.000084      0.000062   WU     0.020644      0.015139
 ( 5   2) <--> ( 7   2)        1.458932      0.193498      0.141899   WU    47.506293     34.837948
 ( 5   2) <--> ( 7   3)       -0.056304      0.000288      0.000211   WU     0.070756      0.051887
 ( 5   2) <--> ( 7   4)        0.128969      0.001512      0.001109   WU     0.371239      0.272242
 ( 5   3) <--> ( 7   1)       -0.778498      0.055096      0.040404   WU    13.526832      9.919677
 ( 5   3) <--> ( 7   2)       -0.299809      0.008171      0.005992   WU     2.006187      1.471204
 ( 5   3) <--> ( 7   3)       -2.295125      0.478873      0.351173   WU   117.569274     86.217468
 ( 5   3) <--> ( 7   4)        0.120541      0.001321      0.000969   WU     0.324305      0.237823
 ( 5   4) <--> ( 7   1)        0.069152      0.000435      0.000319   WU     0.106732      0.078270
 ( 5   4) <--> ( 7   2)        0.937769      0.079946      0.058627   WU    19.627855     14.393760
 ( 5   4) <--> ( 7   3)        0.496402      0.022401      0.016428   WU     5.499821      4.033202
 ( 5   4) <--> ( 7   4)        0.141874      0.001830      0.001342   WU     0.449249      0.329449
 ( 6   1) <--> ( 6   1)       -1.085713     -0.756956   (eb)
 ( 6   2) <--> ( 6   1)       -0.708821      0.038648      0.038648   WU     9.488620      9.488620
 ( 6   2) <--> ( 6   2)       -0.498495     -0.347549   (eb)
 ( 6   3) <--> ( 6   1)        0.191583      0.002823      0.002823   WU     0.693177      0.693177
 ( 6   3) <--> ( 6   2)        0.488535      0.018359      0.018359   WU     4.507348      4.507348
 ( 6   3) <--> ( 6   3)       -1.428900     -0.996225   (eb)
 ( 6   4) <--> ( 6   1)        0.022248      0.000038      0.000038   WU     0.009348      0.009348
 ( 6   4) <--> ( 6   2)        1.063149      0.086945      0.086945   WU    21.346101     21.346101
 ( 6   4) <--> ( 6   3)        0.168644      0.002188      0.002188   WU     0.537118      0.537118
 ( 6   4) <--> ( 6   4)        0.423165      0.295030   (eb)
 ( 6   1) <--> ( 7   1)       -0.021465      0.000035      0.000031   WU     0.008702      0.007542
 ( 6   1) <--> ( 7   2)       -0.009007      0.000006      0.000005   WU     0.001532      0.001328
 ( 6   1) <--> ( 7   3)        0.006216      0.000003      0.000003   WU     0.000730      0.000632
 ( 6   1) <--> ( 7   4)       -0.003861      0.000001      0.000001   WU     0.000282      0.000244
 ( 6   2) <--> ( 7   1)       -0.836414      0.053814      0.046639   WU    13.212125     11.450508
 ( 6   2) <--> ( 7   2)       -0.076008      0.000444      0.000385   WU     0.109106      0.094558
 ( 6   2) <--> ( 7   3)       -0.043184      0.000143      0.000124   WU     0.035219      0.030523
 ( 6   2) <--> ( 7   4)        0.006884      0.000004      0.000003   WU     0.000895      0.000776
 ( 6   3) <--> ( 7   1)       -0.155821      0.001868      0.001619   WU     0.458544      0.397405
 ( 6   3) <--> ( 7   2)        0.055942      0.000241      0.000209   WU     0.059103      0.051222
 ( 6   3) <--> ( 7   3)        0.013036      0.000013      0.000011   WU     0.003209      0.002781
 ( 6   3) <--> ( 7   4)        0.016512      0.000021      0.000018   WU     0.005149      0.004462
 ( 6   4) <--> ( 7   1)        0.051741      0.000206      0.000178   WU     0.050560      0.043819
 ( 6   4) <--> ( 7   2)        1.444464      0.160498      0.139098   WU    39.404311     34.150403
 ( 6   4) <--> ( 7   3)       -0.023432      0.000042      0.000037   WU     0.010369      0.008987
 ( 6   4) <--> ( 7   4)        0.047390      0.000173      0.000150   WU     0.042413      0.036758
 ( 6   1) <--> ( 8   1)        2.097923      0.338560      0.258899   WU    83.120755     63.562930
 ( 6   1) <--> ( 8   2)        0.087828      0.000593      0.000454   WU     0.145678      0.111401
 ( 6   1) <--> ( 8   3)        0.083858      0.000541      0.000414   WU     0.132806      0.101558
 ( 6   1) <--> ( 8   4)       -0.024421      0.000046      0.000035   WU     0.011263      0.008613
 ( 6   2) <--> ( 8   1)        0.060376      0.000280      0.000214   WU     0.068842      0.052644
 ( 6   2) <--> ( 8   2)        2.093380      0.337095      0.257779   WU    82.761118     63.287913
 ( 6   2) <--> ( 8   3)       -0.080962      0.000504      0.000386   WU     0.123793      0.094665
 ( 6   2) <--> ( 8   4)        0.116184      0.001038      0.000794   WU     0.254932      0.194948
 ( 6   3) <--> ( 8   1)       -0.903539      0.062799      0.048023   WU    15.417869     11.790135
 ( 6   3) <--> ( 8   2)       -0.391703      0.011802      0.009025   WU     2.897634      2.215838
 ( 6   3) <--> ( 8   3)       -2.644057      0.537772      0.411237   WU   132.029768    100.963940
 ( 6   3) <--> ( 8   4)        0.109556      0.000923      0.000706   WU     0.226676      0.173341
 ( 6   4) <--> ( 8   1)        0.188922      0.002746      0.002100   WU     0.674058      0.515456
 ( 6   4) <--> ( 8   2)       -0.146399      0.001649      0.001261   WU     0.404770      0.309530
 ( 6   4) <--> ( 8   3)        0.062137      0.000297      0.000227   WU     0.072918      0.055761
 ( 6   4) <--> ( 8   4)       -1.872147      0.269610      0.206173   WU    66.192756     50.617990
 ( 7   1) <--> ( 7   1)       -0.758375     -0.507855   (eb)
 ( 7   2) <--> ( 7   1)       -0.978192      0.063791      0.063791   WU    15.661395     15.661395
 ( 7   2) <--> ( 7   2)       -0.030319     -0.020303   (eb)
 ( 7   3) <--> ( 7   1)       -0.122455      0.001000      0.001000   WU     0.245434      0.245434
 ( 7   3) <--> ( 7   2)       -0.633885      0.026787      0.026787   WU     6.576634      6.576634
 ( 7   3) <--> ( 7   3)       -1.253320     -0.839300   (eb)
 ( 7   4) <--> ( 7   1)        0.003093      0.000001      0.000001   WU     0.000157      0.000157
 ( 7   4) <--> ( 7   2)       -1.146888      0.087690      0.087690   WU    21.529040     21.529040
 ( 7   4) <--> ( 7   3)        0.087515      0.000511      0.000511   WU     0.125357      0.125357
 ( 7   4) <--> ( 7   4)        0.609920      0.408440   (eb)
 ( 7   1) <--> ( 8   1)        0.754617      0.037963      0.033497   WU     9.320422      8.223902
 ( 7   1) <--> ( 8   2)       -0.711731      0.033771      0.029798   WU     8.291130      7.315703
 ( 7   1) <--> ( 8   3)        0.428226      0.012225      0.010787   WU     3.001430      2.648321
 ( 7   1) <--> ( 8   4)       -0.561911      0.021050      0.018573   WU     5.167941      4.559948
 ( 7   2) <--> ( 8   1)        0.040456      0.000109      0.000096   WU     0.026788      0.023637
 ( 7   2) <--> ( 8   2)        0.646558      0.027869      0.024590   WU     6.842220      6.037253
 ( 7   2) <--> ( 8   3)       -0.102316      0.000698      0.000616   WU     0.171346      0.151187
 ( 7   2) <--> ( 8   4)       -0.932582      0.057981      0.051159   WU    14.234965     12.560263
 ( 7   3) <--> ( 8   1)       -0.013810      0.000013      0.000011   WU     0.003121      0.002754
 ( 7   3) <--> ( 8   2)       -0.084638      0.000478      0.000421   WU     0.117251      0.103457
 ( 7   3) <--> ( 8   3)        0.858998      0.049192      0.043405   WU    12.077225     10.656375
 ( 7   3) <--> ( 8   4)       -0.365946      0.008928      0.007877   WU     2.191882      1.934014
 ( 7   4) <--> ( 8   1)        0.002422      0.000000      0.000000   WU     0.000096      0.000085
 ( 7   4) <--> ( 8   2)        0.048556      0.000157      0.000139   WU     0.038590      0.034050
 ( 7   4) <--> ( 8   3)       -0.028242      0.000053      0.000047   WU     0.013055      0.011519
 ( 7   4) <--> ( 8   4)        0.470601      0.014764      0.013027   WU     3.624835      3.198384
 ( 7   1) <--> ( 9   1)        2.402519      0.384807      0.303795   WU    94.474870     74.585424
 ( 7   1) <--> ( 9   2)       -0.085778      0.000491      0.000387   WU     0.120430      0.095076
 ( 7   1) <--> ( 9   3)       -0.087722      0.000513      0.000405   WU     0.125951      0.099435
 ( 7   1) <--> ( 9   4)        0.038893      0.000101      0.000080   WU     0.024759      0.019547
 ( 7   2) <--> ( 9   1)        0.156130      0.001625      0.001283   WU     0.398982      0.314986
 ( 7   2) <--> ( 9   2)       -2.213658      0.326685      0.257910   WU    80.205391     63.320045
 ( 7   2) <--> ( 9   3)       -0.468348      0.014623      0.011545   WU     3.590205      2.834372
 ( 7   2) <--> ( 9   4)       -0.126927      0.001074      0.000848   WU     0.263688      0.208175
 ( 7   3) <--> ( 9   1)        1.128360      0.084880      0.067010   WU    20.839060     16.451889
 ( 7   3) <--> ( 9   2)       -1.148970      0.088009      0.069481   WU    21.607273     17.058373
 ( 7   3) <--> ( 9   3)        2.789277      0.518671      0.409477   WU   127.340226    100.531758
 ( 7   3) <--> ( 9   4)        0.096522      0.000621      0.000490   WU     0.152487      0.120385
 ( 7   4) <--> ( 9   1)       -0.131134      0.001146      0.000905   WU     0.281456      0.222202
 ( 7   4) <--> ( 9   2)       -0.175899      0.002063      0.001628   WU     0.506419      0.399805
 ( 7   4) <--> ( 9   3)       -0.124388      0.001031      0.000814   WU     0.253243      0.199929
 ( 7   4) <--> ( 9   4)       -1.808123      0.217954      0.172069   WU    53.510430     42.245077
 ( 8   1) <--> ( 8   1)       -1.302657     -0.839167   (eb)
 ( 8   2) <--> ( 8   1)       -0.818080      0.039368      0.039368   WU     9.665318      9.665318
 ( 8   2) <--> ( 8   2)       -0.901430     -0.580698   (eb)
 ( 8   3) <--> ( 8   1)       -0.178323      0.001871      0.001871   WU     0.459241      0.459241
 ( 8   3) <--> ( 8   2)       -0.671199      0.026500      0.026500   WU     6.506195      6.506195
 ( 8   3) <--> ( 8   3)       -1.750175     -1.127456   (eb)
 ( 8   4) <--> ( 8   1)       -0.020110      0.000024      0.000024   WU     0.005840      0.005840
 ( 8   4) <--> ( 8   2)       -1.147216      0.077418      0.077418   WU    19.007065     19.007065
 ( 8   4) <--> ( 8   3)        0.274865      0.004444      0.004444   WU     1.091098      1.091098
 ( 8   4) <--> ( 8   4)       -0.111080     -0.071557   (eb)
 ( 8   1) <--> ( 9   1)        0.012835      0.000010      0.000009   WU     0.002379      0.002129
 ( 8   1) <--> ( 9   2)        0.017499      0.000018      0.000016   WU     0.004422      0.003957
 ( 8   1) <--> ( 9   3)        0.007103      0.000003      0.000003   WU     0.000729      0.000652
 ( 8   1) <--> ( 9   4)        0.003703      0.000001      0.000001   WU     0.000198      0.000177
 ( 8   2) <--> ( 9   1)       -0.781390      0.035916      0.032135   WU     8.817810      7.889620
 ( 8   2) <--> ( 9   2)        0.029874      0.000052      0.000047   WU     0.012888      0.011532
 ( 8   2) <--> ( 9   3)       -0.006757      0.000003      0.000002   WU     0.000659      0.000590
 ( 8   2) <--> ( 9   4)       -0.007486      0.000003      0.000003   WU     0.000809      0.000724
 ( 8   3) <--> ( 9   1)        0.213460      0.002680      0.002398   WU     0.658047      0.588779
 ( 8   3) <--> ( 9   2)        0.093111      0.000510      0.000456   WU     0.125207      0.112027
 ( 8   3) <--> ( 9   3)        0.018740      0.000021      0.000018   WU     0.005072      0.004538
 ( 8   3) <--> ( 9   4)        0.013980      0.000011      0.000010   WU     0.002822      0.002525
 ( 8   4) <--> ( 9   1)       -0.085667      0.000432      0.000386   WU     0.105988      0.094831
 ( 8   4) <--> ( 9   2)        1.383404      0.112577      0.100727   WU    27.639015     24.729645
 ( 8   4) <--> ( 9   3)        0.327204      0.006298      0.005635   WU     1.546188      1.383431
 ( 8   4) <--> ( 9   4)        0.038472      0.000087      0.000078   WU     0.021376      0.019126
 ( 8   1) <--> (10   1)        2.600524      0.397807      0.322035   WU    97.666723     79.063538
 ( 8   1) <--> (10   2)       -0.080081      0.000377      0.000305   WU     0.092617      0.074975
 ( 8   1) <--> (10   3)       -0.002087      0.000000      0.000000   WU     0.000063      0.000051
 ( 8   1) <--> (10   4)        0.037695      0.000084      0.000068   WU     0.020520      0.016612
 ( 8   2) <--> (10   1)        0.198046      0.002307      0.001868   WU     0.566444      0.458550
 ( 8   2) <--> (10   2)       -2.695629      0.427436      0.346020   WU   104.940983     84.952224
 ( 8   2) <--> (10   3)       -0.403534      0.009579      0.007754   WU     2.351713      1.903768
 ( 8   2) <--> (10   4)       -0.142226      0.001190      0.000963   WU     0.292133      0.236489
 ( 8   3) <--> (10   1)        1.177466      0.081554      0.066020   WU    20.022652     16.208814
 ( 8   3) <--> (10   2)       -0.980284      0.056527      0.045760   WU    13.878066     11.234624
 ( 8   3) <--> (10   3)        3.134790      0.578053      0.467948   WU   141.919372    114.887111
 ( 8   3) <--> (10   4)        0.082522      0.000401      0.000324   WU     0.098347      0.079614
 ( 8   4) <--> (10   1)       -0.246813      0.003583      0.002901   WU     0.879754      0.712182
 ( 8   4) <--> (10   2)       -0.071034      0.000297      0.000240   WU     0.072871      0.058991
 ( 8   4) <--> (10   3)       -0.210632      0.002610      0.002113   WU     0.640730      0.518686
 ( 8   4) <--> (10   4)       -2.619078      0.403504      0.326646   WU    99.065296     80.195716
 ( 9   1) <--> ( 9   1)       -1.059466     -0.657803   (eb)
 ( 9   2) <--> ( 9   1)        1.157160      0.070475      0.070475   WU    17.302431     17.302431
 ( 9   2) <--> ( 9   2)       -0.917281     -0.569523   (eb)
 ( 9   3) <--> ( 9   1)        0.089124      0.000418      0.000418   WU     0.102637      0.102637
 ( 9   3) <--> ( 9   2)        0.995651      0.052175      0.052175   WU    12.809557     12.809557
 ( 9   3) <--> ( 9   3)       -1.210744     -0.751730   (eb)
 ( 9   4) <--> ( 9   1)       -0.035826      0.000068      0.000068   WU     0.016585      0.016585
 ( 9   4) <--> ( 9   2)       -1.407407      0.104252      0.104252   WU    25.595256     25.595256
 ( 9   4) <--> ( 9   3)       -0.231101      0.002811      0.002811   WU     0.690122      0.690122
 ( 9   4) <--> ( 9   4)       -0.262632     -0.163064   (eb)
 ( 9   1) <--> (10   1)        0.873072      0.040119      0.036298   WU     9.849648      8.911587
 ( 9   1) <--> (10   2)        0.607974      0.019454      0.017602   WU     4.776282      4.321398
 ( 9   1) <--> (10   3)        0.622541      0.020398      0.018455   WU     5.007901      4.530958
 ( 9   1) <--> (10   4)        0.558784      0.016434      0.014869   WU     4.034670      3.650415
 ( 9   2) <--> (10   1)       -0.031695      0.000053      0.000048   WU     0.012981      0.011744
 ( 9   2) <--> (10   2)        0.772215      0.031385      0.028396   WU     7.705430      6.971579
 ( 9   2) <--> (10   3)       -0.001828      0.000000      0.000000   WU     0.000043      0.000039
 ( 9   2) <--> (10   4)       -1.110086      0.064857      0.058681   WU    15.923314     14.406808
 ( 9   3) <--> (10   1)       -0.054378      0.000156      0.000141   WU     0.038209      0.034570
 ( 9   3) <--> (10   2)        0.086481      0.000394      0.000356   WU     0.096641      0.087437
 ( 9   3) <--> (10   3)        0.992775      0.051874      0.046933   WU    12.735665     11.522744
 ( 9   3) <--> (10   4)        0.294947      0.004579      0.004143   WU     1.124107      1.017049
 ( 9   4) <--> (10   1)        0.000425      0.000000      0.000000   WU     0.000002      0.000002
 ( 9   4) <--> (10   2)        0.036919      0.000072      0.000065   WU     0.017612      0.015935
 ( 9   4) <--> (10   3)        0.037482      0.000074      0.000067   WU     0.018154      0.016425
 ( 9   4) <--> (10   4)        0.635922      0.021284      0.019257   WU     5.225498      4.727832
 (10   1) <--> (10   1)       -1.568235     -0.940303   (eb)
 (10   2) <--> (10   1)        0.976040      0.045365      0.045365   WU    11.137557     11.137557
 (10   2) <--> (10   2)       -1.522895     -0.913118   (eb)
 (10   3) <--> (10   1)       -0.055222      0.000145      0.000145   WU     0.035652      0.035652
 (10   3) <--> (10   2)        0.882401      0.037078      0.037078   WU     9.103036      9.103036
 (10   3) <--> (10   3)       -1.788441     -1.072337   (eb)
 (10   4) <--> (10   1)        0.023266      0.000026      0.000026   WU     0.006328      0.006328
 (10   4) <--> (10   2)       -1.247852      0.074149      0.074149   WU    18.204568     18.204568
 (10   4) <--> (10   3)       -0.353138      0.005938      0.005938   WU     1.457955      1.457955
 (10   4) <--> (10   4)       -1.200071     -0.719554   (eb)
 
  quadrupole shape invariant: 01+, 02+, 03+, 04+
quadr2     0.37729273     0.61397496     0.62382996     1.10221135
quadr3     0.16909222     0.46054598     0.14111312     1.16274374
  effective deformation parameters:  01+, 02+, 03+, 04+
beteff     0.14833295     0.18922292     0.19073550     0.25353088
cos3ga     0.72963551     0.95729768     0.28639674     1.00481634
 
 ********* END Transition **************************
