 ********* BEGIN READER ****************************
 
 Nucleus            :  Te  52 108
 Imin, Imax         :     0  10
 imu, remu          :     1 12.0000
 nlevel             :     4
 observables        :     2
 wave fun           :     1
 nbet, ngam, npar   :    10   7  10
 Finish reading parameters: V, B_k ...
 
 ********* END READER ******************************
 
 ********* BEGIN LEVELS ********************
 
 E_0 = -1202.799225
 
  I=   0   ntot= 127
   0   1    0.000000
   0   2    1.453273
   0   3    2.003197
   0   4    3.051459
 
  I=   2   ntot= 234
   2   1    0.720772
   2   2    1.410858
   2   3    2.233409
   2   4    2.777595
 
  I=   3   ntot= 108
   3   1    2.239587
   3   2    3.760902
   3   3    4.296003
   3   4    5.164285
 
  I=   4   ntot= 324
   4   1    1.529145
   4   2    2.189278
   4   3    3.018880
   4   4    3.095402
 
  I=   5   ntot= 198
   5   1    3.108984
   5   2    3.861499
   5   3    4.627881
   5   4    5.198372
 
  I=   6   ntot= 432
   6   1    2.413328
   6   2    3.088854
   6   3    3.928211
   6   4    4.024411
 
  I=   7   ntot= 306
   7   1    4.060164
   7   2    4.818718
   7   3    5.547853
   7   4    5.632924
 
  I=   8   ntot= 522
   8   1    3.379429
   8   2    4.092631
   8   3    4.905967
   8   4    5.019669
 
  I=   9   ntot= 397
   9   1    5.090344
   9   2    5.856464
   9   3    6.527766
   9   4    6.689091
 
  I=  10   ntot= 630
  10   1    4.432304
  10   2    5.186412
  10   3    5.918289
  10   4    6.104145
 
 ********* END LEVELS **********************
 
 ********* BEGIN Transition ************************
 
  Monopole moment 
 
   I   n    <In|E0|In>   ave \beta      del<b>   ave \gamma    del<g>  
     K=0       K=2       K=4   
   0   1     24.859987    0.202348    0.060338   28.304713   11.661006  100.0000    0.0000    0.0000
   0   2     25.155882    0.274545    0.087392   19.319957   11.254326  100.0000    0.0000    0.0000
   0   3     25.236307    0.277687    0.067740   27.689294   14.990802  100.0000    0.0000    0.0000
   0   4     25.409479    0.318511    0.108024   20.944975   11.525668   99.9999    0.0000    0.0000
   2   1     24.991152    0.233418    0.060465   27.163863   11.907548   68.9965   31.0035    0.0000
   2   2     25.140572    0.266941    0.062736   23.743451   12.326802   43.0594   56.9406    0.0000
   2   3     25.253178    0.291683    0.089461   20.982924   11.924512   68.0951   31.9049    0.0000
   2   4     25.344787    0.297394    0.068646   27.723354   14.074927   76.7495   23.2504    0.0000
   3   1     25.248467    0.284982    0.058371   26.259683    9.297675    0.0000  100.0000    0.0000
   3   2     25.541928    0.342635    0.092155   20.080777    9.032548    0.0000   99.9999    0.0000
   3   3     25.575934    0.332347    0.058771   28.937209   11.482290    0.0000   99.9999    0.0000
   3   4     25.870366    0.393789    0.111998   18.146539    8.303915    0.0000   99.9999    0.0000
   4   1     25.128188    0.264015    0.061384   24.228573   12.058934   69.1376   22.5837    8.2787
   4   2     25.250394    0.287580    0.064650   23.130534   13.539461   46.5098   26.0687   27.4215
   4   3     25.367027    0.305116    0.060466   25.886249   10.305918    3.7168   51.5348   44.7484
   4   4     25.367351    0.311107    0.092000   21.623952   12.153134   61.6067   23.2920   15.1012
   5   1     25.370857    0.307621    0.058911   24.854326    9.367636    0.0000   83.1262   16.8738
   5   2     25.486202    0.324014    0.059782   26.033907    9.715555    0.0000   23.7899   76.2100
   5   3     25.693023    0.365387    0.093689   20.051705    9.203784    0.0000   81.7229   18.2770
   5   4     25.676459    0.349897    0.058453   27.407801   10.471620    0.0000   84.6175   15.3824
   6   1     25.260868    0.292094    0.061257   21.503355   11.763918   71.5988   21.3351    4.8091
   6   2     25.350896    0.304347    0.065318   23.565041   14.105755   45.3415   24.1284   17.9025
   6   3     25.494673    0.328087    0.066903   23.873960   10.554346    7.9745   60.6709    5.6237
   6   4     25.503562    0.333658    0.093493   21.328909   12.777451   61.9898   13.9474   10.6388
   7   1     25.494394    0.329620    0.060079   23.400288    9.366417    0.0000   75.5072   20.9811
   7   2     25.606907    0.343818    0.063089   24.835872   10.774576    0.0000   33.3921   39.2468
   7   3     25.842054    0.387004    0.094490   19.721709    9.051898    0.0000   74.0253   21.7336
   7   4     25.726903    0.359720    0.062412   25.627946    9.250240    0.0000    4.4562   37.9454
   8   1     25.382862    0.316178    0.060957   19.694838   11.269641   71.7319   22.1869    4.2177
   8   2     25.455536    0.321401    0.065295   23.742335   14.169594   45.0905   24.1123   17.0814
   8   3     25.662322    0.358461    0.079302   20.867906    9.783915   23.2409   58.9013    4.6849
   8   4     25.627195    0.352243    0.089312   21.284998   13.758987   53.3766   15.0191    7.1985
   9   1     25.625076    0.351847    0.061780   22.017030    9.263742    0.0000   70.7465   23.5297
   9   2     25.729493    0.363334    0.066835   23.696204   11.365521    0.0000   38.4726   26.8895
   9   3     25.970015    0.404958    0.094059   19.369590    8.516898    0.0000   65.9692   28.9930
   9   4     25.855492    0.379705    0.069550   24.080270   10.810224    0.0000   11.8904   39.1506
  10   1     25.501176    0.337765    0.061326   18.617808   10.740363   69.5730   24.4730    4.3638
  10   2     25.564091    0.339036    0.065524   23.464676   14.010083   45.8386   23.5498   17.1891
  10   3     25.849392    0.389449    0.087331   18.634235    8.887562   41.3703   48.2978    5.8236
  10   4     25.726160    0.366895    0.083038   21.079110   14.306337   40.2736   26.6429    5.8972
 
  rho^2(E0) 
 
   I  n_1 n_2  <In_1|E0|In_2>  rho^2(E0) 
   0   1   1       24.859987  927.805076
   0   2   1        0.223619    0.075071
   0   2   2       25.155882  950.022897
   0   3   1       -0.081359    0.009937
   0   3   2        0.103589    0.016110
   0   3   3       25.236307  956.107156
   0   4   1        0.012199    0.000223
   0   4   2        0.348699    0.182540
   0   4   3       -0.053594    0.004312
   0   4   4       25.409479  969.273806
   2   1   1       24.991152  937.621387
   2   2   1        0.051297    0.003950
   2   2   2       25.140572  948.866872
   2   3   1       -0.248281    0.092543
   2   3   2       -0.046704    0.003275
   2   3   3       25.253178  957.385901
   2   4   1       -0.096890    0.014093
   2   4   2        0.119125    0.021304
   2   4   3       -0.054982    0.004538
   2   4   4       25.344787  964.344621
   3   1   1       25.248467  957.028730
   3   2   1       -0.289841    0.126117
   3   2   2       25.541928  979.405002
   3   3   1       -0.137331    0.028313
   3   3   2       -0.051819    0.004031
   3   3   3       25.575934  982.014622
   3   4   1       -0.009397    0.000133
   3   4   2       -0.475594    0.339569
   3   4   3       -0.017539    0.000462
   3   4   4       25.870366 1004.754838
   4   1   1       25.128188  947.932249
   4   2   1        0.076084    0.008690
   4   2   2       25.250394  957.174872
   4   3   1       -0.021827    0.000715
   4   3   2        0.040821    0.002502
   4   3   3       25.367027  966.037758
   4   4   1       -0.272168    0.111206
   4   4   2       -0.024820    0.000925
   4   4   3        0.011513    0.000199
   4   4   4       25.367351  966.062407
   5   1   1       25.370857  966.329491
   5   2   1        0.034219    0.001758
   5   2   2       25.486202  975.136046
   5   3   1       -0.311173    0.145365
   5   3   2       -0.036808    0.002034
   5   3   3       25.693023  991.026736
   5   4   1       -0.131285    0.025875
   5   4   2        0.020695    0.000643
   5   4   3       -0.027028    0.001097
   5   4   4       25.676459  989.749369
   6   1   1       25.260868  957.969085
   6   2   1       -0.079618    0.009516
   6   2   2       25.350896  964.809527
   6   3   1       -0.093597    0.013152
   6   3   2       -0.050174    0.003779
   6   3   3       25.494673  975.784365
   6   4   1       -0.279649    0.117404
   6   4   2        0.025966    0.001012
   6   4   3        0.027688    0.001151
   6   4   4       25.503562  976.464931
   7   1   1       25.494394  975.763019
   7   2   1        0.054686    0.004490
   7   2   2       25.606907  984.394535
   7   3   1        0.337366    0.170866
   7   3   2        0.062150    0.005799
   7   3   3       25.842054 1002.556867
   7   4   1        0.003018    0.000014
   7   4   2       -0.053193    0.004248
   7   4   3        0.012507    0.000235
   7   4   4       25.726903  993.642097
   8   1   1       25.382862  967.244223
   8   2   1        0.072938    0.007987
   8   2   2       25.455536  972.790801
   8   3   1        0.201655    0.061048
   8   3   2       -0.040240    0.002431
   8   3   3       25.662322  988.659746
   8   4   1       -0.244651    0.089856
   8   4   2       -0.055327    0.004595
   8   4   3       -0.054211    0.004412
   8   4   4       25.627195  985.955058
   9   1   1       25.625076  985.792019
   9   2   1        0.079857    0.009574
   9   2   2       25.729493  993.842185
   9   3   1        0.364371    0.199317
   9   3   2        0.071060    0.007581
   9   3   3       25.970015 1012.510103
   9   4   1        0.038515    0.002227
   9   4   2        0.103655    0.016130
   9   4   3       -0.013178    0.000261
   9   4   4       25.855492 1003.599788
  10   1   1       25.501176  976.282242
  10   2   1       -0.065919    0.006523
  10   2   2       25.564091  981.105386
  10   3   1        0.288611    0.125049
  10   3   2        0.014898    0.000333
  10   3   3       25.849392 1003.126286
  10   4   1       -0.184731    0.051231
  10   4   2        0.084374    0.010687
  10   4   3       -0.050991    0.003903
  10   4   4       25.726160  993.584716
 
  E2 transition 
 
  I1  n1        I2  n2       <f||E2||i>   B(E2,I1->I2)  B(E2,I2->I1)
 ( 0   1) <--> ( 2   1)        0.907263      0.823126      0.164625   WU   159.533991     31.906798
 ( 0   1) <--> ( 2   2)        0.189556      0.035932      0.007186   WU     6.964061      1.392812
 ( 0   1) <--> ( 2   3)        0.030824      0.000950      0.000190   WU     0.184146      0.036829
 ( 0   1) <--> ( 2   4)       -0.070931      0.005031      0.001006   WU     0.975127      0.195025
 ( 0   2) <--> ( 2   1)        0.549856      0.302342      0.060468   WU    58.598269     11.719654
 ( 0   2) <--> ( 2   2)        0.582793      0.339647      0.067929   WU    65.828643     13.165729
 ( 0   2) <--> ( 2   3)       -1.032726      1.066523      0.213305   WU   206.707812     41.341562
 ( 0   2) <--> ( 2   4)        0.004779      0.000023      0.000005   WU     0.004426      0.000885
 ( 0   3) <--> ( 2   1)       -0.054610      0.002982      0.000596   WU     0.577998      0.115600
 ( 0   3) <--> ( 2   2)        0.623583      0.388856      0.077771   WU    75.365991     15.073198
 ( 0   3) <--> ( 2   3)       -0.163276      0.026659      0.005332   WU     5.166894      1.033379
 ( 0   3) <--> ( 2   4)        1.098563      1.206841      0.241368   WU   233.903536     46.780707
 ( 0   4) <--> ( 2   1)        0.001190      0.000001      0.000000   WU     0.000275      0.000055
 ( 0   4) <--> ( 2   2)        0.032604      0.001063      0.000213   WU     0.206035      0.041207
 ( 0   4) <--> ( 2   3)       -0.723335      0.523214      0.104643   WU   101.406540     20.281308
 ( 0   4) <--> ( 2   4)       -0.108869      0.011853      0.002371   WU     2.297202      0.459440
 ( 2   1) <--> ( 2   1)       -0.179369     -0.135949   (eb)
 ( 2   2) <--> ( 2   1)       -1.274198      0.324716      0.324716   WU    62.934753     62.934753
 ( 2   2) <--> ( 2   2)       -0.208294     -0.157873   (eb)
 ( 2   3) <--> ( 2   1)       -0.123343      0.003043      0.003043   WU     0.589720      0.589720
 ( 2   3) <--> ( 2   2)        0.766122      0.117388      0.117388   WU    22.751617     22.751617
 ( 2   3) <--> ( 2   3)       -0.291948     -0.221277   (eb)
 ( 2   4) <--> ( 2   1)        0.059544      0.000709      0.000709   WU     0.137434      0.137434
 ( 2   4) <--> ( 2   2)       -0.084560      0.001430      0.001430   WU     0.277173      0.277173
 ( 2   4) <--> ( 2   3)        0.640200      0.081971      0.081971   WU    15.887218     15.887218
 ( 2   4) <--> ( 2   4)       -0.687320     -0.520942   (eb)
 ( 2   1) <--> ( 3   1)        0.317091      0.020109      0.014364   WU     3.897491      2.783922
 ( 2   1) <--> ( 3   2)        0.105838      0.002240      0.001600   WU     0.434210      0.310150
 ( 2   1) <--> ( 3   3)        0.001849      0.000001      0.000000   WU     0.000132      0.000095
 ( 2   1) <--> ( 3   4)        0.048317      0.000467      0.000334   WU     0.090494      0.064639
 ( 2   2) <--> ( 3   1)       -1.431372      0.409765      0.292690   WU    79.418587     56.727562
 ( 2   2) <--> ( 3   2)       -0.036538      0.000267      0.000191   WU     0.051750      0.036964
 ( 2   2) <--> ( 3   3)        0.032693      0.000214      0.000153   WU     0.041432      0.029594
 ( 2   2) <--> ( 3   4)       -0.023608      0.000111      0.000080   WU     0.021603      0.015431
 ( 2   3) <--> ( 3   1)       -0.821889      0.135100      0.096500   WU    26.184443     18.703174
 ( 2   3) <--> ( 3   2)        0.245080      0.012013      0.008581   WU     2.328264      1.663046
 ( 2   3) <--> ( 3   3)        0.144125      0.004154      0.002967   WU     0.805179      0.575128
 ( 2   3) <--> ( 3   4)        0.083289      0.001387      0.000991   WU     0.268901      0.192072
 ( 2   4) <--> ( 3   1)        0.582643      0.067895      0.048496   WU    13.158962      9.399258
 ( 2   4) <--> ( 3   2)        0.234801      0.011026      0.007876   WU     2.137069      1.526478
 ( 2   4) <--> ( 3   3)        0.071848      0.001032      0.000737   WU     0.200101      0.142929
 ( 2   4) <--> ( 3   4)        0.046995      0.000442      0.000315   WU     0.085608      0.061149
 ( 2   1) <--> ( 4   1)        1.713484      0.587205      0.326225   WU   113.809034     63.227241
 ( 2   1) <--> ( 4   2)        0.064593      0.000834      0.000464   WU     0.161727      0.089848
 ( 2   1) <--> ( 4   3)       -0.058700      0.000689      0.000383   WU     0.133564      0.074202
 ( 2   1) <--> ( 4   4)        0.011479      0.000026      0.000015   WU     0.005107      0.002837
 ( 2   2) <--> ( 4   1)        0.520771      0.054241      0.030134   WU    10.512617      5.840343
 ( 2   2) <--> ( 4   2)        1.593619      0.507924      0.282180   WU    98.443252     54.690696
 ( 2   2) <--> ( 4   3)        0.166456      0.005542      0.003079   WU     1.074033      0.596685
 ( 2   2) <--> ( 4   4)       -0.062703      0.000786      0.000437   WU     0.152403      0.084668
 ( 2   3) <--> ( 4   1)       -0.842712      0.142033      0.078907   WU    27.528005     15.293336
 ( 2   3) <--> ( 4   2)       -0.513783      0.052795      0.029330   WU    10.232357      5.684643
 ( 2   3) <--> ( 4   3)        0.199297      0.007944      0.004413   WU     1.539637      0.855354
 ( 2   3) <--> ( 4   4)        1.865126      0.695739      0.386522   WU   134.844477     74.913598
 ( 2   4) <--> ( 4   1)       -0.089278      0.001594      0.000886   WU     0.308966      0.171648
 ( 2   4) <--> ( 4   2)        0.868463      0.150846      0.083803   WU    29.236085     16.242269
 ( 2   4) <--> ( 4   3)        0.286619      0.016430      0.009128   WU     3.184393      1.769107
 ( 2   4) <--> ( 4   4)       -0.109230      0.002386      0.001326   WU     0.462486      0.256937
 ( 3   1) <--> ( 3   1)        0.000000      0.000000   (eb)
 ( 3   2) <--> ( 3   1)        0.000000      0.000000      0.000000   WU     0.000000      0.000000
 ( 3   2) <--> ( 3   2)        0.000000      0.000000   (eb)
 ( 3   3) <--> ( 3   1)        0.000000      0.000000      0.000000   WU     0.000000      0.000000
 ( 3   3) <--> ( 3   2)        0.000000      0.000000      0.000000   WU     0.000000      0.000000
 ( 3   3) <--> ( 3   3)        0.000000      0.000000   (eb)
 ( 3   4) <--> ( 3   1)        0.000000      0.000000      0.000000   WU     0.000000      0.000000
 ( 3   4) <--> ( 3   2)        0.000000      0.000000      0.000000   WU     0.000000      0.000000
 ( 3   4) <--> ( 3   3)        0.000000      0.000000      0.000000   WU     0.000000      0.000000
 ( 3   4) <--> ( 3   4)        0.000000      0.000000   (eb)
 ( 3   1) <--> ( 4   1)        0.911666      0.118734      0.092348   WU    23.012334     17.898482
 ( 3   1) <--> ( 4   2)       -0.512698      0.037551      0.029207   WU     7.278000      5.660666
 ( 3   1) <--> ( 4   3)       -1.731385      0.428242      0.333077   WU    82.999591     64.555237
 ( 3   1) <--> ( 4   4)       -0.458791      0.030070      0.023388   WU     5.827998      4.532888
 ( 3   2) <--> ( 4   1)        0.018160      0.000047      0.000037   WU     0.009131      0.007102
 ( 3   2) <--> ( 4   2)       -0.064653      0.000597      0.000464   WU     0.115736      0.090017
 ( 3   2) <--> ( 4   3)        0.869750      0.108066      0.084052   WU    20.944878     16.290460
 ( 3   2) <--> ( 4   4)        1.005859      0.144536      0.112417   WU    28.013201     21.788045
 ( 3   3) <--> ( 4   1)       -0.022508      0.000072      0.000056   WU     0.014027      0.010910
 ( 3   3) <--> ( 4   2)        0.052020      0.000387      0.000301   WU     0.074924      0.058274
 ( 3   3) <--> ( 4   3)        0.070187      0.000704      0.000547   WU     0.136396      0.106085
 ( 3   3) <--> ( 4   4)        0.076623      0.000839      0.000652   WU     0.162557      0.126433
 ( 3   4) <--> ( 4   1)        0.013933      0.000028      0.000022   WU     0.005375      0.004181
 ( 3   4) <--> ( 4   2)       -0.014831      0.000031      0.000024   WU     0.006090      0.004737
 ( 3   4) <--> ( 4   3)        0.042685      0.000260      0.000202   WU     0.050448      0.039238
 ( 3   4) <--> ( 4   4)        0.019540      0.000055      0.000042   WU     0.010572      0.008223
 ( 3   1) <--> ( 5   1)        1.939143      0.537183      0.341843   WU   104.113892     66.254295
 ( 3   1) <--> ( 5   2)        0.167752      0.004020      0.002558   WU     0.779158      0.495828
 ( 3   1) <--> ( 5   3)        0.009728      0.000014      0.000009   WU     0.002620      0.001667
 ( 3   1) <--> ( 5   4)       -0.076207      0.000830      0.000528   WU     0.160798      0.102326
 ( 3   2) <--> ( 5   1)       -0.832569      0.099024      0.063015   WU    19.192377     12.213331
 ( 3   2) <--> ( 5   2)       -0.701833      0.070367      0.044779   WU    13.638192      8.678849
 ( 3   2) <--> ( 5   3)        2.129228      0.647659      0.412146   WU   125.525799     79.880054
 ( 3   2) <--> ( 5   4)       -0.003441      0.000002      0.000001   WU     0.000328      0.000209
 ( 3   3) <--> ( 5   1)       -0.066972      0.000641      0.000408   WU     0.124188      0.079029
 ( 3   3) <--> ( 5   2)        0.841878      0.101251      0.064433   WU    19.623967     12.487979
 ( 3   3) <--> ( 5   3)       -0.025934      0.000096      0.000061   WU     0.018622      0.011850
 ( 3   3) <--> ( 5   4)        2.080213      0.618184      0.393390   WU   119.813162     76.244740
 ( 3   4) <--> ( 5   1)       -0.036329      0.000189      0.000120   WU     0.036543      0.023254
 ( 3   4) <--> ( 5   2)        0.070543      0.000711      0.000452   WU     0.137782      0.087679
 ( 3   4) <--> ( 5   3)       -1.273125      0.231550      0.147350   WU    44.877728     28.558554
 ( 3   4) <--> ( 5   4)       -0.185238      0.004902      0.003119   WU     0.950056      0.604581
 ( 4   1) <--> ( 4   1)       -0.742682     -0.560053   (eb)
 ( 4   2) <--> ( 4   1)       -1.392523      0.215458      0.215458   WU    41.758897     41.758897
 ( 4   2) <--> ( 4   2)       -0.507567     -0.382754   (eb)
 ( 4   3) <--> ( 4   1)        0.186632      0.003870      0.003870   WU     0.750094      0.750094
 ( 4   3) <--> ( 4   2)       -1.389822      0.214623      0.214623   WU    41.597064     41.597064
 ( 4   3) <--> ( 4   3)        0.360742      0.272034   (eb)
 ( 4   4) <--> ( 4   1)       -0.085388      0.000810      0.000810   WU     0.157014      0.157014
 ( 4   4) <--> ( 4   2)        0.822779      0.075218      0.075218   WU    14.578424     14.578424
 ( 4   4) <--> ( 4   3)       -0.541362      0.032564      0.032564   WU     6.311318      6.311318
 ( 4   4) <--> ( 4   4)       -0.591919     -0.446363   (eb)
 ( 4   1) <--> ( 5   1)        0.269606      0.008076      0.006608   WU     1.565322      1.280718
 ( 4   1) <--> ( 5   2)       -0.065792      0.000481      0.000394   WU     0.093216      0.076268
 ( 4   1) <--> ( 5   3)        0.089741      0.000895      0.000732   WU     0.173430      0.141897
 ( 4   1) <--> ( 5   4)       -0.003198      0.000001      0.000001   WU     0.000220      0.000180
 ( 4   2) <--> ( 5   1)       -1.174614      0.153302      0.125429   WU    29.712209     24.309989
 ( 4   2) <--> ( 5   2)        0.177239      0.003490      0.002856   WU     0.676494      0.553495
 ( 4   2) <--> ( 5   3)       -0.042672      0.000202      0.000166   WU     0.039212      0.032083
 ( 4   2) <--> ( 5   4)        0.008171      0.000007      0.000006   WU     0.001438      0.001177
 ( 4   3) <--> ( 5   1)       -0.466151      0.024144      0.019754   WU     4.679483      3.828668
 ( 4   3) <--> ( 5   2)       -2.342028      0.609455      0.498645   WU   118.121403     96.644784
 ( 4   3) <--> ( 5   3)        0.014196      0.000022      0.000018   WU     0.004340      0.003551
 ( 4   3) <--> ( 5   4)        0.087841      0.000857      0.000701   WU     0.166164      0.135952
 ( 4   4) <--> ( 5   1)       -0.853563      0.080952      0.066234   WU    15.689738     12.837058
 ( 4   4) <--> ( 5   2)        0.259134      0.007461      0.006105   WU     1.446087      1.183162
 ( 4   4) <--> ( 5   3)        0.297501      0.009834      0.008046   WU     1.905990      1.559446
 ( 4   4) <--> ( 5   4)        0.110149      0.001348      0.001103   WU     0.261280      0.213774
 ( 4   1) <--> ( 6   1)        2.561545      0.729057      0.504732   WU   141.302022     97.824477
 ( 4   1) <--> ( 6   2)       -0.010212      0.000012      0.000008   WU     0.002246      0.001555
 ( 4   1) <--> ( 6   3)       -0.044422      0.000219      0.000152   WU     0.042496      0.029420
 ( 4   1) <--> ( 6   4)       -0.002723      0.000001      0.000001   WU     0.000160      0.000111
 ( 4   2) <--> ( 6   1)        0.712214      0.056361      0.039019   WU    10.923602      7.562494
 ( 4   2) <--> ( 6   2)       -2.404137      0.642209      0.444606   WU   124.469481     86.171179
 ( 4   2) <--> ( 6   3)        0.111235      0.001375      0.000952   WU     0.266455      0.184469
 ( 4   2) <--> ( 6   4)       -0.141331      0.002219      0.001537   WU     0.430151      0.297797
 ( 4   3) <--> ( 6   1)       -0.321580      0.011490      0.007955   WU     2.227009      1.541776
 ( 4   3) <--> ( 6   2)       -0.481669      0.025778      0.017847   WU     4.996214      3.458918
 ( 4   3) <--> ( 6   3)        2.046112      0.465175      0.322044   WU    90.157772     62.416919
 ( 4   3) <--> ( 6   4)       -0.285509      0.009057      0.006270   WU     1.755438      1.215303
 ( 4   4) <--> ( 6   1)       -1.046151      0.121604      0.084187   WU    23.568566     16.316700
 ( 4   4) <--> ( 6   2)        0.342460      0.013031      0.009021   WU     2.525599      1.748492
 ( 4   4) <--> ( 6   3)        0.838718      0.078161      0.054111   WU    15.148737     10.487587
 ( 4   4) <--> ( 6   4)        2.586975      0.743605      0.514803   WU   144.121522     99.776438
 ( 5   1) <--> ( 5   1)       -0.638672     -0.463757   (eb)
 ( 5   2) <--> ( 5   1)       -1.326156      0.159881      0.159881   WU    30.987294     30.987294
 ( 5   2) <--> ( 5   2)        0.445095      0.323196   (eb)
 ( 5   3) <--> ( 5   1)       -0.005710      0.000003      0.000003   WU     0.000574      0.000574
 ( 5   3) <--> ( 5   2)        0.653590      0.038835      0.038835   WU     7.526715      7.526715
 ( 5   3) <--> ( 5   3)       -0.777453     -0.564529   (eb)
 ( 5   4) <--> ( 5   1)        0.074233      0.000501      0.000501   WU     0.097092      0.097092
 ( 5   4) <--> ( 5   2)       -0.060271      0.000330      0.000330   WU     0.064004      0.064004
 ( 5   4) <--> ( 5   3)        0.052692      0.000252      0.000252   WU     0.048920      0.048920
 ( 5   4) <--> ( 5   4)       -0.876856     -0.636708   (eb)
 ( 5   1) <--> ( 6   1)        1.121872      0.114418      0.096815   WU    22.175869     18.764197
 ( 5   1) <--> ( 6   2)        0.728449      0.048240      0.040818   WU     9.349599      7.911199
 ( 5   1) <--> ( 6   3)       -1.423811      0.184294      0.155941   WU    35.718966     30.223740
 ( 5   1) <--> ( 6   4)       -0.238879      0.005188      0.004389   WU     1.005426      0.850745
 ( 5   2) <--> ( 6   1)       -0.050715      0.000234      0.000198   WU     0.045318      0.038346
 ( 5   2) <--> ( 6   2)       -0.711219      0.045985      0.038910   WU     8.912530      7.541371
 ( 5   2) <--> ( 6   3)       -0.767086      0.053493      0.045263   WU    10.367704      8.772673
 ( 5   2) <--> ( 6   4)        0.394825      0.014171      0.011991   WU     2.746645      2.324084
 ( 5   3) <--> ( 6   1)       -0.000505      0.000000      0.000000   WU     0.000005      0.000004
 ( 5   3) <--> ( 6   2)        0.029944      0.000082      0.000069   WU     0.015798      0.013368
 ( 5   3) <--> ( 6   3)        0.919237      0.076818      0.065000   WU    14.888446     12.597916
 ( 5   3) <--> ( 6   4)        1.114203      0.112859      0.095496   WU    21.873717     18.508530
 ( 5   4) <--> ( 6   1)       -0.017194      0.000027      0.000023   WU     0.005209      0.004408
 ( 5   4) <--> ( 6   2)       -0.060177      0.000329      0.000279   WU     0.063805      0.053989
 ( 5   4) <--> ( 6   3)        0.105716      0.001016      0.000860   WU     0.196915      0.166620
 ( 5   4) <--> ( 6   4)        0.065226      0.000387      0.000327   WU     0.074961      0.063428
 ( 5   1) <--> ( 7   1)       -2.897852      0.763413      0.559837   WU   147.960784    108.504575
 ( 5   1) <--> ( 7   2)       -0.139534      0.001770      0.001298   WU     0.343050      0.251570
 ( 5   1) <--> ( 7   3)        0.014513      0.000019      0.000014   WU     0.003711      0.002721
 ( 5   1) <--> ( 7   4)       -0.028235      0.000072      0.000053   WU     0.014046      0.010300
 ( 5   2) <--> ( 7   1)       -0.341466      0.010600      0.007773   WU     2.054425      1.506578
 ( 5   2) <--> ( 7   2)       -2.312346      0.486086      0.356463   WU    94.210582     69.087760
 ( 5   2) <--> ( 7   3)       -0.002293      0.000000      0.000000   WU     0.000093      0.000068
 ( 5   2) <--> ( 7   4)        0.242805      0.005359      0.003930   WU     1.038744      0.761746
 ( 5   3) <--> ( 7   1)        1.126167      0.115296      0.084550   WU    22.346011     16.387075
 ( 5   3) <--> ( 7   2)        0.686617      0.042858      0.031430   WU     8.306609      6.091513
 ( 5   3) <--> ( 7   3)        3.195890      0.928519      0.680914   WU   179.960767    131.971229
 ( 5   3) <--> ( 7   4)        0.009609      0.000008      0.000006   WU     0.001627      0.001193
 ( 5   4) <--> ( 7   1)        0.078019      0.000553      0.000406   WU     0.107248      0.078649
 ( 5   4) <--> ( 7   2)       -0.840887      0.064281      0.047139   WU    12.458608      9.136313
 ( 5   4) <--> ( 7   3)        0.148368      0.002001      0.001468   WU     0.387858      0.284429
 ( 5   4) <--> ( 7   4)        0.164046      0.002446      0.001794   WU     0.474163      0.347719
 ( 6   1) <--> ( 6   1)       -1.384170     -0.965039   (eb)
 ( 6   2) <--> ( 6   1)        1.466377      0.165405      0.165405   WU    32.057881     32.057881
 ( 6   2) <--> ( 6   2)       -0.754630     -0.526126   (eb)
 ( 6   3) <--> ( 6   1)        0.148455      0.001695      0.001695   WU     0.328573      0.328573
 ( 6   3) <--> ( 6   2)        1.452878      0.162373      0.162373   WU    31.470352     31.470352
 ( 6   3) <--> ( 6   3)       -0.439389     -0.306341   (eb)
 ( 6   4) <--> ( 6   1)       -0.028087      0.000061      0.000061   WU     0.011761      0.011761
 ( 6   4) <--> ( 6   2)       -1.193169      0.109512      0.109512   WU    21.225002     21.225002
 ( 6   4) <--> ( 6   3)       -0.759507      0.044373      0.044373   WU     8.600161      8.600161
 ( 6   4) <--> ( 6   4)       -0.876090     -0.610807   (eb)
 ( 6   1) <--> ( 7   1)       -0.229800      0.004062      0.003521   WU     0.787307      0.682333
 ( 6   1) <--> ( 7   2)        0.065302      0.000328      0.000284   WU     0.063577      0.055100
 ( 6   1) <--> ( 7   3)        0.071943      0.000398      0.000345   WU     0.077164      0.066876
 ( 6   1) <--> ( 7   4)        0.011938      0.000011      0.000010   WU     0.002125      0.001841
 ( 6   2) <--> ( 7   1)       -1.104841      0.093898      0.081378   WU    18.198822     15.772312
 ( 6   2) <--> ( 7   2)        0.217187      0.003628      0.003145   WU     0.703255      0.609488
 ( 6   2) <--> ( 7   3)        0.044951      0.000155      0.000135   WU     0.030125      0.026108
 ( 6   2) <--> ( 7   4)        0.034481      0.000091      0.000079   WU     0.017726      0.015363
 ( 6   3) <--> ( 7   1)        0.625726      0.030118      0.026102   WU     5.837304      5.058997
 ( 6   3) <--> ( 7   2)        1.917678      0.282884      0.245166   WU    54.827054     47.516780
 ( 6   3) <--> ( 7   3)        0.059079      0.000268      0.000233   WU     0.052036      0.045098
 ( 6   3) <--> ( 7   4)        0.130890      0.001318      0.001142   WU     0.255422      0.221366
 ( 6   4) <--> ( 7   1)        0.652486      0.032749      0.028383   WU     6.347247      5.500947
 ( 6   4) <--> ( 7   2)       -0.778412      0.046610      0.040395   WU     9.033624      7.829141
 ( 6   4) <--> ( 7   3)        0.293435      0.006623      0.005740   WU     1.283715      1.112553
 ( 6   4) <--> ( 7   4)       -0.061458      0.000291      0.000252   WU     0.056311      0.048803
 ( 6   1) <--> ( 8   1)       -3.406010      0.892377      0.682406   WU   172.955826    132.260337
 ( 6   1) <--> ( 8   2)       -0.034214      0.000090      0.000069   WU     0.017453      0.013346
 ( 6   1) <--> ( 8   3)       -0.027882      0.000060      0.000046   WU     0.011590      0.008863
 ( 6   1) <--> ( 8   4)        0.016859      0.000022      0.000017   WU     0.004237      0.003240
 ( 6   2) <--> ( 8   1)        0.685823      0.036181      0.027668   WU     7.012414      5.362434
 ( 6   2) <--> ( 8   2)        3.174536      0.775206      0.592805   WU   150.246361    114.894276
 ( 6   2) <--> ( 8   3)       -0.051561      0.000205      0.000156   WU     0.039636      0.030310
 ( 6   2) <--> ( 8   4)       -0.186144      0.002665      0.002038   WU     0.516584      0.395035
 ( 6   3) <--> ( 8   1)        0.712592      0.039061      0.029870   WU     7.570522      5.789223
 ( 6   3) <--> ( 8   2)       -0.582092      0.026064      0.019931   WU     5.051578      3.862971
 ( 6   3) <--> ( 8   3)        3.069693      0.724847      0.554295   WU   140.486085    107.430536
 ( 6   3) <--> ( 8   4)        0.773177      0.045985      0.035165   WU     8.912548      6.815478
 ( 6   4) <--> ( 8   1)        1.105535      0.094016      0.071895   WU    18.221691     13.934234
 ( 6   4) <--> ( 8   2)        0.382949      0.011281      0.008626   WU     2.186378      1.671936
 ( 6   4) <--> ( 8   3)        1.583062      0.192776      0.147417   WU    37.362808     28.571559
 ( 6   4) <--> ( 8   4)       -3.143453      0.760100      0.581253   WU   147.318496    112.655321
 ( 7   1) <--> ( 7   1)       -1.211917     -0.811575   (eb)
 ( 7   2) <--> ( 7   1)       -1.574959      0.165366      0.165366   WU    32.050461     32.050461
 ( 7   2) <--> ( 7   2)       -0.208332     -0.139512   (eb)
 ( 7   3) <--> ( 7   1)       -0.002451      0.000000      0.000000   WU     0.000078      0.000078
 ( 7   3) <--> ( 7   2)       -0.740380      0.036544      0.036544   WU     7.082791      7.082791
 ( 7   3) <--> ( 7   3)       -1.459739     -0.977531   (eb)
 ( 7   4) <--> ( 7   1)       -0.045553      0.000138      0.000138   WU     0.026812      0.026812
 ( 7   4) <--> ( 7   2)        1.714255      0.195911      0.195911   WU    37.970490     37.970490
 ( 7   4) <--> ( 7   3)       -0.100669      0.000676      0.000676   WU     0.130944      0.130944
 ( 7   4) <--> ( 7   4)        0.814937      0.545732   (eb)
 ( 7   1) <--> ( 8   1)        1.270073      0.107539      0.094887   WU    20.842645     18.390570
 ( 7   1) <--> ( 8   2)       -0.862570      0.049602      0.043766   WU     9.613563      8.482556
 ( 7   1) <--> ( 8   3)        1.260236      0.105880      0.093423   WU    20.521025     18.106787
 ( 7   1) <--> ( 8   4)        0.129515      0.001118      0.000987   WU     0.216738      0.191240
 ( 7   2) <--> ( 8   1)       -0.039570      0.000104      0.000092   WU     0.020232      0.017851
 ( 7   2) <--> ( 8   2)        1.012725      0.068374      0.060330   WU    13.251910     11.692862
 ( 7   2) <--> ( 8   3)        0.790677      0.041678      0.036775   WU     8.077803      7.127473
 ( 7   2) <--> ( 8   4)        0.753298      0.037831      0.033380   WU     7.332120      6.469517
 ( 7   3) <--> ( 8   1)        0.010278      0.000007      0.000006   WU     0.001365      0.001204
 ( 7   3) <--> ( 8   2)       -0.026597      0.000047      0.000042   WU     0.009140      0.008065
 ( 7   3) <--> ( 8   3)        1.259496      0.105755      0.093313   WU    20.496933     18.085529
 ( 7   3) <--> ( 8   4)       -0.931118      0.057799      0.050999   WU    11.202237      9.884326
 ( 7   4) <--> ( 8   1)       -0.010211      0.000007      0.000006   WU     0.001347      0.001189
 ( 7   4) <--> ( 8   2)        0.025445      0.000043      0.000038   WU     0.008366      0.007381
 ( 7   4) <--> ( 8   3)        0.492567      0.016175      0.014272   WU     3.134922      2.766108
 ( 7   4) <--> ( 8   4)        0.445004      0.013202      0.011649   WU     2.558722      2.257696
 ( 7   1) <--> ( 9   1)        3.778268      0.951687      0.751332   WU   184.451052    145.619251
 ( 7   1) <--> ( 9   2)        0.116359      0.000903      0.000713   WU     0.174943      0.138113
 ( 7   1) <--> ( 9   3)       -0.031358      0.000066      0.000052   WU     0.012706      0.010031
 ( 7   1) <--> ( 9   4)       -0.031182      0.000065      0.000051   WU     0.012563      0.009918
 ( 7   2) <--> ( 9   1)        0.508560      0.017242      0.013612   WU     3.341795      2.638259
 ( 7   2) <--> ( 9   2)        3.379831      0.761550      0.601224   WU   147.599719    116.526094
 ( 7   2) <--> ( 9   3)       -0.042325      0.000119      0.000094   WU     0.023146      0.018274
 ( 7   2) <--> ( 9   4)        0.208049      0.002886      0.002278   WU     0.559279      0.441536
 ( 7   3) <--> ( 9   1)        1.387366      0.128319      0.101304   WU    24.870121     19.634306
 ( 7   3) <--> ( 9   2)        0.705784      0.033209      0.026217   WU     6.436341      5.081322
 ( 7   3) <--> ( 9   3)        4.149917      1.148121      0.906411   WU   222.522764    175.675866
 ( 7   3) <--> ( 9   4)        0.404743      0.010921      0.008622   WU     2.116678      1.671062
 ( 7   4) <--> ( 9   1)        0.121592      0.000986      0.000778   WU     0.191032      0.150814
 ( 7   4) <--> ( 9   2)       -0.485953      0.015743      0.012429   WU     3.051300      2.408921
 ( 7   4) <--> ( 9   3)        0.405320      0.010952      0.008647   WU     2.122718      1.675830
 ( 7   4) <--> ( 9   4)       -2.636884      0.463544      0.365956   WU    89.841610     70.927587
 ( 8   1) <--> ( 8   1)       -1.952790     -1.257980   (eb)
 ( 8   2) <--> ( 8   1)       -1.499803      0.132318      0.132318   WU    25.645214     25.645214
 ( 8   2) <--> ( 8   2)       -1.068439     -0.688284   (eb)
 ( 8   3) <--> ( 8   1)       -0.143003      0.001203      0.001203   WU     0.233145      0.233145
 ( 8   3) <--> ( 8   2)        1.097668      0.070875      0.070875   WU    13.736610     13.736610
 ( 8   3) <--> ( 8   3)       -1.530612     -0.986014   (eb)
 ( 8   4) <--> ( 8   1)        0.025367      0.000038      0.000038   WU     0.007336      0.007336
 ( 8   4) <--> ( 8   2)        1.712804      0.172571      0.172571   WU    33.446713     33.446713
 ( 8   4) <--> ( 8   3)        0.763753      0.034313      0.034313   WU     6.650347      6.650347
 ( 8   4) <--> ( 8   4)       -1.140809     -0.734904   (eb)
 ( 8   1) <--> ( 9   1)        0.219065      0.002823      0.002526   WU     0.547123      0.489531
 ( 8   1) <--> ( 9   2)       -0.056203      0.000186      0.000166   WU     0.036013      0.032222
 ( 8   1) <--> ( 9   3)       -0.062635      0.000231      0.000206   WU     0.044728      0.040020
 ( 8   1) <--> ( 9   4)        0.009725      0.000006      0.000005   WU     0.001078      0.000965
 ( 8   2) <--> ( 9   1)       -1.076568      0.068176      0.061000   WU    13.213598     11.822693
 ( 8   2) <--> ( 9   2)        0.255181      0.003830      0.003427   WU     0.742392      0.664245
 ( 8   2) <--> ( 9   3)        0.047393      0.000132      0.000118   WU     0.025607      0.022912
 ( 8   2) <--> ( 9   4)       -0.041005      0.000099      0.000088   WU     0.019170      0.017152
 ( 8   3) <--> ( 9   1)        0.748806      0.032983      0.029511   WU     6.392588      5.719684
 ( 8   3) <--> ( 9   2)        1.399982      0.115291      0.103155   WU    22.345121     19.993003
 ( 8   3) <--> ( 9   3)        0.135885      0.001086      0.000972   WU     0.210515      0.188355
 ( 8   3) <--> ( 9   4)       -0.104278      0.000640      0.000572   WU     0.123973      0.110923
 ( 8   4) <--> ( 9   1)       -0.262017      0.004038      0.003613   WU     0.782700      0.700311
 ( 8   4) <--> ( 9   2)        1.340929      0.105770      0.094636   WU    20.499782     18.341910
 ( 8   4) <--> ( 9   3)       -0.232367      0.003176      0.002842   WU     0.615582      0.550784
 ( 8   4) <--> ( 9   4)       -0.164635      0.001594      0.001427   WU     0.309018      0.276490
 ( 8   1) <--> (10   1)        4.213666      1.044411      0.845475   WU   202.422220    163.865607
 ( 8   1) <--> (10   2)       -0.086022      0.000435      0.000352   WU     0.084365      0.068295
 ( 8   1) <--> (10   3)        0.007804      0.000004      0.000003   WU     0.000694      0.000562
 ( 8   1) <--> (10   4)       -0.029985      0.000053      0.000043   WU     0.010251      0.008298
 ( 8   2) <--> (10   1)        0.578989      0.019719      0.015963   WU     3.821894      3.093914
 ( 8   2) <--> (10   2)       -3.950726      0.918131      0.743249   WU   177.947394    144.052652
 ( 8   2) <--> (10   3)       -0.021251      0.000027      0.000022   WU     0.005149      0.004168
 ( 8   2) <--> (10   4)       -0.204873      0.002469      0.001999   WU     0.478528      0.387380
 ( 8   3) <--> (10   1)        1.256011      0.092798      0.075122   WU    17.985586     14.559760
 ( 8   3) <--> (10   2)        0.444703      0.011633      0.009417   WU     2.254645      1.825189
 ( 8   3) <--> (10   3)        4.300216      1.087756      0.880564   WU   210.823174    170.666379
 ( 8   3) <--> (10   4)        0.869088      0.044430      0.035967   WU     8.611236      6.971001
 ( 8   4) <--> (10   1)       -0.902165      0.047877      0.038757   WU     9.279186      7.511722
 ( 8   4) <--> (10   2)        0.592884      0.020677      0.016739   WU     4.007532      3.244193
 ( 8   4) <--> (10   3)       -1.665037      0.163079      0.132017   WU    31.607173     25.586759
 ( 8   4) <--> (10   4)        3.832263      0.863897      0.699345   WU   167.435908    135.543354
 ( 9   1) <--> ( 9   1)       -1.771892     -1.100136   (eb)
 ( 9   2) <--> ( 9   1)       -1.713056      0.154451      0.154451   WU    29.934804     29.934804
 ( 9   2) <--> ( 9   2)       -0.825969     -0.512830   (eb)
 ( 9   3) <--> ( 9   1)       -0.016834      0.000015      0.000015   WU     0.002891      0.002891
 ( 9   3) <--> ( 9   2)       -0.528755      0.014715      0.014715   WU     2.851950      2.851950
 ( 9   3) <--> ( 9   3)       -2.070148     -1.285318   (eb)
 ( 9   4) <--> ( 9   1)        0.044424      0.000104      0.000104   WU     0.020131      0.020131
 ( 9   4) <--> ( 9   2)       -2.188383      0.252054      0.252054   WU    48.851717     48.851717
 ( 9   4) <--> ( 9   3)       -0.123971      0.000809      0.000809   WU     0.156774      0.156774
 ( 9   4) <--> ( 9   4)        0.007876      0.004890   (eb)
 ( 9   1) <--> (10   1)        1.412612      0.105025      0.095023   WU    20.355377     18.416769
 ( 9   1) <--> (10   2)        0.917058      0.044263      0.040047   WU     8.578815      7.761785
 ( 9   1) <--> (10   3)        1.109890      0.064834      0.058660   WU    12.565880     11.369130
 ( 9   1) <--> (10   4)        0.390860      0.008041      0.007275   WU     1.558391      1.409973
 ( 9   2) <--> (10   1)       -0.037012      0.000072      0.000065   WU     0.013974      0.012643
 ( 9   2) <--> (10   2)       -1.249664      0.082193      0.074365   WU    15.930139     14.412983
 ( 9   2) <--> (10   3)        0.669992      0.023626      0.021376   WU     4.579024      4.142927
 ( 9   2) <--> (10   4)        0.968853      0.049404      0.044699   WU     9.575227      8.663301
 ( 9   3) <--> (10   1)        0.010358      0.000006      0.000005   WU     0.001094      0.000990
 ( 9   3) <--> (10   2)        0.083347      0.000366      0.000331   WU     0.070862      0.064113
 ( 9   3) <--> (10   3)        1.583140      0.131912      0.119349   WU    25.566520     23.131613
 ( 9   3) <--> (10   4)       -0.545290      0.015650      0.014159   WU     3.033108      2.744240
 ( 9   4) <--> (10   1)        0.009075      0.000004      0.000004   WU     0.000840      0.000760
 ( 9   4) <--> (10   2)        0.058105      0.000178      0.000161   WU     0.034440      0.031160
 ( 9   4) <--> (10   3)       -0.323524      0.005509      0.004984   WU     1.067694      0.966009
 ( 9   4) <--> (10   4)       -0.912425      0.043817      0.039644   WU     8.492335      7.683541
 (10   1) <--> (10   1)       -2.434687     -1.459822   (eb)
 (10   2) <--> (10   1)        1.530120      0.111489      0.111489   WU    21.608206     21.608206
 (10   2) <--> (10   2)       -1.438581     -0.862564   (eb)
 (10   3) <--> (10   1)       -0.183355      0.001601      0.001601   WU     0.310279      0.310279
 (10   3) <--> (10   2)       -0.637056      0.019326      0.019326   WU     3.745610      3.745610
 (10   3) <--> (10   3)       -2.489396     -1.492626   (eb)
 (10   4) <--> (10   1)        0.058177      0.000161      0.000161   WU     0.031237      0.031237
 (10   4) <--> (10   2)       -2.044154      0.198979      0.198979   WU    38.565136     38.565136
 (10   4) <--> (10   3)        0.565038      0.015203      0.015203   WU     2.946606      2.946606
 (10   4) <--> (10   4)       -1.615274     -0.968507   (eb)
 
  quadrupole shape invariant: 01+, 02+, 03+, 04+
quadr2     0.86910076     1.74662705     1.64703195     2.34781026
quadr3     0.50586984     2.11374782     1.18472562     3.08013684
  effective deformation parameters:  01+, 02+, 03+, 04+
beteff     0.17694753     0.25084736     0.24359057     0.29083117
cos3ga     0.62435788     0.91569933     0.56048597     0.85620058
 
 ********* END Transition **************************
